[2023-10-17 14:24:33,538][INFO][fine-tune:29] - overrides:
hydra:
- hydra.mode=MULTIRUN
task:
- m_seed_path_sids={seeds:[0,0,0,0,0],path:"exp004b-m0-simple_multi_class-2023-10-17_12-41-35-final.pth",subject_ids:{dod_o_h:$\{data.dod_o_h.cv_5_fold.fold_1\}}}
- data.downstream.train_dataloader.dataset.data_reducer.n_epochs=900
- data.downstream.train_dataloader.dataset.data_reducer.n_subjects=5

[2023-10-17 14:24:35,597][INFO][data_loaders:39] - class distribution before data reduction:
# samples per subject
02fb158a-a658-51ee-89cf-1e1dc2ebfde1: 861
03341d0d-5927-5838-8a5f-1b8ef39d8f57: 1063
039ce8ad-a7fa-5272-a3e3-1f4bfebdd087: 915
095d6e40-5f19-55b6-a0ec-6e0ad3793da0: 1192
0d79f4b1-e74f-5e87-8e42-f9dd7112ada5: 968
130f3f52-7d0a-551e-af61-2ee75455e5c9: 989
14c012bd-65b0-56f5-bc74-2dffcea69837: 969
18482adf-1144-54ca-9e35-27f65c43a105: 824
18ede714-aba3-5ad8-bb1a-18fc9b1c4192: 995
1da3544e-dc5c-5795-adc3-f5068959211f: 955
2d01dc34-f36c-562e-b24a-d20dc798fdfc: 837
2e865ca9-e20f-5a6f-bd25-45d28cc9eab9: 950
30e8a05b-4cf1-5aa8-9ef7-28d6e2949ad5: 699
32556393-bb57-560a-99e8-e09885219647: 1106
37d0da97-9ae8-5413-b889-4e843ff35488: 1011
3dd35e7b-d7e2-516d-8a85-e0d58a59569f: 1093
3e842aa8-bcd9-521e-93a2-72124233fe2c: 620
40e25dd4-6087-5747-b9c2-4838ada86b15: 1076
47f45aa2-31c4-595b-bdb6-f1348bba062b: 1032
52fbe46b-206c-584a-9f4f-1eb308e07bac: 1064
5b94ec8a-c34d-5e45-84d1-bec2ea965609: 1090
5ddbc68c-1283-5c27-952b-d7f102291bc2: 1097
64959ac4-53b5-5868-a845-c7476e9fdf7b: 990
67fa8e29-6f4d-530e-9422-bbc3aca86ed0: 1046
6e2aa933-c51c-5a31-8c7b-83da8d076a12: 905
730aba3b-e310-5be0-9eed-7c3123466834: 1120
742f1592-627c-54eb-bbb5-ccd55ffae33a: 975
769df255-2284-50b3-8917-2155c759fbbd: 929
7ab8ff5f-a77f-567d-9882-f8bee0c3c9bf: 989
7f5237b1-2196-5c8a-9543-a5aa70210ef4: 931
83c1394e-9c69-5c11-9102-9ff8d59b1cfd: 1011
90aef91a-252f-5ccc-a82e-78ea7ee9ca1f: 1089
a0c91989-530f-5117-80c1-2488dbed683c: 1017
a25b2296-343b-53f6-8792-ada2669d466e: 1008
a35a118e-e65e-5928-92a9-4354a6a0f4ce: 813
a6254c8a-f1b2-5736-b601-18245dd5e0a5: 1084
a65a9e69-cddf-5711-9a97-de8bfdeb08cc: 961
aa160c78-6da3-5e05-8fc9-d6c13e9f97e0: 1010
aadc9e0c-b7c3-5a47-851d-f21971d10935: 969
ad47bc12-199c-5294-9cb8-4351bbbf7b5e: 893
bb474ab0-c2ce-573b-8acd-ef86b0fa26a2: 1142
c03e27b0-4cb5-584f-aaea-8f1e1ed6513c: 1121
c11c730f-0b6b-580b-af31-d8f0ebbbdfce: 917
c31a47f9-e400-5841-a22b-521c81042603: 986
c8110476-594c-533d-95bd-86147fccc987: 995
c985916d-46a5-5c3e-9d50-a5a91f460bac: 1024
cc3b4b63-4a6f-5f28-ac7e-62f83c271449: 1076
cebd3520-4e77-5222-a614-d2888e6afc2b: 1109
d3cadb78-cb8c-5a6e-885c-392e457c68b1: 982
e59c45e0-0c0c-565f-84a9-6cf0ec5ef6c1: 844
e6b7cbef-4c9d-5541-82e8-04810de0fb60: 819
e72505f1-21be-5d66-b620-cfcfa2d754bc: 973
e8ec8ec4-dc48-50ce-985a-a06d87861030: 975
eb95076c-c470-56a4-b788-ace310f061c6: 965
f2a69bdc-ed51-5e3f-b102-6b3f7d392be0: 960
f66bc75e-778b-5037-af86-b5275cd4c79f: 865

# samples per stage
0: 9494
1: 2905
2: 26876
3: 6416
4: 9208
[2023-10-17 14:24:35,742][INFO][data_loaders:43] - class distribution after data reduction:
# samples per subject
2e865ca9-e20f-5a6f-bd25-45d28cc9eab9: 10800
742f1592-627c-54eb-bbb5-ccd55ffae33a: 10320
a25b2296-343b-53f6-8792-ada2669d466e: 10440
bb474ab0-c2ce-573b-8acd-ef86b0fa26a2: 11100
c985916d-46a5-5c3e-9d50-a5a91f460bac: 11340

# samples per stage
0: 4560
1: 2880
2: 29460
3: 4740
4: 12360
[2023-10-17 14:24:35,752][INFO][base_pretraining_fe:55] - Loading model from exp004b-m0-simple_multi_class-2023-10-17_12-41-35-final.pth
[2023-10-17 14:24:36,059][INFO][data_loaders:39] - class distribution before data reduction:
# samples per subject
0416d51f-5d69-5326-b74a-a2e31a96a1ef: 822
119f9726-eb4c-5a0e-a7bb-9e15256149a1: 932
25a6b2b0-4d09-561b-82c6-f09bb271d3be: 1063
6a7503ac-ab3a-5d5b-b474-4b0fe37748dd: 1213
a30245e3-4a71-565f-9636-92e7d2e825fc: 1122
a4568951-bf87-5bbc-bc4f-28e93c360be6: 975
b3534fa3-7676-50dc-8412-07f0eff4f7a9: 757
fc10ee0b-b863-511b-bce8-4dfa7af8ac3a: 910

# samples per stage
0: 1108
1: 428
2: 4097
3: 908
4: 1253
[2023-10-17 14:24:36,077][INFO][data_loaders:43] - class distribution after data reduction:
# samples per subject
0416d51f-5d69-5326-b74a-a2e31a96a1ef: 822
119f9726-eb4c-5a0e-a7bb-9e15256149a1: 932
25a6b2b0-4d09-561b-82c6-f09bb271d3be: 1063
6a7503ac-ab3a-5d5b-b474-4b0fe37748dd: 1213
a30245e3-4a71-565f-9636-92e7d2e825fc: 1122
a4568951-bf87-5bbc-bc4f-28e93c360be6: 975
b3534fa3-7676-50dc-8412-07f0eff4f7a9: 757
fc10ee0b-b863-511b-bce8-4dfa7af8ac3a: 910

# samples per stage
0: 1108
1: 428
2: 4097
3: 908
4: 1253
[2023-10-17 14:24:36,118][INFO][clas_trainer:49] - metrics before training (epoch 0):
[2023-10-17 14:24:51,189][INFO][clas_evaluator:99] - dataset: earlystopping, avg f1-score: 0.1655
[2023-10-17 14:25:01,576][INFO][clas_trainer:133] - train epoch: 1 [5344/54000 (10%)], lr: ['1.00e-04', '1.00e-04'], loss: 1.003062
[2023-10-17 14:25:11,422][INFO][clas_trainer:133] - train epoch: 1 [10720/54000 (20%)], lr: ['1.00e-04', '1.00e-04'], loss: 0.978471
[2023-10-17 14:25:21,046][INFO][clas_trainer:133] - train epoch: 1 [16096/54000 (30%)], lr: ['1.00e-04', '1.00e-04'], loss: 0.557021
[2023-10-17 14:25:30,559][INFO][clas_trainer:133] - train epoch: 1 [21472/54000 (40%)], lr: ['1.00e-04', '1.00e-04'], loss: 0.629123
[2023-10-17 14:25:40,297][INFO][clas_trainer:133] - train epoch: 1 [26848/54000 (50%)], lr: ['1.00e-04', '1.00e-04'], loss: 0.169328
[2023-10-17 14:25:49,932][INFO][clas_trainer:133] - train epoch: 1 [32224/54000 (60%)], lr: ['1.00e-04', '1.00e-04'], loss: 0.238554
[2023-10-17 14:25:59,484][INFO][clas_trainer:133] - train epoch: 1 [37600/54000 (70%)], lr: ['1.00e-04', '1.00e-04'], loss: 0.380706
[2023-10-17 14:26:08,953][INFO][clas_trainer:133] - train epoch: 1 [42976/54000 (80%)], lr: ['1.00e-04', '1.00e-04'], loss: 0.299840
[2023-10-17 14:26:18,905][INFO][clas_trainer:133] - train epoch: 1 [48352/54000 (90%)], lr: ['1.00e-04', '1.00e-04'], loss: 0.299435
[2023-10-17 14:26:28,286][INFO][clas_trainer:133] - train epoch: 1 [53728/54000 (99%)], lr: ['1.00e-04', '1.00e-04'], loss: 0.110539
[2023-10-17 14:26:44,111][INFO][clas_trainer:63] - [epoch   1] execution time: 112.92s	metrics:
[2023-10-17 14:26:44,111][INFO][clas_evaluator:99] - dataset: earlystopping, avg f1-score: 0.6250
[2023-10-17 14:26:44,167][INFO][base_model:51] - snapshot saved to XXX/frequency-pretraining/models/exp004c-m24-base_fe_clas-2023-10-17_13-14-37-final.pth
[2023-10-17 14:26:54,457][INFO][clas_trainer:133] - train epoch: 2 [5344/54000 (10%)], lr: ['1.00e-04', '1.00e-04'], loss: 0.115706
[2023-10-17 14:27:03,955][INFO][clas_trainer:133] - train epoch: 2 [10720/54000 (20%)], lr: ['1.00e-04', '1.00e-04'], loss: 0.354383
[2023-10-17 14:27:13,708][INFO][clas_trainer:133] - train epoch: 2 [16096/54000 (30%)], lr: ['1.00e-04', '1.00e-04'], loss: 0.300322
[2023-10-17 14:27:23,681][INFO][clas_trainer:133] - train epoch: 2 [21472/54000 (40%)], lr: ['1.00e-04', '1.00e-04'], loss: 0.127015
[2023-10-17 14:27:33,458][INFO][clas_trainer:133] - train epoch: 2 [26848/54000 (50%)], lr: ['1.00e-04', '1.00e-04'], loss: 0.131917
[2023-10-17 14:27:42,905][INFO][clas_trainer:133] - train epoch: 2 [32224/54000 (60%)], lr: ['1.00e-04', '1.00e-04'], loss: 0.211524
[2023-10-17 14:27:52,708][INFO][clas_trainer:133] - train epoch: 2 [37600/54000 (70%)], lr: ['1.00e-04', '1.00e-04'], loss: 0.123268
[2023-10-17 14:28:02,354][INFO][clas_trainer:133] - train epoch: 2 [42976/54000 (80%)], lr: ['1.00e-04', '1.00e-04'], loss: 0.335299
[2023-10-17 14:28:12,013][INFO][clas_trainer:133] - train epoch: 2 [48352/54000 (90%)], lr: ['1.00e-04', '1.00e-04'], loss: 0.009022
[2023-10-17 14:28:21,847][INFO][clas_trainer:133] - train epoch: 2 [53728/54000 (99%)], lr: ['1.00e-04', '1.00e-04'], loss: 0.034906
[2023-10-17 14:28:37,856][INFO][clas_trainer:63] - [epoch   2] execution time: 113.69s	metrics:
[2023-10-17 14:28:37,856][INFO][clas_evaluator:99] - dataset: earlystopping, avg f1-score: 0.6235
[2023-10-17 14:28:47,980][INFO][clas_trainer:133] - train epoch: 3 [5344/54000 (10%)], lr: ['1.00e-04', '1.00e-04'], loss: 0.002304
[2023-10-17 14:28:57,314][INFO][clas_trainer:133] - train epoch: 3 [10720/54000 (20%)], lr: ['1.00e-04', '1.00e-04'], loss: 0.019012
[2023-10-17 14:29:07,190][INFO][clas_trainer:133] - train epoch: 3 [16096/54000 (30%)], lr: ['1.00e-04', '1.00e-04'], loss: 0.026470
[2023-10-17 14:29:16,941][INFO][clas_trainer:133] - train epoch: 3 [21472/54000 (40%)], lr: ['1.00e-04', '1.00e-04'], loss: 0.058006
[2023-10-17 14:29:26,854][INFO][clas_trainer:133] - train epoch: 3 [26848/54000 (50%)], lr: ['1.00e-04', '1.00e-04'], loss: 0.053445
[2023-10-17 14:29:36,638][INFO][clas_trainer:133] - train epoch: 3 [32224/54000 (60%)], lr: ['1.00e-04', '1.00e-04'], loss: 0.093157
[2023-10-17 14:29:46,549][INFO][clas_trainer:133] - train epoch: 3 [37600/54000 (70%)], lr: ['1.00e-04', '1.00e-04'], loss: 0.090655
[2023-10-17 14:29:56,304][INFO][clas_trainer:133] - train epoch: 3 [42976/54000 (80%)], lr: ['1.00e-04', '1.00e-04'], loss: 0.091648
[2023-10-17 14:30:06,218][INFO][clas_trainer:133] - train epoch: 3 [48352/54000 (90%)], lr: ['1.00e-04', '1.00e-04'], loss: 0.089617
[2023-10-17 14:30:16,363][INFO][clas_trainer:133] - train epoch: 3 [53728/54000 (99%)], lr: ['1.00e-04', '1.00e-04'], loss: 0.010264
[2023-10-17 14:30:32,432][INFO][clas_trainer:63] - [epoch   3] execution time: 114.58s	metrics:
[2023-10-17 14:30:32,433][INFO][clas_evaluator:99] - dataset: earlystopping, avg f1-score: 0.6206
[2023-10-17 14:30:42,777][INFO][clas_trainer:133] - train epoch: 4 [5344/54000 (10%)], lr: ['1.00e-04', '1.00e-04'], loss: 0.004917
[2023-10-17 14:30:52,519][INFO][clas_trainer:133] - train epoch: 4 [10720/54000 (20%)], lr: ['1.00e-04', '1.00e-04'], loss: 0.118047
[2023-10-17 14:31:02,296][INFO][clas_trainer:133] - train epoch: 4 [16096/54000 (30%)], lr: ['1.00e-04', '1.00e-04'], loss: 0.000304
[2023-10-17 14:31:12,225][INFO][clas_trainer:133] - train epoch: 4 [21472/54000 (40%)], lr: ['1.00e-04', '1.00e-04'], loss: 0.055503
[2023-10-17 14:31:22,114][INFO][clas_trainer:133] - train epoch: 4 [26848/54000 (50%)], lr: ['1.00e-04', '1.00e-04'], loss: 0.090369
[2023-10-17 14:31:31,740][INFO][clas_trainer:133] - train epoch: 4 [32224/54000 (60%)], lr: ['1.00e-04', '1.00e-04'], loss: 0.000302
[2023-10-17 14:31:41,629][INFO][clas_trainer:133] - train epoch: 4 [37600/54000 (70%)], lr: ['1.00e-04', '1.00e-04'], loss: 0.075095
[2023-10-17 14:31:51,629][INFO][clas_trainer:133] - train epoch: 4 [42976/54000 (80%)], lr: ['1.00e-04', '1.00e-04'], loss: 0.037951
[2023-10-17 14:32:01,755][INFO][clas_trainer:133] - train epoch: 4 [48352/54000 (90%)], lr: ['1.00e-04', '1.00e-04'], loss: 0.027311
[2023-10-17 14:32:11,687][INFO][clas_trainer:133] - train epoch: 4 [53728/54000 (99%)], lr: ['1.00e-04', '1.00e-04'], loss: 0.029312
[2023-10-17 14:32:27,580][INFO][clas_trainer:63] - [epoch   4] execution time: 115.15s	metrics:
[2023-10-17 14:32:27,580][INFO][clas_evaluator:99] - dataset: earlystopping, avg f1-score: 0.6462
[2023-10-17 14:32:27,636][INFO][base_model:51] - snapshot saved to XXX/frequency-pretraining/models/exp004c-m24-base_fe_clas-2023-10-17_13-14-37-final.pth
[2023-10-17 14:32:37,931][INFO][clas_trainer:133] - train epoch: 5 [5344/54000 (10%)], lr: ['1.00e-04', '1.00e-04'], loss: 0.006015
[2023-10-17 14:32:47,691][INFO][clas_trainer:133] - train epoch: 5 [10720/54000 (20%)], lr: ['1.00e-04', '1.00e-04'], loss: 0.180857
[2023-10-17 14:32:57,376][INFO][clas_trainer:133] - train epoch: 5 [16096/54000 (30%)], lr: ['1.00e-04', '1.00e-04'], loss: 0.008351
[2023-10-17 14:33:07,221][INFO][clas_trainer:133] - train epoch: 5 [21472/54000 (40%)], lr: ['1.00e-04', '1.00e-04'], loss: 0.075096
[2023-10-17 14:33:16,984][INFO][clas_trainer:133] - train epoch: 5 [26848/54000 (50%)], lr: ['1.00e-04', '1.00e-04'], loss: 0.000869
[2023-10-17 14:33:26,720][INFO][clas_trainer:133] - train epoch: 5 [32224/54000 (60%)], lr: ['1.00e-04', '1.00e-04'], loss: 0.000856
[2023-10-17 14:33:36,534][INFO][clas_trainer:133] - train epoch: 5 [37600/54000 (70%)], lr: ['1.00e-04', '1.00e-04'], loss: 0.019226
[2023-10-17 14:33:46,262][INFO][clas_trainer:133] - train epoch: 5 [42976/54000 (80%)], lr: ['1.00e-04', '1.00e-04'], loss: 0.013479
[2023-10-17 14:33:56,033][INFO][clas_trainer:133] - train epoch: 5 [48352/54000 (90%)], lr: ['1.00e-04', '1.00e-04'], loss: 0.001840
[2023-10-17 14:34:05,839][INFO][clas_trainer:133] - train epoch: 5 [53728/54000 (99%)], lr: ['1.00e-04', '1.00e-04'], loss: 0.003470
[2023-10-17 14:34:21,792][INFO][clas_trainer:63] - [epoch   5] execution time: 114.16s	metrics:
[2023-10-17 14:34:21,793][INFO][clas_evaluator:99] - dataset: earlystopping, avg f1-score: 0.6590
[2023-10-17 14:34:21,848][INFO][base_model:51] - snapshot saved to XXX/frequency-pretraining/models/exp004c-m24-base_fe_clas-2023-10-17_13-14-37-final.pth
[2023-10-17 14:34:32,086][INFO][clas_trainer:133] - train epoch: 6 [5344/54000 (10%)], lr: ['1.00e-04', '1.00e-04'], loss: 0.011901
[2023-10-17 14:34:41,785][INFO][clas_trainer:133] - train epoch: 6 [10720/54000 (20%)], lr: ['1.00e-04', '1.00e-04'], loss: 0.006922
[2023-10-17 14:34:51,469][INFO][clas_trainer:133] - train epoch: 6 [16096/54000 (30%)], lr: ['1.00e-04', '1.00e-04'], loss: 0.003797
[2023-10-17 14:35:01,283][INFO][clas_trainer:133] - train epoch: 6 [21472/54000 (40%)], lr: ['1.00e-04', '1.00e-04'], loss: 0.030216
[2023-10-17 14:35:11,331][INFO][clas_trainer:133] - train epoch: 6 [26848/54000 (50%)], lr: ['1.00e-04', '1.00e-04'], loss: 0.000592
[2023-10-17 14:35:21,043][INFO][clas_trainer:133] - train epoch: 6 [32224/54000 (60%)], lr: ['1.00e-04', '1.00e-04'], loss: 0.018515
[2023-10-17 14:35:30,740][INFO][clas_trainer:133] - train epoch: 6 [37600/54000 (70%)], lr: ['1.00e-04', '1.00e-04'], loss: 0.003106
[2023-10-17 14:35:40,655][INFO][clas_trainer:133] - train epoch: 6 [42976/54000 (80%)], lr: ['1.00e-04', '1.00e-04'], loss: 0.004039
[2023-10-17 14:35:50,699][INFO][clas_trainer:133] - train epoch: 6 [48352/54000 (90%)], lr: ['1.00e-04', '1.00e-04'], loss: 0.010340
[2023-10-17 14:36:00,458][INFO][clas_trainer:133] - train epoch: 6 [53728/54000 (99%)], lr: ['1.00e-04', '1.00e-04'], loss: 0.046159
[2023-10-17 14:36:16,758][INFO][clas_trainer:63] - [epoch   6] execution time: 114.91s	metrics:
[2023-10-17 14:36:16,759][INFO][clas_evaluator:99] - dataset: earlystopping, avg f1-score: 0.6397
[2023-10-17 14:36:27,077][INFO][clas_trainer:133] - train epoch: 7 [5344/54000 (10%)], lr: ['1.00e-04', '1.00e-04'], loss: 0.003565
[2023-10-17 14:36:36,973][INFO][clas_trainer:133] - train epoch: 7 [10720/54000 (20%)], lr: ['1.00e-04', '1.00e-04'], loss: 0.014266
[2023-10-17 14:36:46,795][INFO][clas_trainer:133] - train epoch: 7 [16096/54000 (30%)], lr: ['1.00e-04', '1.00e-04'], loss: 0.006776
[2023-10-17 14:36:56,798][INFO][clas_trainer:133] - train epoch: 7 [21472/54000 (40%)], lr: ['1.00e-04', '1.00e-04'], loss: 0.033695
[2023-10-17 14:37:06,619][INFO][clas_trainer:133] - train epoch: 7 [26848/54000 (50%)], lr: ['1.00e-04', '1.00e-04'], loss: 0.007137
[2023-10-17 14:37:16,449][INFO][clas_trainer:133] - train epoch: 7 [32224/54000 (60%)], lr: ['1.00e-04', '1.00e-04'], loss: 0.003576
[2023-10-17 14:37:26,446][INFO][clas_trainer:133] - train epoch: 7 [37600/54000 (70%)], lr: ['1.00e-04', '1.00e-04'], loss: 0.012758
[2023-10-17 14:37:36,159][INFO][clas_trainer:133] - train epoch: 7 [42976/54000 (80%)], lr: ['1.00e-04', '1.00e-04'], loss: 0.001076
[2023-10-17 14:37:45,674][INFO][clas_trainer:133] - train epoch: 7 [48352/54000 (90%)], lr: ['1.00e-04', '1.00e-04'], loss: 0.002516
[2023-10-17 14:37:55,524][INFO][clas_trainer:133] - train epoch: 7 [53728/54000 (99%)], lr: ['1.00e-04', '1.00e-04'], loss: 0.002314
[2023-10-17 14:38:11,767][INFO][clas_trainer:63] - [epoch   7] execution time: 115.01s	metrics:
[2023-10-17 14:38:11,767][INFO][clas_evaluator:99] - dataset: earlystopping, avg f1-score: 0.6606
[2023-10-17 14:38:11,822][INFO][base_model:51] - snapshot saved to XXX/frequency-pretraining/models/exp004c-m24-base_fe_clas-2023-10-17_13-14-37-final.pth
[2023-10-17 14:38:21,945][INFO][clas_trainer:133] - train epoch: 8 [5344/54000 (10%)], lr: ['1.00e-04', '1.00e-04'], loss: 0.001303
[2023-10-17 14:38:31,929][INFO][clas_trainer:133] - train epoch: 8 [10720/54000 (20%)], lr: ['1.00e-04', '1.00e-04'], loss: 0.000183
[2023-10-17 14:38:41,800][INFO][clas_trainer:133] - train epoch: 8 [16096/54000 (30%)], lr: ['1.00e-04', '1.00e-04'], loss: 0.023987
[2023-10-17 14:38:51,609][INFO][clas_trainer:133] - train epoch: 8 [21472/54000 (40%)], lr: ['1.00e-04', '1.00e-04'], loss: 0.001531
[2023-10-17 14:39:01,571][INFO][clas_trainer:133] - train epoch: 8 [26848/54000 (50%)], lr: ['1.00e-04', '1.00e-04'], loss: 0.001560
[2023-10-17 14:39:11,187][INFO][clas_trainer:133] - train epoch: 8 [32224/54000 (60%)], lr: ['1.00e-04', '1.00e-04'], loss: 0.005538
[2023-10-17 14:39:21,393][INFO][clas_trainer:133] - train epoch: 8 [37600/54000 (70%)], lr: ['1.00e-04', '1.00e-04'], loss: 0.002556
[2023-10-17 14:39:31,034][INFO][clas_trainer:133] - train epoch: 8 [42976/54000 (80%)], lr: ['1.00e-04', '1.00e-04'], loss: 0.015511
[2023-10-17 14:39:40,821][INFO][clas_trainer:133] - train epoch: 8 [48352/54000 (90%)], lr: ['1.00e-04', '1.00e-04'], loss: 0.289638
[2023-10-17 14:39:50,673][INFO][clas_trainer:133] - train epoch: 8 [53728/54000 (99%)], lr: ['1.00e-04', '1.00e-04'], loss: 0.017922
[2023-10-17 14:40:06,704][INFO][clas_trainer:63] - [epoch   8] execution time: 114.88s	metrics:
[2023-10-17 14:40:06,704][INFO][clas_evaluator:99] - dataset: earlystopping, avg f1-score: 0.6232
[2023-10-17 14:40:17,234][INFO][clas_trainer:133] - train epoch: 9 [5344/54000 (10%)], lr: ['1.00e-04', '1.00e-04'], loss: 0.006100
[2023-10-17 14:40:26,858][INFO][clas_trainer:133] - train epoch: 9 [10720/54000 (20%)], lr: ['1.00e-04', '1.00e-04'], loss: 0.000130
[2023-10-17 14:40:36,624][INFO][clas_trainer:133] - train epoch: 9 [16096/54000 (30%)], lr: ['1.00e-04', '1.00e-04'], loss: 0.009264
[2023-10-17 14:40:46,395][INFO][clas_trainer:133] - train epoch: 9 [21472/54000 (40%)], lr: ['1.00e-04', '1.00e-04'], loss: 0.005417
[2023-10-17 14:40:56,206][INFO][clas_trainer:133] - train epoch: 9 [26848/54000 (50%)], lr: ['1.00e-04', '1.00e-04'], loss: 0.000913
[2023-10-17 14:41:05,837][INFO][clas_trainer:133] - train epoch: 9 [32224/54000 (60%)], lr: ['1.00e-04', '1.00e-04'], loss: 0.000538
[2023-10-17 14:41:15,812][INFO][clas_trainer:133] - train epoch: 9 [37600/54000 (70%)], lr: ['1.00e-04', '1.00e-04'], loss: 0.007460
[2023-10-17 14:41:25,509][INFO][clas_trainer:133] - train epoch: 9 [42976/54000 (80%)], lr: ['1.00e-04', '1.00e-04'], loss: 0.003925
[2023-10-17 14:41:35,297][INFO][clas_trainer:133] - train epoch: 9 [48352/54000 (90%)], lr: ['1.00e-04', '1.00e-04'], loss: 0.001133
[2023-10-17 14:41:45,195][INFO][clas_trainer:133] - train epoch: 9 [53728/54000 (99%)], lr: ['1.00e-04', '1.00e-04'], loss: 0.002572
[2023-10-17 14:42:01,332][INFO][clas_trainer:63] - [epoch   9] execution time: 114.63s	metrics:
[2023-10-17 14:42:01,332][INFO][clas_evaluator:99] - dataset: earlystopping, avg f1-score: 0.6617
[2023-10-17 14:42:01,388][INFO][base_model:51] - snapshot saved to XXX/frequency-pretraining/models/exp004c-m24-base_fe_clas-2023-10-17_13-14-37-final.pth
[2023-10-17 14:42:11,804][INFO][clas_trainer:133] - train epoch: 10 [5344/54000 (10%)], lr: ['1.00e-04', '1.00e-04'], loss: 0.000260
[2023-10-17 14:42:21,330][INFO][clas_trainer:133] - train epoch: 10 [10720/54000 (20%)], lr: ['1.00e-04', '1.00e-04'], loss: 0.000382
[2023-10-17 14:42:30,915][INFO][clas_trainer:133] - train epoch: 10 [16096/54000 (30%)], lr: ['1.00e-04', '1.00e-04'], loss: 0.000231
[2023-10-17 14:42:40,410][INFO][clas_trainer:133] - train epoch: 10 [21472/54000 (40%)], lr: ['1.00e-04', '1.00e-04'], loss: 0.004245
[2023-10-17 14:42:50,479][INFO][clas_trainer:133] - train epoch: 10 [26848/54000 (50%)], lr: ['1.00e-04', '1.00e-04'], loss: 0.000504
[2023-10-17 14:43:00,244][INFO][clas_trainer:133] - train epoch: 10 [32224/54000 (60%)], lr: ['1.00e-04', '1.00e-04'], loss: 0.000117
[2023-10-17 14:43:10,034][INFO][clas_trainer:133] - train epoch: 10 [37600/54000 (70%)], lr: ['1.00e-04', '1.00e-04'], loss: 0.119156
[2023-10-17 14:43:19,660][INFO][clas_trainer:133] - train epoch: 10 [42976/54000 (80%)], lr: ['1.00e-04', '1.00e-04'], loss: 0.000392
[2023-10-17 14:43:29,449][INFO][clas_trainer:133] - train epoch: 10 [48352/54000 (90%)], lr: ['1.00e-04', '1.00e-04'], loss: 0.000344
[2023-10-17 14:43:39,223][INFO][clas_trainer:133] - train epoch: 10 [53728/54000 (99%)], lr: ['1.00e-04', '1.00e-04'], loss: 0.000559
[2023-10-17 14:43:55,783][INFO][clas_trainer:63] - [epoch  10] execution time: 114.39s	metrics:
[2023-10-17 14:43:55,783][INFO][clas_evaluator:99] - dataset: earlystopping, avg f1-score: 0.6314
[2023-10-17 14:44:05,928][INFO][clas_trainer:133] - train epoch: 11 [5344/54000 (10%)], lr: ['1.00e-04', '1.00e-04'], loss: 0.002655
[2023-10-17 14:44:15,789][INFO][clas_trainer:133] - train epoch: 11 [10720/54000 (20%)], lr: ['1.00e-04', '1.00e-04'], loss: 0.002015
[2023-10-17 14:44:25,605][INFO][clas_trainer:133] - train epoch: 11 [16096/54000 (30%)], lr: ['1.00e-04', '1.00e-04'], loss: 0.001467
[2023-10-17 14:44:35,402][INFO][clas_trainer:133] - train epoch: 11 [21472/54000 (40%)], lr: ['1.00e-04', '1.00e-04'], loss: 0.001821
[2023-10-17 14:44:45,281][INFO][clas_trainer:133] - train epoch: 11 [26848/54000 (50%)], lr: ['1.00e-04', '1.00e-04'], loss: 0.001221
[2023-10-17 14:44:55,050][INFO][clas_trainer:133] - train epoch: 11 [32224/54000 (60%)], lr: ['1.00e-04', '1.00e-04'], loss: 0.000295
[2023-10-17 14:45:04,885][INFO][clas_trainer:133] - train epoch: 11 [37600/54000 (70%)], lr: ['1.00e-04', '1.00e-04'], loss: 0.002487
[2023-10-17 14:45:14,662][INFO][clas_trainer:133] - train epoch: 11 [42976/54000 (80%)], lr: ['1.00e-04', '1.00e-04'], loss: 0.011581
[2023-10-17 14:45:24,466][INFO][clas_trainer:133] - train epoch: 11 [48352/54000 (90%)], lr: ['1.00e-04', '1.00e-04'], loss: 0.013182
[2023-10-17 14:45:34,168][INFO][clas_trainer:133] - train epoch: 11 [53728/54000 (99%)], lr: ['1.00e-04', '1.00e-04'], loss: 0.005949
[2023-10-17 14:45:50,299][INFO][clas_trainer:63] - [epoch  11] execution time: 114.52s	metrics:
[2023-10-17 14:45:50,299][INFO][clas_evaluator:99] - dataset: earlystopping, avg f1-score: 0.6507
[2023-10-17 14:46:00,458][INFO][clas_trainer:133] - train epoch: 12 [5344/54000 (10%)], lr: ['1.00e-04', '1.00e-04'], loss: 0.064820
[2023-10-17 14:46:10,440][INFO][clas_trainer:133] - train epoch: 12 [10720/54000 (20%)], lr: ['1.00e-04', '1.00e-04'], loss: 0.002193
[2023-10-17 14:46:20,397][INFO][clas_trainer:133] - train epoch: 12 [16096/54000 (30%)], lr: ['1.00e-04', '1.00e-04'], loss: 0.000715
[2023-10-17 14:46:30,234][INFO][clas_trainer:133] - train epoch: 12 [21472/54000 (40%)], lr: ['1.00e-04', '1.00e-04'], loss: 0.001146
[2023-10-17 14:46:40,102][INFO][clas_trainer:133] - train epoch: 12 [26848/54000 (50%)], lr: ['1.00e-04', '1.00e-04'], loss: 0.000215
[2023-10-17 14:46:49,962][INFO][clas_trainer:133] - train epoch: 12 [32224/54000 (60%)], lr: ['1.00e-04', '1.00e-04'], loss: 0.009428
[2023-10-17 14:46:59,679][INFO][clas_trainer:133] - train epoch: 12 [37600/54000 (70%)], lr: ['1.00e-04', '1.00e-04'], loss: 0.001111
[2023-10-17 14:47:09,319][INFO][clas_trainer:133] - train epoch: 12 [42976/54000 (80%)], lr: ['1.00e-04', '1.00e-04'], loss: 0.001554
[2023-10-17 14:47:19,068][INFO][clas_trainer:133] - train epoch: 12 [48352/54000 (90%)], lr: ['1.00e-04', '1.00e-04'], loss: 0.098583
[2023-10-17 14:47:28,946][INFO][clas_trainer:133] - train epoch: 12 [53728/54000 (99%)], lr: ['1.00e-04', '1.00e-04'], loss: 0.061340
[2023-10-17 14:47:45,060][INFO][clas_trainer:63] - [epoch  12] execution time: 114.76s	metrics:
[2023-10-17 14:47:45,060][INFO][clas_evaluator:99] - dataset: earlystopping, avg f1-score: 0.6324
[2023-10-17 14:47:55,322][INFO][clas_trainer:133] - train epoch: 13 [5344/54000 (10%)], lr: ['1.00e-04', '1.00e-04'], loss: 0.000226
[2023-10-17 14:48:05,033][INFO][clas_trainer:133] - train epoch: 13 [10720/54000 (20%)], lr: ['1.00e-04', '1.00e-04'], loss: 0.013546
[2023-10-17 14:48:14,852][INFO][clas_trainer:133] - train epoch: 13 [16096/54000 (30%)], lr: ['1.00e-04', '1.00e-04'], loss: 0.000778
[2023-10-17 14:48:24,698][INFO][clas_trainer:133] - train epoch: 13 [21472/54000 (40%)], lr: ['1.00e-04', '1.00e-04'], loss: 0.001478
[2023-10-17 14:48:34,767][INFO][clas_trainer:133] - train epoch: 13 [26848/54000 (50%)], lr: ['1.00e-04', '1.00e-04'], loss: 0.000506
[2023-10-17 14:48:44,679][INFO][clas_trainer:133] - train epoch: 13 [32224/54000 (60%)], lr: ['1.00e-04', '1.00e-04'], loss: 0.016148
[2023-10-17 14:48:54,439][INFO][clas_trainer:133] - train epoch: 13 [37600/54000 (70%)], lr: ['1.00e-04', '1.00e-04'], loss: 0.011121
[2023-10-17 14:49:04,294][INFO][clas_trainer:133] - train epoch: 13 [42976/54000 (80%)], lr: ['1.00e-04', '1.00e-04'], loss: 0.002172
[2023-10-17 14:49:14,042][INFO][clas_trainer:133] - train epoch: 13 [48352/54000 (90%)], lr: ['1.00e-04', '1.00e-04'], loss: 0.002343
[2023-10-17 14:49:23,998][INFO][clas_trainer:133] - train epoch: 13 [53728/54000 (99%)], lr: ['1.00e-04', '1.00e-04'], loss: 0.165084
[2023-10-17 14:49:40,153][INFO][clas_trainer:63] - [epoch  13] execution time: 115.09s	metrics:
[2023-10-17 14:49:40,153][INFO][clas_evaluator:99] - dataset: earlystopping, avg f1-score: 0.6296
[2023-10-17 14:49:50,571][INFO][clas_trainer:133] - train epoch: 14 [5344/54000 (10%)], lr: ['1.00e-04', '1.00e-04'], loss: 0.006926
[2023-10-17 14:50:00,403][INFO][clas_trainer:133] - train epoch: 14 [10720/54000 (20%)], lr: ['1.00e-04', '1.00e-04'], loss: 0.002582
[2023-10-17 14:50:10,087][INFO][clas_trainer:133] - train epoch: 14 [16096/54000 (30%)], lr: ['1.00e-04', '1.00e-04'], loss: 0.000604
[2023-10-17 14:50:19,705][INFO][clas_trainer:133] - train epoch: 14 [21472/54000 (40%)], lr: ['1.00e-04', '1.00e-04'], loss: 0.000735
[2023-10-17 14:50:29,554][INFO][clas_trainer:133] - train epoch: 14 [26848/54000 (50%)], lr: ['1.00e-04', '1.00e-04'], loss: 0.002117
[2023-10-17 14:50:39,308][INFO][clas_trainer:133] - train epoch: 14 [32224/54000 (60%)], lr: ['1.00e-04', '1.00e-04'], loss: 0.052714
[2023-10-17 14:50:49,116][INFO][clas_trainer:133] - train epoch: 14 [37600/54000 (70%)], lr: ['1.00e-04', '1.00e-04'], loss: 0.000129
[2023-10-17 14:50:58,976][INFO][clas_trainer:133] - train epoch: 14 [42976/54000 (80%)], lr: ['1.00e-04', '1.00e-04'], loss: 0.000489
[2023-10-17 14:51:08,650][INFO][clas_trainer:133] - train epoch: 14 [48352/54000 (90%)], lr: ['1.00e-04', '1.00e-04'], loss: 0.000227
[2023-10-17 14:51:18,356][INFO][clas_trainer:133] - train epoch: 14 [53728/54000 (99%)], lr: ['1.00e-04', '1.00e-04'], loss: 0.000509
[2023-10-17 14:51:34,188][INFO][clas_trainer:63] - [epoch  14] execution time: 114.03s	metrics:
[2023-10-17 14:51:34,188][INFO][clas_evaluator:99] - dataset: earlystopping, avg f1-score: 0.6369
[2023-10-17 14:51:44,360][INFO][clas_trainer:133] - train epoch: 15 [5344/54000 (10%)], lr: ['1.00e-04', '1.00e-04'], loss: 0.000573
[2023-10-17 14:51:54,426][INFO][clas_trainer:133] - train epoch: 15 [10720/54000 (20%)], lr: ['1.00e-04', '1.00e-04'], loss: 0.022132
[2023-10-17 14:52:04,297][INFO][clas_trainer:133] - train epoch: 15 [16096/54000 (30%)], lr: ['1.00e-04', '1.00e-04'], loss: 0.001270
[2023-10-17 14:52:14,129][INFO][clas_trainer:133] - train epoch: 15 [21472/54000 (40%)], lr: ['1.00e-04', '1.00e-04'], loss: 0.003616
[2023-10-17 14:52:23,910][INFO][clas_trainer:133] - train epoch: 15 [26848/54000 (50%)], lr: ['1.00e-04', '1.00e-04'], loss: 0.001719
[2023-10-17 14:52:33,684][INFO][clas_trainer:133] - train epoch: 15 [32224/54000 (60%)], lr: ['1.00e-04', '1.00e-04'], loss: 0.000697
[2023-10-17 14:52:43,687][INFO][clas_trainer:133] - train epoch: 15 [37600/54000 (70%)], lr: ['1.00e-04', '1.00e-04'], loss: 0.000370
[2023-10-17 14:52:53,802][INFO][clas_trainer:133] - train epoch: 15 [42976/54000 (80%)], lr: ['1.00e-04', '1.00e-04'], loss: 0.003123
[2023-10-17 14:53:03,794][INFO][clas_trainer:133] - train epoch: 15 [48352/54000 (90%)], lr: ['1.00e-04', '1.00e-04'], loss: 0.004093
[2023-10-17 14:53:13,330][INFO][clas_trainer:133] - train epoch: 15 [53728/54000 (99%)], lr: ['1.00e-04', '1.00e-04'], loss: 0.004937
[2023-10-17 14:53:29,174][INFO][clas_trainer:63] - [epoch  15] execution time: 114.99s	metrics:
[2023-10-17 14:53:29,174][INFO][clas_evaluator:99] - dataset: earlystopping, avg f1-score: 0.6252
[2023-10-17 14:53:39,363][INFO][clas_trainer:133] - train epoch: 16 [5344/54000 (10%)], lr: ['1.00e-04', '1.00e-04'], loss: 0.049551
[2023-10-17 14:53:49,078][INFO][clas_trainer:133] - train epoch: 16 [10720/54000 (20%)], lr: ['1.00e-04', '1.00e-04'], loss: 0.004590
[2023-10-17 14:53:59,009][INFO][clas_trainer:133] - train epoch: 16 [16096/54000 (30%)], lr: ['1.00e-04', '1.00e-04'], loss: 0.000716
[2023-10-17 14:54:09,052][INFO][clas_trainer:133] - train epoch: 16 [21472/54000 (40%)], lr: ['1.00e-04', '1.00e-04'], loss: 0.000225
[2023-10-17 14:54:19,125][INFO][clas_trainer:133] - train epoch: 16 [26848/54000 (50%)], lr: ['1.00e-04', '1.00e-04'], loss: 0.010977
[2023-10-17 14:54:28,844][INFO][clas_trainer:133] - train epoch: 16 [32224/54000 (60%)], lr: ['1.00e-04', '1.00e-04'], loss: 0.001092
[2023-10-17 14:54:38,319][INFO][clas_trainer:133] - train epoch: 16 [37600/54000 (70%)], lr: ['1.00e-04', '1.00e-04'], loss: 0.001660
[2023-10-17 14:54:48,120][INFO][clas_trainer:133] - train epoch: 16 [42976/54000 (80%)], lr: ['1.00e-04', '1.00e-04'], loss: 0.030689
[2023-10-17 14:54:58,299][INFO][clas_trainer:133] - train epoch: 16 [48352/54000 (90%)], lr: ['1.00e-04', '1.00e-04'], loss: 0.025034
[2023-10-17 14:55:08,222][INFO][clas_trainer:133] - train epoch: 16 [53728/54000 (99%)], lr: ['1.00e-04', '1.00e-04'], loss: 0.007256
[2023-10-17 14:55:24,470][INFO][clas_trainer:63] - [epoch  16] execution time: 115.30s	metrics:
[2023-10-17 14:55:24,471][INFO][clas_evaluator:99] - dataset: earlystopping, avg f1-score: 0.6287
[2023-10-17 14:55:34,802][INFO][clas_trainer:133] - train epoch: 17 [5344/54000 (10%)], lr: ['1.00e-04', '1.00e-04'], loss: 0.000994
[2023-10-17 14:55:44,552][INFO][clas_trainer:133] - train epoch: 17 [10720/54000 (20%)], lr: ['1.00e-04', '1.00e-04'], loss: 0.002293
[2023-10-17 14:55:54,430][INFO][clas_trainer:133] - train epoch: 17 [16096/54000 (30%)], lr: ['1.00e-04', '1.00e-04'], loss: 0.000674
[2023-10-17 14:56:04,165][INFO][clas_trainer:133] - train epoch: 17 [21472/54000 (40%)], lr: ['1.00e-04', '1.00e-04'], loss: 0.002016
[2023-10-17 14:56:14,092][INFO][clas_trainer:133] - train epoch: 17 [26848/54000 (50%)], lr: ['1.00e-04', '1.00e-04'], loss: 0.002051
[2023-10-17 14:56:23,920][INFO][clas_trainer:133] - train epoch: 17 [32224/54000 (60%)], lr: ['1.00e-04', '1.00e-04'], loss: 0.001247
[2023-10-17 14:56:34,017][INFO][clas_trainer:133] - train epoch: 17 [37600/54000 (70%)], lr: ['1.00e-04', '1.00e-04'], loss: 0.000373
[2023-10-17 14:56:43,904][INFO][clas_trainer:133] - train epoch: 17 [42976/54000 (80%)], lr: ['1.00e-04', '1.00e-04'], loss: 0.001241
[2023-10-17 14:56:53,897][INFO][clas_trainer:133] - train epoch: 17 [48352/54000 (90%)], lr: ['1.00e-04', '1.00e-04'], loss: 0.012436
[2023-10-17 14:57:03,709][INFO][clas_trainer:133] - train epoch: 17 [53728/54000 (99%)], lr: ['1.00e-04', '1.00e-04'], loss: 0.006195
[2023-10-17 14:57:19,911][INFO][clas_trainer:63] - [epoch  17] execution time: 115.44s	metrics:
[2023-10-17 14:57:19,911][INFO][clas_evaluator:99] - dataset: earlystopping, avg f1-score: 0.6199
[2023-10-17 14:57:30,138][INFO][clas_trainer:133] - train epoch: 18 [5344/54000 (10%)], lr: ['1.00e-04', '1.00e-04'], loss: 0.002825
[2023-10-17 14:57:40,148][INFO][clas_trainer:133] - train epoch: 18 [10720/54000 (20%)], lr: ['1.00e-04', '1.00e-04'], loss: 0.014399
[2023-10-17 14:57:50,093][INFO][clas_trainer:133] - train epoch: 18 [16096/54000 (30%)], lr: ['1.00e-04', '1.00e-04'], loss: 0.004730
[2023-10-17 14:57:59,856][INFO][clas_trainer:133] - train epoch: 18 [21472/54000 (40%)], lr: ['1.00e-04', '1.00e-04'], loss: 0.000724
[2023-10-17 14:58:09,653][INFO][clas_trainer:133] - train epoch: 18 [26848/54000 (50%)], lr: ['1.00e-04', '1.00e-04'], loss: 0.000102
[2023-10-17 14:58:19,650][INFO][clas_trainer:133] - train epoch: 18 [32224/54000 (60%)], lr: ['1.00e-04', '1.00e-04'], loss: 0.000767
[2023-10-17 14:58:29,590][INFO][clas_trainer:133] - train epoch: 18 [37600/54000 (70%)], lr: ['1.00e-04', '1.00e-04'], loss: 0.009696
[2023-10-17 14:58:39,233][INFO][clas_trainer:133] - train epoch: 18 [42976/54000 (80%)], lr: ['1.00e-04', '1.00e-04'], loss: 0.016184
[2023-10-17 14:58:49,061][INFO][clas_trainer:133] - train epoch: 18 [48352/54000 (90%)], lr: ['1.00e-04', '1.00e-04'], loss: 0.001382
[2023-10-17 14:58:59,066][INFO][clas_trainer:133] - train epoch: 18 [53728/54000 (99%)], lr: ['1.00e-04', '1.00e-04'], loss: 0.001536
[2023-10-17 14:59:14,818][INFO][clas_trainer:63] - [epoch  18] execution time: 114.91s	metrics:
[2023-10-17 14:59:14,818][INFO][clas_evaluator:99] - dataset: earlystopping, avg f1-score: 0.6154
[2023-10-17 14:59:25,280][INFO][clas_trainer:133] - train epoch: 19 [5344/54000 (10%)], lr: ['1.00e-04', '1.00e-04'], loss: 0.001531
[2023-10-17 14:59:35,315][INFO][clas_trainer:133] - train epoch: 19 [10720/54000 (20%)], lr: ['1.00e-04', '1.00e-04'], loss: 0.001361
[2023-10-17 14:59:45,060][INFO][clas_trainer:133] - train epoch: 19 [16096/54000 (30%)], lr: ['1.00e-04', '1.00e-04'], loss: 0.011996
[2023-10-17 14:59:55,054][INFO][clas_trainer:133] - train epoch: 19 [21472/54000 (40%)], lr: ['1.00e-04', '1.00e-04'], loss: 0.000334
[2023-10-17 15:00:04,767][INFO][clas_trainer:133] - train epoch: 19 [26848/54000 (50%)], lr: ['1.00e-04', '1.00e-04'], loss: 0.006095
[2023-10-17 15:00:14,579][INFO][clas_trainer:133] - train epoch: 19 [32224/54000 (60%)], lr: ['1.00e-04', '1.00e-04'], loss: 0.000881
[2023-10-17 15:00:24,455][INFO][clas_trainer:133] - train epoch: 19 [37600/54000 (70%)], lr: ['1.00e-04', '1.00e-04'], loss: 0.001283
[2023-10-17 15:00:34,581][INFO][clas_trainer:133] - train epoch: 19 [42976/54000 (80%)], lr: ['1.00e-04', '1.00e-04'], loss: 0.056685
[2023-10-17 15:00:44,583][INFO][clas_trainer:133] - train epoch: 19 [48352/54000 (90%)], lr: ['1.00e-04', '1.00e-04'], loss: 0.000342
[2023-10-17 15:00:54,468][INFO][clas_trainer:133] - train epoch: 19 [53728/54000 (99%)], lr: ['1.00e-04', '1.00e-04'], loss: 0.002694
[2023-10-17 15:01:10,562][INFO][clas_trainer:63] - [epoch  19] execution time: 115.74s	metrics:
[2023-10-17 15:01:10,562][INFO][clas_evaluator:99] - dataset: earlystopping, avg f1-score: 0.6262
[2023-10-17 15:01:10,569][INFO][clas_trainer:79] - finished training
[2023-10-17 15:01:10,569][INFO][clas_trainer:80] - best model on epoch: 9 	f1-score: 0.6617
