[2023-10-18 08:55:46,056][INFO][fine-tune:29] - overrides:
hydra:
- hydra.mode=MULTIRUN
task:
- m_seed_path_sids={seeds:[9,9,9,9,9],path:"exp002b-m9-simple_multi_class-2023-10-17_12-41-35-final.pth",subject_ids:{dod_o_h:$\{data.dod_o_h.cv_5_fold.fold_5\}}}
- data.downstream.train_dataloader.dataset.data_reducer.n_epochs=-1
- data.downstream.train_dataloader.dataset.data_reducer.n_subjects=5

[2023-10-18 08:55:48,033][INFO][data_loaders:39] - class distribution before data reduction:
# samples per subject
02fb158a-a658-51ee-89cf-1e1dc2ebfde1: 861
03341d0d-5927-5838-8a5f-1b8ef39d8f57: 1063
039ce8ad-a7fa-5272-a3e3-1f4bfebdd087: 915
095d6e40-5f19-55b6-a0ec-6e0ad3793da0: 1192
0d79f4b1-e74f-5e87-8e42-f9dd7112ada5: 968
100df108-eb57-5eaa-a413-f7e4436a7895: 952
14c012bd-65b0-56f5-bc74-2dffcea69837: 969
16450f5a-9b65-5536-85e1-93816c8b89eb: 816
18482adf-1144-54ca-9e35-27f65c43a105: 824
18ede714-aba3-5ad8-bb1a-18fc9b1c4192: 995
1da3544e-dc5c-5795-adc3-f5068959211f: 955
2159377e-ebf3-5565-9014-1e2ae69dc1d2: 907
2e865ca9-e20f-5a6f-bd25-45d28cc9eab9: 950
32556393-bb57-560a-99e8-e09885219647: 1106
37d0da97-9ae8-5413-b889-4e843ff35488: 1011
3dd35e7b-d7e2-516d-8a85-e0d58a59569f: 1093
3e842aa8-bcd9-521e-93a2-72124233fe2c: 620
40e25dd4-6087-5747-b9c2-4838ada86b15: 1076
47f45aa2-31c4-595b-bdb6-f1348bba062b: 1032
4b72b905-5521-5c57-b666-e20ff9bb195f: 868
4e3c4ac4-69e2-5347-a3b0-662c204d259d: 926
5b94ec8a-c34d-5e45-84d1-bec2ea965609: 1090
5bf0f969-304c-581e-949c-50c108f62846: 947
67fa8e29-6f4d-530e-9422-bbc3aca86ed0: 1046
6e2aa933-c51c-5a31-8c7b-83da8d076a12: 905
730aba3b-e310-5be0-9eed-7c3123466834: 1120
742f1592-627c-54eb-bbb5-ccd55ffae33a: 975
769df255-2284-50b3-8917-2155c759fbbd: 929
79e8a04e-0fdd-53ae-bedc-d49d08e29103: 918
7d778801-88e7-5086-ad1d-70f31a371876: 999
83c1394e-9c69-5c11-9102-9ff8d59b1cfd: 1011
844f68ba-265e-53e6-bf47-6c85d1804a7b: 957
90aef91a-252f-5ccc-a82e-78ea7ee9ca1f: 1089
a0c91989-530f-5117-80c1-2488dbed683c: 1017
a25b2296-343b-53f6-8792-ada2669d466e: 1008
a6254c8a-f1b2-5736-b601-18245dd5e0a5: 1084
a65a9e69-cddf-5711-9a97-de8bfdeb08cc: 961
a79d1f0e-c133-5aa0-8268-cdcc05825f0f: 1046
aa160c78-6da3-5e05-8fc9-d6c13e9f97e0: 1010
aadc9e0c-b7c3-5a47-851d-f21971d10935: 969
ad47bc12-199c-5294-9cb8-4351bbbf7b5e: 893
b2d3ccdd-395c-5dd2-81d9-252bcfc0c337: 902
b3706da5-748b-5dd1-a552-f57e4456cdf6: 1041
b5d5785d-87ee-5078-b9b9-aac6abd4d8de: 918
bb474ab0-c2ce-573b-8acd-ef86b0fa26a2: 1142
c03e27b0-4cb5-584f-aaea-8f1e1ed6513c: 1121
c11c730f-0b6b-580b-af31-d8f0ebbbdfce: 917
c31a47f9-e400-5841-a22b-521c81042603: 986
c8110476-594c-533d-95bd-86147fccc987: 995
c985916d-46a5-5c3e-9d50-a5a91f460bac: 1024
cebd3520-4e77-5222-a614-d2888e6afc2b: 1109
d5181c33-a43b-5dfe-8ad7-0337facb092a: 977
e59c45e0-0c0c-565f-84a9-6cf0ec5ef6c1: 844
e6b7cbef-4c9d-5541-82e8-04810de0fb60: 819
e8ec8ec4-dc48-50ce-985a-a06d87861030: 975
eb95076c-c470-56a4-b788-ace310f061c6: 965

# samples per stage
0: 9856
1: 3075
2: 26718
3: 5997
4: 9162
[2023-10-18 08:55:48,179][INFO][data_loaders:43] - class distribution after data reduction:
# samples per subject
039ce8ad-a7fa-5272-a3e3-1f4bfebdd087: 10065
14c012bd-65b0-56f5-bc74-2dffcea69837: 10659
16450f5a-9b65-5536-85e1-93816c8b89eb: 8976
67fa8e29-6f4d-530e-9422-bbc3aca86ed0: 11506
730aba3b-e310-5be0-9eed-7c3123466834: 12320

# samples per stage
0: 12628
1: 5049
2: 21736
3: 5863
4: 8250
[2023-10-18 08:55:48,457][INFO][data_loaders:39] - class distribution before data reduction:
# samples per subject
0416d51f-5d69-5326-b74a-a2e31a96a1ef: 822
1fa6c401-d819-50f5-8146-a0bb9e2b2516: 986
22bea84c-5d23-5e49-bc2d-9764f883955b: 1048
25a6b2b0-4d09-561b-82c6-f09bb271d3be: 1063
a30245e3-4a71-565f-9636-92e7d2e825fc: 1122
a4568951-bf87-5bbc-bc4f-28e93c360be6: 975
b3534fa3-7676-50dc-8412-07f0eff4f7a9: 757
fc10ee0b-b863-511b-bce8-4dfa7af8ac3a: 910

# samples per stage
0: 1458
1: 408
2: 3702
3: 1050
4: 1065
[2023-10-18 08:55:48,476][INFO][data_loaders:43] - class distribution after data reduction:
# samples per subject
0416d51f-5d69-5326-b74a-a2e31a96a1ef: 822
1fa6c401-d819-50f5-8146-a0bb9e2b2516: 986
22bea84c-5d23-5e49-bc2d-9764f883955b: 1048
25a6b2b0-4d09-561b-82c6-f09bb271d3be: 1063
a30245e3-4a71-565f-9636-92e7d2e825fc: 1122
a4568951-bf87-5bbc-bc4f-28e93c360be6: 975
b3534fa3-7676-50dc-8412-07f0eff4f7a9: 757
fc10ee0b-b863-511b-bce8-4dfa7af8ac3a: 910

# samples per stage
0: 1458
1: 408
2: 3702
3: 1050
4: 1065
[2023-10-18 08:55:48,490][INFO][clas_trainer:49] - metrics before training (epoch 0):
[2023-10-18 08:56:03,087][INFO][clas_evaluator:99] - dataset: earlystopping, avg f1-score: 0.0657
[2023-10-18 08:56:12,547][INFO][clas_trainer:133] - train epoch: 1 [5312/53526 (10%)], lr: ['1.00e-04', '1.00e-04'], loss: 2.711213
[2023-10-18 08:56:21,645][INFO][clas_trainer:133] - train epoch: 1 [10656/53526 (20%)], lr: ['1.00e-04', '1.00e-04'], loss: 2.062376
[2023-10-18 08:56:30,976][INFO][clas_trainer:133] - train epoch: 1 [16000/53526 (30%)], lr: ['1.00e-04', '1.00e-04'], loss: 1.722918
[2023-10-18 08:56:39,850][INFO][clas_trainer:133] - train epoch: 1 [21344/53526 (40%)], lr: ['1.00e-04', '1.00e-04'], loss: 1.450257
[2023-10-18 08:56:48,834][INFO][clas_trainer:133] - train epoch: 1 [26688/53526 (50%)], lr: ['1.00e-04', '1.00e-04'], loss: 1.242718
[2023-10-18 08:56:57,819][INFO][clas_trainer:133] - train epoch: 1 [32032/53526 (60%)], lr: ['1.00e-04', '1.00e-04'], loss: 1.211702
[2023-10-18 08:57:06,997][INFO][clas_trainer:133] - train epoch: 1 [37376/53526 (70%)], lr: ['1.00e-04', '1.00e-04'], loss: 1.142264
[2023-10-18 08:57:16,016][INFO][clas_trainer:133] - train epoch: 1 [42720/53526 (80%)], lr: ['1.00e-04', '1.00e-04'], loss: 1.132253
[2023-10-18 08:57:25,141][INFO][clas_trainer:133] - train epoch: 1 [48064/53526 (90%)], lr: ['1.00e-04', '1.00e-04'], loss: 0.967821
[2023-10-18 08:57:34,290][INFO][clas_trainer:133] - train epoch: 1 [53408/53526 (100%)], lr: ['1.00e-04', '1.00e-04'], loss: 0.908881
[2023-10-18 08:57:49,154][INFO][clas_trainer:63] - [epoch   1] execution time: 106.07s	metrics:
[2023-10-18 08:57:49,154][INFO][clas_evaluator:99] - dataset: earlystopping, avg f1-score: 0.2535
[2023-10-18 08:57:49,209][INFO][base_model:51] - snapshot saved to ./models/exp002a-m229-base_fe_clas-2023-10-17_13-13-53-final.pth
[2023-10-18 08:57:58,665][INFO][clas_trainer:133] - train epoch: 2 [5312/53526 (10%)], lr: ['1.00e-04', '1.00e-04'], loss: 0.830154
[2023-10-18 08:58:07,803][INFO][clas_trainer:133] - train epoch: 2 [10656/53526 (20%)], lr: ['1.00e-04', '1.00e-04'], loss: 0.923782
[2023-10-18 08:58:16,696][INFO][clas_trainer:133] - train epoch: 2 [16000/53526 (30%)], lr: ['1.00e-04', '1.00e-04'], loss: 0.638474
[2023-10-18 08:58:25,751][INFO][clas_trainer:133] - train epoch: 2 [21344/53526 (40%)], lr: ['1.00e-04', '1.00e-04'], loss: 0.866040
[2023-10-18 08:58:34,676][INFO][clas_trainer:133] - train epoch: 2 [26688/53526 (50%)], lr: ['1.00e-04', '1.00e-04'], loss: 0.585903
[2023-10-18 08:58:43,835][INFO][clas_trainer:133] - train epoch: 2 [32032/53526 (60%)], lr: ['1.00e-04', '1.00e-04'], loss: 0.417679
[2023-10-18 08:58:52,681][INFO][clas_trainer:133] - train epoch: 2 [37376/53526 (70%)], lr: ['1.00e-04', '1.00e-04'], loss: 0.545527
[2023-10-18 08:59:01,815][INFO][clas_trainer:133] - train epoch: 2 [42720/53526 (80%)], lr: ['1.00e-04', '1.00e-04'], loss: 0.496129
[2023-10-18 08:59:10,912][INFO][clas_trainer:133] - train epoch: 2 [48064/53526 (90%)], lr: ['1.00e-04', '1.00e-04'], loss: 0.591926
[2023-10-18 08:59:20,205][INFO][clas_trainer:133] - train epoch: 2 [53408/53526 (100%)], lr: ['1.00e-04', '1.00e-04'], loss: 0.315689
[2023-10-18 08:59:34,989][INFO][clas_trainer:63] - [epoch   2] execution time: 105.78s	metrics:
[2023-10-18 08:59:34,989][INFO][clas_evaluator:99] - dataset: earlystopping, avg f1-score: 0.4948
[2023-10-18 08:59:35,044][INFO][base_model:51] - snapshot saved to ./models/exp002a-m229-base_fe_clas-2023-10-17_13-13-53-final.pth
[2023-10-18 08:59:44,470][INFO][clas_trainer:133] - train epoch: 3 [5312/53526 (10%)], lr: ['1.00e-04', '1.00e-04'], loss: 0.287026
[2023-10-18 08:59:53,742][INFO][clas_trainer:133] - train epoch: 3 [10656/53526 (20%)], lr: ['1.00e-04', '1.00e-04'], loss: 0.588329
[2023-10-18 09:00:02,930][INFO][clas_trainer:133] - train epoch: 3 [16000/53526 (30%)], lr: ['1.00e-04', '1.00e-04'], loss: 0.458822
[2023-10-18 09:00:11,917][INFO][clas_trainer:133] - train epoch: 3 [21344/53526 (40%)], lr: ['1.00e-04', '1.00e-04'], loss: 0.395862
[2023-10-18 09:00:21,087][INFO][clas_trainer:133] - train epoch: 3 [26688/53526 (50%)], lr: ['1.00e-04', '1.00e-04'], loss: 0.584867
[2023-10-18 09:00:30,130][INFO][clas_trainer:133] - train epoch: 3 [32032/53526 (60%)], lr: ['1.00e-04', '1.00e-04'], loss: 0.612171
[2023-10-18 09:00:39,278][INFO][clas_trainer:133] - train epoch: 3 [37376/53526 (70%)], lr: ['1.00e-04', '1.00e-04'], loss: 0.546967
[2023-10-18 09:00:48,277][INFO][clas_trainer:133] - train epoch: 3 [42720/53526 (80%)], lr: ['1.00e-04', '1.00e-04'], loss: 0.484798
[2023-10-18 09:00:57,358][INFO][clas_trainer:133] - train epoch: 3 [48064/53526 (90%)], lr: ['1.00e-04', '1.00e-04'], loss: 0.223258
[2023-10-18 09:01:06,324][INFO][clas_trainer:133] - train epoch: 3 [53408/53526 (100%)], lr: ['1.00e-04', '1.00e-04'], loss: 0.313796
[2023-10-18 09:01:21,271][INFO][clas_trainer:63] - [epoch   3] execution time: 106.23s	metrics:
[2023-10-18 09:01:21,271][INFO][clas_evaluator:99] - dataset: earlystopping, avg f1-score: 0.5934
[2023-10-18 09:01:21,326][INFO][base_model:51] - snapshot saved to ./models/exp002a-m229-base_fe_clas-2023-10-17_13-13-53-final.pth
[2023-10-18 09:01:30,958][INFO][clas_trainer:133] - train epoch: 4 [5312/53526 (10%)], lr: ['1.00e-04', '1.00e-04'], loss: 0.291039
[2023-10-18 09:01:40,110][INFO][clas_trainer:133] - train epoch: 4 [10656/53526 (20%)], lr: ['1.00e-04', '1.00e-04'], loss: 0.598182
[2023-10-18 09:01:49,177][INFO][clas_trainer:133] - train epoch: 4 [16000/53526 (30%)], lr: ['1.00e-04', '1.00e-04'], loss: 0.337296
[2023-10-18 09:01:58,662][INFO][clas_trainer:133] - train epoch: 4 [21344/53526 (40%)], lr: ['1.00e-04', '1.00e-04'], loss: 0.212887
[2023-10-18 09:02:07,753][INFO][clas_trainer:133] - train epoch: 4 [26688/53526 (50%)], lr: ['1.00e-04', '1.00e-04'], loss: 0.209262
[2023-10-18 09:02:16,691][INFO][clas_trainer:133] - train epoch: 4 [32032/53526 (60%)], lr: ['1.00e-04', '1.00e-04'], loss: 0.240659
[2023-10-18 09:02:25,773][INFO][clas_trainer:133] - train epoch: 4 [37376/53526 (70%)], lr: ['1.00e-04', '1.00e-04'], loss: 0.192756
[2023-10-18 09:02:34,921][INFO][clas_trainer:133] - train epoch: 4 [42720/53526 (80%)], lr: ['1.00e-04', '1.00e-04'], loss: 0.352131
[2023-10-18 09:02:43,832][INFO][clas_trainer:133] - train epoch: 4 [48064/53526 (90%)], lr: ['1.00e-04', '1.00e-04'], loss: 0.353418
[2023-10-18 09:02:52,866][INFO][clas_trainer:133] - train epoch: 4 [53408/53526 (100%)], lr: ['1.00e-04', '1.00e-04'], loss: 0.332334
[2023-10-18 09:03:08,153][INFO][clas_trainer:63] - [epoch   4] execution time: 106.83s	metrics:
[2023-10-18 09:03:08,154][INFO][clas_evaluator:99] - dataset: earlystopping, avg f1-score: 0.6659
[2023-10-18 09:03:08,209][INFO][base_model:51] - snapshot saved to ./models/exp002a-m229-base_fe_clas-2023-10-17_13-13-53-final.pth
[2023-10-18 09:03:17,735][INFO][clas_trainer:133] - train epoch: 5 [5312/53526 (10%)], lr: ['1.00e-04', '1.00e-04'], loss: 0.522645
[2023-10-18 09:03:26,875][INFO][clas_trainer:133] - train epoch: 5 [10656/53526 (20%)], lr: ['1.00e-04', '1.00e-04'], loss: 0.237716
[2023-10-18 09:03:35,911][INFO][clas_trainer:133] - train epoch: 5 [16000/53526 (30%)], lr: ['1.00e-04', '1.00e-04'], loss: 0.394175
[2023-10-18 09:03:45,370][INFO][clas_trainer:133] - train epoch: 5 [21344/53526 (40%)], lr: ['1.00e-04', '1.00e-04'], loss: 0.323226
[2023-10-18 09:03:54,555][INFO][clas_trainer:133] - train epoch: 5 [26688/53526 (50%)], lr: ['1.00e-04', '1.00e-04'], loss: 0.305209
[2023-10-18 09:04:03,455][INFO][clas_trainer:133] - train epoch: 5 [32032/53526 (60%)], lr: ['1.00e-04', '1.00e-04'], loss: 0.198899
[2023-10-18 09:04:12,790][INFO][clas_trainer:133] - train epoch: 5 [37376/53526 (70%)], lr: ['1.00e-04', '1.00e-04'], loss: 0.304047
[2023-10-18 09:04:21,893][INFO][clas_trainer:133] - train epoch: 5 [42720/53526 (80%)], lr: ['1.00e-04', '1.00e-04'], loss: 0.312106
[2023-10-18 09:04:30,964][INFO][clas_trainer:133] - train epoch: 5 [48064/53526 (90%)], lr: ['1.00e-04', '1.00e-04'], loss: 0.409735
[2023-10-18 09:04:39,924][INFO][clas_trainer:133] - train epoch: 5 [53408/53526 (100%)], lr: ['1.00e-04', '1.00e-04'], loss: 0.195131
[2023-10-18 09:04:55,064][INFO][clas_trainer:63] - [epoch   5] execution time: 106.85s	metrics:
[2023-10-18 09:04:55,064][INFO][clas_evaluator:99] - dataset: earlystopping, avg f1-score: 0.6775
[2023-10-18 09:04:55,120][INFO][base_model:51] - snapshot saved to ./models/exp002a-m229-base_fe_clas-2023-10-17_13-13-53-final.pth
[2023-10-18 09:05:04,570][INFO][clas_trainer:133] - train epoch: 6 [5312/53526 (10%)], lr: ['1.00e-04', '1.00e-04'], loss: 0.282706
[2023-10-18 09:05:13,523][INFO][clas_trainer:133] - train epoch: 6 [10656/53526 (20%)], lr: ['1.00e-04', '1.00e-04'], loss: 0.167673
[2023-10-18 09:05:22,688][INFO][clas_trainer:133] - train epoch: 6 [16000/53526 (30%)], lr: ['1.00e-04', '1.00e-04'], loss: 0.403038
[2023-10-18 09:05:31,755][INFO][clas_trainer:133] - train epoch: 6 [21344/53526 (40%)], lr: ['1.00e-04', '1.00e-04'], loss: 0.407507
[2023-10-18 09:05:40,751][INFO][clas_trainer:133] - train epoch: 6 [26688/53526 (50%)], lr: ['1.00e-04', '1.00e-04'], loss: 0.215914
[2023-10-18 09:05:49,821][INFO][clas_trainer:133] - train epoch: 6 [32032/53526 (60%)], lr: ['1.00e-04', '1.00e-04'], loss: 0.198421
[2023-10-18 09:05:59,117][INFO][clas_trainer:133] - train epoch: 6 [37376/53526 (70%)], lr: ['1.00e-04', '1.00e-04'], loss: 0.219893
[2023-10-18 09:06:08,153][INFO][clas_trainer:133] - train epoch: 6 [42720/53526 (80%)], lr: ['1.00e-04', '1.00e-04'], loss: 0.347136
[2023-10-18 09:06:17,227][INFO][clas_trainer:133] - train epoch: 6 [48064/53526 (90%)], lr: ['1.00e-04', '1.00e-04'], loss: 0.103551
[2023-10-18 09:06:26,489][INFO][clas_trainer:133] - train epoch: 6 [53408/53526 (100%)], lr: ['1.00e-04', '1.00e-04'], loss: 0.302962
[2023-10-18 09:06:41,193][INFO][clas_trainer:63] - [epoch   6] execution time: 106.07s	metrics:
[2023-10-18 09:06:41,194][INFO][clas_evaluator:99] - dataset: earlystopping, avg f1-score: 0.6916
[2023-10-18 09:06:41,250][INFO][base_model:51] - snapshot saved to ./models/exp002a-m229-base_fe_clas-2023-10-17_13-13-53-final.pth
[2023-10-18 09:06:50,698][INFO][clas_trainer:133] - train epoch: 7 [5312/53526 (10%)], lr: ['1.00e-04', '1.00e-04'], loss: 0.667619
[2023-10-18 09:06:59,791][INFO][clas_trainer:133] - train epoch: 7 [10656/53526 (20%)], lr: ['1.00e-04', '1.00e-04'], loss: 0.278921
[2023-10-18 09:07:08,736][INFO][clas_trainer:133] - train epoch: 7 [16000/53526 (30%)], lr: ['1.00e-04', '1.00e-04'], loss: 0.386178
[2023-10-18 09:07:17,711][INFO][clas_trainer:133] - train epoch: 7 [21344/53526 (40%)], lr: ['1.00e-04', '1.00e-04'], loss: 0.392758
[2023-10-18 09:07:26,972][INFO][clas_trainer:133] - train epoch: 7 [26688/53526 (50%)], lr: ['1.00e-04', '1.00e-04'], loss: 0.272742
[2023-10-18 09:07:35,963][INFO][clas_trainer:133] - train epoch: 7 [32032/53526 (60%)], lr: ['1.00e-04', '1.00e-04'], loss: 0.074359
[2023-10-18 09:07:45,056][INFO][clas_trainer:133] - train epoch: 7 [37376/53526 (70%)], lr: ['1.00e-04', '1.00e-04'], loss: 0.169536
[2023-10-18 09:07:53,935][INFO][clas_trainer:133] - train epoch: 7 [42720/53526 (80%)], lr: ['1.00e-04', '1.00e-04'], loss: 0.265111
[2023-10-18 09:08:03,002][INFO][clas_trainer:133] - train epoch: 7 [48064/53526 (90%)], lr: ['1.00e-04', '1.00e-04'], loss: 0.189974
[2023-10-18 09:08:12,115][INFO][clas_trainer:133] - train epoch: 7 [53408/53526 (100%)], lr: ['1.00e-04', '1.00e-04'], loss: 0.139770
[2023-10-18 09:08:27,136][INFO][clas_trainer:63] - [epoch   7] execution time: 105.89s	metrics:
[2023-10-18 09:08:27,136][INFO][clas_evaluator:99] - dataset: earlystopping, avg f1-score: 0.6995
[2023-10-18 09:08:27,192][INFO][base_model:51] - snapshot saved to ./models/exp002a-m229-base_fe_clas-2023-10-17_13-13-53-final.pth
[2023-10-18 09:08:36,846][INFO][clas_trainer:133] - train epoch: 8 [5312/53526 (10%)], lr: ['1.00e-04', '1.00e-04'], loss: 0.400184
[2023-10-18 09:08:46,021][INFO][clas_trainer:133] - train epoch: 8 [10656/53526 (20%)], lr: ['1.00e-04', '1.00e-04'], loss: 0.165459
[2023-10-18 09:08:55,007][INFO][clas_trainer:133] - train epoch: 8 [16000/53526 (30%)], lr: ['1.00e-04', '1.00e-04'], loss: 0.155398
[2023-10-18 09:09:03,959][INFO][clas_trainer:133] - train epoch: 8 [21344/53526 (40%)], lr: ['1.00e-04', '1.00e-04'], loss: 0.310407
[2023-10-18 09:09:13,034][INFO][clas_trainer:133] - train epoch: 8 [26688/53526 (50%)], lr: ['1.00e-04', '1.00e-04'], loss: 0.100207
[2023-10-18 09:09:22,104][INFO][clas_trainer:133] - train epoch: 8 [32032/53526 (60%)], lr: ['1.00e-04', '1.00e-04'], loss: 0.262840
[2023-10-18 09:09:31,072][INFO][clas_trainer:133] - train epoch: 8 [37376/53526 (70%)], lr: ['1.00e-04', '1.00e-04'], loss: 0.104239
[2023-10-18 09:09:40,072][INFO][clas_trainer:133] - train epoch: 8 [42720/53526 (80%)], lr: ['1.00e-04', '1.00e-04'], loss: 0.127205
[2023-10-18 09:09:49,382][INFO][clas_trainer:133] - train epoch: 8 [48064/53526 (90%)], lr: ['1.00e-04', '1.00e-04'], loss: 0.142172
[2023-10-18 09:09:58,552][INFO][clas_trainer:133] - train epoch: 8 [53408/53526 (100%)], lr: ['1.00e-04', '1.00e-04'], loss: 0.243717
[2023-10-18 09:10:13,312][INFO][clas_trainer:63] - [epoch   8] execution time: 106.12s	metrics:
[2023-10-18 09:10:13,312][INFO][clas_evaluator:99] - dataset: earlystopping, avg f1-score: 0.7037
[2023-10-18 09:10:13,369][INFO][base_model:51] - snapshot saved to ./models/exp002a-m229-base_fe_clas-2023-10-17_13-13-53-final.pth
[2023-10-18 09:10:23,046][INFO][clas_trainer:133] - train epoch: 9 [5312/53526 (10%)], lr: ['1.00e-04', '1.00e-04'], loss: 0.300978
[2023-10-18 09:10:32,052][INFO][clas_trainer:133] - train epoch: 9 [10656/53526 (20%)], lr: ['1.00e-04', '1.00e-04'], loss: 0.371234
[2023-10-18 09:10:41,128][INFO][clas_trainer:133] - train epoch: 9 [16000/53526 (30%)], lr: ['1.00e-04', '1.00e-04'], loss: 0.224633
[2023-10-18 09:10:50,320][INFO][clas_trainer:133] - train epoch: 9 [21344/53526 (40%)], lr: ['1.00e-04', '1.00e-04'], loss: 0.261400
[2023-10-18 09:10:59,247][INFO][clas_trainer:133] - train epoch: 9 [26688/53526 (50%)], lr: ['1.00e-04', '1.00e-04'], loss: 0.144582
[2023-10-18 09:11:08,144][INFO][clas_trainer:133] - train epoch: 9 [32032/53526 (60%)], lr: ['1.00e-04', '1.00e-04'], loss: 0.237487
[2023-10-18 09:11:17,136][INFO][clas_trainer:133] - train epoch: 9 [37376/53526 (70%)], lr: ['1.00e-04', '1.00e-04'], loss: 0.169921
[2023-10-18 09:11:26,518][INFO][clas_trainer:133] - train epoch: 9 [42720/53526 (80%)], lr: ['1.00e-04', '1.00e-04'], loss: 0.129624
[2023-10-18 09:11:35,566][INFO][clas_trainer:133] - train epoch: 9 [48064/53526 (90%)], lr: ['1.00e-04', '1.00e-04'], loss: 0.131170
[2023-10-18 09:11:44,696][INFO][clas_trainer:133] - train epoch: 9 [53408/53526 (100%)], lr: ['1.00e-04', '1.00e-04'], loss: 0.159946
[2023-10-18 09:11:59,965][INFO][clas_trainer:63] - [epoch   9] execution time: 106.60s	metrics:
[2023-10-18 09:11:59,965][INFO][clas_evaluator:99] - dataset: earlystopping, avg f1-score: 0.6691
[2023-10-18 09:12:09,426][INFO][clas_trainer:133] - train epoch: 10 [5312/53526 (10%)], lr: ['1.00e-04', '1.00e-04'], loss: 0.208792
[2023-10-18 09:12:18,545][INFO][clas_trainer:133] - train epoch: 10 [10656/53526 (20%)], lr: ['1.00e-04', '1.00e-04'], loss: 0.285992
[2023-10-18 09:12:27,821][INFO][clas_trainer:133] - train epoch: 10 [16000/53526 (30%)], lr: ['1.00e-04', '1.00e-04'], loss: 0.056369
[2023-10-18 09:12:36,755][INFO][clas_trainer:133] - train epoch: 10 [21344/53526 (40%)], lr: ['1.00e-04', '1.00e-04'], loss: 0.221172
[2023-10-18 09:12:45,868][INFO][clas_trainer:133] - train epoch: 10 [26688/53526 (50%)], lr: ['1.00e-04', '1.00e-04'], loss: 0.114733
[2023-10-18 09:12:55,065][INFO][clas_trainer:133] - train epoch: 10 [32032/53526 (60%)], lr: ['1.00e-04', '1.00e-04'], loss: 0.346629
[2023-10-18 09:13:04,260][INFO][clas_trainer:133] - train epoch: 10 [37376/53526 (70%)], lr: ['1.00e-04', '1.00e-04'], loss: 0.076493
[2023-10-18 09:13:13,504][INFO][clas_trainer:133] - train epoch: 10 [42720/53526 (80%)], lr: ['1.00e-04', '1.00e-04'], loss: 0.135029
[2023-10-18 09:13:22,706][INFO][clas_trainer:133] - train epoch: 10 [48064/53526 (90%)], lr: ['1.00e-04', '1.00e-04'], loss: 0.283458
[2023-10-18 09:13:31,854][INFO][clas_trainer:133] - train epoch: 10 [53408/53526 (100%)], lr: ['1.00e-04', '1.00e-04'], loss: 0.134343
[2023-10-18 09:13:46,837][INFO][clas_trainer:63] - [epoch  10] execution time: 106.87s	metrics:
[2023-10-18 09:13:46,837][INFO][clas_evaluator:99] - dataset: earlystopping, avg f1-score: 0.7116
[2023-10-18 09:13:46,893][INFO][base_model:51] - snapshot saved to ./models/exp002a-m229-base_fe_clas-2023-10-17_13-13-53-final.pth
[2023-10-18 09:13:56,567][INFO][clas_trainer:133] - train epoch: 11 [5312/53526 (10%)], lr: ['1.00e-04', '1.00e-04'], loss: 0.189361
[2023-10-18 09:14:05,719][INFO][clas_trainer:133] - train epoch: 11 [10656/53526 (20%)], lr: ['1.00e-04', '1.00e-04'], loss: 0.046943
[2023-10-18 09:14:14,963][INFO][clas_trainer:133] - train epoch: 11 [16000/53526 (30%)], lr: ['1.00e-04', '1.00e-04'], loss: 0.091841
[2023-10-18 09:14:23,983][INFO][clas_trainer:133] - train epoch: 11 [21344/53526 (40%)], lr: ['1.00e-04', '1.00e-04'], loss: 0.100819
[2023-10-18 09:14:33,141][INFO][clas_trainer:133] - train epoch: 11 [26688/53526 (50%)], lr: ['1.00e-04', '1.00e-04'], loss: 0.099145
[2023-10-18 09:14:42,212][INFO][clas_trainer:133] - train epoch: 11 [32032/53526 (60%)], lr: ['1.00e-04', '1.00e-04'], loss: 0.143289
[2023-10-18 09:14:51,387][INFO][clas_trainer:133] - train epoch: 11 [37376/53526 (70%)], lr: ['1.00e-04', '1.00e-04'], loss: 0.221971
[2023-10-18 09:15:00,441][INFO][clas_trainer:133] - train epoch: 11 [42720/53526 (80%)], lr: ['1.00e-04', '1.00e-04'], loss: 0.055505
[2023-10-18 09:15:09,491][INFO][clas_trainer:133] - train epoch: 11 [48064/53526 (90%)], lr: ['1.00e-04', '1.00e-04'], loss: 0.322529
[2023-10-18 09:15:18,888][INFO][clas_trainer:133] - train epoch: 11 [53408/53526 (100%)], lr: ['1.00e-04', '1.00e-04'], loss: 0.121163
[2023-10-18 09:15:33,824][INFO][clas_trainer:63] - [epoch  11] execution time: 106.93s	metrics:
[2023-10-18 09:15:33,824][INFO][clas_evaluator:99] - dataset: earlystopping, avg f1-score: 0.7051
[2023-10-18 09:15:43,462][INFO][clas_trainer:133] - train epoch: 12 [5312/53526 (10%)], lr: ['1.00e-04', '1.00e-04'], loss: 0.320781
[2023-10-18 09:15:52,714][INFO][clas_trainer:133] - train epoch: 12 [10656/53526 (20%)], lr: ['1.00e-04', '1.00e-04'], loss: 0.355404
[2023-10-18 09:16:01,809][INFO][clas_trainer:133] - train epoch: 12 [16000/53526 (30%)], lr: ['1.00e-04', '1.00e-04'], loss: 0.058588
[2023-10-18 09:16:10,750][INFO][clas_trainer:133] - train epoch: 12 [21344/53526 (40%)], lr: ['1.00e-04', '1.00e-04'], loss: 0.160603
[2023-10-18 09:16:19,937][INFO][clas_trainer:133] - train epoch: 12 [26688/53526 (50%)], lr: ['1.00e-04', '1.00e-04'], loss: 0.098801
[2023-10-18 09:16:29,262][INFO][clas_trainer:133] - train epoch: 12 [32032/53526 (60%)], lr: ['1.00e-04', '1.00e-04'], loss: 0.080516
[2023-10-18 09:16:38,351][INFO][clas_trainer:133] - train epoch: 12 [37376/53526 (70%)], lr: ['1.00e-04', '1.00e-04'], loss: 0.129641
[2023-10-18 09:16:47,312][INFO][clas_trainer:133] - train epoch: 12 [42720/53526 (80%)], lr: ['1.00e-04', '1.00e-04'], loss: 0.050614
[2023-10-18 09:16:56,461][INFO][clas_trainer:133] - train epoch: 12 [48064/53526 (90%)], lr: ['1.00e-04', '1.00e-04'], loss: 0.195458
[2023-10-18 09:17:05,399][INFO][clas_trainer:133] - train epoch: 12 [53408/53526 (100%)], lr: ['1.00e-04', '1.00e-04'], loss: 0.021534
[2023-10-18 09:17:20,436][INFO][clas_trainer:63] - [epoch  12] execution time: 106.61s	metrics:
[2023-10-18 09:17:20,436][INFO][clas_evaluator:99] - dataset: earlystopping, avg f1-score: 0.7141
[2023-10-18 09:17:20,492][INFO][base_model:51] - snapshot saved to ./models/exp002a-m229-base_fe_clas-2023-10-17_13-13-53-final.pth
[2023-10-18 09:17:30,088][INFO][clas_trainer:133] - train epoch: 13 [5312/53526 (10%)], lr: ['1.00e-04', '1.00e-04'], loss: 0.066411
[2023-10-18 09:17:39,178][INFO][clas_trainer:133] - train epoch: 13 [10656/53526 (20%)], lr: ['1.00e-04', '1.00e-04'], loss: 0.082606
[2023-10-18 09:17:48,229][INFO][clas_trainer:133] - train epoch: 13 [16000/53526 (30%)], lr: ['1.00e-04', '1.00e-04'], loss: 0.035825
[2023-10-18 09:17:57,490][INFO][clas_trainer:133] - train epoch: 13 [21344/53526 (40%)], lr: ['1.00e-04', '1.00e-04'], loss: 0.119918
[2023-10-18 09:18:06,890][INFO][clas_trainer:133] - train epoch: 13 [26688/53526 (50%)], lr: ['1.00e-04', '1.00e-04'], loss: 0.160301
[2023-10-18 09:18:15,882][INFO][clas_trainer:133] - train epoch: 13 [32032/53526 (60%)], lr: ['1.00e-04', '1.00e-04'], loss: 0.059462
[2023-10-18 09:18:24,851][INFO][clas_trainer:133] - train epoch: 13 [37376/53526 (70%)], lr: ['1.00e-04', '1.00e-04'], loss: 0.186392
[2023-10-18 09:18:33,955][INFO][clas_trainer:133] - train epoch: 13 [42720/53526 (80%)], lr: ['1.00e-04', '1.00e-04'], loss: 0.072780
[2023-10-18 09:18:43,188][INFO][clas_trainer:133] - train epoch: 13 [48064/53526 (90%)], lr: ['1.00e-04', '1.00e-04'], loss: 0.142064
[2023-10-18 09:18:52,258][INFO][clas_trainer:133] - train epoch: 13 [53408/53526 (100%)], lr: ['1.00e-04', '1.00e-04'], loss: 0.132762
[2023-10-18 09:19:07,034][INFO][clas_trainer:63] - [epoch  13] execution time: 106.54s	metrics:
[2023-10-18 09:19:07,034][INFO][clas_evaluator:99] - dataset: earlystopping, avg f1-score: 0.7297
[2023-10-18 09:19:07,105][INFO][base_model:51] - snapshot saved to ./models/exp002a-m229-base_fe_clas-2023-10-17_13-13-53-final.pth
[2023-10-18 09:19:16,812][INFO][clas_trainer:133] - train epoch: 14 [5312/53526 (10%)], lr: ['1.00e-04', '1.00e-04'], loss: 0.334933
[2023-10-18 09:19:25,876][INFO][clas_trainer:133] - train epoch: 14 [10656/53526 (20%)], lr: ['1.00e-04', '1.00e-04'], loss: 0.093143
[2023-10-18 09:19:35,000][INFO][clas_trainer:133] - train epoch: 14 [16000/53526 (30%)], lr: ['1.00e-04', '1.00e-04'], loss: 0.221453
[2023-10-18 09:19:44,396][INFO][clas_trainer:133] - train epoch: 14 [21344/53526 (40%)], lr: ['1.00e-04', '1.00e-04'], loss: 0.298888
[2023-10-18 09:19:53,537][INFO][clas_trainer:133] - train epoch: 14 [26688/53526 (50%)], lr: ['1.00e-04', '1.00e-04'], loss: 0.187872
[2023-10-18 09:20:02,692][INFO][clas_trainer:133] - train epoch: 14 [32032/53526 (60%)], lr: ['1.00e-04', '1.00e-04'], loss: 0.127348
[2023-10-18 09:20:11,634][INFO][clas_trainer:133] - train epoch: 14 [37376/53526 (70%)], lr: ['1.00e-04', '1.00e-04'], loss: 0.030286
[2023-10-18 09:20:20,841][INFO][clas_trainer:133] - train epoch: 14 [42720/53526 (80%)], lr: ['1.00e-04', '1.00e-04'], loss: 0.105488
[2023-10-18 09:20:29,887][INFO][clas_trainer:133] - train epoch: 14 [48064/53526 (90%)], lr: ['1.00e-04', '1.00e-04'], loss: 0.112868
[2023-10-18 09:20:38,923][INFO][clas_trainer:133] - train epoch: 14 [53408/53526 (100%)], lr: ['1.00e-04', '1.00e-04'], loss: 0.189412
[2023-10-18 09:20:53,949][INFO][clas_trainer:63] - [epoch  14] execution time: 106.84s	metrics:
[2023-10-18 09:20:53,949][INFO][clas_evaluator:99] - dataset: earlystopping, avg f1-score: 0.7086
[2023-10-18 09:21:03,498][INFO][clas_trainer:133] - train epoch: 15 [5312/53526 (10%)], lr: ['1.00e-04', '1.00e-04'], loss: 0.049113
[2023-10-18 09:21:12,609][INFO][clas_trainer:133] - train epoch: 15 [10656/53526 (20%)], lr: ['1.00e-04', '1.00e-04'], loss: 0.178199
[2023-10-18 09:21:21,500][INFO][clas_trainer:133] - train epoch: 15 [16000/53526 (30%)], lr: ['1.00e-04', '1.00e-04'], loss: 0.025724
[2023-10-18 09:21:30,647][INFO][clas_trainer:133] - train epoch: 15 [21344/53526 (40%)], lr: ['1.00e-04', '1.00e-04'], loss: 0.230771
[2023-10-18 09:21:39,555][INFO][clas_trainer:133] - train epoch: 15 [26688/53526 (50%)], lr: ['1.00e-04', '1.00e-04'], loss: 0.067989
[2023-10-18 09:21:48,541][INFO][clas_trainer:133] - train epoch: 15 [32032/53526 (60%)], lr: ['1.00e-04', '1.00e-04'], loss: 0.137420
[2023-10-18 09:21:57,784][INFO][clas_trainer:133] - train epoch: 15 [37376/53526 (70%)], lr: ['1.00e-04', '1.00e-04'], loss: 0.114860
[2023-10-18 09:22:06,710][INFO][clas_trainer:133] - train epoch: 15 [42720/53526 (80%)], lr: ['1.00e-04', '1.00e-04'], loss: 0.296382
[2023-10-18 09:22:15,699][INFO][clas_trainer:133] - train epoch: 15 [48064/53526 (90%)], lr: ['1.00e-04', '1.00e-04'], loss: 0.064431
[2023-10-18 09:22:24,708][INFO][clas_trainer:133] - train epoch: 15 [53408/53526 (100%)], lr: ['1.00e-04', '1.00e-04'], loss: 0.078831
[2023-10-18 09:22:39,847][INFO][clas_trainer:63] - [epoch  15] execution time: 105.90s	metrics:
[2023-10-18 09:22:39,847][INFO][clas_evaluator:99] - dataset: earlystopping, avg f1-score: 0.6881
[2023-10-18 09:22:49,391][INFO][clas_trainer:133] - train epoch: 16 [5312/53526 (10%)], lr: ['1.00e-04', '1.00e-04'], loss: 0.099757
[2023-10-18 09:22:58,582][INFO][clas_trainer:133] - train epoch: 16 [10656/53526 (20%)], lr: ['1.00e-04', '1.00e-04'], loss: 0.299502
[2023-10-18 09:23:07,877][INFO][clas_trainer:133] - train epoch: 16 [16000/53526 (30%)], lr: ['1.00e-04', '1.00e-04'], loss: 0.026904
[2023-10-18 09:23:16,866][INFO][clas_trainer:133] - train epoch: 16 [21344/53526 (40%)], lr: ['1.00e-04', '1.00e-04'], loss: 0.184960
[2023-10-18 09:23:26,021][INFO][clas_trainer:133] - train epoch: 16 [26688/53526 (50%)], lr: ['1.00e-04', '1.00e-04'], loss: 0.016467
[2023-10-18 09:23:35,106][INFO][clas_trainer:133] - train epoch: 16 [32032/53526 (60%)], lr: ['1.00e-04', '1.00e-04'], loss: 0.080029
[2023-10-18 09:23:44,314][INFO][clas_trainer:133] - train epoch: 16 [37376/53526 (70%)], lr: ['1.00e-04', '1.00e-04'], loss: 0.055700
[2023-10-18 09:23:53,274][INFO][clas_trainer:133] - train epoch: 16 [42720/53526 (80%)], lr: ['1.00e-04', '1.00e-04'], loss: 0.145757
[2023-10-18 09:24:02,269][INFO][clas_trainer:133] - train epoch: 16 [48064/53526 (90%)], lr: ['1.00e-04', '1.00e-04'], loss: 0.238385
[2023-10-18 09:24:11,473][INFO][clas_trainer:133] - train epoch: 16 [53408/53526 (100%)], lr: ['1.00e-04', '1.00e-04'], loss: 0.176622
[2023-10-18 09:24:26,356][INFO][clas_trainer:63] - [epoch  16] execution time: 106.51s	metrics:
[2023-10-18 09:24:26,357][INFO][clas_evaluator:99] - dataset: earlystopping, avg f1-score: 0.6893
[2023-10-18 09:24:35,949][INFO][clas_trainer:133] - train epoch: 17 [5312/53526 (10%)], lr: ['1.00e-04', '1.00e-04'], loss: 0.113686
[2023-10-18 09:24:45,187][INFO][clas_trainer:133] - train epoch: 17 [10656/53526 (20%)], lr: ['1.00e-04', '1.00e-04'], loss: 0.049956
[2023-10-18 09:24:54,246][INFO][clas_trainer:133] - train epoch: 17 [16000/53526 (30%)], lr: ['1.00e-04', '1.00e-04'], loss: 0.182512
[2023-10-18 09:25:03,197][INFO][clas_trainer:133] - train epoch: 17 [21344/53526 (40%)], lr: ['1.00e-04', '1.00e-04'], loss: 0.022744
[2023-10-18 09:25:12,115][INFO][clas_trainer:133] - train epoch: 17 [26688/53526 (50%)], lr: ['1.00e-04', '1.00e-04'], loss: 0.111812
[2023-10-18 09:25:21,322][INFO][clas_trainer:133] - train epoch: 17 [32032/53526 (60%)], lr: ['1.00e-04', '1.00e-04'], loss: 0.189645
[2023-10-18 09:25:30,233][INFO][clas_trainer:133] - train epoch: 17 [37376/53526 (70%)], lr: ['1.00e-04', '1.00e-04'], loss: 0.049542
[2023-10-18 09:25:39,509][INFO][clas_trainer:133] - train epoch: 17 [42720/53526 (80%)], lr: ['1.00e-04', '1.00e-04'], loss: 0.053385
[2023-10-18 09:25:48,551][INFO][clas_trainer:133] - train epoch: 17 [48064/53526 (90%)], lr: ['1.00e-04', '1.00e-04'], loss: 0.021159
[2023-10-18 09:25:57,599][INFO][clas_trainer:133] - train epoch: 17 [53408/53526 (100%)], lr: ['1.00e-04', '1.00e-04'], loss: 0.111920
[2023-10-18 09:26:12,365][INFO][clas_trainer:63] - [epoch  17] execution time: 106.01s	metrics:
[2023-10-18 09:26:12,366][INFO][clas_evaluator:99] - dataset: earlystopping, avg f1-score: 0.7377
[2023-10-18 09:26:12,422][INFO][base_model:51] - snapshot saved to ./models/exp002a-m229-base_fe_clas-2023-10-17_13-13-53-final.pth
[2023-10-18 09:26:22,002][INFO][clas_trainer:133] - train epoch: 18 [5312/53526 (10%)], lr: ['1.00e-04', '1.00e-04'], loss: 0.069228
[2023-10-18 09:26:31,000][INFO][clas_trainer:133] - train epoch: 18 [10656/53526 (20%)], lr: ['1.00e-04', '1.00e-04'], loss: 0.056627
[2023-10-18 09:26:39,932][INFO][clas_trainer:133] - train epoch: 18 [16000/53526 (30%)], lr: ['1.00e-04', '1.00e-04'], loss: 0.110078
[2023-10-18 09:26:48,880][INFO][clas_trainer:133] - train epoch: 18 [21344/53526 (40%)], lr: ['1.00e-04', '1.00e-04'], loss: 0.164885
[2023-10-18 09:26:58,178][INFO][clas_trainer:133] - train epoch: 18 [26688/53526 (50%)], lr: ['1.00e-04', '1.00e-04'], loss: 0.126580
[2023-10-18 09:27:06,960][INFO][clas_trainer:133] - train epoch: 18 [32032/53526 (60%)], lr: ['1.00e-04', '1.00e-04'], loss: 0.038919
[2023-10-18 09:27:15,906][INFO][clas_trainer:133] - train epoch: 18 [37376/53526 (70%)], lr: ['1.00e-04', '1.00e-04'], loss: 0.034614
[2023-10-18 09:27:24,946][INFO][clas_trainer:133] - train epoch: 18 [42720/53526 (80%)], lr: ['1.00e-04', '1.00e-04'], loss: 0.060539
[2023-10-18 09:27:34,152][INFO][clas_trainer:133] - train epoch: 18 [48064/53526 (90%)], lr: ['1.00e-04', '1.00e-04'], loss: 0.054113
[2023-10-18 09:27:43,097][INFO][clas_trainer:133] - train epoch: 18 [53408/53526 (100%)], lr: ['1.00e-04', '1.00e-04'], loss: 0.043321
[2023-10-18 09:27:58,092][INFO][clas_trainer:63] - [epoch  18] execution time: 105.67s	metrics:
[2023-10-18 09:27:58,092][INFO][clas_evaluator:99] - dataset: earlystopping, avg f1-score: 0.6963
[2023-10-18 09:28:07,720][INFO][clas_trainer:133] - train epoch: 19 [5312/53526 (10%)], lr: ['1.00e-04', '1.00e-04'], loss: 0.062500
[2023-10-18 09:28:16,783][INFO][clas_trainer:133] - train epoch: 19 [10656/53526 (20%)], lr: ['1.00e-04', '1.00e-04'], loss: 0.022632
[2023-10-18 09:28:25,820][INFO][clas_trainer:133] - train epoch: 19 [16000/53526 (30%)], lr: ['1.00e-04', '1.00e-04'], loss: 0.018858
[2023-10-18 09:28:34,860][INFO][clas_trainer:133] - train epoch: 19 [21344/53526 (40%)], lr: ['1.00e-04', '1.00e-04'], loss: 0.021582
[2023-10-18 09:28:44,164][INFO][clas_trainer:133] - train epoch: 19 [26688/53526 (50%)], lr: ['1.00e-04', '1.00e-04'], loss: 0.086477
[2023-10-18 09:28:53,227][INFO][clas_trainer:133] - train epoch: 19 [32032/53526 (60%)], lr: ['1.00e-04', '1.00e-04'], loss: 0.122461
[2023-10-18 09:29:02,331][INFO][clas_trainer:133] - train epoch: 19 [37376/53526 (70%)], lr: ['1.00e-04', '1.00e-04'], loss: 0.015972
[2023-10-18 09:29:11,285][INFO][clas_trainer:133] - train epoch: 19 [42720/53526 (80%)], lr: ['1.00e-04', '1.00e-04'], loss: 0.021760
[2023-10-18 09:29:20,476][INFO][clas_trainer:133] - train epoch: 19 [48064/53526 (90%)], lr: ['1.00e-04', '1.00e-04'], loss: 0.013314
[2023-10-18 09:29:29,386][INFO][clas_trainer:133] - train epoch: 19 [53408/53526 (100%)], lr: ['1.00e-04', '1.00e-04'], loss: 0.057162
[2023-10-18 09:29:44,266][INFO][clas_trainer:63] - [epoch  19] execution time: 106.17s	metrics:
[2023-10-18 09:29:44,266][INFO][clas_evaluator:99] - dataset: earlystopping, avg f1-score: 0.7093
[2023-10-18 09:29:53,919][INFO][clas_trainer:133] - train epoch: 20 [5312/53526 (10%)], lr: ['1.00e-04', '1.00e-04'], loss: 0.006670
[2023-10-18 09:30:03,123][INFO][clas_trainer:133] - train epoch: 20 [10656/53526 (20%)], lr: ['1.00e-04', '1.00e-04'], loss: 0.017907
[2023-10-18 09:30:12,235][INFO][clas_trainer:133] - train epoch: 20 [16000/53526 (30%)], lr: ['1.00e-04', '1.00e-04'], loss: 0.231269
[2023-10-18 09:30:21,338][INFO][clas_trainer:133] - train epoch: 20 [21344/53526 (40%)], lr: ['1.00e-04', '1.00e-04'], loss: 0.024942
[2023-10-18 09:30:30,487][INFO][clas_trainer:133] - train epoch: 20 [26688/53526 (50%)], lr: ['1.00e-04', '1.00e-04'], loss: 0.007197
[2023-10-18 09:30:39,536][INFO][clas_trainer:133] - train epoch: 20 [32032/53526 (60%)], lr: ['1.00e-04', '1.00e-04'], loss: 0.021829
[2023-10-18 09:30:48,481][INFO][clas_trainer:133] - train epoch: 20 [37376/53526 (70%)], lr: ['1.00e-04', '1.00e-04'], loss: 0.081147
[2023-10-18 09:30:57,505][INFO][clas_trainer:133] - train epoch: 20 [42720/53526 (80%)], lr: ['1.00e-04', '1.00e-04'], loss: 0.064257
[2023-10-18 09:31:06,713][INFO][clas_trainer:133] - train epoch: 20 [48064/53526 (90%)], lr: ['1.00e-04', '1.00e-04'], loss: 0.027469
[2023-10-18 09:31:15,643][INFO][clas_trainer:133] - train epoch: 20 [53408/53526 (100%)], lr: ['1.00e-04', '1.00e-04'], loss: 0.079177
[2023-10-18 09:31:30,623][INFO][clas_trainer:63] - [epoch  20] execution time: 106.36s	metrics:
[2023-10-18 09:31:30,623][INFO][clas_evaluator:99] - dataset: earlystopping, avg f1-score: 0.7216
[2023-10-18 09:31:40,220][INFO][clas_trainer:133] - train epoch: 21 [5312/53526 (10%)], lr: ['1.00e-04', '1.00e-04'], loss: 0.033570
[2023-10-18 09:31:49,388][INFO][clas_trainer:133] - train epoch: 21 [10656/53526 (20%)], lr: ['1.00e-04', '1.00e-04'], loss: 0.004505
[2023-10-18 09:31:58,588][INFO][clas_trainer:133] - train epoch: 21 [16000/53526 (30%)], lr: ['1.00e-04', '1.00e-04'], loss: 0.005844
[2023-10-18 09:32:07,514][INFO][clas_trainer:133] - train epoch: 21 [21344/53526 (40%)], lr: ['1.00e-04', '1.00e-04'], loss: 0.011807
[2023-10-18 09:32:16,637][INFO][clas_trainer:133] - train epoch: 21 [26688/53526 (50%)], lr: ['1.00e-04', '1.00e-04'], loss: 0.030617
[2023-10-18 09:32:25,647][INFO][clas_trainer:133] - train epoch: 21 [32032/53526 (60%)], lr: ['1.00e-04', '1.00e-04'], loss: 0.083577
[2023-10-18 09:32:34,986][INFO][clas_trainer:133] - train epoch: 21 [37376/53526 (70%)], lr: ['1.00e-04', '1.00e-04'], loss: 0.013994
[2023-10-18 09:32:44,091][INFO][clas_trainer:133] - train epoch: 21 [42720/53526 (80%)], lr: ['1.00e-04', '1.00e-04'], loss: 0.061344
[2023-10-18 09:32:53,131][INFO][clas_trainer:133] - train epoch: 21 [48064/53526 (90%)], lr: ['1.00e-04', '1.00e-04'], loss: 0.115696
[2023-10-18 09:33:02,098][INFO][clas_trainer:133] - train epoch: 21 [53408/53526 (100%)], lr: ['1.00e-04', '1.00e-04'], loss: 0.024549
[2023-10-18 09:33:17,313][INFO][clas_trainer:63] - [epoch  21] execution time: 106.69s	metrics:
[2023-10-18 09:33:17,313][INFO][clas_evaluator:99] - dataset: earlystopping, avg f1-score: 0.7353
[2023-10-18 09:33:26,963][INFO][clas_trainer:133] - train epoch: 22 [5312/53526 (10%)], lr: ['1.00e-04', '1.00e-04'], loss: 0.009321
[2023-10-18 09:33:36,199][INFO][clas_trainer:133] - train epoch: 22 [10656/53526 (20%)], lr: ['1.00e-04', '1.00e-04'], loss: 0.008775
[2023-10-18 09:33:45,246][INFO][clas_trainer:133] - train epoch: 22 [16000/53526 (30%)], lr: ['1.00e-04', '1.00e-04'], loss: 0.061844
[2023-10-18 09:33:54,318][INFO][clas_trainer:133] - train epoch: 22 [21344/53526 (40%)], lr: ['1.00e-04', '1.00e-04'], loss: 0.047299
[2023-10-18 09:34:03,477][INFO][clas_trainer:133] - train epoch: 22 [26688/53526 (50%)], lr: ['1.00e-04', '1.00e-04'], loss: 0.010736
[2023-10-18 09:34:12,574][INFO][clas_trainer:133] - train epoch: 22 [32032/53526 (60%)], lr: ['1.00e-04', '1.00e-04'], loss: 0.110612
[2023-10-18 09:34:21,670][INFO][clas_trainer:133] - train epoch: 22 [37376/53526 (70%)], lr: ['1.00e-04', '1.00e-04'], loss: 0.010603
[2023-10-18 09:34:30,768][INFO][clas_trainer:133] - train epoch: 22 [42720/53526 (80%)], lr: ['1.00e-04', '1.00e-04'], loss: 0.059337
[2023-10-18 09:34:39,819][INFO][clas_trainer:133] - train epoch: 22 [48064/53526 (90%)], lr: ['1.00e-04', '1.00e-04'], loss: 0.014313
[2023-10-18 09:34:48,965][INFO][clas_trainer:133] - train epoch: 22 [53408/53526 (100%)], lr: ['1.00e-04', '1.00e-04'], loss: 0.124324
[2023-10-18 09:35:03,890][INFO][clas_trainer:63] - [epoch  22] execution time: 106.58s	metrics:
[2023-10-18 09:35:03,890][INFO][clas_evaluator:99] - dataset: earlystopping, avg f1-score: 0.7114
[2023-10-18 09:35:13,525][INFO][clas_trainer:133] - train epoch: 23 [5312/53526 (10%)], lr: ['1.00e-04', '1.00e-04'], loss: 0.097282
[2023-10-18 09:35:22,772][INFO][clas_trainer:133] - train epoch: 23 [10656/53526 (20%)], lr: ['1.00e-04', '1.00e-04'], loss: 0.094022
[2023-10-18 09:35:31,684][INFO][clas_trainer:133] - train epoch: 23 [16000/53526 (30%)], lr: ['1.00e-04', '1.00e-04'], loss: 0.047906
[2023-10-18 09:35:40,811][INFO][clas_trainer:133] - train epoch: 23 [21344/53526 (40%)], lr: ['1.00e-04', '1.00e-04'], loss: 0.018494
[2023-10-18 09:35:50,006][INFO][clas_trainer:133] - train epoch: 23 [26688/53526 (50%)], lr: ['1.00e-04', '1.00e-04'], loss: 0.039920
[2023-10-18 09:35:59,101][INFO][clas_trainer:133] - train epoch: 23 [32032/53526 (60%)], lr: ['1.00e-04', '1.00e-04'], loss: 0.008270
[2023-10-18 09:36:08,085][INFO][clas_trainer:133] - train epoch: 23 [37376/53526 (70%)], lr: ['1.00e-04', '1.00e-04'], loss: 0.040284
[2023-10-18 09:36:17,126][INFO][clas_trainer:133] - train epoch: 23 [42720/53526 (80%)], lr: ['1.00e-04', '1.00e-04'], loss: 0.003054
[2023-10-18 09:36:26,275][INFO][clas_trainer:133] - train epoch: 23 [48064/53526 (90%)], lr: ['1.00e-04', '1.00e-04'], loss: 0.009308
[2023-10-18 09:36:35,317][INFO][clas_trainer:133] - train epoch: 23 [53408/53526 (100%)], lr: ['1.00e-04', '1.00e-04'], loss: 0.265432
[2023-10-18 09:36:50,164][INFO][clas_trainer:63] - [epoch  23] execution time: 106.27s	metrics:
[2023-10-18 09:36:50,164][INFO][clas_evaluator:99] - dataset: earlystopping, avg f1-score: 0.7034
[2023-10-18 09:36:59,858][INFO][clas_trainer:133] - train epoch: 24 [5312/53526 (10%)], lr: ['1.00e-04', '1.00e-04'], loss: 0.046033
[2023-10-18 09:37:08,938][INFO][clas_trainer:133] - train epoch: 24 [10656/53526 (20%)], lr: ['1.00e-04', '1.00e-04'], loss: 0.048473
[2023-10-18 09:37:17,833][INFO][clas_trainer:133] - train epoch: 24 [16000/53526 (30%)], lr: ['1.00e-04', '1.00e-04'], loss: 0.004992
[2023-10-18 09:37:26,724][INFO][clas_trainer:133] - train epoch: 24 [21344/53526 (40%)], lr: ['1.00e-04', '1.00e-04'], loss: 0.027555
[2023-10-18 09:37:35,879][INFO][clas_trainer:133] - train epoch: 24 [26688/53526 (50%)], lr: ['1.00e-04', '1.00e-04'], loss: 0.012244
[2023-10-18 09:37:44,754][INFO][clas_trainer:133] - train epoch: 24 [32032/53526 (60%)], lr: ['1.00e-04', '1.00e-04'], loss: 0.016115
[2023-10-18 09:37:53,853][INFO][clas_trainer:133] - train epoch: 24 [37376/53526 (70%)], lr: ['1.00e-04', '1.00e-04'], loss: 0.009441
[2023-10-18 09:38:02,765][INFO][clas_trainer:133] - train epoch: 24 [42720/53526 (80%)], lr: ['1.00e-04', '1.00e-04'], loss: 0.076653
[2023-10-18 09:38:11,859][INFO][clas_trainer:133] - train epoch: 24 [48064/53526 (90%)], lr: ['1.00e-04', '1.00e-04'], loss: 0.013785
[2023-10-18 09:38:20,908][INFO][clas_trainer:133] - train epoch: 24 [53408/53526 (100%)], lr: ['1.00e-04', '1.00e-04'], loss: 0.005375
[2023-10-18 09:38:35,772][INFO][clas_trainer:63] - [epoch  24] execution time: 105.61s	metrics:
[2023-10-18 09:38:35,772][INFO][clas_evaluator:99] - dataset: earlystopping, avg f1-score: 0.7186
[2023-10-18 09:38:45,472][INFO][clas_trainer:133] - train epoch: 25 [5312/53526 (10%)], lr: ['1.00e-04', '1.00e-04'], loss: 0.008336
[2023-10-18 09:38:54,460][INFO][clas_trainer:133] - train epoch: 25 [10656/53526 (20%)], lr: ['1.00e-04', '1.00e-04'], loss: 0.005822
[2023-10-18 09:39:03,576][INFO][clas_trainer:133] - train epoch: 25 [16000/53526 (30%)], lr: ['1.00e-04', '1.00e-04'], loss: 0.037855
[2023-10-18 09:39:12,660][INFO][clas_trainer:133] - train epoch: 25 [21344/53526 (40%)], lr: ['1.00e-04', '1.00e-04'], loss: 0.064427
[2023-10-18 09:39:21,609][INFO][clas_trainer:133] - train epoch: 25 [26688/53526 (50%)], lr: ['1.00e-04', '1.00e-04'], loss: 0.006108
[2023-10-18 09:39:30,632][INFO][clas_trainer:133] - train epoch: 25 [32032/53526 (60%)], lr: ['1.00e-04', '1.00e-04'], loss: 0.188323
[2023-10-18 09:39:39,688][INFO][clas_trainer:133] - train epoch: 25 [37376/53526 (70%)], lr: ['1.00e-04', '1.00e-04'], loss: 0.010288
[2023-10-18 09:39:48,811][INFO][clas_trainer:133] - train epoch: 25 [42720/53526 (80%)], lr: ['1.00e-04', '1.00e-04'], loss: 0.025196
[2023-10-18 09:39:57,812][INFO][clas_trainer:133] - train epoch: 25 [48064/53526 (90%)], lr: ['1.00e-04', '1.00e-04'], loss: 0.005568
[2023-10-18 09:40:06,966][INFO][clas_trainer:133] - train epoch: 25 [53408/53526 (100%)], lr: ['1.00e-04', '1.00e-04'], loss: 0.064784
[2023-10-18 09:40:21,951][INFO][clas_trainer:63] - [epoch  25] execution time: 106.18s	metrics:
[2023-10-18 09:40:21,951][INFO][clas_evaluator:99] - dataset: earlystopping, avg f1-score: 0.7275
[2023-10-18 09:40:31,688][INFO][clas_trainer:133] - train epoch: 26 [5312/53526 (10%)], lr: ['1.00e-04', '1.00e-04'], loss: 0.005862
[2023-10-18 09:40:40,894][INFO][clas_trainer:133] - train epoch: 26 [10656/53526 (20%)], lr: ['1.00e-04', '1.00e-04'], loss: 0.033521
[2023-10-18 09:40:49,977][INFO][clas_trainer:133] - train epoch: 26 [16000/53526 (30%)], lr: ['1.00e-04', '1.00e-04'], loss: 0.007608
[2023-10-18 09:40:59,083][INFO][clas_trainer:133] - train epoch: 26 [21344/53526 (40%)], lr: ['1.00e-04', '1.00e-04'], loss: 0.028854
[2023-10-18 09:41:08,180][INFO][clas_trainer:133] - train epoch: 26 [26688/53526 (50%)], lr: ['1.00e-04', '1.00e-04'], loss: 0.000432
[2023-10-18 09:41:17,337][INFO][clas_trainer:133] - train epoch: 26 [32032/53526 (60%)], lr: ['1.00e-04', '1.00e-04'], loss: 0.003929
[2023-10-18 09:41:26,457][INFO][clas_trainer:133] - train epoch: 26 [37376/53526 (70%)], lr: ['1.00e-04', '1.00e-04'], loss: 0.042983
[2023-10-18 09:41:35,538][INFO][clas_trainer:133] - train epoch: 26 [42720/53526 (80%)], lr: ['1.00e-04', '1.00e-04'], loss: 0.025666
[2023-10-18 09:41:44,587][INFO][clas_trainer:133] - train epoch: 26 [48064/53526 (90%)], lr: ['1.00e-04', '1.00e-04'], loss: 0.081417
[2023-10-18 09:41:53,491][INFO][clas_trainer:133] - train epoch: 26 [53408/53526 (100%)], lr: ['1.00e-04', '1.00e-04'], loss: 0.086346
[2023-10-18 09:42:08,570][INFO][clas_trainer:63] - [epoch  26] execution time: 106.62s	metrics:
[2023-10-18 09:42:08,570][INFO][clas_evaluator:99] - dataset: earlystopping, avg f1-score: 0.7179
[2023-10-18 09:42:18,102][INFO][clas_trainer:133] - train epoch: 27 [5312/53526 (10%)], lr: ['1.00e-04', '1.00e-04'], loss: 0.015744
[2023-10-18 09:42:27,342][INFO][clas_trainer:133] - train epoch: 27 [10656/53526 (20%)], lr: ['1.00e-04', '1.00e-04'], loss: 0.007680
[2023-10-18 09:42:36,469][INFO][clas_trainer:133] - train epoch: 27 [16000/53526 (30%)], lr: ['1.00e-04', '1.00e-04'], loss: 0.071316
[2023-10-18 09:42:45,375][INFO][clas_trainer:133] - train epoch: 27 [21344/53526 (40%)], lr: ['1.00e-04', '1.00e-04'], loss: 0.059626
[2023-10-18 09:42:54,470][INFO][clas_trainer:133] - train epoch: 27 [26688/53526 (50%)], lr: ['1.00e-04', '1.00e-04'], loss: 0.004560
[2023-10-18 09:43:03,745][INFO][clas_trainer:133] - train epoch: 27 [32032/53526 (60%)], lr: ['1.00e-04', '1.00e-04'], loss: 0.050665
[2023-10-18 09:43:12,867][INFO][clas_trainer:133] - train epoch: 27 [37376/53526 (70%)], lr: ['1.00e-04', '1.00e-04'], loss: 0.130618
[2023-10-18 09:43:21,920][INFO][clas_trainer:133] - train epoch: 27 [42720/53526 (80%)], lr: ['1.00e-04', '1.00e-04'], loss: 0.004181
[2023-10-18 09:43:30,974][INFO][clas_trainer:133] - train epoch: 27 [48064/53526 (90%)], lr: ['1.00e-04', '1.00e-04'], loss: 0.015392
[2023-10-18 09:43:40,287][INFO][clas_trainer:133] - train epoch: 27 [53408/53526 (100%)], lr: ['1.00e-04', '1.00e-04'], loss: 0.043676
[2023-10-18 09:43:55,291][INFO][clas_trainer:63] - [epoch  27] execution time: 106.72s	metrics:
[2023-10-18 09:43:55,292][INFO][clas_evaluator:99] - dataset: earlystopping, avg f1-score: 0.7273
[2023-10-18 09:43:55,299][INFO][clas_trainer:79] - finished training
[2023-10-18 09:43:55,299][INFO][clas_trainer:80] - best model on epoch: 17 	f1-score: 0.7377
