[2024-03-02 01:56:20,976][INFO][fine-tune:33] - Using GPU 0
[2024-03-02 01:56:20,984][INFO][fine-tune:43] - overrides:
hydra:
- hydra.launcher.n_jobs=10
- hydra.mode=MULTIRUN
task:
- m_seed_path_sids={seeds:[13,13,13,13,13],path:"exp001b-m13-simple_multi_class-2024-03-01_15-35-58-final.pth",subject_ids:{dod_o_h:$\{data.dod_o_h.cv_5_fold.fold_4\}}}
- data.downstream.train_dataloader.dataset.data_reducer.n_subjects=56
- general.gpus=[0]

[2024-03-02 01:56:28,915][INFO][data_loaders:71] - class distribution before data reduction:
# samples per subject
095d6e40-5f19-55b6-a0ec-6e0ad3793da0: 1192
0d79f4b1-e74f-5e87-8e42-f9dd7112ada5: 968
100df108-eb57-5eaa-a413-f7e4436a7895: 952
130f3f52-7d0a-551e-af61-2ee75455e5c9: 989
16450f5a-9b65-5536-85e1-93816c8b89eb: 816
18482adf-1144-54ca-9e35-27f65c43a105: 824
1da3544e-dc5c-5795-adc3-f5068959211f: 955
2159377e-ebf3-5565-9014-1e2ae69dc1d2: 907
2d01dc34-f36c-562e-b24a-d20dc798fdfc: 837
2e865ca9-e20f-5a6f-bd25-45d28cc9eab9: 950
30e8a05b-4cf1-5aa8-9ef7-28d6e2949ad5: 699
32556393-bb57-560a-99e8-e09885219647: 1106
37d0da97-9ae8-5413-b889-4e843ff35488: 1011
3dd35e7b-d7e2-516d-8a85-e0d58a59569f: 1093
3e842aa8-bcd9-521e-93a2-72124233fe2c: 620
40e25dd4-6087-5747-b9c2-4838ada86b15: 1076
47f45aa2-31c4-595b-bdb6-f1348bba062b: 1032
4b72b905-5521-5c57-b666-e20ff9bb195f: 868
4e3c4ac4-69e2-5347-a3b0-662c204d259d: 926
52fbe46b-206c-584a-9f4f-1eb308e07bac: 1064
5bf0f969-304c-581e-949c-50c108f62846: 947
5ddbc68c-1283-5c27-952b-d7f102291bc2: 1097
64959ac4-53b5-5868-a845-c7476e9fdf7b: 990
67fa8e29-6f4d-530e-9422-bbc3aca86ed0: 1046
6e2aa933-c51c-5a31-8c7b-83da8d076a12: 905
730aba3b-e310-5be0-9eed-7c3123466834: 1120
79e8a04e-0fdd-53ae-bedc-d49d08e29103: 918
7ab8ff5f-a77f-567d-9882-f8bee0c3c9bf: 989
7d778801-88e7-5086-ad1d-70f31a371876: 999
7f5237b1-2196-5c8a-9543-a5aa70210ef4: 931
844f68ba-265e-53e6-bf47-6c85d1804a7b: 957
90aef91a-252f-5ccc-a82e-78ea7ee9ca1f: 1089
a0c91989-530f-5117-80c1-2488dbed683c: 1017
a35a118e-e65e-5928-92a9-4354a6a0f4ce: 813
a65a9e69-cddf-5711-9a97-de8bfdeb08cc: 961
a79d1f0e-c133-5aa0-8268-cdcc05825f0f: 1046
aa160c78-6da3-5e05-8fc9-d6c13e9f97e0: 1010
ad47bc12-199c-5294-9cb8-4351bbbf7b5e: 893
b2d3ccdd-395c-5dd2-81d9-252bcfc0c337: 902
b3706da5-748b-5dd1-a552-f57e4456cdf6: 1041
b5d5785d-87ee-5078-b9b9-aac6abd4d8de: 918
bb474ab0-c2ce-573b-8acd-ef86b0fa26a2: 1142
c03e27b0-4cb5-584f-aaea-8f1e1ed6513c: 1121
c11c730f-0b6b-580b-af31-d8f0ebbbdfce: 917
c31a47f9-e400-5841-a22b-521c81042603: 986
c8110476-594c-533d-95bd-86147fccc987: 995
c985916d-46a5-5c3e-9d50-a5a91f460bac: 1024
cc3b4b63-4a6f-5f28-ac7e-62f83c271449: 1076
cebd3520-4e77-5222-a614-d2888e6afc2b: 1109
d3cadb78-cb8c-5a6e-885c-392e457c68b1: 982
d5181c33-a43b-5dfe-8ad7-0337facb092a: 977
e59c45e0-0c0c-565f-84a9-6cf0ec5ef6c1: 844
e6b7cbef-4c9d-5541-82e8-04810de0fb60: 819
e72505f1-21be-5d66-b620-cfcfa2d754bc: 973
f2a69bdc-ed51-5e3f-b102-6b3f7d392be0: 960
f66bc75e-778b-5037-af86-b5275cd4c79f: 865

# samples per stage
0: 9652
1: 2825
2: 26762
3: 6342
4: 8683
[2024-03-02 01:56:29,076][INFO][data_loaders:77] - class distribution after data reduction:
# samples per subject
095d6e40-5f19-55b6-a0ec-6e0ad3793da0: 1192
0d79f4b1-e74f-5e87-8e42-f9dd7112ada5: 968
100df108-eb57-5eaa-a413-f7e4436a7895: 952
130f3f52-7d0a-551e-af61-2ee75455e5c9: 989
16450f5a-9b65-5536-85e1-93816c8b89eb: 816
18482adf-1144-54ca-9e35-27f65c43a105: 824
1da3544e-dc5c-5795-adc3-f5068959211f: 955
2159377e-ebf3-5565-9014-1e2ae69dc1d2: 907
2d01dc34-f36c-562e-b24a-d20dc798fdfc: 837
2e865ca9-e20f-5a6f-bd25-45d28cc9eab9: 950
30e8a05b-4cf1-5aa8-9ef7-28d6e2949ad5: 699
32556393-bb57-560a-99e8-e09885219647: 1106
37d0da97-9ae8-5413-b889-4e843ff35488: 1011
3dd35e7b-d7e2-516d-8a85-e0d58a59569f: 1093
3e842aa8-bcd9-521e-93a2-72124233fe2c: 620
40e25dd4-6087-5747-b9c2-4838ada86b15: 1076
47f45aa2-31c4-595b-bdb6-f1348bba062b: 1032
4b72b905-5521-5c57-b666-e20ff9bb195f: 868
4e3c4ac4-69e2-5347-a3b0-662c204d259d: 926
52fbe46b-206c-584a-9f4f-1eb308e07bac: 1064
5bf0f969-304c-581e-949c-50c108f62846: 947
5ddbc68c-1283-5c27-952b-d7f102291bc2: 1097
64959ac4-53b5-5868-a845-c7476e9fdf7b: 990
67fa8e29-6f4d-530e-9422-bbc3aca86ed0: 1046
6e2aa933-c51c-5a31-8c7b-83da8d076a12: 905
730aba3b-e310-5be0-9eed-7c3123466834: 1120
79e8a04e-0fdd-53ae-bedc-d49d08e29103: 918
7ab8ff5f-a77f-567d-9882-f8bee0c3c9bf: 989
7d778801-88e7-5086-ad1d-70f31a371876: 999
7f5237b1-2196-5c8a-9543-a5aa70210ef4: 931
844f68ba-265e-53e6-bf47-6c85d1804a7b: 957
90aef91a-252f-5ccc-a82e-78ea7ee9ca1f: 1089
a0c91989-530f-5117-80c1-2488dbed683c: 1017
a35a118e-e65e-5928-92a9-4354a6a0f4ce: 813
a65a9e69-cddf-5711-9a97-de8bfdeb08cc: 961
a79d1f0e-c133-5aa0-8268-cdcc05825f0f: 1046
aa160c78-6da3-5e05-8fc9-d6c13e9f97e0: 1010
ad47bc12-199c-5294-9cb8-4351bbbf7b5e: 893
b2d3ccdd-395c-5dd2-81d9-252bcfc0c337: 902
b3706da5-748b-5dd1-a552-f57e4456cdf6: 1041
b5d5785d-87ee-5078-b9b9-aac6abd4d8de: 918
bb474ab0-c2ce-573b-8acd-ef86b0fa26a2: 1142
c03e27b0-4cb5-584f-aaea-8f1e1ed6513c: 1121
c11c730f-0b6b-580b-af31-d8f0ebbbdfce: 917
c31a47f9-e400-5841-a22b-521c81042603: 986
c8110476-594c-533d-95bd-86147fccc987: 995
c985916d-46a5-5c3e-9d50-a5a91f460bac: 1024
cc3b4b63-4a6f-5f28-ac7e-62f83c271449: 1076
cebd3520-4e77-5222-a614-d2888e6afc2b: 1109
d3cadb78-cb8c-5a6e-885c-392e457c68b1: 982
d5181c33-a43b-5dfe-8ad7-0337facb092a: 977
e59c45e0-0c0c-565f-84a9-6cf0ec5ef6c1: 844
e6b7cbef-4c9d-5541-82e8-04810de0fb60: 819
e72505f1-21be-5d66-b620-cfcfa2d754bc: 973
f2a69bdc-ed51-5e3f-b102-6b3f7d392be0: 960
f66bc75e-778b-5037-af86-b5275cd4c79f: 865

# samples per stage
0: 9652
1: 2825
2: 26762
3: 6342
4: 8683
[2024-03-02 01:56:29,090][INFO][base_pret_fe:84] - Loading model from exp001b-m13-simple_multi_class-2024-03-01_15-35-58-final.pth
[2024-03-02 01:56:29,997][INFO][data_loaders:71] - class distribution before data reduction:
# samples per subject
0416d51f-5d69-5326-b74a-a2e31a96a1ef: 822
119f9726-eb4c-5a0e-a7bb-9e15256149a1: 932
1fa6c401-d819-50f5-8146-a0bb9e2b2516: 986
22bea84c-5d23-5e49-bc2d-9764f883955b: 1048
6a7503ac-ab3a-5d5b-b474-4b0fe37748dd: 1213
a30245e3-4a71-565f-9636-92e7d2e825fc: 1122
a4568951-bf87-5bbc-bc4f-28e93c360be6: 975
fc10ee0b-b863-511b-bce8-4dfa7af8ac3a: 910

# samples per stage
0: 1486
1: 461
2: 3828
3: 1026
4: 1207
[2024-03-02 01:56:30,019][INFO][data_loaders:77] - class distribution after data reduction:
# samples per subject
0416d51f-5d69-5326-b74a-a2e31a96a1ef: 822
119f9726-eb4c-5a0e-a7bb-9e15256149a1: 932
1fa6c401-d819-50f5-8146-a0bb9e2b2516: 986
22bea84c-5d23-5e49-bc2d-9764f883955b: 1048
6a7503ac-ab3a-5d5b-b474-4b0fe37748dd: 1213
a30245e3-4a71-565f-9636-92e7d2e825fc: 1122
a4568951-bf87-5bbc-bc4f-28e93c360be6: 975
fc10ee0b-b863-511b-bce8-4dfa7af8ac3a: 910

# samples per stage
0: 1486
1: 461
2: 3828
3: 1026
4: 1207
[2024-03-02 01:56:30,059][INFO][clas_trainer:82] - metrics before training (epoch 0):
[2024-03-02 01:56:34,255][INFO][clas_evaluator:69] - dataset: earlystopping, avg f1-score: 0.1512
[2024-03-02 01:56:39,299][INFO][clas_trainer:180] - train epoch: 1 [5376/54264 (10%)], lr: ['1.00e-04'], loss: 0.846765
[2024-03-02 01:56:43,994][INFO][clas_trainer:180] - train epoch: 1 [10784/54264 (20%)], lr: ['1.00e-04'], loss: 0.776692
[2024-03-02 01:56:48,650][INFO][clas_trainer:180] - train epoch: 1 [16192/54264 (30%)], lr: ['1.00e-04'], loss: 0.679030
[2024-03-02 01:56:53,388][INFO][clas_trainer:180] - train epoch: 1 [21600/54264 (40%)], lr: ['1.00e-04'], loss: 0.733269
[2024-03-02 01:56:58,199][INFO][clas_trainer:180] - train epoch: 1 [27008/54264 (50%)], lr: ['1.00e-04'], loss: 0.637706
[2024-03-02 01:57:02,608][INFO][clas_trainer:180] - train epoch: 1 [32416/54264 (60%)], lr: ['1.00e-04'], loss: 0.516024
[2024-03-02 01:57:07,245][INFO][clas_trainer:180] - train epoch: 1 [37824/54264 (70%)], lr: ['1.00e-04'], loss: 0.646268
[2024-03-02 01:57:11,553][INFO][clas_trainer:180] - train epoch: 1 [43232/54264 (80%)], lr: ['1.00e-04'], loss: 0.620173
[2024-03-02 01:57:15,972][INFO][clas_trainer:180] - train epoch: 1 [48640/54264 (90%)], lr: ['1.00e-04'], loss: 0.279987
[2024-03-02 01:57:20,352][INFO][clas_trainer:180] - train epoch: 1 [54048/54264 (100%)], lr: ['1.00e-04'], loss: 0.395132
[2024-03-02 01:57:25,231][INFO][clas_trainer:96] - [epoch   1] execution time: 50.98s	metrics:
[2024-03-02 01:57:25,232][INFO][clas_evaluator:69] - dataset: earlystopping, avg f1-score: 0.6796
[2024-03-02 01:57:25,259][INFO][base_model:70] - snapshot saved to /home/users/grieger/repos/frequency-pretraining/models/exp001b-m78-base_fe_clas-2024-03-02_00-02-17-final.pth
[2024-03-02 01:57:30,720][INFO][clas_trainer:180] - train epoch: 2 [5376/54264 (10%)], lr: ['1.00e-04'], loss: 0.373540
[2024-03-02 01:57:34,996][INFO][clas_trainer:180] - train epoch: 2 [10784/54264 (20%)], lr: ['1.00e-04'], loss: 0.375074
[2024-03-02 01:57:39,137][INFO][clas_trainer:180] - train epoch: 2 [16192/54264 (30%)], lr: ['1.00e-04'], loss: 0.404788
[2024-03-02 01:57:43,730][INFO][clas_trainer:180] - train epoch: 2 [21600/54264 (40%)], lr: ['1.00e-04'], loss: 0.361642
[2024-03-02 01:57:48,153][INFO][clas_trainer:180] - train epoch: 2 [27008/54264 (50%)], lr: ['1.00e-04'], loss: 0.355751
[2024-03-02 01:57:52,895][INFO][clas_trainer:180] - train epoch: 2 [32416/54264 (60%)], lr: ['1.00e-04'], loss: 0.522912
[2024-03-02 01:57:57,584][INFO][clas_trainer:180] - train epoch: 2 [37824/54264 (70%)], lr: ['1.00e-04'], loss: 0.344363
[2024-03-02 01:58:02,044][INFO][clas_trainer:180] - train epoch: 2 [43232/54264 (80%)], lr: ['1.00e-04'], loss: 0.562593
[2024-03-02 01:58:06,657][INFO][clas_trainer:180] - train epoch: 2 [48640/54264 (90%)], lr: ['1.00e-04'], loss: 0.258534
[2024-03-02 01:58:12,122][INFO][clas_trainer:180] - train epoch: 2 [54048/54264 (100%)], lr: ['1.00e-04'], loss: 0.584806
[2024-03-02 01:58:16,892][INFO][clas_trainer:96] - [epoch   2] execution time: 51.63s	metrics:
[2024-03-02 01:58:16,892][INFO][clas_evaluator:69] - dataset: earlystopping, avg f1-score: 0.6976
[2024-03-02 01:58:16,943][INFO][base_model:70] - snapshot saved to /home/users/grieger/repos/frequency-pretraining/models/exp001b-m78-base_fe_clas-2024-03-02_00-02-17-final.pth
[2024-03-02 01:58:22,306][INFO][clas_trainer:180] - train epoch: 3 [5376/54264 (10%)], lr: ['1.00e-04'], loss: 0.659843
[2024-03-02 01:58:26,664][INFO][clas_trainer:180] - train epoch: 3 [10784/54264 (20%)], lr: ['1.00e-04'], loss: 0.530762
[2024-03-02 01:58:30,753][INFO][clas_trainer:180] - train epoch: 3 [16192/54264 (30%)], lr: ['1.00e-04'], loss: 0.368340
[2024-03-02 01:58:34,946][INFO][clas_trainer:180] - train epoch: 3 [21600/54264 (40%)], lr: ['1.00e-04'], loss: 0.309405
[2024-03-02 01:58:38,926][INFO][clas_trainer:180] - train epoch: 3 [27008/54264 (50%)], lr: ['1.00e-04'], loss: 0.358592
[2024-03-02 01:58:43,049][INFO][clas_trainer:180] - train epoch: 3 [32416/54264 (60%)], lr: ['1.00e-04'], loss: 0.177871
[2024-03-02 01:58:47,282][INFO][clas_trainer:180] - train epoch: 3 [37824/54264 (70%)], lr: ['1.00e-04'], loss: 0.238837
[2024-03-02 01:58:51,683][INFO][clas_trainer:180] - train epoch: 3 [43232/54264 (80%)], lr: ['1.00e-04'], loss: 0.622847
[2024-03-02 01:58:56,041][INFO][clas_trainer:180] - train epoch: 3 [48640/54264 (90%)], lr: ['1.00e-04'], loss: 0.579170
[2024-03-02 01:59:00,622][INFO][clas_trainer:180] - train epoch: 3 [54048/54264 (100%)], lr: ['1.00e-04'], loss: 0.383550
[2024-03-02 01:59:05,750][INFO][clas_trainer:96] - [epoch   3] execution time: 48.81s	metrics:
[2024-03-02 01:59:05,751][INFO][clas_evaluator:69] - dataset: earlystopping, avg f1-score: 0.7197
[2024-03-02 01:59:05,786][INFO][base_model:70] - snapshot saved to /home/users/grieger/repos/frequency-pretraining/models/exp001b-m78-base_fe_clas-2024-03-02_00-02-17-final.pth
[2024-03-02 01:59:11,407][INFO][clas_trainer:180] - train epoch: 4 [5376/54264 (10%)], lr: ['1.00e-04'], loss: 0.593997
[2024-03-02 01:59:16,037][INFO][clas_trainer:180] - train epoch: 4 [10784/54264 (20%)], lr: ['1.00e-04'], loss: 0.441541
[2024-03-02 01:59:20,621][INFO][clas_trainer:180] - train epoch: 4 [16192/54264 (30%)], lr: ['1.00e-04'], loss: 0.396604
[2024-03-02 01:59:25,496][INFO][clas_trainer:180] - train epoch: 4 [21600/54264 (40%)], lr: ['1.00e-04'], loss: 0.562202
[2024-03-02 01:59:30,000][INFO][clas_trainer:180] - train epoch: 4 [27008/54264 (50%)], lr: ['1.00e-04'], loss: 0.734589
[2024-03-02 01:59:34,299][INFO][clas_trainer:180] - train epoch: 4 [32416/54264 (60%)], lr: ['1.00e-04'], loss: 0.582263
[2024-03-02 01:59:38,756][INFO][clas_trainer:180] - train epoch: 4 [37824/54264 (70%)], lr: ['1.00e-04'], loss: 0.339270
[2024-03-02 01:59:43,459][INFO][clas_trainer:180] - train epoch: 4 [43232/54264 (80%)], lr: ['1.00e-04'], loss: 0.372397
[2024-03-02 01:59:47,857][INFO][clas_trainer:180] - train epoch: 4 [48640/54264 (90%)], lr: ['1.00e-04'], loss: 0.566575
[2024-03-02 01:59:52,738][INFO][clas_trainer:180] - train epoch: 4 [54048/54264 (100%)], lr: ['1.00e-04'], loss: 0.379234
[2024-03-02 01:59:58,100][INFO][clas_trainer:96] - [epoch   4] execution time: 52.31s	metrics:
[2024-03-02 01:59:58,101][INFO][clas_evaluator:69] - dataset: earlystopping, avg f1-score: 0.7038
[2024-03-02 02:00:03,177][INFO][clas_trainer:180] - train epoch: 5 [5376/54264 (10%)], lr: ['1.00e-04'], loss: 0.277358
[2024-03-02 02:00:07,614][INFO][clas_trainer:180] - train epoch: 5 [10784/54264 (20%)], lr: ['1.00e-04'], loss: 0.422418
[2024-03-02 02:00:11,991][INFO][clas_trainer:180] - train epoch: 5 [16192/54264 (30%)], lr: ['1.00e-04'], loss: 0.619400
[2024-03-02 02:00:16,673][INFO][clas_trainer:180] - train epoch: 5 [21600/54264 (40%)], lr: ['1.00e-04'], loss: 0.487077
[2024-03-02 02:00:21,220][INFO][clas_trainer:180] - train epoch: 5 [27008/54264 (50%)], lr: ['1.00e-04'], loss: 0.277217
[2024-03-02 02:00:25,576][INFO][clas_trainer:180] - train epoch: 5 [32416/54264 (60%)], lr: ['1.00e-04'], loss: 0.283234
[2024-03-02 02:00:30,099][INFO][clas_trainer:180] - train epoch: 5 [37824/54264 (70%)], lr: ['1.00e-04'], loss: 0.367506
[2024-03-02 02:00:34,460][INFO][clas_trainer:180] - train epoch: 5 [43232/54264 (80%)], lr: ['1.00e-04'], loss: 0.414980
[2024-03-02 02:00:38,826][INFO][clas_trainer:180] - train epoch: 5 [48640/54264 (90%)], lr: ['1.00e-04'], loss: 0.424840
[2024-03-02 02:00:43,457][INFO][clas_trainer:180] - train epoch: 5 [54048/54264 (100%)], lr: ['1.00e-04'], loss: 0.255034
[2024-03-02 02:00:48,342][INFO][clas_trainer:96] - [epoch   5] execution time: 50.24s	metrics:
[2024-03-02 02:00:48,342][INFO][clas_evaluator:69] - dataset: earlystopping, avg f1-score: 0.7222
[2024-03-02 02:00:48,381][INFO][base_model:70] - snapshot saved to /home/users/grieger/repos/frequency-pretraining/models/exp001b-m78-base_fe_clas-2024-03-02_00-02-17-final.pth
[2024-03-02 02:00:52,671][INFO][clas_trainer:180] - train epoch: 6 [5376/54264 (10%)], lr: ['1.00e-04'], loss: 0.585376
[2024-03-02 02:00:57,060][INFO][clas_trainer:180] - train epoch: 6 [10784/54264 (20%)], lr: ['1.00e-04'], loss: 0.182263
[2024-03-02 02:01:01,239][INFO][clas_trainer:180] - train epoch: 6 [16192/54264 (30%)], lr: ['1.00e-04'], loss: 0.355246
[2024-03-02 02:01:05,670][INFO][clas_trainer:180] - train epoch: 6 [21600/54264 (40%)], lr: ['1.00e-04'], loss: 0.370145
[2024-03-02 02:01:10,312][INFO][clas_trainer:180] - train epoch: 6 [27008/54264 (50%)], lr: ['1.00e-04'], loss: 0.377798
[2024-03-02 02:01:14,537][INFO][clas_trainer:180] - train epoch: 6 [32416/54264 (60%)], lr: ['1.00e-04'], loss: 0.290014
[2024-03-02 02:01:18,779][INFO][clas_trainer:180] - train epoch: 6 [37824/54264 (70%)], lr: ['1.00e-04'], loss: 0.390454
[2024-03-02 02:01:23,015][INFO][clas_trainer:180] - train epoch: 6 [43232/54264 (80%)], lr: ['1.00e-04'], loss: 0.455969
[2024-03-02 02:01:27,894][INFO][clas_trainer:180] - train epoch: 6 [48640/54264 (90%)], lr: ['1.00e-04'], loss: 0.278024
[2024-03-02 02:01:32,680][INFO][clas_trainer:180] - train epoch: 6 [54048/54264 (100%)], lr: ['1.00e-04'], loss: 0.203758
[2024-03-02 02:01:37,104][INFO][clas_trainer:96] - [epoch   6] execution time: 48.72s	metrics:
[2024-03-02 02:01:37,105][INFO][clas_evaluator:69] - dataset: earlystopping, avg f1-score: 0.7023
[2024-03-02 02:01:41,885][INFO][clas_trainer:180] - train epoch: 7 [5376/54264 (10%)], lr: ['1.00e-04'], loss: 0.501074
[2024-03-02 02:01:46,270][INFO][clas_trainer:180] - train epoch: 7 [10784/54264 (20%)], lr: ['1.00e-04'], loss: 0.351594
[2024-03-02 02:01:50,716][INFO][clas_trainer:180] - train epoch: 7 [16192/54264 (30%)], lr: ['1.00e-04'], loss: 0.271668
[2024-03-02 02:01:55,657][INFO][clas_trainer:180] - train epoch: 7 [21600/54264 (40%)], lr: ['1.00e-04'], loss: 0.226977
[2024-03-02 02:02:00,346][INFO][clas_trainer:180] - train epoch: 7 [27008/54264 (50%)], lr: ['1.00e-04'], loss: 0.545199
[2024-03-02 02:02:04,977][INFO][clas_trainer:180] - train epoch: 7 [32416/54264 (60%)], lr: ['1.00e-04'], loss: 0.350249
[2024-03-02 02:02:09,514][INFO][clas_trainer:180] - train epoch: 7 [37824/54264 (70%)], lr: ['1.00e-04'], loss: 0.605480
[2024-03-02 02:02:14,288][INFO][clas_trainer:180] - train epoch: 7 [43232/54264 (80%)], lr: ['1.00e-04'], loss: 0.494762
[2024-03-02 02:02:18,985][INFO][clas_trainer:180] - train epoch: 7 [48640/54264 (90%)], lr: ['1.00e-04'], loss: 0.191638
[2024-03-02 02:02:23,681][INFO][clas_trainer:180] - train epoch: 7 [54048/54264 (100%)], lr: ['1.00e-04'], loss: 0.197983
[2024-03-02 02:02:29,076][INFO][clas_trainer:96] - [epoch   7] execution time: 51.97s	metrics:
[2024-03-02 02:02:29,077][INFO][clas_evaluator:69] - dataset: earlystopping, avg f1-score: 0.7030
[2024-03-02 02:02:34,592][INFO][clas_trainer:180] - train epoch: 8 [5376/54264 (10%)], lr: ['1.00e-04'], loss: 0.221743
[2024-03-02 02:02:39,295][INFO][clas_trainer:180] - train epoch: 8 [10784/54264 (20%)], lr: ['1.00e-04'], loss: 0.245337
[2024-03-02 02:02:43,817][INFO][clas_trainer:180] - train epoch: 8 [16192/54264 (30%)], lr: ['1.00e-04'], loss: 0.494478
[2024-03-02 02:02:48,580][INFO][clas_trainer:180] - train epoch: 8 [21600/54264 (40%)], lr: ['1.00e-04'], loss: 0.306687
[2024-03-02 02:02:53,298][INFO][clas_trainer:180] - train epoch: 8 [27008/54264 (50%)], lr: ['1.00e-04'], loss: 0.405419
[2024-03-02 02:02:57,785][INFO][clas_trainer:180] - train epoch: 8 [32416/54264 (60%)], lr: ['1.00e-04'], loss: 0.452025
[2024-03-02 02:03:02,428][INFO][clas_trainer:180] - train epoch: 8 [37824/54264 (70%)], lr: ['1.00e-04'], loss: 0.770020
[2024-03-02 02:03:07,047][INFO][clas_trainer:180] - train epoch: 8 [43232/54264 (80%)], lr: ['1.00e-04'], loss: 0.185095
[2024-03-02 02:03:11,534][INFO][clas_trainer:180] - train epoch: 8 [48640/54264 (90%)], lr: ['1.00e-04'], loss: 0.294494
[2024-03-02 02:03:16,155][INFO][clas_trainer:180] - train epoch: 8 [54048/54264 (100%)], lr: ['1.00e-04'], loss: 0.258960
[2024-03-02 02:03:20,899][INFO][clas_trainer:96] - [epoch   8] execution time: 51.82s	metrics:
[2024-03-02 02:03:20,900][INFO][clas_evaluator:69] - dataset: earlystopping, avg f1-score: 0.7186
[2024-03-02 02:03:26,254][INFO][clas_trainer:180] - train epoch: 9 [5376/54264 (10%)], lr: ['1.00e-04'], loss: 0.434311
[2024-03-02 02:03:30,907][INFO][clas_trainer:180] - train epoch: 9 [10784/54264 (20%)], lr: ['1.00e-04'], loss: 0.269440
[2024-03-02 02:03:35,516][INFO][clas_trainer:180] - train epoch: 9 [16192/54264 (30%)], lr: ['1.00e-04'], loss: 0.496418
[2024-03-02 02:03:39,868][INFO][clas_trainer:180] - train epoch: 9 [21600/54264 (40%)], lr: ['1.00e-04'], loss: 0.234749
[2024-03-02 02:03:44,335][INFO][clas_trainer:180] - train epoch: 9 [27008/54264 (50%)], lr: ['1.00e-04'], loss: 0.316139
[2024-03-02 02:03:48,960][INFO][clas_trainer:180] - train epoch: 9 [32416/54264 (60%)], lr: ['1.00e-04'], loss: 0.308684
[2024-03-02 02:03:53,330][INFO][clas_trainer:180] - train epoch: 9 [37824/54264 (70%)], lr: ['1.00e-04'], loss: 0.650988
[2024-03-02 02:03:57,711][INFO][clas_trainer:180] - train epoch: 9 [43232/54264 (80%)], lr: ['1.00e-04'], loss: 0.181264
[2024-03-02 02:04:02,047][INFO][clas_trainer:180] - train epoch: 9 [48640/54264 (90%)], lr: ['1.00e-04'], loss: 0.454061
[2024-03-02 02:04:06,408][INFO][clas_trainer:180] - train epoch: 9 [54048/54264 (100%)], lr: ['1.00e-04'], loss: 0.389861
[2024-03-02 02:04:11,599][INFO][clas_trainer:96] - [epoch   9] execution time: 50.70s	metrics:
[2024-03-02 02:04:11,599][INFO][clas_evaluator:69] - dataset: earlystopping, avg f1-score: 0.7382
[2024-03-02 02:04:11,627][INFO][base_model:70] - snapshot saved to /home/users/grieger/repos/frequency-pretraining/models/exp001b-m78-base_fe_clas-2024-03-02_00-02-17-final.pth
[2024-03-02 02:04:16,357][INFO][clas_trainer:180] - train epoch: 10 [5376/54264 (10%)], lr: ['1.00e-04'], loss: 0.154856
[2024-03-02 02:04:20,570][INFO][clas_trainer:180] - train epoch: 10 [10784/54264 (20%)], lr: ['1.00e-04'], loss: 0.191189
[2024-03-02 02:04:25,018][INFO][clas_trainer:180] - train epoch: 10 [16192/54264 (30%)], lr: ['1.00e-04'], loss: 0.247468
[2024-03-02 02:04:29,510][INFO][clas_trainer:180] - train epoch: 10 [21600/54264 (40%)], lr: ['1.00e-04'], loss: 0.192842
[2024-03-02 02:04:34,087][INFO][clas_trainer:180] - train epoch: 10 [27008/54264 (50%)], lr: ['1.00e-04'], loss: 0.280656
[2024-03-02 02:04:38,678][INFO][clas_trainer:180] - train epoch: 10 [32416/54264 (60%)], lr: ['1.00e-04'], loss: 0.294134
[2024-03-02 02:04:43,323][INFO][clas_trainer:180] - train epoch: 10 [37824/54264 (70%)], lr: ['1.00e-04'], loss: 0.643205
[2024-03-02 02:04:47,992][INFO][clas_trainer:180] - train epoch: 10 [43232/54264 (80%)], lr: ['1.00e-04'], loss: 0.236935
[2024-03-02 02:04:52,538][INFO][clas_trainer:180] - train epoch: 10 [48640/54264 (90%)], lr: ['1.00e-04'], loss: 0.293148
[2024-03-02 02:04:57,055][INFO][clas_trainer:180] - train epoch: 10 [54048/54264 (100%)], lr: ['1.00e-04'], loss: 0.292948
[2024-03-02 02:05:01,824][INFO][clas_trainer:96] - [epoch  10] execution time: 50.20s	metrics:
[2024-03-02 02:05:01,824][INFO][clas_evaluator:69] - dataset: earlystopping, avg f1-score: 0.7366
[2024-03-02 02:05:06,413][INFO][clas_trainer:180] - train epoch: 11 [5376/54264 (10%)], lr: ['1.00e-04'], loss: 0.102319
[2024-03-02 02:05:10,752][INFO][clas_trainer:180] - train epoch: 11 [10784/54264 (20%)], lr: ['1.00e-04'], loss: 0.323062
[2024-03-02 02:05:15,411][INFO][clas_trainer:180] - train epoch: 11 [16192/54264 (30%)], lr: ['1.00e-04'], loss: 0.199825
[2024-03-02 02:05:19,915][INFO][clas_trainer:180] - train epoch: 11 [21600/54264 (40%)], lr: ['1.00e-04'], loss: 0.393943
[2024-03-02 02:05:24,673][INFO][clas_trainer:180] - train epoch: 11 [27008/54264 (50%)], lr: ['1.00e-04'], loss: 0.179650
[2024-03-02 02:05:29,492][INFO][clas_trainer:180] - train epoch: 11 [32416/54264 (60%)], lr: ['1.00e-04'], loss: 0.373637
[2024-03-02 02:05:33,890][INFO][clas_trainer:180] - train epoch: 11 [37824/54264 (70%)], lr: ['1.00e-04'], loss: 0.396422
[2024-03-02 02:05:38,210][INFO][clas_trainer:180] - train epoch: 11 [43232/54264 (80%)], lr: ['1.00e-04'], loss: 0.338656
[2024-03-02 02:05:42,708][INFO][clas_trainer:180] - train epoch: 11 [48640/54264 (90%)], lr: ['1.00e-04'], loss: 0.248416
[2024-03-02 02:05:47,331][INFO][clas_trainer:180] - train epoch: 11 [54048/54264 (100%)], lr: ['1.00e-04'], loss: 0.296200
[2024-03-02 02:05:52,127][INFO][clas_trainer:96] - [epoch  11] execution time: 50.30s	metrics:
[2024-03-02 02:05:52,128][INFO][clas_evaluator:69] - dataset: earlystopping, avg f1-score: 0.7346
[2024-03-02 02:05:57,000][INFO][clas_trainer:180] - train epoch: 12 [5376/54264 (10%)], lr: ['1.00e-04'], loss: 0.330797
[2024-03-02 02:06:01,743][INFO][clas_trainer:180] - train epoch: 12 [10784/54264 (20%)], lr: ['1.00e-04'], loss: 0.426993
[2024-03-02 02:06:06,260][INFO][clas_trainer:180] - train epoch: 12 [16192/54264 (30%)], lr: ['1.00e-04'], loss: 0.286081
[2024-03-02 02:06:10,875][INFO][clas_trainer:180] - train epoch: 12 [21600/54264 (40%)], lr: ['1.00e-04'], loss: 0.644732
[2024-03-02 02:06:15,424][INFO][clas_trainer:180] - train epoch: 12 [27008/54264 (50%)], lr: ['1.00e-04'], loss: 0.267441
[2024-03-02 02:06:20,212][INFO][clas_trainer:180] - train epoch: 12 [32416/54264 (60%)], lr: ['1.00e-04'], loss: 0.440556
[2024-03-02 02:06:24,605][INFO][clas_trainer:180] - train epoch: 12 [37824/54264 (70%)], lr: ['1.00e-04'], loss: 0.328725
[2024-03-02 02:06:28,531][INFO][clas_trainer:180] - train epoch: 12 [43232/54264 (80%)], lr: ['1.00e-04'], loss: 0.124986
[2024-03-02 02:06:32,532][INFO][clas_trainer:180] - train epoch: 12 [48640/54264 (90%)], lr: ['1.00e-04'], loss: 0.410371
[2024-03-02 02:06:36,710][INFO][clas_trainer:180] - train epoch: 12 [54048/54264 (100%)], lr: ['1.00e-04'], loss: 0.237241
[2024-03-02 02:06:41,611][INFO][clas_trainer:96] - [epoch  12] execution time: 49.48s	metrics:
[2024-03-02 02:06:41,611][INFO][clas_evaluator:69] - dataset: earlystopping, avg f1-score: 0.7301
[2024-03-02 02:06:46,441][INFO][clas_trainer:180] - train epoch: 13 [5376/54264 (10%)], lr: ['1.00e-04'], loss: 0.259512
[2024-03-02 02:06:50,689][INFO][clas_trainer:180] - train epoch: 13 [10784/54264 (20%)], lr: ['1.00e-04'], loss: 0.508274
[2024-03-02 02:06:54,999][INFO][clas_trainer:180] - train epoch: 13 [16192/54264 (30%)], lr: ['1.00e-04'], loss: 0.253481
[2024-03-02 02:06:59,508][INFO][clas_trainer:180] - train epoch: 13 [21600/54264 (40%)], lr: ['1.00e-04'], loss: 0.344613
[2024-03-02 02:07:04,238][INFO][clas_trainer:180] - train epoch: 13 [27008/54264 (50%)], lr: ['1.00e-04'], loss: 0.438556
[2024-03-02 02:07:08,682][INFO][clas_trainer:180] - train epoch: 13 [32416/54264 (60%)], lr: ['1.00e-04'], loss: 0.197510
[2024-03-02 02:07:13,249][INFO][clas_trainer:180] - train epoch: 13 [37824/54264 (70%)], lr: ['1.00e-04'], loss: 0.155528
[2024-03-02 02:07:17,501][INFO][clas_trainer:180] - train epoch: 13 [43232/54264 (80%)], lr: ['1.00e-04'], loss: 0.489163
[2024-03-02 02:07:21,983][INFO][clas_trainer:180] - train epoch: 13 [48640/54264 (90%)], lr: ['1.00e-04'], loss: 0.222934
[2024-03-02 02:07:26,410][INFO][clas_trainer:180] - train epoch: 13 [54048/54264 (100%)], lr: ['1.00e-04'], loss: 0.287124
[2024-03-02 02:07:30,972][INFO][clas_trainer:96] - [epoch  13] execution time: 49.36s	metrics:
[2024-03-02 02:07:30,972][INFO][clas_evaluator:69] - dataset: earlystopping, avg f1-score: 0.7528
[2024-03-02 02:07:30,997][INFO][base_model:70] - snapshot saved to /home/users/grieger/repos/frequency-pretraining/models/exp001b-m78-base_fe_clas-2024-03-02_00-02-17-final.pth
[2024-03-02 02:07:35,912][INFO][clas_trainer:180] - train epoch: 14 [5376/54264 (10%)], lr: ['1.00e-04'], loss: 0.212410
[2024-03-02 02:07:40,384][INFO][clas_trainer:180] - train epoch: 14 [10784/54264 (20%)], lr: ['1.00e-04'], loss: 0.197654
[2024-03-02 02:07:44,918][INFO][clas_trainer:180] - train epoch: 14 [16192/54264 (30%)], lr: ['1.00e-04'], loss: 0.343307
[2024-03-02 02:07:49,328][INFO][clas_trainer:180] - train epoch: 14 [21600/54264 (40%)], lr: ['1.00e-04'], loss: 0.255856
[2024-03-02 02:07:54,072][INFO][clas_trainer:180] - train epoch: 14 [27008/54264 (50%)], lr: ['1.00e-04'], loss: 0.214654
[2024-03-02 02:07:58,562][INFO][clas_trainer:180] - train epoch: 14 [32416/54264 (60%)], lr: ['1.00e-04'], loss: 0.150695
[2024-03-02 02:08:03,084][INFO][clas_trainer:180] - train epoch: 14 [37824/54264 (70%)], lr: ['1.00e-04'], loss: 0.375085
[2024-03-02 02:08:07,410][INFO][clas_trainer:180] - train epoch: 14 [43232/54264 (80%)], lr: ['1.00e-04'], loss: 0.224757
[2024-03-02 02:08:11,963][INFO][clas_trainer:180] - train epoch: 14 [48640/54264 (90%)], lr: ['1.00e-04'], loss: 0.225459
[2024-03-02 02:08:16,788][INFO][clas_trainer:180] - train epoch: 14 [54048/54264 (100%)], lr: ['1.00e-04'], loss: 0.067349
[2024-03-02 02:08:21,704][INFO][clas_trainer:96] - [epoch  14] execution time: 50.71s	metrics:
[2024-03-02 02:08:21,704][INFO][clas_evaluator:69] - dataset: earlystopping, avg f1-score: 0.7465
[2024-03-02 02:08:26,870][INFO][clas_trainer:180] - train epoch: 15 [5376/54264 (10%)], lr: ['1.00e-04'], loss: 0.152700
[2024-03-02 02:08:31,405][INFO][clas_trainer:180] - train epoch: 15 [10784/54264 (20%)], lr: ['1.00e-04'], loss: 0.327132
[2024-03-02 02:08:35,907][INFO][clas_trainer:180] - train epoch: 15 [16192/54264 (30%)], lr: ['1.00e-04'], loss: 0.165529
[2024-03-02 02:08:40,412][INFO][clas_trainer:180] - train epoch: 15 [21600/54264 (40%)], lr: ['1.00e-04'], loss: 0.301335
[2024-03-02 02:08:45,069][INFO][clas_trainer:180] - train epoch: 15 [27008/54264 (50%)], lr: ['1.00e-04'], loss: 0.284867
[2024-03-02 02:08:49,774][INFO][clas_trainer:180] - train epoch: 15 [32416/54264 (60%)], lr: ['1.00e-04'], loss: 0.480777
[2024-03-02 02:08:54,511][INFO][clas_trainer:180] - train epoch: 15 [37824/54264 (70%)], lr: ['1.00e-04'], loss: 0.165177
[2024-03-02 02:08:59,156][INFO][clas_trainer:180] - train epoch: 15 [43232/54264 (80%)], lr: ['1.00e-04'], loss: 0.250723
[2024-03-02 02:09:03,947][INFO][clas_trainer:180] - train epoch: 15 [48640/54264 (90%)], lr: ['1.00e-04'], loss: 0.487146
[2024-03-02 02:09:08,431][INFO][clas_trainer:180] - train epoch: 15 [54048/54264 (100%)], lr: ['1.00e-04'], loss: 0.396304
[2024-03-02 02:09:12,244][INFO][clas_trainer:96] - [epoch  15] execution time: 50.54s	metrics:
[2024-03-02 02:09:12,244][INFO][clas_evaluator:69] - dataset: earlystopping, avg f1-score: 0.7334
[2024-03-02 02:09:16,998][INFO][clas_trainer:180] - train epoch: 16 [5376/54264 (10%)], lr: ['1.00e-04'], loss: 0.188604
[2024-03-02 02:09:21,294][INFO][clas_trainer:180] - train epoch: 16 [10784/54264 (20%)], lr: ['1.00e-04'], loss: 0.286368
[2024-03-02 02:09:25,621][INFO][clas_trainer:180] - train epoch: 16 [16192/54264 (30%)], lr: ['1.00e-04'], loss: 0.130544
[2024-03-02 02:09:29,840][INFO][clas_trainer:180] - train epoch: 16 [21600/54264 (40%)], lr: ['1.00e-04'], loss: 0.115277
[2024-03-02 02:09:34,080][INFO][clas_trainer:180] - train epoch: 16 [27008/54264 (50%)], lr: ['1.00e-04'], loss: 0.372813
[2024-03-02 02:09:38,452][INFO][clas_trainer:180] - train epoch: 16 [32416/54264 (60%)], lr: ['1.00e-04'], loss: 0.278995
[2024-03-02 02:09:42,704][INFO][clas_trainer:180] - train epoch: 16 [37824/54264 (70%)], lr: ['1.00e-04'], loss: 0.124943
[2024-03-02 02:09:47,153][INFO][clas_trainer:180] - train epoch: 16 [43232/54264 (80%)], lr: ['1.00e-04'], loss: 0.348063
[2024-03-02 02:09:51,749][INFO][clas_trainer:180] - train epoch: 16 [48640/54264 (90%)], lr: ['1.00e-04'], loss: 0.195504
[2024-03-02 02:09:55,728][INFO][clas_trainer:180] - train epoch: 16 [54048/54264 (100%)], lr: ['1.00e-04'], loss: 0.156107
[2024-03-02 02:10:00,074][INFO][clas_trainer:96] - [epoch  16] execution time: 47.83s	metrics:
[2024-03-02 02:10:00,075][INFO][clas_evaluator:69] - dataset: earlystopping, avg f1-score: 0.7271
[2024-03-02 02:10:05,039][INFO][clas_trainer:180] - train epoch: 17 [5376/54264 (10%)], lr: ['1.00e-04'], loss: 0.323170
[2024-03-02 02:10:09,887][INFO][clas_trainer:180] - train epoch: 17 [10784/54264 (20%)], lr: ['1.00e-04'], loss: 0.167876
[2024-03-02 02:10:14,632][INFO][clas_trainer:180] - train epoch: 17 [16192/54264 (30%)], lr: ['1.00e-04'], loss: 0.404177
[2024-03-02 02:10:19,214][INFO][clas_trainer:180] - train epoch: 17 [21600/54264 (40%)], lr: ['1.00e-04'], loss: 0.313302
[2024-03-02 02:10:23,913][INFO][clas_trainer:180] - train epoch: 17 [27008/54264 (50%)], lr: ['1.00e-04'], loss: 0.120537
[2024-03-02 02:10:27,997][INFO][clas_trainer:180] - train epoch: 17 [32416/54264 (60%)], lr: ['1.00e-04'], loss: 0.241751
[2024-03-02 02:10:32,271][INFO][clas_trainer:180] - train epoch: 17 [37824/54264 (70%)], lr: ['1.00e-04'], loss: 0.304427
[2024-03-02 02:10:36,738][INFO][clas_trainer:180] - train epoch: 17 [43232/54264 (80%)], lr: ['1.00e-04'], loss: 0.593688
[2024-03-02 02:10:41,305][INFO][clas_trainer:180] - train epoch: 17 [48640/54264 (90%)], lr: ['1.00e-04'], loss: 0.209016
[2024-03-02 02:10:45,603][INFO][clas_trainer:180] - train epoch: 17 [54048/54264 (100%)], lr: ['1.00e-04'], loss: 0.216207
[2024-03-02 02:10:50,496][INFO][clas_trainer:96] - [epoch  17] execution time: 50.42s	metrics:
[2024-03-02 02:10:50,497][INFO][clas_evaluator:69] - dataset: earlystopping, avg f1-score: 0.7476
[2024-03-02 02:10:55,627][INFO][clas_trainer:180] - train epoch: 18 [5376/54264 (10%)], lr: ['1.00e-04'], loss: 0.214222
[2024-03-02 02:10:59,870][INFO][clas_trainer:180] - train epoch: 18 [10784/54264 (20%)], lr: ['1.00e-04'], loss: 0.187183
[2024-03-02 02:11:04,361][INFO][clas_trainer:180] - train epoch: 18 [16192/54264 (30%)], lr: ['1.00e-04'], loss: 0.265749
[2024-03-02 02:11:09,227][INFO][clas_trainer:180] - train epoch: 18 [21600/54264 (40%)], lr: ['1.00e-04'], loss: 0.076732
[2024-03-02 02:11:13,896][INFO][clas_trainer:180] - train epoch: 18 [27008/54264 (50%)], lr: ['1.00e-04'], loss: 0.269965
[2024-03-02 02:11:18,259][INFO][clas_trainer:180] - train epoch: 18 [32416/54264 (60%)], lr: ['1.00e-04'], loss: 0.234418
[2024-03-02 02:11:22,929][INFO][clas_trainer:180] - train epoch: 18 [37824/54264 (70%)], lr: ['1.00e-04'], loss: 0.444719
[2024-03-02 02:11:27,407][INFO][clas_trainer:180] - train epoch: 18 [43232/54264 (80%)], lr: ['1.00e-04'], loss: 0.361244
[2024-03-02 02:11:31,938][INFO][clas_trainer:180] - train epoch: 18 [48640/54264 (90%)], lr: ['1.00e-04'], loss: 0.196207
[2024-03-02 02:11:36,595][INFO][clas_trainer:180] - train epoch: 18 [54048/54264 (100%)], lr: ['1.00e-04'], loss: 0.427236
[2024-03-02 02:11:41,932][INFO][clas_trainer:96] - [epoch  18] execution time: 51.44s	metrics:
[2024-03-02 02:11:41,933][INFO][clas_evaluator:69] - dataset: earlystopping, avg f1-score: 0.7491
[2024-03-02 02:11:47,081][INFO][clas_trainer:180] - train epoch: 19 [5376/54264 (10%)], lr: ['1.00e-04'], loss: 0.228811
[2024-03-02 02:11:51,670][INFO][clas_trainer:180] - train epoch: 19 [10784/54264 (20%)], lr: ['1.00e-04'], loss: 0.409334
[2024-03-02 02:11:56,493][INFO][clas_trainer:180] - train epoch: 19 [16192/54264 (30%)], lr: ['1.00e-04'], loss: 0.155682
[2024-03-02 02:12:01,178][INFO][clas_trainer:180] - train epoch: 19 [21600/54264 (40%)], lr: ['1.00e-04'], loss: 0.302855
[2024-03-02 02:12:05,588][INFO][clas_trainer:180] - train epoch: 19 [27008/54264 (50%)], lr: ['1.00e-04'], loss: 0.079625
[2024-03-02 02:12:10,055][INFO][clas_trainer:180] - train epoch: 19 [32416/54264 (60%)], lr: ['1.00e-04'], loss: 0.325750
[2024-03-02 02:12:14,800][INFO][clas_trainer:180] - train epoch: 19 [37824/54264 (70%)], lr: ['1.00e-04'], loss: 0.100561
[2024-03-02 02:12:19,342][INFO][clas_trainer:180] - train epoch: 19 [43232/54264 (80%)], lr: ['1.00e-04'], loss: 0.651345
[2024-03-02 02:12:24,267][INFO][clas_trainer:180] - train epoch: 19 [48640/54264 (90%)], lr: ['1.00e-04'], loss: 0.072979
[2024-03-02 02:12:28,536][INFO][clas_trainer:180] - train epoch: 19 [54048/54264 (100%)], lr: ['1.00e-04'], loss: 0.220312
[2024-03-02 02:12:33,743][INFO][clas_trainer:96] - [epoch  19] execution time: 51.81s	metrics:
[2024-03-02 02:12:33,744][INFO][clas_evaluator:69] - dataset: earlystopping, avg f1-score: 0.7570
[2024-03-02 02:12:33,773][INFO][base_model:70] - snapshot saved to /home/users/grieger/repos/frequency-pretraining/models/exp001b-m78-base_fe_clas-2024-03-02_00-02-17-final.pth
[2024-03-02 02:12:38,811][INFO][clas_trainer:180] - train epoch: 20 [5376/54264 (10%)], lr: ['1.00e-04'], loss: 0.163307
[2024-03-02 02:12:43,292][INFO][clas_trainer:180] - train epoch: 20 [10784/54264 (20%)], lr: ['1.00e-04'], loss: 0.242278
[2024-03-02 02:12:47,718][INFO][clas_trainer:180] - train epoch: 20 [16192/54264 (30%)], lr: ['1.00e-04'], loss: 0.195125
[2024-03-02 02:12:52,032][INFO][clas_trainer:180] - train epoch: 20 [21600/54264 (40%)], lr: ['1.00e-04'], loss: 0.354695
[2024-03-02 02:12:56,541][INFO][clas_trainer:180] - train epoch: 20 [27008/54264 (50%)], lr: ['1.00e-04'], loss: 0.103545
[2024-03-02 02:13:00,976][INFO][clas_trainer:180] - train epoch: 20 [32416/54264 (60%)], lr: ['1.00e-04'], loss: 0.285226
[2024-03-02 02:13:05,588][INFO][clas_trainer:180] - train epoch: 20 [37824/54264 (70%)], lr: ['1.00e-04'], loss: 0.221062
[2024-03-02 02:13:10,438][INFO][clas_trainer:180] - train epoch: 20 [43232/54264 (80%)], lr: ['1.00e-04'], loss: 0.352084
[2024-03-02 02:13:15,042][INFO][clas_trainer:180] - train epoch: 20 [48640/54264 (90%)], lr: ['1.00e-04'], loss: 0.321923
[2024-03-02 02:13:19,894][INFO][clas_trainer:180] - train epoch: 20 [54048/54264 (100%)], lr: ['1.00e-04'], loss: 0.258450
[2024-03-02 02:13:24,562][INFO][clas_trainer:96] - [epoch  20] execution time: 50.79s	metrics:
[2024-03-02 02:13:24,562][INFO][clas_evaluator:69] - dataset: earlystopping, avg f1-score: 0.7462
[2024-03-02 02:13:29,416][INFO][clas_trainer:180] - train epoch: 21 [5376/54264 (10%)], lr: ['1.00e-04'], loss: 0.402397
[2024-03-02 02:13:33,742][INFO][clas_trainer:180] - train epoch: 21 [10784/54264 (20%)], lr: ['1.00e-04'], loss: 0.242865
[2024-03-02 02:13:38,407][INFO][clas_trainer:180] - train epoch: 21 [16192/54264 (30%)], lr: ['1.00e-04'], loss: 0.289044
[2024-03-02 02:13:42,873][INFO][clas_trainer:180] - train epoch: 21 [21600/54264 (40%)], lr: ['1.00e-04'], loss: 0.320155
[2024-03-02 02:13:47,467][INFO][clas_trainer:180] - train epoch: 21 [27008/54264 (50%)], lr: ['1.00e-04'], loss: 0.249154
[2024-03-02 02:13:51,946][INFO][clas_trainer:180] - train epoch: 21 [32416/54264 (60%)], lr: ['1.00e-04'], loss: 0.316269
[2024-03-02 02:13:56,608][INFO][clas_trainer:180] - train epoch: 21 [37824/54264 (70%)], lr: ['1.00e-04'], loss: 0.306880
[2024-03-02 02:14:01,249][INFO][clas_trainer:180] - train epoch: 21 [43232/54264 (80%)], lr: ['1.00e-04'], loss: 0.218125
[2024-03-02 02:14:05,776][INFO][clas_trainer:180] - train epoch: 21 [48640/54264 (90%)], lr: ['1.00e-04'], loss: 0.244887
[2024-03-02 02:14:10,271][INFO][clas_trainer:180] - train epoch: 21 [54048/54264 (100%)], lr: ['1.00e-04'], loss: 0.207817
[2024-03-02 02:14:15,506][INFO][clas_trainer:96] - [epoch  21] execution time: 50.94s	metrics:
[2024-03-02 02:14:15,507][INFO][clas_evaluator:69] - dataset: earlystopping, avg f1-score: 0.7571
[2024-03-02 02:14:15,540][INFO][base_model:70] - snapshot saved to /home/users/grieger/repos/frequency-pretraining/models/exp001b-m78-base_fe_clas-2024-03-02_00-02-17-final.pth
[2024-03-02 02:14:20,741][INFO][clas_trainer:180] - train epoch: 22 [5376/54264 (10%)], lr: ['1.00e-04'], loss: 0.331830
[2024-03-02 02:14:25,264][INFO][clas_trainer:180] - train epoch: 22 [10784/54264 (20%)], lr: ['1.00e-04'], loss: 0.343227
[2024-03-02 02:14:30,153][INFO][clas_trainer:180] - train epoch: 22 [16192/54264 (30%)], lr: ['1.00e-04'], loss: 0.351076
[2024-03-02 02:14:34,740][INFO][clas_trainer:180] - train epoch: 22 [21600/54264 (40%)], lr: ['1.00e-04'], loss: 0.207833
[2024-03-02 02:14:39,521][INFO][clas_trainer:180] - train epoch: 22 [27008/54264 (50%)], lr: ['1.00e-04'], loss: 0.184523
[2024-03-02 02:14:44,104][INFO][clas_trainer:180] - train epoch: 22 [32416/54264 (60%)], lr: ['1.00e-04'], loss: 0.102874
[2024-03-02 02:14:49,028][INFO][clas_trainer:180] - train epoch: 22 [37824/54264 (70%)], lr: ['1.00e-04'], loss: 0.104849
[2024-03-02 02:14:52,969][INFO][clas_trainer:180] - train epoch: 22 [43232/54264 (80%)], lr: ['1.00e-04'], loss: 0.385571
[2024-03-02 02:14:56,832][INFO][clas_trainer:180] - train epoch: 22 [48640/54264 (90%)], lr: ['1.00e-04'], loss: 0.203101
[2024-03-02 02:15:01,279][INFO][clas_trainer:180] - train epoch: 22 [54048/54264 (100%)], lr: ['1.00e-04'], loss: 0.198506
[2024-03-02 02:15:05,959][INFO][clas_trainer:96] - [epoch  22] execution time: 50.42s	metrics:
[2024-03-02 02:15:05,959][INFO][clas_evaluator:69] - dataset: earlystopping, avg f1-score: 0.7309
[2024-03-02 02:15:10,498][INFO][clas_trainer:180] - train epoch: 23 [5376/54264 (10%)], lr: ['1.00e-04'], loss: 0.173430
[2024-03-02 02:15:14,409][INFO][clas_trainer:180] - train epoch: 23 [10784/54264 (20%)], lr: ['1.00e-04'], loss: 0.186742
[2024-03-02 02:15:18,286][INFO][clas_trainer:180] - train epoch: 23 [16192/54264 (30%)], lr: ['1.00e-04'], loss: 0.086233
[2024-03-02 02:15:22,277][INFO][clas_trainer:180] - train epoch: 23 [21600/54264 (40%)], lr: ['1.00e-04'], loss: 0.114944
[2024-03-02 02:15:26,731][INFO][clas_trainer:180] - train epoch: 23 [27008/54264 (50%)], lr: ['1.00e-04'], loss: 0.103987
[2024-03-02 02:15:30,584][INFO][clas_trainer:180] - train epoch: 23 [32416/54264 (60%)], lr: ['1.00e-04'], loss: 0.232106
[2024-03-02 02:15:34,577][INFO][clas_trainer:180] - train epoch: 23 [37824/54264 (70%)], lr: ['1.00e-04'], loss: 0.592407
[2024-03-02 02:15:38,676][INFO][clas_trainer:180] - train epoch: 23 [43232/54264 (80%)], lr: ['1.00e-04'], loss: 0.408840
[2024-03-02 02:15:42,480][INFO][clas_trainer:180] - train epoch: 23 [48640/54264 (90%)], lr: ['1.00e-04'], loss: 0.191742
[2024-03-02 02:15:46,377][INFO][clas_trainer:180] - train epoch: 23 [54048/54264 (100%)], lr: ['1.00e-04'], loss: 0.379022
[2024-03-02 02:15:50,461][INFO][clas_trainer:96] - [epoch  23] execution time: 44.50s	metrics:
[2024-03-02 02:15:50,462][INFO][clas_evaluator:69] - dataset: earlystopping, avg f1-score: 0.7644
[2024-03-02 02:15:50,493][INFO][base_model:70] - snapshot saved to /home/users/grieger/repos/frequency-pretraining/models/exp001b-m78-base_fe_clas-2024-03-02_00-02-17-final.pth
[2024-03-02 02:15:54,910][INFO][clas_trainer:180] - train epoch: 24 [5376/54264 (10%)], lr: ['1.00e-04'], loss: 0.311648
[2024-03-02 02:15:58,919][INFO][clas_trainer:180] - train epoch: 24 [10784/54264 (20%)], lr: ['1.00e-04'], loss: 0.217735
[2024-03-02 02:16:02,735][INFO][clas_trainer:180] - train epoch: 24 [16192/54264 (30%)], lr: ['1.00e-04'], loss: 0.205277
[2024-03-02 02:16:06,451][INFO][clas_trainer:180] - train epoch: 24 [21600/54264 (40%)], lr: ['1.00e-04'], loss: 0.096071
[2024-03-02 02:16:10,672][INFO][clas_trainer:180] - train epoch: 24 [27008/54264 (50%)], lr: ['1.00e-04'], loss: 0.218368
[2024-03-02 02:16:14,497][INFO][clas_trainer:180] - train epoch: 24 [32416/54264 (60%)], lr: ['1.00e-04'], loss: 0.166536
[2024-03-02 02:16:18,471][INFO][clas_trainer:180] - train epoch: 24 [37824/54264 (70%)], lr: ['1.00e-04'], loss: 0.215445
[2024-03-02 02:16:22,615][INFO][clas_trainer:180] - train epoch: 24 [43232/54264 (80%)], lr: ['1.00e-04'], loss: 0.319047
[2024-03-02 02:16:26,484][INFO][clas_trainer:180] - train epoch: 24 [48640/54264 (90%)], lr: ['1.00e-04'], loss: 0.360869
[2024-03-02 02:16:30,418][INFO][clas_trainer:180] - train epoch: 24 [54048/54264 (100%)], lr: ['1.00e-04'], loss: 0.315476
[2024-03-02 02:16:34,906][INFO][clas_trainer:96] - [epoch  24] execution time: 44.41s	metrics:
[2024-03-02 02:16:34,907][INFO][clas_evaluator:69] - dataset: earlystopping, avg f1-score: 0.7484
[2024-03-02 02:16:39,452][INFO][clas_trainer:180] - train epoch: 25 [5376/54264 (10%)], lr: ['1.00e-04'], loss: 0.265272
[2024-03-02 02:16:43,316][INFO][clas_trainer:180] - train epoch: 25 [10784/54264 (20%)], lr: ['1.00e-04'], loss: 0.443080
[2024-03-02 02:16:47,413][INFO][clas_trainer:180] - train epoch: 25 [16192/54264 (30%)], lr: ['1.00e-04'], loss: 0.046150
[2024-03-02 02:16:50,883][INFO][clas_trainer:180] - train epoch: 25 [21600/54264 (40%)], lr: ['1.00e-04'], loss: 0.189648
[2024-03-02 02:16:54,808][INFO][clas_trainer:180] - train epoch: 25 [27008/54264 (50%)], lr: ['1.00e-04'], loss: 0.155009
[2024-03-02 02:16:58,643][INFO][clas_trainer:180] - train epoch: 25 [32416/54264 (60%)], lr: ['1.00e-04'], loss: 0.306510
[2024-03-02 02:17:02,738][INFO][clas_trainer:180] - train epoch: 25 [37824/54264 (70%)], lr: ['1.00e-04'], loss: 0.346348
[2024-03-02 02:17:06,399][INFO][clas_trainer:180] - train epoch: 25 [43232/54264 (80%)], lr: ['1.00e-04'], loss: 0.187389
[2024-03-02 02:17:10,029][INFO][clas_trainer:180] - train epoch: 25 [48640/54264 (90%)], lr: ['1.00e-04'], loss: 0.386950
[2024-03-02 02:17:14,099][INFO][clas_trainer:180] - train epoch: 25 [54048/54264 (100%)], lr: ['1.00e-04'], loss: 0.462557
[2024-03-02 02:17:18,405][INFO][clas_trainer:96] - [epoch  25] execution time: 43.50s	metrics:
[2024-03-02 02:17:18,406][INFO][clas_evaluator:69] - dataset: earlystopping, avg f1-score: 0.7502
[2024-03-02 02:17:22,769][INFO][clas_trainer:180] - train epoch: 26 [5376/54264 (10%)], lr: ['1.00e-04'], loss: 0.351921
[2024-03-02 02:17:26,645][INFO][clas_trainer:180] - train epoch: 26 [10784/54264 (20%)], lr: ['1.00e-04'], loss: 0.274487
[2024-03-02 02:17:30,415][INFO][clas_trainer:180] - train epoch: 26 [16192/54264 (30%)], lr: ['1.00e-04'], loss: 0.336993
[2024-03-02 02:17:34,091][INFO][clas_trainer:180] - train epoch: 26 [21600/54264 (40%)], lr: ['1.00e-04'], loss: 0.224084
[2024-03-02 02:17:37,386][INFO][clas_trainer:180] - train epoch: 26 [27008/54264 (50%)], lr: ['1.00e-04'], loss: 0.171973
[2024-03-02 02:17:41,056][INFO][clas_trainer:180] - train epoch: 26 [32416/54264 (60%)], lr: ['1.00e-04'], loss: 0.476409
[2024-03-02 02:17:44,668][INFO][clas_trainer:180] - train epoch: 26 [37824/54264 (70%)], lr: ['1.00e-04'], loss: 0.185218
[2024-03-02 02:17:48,115][INFO][clas_trainer:180] - train epoch: 26 [43232/54264 (80%)], lr: ['1.00e-04'], loss: 0.232778
[2024-03-02 02:17:52,428][INFO][clas_trainer:180] - train epoch: 26 [48640/54264 (90%)], lr: ['1.00e-04'], loss: 0.412029
[2024-03-02 02:17:55,990][INFO][clas_trainer:180] - train epoch: 26 [54048/54264 (100%)], lr: ['1.00e-04'], loss: 0.214638
[2024-03-02 02:18:00,691][INFO][clas_trainer:96] - [epoch  26] execution time: 42.29s	metrics:
[2024-03-02 02:18:00,692][INFO][clas_evaluator:69] - dataset: earlystopping, avg f1-score: 0.7467
[2024-03-02 02:18:04,791][INFO][clas_trainer:180] - train epoch: 27 [5376/54264 (10%)], lr: ['1.00e-04'], loss: 0.254989
[2024-03-02 02:18:08,766][INFO][clas_trainer:180] - train epoch: 27 [10784/54264 (20%)], lr: ['1.00e-04'], loss: 0.155925
[2024-03-02 02:18:12,842][INFO][clas_trainer:180] - train epoch: 27 [16192/54264 (30%)], lr: ['1.00e-04'], loss: 0.171740
[2024-03-02 02:18:17,296][INFO][clas_trainer:180] - train epoch: 27 [21600/54264 (40%)], lr: ['1.00e-04'], loss: 0.217875
[2024-03-02 02:18:21,075][INFO][clas_trainer:180] - train epoch: 27 [27008/54264 (50%)], lr: ['1.00e-04'], loss: 0.198500
[2024-03-02 02:18:24,566][INFO][clas_trainer:180] - train epoch: 27 [32416/54264 (60%)], lr: ['1.00e-04'], loss: 0.200152
[2024-03-02 02:18:27,891][INFO][clas_trainer:180] - train epoch: 27 [37824/54264 (70%)], lr: ['1.00e-04'], loss: 0.213347
[2024-03-02 02:18:31,357][INFO][clas_trainer:180] - train epoch: 27 [43232/54264 (80%)], lr: ['1.00e-04'], loss: 0.140480
[2024-03-02 02:18:34,769][INFO][clas_trainer:180] - train epoch: 27 [48640/54264 (90%)], lr: ['1.00e-04'], loss: 0.349260
[2024-03-02 02:18:38,456][INFO][clas_trainer:180] - train epoch: 27 [54048/54264 (100%)], lr: ['1.00e-04'], loss: 0.303785
[2024-03-02 02:18:42,185][INFO][clas_trainer:96] - [epoch  27] execution time: 41.49s	metrics:
[2024-03-02 02:18:42,186][INFO][clas_evaluator:69] - dataset: earlystopping, avg f1-score: 0.7545
[2024-03-02 02:18:46,165][INFO][clas_trainer:180] - train epoch: 28 [5376/54264 (10%)], lr: ['1.00e-04'], loss: 0.167863
[2024-03-02 02:18:49,611][INFO][clas_trainer:180] - train epoch: 28 [10784/54264 (20%)], lr: ['1.00e-04'], loss: 0.197495
[2024-03-02 02:18:53,219][INFO][clas_trainer:180] - train epoch: 28 [16192/54264 (30%)], lr: ['1.00e-04'], loss: 0.313984
[2024-03-02 02:18:56,931][INFO][clas_trainer:180] - train epoch: 28 [21600/54264 (40%)], lr: ['1.00e-04'], loss: 0.235200
[2024-03-02 02:19:00,640][INFO][clas_trainer:180] - train epoch: 28 [27008/54264 (50%)], lr: ['1.00e-04'], loss: 0.067889
[2024-03-02 02:19:03,936][INFO][clas_trainer:180] - train epoch: 28 [32416/54264 (60%)], lr: ['1.00e-04'], loss: 0.359191
[2024-03-02 02:19:07,515][INFO][clas_trainer:180] - train epoch: 28 [37824/54264 (70%)], lr: ['1.00e-04'], loss: 0.294487
[2024-03-02 02:19:10,701][INFO][clas_trainer:180] - train epoch: 28 [43232/54264 (80%)], lr: ['1.00e-04'], loss: 0.116537
[2024-03-02 02:19:14,257][INFO][clas_trainer:180] - train epoch: 28 [48640/54264 (90%)], lr: ['1.00e-04'], loss: 0.113146
[2024-03-02 02:19:17,729][INFO][clas_trainer:180] - train epoch: 28 [54048/54264 (100%)], lr: ['1.00e-04'], loss: 0.089563
[2024-03-02 02:19:22,022][INFO][clas_trainer:96] - [epoch  28] execution time: 39.84s	metrics:
[2024-03-02 02:19:22,022][INFO][clas_evaluator:69] - dataset: earlystopping, avg f1-score: 0.7340
[2024-03-02 02:19:25,628][INFO][clas_trainer:180] - train epoch: 29 [5376/54264 (10%)], lr: ['1.00e-04'], loss: 0.501385
[2024-03-02 02:19:29,125][INFO][clas_trainer:180] - train epoch: 29 [10784/54264 (20%)], lr: ['1.00e-04'], loss: 0.264042
[2024-03-02 02:19:32,470][INFO][clas_trainer:180] - train epoch: 29 [16192/54264 (30%)], lr: ['1.00e-04'], loss: 0.299352
[2024-03-02 02:19:35,741][INFO][clas_trainer:180] - train epoch: 29 [21600/54264 (40%)], lr: ['1.00e-04'], loss: 0.135825
[2024-03-02 02:19:39,196][INFO][clas_trainer:180] - train epoch: 29 [27008/54264 (50%)], lr: ['1.00e-04'], loss: 0.232463
[2024-03-02 02:19:42,626][INFO][clas_trainer:180] - train epoch: 29 [32416/54264 (60%)], lr: ['1.00e-04'], loss: 0.339589
[2024-03-02 02:19:46,233][INFO][clas_trainer:180] - train epoch: 29 [37824/54264 (70%)], lr: ['1.00e-04'], loss: 0.126718
[2024-03-02 02:19:49,296][INFO][clas_trainer:180] - train epoch: 29 [43232/54264 (80%)], lr: ['1.00e-04'], loss: 0.209649
[2024-03-02 02:19:52,575][INFO][clas_trainer:180] - train epoch: 29 [48640/54264 (90%)], lr: ['1.00e-04'], loss: 0.301865
[2024-03-02 02:19:56,127][INFO][clas_trainer:180] - train epoch: 29 [54048/54264 (100%)], lr: ['1.00e-04'], loss: 0.240872
[2024-03-02 02:19:59,847][INFO][clas_trainer:96] - [epoch  29] execution time: 37.82s	metrics:
[2024-03-02 02:19:59,848][INFO][clas_evaluator:69] - dataset: earlystopping, avg f1-score: 0.7547
[2024-03-02 02:20:03,793][INFO][clas_trainer:180] - train epoch: 30 [5376/54264 (10%)], lr: ['1.00e-04'], loss: 0.266628
[2024-03-02 02:20:07,381][INFO][clas_trainer:180] - train epoch: 30 [10784/54264 (20%)], lr: ['1.00e-04'], loss: 0.167503
[2024-03-02 02:20:10,858][INFO][clas_trainer:180] - train epoch: 30 [16192/54264 (30%)], lr: ['1.00e-04'], loss: 0.162432
[2024-03-02 02:20:13,700][INFO][clas_trainer:180] - train epoch: 30 [21600/54264 (40%)], lr: ['1.00e-04'], loss: 0.438774
[2024-03-02 02:20:17,230][INFO][clas_trainer:180] - train epoch: 30 [27008/54264 (50%)], lr: ['1.00e-04'], loss: 0.225440
[2024-03-02 02:20:20,553][INFO][clas_trainer:180] - train epoch: 30 [32416/54264 (60%)], lr: ['1.00e-04'], loss: 0.415207
[2024-03-02 02:20:23,738][INFO][clas_trainer:180] - train epoch: 30 [37824/54264 (70%)], lr: ['1.00e-04'], loss: 0.165293
[2024-03-02 02:20:27,241][INFO][clas_trainer:180] - train epoch: 30 [43232/54264 (80%)], lr: ['1.00e-04'], loss: 0.362759
[2024-03-02 02:20:30,899][INFO][clas_trainer:180] - train epoch: 30 [48640/54264 (90%)], lr: ['1.00e-04'], loss: 0.183566
[2024-03-02 02:20:34,158][INFO][clas_trainer:180] - train epoch: 30 [54048/54264 (100%)], lr: ['1.00e-04'], loss: 0.388308
[2024-03-02 02:20:38,845][INFO][clas_trainer:96] - [epoch  30] execution time: 39.00s	metrics:
[2024-03-02 02:20:38,846][INFO][clas_evaluator:69] - dataset: earlystopping, avg f1-score: 0.7526
[2024-03-02 02:20:42,885][INFO][clas_trainer:180] - train epoch: 31 [5376/54264 (10%)], lr: ['1.00e-04'], loss: 0.143474
[2024-03-02 02:20:47,022][INFO][clas_trainer:180] - train epoch: 31 [10784/54264 (20%)], lr: ['1.00e-04'], loss: 0.291658
[2024-03-02 02:20:50,322][INFO][clas_trainer:180] - train epoch: 31 [16192/54264 (30%)], lr: ['1.00e-04'], loss: 0.264612
[2024-03-02 02:20:53,389][INFO][clas_trainer:180] - train epoch: 31 [21600/54264 (40%)], lr: ['1.00e-04'], loss: 0.408577
[2024-03-02 02:20:57,198][INFO][clas_trainer:180] - train epoch: 31 [27008/54264 (50%)], lr: ['1.00e-04'], loss: 0.227826
[2024-03-02 02:21:00,521][INFO][clas_trainer:180] - train epoch: 31 [32416/54264 (60%)], lr: ['1.00e-04'], loss: 0.143648
[2024-03-02 02:21:03,865][INFO][clas_trainer:180] - train epoch: 31 [37824/54264 (70%)], lr: ['1.00e-04'], loss: 0.159891
[2024-03-02 02:21:07,421][INFO][clas_trainer:180] - train epoch: 31 [43232/54264 (80%)], lr: ['1.00e-04'], loss: 0.333381
[2024-03-02 02:21:11,018][INFO][clas_trainer:180] - train epoch: 31 [48640/54264 (90%)], lr: ['1.00e-04'], loss: 0.079358
[2024-03-02 02:21:14,512][INFO][clas_trainer:180] - train epoch: 31 [54048/54264 (100%)], lr: ['1.00e-04'], loss: 0.080181
[2024-03-02 02:21:18,774][INFO][clas_trainer:96] - [epoch  31] execution time: 39.93s	metrics:
[2024-03-02 02:21:18,775][INFO][clas_evaluator:69] - dataset: earlystopping, avg f1-score: 0.7442
[2024-03-02 02:21:23,035][INFO][clas_trainer:180] - train epoch: 32 [5376/54264 (10%)], lr: ['1.00e-04'], loss: 0.397052
[2024-03-02 02:21:26,722][INFO][clas_trainer:180] - train epoch: 32 [10784/54264 (20%)], lr: ['1.00e-04'], loss: 0.165008
[2024-03-02 02:21:30,610][INFO][clas_trainer:180] - train epoch: 32 [16192/54264 (30%)], lr: ['1.00e-04'], loss: 0.253796
[2024-03-02 02:21:34,028][INFO][clas_trainer:180] - train epoch: 32 [21600/54264 (40%)], lr: ['1.00e-04'], loss: 0.261584
[2024-03-02 02:21:37,180][INFO][clas_trainer:180] - train epoch: 32 [27008/54264 (50%)], lr: ['1.00e-04'], loss: 0.302918
[2024-03-02 02:21:40,374][INFO][clas_trainer:180] - train epoch: 32 [32416/54264 (60%)], lr: ['1.00e-04'], loss: 0.157449
[2024-03-02 02:21:43,673][INFO][clas_trainer:180] - train epoch: 32 [37824/54264 (70%)], lr: ['1.00e-04'], loss: 0.183941
[2024-03-02 02:21:46,836][INFO][clas_trainer:180] - train epoch: 32 [43232/54264 (80%)], lr: ['1.00e-04'], loss: 0.334175
[2024-03-02 02:21:50,255][INFO][clas_trainer:180] - train epoch: 32 [48640/54264 (90%)], lr: ['1.00e-04'], loss: 0.275162
[2024-03-02 02:21:53,438][INFO][clas_trainer:180] - train epoch: 32 [54048/54264 (100%)], lr: ['1.00e-04'], loss: 0.198239
[2024-03-02 02:21:57,078][INFO][clas_trainer:96] - [epoch  32] execution time: 38.30s	metrics:
[2024-03-02 02:21:57,079][INFO][clas_evaluator:69] - dataset: earlystopping, avg f1-score: 0.7503
[2024-03-02 02:22:01,144][INFO][clas_trainer:180] - train epoch: 33 [5376/54264 (10%)], lr: ['1.00e-04'], loss: 0.179927
[2024-03-02 02:22:04,387][INFO][clas_trainer:180] - train epoch: 33 [10784/54264 (20%)], lr: ['1.00e-04'], loss: 0.395431
[2024-03-02 02:22:07,637][INFO][clas_trainer:180] - train epoch: 33 [16192/54264 (30%)], lr: ['1.00e-04'], loss: 0.147317
[2024-03-02 02:22:11,199][INFO][clas_trainer:180] - train epoch: 33 [21600/54264 (40%)], lr: ['1.00e-04'], loss: 0.382204
[2024-03-02 02:22:14,574][INFO][clas_trainer:180] - train epoch: 33 [27008/54264 (50%)], lr: ['1.00e-04'], loss: 0.082449
[2024-03-02 02:22:17,667][INFO][clas_trainer:180] - train epoch: 33 [32416/54264 (60%)], lr: ['1.00e-04'], loss: 0.110000
[2024-03-02 02:22:20,695][INFO][clas_trainer:180] - train epoch: 33 [37824/54264 (70%)], lr: ['1.00e-04'], loss: 0.442884
[2024-03-02 02:22:23,962][INFO][clas_trainer:180] - train epoch: 33 [43232/54264 (80%)], lr: ['1.00e-04'], loss: 0.315061
[2024-03-02 02:22:27,375][INFO][clas_trainer:180] - train epoch: 33 [48640/54264 (90%)], lr: ['1.00e-04'], loss: 0.427308
[2024-03-02 02:22:30,668][INFO][clas_trainer:180] - train epoch: 33 [54048/54264 (100%)], lr: ['1.00e-04'], loss: 0.324974
[2024-03-02 02:22:34,389][INFO][clas_trainer:96] - [epoch  33] execution time: 37.31s	metrics:
[2024-03-02 02:22:34,390][INFO][clas_evaluator:69] - dataset: earlystopping, avg f1-score: 0.7466
[2024-03-02 02:22:34,398][INFO][clas_trainer:115] - finished training
[2024-03-02 02:22:34,398][INFO][clas_trainer:116] - best model on epoch: 23 	f1-score: 0.7644
