[2024-10-03 05:51:31,612][INFO][fine-tune:25] - Using GPU 3
[2024-10-03 05:51:31,618][INFO][fine-tune:35] - overrides:
hydra:
- hydra.launcher.n_jobs=40
- hydra.mode=MULTIRUN
task:
- m_seed_path_sids={seeds:[7,7,7,7,7],path:"exp005b-m7-simple_multi_class-2024-09-20_13-57-42-final.pth",subject_ids:{sleepedfx:$\{data.sleepedfx.cv_5_fold.fold_3\}}}
- data.downstream.train_dataloader.dataset.data_reducer.n_epochs=900
- data.downstream.train_dataloader.dataset.data_reducer.n_subjects=5
- general.gpus=[0,1,2,3]

[2024-10-03 05:51:40,297][INFO][data_loaders:39] - class distribution before data reduction:
# samples per subject
SC4011E0: 1103
SC4012E0: 1186
SC4031E0: 952
SC4032E0: 911
SC4041E0: 1235
SC4042E0: 1200
SC4051E0: 672
SC4052E0: 1246
SC4061E0: 843
SC4062E0: 1016
SC4081E0: 1134
SC4082E0: 1054
SC4091E0: 1132
SC4092E0: 1105
SC4101E0: 1104
SC4102E0: 1092
SC4121E0: 1052
SC4122E0: 977
SC4131E0: 1028
SC4141E0: 1004
SC4142E0: 952
SC4151E0: 952
SC4152E0: 1762
SC4161E0: 1144
SC4162E0: 1003
SC4171E0: 1002
SC4172E0: 1773
SC4181E0: 964
SC4182E0: 920
SC4191E0: 1535
SC4192E0: 1274
SC4201E0: 1022
SC4202E0: 1021
SC4221E0: 1099
SC4222E0: 1108
SC4231E0: 904
SC4232E0: 1729
SC4241E0: 1673
SC4242E0: 1775
SC4251E0: 972
SC4252E0: 1020
SC4271F0: 1052
SC4272F0: 1090
SC4281G0: 1127
SC4282G0: 1070
SC4311E0: 1054
SC4312E0: 1181
SC4321E0: 1560
SC4322E0: 1021
SC4341F0: 1501
SC4342F0: 1582
SC4351F0: 976
SC4352F0: 963
SC4371F0: 918
SC4372F0: 1509
SC4381F0: 1776
SC4382F0: 1871
SC4411E0: 1078
SC4412E0: 924
SC4431E0: 699
SC4432E0: 962
SC4451F0: 1208
SC4452F0: 1166
SC4481F0: 2027
SC4482F0: 1910
SC4491G0: 1101
SC4492G0: 1040
SC4501E0: 1326
SC4502E0: 1103
SC4511E0: 1087
SC4512E0: 954
SC4522E0: 997
SC4541F0: 1716
SC4542F0: 1148
SC4561F0: 1237
SC4562F0: 1148
SC4571F0: 1236
SC4572F0: 1095
SC4581G0: 1095
SC4582G0: 1175
SC4601E0: 1349
SC4602E0: 2043
SC4611E0: 1652
SC4612E0: 1062
SC4621E0: 1445
SC4622E0: 1823
SC4631E0: 1063
SC4632E0: 1107
SC4641E0: 1271
SC4642E0: 2049
SC4661E0: 2026
SC4662E0: 1994
SC4671G0: 1968
SC4672G0: 1021
SC4701E0: 1717
SC4702E0: 1515
SC4711E0: 1413
SC4712E0: 1241
SC4741E0: 2210
SC4742E0: 1063
SC4771G0: 1325
SC4772G0: 1324
SC4801G0: 1241
SC4802G0: 1229
SC4821G0: 1704
SC4822G0: 1366

# samples per stage
0: 41976
1: 15215
2: 48937
3: 8987
4: 18439
[2024-10-03 05:51:41,392][INFO][data_loaders:43] - class distribution after data reduction:
# samples per subject
SC4191E0: 29452
SC4222E0: 16872
SC4621E0: 27676
SC4642E0: 34780
SC4772G0: 24420

# samples per stage
0: 43068
1: 14208
2: 53428
3: 7400
4: 15096
[2024-10-03 05:51:42,666][INFO][data_loaders:39] - class distribution before data reduction:
# samples per subject
SC4021E0: 1025
SC4022E0: 1009
SC4071E0: 976
SC4072E0: 1273
SC4111E0: 928
SC4112E0: 802
SC4291G0: 1131
SC4292G0: 1605
SC4331F0: 1888
SC4332F0: 1312
SC4421E0: 785
SC4422E0: 884
SC4461F0: 983
SC4462F0: 1022
SC4761E0: 1683
SC4762E0: 2662

# samples per stage
0: 7116
1: 1812
2: 6855
3: 1430
4: 2755
[2024-10-03 05:51:42,778][INFO][data_loaders:43] - class distribution after data reduction:
# samples per subject
SC4021E0: 1025
SC4022E0: 1009
SC4071E0: 976
SC4072E0: 1273
SC4111E0: 928
SC4112E0: 802
SC4291G0: 1131
SC4292G0: 1605
SC4331F0: 1888
SC4332F0: 1312
SC4421E0: 785
SC4422E0: 884
SC4461F0: 983
SC4462F0: 1022
SC4761E0: 1683
SC4762E0: 2662

# samples per stage
0: 7116
1: 1812
2: 6855
3: 1430
4: 2755
[2024-10-03 05:51:42,796][INFO][clas_trainer:49] - metrics before training (epoch 0):
[2024-10-03 05:53:10,402][INFO][clas_evaluator:132] - dataset: earlystopping, avg f1-score: 0.1022
[2024-10-03 05:54:06,867][INFO][clas_trainer:133] - train epoch: 1 [13280/133200 (10%)], lr: ['1.00e-04', '1.00e-04'], loss: 1.164339
[2024-10-03 05:55:02,514][INFO][clas_trainer:133] - train epoch: 1 [26592/133200 (20%)], lr: ['1.00e-04', '1.00e-04'], loss: 0.724434
[2024-10-03 05:55:58,209][INFO][clas_trainer:133] - train epoch: 1 [39904/133200 (30%)], lr: ['1.00e-04', '1.00e-04'], loss: 0.919282
[2024-10-03 05:56:55,552][INFO][clas_trainer:133] - train epoch: 1 [53216/133200 (40%)], lr: ['1.00e-04', '1.00e-04'], loss: 0.687558
[2024-10-03 05:57:51,946][INFO][clas_trainer:133] - train epoch: 1 [66528/133200 (50%)], lr: ['1.00e-04', '1.00e-04'], loss: 0.706363
[2024-10-03 05:58:46,432][INFO][clas_trainer:133] - train epoch: 1 [79840/133200 (60%)], lr: ['1.00e-04', '1.00e-04'], loss: 0.520176
[2024-10-03 05:59:41,970][INFO][clas_trainer:133] - train epoch: 1 [93152/133200 (70%)], lr: ['1.00e-04', '1.00e-04'], loss: 0.611342
[2024-10-03 06:00:38,711][INFO][clas_trainer:133] - train epoch: 1 [106464/133200 (80%)], lr: ['1.00e-04', '1.00e-04'], loss: 0.412170
[2024-10-03 06:01:38,030][INFO][clas_trainer:133] - train epoch: 1 [119776/133200 (90%)], lr: ['1.00e-04', '1.00e-04'], loss: 0.537539
[2024-10-03 06:02:33,667][INFO][clas_trainer:133] - train epoch: 1 [133088/133200 (100%)], lr: ['1.00e-04', '1.00e-04'], loss: 0.216636
[2024-10-03 06:04:00,800][INFO][clas_trainer:63] - [epoch   1] execution time: 650.40s	metrics:
[2024-10-03 06:04:00,801][INFO][clas_evaluator:132] - dataset: earlystopping, avg f1-score: 0.6178
[2024-10-03 06:04:00,840][INFO][base_model:51] - snapshot saved to XXX/frequency-pretraining/models/exp005a-m199-base_fe_clas-2024-10-02_10-52-09-final.pth
[2024-10-03 06:04:57,441][INFO][clas_trainer:133] - train epoch: 2 [13280/133200 (10%)], lr: ['1.00e-04', '1.00e-04'], loss: 0.357241
[2024-10-03 06:05:52,999][INFO][clas_trainer:133] - train epoch: 2 [26592/133200 (20%)], lr: ['1.00e-04', '1.00e-04'], loss: 0.268250
[2024-10-03 06:06:50,055][INFO][clas_trainer:133] - train epoch: 2 [39904/133200 (30%)], lr: ['1.00e-04', '1.00e-04'], loss: 0.185700
[2024-10-03 06:07:45,730][INFO][clas_trainer:133] - train epoch: 2 [53216/133200 (40%)], lr: ['1.00e-04', '1.00e-04'], loss: 0.176505
[2024-10-03 06:08:43,966][INFO][clas_trainer:133] - train epoch: 2 [66528/133200 (50%)], lr: ['1.00e-04', '1.00e-04'], loss: 0.686175
[2024-10-03 06:09:44,611][INFO][clas_trainer:133] - train epoch: 2 [79840/133200 (60%)], lr: ['1.00e-04', '1.00e-04'], loss: 0.120749
[2024-10-03 06:10:41,953][INFO][clas_trainer:133] - train epoch: 2 [93152/133200 (70%)], lr: ['1.00e-04', '1.00e-04'], loss: 0.322383
[2024-10-03 06:11:38,281][INFO][clas_trainer:133] - train epoch: 2 [106464/133200 (80%)], lr: ['1.00e-04', '1.00e-04'], loss: 0.158538
[2024-10-03 06:12:34,567][INFO][clas_trainer:133] - train epoch: 2 [119776/133200 (90%)], lr: ['1.00e-04', '1.00e-04'], loss: 0.272776
[2024-10-03 06:13:31,623][INFO][clas_trainer:133] - train epoch: 2 [133088/133200 (100%)], lr: ['1.00e-04', '1.00e-04'], loss: 0.022692
[2024-10-03 06:14:57,981][INFO][clas_trainer:63] - [epoch   2] execution time: 657.14s	metrics:
[2024-10-03 06:14:57,982][INFO][clas_evaluator:132] - dataset: earlystopping, avg f1-score: 0.6376
[2024-10-03 06:14:58,014][INFO][base_model:51] - snapshot saved to XXX/frequency-pretraining/models/exp005a-m199-base_fe_clas-2024-10-02_10-52-09-final.pth
[2024-10-03 06:15:52,806][INFO][clas_trainer:133] - train epoch: 3 [13280/133200 (10%)], lr: ['1.00e-04', '1.00e-04'], loss: 0.238027
[2024-10-03 06:16:47,262][INFO][clas_trainer:133] - train epoch: 3 [26592/133200 (20%)], lr: ['1.00e-04', '1.00e-04'], loss: 0.125805
[2024-10-03 06:17:46,073][INFO][clas_trainer:133] - train epoch: 3 [39904/133200 (30%)], lr: ['1.00e-04', '1.00e-04'], loss: 0.084637
[2024-10-03 06:18:44,261][INFO][clas_trainer:133] - train epoch: 3 [53216/133200 (40%)], lr: ['1.00e-04', '1.00e-04'], loss: 0.164852
[2024-10-03 06:19:42,981][INFO][clas_trainer:133] - train epoch: 3 [66528/133200 (50%)], lr: ['1.00e-04', '1.00e-04'], loss: 0.075218
[2024-10-03 06:20:41,129][INFO][clas_trainer:133] - train epoch: 3 [79840/133200 (60%)], lr: ['1.00e-04', '1.00e-04'], loss: 0.036392
[2024-10-03 06:21:36,472][INFO][clas_trainer:133] - train epoch: 3 [93152/133200 (70%)], lr: ['1.00e-04', '1.00e-04'], loss: 0.039057
[2024-10-03 06:22:32,513][INFO][clas_trainer:133] - train epoch: 3 [106464/133200 (80%)], lr: ['1.00e-04', '1.00e-04'], loss: 0.017293
[2024-10-03 06:23:27,458][INFO][clas_trainer:133] - train epoch: 3 [119776/133200 (90%)], lr: ['1.00e-04', '1.00e-04'], loss: 0.237938
[2024-10-03 06:24:22,373][INFO][clas_trainer:133] - train epoch: 3 [133088/133200 (100%)], lr: ['1.00e-04', '1.00e-04'], loss: 0.016792
[2024-10-03 06:25:50,285][INFO][clas_trainer:63] - [epoch   3] execution time: 652.27s	metrics:
[2024-10-03 06:25:50,285][INFO][clas_evaluator:132] - dataset: earlystopping, avg f1-score: 0.6612
[2024-10-03 06:25:50,327][INFO][base_model:51] - snapshot saved to XXX/frequency-pretraining/models/exp005a-m199-base_fe_clas-2024-10-02_10-52-09-final.pth
[2024-10-03 06:26:53,678][INFO][clas_trainer:133] - train epoch: 4 [13280/133200 (10%)], lr: ['1.00e-04', '1.00e-04'], loss: 0.009300
[2024-10-03 06:27:53,212][INFO][clas_trainer:133] - train epoch: 4 [26592/133200 (20%)], lr: ['1.00e-04', '1.00e-04'], loss: 0.023816
[2024-10-03 06:28:50,213][INFO][clas_trainer:133] - train epoch: 4 [39904/133200 (30%)], lr: ['1.00e-04', '1.00e-04'], loss: 0.015977
[2024-10-03 06:29:49,600][INFO][clas_trainer:133] - train epoch: 4 [53216/133200 (40%)], lr: ['1.00e-04', '1.00e-04'], loss: 0.025517
[2024-10-03 06:30:48,059][INFO][clas_trainer:133] - train epoch: 4 [66528/133200 (50%)], lr: ['1.00e-04', '1.00e-04'], loss: 0.014862
[2024-10-03 06:31:44,665][INFO][clas_trainer:133] - train epoch: 4 [79840/133200 (60%)], lr: ['1.00e-04', '1.00e-04'], loss: 0.007797
[2024-10-03 06:32:40,272][INFO][clas_trainer:133] - train epoch: 4 [93152/133200 (70%)], lr: ['1.00e-04', '1.00e-04'], loss: 0.000836
[2024-10-03 06:33:38,567][INFO][clas_trainer:133] - train epoch: 4 [106464/133200 (80%)], lr: ['1.00e-04', '1.00e-04'], loss: 0.028171
[2024-10-03 06:34:36,687][INFO][clas_trainer:133] - train epoch: 4 [119776/133200 (90%)], lr: ['1.00e-04', '1.00e-04'], loss: 0.010554
[2024-10-03 06:35:34,686][INFO][clas_trainer:133] - train epoch: 4 [133088/133200 (100%)], lr: ['1.00e-04', '1.00e-04'], loss: 0.014939
[2024-10-03 06:37:29,646][INFO][clas_trainer:63] - [epoch   4] execution time: 699.32s	metrics:
[2024-10-03 06:37:29,646][INFO][clas_evaluator:132] - dataset: earlystopping, avg f1-score: 0.6687
[2024-10-03 06:37:29,689][INFO][base_model:51] - snapshot saved to XXX/frequency-pretraining/models/exp005a-m199-base_fe_clas-2024-10-02_10-52-09-final.pth
[2024-10-03 06:38:31,560][INFO][clas_trainer:133] - train epoch: 5 [13280/133200 (10%)], lr: ['1.00e-04', '1.00e-04'], loss: 0.104457
[2024-10-03 06:39:29,607][INFO][clas_trainer:133] - train epoch: 5 [26592/133200 (20%)], lr: ['1.00e-04', '1.00e-04'], loss: 0.004838
[2024-10-03 06:40:25,606][INFO][clas_trainer:133] - train epoch: 5 [39904/133200 (30%)], lr: ['1.00e-04', '1.00e-04'], loss: 0.032061
[2024-10-03 06:41:22,260][INFO][clas_trainer:133] - train epoch: 5 [53216/133200 (40%)], lr: ['1.00e-04', '1.00e-04'], loss: 0.049616
[2024-10-03 06:42:24,466][INFO][clas_trainer:133] - train epoch: 5 [66528/133200 (50%)], lr: ['1.00e-04', '1.00e-04'], loss: 0.011274
[2024-10-03 06:43:21,148][INFO][clas_trainer:133] - train epoch: 5 [79840/133200 (60%)], lr: ['1.00e-04', '1.00e-04'], loss: 0.090348
[2024-10-03 06:44:19,322][INFO][clas_trainer:133] - train epoch: 5 [93152/133200 (70%)], lr: ['1.00e-04', '1.00e-04'], loss: 0.005633
[2024-10-03 06:45:18,843][INFO][clas_trainer:133] - train epoch: 5 [106464/133200 (80%)], lr: ['1.00e-04', '1.00e-04'], loss: 0.112855
[2024-10-03 06:46:19,183][INFO][clas_trainer:133] - train epoch: 5 [119776/133200 (90%)], lr: ['1.00e-04', '1.00e-04'], loss: 0.058346
[2024-10-03 06:47:20,753][INFO][clas_trainer:133] - train epoch: 5 [133088/133200 (100%)], lr: ['1.00e-04', '1.00e-04'], loss: 0.019784
[2024-10-03 06:48:53,782][INFO][clas_trainer:63] - [epoch   5] execution time: 684.09s	metrics:
[2024-10-03 06:48:53,783][INFO][clas_evaluator:132] - dataset: earlystopping, avg f1-score: 0.6848
[2024-10-03 06:48:53,827][INFO][base_model:51] - snapshot saved to XXX/frequency-pretraining/models/exp005a-m199-base_fe_clas-2024-10-02_10-52-09-final.pth
[2024-10-03 06:49:51,730][INFO][clas_trainer:133] - train epoch: 6 [13280/133200 (10%)], lr: ['1.00e-04', '1.00e-04'], loss: 0.001090
[2024-10-03 06:50:45,894][INFO][clas_trainer:133] - train epoch: 6 [26592/133200 (20%)], lr: ['1.00e-04', '1.00e-04'], loss: 0.092102
[2024-10-03 06:51:42,330][INFO][clas_trainer:133] - train epoch: 6 [39904/133200 (30%)], lr: ['1.00e-04', '1.00e-04'], loss: 0.002881
[2024-10-03 06:52:40,487][INFO][clas_trainer:133] - train epoch: 6 [53216/133200 (40%)], lr: ['1.00e-04', '1.00e-04'], loss: 0.007777
[2024-10-03 06:53:39,290][INFO][clas_trainer:133] - train epoch: 6 [66528/133200 (50%)], lr: ['1.00e-04', '1.00e-04'], loss: 0.123875
[2024-10-03 06:54:40,817][INFO][clas_trainer:133] - train epoch: 6 [79840/133200 (60%)], lr: ['1.00e-04', '1.00e-04'], loss: 0.002166
[2024-10-03 06:55:36,551][INFO][clas_trainer:133] - train epoch: 6 [93152/133200 (70%)], lr: ['1.00e-04', '1.00e-04'], loss: 0.076323
[2024-10-03 06:56:34,431][INFO][clas_trainer:133] - train epoch: 6 [106464/133200 (80%)], lr: ['1.00e-04', '1.00e-04'], loss: 0.002952
[2024-10-03 06:57:34,939][INFO][clas_trainer:133] - train epoch: 6 [119776/133200 (90%)], lr: ['1.00e-04', '1.00e-04'], loss: 0.001488
[2024-10-03 06:58:33,828][INFO][clas_trainer:133] - train epoch: 6 [133088/133200 (100%)], lr: ['1.00e-04', '1.00e-04'], loss: 0.000187
[2024-10-03 07:00:37,522][INFO][clas_trainer:63] - [epoch   6] execution time: 703.69s	metrics:
[2024-10-03 07:00:37,523][INFO][clas_evaluator:132] - dataset: earlystopping, avg f1-score: 0.6821
[2024-10-03 07:01:38,522][INFO][clas_trainer:133] - train epoch: 7 [13280/133200 (10%)], lr: ['1.00e-04', '1.00e-04'], loss: 0.010311
[2024-10-03 07:02:39,692][INFO][clas_trainer:133] - train epoch: 7 [26592/133200 (20%)], lr: ['1.00e-04', '1.00e-04'], loss: 0.006582
[2024-10-03 07:03:39,907][INFO][clas_trainer:133] - train epoch: 7 [39904/133200 (30%)], lr: ['1.00e-04', '1.00e-04'], loss: 0.068516
[2024-10-03 07:04:36,155][INFO][clas_trainer:133] - train epoch: 7 [53216/133200 (40%)], lr: ['1.00e-04', '1.00e-04'], loss: 0.027316
[2024-10-03 07:05:34,623][INFO][clas_trainer:133] - train epoch: 7 [66528/133200 (50%)], lr: ['1.00e-04', '1.00e-04'], loss: 0.028718
[2024-10-03 07:06:30,285][INFO][clas_trainer:133] - train epoch: 7 [79840/133200 (60%)], lr: ['1.00e-04', '1.00e-04'], loss: 0.003144
[2024-10-03 07:07:27,434][INFO][clas_trainer:133] - train epoch: 7 [93152/133200 (70%)], lr: ['1.00e-04', '1.00e-04'], loss: 0.039729
[2024-10-03 07:08:24,172][INFO][clas_trainer:133] - train epoch: 7 [106464/133200 (80%)], lr: ['1.00e-04', '1.00e-04'], loss: 0.012728
[2024-10-03 07:09:19,750][INFO][clas_trainer:133] - train epoch: 7 [119776/133200 (90%)], lr: ['1.00e-04', '1.00e-04'], loss: 0.000984
[2024-10-03 07:10:15,889][INFO][clas_trainer:133] - train epoch: 7 [133088/133200 (100%)], lr: ['1.00e-04', '1.00e-04'], loss: 0.003175
[2024-10-03 07:12:11,541][INFO][clas_trainer:63] - [epoch   7] execution time: 694.02s	metrics:
[2024-10-03 07:12:11,542][INFO][clas_evaluator:132] - dataset: earlystopping, avg f1-score: 0.6705
[2024-10-03 07:13:10,498][INFO][clas_trainer:133] - train epoch: 8 [13280/133200 (10%)], lr: ['1.00e-04', '1.00e-04'], loss: 0.000279
[2024-10-03 07:14:08,168][INFO][clas_trainer:133] - train epoch: 8 [26592/133200 (20%)], lr: ['1.00e-04', '1.00e-04'], loss: 0.055946
[2024-10-03 07:15:03,857][INFO][clas_trainer:133] - train epoch: 8 [39904/133200 (30%)], lr: ['1.00e-04', '1.00e-04'], loss: 0.002291
[2024-10-03 07:16:00,183][INFO][clas_trainer:133] - train epoch: 8 [53216/133200 (40%)], lr: ['1.00e-04', '1.00e-04'], loss: 0.015474
[2024-10-03 07:16:55,528][INFO][clas_trainer:133] - train epoch: 8 [66528/133200 (50%)], lr: ['1.00e-04', '1.00e-04'], loss: 0.001190
[2024-10-03 07:17:50,942][INFO][clas_trainer:133] - train epoch: 8 [79840/133200 (60%)], lr: ['1.00e-04', '1.00e-04'], loss: 0.001591
[2024-10-03 07:18:45,805][INFO][clas_trainer:133] - train epoch: 8 [93152/133200 (70%)], lr: ['1.00e-04', '1.00e-04'], loss: 0.010523
[2024-10-03 07:19:42,361][INFO][clas_trainer:133] - train epoch: 8 [106464/133200 (80%)], lr: ['1.00e-04', '1.00e-04'], loss: 0.004539
[2024-10-03 07:20:38,179][INFO][clas_trainer:133] - train epoch: 8 [119776/133200 (90%)], lr: ['1.00e-04', '1.00e-04'], loss: 0.000195
[2024-10-03 07:21:33,429][INFO][clas_trainer:133] - train epoch: 8 [133088/133200 (100%)], lr: ['1.00e-04', '1.00e-04'], loss: 0.007609
[2024-10-03 07:22:59,811][INFO][clas_trainer:63] - [epoch   8] execution time: 648.27s	metrics:
[2024-10-03 07:22:59,812][INFO][clas_evaluator:132] - dataset: earlystopping, avg f1-score: 0.6790
[2024-10-03 07:23:55,691][INFO][clas_trainer:133] - train epoch: 9 [13280/133200 (10%)], lr: ['1.00e-04', '1.00e-04'], loss: 0.004454
[2024-10-03 07:24:52,788][INFO][clas_trainer:133] - train epoch: 9 [26592/133200 (20%)], lr: ['1.00e-04', '1.00e-04'], loss: 0.000080
[2024-10-03 07:25:52,059][INFO][clas_trainer:133] - train epoch: 9 [39904/133200 (30%)], lr: ['1.00e-04', '1.00e-04'], loss: 0.000543
[2024-10-03 07:26:52,394][INFO][clas_trainer:133] - train epoch: 9 [53216/133200 (40%)], lr: ['1.00e-04', '1.00e-04'], loss: 0.000851
[2024-10-03 07:27:54,227][INFO][clas_trainer:133] - train epoch: 9 [66528/133200 (50%)], lr: ['1.00e-04', '1.00e-04'], loss: 0.000462
[2024-10-03 07:28:52,982][INFO][clas_trainer:133] - train epoch: 9 [79840/133200 (60%)], lr: ['1.00e-04', '1.00e-04'], loss: 0.006622
[2024-10-03 07:29:53,159][INFO][clas_trainer:133] - train epoch: 9 [93152/133200 (70%)], lr: ['1.00e-04', '1.00e-04'], loss: 0.001742
[2024-10-03 07:30:51,974][INFO][clas_trainer:133] - train epoch: 9 [106464/133200 (80%)], lr: ['1.00e-04', '1.00e-04'], loss: 0.003372
[2024-10-03 07:31:49,500][INFO][clas_trainer:133] - train epoch: 9 [119776/133200 (90%)], lr: ['1.00e-04', '1.00e-04'], loss: 0.047725
[2024-10-03 07:32:46,367][INFO][clas_trainer:133] - train epoch: 9 [133088/133200 (100%)], lr: ['1.00e-04', '1.00e-04'], loss: 0.000222
[2024-10-03 07:34:15,267][INFO][clas_trainer:63] - [epoch   9] execution time: 675.46s	metrics:
[2024-10-03 07:34:15,268][INFO][clas_evaluator:132] - dataset: earlystopping, avg f1-score: 0.6513
[2024-10-03 07:35:15,748][INFO][clas_trainer:133] - train epoch: 10 [13280/133200 (10%)], lr: ['1.00e-04', '1.00e-04'], loss: 0.002824
[2024-10-03 07:36:13,960][INFO][clas_trainer:133] - train epoch: 10 [26592/133200 (20%)], lr: ['1.00e-04', '1.00e-04'], loss: 0.012215
[2024-10-03 07:37:09,488][INFO][clas_trainer:133] - train epoch: 10 [39904/133200 (30%)], lr: ['1.00e-04', '1.00e-04'], loss: 0.044646
[2024-10-03 07:38:04,790][INFO][clas_trainer:133] - train epoch: 10 [53216/133200 (40%)], lr: ['1.00e-04', '1.00e-04'], loss: 0.005282
[2024-10-03 07:39:00,691][INFO][clas_trainer:133] - train epoch: 10 [66528/133200 (50%)], lr: ['1.00e-04', '1.00e-04'], loss: 0.006839
[2024-10-03 07:39:56,060][INFO][clas_trainer:133] - train epoch: 10 [79840/133200 (60%)], lr: ['1.00e-04', '1.00e-04'], loss: 0.001635
[2024-10-03 07:40:50,218][INFO][clas_trainer:133] - train epoch: 10 [93152/133200 (70%)], lr: ['1.00e-04', '1.00e-04'], loss: 0.000384
[2024-10-03 07:41:45,267][INFO][clas_trainer:133] - train epoch: 10 [106464/133200 (80%)], lr: ['1.00e-04', '1.00e-04'], loss: 0.012164
[2024-10-03 07:42:40,653][INFO][clas_trainer:133] - train epoch: 10 [119776/133200 (90%)], lr: ['1.00e-04', '1.00e-04'], loss: 0.004711
[2024-10-03 07:43:37,016][INFO][clas_trainer:133] - train epoch: 10 [133088/133200 (100%)], lr: ['1.00e-04', '1.00e-04'], loss: 0.000209
[2024-10-03 07:45:03,635][INFO][clas_trainer:63] - [epoch  10] execution time: 648.37s	metrics:
[2024-10-03 07:45:03,636][INFO][clas_evaluator:132] - dataset: earlystopping, avg f1-score: 0.6807
[2024-10-03 07:46:04,431][INFO][clas_trainer:133] - train epoch: 11 [13280/133200 (10%)], lr: ['1.00e-04', '1.00e-04'], loss: 0.003998
[2024-10-03 07:47:08,596][INFO][clas_trainer:133] - train epoch: 11 [26592/133200 (20%)], lr: ['1.00e-04', '1.00e-04'], loss: 0.137910
[2024-10-03 07:48:11,489][INFO][clas_trainer:133] - train epoch: 11 [39904/133200 (30%)], lr: ['1.00e-04', '1.00e-04'], loss: 0.000144
[2024-10-03 07:49:13,487][INFO][clas_trainer:133] - train epoch: 11 [53216/133200 (40%)], lr: ['1.00e-04', '1.00e-04'], loss: 0.000763
[2024-10-03 07:50:14,291][INFO][clas_trainer:133] - train epoch: 11 [66528/133200 (50%)], lr: ['1.00e-04', '1.00e-04'], loss: 0.004093
[2024-10-03 07:51:14,769][INFO][clas_trainer:133] - train epoch: 11 [79840/133200 (60%)], lr: ['1.00e-04', '1.00e-04'], loss: 0.001267
[2024-10-03 07:52:14,864][INFO][clas_trainer:133] - train epoch: 11 [93152/133200 (70%)], lr: ['1.00e-04', '1.00e-04'], loss: 0.001281
[2024-10-03 07:53:16,047][INFO][clas_trainer:133] - train epoch: 11 [106464/133200 (80%)], lr: ['1.00e-04', '1.00e-04'], loss: 0.002709
[2024-10-03 07:54:18,095][INFO][clas_trainer:133] - train epoch: 11 [119776/133200 (90%)], lr: ['1.00e-04', '1.00e-04'], loss: 0.001296
[2024-10-03 07:55:18,172][INFO][clas_trainer:133] - train epoch: 11 [133088/133200 (100%)], lr: ['1.00e-04', '1.00e-04'], loss: 0.003835
[2024-10-03 07:56:49,300][INFO][clas_trainer:63] - [epoch  11] execution time: 705.66s	metrics:
[2024-10-03 07:56:49,301][INFO][clas_evaluator:132] - dataset: earlystopping, avg f1-score: 0.6260
[2024-10-03 07:57:44,984][INFO][clas_trainer:133] - train epoch: 12 [13280/133200 (10%)], lr: ['1.00e-04', '1.00e-04'], loss: 0.000450
[2024-10-03 07:58:37,903][INFO][clas_trainer:133] - train epoch: 12 [26592/133200 (20%)], lr: ['1.00e-04', '1.00e-04'], loss: 0.092201
[2024-10-03 07:59:33,205][INFO][clas_trainer:133] - train epoch: 12 [39904/133200 (30%)], lr: ['1.00e-04', '1.00e-04'], loss: 0.003298
[2024-10-03 08:00:30,619][INFO][clas_trainer:133] - train epoch: 12 [53216/133200 (40%)], lr: ['1.00e-04', '1.00e-04'], loss: 0.000187
[2024-10-03 08:01:29,858][INFO][clas_trainer:133] - train epoch: 12 [66528/133200 (50%)], lr: ['1.00e-04', '1.00e-04'], loss: 0.002880
[2024-10-03 08:02:23,698][INFO][clas_trainer:133] - train epoch: 12 [79840/133200 (60%)], lr: ['1.00e-04', '1.00e-04'], loss: 0.006679
[2024-10-03 08:03:18,941][INFO][clas_trainer:133] - train epoch: 12 [93152/133200 (70%)], lr: ['1.00e-04', '1.00e-04'], loss: 0.000498
[2024-10-03 08:04:13,374][INFO][clas_trainer:133] - train epoch: 12 [106464/133200 (80%)], lr: ['1.00e-04', '1.00e-04'], loss: 0.001759
[2024-10-03 08:05:06,023][INFO][clas_trainer:133] - train epoch: 12 [119776/133200 (90%)], lr: ['1.00e-04', '1.00e-04'], loss: 0.000516
[2024-10-03 08:06:00,430][INFO][clas_trainer:133] - train epoch: 12 [133088/133200 (100%)], lr: ['1.00e-04', '1.00e-04'], loss: 0.001869
[2024-10-03 08:07:27,251][INFO][clas_trainer:63] - [epoch  12] execution time: 637.95s	metrics:
[2024-10-03 08:07:27,251][INFO][clas_evaluator:132] - dataset: earlystopping, avg f1-score: 0.6425
[2024-10-03 08:08:24,883][INFO][clas_trainer:133] - train epoch: 13 [13280/133200 (10%)], lr: ['1.00e-04', '1.00e-04'], loss: 0.001397
[2024-10-03 08:09:20,953][INFO][clas_trainer:133] - train epoch: 13 [26592/133200 (20%)], lr: ['1.00e-04', '1.00e-04'], loss: 0.000629
[2024-10-03 08:10:22,912][INFO][clas_trainer:133] - train epoch: 13 [39904/133200 (30%)], lr: ['1.00e-04', '1.00e-04'], loss: 0.005475
[2024-10-03 08:11:21,907][INFO][clas_trainer:133] - train epoch: 13 [53216/133200 (40%)], lr: ['1.00e-04', '1.00e-04'], loss: 0.001325
[2024-10-03 08:12:19,370][INFO][clas_trainer:133] - train epoch: 13 [66528/133200 (50%)], lr: ['1.00e-04', '1.00e-04'], loss: 0.002195
[2024-10-03 08:13:16,882][INFO][clas_trainer:133] - train epoch: 13 [79840/133200 (60%)], lr: ['1.00e-04', '1.00e-04'], loss: 0.000428
[2024-10-03 08:14:19,780][INFO][clas_trainer:133] - train epoch: 13 [93152/133200 (70%)], lr: ['1.00e-04', '1.00e-04'], loss: 0.002336
[2024-10-03 08:15:20,849][INFO][clas_trainer:133] - train epoch: 13 [106464/133200 (80%)], lr: ['1.00e-04', '1.00e-04'], loss: 0.003747
[2024-10-03 08:16:19,151][INFO][clas_trainer:133] - train epoch: 13 [119776/133200 (90%)], lr: ['1.00e-04', '1.00e-04'], loss: 0.071006
[2024-10-03 08:17:18,260][INFO][clas_trainer:133] - train epoch: 13 [133088/133200 (100%)], lr: ['1.00e-04', '1.00e-04'], loss: 0.001350
[2024-10-03 08:18:52,558][INFO][clas_trainer:63] - [epoch  13] execution time: 685.31s	metrics:
[2024-10-03 08:18:52,559][INFO][clas_evaluator:132] - dataset: earlystopping, avg f1-score: 0.6419
[2024-10-03 08:19:53,072][INFO][clas_trainer:133] - train epoch: 14 [13280/133200 (10%)], lr: ['1.00e-04', '1.00e-04'], loss: 0.001508
[2024-10-03 08:20:51,910][INFO][clas_trainer:133] - train epoch: 14 [26592/133200 (20%)], lr: ['1.00e-04', '1.00e-04'], loss: 0.001027
[2024-10-03 08:21:49,830][INFO][clas_trainer:133] - train epoch: 14 [39904/133200 (30%)], lr: ['1.00e-04', '1.00e-04'], loss: 0.003330
[2024-10-03 08:22:49,721][INFO][clas_trainer:133] - train epoch: 14 [53216/133200 (40%)], lr: ['1.00e-04', '1.00e-04'], loss: 0.000759
[2024-10-03 08:23:50,056][INFO][clas_trainer:133] - train epoch: 14 [66528/133200 (50%)], lr: ['1.00e-04', '1.00e-04'], loss: 0.000555
[2024-10-03 08:24:48,258][INFO][clas_trainer:133] - train epoch: 14 [79840/133200 (60%)], lr: ['1.00e-04', '1.00e-04'], loss: 0.001223
[2024-10-03 08:25:47,107][INFO][clas_trainer:133] - train epoch: 14 [93152/133200 (70%)], lr: ['1.00e-04', '1.00e-04'], loss: 0.004239
[2024-10-03 08:26:44,679][INFO][clas_trainer:133] - train epoch: 14 [106464/133200 (80%)], lr: ['1.00e-04', '1.00e-04'], loss: 0.000577
[2024-10-03 08:27:41,555][INFO][clas_trainer:133] - train epoch: 14 [119776/133200 (90%)], lr: ['1.00e-04', '1.00e-04'], loss: 0.005286
[2024-10-03 08:28:39,772][INFO][clas_trainer:133] - train epoch: 14 [133088/133200 (100%)], lr: ['1.00e-04', '1.00e-04'], loss: 0.001924
[2024-10-03 08:30:09,806][INFO][clas_trainer:63] - [epoch  14] execution time: 677.25s	metrics:
[2024-10-03 08:30:09,806][INFO][clas_evaluator:132] - dataset: earlystopping, avg f1-score: 0.6469
[2024-10-03 08:31:08,918][INFO][clas_trainer:133] - train epoch: 15 [13280/133200 (10%)], lr: ['1.00e-04', '1.00e-04'], loss: 0.001642
[2024-10-03 08:32:07,909][INFO][clas_trainer:133] - train epoch: 15 [26592/133200 (20%)], lr: ['1.00e-04', '1.00e-04'], loss: 0.000439
[2024-10-03 08:33:08,648][INFO][clas_trainer:133] - train epoch: 15 [39904/133200 (30%)], lr: ['1.00e-04', '1.00e-04'], loss: 0.001978
[2024-10-03 08:34:06,555][INFO][clas_trainer:133] - train epoch: 15 [53216/133200 (40%)], lr: ['1.00e-04', '1.00e-04'], loss: 0.001998
[2024-10-03 08:35:03,336][INFO][clas_trainer:133] - train epoch: 15 [66528/133200 (50%)], lr: ['1.00e-04', '1.00e-04'], loss: 0.000558
[2024-10-03 08:35:59,827][INFO][clas_trainer:133] - train epoch: 15 [79840/133200 (60%)], lr: ['1.00e-04', '1.00e-04'], loss: 0.004019
[2024-10-03 08:36:57,461][INFO][clas_trainer:133] - train epoch: 15 [93152/133200 (70%)], lr: ['1.00e-04', '1.00e-04'], loss: 0.003145
[2024-10-03 08:37:53,895][INFO][clas_trainer:133] - train epoch: 15 [106464/133200 (80%)], lr: ['1.00e-04', '1.00e-04'], loss: 0.005712
[2024-10-03 08:38:56,154][INFO][clas_trainer:133] - train epoch: 15 [119776/133200 (90%)], lr: ['1.00e-04', '1.00e-04'], loss: 0.000822
[2024-10-03 08:39:54,522][INFO][clas_trainer:133] - train epoch: 15 [133088/133200 (100%)], lr: ['1.00e-04', '1.00e-04'], loss: 0.001241
[2024-10-03 08:41:23,748][INFO][clas_trainer:63] - [epoch  15] execution time: 673.94s	metrics:
[2024-10-03 08:41:23,748][INFO][clas_evaluator:132] - dataset: earlystopping, avg f1-score: 0.6296
[2024-10-03 08:41:23,755][INFO][clas_trainer:79] - finished training
[2024-10-03 08:41:23,756][INFO][clas_trainer:80] - best model on epoch: 5 	f1-score: 0.6848
