[2023-11-11 06:12:29,378][INFO][pretrain_and_fine-tune:25] - Using GPU 0
[2023-11-11 06:12:29,381][INFO][pretrain_and_fine-tune:35] - overrides:
hydra:
- hydra.launcher.n_jobs=20
- hydra.mode=MULTIRUN
task:
- m_seed_path_sids={seeds:[12,12,12,12,12],subject_ids:{dod_o_h:$\{data.dod_o_h.cv_5_fold.fold_3\}}}
- data.pretraining.train_dataloader.dataset.n_samples=1000
- general.gpus=[0,1]

[2023-11-11 06:12:29,882][INFO][freq_trainer:43] - metrics before training (epoch 0):
[2023-11-11 06:12:31,596][INFO][freq_evaluator:47] - dataset: valid_pretraining, acc: 0.000, hamming: 0.492
[2023-11-11 06:12:32,114][INFO][freq_trainer:114] - train epoch: 1 [0/1000 (0%)], lr: ['1.00e-04'], loss: 5.445564
[2023-11-11 06:12:32,127][INFO][freq_trainer:114] - train epoch: 1 [64/1000 (6%)], lr: ['1.00e-04'], loss: 5.221707
[2023-11-11 06:12:32,138][INFO][freq_trainer:114] - train epoch: 1 [128/1000 (12%)], lr: ['1.00e-04'], loss: 4.815652
[2023-11-11 06:12:32,148][INFO][freq_trainer:114] - train epoch: 1 [192/1000 (19%)], lr: ['1.00e-04'], loss: 4.775490
[2023-11-11 06:12:32,223][INFO][freq_trainer:114] - train epoch: 1 [256/1000 (25%)], lr: ['1.00e-04'], loss: 4.795422
[2023-11-11 06:12:32,259][INFO][freq_trainer:114] - train epoch: 1 [320/1000 (31%)], lr: ['1.00e-04'], loss: 4.394121
[2023-11-11 06:12:32,277][INFO][freq_trainer:114] - train epoch: 1 [384/1000 (38%)], lr: ['1.00e-04'], loss: 4.554143
[2023-11-11 06:12:32,287][INFO][freq_trainer:114] - train epoch: 1 [448/1000 (44%)], lr: ['1.00e-04'], loss: 4.352381
[2023-11-11 06:12:32,355][INFO][freq_trainer:114] - train epoch: 1 [512/1000 (50%)], lr: ['1.00e-04'], loss: 4.130186
[2023-11-11 06:12:32,402][INFO][freq_trainer:114] - train epoch: 1 [576/1000 (56%)], lr: ['1.00e-04'], loss: 4.358926
[2023-11-11 06:12:32,448][INFO][freq_trainer:114] - train epoch: 1 [640/1000 (62%)], lr: ['1.00e-04'], loss: 3.825616
[2023-11-11 06:12:32,456][INFO][freq_trainer:114] - train epoch: 1 [704/1000 (69%)], lr: ['1.00e-04'], loss: 4.012643
[2023-11-11 06:12:32,489][INFO][freq_trainer:114] - train epoch: 1 [768/1000 (75%)], lr: ['1.00e-04'], loss: 3.725109
[2023-11-11 06:12:32,556][INFO][freq_trainer:114] - train epoch: 1 [832/1000 (81%)], lr: ['1.00e-04'], loss: 3.706902
[2023-11-11 06:12:32,587][INFO][freq_trainer:114] - train epoch: 1 [896/1000 (88%)], lr: ['1.00e-04'], loss: 4.091959
[2023-11-11 06:12:32,608][INFO][freq_trainer:114] - train epoch: 1 [600/1000 (94%)], lr: ['1.00e-04'], loss: 3.086252
[2023-11-11 06:12:34,309][INFO][freq_trainer:57] - [epoch   1] execution time: 2.71s	metrics:
[2023-11-11 06:12:34,309][INFO][freq_evaluator:47] - dataset: valid_pretraining, acc: 0.000, hamming: 0.501
[2023-11-11 06:12:34,338][INFO][base_model:51] - snapshot saved to ./models/exp007a-m48-simple_multi_class-2023-11-11_02-19-07-final.pth
[2023-11-11 06:12:34,797][INFO][freq_trainer:114] - train epoch: 2 [0/1000 (0%)], lr: ['1.00e-04'], loss: 3.383765
[2023-11-11 06:12:34,808][INFO][freq_trainer:114] - train epoch: 2 [64/1000 (6%)], lr: ['1.00e-04'], loss: 3.706080
[2023-11-11 06:12:34,816][INFO][freq_trainer:114] - train epoch: 2 [128/1000 (12%)], lr: ['1.00e-04'], loss: 3.460323
[2023-11-11 06:12:34,825][INFO][freq_trainer:114] - train epoch: 2 [192/1000 (19%)], lr: ['1.00e-04'], loss: 3.415783
[2023-11-11 06:12:34,945][INFO][freq_trainer:114] - train epoch: 2 [256/1000 (25%)], lr: ['1.00e-04'], loss: 3.335031
[2023-11-11 06:12:34,952][INFO][freq_trainer:114] - train epoch: 2 [320/1000 (31%)], lr: ['1.00e-04'], loss: 3.476219
[2023-11-11 06:12:34,958][INFO][freq_trainer:114] - train epoch: 2 [384/1000 (38%)], lr: ['1.00e-04'], loss: 3.490771
[2023-11-11 06:12:34,966][INFO][freq_trainer:114] - train epoch: 2 [448/1000 (44%)], lr: ['1.00e-04'], loss: 3.061555
[2023-11-11 06:12:35,086][INFO][freq_trainer:114] - train epoch: 2 [512/1000 (50%)], lr: ['1.00e-04'], loss: 3.346005
[2023-11-11 06:12:35,094][INFO][freq_trainer:114] - train epoch: 2 [576/1000 (56%)], lr: ['1.00e-04'], loss: 3.144136
[2023-11-11 06:12:35,104][INFO][freq_trainer:114] - train epoch: 2 [640/1000 (62%)], lr: ['1.00e-04'], loss: 3.445274
[2023-11-11 06:12:35,111][INFO][freq_trainer:114] - train epoch: 2 [704/1000 (69%)], lr: ['1.00e-04'], loss: 3.251503
[2023-11-11 06:12:35,219][INFO][freq_trainer:114] - train epoch: 2 [768/1000 (75%)], lr: ['1.00e-04'], loss: 3.229975
[2023-11-11 06:12:35,226][INFO][freq_trainer:114] - train epoch: 2 [832/1000 (81%)], lr: ['1.00e-04'], loss: 3.202811
[2023-11-11 06:12:35,252][INFO][freq_trainer:114] - train epoch: 2 [896/1000 (88%)], lr: ['1.00e-04'], loss: 3.157759
[2023-11-11 06:12:35,260][INFO][freq_trainer:114] - train epoch: 2 [600/1000 (94%)], lr: ['1.00e-04'], loss: 3.025101
[2023-11-11 06:12:37,016][INFO][freq_trainer:57] - [epoch   2] execution time: 2.68s	metrics:
[2023-11-11 06:12:37,017][INFO][freq_evaluator:47] - dataset: valid_pretraining, acc: 0.000, hamming: 0.499
[2023-11-11 06:12:37,049][INFO][base_model:51] - snapshot saved to ./models/exp007a-m48-simple_multi_class-2023-11-11_02-19-07-final.pth
[2023-11-11 06:12:37,512][INFO][freq_trainer:114] - train epoch: 3 [0/1000 (0%)], lr: ['1.00e-04'], loss: 3.013742
[2023-11-11 06:12:37,521][INFO][freq_trainer:114] - train epoch: 3 [64/1000 (6%)], lr: ['1.00e-04'], loss: 3.228151
[2023-11-11 06:12:37,528][INFO][freq_trainer:114] - train epoch: 3 [128/1000 (12%)], lr: ['1.00e-04'], loss: 2.829203
[2023-11-11 06:12:37,549][INFO][freq_trainer:114] - train epoch: 3 [192/1000 (19%)], lr: ['1.00e-04'], loss: 3.028878
[2023-11-11 06:12:37,645][INFO][freq_trainer:114] - train epoch: 3 [256/1000 (25%)], lr: ['1.00e-04'], loss: 2.968554
[2023-11-11 06:12:37,663][INFO][freq_trainer:114] - train epoch: 3 [320/1000 (31%)], lr: ['1.00e-04'], loss: 3.252495
[2023-11-11 06:12:37,674][INFO][freq_trainer:114] - train epoch: 3 [384/1000 (38%)], lr: ['1.00e-04'], loss: 3.073880
[2023-11-11 06:12:37,685][INFO][freq_trainer:114] - train epoch: 3 [448/1000 (44%)], lr: ['1.00e-04'], loss: 2.950406
[2023-11-11 06:12:37,766][INFO][freq_trainer:114] - train epoch: 3 [512/1000 (50%)], lr: ['1.00e-04'], loss: 2.895858
[2023-11-11 06:12:37,816][INFO][freq_trainer:114] - train epoch: 3 [576/1000 (56%)], lr: ['1.00e-04'], loss: 2.809756
[2023-11-11 06:12:37,825][INFO][freq_trainer:114] - train epoch: 3 [640/1000 (62%)], lr: ['1.00e-04'], loss: 2.807906
[2023-11-11 06:12:37,833][INFO][freq_trainer:114] - train epoch: 3 [704/1000 (69%)], lr: ['1.00e-04'], loss: 2.820481
[2023-11-11 06:12:37,896][INFO][freq_trainer:114] - train epoch: 3 [768/1000 (75%)], lr: ['1.00e-04'], loss: 2.881408
[2023-11-11 06:12:37,971][INFO][freq_trainer:114] - train epoch: 3 [832/1000 (81%)], lr: ['1.00e-04'], loss: 2.683753
[2023-11-11 06:12:37,978][INFO][freq_trainer:114] - train epoch: 3 [896/1000 (88%)], lr: ['1.00e-04'], loss: 2.832965
[2023-11-11 06:12:37,985][INFO][freq_trainer:114] - train epoch: 3 [600/1000 (94%)], lr: ['1.00e-04'], loss: 2.755194
[2023-11-11 06:12:39,916][INFO][freq_trainer:57] - [epoch   3] execution time: 2.87s	metrics:
[2023-11-11 06:12:39,916][INFO][freq_evaluator:47] - dataset: valid_pretraining, acc: 0.000, hamming: 0.498
[2023-11-11 06:12:39,949][INFO][base_model:51] - snapshot saved to ./models/exp007a-m48-simple_multi_class-2023-11-11_02-19-07-final.pth
[2023-11-11 06:12:40,434][INFO][freq_trainer:114] - train epoch: 4 [0/1000 (0%)], lr: ['1.00e-04'], loss: 2.959250
[2023-11-11 06:12:40,482][INFO][freq_trainer:114] - train epoch: 4 [64/1000 (6%)], lr: ['1.00e-04'], loss: 2.970493
[2023-11-11 06:12:40,513][INFO][freq_trainer:114] - train epoch: 4 [128/1000 (12%)], lr: ['1.00e-04'], loss: 2.753616
[2023-11-11 06:12:40,524][INFO][freq_trainer:114] - train epoch: 4 [192/1000 (19%)], lr: ['1.00e-04'], loss: 2.915310
[2023-11-11 06:12:40,569][INFO][freq_trainer:114] - train epoch: 4 [256/1000 (25%)], lr: ['1.00e-04'], loss: 2.616702
[2023-11-11 06:12:40,610][INFO][freq_trainer:114] - train epoch: 4 [320/1000 (31%)], lr: ['1.00e-04'], loss: 2.632517
[2023-11-11 06:12:40,649][INFO][freq_trainer:114] - train epoch: 4 [384/1000 (38%)], lr: ['1.00e-04'], loss: 2.767619
[2023-11-11 06:12:40,705][INFO][freq_trainer:114] - train epoch: 4 [448/1000 (44%)], lr: ['1.00e-04'], loss: 2.662576
[2023-11-11 06:12:40,719][INFO][freq_trainer:114] - train epoch: 4 [512/1000 (50%)], lr: ['1.00e-04'], loss: 2.603454
[2023-11-11 06:12:40,782][INFO][freq_trainer:114] - train epoch: 4 [576/1000 (56%)], lr: ['1.00e-04'], loss: 2.625144
[2023-11-11 06:12:40,792][INFO][freq_trainer:114] - train epoch: 4 [640/1000 (62%)], lr: ['1.00e-04'], loss: 2.752843
[2023-11-11 06:12:40,906][INFO][freq_trainer:114] - train epoch: 4 [704/1000 (69%)], lr: ['1.00e-04'], loss: 2.527162
[2023-11-11 06:12:40,914][INFO][freq_trainer:114] - train epoch: 4 [768/1000 (75%)], lr: ['1.00e-04'], loss: 2.445783
[2023-11-11 06:12:40,923][INFO][freq_trainer:114] - train epoch: 4 [832/1000 (81%)], lr: ['1.00e-04'], loss: 2.550522
[2023-11-11 06:12:40,931][INFO][freq_trainer:114] - train epoch: 4 [896/1000 (88%)], lr: ['1.00e-04'], loss: 2.582249
[2023-11-11 06:12:41,005][INFO][freq_trainer:114] - train epoch: 4 [600/1000 (94%)], lr: ['1.00e-04'], loss: 2.547034
[2023-11-11 06:12:42,955][INFO][freq_trainer:57] - [epoch   4] execution time: 3.00s	metrics:
[2023-11-11 06:12:42,955][INFO][freq_evaluator:47] - dataset: valid_pretraining, acc: 0.000, hamming: 0.502
[2023-11-11 06:12:42,985][INFO][base_model:51] - snapshot saved to ./models/exp007a-m48-simple_multi_class-2023-11-11_02-19-07-final.pth
[2023-11-11 06:12:43,429][INFO][freq_trainer:114] - train epoch: 5 [0/1000 (0%)], lr: ['1.00e-04'], loss: 2.477934
[2023-11-11 06:12:43,438][INFO][freq_trainer:114] - train epoch: 5 [64/1000 (6%)], lr: ['1.00e-04'], loss: 2.450727
[2023-11-11 06:12:43,449][INFO][freq_trainer:114] - train epoch: 5 [128/1000 (12%)], lr: ['1.00e-04'], loss: 2.411517
[2023-11-11 06:12:43,459][INFO][freq_trainer:114] - train epoch: 5 [192/1000 (19%)], lr: ['1.00e-04'], loss: 2.540496
[2023-11-11 06:12:43,571][INFO][freq_trainer:114] - train epoch: 5 [256/1000 (25%)], lr: ['1.00e-04'], loss: 2.421046
[2023-11-11 06:12:43,581][INFO][freq_trainer:114] - train epoch: 5 [320/1000 (31%)], lr: ['1.00e-04'], loss: 2.428969
[2023-11-11 06:12:43,591][INFO][freq_trainer:114] - train epoch: 5 [384/1000 (38%)], lr: ['1.00e-04'], loss: 2.293175
[2023-11-11 06:12:43,600][INFO][freq_trainer:114] - train epoch: 5 [448/1000 (44%)], lr: ['1.00e-04'], loss: 2.414949
[2023-11-11 06:12:43,707][INFO][freq_trainer:114] - train epoch: 5 [512/1000 (50%)], lr: ['1.00e-04'], loss: 2.321127
[2023-11-11 06:12:43,729][INFO][freq_trainer:114] - train epoch: 5 [576/1000 (56%)], lr: ['1.00e-04'], loss: 2.458049
[2023-11-11 06:12:43,738][INFO][freq_trainer:114] - train epoch: 5 [640/1000 (62%)], lr: ['1.00e-04'], loss: 2.393009
[2023-11-11 06:12:43,788][INFO][freq_trainer:114] - train epoch: 5 [704/1000 (69%)], lr: ['1.00e-04'], loss: 2.262105
[2023-11-11 06:12:43,841][INFO][freq_trainer:114] - train epoch: 5 [768/1000 (75%)], lr: ['1.00e-04'], loss: 2.365350
[2023-11-11 06:12:43,863][INFO][freq_trainer:114] - train epoch: 5 [832/1000 (81%)], lr: ['1.00e-04'], loss: 2.395157
[2023-11-11 06:12:43,905][INFO][freq_trainer:114] - train epoch: 5 [896/1000 (88%)], lr: ['1.00e-04'], loss: 2.306550
[2023-11-11 06:12:43,912][INFO][freq_trainer:114] - train epoch: 5 [600/1000 (94%)], lr: ['1.00e-04'], loss: 2.131022
[2023-11-11 06:12:45,630][INFO][freq_trainer:57] - [epoch   5] execution time: 2.65s	metrics:
[2023-11-11 06:12:45,631][INFO][freq_evaluator:47] - dataset: valid_pretraining, acc: 0.000, hamming: 0.503
[2023-11-11 06:12:45,664][INFO][base_model:51] - snapshot saved to ./models/exp007a-m48-simple_multi_class-2023-11-11_02-19-07-final.pth
[2023-11-11 06:12:46,124][INFO][freq_trainer:114] - train epoch: 6 [0/1000 (0%)], lr: ['1.00e-04'], loss: 2.251535
[2023-11-11 06:12:46,137][INFO][freq_trainer:114] - train epoch: 6 [64/1000 (6%)], lr: ['1.00e-04'], loss: 2.226677
[2023-11-11 06:12:46,147][INFO][freq_trainer:114] - train epoch: 6 [128/1000 (12%)], lr: ['1.00e-04'], loss: 2.026948
[2023-11-11 06:12:46,157][INFO][freq_trainer:114] - train epoch: 6 [192/1000 (19%)], lr: ['1.00e-04'], loss: 2.216039
[2023-11-11 06:12:46,260][INFO][freq_trainer:114] - train epoch: 6 [256/1000 (25%)], lr: ['1.00e-04'], loss: 2.276540
[2023-11-11 06:12:46,269][INFO][freq_trainer:114] - train epoch: 6 [320/1000 (31%)], lr: ['1.00e-04'], loss: 2.156122
[2023-11-11 06:12:46,278][INFO][freq_trainer:114] - train epoch: 6 [384/1000 (38%)], lr: ['1.00e-04'], loss: 2.227100
[2023-11-11 06:12:46,287][INFO][freq_trainer:114] - train epoch: 6 [448/1000 (44%)], lr: ['1.00e-04'], loss: 2.154159
[2023-11-11 06:12:46,415][INFO][freq_trainer:114] - train epoch: 6 [512/1000 (50%)], lr: ['1.00e-04'], loss: 2.277848
[2023-11-11 06:12:46,424][INFO][freq_trainer:114] - train epoch: 6 [576/1000 (56%)], lr: ['1.00e-04'], loss: 2.066483
[2023-11-11 06:12:46,433][INFO][freq_trainer:114] - train epoch: 6 [640/1000 (62%)], lr: ['1.00e-04'], loss: 2.173107
[2023-11-11 06:12:46,444][INFO][freq_trainer:114] - train epoch: 6 [704/1000 (69%)], lr: ['1.00e-04'], loss: 2.011079
[2023-11-11 06:12:46,551][INFO][freq_trainer:114] - train epoch: 6 [768/1000 (75%)], lr: ['1.00e-04'], loss: 2.136680
[2023-11-11 06:12:46,560][INFO][freq_trainer:114] - train epoch: 6 [832/1000 (81%)], lr: ['1.00e-04'], loss: 2.193666
[2023-11-11 06:12:46,569][INFO][freq_trainer:114] - train epoch: 6 [896/1000 (88%)], lr: ['1.00e-04'], loss: 2.045752
[2023-11-11 06:12:46,577][INFO][freq_trainer:114] - train epoch: 6 [600/1000 (94%)], lr: ['1.00e-04'], loss: 1.780290
[2023-11-11 06:12:48,315][INFO][freq_trainer:57] - [epoch   6] execution time: 2.65s	metrics:
[2023-11-11 06:12:48,316][INFO][freq_evaluator:47] - dataset: valid_pretraining, acc: 0.000, hamming: 0.501
[2023-11-11 06:12:48,346][INFO][base_model:51] - snapshot saved to ./models/exp007a-m48-simple_multi_class-2023-11-11_02-19-07-final.pth
[2023-11-11 06:12:48,773][INFO][freq_trainer:114] - train epoch: 7 [0/1000 (0%)], lr: ['1.00e-04'], loss: 2.052449
[2023-11-11 06:12:48,783][INFO][freq_trainer:114] - train epoch: 7 [64/1000 (6%)], lr: ['1.00e-04'], loss: 2.099856
[2023-11-11 06:12:48,807][INFO][freq_trainer:114] - train epoch: 7 [128/1000 (12%)], lr: ['1.00e-04'], loss: 1.897952
[2023-11-11 06:12:48,815][INFO][freq_trainer:114] - train epoch: 7 [192/1000 (19%)], lr: ['1.00e-04'], loss: 1.918883
[2023-11-11 06:12:48,908][INFO][freq_trainer:114] - train epoch: 7 [256/1000 (25%)], lr: ['1.00e-04'], loss: 1.966619
[2023-11-11 06:12:48,917][INFO][freq_trainer:114] - train epoch: 7 [320/1000 (31%)], lr: ['1.00e-04'], loss: 1.885255
[2023-11-11 06:12:48,984][INFO][freq_trainer:114] - train epoch: 7 [384/1000 (38%)], lr: ['1.00e-04'], loss: 1.994412
[2023-11-11 06:12:48,994][INFO][freq_trainer:114] - train epoch: 7 [448/1000 (44%)], lr: ['1.00e-04'], loss: 1.717347
[2023-11-11 06:12:49,056][INFO][freq_trainer:114] - train epoch: 7 [512/1000 (50%)], lr: ['1.00e-04'], loss: 1.884523
[2023-11-11 06:12:49,065][INFO][freq_trainer:114] - train epoch: 7 [576/1000 (56%)], lr: ['1.00e-04'], loss: 1.989783
[2023-11-11 06:12:49,149][INFO][freq_trainer:114] - train epoch: 7 [640/1000 (62%)], lr: ['1.00e-04'], loss: 1.882835
[2023-11-11 06:12:49,158][INFO][freq_trainer:114] - train epoch: 7 [704/1000 (69%)], lr: ['1.00e-04'], loss: 1.797471
[2023-11-11 06:12:49,196][INFO][freq_trainer:114] - train epoch: 7 [768/1000 (75%)], lr: ['1.00e-04'], loss: 1.948012
[2023-11-11 06:12:49,205][INFO][freq_trainer:114] - train epoch: 7 [832/1000 (81%)], lr: ['1.00e-04'], loss: 1.925182
[2023-11-11 06:12:49,294][INFO][freq_trainer:114] - train epoch: 7 [896/1000 (88%)], lr: ['1.00e-04'], loss: 1.735519
[2023-11-11 06:12:49,301][INFO][freq_trainer:114] - train epoch: 7 [600/1000 (94%)], lr: ['1.00e-04'], loss: 1.842127
[2023-11-11 06:12:50,959][INFO][freq_trainer:57] - [epoch   7] execution time: 2.61s	metrics:
[2023-11-11 06:12:50,960][INFO][freq_evaluator:47] - dataset: valid_pretraining, acc: 0.000, hamming: 0.494
[2023-11-11 06:12:50,992][INFO][base_model:51] - snapshot saved to ./models/exp007a-m48-simple_multi_class-2023-11-11_02-19-07-final.pth
[2023-11-11 06:12:51,446][INFO][freq_trainer:114] - train epoch: 8 [0/1000 (0%)], lr: ['1.00e-04'], loss: 1.842954
[2023-11-11 06:12:51,458][INFO][freq_trainer:114] - train epoch: 8 [64/1000 (6%)], lr: ['1.00e-04'], loss: 1.760508
[2023-11-11 06:12:51,467][INFO][freq_trainer:114] - train epoch: 8 [128/1000 (12%)], lr: ['1.00e-04'], loss: 1.801339
[2023-11-11 06:12:51,510][INFO][freq_trainer:114] - train epoch: 8 [192/1000 (19%)], lr: ['1.00e-04'], loss: 1.629652
[2023-11-11 06:12:51,568][INFO][freq_trainer:114] - train epoch: 8 [256/1000 (25%)], lr: ['1.00e-04'], loss: 1.722775
[2023-11-11 06:12:51,580][INFO][freq_trainer:114] - train epoch: 8 [320/1000 (31%)], lr: ['1.00e-04'], loss: 1.729300
[2023-11-11 06:12:51,589][INFO][freq_trainer:114] - train epoch: 8 [384/1000 (38%)], lr: ['1.00e-04'], loss: 1.617517
[2023-11-11 06:12:51,647][INFO][freq_trainer:114] - train epoch: 8 [448/1000 (44%)], lr: ['1.00e-04'], loss: 1.764995
[2023-11-11 06:12:51,702][INFO][freq_trainer:114] - train epoch: 8 [512/1000 (50%)], lr: ['1.00e-04'], loss: 1.755096
[2023-11-11 06:12:51,719][INFO][freq_trainer:114] - train epoch: 8 [576/1000 (56%)], lr: ['1.00e-04'], loss: 1.688636
[2023-11-11 06:12:51,728][INFO][freq_trainer:114] - train epoch: 8 [640/1000 (62%)], lr: ['1.00e-04'], loss: 1.786376
[2023-11-11 06:12:51,784][INFO][freq_trainer:114] - train epoch: 8 [704/1000 (69%)], lr: ['1.00e-04'], loss: 1.671438
[2023-11-11 06:12:51,846][INFO][freq_trainer:114] - train epoch: 8 [768/1000 (75%)], lr: ['1.00e-04'], loss: 1.679873
[2023-11-11 06:12:51,855][INFO][freq_trainer:114] - train epoch: 8 [832/1000 (81%)], lr: ['1.00e-04'], loss: 1.651196
[2023-11-11 06:12:51,864][INFO][freq_trainer:114] - train epoch: 8 [896/1000 (88%)], lr: ['1.00e-04'], loss: 1.745152
[2023-11-11 06:12:51,874][INFO][freq_trainer:114] - train epoch: 8 [600/1000 (94%)], lr: ['1.00e-04'], loss: 1.707667
[2023-11-11 06:12:53,699][INFO][freq_trainer:57] - [epoch   8] execution time: 2.71s	metrics:
[2023-11-11 06:12:53,700][INFO][freq_evaluator:47] - dataset: valid_pretraining, acc: 0.000, hamming: 0.490
[2023-11-11 06:12:53,732][INFO][base_model:51] - snapshot saved to ./models/exp007a-m48-simple_multi_class-2023-11-11_02-19-07-final.pth
[2023-11-11 06:12:54,222][INFO][freq_trainer:114] - train epoch: 9 [0/1000 (0%)], lr: ['1.00e-04'], loss: 1.700037
[2023-11-11 06:12:54,242][INFO][freq_trainer:114] - train epoch: 9 [64/1000 (6%)], lr: ['1.00e-04'], loss: 1.697009
[2023-11-11 06:12:54,251][INFO][freq_trainer:114] - train epoch: 9 [128/1000 (12%)], lr: ['1.00e-04'], loss: 1.618778
[2023-11-11 06:12:54,286][INFO][freq_trainer:114] - train epoch: 9 [192/1000 (19%)], lr: ['1.00e-04'], loss: 1.546035
[2023-11-11 06:12:54,369][INFO][freq_trainer:114] - train epoch: 9 [256/1000 (25%)], lr: ['1.00e-04'], loss: 1.578843
[2023-11-11 06:12:54,386][INFO][freq_trainer:114] - train epoch: 9 [320/1000 (31%)], lr: ['1.00e-04'], loss: 1.513037
[2023-11-11 06:12:54,396][INFO][freq_trainer:114] - train epoch: 9 [384/1000 (38%)], lr: ['1.00e-04'], loss: 1.571780
[2023-11-11 06:12:54,432][INFO][freq_trainer:114] - train epoch: 9 [448/1000 (44%)], lr: ['1.00e-04'], loss: 1.619926
[2023-11-11 06:12:54,503][INFO][freq_trainer:114] - train epoch: 9 [512/1000 (50%)], lr: ['1.00e-04'], loss: 1.581744
[2023-11-11 06:12:54,519][INFO][freq_trainer:114] - train epoch: 9 [576/1000 (56%)], lr: ['1.00e-04'], loss: 1.513399
[2023-11-11 06:12:54,529][INFO][freq_trainer:114] - train epoch: 9 [640/1000 (62%)], lr: ['1.00e-04'], loss: 1.414292
[2023-11-11 06:12:54,578][INFO][freq_trainer:114] - train epoch: 9 [704/1000 (69%)], lr: ['1.00e-04'], loss: 1.486776
[2023-11-11 06:12:54,636][INFO][freq_trainer:114] - train epoch: 9 [768/1000 (75%)], lr: ['1.00e-04'], loss: 1.413135
[2023-11-11 06:12:54,645][INFO][freq_trainer:114] - train epoch: 9 [832/1000 (81%)], lr: ['1.00e-04'], loss: 1.429639
[2023-11-11 06:12:54,665][INFO][freq_trainer:114] - train epoch: 9 [896/1000 (88%)], lr: ['1.00e-04'], loss: 1.401581
[2023-11-11 06:12:54,673][INFO][freq_trainer:114] - train epoch: 9 [600/1000 (94%)], lr: ['1.00e-04'], loss: 1.384005
[2023-11-11 06:12:56,422][INFO][freq_trainer:57] - [epoch   9] execution time: 2.69s	metrics:
[2023-11-11 06:12:56,423][INFO][freq_evaluator:47] - dataset: valid_pretraining, acc: 0.000, hamming: 0.486
[2023-11-11 06:12:56,457][INFO][base_model:51] - snapshot saved to ./models/exp007a-m48-simple_multi_class-2023-11-11_02-19-07-final.pth
[2023-11-11 06:12:56,981][INFO][freq_trainer:114] - train epoch: 10 [0/1000 (0%)], lr: ['1.00e-04'], loss: 1.420978
[2023-11-11 06:12:56,990][INFO][freq_trainer:114] - train epoch: 10 [64/1000 (6%)], lr: ['1.00e-04'], loss: 1.396540
[2023-11-11 06:12:57,000][INFO][freq_trainer:114] - train epoch: 10 [128/1000 (12%)], lr: ['1.00e-04'], loss: 1.331747
[2023-11-11 06:12:57,011][INFO][freq_trainer:114] - train epoch: 10 [192/1000 (19%)], lr: ['1.00e-04'], loss: 1.351709
[2023-11-11 06:12:57,199][INFO][freq_trainer:114] - train epoch: 10 [256/1000 (25%)], lr: ['1.00e-04'], loss: 1.339078
[2023-11-11 06:12:57,210][INFO][freq_trainer:114] - train epoch: 10 [320/1000 (31%)], lr: ['1.00e-04'], loss: 1.363861
[2023-11-11 06:12:57,220][INFO][freq_trainer:114] - train epoch: 10 [384/1000 (38%)], lr: ['1.00e-04'], loss: 1.335899
[2023-11-11 06:12:57,230][INFO][freq_trainer:114] - train epoch: 10 [448/1000 (44%)], lr: ['1.00e-04'], loss: 1.466028
[2023-11-11 06:12:57,360][INFO][freq_trainer:114] - train epoch: 10 [512/1000 (50%)], lr: ['1.00e-04'], loss: 1.324015
[2023-11-11 06:12:57,369][INFO][freq_trainer:114] - train epoch: 10 [576/1000 (56%)], lr: ['1.00e-04'], loss: 1.438754
[2023-11-11 06:12:57,378][INFO][freq_trainer:114] - train epoch: 10 [640/1000 (62%)], lr: ['1.00e-04'], loss: 1.371173
[2023-11-11 06:12:57,387][INFO][freq_trainer:114] - train epoch: 10 [704/1000 (69%)], lr: ['1.00e-04'], loss: 1.356239
[2023-11-11 06:12:57,535][INFO][freq_trainer:114] - train epoch: 10 [768/1000 (75%)], lr: ['1.00e-04'], loss: 1.291611
[2023-11-11 06:12:57,542][INFO][freq_trainer:114] - train epoch: 10 [832/1000 (81%)], lr: ['1.00e-04'], loss: 1.321926
[2023-11-11 06:12:57,548][INFO][freq_trainer:114] - train epoch: 10 [896/1000 (88%)], lr: ['1.00e-04'], loss: 1.393778
[2023-11-11 06:12:57,555][INFO][freq_trainer:114] - train epoch: 10 [600/1000 (94%)], lr: ['1.00e-04'], loss: 1.309811
[2023-11-11 06:12:59,303][INFO][freq_trainer:57] - [epoch  10] execution time: 2.84s	metrics:
[2023-11-11 06:12:59,303][INFO][freq_evaluator:47] - dataset: valid_pretraining, acc: 0.000, hamming: 0.483
[2023-11-11 06:12:59,333][INFO][base_model:51] - snapshot saved to ./models/exp007a-m48-simple_multi_class-2023-11-11_02-19-07-final.pth
[2023-11-11 06:13:00,100][INFO][freq_trainer:114] - train epoch: 11 [0/1000 (0%)], lr: ['1.00e-04'], loss: 1.185927
[2023-11-11 06:13:00,110][INFO][freq_trainer:114] - train epoch: 11 [64/1000 (6%)], lr: ['1.00e-04'], loss: 1.256151
[2023-11-11 06:13:00,118][INFO][freq_trainer:114] - train epoch: 11 [128/1000 (12%)], lr: ['1.00e-04'], loss: 1.277181
[2023-11-11 06:13:00,149][INFO][freq_trainer:114] - train epoch: 11 [192/1000 (19%)], lr: ['1.00e-04'], loss: 1.354318
[2023-11-11 06:13:00,257][INFO][freq_trainer:114] - train epoch: 11 [256/1000 (25%)], lr: ['1.00e-04'], loss: 1.174542
[2023-11-11 06:13:00,265][INFO][freq_trainer:114] - train epoch: 11 [320/1000 (31%)], lr: ['1.00e-04'], loss: 1.231324
[2023-11-11 06:13:00,297][INFO][freq_trainer:114] - train epoch: 11 [384/1000 (38%)], lr: ['1.00e-04'], loss: 1.297647
[2023-11-11 06:13:00,310][INFO][freq_trainer:114] - train epoch: 11 [448/1000 (44%)], lr: ['1.00e-04'], loss: 1.159035
[2023-11-11 06:13:00,400][INFO][freq_trainer:114] - train epoch: 11 [512/1000 (50%)], lr: ['1.00e-04'], loss: 1.245126
[2023-11-11 06:13:00,408][INFO][freq_trainer:114] - train epoch: 11 [576/1000 (56%)], lr: ['1.00e-04'], loss: 1.139442
[2023-11-11 06:13:00,432][INFO][freq_trainer:114] - train epoch: 11 [640/1000 (62%)], lr: ['1.00e-04'], loss: 1.232408
[2023-11-11 06:13:00,446][INFO][freq_trainer:114] - train epoch: 11 [704/1000 (69%)], lr: ['1.00e-04'], loss: 1.127941
[2023-11-11 06:13:00,535][INFO][freq_trainer:114] - train epoch: 11 [768/1000 (75%)], lr: ['1.00e-04'], loss: 1.122304
[2023-11-11 06:13:00,543][INFO][freq_trainer:114] - train epoch: 11 [832/1000 (81%)], lr: ['1.00e-04'], loss: 1.244276
[2023-11-11 06:13:00,608][INFO][freq_trainer:114] - train epoch: 11 [896/1000 (88%)], lr: ['1.00e-04'], loss: 1.226075
[2023-11-11 06:13:00,617][INFO][freq_trainer:114] - train epoch: 11 [600/1000 (94%)], lr: ['1.00e-04'], loss: 1.203653
[2023-11-11 06:13:02,405][INFO][freq_trainer:57] - [epoch  11] execution time: 3.07s	metrics:
[2023-11-11 06:13:02,405][INFO][freq_evaluator:47] - dataset: valid_pretraining, acc: 0.001, hamming: 0.477
[2023-11-11 06:13:02,435][INFO][base_model:51] - snapshot saved to ./models/exp007a-m48-simple_multi_class-2023-11-11_02-19-07-final.pth
[2023-11-11 06:13:02,873][INFO][freq_trainer:114] - train epoch: 12 [0/1000 (0%)], lr: ['1.00e-04'], loss: 1.146374
[2023-11-11 06:13:02,939][INFO][freq_trainer:114] - train epoch: 12 [64/1000 (6%)], lr: ['1.00e-04'], loss: 1.255117
[2023-11-11 06:13:02,961][INFO][freq_trainer:114] - train epoch: 12 [128/1000 (12%)], lr: ['1.00e-04'], loss: 1.013586
[2023-11-11 06:13:02,970][INFO][freq_trainer:114] - train epoch: 12 [192/1000 (19%)], lr: ['1.00e-04'], loss: 1.205063
[2023-11-11 06:13:03,006][INFO][freq_trainer:114] - train epoch: 12 [256/1000 (25%)], lr: ['1.00e-04'], loss: 1.111339
[2023-11-11 06:13:03,094][INFO][freq_trainer:114] - train epoch: 12 [320/1000 (31%)], lr: ['1.00e-04'], loss: 1.078742
[2023-11-11 06:13:03,164][INFO][freq_trainer:114] - train epoch: 12 [384/1000 (38%)], lr: ['1.00e-04'], loss: 1.218258
[2023-11-11 06:13:03,172][INFO][freq_trainer:114] - train epoch: 12 [448/1000 (44%)], lr: ['1.00e-04'], loss: 1.086349
[2023-11-11 06:13:03,181][INFO][freq_trainer:114] - train epoch: 12 [512/1000 (50%)], lr: ['1.00e-04'], loss: 1.158270
[2023-11-11 06:13:03,229][INFO][freq_trainer:114] - train epoch: 12 [576/1000 (56%)], lr: ['1.00e-04'], loss: 1.041834
[2023-11-11 06:13:03,334][INFO][freq_trainer:114] - train epoch: 12 [640/1000 (62%)], lr: ['1.00e-04'], loss: 1.134983
[2023-11-11 06:13:03,340][INFO][freq_trainer:114] - train epoch: 12 [704/1000 (69%)], lr: ['1.00e-04'], loss: 1.009295
[2023-11-11 06:13:03,348][INFO][freq_trainer:114] - train epoch: 12 [768/1000 (75%)], lr: ['1.00e-04'], loss: 1.036651
[2023-11-11 06:13:03,372][INFO][freq_trainer:114] - train epoch: 12 [832/1000 (81%)], lr: ['1.00e-04'], loss: 1.042758
[2023-11-11 06:13:03,466][INFO][freq_trainer:114] - train epoch: 12 [896/1000 (88%)], lr: ['1.00e-04'], loss: 1.047122
[2023-11-11 06:13:03,473][INFO][freq_trainer:114] - train epoch: 12 [600/1000 (94%)], lr: ['1.00e-04'], loss: 0.970231
[2023-11-11 06:13:05,293][INFO][freq_trainer:57] - [epoch  12] execution time: 2.86s	metrics:
[2023-11-11 06:13:05,293][INFO][freq_evaluator:47] - dataset: valid_pretraining, acc: 0.000, hamming: 0.478
[2023-11-11 06:13:05,323][INFO][base_model:51] - snapshot saved to ./models/exp007a-m48-simple_multi_class-2023-11-11_02-19-07-final.pth
[2023-11-11 06:13:05,739][INFO][freq_trainer:114] - train epoch: 13 [0/1000 (0%)], lr: ['1.00e-04'], loss: 1.051079
[2023-11-11 06:13:05,771][INFO][freq_trainer:114] - train epoch: 13 [64/1000 (6%)], lr: ['1.00e-04'], loss: 1.004636
[2023-11-11 06:13:05,779][INFO][freq_trainer:114] - train epoch: 13 [128/1000 (12%)], lr: ['1.00e-04'], loss: 1.038780
[2023-11-11 06:13:05,786][INFO][freq_trainer:114] - train epoch: 13 [192/1000 (19%)], lr: ['1.00e-04'], loss: 1.076928
[2023-11-11 06:13:05,879][INFO][freq_trainer:114] - train epoch: 13 [256/1000 (25%)], lr: ['1.00e-04'], loss: 0.996407
[2023-11-11 06:13:05,951][INFO][freq_trainer:114] - train epoch: 13 [320/1000 (31%)], lr: ['1.00e-04'], loss: 1.053309
[2023-11-11 06:13:05,960][INFO][freq_trainer:114] - train epoch: 13 [384/1000 (38%)], lr: ['1.00e-04'], loss: 1.035920
[2023-11-11 06:13:05,968][INFO][freq_trainer:114] - train epoch: 13 [448/1000 (44%)], lr: ['1.00e-04'], loss: 1.098760
[2023-11-11 06:13:06,037][INFO][freq_trainer:114] - train epoch: 13 [512/1000 (50%)], lr: ['1.00e-04'], loss: 0.968080
[2023-11-11 06:13:06,109][INFO][freq_trainer:114] - train epoch: 13 [576/1000 (56%)], lr: ['1.00e-04'], loss: 1.058668
[2023-11-11 06:13:06,118][INFO][freq_trainer:114] - train epoch: 13 [640/1000 (62%)], lr: ['1.00e-04'], loss: 0.985621
[2023-11-11 06:13:06,127][INFO][freq_trainer:114] - train epoch: 13 [704/1000 (69%)], lr: ['1.00e-04'], loss: 1.030667
[2023-11-11 06:13:06,186][INFO][freq_trainer:114] - train epoch: 13 [768/1000 (75%)], lr: ['1.00e-04'], loss: 1.049891
[2023-11-11 06:13:06,259][INFO][freq_trainer:114] - train epoch: 13 [832/1000 (81%)], lr: ['1.00e-04'], loss: 1.006269
[2023-11-11 06:13:06,266][INFO][freq_trainer:114] - train epoch: 13 [896/1000 (88%)], lr: ['1.00e-04'], loss: 1.031354
[2023-11-11 06:13:06,271][INFO][freq_trainer:114] - train epoch: 13 [600/1000 (94%)], lr: ['1.00e-04'], loss: 0.966270
[2023-11-11 06:13:08,128][INFO][freq_trainer:57] - [epoch  13] execution time: 2.80s	metrics:
[2023-11-11 06:13:08,128][INFO][freq_evaluator:47] - dataset: valid_pretraining, acc: 0.000, hamming: 0.479
[2023-11-11 06:13:08,163][INFO][base_model:51] - snapshot saved to ./models/exp007a-m48-simple_multi_class-2023-11-11_02-19-07-final.pth
[2023-11-11 06:13:08,661][INFO][freq_trainer:114] - train epoch: 14 [0/1000 (0%)], lr: ['1.00e-04'], loss: 0.937413
[2023-11-11 06:13:08,669][INFO][freq_trainer:114] - train epoch: 14 [64/1000 (6%)], lr: ['1.00e-04'], loss: 1.032147
[2023-11-11 06:13:08,683][INFO][freq_trainer:114] - train epoch: 14 [128/1000 (12%)], lr: ['1.00e-04'], loss: 0.985538
[2023-11-11 06:13:08,691][INFO][freq_trainer:114] - train epoch: 14 [192/1000 (19%)], lr: ['1.00e-04'], loss: 1.024162
[2023-11-11 06:13:08,810][INFO][freq_trainer:114] - train epoch: 14 [256/1000 (25%)], lr: ['1.00e-04'], loss: 0.959188
[2023-11-11 06:13:08,828][INFO][freq_trainer:114] - train epoch: 14 [320/1000 (31%)], lr: ['1.00e-04'], loss: 1.026325
[2023-11-11 06:13:08,911][INFO][freq_trainer:114] - train epoch: 14 [384/1000 (38%)], lr: ['1.00e-04'], loss: 0.972116
[2023-11-11 06:13:08,920][INFO][freq_trainer:114] - train epoch: 14 [448/1000 (44%)], lr: ['1.00e-04'], loss: 0.891042
[2023-11-11 06:13:08,955][INFO][freq_trainer:114] - train epoch: 14 [512/1000 (50%)], lr: ['1.00e-04'], loss: 1.026876
[2023-11-11 06:13:08,964][INFO][freq_trainer:114] - train epoch: 14 [576/1000 (56%)], lr: ['1.00e-04'], loss: 0.947322
[2023-11-11 06:13:09,080][INFO][freq_trainer:114] - train epoch: 14 [640/1000 (62%)], lr: ['1.00e-04'], loss: 0.893955
[2023-11-11 06:13:09,088][INFO][freq_trainer:114] - train epoch: 14 [704/1000 (69%)], lr: ['1.00e-04'], loss: 1.012966
[2023-11-11 06:13:09,098][INFO][freq_trainer:114] - train epoch: 14 [768/1000 (75%)], lr: ['1.00e-04'], loss: 0.927670
[2023-11-11 06:13:09,105][INFO][freq_trainer:114] - train epoch: 14 [832/1000 (81%)], lr: ['1.00e-04'], loss: 0.925003
[2023-11-11 06:13:09,221][INFO][freq_trainer:114] - train epoch: 14 [896/1000 (88%)], lr: ['1.00e-04'], loss: 0.948118
[2023-11-11 06:13:09,231][INFO][freq_trainer:114] - train epoch: 14 [600/1000 (94%)], lr: ['1.00e-04'], loss: 0.958298
[2023-11-11 06:13:11,076][INFO][freq_trainer:57] - [epoch  14] execution time: 2.91s	metrics:
[2023-11-11 06:13:11,076][INFO][freq_evaluator:47] - dataset: valid_pretraining, acc: 0.001, hamming: 0.479
[2023-11-11 06:13:11,268][INFO][base_model:51] - snapshot saved to ./models/exp007a-m48-simple_multi_class-2023-11-11_02-19-07-final.pth
[2023-11-11 06:13:11,701][INFO][freq_trainer:114] - train epoch: 15 [0/1000 (0%)], lr: ['1.00e-04'], loss: 0.965331
[2023-11-11 06:13:11,711][INFO][freq_trainer:114] - train epoch: 15 [64/1000 (6%)], lr: ['1.00e-04'], loss: 0.894906
[2023-11-11 06:13:11,722][INFO][freq_trainer:114] - train epoch: 15 [128/1000 (12%)], lr: ['1.00e-04'], loss: 0.888940
[2023-11-11 06:13:11,731][INFO][freq_trainer:114] - train epoch: 15 [192/1000 (19%)], lr: ['1.00e-04'], loss: 1.004989
[2023-11-11 06:13:11,832][INFO][freq_trainer:114] - train epoch: 15 [256/1000 (25%)], lr: ['1.00e-04'], loss: 0.958629
[2023-11-11 06:13:11,848][INFO][freq_trainer:114] - train epoch: 15 [320/1000 (31%)], lr: ['1.00e-04'], loss: 0.945637
[2023-11-11 06:13:11,859][INFO][freq_trainer:114] - train epoch: 15 [384/1000 (38%)], lr: ['1.00e-04'], loss: 0.893770
[2023-11-11 06:13:11,868][INFO][freq_trainer:114] - train epoch: 15 [448/1000 (44%)], lr: ['1.00e-04'], loss: 0.887492
[2023-11-11 06:13:11,993][INFO][freq_trainer:114] - train epoch: 15 [512/1000 (50%)], lr: ['1.00e-04'], loss: 0.938429
[2023-11-11 06:13:12,003][INFO][freq_trainer:114] - train epoch: 15 [576/1000 (56%)], lr: ['1.00e-04'], loss: 0.941228
[2023-11-11 06:13:12,013][INFO][freq_trainer:114] - train epoch: 15 [640/1000 (62%)], lr: ['1.00e-04'], loss: 0.957791
[2023-11-11 06:13:12,026][INFO][freq_trainer:114] - train epoch: 15 [704/1000 (69%)], lr: ['1.00e-04'], loss: 0.908530
[2023-11-11 06:13:12,127][INFO][freq_trainer:114] - train epoch: 15 [768/1000 (75%)], lr: ['1.00e-04'], loss: 0.898747
[2023-11-11 06:13:12,133][INFO][freq_trainer:114] - train epoch: 15 [832/1000 (81%)], lr: ['1.00e-04'], loss: 0.872946
[2023-11-11 06:13:12,139][INFO][freq_trainer:114] - train epoch: 15 [896/1000 (88%)], lr: ['1.00e-04'], loss: 0.882369
[2023-11-11 06:13:12,145][INFO][freq_trainer:114] - train epoch: 15 [600/1000 (94%)], lr: ['1.00e-04'], loss: 0.890508
[2023-11-11 06:13:13,836][INFO][freq_trainer:57] - [epoch  15] execution time: 2.57s	metrics:
[2023-11-11 06:13:13,837][INFO][freq_evaluator:47] - dataset: valid_pretraining, acc: 0.001, hamming: 0.479
[2023-11-11 06:13:13,866][INFO][base_model:51] - snapshot saved to ./models/exp007a-m48-simple_multi_class-2023-11-11_02-19-07-final.pth
[2023-11-11 06:13:14,366][INFO][freq_trainer:114] - train epoch: 16 [0/1000 (0%)], lr: ['1.00e-04'], loss: 0.858155
[2023-11-11 06:13:14,376][INFO][freq_trainer:114] - train epoch: 16 [64/1000 (6%)], lr: ['1.00e-04'], loss: 0.959910
[2023-11-11 06:13:14,393][INFO][freq_trainer:114] - train epoch: 16 [128/1000 (12%)], lr: ['1.00e-04'], loss: 0.872408
[2023-11-11 06:13:14,404][INFO][freq_trainer:114] - train epoch: 16 [192/1000 (19%)], lr: ['1.00e-04'], loss: 0.912794
[2023-11-11 06:13:14,506][INFO][freq_trainer:114] - train epoch: 16 [256/1000 (25%)], lr: ['1.00e-04'], loss: 0.914534
[2023-11-11 06:13:14,525][INFO][freq_trainer:114] - train epoch: 16 [320/1000 (31%)], lr: ['1.00e-04'], loss: 0.911976
[2023-11-11 06:13:14,577][INFO][freq_trainer:114] - train epoch: 16 [384/1000 (38%)], lr: ['1.00e-04'], loss: 0.888080
[2023-11-11 06:13:14,680][INFO][freq_trainer:114] - train epoch: 16 [448/1000 (44%)], lr: ['1.00e-04'], loss: 0.893568
[2023-11-11 06:13:14,700][INFO][freq_trainer:114] - train epoch: 16 [512/1000 (50%)], lr: ['1.00e-04'], loss: 0.872057
[2023-11-11 06:13:14,720][INFO][freq_trainer:114] - train epoch: 16 [576/1000 (56%)], lr: ['1.00e-04'], loss: 0.880848
[2023-11-11 06:13:14,765][INFO][freq_trainer:114] - train epoch: 16 [640/1000 (62%)], lr: ['1.00e-04'], loss: 0.893366
[2023-11-11 06:13:14,777][INFO][freq_trainer:114] - train epoch: 16 [704/1000 (69%)], lr: ['1.00e-04'], loss: 0.853122
[2023-11-11 06:13:14,828][INFO][freq_trainer:114] - train epoch: 16 [768/1000 (75%)], lr: ['1.00e-04'], loss: 0.848296
[2023-11-11 06:13:14,839][INFO][freq_trainer:114] - train epoch: 16 [832/1000 (81%)], lr: ['1.00e-04'], loss: 0.823976
[2023-11-11 06:13:14,967][INFO][freq_trainer:114] - train epoch: 16 [896/1000 (88%)], lr: ['1.00e-04'], loss: 0.842902
[2023-11-11 06:13:14,978][INFO][freq_trainer:114] - train epoch: 16 [600/1000 (94%)], lr: ['1.00e-04'], loss: 0.897451
[2023-11-11 06:13:17,423][INFO][freq_trainer:57] - [epoch  16] execution time: 3.56s	metrics:
[2023-11-11 06:13:17,424][INFO][freq_evaluator:47] - dataset: valid_pretraining, acc: 0.001, hamming: 0.480
[2023-11-11 06:13:17,599][INFO][base_model:51] - snapshot saved to ./models/exp007a-m48-simple_multi_class-2023-11-11_02-19-07-final.pth
[2023-11-11 06:13:18,309][INFO][freq_trainer:114] - train epoch: 17 [0/1000 (0%)], lr: ['1.00e-04'], loss: 0.831664
[2023-11-11 06:13:18,349][INFO][freq_trainer:114] - train epoch: 17 [64/1000 (6%)], lr: ['1.00e-04'], loss: 0.886848
[2023-11-11 06:13:18,376][INFO][freq_trainer:114] - train epoch: 17 [128/1000 (12%)], lr: ['1.00e-04'], loss: 0.873951
[2023-11-11 06:13:18,392][INFO][freq_trainer:114] - train epoch: 17 [192/1000 (19%)], lr: ['1.00e-04'], loss: 0.869564
[2023-11-11 06:13:18,497][INFO][freq_trainer:114] - train epoch: 17 [256/1000 (25%)], lr: ['1.00e-04'], loss: 0.859512
[2023-11-11 06:13:18,511][INFO][freq_trainer:114] - train epoch: 17 [320/1000 (31%)], lr: ['1.00e-04'], loss: 0.851554
[2023-11-11 06:13:18,520][INFO][freq_trainer:114] - train epoch: 17 [384/1000 (38%)], lr: ['1.00e-04'], loss: 0.848510
[2023-11-11 06:13:18,534][INFO][freq_trainer:114] - train epoch: 17 [448/1000 (44%)], lr: ['1.00e-04'], loss: 0.844406
[2023-11-11 06:13:18,685][INFO][freq_trainer:114] - train epoch: 17 [512/1000 (50%)], lr: ['1.00e-04'], loss: 0.863345
[2023-11-11 06:13:18,703][INFO][freq_trainer:114] - train epoch: 17 [576/1000 (56%)], lr: ['1.00e-04'], loss: 0.866495
[2023-11-11 06:13:18,716][INFO][freq_trainer:114] - train epoch: 17 [640/1000 (62%)], lr: ['1.00e-04'], loss: 0.874577
[2023-11-11 06:13:18,729][INFO][freq_trainer:114] - train epoch: 17 [704/1000 (69%)], lr: ['1.00e-04'], loss: 0.878107
[2023-11-11 06:13:18,857][INFO][freq_trainer:114] - train epoch: 17 [768/1000 (75%)], lr: ['1.00e-04'], loss: 0.889747
[2023-11-11 06:13:18,869][INFO][freq_trainer:114] - train epoch: 17 [832/1000 (81%)], lr: ['1.00e-04'], loss: 0.797581
[2023-11-11 06:13:18,882][INFO][freq_trainer:114] - train epoch: 17 [896/1000 (88%)], lr: ['1.00e-04'], loss: 0.810912
[2023-11-11 06:13:18,893][INFO][freq_trainer:114] - train epoch: 17 [600/1000 (94%)], lr: ['1.00e-04'], loss: 0.811598
[2023-11-11 06:13:20,888][INFO][freq_trainer:57] - [epoch  17] execution time: 3.29s	metrics:
[2023-11-11 06:13:20,888][INFO][freq_evaluator:47] - dataset: valid_pretraining, acc: 0.001, hamming: 0.480
[2023-11-11 06:13:21,060][INFO][base_model:51] - snapshot saved to ./models/exp007a-m48-simple_multi_class-2023-11-11_02-19-07-final.pth
[2023-11-11 06:13:21,513][INFO][freq_trainer:114] - train epoch: 18 [0/1000 (0%)], lr: ['1.00e-04'], loss: 0.813693
[2023-11-11 06:13:21,526][INFO][freq_trainer:114] - train epoch: 18 [64/1000 (6%)], lr: ['1.00e-04'], loss: 0.829209
[2023-11-11 06:13:21,536][INFO][freq_trainer:114] - train epoch: 18 [128/1000 (12%)], lr: ['1.00e-04'], loss: 0.844256
[2023-11-11 06:13:21,589][INFO][freq_trainer:114] - train epoch: 18 [192/1000 (19%)], lr: ['1.00e-04'], loss: 0.809264
[2023-11-11 06:13:21,660][INFO][freq_trainer:114] - train epoch: 18 [256/1000 (25%)], lr: ['1.00e-04'], loss: 0.836796
[2023-11-11 06:13:21,670][INFO][freq_trainer:114] - train epoch: 18 [320/1000 (31%)], lr: ['1.00e-04'], loss: 0.872291
[2023-11-11 06:13:21,682][INFO][freq_trainer:114] - train epoch: 18 [384/1000 (38%)], lr: ['1.00e-04'], loss: 0.857849
[2023-11-11 06:13:21,767][INFO][freq_trainer:114] - train epoch: 18 [448/1000 (44%)], lr: ['1.00e-04'], loss: 0.794031
[2023-11-11 06:13:21,809][INFO][freq_trainer:114] - train epoch: 18 [512/1000 (50%)], lr: ['1.00e-04'], loss: 0.876726
[2023-11-11 06:13:21,815][INFO][freq_trainer:114] - train epoch: 18 [576/1000 (56%)], lr: ['1.00e-04'], loss: 0.849401
[2023-11-11 06:13:21,822][INFO][freq_trainer:114] - train epoch: 18 [640/1000 (62%)], lr: ['1.00e-04'], loss: 0.791366
[2023-11-11 06:13:21,907][INFO][freq_trainer:114] - train epoch: 18 [704/1000 (69%)], lr: ['1.00e-04'], loss: 0.824901
[2023-11-11 06:13:21,949][INFO][freq_trainer:114] - train epoch: 18 [768/1000 (75%)], lr: ['1.00e-04'], loss: 0.843981
[2023-11-11 06:13:21,957][INFO][freq_trainer:114] - train epoch: 18 [832/1000 (81%)], lr: ['1.00e-04'], loss: 0.788012
[2023-11-11 06:13:21,964][INFO][freq_trainer:114] - train epoch: 18 [896/1000 (88%)], lr: ['1.00e-04'], loss: 0.824938
[2023-11-11 06:13:22,013][INFO][freq_trainer:114] - train epoch: 18 [600/1000 (94%)], lr: ['1.00e-04'], loss: 0.869725
[2023-11-11 06:13:23,816][INFO][freq_trainer:57] - [epoch  18] execution time: 2.76s	metrics:
[2023-11-11 06:13:23,816][INFO][freq_evaluator:47] - dataset: valid_pretraining, acc: 0.001, hamming: 0.480
[2023-11-11 06:13:23,849][INFO][base_model:51] - snapshot saved to ./models/exp007a-m48-simple_multi_class-2023-11-11_02-19-07-final.pth
[2023-11-11 06:13:24,327][INFO][freq_trainer:114] - train epoch: 19 [0/1000 (0%)], lr: ['1.00e-04'], loss: 0.823459
[2023-11-11 06:13:24,352][INFO][freq_trainer:114] - train epoch: 19 [64/1000 (6%)], lr: ['1.00e-04'], loss: 0.794853
[2023-11-11 06:13:24,381][INFO][freq_trainer:114] - train epoch: 19 [128/1000 (12%)], lr: ['1.00e-04'], loss: 0.803990
[2023-11-11 06:13:24,391][INFO][freq_trainer:114] - train epoch: 19 [192/1000 (19%)], lr: ['1.00e-04'], loss: 0.833718
[2023-11-11 06:13:24,477][INFO][freq_trainer:114] - train epoch: 19 [256/1000 (25%)], lr: ['1.00e-04'], loss: 0.833495
[2023-11-11 06:13:24,491][INFO][freq_trainer:114] - train epoch: 19 [320/1000 (31%)], lr: ['1.00e-04'], loss: 0.833071
[2023-11-11 06:13:24,499][INFO][freq_trainer:114] - train epoch: 19 [384/1000 (38%)], lr: ['1.00e-04'], loss: 0.797720
[2023-11-11 06:13:24,511][INFO][freq_trainer:114] - train epoch: 19 [448/1000 (44%)], lr: ['1.00e-04'], loss: 0.804253
[2023-11-11 06:13:24,620][INFO][freq_trainer:114] - train epoch: 19 [512/1000 (50%)], lr: ['1.00e-04'], loss: 0.794837
[2023-11-11 06:13:24,629][INFO][freq_trainer:114] - train epoch: 19 [576/1000 (56%)], lr: ['1.00e-04'], loss: 0.801932
[2023-11-11 06:13:24,638][INFO][freq_trainer:114] - train epoch: 19 [640/1000 (62%)], lr: ['1.00e-04'], loss: 0.820976
[2023-11-11 06:13:24,679][INFO][freq_trainer:114] - train epoch: 19 [704/1000 (69%)], lr: ['1.00e-04'], loss: 0.792976
[2023-11-11 06:13:24,747][INFO][freq_trainer:114] - train epoch: 19 [768/1000 (75%)], lr: ['1.00e-04'], loss: 0.804879
[2023-11-11 06:13:24,758][INFO][freq_trainer:114] - train epoch: 19 [832/1000 (81%)], lr: ['1.00e-04'], loss: 0.811457
[2023-11-11 06:13:24,766][INFO][freq_trainer:114] - train epoch: 19 [896/1000 (88%)], lr: ['1.00e-04'], loss: 0.806086
[2023-11-11 06:13:24,790][INFO][freq_trainer:114] - train epoch: 19 [600/1000 (94%)], lr: ['1.00e-04'], loss: 0.850459
[2023-11-11 06:13:26,571][INFO][freq_trainer:57] - [epoch  19] execution time: 2.72s	metrics:
[2023-11-11 06:13:26,572][INFO][freq_evaluator:47] - dataset: valid_pretraining, acc: 0.000, hamming: 0.480
[2023-11-11 06:13:26,602][INFO][base_model:51] - snapshot saved to ./models/exp007a-m48-simple_multi_class-2023-11-11_02-19-07-final.pth
[2023-11-11 06:13:27,105][INFO][freq_trainer:114] - train epoch: 20 [0/1000 (0%)], lr: ['1.00e-04'], loss: 0.783313
[2023-11-11 06:13:27,115][INFO][freq_trainer:114] - train epoch: 20 [64/1000 (6%)], lr: ['1.00e-04'], loss: 0.796962
[2023-11-11 06:13:27,186][INFO][freq_trainer:114] - train epoch: 20 [128/1000 (12%)], lr: ['1.00e-04'], loss: 0.809764
[2023-11-11 06:13:27,202][INFO][freq_trainer:114] - train epoch: 20 [192/1000 (19%)], lr: ['1.00e-04'], loss: 0.764999
[2023-11-11 06:13:27,245][INFO][freq_trainer:114] - train epoch: 20 [256/1000 (25%)], lr: ['1.00e-04'], loss: 0.768410
[2023-11-11 06:13:27,263][INFO][freq_trainer:114] - train epoch: 20 [320/1000 (31%)], lr: ['1.00e-04'], loss: 0.772251
[2023-11-11 06:13:27,357][INFO][freq_trainer:114] - train epoch: 20 [384/1000 (38%)], lr: ['1.00e-04'], loss: 0.786902
[2023-11-11 06:13:27,408][INFO][freq_trainer:114] - train epoch: 20 [448/1000 (44%)], lr: ['1.00e-04'], loss: 0.837461
[2023-11-11 06:13:27,417][INFO][freq_trainer:114] - train epoch: 20 [512/1000 (50%)], lr: ['1.00e-04'], loss: 0.779739
[2023-11-11 06:13:27,482][INFO][freq_trainer:114] - train epoch: 20 [576/1000 (56%)], lr: ['1.00e-04'], loss: 0.821298
[2023-11-11 06:13:27,513][INFO][freq_trainer:114] - train epoch: 20 [640/1000 (62%)], lr: ['1.00e-04'], loss: 0.831847
[2023-11-11 06:13:27,614][INFO][freq_trainer:114] - train epoch: 20 [704/1000 (69%)], lr: ['1.00e-04'], loss: 0.798027
[2023-11-11 06:13:27,621][INFO][freq_trainer:114] - train epoch: 20 [768/1000 (75%)], lr: ['1.00e-04'], loss: 0.786694
[2023-11-11 06:13:27,653][INFO][freq_trainer:114] - train epoch: 20 [832/1000 (81%)], lr: ['1.00e-04'], loss: 0.747148
[2023-11-11 06:13:27,661][INFO][freq_trainer:114] - train epoch: 20 [896/1000 (88%)], lr: ['1.00e-04'], loss: 0.817194
[2023-11-11 06:13:27,750][INFO][freq_trainer:114] - train epoch: 20 [600/1000 (94%)], lr: ['1.00e-04'], loss: 0.806249
[2023-11-11 06:13:29,574][INFO][freq_trainer:57] - [epoch  20] execution time: 2.97s	metrics:
[2023-11-11 06:13:29,574][INFO][freq_evaluator:47] - dataset: valid_pretraining, acc: 0.000, hamming: 0.480
[2023-11-11 06:13:29,609][INFO][base_model:51] - snapshot saved to ./models/exp007a-m48-simple_multi_class-2023-11-11_02-19-07-final.pth
[2023-11-11 06:13:29,612][INFO][freq_trainer:67] - finished training
[2023-11-11 06:13:32,010][INFO][data_loaders:39] - class distribution before data reduction:
# samples per subject
02fb158a-a658-51ee-89cf-1e1dc2ebfde1: 861
03341d0d-5927-5838-8a5f-1b8ef39d8f57: 1063
039ce8ad-a7fa-5272-a3e3-1f4bfebdd087: 915
095d6e40-5f19-55b6-a0ec-6e0ad3793da0: 1192
100df108-eb57-5eaa-a413-f7e4436a7895: 952
130f3f52-7d0a-551e-af61-2ee75455e5c9: 989
14c012bd-65b0-56f5-bc74-2dffcea69837: 969
16450f5a-9b65-5536-85e1-93816c8b89eb: 816
18ede714-aba3-5ad8-bb1a-18fc9b1c4192: 995
2159377e-ebf3-5565-9014-1e2ae69dc1d2: 907
2d01dc34-f36c-562e-b24a-d20dc798fdfc: 837
30e8a05b-4cf1-5aa8-9ef7-28d6e2949ad5: 699
37d0da97-9ae8-5413-b889-4e843ff35488: 1011
40e25dd4-6087-5747-b9c2-4838ada86b15: 1076
47f45aa2-31c4-595b-bdb6-f1348bba062b: 1032
4b72b905-5521-5c57-b666-e20ff9bb195f: 868
4e3c4ac4-69e2-5347-a3b0-662c204d259d: 926
52fbe46b-206c-584a-9f4f-1eb308e07bac: 1064
5b94ec8a-c34d-5e45-84d1-bec2ea965609: 1090
5bf0f969-304c-581e-949c-50c108f62846: 947
5ddbc68c-1283-5c27-952b-d7f102291bc2: 1097
64959ac4-53b5-5868-a845-c7476e9fdf7b: 990
742f1592-627c-54eb-bbb5-ccd55ffae33a: 975
769df255-2284-50b3-8917-2155c759fbbd: 929
79e8a04e-0fdd-53ae-bedc-d49d08e29103: 918
7ab8ff5f-a77f-567d-9882-f8bee0c3c9bf: 989
7d778801-88e7-5086-ad1d-70f31a371876: 999
7f5237b1-2196-5c8a-9543-a5aa70210ef4: 931
83c1394e-9c69-5c11-9102-9ff8d59b1cfd: 1011
844f68ba-265e-53e6-bf47-6c85d1804a7b: 957
a0c91989-530f-5117-80c1-2488dbed683c: 1017
a25b2296-343b-53f6-8792-ada2669d466e: 1008
a35a118e-e65e-5928-92a9-4354a6a0f4ce: 813
a6254c8a-f1b2-5736-b601-18245dd5e0a5: 1084
a79d1f0e-c133-5aa0-8268-cdcc05825f0f: 1046
aa160c78-6da3-5e05-8fc9-d6c13e9f97e0: 1010
aadc9e0c-b7c3-5a47-851d-f21971d10935: 969
ad47bc12-199c-5294-9cb8-4351bbbf7b5e: 893
b2d3ccdd-395c-5dd2-81d9-252bcfc0c337: 902
b3706da5-748b-5dd1-a552-f57e4456cdf6: 1041
b5d5785d-87ee-5078-b9b9-aac6abd4d8de: 918
bb474ab0-c2ce-573b-8acd-ef86b0fa26a2: 1142
c03e27b0-4cb5-584f-aaea-8f1e1ed6513c: 1121
c11c730f-0b6b-580b-af31-d8f0ebbbdfce: 917
c31a47f9-e400-5841-a22b-521c81042603: 986
c985916d-46a5-5c3e-9d50-a5a91f460bac: 1024
cc3b4b63-4a6f-5f28-ac7e-62f83c271449: 1076
cebd3520-4e77-5222-a614-d2888e6afc2b: 1109
d3cadb78-cb8c-5a6e-885c-392e457c68b1: 982
d5181c33-a43b-5dfe-8ad7-0337facb092a: 977
e59c45e0-0c0c-565f-84a9-6cf0ec5ef6c1: 844
e72505f1-21be-5d66-b620-cfcfa2d754bc: 973
e8ec8ec4-dc48-50ce-985a-a06d87861030: 975
eb95076c-c470-56a4-b788-ace310f061c6: 965
f2a69bdc-ed51-5e3f-b102-6b3f7d392be0: 960
f66bc75e-778b-5037-af86-b5275cd4c79f: 865

# samples per stage
0: 9349
1: 2953
2: 26829
3: 6330
4: 9161
[2023-11-11 06:13:32,277][INFO][data_loaders:43] - class distribution after data reduction:
# samples per subject
02fb158a-a658-51ee-89cf-1e1dc2ebfde1: 861
03341d0d-5927-5838-8a5f-1b8ef39d8f57: 1063
039ce8ad-a7fa-5272-a3e3-1f4bfebdd087: 915
095d6e40-5f19-55b6-a0ec-6e0ad3793da0: 1192
100df108-eb57-5eaa-a413-f7e4436a7895: 952
130f3f52-7d0a-551e-af61-2ee75455e5c9: 989
14c012bd-65b0-56f5-bc74-2dffcea69837: 969
16450f5a-9b65-5536-85e1-93816c8b89eb: 816
18ede714-aba3-5ad8-bb1a-18fc9b1c4192: 995
2159377e-ebf3-5565-9014-1e2ae69dc1d2: 907
2d01dc34-f36c-562e-b24a-d20dc798fdfc: 837
30e8a05b-4cf1-5aa8-9ef7-28d6e2949ad5: 699
37d0da97-9ae8-5413-b889-4e843ff35488: 1011
40e25dd4-6087-5747-b9c2-4838ada86b15: 1076
47f45aa2-31c4-595b-bdb6-f1348bba062b: 1032
4b72b905-5521-5c57-b666-e20ff9bb195f: 868
4e3c4ac4-69e2-5347-a3b0-662c204d259d: 926
52fbe46b-206c-584a-9f4f-1eb308e07bac: 1064
5b94ec8a-c34d-5e45-84d1-bec2ea965609: 1090
5bf0f969-304c-581e-949c-50c108f62846: 947
5ddbc68c-1283-5c27-952b-d7f102291bc2: 1097
64959ac4-53b5-5868-a845-c7476e9fdf7b: 990
742f1592-627c-54eb-bbb5-ccd55ffae33a: 975
769df255-2284-50b3-8917-2155c759fbbd: 929
79e8a04e-0fdd-53ae-bedc-d49d08e29103: 918
7ab8ff5f-a77f-567d-9882-f8bee0c3c9bf: 989
7d778801-88e7-5086-ad1d-70f31a371876: 999
7f5237b1-2196-5c8a-9543-a5aa70210ef4: 931
83c1394e-9c69-5c11-9102-9ff8d59b1cfd: 1011
844f68ba-265e-53e6-bf47-6c85d1804a7b: 957
a0c91989-530f-5117-80c1-2488dbed683c: 1017
a25b2296-343b-53f6-8792-ada2669d466e: 1008
a35a118e-e65e-5928-92a9-4354a6a0f4ce: 813
a6254c8a-f1b2-5736-b601-18245dd5e0a5: 1084
a79d1f0e-c133-5aa0-8268-cdcc05825f0f: 1046
aa160c78-6da3-5e05-8fc9-d6c13e9f97e0: 1010
aadc9e0c-b7c3-5a47-851d-f21971d10935: 969
ad47bc12-199c-5294-9cb8-4351bbbf7b5e: 893
b2d3ccdd-395c-5dd2-81d9-252bcfc0c337: 902
b3706da5-748b-5dd1-a552-f57e4456cdf6: 1041
b5d5785d-87ee-5078-b9b9-aac6abd4d8de: 918
bb474ab0-c2ce-573b-8acd-ef86b0fa26a2: 1142
c03e27b0-4cb5-584f-aaea-8f1e1ed6513c: 1121
c11c730f-0b6b-580b-af31-d8f0ebbbdfce: 917
c31a47f9-e400-5841-a22b-521c81042603: 986
c985916d-46a5-5c3e-9d50-a5a91f460bac: 1024
cc3b4b63-4a6f-5f28-ac7e-62f83c271449: 1076
cebd3520-4e77-5222-a614-d2888e6afc2b: 1109
d3cadb78-cb8c-5a6e-885c-392e457c68b1: 982
d5181c33-a43b-5dfe-8ad7-0337facb092a: 977
e59c45e0-0c0c-565f-84a9-6cf0ec5ef6c1: 844
e72505f1-21be-5d66-b620-cfcfa2d754bc: 973
e8ec8ec4-dc48-50ce-985a-a06d87861030: 975
eb95076c-c470-56a4-b788-ace310f061c6: 965
f2a69bdc-ed51-5e3f-b102-6b3f7d392be0: 960
f66bc75e-778b-5037-af86-b5275cd4c79f: 865

# samples per stage
0: 9349
1: 2953
2: 26829
3: 6330
4: 9161
[2023-11-11 06:13:32,290][INFO][base_pretraining_fe:55] - Loading model from ./models/exp007a-m48-simple_multi_class-2023-11-11_02-19-07-final.pth
[2023-11-11 06:13:32,623][INFO][data_loaders:39] - class distribution before data reduction:
# samples per subject
119f9726-eb4c-5a0e-a7bb-9e15256149a1: 932
1fa6c401-d819-50f5-8146-a0bb9e2b2516: 986
22bea84c-5d23-5e49-bc2d-9764f883955b: 1048
25a6b2b0-4d09-561b-82c6-f09bb271d3be: 1063
6a7503ac-ab3a-5d5b-b474-4b0fe37748dd: 1213
a4568951-bf87-5bbc-bc4f-28e93c360be6: 975
b3534fa3-7676-50dc-8412-07f0eff4f7a9: 757
fc10ee0b-b863-511b-bce8-4dfa7af8ac3a: 910

# samples per stage
0: 1488
1: 471
2: 3840
3: 919
4: 1166
[2023-11-11 06:13:32,644][INFO][data_loaders:43] - class distribution after data reduction:
# samples per subject
119f9726-eb4c-5a0e-a7bb-9e15256149a1: 932
1fa6c401-d819-50f5-8146-a0bb9e2b2516: 986
22bea84c-5d23-5e49-bc2d-9764f883955b: 1048
25a6b2b0-4d09-561b-82c6-f09bb271d3be: 1063
6a7503ac-ab3a-5d5b-b474-4b0fe37748dd: 1213
a4568951-bf87-5bbc-bc4f-28e93c360be6: 975
b3534fa3-7676-50dc-8412-07f0eff4f7a9: 757
fc10ee0b-b863-511b-bce8-4dfa7af8ac3a: 910

# samples per stage
0: 1488
1: 471
2: 3840
3: 919
4: 1166
[2023-11-11 06:13:32,657][INFO][clas_trainer:49] - metrics before training (epoch 0):
[2023-11-11 06:13:52,989][INFO][clas_evaluator:99] - dataset: earlystopping, avg f1-score: 0.0803
[2023-11-11 06:14:05,863][INFO][clas_trainer:133] - train epoch: 1 [5408/54622 (10%)], lr: ['1.00e-04'], loss: 1.441441
[2023-11-11 06:14:18,185][INFO][clas_trainer:133] - train epoch: 1 [10848/54622 (20%)], lr: ['1.00e-04'], loss: 1.304989
[2023-11-11 06:14:30,508][INFO][clas_trainer:133] - train epoch: 1 [16288/54622 (30%)], lr: ['1.00e-04'], loss: 1.156261
[2023-11-11 06:14:42,989][INFO][clas_trainer:133] - train epoch: 1 [21728/54622 (40%)], lr: ['1.00e-04'], loss: 0.986249
[2023-11-11 06:14:55,089][INFO][clas_trainer:133] - train epoch: 1 [27168/54622 (50%)], lr: ['1.00e-04'], loss: 1.251332
[2023-11-11 06:15:07,642][INFO][clas_trainer:133] - train epoch: 1 [32608/54622 (60%)], lr: ['1.00e-04'], loss: 0.725309
[2023-11-11 06:15:20,594][INFO][clas_trainer:133] - train epoch: 1 [38048/54622 (70%)], lr: ['1.00e-04'], loss: 0.711568
[2023-11-11 06:15:32,984][INFO][clas_trainer:133] - train epoch: 1 [43488/54622 (80%)], lr: ['1.00e-04'], loss: 0.676180
[2023-11-11 06:15:45,029][INFO][clas_trainer:133] - train epoch: 1 [48928/54622 (90%)], lr: ['1.00e-04'], loss: 0.759993
[2023-11-11 06:15:57,188][INFO][clas_trainer:133] - train epoch: 1 [54368/54622 (100%)], lr: ['1.00e-04'], loss: 0.702103
[2023-11-11 06:16:17,560][INFO][clas_trainer:63] - [epoch   1] execution time: 144.57s	metrics:
[2023-11-11 06:16:17,560][INFO][clas_evaluator:99] - dataset: earlystopping, avg f1-score: 0.5134
[2023-11-11 06:16:17,622][INFO][base_model:51] - snapshot saved to ./models/exp007a-m48-base_fe_clas-2023-11-11_02-19-07-final.pth
[2023-11-11 06:16:30,982][INFO][clas_trainer:133] - train epoch: 2 [5408/54622 (10%)], lr: ['1.00e-04'], loss: 0.824041
[2023-11-11 06:16:43,528][INFO][clas_trainer:133] - train epoch: 2 [10848/54622 (20%)], lr: ['1.00e-04'], loss: 0.802405
[2023-11-11 06:16:55,813][INFO][clas_trainer:133] - train epoch: 2 [16288/54622 (30%)], lr: ['1.00e-04'], loss: 0.827208
[2023-11-11 06:17:07,757][INFO][clas_trainer:133] - train epoch: 2 [21728/54622 (40%)], lr: ['1.00e-04'], loss: 1.195593
[2023-11-11 06:17:20,223][INFO][clas_trainer:133] - train epoch: 2 [27168/54622 (50%)], lr: ['1.00e-04'], loss: 0.877907
[2023-11-11 06:17:32,796][INFO][clas_trainer:133] - train epoch: 2 [32608/54622 (60%)], lr: ['1.00e-04'], loss: 0.872784
[2023-11-11 06:17:45,080][INFO][clas_trainer:133] - train epoch: 2 [38048/54622 (70%)], lr: ['1.00e-04'], loss: 0.866477
[2023-11-11 06:17:57,480][INFO][clas_trainer:133] - train epoch: 2 [43488/54622 (80%)], lr: ['1.00e-04'], loss: 0.864519
[2023-11-11 06:18:09,533][INFO][clas_trainer:133] - train epoch: 2 [48928/54622 (90%)], lr: ['1.00e-04'], loss: 0.575647
[2023-11-11 06:18:21,832][INFO][clas_trainer:133] - train epoch: 2 [54368/54622 (100%)], lr: ['1.00e-04'], loss: 0.755496
[2023-11-11 06:18:42,227][INFO][clas_trainer:63] - [epoch   2] execution time: 144.60s	metrics:
[2023-11-11 06:18:42,227][INFO][clas_evaluator:99] - dataset: earlystopping, avg f1-score: 0.5802
[2023-11-11 06:18:42,286][INFO][base_model:51] - snapshot saved to ./models/exp007a-m48-base_fe_clas-2023-11-11_02-19-07-final.pth
[2023-11-11 06:18:55,186][INFO][clas_trainer:133] - train epoch: 3 [5408/54622 (10%)], lr: ['1.00e-04'], loss: 1.062069
[2023-11-11 06:19:07,731][INFO][clas_trainer:133] - train epoch: 3 [10848/54622 (20%)], lr: ['1.00e-04'], loss: 0.800983
[2023-11-11 06:19:19,902][INFO][clas_trainer:133] - train epoch: 3 [16288/54622 (30%)], lr: ['1.00e-04'], loss: 0.598546
[2023-11-11 06:19:31,754][INFO][clas_trainer:133] - train epoch: 3 [21728/54622 (40%)], lr: ['1.00e-04'], loss: 0.850297
[2023-11-11 06:19:44,089][INFO][clas_trainer:133] - train epoch: 3 [27168/54622 (50%)], lr: ['1.00e-04'], loss: 0.678169
[2023-11-11 06:19:56,238][INFO][clas_trainer:133] - train epoch: 3 [32608/54622 (60%)], lr: ['1.00e-04'], loss: 0.778713
[2023-11-11 06:20:08,982][INFO][clas_trainer:133] - train epoch: 3 [38048/54622 (70%)], lr: ['1.00e-04'], loss: 0.866980
[2023-11-11 06:20:21,258][INFO][clas_trainer:133] - train epoch: 3 [43488/54622 (80%)], lr: ['1.00e-04'], loss: 0.871767
[2023-11-11 06:20:33,208][INFO][clas_trainer:133] - train epoch: 3 [48928/54622 (90%)], lr: ['1.00e-04'], loss: 0.888129
[2023-11-11 06:20:45,556][INFO][clas_trainer:133] - train epoch: 3 [54368/54622 (100%)], lr: ['1.00e-04'], loss: 0.648382
[2023-11-11 06:21:06,886][INFO][clas_trainer:63] - [epoch   3] execution time: 144.60s	metrics:
[2023-11-11 06:21:06,886][INFO][clas_evaluator:99] - dataset: earlystopping, avg f1-score: 0.5847
[2023-11-11 06:21:06,946][INFO][base_model:51] - snapshot saved to ./models/exp007a-m48-base_fe_clas-2023-11-11_02-19-07-final.pth
[2023-11-11 06:21:20,420][INFO][clas_trainer:133] - train epoch: 4 [5408/54622 (10%)], lr: ['1.00e-04'], loss: 0.847690
[2023-11-11 06:21:32,479][INFO][clas_trainer:133] - train epoch: 4 [10848/54622 (20%)], lr: ['1.00e-04'], loss: 0.597920
[2023-11-11 06:21:44,189][INFO][clas_trainer:133] - train epoch: 4 [16288/54622 (30%)], lr: ['1.00e-04'], loss: 0.724245
[2023-11-11 06:21:56,500][INFO][clas_trainer:133] - train epoch: 4 [21728/54622 (40%)], lr: ['1.00e-04'], loss: 0.605061
[2023-11-11 06:22:08,119][INFO][clas_trainer:133] - train epoch: 4 [27168/54622 (50%)], lr: ['1.00e-04'], loss: 0.976545
[2023-11-11 06:22:19,494][INFO][clas_trainer:133] - train epoch: 4 [32608/54622 (60%)], lr: ['1.00e-04'], loss: 0.976961
[2023-11-11 06:22:31,196][INFO][clas_trainer:133] - train epoch: 4 [38048/54622 (70%)], lr: ['1.00e-04'], loss: 0.637809
[2023-11-11 06:22:43,763][INFO][clas_trainer:133] - train epoch: 4 [43488/54622 (80%)], lr: ['1.00e-04'], loss: 0.430581
[2023-11-11 06:22:55,780][INFO][clas_trainer:133] - train epoch: 4 [48928/54622 (90%)], lr: ['1.00e-04'], loss: 0.800512
[2023-11-11 06:23:08,146][INFO][clas_trainer:133] - train epoch: 4 [54368/54622 (100%)], lr: ['1.00e-04'], loss: 0.924249
[2023-11-11 06:23:27,598][INFO][clas_trainer:63] - [epoch   4] execution time: 140.65s	metrics:
[2023-11-11 06:23:27,598][INFO][clas_evaluator:99] - dataset: earlystopping, avg f1-score: 0.5715
[2023-11-11 06:23:40,502][INFO][clas_trainer:133] - train epoch: 5 [5408/54622 (10%)], lr: ['1.00e-04'], loss: 0.690576
[2023-11-11 06:23:52,525][INFO][clas_trainer:133] - train epoch: 5 [10848/54622 (20%)], lr: ['1.00e-04'], loss: 0.797286
[2023-11-11 06:24:04,726][INFO][clas_trainer:133] - train epoch: 5 [16288/54622 (30%)], lr: ['1.00e-04'], loss: 0.756875
[2023-11-11 06:24:16,791][INFO][clas_trainer:133] - train epoch: 5 [21728/54622 (40%)], lr: ['1.00e-04'], loss: 0.754190
[2023-11-11 06:24:28,187][INFO][clas_trainer:133] - train epoch: 5 [27168/54622 (50%)], lr: ['1.00e-04'], loss: 0.504729
[2023-11-11 06:24:40,209][INFO][clas_trainer:133] - train epoch: 5 [32608/54622 (60%)], lr: ['1.00e-04'], loss: 0.692871
[2023-11-11 06:24:52,224][INFO][clas_trainer:133] - train epoch: 5 [38048/54622 (70%)], lr: ['1.00e-04'], loss: 0.504881
[2023-11-11 06:25:04,099][INFO][clas_trainer:133] - train epoch: 5 [43488/54622 (80%)], lr: ['1.00e-04'], loss: 0.721373
[2023-11-11 06:25:15,818][INFO][clas_trainer:133] - train epoch: 5 [48928/54622 (90%)], lr: ['1.00e-04'], loss: 1.144060
[2023-11-11 06:25:27,868][INFO][clas_trainer:133] - train epoch: 5 [54368/54622 (100%)], lr: ['1.00e-04'], loss: 0.599877
[2023-11-11 06:25:47,731][INFO][clas_trainer:63] - [epoch   5] execution time: 140.13s	metrics:
[2023-11-11 06:25:47,732][INFO][clas_evaluator:99] - dataset: earlystopping, avg f1-score: 0.5686
[2023-11-11 06:26:00,669][INFO][clas_trainer:133] - train epoch: 6 [5408/54622 (10%)], lr: ['1.00e-04'], loss: 0.443291
[2023-11-11 06:26:13,075][INFO][clas_trainer:133] - train epoch: 6 [10848/54622 (20%)], lr: ['1.00e-04'], loss: 0.486978
[2023-11-11 06:26:25,695][INFO][clas_trainer:133] - train epoch: 6 [16288/54622 (30%)], lr: ['1.00e-04'], loss: 0.492018
[2023-11-11 06:26:37,574][INFO][clas_trainer:133] - train epoch: 6 [21728/54622 (40%)], lr: ['1.00e-04'], loss: 0.720068
[2023-11-11 06:26:49,359][INFO][clas_trainer:133] - train epoch: 6 [27168/54622 (50%)], lr: ['1.00e-04'], loss: 0.504578
[2023-11-11 06:27:01,676][INFO][clas_trainer:133] - train epoch: 6 [32608/54622 (60%)], lr: ['1.00e-04'], loss: 0.989081
[2023-11-11 06:27:13,127][INFO][clas_trainer:133] - train epoch: 6 [38048/54622 (70%)], lr: ['1.00e-04'], loss: 0.510593
[2023-11-11 06:27:24,736][INFO][clas_trainer:133] - train epoch: 6 [43488/54622 (80%)], lr: ['1.00e-04'], loss: 0.604909
[2023-11-11 06:27:36,079][INFO][clas_trainer:133] - train epoch: 6 [48928/54622 (90%)], lr: ['1.00e-04'], loss: 0.574542
[2023-11-11 06:27:48,869][INFO][clas_trainer:133] - train epoch: 6 [54368/54622 (100%)], lr: ['1.00e-04'], loss: 0.611736
[2023-11-11 06:28:08,698][INFO][clas_trainer:63] - [epoch   6] execution time: 140.97s	metrics:
[2023-11-11 06:28:08,699][INFO][clas_evaluator:99] - dataset: earlystopping, avg f1-score: 0.6164
[2023-11-11 06:28:08,758][INFO][base_model:51] - snapshot saved to ./models/exp007a-m48-base_fe_clas-2023-11-11_02-19-07-final.pth
[2023-11-11 06:28:22,529][INFO][clas_trainer:133] - train epoch: 7 [5408/54622 (10%)], lr: ['1.00e-04'], loss: 0.578276
[2023-11-11 06:28:34,886][INFO][clas_trainer:133] - train epoch: 7 [10848/54622 (20%)], lr: ['1.00e-04'], loss: 0.449801
[2023-11-11 06:28:47,836][INFO][clas_trainer:133] - train epoch: 7 [16288/54622 (30%)], lr: ['1.00e-04'], loss: 0.701021
[2023-11-11 06:28:59,979][INFO][clas_trainer:133] - train epoch: 7 [21728/54622 (40%)], lr: ['1.00e-04'], loss: 0.626534
[2023-11-11 06:29:13,166][INFO][clas_trainer:133] - train epoch: 7 [27168/54622 (50%)], lr: ['1.00e-04'], loss: 0.452397
[2023-11-11 06:29:25,677][INFO][clas_trainer:133] - train epoch: 7 [32608/54622 (60%)], lr: ['1.00e-04'], loss: 0.767558
[2023-11-11 06:29:38,278][INFO][clas_trainer:133] - train epoch: 7 [38048/54622 (70%)], lr: ['1.00e-04'], loss: 0.921332
[2023-11-11 06:29:51,228][INFO][clas_trainer:133] - train epoch: 7 [43488/54622 (80%)], lr: ['1.00e-04'], loss: 0.390780
[2023-11-11 06:30:03,588][INFO][clas_trainer:133] - train epoch: 7 [48928/54622 (90%)], lr: ['1.00e-04'], loss: 0.654251
[2023-11-11 06:30:15,815][INFO][clas_trainer:133] - train epoch: 7 [54368/54622 (100%)], lr: ['1.00e-04'], loss: 0.390050
[2023-11-11 06:30:37,274][INFO][clas_trainer:63] - [epoch   7] execution time: 148.52s	metrics:
[2023-11-11 06:30:37,275][INFO][clas_evaluator:99] - dataset: earlystopping, avg f1-score: 0.6021
[2023-11-11 06:30:50,968][INFO][clas_trainer:133] - train epoch: 8 [5408/54622 (10%)], lr: ['1.00e-04'], loss: 0.697559
[2023-11-11 06:31:03,563][INFO][clas_trainer:133] - train epoch: 8 [10848/54622 (20%)], lr: ['1.00e-04'], loss: 0.753119
[2023-11-11 06:31:15,942][INFO][clas_trainer:133] - train epoch: 8 [16288/54622 (30%)], lr: ['1.00e-04'], loss: 0.714739
[2023-11-11 06:31:28,762][INFO][clas_trainer:133] - train epoch: 8 [21728/54622 (40%)], lr: ['1.00e-04'], loss: 0.477982
[2023-11-11 06:31:41,046][INFO][clas_trainer:133] - train epoch: 8 [27168/54622 (50%)], lr: ['1.00e-04'], loss: 0.656297
[2023-11-11 06:31:53,640][INFO][clas_trainer:133] - train epoch: 8 [32608/54622 (60%)], lr: ['1.00e-04'], loss: 0.385614
[2023-11-11 06:32:06,230][INFO][clas_trainer:133] - train epoch: 8 [38048/54622 (70%)], lr: ['1.00e-04'], loss: 0.740296
[2023-11-11 06:32:18,784][INFO][clas_trainer:133] - train epoch: 8 [43488/54622 (80%)], lr: ['1.00e-04'], loss: 0.552916
[2023-11-11 06:32:30,934][INFO][clas_trainer:133] - train epoch: 8 [48928/54622 (90%)], lr: ['1.00e-04'], loss: 0.488003
[2023-11-11 06:32:43,606][INFO][clas_trainer:133] - train epoch: 8 [54368/54622 (100%)], lr: ['1.00e-04'], loss: 0.924687
[2023-11-11 06:33:03,439][INFO][clas_trainer:63] - [epoch   8] execution time: 146.16s	metrics:
[2023-11-11 06:33:03,440][INFO][clas_evaluator:99] - dataset: earlystopping, avg f1-score: 0.6159
[2023-11-11 06:33:16,092][INFO][clas_trainer:133] - train epoch: 9 [5408/54622 (10%)], lr: ['1.00e-04'], loss: 0.573171
[2023-11-11 06:33:28,667][INFO][clas_trainer:133] - train epoch: 9 [10848/54622 (20%)], lr: ['1.00e-04'], loss: 0.438076
[2023-11-11 06:33:40,693][INFO][clas_trainer:133] - train epoch: 9 [16288/54622 (30%)], lr: ['1.00e-04'], loss: 0.766692
[2023-11-11 06:33:52,494][INFO][clas_trainer:133] - train epoch: 9 [21728/54622 (40%)], lr: ['1.00e-04'], loss: 0.541479
[2023-11-11 06:34:04,380][INFO][clas_trainer:133] - train epoch: 9 [27168/54622 (50%)], lr: ['1.00e-04'], loss: 0.285573
[2023-11-11 06:34:15,967][INFO][clas_trainer:133] - train epoch: 9 [32608/54622 (60%)], lr: ['1.00e-04'], loss: 0.490177
[2023-11-11 06:34:28,066][INFO][clas_trainer:133] - train epoch: 9 [38048/54622 (70%)], lr: ['1.00e-04'], loss: 0.807081
[2023-11-11 06:34:39,891][INFO][clas_trainer:133] - train epoch: 9 [43488/54622 (80%)], lr: ['1.00e-04'], loss: 0.408800
[2023-11-11 06:34:51,711][INFO][clas_trainer:133] - train epoch: 9 [48928/54622 (90%)], lr: ['1.00e-04'], loss: 0.655437
[2023-11-11 06:35:03,355][INFO][clas_trainer:133] - train epoch: 9 [54368/54622 (100%)], lr: ['1.00e-04'], loss: 0.524278
[2023-11-11 06:35:23,277][INFO][clas_trainer:63] - [epoch   9] execution time: 139.84s	metrics:
[2023-11-11 06:35:23,278][INFO][clas_evaluator:99] - dataset: earlystopping, avg f1-score: 0.5749
[2023-11-11 06:35:35,874][INFO][clas_trainer:133] - train epoch: 10 [5408/54622 (10%)], lr: ['1.00e-04'], loss: 0.798810
[2023-11-11 06:35:48,301][INFO][clas_trainer:133] - train epoch: 10 [10848/54622 (20%)], lr: ['1.00e-04'], loss: 0.585119
[2023-11-11 06:36:00,270][INFO][clas_trainer:133] - train epoch: 10 [16288/54622 (30%)], lr: ['1.00e-04'], loss: 0.707843
[2023-11-11 06:36:11,966][INFO][clas_trainer:133] - train epoch: 10 [21728/54622 (40%)], lr: ['1.00e-04'], loss: 0.580954
[2023-11-11 06:36:24,008][INFO][clas_trainer:133] - train epoch: 10 [27168/54622 (50%)], lr: ['1.00e-04'], loss: 0.736550
[2023-11-11 06:36:35,872][INFO][clas_trainer:133] - train epoch: 10 [32608/54622 (60%)], lr: ['1.00e-04'], loss: 0.596282
[2023-11-11 06:36:48,238][INFO][clas_trainer:133] - train epoch: 10 [38048/54622 (70%)], lr: ['1.00e-04'], loss: 0.564397
[2023-11-11 06:37:00,585][INFO][clas_trainer:133] - train epoch: 10 [43488/54622 (80%)], lr: ['1.00e-04'], loss: 0.491293
[2023-11-11 06:37:12,554][INFO][clas_trainer:133] - train epoch: 10 [48928/54622 (90%)], lr: ['1.00e-04'], loss: 0.756809
[2023-11-11 06:37:24,316][INFO][clas_trainer:133] - train epoch: 10 [54368/54622 (100%)], lr: ['1.00e-04'], loss: 0.608100
[2023-11-11 06:37:44,019][INFO][clas_trainer:63] - [epoch  10] execution time: 140.74s	metrics:
[2023-11-11 06:37:44,019][INFO][clas_evaluator:99] - dataset: earlystopping, avg f1-score: 0.6200
[2023-11-11 06:37:44,078][INFO][base_model:51] - snapshot saved to ./models/exp007a-m48-base_fe_clas-2023-11-11_02-19-07-final.pth
[2023-11-11 06:37:56,277][INFO][clas_trainer:133] - train epoch: 11 [5408/54622 (10%)], lr: ['1.00e-04'], loss: 0.600492
[2023-11-11 06:38:08,104][INFO][clas_trainer:133] - train epoch: 11 [10848/54622 (20%)], lr: ['1.00e-04'], loss: 1.032214
[2023-11-11 06:38:19,711][INFO][clas_trainer:133] - train epoch: 11 [16288/54622 (30%)], lr: ['1.00e-04'], loss: 0.369190
[2023-11-11 06:38:32,551][INFO][clas_trainer:133] - train epoch: 11 [21728/54622 (40%)], lr: ['1.00e-04'], loss: 0.468594
[2023-11-11 06:38:44,137][INFO][clas_trainer:133] - train epoch: 11 [27168/54622 (50%)], lr: ['1.00e-04'], loss: 0.359117
[2023-11-11 06:38:55,440][INFO][clas_trainer:133] - train epoch: 11 [32608/54622 (60%)], lr: ['1.00e-04'], loss: 0.375308
[2023-11-11 06:39:06,982][INFO][clas_trainer:133] - train epoch: 11 [38048/54622 (70%)], lr: ['1.00e-04'], loss: 0.372937
[2023-11-11 06:39:18,820][INFO][clas_trainer:133] - train epoch: 11 [43488/54622 (80%)], lr: ['1.00e-04'], loss: 0.448857
[2023-11-11 06:39:30,548][INFO][clas_trainer:133] - train epoch: 11 [48928/54622 (90%)], lr: ['1.00e-04'], loss: 0.559912
[2023-11-11 06:39:42,464][INFO][clas_trainer:133] - train epoch: 11 [54368/54622 (100%)], lr: ['1.00e-04'], loss: 0.315726
[2023-11-11 06:40:01,389][INFO][clas_trainer:63] - [epoch  11] execution time: 137.31s	metrics:
[2023-11-11 06:40:01,389][INFO][clas_evaluator:99] - dataset: earlystopping, avg f1-score: 0.6000
[2023-11-11 06:40:13,962][INFO][clas_trainer:133] - train epoch: 12 [5408/54622 (10%)], lr: ['1.00e-04'], loss: 0.307856
[2023-11-11 06:40:26,020][INFO][clas_trainer:133] - train epoch: 12 [10848/54622 (20%)], lr: ['1.00e-04'], loss: 0.389042
[2023-11-11 06:40:37,866][INFO][clas_trainer:133] - train epoch: 12 [16288/54622 (30%)], lr: ['1.00e-04'], loss: 0.585101
[2023-11-11 06:40:49,988][INFO][clas_trainer:133] - train epoch: 12 [21728/54622 (40%)], lr: ['1.00e-04'], loss: 0.559417
[2023-11-11 06:41:01,847][INFO][clas_trainer:133] - train epoch: 12 [27168/54622 (50%)], lr: ['1.00e-04'], loss: 0.233144
[2023-11-11 06:41:13,367][INFO][clas_trainer:133] - train epoch: 12 [32608/54622 (60%)], lr: ['1.00e-04'], loss: 0.619802
[2023-11-11 06:41:25,489][INFO][clas_trainer:133] - train epoch: 12 [38048/54622 (70%)], lr: ['1.00e-04'], loss: 0.678722
[2023-11-11 06:41:37,165][INFO][clas_trainer:133] - train epoch: 12 [43488/54622 (80%)], lr: ['1.00e-04'], loss: 0.520753
[2023-11-11 06:41:49,531][INFO][clas_trainer:133] - train epoch: 12 [48928/54622 (90%)], lr: ['1.00e-04'], loss: 0.687050
[2023-11-11 06:42:01,733][INFO][clas_trainer:133] - train epoch: 12 [54368/54622 (100%)], lr: ['1.00e-04'], loss: 0.824709
[2023-11-11 06:42:21,364][INFO][clas_trainer:63] - [epoch  12] execution time: 139.98s	metrics:
[2023-11-11 06:42:21,365][INFO][clas_evaluator:99] - dataset: earlystopping, avg f1-score: 0.5761
[2023-11-11 06:42:34,003][INFO][clas_trainer:133] - train epoch: 13 [5408/54622 (10%)], lr: ['1.00e-04'], loss: 0.525340
[2023-11-11 06:42:45,838][INFO][clas_trainer:133] - train epoch: 13 [10848/54622 (20%)], lr: ['1.00e-04'], loss: 0.457290
[2023-11-11 06:42:57,893][INFO][clas_trainer:133] - train epoch: 13 [16288/54622 (30%)], lr: ['1.00e-04'], loss: 0.474483
[2023-11-11 06:43:09,680][INFO][clas_trainer:133] - train epoch: 13 [21728/54622 (40%)], lr: ['1.00e-04'], loss: 1.023466
[2023-11-11 06:43:21,350][INFO][clas_trainer:133] - train epoch: 13 [27168/54622 (50%)], lr: ['1.00e-04'], loss: 0.465701
[2023-11-11 06:43:32,978][INFO][clas_trainer:133] - train epoch: 13 [32608/54622 (60%)], lr: ['1.00e-04'], loss: 0.534914
[2023-11-11 06:43:45,117][INFO][clas_trainer:133] - train epoch: 13 [38048/54622 (70%)], lr: ['1.00e-04'], loss: 0.592423
[2023-11-11 06:43:57,159][INFO][clas_trainer:133] - train epoch: 13 [43488/54622 (80%)], lr: ['1.00e-04'], loss: 0.456806
[2023-11-11 06:44:08,951][INFO][clas_trainer:133] - train epoch: 13 [48928/54622 (90%)], lr: ['1.00e-04'], loss: 0.583385
[2023-11-11 06:44:20,990][INFO][clas_trainer:133] - train epoch: 13 [54368/54622 (100%)], lr: ['1.00e-04'], loss: 0.482574
[2023-11-11 06:44:39,899][INFO][clas_trainer:63] - [epoch  13] execution time: 138.53s	metrics:
[2023-11-11 06:44:39,899][INFO][clas_evaluator:99] - dataset: earlystopping, avg f1-score: 0.5898
[2023-11-11 06:44:52,254][INFO][clas_trainer:133] - train epoch: 14 [5408/54622 (10%)], lr: ['1.00e-04'], loss: 0.264988
[2023-11-11 06:45:04,002][INFO][clas_trainer:133] - train epoch: 14 [10848/54622 (20%)], lr: ['1.00e-04'], loss: 0.545446
[2023-11-11 06:45:15,619][INFO][clas_trainer:133] - train epoch: 14 [16288/54622 (30%)], lr: ['1.00e-04'], loss: 0.669949
[2023-11-11 06:45:27,011][INFO][clas_trainer:133] - train epoch: 14 [21728/54622 (40%)], lr: ['1.00e-04'], loss: 0.598449
[2023-11-11 06:45:38,772][INFO][clas_trainer:133] - train epoch: 14 [27168/54622 (50%)], lr: ['1.00e-04'], loss: 0.335439
[2023-11-11 06:45:50,288][INFO][clas_trainer:133] - train epoch: 14 [32608/54622 (60%)], lr: ['1.00e-04'], loss: 0.508323
[2023-11-11 06:46:01,886][INFO][clas_trainer:133] - train epoch: 14 [38048/54622 (70%)], lr: ['1.00e-04'], loss: 0.143120
[2023-11-11 06:46:13,231][INFO][clas_trainer:133] - train epoch: 14 [43488/54622 (80%)], lr: ['1.00e-04'], loss: 0.635625
[2023-11-11 06:46:24,994][INFO][clas_trainer:133] - train epoch: 14 [48928/54622 (90%)], lr: ['1.00e-04'], loss: 0.472655
[2023-11-11 06:46:36,805][INFO][clas_trainer:133] - train epoch: 14 [54368/54622 (100%)], lr: ['1.00e-04'], loss: 0.683300
[2023-11-11 06:46:56,351][INFO][clas_trainer:63] - [epoch  14] execution time: 136.45s	metrics:
[2023-11-11 06:46:56,352][INFO][clas_evaluator:99] - dataset: earlystopping, avg f1-score: 0.6368
[2023-11-11 06:46:56,416][INFO][base_model:51] - snapshot saved to ./models/exp007a-m48-base_fe_clas-2023-11-11_02-19-07-final.pth
[2023-11-11 06:47:09,735][INFO][clas_trainer:133] - train epoch: 15 [5408/54622 (10%)], lr: ['1.00e-04'], loss: 0.661311
[2023-11-11 06:47:22,145][INFO][clas_trainer:133] - train epoch: 15 [10848/54622 (20%)], lr: ['1.00e-04'], loss: 0.705684
[2023-11-11 06:47:34,878][INFO][clas_trainer:133] - train epoch: 15 [16288/54622 (30%)], lr: ['1.00e-04'], loss: 0.557777
[2023-11-11 06:47:46,929][INFO][clas_trainer:133] - train epoch: 15 [21728/54622 (40%)], lr: ['1.00e-04'], loss: 0.565292
[2023-11-11 06:47:59,625][INFO][clas_trainer:133] - train epoch: 15 [27168/54622 (50%)], lr: ['1.00e-04'], loss: 0.369083
[2023-11-11 06:48:12,179][INFO][clas_trainer:133] - train epoch: 15 [32608/54622 (60%)], lr: ['1.00e-04'], loss: 0.419057
[2023-11-11 06:48:24,817][INFO][clas_trainer:133] - train epoch: 15 [38048/54622 (70%)], lr: ['1.00e-04'], loss: 0.198704
[2023-11-11 06:48:37,460][INFO][clas_trainer:133] - train epoch: 15 [43488/54622 (80%)], lr: ['1.00e-04'], loss: 0.784536
[2023-11-11 06:48:49,786][INFO][clas_trainer:133] - train epoch: 15 [48928/54622 (90%)], lr: ['1.00e-04'], loss: 0.421972
[2023-11-11 06:49:01,678][INFO][clas_trainer:133] - train epoch: 15 [54368/54622 (100%)], lr: ['1.00e-04'], loss: 0.609422
[2023-11-11 06:49:21,457][INFO][clas_trainer:63] - [epoch  15] execution time: 145.04s	metrics:
[2023-11-11 06:49:21,457][INFO][clas_evaluator:99] - dataset: earlystopping, avg f1-score: 0.6215
[2023-11-11 06:49:35,255][INFO][clas_trainer:133] - train epoch: 16 [5408/54622 (10%)], lr: ['1.00e-04'], loss: 0.737387
[2023-11-11 06:49:48,215][INFO][clas_trainer:133] - train epoch: 16 [10848/54622 (20%)], lr: ['1.00e-04'], loss: 0.541470
[2023-11-11 06:50:01,776][INFO][clas_trainer:133] - train epoch: 16 [16288/54622 (30%)], lr: ['1.00e-04'], loss: 0.480100
[2023-11-11 06:50:14,702][INFO][clas_trainer:133] - train epoch: 16 [21728/54622 (40%)], lr: ['1.00e-04'], loss: 0.544380
[2023-11-11 06:50:28,143][INFO][clas_trainer:133] - train epoch: 16 [27168/54622 (50%)], lr: ['1.00e-04'], loss: 0.655072
[2023-11-11 06:50:42,341][INFO][clas_trainer:133] - train epoch: 16 [32608/54622 (60%)], lr: ['1.00e-04'], loss: 0.591897
[2023-11-11 06:50:55,182][INFO][clas_trainer:133] - train epoch: 16 [38048/54622 (70%)], lr: ['1.00e-04'], loss: 0.671215
[2023-11-11 06:51:07,858][INFO][clas_trainer:133] - train epoch: 16 [43488/54622 (80%)], lr: ['1.00e-04'], loss: 0.682572
[2023-11-11 06:51:20,153][INFO][clas_trainer:133] - train epoch: 16 [48928/54622 (90%)], lr: ['1.00e-04'], loss: 0.369410
[2023-11-11 06:51:32,685][INFO][clas_trainer:133] - train epoch: 16 [54368/54622 (100%)], lr: ['1.00e-04'], loss: 0.798894
[2023-11-11 06:51:53,617][INFO][clas_trainer:63] - [epoch  16] execution time: 152.16s	metrics:
[2023-11-11 06:51:53,617][INFO][clas_evaluator:99] - dataset: earlystopping, avg f1-score: 0.6131
[2023-11-11 06:52:06,186][INFO][clas_trainer:133] - train epoch: 17 [5408/54622 (10%)], lr: ['1.00e-04'], loss: 0.637822
[2023-11-11 06:52:18,548][INFO][clas_trainer:133] - train epoch: 17 [10848/54622 (20%)], lr: ['1.00e-04'], loss: 0.346684
[2023-11-11 06:52:31,155][INFO][clas_trainer:133] - train epoch: 17 [16288/54622 (30%)], lr: ['1.00e-04'], loss: 0.493076
[2023-11-11 06:52:43,437][INFO][clas_trainer:133] - train epoch: 17 [21728/54622 (40%)], lr: ['1.00e-04'], loss: 0.430470
[2023-11-11 06:52:56,094][INFO][clas_trainer:133] - train epoch: 17 [27168/54622 (50%)], lr: ['1.00e-04'], loss: 0.539467
[2023-11-11 06:53:08,457][INFO][clas_trainer:133] - train epoch: 17 [32608/54622 (60%)], lr: ['1.00e-04'], loss: 0.426796
[2023-11-11 06:53:20,620][INFO][clas_trainer:133] - train epoch: 17 [38048/54622 (70%)], lr: ['1.00e-04'], loss: 0.485298
[2023-11-11 06:53:32,318][INFO][clas_trainer:133] - train epoch: 17 [43488/54622 (80%)], lr: ['1.00e-04'], loss: 0.572453
[2023-11-11 06:53:44,270][INFO][clas_trainer:133] - train epoch: 17 [48928/54622 (90%)], lr: ['1.00e-04'], loss: 0.523030
[2023-11-11 06:53:56,645][INFO][clas_trainer:133] - train epoch: 17 [54368/54622 (100%)], lr: ['1.00e-04'], loss: 0.419143
[2023-11-11 06:54:17,119][INFO][clas_trainer:63] - [epoch  17] execution time: 143.50s	metrics:
[2023-11-11 06:54:17,120][INFO][clas_evaluator:99] - dataset: earlystopping, avg f1-score: 0.5939
[2023-11-11 06:54:30,857][INFO][clas_trainer:133] - train epoch: 18 [5408/54622 (10%)], lr: ['1.00e-04'], loss: 0.789031
[2023-11-11 06:54:43,853][INFO][clas_trainer:133] - train epoch: 18 [10848/54622 (20%)], lr: ['1.00e-04'], loss: 0.329966
[2023-11-11 06:54:56,259][INFO][clas_trainer:133] - train epoch: 18 [16288/54622 (30%)], lr: ['1.00e-04'], loss: 0.420401
[2023-11-11 06:55:08,877][INFO][clas_trainer:133] - train epoch: 18 [21728/54622 (40%)], lr: ['1.00e-04'], loss: 0.413310
[2023-11-11 06:55:21,347][INFO][clas_trainer:133] - train epoch: 18 [27168/54622 (50%)], lr: ['1.00e-04'], loss: 0.242475
[2023-11-11 06:55:34,438][INFO][clas_trainer:133] - train epoch: 18 [32608/54622 (60%)], lr: ['1.00e-04'], loss: 0.343555
[2023-11-11 06:55:46,757][INFO][clas_trainer:133] - train epoch: 18 [38048/54622 (70%)], lr: ['1.00e-04'], loss: 0.371807
[2023-11-11 06:55:59,651][INFO][clas_trainer:133] - train epoch: 18 [43488/54622 (80%)], lr: ['1.00e-04'], loss: 0.516764
[2023-11-11 06:56:12,194][INFO][clas_trainer:133] - train epoch: 18 [48928/54622 (90%)], lr: ['1.00e-04'], loss: 0.483290
[2023-11-11 06:56:24,210][INFO][clas_trainer:133] - train epoch: 18 [54368/54622 (100%)], lr: ['1.00e-04'], loss: 0.284303
[2023-11-11 06:56:45,035][INFO][clas_trainer:63] - [epoch  18] execution time: 147.92s	metrics:
[2023-11-11 06:56:45,036][INFO][clas_evaluator:99] - dataset: earlystopping, avg f1-score: 0.6388
[2023-11-11 06:56:45,095][INFO][base_model:51] - snapshot saved to ./models/exp007a-m48-base_fe_clas-2023-11-11_02-19-07-final.pth
[2023-11-11 06:56:57,879][INFO][clas_trainer:133] - train epoch: 19 [5408/54622 (10%)], lr: ['1.00e-04'], loss: 0.487824
[2023-11-11 06:57:10,529][INFO][clas_trainer:133] - train epoch: 19 [10848/54622 (20%)], lr: ['1.00e-04'], loss: 0.435793
[2023-11-11 06:57:22,505][INFO][clas_trainer:133] - train epoch: 19 [16288/54622 (30%)], lr: ['1.00e-04'], loss: 0.517680
[2023-11-11 06:57:34,139][INFO][clas_trainer:133] - train epoch: 19 [21728/54622 (40%)], lr: ['1.00e-04'], loss: 0.431698
[2023-11-11 06:57:46,265][INFO][clas_trainer:133] - train epoch: 19 [27168/54622 (50%)], lr: ['1.00e-04'], loss: 0.582709
[2023-11-11 06:57:58,163][INFO][clas_trainer:133] - train epoch: 19 [32608/54622 (60%)], lr: ['1.00e-04'], loss: 0.545342
[2023-11-11 06:58:10,195][INFO][clas_trainer:133] - train epoch: 19 [38048/54622 (70%)], lr: ['1.00e-04'], loss: 0.376433
[2023-11-11 06:58:21,940][INFO][clas_trainer:133] - train epoch: 19 [43488/54622 (80%)], lr: ['1.00e-04'], loss: 0.528220
[2023-11-11 06:58:33,876][INFO][clas_trainer:133] - train epoch: 19 [48928/54622 (90%)], lr: ['1.00e-04'], loss: 0.427408
[2023-11-11 06:58:45,629][INFO][clas_trainer:133] - train epoch: 19 [54368/54622 (100%)], lr: ['1.00e-04'], loss: 0.278208
[2023-11-11 06:59:05,816][INFO][clas_trainer:63] - [epoch  19] execution time: 140.72s	metrics:
[2023-11-11 06:59:05,817][INFO][clas_evaluator:99] - dataset: earlystopping, avg f1-score: 0.6070
[2023-11-11 06:59:18,345][INFO][clas_trainer:133] - train epoch: 20 [5408/54622 (10%)], lr: ['1.00e-04'], loss: 0.281879
[2023-11-11 06:59:30,434][INFO][clas_trainer:133] - train epoch: 20 [10848/54622 (20%)], lr: ['1.00e-04'], loss: 0.309626
[2023-11-11 06:59:42,353][INFO][clas_trainer:133] - train epoch: 20 [16288/54622 (30%)], lr: ['1.00e-04'], loss: 0.727380
[2023-11-11 06:59:54,223][INFO][clas_trainer:133] - train epoch: 20 [21728/54622 (40%)], lr: ['1.00e-04'], loss: 0.388365
[2023-11-11 07:00:05,269][INFO][clas_trainer:133] - train epoch: 20 [27168/54622 (50%)], lr: ['1.00e-04'], loss: 0.411774
[2023-11-11 07:00:16,979][INFO][clas_trainer:133] - train epoch: 20 [32608/54622 (60%)], lr: ['1.00e-04'], loss: 0.505157
[2023-11-11 07:00:28,628][INFO][clas_trainer:133] - train epoch: 20 [38048/54622 (70%)], lr: ['1.00e-04'], loss: 0.341511
[2023-11-11 07:00:40,435][INFO][clas_trainer:133] - train epoch: 20 [43488/54622 (80%)], lr: ['1.00e-04'], loss: 0.572617
[2023-11-11 07:00:52,467][INFO][clas_trainer:133] - train epoch: 20 [48928/54622 (90%)], lr: ['1.00e-04'], loss: 0.449526
[2023-11-11 07:01:04,015][INFO][clas_trainer:133] - train epoch: 20 [54368/54622 (100%)], lr: ['1.00e-04'], loss: 0.311661
[2023-11-11 07:01:24,071][INFO][clas_trainer:63] - [epoch  20] execution time: 138.25s	metrics:
[2023-11-11 07:01:24,071][INFO][clas_evaluator:99] - dataset: earlystopping, avg f1-score: 0.6343
[2023-11-11 07:01:36,738][INFO][clas_trainer:133] - train epoch: 21 [5408/54622 (10%)], lr: ['1.00e-04'], loss: 0.185963
[2023-11-11 07:01:49,100][INFO][clas_trainer:133] - train epoch: 21 [10848/54622 (20%)], lr: ['1.00e-04'], loss: 0.566938
[2023-11-11 07:02:00,965][INFO][clas_trainer:133] - train epoch: 21 [16288/54622 (30%)], lr: ['1.00e-04'], loss: 0.459277
[2023-11-11 07:02:12,785][INFO][clas_trainer:133] - train epoch: 21 [21728/54622 (40%)], lr: ['1.00e-04'], loss: 0.318067
[2023-11-11 07:02:24,652][INFO][clas_trainer:133] - train epoch: 21 [27168/54622 (50%)], lr: ['1.00e-04'], loss: 0.640643
[2023-11-11 07:02:36,892][INFO][clas_trainer:133] - train epoch: 21 [32608/54622 (60%)], lr: ['1.00e-04'], loss: 0.481383
[2023-11-11 07:02:48,584][INFO][clas_trainer:133] - train epoch: 21 [38048/54622 (70%)], lr: ['1.00e-04'], loss: 0.294422
[2023-11-11 07:03:00,634][INFO][clas_trainer:133] - train epoch: 21 [43488/54622 (80%)], lr: ['1.00e-04'], loss: 0.244850
[2023-11-11 07:03:12,538][INFO][clas_trainer:133] - train epoch: 21 [48928/54622 (90%)], lr: ['1.00e-04'], loss: 0.401533
[2023-11-11 07:03:24,221][INFO][clas_trainer:133] - train epoch: 21 [54368/54622 (100%)], lr: ['1.00e-04'], loss: 0.716300
[2023-11-11 07:03:44,579][INFO][clas_trainer:63] - [epoch  21] execution time: 140.51s	metrics:
[2023-11-11 07:03:44,580][INFO][clas_evaluator:99] - dataset: earlystopping, avg f1-score: 0.5888
[2023-11-11 07:03:57,298][INFO][clas_trainer:133] - train epoch: 22 [5408/54622 (10%)], lr: ['1.00e-04'], loss: 0.315886
[2023-11-11 07:04:09,304][INFO][clas_trainer:133] - train epoch: 22 [10848/54622 (20%)], lr: ['1.00e-04'], loss: 0.264079
[2023-11-11 07:04:20,870][INFO][clas_trainer:133] - train epoch: 22 [16288/54622 (30%)], lr: ['1.00e-04'], loss: 0.432295
[2023-11-11 07:04:31,873][INFO][clas_trainer:133] - train epoch: 22 [21728/54622 (40%)], lr: ['1.00e-04'], loss: 0.534196
[2023-11-11 07:04:43,366][INFO][clas_trainer:133] - train epoch: 22 [27168/54622 (50%)], lr: ['1.00e-04'], loss: 0.476813
[2023-11-11 07:04:55,159][INFO][clas_trainer:133] - train epoch: 22 [32608/54622 (60%)], lr: ['1.00e-04'], loss: 0.498011
[2023-11-11 07:05:06,467][INFO][clas_trainer:133] - train epoch: 22 [38048/54622 (70%)], lr: ['1.00e-04'], loss: 0.225696
[2023-11-11 07:05:18,024][INFO][clas_trainer:133] - train epoch: 22 [43488/54622 (80%)], lr: ['1.00e-04'], loss: 0.523758
[2023-11-11 07:05:30,125][INFO][clas_trainer:133] - train epoch: 22 [48928/54622 (90%)], lr: ['1.00e-04'], loss: 0.437796
[2023-11-11 07:05:41,689][INFO][clas_trainer:133] - train epoch: 22 [54368/54622 (100%)], lr: ['1.00e-04'], loss: 1.011720
[2023-11-11 07:06:00,849][INFO][clas_trainer:63] - [epoch  22] execution time: 136.27s	metrics:
[2023-11-11 07:06:00,850][INFO][clas_evaluator:99] - dataset: earlystopping, avg f1-score: 0.6077
[2023-11-11 07:06:15,272][INFO][clas_trainer:133] - train epoch: 23 [5408/54622 (10%)], lr: ['1.00e-04'], loss: 0.382197
[2023-11-11 07:06:28,158][INFO][clas_trainer:133] - train epoch: 23 [10848/54622 (20%)], lr: ['1.00e-04'], loss: 0.361440
[2023-11-11 07:06:39,441][INFO][clas_trainer:133] - train epoch: 23 [16288/54622 (30%)], lr: ['1.00e-04'], loss: 0.484385
[2023-11-11 07:06:50,511][INFO][clas_trainer:133] - train epoch: 23 [21728/54622 (40%)], lr: ['1.00e-04'], loss: 0.579337
[2023-11-11 07:07:01,504][INFO][clas_trainer:133] - train epoch: 23 [27168/54622 (50%)], lr: ['1.00e-04'], loss: 0.443200
[2023-11-11 07:07:13,226][INFO][clas_trainer:133] - train epoch: 23 [32608/54622 (60%)], lr: ['1.00e-04'], loss: 0.412623
[2023-11-11 07:07:24,305][INFO][clas_trainer:133] - train epoch: 23 [38048/54622 (70%)], lr: ['1.00e-04'], loss: 0.443313
[2023-11-11 07:07:35,836][INFO][clas_trainer:133] - train epoch: 23 [43488/54622 (80%)], lr: ['1.00e-04'], loss: 0.396573
[2023-11-11 07:07:47,449][INFO][clas_trainer:133] - train epoch: 23 [48928/54622 (90%)], lr: ['1.00e-04'], loss: 0.471378
[2023-11-11 07:07:58,914][INFO][clas_trainer:133] - train epoch: 23 [54368/54622 (100%)], lr: ['1.00e-04'], loss: 0.544935
[2023-11-11 07:08:17,681][INFO][clas_trainer:63] - [epoch  23] execution time: 136.83s	metrics:
[2023-11-11 07:08:17,681][INFO][clas_evaluator:99] - dataset: earlystopping, avg f1-score: 0.6252
[2023-11-11 07:08:30,075][INFO][clas_trainer:133] - train epoch: 24 [5408/54622 (10%)], lr: ['1.00e-04'], loss: 0.426885
[2023-11-11 07:08:41,459][INFO][clas_trainer:133] - train epoch: 24 [10848/54622 (20%)], lr: ['1.00e-04'], loss: 0.286903
[2023-11-11 07:08:52,970][INFO][clas_trainer:133] - train epoch: 24 [16288/54622 (30%)], lr: ['1.00e-04'], loss: 0.311465
[2023-11-11 07:09:04,229][INFO][clas_trainer:133] - train epoch: 24 [21728/54622 (40%)], lr: ['1.00e-04'], loss: 0.147042
[2023-11-11 07:09:15,781][INFO][clas_trainer:133] - train epoch: 24 [27168/54622 (50%)], lr: ['1.00e-04'], loss: 0.213259
[2023-11-11 07:09:27,085][INFO][clas_trainer:133] - train epoch: 24 [32608/54622 (60%)], lr: ['1.00e-04'], loss: 0.355839
[2023-11-11 07:09:38,730][INFO][clas_trainer:133] - train epoch: 24 [38048/54622 (70%)], lr: ['1.00e-04'], loss: 0.503092
[2023-11-11 07:09:49,648][INFO][clas_trainer:133] - train epoch: 24 [43488/54622 (80%)], lr: ['1.00e-04'], loss: 0.629913
[2023-11-11 07:10:00,951][INFO][clas_trainer:133] - train epoch: 24 [48928/54622 (90%)], lr: ['1.00e-04'], loss: 0.342792
[2023-11-11 07:10:12,253][INFO][clas_trainer:133] - train epoch: 24 [54368/54622 (100%)], lr: ['1.00e-04'], loss: 0.375030
[2023-11-11 07:10:31,276][INFO][clas_trainer:63] - [epoch  24] execution time: 133.59s	metrics:
[2023-11-11 07:10:31,276][INFO][clas_evaluator:99] - dataset: earlystopping, avg f1-score: 0.6104
[2023-11-11 07:10:43,410][INFO][clas_trainer:133] - train epoch: 25 [5408/54622 (10%)], lr: ['1.00e-04'], loss: 0.382422
[2023-11-11 07:10:54,703][INFO][clas_trainer:133] - train epoch: 25 [10848/54622 (20%)], lr: ['1.00e-04'], loss: 0.363837
[2023-11-11 07:11:06,533][INFO][clas_trainer:133] - train epoch: 25 [16288/54622 (30%)], lr: ['1.00e-04'], loss: 0.353020
[2023-11-11 07:11:18,036][INFO][clas_trainer:133] - train epoch: 25 [21728/54622 (40%)], lr: ['1.00e-04'], loss: 0.386750
[2023-11-11 07:11:29,457][INFO][clas_trainer:133] - train epoch: 25 [27168/54622 (50%)], lr: ['1.00e-04'], loss: 0.601489
[2023-11-11 07:11:40,906][INFO][clas_trainer:133] - train epoch: 25 [32608/54622 (60%)], lr: ['1.00e-04'], loss: 0.506071
[2023-11-11 07:11:52,199][INFO][clas_trainer:133] - train epoch: 25 [38048/54622 (70%)], lr: ['1.00e-04'], loss: 0.469910
[2023-11-11 07:12:03,661][INFO][clas_trainer:133] - train epoch: 25 [43488/54622 (80%)], lr: ['1.00e-04'], loss: 0.441719
[2023-11-11 07:12:14,791][INFO][clas_trainer:133] - train epoch: 25 [48928/54622 (90%)], lr: ['1.00e-04'], loss: 0.552055
[2023-11-11 07:12:26,140][INFO][clas_trainer:133] - train epoch: 25 [54368/54622 (100%)], lr: ['1.00e-04'], loss: 0.197417
[2023-11-11 07:12:44,876][INFO][clas_trainer:63] - [epoch  25] execution time: 133.60s	metrics:
[2023-11-11 07:12:44,876][INFO][clas_evaluator:99] - dataset: earlystopping, avg f1-score: 0.6022
[2023-11-11 07:12:57,351][INFO][clas_trainer:133] - train epoch: 26 [5408/54622 (10%)], lr: ['1.00e-04'], loss: 0.322581
[2023-11-11 07:13:08,593][INFO][clas_trainer:133] - train epoch: 26 [10848/54622 (20%)], lr: ['1.00e-04'], loss: 0.281478
[2023-11-11 07:13:19,905][INFO][clas_trainer:133] - train epoch: 26 [16288/54622 (30%)], lr: ['1.00e-04'], loss: 0.348694
[2023-11-11 07:13:31,312][INFO][clas_trainer:133] - train epoch: 26 [21728/54622 (40%)], lr: ['1.00e-04'], loss: 0.370649
[2023-11-11 07:13:42,976][INFO][clas_trainer:133] - train epoch: 26 [27168/54622 (50%)], lr: ['1.00e-04'], loss: 0.343882
[2023-11-11 07:13:54,387][INFO][clas_trainer:133] - train epoch: 26 [32608/54622 (60%)], lr: ['1.00e-04'], loss: 0.418367
[2023-11-11 07:14:06,050][INFO][clas_trainer:133] - train epoch: 26 [38048/54622 (70%)], lr: ['1.00e-04'], loss: 0.415110
[2023-11-11 07:14:17,647][INFO][clas_trainer:133] - train epoch: 26 [43488/54622 (80%)], lr: ['1.00e-04'], loss: 0.373740
[2023-11-11 07:14:28,978][INFO][clas_trainer:133] - train epoch: 26 [48928/54622 (90%)], lr: ['1.00e-04'], loss: 0.807770
[2023-11-11 07:14:40,052][INFO][clas_trainer:133] - train epoch: 26 [54368/54622 (100%)], lr: ['1.00e-04'], loss: 0.533045
[2023-11-11 07:15:00,145][INFO][clas_trainer:63] - [epoch  26] execution time: 135.27s	metrics:
[2023-11-11 07:15:00,146][INFO][clas_evaluator:99] - dataset: earlystopping, avg f1-score: 0.6138
[2023-11-11 07:15:13,199][INFO][clas_trainer:133] - train epoch: 27 [5408/54622 (10%)], lr: ['1.00e-04'], loss: 0.510919
[2023-11-11 07:15:25,630][INFO][clas_trainer:133] - train epoch: 27 [10848/54622 (20%)], lr: ['1.00e-04'], loss: 0.482984
[2023-11-11 07:15:37,315][INFO][clas_trainer:133] - train epoch: 27 [16288/54622 (30%)], lr: ['1.00e-04'], loss: 0.703716
[2023-11-11 07:15:48,983][INFO][clas_trainer:133] - train epoch: 27 [21728/54622 (40%)], lr: ['1.00e-04'], loss: 0.300303
[2023-11-11 07:16:01,037][INFO][clas_trainer:133] - train epoch: 27 [27168/54622 (50%)], lr: ['1.00e-04'], loss: 0.538959
[2023-11-11 07:16:12,999][INFO][clas_trainer:133] - train epoch: 27 [32608/54622 (60%)], lr: ['1.00e-04'], loss: 0.542066
[2023-11-11 07:16:24,560][INFO][clas_trainer:133] - train epoch: 27 [38048/54622 (70%)], lr: ['1.00e-04'], loss: 0.572749
[2023-11-11 07:16:36,344][INFO][clas_trainer:133] - train epoch: 27 [43488/54622 (80%)], lr: ['1.00e-04'], loss: 0.301601
[2023-11-11 07:16:48,307][INFO][clas_trainer:133] - train epoch: 27 [48928/54622 (90%)], lr: ['1.00e-04'], loss: 0.699661
[2023-11-11 07:16:59,784][INFO][clas_trainer:133] - train epoch: 27 [54368/54622 (100%)], lr: ['1.00e-04'], loss: 0.185680
[2023-11-11 07:17:19,203][INFO][clas_trainer:63] - [epoch  27] execution time: 139.06s	metrics:
[2023-11-11 07:17:19,203][INFO][clas_evaluator:99] - dataset: earlystopping, avg f1-score: 0.6228
[2023-11-11 07:17:31,958][INFO][clas_trainer:133] - train epoch: 28 [5408/54622 (10%)], lr: ['1.00e-04'], loss: 0.516667
[2023-11-11 07:17:44,622][INFO][clas_trainer:133] - train epoch: 28 [10848/54622 (20%)], lr: ['1.00e-04'], loss: 0.221216
[2023-11-11 07:17:57,245][INFO][clas_trainer:133] - train epoch: 28 [16288/54622 (30%)], lr: ['1.00e-04'], loss: 0.280568
[2023-11-11 07:18:11,125][INFO][clas_trainer:133] - train epoch: 28 [21728/54622 (40%)], lr: ['1.00e-04'], loss: 0.452149
[2023-11-11 07:18:25,273][INFO][clas_trainer:133] - train epoch: 28 [27168/54622 (50%)], lr: ['1.00e-04'], loss: 0.375823
[2023-11-11 07:18:38,803][INFO][clas_trainer:133] - train epoch: 28 [32608/54622 (60%)], lr: ['1.00e-04'], loss: 0.279365
[2023-11-11 07:18:51,484][INFO][clas_trainer:133] - train epoch: 28 [38048/54622 (70%)], lr: ['1.00e-04'], loss: 0.541411
[2023-11-11 07:19:04,615][INFO][clas_trainer:133] - train epoch: 28 [43488/54622 (80%)], lr: ['1.00e-04'], loss: 0.311665
[2023-11-11 07:19:17,868][INFO][clas_trainer:133] - train epoch: 28 [48928/54622 (90%)], lr: ['1.00e-04'], loss: 0.434755
[2023-11-11 07:19:30,935][INFO][clas_trainer:133] - train epoch: 28 [54368/54622 (100%)], lr: ['1.00e-04'], loss: 0.473388
[2023-11-11 07:19:51,599][INFO][clas_trainer:63] - [epoch  28] execution time: 152.40s	metrics:
[2023-11-11 07:19:51,599][INFO][clas_evaluator:99] - dataset: earlystopping, avg f1-score: 0.6381
[2023-11-11 07:19:51,613][INFO][clas_trainer:79] - finished training
[2023-11-11 07:19:51,613][INFO][clas_trainer:80] - best model on epoch: 18 	f1-score: 0.6388
