[2024-03-01 23:27:23,722][INFO][fine-tune:33] - Using GPU 0
[2024-03-01 23:27:23,726][INFO][fine-tune:43] - overrides:
hydra:
- hydra.launcher.n_jobs=10
- hydra.mode=MULTIRUN
task:
- m_seed_path_sids={seeds:[14,14,14,14,14],path:"exp001b-m14-simple_multi_class-2024-03-01_15-35-58-final.pth",subject_ids:{dod_o_h:$\{data.dod_o_h.cv_5_fold.fold_5\}}}
- data.downstream.train_dataloader.dataset.data_reducer.n_subjects=10
- general.gpus=[0]

[2024-03-01 23:27:30,596][INFO][data_loaders:71] - class distribution before data reduction:
# samples per subject
02fb158a-a658-51ee-89cf-1e1dc2ebfde1: 861
03341d0d-5927-5838-8a5f-1b8ef39d8f57: 1063
039ce8ad-a7fa-5272-a3e3-1f4bfebdd087: 915
095d6e40-5f19-55b6-a0ec-6e0ad3793da0: 1192
0d79f4b1-e74f-5e87-8e42-f9dd7112ada5: 968
100df108-eb57-5eaa-a413-f7e4436a7895: 952
14c012bd-65b0-56f5-bc74-2dffcea69837: 969
16450f5a-9b65-5536-85e1-93816c8b89eb: 816
18482adf-1144-54ca-9e35-27f65c43a105: 824
18ede714-aba3-5ad8-bb1a-18fc9b1c4192: 995
1da3544e-dc5c-5795-adc3-f5068959211f: 955
2159377e-ebf3-5565-9014-1e2ae69dc1d2: 907
2e865ca9-e20f-5a6f-bd25-45d28cc9eab9: 950
32556393-bb57-560a-99e8-e09885219647: 1106
37d0da97-9ae8-5413-b889-4e843ff35488: 1011
3dd35e7b-d7e2-516d-8a85-e0d58a59569f: 1093
3e842aa8-bcd9-521e-93a2-72124233fe2c: 620
40e25dd4-6087-5747-b9c2-4838ada86b15: 1076
47f45aa2-31c4-595b-bdb6-f1348bba062b: 1032
4b72b905-5521-5c57-b666-e20ff9bb195f: 868
4e3c4ac4-69e2-5347-a3b0-662c204d259d: 926
5b94ec8a-c34d-5e45-84d1-bec2ea965609: 1090
5bf0f969-304c-581e-949c-50c108f62846: 947
67fa8e29-6f4d-530e-9422-bbc3aca86ed0: 1046
6e2aa933-c51c-5a31-8c7b-83da8d076a12: 905
730aba3b-e310-5be0-9eed-7c3123466834: 1120
742f1592-627c-54eb-bbb5-ccd55ffae33a: 975
769df255-2284-50b3-8917-2155c759fbbd: 929
79e8a04e-0fdd-53ae-bedc-d49d08e29103: 918
7d778801-88e7-5086-ad1d-70f31a371876: 999
83c1394e-9c69-5c11-9102-9ff8d59b1cfd: 1011
844f68ba-265e-53e6-bf47-6c85d1804a7b: 957
90aef91a-252f-5ccc-a82e-78ea7ee9ca1f: 1089
a0c91989-530f-5117-80c1-2488dbed683c: 1017
a25b2296-343b-53f6-8792-ada2669d466e: 1008
a6254c8a-f1b2-5736-b601-18245dd5e0a5: 1084
a65a9e69-cddf-5711-9a97-de8bfdeb08cc: 961
a79d1f0e-c133-5aa0-8268-cdcc05825f0f: 1046
aa160c78-6da3-5e05-8fc9-d6c13e9f97e0: 1010
aadc9e0c-b7c3-5a47-851d-f21971d10935: 969
ad47bc12-199c-5294-9cb8-4351bbbf7b5e: 893
b2d3ccdd-395c-5dd2-81d9-252bcfc0c337: 902
b3706da5-748b-5dd1-a552-f57e4456cdf6: 1041
b5d5785d-87ee-5078-b9b9-aac6abd4d8de: 918
bb474ab0-c2ce-573b-8acd-ef86b0fa26a2: 1142
c03e27b0-4cb5-584f-aaea-8f1e1ed6513c: 1121
c11c730f-0b6b-580b-af31-d8f0ebbbdfce: 917
c31a47f9-e400-5841-a22b-521c81042603: 986
c8110476-594c-533d-95bd-86147fccc987: 995
c985916d-46a5-5c3e-9d50-a5a91f460bac: 1024
cebd3520-4e77-5222-a614-d2888e6afc2b: 1109
d5181c33-a43b-5dfe-8ad7-0337facb092a: 977
e59c45e0-0c0c-565f-84a9-6cf0ec5ef6c1: 844
e6b7cbef-4c9d-5541-82e8-04810de0fb60: 819
e8ec8ec4-dc48-50ce-985a-a06d87861030: 975
eb95076c-c470-56a4-b788-ace310f061c6: 965

# samples per stage
0: 9856
1: 3075
2: 26718
3: 5997
4: 9162
[2024-03-01 23:27:30,759][INFO][data_loaders:77] - class distribution after data reduction:
# samples per subject
039ce8ad-a7fa-5272-a3e3-1f4bfebdd087: 4575
14c012bd-65b0-56f5-bc74-2dffcea69837: 4845
37d0da97-9ae8-5413-b889-4e843ff35488: 5055
83c1394e-9c69-5c11-9102-9ff8d59b1cfd: 5055
a0c91989-530f-5117-80c1-2488dbed683c: 5085
a25b2296-343b-53f6-8792-ada2669d466e: 5040
c11c730f-0b6b-580b-af31-d8f0ebbbdfce: 4585
c985916d-46a5-5c3e-9d50-a5a91f460bac: 5120
e6b7cbef-4c9d-5541-82e8-04810de0fb60: 4095
eb95076c-c470-56a4-b788-ace310f061c6: 4825

# samples per stage
0: 8000
1: 2970
2: 23405
3: 5120
4: 8785
[2024-03-01 23:27:31,542][INFO][data_loaders:71] - class distribution before data reduction:
# samples per subject
0416d51f-5d69-5326-b74a-a2e31a96a1ef: 822
1fa6c401-d819-50f5-8146-a0bb9e2b2516: 986
22bea84c-5d23-5e49-bc2d-9764f883955b: 1048
25a6b2b0-4d09-561b-82c6-f09bb271d3be: 1063
a30245e3-4a71-565f-9636-92e7d2e825fc: 1122
a4568951-bf87-5bbc-bc4f-28e93c360be6: 975
b3534fa3-7676-50dc-8412-07f0eff4f7a9: 757
fc10ee0b-b863-511b-bce8-4dfa7af8ac3a: 910

# samples per stage
0: 1458
1: 408
2: 3702
3: 1050
4: 1065
[2024-03-01 23:27:31,584][INFO][data_loaders:77] - class distribution after data reduction:
# samples per subject
0416d51f-5d69-5326-b74a-a2e31a96a1ef: 822
1fa6c401-d819-50f5-8146-a0bb9e2b2516: 986
22bea84c-5d23-5e49-bc2d-9764f883955b: 1048
25a6b2b0-4d09-561b-82c6-f09bb271d3be: 1063
a30245e3-4a71-565f-9636-92e7d2e825fc: 1122
a4568951-bf87-5bbc-bc4f-28e93c360be6: 975
b3534fa3-7676-50dc-8412-07f0eff4f7a9: 757
fc10ee0b-b863-511b-bce8-4dfa7af8ac3a: 910

# samples per stage
0: 1458
1: 408
2: 3702
3: 1050
4: 1065
[2024-03-01 23:27:31,676][INFO][clas_trainer:82] - metrics before training (epoch 0):
[2024-03-01 23:27:35,573][INFO][clas_evaluator:69] - dataset: earlystopping, avg f1-score: 0.1049
[2024-03-01 23:27:41,674][INFO][clas_trainer:180] - train epoch: 1 [4768/48280 (10%)], lr: ['1.00e-04', '1.00e-04'], loss: 2.722886
[2024-03-01 23:27:47,092][INFO][clas_trainer:180] - train epoch: 1 [9568/48280 (20%)], lr: ['1.00e-04', '1.00e-04'], loss: 1.879138
[2024-03-01 23:27:52,705][INFO][clas_trainer:180] - train epoch: 1 [14368/48280 (30%)], lr: ['1.00e-04', '1.00e-04'], loss: 1.668873
[2024-03-01 23:27:57,968][INFO][clas_trainer:180] - train epoch: 1 [19168/48280 (40%)], lr: ['1.00e-04', '1.00e-04'], loss: 1.884593
[2024-03-01 23:28:03,413][INFO][clas_trainer:180] - train epoch: 1 [23968/48280 (50%)], lr: ['1.00e-04', '1.00e-04'], loss: 1.492595
[2024-03-01 23:28:08,974][INFO][clas_trainer:180] - train epoch: 1 [28768/48280 (60%)], lr: ['1.00e-04', '1.00e-04'], loss: 1.394213
[2024-03-01 23:28:14,733][INFO][clas_trainer:180] - train epoch: 1 [33568/48280 (70%)], lr: ['1.00e-04', '1.00e-04'], loss: 1.046807
[2024-03-01 23:28:20,442][INFO][clas_trainer:180] - train epoch: 1 [38368/48280 (79%)], lr: ['1.00e-04', '1.00e-04'], loss: 1.123405
[2024-03-01 23:28:26,476][INFO][clas_trainer:180] - train epoch: 1 [43168/48280 (89%)], lr: ['1.00e-04', '1.00e-04'], loss: 1.001551
[2024-03-01 23:28:32,057][INFO][clas_trainer:180] - train epoch: 1 [47968/48280 (99%)], lr: ['1.00e-04', '1.00e-04'], loss: 0.715847
[2024-03-01 23:28:36,224][INFO][clas_trainer:96] - [epoch   1] execution time: 60.65s	metrics:
[2024-03-01 23:28:36,224][INFO][clas_evaluator:69] - dataset: earlystopping, avg f1-score: 0.4262
[2024-03-01 23:28:36,250][INFO][base_model:70] - snapshot saved to /home/users/grieger/repos/frequency-pretraining/models/exp001a-m86-base_fe_clas-2024-03-01_18-01-50-final.pth
[2024-03-01 23:28:42,243][INFO][clas_trainer:180] - train epoch: 2 [4768/48280 (10%)], lr: ['1.00e-04', '1.00e-04'], loss: 0.925284
[2024-03-01 23:28:47,747][INFO][clas_trainer:180] - train epoch: 2 [9568/48280 (20%)], lr: ['1.00e-04', '1.00e-04'], loss: 0.766555
[2024-03-01 23:28:53,609][INFO][clas_trainer:180] - train epoch: 2 [14368/48280 (30%)], lr: ['1.00e-04', '1.00e-04'], loss: 0.964483
[2024-03-01 23:28:59,415][INFO][clas_trainer:180] - train epoch: 2 [19168/48280 (40%)], lr: ['1.00e-04', '1.00e-04'], loss: 1.080460
[2024-03-01 23:29:04,980][INFO][clas_trainer:180] - train epoch: 2 [23968/48280 (50%)], lr: ['1.00e-04', '1.00e-04'], loss: 0.611754
[2024-03-01 23:29:10,713][INFO][clas_trainer:180] - train epoch: 2 [28768/48280 (60%)], lr: ['1.00e-04', '1.00e-04'], loss: 0.665832
[2024-03-01 23:29:17,056][INFO][clas_trainer:180] - train epoch: 2 [33568/48280 (70%)], lr: ['1.00e-04', '1.00e-04'], loss: 0.626827
[2024-03-01 23:29:22,497][INFO][clas_trainer:180] - train epoch: 2 [38368/48280 (79%)], lr: ['1.00e-04', '1.00e-04'], loss: 0.489107
[2024-03-01 23:29:27,983][INFO][clas_trainer:180] - train epoch: 2 [43168/48280 (89%)], lr: ['1.00e-04', '1.00e-04'], loss: 0.414300
[2024-03-01 23:29:33,871][INFO][clas_trainer:180] - train epoch: 2 [47968/48280 (99%)], lr: ['1.00e-04', '1.00e-04'], loss: 0.632585
[2024-03-01 23:29:38,209][INFO][clas_trainer:96] - [epoch   2] execution time: 61.96s	metrics:
[2024-03-01 23:29:38,209][INFO][clas_evaluator:69] - dataset: earlystopping, avg f1-score: 0.6087
[2024-03-01 23:29:38,251][INFO][base_model:70] - snapshot saved to /home/users/grieger/repos/frequency-pretraining/models/exp001a-m86-base_fe_clas-2024-03-01_18-01-50-final.pth
[2024-03-01 23:29:44,043][INFO][clas_trainer:180] - train epoch: 3 [4768/48280 (10%)], lr: ['1.00e-04', '1.00e-04'], loss: 0.581296
[2024-03-01 23:29:49,572][INFO][clas_trainer:180] - train epoch: 3 [9568/48280 (20%)], lr: ['1.00e-04', '1.00e-04'], loss: 0.600271
[2024-03-01 23:29:55,303][INFO][clas_trainer:180] - train epoch: 3 [14368/48280 (30%)], lr: ['1.00e-04', '1.00e-04'], loss: 0.427414
[2024-03-01 23:30:00,887][INFO][clas_trainer:180] - train epoch: 3 [19168/48280 (40%)], lr: ['1.00e-04', '1.00e-04'], loss: 0.496166
[2024-03-01 23:30:06,758][INFO][clas_trainer:180] - train epoch: 3 [23968/48280 (50%)], lr: ['1.00e-04', '1.00e-04'], loss: 0.515534
[2024-03-01 23:30:12,767][INFO][clas_trainer:180] - train epoch: 3 [28768/48280 (60%)], lr: ['1.00e-04', '1.00e-04'], loss: 0.411998
[2024-03-01 23:30:18,615][INFO][clas_trainer:180] - train epoch: 3 [33568/48280 (70%)], lr: ['1.00e-04', '1.00e-04'], loss: 0.676121
[2024-03-01 23:30:24,632][INFO][clas_trainer:180] - train epoch: 3 [38368/48280 (79%)], lr: ['1.00e-04', '1.00e-04'], loss: 0.328724
[2024-03-01 23:30:30,285][INFO][clas_trainer:180] - train epoch: 3 [43168/48280 (89%)], lr: ['1.00e-04', '1.00e-04'], loss: 0.391968
[2024-03-01 23:30:35,990][INFO][clas_trainer:180] - train epoch: 3 [47968/48280 (99%)], lr: ['1.00e-04', '1.00e-04'], loss: 0.463367
[2024-03-01 23:30:40,877][INFO][clas_trainer:96] - [epoch   3] execution time: 62.62s	metrics:
[2024-03-01 23:30:40,877][INFO][clas_evaluator:69] - dataset: earlystopping, avg f1-score: 0.6561
[2024-03-01 23:30:40,911][INFO][base_model:70] - snapshot saved to /home/users/grieger/repos/frequency-pretraining/models/exp001a-m86-base_fe_clas-2024-03-01_18-01-50-final.pth
[2024-03-01 23:30:46,653][INFO][clas_trainer:180] - train epoch: 4 [4768/48280 (10%)], lr: ['1.00e-04', '1.00e-04'], loss: 0.307012
[2024-03-01 23:30:52,045][INFO][clas_trainer:180] - train epoch: 4 [9568/48280 (20%)], lr: ['1.00e-04', '1.00e-04'], loss: 0.305571
[2024-03-01 23:30:57,393][INFO][clas_trainer:180] - train epoch: 4 [14368/48280 (30%)], lr: ['1.00e-04', '1.00e-04'], loss: 0.540352
[2024-03-01 23:31:02,986][INFO][clas_trainer:180] - train epoch: 4 [19168/48280 (40%)], lr: ['1.00e-04', '1.00e-04'], loss: 0.254352
[2024-03-01 23:31:08,524][INFO][clas_trainer:180] - train epoch: 4 [23968/48280 (50%)], lr: ['1.00e-04', '1.00e-04'], loss: 0.628217
[2024-03-01 23:31:14,337][INFO][clas_trainer:180] - train epoch: 4 [28768/48280 (60%)], lr: ['1.00e-04', '1.00e-04'], loss: 0.280584
[2024-03-01 23:31:20,082][INFO][clas_trainer:180] - train epoch: 4 [33568/48280 (70%)], lr: ['1.00e-04', '1.00e-04'], loss: 0.442863
[2024-03-01 23:31:25,813][INFO][clas_trainer:180] - train epoch: 4 [38368/48280 (79%)], lr: ['1.00e-04', '1.00e-04'], loss: 0.408445
[2024-03-01 23:31:31,738][INFO][clas_trainer:180] - train epoch: 4 [43168/48280 (89%)], lr: ['1.00e-04', '1.00e-04'], loss: 0.287100
[2024-03-01 23:31:37,621][INFO][clas_trainer:180] - train epoch: 4 [47968/48280 (99%)], lr: ['1.00e-04', '1.00e-04'], loss: 0.184271
[2024-03-01 23:31:42,318][INFO][clas_trainer:96] - [epoch   4] execution time: 61.41s	metrics:
[2024-03-01 23:31:42,319][INFO][clas_evaluator:69] - dataset: earlystopping, avg f1-score: 0.7137
[2024-03-01 23:31:42,369][INFO][base_model:70] - snapshot saved to /home/users/grieger/repos/frequency-pretraining/models/exp001a-m86-base_fe_clas-2024-03-01_18-01-50-final.pth
[2024-03-01 23:31:48,468][INFO][clas_trainer:180] - train epoch: 5 [4768/48280 (10%)], lr: ['1.00e-04', '1.00e-04'], loss: 0.252870
[2024-03-01 23:31:54,490][INFO][clas_trainer:180] - train epoch: 5 [9568/48280 (20%)], lr: ['1.00e-04', '1.00e-04'], loss: 0.298467
[2024-03-01 23:32:00,118][INFO][clas_trainer:180] - train epoch: 5 [14368/48280 (30%)], lr: ['1.00e-04', '1.00e-04'], loss: 0.655865
[2024-03-01 23:32:05,365][INFO][clas_trainer:180] - train epoch: 5 [19168/48280 (40%)], lr: ['1.00e-04', '1.00e-04'], loss: 0.385253
[2024-03-01 23:32:10,828][INFO][clas_trainer:180] - train epoch: 5 [23968/48280 (50%)], lr: ['1.00e-04', '1.00e-04'], loss: 0.192505
[2024-03-01 23:32:16,501][INFO][clas_trainer:180] - train epoch: 5 [28768/48280 (60%)], lr: ['1.00e-04', '1.00e-04'], loss: 0.397655
[2024-03-01 23:32:22,328][INFO][clas_trainer:180] - train epoch: 5 [33568/48280 (70%)], lr: ['1.00e-04', '1.00e-04'], loss: 0.451954
[2024-03-01 23:32:27,883][INFO][clas_trainer:180] - train epoch: 5 [38368/48280 (79%)], lr: ['1.00e-04', '1.00e-04'], loss: 0.362290
[2024-03-01 23:32:33,765][INFO][clas_trainer:180] - train epoch: 5 [43168/48280 (89%)], lr: ['1.00e-04', '1.00e-04'], loss: 0.321919
[2024-03-01 23:32:39,778][INFO][clas_trainer:180] - train epoch: 5 [47968/48280 (99%)], lr: ['1.00e-04', '1.00e-04'], loss: 0.625552
[2024-03-01 23:32:44,024][INFO][clas_trainer:96] - [epoch   5] execution time: 61.65s	metrics:
[2024-03-01 23:32:44,024][INFO][clas_evaluator:69] - dataset: earlystopping, avg f1-score: 0.6951
[2024-03-01 23:32:49,913][INFO][clas_trainer:180] - train epoch: 6 [4768/48280 (10%)], lr: ['1.00e-04', '1.00e-04'], loss: 0.127151
[2024-03-01 23:32:55,549][INFO][clas_trainer:180] - train epoch: 6 [9568/48280 (20%)], lr: ['1.00e-04', '1.00e-04'], loss: 0.231798
[2024-03-01 23:33:01,345][INFO][clas_trainer:180] - train epoch: 6 [14368/48280 (30%)], lr: ['1.00e-04', '1.00e-04'], loss: 0.379484
[2024-03-01 23:33:07,083][INFO][clas_trainer:180] - train epoch: 6 [19168/48280 (40%)], lr: ['1.00e-04', '1.00e-04'], loss: 0.377282
[2024-03-01 23:33:12,550][INFO][clas_trainer:180] - train epoch: 6 [23968/48280 (50%)], lr: ['1.00e-04', '1.00e-04'], loss: 0.357444
[2024-03-01 23:33:18,222][INFO][clas_trainer:180] - train epoch: 6 [28768/48280 (60%)], lr: ['1.00e-04', '1.00e-04'], loss: 0.764534
[2024-03-01 23:33:23,772][INFO][clas_trainer:180] - train epoch: 6 [33568/48280 (70%)], lr: ['1.00e-04', '1.00e-04'], loss: 0.292028
[2024-03-01 23:33:29,493][INFO][clas_trainer:180] - train epoch: 6 [38368/48280 (79%)], lr: ['1.00e-04', '1.00e-04'], loss: 0.205759
[2024-03-01 23:33:34,987][INFO][clas_trainer:180] - train epoch: 6 [43168/48280 (89%)], lr: ['1.00e-04', '1.00e-04'], loss: 0.137089
[2024-03-01 23:33:40,855][INFO][clas_trainer:180] - train epoch: 6 [47968/48280 (99%)], lr: ['1.00e-04', '1.00e-04'], loss: 0.194474
[2024-03-01 23:33:45,113][INFO][clas_trainer:96] - [epoch   6] execution time: 61.09s	metrics:
[2024-03-01 23:33:45,114][INFO][clas_evaluator:69] - dataset: earlystopping, avg f1-score: 0.7490
[2024-03-01 23:33:45,146][INFO][base_model:70] - snapshot saved to /home/users/grieger/repos/frequency-pretraining/models/exp001a-m86-base_fe_clas-2024-03-01_18-01-50-final.pth
[2024-03-01 23:33:51,094][INFO][clas_trainer:180] - train epoch: 7 [4768/48280 (10%)], lr: ['1.00e-04', '1.00e-04'], loss: 0.434867
[2024-03-01 23:33:56,821][INFO][clas_trainer:180] - train epoch: 7 [9568/48280 (20%)], lr: ['1.00e-04', '1.00e-04'], loss: 0.288063
[2024-03-01 23:34:02,326][INFO][clas_trainer:180] - train epoch: 7 [14368/48280 (30%)], lr: ['1.00e-04', '1.00e-04'], loss: 0.433965
[2024-03-01 23:34:07,963][INFO][clas_trainer:180] - train epoch: 7 [19168/48280 (40%)], lr: ['1.00e-04', '1.00e-04'], loss: 0.150455
[2024-03-01 23:34:13,684][INFO][clas_trainer:180] - train epoch: 7 [23968/48280 (50%)], lr: ['1.00e-04', '1.00e-04'], loss: 0.364586
[2024-03-01 23:34:19,019][INFO][clas_trainer:180] - train epoch: 7 [28768/48280 (60%)], lr: ['1.00e-04', '1.00e-04'], loss: 0.320376
[2024-03-01 23:34:24,818][INFO][clas_trainer:180] - train epoch: 7 [33568/48280 (70%)], lr: ['1.00e-04', '1.00e-04'], loss: 0.300448
[2024-03-01 23:34:30,512][INFO][clas_trainer:180] - train epoch: 7 [38368/48280 (79%)], lr: ['1.00e-04', '1.00e-04'], loss: 0.176811
[2024-03-01 23:34:35,879][INFO][clas_trainer:180] - train epoch: 7 [43168/48280 (89%)], lr: ['1.00e-04', '1.00e-04'], loss: 0.195244
[2024-03-01 23:34:41,507][INFO][clas_trainer:180] - train epoch: 7 [47968/48280 (99%)], lr: ['1.00e-04', '1.00e-04'], loss: 0.318836
[2024-03-01 23:34:46,170][INFO][clas_trainer:96] - [epoch   7] execution time: 61.02s	metrics:
[2024-03-01 23:34:46,171][INFO][clas_evaluator:69] - dataset: earlystopping, avg f1-score: 0.7474
[2024-03-01 23:34:52,081][INFO][clas_trainer:180] - train epoch: 8 [4768/48280 (10%)], lr: ['1.00e-04', '1.00e-04'], loss: 0.276558
[2024-03-01 23:34:58,289][INFO][clas_trainer:180] - train epoch: 8 [9568/48280 (20%)], lr: ['1.00e-04', '1.00e-04'], loss: 0.179840
[2024-03-01 23:35:04,165][INFO][clas_trainer:180] - train epoch: 8 [14368/48280 (30%)], lr: ['1.00e-04', '1.00e-04'], loss: 0.312365
[2024-03-01 23:35:09,674][INFO][clas_trainer:180] - train epoch: 8 [19168/48280 (40%)], lr: ['1.00e-04', '1.00e-04'], loss: 0.248627
[2024-03-01 23:35:15,019][INFO][clas_trainer:180] - train epoch: 8 [23968/48280 (50%)], lr: ['1.00e-04', '1.00e-04'], loss: 0.323401
[2024-03-01 23:35:20,121][INFO][clas_trainer:180] - train epoch: 8 [28768/48280 (60%)], lr: ['1.00e-04', '1.00e-04'], loss: 0.098127
[2024-03-01 23:35:25,505][INFO][clas_trainer:180] - train epoch: 8 [33568/48280 (70%)], lr: ['1.00e-04', '1.00e-04'], loss: 0.540892
[2024-03-01 23:35:30,921][INFO][clas_trainer:180] - train epoch: 8 [38368/48280 (79%)], lr: ['1.00e-04', '1.00e-04'], loss: 0.155499
[2024-03-01 23:35:36,400][INFO][clas_trainer:180] - train epoch: 8 [43168/48280 (89%)], lr: ['1.00e-04', '1.00e-04'], loss: 0.372443
[2024-03-01 23:35:41,726][INFO][clas_trainer:180] - train epoch: 8 [47968/48280 (99%)], lr: ['1.00e-04', '1.00e-04'], loss: 0.331273
[2024-03-01 23:35:45,712][INFO][clas_trainer:96] - [epoch   8] execution time: 59.54s	metrics:
[2024-03-01 23:35:45,712][INFO][clas_evaluator:69] - dataset: earlystopping, avg f1-score: 0.7649
[2024-03-01 23:35:45,739][INFO][base_model:70] - snapshot saved to /home/users/grieger/repos/frequency-pretraining/models/exp001a-m86-base_fe_clas-2024-03-01_18-01-50-final.pth
[2024-03-01 23:35:51,291][INFO][clas_trainer:180] - train epoch: 9 [4768/48280 (10%)], lr: ['1.00e-04', '1.00e-04'], loss: 0.220721
[2024-03-01 23:35:56,521][INFO][clas_trainer:180] - train epoch: 9 [9568/48280 (20%)], lr: ['1.00e-04', '1.00e-04'], loss: 0.361283
[2024-03-01 23:36:01,671][INFO][clas_trainer:180] - train epoch: 9 [14368/48280 (30%)], lr: ['1.00e-04', '1.00e-04'], loss: 0.385820
[2024-03-01 23:36:06,797][INFO][clas_trainer:180] - train epoch: 9 [19168/48280 (40%)], lr: ['1.00e-04', '1.00e-04'], loss: 0.106310
[2024-03-01 23:36:12,109][INFO][clas_trainer:180] - train epoch: 9 [23968/48280 (50%)], lr: ['1.00e-04', '1.00e-04'], loss: 0.116178
[2024-03-01 23:36:16,988][INFO][clas_trainer:180] - train epoch: 9 [28768/48280 (60%)], lr: ['1.00e-04', '1.00e-04'], loss: 0.410949
[2024-03-01 23:36:21,662][INFO][clas_trainer:180] - train epoch: 9 [33568/48280 (70%)], lr: ['1.00e-04', '1.00e-04'], loss: 0.235675
[2024-03-01 23:36:26,572][INFO][clas_trainer:180] - train epoch: 9 [38368/48280 (79%)], lr: ['1.00e-04', '1.00e-04'], loss: 0.133158
[2024-03-01 23:36:31,456][INFO][clas_trainer:180] - train epoch: 9 [43168/48280 (89%)], lr: ['1.00e-04', '1.00e-04'], loss: 0.189388
[2024-03-01 23:36:36,664][INFO][clas_trainer:180] - train epoch: 9 [47968/48280 (99%)], lr: ['1.00e-04', '1.00e-04'], loss: 0.139616
[2024-03-01 23:36:40,745][INFO][clas_trainer:96] - [epoch   9] execution time: 55.01s	metrics:
[2024-03-01 23:36:40,745][INFO][clas_evaluator:69] - dataset: earlystopping, avg f1-score: 0.7625
[2024-03-01 23:36:45,702][INFO][clas_trainer:180] - train epoch: 10 [4768/48280 (10%)], lr: ['1.00e-04', '1.00e-04'], loss: 0.203490
[2024-03-01 23:36:50,408][INFO][clas_trainer:180] - train epoch: 10 [9568/48280 (20%)], lr: ['1.00e-04', '1.00e-04'], loss: 0.111780
[2024-03-01 23:36:55,180][INFO][clas_trainer:180] - train epoch: 10 [14368/48280 (30%)], lr: ['1.00e-04', '1.00e-04'], loss: 0.205367
[2024-03-01 23:37:00,281][INFO][clas_trainer:180] - train epoch: 10 [19168/48280 (40%)], lr: ['1.00e-04', '1.00e-04'], loss: 0.256298
[2024-03-01 23:37:05,123][INFO][clas_trainer:180] - train epoch: 10 [23968/48280 (50%)], lr: ['1.00e-04', '1.00e-04'], loss: 0.138348
[2024-03-01 23:37:09,587][INFO][clas_trainer:180] - train epoch: 10 [28768/48280 (60%)], lr: ['1.00e-04', '1.00e-04'], loss: 0.286262
[2024-03-01 23:37:14,416][INFO][clas_trainer:180] - train epoch: 10 [33568/48280 (70%)], lr: ['1.00e-04', '1.00e-04'], loss: 0.184544
[2024-03-01 23:37:19,038][INFO][clas_trainer:180] - train epoch: 10 [38368/48280 (79%)], lr: ['1.00e-04', '1.00e-04'], loss: 0.164039
[2024-03-01 23:37:23,568][INFO][clas_trainer:180] - train epoch: 10 [43168/48280 (89%)], lr: ['1.00e-04', '1.00e-04'], loss: 0.520974
[2024-03-01 23:37:28,101][INFO][clas_trainer:180] - train epoch: 10 [47968/48280 (99%)], lr: ['1.00e-04', '1.00e-04'], loss: 0.173829
[2024-03-01 23:37:31,728][INFO][clas_trainer:96] - [epoch  10] execution time: 50.98s	metrics:
[2024-03-01 23:37:31,729][INFO][clas_evaluator:69] - dataset: earlystopping, avg f1-score: 0.7743
[2024-03-01 23:37:31,765][INFO][base_model:70] - snapshot saved to /home/users/grieger/repos/frequency-pretraining/models/exp001a-m86-base_fe_clas-2024-03-01_18-01-50-final.pth
[2024-03-01 23:37:36,623][INFO][clas_trainer:180] - train epoch: 11 [4768/48280 (10%)], lr: ['1.00e-04', '1.00e-04'], loss: 0.090799
[2024-03-01 23:37:41,227][INFO][clas_trainer:180] - train epoch: 11 [9568/48280 (20%)], lr: ['1.00e-04', '1.00e-04'], loss: 0.173653
[2024-03-01 23:37:46,040][INFO][clas_trainer:180] - train epoch: 11 [14368/48280 (30%)], lr: ['1.00e-04', '1.00e-04'], loss: 0.135734
[2024-03-01 23:37:50,759][INFO][clas_trainer:180] - train epoch: 11 [19168/48280 (40%)], lr: ['1.00e-04', '1.00e-04'], loss: 0.092031
[2024-03-01 23:37:55,438][INFO][clas_trainer:180] - train epoch: 11 [23968/48280 (50%)], lr: ['1.00e-04', '1.00e-04'], loss: 0.132872
[2024-03-01 23:38:00,213][INFO][clas_trainer:180] - train epoch: 11 [28768/48280 (60%)], lr: ['1.00e-04', '1.00e-04'], loss: 0.294365
[2024-03-01 23:38:04,948][INFO][clas_trainer:180] - train epoch: 11 [33568/48280 (70%)], lr: ['1.00e-04', '1.00e-04'], loss: 0.126096
[2024-03-01 23:38:09,871][INFO][clas_trainer:180] - train epoch: 11 [38368/48280 (79%)], lr: ['1.00e-04', '1.00e-04'], loss: 0.436811
[2024-03-01 23:38:14,666][INFO][clas_trainer:180] - train epoch: 11 [43168/48280 (89%)], lr: ['1.00e-04', '1.00e-04'], loss: 0.220659
[2024-03-01 23:38:19,379][INFO][clas_trainer:180] - train epoch: 11 [47968/48280 (99%)], lr: ['1.00e-04', '1.00e-04'], loss: 0.121212
[2024-03-01 23:38:23,726][INFO][clas_trainer:96] - [epoch  11] execution time: 51.96s	metrics:
[2024-03-01 23:38:23,727][INFO][clas_evaluator:69] - dataset: earlystopping, avg f1-score: 0.7737
[2024-03-01 23:38:29,304][INFO][clas_trainer:180] - train epoch: 12 [4768/48280 (10%)], lr: ['1.00e-04', '1.00e-04'], loss: 0.134598
[2024-03-01 23:38:33,853][INFO][clas_trainer:180] - train epoch: 12 [9568/48280 (20%)], lr: ['1.00e-04', '1.00e-04'], loss: 0.256015
[2024-03-01 23:38:38,469][INFO][clas_trainer:180] - train epoch: 12 [14368/48280 (30%)], lr: ['1.00e-04', '1.00e-04'], loss: 0.358009
[2024-03-01 23:38:43,104][INFO][clas_trainer:180] - train epoch: 12 [19168/48280 (40%)], lr: ['1.00e-04', '1.00e-04'], loss: 0.089440
[2024-03-01 23:38:47,933][INFO][clas_trainer:180] - train epoch: 12 [23968/48280 (50%)], lr: ['1.00e-04', '1.00e-04'], loss: 0.147373
[2024-03-01 23:38:52,557][INFO][clas_trainer:180] - train epoch: 12 [28768/48280 (60%)], lr: ['1.00e-04', '1.00e-04'], loss: 0.194587
[2024-03-01 23:38:57,209][INFO][clas_trainer:180] - train epoch: 12 [33568/48280 (70%)], lr: ['1.00e-04', '1.00e-04'], loss: 0.188869
[2024-03-01 23:39:02,033][INFO][clas_trainer:180] - train epoch: 12 [38368/48280 (79%)], lr: ['1.00e-04', '1.00e-04'], loss: 0.091928
[2024-03-01 23:39:06,624][INFO][clas_trainer:180] - train epoch: 12 [43168/48280 (89%)], lr: ['1.00e-04', '1.00e-04'], loss: 0.147035
[2024-03-01 23:39:11,328][INFO][clas_trainer:180] - train epoch: 12 [47968/48280 (99%)], lr: ['1.00e-04', '1.00e-04'], loss: 0.158507
[2024-03-01 23:39:15,049][INFO][clas_trainer:96] - [epoch  12] execution time: 51.32s	metrics:
[2024-03-01 23:39:15,049][INFO][clas_evaluator:69] - dataset: earlystopping, avg f1-score: 0.7648
[2024-03-01 23:39:20,079][INFO][clas_trainer:180] - train epoch: 13 [4768/48280 (10%)], lr: ['1.00e-04', '1.00e-04'], loss: 0.189049
[2024-03-01 23:39:24,941][INFO][clas_trainer:180] - train epoch: 13 [9568/48280 (20%)], lr: ['1.00e-04', '1.00e-04'], loss: 0.231296
[2024-03-01 23:39:29,743][INFO][clas_trainer:180] - train epoch: 13 [14368/48280 (30%)], lr: ['1.00e-04', '1.00e-04'], loss: 0.132832
[2024-03-01 23:39:34,319][INFO][clas_trainer:180] - train epoch: 13 [19168/48280 (40%)], lr: ['1.00e-04', '1.00e-04'], loss: 0.075063
[2024-03-01 23:39:38,912][INFO][clas_trainer:180] - train epoch: 13 [23968/48280 (50%)], lr: ['1.00e-04', '1.00e-04'], loss: 0.299725
[2024-03-01 23:39:43,553][INFO][clas_trainer:180] - train epoch: 13 [28768/48280 (60%)], lr: ['1.00e-04', '1.00e-04'], loss: 0.189492
[2024-03-01 23:39:48,090][INFO][clas_trainer:180] - train epoch: 13 [33568/48280 (70%)], lr: ['1.00e-04', '1.00e-04'], loss: 0.274124
[2024-03-01 23:39:52,664][INFO][clas_trainer:180] - train epoch: 13 [38368/48280 (79%)], lr: ['1.00e-04', '1.00e-04'], loss: 0.134617
[2024-03-01 23:39:58,107][INFO][clas_trainer:180] - train epoch: 13 [43168/48280 (89%)], lr: ['1.00e-04', '1.00e-04'], loss: 0.126318
[2024-03-01 23:40:03,049][INFO][clas_trainer:180] - train epoch: 13 [47968/48280 (99%)], lr: ['1.00e-04', '1.00e-04'], loss: 0.117881
[2024-03-01 23:40:06,765][INFO][clas_trainer:96] - [epoch  13] execution time: 51.72s	metrics:
[2024-03-01 23:40:06,766][INFO][clas_evaluator:69] - dataset: earlystopping, avg f1-score: 0.7639
[2024-03-01 23:40:11,526][INFO][clas_trainer:180] - train epoch: 14 [4768/48280 (10%)], lr: ['1.00e-04', '1.00e-04'], loss: 0.185703
[2024-03-01 23:40:16,156][INFO][clas_trainer:180] - train epoch: 14 [9568/48280 (20%)], lr: ['1.00e-04', '1.00e-04'], loss: 0.111523
[2024-03-01 23:40:20,861][INFO][clas_trainer:180] - train epoch: 14 [14368/48280 (30%)], lr: ['1.00e-04', '1.00e-04'], loss: 0.256606
[2024-03-01 23:40:25,639][INFO][clas_trainer:180] - train epoch: 14 [19168/48280 (40%)], lr: ['1.00e-04', '1.00e-04'], loss: 0.199228
[2024-03-01 23:40:30,345][INFO][clas_trainer:180] - train epoch: 14 [23968/48280 (50%)], lr: ['1.00e-04', '1.00e-04'], loss: 0.261186
[2024-03-01 23:40:34,900][INFO][clas_trainer:180] - train epoch: 14 [28768/48280 (60%)], lr: ['1.00e-04', '1.00e-04'], loss: 0.021525
[2024-03-01 23:40:39,583][INFO][clas_trainer:180] - train epoch: 14 [33568/48280 (70%)], lr: ['1.00e-04', '1.00e-04'], loss: 0.129802
[2024-03-01 23:40:44,297][INFO][clas_trainer:180] - train epoch: 14 [38368/48280 (79%)], lr: ['1.00e-04', '1.00e-04'], loss: 0.162593
[2024-03-01 23:40:49,261][INFO][clas_trainer:180] - train epoch: 14 [43168/48280 (89%)], lr: ['1.00e-04', '1.00e-04'], loss: 0.241175
[2024-03-01 23:40:53,985][INFO][clas_trainer:180] - train epoch: 14 [47968/48280 (99%)], lr: ['1.00e-04', '1.00e-04'], loss: 0.095068
[2024-03-01 23:40:58,282][INFO][clas_trainer:96] - [epoch  14] execution time: 51.52s	metrics:
[2024-03-01 23:40:58,282][INFO][clas_evaluator:69] - dataset: earlystopping, avg f1-score: 0.7914
[2024-03-01 23:40:58,321][INFO][base_model:70] - snapshot saved to /home/users/grieger/repos/frequency-pretraining/models/exp001a-m86-base_fe_clas-2024-03-01_18-01-50-final.pth
[2024-03-01 23:41:03,430][INFO][clas_trainer:180] - train epoch: 15 [4768/48280 (10%)], lr: ['1.00e-04', '1.00e-04'], loss: 0.066808
[2024-03-01 23:41:08,277][INFO][clas_trainer:180] - train epoch: 15 [9568/48280 (20%)], lr: ['1.00e-04', '1.00e-04'], loss: 0.155851
[2024-03-01 23:41:13,089][INFO][clas_trainer:180] - train epoch: 15 [14368/48280 (30%)], lr: ['1.00e-04', '1.00e-04'], loss: 0.099682
[2024-03-01 23:41:17,769][INFO][clas_trainer:180] - train epoch: 15 [19168/48280 (40%)], lr: ['1.00e-04', '1.00e-04'], loss: 0.340101
[2024-03-01 23:41:22,346][INFO][clas_trainer:180] - train epoch: 15 [23968/48280 (50%)], lr: ['1.00e-04', '1.00e-04'], loss: 0.154994
[2024-03-01 23:41:27,108][INFO][clas_trainer:180] - train epoch: 15 [28768/48280 (60%)], lr: ['1.00e-04', '1.00e-04'], loss: 0.167151
[2024-03-01 23:41:31,467][INFO][clas_trainer:180] - train epoch: 15 [33568/48280 (70%)], lr: ['1.00e-04', '1.00e-04'], loss: 0.076800
[2024-03-01 23:41:35,762][INFO][clas_trainer:180] - train epoch: 15 [38368/48280 (79%)], lr: ['1.00e-04', '1.00e-04'], loss: 0.172263
[2024-03-01 23:41:40,128][INFO][clas_trainer:180] - train epoch: 15 [43168/48280 (89%)], lr: ['1.00e-04', '1.00e-04'], loss: 0.143408
[2024-03-01 23:41:44,491][INFO][clas_trainer:180] - train epoch: 15 [47968/48280 (99%)], lr: ['1.00e-04', '1.00e-04'], loss: 0.401592
[2024-03-01 23:41:48,200][INFO][clas_trainer:96] - [epoch  15] execution time: 49.88s	metrics:
[2024-03-01 23:41:48,201][INFO][clas_evaluator:69] - dataset: earlystopping, avg f1-score: 0.7837
[2024-03-01 23:41:52,973][INFO][clas_trainer:180] - train epoch: 16 [4768/48280 (10%)], lr: ['1.00e-04', '1.00e-04'], loss: 0.060074
[2024-03-01 23:41:57,281][INFO][clas_trainer:180] - train epoch: 16 [9568/48280 (20%)], lr: ['1.00e-04', '1.00e-04'], loss: 0.095628
[2024-03-01 23:42:01,806][INFO][clas_trainer:180] - train epoch: 16 [14368/48280 (30%)], lr: ['1.00e-04', '1.00e-04'], loss: 0.225158
[2024-03-01 23:42:06,319][INFO][clas_trainer:180] - train epoch: 16 [19168/48280 (40%)], lr: ['1.00e-04', '1.00e-04'], loss: 0.046514
[2024-03-01 23:42:10,571][INFO][clas_trainer:180] - train epoch: 16 [23968/48280 (50%)], lr: ['1.00e-04', '1.00e-04'], loss: 0.165434
[2024-03-01 23:42:14,808][INFO][clas_trainer:180] - train epoch: 16 [28768/48280 (60%)], lr: ['1.00e-04', '1.00e-04'], loss: 0.027509
[2024-03-01 23:42:19,512][INFO][clas_trainer:180] - train epoch: 16 [33568/48280 (70%)], lr: ['1.00e-04', '1.00e-04'], loss: 0.199414
[2024-03-01 23:42:23,813][INFO][clas_trainer:180] - train epoch: 16 [38368/48280 (79%)], lr: ['1.00e-04', '1.00e-04'], loss: 0.069274
[2024-03-01 23:42:27,970][INFO][clas_trainer:180] - train epoch: 16 [43168/48280 (89%)], lr: ['1.00e-04', '1.00e-04'], loss: 0.036408
[2024-03-01 23:42:32,203][INFO][clas_trainer:180] - train epoch: 16 [47968/48280 (99%)], lr: ['1.00e-04', '1.00e-04'], loss: 0.148329
[2024-03-01 23:42:36,494][INFO][clas_trainer:96] - [epoch  16] execution time: 48.29s	metrics:
[2024-03-01 23:42:36,495][INFO][clas_evaluator:69] - dataset: earlystopping, avg f1-score: 0.7732
[2024-03-01 23:42:41,035][INFO][clas_trainer:180] - train epoch: 17 [4768/48280 (10%)], lr: ['1.00e-04', '1.00e-04'], loss: 0.087487
[2024-03-01 23:42:45,253][INFO][clas_trainer:180] - train epoch: 17 [9568/48280 (20%)], lr: ['1.00e-04', '1.00e-04'], loss: 0.080235
[2024-03-01 23:42:49,414][INFO][clas_trainer:180] - train epoch: 17 [14368/48280 (30%)], lr: ['1.00e-04', '1.00e-04'], loss: 0.038994
[2024-03-01 23:42:53,541][INFO][clas_trainer:180] - train epoch: 17 [19168/48280 (40%)], lr: ['1.00e-04', '1.00e-04'], loss: 0.174040
[2024-03-01 23:42:57,723][INFO][clas_trainer:180] - train epoch: 17 [23968/48280 (50%)], lr: ['1.00e-04', '1.00e-04'], loss: 0.243173
[2024-03-01 23:43:02,282][INFO][clas_trainer:180] - train epoch: 17 [28768/48280 (60%)], lr: ['1.00e-04', '1.00e-04'], loss: 0.228813
[2024-03-01 23:43:06,782][INFO][clas_trainer:180] - train epoch: 17 [33568/48280 (70%)], lr: ['1.00e-04', '1.00e-04'], loss: 0.069653
[2024-03-01 23:43:11,112][INFO][clas_trainer:180] - train epoch: 17 [38368/48280 (79%)], lr: ['1.00e-04', '1.00e-04'], loss: 0.255449
[2024-03-01 23:43:15,430][INFO][clas_trainer:180] - train epoch: 17 [43168/48280 (89%)], lr: ['1.00e-04', '1.00e-04'], loss: 0.085375
[2024-03-01 23:43:19,696][INFO][clas_trainer:180] - train epoch: 17 [47968/48280 (99%)], lr: ['1.00e-04', '1.00e-04'], loss: 0.137962
[2024-03-01 23:43:24,141][INFO][clas_trainer:96] - [epoch  17] execution time: 47.65s	metrics:
[2024-03-01 23:43:24,142][INFO][clas_evaluator:69] - dataset: earlystopping, avg f1-score: 0.7851
[2024-03-01 23:43:28,716][INFO][clas_trainer:180] - train epoch: 18 [4768/48280 (10%)], lr: ['1.00e-04', '1.00e-04'], loss: 0.130191
[2024-03-01 23:43:33,018][INFO][clas_trainer:180] - train epoch: 18 [9568/48280 (20%)], lr: ['1.00e-04', '1.00e-04'], loss: 0.053513
[2024-03-01 23:43:37,332][INFO][clas_trainer:180] - train epoch: 18 [14368/48280 (30%)], lr: ['1.00e-04', '1.00e-04'], loss: 0.223158
[2024-03-01 23:43:41,769][INFO][clas_trainer:180] - train epoch: 18 [19168/48280 (40%)], lr: ['1.00e-04', '1.00e-04'], loss: 0.028868
[2024-03-01 23:43:46,021][INFO][clas_trainer:180] - train epoch: 18 [23968/48280 (50%)], lr: ['1.00e-04', '1.00e-04'], loss: 0.067593
[2024-03-01 23:43:50,296][INFO][clas_trainer:180] - train epoch: 18 [28768/48280 (60%)], lr: ['1.00e-04', '1.00e-04'], loss: 0.175671
[2024-03-01 23:43:54,799][INFO][clas_trainer:180] - train epoch: 18 [33568/48280 (70%)], lr: ['1.00e-04', '1.00e-04'], loss: 0.075281
[2024-03-01 23:43:58,730][INFO][clas_trainer:180] - train epoch: 18 [38368/48280 (79%)], lr: ['1.00e-04', '1.00e-04'], loss: 0.154112
[2024-03-01 23:44:02,784][INFO][clas_trainer:180] - train epoch: 18 [43168/48280 (89%)], lr: ['1.00e-04', '1.00e-04'], loss: 0.067846
[2024-03-01 23:44:06,760][INFO][clas_trainer:180] - train epoch: 18 [47968/48280 (99%)], lr: ['1.00e-04', '1.00e-04'], loss: 0.199600
[2024-03-01 23:44:10,449][INFO][clas_trainer:96] - [epoch  18] execution time: 46.31s	metrics:
[2024-03-01 23:44:10,449][INFO][clas_evaluator:69] - dataset: earlystopping, avg f1-score: 0.7898
[2024-03-01 23:44:15,099][INFO][clas_trainer:180] - train epoch: 19 [4768/48280 (10%)], lr: ['1.00e-04', '1.00e-04'], loss: 0.041607
[2024-03-01 23:44:18,929][INFO][clas_trainer:180] - train epoch: 19 [9568/48280 (20%)], lr: ['1.00e-04', '1.00e-04'], loss: 0.050160
[2024-03-01 23:44:22,873][INFO][clas_trainer:180] - train epoch: 19 [14368/48280 (30%)], lr: ['1.00e-04', '1.00e-04'], loss: 0.121676
[2024-03-01 23:44:26,705][INFO][clas_trainer:180] - train epoch: 19 [19168/48280 (40%)], lr: ['1.00e-04', '1.00e-04'], loss: 0.079393
[2024-03-01 23:44:30,695][INFO][clas_trainer:180] - train epoch: 19 [23968/48280 (50%)], lr: ['1.00e-04', '1.00e-04'], loss: 0.082937
[2024-03-01 23:44:34,715][INFO][clas_trainer:180] - train epoch: 19 [28768/48280 (60%)], lr: ['1.00e-04', '1.00e-04'], loss: 0.086881
[2024-03-01 23:44:38,967][INFO][clas_trainer:180] - train epoch: 19 [33568/48280 (70%)], lr: ['1.00e-04', '1.00e-04'], loss: 0.324303
[2024-03-01 23:44:43,005][INFO][clas_trainer:180] - train epoch: 19 [38368/48280 (79%)], lr: ['1.00e-04', '1.00e-04'], loss: 0.533822
[2024-03-01 23:44:46,863][INFO][clas_trainer:180] - train epoch: 19 [43168/48280 (89%)], lr: ['1.00e-04', '1.00e-04'], loss: 0.146067
[2024-03-01 23:44:51,163][INFO][clas_trainer:180] - train epoch: 19 [47968/48280 (99%)], lr: ['1.00e-04', '1.00e-04'], loss: 0.046680
[2024-03-01 23:44:54,493][INFO][clas_trainer:96] - [epoch  19] execution time: 44.04s	metrics:
[2024-03-01 23:44:54,494][INFO][clas_evaluator:69] - dataset: earlystopping, avg f1-score: 0.7470
[2024-03-01 23:44:58,804][INFO][clas_trainer:180] - train epoch: 20 [4768/48280 (10%)], lr: ['1.00e-04', '1.00e-04'], loss: 0.073669
[2024-03-01 23:45:02,764][INFO][clas_trainer:180] - train epoch: 20 [9568/48280 (20%)], lr: ['1.00e-04', '1.00e-04'], loss: 0.039281
[2024-03-01 23:45:06,553][INFO][clas_trainer:180] - train epoch: 20 [14368/48280 (30%)], lr: ['1.00e-04', '1.00e-04'], loss: 0.156905
[2024-03-01 23:45:10,458][INFO][clas_trainer:180] - train epoch: 20 [19168/48280 (40%)], lr: ['1.00e-04', '1.00e-04'], loss: 0.028347
[2024-03-01 23:45:14,678][INFO][clas_trainer:180] - train epoch: 20 [23968/48280 (50%)], lr: ['1.00e-04', '1.00e-04'], loss: 0.084566
[2024-03-01 23:45:18,558][INFO][clas_trainer:180] - train epoch: 20 [28768/48280 (60%)], lr: ['1.00e-04', '1.00e-04'], loss: 0.025605
[2024-03-01 23:45:22,646][INFO][clas_trainer:180] - train epoch: 20 [33568/48280 (70%)], lr: ['1.00e-04', '1.00e-04'], loss: 0.321461
[2024-03-01 23:45:26,597][INFO][clas_trainer:180] - train epoch: 20 [38368/48280 (79%)], lr: ['1.00e-04', '1.00e-04'], loss: 0.213393
[2024-03-01 23:45:30,778][INFO][clas_trainer:180] - train epoch: 20 [43168/48280 (89%)], lr: ['1.00e-04', '1.00e-04'], loss: 0.134671
[2024-03-01 23:45:34,663][INFO][clas_trainer:180] - train epoch: 20 [47968/48280 (99%)], lr: ['1.00e-04', '1.00e-04'], loss: 0.045266
[2024-03-01 23:45:38,229][INFO][clas_trainer:96] - [epoch  20] execution time: 43.73s	metrics:
[2024-03-01 23:45:38,229][INFO][clas_evaluator:69] - dataset: earlystopping, avg f1-score: 0.7839
[2024-03-01 23:45:42,750][INFO][clas_trainer:180] - train epoch: 21 [4768/48280 (10%)], lr: ['1.00e-04', '1.00e-04'], loss: 0.051375
[2024-03-01 23:45:46,857][INFO][clas_trainer:180] - train epoch: 21 [9568/48280 (20%)], lr: ['1.00e-04', '1.00e-04'], loss: 0.077739
[2024-03-01 23:45:51,022][INFO][clas_trainer:180] - train epoch: 21 [14368/48280 (30%)], lr: ['1.00e-04', '1.00e-04'], loss: 0.093244
[2024-03-01 23:45:55,042][INFO][clas_trainer:180] - train epoch: 21 [19168/48280 (40%)], lr: ['1.00e-04', '1.00e-04'], loss: 0.303154
[2024-03-01 23:45:59,191][INFO][clas_trainer:180] - train epoch: 21 [23968/48280 (50%)], lr: ['1.00e-04', '1.00e-04'], loss: 0.100729
[2024-03-01 23:46:03,683][INFO][clas_trainer:180] - train epoch: 21 [28768/48280 (60%)], lr: ['1.00e-04', '1.00e-04'], loss: 0.028543
[2024-03-01 23:46:07,731][INFO][clas_trainer:180] - train epoch: 21 [33568/48280 (70%)], lr: ['1.00e-04', '1.00e-04'], loss: 0.023794
[2024-03-01 23:46:11,706][INFO][clas_trainer:180] - train epoch: 21 [38368/48280 (79%)], lr: ['1.00e-04', '1.00e-04'], loss: 0.126011
[2024-03-01 23:46:15,852][INFO][clas_trainer:180] - train epoch: 21 [43168/48280 (89%)], lr: ['1.00e-04', '1.00e-04'], loss: 0.161031
[2024-03-01 23:46:20,428][INFO][clas_trainer:180] - train epoch: 21 [47968/48280 (99%)], lr: ['1.00e-04', '1.00e-04'], loss: 0.162103
[2024-03-01 23:46:24,267][INFO][clas_trainer:96] - [epoch  21] execution time: 46.04s	metrics:
[2024-03-01 23:46:24,268][INFO][clas_evaluator:69] - dataset: earlystopping, avg f1-score: 0.7832
[2024-03-01 23:46:28,779][INFO][clas_trainer:180] - train epoch: 22 [4768/48280 (10%)], lr: ['1.00e-04', '1.00e-04'], loss: 0.086917
[2024-03-01 23:46:33,533][INFO][clas_trainer:180] - train epoch: 22 [9568/48280 (20%)], lr: ['1.00e-04', '1.00e-04'], loss: 0.034938
[2024-03-01 23:46:37,946][INFO][clas_trainer:180] - train epoch: 22 [14368/48280 (30%)], lr: ['1.00e-04', '1.00e-04'], loss: 0.137779
[2024-03-01 23:46:42,067][INFO][clas_trainer:180] - train epoch: 22 [19168/48280 (40%)], lr: ['1.00e-04', '1.00e-04'], loss: 0.148940
[2024-03-01 23:46:46,148][INFO][clas_trainer:180] - train epoch: 22 [23968/48280 (50%)], lr: ['1.00e-04', '1.00e-04'], loss: 0.021988
[2024-03-01 23:46:50,039][INFO][clas_trainer:180] - train epoch: 22 [28768/48280 (60%)], lr: ['1.00e-04', '1.00e-04'], loss: 0.055451
[2024-03-01 23:46:54,077][INFO][clas_trainer:180] - train epoch: 22 [33568/48280 (70%)], lr: ['1.00e-04', '1.00e-04'], loss: 0.104980
[2024-03-01 23:46:58,121][INFO][clas_trainer:180] - train epoch: 22 [38368/48280 (79%)], lr: ['1.00e-04', '1.00e-04'], loss: 0.298563
[2024-03-01 23:47:02,061][INFO][clas_trainer:180] - train epoch: 22 [43168/48280 (89%)], lr: ['1.00e-04', '1.00e-04'], loss: 0.066887
[2024-03-01 23:47:06,252][INFO][clas_trainer:180] - train epoch: 22 [47968/48280 (99%)], lr: ['1.00e-04', '1.00e-04'], loss: 0.028277
[2024-03-01 23:47:10,106][INFO][clas_trainer:96] - [epoch  22] execution time: 45.84s	metrics:
[2024-03-01 23:47:10,107][INFO][clas_evaluator:69] - dataset: earlystopping, avg f1-score: 0.7984
[2024-03-01 23:47:10,152][INFO][base_model:70] - snapshot saved to /home/users/grieger/repos/frequency-pretraining/models/exp001a-m86-base_fe_clas-2024-03-01_18-01-50-final.pth
[2024-03-01 23:47:15,015][INFO][clas_trainer:180] - train epoch: 23 [4768/48280 (10%)], lr: ['1.00e-04', '1.00e-04'], loss: 0.082550
[2024-03-01 23:47:19,560][INFO][clas_trainer:180] - train epoch: 23 [9568/48280 (20%)], lr: ['1.00e-04', '1.00e-04'], loss: 0.088385
[2024-03-01 23:47:24,528][INFO][clas_trainer:180] - train epoch: 23 [14368/48280 (30%)], lr: ['1.00e-04', '1.00e-04'], loss: 0.125109
[2024-03-01 23:47:30,727][INFO][clas_trainer:180] - train epoch: 23 [19168/48280 (40%)], lr: ['1.00e-04', '1.00e-04'], loss: 0.082921
[2024-03-01 23:47:34,666][INFO][clas_trainer:180] - train epoch: 23 [23968/48280 (50%)], lr: ['1.00e-04', '1.00e-04'], loss: 0.076214
[2024-03-01 23:47:38,736][INFO][clas_trainer:180] - train epoch: 23 [28768/48280 (60%)], lr: ['1.00e-04', '1.00e-04'], loss: 0.023344
[2024-03-01 23:47:43,466][INFO][clas_trainer:180] - train epoch: 23 [33568/48280 (70%)], lr: ['1.00e-04', '1.00e-04'], loss: 0.045436
[2024-03-01 23:47:47,653][INFO][clas_trainer:180] - train epoch: 23 [38368/48280 (79%)], lr: ['1.00e-04', '1.00e-04'], loss: 0.101966
[2024-03-01 23:47:52,647][INFO][clas_trainer:180] - train epoch: 23 [43168/48280 (89%)], lr: ['1.00e-04', '1.00e-04'], loss: 0.267211
[2024-03-01 23:47:56,740][INFO][clas_trainer:180] - train epoch: 23 [47968/48280 (99%)], lr: ['1.00e-04', '1.00e-04'], loss: 0.257474
[2024-03-01 23:48:00,861][INFO][clas_trainer:96] - [epoch  23] execution time: 50.71s	metrics:
[2024-03-01 23:48:00,861][INFO][clas_evaluator:69] - dataset: earlystopping, avg f1-score: 0.7738
[2024-03-01 23:48:04,919][INFO][clas_trainer:180] - train epoch: 24 [4768/48280 (10%)], lr: ['1.00e-04', '1.00e-04'], loss: 0.019628
[2024-03-01 23:48:09,208][INFO][clas_trainer:180] - train epoch: 24 [9568/48280 (20%)], lr: ['1.00e-04', '1.00e-04'], loss: 0.099192
[2024-03-01 23:48:13,301][INFO][clas_trainer:180] - train epoch: 24 [14368/48280 (30%)], lr: ['1.00e-04', '1.00e-04'], loss: 0.094082
[2024-03-01 23:48:17,353][INFO][clas_trainer:180] - train epoch: 24 [19168/48280 (40%)], lr: ['1.00e-04', '1.00e-04'], loss: 0.015737
[2024-03-01 23:48:21,509][INFO][clas_trainer:180] - train epoch: 24 [23968/48280 (50%)], lr: ['1.00e-04', '1.00e-04'], loss: 0.077359
[2024-03-01 23:48:26,254][INFO][clas_trainer:180] - train epoch: 24 [28768/48280 (60%)], lr: ['1.00e-04', '1.00e-04'], loss: 0.120835
[2024-03-01 23:48:31,099][INFO][clas_trainer:180] - train epoch: 24 [33568/48280 (70%)], lr: ['1.00e-04', '1.00e-04'], loss: 0.061351
[2024-03-01 23:48:36,007][INFO][clas_trainer:180] - train epoch: 24 [38368/48280 (79%)], lr: ['1.00e-04', '1.00e-04'], loss: 0.013898
[2024-03-01 23:48:40,696][INFO][clas_trainer:180] - train epoch: 24 [43168/48280 (89%)], lr: ['1.00e-04', '1.00e-04'], loss: 0.078149
[2024-03-01 23:48:44,634][INFO][clas_trainer:180] - train epoch: 24 [47968/48280 (99%)], lr: ['1.00e-04', '1.00e-04'], loss: 0.069037
[2024-03-01 23:48:47,861][INFO][clas_trainer:96] - [epoch  24] execution time: 47.00s	metrics:
[2024-03-01 23:48:47,861][INFO][clas_evaluator:69] - dataset: earlystopping, avg f1-score: 0.7790
[2024-03-01 23:48:52,084][INFO][clas_trainer:180] - train epoch: 25 [4768/48280 (10%)], lr: ['1.00e-04', '1.00e-04'], loss: 0.104429
[2024-03-01 23:48:56,134][INFO][clas_trainer:180] - train epoch: 25 [9568/48280 (20%)], lr: ['1.00e-04', '1.00e-04'], loss: 0.066577
[2024-03-01 23:48:59,923][INFO][clas_trainer:180] - train epoch: 25 [14368/48280 (30%)], lr: ['1.00e-04', '1.00e-04'], loss: 0.064151
[2024-03-01 23:49:03,784][INFO][clas_trainer:180] - train epoch: 25 [19168/48280 (40%)], lr: ['1.00e-04', '1.00e-04'], loss: 0.036495
[2024-03-01 23:49:07,828][INFO][clas_trainer:180] - train epoch: 25 [23968/48280 (50%)], lr: ['1.00e-04', '1.00e-04'], loss: 0.048970
[2024-03-01 23:49:11,852][INFO][clas_trainer:180] - train epoch: 25 [28768/48280 (60%)], lr: ['1.00e-04', '1.00e-04'], loss: 0.017476
[2024-03-01 23:49:16,015][INFO][clas_trainer:180] - train epoch: 25 [33568/48280 (70%)], lr: ['1.00e-04', '1.00e-04'], loss: 0.165220
[2024-03-01 23:49:19,918][INFO][clas_trainer:180] - train epoch: 25 [38368/48280 (79%)], lr: ['1.00e-04', '1.00e-04'], loss: 0.015904
[2024-03-01 23:49:23,715][INFO][clas_trainer:180] - train epoch: 25 [43168/48280 (89%)], lr: ['1.00e-04', '1.00e-04'], loss: 0.030425
[2024-03-01 23:49:27,865][INFO][clas_trainer:180] - train epoch: 25 [47968/48280 (99%)], lr: ['1.00e-04', '1.00e-04'], loss: 0.044973
[2024-03-01 23:49:31,931][INFO][clas_trainer:96] - [epoch  25] execution time: 44.07s	metrics:
[2024-03-01 23:49:31,932][INFO][clas_evaluator:69] - dataset: earlystopping, avg f1-score: 0.7791
[2024-03-01 23:49:36,592][INFO][clas_trainer:180] - train epoch: 26 [4768/48280 (10%)], lr: ['1.00e-04', '1.00e-04'], loss: 0.122127
[2024-03-01 23:49:40,453][INFO][clas_trainer:180] - train epoch: 26 [9568/48280 (20%)], lr: ['1.00e-04', '1.00e-04'], loss: 0.047962
[2024-03-01 23:49:44,442][INFO][clas_trainer:180] - train epoch: 26 [14368/48280 (30%)], lr: ['1.00e-04', '1.00e-04'], loss: 0.097028
[2024-03-01 23:49:48,830][INFO][clas_trainer:180] - train epoch: 26 [19168/48280 (40%)], lr: ['1.00e-04', '1.00e-04'], loss: 0.021896
[2024-03-01 23:49:53,609][INFO][clas_trainer:180] - train epoch: 26 [23968/48280 (50%)], lr: ['1.00e-04', '1.00e-04'], loss: 0.043678
[2024-03-01 23:49:57,635][INFO][clas_trainer:180] - train epoch: 26 [28768/48280 (60%)], lr: ['1.00e-04', '1.00e-04'], loss: 0.059870
[2024-03-01 23:50:01,473][INFO][clas_trainer:180] - train epoch: 26 [33568/48280 (70%)], lr: ['1.00e-04', '1.00e-04'], loss: 0.017765
[2024-03-01 23:50:05,429][INFO][clas_trainer:180] - train epoch: 26 [38368/48280 (79%)], lr: ['1.00e-04', '1.00e-04'], loss: 0.308742
[2024-03-01 23:50:09,360][INFO][clas_trainer:180] - train epoch: 26 [43168/48280 (89%)], lr: ['1.00e-04', '1.00e-04'], loss: 0.036972
[2024-03-01 23:50:13,212][INFO][clas_trainer:180] - train epoch: 26 [47968/48280 (99%)], lr: ['1.00e-04', '1.00e-04'], loss: 0.075203
[2024-03-01 23:50:16,446][INFO][clas_trainer:96] - [epoch  26] execution time: 44.51s	metrics:
[2024-03-01 23:50:16,446][INFO][clas_evaluator:69] - dataset: earlystopping, avg f1-score: 0.7809
[2024-03-01 23:50:20,804][INFO][clas_trainer:180] - train epoch: 27 [4768/48280 (10%)], lr: ['1.00e-04', '1.00e-04'], loss: 0.101476
[2024-03-01 23:50:24,662][INFO][clas_trainer:180] - train epoch: 27 [9568/48280 (20%)], lr: ['1.00e-04', '1.00e-04'], loss: 0.125892
[2024-03-01 23:50:28,663][INFO][clas_trainer:180] - train epoch: 27 [14368/48280 (30%)], lr: ['1.00e-04', '1.00e-04'], loss: 0.017705
[2024-03-01 23:50:32,728][INFO][clas_trainer:180] - train epoch: 27 [19168/48280 (40%)], lr: ['1.00e-04', '1.00e-04'], loss: 0.079653
[2024-03-01 23:50:36,631][INFO][clas_trainer:180] - train epoch: 27 [23968/48280 (50%)], lr: ['1.00e-04', '1.00e-04'], loss: 0.029715
[2024-03-01 23:50:40,567][INFO][clas_trainer:180] - train epoch: 27 [28768/48280 (60%)], lr: ['1.00e-04', '1.00e-04'], loss: 0.312527
[2024-03-01 23:50:44,521][INFO][clas_trainer:180] - train epoch: 27 [33568/48280 (70%)], lr: ['1.00e-04', '1.00e-04'], loss: 0.136278
[2024-03-01 23:50:48,719][INFO][clas_trainer:180] - train epoch: 27 [38368/48280 (79%)], lr: ['1.00e-04', '1.00e-04'], loss: 0.033548
[2024-03-01 23:50:52,631][INFO][clas_trainer:180] - train epoch: 27 [43168/48280 (89%)], lr: ['1.00e-04', '1.00e-04'], loss: 0.082889
[2024-03-01 23:50:56,667][INFO][clas_trainer:180] - train epoch: 27 [47968/48280 (99%)], lr: ['1.00e-04', '1.00e-04'], loss: 0.050589
[2024-03-01 23:51:00,299][INFO][clas_trainer:96] - [epoch  27] execution time: 43.85s	metrics:
[2024-03-01 23:51:00,300][INFO][clas_evaluator:69] - dataset: earlystopping, avg f1-score: 0.7586
[2024-03-01 23:51:04,721][INFO][clas_trainer:180] - train epoch: 28 [4768/48280 (10%)], lr: ['1.00e-04', '1.00e-04'], loss: 0.031785
[2024-03-01 23:51:09,163][INFO][clas_trainer:180] - train epoch: 28 [9568/48280 (20%)], lr: ['1.00e-04', '1.00e-04'], loss: 0.053613
[2024-03-01 23:51:13,339][INFO][clas_trainer:180] - train epoch: 28 [14368/48280 (30%)], lr: ['1.00e-04', '1.00e-04'], loss: 0.072356
[2024-03-01 23:51:17,554][INFO][clas_trainer:180] - train epoch: 28 [19168/48280 (40%)], lr: ['1.00e-04', '1.00e-04'], loss: 0.056573
[2024-03-01 23:51:21,483][INFO][clas_trainer:180] - train epoch: 28 [23968/48280 (50%)], lr: ['1.00e-04', '1.00e-04'], loss: 0.105350
[2024-03-01 23:51:25,470][INFO][clas_trainer:180] - train epoch: 28 [28768/48280 (60%)], lr: ['1.00e-04', '1.00e-04'], loss: 0.085266
[2024-03-01 23:51:29,900][INFO][clas_trainer:180] - train epoch: 28 [33568/48280 (70%)], lr: ['1.00e-04', '1.00e-04'], loss: 0.104721
[2024-03-01 23:51:34,004][INFO][clas_trainer:180] - train epoch: 28 [38368/48280 (79%)], lr: ['1.00e-04', '1.00e-04'], loss: 0.105715
[2024-03-01 23:51:38,021][INFO][clas_trainer:180] - train epoch: 28 [43168/48280 (89%)], lr: ['1.00e-04', '1.00e-04'], loss: 0.027232
[2024-03-01 23:51:42,068][INFO][clas_trainer:180] - train epoch: 28 [47968/48280 (99%)], lr: ['1.00e-04', '1.00e-04'], loss: 0.090293
[2024-03-01 23:51:45,861][INFO][clas_trainer:96] - [epoch  28] execution time: 45.56s	metrics:
[2024-03-01 23:51:45,861][INFO][clas_evaluator:69] - dataset: earlystopping, avg f1-score: 0.7752
[2024-03-01 23:51:50,558][INFO][clas_trainer:180] - train epoch: 29 [4768/48280 (10%)], lr: ['1.00e-04', '1.00e-04'], loss: 0.040395
[2024-03-01 23:51:54,958][INFO][clas_trainer:180] - train epoch: 29 [9568/48280 (20%)], lr: ['1.00e-04', '1.00e-04'], loss: 0.071284
[2024-03-01 23:51:58,812][INFO][clas_trainer:180] - train epoch: 29 [14368/48280 (30%)], lr: ['1.00e-04', '1.00e-04'], loss: 0.006789
[2024-03-01 23:52:02,699][INFO][clas_trainer:180] - train epoch: 29 [19168/48280 (40%)], lr: ['1.00e-04', '1.00e-04'], loss: 0.016593
[2024-03-01 23:52:06,320][INFO][clas_trainer:180] - train epoch: 29 [23968/48280 (50%)], lr: ['1.00e-04', '1.00e-04'], loss: 0.032529
[2024-03-01 23:52:09,915][INFO][clas_trainer:180] - train epoch: 29 [28768/48280 (60%)], lr: ['1.00e-04', '1.00e-04'], loss: 0.131903
[2024-03-01 23:52:13,616][INFO][clas_trainer:180] - train epoch: 29 [33568/48280 (70%)], lr: ['1.00e-04', '1.00e-04'], loss: 0.029806
[2024-03-01 23:52:17,020][INFO][clas_trainer:180] - train epoch: 29 [38368/48280 (79%)], lr: ['1.00e-04', '1.00e-04'], loss: 0.028613
[2024-03-01 23:52:21,116][INFO][clas_trainer:180] - train epoch: 29 [43168/48280 (89%)], lr: ['1.00e-04', '1.00e-04'], loss: 0.013314
[2024-03-01 23:52:24,775][INFO][clas_trainer:180] - train epoch: 29 [47968/48280 (99%)], lr: ['1.00e-04', '1.00e-04'], loss: 0.038055
[2024-03-01 23:52:27,970][INFO][clas_trainer:96] - [epoch  29] execution time: 42.11s	metrics:
[2024-03-01 23:52:27,970][INFO][clas_evaluator:69] - dataset: earlystopping, avg f1-score: 0.7817
[2024-03-01 23:52:32,782][INFO][clas_trainer:180] - train epoch: 30 [4768/48280 (10%)], lr: ['1.00e-04', '1.00e-04'], loss: 0.065479
[2024-03-01 23:52:38,035][INFO][clas_trainer:180] - train epoch: 30 [9568/48280 (20%)], lr: ['1.00e-04', '1.00e-04'], loss: 0.145697
[2024-03-01 23:52:42,637][INFO][clas_trainer:180] - train epoch: 30 [14368/48280 (30%)], lr: ['1.00e-04', '1.00e-04'], loss: 0.046566
[2024-03-01 23:52:46,864][INFO][clas_trainer:180] - train epoch: 30 [19168/48280 (40%)], lr: ['1.00e-04', '1.00e-04'], loss: 0.071073
[2024-03-01 23:52:50,525][INFO][clas_trainer:180] - train epoch: 30 [23968/48280 (50%)], lr: ['1.00e-04', '1.00e-04'], loss: 0.028405
[2024-03-01 23:52:54,018][INFO][clas_trainer:180] - train epoch: 30 [28768/48280 (60%)], lr: ['1.00e-04', '1.00e-04'], loss: 0.008115
[2024-03-01 23:52:57,453][INFO][clas_trainer:180] - train epoch: 30 [33568/48280 (70%)], lr: ['1.00e-04', '1.00e-04'], loss: 0.022503
[2024-03-01 23:53:00,921][INFO][clas_trainer:180] - train epoch: 30 [38368/48280 (79%)], lr: ['1.00e-04', '1.00e-04'], loss: 0.036583
[2024-03-01 23:53:04,359][INFO][clas_trainer:180] - train epoch: 30 [43168/48280 (89%)], lr: ['1.00e-04', '1.00e-04'], loss: 0.046084
[2024-03-01 23:53:07,863][INFO][clas_trainer:180] - train epoch: 30 [47968/48280 (99%)], lr: ['1.00e-04', '1.00e-04'], loss: 0.068901
[2024-03-01 23:53:11,233][INFO][clas_trainer:96] - [epoch  30] execution time: 43.26s	metrics:
[2024-03-01 23:53:11,233][INFO][clas_evaluator:69] - dataset: earlystopping, avg f1-score: 0.7763
[2024-03-01 23:53:15,415][INFO][clas_trainer:180] - train epoch: 31 [4768/48280 (10%)], lr: ['1.00e-04', '1.00e-04'], loss: 0.108505
[2024-03-01 23:53:19,179][INFO][clas_trainer:180] - train epoch: 31 [9568/48280 (20%)], lr: ['1.00e-04', '1.00e-04'], loss: 0.038247
[2024-03-01 23:53:22,890][INFO][clas_trainer:180] - train epoch: 31 [14368/48280 (30%)], lr: ['1.00e-04', '1.00e-04'], loss: 0.071759
[2024-03-01 23:53:26,567][INFO][clas_trainer:180] - train epoch: 31 [19168/48280 (40%)], lr: ['1.00e-04', '1.00e-04'], loss: 0.076393
[2024-03-01 23:53:30,097][INFO][clas_trainer:180] - train epoch: 31 [23968/48280 (50%)], lr: ['1.00e-04', '1.00e-04'], loss: 0.016025
[2024-03-01 23:53:33,798][INFO][clas_trainer:180] - train epoch: 31 [28768/48280 (60%)], lr: ['1.00e-04', '1.00e-04'], loss: 0.221344
[2024-03-01 23:53:37,766][INFO][clas_trainer:180] - train epoch: 31 [33568/48280 (70%)], lr: ['1.00e-04', '1.00e-04'], loss: 0.023630
[2024-03-01 23:53:41,387][INFO][clas_trainer:180] - train epoch: 31 [38368/48280 (79%)], lr: ['1.00e-04', '1.00e-04'], loss: 0.340699
[2024-03-01 23:53:44,967][INFO][clas_trainer:180] - train epoch: 31 [43168/48280 (89%)], lr: ['1.00e-04', '1.00e-04'], loss: 0.086376
[2024-03-01 23:53:48,514][INFO][clas_trainer:180] - train epoch: 31 [47968/48280 (99%)], lr: ['1.00e-04', '1.00e-04'], loss: 0.053887
[2024-03-01 23:53:51,865][INFO][clas_trainer:96] - [epoch  31] execution time: 40.63s	metrics:
[2024-03-01 23:53:51,865][INFO][clas_evaluator:69] - dataset: earlystopping, avg f1-score: 0.7708
[2024-03-01 23:53:55,618][INFO][clas_trainer:180] - train epoch: 32 [4768/48280 (10%)], lr: ['1.00e-04', '1.00e-04'], loss: 0.043450
[2024-03-01 23:54:00,147][INFO][clas_trainer:180] - train epoch: 32 [9568/48280 (20%)], lr: ['1.00e-04', '1.00e-04'], loss: 0.092823
[2024-03-01 23:54:03,671][INFO][clas_trainer:180] - train epoch: 32 [14368/48280 (30%)], lr: ['1.00e-04', '1.00e-04'], loss: 0.039554
[2024-03-01 23:54:07,682][INFO][clas_trainer:180] - train epoch: 32 [19168/48280 (40%)], lr: ['1.00e-04', '1.00e-04'], loss: 0.030348
[2024-03-01 23:54:11,391][INFO][clas_trainer:180] - train epoch: 32 [23968/48280 (50%)], lr: ['1.00e-04', '1.00e-04'], loss: 0.016417
[2024-03-01 23:54:15,100][INFO][clas_trainer:180] - train epoch: 32 [28768/48280 (60%)], lr: ['1.00e-04', '1.00e-04'], loss: 0.021027
[2024-03-01 23:54:18,988][INFO][clas_trainer:180] - train epoch: 32 [33568/48280 (70%)], lr: ['1.00e-04', '1.00e-04'], loss: 0.014489
[2024-03-01 23:54:22,794][INFO][clas_trainer:180] - train epoch: 32 [38368/48280 (79%)], lr: ['1.00e-04', '1.00e-04'], loss: 0.071929
[2024-03-01 23:54:26,408][INFO][clas_trainer:180] - train epoch: 32 [43168/48280 (89%)], lr: ['1.00e-04', '1.00e-04'], loss: 0.095823
[2024-03-01 23:54:30,131][INFO][clas_trainer:180] - train epoch: 32 [47968/48280 (99%)], lr: ['1.00e-04', '1.00e-04'], loss: 0.018724
[2024-03-01 23:54:33,515][INFO][clas_trainer:96] - [epoch  32] execution time: 41.65s	metrics:
[2024-03-01 23:54:33,516][INFO][clas_evaluator:69] - dataset: earlystopping, avg f1-score: 0.7752
[2024-03-01 23:54:33,534][INFO][clas_trainer:115] - finished training
[2024-03-01 23:54:33,534][INFO][clas_trainer:116] - best model on epoch: 22 	f1-score: 0.7984
