[2024-09-20 21:26:31,039][INFO][fine-tune:25] - Using GPU 6
[2024-09-20 21:26:31,044][INFO][fine-tune:35] - overrides:
hydra:
- hydra.launcher.n_jobs=15
- hydra.mode=MULTIRUN
task:
- m_seed_path_sids={seeds:[12,12,12,12,12],path:"exp006b-m12-simple_multi_class-2024-09-20_13-58-02-final.pth",subject_ids:{isruc:$\{data.isruc.cv_5_fold.fold_3\}}}
- data.downstream.train_dataloader.dataset.data_reducer.n_epochs=50
- data.downstream.train_dataloader.dataset.data_reducer.n_subjects=1
- general.gpus=[6,7]

[2024-09-20 21:26:35,714][INFO][data_loaders:39] - class distribution before data reduction:
# samples per subject
sg1-1-1: 880
sg1-10-1: 842
sg1-11-1: 997
sg1-12-1: 850
sg1-13-1: 882
sg1-14-1: 906
sg1-15-1: 786
sg1-16-1: 883
sg1-17-1: 851
sg1-18-1: 999
sg1-19-1: 828
sg1-2-1: 964
sg1-22-1: 849
sg1-25-1: 921
sg1-27-1: 918
sg1-28-1: 882
sg1-29-1: 912
sg1-3-1: 943
sg1-31-1: 877
sg1-33-1: 920
sg1-35-1: 788
sg1-36-1: 987
sg1-37-1: 806
sg1-38-1: 932
sg1-39-1: 900
sg1-40-1: 875
sg1-42-1: 812
sg1-44-1: 932
sg1-45-1: 906
sg1-46-1: 863
sg1-47-1: 838
sg1-48-1: 981
sg1-49-1: 793
sg1-50-1: 905
sg1-51-1: 856
sg1-52-1: 912
sg1-56-1: 956
sg1-58-1: 965
sg1-6-1: 897
sg1-60-1: 916
sg1-61-1: 852
sg1-62-1: 864
sg1-63-1: 954
sg1-64-1: 892
sg1-65-1: 1014
sg1-66-1: 845
sg1-67-1: 862
sg1-68-1: 956
sg1-7-1: 933
sg1-71-1: 829
sg1-72-1: 872
sg1-73-1: 997
sg1-74-1: 897
sg1-75-1: 898
sg1-77-1: 805
sg1-80-1: 889
sg1-81-1: 911
sg1-82-1: 882
sg1-84-1: 963
sg1-85-1: 896
sg1-89-1: 1036
sg1-9-1: 969
sg1-90-1: 933
sg1-91-1: 990
sg1-92-1: 877
sg1-93-1: 870
sg1-94-1: 846
sg1-95-1: 865
sg1-96-1: 858
sg1-97-1: 912
sg1-98-1: 899
sg1-99-1: 835
sg2-1-1: 933
sg2-1-2: 787
sg2-2-1: 851
sg2-2-2: 869
sg2-3-1: 871
sg2-3-2: 813
sg2-4-1: 932
sg2-4-2: 899
sg2-5-1: 815
sg2-5-2: 879
sg2-6-1: 965
sg2-6-2: 1014
sg3-1-1: 954
sg3-3-1: 824
sg3-4-1: 794
sg3-5-1: 944
sg3-6-1: 853
sg3-7-1: 814
sg3-8-1: 1000
sg3-9-1: 969

# samples per stage
0: 19741
1: 11033
2: 25330
3: 15646
4: 10641
[2024-09-20 21:26:36,169][INFO][data_loaders:43] - class distribution after data reduction:
# samples per subject
sg1-17-1: 82350

# samples per stage
0: 32940
1: 18117
2: 16470
3: 9882
4: 4941
[2024-09-20 21:26:36,669][INFO][data_loaders:39] - class distribution before data reduction:
# samples per subject
sg1-30-1: 882
sg1-4-1: 963
sg1-41-1: 974
sg1-55-1: 879
sg1-57-1: 1007
sg1-70-1: 893
sg1-79-1: 880
sg1-87-1: 926

# samples per stage
0: 1251
1: 841
2: 2721
3: 1520
4: 1071
[2024-09-20 21:26:36,687][INFO][data_loaders:43] - class distribution after data reduction:
# samples per subject
sg1-30-1: 882
sg1-4-1: 963
sg1-41-1: 974
sg1-55-1: 879
sg1-57-1: 1007
sg1-70-1: 893
sg1-79-1: 880
sg1-87-1: 926

# samples per stage
0: 1251
1: 841
2: 2721
3: 1520
4: 1071
[2024-09-20 21:26:36,703][INFO][clas_trainer:49] - metrics before training (epoch 0):
[2024-09-20 21:27:06,549][INFO][clas_evaluator:99] - dataset: earlystopping, avg f1-score: 0.0870
[2024-09-20 21:27:37,218][INFO][clas_trainer:133] - train epoch: 1 [8192/82350 (10%)], lr: ['1.00e-04'], loss: 0.206469
[2024-09-20 21:28:06,053][INFO][clas_trainer:133] - train epoch: 1 [16416/82350 (20%)], lr: ['1.00e-04'], loss: 0.043362
[2024-09-20 21:28:35,176][INFO][clas_trainer:133] - train epoch: 1 [24640/82350 (30%)], lr: ['1.00e-04'], loss: 0.003875
[2024-09-20 21:29:04,105][INFO][clas_trainer:133] - train epoch: 1 [32864/82350 (40%)], lr: ['1.00e-04'], loss: 0.005212
[2024-09-20 21:29:33,134][INFO][clas_trainer:133] - train epoch: 1 [41088/82350 (50%)], lr: ['1.00e-04'], loss: 0.001304
[2024-09-20 21:30:02,229][INFO][clas_trainer:133] - train epoch: 1 [49312/82350 (60%)], lr: ['1.00e-04'], loss: 0.002291
[2024-09-20 21:30:31,120][INFO][clas_trainer:133] - train epoch: 1 [57536/82350 (70%)], lr: ['1.00e-04'], loss: 0.000995
[2024-09-20 21:31:00,075][INFO][clas_trainer:133] - train epoch: 1 [65760/82350 (80%)], lr: ['1.00e-04'], loss: 0.000560
[2024-09-20 21:31:28,599][INFO][clas_trainer:133] - train epoch: 1 [73984/82350 (90%)], lr: ['1.00e-04'], loss: 0.001506
[2024-09-20 21:31:56,837][INFO][clas_trainer:133] - train epoch: 1 [82208/82350 (100%)], lr: ['1.00e-04'], loss: 0.001975
[2024-09-20 21:32:26,555][INFO][clas_trainer:63] - [epoch   1] execution time: 320.01s	metrics:
[2024-09-20 21:32:26,555][INFO][clas_evaluator:99] - dataset: earlystopping, avg f1-score: 0.2519
[2024-09-20 21:32:26,579][INFO][base_model:51] - snapshot saved to XXX/frequency-pretraining/models/exp006d-m36-base_fe_clas-2024-09-20_19-02-44-final.pth
[2024-09-20 21:32:56,019][INFO][clas_trainer:133] - train epoch: 2 [8192/82350 (10%)], lr: ['1.00e-04'], loss: 0.000624
[2024-09-20 21:33:24,354][INFO][clas_trainer:133] - train epoch: 2 [16416/82350 (20%)], lr: ['1.00e-04'], loss: 0.000933
[2024-09-20 21:33:52,271][INFO][clas_trainer:133] - train epoch: 2 [24640/82350 (30%)], lr: ['1.00e-04'], loss: 0.000811
[2024-09-20 21:34:20,559][INFO][clas_trainer:133] - train epoch: 2 [32864/82350 (40%)], lr: ['1.00e-04'], loss: 0.000564
[2024-09-20 21:34:48,870][INFO][clas_trainer:133] - train epoch: 2 [41088/82350 (50%)], lr: ['1.00e-04'], loss: 0.001044
[2024-09-20 21:35:17,230][INFO][clas_trainer:133] - train epoch: 2 [49312/82350 (60%)], lr: ['1.00e-04'], loss: 0.001147
[2024-09-20 21:35:45,177][INFO][clas_trainer:133] - train epoch: 2 [57536/82350 (70%)], lr: ['1.00e-04'], loss: 0.000672
[2024-09-20 21:36:13,037][INFO][clas_trainer:133] - train epoch: 2 [65760/82350 (80%)], lr: ['1.00e-04'], loss: 0.000672
[2024-09-20 21:36:40,715][INFO][clas_trainer:133] - train epoch: 2 [73984/82350 (90%)], lr: ['1.00e-04'], loss: 0.000236
[2024-09-20 21:37:08,515][INFO][clas_trainer:133] - train epoch: 2 [82208/82350 (100%)], lr: ['1.00e-04'], loss: 0.000585
[2024-09-20 21:37:38,215][INFO][clas_trainer:63] - [epoch   2] execution time: 311.64s	metrics:
[2024-09-20 21:37:38,216][INFO][clas_evaluator:99] - dataset: earlystopping, avg f1-score: 0.2359
[2024-09-20 21:38:07,461][INFO][clas_trainer:133] - train epoch: 3 [8192/82350 (10%)], lr: ['1.00e-04'], loss: 0.000564
[2024-09-20 21:38:35,369][INFO][clas_trainer:133] - train epoch: 3 [16416/82350 (20%)], lr: ['1.00e-04'], loss: 0.001471
[2024-09-20 21:39:03,677][INFO][clas_trainer:133] - train epoch: 3 [24640/82350 (30%)], lr: ['1.00e-04'], loss: 0.000491
[2024-09-20 21:39:31,781][INFO][clas_trainer:133] - train epoch: 3 [32864/82350 (40%)], lr: ['1.00e-04'], loss: 0.000309
[2024-09-20 21:39:59,453][INFO][clas_trainer:133] - train epoch: 3 [41088/82350 (50%)], lr: ['1.00e-04'], loss: 0.000671
[2024-09-20 21:40:27,154][INFO][clas_trainer:133] - train epoch: 3 [49312/82350 (60%)], lr: ['1.00e-04'], loss: 0.000796
[2024-09-20 21:40:55,178][INFO][clas_trainer:133] - train epoch: 3 [57536/82350 (70%)], lr: ['1.00e-04'], loss: 0.000891
[2024-09-20 21:41:22,441][INFO][clas_trainer:133] - train epoch: 3 [65760/82350 (80%)], lr: ['1.00e-04'], loss: 0.000749
[2024-09-20 21:41:50,232][INFO][clas_trainer:133] - train epoch: 3 [73984/82350 (90%)], lr: ['1.00e-04'], loss: 0.000727
[2024-09-20 21:42:18,353][INFO][clas_trainer:133] - train epoch: 3 [82208/82350 (100%)], lr: ['1.00e-04'], loss: 0.001289
[2024-09-20 21:42:47,981][INFO][clas_trainer:63] - [epoch   3] execution time: 309.77s	metrics:
[2024-09-20 21:42:47,982][INFO][clas_evaluator:99] - dataset: earlystopping, avg f1-score: 0.2326
[2024-09-20 21:43:16,763][INFO][clas_trainer:133] - train epoch: 4 [8192/82350 (10%)], lr: ['1.00e-04'], loss: 0.001031
[2024-09-20 21:43:44,225][INFO][clas_trainer:133] - train epoch: 4 [16416/82350 (20%)], lr: ['1.00e-04'], loss: 0.000646
[2024-09-20 21:44:12,113][INFO][clas_trainer:133] - train epoch: 4 [24640/82350 (30%)], lr: ['1.00e-04'], loss: 0.000502
[2024-09-20 21:44:40,185][INFO][clas_trainer:133] - train epoch: 4 [32864/82350 (40%)], lr: ['1.00e-04'], loss: 0.000449
[2024-09-20 21:45:08,075][INFO][clas_trainer:133] - train epoch: 4 [41088/82350 (50%)], lr: ['1.00e-04'], loss: 0.004483
[2024-09-20 21:45:34,715][INFO][clas_trainer:133] - train epoch: 4 [49312/82350 (60%)], lr: ['1.00e-04'], loss: 0.000956
[2024-09-20 21:46:01,727][INFO][clas_trainer:133] - train epoch: 4 [57536/82350 (70%)], lr: ['1.00e-04'], loss: 0.000306
[2024-09-20 21:46:28,187][INFO][clas_trainer:133] - train epoch: 4 [65760/82350 (80%)], lr: ['1.00e-04'], loss: 0.000750
[2024-09-20 21:46:55,781][INFO][clas_trainer:133] - train epoch: 4 [73984/82350 (90%)], lr: ['1.00e-04'], loss: 0.000668
[2024-09-20 21:47:22,381][INFO][clas_trainer:133] - train epoch: 4 [82208/82350 (100%)], lr: ['1.00e-04'], loss: 0.002261
[2024-09-20 21:47:50,541][INFO][clas_trainer:63] - [epoch   4] execution time: 302.56s	metrics:
[2024-09-20 21:47:50,542][INFO][clas_evaluator:99] - dataset: earlystopping, avg f1-score: 0.2340
[2024-09-20 21:48:19,112][INFO][clas_trainer:133] - train epoch: 5 [8192/82350 (10%)], lr: ['1.00e-04'], loss: 0.000673
[2024-09-20 21:48:45,980][INFO][clas_trainer:133] - train epoch: 5 [16416/82350 (20%)], lr: ['1.00e-04'], loss: 0.001031
[2024-09-20 21:49:13,581][INFO][clas_trainer:133] - train epoch: 5 [24640/82350 (30%)], lr: ['1.00e-04'], loss: 0.002610
[2024-09-20 21:49:40,691][INFO][clas_trainer:133] - train epoch: 5 [32864/82350 (40%)], lr: ['1.00e-04'], loss: 0.000705
[2024-09-20 21:50:07,369][INFO][clas_trainer:133] - train epoch: 5 [41088/82350 (50%)], lr: ['1.00e-04'], loss: 0.000602
[2024-09-20 21:50:34,293][INFO][clas_trainer:133] - train epoch: 5 [49312/82350 (60%)], lr: ['1.00e-04'], loss: 0.000352
[2024-09-20 21:51:01,513][INFO][clas_trainer:133] - train epoch: 5 [57536/82350 (70%)], lr: ['1.00e-04'], loss: 0.000368
[2024-09-20 21:51:29,339][INFO][clas_trainer:133] - train epoch: 5 [65760/82350 (80%)], lr: ['1.00e-04'], loss: 0.001082
[2024-09-20 21:51:56,230][INFO][clas_trainer:133] - train epoch: 5 [73984/82350 (90%)], lr: ['1.00e-04'], loss: 0.001405
[2024-09-20 21:52:22,210][INFO][clas_trainer:133] - train epoch: 5 [82208/82350 (100%)], lr: ['1.00e-04'], loss: 0.000715
[2024-09-20 21:52:49,896][INFO][clas_trainer:63] - [epoch   5] execution time: 299.35s	metrics:
[2024-09-20 21:52:49,896][INFO][clas_evaluator:99] - dataset: earlystopping, avg f1-score: 0.2203
[2024-09-20 21:53:17,591][INFO][clas_trainer:133] - train epoch: 6 [8192/82350 (10%)], lr: ['1.00e-04'], loss: 0.000867
[2024-09-20 21:53:44,065][INFO][clas_trainer:133] - train epoch: 6 [16416/82350 (20%)], lr: ['1.00e-04'], loss: 0.001095
[2024-09-20 21:54:10,927][INFO][clas_trainer:133] - train epoch: 6 [24640/82350 (30%)], lr: ['1.00e-04'], loss: 0.000654
[2024-09-20 21:54:37,850][INFO][clas_trainer:133] - train epoch: 6 [32864/82350 (40%)], lr: ['1.00e-04'], loss: 0.000878
[2024-09-20 21:55:04,345][INFO][clas_trainer:133] - train epoch: 6 [41088/82350 (50%)], lr: ['1.00e-04'], loss: 0.001626
[2024-09-20 21:55:30,710][INFO][clas_trainer:133] - train epoch: 6 [49312/82350 (60%)], lr: ['1.00e-04'], loss: 0.000858
[2024-09-20 21:55:57,204][INFO][clas_trainer:133] - train epoch: 6 [57536/82350 (70%)], lr: ['1.00e-04'], loss: 0.001085
[2024-09-20 21:56:23,077][INFO][clas_trainer:133] - train epoch: 6 [65760/82350 (80%)], lr: ['1.00e-04'], loss: 0.001123
[2024-09-20 21:56:49,531][INFO][clas_trainer:133] - train epoch: 6 [73984/82350 (90%)], lr: ['1.00e-04'], loss: 0.001777
[2024-09-20 21:57:14,943][INFO][clas_trainer:133] - train epoch: 6 [82208/82350 (100%)], lr: ['1.00e-04'], loss: 0.000606
[2024-09-20 21:57:41,866][INFO][clas_trainer:63] - [epoch   6] execution time: 291.97s	metrics:
[2024-09-20 21:57:41,867][INFO][clas_evaluator:99] - dataset: earlystopping, avg f1-score: 0.2306
[2024-09-20 21:58:08,779][INFO][clas_trainer:133] - train epoch: 7 [8192/82350 (10%)], lr: ['1.00e-04'], loss: 0.001691
[2024-09-20 21:58:34,655][INFO][clas_trainer:133] - train epoch: 7 [16416/82350 (20%)], lr: ['1.00e-04'], loss: 0.000855
[2024-09-20 21:59:00,551][INFO][clas_trainer:133] - train epoch: 7 [24640/82350 (30%)], lr: ['1.00e-04'], loss: 0.001078
[2024-09-20 21:59:26,548][INFO][clas_trainer:133] - train epoch: 7 [32864/82350 (40%)], lr: ['1.00e-04'], loss: 0.000926
[2024-09-20 21:59:53,818][INFO][clas_trainer:133] - train epoch: 7 [41088/82350 (50%)], lr: ['1.00e-04'], loss: 0.000554
[2024-09-20 22:00:20,229][INFO][clas_trainer:133] - train epoch: 7 [49312/82350 (60%)], lr: ['1.00e-04'], loss: 0.002281
[2024-09-20 22:00:45,940][INFO][clas_trainer:133] - train epoch: 7 [57536/82350 (70%)], lr: ['1.00e-04'], loss: 0.001023
[2024-09-20 22:01:11,334][INFO][clas_trainer:133] - train epoch: 7 [65760/82350 (80%)], lr: ['1.00e-04'], loss: 0.001059
[2024-09-20 22:01:35,842][INFO][clas_trainer:133] - train epoch: 7 [73984/82350 (90%)], lr: ['1.00e-04'], loss: 0.000835
[2024-09-20 22:02:00,654][INFO][clas_trainer:133] - train epoch: 7 [82208/82350 (100%)], lr: ['1.00e-04'], loss: 0.000994
[2024-09-20 22:02:27,663][INFO][clas_trainer:63] - [epoch   7] execution time: 285.80s	metrics:
[2024-09-20 22:02:27,664][INFO][clas_evaluator:99] - dataset: earlystopping, avg f1-score: 0.2476
[2024-09-20 22:02:54,410][INFO][clas_trainer:133] - train epoch: 8 [8192/82350 (10%)], lr: ['1.00e-04'], loss: 0.001444
[2024-09-20 22:03:19,739][INFO][clas_trainer:133] - train epoch: 8 [16416/82350 (20%)], lr: ['1.00e-04'], loss: 0.000885
[2024-09-20 22:03:45,124][INFO][clas_trainer:133] - train epoch: 8 [24640/82350 (30%)], lr: ['1.00e-04'], loss: 0.000852
[2024-09-20 22:04:10,467][INFO][clas_trainer:133] - train epoch: 8 [32864/82350 (40%)], lr: ['1.00e-04'], loss: 0.001033
[2024-09-20 22:04:36,005][INFO][clas_trainer:133] - train epoch: 8 [41088/82350 (50%)], lr: ['1.00e-04'], loss: 0.001122
[2024-09-20 22:05:01,526][INFO][clas_trainer:133] - train epoch: 8 [49312/82350 (60%)], lr: ['1.00e-04'], loss: 0.001213
[2024-09-20 22:05:27,262][INFO][clas_trainer:133] - train epoch: 8 [57536/82350 (70%)], lr: ['1.00e-04'], loss: 0.000901
[2024-09-20 22:05:52,211][INFO][clas_trainer:133] - train epoch: 8 [65760/82350 (80%)], lr: ['1.00e-04'], loss: 0.001189
[2024-09-20 22:06:17,252][INFO][clas_trainer:133] - train epoch: 8 [73984/82350 (90%)], lr: ['1.00e-04'], loss: 0.001168
[2024-09-20 22:06:42,924][INFO][clas_trainer:133] - train epoch: 8 [82208/82350 (100%)], lr: ['1.00e-04'], loss: 0.000973
[2024-09-20 22:07:09,036][INFO][clas_trainer:63] - [epoch   8] execution time: 281.37s	metrics:
[2024-09-20 22:07:09,037][INFO][clas_evaluator:99] - dataset: earlystopping, avg f1-score: 0.2333
[2024-09-20 22:07:35,619][INFO][clas_trainer:133] - train epoch: 9 [8192/82350 (10%)], lr: ['1.00e-04'], loss: 0.001341
[2024-09-20 22:08:01,011][INFO][clas_trainer:133] - train epoch: 9 [16416/82350 (20%)], lr: ['1.00e-04'], loss: 0.001281
[2024-09-20 22:08:26,238][INFO][clas_trainer:133] - train epoch: 9 [24640/82350 (30%)], lr: ['1.00e-04'], loss: 0.001105
[2024-09-20 22:08:53,012][INFO][clas_trainer:133] - train epoch: 9 [32864/82350 (40%)], lr: ['1.00e-04'], loss: 0.001184
[2024-09-20 22:09:18,327][INFO][clas_trainer:133] - train epoch: 9 [41088/82350 (50%)], lr: ['1.00e-04'], loss: 0.000977
[2024-09-20 22:09:43,782][INFO][clas_trainer:133] - train epoch: 9 [49312/82350 (60%)], lr: ['1.00e-04'], loss: 0.001753
[2024-09-20 22:10:09,107][INFO][clas_trainer:133] - train epoch: 9 [57536/82350 (70%)], lr: ['1.00e-04'], loss: 0.001025
[2024-09-20 22:10:35,046][INFO][clas_trainer:133] - train epoch: 9 [65760/82350 (80%)], lr: ['1.00e-04'], loss: 0.001221
[2024-09-20 22:11:00,214][INFO][clas_trainer:133] - train epoch: 9 [73984/82350 (90%)], lr: ['1.00e-04'], loss: 0.000727
[2024-09-20 22:11:25,885][INFO][clas_trainer:133] - train epoch: 9 [82208/82350 (100%)], lr: ['1.00e-04'], loss: 0.001428
[2024-09-20 22:11:52,713][INFO][clas_trainer:63] - [epoch   9] execution time: 283.68s	metrics:
[2024-09-20 22:11:52,714][INFO][clas_evaluator:99] - dataset: earlystopping, avg f1-score: 0.2301
[2024-09-20 22:12:18,825][INFO][clas_trainer:133] - train epoch: 10 [8192/82350 (10%)], lr: ['1.00e-04'], loss: 0.000752
[2024-09-20 22:12:44,958][INFO][clas_trainer:133] - train epoch: 10 [16416/82350 (20%)], lr: ['1.00e-04'], loss: 0.001076
[2024-09-20 22:13:09,294][INFO][clas_trainer:133] - train epoch: 10 [24640/82350 (30%)], lr: ['1.00e-04'], loss: 0.001932
[2024-09-20 22:13:34,065][INFO][clas_trainer:133] - train epoch: 10 [32864/82350 (40%)], lr: ['1.00e-04'], loss: 0.000874
[2024-09-20 22:14:00,008][INFO][clas_trainer:133] - train epoch: 10 [41088/82350 (50%)], lr: ['1.00e-04'], loss: 0.000734
[2024-09-20 22:14:25,247][INFO][clas_trainer:133] - train epoch: 10 [49312/82350 (60%)], lr: ['1.00e-04'], loss: 0.000642
[2024-09-20 22:14:50,466][INFO][clas_trainer:133] - train epoch: 10 [57536/82350 (70%)], lr: ['1.00e-04'], loss: 0.000733
[2024-09-20 22:15:15,344][INFO][clas_trainer:133] - train epoch: 10 [65760/82350 (80%)], lr: ['1.00e-04'], loss: 0.001148
[2024-09-20 22:15:41,771][INFO][clas_trainer:133] - train epoch: 10 [73984/82350 (90%)], lr: ['1.00e-04'], loss: 0.001357
[2024-09-20 22:16:07,283][INFO][clas_trainer:133] - train epoch: 10 [82208/82350 (100%)], lr: ['1.00e-04'], loss: 0.001009
[2024-09-20 22:16:33,350][INFO][clas_trainer:63] - [epoch  10] execution time: 280.64s	metrics:
[2024-09-20 22:16:33,351][INFO][clas_evaluator:99] - dataset: earlystopping, avg f1-score: 0.2215
[2024-09-20 22:16:58,733][INFO][clas_trainer:133] - train epoch: 11 [8192/82350 (10%)], lr: ['1.00e-04'], loss: 0.001055
[2024-09-20 22:17:24,261][INFO][clas_trainer:133] - train epoch: 11 [16416/82350 (20%)], lr: ['1.00e-04'], loss: 0.000772
[2024-09-20 22:17:49,128][INFO][clas_trainer:133] - train epoch: 11 [24640/82350 (30%)], lr: ['1.00e-04'], loss: 0.001067
[2024-09-20 22:18:14,031][INFO][clas_trainer:133] - train epoch: 11 [32864/82350 (40%)], lr: ['1.00e-04'], loss: 0.000695
[2024-09-20 22:18:39,874][INFO][clas_trainer:133] - train epoch: 11 [41088/82350 (50%)], lr: ['1.00e-04'], loss: 0.001939
[2024-09-20 22:19:05,010][INFO][clas_trainer:133] - train epoch: 11 [49312/82350 (60%)], lr: ['1.00e-04'], loss: 0.001273
[2024-09-20 22:19:30,624][INFO][clas_trainer:133] - train epoch: 11 [57536/82350 (70%)], lr: ['1.00e-04'], loss: 0.001022
[2024-09-20 22:19:56,503][INFO][clas_trainer:133] - train epoch: 11 [65760/82350 (80%)], lr: ['1.00e-04'], loss: 0.000985
[2024-09-20 22:20:21,905][INFO][clas_trainer:133] - train epoch: 11 [73984/82350 (90%)], lr: ['1.00e-04'], loss: 0.000597
[2024-09-20 22:20:47,267][INFO][clas_trainer:133] - train epoch: 11 [82208/82350 (100%)], lr: ['1.00e-04'], loss: 0.000819
[2024-09-20 22:21:13,439][INFO][clas_trainer:63] - [epoch  11] execution time: 280.09s	metrics:
[2024-09-20 22:21:13,439][INFO][clas_evaluator:99] - dataset: earlystopping, avg f1-score: 0.2438
[2024-09-20 22:21:13,442][INFO][clas_trainer:79] - finished training
[2024-09-20 22:21:13,442][INFO][clas_trainer:80] - best model on epoch: 1 	f1-score: 0.2519
