[2024-10-04 08:39:46,160][INFO][fine-tune:25] - Using GPU 7
[2024-10-04 08:39:46,166][INFO][fine-tune:35] - overrides:
hydra:
- hydra.launcher.n_jobs=40
- hydra.mode=MULTIRUN
task:
- m_seed_path_sids={seeds:[13,13,13,13,13],path:"exp006b-m13-simple_multi_class-2024-09-20_13-58-02-final.pth",subject_ids:{isruc:$\{data.isruc.cv_5_fold.fold_4\}}}
- data.downstream.train_dataloader.dataset.data_reducer.n_epochs=50
- data.downstream.train_dataloader.dataset.data_reducer.n_subjects=2
- general.gpus=[4,5,6,7]

[2024-10-04 08:39:52,212][INFO][data_loaders:39] - class distribution before data reduction:
# samples per subject
sg1-1-1: 880
sg1-10-1: 842
sg1-12-1: 850
sg1-13-1: 882
sg1-14-1: 906
sg1-15-1: 786
sg1-16-1: 883
sg1-17-1: 851
sg1-18-1: 999
sg1-19-1: 828
sg1-2-1: 964
sg1-20-1: 950
sg1-23-1: 892
sg1-25-1: 921
sg1-26-1: 1062
sg1-27-1: 918
sg1-3-1: 943
sg1-31-1: 877
sg1-32-1: 1010
sg1-33-1: 920
sg1-34-1: 871
sg1-35-1: 788
sg1-36-1: 987
sg1-37-1: 806
sg1-38-1: 932
sg1-42-1: 812
sg1-43-1: 747
sg1-45-1: 906
sg1-47-1: 838
sg1-48-1: 981
sg1-5-1: 875
sg1-50-1: 905
sg1-52-1: 912
sg1-53-1: 910
sg1-54-1: 814
sg1-56-1: 956
sg1-58-1: 965
sg1-59-1: 942
sg1-60-1: 916
sg1-62-1: 864
sg1-63-1: 954
sg1-65-1: 1014
sg1-66-1: 845
sg1-67-1: 862
sg1-69-1: 815
sg1-7-1: 933
sg1-73-1: 997
sg1-74-1: 897
sg1-75-1: 898
sg1-76-1: 850
sg1-77-1: 805
sg1-78-1: 894
sg1-80-1: 889
sg1-81-1: 911
sg1-82-1: 882
sg1-83-1: 925
sg1-84-1: 963
sg1-85-1: 896
sg1-86-1: 964
sg1-88-1: 1002
sg1-89-1: 1036
sg1-9-1: 969
sg1-90-1: 933
sg1-91-1: 990
sg1-93-1: 870
sg1-94-1: 846
sg1-96-1: 858
sg1-97-1: 912
sg1-98-1: 899
sg1-99-1: 835
sg2-2-1: 851
sg2-2-2: 869
sg2-3-1: 871
sg2-3-2: 813
sg2-4-1: 932
sg2-4-2: 899
sg2-5-1: 815
sg2-5-2: 879
sg2-6-1: 965
sg2-6-2: 1014
sg2-7-1: 942
sg2-7-2: 899
sg2-8-1: 815
sg2-8-2: 923
sg3-1-1: 954
sg3-10-1: 796
sg3-2-1: 941
sg3-3-1: 824
sg3-5-1: 944
sg3-7-1: 814
sg3-8-1: 1000
sg3-9-1: 969

# samples per stage
0: 17791
1: 11049
2: 26746
3: 16219
4: 11159
[2024-10-04 08:39:52,733][INFO][data_loaders:43] - class distribution after data reduction:
# samples per subject
sg1-23-1: 43134
sg2-8-1: 39816

# samples per stage
0: 14931
1: 6636
2: 23226
3: 28203
4: 9954
[2024-10-04 08:39:52,758][INFO][base_pretraining_fe:55] - Loading model from exp006b-m13-simple_multi_class-2024-09-20_13-58-02-final.pth
[2024-10-04 08:39:53,360][INFO][data_loaders:39] - class distribution before data reduction:
# samples per subject
sg1-21-1: 1054
sg1-24-1: 830
sg1-4-1: 963
sg1-41-1: 974
sg1-55-1: 879
sg1-57-1: 1007
sg1-70-1: 893
sg1-79-1: 880

# samples per stage
0: 1377
1: 875
2: 2457
3: 1543
4: 1228
[2024-10-04 08:39:53,382][INFO][data_loaders:43] - class distribution after data reduction:
# samples per subject
sg1-21-1: 1054
sg1-24-1: 830
sg1-4-1: 963
sg1-41-1: 974
sg1-55-1: 879
sg1-57-1: 1007
sg1-70-1: 893
sg1-79-1: 880

# samples per stage
0: 1377
1: 875
2: 2457
3: 1543
4: 1228
[2024-10-04 08:39:53,399][INFO][clas_trainer:49] - metrics before training (epoch 0):
[2024-10-04 08:40:37,857][INFO][clas_evaluator:132] - dataset: earlystopping, avg f1-score: 0.1656
[2024-10-04 08:41:23,442][INFO][clas_trainer:133] - train epoch: 1 [8256/82950 (10%)], lr: ['1.00e-04', '1.00e-04'], loss: 0.098128
[2024-10-04 08:42:11,092][INFO][clas_trainer:133] - train epoch: 1 [16544/82950 (20%)], lr: ['1.00e-04', '1.00e-04'], loss: 0.014947
[2024-10-04 08:42:58,440][INFO][clas_trainer:133] - train epoch: 1 [24832/82950 (30%)], lr: ['1.00e-04', '1.00e-04'], loss: 0.005139
[2024-10-04 08:43:41,836][INFO][clas_trainer:133] - train epoch: 1 [33120/82950 (40%)], lr: ['1.00e-04', '1.00e-04'], loss: 0.000965
[2024-10-04 08:44:25,879][INFO][clas_trainer:133] - train epoch: 1 [41408/82950 (50%)], lr: ['1.00e-04', '1.00e-04'], loss: 0.003716
[2024-10-04 08:45:09,810][INFO][clas_trainer:133] - train epoch: 1 [49696/82950 (60%)], lr: ['1.00e-04', '1.00e-04'], loss: 0.059729
[2024-10-04 08:45:53,226][INFO][clas_trainer:133] - train epoch: 1 [57984/82950 (70%)], lr: ['1.00e-04', '1.00e-04'], loss: 0.000645
[2024-10-04 08:46:34,281][INFO][clas_trainer:133] - train epoch: 1 [66272/82950 (80%)], lr: ['1.00e-04', '1.00e-04'], loss: 0.000985
[2024-10-04 08:47:17,051][INFO][clas_trainer:133] - train epoch: 1 [74560/82950 (90%)], lr: ['1.00e-04', '1.00e-04'], loss: 0.000206
[2024-10-04 08:47:59,000][INFO][clas_trainer:133] - train epoch: 1 [82848/82950 (100%)], lr: ['1.00e-04', '1.00e-04'], loss: 0.000738
[2024-10-04 08:48:41,314][INFO][clas_trainer:63] - [epoch   1] execution time: 483.46s	metrics:
[2024-10-04 08:48:41,315][INFO][clas_evaluator:132] - dataset: earlystopping, avg f1-score: 0.5625
[2024-10-04 08:48:41,355][INFO][base_model:51] - snapshot saved to XXX/frequency-pretraining/models/exp006c-m331-base_fe_clas-2024-10-03_20-03-43-final.pth
[2024-10-04 08:49:26,127][INFO][clas_trainer:133] - train epoch: 2 [8256/82950 (10%)], lr: ['1.00e-04', '1.00e-04'], loss: 0.001285
[2024-10-04 08:50:09,547][INFO][clas_trainer:133] - train epoch: 2 [16544/82950 (20%)], lr: ['1.00e-04', '1.00e-04'], loss: 0.001148
[2024-10-04 08:50:51,510][INFO][clas_trainer:133] - train epoch: 2 [24832/82950 (30%)], lr: ['1.00e-04', '1.00e-04'], loss: 0.000120
[2024-10-04 08:51:34,625][INFO][clas_trainer:133] - train epoch: 2 [33120/82950 (40%)], lr: ['1.00e-04', '1.00e-04'], loss: 0.000178
[2024-10-04 08:52:17,187][INFO][clas_trainer:133] - train epoch: 2 [41408/82950 (50%)], lr: ['1.00e-04', '1.00e-04'], loss: 0.000023
[2024-10-04 08:53:04,814][INFO][clas_trainer:133] - train epoch: 2 [49696/82950 (60%)], lr: ['1.00e-04', '1.00e-04'], loss: 0.000050
[2024-10-04 08:53:51,301][INFO][clas_trainer:133] - train epoch: 2 [57984/82950 (70%)], lr: ['1.00e-04', '1.00e-04'], loss: 0.000010
[2024-10-04 08:54:35,929][INFO][clas_trainer:133] - train epoch: 2 [66272/82950 (80%)], lr: ['1.00e-04', '1.00e-04'], loss: 0.000446
[2024-10-04 08:55:18,849][INFO][clas_trainer:133] - train epoch: 2 [74560/82950 (90%)], lr: ['1.00e-04', '1.00e-04'], loss: 0.000288
[2024-10-04 08:56:01,627][INFO][clas_trainer:133] - train epoch: 2 [82848/82950 (100%)], lr: ['1.00e-04', '1.00e-04'], loss: 0.000268
[2024-10-04 08:56:43,652][INFO][clas_trainer:63] - [epoch   2] execution time: 482.30s	metrics:
[2024-10-04 08:56:43,653][INFO][clas_evaluator:132] - dataset: earlystopping, avg f1-score: 0.5613
[2024-10-04 08:57:26,311][INFO][clas_trainer:133] - train epoch: 3 [8256/82950 (10%)], lr: ['1.00e-04', '1.00e-04'], loss: 0.000042
[2024-10-04 08:58:11,413][INFO][clas_trainer:133] - train epoch: 3 [16544/82950 (20%)], lr: ['1.00e-04', '1.00e-04'], loss: 0.000027
[2024-10-04 08:58:52,110][INFO][clas_trainer:133] - train epoch: 3 [24832/82950 (30%)], lr: ['1.00e-04', '1.00e-04'], loss: 0.000555
[2024-10-04 08:59:33,272][INFO][clas_trainer:133] - train epoch: 3 [33120/82950 (40%)], lr: ['1.00e-04', '1.00e-04'], loss: 0.004965
[2024-10-04 09:00:16,375][INFO][clas_trainer:133] - train epoch: 3 [41408/82950 (50%)], lr: ['1.00e-04', '1.00e-04'], loss: 0.001422
[2024-10-04 09:00:58,239][INFO][clas_trainer:133] - train epoch: 3 [49696/82950 (60%)], lr: ['1.00e-04', '1.00e-04'], loss: 0.000028
[2024-10-04 09:01:41,189][INFO][clas_trainer:133] - train epoch: 3 [57984/82950 (70%)], lr: ['1.00e-04', '1.00e-04'], loss: 0.000104
[2024-10-04 09:02:22,709][INFO][clas_trainer:133] - train epoch: 3 [66272/82950 (80%)], lr: ['1.00e-04', '1.00e-04'], loss: 0.000062
[2024-10-04 09:03:06,455][INFO][clas_trainer:133] - train epoch: 3 [74560/82950 (90%)], lr: ['1.00e-04', '1.00e-04'], loss: 0.000068
[2024-10-04 09:03:46,134][INFO][clas_trainer:133] - train epoch: 3 [82848/82950 (100%)], lr: ['1.00e-04', '1.00e-04'], loss: 0.000075
[2024-10-04 09:04:28,202][INFO][clas_trainer:63] - [epoch   3] execution time: 464.55s	metrics:
[2024-10-04 09:04:28,203][INFO][clas_evaluator:132] - dataset: earlystopping, avg f1-score: 0.5712
[2024-10-04 09:04:28,241][INFO][base_model:51] - snapshot saved to XXX/frequency-pretraining/models/exp006c-m331-base_fe_clas-2024-10-03_20-03-43-final.pth
[2024-10-04 09:05:13,038][INFO][clas_trainer:133] - train epoch: 4 [8256/82950 (10%)], lr: ['1.00e-04', '1.00e-04'], loss: 0.000760
[2024-10-04 09:05:57,083][INFO][clas_trainer:133] - train epoch: 4 [16544/82950 (20%)], lr: ['1.00e-04', '1.00e-04'], loss: 0.000193
[2024-10-04 09:06:41,446][INFO][clas_trainer:133] - train epoch: 4 [24832/82950 (30%)], lr: ['1.00e-04', '1.00e-04'], loss: 0.000088
[2024-10-04 09:07:21,587][INFO][clas_trainer:133] - train epoch: 4 [33120/82950 (40%)], lr: ['1.00e-04', '1.00e-04'], loss: 0.000220
[2024-10-04 09:08:03,284][INFO][clas_trainer:133] - train epoch: 4 [41408/82950 (50%)], lr: ['1.00e-04', '1.00e-04'], loss: 0.000076
[2024-10-04 09:08:45,004][INFO][clas_trainer:133] - train epoch: 4 [49696/82950 (60%)], lr: ['1.00e-04', '1.00e-04'], loss: 0.000071
[2024-10-04 09:09:27,788][INFO][clas_trainer:133] - train epoch: 4 [57984/82950 (70%)], lr: ['1.00e-04', '1.00e-04'], loss: 0.000144
[2024-10-04 09:10:09,814][INFO][clas_trainer:133] - train epoch: 4 [66272/82950 (80%)], lr: ['1.00e-04', '1.00e-04'], loss: 0.000243
[2024-10-04 09:10:51,299][INFO][clas_trainer:133] - train epoch: 4 [74560/82950 (90%)], lr: ['1.00e-04', '1.00e-04'], loss: 0.000813
[2024-10-04 09:11:33,183][INFO][clas_trainer:133] - train epoch: 4 [82848/82950 (100%)], lr: ['1.00e-04', '1.00e-04'], loss: 0.000091
[2024-10-04 09:12:15,604][INFO][clas_trainer:63] - [epoch   4] execution time: 467.36s	metrics:
[2024-10-04 09:12:15,605][INFO][clas_evaluator:132] - dataset: earlystopping, avg f1-score: 0.5290
[2024-10-04 09:12:57,219][INFO][clas_trainer:133] - train epoch: 5 [8256/82950 (10%)], lr: ['1.00e-04', '1.00e-04'], loss: 0.000531
[2024-10-04 09:13:39,500][INFO][clas_trainer:133] - train epoch: 5 [16544/82950 (20%)], lr: ['1.00e-04', '1.00e-04'], loss: 0.000095
[2024-10-04 09:14:17,683][INFO][clas_trainer:133] - train epoch: 5 [24832/82950 (30%)], lr: ['1.00e-04', '1.00e-04'], loss: 0.000290
[2024-10-04 09:14:59,707][INFO][clas_trainer:133] - train epoch: 5 [33120/82950 (40%)], lr: ['1.00e-04', '1.00e-04'], loss: 0.000246
[2024-10-04 09:15:40,104][INFO][clas_trainer:133] - train epoch: 5 [41408/82950 (50%)], lr: ['1.00e-04', '1.00e-04'], loss: 0.001542
[2024-10-04 09:16:18,632][INFO][clas_trainer:133] - train epoch: 5 [49696/82950 (60%)], lr: ['1.00e-04', '1.00e-04'], loss: 0.000388
[2024-10-04 09:16:59,543][INFO][clas_trainer:133] - train epoch: 5 [57984/82950 (70%)], lr: ['1.00e-04', '1.00e-04'], loss: 0.000158
[2024-10-04 09:17:40,313][INFO][clas_trainer:133] - train epoch: 5 [66272/82950 (80%)], lr: ['1.00e-04', '1.00e-04'], loss: 0.000656
[2024-10-04 09:18:23,312][INFO][clas_trainer:133] - train epoch: 5 [74560/82950 (90%)], lr: ['1.00e-04', '1.00e-04'], loss: 0.000347
[2024-10-04 09:19:05,818][INFO][clas_trainer:133] - train epoch: 5 [82848/82950 (100%)], lr: ['1.00e-04', '1.00e-04'], loss: 0.000117
[2024-10-04 09:19:49,525][INFO][clas_trainer:63] - [epoch   5] execution time: 453.92s	metrics:
[2024-10-04 09:19:49,526][INFO][clas_evaluator:132] - dataset: earlystopping, avg f1-score: 0.5057
[2024-10-04 09:20:31,099][INFO][clas_trainer:133] - train epoch: 6 [8256/82950 (10%)], lr: ['1.00e-04', '1.00e-04'], loss: 0.000176
[2024-10-04 09:21:11,851][INFO][clas_trainer:133] - train epoch: 6 [16544/82950 (20%)], lr: ['1.00e-04', '1.00e-04'], loss: 0.000267
[2024-10-04 09:21:52,452][INFO][clas_trainer:133] - train epoch: 6 [24832/82950 (30%)], lr: ['1.00e-04', '1.00e-04'], loss: 0.000801
[2024-10-04 09:22:34,652][INFO][clas_trainer:133] - train epoch: 6 [33120/82950 (40%)], lr: ['1.00e-04', '1.00e-04'], loss: 0.000332
[2024-10-04 09:23:16,253][INFO][clas_trainer:133] - train epoch: 6 [41408/82950 (50%)], lr: ['1.00e-04', '1.00e-04'], loss: 0.000676
[2024-10-04 09:23:59,706][INFO][clas_trainer:133] - train epoch: 6 [49696/82950 (60%)], lr: ['1.00e-04', '1.00e-04'], loss: 0.000672
[2024-10-04 09:24:42,055][INFO][clas_trainer:133] - train epoch: 6 [57984/82950 (70%)], lr: ['1.00e-04', '1.00e-04'], loss: 0.000437
[2024-10-04 09:25:22,904][INFO][clas_trainer:133] - train epoch: 6 [66272/82950 (80%)], lr: ['1.00e-04', '1.00e-04'], loss: 0.000801
[2024-10-04 09:26:03,956][INFO][clas_trainer:133] - train epoch: 6 [74560/82950 (90%)], lr: ['1.00e-04', '1.00e-04'], loss: 0.000126
[2024-10-04 09:26:48,053][INFO][clas_trainer:133] - train epoch: 6 [82848/82950 (100%)], lr: ['1.00e-04', '1.00e-04'], loss: 0.001040
[2024-10-04 09:27:28,925][INFO][clas_trainer:63] - [epoch   6] execution time: 459.40s	metrics:
[2024-10-04 09:27:28,925][INFO][clas_evaluator:132] - dataset: earlystopping, avg f1-score: 0.5209
[2024-10-04 09:28:15,270][INFO][clas_trainer:133] - train epoch: 7 [8256/82950 (10%)], lr: ['1.00e-04', '1.00e-04'], loss: 0.000193
[2024-10-04 09:28:58,788][INFO][clas_trainer:133] - train epoch: 7 [16544/82950 (20%)], lr: ['1.00e-04', '1.00e-04'], loss: 0.000836
[2024-10-04 09:29:38,811][INFO][clas_trainer:133] - train epoch: 7 [24832/82950 (30%)], lr: ['1.00e-04', '1.00e-04'], loss: 0.000392
[2024-10-04 09:30:17,703][INFO][clas_trainer:133] - train epoch: 7 [33120/82950 (40%)], lr: ['1.00e-04', '1.00e-04'], loss: 0.000283
[2024-10-04 09:30:58,418][INFO][clas_trainer:133] - train epoch: 7 [41408/82950 (50%)], lr: ['1.00e-04', '1.00e-04'], loss: 0.000417
[2024-10-04 09:31:39,758][INFO][clas_trainer:133] - train epoch: 7 [49696/82950 (60%)], lr: ['1.00e-04', '1.00e-04'], loss: 0.000244
[2024-10-04 09:32:19,811][INFO][clas_trainer:133] - train epoch: 7 [57984/82950 (70%)], lr: ['1.00e-04', '1.00e-04'], loss: 0.000397
[2024-10-04 09:33:01,547][INFO][clas_trainer:133] - train epoch: 7 [66272/82950 (80%)], lr: ['1.00e-04', '1.00e-04'], loss: 0.001163
[2024-10-04 09:33:43,892][INFO][clas_trainer:133] - train epoch: 7 [74560/82950 (90%)], lr: ['1.00e-04', '1.00e-04'], loss: 0.000356
[2024-10-04 09:34:25,283][INFO][clas_trainer:133] - train epoch: 7 [82848/82950 (100%)], lr: ['1.00e-04', '1.00e-04'], loss: 0.000912
[2024-10-04 09:35:11,904][INFO][clas_trainer:63] - [epoch   7] execution time: 462.98s	metrics:
[2024-10-04 09:35:11,905][INFO][clas_evaluator:132] - dataset: earlystopping, avg f1-score: 0.4625
[2024-10-04 09:35:52,226][INFO][clas_trainer:133] - train epoch: 8 [8256/82950 (10%)], lr: ['1.00e-04', '1.00e-04'], loss: 0.000526
[2024-10-04 09:36:33,327][INFO][clas_trainer:133] - train epoch: 8 [16544/82950 (20%)], lr: ['1.00e-04', '1.00e-04'], loss: 0.000797
[2024-10-04 09:37:12,365][INFO][clas_trainer:133] - train epoch: 8 [24832/82950 (30%)], lr: ['1.00e-04', '1.00e-04'], loss: 0.000947
[2024-10-04 09:37:51,503][INFO][clas_trainer:133] - train epoch: 8 [33120/82950 (40%)], lr: ['1.00e-04', '1.00e-04'], loss: 0.000456
[2024-10-04 09:38:30,757][INFO][clas_trainer:133] - train epoch: 8 [41408/82950 (50%)], lr: ['1.00e-04', '1.00e-04'], loss: 0.000768
[2024-10-04 09:39:12,716][INFO][clas_trainer:133] - train epoch: 8 [49696/82950 (60%)], lr: ['1.00e-04', '1.00e-04'], loss: 0.001480
[2024-10-04 09:39:53,241][INFO][clas_trainer:133] - train epoch: 8 [57984/82950 (70%)], lr: ['1.00e-04', '1.00e-04'], loss: 0.000347
[2024-10-04 09:40:33,951][INFO][clas_trainer:133] - train epoch: 8 [66272/82950 (80%)], lr: ['1.00e-04', '1.00e-04'], loss: 0.000474
[2024-10-04 09:41:17,709][INFO][clas_trainer:133] - train epoch: 8 [74560/82950 (90%)], lr: ['1.00e-04', '1.00e-04'], loss: 0.000914
[2024-10-04 09:41:58,932][INFO][clas_trainer:133] - train epoch: 8 [82848/82950 (100%)], lr: ['1.00e-04', '1.00e-04'], loss: 0.001803
[2024-10-04 09:42:45,021][INFO][clas_trainer:63] - [epoch   8] execution time: 453.12s	metrics:
[2024-10-04 09:42:45,021][INFO][clas_evaluator:132] - dataset: earlystopping, avg f1-score: 0.5093
[2024-10-04 09:43:29,458][INFO][clas_trainer:133] - train epoch: 9 [8256/82950 (10%)], lr: ['1.00e-04', '1.00e-04'], loss: 0.001085
[2024-10-04 09:44:10,201][INFO][clas_trainer:133] - train epoch: 9 [16544/82950 (20%)], lr: ['1.00e-04', '1.00e-04'], loss: 0.000400
[2024-10-04 09:44:53,799][INFO][clas_trainer:133] - train epoch: 9 [24832/82950 (30%)], lr: ['1.00e-04', '1.00e-04'], loss: 0.000623
[2024-10-04 09:45:36,456][INFO][clas_trainer:133] - train epoch: 9 [33120/82950 (40%)], lr: ['1.00e-04', '1.00e-04'], loss: 0.000410
[2024-10-04 09:46:19,230][INFO][clas_trainer:133] - train epoch: 9 [41408/82950 (50%)], lr: ['1.00e-04', '1.00e-04'], loss: 0.001209
[2024-10-04 09:47:01,498][INFO][clas_trainer:133] - train epoch: 9 [49696/82950 (60%)], lr: ['1.00e-04', '1.00e-04'], loss: 0.001338
[2024-10-04 09:47:44,881][INFO][clas_trainer:133] - train epoch: 9 [57984/82950 (70%)], lr: ['1.00e-04', '1.00e-04'], loss: 0.001362
[2024-10-04 09:48:27,953][INFO][clas_trainer:133] - train epoch: 9 [66272/82950 (80%)], lr: ['1.00e-04', '1.00e-04'], loss: 0.000671
[2024-10-04 09:49:09,971][INFO][clas_trainer:133] - train epoch: 9 [74560/82950 (90%)], lr: ['1.00e-04', '1.00e-04'], loss: 0.000699
[2024-10-04 09:49:52,372][INFO][clas_trainer:133] - train epoch: 9 [82848/82950 (100%)], lr: ['1.00e-04', '1.00e-04'], loss: 0.001035
[2024-10-04 09:50:35,769][INFO][clas_trainer:63] - [epoch   9] execution time: 470.75s	metrics:
[2024-10-04 09:50:35,770][INFO][clas_evaluator:132] - dataset: earlystopping, avg f1-score: 0.4806
[2024-10-04 09:51:21,543][INFO][clas_trainer:133] - train epoch: 10 [8256/82950 (10%)], lr: ['1.00e-04', '1.00e-04'], loss: 0.000420
[2024-10-04 09:52:04,484][INFO][clas_trainer:133] - train epoch: 10 [16544/82950 (20%)], lr: ['1.00e-04', '1.00e-04'], loss: 0.000472
[2024-10-04 09:52:48,098][INFO][clas_trainer:133] - train epoch: 10 [24832/82950 (30%)], lr: ['1.00e-04', '1.00e-04'], loss: 0.000613
[2024-10-04 09:53:28,047][INFO][clas_trainer:133] - train epoch: 10 [33120/82950 (40%)], lr: ['1.00e-04', '1.00e-04'], loss: 0.000505
[2024-10-04 09:54:11,437][INFO][clas_trainer:133] - train epoch: 10 [41408/82950 (50%)], lr: ['1.00e-04', '1.00e-04'], loss: 0.001512
[2024-10-04 09:54:52,144][INFO][clas_trainer:133] - train epoch: 10 [49696/82950 (60%)], lr: ['1.00e-04', '1.00e-04'], loss: 0.000599
[2024-10-04 09:55:31,152][INFO][clas_trainer:133] - train epoch: 10 [57984/82950 (70%)], lr: ['1.00e-04', '1.00e-04'], loss: 0.000747
[2024-10-04 09:56:13,341][INFO][clas_trainer:133] - train epoch: 10 [66272/82950 (80%)], lr: ['1.00e-04', '1.00e-04'], loss: 0.000689
[2024-10-04 09:56:53,276][INFO][clas_trainer:133] - train epoch: 10 [74560/82950 (90%)], lr: ['1.00e-04', '1.00e-04'], loss: 0.000682
[2024-10-04 09:57:36,040][INFO][clas_trainer:133] - train epoch: 10 [82848/82950 (100%)], lr: ['1.00e-04', '1.00e-04'], loss: 0.000596
[2024-10-04 09:58:20,464][INFO][clas_trainer:63] - [epoch  10] execution time: 464.69s	metrics:
[2024-10-04 09:58:20,465][INFO][clas_evaluator:132] - dataset: earlystopping, avg f1-score: 0.4937
[2024-10-04 09:59:02,614][INFO][clas_trainer:133] - train epoch: 11 [8256/82950 (10%)], lr: ['1.00e-04', '1.00e-04'], loss: 0.000443
[2024-10-04 09:59:49,000][INFO][clas_trainer:133] - train epoch: 11 [16544/82950 (20%)], lr: ['1.00e-04', '1.00e-04'], loss: 0.000888
[2024-10-04 10:00:31,847][INFO][clas_trainer:133] - train epoch: 11 [24832/82950 (30%)], lr: ['1.00e-04', '1.00e-04'], loss: 0.000960
[2024-10-04 10:01:13,030][INFO][clas_trainer:133] - train epoch: 11 [33120/82950 (40%)], lr: ['1.00e-04', '1.00e-04'], loss: 0.000422
[2024-10-04 10:01:56,580][INFO][clas_trainer:133] - train epoch: 11 [41408/82950 (50%)], lr: ['1.00e-04', '1.00e-04'], loss: 0.000706
[2024-10-04 10:02:38,141][INFO][clas_trainer:133] - train epoch: 11 [49696/82950 (60%)], lr: ['1.00e-04', '1.00e-04'], loss: 0.001007
[2024-10-04 10:03:20,857][INFO][clas_trainer:133] - train epoch: 11 [57984/82950 (70%)], lr: ['1.00e-04', '1.00e-04'], loss: 0.000824
[2024-10-04 10:04:03,569][INFO][clas_trainer:133] - train epoch: 11 [66272/82950 (80%)], lr: ['1.00e-04', '1.00e-04'], loss: 0.001025
[2024-10-04 10:04:48,233][INFO][clas_trainer:133] - train epoch: 11 [74560/82950 (90%)], lr: ['1.00e-04', '1.00e-04'], loss: 0.001131
[2024-10-04 10:05:28,608][INFO][clas_trainer:133] - train epoch: 11 [82848/82950 (100%)], lr: ['1.00e-04', '1.00e-04'], loss: 0.000554
[2024-10-04 10:06:13,256][INFO][clas_trainer:63] - [epoch  11] execution time: 472.79s	metrics:
[2024-10-04 10:06:13,257][INFO][clas_evaluator:132] - dataset: earlystopping, avg f1-score: 0.4452
[2024-10-04 10:06:59,378][INFO][clas_trainer:133] - train epoch: 12 [8256/82950 (10%)], lr: ['1.00e-04', '1.00e-04'], loss: 0.000701
[2024-10-04 10:07:44,719][INFO][clas_trainer:133] - train epoch: 12 [16544/82950 (20%)], lr: ['1.00e-04', '1.00e-04'], loss: 0.000754
[2024-10-04 10:08:29,369][INFO][clas_trainer:133] - train epoch: 12 [24832/82950 (30%)], lr: ['1.00e-04', '1.00e-04'], loss: 0.000550
[2024-10-04 10:09:11,912][INFO][clas_trainer:133] - train epoch: 12 [33120/82950 (40%)], lr: ['1.00e-04', '1.00e-04'], loss: 0.001339
[2024-10-04 10:09:57,219][INFO][clas_trainer:133] - train epoch: 12 [41408/82950 (50%)], lr: ['1.00e-04', '1.00e-04'], loss: 0.000561
[2024-10-04 10:10:40,349][INFO][clas_trainer:133] - train epoch: 12 [49696/82950 (60%)], lr: ['1.00e-04', '1.00e-04'], loss: 0.000908
[2024-10-04 10:11:22,981][INFO][clas_trainer:133] - train epoch: 12 [57984/82950 (70%)], lr: ['1.00e-04', '1.00e-04'], loss: 0.001455
[2024-10-04 10:12:04,165][INFO][clas_trainer:133] - train epoch: 12 [66272/82950 (80%)], lr: ['1.00e-04', '1.00e-04'], loss: 0.000489
[2024-10-04 10:12:47,174][INFO][clas_trainer:133] - train epoch: 12 [74560/82950 (90%)], lr: ['1.00e-04', '1.00e-04'], loss: 0.000877
[2024-10-04 10:13:29,857][INFO][clas_trainer:133] - train epoch: 12 [82848/82950 (100%)], lr: ['1.00e-04', '1.00e-04'], loss: 0.000627
[2024-10-04 10:14:11,904][INFO][clas_trainer:63] - [epoch  12] execution time: 478.65s	metrics:
[2024-10-04 10:14:11,905][INFO][clas_evaluator:132] - dataset: earlystopping, avg f1-score: 0.3185
[2024-10-04 10:14:55,141][INFO][clas_trainer:133] - train epoch: 13 [8256/82950 (10%)], lr: ['1.00e-04', '1.00e-04'], loss: 0.000612
[2024-10-04 10:15:36,586][INFO][clas_trainer:133] - train epoch: 13 [16544/82950 (20%)], lr: ['1.00e-04', '1.00e-04'], loss: 0.001876
[2024-10-04 10:16:19,859][INFO][clas_trainer:133] - train epoch: 13 [24832/82950 (30%)], lr: ['1.00e-04', '1.00e-04'], loss: 0.000476
[2024-10-04 10:17:02,293][INFO][clas_trainer:133] - train epoch: 13 [33120/82950 (40%)], lr: ['1.00e-04', '1.00e-04'], loss: 0.000397
[2024-10-04 10:17:44,128][INFO][clas_trainer:133] - train epoch: 13 [41408/82950 (50%)], lr: ['1.00e-04', '1.00e-04'], loss: 0.000823
[2024-10-04 10:18:25,833][INFO][clas_trainer:133] - train epoch: 13 [49696/82950 (60%)], lr: ['1.00e-04', '1.00e-04'], loss: 0.000405
[2024-10-04 10:19:09,378][INFO][clas_trainer:133] - train epoch: 13 [57984/82950 (70%)], lr: ['1.00e-04', '1.00e-04'], loss: 0.000564
[2024-10-04 10:19:49,996][INFO][clas_trainer:133] - train epoch: 13 [66272/82950 (80%)], lr: ['1.00e-04', '1.00e-04'], loss: 0.000410
[2024-10-04 10:20:29,401][INFO][clas_trainer:133] - train epoch: 13 [74560/82950 (90%)], lr: ['1.00e-04', '1.00e-04'], loss: 0.000767
[2024-10-04 10:21:12,449][INFO][clas_trainer:133] - train epoch: 13 [82848/82950 (100%)], lr: ['1.00e-04', '1.00e-04'], loss: 0.000854
[2024-10-04 10:21:56,713][INFO][clas_trainer:63] - [epoch  13] execution time: 464.81s	metrics:
[2024-10-04 10:21:56,714][INFO][clas_evaluator:132] - dataset: earlystopping, avg f1-score: 0.4059
[2024-10-04 10:21:56,720][INFO][clas_trainer:79] - finished training
[2024-10-04 10:21:56,721][INFO][clas_trainer:80] - best model on epoch: 3 	f1-score: 0.5712
