[2024-10-04 05:34:40,565][INFO][fine-tune:25] - Using GPU 1
[2024-10-04 05:34:40,571][INFO][fine-tune:35] - overrides:
hydra:
- hydra.launcher.n_jobs=40
- hydra.mode=MULTIRUN
task:
- m_seed_path_sids={seeds:[1,1,1,1,1],path:"exp005b-m1-simple_multi_class-2024-09-20_13-57-42-final.pth",subject_ids:{sleepedfx:$\{data.sleepedfx.cv_5_fold.fold_2\}}}
- data.downstream.train_dataloader.dataset.data_reducer.n_epochs=900
- data.downstream.train_dataloader.dataset.data_reducer.n_subjects=1
- general.gpus=[0,1,2,3]

[2024-10-04 05:34:50,781][INFO][data_loaders:39] - class distribution before data reduction:
# samples per subject
SC4001E0: 841
SC4002E0: 1127
SC4011E0: 1103
SC4012E0: 1186
SC4041E0: 1235
SC4042E0: 1200
SC4081E0: 1134
SC4082E0: 1054
SC4101E0: 1104
SC4102E0: 1092
SC4121E0: 1052
SC4122E0: 977
SC4141E0: 1004
SC4142E0: 952
SC4151E0: 952
SC4152E0: 1762
SC4161E0: 1144
SC4162E0: 1003
SC4171E0: 1002
SC4172E0: 1773
SC4181E0: 964
SC4182E0: 920
SC4191E0: 1535
SC4192E0: 1274
SC4211E0: 1578
SC4212E0: 808
SC4221E0: 1099
SC4222E0: 1108
SC4231E0: 904
SC4232E0: 1729
SC4241E0: 1673
SC4242E0: 1775
SC4251E0: 972
SC4252E0: 1020
SC4261F0: 1597
SC4262F0: 980
SC4301E0: 929
SC4302E0: 854
SC4311E0: 1054
SC4312E0: 1181
SC4321E0: 1560
SC4322E0: 1021
SC4351F0: 976
SC4352F0: 963
SC4362F0: 824
SC4371F0: 918
SC4372F0: 1509
SC4381F0: 1776
SC4382F0: 1871
SC4431E0: 699
SC4432E0: 962
SC4441E0: 1195
SC4442E0: 1092
SC4451F0: 1208
SC4452F0: 1166
SC4471F0: 1187
SC4472F0: 2161
SC4481F0: 2027
SC4482F0: 1910
SC4491G0: 1101
SC4492G0: 1040
SC4511E0: 1087
SC4512E0: 954
SC4522E0: 997
SC4531E0: 1096
SC4532E0: 1056
SC4551F0: 1047
SC4552F0: 1090
SC4561F0: 1237
SC4562F0: 1148
SC4571F0: 1236
SC4572F0: 1095
SC4581G0: 1095
SC4582G0: 1175
SC4591G0: 1840
SC4592G0: 1231
SC4601E0: 1349
SC4602E0: 2043
SC4611E0: 1652
SC4612E0: 1062
SC4621E0: 1445
SC4622E0: 1823
SC4631E0: 1063
SC4632E0: 1107
SC4651E0: 2644
SC4652E0: 1929
SC4661E0: 2026
SC4662E0: 1994
SC4671G0: 1968
SC4672G0: 1021
SC4701E0: 1717
SC4702E0: 1515
SC4711E0: 1413
SC4712E0: 1241
SC4721E0: 1031
SC4722E0: 1130
SC4731E0: 2667
SC4732E0: 2318
SC4751E0: 2044
SC4752E0: 1049
SC4771G0: 1325
SC4772G0: 1324
SC4801G0: 1241
SC4802G0: 1229
SC4821G0: 1704
SC4822G0: 1366

# samples per stage
0: 47716
1: 16230
2: 47884
3: 9066
4: 17745
[2024-10-04 05:34:52,303][INFO][data_loaders:43] - class distribution after data reduction:
# samples per subject
SC4252E0: 138600

# samples per stage
0: 29106
1: 15862
2: 57442
3: 13860
4: 22330
[2024-10-04 05:34:52,331][INFO][base_pretraining_fe:55] - Loading model from exp005b-m1-simple_multi_class-2024-09-20_13-57-42-final.pth
[2024-10-04 05:34:53,598][INFO][data_loaders:39] - class distribution before data reduction:
# samples per subject
SC4021E0: 1025
SC4022E0: 1009
SC4071E0: 976
SC4072E0: 1273
SC4111E0: 928
SC4112E0: 802
SC4401E0: 1064
SC4402E0: 1072
SC4421E0: 785
SC4422E0: 884
SC4461F0: 983
SC4462F0: 1022
SC4761E0: 1683
SC4762E0: 2662
SC4811G0: 1293
SC4812G0: 1183

# samples per stage
0: 6086
1: 1760
2: 6497
3: 1549
4: 2752
[2024-10-04 05:34:53,916][INFO][data_loaders:43] - class distribution after data reduction:
# samples per subject
SC4021E0: 1025
SC4022E0: 1009
SC4071E0: 976
SC4072E0: 1273
SC4111E0: 928
SC4112E0: 802
SC4401E0: 1064
SC4402E0: 1072
SC4421E0: 785
SC4422E0: 884
SC4461F0: 983
SC4462F0: 1022
SC4761E0: 1683
SC4762E0: 2662
SC4811G0: 1293
SC4812G0: 1183

# samples per stage
0: 6086
1: 1760
2: 6497
3: 1549
4: 2752
[2024-10-04 05:34:53,935][INFO][clas_trainer:49] - metrics before training (epoch 0):
[2024-10-04 05:36:29,328][INFO][clas_evaluator:132] - dataset: earlystopping, avg f1-score: 0.1672
[2024-10-04 05:37:39,607][INFO][clas_trainer:133] - train epoch: 1 [13824/138600 (10%)], lr: ['1.00e-04', '1.00e-04'], loss: 0.563604
[2024-10-04 05:38:48,804][INFO][clas_trainer:133] - train epoch: 1 [27680/138600 (20%)], lr: ['1.00e-04', '1.00e-04'], loss: 0.542996
[2024-10-04 05:40:00,196][INFO][clas_trainer:133] - train epoch: 1 [41536/138600 (30%)], lr: ['1.00e-04', '1.00e-04'], loss: 0.164388
[2024-10-04 05:41:10,072][INFO][clas_trainer:133] - train epoch: 1 [55392/138600 (40%)], lr: ['1.00e-04', '1.00e-04'], loss: 0.545190
[2024-10-04 05:42:21,069][INFO][clas_trainer:133] - train epoch: 1 [69248/138600 (50%)], lr: ['1.00e-04', '1.00e-04'], loss: 0.107020
[2024-10-04 05:43:30,467][INFO][clas_trainer:133] - train epoch: 1 [83104/138600 (60%)], lr: ['1.00e-04', '1.00e-04'], loss: 0.225730
[2024-10-04 05:44:35,327][INFO][clas_trainer:133] - train epoch: 1 [96960/138600 (70%)], lr: ['1.00e-04', '1.00e-04'], loss: 0.072572
[2024-10-04 05:45:39,771][INFO][clas_trainer:133] - train epoch: 1 [110816/138600 (80%)], lr: ['1.00e-04', '1.00e-04'], loss: 0.062853
[2024-10-04 05:46:51,289][INFO][clas_trainer:133] - train epoch: 1 [124672/138600 (90%)], lr: ['1.00e-04', '1.00e-04'], loss: 0.026077
[2024-10-04 05:48:03,574][INFO][clas_trainer:133] - train epoch: 1 [138528/138600 (100%)], lr: ['1.00e-04', '1.00e-04'], loss: 0.015638
[2024-10-04 05:49:36,824][INFO][clas_trainer:63] - [epoch   1] execution time: 787.50s	metrics:
[2024-10-04 05:49:36,825][INFO][clas_evaluator:132] - dataset: earlystopping, avg f1-score: 0.4287
[2024-10-04 05:49:36,869][INFO][base_model:51] - snapshot saved to XXX/frequency-pretraining/models/exp005c-m45-base_fe_clas-2024-10-04_03-09-39-final.pth
[2024-10-04 05:50:41,527][INFO][clas_trainer:133] - train epoch: 2 [13824/138600 (10%)], lr: ['1.00e-04', '1.00e-04'], loss: 0.140322
[2024-10-04 05:51:48,197][INFO][clas_trainer:133] - train epoch: 2 [27680/138600 (20%)], lr: ['1.00e-04', '1.00e-04'], loss: 0.144386
[2024-10-04 05:52:55,772][INFO][clas_trainer:133] - train epoch: 2 [41536/138600 (30%)], lr: ['1.00e-04', '1.00e-04'], loss: 0.032708
[2024-10-04 05:54:01,330][INFO][clas_trainer:133] - train epoch: 2 [55392/138600 (40%)], lr: ['1.00e-04', '1.00e-04'], loss: 0.034707
[2024-10-04 05:55:06,198][INFO][clas_trainer:133] - train epoch: 2 [69248/138600 (50%)], lr: ['1.00e-04', '1.00e-04'], loss: 0.019057
[2024-10-04 05:56:11,499][INFO][clas_trainer:133] - train epoch: 2 [83104/138600 (60%)], lr: ['1.00e-04', '1.00e-04'], loss: 0.000700
[2024-10-04 05:57:15,618][INFO][clas_trainer:133] - train epoch: 2 [96960/138600 (70%)], lr: ['1.00e-04', '1.00e-04'], loss: 0.004134
[2024-10-04 05:58:16,302][INFO][clas_trainer:133] - train epoch: 2 [110816/138600 (80%)], lr: ['1.00e-04', '1.00e-04'], loss: 0.007260
[2024-10-04 05:59:19,148][INFO][clas_trainer:133] - train epoch: 2 [124672/138600 (90%)], lr: ['1.00e-04', '1.00e-04'], loss: 0.001621
[2024-10-04 06:00:25,579][INFO][clas_trainer:133] - train epoch: 2 [138528/138600 (100%)], lr: ['1.00e-04', '1.00e-04'], loss: 0.014364
[2024-10-04 06:01:52,743][INFO][clas_trainer:63] - [epoch   2] execution time: 735.87s	metrics:
[2024-10-04 06:01:52,744][INFO][clas_evaluator:132] - dataset: earlystopping, avg f1-score: 0.4235
[2024-10-04 06:03:18,973][INFO][clas_trainer:133] - train epoch: 3 [13824/138600 (10%)], lr: ['1.00e-04', '1.00e-04'], loss: 0.040778
[2024-10-04 06:04:29,504][INFO][clas_trainer:133] - train epoch: 3 [27680/138600 (20%)], lr: ['1.00e-04', '1.00e-04'], loss: 0.016303
[2024-10-04 06:05:37,497][INFO][clas_trainer:133] - train epoch: 3 [41536/138600 (30%)], lr: ['1.00e-04', '1.00e-04'], loss: 0.004183
[2024-10-04 06:06:46,709][INFO][clas_trainer:133] - train epoch: 3 [55392/138600 (40%)], lr: ['1.00e-04', '1.00e-04'], loss: 0.003213
[2024-10-04 06:07:53,134][INFO][clas_trainer:133] - train epoch: 3 [69248/138600 (50%)], lr: ['1.00e-04', '1.00e-04'], loss: 0.000776
[2024-10-04 06:09:01,406][INFO][clas_trainer:133] - train epoch: 3 [83104/138600 (60%)], lr: ['1.00e-04', '1.00e-04'], loss: 0.001591
[2024-10-04 06:10:07,966][INFO][clas_trainer:133] - train epoch: 3 [96960/138600 (70%)], lr: ['1.00e-04', '1.00e-04'], loss: 0.036256
[2024-10-04 06:11:14,889][INFO][clas_trainer:133] - train epoch: 3 [110816/138600 (80%)], lr: ['1.00e-04', '1.00e-04'], loss: 0.006292
[2024-10-04 06:12:23,126][INFO][clas_trainer:133] - train epoch: 3 [124672/138600 (90%)], lr: ['1.00e-04', '1.00e-04'], loss: 0.006509
[2024-10-04 06:13:34,210][INFO][clas_trainer:133] - train epoch: 3 [138528/138600 (100%)], lr: ['1.00e-04', '1.00e-04'], loss: 0.000147
[2024-10-04 06:15:09,785][INFO][clas_trainer:63] - [epoch   3] execution time: 797.04s	metrics:
[2024-10-04 06:15:09,786][INFO][clas_evaluator:132] - dataset: earlystopping, avg f1-score: 0.4634
[2024-10-04 06:15:09,829][INFO][base_model:51] - snapshot saved to XXX/frequency-pretraining/models/exp005c-m45-base_fe_clas-2024-10-04_03-09-39-final.pth
[2024-10-04 06:16:25,883][INFO][clas_trainer:133] - train epoch: 4 [13824/138600 (10%)], lr: ['1.00e-04', '1.00e-04'], loss: 0.002437
[2024-10-04 06:17:36,892][INFO][clas_trainer:133] - train epoch: 4 [27680/138600 (20%)], lr: ['1.00e-04', '1.00e-04'], loss: 0.005792
[2024-10-04 06:18:42,889][INFO][clas_trainer:133] - train epoch: 4 [41536/138600 (30%)], lr: ['1.00e-04', '1.00e-04'], loss: 0.001795
[2024-10-04 06:19:48,157][INFO][clas_trainer:133] - train epoch: 4 [55392/138600 (40%)], lr: ['1.00e-04', '1.00e-04'], loss: 0.002510
[2024-10-04 06:20:54,465][INFO][clas_trainer:133] - train epoch: 4 [69248/138600 (50%)], lr: ['1.00e-04', '1.00e-04'], loss: 0.016015
[2024-10-04 06:21:59,601][INFO][clas_trainer:133] - train epoch: 4 [83104/138600 (60%)], lr: ['1.00e-04', '1.00e-04'], loss: 0.026097
[2024-10-04 06:23:03,688][INFO][clas_trainer:133] - train epoch: 4 [96960/138600 (70%)], lr: ['1.00e-04', '1.00e-04'], loss: 0.000389
[2024-10-04 06:24:12,116][INFO][clas_trainer:133] - train epoch: 4 [110816/138600 (80%)], lr: ['1.00e-04', '1.00e-04'], loss: 0.005244
[2024-10-04 06:25:21,007][INFO][clas_trainer:133] - train epoch: 4 [124672/138600 (90%)], lr: ['1.00e-04', '1.00e-04'], loss: 0.001632
[2024-10-04 06:26:30,155][INFO][clas_trainer:133] - train epoch: 4 [138528/138600 (100%)], lr: ['1.00e-04', '1.00e-04'], loss: 0.121701
[2024-10-04 06:27:57,338][INFO][clas_trainer:63] - [epoch   4] execution time: 767.51s	metrics:
[2024-10-04 06:27:57,339][INFO][clas_evaluator:132] - dataset: earlystopping, avg f1-score: 0.5229
[2024-10-04 06:27:57,383][INFO][base_model:51] - snapshot saved to XXX/frequency-pretraining/models/exp005c-m45-base_fe_clas-2024-10-04_03-09-39-final.pth
[2024-10-04 06:29:04,768][INFO][clas_trainer:133] - train epoch: 5 [13824/138600 (10%)], lr: ['1.00e-04', '1.00e-04'], loss: 0.216261
[2024-10-04 06:30:14,312][INFO][clas_trainer:133] - train epoch: 5 [27680/138600 (20%)], lr: ['1.00e-04', '1.00e-04'], loss: 0.002763
[2024-10-04 06:31:27,099][INFO][clas_trainer:133] - train epoch: 5 [41536/138600 (30%)], lr: ['1.00e-04', '1.00e-04'], loss: 0.001483
[2024-10-04 06:32:36,180][INFO][clas_trainer:133] - train epoch: 5 [55392/138600 (40%)], lr: ['1.00e-04', '1.00e-04'], loss: 0.004271
[2024-10-04 06:33:52,832][INFO][clas_trainer:133] - train epoch: 5 [69248/138600 (50%)], lr: ['1.00e-04', '1.00e-04'], loss: 0.000437
[2024-10-04 06:35:04,535][INFO][clas_trainer:133] - train epoch: 5 [83104/138600 (60%)], lr: ['1.00e-04', '1.00e-04'], loss: 0.003658
[2024-10-04 06:36:17,909][INFO][clas_trainer:133] - train epoch: 5 [96960/138600 (70%)], lr: ['1.00e-04', '1.00e-04'], loss: 0.002083
[2024-10-04 06:37:26,590][INFO][clas_trainer:133] - train epoch: 5 [110816/138600 (80%)], lr: ['1.00e-04', '1.00e-04'], loss: 0.005578
[2024-10-04 06:38:31,687][INFO][clas_trainer:133] - train epoch: 5 [124672/138600 (90%)], lr: ['1.00e-04', '1.00e-04'], loss: 0.000964
[2024-10-04 06:39:40,177][INFO][clas_trainer:133] - train epoch: 5 [138528/138600 (100%)], lr: ['1.00e-04', '1.00e-04'], loss: 0.000114
[2024-10-04 06:41:16,198][INFO][clas_trainer:63] - [epoch   5] execution time: 798.81s	metrics:
[2024-10-04 06:41:16,200][INFO][clas_evaluator:132] - dataset: earlystopping, avg f1-score: 0.5570
[2024-10-04 06:41:16,243][INFO][base_model:51] - snapshot saved to XXX/frequency-pretraining/models/exp005c-m45-base_fe_clas-2024-10-04_03-09-39-final.pth
[2024-10-04 06:42:34,484][INFO][clas_trainer:133] - train epoch: 6 [13824/138600 (10%)], lr: ['1.00e-04', '1.00e-04'], loss: 0.002184
[2024-10-04 06:43:49,751][INFO][clas_trainer:133] - train epoch: 6 [27680/138600 (20%)], lr: ['1.00e-04', '1.00e-04'], loss: 0.000500
[2024-10-04 06:45:01,486][INFO][clas_trainer:133] - train epoch: 6 [41536/138600 (30%)], lr: ['1.00e-04', '1.00e-04'], loss: 0.000341
[2024-10-04 06:46:09,317][INFO][clas_trainer:133] - train epoch: 6 [55392/138600 (40%)], lr: ['1.00e-04', '1.00e-04'], loss: 0.008521
[2024-10-04 06:47:14,771][INFO][clas_trainer:133] - train epoch: 6 [69248/138600 (50%)], lr: ['1.00e-04', '1.00e-04'], loss: 0.000156
[2024-10-04 06:48:24,788][INFO][clas_trainer:133] - train epoch: 6 [83104/138600 (60%)], lr: ['1.00e-04', '1.00e-04'], loss: 0.003347
[2024-10-04 06:49:28,058][INFO][clas_trainer:133] - train epoch: 6 [96960/138600 (70%)], lr: ['1.00e-04', '1.00e-04'], loss: 0.002023
[2024-10-04 06:50:29,240][INFO][clas_trainer:133] - train epoch: 6 [110816/138600 (80%)], lr: ['1.00e-04', '1.00e-04'], loss: 0.000502
[2024-10-04 06:51:30,541][INFO][clas_trainer:133] - train epoch: 6 [124672/138600 (90%)], lr: ['1.00e-04', '1.00e-04'], loss: 0.000623
[2024-10-04 06:52:35,709][INFO][clas_trainer:133] - train epoch: 6 [138528/138600 (100%)], lr: ['1.00e-04', '1.00e-04'], loss: 0.001296
[2024-10-04 06:54:08,466][INFO][clas_trainer:63] - [epoch   6] execution time: 772.22s	metrics:
[2024-10-04 06:54:08,467][INFO][clas_evaluator:132] - dataset: earlystopping, avg f1-score: 0.4595
[2024-10-04 06:55:20,220][INFO][clas_trainer:133] - train epoch: 7 [13824/138600 (10%)], lr: ['1.00e-04', '1.00e-04'], loss: 0.001111
[2024-10-04 06:56:29,648][INFO][clas_trainer:133] - train epoch: 7 [27680/138600 (20%)], lr: ['1.00e-04', '1.00e-04'], loss: 0.000463
[2024-10-04 06:57:39,181][INFO][clas_trainer:133] - train epoch: 7 [41536/138600 (30%)], lr: ['1.00e-04', '1.00e-04'], loss: 0.000321
[2024-10-04 06:58:53,114][INFO][clas_trainer:133] - train epoch: 7 [55392/138600 (40%)], lr: ['1.00e-04', '1.00e-04'], loss: 0.003255
[2024-10-04 07:00:09,202][INFO][clas_trainer:133] - train epoch: 7 [69248/138600 (50%)], lr: ['1.00e-04', '1.00e-04'], loss: 0.003114
[2024-10-04 07:01:12,842][INFO][clas_trainer:133] - train epoch: 7 [83104/138600 (60%)], lr: ['1.00e-04', '1.00e-04'], loss: 0.001147
[2024-10-04 07:02:16,476][INFO][clas_trainer:133] - train epoch: 7 [96960/138600 (70%)], lr: ['1.00e-04', '1.00e-04'], loss: 0.002333
[2024-10-04 07:03:19,373][INFO][clas_trainer:133] - train epoch: 7 [110816/138600 (80%)], lr: ['1.00e-04', '1.00e-04'], loss: 0.001764
[2024-10-04 07:04:24,553][INFO][clas_trainer:133] - train epoch: 7 [124672/138600 (90%)], lr: ['1.00e-04', '1.00e-04'], loss: 0.001002
[2024-10-04 07:05:29,068][INFO][clas_trainer:133] - train epoch: 7 [138528/138600 (100%)], lr: ['1.00e-04', '1.00e-04'], loss: 0.012654
[2024-10-04 07:06:52,742][INFO][clas_trainer:63] - [epoch   7] execution time: 764.27s	metrics:
[2024-10-04 07:06:52,742][INFO][clas_evaluator:132] - dataset: earlystopping, avg f1-score: 0.3874
[2024-10-04 07:08:00,537][INFO][clas_trainer:133] - train epoch: 8 [13824/138600 (10%)], lr: ['1.00e-04', '1.00e-04'], loss: 0.000440
[2024-10-04 07:09:07,849][INFO][clas_trainer:133] - train epoch: 8 [27680/138600 (20%)], lr: ['1.00e-04', '1.00e-04'], loss: 0.000441
[2024-10-04 07:10:14,923][INFO][clas_trainer:133] - train epoch: 8 [41536/138600 (30%)], lr: ['1.00e-04', '1.00e-04'], loss: 0.001055
[2024-10-04 07:11:23,110][INFO][clas_trainer:133] - train epoch: 8 [55392/138600 (40%)], lr: ['1.00e-04', '1.00e-04'], loss: 0.001140
[2024-10-04 07:12:28,397][INFO][clas_trainer:133] - train epoch: 8 [69248/138600 (50%)], lr: ['1.00e-04', '1.00e-04'], loss: 0.002435
[2024-10-04 07:13:32,517][INFO][clas_trainer:133] - train epoch: 8 [83104/138600 (60%)], lr: ['1.00e-04', '1.00e-04'], loss: 0.001252
[2024-10-04 07:14:34,985][INFO][clas_trainer:133] - train epoch: 8 [96960/138600 (70%)], lr: ['1.00e-04', '1.00e-04'], loss: 0.003264
[2024-10-04 07:15:37,856][INFO][clas_trainer:133] - train epoch: 8 [110816/138600 (80%)], lr: ['1.00e-04', '1.00e-04'], loss: 0.001924
[2024-10-04 07:16:42,329][INFO][clas_trainer:133] - train epoch: 8 [124672/138600 (90%)], lr: ['1.00e-04', '1.00e-04'], loss: 0.002621
[2024-10-04 07:17:49,993][INFO][clas_trainer:133] - train epoch: 8 [138528/138600 (100%)], lr: ['1.00e-04', '1.00e-04'], loss: 0.003741
[2024-10-04 07:19:17,753][INFO][clas_trainer:63] - [epoch   8] execution time: 745.01s	metrics:
[2024-10-04 07:19:17,754][INFO][clas_evaluator:132] - dataset: earlystopping, avg f1-score: 0.4233
[2024-10-04 07:20:29,408][INFO][clas_trainer:133] - train epoch: 9 [13824/138600 (10%)], lr: ['1.00e-04', '1.00e-04'], loss: 0.004098
[2024-10-04 07:21:37,986][INFO][clas_trainer:133] - train epoch: 9 [27680/138600 (20%)], lr: ['1.00e-04', '1.00e-04'], loss: 0.001035
[2024-10-04 07:22:44,168][INFO][clas_trainer:133] - train epoch: 9 [41536/138600 (30%)], lr: ['1.00e-04', '1.00e-04'], loss: 0.000511
[2024-10-04 07:23:47,612][INFO][clas_trainer:133] - train epoch: 9 [55392/138600 (40%)], lr: ['1.00e-04', '1.00e-04'], loss: 0.000991
[2024-10-04 07:24:51,589][INFO][clas_trainer:133] - train epoch: 9 [69248/138600 (50%)], lr: ['1.00e-04', '1.00e-04'], loss: 0.005585
[2024-10-04 07:25:57,806][INFO][clas_trainer:133] - train epoch: 9 [83104/138600 (60%)], lr: ['1.00e-04', '1.00e-04'], loss: 0.052313
[2024-10-04 07:27:02,742][INFO][clas_trainer:133] - train epoch: 9 [96960/138600 (70%)], lr: ['1.00e-04', '1.00e-04'], loss: 0.001195
[2024-10-04 07:28:05,840][INFO][clas_trainer:133] - train epoch: 9 [110816/138600 (80%)], lr: ['1.00e-04', '1.00e-04'], loss: 0.004165
[2024-10-04 07:29:11,038][INFO][clas_trainer:133] - train epoch: 9 [124672/138600 (90%)], lr: ['1.00e-04', '1.00e-04'], loss: 0.001790
[2024-10-04 07:30:13,939][INFO][clas_trainer:133] - train epoch: 9 [138528/138600 (100%)], lr: ['1.00e-04', '1.00e-04'], loss: 0.001101
[2024-10-04 07:31:42,118][INFO][clas_trainer:63] - [epoch   9] execution time: 744.36s	metrics:
[2024-10-04 07:31:42,119][INFO][clas_evaluator:132] - dataset: earlystopping, avg f1-score: 0.4763
[2024-10-04 07:32:49,440][INFO][clas_trainer:133] - train epoch: 10 [13824/138600 (10%)], lr: ['1.00e-04', '1.00e-04'], loss: 0.001169
[2024-10-04 07:33:55,353][INFO][clas_trainer:133] - train epoch: 10 [27680/138600 (20%)], lr: ['1.00e-04', '1.00e-04'], loss: 0.002939
[2024-10-04 07:35:01,512][INFO][clas_trainer:133] - train epoch: 10 [41536/138600 (30%)], lr: ['1.00e-04', '1.00e-04'], loss: 0.023944
[2024-10-04 07:36:07,053][INFO][clas_trainer:133] - train epoch: 10 [55392/138600 (40%)], lr: ['1.00e-04', '1.00e-04'], loss: 0.000854
[2024-10-04 07:37:12,178][INFO][clas_trainer:133] - train epoch: 10 [69248/138600 (50%)], lr: ['1.00e-04', '1.00e-04'], loss: 0.002057
[2024-10-04 07:38:16,873][INFO][clas_trainer:133] - train epoch: 10 [83104/138600 (60%)], lr: ['1.00e-04', '1.00e-04'], loss: 0.001760
[2024-10-04 07:39:21,632][INFO][clas_trainer:133] - train epoch: 10 [96960/138600 (70%)], lr: ['1.00e-04', '1.00e-04'], loss: 0.000959
[2024-10-04 07:40:26,554][INFO][clas_trainer:133] - train epoch: 10 [110816/138600 (80%)], lr: ['1.00e-04', '1.00e-04'], loss: 0.019961
[2024-10-04 07:41:30,340][INFO][clas_trainer:133] - train epoch: 10 [124672/138600 (90%)], lr: ['1.00e-04', '1.00e-04'], loss: 0.000927
[2024-10-04 07:42:35,416][INFO][clas_trainer:133] - train epoch: 10 [138528/138600 (100%)], lr: ['1.00e-04', '1.00e-04'], loss: 0.000770
[2024-10-04 07:44:03,655][INFO][clas_trainer:63] - [epoch  10] execution time: 741.54s	metrics:
[2024-10-04 07:44:03,656][INFO][clas_evaluator:132] - dataset: earlystopping, avg f1-score: 0.4261
[2024-10-04 07:45:09,415][INFO][clas_trainer:133] - train epoch: 11 [13824/138600 (10%)], lr: ['1.00e-04', '1.00e-04'], loss: 0.001711
[2024-10-04 07:46:11,579][INFO][clas_trainer:133] - train epoch: 11 [27680/138600 (20%)], lr: ['1.00e-04', '1.00e-04'], loss: 0.002104
[2024-10-04 07:47:10,600][INFO][clas_trainer:133] - train epoch: 11 [41536/138600 (30%)], lr: ['1.00e-04', '1.00e-04'], loss: 0.001503
[2024-10-04 07:48:10,056][INFO][clas_trainer:133] - train epoch: 11 [55392/138600 (40%)], lr: ['1.00e-04', '1.00e-04'], loss: 0.001424
[2024-10-04 07:49:09,417][INFO][clas_trainer:133] - train epoch: 11 [69248/138600 (50%)], lr: ['1.00e-04', '1.00e-04'], loss: 0.001092
[2024-10-04 07:50:09,676][INFO][clas_trainer:133] - train epoch: 11 [83104/138600 (60%)], lr: ['1.00e-04', '1.00e-04'], loss: 0.003062
[2024-10-04 07:51:10,198][INFO][clas_trainer:133] - train epoch: 11 [96960/138600 (70%)], lr: ['1.00e-04', '1.00e-04'], loss: 0.000879
[2024-10-04 07:52:10,785][INFO][clas_trainer:133] - train epoch: 11 [110816/138600 (80%)], lr: ['1.00e-04', '1.00e-04'], loss: 0.002843
[2024-10-04 07:53:13,751][INFO][clas_trainer:133] - train epoch: 11 [124672/138600 (90%)], lr: ['1.00e-04', '1.00e-04'], loss: 0.000909
[2024-10-04 07:54:17,065][INFO][clas_trainer:133] - train epoch: 11 [138528/138600 (100%)], lr: ['1.00e-04', '1.00e-04'], loss: 0.136378
[2024-10-04 07:55:43,995][INFO][clas_trainer:63] - [epoch  11] execution time: 700.34s	metrics:
[2024-10-04 07:55:43,996][INFO][clas_evaluator:132] - dataset: earlystopping, avg f1-score: 0.4794
[2024-10-04 07:56:50,066][INFO][clas_trainer:133] - train epoch: 12 [13824/138600 (10%)], lr: ['1.00e-04', '1.00e-04'], loss: 0.001936
[2024-10-04 07:57:56,829][INFO][clas_trainer:133] - train epoch: 12 [27680/138600 (20%)], lr: ['1.00e-04', '1.00e-04'], loss: 0.000629
[2024-10-04 07:59:00,786][INFO][clas_trainer:133] - train epoch: 12 [41536/138600 (30%)], lr: ['1.00e-04', '1.00e-04'], loss: 0.002805
[2024-10-04 08:00:04,447][INFO][clas_trainer:133] - train epoch: 12 [55392/138600 (40%)], lr: ['1.00e-04', '1.00e-04'], loss: 0.001758
[2024-10-04 08:01:09,540][INFO][clas_trainer:133] - train epoch: 12 [69248/138600 (50%)], lr: ['1.00e-04', '1.00e-04'], loss: 0.004606
[2024-10-04 08:02:14,999][INFO][clas_trainer:133] - train epoch: 12 [83104/138600 (60%)], lr: ['1.00e-04', '1.00e-04'], loss: 0.001553
[2024-10-04 08:03:19,224][INFO][clas_trainer:133] - train epoch: 12 [96960/138600 (70%)], lr: ['1.00e-04', '1.00e-04'], loss: 0.011498
[2024-10-04 08:04:25,404][INFO][clas_trainer:133] - train epoch: 12 [110816/138600 (80%)], lr: ['1.00e-04', '1.00e-04'], loss: 0.001649
[2024-10-04 08:05:36,876][INFO][clas_trainer:133] - train epoch: 12 [124672/138600 (90%)], lr: ['1.00e-04', '1.00e-04'], loss: 0.000583
[2024-10-04 08:06:42,927][INFO][clas_trainer:133] - train epoch: 12 [138528/138600 (100%)], lr: ['1.00e-04', '1.00e-04'], loss: 0.003069
[2024-10-04 08:08:12,715][INFO][clas_trainer:63] - [epoch  12] execution time: 748.72s	metrics:
[2024-10-04 08:08:12,715][INFO][clas_evaluator:132] - dataset: earlystopping, avg f1-score: 0.4692
[2024-10-04 08:09:17,750][INFO][clas_trainer:133] - train epoch: 13 [13824/138600 (10%)], lr: ['1.00e-04', '1.00e-04'], loss: 0.001350
[2024-10-04 08:10:24,100][INFO][clas_trainer:133] - train epoch: 13 [27680/138600 (20%)], lr: ['1.00e-04', '1.00e-04'], loss: 0.001193
[2024-10-04 08:11:30,171][INFO][clas_trainer:133] - train epoch: 13 [41536/138600 (30%)], lr: ['1.00e-04', '1.00e-04'], loss: 0.000313
[2024-10-04 08:12:35,952][INFO][clas_trainer:133] - train epoch: 13 [55392/138600 (40%)], lr: ['1.00e-04', '1.00e-04'], loss: 0.004013
[2024-10-04 08:13:39,716][INFO][clas_trainer:133] - train epoch: 13 [69248/138600 (50%)], lr: ['1.00e-04', '1.00e-04'], loss: 0.000903
[2024-10-04 08:14:46,431][INFO][clas_trainer:133] - train epoch: 13 [83104/138600 (60%)], lr: ['1.00e-04', '1.00e-04'], loss: 0.001026
[2024-10-04 08:15:50,236][INFO][clas_trainer:133] - train epoch: 13 [96960/138600 (70%)], lr: ['1.00e-04', '1.00e-04'], loss: 0.001331
[2024-10-04 08:16:55,270][INFO][clas_trainer:133] - train epoch: 13 [110816/138600 (80%)], lr: ['1.00e-04', '1.00e-04'], loss: 0.001639
[2024-10-04 08:17:57,427][INFO][clas_trainer:133] - train epoch: 13 [124672/138600 (90%)], lr: ['1.00e-04', '1.00e-04'], loss: 0.004999
[2024-10-04 08:19:03,781][INFO][clas_trainer:133] - train epoch: 13 [138528/138600 (100%)], lr: ['1.00e-04', '1.00e-04'], loss: 0.001534
[2024-10-04 08:20:31,360][INFO][clas_trainer:63] - [epoch  13] execution time: 738.64s	metrics:
[2024-10-04 08:20:31,361][INFO][clas_evaluator:132] - dataset: earlystopping, avg f1-score: 0.5284
[2024-10-04 08:21:34,354][INFO][clas_trainer:133] - train epoch: 14 [13824/138600 (10%)], lr: ['1.00e-04', '1.00e-04'], loss: 0.000521
[2024-10-04 08:22:37,007][INFO][clas_trainer:133] - train epoch: 14 [27680/138600 (20%)], lr: ['1.00e-04', '1.00e-04'], loss: 0.000447
[2024-10-04 08:23:41,224][INFO][clas_trainer:133] - train epoch: 14 [41536/138600 (30%)], lr: ['1.00e-04', '1.00e-04'], loss: 0.000721
[2024-10-04 08:24:45,929][INFO][clas_trainer:133] - train epoch: 14 [55392/138600 (40%)], lr: ['1.00e-04', '1.00e-04'], loss: 0.001238
[2024-10-04 08:25:52,972][INFO][clas_trainer:133] - train epoch: 14 [69248/138600 (50%)], lr: ['1.00e-04', '1.00e-04'], loss: 0.000650
[2024-10-04 08:26:58,453][INFO][clas_trainer:133] - train epoch: 14 [83104/138600 (60%)], lr: ['1.00e-04', '1.00e-04'], loss: 0.004612
[2024-10-04 08:28:05,946][INFO][clas_trainer:133] - train epoch: 14 [96960/138600 (70%)], lr: ['1.00e-04', '1.00e-04'], loss: 0.000647
[2024-10-04 08:29:11,803][INFO][clas_trainer:133] - train epoch: 14 [110816/138600 (80%)], lr: ['1.00e-04', '1.00e-04'], loss: 0.001784
[2024-10-04 08:30:19,526][INFO][clas_trainer:133] - train epoch: 14 [124672/138600 (90%)], lr: ['1.00e-04', '1.00e-04'], loss: 0.008543
[2024-10-04 08:31:32,263][INFO][clas_trainer:133] - train epoch: 14 [138528/138600 (100%)], lr: ['1.00e-04', '1.00e-04'], loss: 0.000624
[2024-10-04 08:33:03,200][INFO][clas_trainer:63] - [epoch  14] execution time: 751.84s	metrics:
[2024-10-04 08:33:03,201][INFO][clas_evaluator:132] - dataset: earlystopping, avg f1-score: 0.5237
[2024-10-04 08:34:13,142][INFO][clas_trainer:133] - train epoch: 15 [13824/138600 (10%)], lr: ['1.00e-04', '1.00e-04'], loss: 0.001600
[2024-10-04 08:35:24,534][INFO][clas_trainer:133] - train epoch: 15 [27680/138600 (20%)], lr: ['1.00e-04', '1.00e-04'], loss: 0.002175
[2024-10-04 08:36:34,623][INFO][clas_trainer:133] - train epoch: 15 [41536/138600 (30%)], lr: ['1.00e-04', '1.00e-04'], loss: 0.001239
[2024-10-04 08:37:43,732][INFO][clas_trainer:133] - train epoch: 15 [55392/138600 (40%)], lr: ['1.00e-04', '1.00e-04'], loss: 0.001871
[2024-10-04 08:38:54,162][INFO][clas_trainer:133] - train epoch: 15 [69248/138600 (50%)], lr: ['1.00e-04', '1.00e-04'], loss: 0.006862
[2024-10-04 08:40:03,616][INFO][clas_trainer:133] - train epoch: 15 [83104/138600 (60%)], lr: ['1.00e-04', '1.00e-04'], loss: 0.000827
[2024-10-04 08:41:12,696][INFO][clas_trainer:133] - train epoch: 15 [96960/138600 (70%)], lr: ['1.00e-04', '1.00e-04'], loss: 0.002642
[2024-10-04 08:42:09,828][INFO][clas_trainer:133] - train epoch: 15 [110816/138600 (80%)], lr: ['1.00e-04', '1.00e-04'], loss: 0.001149
[2024-10-04 08:43:05,311][INFO][clas_trainer:133] - train epoch: 15 [124672/138600 (90%)], lr: ['1.00e-04', '1.00e-04'], loss: 0.001451
[2024-10-04 08:44:19,426][INFO][clas_trainer:133] - train epoch: 15 [138528/138600 (100%)], lr: ['1.00e-04', '1.00e-04'], loss: 0.001097
[2024-10-04 08:45:57,767][INFO][clas_trainer:63] - [epoch  15] execution time: 774.57s	metrics:
[2024-10-04 08:45:57,768][INFO][clas_evaluator:132] - dataset: earlystopping, avg f1-score: 0.4397
[2024-10-04 08:45:57,775][INFO][clas_trainer:79] - finished training
[2024-10-04 08:45:57,775][INFO][clas_trainer:80] - best model on epoch: 5 	f1-score: 0.5570
