[2023-10-13 21:05:10,312][INFO][train_downstream:29] - overrides:
hydra:
- hydra.mode=MULTIRUN
task:
- m_seed_path_sids={seeds:[9,9,9,9,9],path:"exp001b-m9-simple_multi_class-2023-10-12_18-34-48-final.pth",subject_ids:{dod_o_h:$\{data.dod_o_h.cv_5_fold.fold_5\}}}
- data.downstream.train_dataloader.dataset.data_reducer.n_subjects=56

[2023-10-13 21:05:13,606][INFO][data_loaders:39] - class distribution before data reduction:
# samples per subject
02fb158a-a658-51ee-89cf-1e1dc2ebfde1: 861
03341d0d-5927-5838-8a5f-1b8ef39d8f57: 1063
039ce8ad-a7fa-5272-a3e3-1f4bfebdd087: 915
095d6e40-5f19-55b6-a0ec-6e0ad3793da0: 1192
0d79f4b1-e74f-5e87-8e42-f9dd7112ada5: 968
100df108-eb57-5eaa-a413-f7e4436a7895: 952
14c012bd-65b0-56f5-bc74-2dffcea69837: 969
16450f5a-9b65-5536-85e1-93816c8b89eb: 816
18482adf-1144-54ca-9e35-27f65c43a105: 824
18ede714-aba3-5ad8-bb1a-18fc9b1c4192: 995
1da3544e-dc5c-5795-adc3-f5068959211f: 955
2159377e-ebf3-5565-9014-1e2ae69dc1d2: 907
2e865ca9-e20f-5a6f-bd25-45d28cc9eab9: 950
32556393-bb57-560a-99e8-e09885219647: 1106
37d0da97-9ae8-5413-b889-4e843ff35488: 1011
3dd35e7b-d7e2-516d-8a85-e0d58a59569f: 1093
3e842aa8-bcd9-521e-93a2-72124233fe2c: 620
40e25dd4-6087-5747-b9c2-4838ada86b15: 1076
47f45aa2-31c4-595b-bdb6-f1348bba062b: 1032
4b72b905-5521-5c57-b666-e20ff9bb195f: 868
4e3c4ac4-69e2-5347-a3b0-662c204d259d: 926
5b94ec8a-c34d-5e45-84d1-bec2ea965609: 1090
5bf0f969-304c-581e-949c-50c108f62846: 947
67fa8e29-6f4d-530e-9422-bbc3aca86ed0: 1046
6e2aa933-c51c-5a31-8c7b-83da8d076a12: 905
730aba3b-e310-5be0-9eed-7c3123466834: 1120
742f1592-627c-54eb-bbb5-ccd55ffae33a: 975
769df255-2284-50b3-8917-2155c759fbbd: 929
79e8a04e-0fdd-53ae-bedc-d49d08e29103: 918
7d778801-88e7-5086-ad1d-70f31a371876: 999
83c1394e-9c69-5c11-9102-9ff8d59b1cfd: 1011
844f68ba-265e-53e6-bf47-6c85d1804a7b: 957
90aef91a-252f-5ccc-a82e-78ea7ee9ca1f: 1089
a0c91989-530f-5117-80c1-2488dbed683c: 1017
a25b2296-343b-53f6-8792-ada2669d466e: 1008
a6254c8a-f1b2-5736-b601-18245dd5e0a5: 1084
a65a9e69-cddf-5711-9a97-de8bfdeb08cc: 961
a79d1f0e-c133-5aa0-8268-cdcc05825f0f: 1046
aa160c78-6da3-5e05-8fc9-d6c13e9f97e0: 1010
aadc9e0c-b7c3-5a47-851d-f21971d10935: 969
ad47bc12-199c-5294-9cb8-4351bbbf7b5e: 893
b2d3ccdd-395c-5dd2-81d9-252bcfc0c337: 902
b3706da5-748b-5dd1-a552-f57e4456cdf6: 1041
b5d5785d-87ee-5078-b9b9-aac6abd4d8de: 918
bb474ab0-c2ce-573b-8acd-ef86b0fa26a2: 1142
c03e27b0-4cb5-584f-aaea-8f1e1ed6513c: 1121
c11c730f-0b6b-580b-af31-d8f0ebbbdfce: 917
c31a47f9-e400-5841-a22b-521c81042603: 986
c8110476-594c-533d-95bd-86147fccc987: 995
c985916d-46a5-5c3e-9d50-a5a91f460bac: 1024
cebd3520-4e77-5222-a614-d2888e6afc2b: 1109
d5181c33-a43b-5dfe-8ad7-0337facb092a: 977
e59c45e0-0c0c-565f-84a9-6cf0ec5ef6c1: 844
e6b7cbef-4c9d-5541-82e8-04810de0fb60: 819
e8ec8ec4-dc48-50ce-985a-a06d87861030: 975
eb95076c-c470-56a4-b788-ace310f061c6: 965

# samples per stage
0: 9856
1: 3075
2: 26718
3: 5997
4: 9162
[2023-10-13 21:05:13,769][INFO][data_loaders:43] - class distribution after data reduction:
# samples per subject
02fb158a-a658-51ee-89cf-1e1dc2ebfde1: 861
03341d0d-5927-5838-8a5f-1b8ef39d8f57: 1063
039ce8ad-a7fa-5272-a3e3-1f4bfebdd087: 915
095d6e40-5f19-55b6-a0ec-6e0ad3793da0: 1192
0d79f4b1-e74f-5e87-8e42-f9dd7112ada5: 968
100df108-eb57-5eaa-a413-f7e4436a7895: 952
14c012bd-65b0-56f5-bc74-2dffcea69837: 969
16450f5a-9b65-5536-85e1-93816c8b89eb: 816
18482adf-1144-54ca-9e35-27f65c43a105: 824
18ede714-aba3-5ad8-bb1a-18fc9b1c4192: 995
1da3544e-dc5c-5795-adc3-f5068959211f: 955
2159377e-ebf3-5565-9014-1e2ae69dc1d2: 907
2e865ca9-e20f-5a6f-bd25-45d28cc9eab9: 950
32556393-bb57-560a-99e8-e09885219647: 1106
37d0da97-9ae8-5413-b889-4e843ff35488: 1011
3dd35e7b-d7e2-516d-8a85-e0d58a59569f: 1093
3e842aa8-bcd9-521e-93a2-72124233fe2c: 620
40e25dd4-6087-5747-b9c2-4838ada86b15: 1076
47f45aa2-31c4-595b-bdb6-f1348bba062b: 1032
4b72b905-5521-5c57-b666-e20ff9bb195f: 868
4e3c4ac4-69e2-5347-a3b0-662c204d259d: 926
5b94ec8a-c34d-5e45-84d1-bec2ea965609: 1090
5bf0f969-304c-581e-949c-50c108f62846: 947
67fa8e29-6f4d-530e-9422-bbc3aca86ed0: 1046
6e2aa933-c51c-5a31-8c7b-83da8d076a12: 905
730aba3b-e310-5be0-9eed-7c3123466834: 1120
742f1592-627c-54eb-bbb5-ccd55ffae33a: 975
769df255-2284-50b3-8917-2155c759fbbd: 929
79e8a04e-0fdd-53ae-bedc-d49d08e29103: 918
7d778801-88e7-5086-ad1d-70f31a371876: 999
83c1394e-9c69-5c11-9102-9ff8d59b1cfd: 1011
844f68ba-265e-53e6-bf47-6c85d1804a7b: 957
90aef91a-252f-5ccc-a82e-78ea7ee9ca1f: 1089
a0c91989-530f-5117-80c1-2488dbed683c: 1017
a25b2296-343b-53f6-8792-ada2669d466e: 1008
a6254c8a-f1b2-5736-b601-18245dd5e0a5: 1084
a65a9e69-cddf-5711-9a97-de8bfdeb08cc: 961
a79d1f0e-c133-5aa0-8268-cdcc05825f0f: 1046
aa160c78-6da3-5e05-8fc9-d6c13e9f97e0: 1010
aadc9e0c-b7c3-5a47-851d-f21971d10935: 969
ad47bc12-199c-5294-9cb8-4351bbbf7b5e: 893
b2d3ccdd-395c-5dd2-81d9-252bcfc0c337: 902
b3706da5-748b-5dd1-a552-f57e4456cdf6: 1041
b5d5785d-87ee-5078-b9b9-aac6abd4d8de: 918
bb474ab0-c2ce-573b-8acd-ef86b0fa26a2: 1142
c03e27b0-4cb5-584f-aaea-8f1e1ed6513c: 1121
c11c730f-0b6b-580b-af31-d8f0ebbbdfce: 917
c31a47f9-e400-5841-a22b-521c81042603: 986
c8110476-594c-533d-95bd-86147fccc987: 995
c985916d-46a5-5c3e-9d50-a5a91f460bac: 1024
cebd3520-4e77-5222-a614-d2888e6afc2b: 1109
d5181c33-a43b-5dfe-8ad7-0337facb092a: 977
e59c45e0-0c0c-565f-84a9-6cf0ec5ef6c1: 844
e6b7cbef-4c9d-5541-82e8-04810de0fb60: 819
e8ec8ec4-dc48-50ce-985a-a06d87861030: 975
eb95076c-c470-56a4-b788-ace310f061c6: 965

# samples per stage
0: 9856
1: 3075
2: 26718
3: 5997
4: 9162
[2023-10-13 21:05:14,371][INFO][data_loaders:39] - class distribution before data reduction:
# samples per subject
0416d51f-5d69-5326-b74a-a2e31a96a1ef: 822
1fa6c401-d819-50f5-8146-a0bb9e2b2516: 986
22bea84c-5d23-5e49-bc2d-9764f883955b: 1048
25a6b2b0-4d09-561b-82c6-f09bb271d3be: 1063
a30245e3-4a71-565f-9636-92e7d2e825fc: 1122
a4568951-bf87-5bbc-bc4f-28e93c360be6: 975
b3534fa3-7676-50dc-8412-07f0eff4f7a9: 757
fc10ee0b-b863-511b-bce8-4dfa7af8ac3a: 910

# samples per stage
0: 1458
1: 408
2: 3702
3: 1050
4: 1065
[2023-10-13 21:05:14,394][INFO][data_loaders:43] - class distribution after data reduction:
# samples per subject
0416d51f-5d69-5326-b74a-a2e31a96a1ef: 822
1fa6c401-d819-50f5-8146-a0bb9e2b2516: 986
22bea84c-5d23-5e49-bc2d-9764f883955b: 1048
25a6b2b0-4d09-561b-82c6-f09bb271d3be: 1063
a30245e3-4a71-565f-9636-92e7d2e825fc: 1122
a4568951-bf87-5bbc-bc4f-28e93c360be6: 975
b3534fa3-7676-50dc-8412-07f0eff4f7a9: 757
fc10ee0b-b863-511b-bce8-4dfa7af8ac3a: 910

# samples per stage
0: 1458
1: 408
2: 3702
3: 1050
4: 1065
[2023-10-13 21:05:14,407][INFO][clas_trainer:49] - metrics before training (epoch 0):
[2023-10-13 21:05:35,134][INFO][clas_evaluator:99] - dataset: earlystopping, avg f1-score: 0.0657
[2023-10-13 21:05:49,352][INFO][clas_trainer:133] - train epoch: 1 [5440/54808 (10%)], lr: ['1.00e-04'], loss: 1.325325
[2023-10-13 21:06:03,524][INFO][clas_trainer:133] - train epoch: 1 [10912/54808 (20%)], lr: ['1.00e-04'], loss: 1.249258
[2023-10-13 21:06:17,549][INFO][clas_trainer:133] - train epoch: 1 [16384/54808 (30%)], lr: ['1.00e-04'], loss: 1.047649
[2023-10-13 21:06:30,887][INFO][clas_trainer:133] - train epoch: 1 [21856/54808 (40%)], lr: ['1.00e-04'], loss: 1.135696
[2023-10-13 21:06:44,625][INFO][clas_trainer:133] - train epoch: 1 [27328/54808 (50%)], lr: ['1.00e-04'], loss: 1.250093
[2023-10-13 21:06:58,668][INFO][clas_trainer:133] - train epoch: 1 [32800/54808 (60%)], lr: ['1.00e-04'], loss: 0.805254
[2023-10-13 21:07:11,545][INFO][clas_trainer:133] - train epoch: 1 [38272/54808 (70%)], lr: ['1.00e-04'], loss: 1.033936
[2023-10-13 21:07:24,589][INFO][clas_trainer:133] - train epoch: 1 [43744/54808 (80%)], lr: ['1.00e-04'], loss: 1.042454
[2023-10-13 21:07:37,799][INFO][clas_trainer:133] - train epoch: 1 [49216/54808 (90%)], lr: ['1.00e-04'], loss: 0.949428
[2023-10-13 21:07:51,038][INFO][clas_trainer:133] - train epoch: 1 [54688/54808 (100%)], lr: ['1.00e-04'], loss: 0.871811
[2023-10-13 21:08:09,793][INFO][clas_trainer:63] - [epoch   1] execution time: 154.66s	metrics:
[2023-10-13 21:08:09,794][INFO][clas_evaluator:99] - dataset: earlystopping, avg f1-score: 0.4978
[2023-10-13 21:08:09,859][INFO][base_model:51] - snapshot saved to /home/ngr/repos/sleep_freq-pretraining/models/exp001d-m54-base_fe_clas-2023-10-13_16-19-02-final.pth
[2023-10-13 21:08:24,103][INFO][clas_trainer:133] - train epoch: 2 [5440/54808 (10%)], lr: ['1.00e-04'], loss: 0.861648
[2023-10-13 21:08:37,805][INFO][clas_trainer:133] - train epoch: 2 [10912/54808 (20%)], lr: ['1.00e-04'], loss: 1.262833
[2023-10-13 21:08:51,451][INFO][clas_trainer:133] - train epoch: 2 [16384/54808 (30%)], lr: ['1.00e-04'], loss: 0.910896
[2023-10-13 21:09:04,381][INFO][clas_trainer:133] - train epoch: 2 [21856/54808 (40%)], lr: ['1.00e-04'], loss: 0.705041
[2023-10-13 21:09:17,875][INFO][clas_trainer:133] - train epoch: 2 [27328/54808 (50%)], lr: ['1.00e-04'], loss: 1.208487
[2023-10-13 21:09:30,650][INFO][clas_trainer:133] - train epoch: 2 [32800/54808 (60%)], lr: ['1.00e-04'], loss: 0.977950
[2023-10-13 21:09:43,629][INFO][clas_trainer:133] - train epoch: 2 [38272/54808 (70%)], lr: ['1.00e-04'], loss: 0.693400
[2023-10-13 21:09:57,056][INFO][clas_trainer:133] - train epoch: 2 [43744/54808 (80%)], lr: ['1.00e-04'], loss: 0.816910
[2023-10-13 21:10:10,930][INFO][clas_trainer:133] - train epoch: 2 [49216/54808 (90%)], lr: ['1.00e-04'], loss: 0.956481
[2023-10-13 21:10:25,482][INFO][clas_trainer:133] - train epoch: 2 [54688/54808 (100%)], lr: ['1.00e-04'], loss: 0.592777
[2023-10-13 21:10:43,617][INFO][clas_trainer:63] - [epoch   2] execution time: 153.76s	metrics:
[2023-10-13 21:10:43,617][INFO][clas_evaluator:99] - dataset: earlystopping, avg f1-score: 0.5543
[2023-10-13 21:10:43,679][INFO][base_model:51] - snapshot saved to /home/ngr/repos/sleep_freq-pretraining/models/exp001d-m54-base_fe_clas-2023-10-13_16-19-02-final.pth
[2023-10-13 21:10:58,380][INFO][clas_trainer:133] - train epoch: 3 [5440/54808 (10%)], lr: ['1.00e-04'], loss: 0.890983
[2023-10-13 21:11:11,535][INFO][clas_trainer:133] - train epoch: 3 [10912/54808 (20%)], lr: ['1.00e-04'], loss: 0.636118
[2023-10-13 21:11:24,246][INFO][clas_trainer:133] - train epoch: 3 [16384/54808 (30%)], lr: ['1.00e-04'], loss: 0.484677
[2023-10-13 21:11:37,252][INFO][clas_trainer:133] - train epoch: 3 [21856/54808 (40%)], lr: ['1.00e-04'], loss: 0.621033
[2023-10-13 21:11:50,481][INFO][clas_trainer:133] - train epoch: 3 [27328/54808 (50%)], lr: ['1.00e-04'], loss: 0.656782
[2023-10-13 21:12:04,690][INFO][clas_trainer:133] - train epoch: 3 [32800/54808 (60%)], lr: ['1.00e-04'], loss: 0.649489
[2023-10-13 21:12:17,394][INFO][clas_trainer:133] - train epoch: 3 [38272/54808 (70%)], lr: ['1.00e-04'], loss: 0.752429
[2023-10-13 21:12:31,238][INFO][clas_trainer:133] - train epoch: 3 [43744/54808 (80%)], lr: ['1.00e-04'], loss: 0.701451
[2023-10-13 21:12:45,008][INFO][clas_trainer:133] - train epoch: 3 [49216/54808 (90%)], lr: ['1.00e-04'], loss: 0.563711
[2023-10-13 21:12:57,850][INFO][clas_trainer:133] - train epoch: 3 [54688/54808 (100%)], lr: ['1.00e-04'], loss: 0.592407
[2023-10-13 21:13:16,705][INFO][clas_trainer:63] - [epoch   3] execution time: 153.03s	metrics:
[2023-10-13 21:13:16,706][INFO][clas_evaluator:99] - dataset: earlystopping, avg f1-score: 0.5636
[2023-10-13 21:13:16,773][INFO][base_model:51] - snapshot saved to /home/ngr/repos/sleep_freq-pretraining/models/exp001d-m54-base_fe_clas-2023-10-13_16-19-02-final.pth
[2023-10-13 21:13:30,465][INFO][clas_trainer:133] - train epoch: 4 [5440/54808 (10%)], lr: ['1.00e-04'], loss: 0.829462
[2023-10-13 21:13:44,630][INFO][clas_trainer:133] - train epoch: 4 [10912/54808 (20%)], lr: ['1.00e-04'], loss: 0.594909
[2023-10-13 21:13:57,604][INFO][clas_trainer:133] - train epoch: 4 [16384/54808 (30%)], lr: ['1.00e-04'], loss: 0.494008
[2023-10-13 21:14:11,575][INFO][clas_trainer:133] - train epoch: 4 [21856/54808 (40%)], lr: ['1.00e-04'], loss: 0.857286
[2023-10-13 21:14:25,868][INFO][clas_trainer:133] - train epoch: 4 [27328/54808 (50%)], lr: ['1.00e-04'], loss: 0.604011
[2023-10-13 21:14:38,444][INFO][clas_trainer:133] - train epoch: 4 [32800/54808 (60%)], lr: ['1.00e-04'], loss: 1.077667
[2023-10-13 21:14:52,216][INFO][clas_trainer:133] - train epoch: 4 [38272/54808 (70%)], lr: ['1.00e-04'], loss: 0.733982
[2023-10-13 21:15:06,163][INFO][clas_trainer:133] - train epoch: 4 [43744/54808 (80%)], lr: ['1.00e-04'], loss: 1.075011
[2023-10-13 21:15:19,669][INFO][clas_trainer:133] - train epoch: 4 [49216/54808 (90%)], lr: ['1.00e-04'], loss: 0.943768
[2023-10-13 21:15:33,515][INFO][clas_trainer:133] - train epoch: 4 [54688/54808 (100%)], lr: ['1.00e-04'], loss: 0.624293
[2023-10-13 21:15:52,195][INFO][clas_trainer:63] - [epoch   4] execution time: 155.42s	metrics:
[2023-10-13 21:15:52,196][INFO][clas_evaluator:99] - dataset: earlystopping, avg f1-score: 0.5627
[2023-10-13 21:16:06,896][INFO][clas_trainer:133] - train epoch: 5 [5440/54808 (10%)], lr: ['1.00e-04'], loss: 0.664185
[2023-10-13 21:16:20,417][INFO][clas_trainer:133] - train epoch: 5 [10912/54808 (20%)], lr: ['1.00e-04'], loss: 0.594649
[2023-10-13 21:16:34,314][INFO][clas_trainer:133] - train epoch: 5 [16384/54808 (30%)], lr: ['1.00e-04'], loss: 0.662617
[2023-10-13 21:16:47,876][INFO][clas_trainer:133] - train epoch: 5 [21856/54808 (40%)], lr: ['1.00e-04'], loss: 0.635047
[2023-10-13 21:17:01,343][INFO][clas_trainer:133] - train epoch: 5 [27328/54808 (50%)], lr: ['1.00e-04'], loss: 0.808520
[2023-10-13 21:17:15,062][INFO][clas_trainer:133] - train epoch: 5 [32800/54808 (60%)], lr: ['1.00e-04'], loss: 1.057621
[2023-10-13 21:17:28,520][INFO][clas_trainer:133] - train epoch: 5 [38272/54808 (70%)], lr: ['1.00e-04'], loss: 0.789000
[2023-10-13 21:17:41,467][INFO][clas_trainer:133] - train epoch: 5 [43744/54808 (80%)], lr: ['1.00e-04'], loss: 0.408195
[2023-10-13 21:17:55,626][INFO][clas_trainer:133] - train epoch: 5 [49216/54808 (90%)], lr: ['1.00e-04'], loss: 0.658095
[2023-10-13 21:18:09,440][INFO][clas_trainer:133] - train epoch: 5 [54688/54808 (100%)], lr: ['1.00e-04'], loss: 0.696016
[2023-10-13 21:18:30,057][INFO][clas_trainer:63] - [epoch   5] execution time: 157.86s	metrics:
[2023-10-13 21:18:30,057][INFO][clas_evaluator:99] - dataset: earlystopping, avg f1-score: 0.6054
[2023-10-13 21:18:30,117][INFO][base_model:51] - snapshot saved to /home/ngr/repos/sleep_freq-pretraining/models/exp001d-m54-base_fe_clas-2023-10-13_16-19-02-final.pth
[2023-10-13 21:18:44,379][INFO][clas_trainer:133] - train epoch: 6 [5440/54808 (10%)], lr: ['1.00e-04'], loss: 0.747230
[2023-10-13 21:18:57,607][INFO][clas_trainer:133] - train epoch: 6 [10912/54808 (20%)], lr: ['1.00e-04'], loss: 0.658906
[2023-10-13 21:19:11,108][INFO][clas_trainer:133] - train epoch: 6 [16384/54808 (30%)], lr: ['1.00e-04'], loss: 0.465382
[2023-10-13 21:19:25,114][INFO][clas_trainer:133] - train epoch: 6 [21856/54808 (40%)], lr: ['1.00e-04'], loss: 0.485609
[2023-10-13 21:19:39,005][INFO][clas_trainer:133] - train epoch: 6 [27328/54808 (50%)], lr: ['1.00e-04'], loss: 0.625627
[2023-10-13 21:19:53,417][INFO][clas_trainer:133] - train epoch: 6 [32800/54808 (60%)], lr: ['1.00e-04'], loss: 0.573442
[2023-10-13 21:20:07,977][INFO][clas_trainer:133] - train epoch: 6 [38272/54808 (70%)], lr: ['1.00e-04'], loss: 0.497892
[2023-10-13 21:20:21,838][INFO][clas_trainer:133] - train epoch: 6 [43744/54808 (80%)], lr: ['1.00e-04'], loss: 0.665375
[2023-10-13 21:20:35,415][INFO][clas_trainer:133] - train epoch: 6 [49216/54808 (90%)], lr: ['1.00e-04'], loss: 0.770770
[2023-10-13 21:20:50,150][INFO][clas_trainer:133] - train epoch: 6 [54688/54808 (100%)], lr: ['1.00e-04'], loss: 0.682204
[2023-10-13 21:21:09,277][INFO][clas_trainer:63] - [epoch   6] execution time: 159.16s	metrics:
[2023-10-13 21:21:09,278][INFO][clas_evaluator:99] - dataset: earlystopping, avg f1-score: 0.5703
[2023-10-13 21:21:23,220][INFO][clas_trainer:133] - train epoch: 7 [5440/54808 (10%)], lr: ['1.00e-04'], loss: 0.738145
[2023-10-13 21:21:37,657][INFO][clas_trainer:133] - train epoch: 7 [10912/54808 (20%)], lr: ['1.00e-04'], loss: 0.806349
[2023-10-13 21:21:51,511][INFO][clas_trainer:133] - train epoch: 7 [16384/54808 (30%)], lr: ['1.00e-04'], loss: 0.369741
[2023-10-13 21:22:05,051][INFO][clas_trainer:133] - train epoch: 7 [21856/54808 (40%)], lr: ['1.00e-04'], loss: 0.714645
[2023-10-13 21:22:18,946][INFO][clas_trainer:133] - train epoch: 7 [27328/54808 (50%)], lr: ['1.00e-04'], loss: 0.890023
[2023-10-13 21:22:32,661][INFO][clas_trainer:133] - train epoch: 7 [32800/54808 (60%)], lr: ['1.00e-04'], loss: 0.833661
[2023-10-13 21:22:46,766][INFO][clas_trainer:133] - train epoch: 7 [38272/54808 (70%)], lr: ['1.00e-04'], loss: 0.676907
[2023-10-13 21:23:00,872][INFO][clas_trainer:133] - train epoch: 7 [43744/54808 (80%)], lr: ['1.00e-04'], loss: 0.519318
[2023-10-13 21:23:15,156][INFO][clas_trainer:133] - train epoch: 7 [49216/54808 (90%)], lr: ['1.00e-04'], loss: 0.488773
[2023-10-13 21:23:28,469][INFO][clas_trainer:133] - train epoch: 7 [54688/54808 (100%)], lr: ['1.00e-04'], loss: 0.758244
[2023-10-13 21:23:48,219][INFO][clas_trainer:63] - [epoch   7] execution time: 158.94s	metrics:
[2023-10-13 21:23:48,219][INFO][clas_evaluator:99] - dataset: earlystopping, avg f1-score: 0.5750
[2023-10-13 21:24:02,501][INFO][clas_trainer:133] - train epoch: 8 [5440/54808 (10%)], lr: ['1.00e-04'], loss: 0.661546
[2023-10-13 21:24:16,792][INFO][clas_trainer:133] - train epoch: 8 [10912/54808 (20%)], lr: ['1.00e-04'], loss: 0.703857
[2023-10-13 21:24:29,957][INFO][clas_trainer:133] - train epoch: 8 [16384/54808 (30%)], lr: ['1.00e-04'], loss: 0.438113
[2023-10-13 21:24:43,534][INFO][clas_trainer:133] - train epoch: 8 [21856/54808 (40%)], lr: ['1.00e-04'], loss: 0.523006
[2023-10-13 21:24:57,589][INFO][clas_trainer:133] - train epoch: 8 [27328/54808 (50%)], lr: ['1.00e-04'], loss: 0.484043
[2023-10-13 21:25:12,225][INFO][clas_trainer:133] - train epoch: 8 [32800/54808 (60%)], lr: ['1.00e-04'], loss: 0.712261
[2023-10-13 21:25:26,730][INFO][clas_trainer:133] - train epoch: 8 [38272/54808 (70%)], lr: ['1.00e-04'], loss: 0.956427
[2023-10-13 21:25:39,981][INFO][clas_trainer:133] - train epoch: 8 [43744/54808 (80%)], lr: ['1.00e-04'], loss: 0.410609
[2023-10-13 21:25:54,091][INFO][clas_trainer:133] - train epoch: 8 [49216/54808 (90%)], lr: ['1.00e-04'], loss: 0.486402
[2023-10-13 21:26:07,631][INFO][clas_trainer:133] - train epoch: 8 [54688/54808 (100%)], lr: ['1.00e-04'], loss: 0.545799
[2023-10-13 21:26:28,488][INFO][clas_trainer:63] - [epoch   8] execution time: 160.27s	metrics:
[2023-10-13 21:26:28,488][INFO][clas_evaluator:99] - dataset: earlystopping, avg f1-score: 0.5898
[2023-10-13 21:26:42,731][INFO][clas_trainer:133] - train epoch: 9 [5440/54808 (10%)], lr: ['1.00e-04'], loss: 0.659641
[2023-10-13 21:26:56,501][INFO][clas_trainer:133] - train epoch: 9 [10912/54808 (20%)], lr: ['1.00e-04'], loss: 0.673041
[2023-10-13 21:27:10,577][INFO][clas_trainer:133] - train epoch: 9 [16384/54808 (30%)], lr: ['1.00e-04'], loss: 0.499191
[2023-10-13 21:27:24,268][INFO][clas_trainer:133] - train epoch: 9 [21856/54808 (40%)], lr: ['1.00e-04'], loss: 0.375029
[2023-10-13 21:27:38,198][INFO][clas_trainer:133] - train epoch: 9 [27328/54808 (50%)], lr: ['1.00e-04'], loss: 0.615323
[2023-10-13 21:27:52,464][INFO][clas_trainer:133] - train epoch: 9 [32800/54808 (60%)], lr: ['1.00e-04'], loss: 0.468799
[2023-10-13 21:28:06,315][INFO][clas_trainer:133] - train epoch: 9 [38272/54808 (70%)], lr: ['1.00e-04'], loss: 0.436677
[2023-10-13 21:28:20,259][INFO][clas_trainer:133] - train epoch: 9 [43744/54808 (80%)], lr: ['1.00e-04'], loss: 0.556197
[2023-10-13 21:28:33,827][INFO][clas_trainer:133] - train epoch: 9 [49216/54808 (90%)], lr: ['1.00e-04'], loss: 0.472793
[2023-10-13 21:28:46,118][INFO][clas_trainer:133] - train epoch: 9 [54688/54808 (100%)], lr: ['1.00e-04'], loss: 0.684229
[2023-10-13 21:29:05,307][INFO][clas_trainer:63] - [epoch   9] execution time: 156.82s	metrics:
[2023-10-13 21:29:05,307][INFO][clas_evaluator:99] - dataset: earlystopping, avg f1-score: 0.5872
[2023-10-13 21:29:19,972][INFO][clas_trainer:133] - train epoch: 10 [5440/54808 (10%)], lr: ['1.00e-04'], loss: 0.801395
[2023-10-13 21:29:34,059][INFO][clas_trainer:133] - train epoch: 10 [10912/54808 (20%)], lr: ['1.00e-04'], loss: 0.703752
[2023-10-13 21:29:47,157][INFO][clas_trainer:133] - train epoch: 10 [16384/54808 (30%)], lr: ['1.00e-04'], loss: 0.546467
[2023-10-13 21:30:01,162][INFO][clas_trainer:133] - train epoch: 10 [21856/54808 (40%)], lr: ['1.00e-04'], loss: 0.859410
[2023-10-13 21:30:15,353][INFO][clas_trainer:133] - train epoch: 10 [27328/54808 (50%)], lr: ['1.00e-04'], loss: 0.614671
[2023-10-13 21:30:29,544][INFO][clas_trainer:133] - train epoch: 10 [32800/54808 (60%)], lr: ['1.00e-04'], loss: 0.685529
[2023-10-13 21:30:42,602][INFO][clas_trainer:133] - train epoch: 10 [38272/54808 (70%)], lr: ['1.00e-04'], loss: 0.464863
[2023-10-13 21:30:56,598][INFO][clas_trainer:133] - train epoch: 10 [43744/54808 (80%)], lr: ['1.00e-04'], loss: 0.780347
[2023-10-13 21:31:08,918][INFO][clas_trainer:133] - train epoch: 10 [49216/54808 (90%)], lr: ['1.00e-04'], loss: 0.874823
[2023-10-13 21:31:21,492][INFO][clas_trainer:133] - train epoch: 10 [54688/54808 (100%)], lr: ['1.00e-04'], loss: 0.724661
[2023-10-13 21:31:41,328][INFO][clas_trainer:63] - [epoch  10] execution time: 156.02s	metrics:
[2023-10-13 21:31:41,328][INFO][clas_evaluator:99] - dataset: earlystopping, avg f1-score: 0.6016
[2023-10-13 21:31:56,187][INFO][clas_trainer:133] - train epoch: 11 [5440/54808 (10%)], lr: ['1.00e-04'], loss: 0.680162
[2023-10-13 21:32:10,205][INFO][clas_trainer:133] - train epoch: 11 [10912/54808 (20%)], lr: ['1.00e-04'], loss: 0.595135
[2023-10-13 21:32:24,083][INFO][clas_trainer:133] - train epoch: 11 [16384/54808 (30%)], lr: ['1.00e-04'], loss: 0.399756
[2023-10-13 21:32:37,272][INFO][clas_trainer:133] - train epoch: 11 [21856/54808 (40%)], lr: ['1.00e-04'], loss: 0.431591
[2023-10-13 21:32:49,838][INFO][clas_trainer:133] - train epoch: 11 [27328/54808 (50%)], lr: ['1.00e-04'], loss: 0.728025
[2023-10-13 21:33:03,435][INFO][clas_trainer:133] - train epoch: 11 [32800/54808 (60%)], lr: ['1.00e-04'], loss: 0.400788
[2023-10-13 21:33:16,720][INFO][clas_trainer:133] - train epoch: 11 [38272/54808 (70%)], lr: ['1.00e-04'], loss: 0.623887
[2023-10-13 21:33:29,635][INFO][clas_trainer:133] - train epoch: 11 [43744/54808 (80%)], lr: ['1.00e-04'], loss: 0.804555
[2023-10-13 21:33:42,870][INFO][clas_trainer:133] - train epoch: 11 [49216/54808 (90%)], lr: ['1.00e-04'], loss: 0.537652
[2023-10-13 21:33:55,757][INFO][clas_trainer:133] - train epoch: 11 [54688/54808 (100%)], lr: ['1.00e-04'], loss: 0.407877
[2023-10-13 21:34:17,603][INFO][clas_trainer:63] - [epoch  11] execution time: 156.28s	metrics:
[2023-10-13 21:34:17,604][INFO][clas_evaluator:99] - dataset: earlystopping, avg f1-score: 0.5971
[2023-10-13 21:34:31,788][INFO][clas_trainer:133] - train epoch: 12 [5440/54808 (10%)], lr: ['1.00e-04'], loss: 0.572968
[2023-10-13 21:34:45,284][INFO][clas_trainer:133] - train epoch: 12 [10912/54808 (20%)], lr: ['1.00e-04'], loss: 0.289998
[2023-10-13 21:34:58,926][INFO][clas_trainer:133] - train epoch: 12 [16384/54808 (30%)], lr: ['1.00e-04'], loss: 0.484920
[2023-10-13 21:35:11,774][INFO][clas_trainer:133] - train epoch: 12 [21856/54808 (40%)], lr: ['1.00e-04'], loss: 0.569099
[2023-10-13 21:35:24,874][INFO][clas_trainer:133] - train epoch: 12 [27328/54808 (50%)], lr: ['1.00e-04'], loss: 0.641549
[2023-10-13 21:35:38,419][INFO][clas_trainer:133] - train epoch: 12 [32800/54808 (60%)], lr: ['1.00e-04'], loss: 0.606985
[2023-10-13 21:35:51,336][INFO][clas_trainer:133] - train epoch: 12 [38272/54808 (70%)], lr: ['1.00e-04'], loss: 0.436048
[2023-10-13 21:36:04,522][INFO][clas_trainer:133] - train epoch: 12 [43744/54808 (80%)], lr: ['1.00e-04'], loss: 0.465303
[2023-10-13 21:36:17,670][INFO][clas_trainer:133] - train epoch: 12 [49216/54808 (90%)], lr: ['1.00e-04'], loss: 0.366716
[2023-10-13 21:36:31,361][INFO][clas_trainer:133] - train epoch: 12 [54688/54808 (100%)], lr: ['1.00e-04'], loss: 0.769904
[2023-10-13 21:36:52,246][INFO][clas_trainer:63] - [epoch  12] execution time: 154.64s	metrics:
[2023-10-13 21:36:52,247][INFO][clas_evaluator:99] - dataset: earlystopping, avg f1-score: 0.5877
[2023-10-13 21:37:07,131][INFO][clas_trainer:133] - train epoch: 13 [5440/54808 (10%)], lr: ['1.00e-04'], loss: 0.389025
[2023-10-13 21:37:20,145][INFO][clas_trainer:133] - train epoch: 13 [10912/54808 (20%)], lr: ['1.00e-04'], loss: 0.638058
[2023-10-13 21:37:33,505][INFO][clas_trainer:133] - train epoch: 13 [16384/54808 (30%)], lr: ['1.00e-04'], loss: 0.380531
[2023-10-13 21:37:46,804][INFO][clas_trainer:133] - train epoch: 13 [21856/54808 (40%)], lr: ['1.00e-04'], loss: 0.608298
[2023-10-13 21:38:00,484][INFO][clas_trainer:133] - train epoch: 13 [27328/54808 (50%)], lr: ['1.00e-04'], loss: 0.424452
[2023-10-13 21:38:13,542][INFO][clas_trainer:133] - train epoch: 13 [32800/54808 (60%)], lr: ['1.00e-04'], loss: 0.516451
[2023-10-13 21:38:26,672][INFO][clas_trainer:133] - train epoch: 13 [38272/54808 (70%)], lr: ['1.00e-04'], loss: 0.827543
[2023-10-13 21:38:39,190][INFO][clas_trainer:133] - train epoch: 13 [43744/54808 (80%)], lr: ['1.00e-04'], loss: 0.892068
[2023-10-13 21:38:52,977][INFO][clas_trainer:133] - train epoch: 13 [49216/54808 (90%)], lr: ['1.00e-04'], loss: 0.547370
[2023-10-13 21:39:05,987][INFO][clas_trainer:133] - train epoch: 13 [54688/54808 (100%)], lr: ['1.00e-04'], loss: 0.740484
[2023-10-13 21:39:27,229][INFO][clas_trainer:63] - [epoch  13] execution time: 154.98s	metrics:
[2023-10-13 21:39:27,230][INFO][clas_evaluator:99] - dataset: earlystopping, avg f1-score: 0.6018
[2023-10-13 21:39:41,435][INFO][clas_trainer:133] - train epoch: 14 [5440/54808 (10%)], lr: ['1.00e-04'], loss: 0.748569
[2023-10-13 21:39:55,153][INFO][clas_trainer:133] - train epoch: 14 [10912/54808 (20%)], lr: ['1.00e-04'], loss: 1.064338
[2023-10-13 21:40:08,336][INFO][clas_trainer:133] - train epoch: 14 [16384/54808 (30%)], lr: ['1.00e-04'], loss: 0.450556
[2023-10-13 21:40:21,153][INFO][clas_trainer:133] - train epoch: 14 [21856/54808 (40%)], lr: ['1.00e-04'], loss: 0.359235
[2023-10-13 21:40:34,516][INFO][clas_trainer:133] - train epoch: 14 [27328/54808 (50%)], lr: ['1.00e-04'], loss: 0.494894
[2023-10-13 21:40:47,556][INFO][clas_trainer:133] - train epoch: 14 [32800/54808 (60%)], lr: ['1.00e-04'], loss: 0.453603
[2023-10-13 21:40:59,957][INFO][clas_trainer:133] - train epoch: 14 [38272/54808 (70%)], lr: ['1.00e-04'], loss: 0.668571
[2023-10-13 21:41:13,311][INFO][clas_trainer:133] - train epoch: 14 [43744/54808 (80%)], lr: ['1.00e-04'], loss: 0.700046
[2023-10-13 21:41:26,770][INFO][clas_trainer:133] - train epoch: 14 [49216/54808 (90%)], lr: ['1.00e-04'], loss: 0.620482
[2023-10-13 21:41:39,826][INFO][clas_trainer:133] - train epoch: 14 [54688/54808 (100%)], lr: ['1.00e-04'], loss: 0.338393
[2023-10-13 21:42:01,609][INFO][clas_trainer:63] - [epoch  14] execution time: 154.38s	metrics:
[2023-10-13 21:42:01,610][INFO][clas_evaluator:99] - dataset: earlystopping, avg f1-score: 0.6043
[2023-10-13 21:42:16,511][INFO][clas_trainer:133] - train epoch: 15 [5440/54808 (10%)], lr: ['1.00e-04'], loss: 0.971184
[2023-10-13 21:42:30,771][INFO][clas_trainer:133] - train epoch: 15 [10912/54808 (20%)], lr: ['1.00e-04'], loss: 0.410460
[2023-10-13 21:42:43,808][INFO][clas_trainer:133] - train epoch: 15 [16384/54808 (30%)], lr: ['1.00e-04'], loss: 0.533351
[2023-10-13 21:42:57,169][INFO][clas_trainer:133] - train epoch: 15 [21856/54808 (40%)], lr: ['1.00e-04'], loss: 0.425072
[2023-10-13 21:43:09,822][INFO][clas_trainer:133] - train epoch: 15 [27328/54808 (50%)], lr: ['1.00e-04'], loss: 0.535502
[2023-10-13 21:43:22,208][INFO][clas_trainer:133] - train epoch: 15 [32800/54808 (60%)], lr: ['1.00e-04'], loss: 0.536404
[2023-10-13 21:43:35,512][INFO][clas_trainer:133] - train epoch: 15 [38272/54808 (70%)], lr: ['1.00e-04'], loss: 0.473853
[2023-10-13 21:43:48,944][INFO][clas_trainer:133] - train epoch: 15 [43744/54808 (80%)], lr: ['1.00e-04'], loss: 0.385885
[2023-10-13 21:44:02,003][INFO][clas_trainer:133] - train epoch: 15 [49216/54808 (90%)], lr: ['1.00e-04'], loss: 0.627009
[2023-10-13 21:44:15,561][INFO][clas_trainer:133] - train epoch: 15 [54688/54808 (100%)], lr: ['1.00e-04'], loss: 0.414061
[2023-10-13 21:44:36,599][INFO][clas_trainer:63] - [epoch  15] execution time: 154.99s	metrics:
[2023-10-13 21:44:36,599][INFO][clas_evaluator:99] - dataset: earlystopping, avg f1-score: 0.5772
[2023-10-13 21:44:36,608][INFO][clas_trainer:79] - finished training
[2023-10-13 21:44:36,608][INFO][clas_trainer:80] - best model on epoch: 5 	f1-score: 0.6054
