[2024-03-01 19:51:16,036][INFO][fine-tune:33] - Using GPU 0
[2024-03-01 19:51:16,041][INFO][fine-tune:43] - overrides:
hydra:
- hydra.launcher.n_jobs=10
- hydra.mode=MULTIRUN
task:
- m_seed_path_sids={seeds:[5,5,5,5,5],path:"exp001b-m5-simple_multi_class-2024-03-01_15-35-58-final.pth",subject_ids:{dod_o_h:$\{data.dod_o_h.cv_5_fold.fold_1\}}}
- data.downstream.train_dataloader.dataset.data_reducer.n_subjects=25
- general.gpus=[0]

[2024-03-01 19:51:22,853][INFO][data_loaders:71] - class distribution before data reduction:
# samples per subject
02fb158a-a658-51ee-89cf-1e1dc2ebfde1: 861
03341d0d-5927-5838-8a5f-1b8ef39d8f57: 1063
039ce8ad-a7fa-5272-a3e3-1f4bfebdd087: 915
095d6e40-5f19-55b6-a0ec-6e0ad3793da0: 1192
0d79f4b1-e74f-5e87-8e42-f9dd7112ada5: 968
130f3f52-7d0a-551e-af61-2ee75455e5c9: 989
14c012bd-65b0-56f5-bc74-2dffcea69837: 969
18482adf-1144-54ca-9e35-27f65c43a105: 824
18ede714-aba3-5ad8-bb1a-18fc9b1c4192: 995
1da3544e-dc5c-5795-adc3-f5068959211f: 955
2d01dc34-f36c-562e-b24a-d20dc798fdfc: 837
2e865ca9-e20f-5a6f-bd25-45d28cc9eab9: 950
30e8a05b-4cf1-5aa8-9ef7-28d6e2949ad5: 699
32556393-bb57-560a-99e8-e09885219647: 1106
37d0da97-9ae8-5413-b889-4e843ff35488: 1011
3dd35e7b-d7e2-516d-8a85-e0d58a59569f: 1093
3e842aa8-bcd9-521e-93a2-72124233fe2c: 620
40e25dd4-6087-5747-b9c2-4838ada86b15: 1076
47f45aa2-31c4-595b-bdb6-f1348bba062b: 1032
52fbe46b-206c-584a-9f4f-1eb308e07bac: 1064
5b94ec8a-c34d-5e45-84d1-bec2ea965609: 1090
5ddbc68c-1283-5c27-952b-d7f102291bc2: 1097
64959ac4-53b5-5868-a845-c7476e9fdf7b: 990
67fa8e29-6f4d-530e-9422-bbc3aca86ed0: 1046
6e2aa933-c51c-5a31-8c7b-83da8d076a12: 905
730aba3b-e310-5be0-9eed-7c3123466834: 1120
742f1592-627c-54eb-bbb5-ccd55ffae33a: 975
769df255-2284-50b3-8917-2155c759fbbd: 929
7ab8ff5f-a77f-567d-9882-f8bee0c3c9bf: 989
7f5237b1-2196-5c8a-9543-a5aa70210ef4: 931
83c1394e-9c69-5c11-9102-9ff8d59b1cfd: 1011
90aef91a-252f-5ccc-a82e-78ea7ee9ca1f: 1089
a0c91989-530f-5117-80c1-2488dbed683c: 1017
a25b2296-343b-53f6-8792-ada2669d466e: 1008
a35a118e-e65e-5928-92a9-4354a6a0f4ce: 813
a6254c8a-f1b2-5736-b601-18245dd5e0a5: 1084
a65a9e69-cddf-5711-9a97-de8bfdeb08cc: 961
aa160c78-6da3-5e05-8fc9-d6c13e9f97e0: 1010
aadc9e0c-b7c3-5a47-851d-f21971d10935: 969
ad47bc12-199c-5294-9cb8-4351bbbf7b5e: 893
bb474ab0-c2ce-573b-8acd-ef86b0fa26a2: 1142
c03e27b0-4cb5-584f-aaea-8f1e1ed6513c: 1121
c11c730f-0b6b-580b-af31-d8f0ebbbdfce: 917
c31a47f9-e400-5841-a22b-521c81042603: 986
c8110476-594c-533d-95bd-86147fccc987: 995
c985916d-46a5-5c3e-9d50-a5a91f460bac: 1024
cc3b4b63-4a6f-5f28-ac7e-62f83c271449: 1076
cebd3520-4e77-5222-a614-d2888e6afc2b: 1109
d3cadb78-cb8c-5a6e-885c-392e457c68b1: 982
e59c45e0-0c0c-565f-84a9-6cf0ec5ef6c1: 844
e6b7cbef-4c9d-5541-82e8-04810de0fb60: 819
e72505f1-21be-5d66-b620-cfcfa2d754bc: 973
e8ec8ec4-dc48-50ce-985a-a06d87861030: 975
eb95076c-c470-56a4-b788-ace310f061c6: 965
f2a69bdc-ed51-5e3f-b102-6b3f7d392be0: 960
f66bc75e-778b-5037-af86-b5275cd4c79f: 865

# samples per stage
0: 9494
1: 2905
2: 26876
3: 6416
4: 9208
[2024-03-01 19:51:23,011][INFO][data_loaders:77] - class distribution after data reduction:
# samples per subject
02fb158a-a658-51ee-89cf-1e1dc2ebfde1: 1722
039ce8ad-a7fa-5272-a3e3-1f4bfebdd087: 1830
095d6e40-5f19-55b6-a0ec-6e0ad3793da0: 2384
0d79f4b1-e74f-5e87-8e42-f9dd7112ada5: 1936
130f3f52-7d0a-551e-af61-2ee75455e5c9: 1978
14c012bd-65b0-56f5-bc74-2dffcea69837: 1938
40e25dd4-6087-5747-b9c2-4838ada86b15: 2152
52fbe46b-206c-584a-9f4f-1eb308e07bac: 2128
5ddbc68c-1283-5c27-952b-d7f102291bc2: 2194
67fa8e29-6f4d-530e-9422-bbc3aca86ed0: 2092
6e2aa933-c51c-5a31-8c7b-83da8d076a12: 1810
90aef91a-252f-5ccc-a82e-78ea7ee9ca1f: 2178
a0c91989-530f-5117-80c1-2488dbed683c: 2034
a25b2296-343b-53f6-8792-ada2669d466e: 2016
a35a118e-e65e-5928-92a9-4354a6a0f4ce: 1626
aa160c78-6da3-5e05-8fc9-d6c13e9f97e0: 2020
bb474ab0-c2ce-573b-8acd-ef86b0fa26a2: 2284
c03e27b0-4cb5-584f-aaea-8f1e1ed6513c: 2242
c11c730f-0b6b-580b-af31-d8f0ebbbdfce: 1834
c31a47f9-e400-5841-a22b-521c81042603: 1972
d3cadb78-cb8c-5a6e-885c-392e457c68b1: 1964
e59c45e0-0c0c-565f-84a9-6cf0ec5ef6c1: 1688
e8ec8ec4-dc48-50ce-985a-a06d87861030: 1950
f2a69bdc-ed51-5e3f-b102-6b3f7d392be0: 1920
f66bc75e-778b-5037-af86-b5275cd4c79f: 1730

# samples per stage
0: 7634
1: 2668
2: 25154
3: 6058
4: 8108
[2024-03-01 19:51:23,805][INFO][data_loaders:71] - class distribution before data reduction:
# samples per subject
0416d51f-5d69-5326-b74a-a2e31a96a1ef: 822
119f9726-eb4c-5a0e-a7bb-9e15256149a1: 932
25a6b2b0-4d09-561b-82c6-f09bb271d3be: 1063
6a7503ac-ab3a-5d5b-b474-4b0fe37748dd: 1213
a30245e3-4a71-565f-9636-92e7d2e825fc: 1122
a4568951-bf87-5bbc-bc4f-28e93c360be6: 975
b3534fa3-7676-50dc-8412-07f0eff4f7a9: 757
fc10ee0b-b863-511b-bce8-4dfa7af8ac3a: 910

# samples per stage
0: 1108
1: 428
2: 4097
3: 908
4: 1253
[2024-03-01 19:51:23,823][INFO][data_loaders:77] - class distribution after data reduction:
# samples per subject
0416d51f-5d69-5326-b74a-a2e31a96a1ef: 822
119f9726-eb4c-5a0e-a7bb-9e15256149a1: 932
25a6b2b0-4d09-561b-82c6-f09bb271d3be: 1063
6a7503ac-ab3a-5d5b-b474-4b0fe37748dd: 1213
a30245e3-4a71-565f-9636-92e7d2e825fc: 1122
a4568951-bf87-5bbc-bc4f-28e93c360be6: 975
b3534fa3-7676-50dc-8412-07f0eff4f7a9: 757
fc10ee0b-b863-511b-bce8-4dfa7af8ac3a: 910

# samples per stage
0: 1108
1: 428
2: 4097
3: 908
4: 1253
[2024-03-01 19:51:23,938][INFO][clas_trainer:82] - metrics before training (epoch 0):
[2024-03-01 19:51:27,318][INFO][clas_evaluator:69] - dataset: earlystopping, avg f1-score: 0.0704
[2024-03-01 19:51:33,345][INFO][clas_trainer:180] - train epoch: 1 [4928/49622 (10%)], lr: ['1.00e-04', '1.00e-04'], loss: 2.231089
[2024-03-01 19:51:39,176][INFO][clas_trainer:180] - train epoch: 1 [9888/49622 (20%)], lr: ['1.00e-04', '1.00e-04'], loss: 1.761496
[2024-03-01 19:51:45,179][INFO][clas_trainer:180] - train epoch: 1 [14848/49622 (30%)], lr: ['1.00e-04', '1.00e-04'], loss: 1.659443
[2024-03-01 19:51:51,157][INFO][clas_trainer:180] - train epoch: 1 [19808/49622 (40%)], lr: ['1.00e-04', '1.00e-04'], loss: 1.353113
[2024-03-01 19:51:57,115][INFO][clas_trainer:180] - train epoch: 1 [24768/49622 (50%)], lr: ['1.00e-04', '1.00e-04'], loss: 1.280803
[2024-03-01 19:52:03,254][INFO][clas_trainer:180] - train epoch: 1 [29728/49622 (60%)], lr: ['1.00e-04', '1.00e-04'], loss: 1.339423
[2024-03-01 19:52:09,141][INFO][clas_trainer:180] - train epoch: 1 [34688/49622 (70%)], lr: ['1.00e-04', '1.00e-04'], loss: 1.092399
[2024-03-01 19:52:15,020][INFO][clas_trainer:180] - train epoch: 1 [39648/49622 (80%)], lr: ['1.00e-04', '1.00e-04'], loss: 1.269333
[2024-03-01 19:52:21,043][INFO][clas_trainer:180] - train epoch: 1 [44608/49622 (90%)], lr: ['1.00e-04', '1.00e-04'], loss: 1.272666
[2024-03-01 19:52:27,048][INFO][clas_trainer:180] - train epoch: 1 [49568/49622 (100%)], lr: ['1.00e-04', '1.00e-04'], loss: 1.110004
[2024-03-01 19:52:31,596][INFO][clas_trainer:96] - [epoch   1] execution time: 64.28s	metrics:
[2024-03-01 19:52:31,598][INFO][clas_evaluator:69] - dataset: earlystopping, avg f1-score: 0.2246
[2024-03-01 19:52:31,631][INFO][base_model:70] - snapshot saved to /home/users/grieger/repos/frequency-pretraining/models/exp001a-m31-base_fe_clas-2024-03-01_18-01-50-final.pth
[2024-03-01 19:52:38,026][INFO][clas_trainer:180] - train epoch: 2 [4928/49622 (10%)], lr: ['1.00e-04', '1.00e-04'], loss: 0.892280
[2024-03-01 19:52:43,840][INFO][clas_trainer:180] - train epoch: 2 [9888/49622 (20%)], lr: ['1.00e-04', '1.00e-04'], loss: 0.837923
[2024-03-01 19:52:49,908][INFO][clas_trainer:180] - train epoch: 2 [14848/49622 (30%)], lr: ['1.00e-04', '1.00e-04'], loss: 1.041615
[2024-03-01 19:52:56,092][INFO][clas_trainer:180] - train epoch: 2 [19808/49622 (40%)], lr: ['1.00e-04', '1.00e-04'], loss: 0.793650
[2024-03-01 19:53:02,135][INFO][clas_trainer:180] - train epoch: 2 [24768/49622 (50%)], lr: ['1.00e-04', '1.00e-04'], loss: 0.876754
[2024-03-01 19:53:08,137][INFO][clas_trainer:180] - train epoch: 2 [29728/49622 (60%)], lr: ['1.00e-04', '1.00e-04'], loss: 0.722110
[2024-03-01 19:53:14,113][INFO][clas_trainer:180] - train epoch: 2 [34688/49622 (70%)], lr: ['1.00e-04', '1.00e-04'], loss: 0.726392
[2024-03-01 19:53:20,056][INFO][clas_trainer:180] - train epoch: 2 [39648/49622 (80%)], lr: ['1.00e-04', '1.00e-04'], loss: 0.795074
[2024-03-01 19:53:26,205][INFO][clas_trainer:180] - train epoch: 2 [44608/49622 (90%)], lr: ['1.00e-04', '1.00e-04'], loss: 0.738219
[2024-03-01 19:53:31,969][INFO][clas_trainer:180] - train epoch: 2 [49568/49622 (100%)], lr: ['1.00e-04', '1.00e-04'], loss: 0.794012
[2024-03-01 19:53:36,039][INFO][clas_trainer:96] - [epoch   2] execution time: 64.41s	metrics:
[2024-03-01 19:53:36,040][INFO][clas_evaluator:69] - dataset: earlystopping, avg f1-score: 0.4060
[2024-03-01 19:53:36,072][INFO][base_model:70] - snapshot saved to /home/users/grieger/repos/frequency-pretraining/models/exp001a-m31-base_fe_clas-2024-03-01_18-01-50-final.pth
[2024-03-01 19:53:42,299][INFO][clas_trainer:180] - train epoch: 3 [4928/49622 (10%)], lr: ['1.00e-04', '1.00e-04'], loss: 0.719414
[2024-03-01 19:53:47,994][INFO][clas_trainer:180] - train epoch: 3 [9888/49622 (20%)], lr: ['1.00e-04', '1.00e-04'], loss: 0.651431
[2024-03-01 19:53:53,129][INFO][clas_trainer:180] - train epoch: 3 [14848/49622 (30%)], lr: ['1.00e-04', '1.00e-04'], loss: 0.654220
[2024-03-01 19:53:58,815][INFO][clas_trainer:180] - train epoch: 3 [19808/49622 (40%)], lr: ['1.00e-04', '1.00e-04'], loss: 1.095028
[2024-03-01 19:54:04,452][INFO][clas_trainer:180] - train epoch: 3 [24768/49622 (50%)], lr: ['1.00e-04', '1.00e-04'], loss: 0.541308
[2024-03-01 19:54:10,435][INFO][clas_trainer:180] - train epoch: 3 [29728/49622 (60%)], lr: ['1.00e-04', '1.00e-04'], loss: 0.456856
[2024-03-01 19:54:16,174][INFO][clas_trainer:180] - train epoch: 3 [34688/49622 (70%)], lr: ['1.00e-04', '1.00e-04'], loss: 0.508050
[2024-03-01 19:54:21,865][INFO][clas_trainer:180] - train epoch: 3 [39648/49622 (80%)], lr: ['1.00e-04', '1.00e-04'], loss: 0.540098
[2024-03-01 19:54:27,428][INFO][clas_trainer:180] - train epoch: 3 [44608/49622 (90%)], lr: ['1.00e-04', '1.00e-04'], loss: 1.242303
[2024-03-01 19:54:33,220][INFO][clas_trainer:180] - train epoch: 3 [49568/49622 (100%)], lr: ['1.00e-04', '1.00e-04'], loss: 0.671421
[2024-03-01 19:54:37,288][INFO][clas_trainer:96] - [epoch   3] execution time: 61.22s	metrics:
[2024-03-01 19:54:37,289][INFO][clas_evaluator:69] - dataset: earlystopping, avg f1-score: 0.4982
[2024-03-01 19:54:37,321][INFO][base_model:70] - snapshot saved to /home/users/grieger/repos/frequency-pretraining/models/exp001a-m31-base_fe_clas-2024-03-01_18-01-50-final.pth
[2024-03-01 19:54:43,485][INFO][clas_trainer:180] - train epoch: 4 [4928/49622 (10%)], lr: ['1.00e-04', '1.00e-04'], loss: 0.761023
[2024-03-01 19:54:49,339][INFO][clas_trainer:180] - train epoch: 4 [9888/49622 (20%)], lr: ['1.00e-04', '1.00e-04'], loss: 0.333052
[2024-03-01 19:54:55,329][INFO][clas_trainer:180] - train epoch: 4 [14848/49622 (30%)], lr: ['1.00e-04', '1.00e-04'], loss: 0.609028
[2024-03-01 19:55:01,033][INFO][clas_trainer:180] - train epoch: 4 [19808/49622 (40%)], lr: ['1.00e-04', '1.00e-04'], loss: 0.741913
[2024-03-01 19:55:06,729][INFO][clas_trainer:180] - train epoch: 4 [24768/49622 (50%)], lr: ['1.00e-04', '1.00e-04'], loss: 0.528209
[2024-03-01 19:55:12,744][INFO][clas_trainer:180] - train epoch: 4 [29728/49622 (60%)], lr: ['1.00e-04', '1.00e-04'], loss: 0.392397
[2024-03-01 19:55:18,642][INFO][clas_trainer:180] - train epoch: 4 [34688/49622 (70%)], lr: ['1.00e-04', '1.00e-04'], loss: 0.596741
[2024-03-01 19:55:24,371][INFO][clas_trainer:180] - train epoch: 4 [39648/49622 (80%)], lr: ['1.00e-04', '1.00e-04'], loss: 0.367420
[2024-03-01 19:55:30,242][INFO][clas_trainer:180] - train epoch: 4 [44608/49622 (90%)], lr: ['1.00e-04', '1.00e-04'], loss: 0.413707
[2024-03-01 19:55:36,160][INFO][clas_trainer:180] - train epoch: 4 [49568/49622 (100%)], lr: ['1.00e-04', '1.00e-04'], loss: 0.321046
[2024-03-01 19:55:40,143][INFO][clas_trainer:96] - [epoch   4] execution time: 62.82s	metrics:
[2024-03-01 19:55:40,143][INFO][clas_evaluator:69] - dataset: earlystopping, avg f1-score: 0.5651
[2024-03-01 19:55:40,179][INFO][base_model:70] - snapshot saved to /home/users/grieger/repos/frequency-pretraining/models/exp001a-m31-base_fe_clas-2024-03-01_18-01-50-final.pth
[2024-03-01 19:55:46,414][INFO][clas_trainer:180] - train epoch: 5 [4928/49622 (10%)], lr: ['1.00e-04', '1.00e-04'], loss: 0.204617
[2024-03-01 19:55:52,426][INFO][clas_trainer:180] - train epoch: 5 [9888/49622 (20%)], lr: ['1.00e-04', '1.00e-04'], loss: 0.564958
[2024-03-01 19:55:58,326][INFO][clas_trainer:180] - train epoch: 5 [14848/49622 (30%)], lr: ['1.00e-04', '1.00e-04'], loss: 0.484535
[2024-03-01 19:56:04,227][INFO][clas_trainer:180] - train epoch: 5 [19808/49622 (40%)], lr: ['1.00e-04', '1.00e-04'], loss: 0.566024
[2024-03-01 19:56:10,533][INFO][clas_trainer:180] - train epoch: 5 [24768/49622 (50%)], lr: ['1.00e-04', '1.00e-04'], loss: 0.898128
[2024-03-01 19:56:16,309][INFO][clas_trainer:180] - train epoch: 5 [29728/49622 (60%)], lr: ['1.00e-04', '1.00e-04'], loss: 0.192263
[2024-03-01 19:56:22,067][INFO][clas_trainer:180] - train epoch: 5 [34688/49622 (70%)], lr: ['1.00e-04', '1.00e-04'], loss: 0.457081
[2024-03-01 19:56:27,519][INFO][clas_trainer:180] - train epoch: 5 [39648/49622 (80%)], lr: ['1.00e-04', '1.00e-04'], loss: 0.535123
[2024-03-01 19:56:33,066][INFO][clas_trainer:180] - train epoch: 5 [44608/49622 (90%)], lr: ['1.00e-04', '1.00e-04'], loss: 0.191621
[2024-03-01 19:56:39,020][INFO][clas_trainer:180] - train epoch: 5 [49568/49622 (100%)], lr: ['1.00e-04', '1.00e-04'], loss: 0.837459
[2024-03-01 19:56:42,568][INFO][clas_trainer:96] - [epoch   5] execution time: 62.39s	metrics:
[2024-03-01 19:56:42,568][INFO][clas_evaluator:69] - dataset: earlystopping, avg f1-score: 0.5857
[2024-03-01 19:56:42,596][INFO][base_model:70] - snapshot saved to /home/users/grieger/repos/frequency-pretraining/models/exp001a-m31-base_fe_clas-2024-03-01_18-01-50-final.pth
[2024-03-01 19:56:48,719][INFO][clas_trainer:180] - train epoch: 6 [4928/49622 (10%)], lr: ['1.00e-04', '1.00e-04'], loss: 0.351855
[2024-03-01 19:56:54,656][INFO][clas_trainer:180] - train epoch: 6 [9888/49622 (20%)], lr: ['1.00e-04', '1.00e-04'], loss: 0.247469
[2024-03-01 19:57:00,465][INFO][clas_trainer:180] - train epoch: 6 [14848/49622 (30%)], lr: ['1.00e-04', '1.00e-04'], loss: 0.333831
[2024-03-01 19:57:06,192][INFO][clas_trainer:180] - train epoch: 6 [19808/49622 (40%)], lr: ['1.00e-04', '1.00e-04'], loss: 0.461592
[2024-03-01 19:57:12,021][INFO][clas_trainer:180] - train epoch: 6 [24768/49622 (50%)], lr: ['1.00e-04', '1.00e-04'], loss: 0.710576
[2024-03-01 19:57:17,822][INFO][clas_trainer:180] - train epoch: 6 [29728/49622 (60%)], lr: ['1.00e-04', '1.00e-04'], loss: 0.466282
[2024-03-01 19:57:23,602][INFO][clas_trainer:180] - train epoch: 6 [34688/49622 (70%)], lr: ['1.00e-04', '1.00e-04'], loss: 0.385874
[2024-03-01 19:57:29,493][INFO][clas_trainer:180] - train epoch: 6 [39648/49622 (80%)], lr: ['1.00e-04', '1.00e-04'], loss: 0.390041
[2024-03-01 19:57:35,317][INFO][clas_trainer:180] - train epoch: 6 [44608/49622 (90%)], lr: ['1.00e-04', '1.00e-04'], loss: 0.258948
[2024-03-01 19:57:41,274][INFO][clas_trainer:180] - train epoch: 6 [49568/49622 (100%)], lr: ['1.00e-04', '1.00e-04'], loss: 0.304501
[2024-03-01 19:57:45,433][INFO][clas_trainer:96] - [epoch   6] execution time: 62.84s	metrics:
[2024-03-01 19:57:45,433][INFO][clas_evaluator:69] - dataset: earlystopping, avg f1-score: 0.6198
[2024-03-01 19:57:45,461][INFO][base_model:70] - snapshot saved to /home/users/grieger/repos/frequency-pretraining/models/exp001a-m31-base_fe_clas-2024-03-01_18-01-50-final.pth
[2024-03-01 19:57:51,847][INFO][clas_trainer:180] - train epoch: 7 [4928/49622 (10%)], lr: ['1.00e-04', '1.00e-04'], loss: 0.243382
[2024-03-01 19:57:57,758][INFO][clas_trainer:180] - train epoch: 7 [9888/49622 (20%)], lr: ['1.00e-04', '1.00e-04'], loss: 0.355251
[2024-03-01 19:58:03,494][INFO][clas_trainer:180] - train epoch: 7 [14848/49622 (30%)], lr: ['1.00e-04', '1.00e-04'], loss: 0.165266
[2024-03-01 19:58:09,289][INFO][clas_trainer:180] - train epoch: 7 [19808/49622 (40%)], lr: ['1.00e-04', '1.00e-04'], loss: 0.259488
[2024-03-01 19:58:15,047][INFO][clas_trainer:180] - train epoch: 7 [24768/49622 (50%)], lr: ['1.00e-04', '1.00e-04'], loss: 0.386290
[2024-03-01 19:58:21,011][INFO][clas_trainer:180] - train epoch: 7 [29728/49622 (60%)], lr: ['1.00e-04', '1.00e-04'], loss: 0.434333
[2024-03-01 19:58:26,912][INFO][clas_trainer:180] - train epoch: 7 [34688/49622 (70%)], lr: ['1.00e-04', '1.00e-04'], loss: 0.352942
[2024-03-01 19:58:32,785][INFO][clas_trainer:180] - train epoch: 7 [39648/49622 (80%)], lr: ['1.00e-04', '1.00e-04'], loss: 0.087697
[2024-03-01 19:58:38,819][INFO][clas_trainer:180] - train epoch: 7 [44608/49622 (90%)], lr: ['1.00e-04', '1.00e-04'], loss: 0.382813
[2024-03-01 19:58:44,616][INFO][clas_trainer:180] - train epoch: 7 [49568/49622 (100%)], lr: ['1.00e-04', '1.00e-04'], loss: 0.294695
[2024-03-01 19:58:48,520][INFO][clas_trainer:96] - [epoch   7] execution time: 63.06s	metrics:
[2024-03-01 19:58:48,524][INFO][clas_evaluator:69] - dataset: earlystopping, avg f1-score: 0.6626
[2024-03-01 19:58:48,550][INFO][base_model:70] - snapshot saved to /home/users/grieger/repos/frequency-pretraining/models/exp001a-m31-base_fe_clas-2024-03-01_18-01-50-final.pth
[2024-03-01 19:58:54,618][INFO][clas_trainer:180] - train epoch: 8 [4928/49622 (10%)], lr: ['1.00e-04', '1.00e-04'], loss: 0.421958
[2024-03-01 19:59:00,836][INFO][clas_trainer:180] - train epoch: 8 [9888/49622 (20%)], lr: ['1.00e-04', '1.00e-04'], loss: 0.227391
[2024-03-01 19:59:06,300][INFO][clas_trainer:180] - train epoch: 8 [14848/49622 (30%)], lr: ['1.00e-04', '1.00e-04'], loss: 0.394956
[2024-03-01 19:59:12,247][INFO][clas_trainer:180] - train epoch: 8 [19808/49622 (40%)], lr: ['1.00e-04', '1.00e-04'], loss: 0.526473
[2024-03-01 19:59:18,048][INFO][clas_trainer:180] - train epoch: 8 [24768/49622 (50%)], lr: ['1.00e-04', '1.00e-04'], loss: 0.328763
[2024-03-01 19:59:23,611][INFO][clas_trainer:180] - train epoch: 8 [29728/49622 (60%)], lr: ['1.00e-04', '1.00e-04'], loss: 0.489006
[2024-03-01 19:59:29,182][INFO][clas_trainer:180] - train epoch: 8 [34688/49622 (70%)], lr: ['1.00e-04', '1.00e-04'], loss: 0.414564
[2024-03-01 19:59:35,066][INFO][clas_trainer:180] - train epoch: 8 [39648/49622 (80%)], lr: ['1.00e-04', '1.00e-04'], loss: 0.127950
[2024-03-01 19:59:40,961][INFO][clas_trainer:180] - train epoch: 8 [44608/49622 (90%)], lr: ['1.00e-04', '1.00e-04'], loss: 0.260201
[2024-03-01 19:59:46,807][INFO][clas_trainer:180] - train epoch: 8 [49568/49622 (100%)], lr: ['1.00e-04', '1.00e-04'], loss: 0.472133
[2024-03-01 19:59:51,018][INFO][clas_trainer:96] - [epoch   8] execution time: 62.47s	metrics:
[2024-03-01 19:59:51,023][INFO][clas_evaluator:69] - dataset: earlystopping, avg f1-score: 0.6460
[2024-03-01 19:59:57,579][INFO][clas_trainer:180] - train epoch: 9 [4928/49622 (10%)], lr: ['1.00e-04', '1.00e-04'], loss: 0.320935
[2024-03-01 20:00:03,373][INFO][clas_trainer:180] - train epoch: 9 [9888/49622 (20%)], lr: ['1.00e-04', '1.00e-04'], loss: 0.242366
[2024-03-01 20:00:09,235][INFO][clas_trainer:180] - train epoch: 9 [14848/49622 (30%)], lr: ['1.00e-04', '1.00e-04'], loss: 0.397509
[2024-03-01 20:00:15,116][INFO][clas_trainer:180] - train epoch: 9 [19808/49622 (40%)], lr: ['1.00e-04', '1.00e-04'], loss: 0.352468
[2024-03-01 20:00:20,873][INFO][clas_trainer:180] - train epoch: 9 [24768/49622 (50%)], lr: ['1.00e-04', '1.00e-04'], loss: 0.305969
[2024-03-01 20:00:26,562][INFO][clas_trainer:180] - train epoch: 9 [29728/49622 (60%)], lr: ['1.00e-04', '1.00e-04'], loss: 0.425831
[2024-03-01 20:00:32,518][INFO][clas_trainer:180] - train epoch: 9 [34688/49622 (70%)], lr: ['1.00e-04', '1.00e-04'], loss: 0.382111
[2024-03-01 20:00:38,369][INFO][clas_trainer:180] - train epoch: 9 [39648/49622 (80%)], lr: ['1.00e-04', '1.00e-04'], loss: 0.265064
[2024-03-01 20:00:44,252][INFO][clas_trainer:180] - train epoch: 9 [44608/49622 (90%)], lr: ['1.00e-04', '1.00e-04'], loss: 0.271458
[2024-03-01 20:00:50,262][INFO][clas_trainer:180] - train epoch: 9 [49568/49622 (100%)], lr: ['1.00e-04', '1.00e-04'], loss: 0.329474
[2024-03-01 20:00:54,715][INFO][clas_trainer:96] - [epoch   9] execution time: 63.69s	metrics:
[2024-03-01 20:00:54,715][INFO][clas_evaluator:69] - dataset: earlystopping, avg f1-score: 0.6979
[2024-03-01 20:00:54,742][INFO][base_model:70] - snapshot saved to /home/users/grieger/repos/frequency-pretraining/models/exp001a-m31-base_fe_clas-2024-03-01_18-01-50-final.pth
[2024-03-01 20:01:01,148][INFO][clas_trainer:180] - train epoch: 10 [4928/49622 (10%)], lr: ['1.00e-04', '1.00e-04'], loss: 0.246207
[2024-03-01 20:01:06,806][INFO][clas_trainer:180] - train epoch: 10 [9888/49622 (20%)], lr: ['1.00e-04', '1.00e-04'], loss: 0.257902
[2024-03-01 20:01:12,748][INFO][clas_trainer:180] - train epoch: 10 [14848/49622 (30%)], lr: ['1.00e-04', '1.00e-04'], loss: 0.200863
[2024-03-01 20:01:18,858][INFO][clas_trainer:180] - train epoch: 10 [19808/49622 (40%)], lr: ['1.00e-04', '1.00e-04'], loss: 0.410025
[2024-03-01 20:01:24,897][INFO][clas_trainer:180] - train epoch: 10 [24768/49622 (50%)], lr: ['1.00e-04', '1.00e-04'], loss: 0.190542
[2024-03-01 20:01:30,549][INFO][clas_trainer:180] - train epoch: 10 [29728/49622 (60%)], lr: ['1.00e-04', '1.00e-04'], loss: 0.420881
[2024-03-01 20:01:36,821][INFO][clas_trainer:180] - train epoch: 10 [34688/49622 (70%)], lr: ['1.00e-04', '1.00e-04'], loss: 0.210894
[2024-03-01 20:01:42,220][INFO][clas_trainer:180] - train epoch: 10 [39648/49622 (80%)], lr: ['1.00e-04', '1.00e-04'], loss: 0.353432
[2024-03-01 20:01:49,493][INFO][clas_trainer:180] - train epoch: 10 [44608/49622 (90%)], lr: ['1.00e-04', '1.00e-04'], loss: 0.243525
[2024-03-01 20:01:55,307][INFO][clas_trainer:180] - train epoch: 10 [49568/49622 (100%)], lr: ['1.00e-04', '1.00e-04'], loss: 0.375407
[2024-03-01 20:02:00,010][INFO][clas_trainer:96] - [epoch  10] execution time: 65.27s	metrics:
[2024-03-01 20:02:00,011][INFO][clas_evaluator:69] - dataset: earlystopping, avg f1-score: 0.6754
[2024-03-01 20:02:05,997][INFO][clas_trainer:180] - train epoch: 11 [4928/49622 (10%)], lr: ['1.00e-04', '1.00e-04'], loss: 0.169558
[2024-03-01 20:02:11,683][INFO][clas_trainer:180] - train epoch: 11 [9888/49622 (20%)], lr: ['1.00e-04', '1.00e-04'], loss: 0.345381
[2024-03-01 20:02:17,624][INFO][clas_trainer:180] - train epoch: 11 [14848/49622 (30%)], lr: ['1.00e-04', '1.00e-04'], loss: 0.212121
[2024-03-01 20:02:23,474][INFO][clas_trainer:180] - train epoch: 11 [19808/49622 (40%)], lr: ['1.00e-04', '1.00e-04'], loss: 0.312043
[2024-03-01 20:02:29,291][INFO][clas_trainer:180] - train epoch: 11 [24768/49622 (50%)], lr: ['1.00e-04', '1.00e-04'], loss: 0.231361
[2024-03-01 20:02:34,942][INFO][clas_trainer:180] - train epoch: 11 [29728/49622 (60%)], lr: ['1.00e-04', '1.00e-04'], loss: 0.385483
[2024-03-01 20:02:40,559][INFO][clas_trainer:180] - train epoch: 11 [34688/49622 (70%)], lr: ['1.00e-04', '1.00e-04'], loss: 0.297869
[2024-03-01 20:02:45,983][INFO][clas_trainer:180] - train epoch: 11 [39648/49622 (80%)], lr: ['1.00e-04', '1.00e-04'], loss: 0.218108
[2024-03-01 20:02:51,738][INFO][clas_trainer:180] - train epoch: 11 [44608/49622 (90%)], lr: ['1.00e-04', '1.00e-04'], loss: 0.201944
[2024-03-01 20:02:57,714][INFO][clas_trainer:180] - train epoch: 11 [49568/49622 (100%)], lr: ['1.00e-04', '1.00e-04'], loss: 0.284851
[2024-03-01 20:03:01,738][INFO][clas_trainer:96] - [epoch  11] execution time: 61.73s	metrics:
[2024-03-01 20:03:01,739][INFO][clas_evaluator:69] - dataset: earlystopping, avg f1-score: 0.7044
[2024-03-01 20:03:01,765][INFO][base_model:70] - snapshot saved to /home/users/grieger/repos/frequency-pretraining/models/exp001a-m31-base_fe_clas-2024-03-01_18-01-50-final.pth
[2024-03-01 20:03:08,064][INFO][clas_trainer:180] - train epoch: 12 [4928/49622 (10%)], lr: ['1.00e-04', '1.00e-04'], loss: 0.319416
[2024-03-01 20:03:13,713][INFO][clas_trainer:180] - train epoch: 12 [9888/49622 (20%)], lr: ['1.00e-04', '1.00e-04'], loss: 0.539414
[2024-03-01 20:03:19,447][INFO][clas_trainer:180] - train epoch: 12 [14848/49622 (30%)], lr: ['1.00e-04', '1.00e-04'], loss: 0.135543
[2024-03-01 20:03:25,393][INFO][clas_trainer:180] - train epoch: 12 [19808/49622 (40%)], lr: ['1.00e-04', '1.00e-04'], loss: 0.233730
[2024-03-01 20:03:31,118][INFO][clas_trainer:180] - train epoch: 12 [24768/49622 (50%)], lr: ['1.00e-04', '1.00e-04'], loss: 0.111222
[2024-03-01 20:03:36,760][INFO][clas_trainer:180] - train epoch: 12 [29728/49622 (60%)], lr: ['1.00e-04', '1.00e-04'], loss: 0.163984
[2024-03-01 20:03:42,723][INFO][clas_trainer:180] - train epoch: 12 [34688/49622 (70%)], lr: ['1.00e-04', '1.00e-04'], loss: 0.431830
[2024-03-01 20:03:48,710][INFO][clas_trainer:180] - train epoch: 12 [39648/49622 (80%)], lr: ['1.00e-04', '1.00e-04'], loss: 0.214575
[2024-03-01 20:03:54,502][INFO][clas_trainer:180] - train epoch: 12 [44608/49622 (90%)], lr: ['1.00e-04', '1.00e-04'], loss: 0.147456
[2024-03-01 20:04:00,386][INFO][clas_trainer:180] - train epoch: 12 [49568/49622 (100%)], lr: ['1.00e-04', '1.00e-04'], loss: 0.514910
[2024-03-01 20:04:05,004][INFO][clas_trainer:96] - [epoch  12] execution time: 63.24s	metrics:
[2024-03-01 20:04:05,004][INFO][clas_evaluator:69] - dataset: earlystopping, avg f1-score: 0.7341
[2024-03-01 20:04:05,031][INFO][base_model:70] - snapshot saved to /home/users/grieger/repos/frequency-pretraining/models/exp001a-m31-base_fe_clas-2024-03-01_18-01-50-final.pth
[2024-03-01 20:04:11,412][INFO][clas_trainer:180] - train epoch: 13 [4928/49622 (10%)], lr: ['1.00e-04', '1.00e-04'], loss: 0.317032
[2024-03-01 20:04:17,723][INFO][clas_trainer:180] - train epoch: 13 [9888/49622 (20%)], lr: ['1.00e-04', '1.00e-04'], loss: 0.141097
[2024-03-01 20:04:23,788][INFO][clas_trainer:180] - train epoch: 13 [14848/49622 (30%)], lr: ['1.00e-04', '1.00e-04'], loss: 0.495483
[2024-03-01 20:04:30,143][INFO][clas_trainer:180] - train epoch: 13 [19808/49622 (40%)], lr: ['1.00e-04', '1.00e-04'], loss: 0.366683
[2024-03-01 20:04:36,414][INFO][clas_trainer:180] - train epoch: 13 [24768/49622 (50%)], lr: ['1.00e-04', '1.00e-04'], loss: 0.215114
[2024-03-01 20:04:43,179][INFO][clas_trainer:180] - train epoch: 13 [29728/49622 (60%)], lr: ['1.00e-04', '1.00e-04'], loss: 0.501533
[2024-03-01 20:04:49,076][INFO][clas_trainer:180] - train epoch: 13 [34688/49622 (70%)], lr: ['1.00e-04', '1.00e-04'], loss: 0.228528
[2024-03-01 20:04:54,762][INFO][clas_trainer:180] - train epoch: 13 [39648/49622 (80%)], lr: ['1.00e-04', '1.00e-04'], loss: 0.308102
[2024-03-01 20:05:00,524][INFO][clas_trainer:180] - train epoch: 13 [44608/49622 (90%)], lr: ['1.00e-04', '1.00e-04'], loss: 0.304975
[2024-03-01 20:05:06,047][INFO][clas_trainer:180] - train epoch: 13 [49568/49622 (100%)], lr: ['1.00e-04', '1.00e-04'], loss: 0.332916
[2024-03-01 20:05:10,358][INFO][clas_trainer:96] - [epoch  13] execution time: 65.33s	metrics:
[2024-03-01 20:05:10,359][INFO][clas_evaluator:69] - dataset: earlystopping, avg f1-score: 0.7106
[2024-03-01 20:05:16,675][INFO][clas_trainer:180] - train epoch: 14 [4928/49622 (10%)], lr: ['1.00e-04', '1.00e-04'], loss: 0.229258
[2024-03-01 20:05:22,549][INFO][clas_trainer:180] - train epoch: 14 [9888/49622 (20%)], lr: ['1.00e-04', '1.00e-04'], loss: 0.176561
[2024-03-01 20:05:28,696][INFO][clas_trainer:180] - train epoch: 14 [14848/49622 (30%)], lr: ['1.00e-04', '1.00e-04'], loss: 0.335102
[2024-03-01 20:05:34,686][INFO][clas_trainer:180] - train epoch: 14 [19808/49622 (40%)], lr: ['1.00e-04', '1.00e-04'], loss: 0.346251
[2024-03-01 20:05:40,725][INFO][clas_trainer:180] - train epoch: 14 [24768/49622 (50%)], lr: ['1.00e-04', '1.00e-04'], loss: 0.367755
[2024-03-01 20:05:46,513][INFO][clas_trainer:180] - train epoch: 14 [29728/49622 (60%)], lr: ['1.00e-04', '1.00e-04'], loss: 0.201390
[2024-03-01 20:05:52,576][INFO][clas_trainer:180] - train epoch: 14 [34688/49622 (70%)], lr: ['1.00e-04', '1.00e-04'], loss: 0.237094
[2024-03-01 20:05:58,188][INFO][clas_trainer:180] - train epoch: 14 [39648/49622 (80%)], lr: ['1.00e-04', '1.00e-04'], loss: 0.271810
[2024-03-01 20:06:03,989][INFO][clas_trainer:180] - train epoch: 14 [44608/49622 (90%)], lr: ['1.00e-04', '1.00e-04'], loss: 0.186893
[2024-03-01 20:06:09,629][INFO][clas_trainer:180] - train epoch: 14 [49568/49622 (100%)], lr: ['1.00e-04', '1.00e-04'], loss: 0.180335
[2024-03-01 20:06:13,920][INFO][clas_trainer:96] - [epoch  14] execution time: 63.56s	metrics:
[2024-03-01 20:06:13,921][INFO][clas_evaluator:69] - dataset: earlystopping, avg f1-score: 0.7310
[2024-03-01 20:06:20,093][INFO][clas_trainer:180] - train epoch: 15 [4928/49622 (10%)], lr: ['1.00e-04', '1.00e-04'], loss: 0.089259
[2024-03-01 20:06:25,971][INFO][clas_trainer:180] - train epoch: 15 [9888/49622 (20%)], lr: ['1.00e-04', '1.00e-04'], loss: 0.356192
[2024-03-01 20:06:31,928][INFO][clas_trainer:180] - train epoch: 15 [14848/49622 (30%)], lr: ['1.00e-04', '1.00e-04'], loss: 0.380008
[2024-03-01 20:06:37,859][INFO][clas_trainer:180] - train epoch: 15 [19808/49622 (40%)], lr: ['1.00e-04', '1.00e-04'], loss: 0.282009
[2024-03-01 20:06:43,761][INFO][clas_trainer:180] - train epoch: 15 [24768/49622 (50%)], lr: ['1.00e-04', '1.00e-04'], loss: 0.121917
[2024-03-01 20:06:49,852][INFO][clas_trainer:180] - train epoch: 15 [29728/49622 (60%)], lr: ['1.00e-04', '1.00e-04'], loss: 0.468589
[2024-03-01 20:06:55,949][INFO][clas_trainer:180] - train epoch: 15 [34688/49622 (70%)], lr: ['1.00e-04', '1.00e-04'], loss: 0.197763
[2024-03-01 20:07:01,733][INFO][clas_trainer:180] - train epoch: 15 [39648/49622 (80%)], lr: ['1.00e-04', '1.00e-04'], loss: 0.176432
[2024-03-01 20:07:07,147][INFO][clas_trainer:180] - train epoch: 15 [44608/49622 (90%)], lr: ['1.00e-04', '1.00e-04'], loss: 0.208885
[2024-03-01 20:07:13,024][INFO][clas_trainer:180] - train epoch: 15 [49568/49622 (100%)], lr: ['1.00e-04', '1.00e-04'], loss: 0.472214
[2024-03-01 20:07:17,664][INFO][clas_trainer:96] - [epoch  15] execution time: 63.74s	metrics:
[2024-03-01 20:07:17,664][INFO][clas_evaluator:69] - dataset: earlystopping, avg f1-score: 0.7331
[2024-03-01 20:07:24,008][INFO][clas_trainer:180] - train epoch: 16 [4928/49622 (10%)], lr: ['1.00e-04', '1.00e-04'], loss: 0.189789
[2024-03-01 20:07:29,634][INFO][clas_trainer:180] - train epoch: 16 [9888/49622 (20%)], lr: ['1.00e-04', '1.00e-04'], loss: 0.058439
[2024-03-01 20:07:35,177][INFO][clas_trainer:180] - train epoch: 16 [14848/49622 (30%)], lr: ['1.00e-04', '1.00e-04'], loss: 0.250908
[2024-03-01 20:07:40,963][INFO][clas_trainer:180] - train epoch: 16 [19808/49622 (40%)], lr: ['1.00e-04', '1.00e-04'], loss: 0.212538
[2024-03-01 20:07:46,826][INFO][clas_trainer:180] - train epoch: 16 [24768/49622 (50%)], lr: ['1.00e-04', '1.00e-04'], loss: 0.170923
[2024-03-01 20:07:52,593][INFO][clas_trainer:180] - train epoch: 16 [29728/49622 (60%)], lr: ['1.00e-04', '1.00e-04'], loss: 0.422347
[2024-03-01 20:07:58,497][INFO][clas_trainer:180] - train epoch: 16 [34688/49622 (70%)], lr: ['1.00e-04', '1.00e-04'], loss: 0.163340
[2024-03-01 20:08:04,601][INFO][clas_trainer:180] - train epoch: 16 [39648/49622 (80%)], lr: ['1.00e-04', '1.00e-04'], loss: 0.324247
[2024-03-01 20:08:10,505][INFO][clas_trainer:180] - train epoch: 16 [44608/49622 (90%)], lr: ['1.00e-04', '1.00e-04'], loss: 0.276700
[2024-03-01 20:08:16,435][INFO][clas_trainer:180] - train epoch: 16 [49568/49622 (100%)], lr: ['1.00e-04', '1.00e-04'], loss: 0.354899
[2024-03-01 20:08:20,533][INFO][clas_trainer:96] - [epoch  16] execution time: 62.87s	metrics:
[2024-03-01 20:08:20,533][INFO][clas_evaluator:69] - dataset: earlystopping, avg f1-score: 0.7333
[2024-03-01 20:08:26,706][INFO][clas_trainer:180] - train epoch: 17 [4928/49622 (10%)], lr: ['1.00e-04', '1.00e-04'], loss: 0.174772
[2024-03-01 20:08:32,684][INFO][clas_trainer:180] - train epoch: 17 [9888/49622 (20%)], lr: ['1.00e-04', '1.00e-04'], loss: 0.243987
[2024-03-01 20:08:38,607][INFO][clas_trainer:180] - train epoch: 17 [14848/49622 (30%)], lr: ['1.00e-04', '1.00e-04'], loss: 0.532347
[2024-03-01 20:08:44,486][INFO][clas_trainer:180] - train epoch: 17 [19808/49622 (40%)], lr: ['1.00e-04', '1.00e-04'], loss: 0.205744
[2024-03-01 20:08:50,331][INFO][clas_trainer:180] - train epoch: 17 [24768/49622 (50%)], lr: ['1.00e-04', '1.00e-04'], loss: 0.194923
[2024-03-01 20:08:56,325][INFO][clas_trainer:180] - train epoch: 17 [29728/49622 (60%)], lr: ['1.00e-04', '1.00e-04'], loss: 0.316983
[2024-03-01 20:09:02,342][INFO][clas_trainer:180] - train epoch: 17 [34688/49622 (70%)], lr: ['1.00e-04', '1.00e-04'], loss: 0.479198
[2024-03-01 20:09:08,253][INFO][clas_trainer:180] - train epoch: 17 [39648/49622 (80%)], lr: ['1.00e-04', '1.00e-04'], loss: 0.257102
[2024-03-01 20:09:13,702][INFO][clas_trainer:180] - train epoch: 17 [44608/49622 (90%)], lr: ['1.00e-04', '1.00e-04'], loss: 0.282132
[2024-03-01 20:09:19,306][INFO][clas_trainer:180] - train epoch: 17 [49568/49622 (100%)], lr: ['1.00e-04', '1.00e-04'], loss: 0.081580
[2024-03-01 20:09:23,829][INFO][clas_trainer:96] - [epoch  17] execution time: 63.30s	metrics:
[2024-03-01 20:09:23,830][INFO][clas_evaluator:69] - dataset: earlystopping, avg f1-score: 0.7605
[2024-03-01 20:09:23,861][INFO][base_model:70] - snapshot saved to /home/users/grieger/repos/frequency-pretraining/models/exp001a-m31-base_fe_clas-2024-03-01_18-01-50-final.pth
[2024-03-01 20:09:30,424][INFO][clas_trainer:180] - train epoch: 18 [4928/49622 (10%)], lr: ['1.00e-04', '1.00e-04'], loss: 0.122839
[2024-03-01 20:09:36,447][INFO][clas_trainer:180] - train epoch: 18 [9888/49622 (20%)], lr: ['1.00e-04', '1.00e-04'], loss: 0.250655
[2024-03-01 20:09:42,496][INFO][clas_trainer:180] - train epoch: 18 [14848/49622 (30%)], lr: ['1.00e-04', '1.00e-04'], loss: 0.195559
[2024-03-01 20:09:48,233][INFO][clas_trainer:180] - train epoch: 18 [19808/49622 (40%)], lr: ['1.00e-04', '1.00e-04'], loss: 0.364217
[2024-03-01 20:09:53,664][INFO][clas_trainer:180] - train epoch: 18 [24768/49622 (50%)], lr: ['1.00e-04', '1.00e-04'], loss: 0.133606
[2024-03-01 20:09:59,467][INFO][clas_trainer:180] - train epoch: 18 [29728/49622 (60%)], lr: ['1.00e-04', '1.00e-04'], loss: 0.127227
[2024-03-01 20:10:05,909][INFO][clas_trainer:180] - train epoch: 18 [34688/49622 (70%)], lr: ['1.00e-04', '1.00e-04'], loss: 0.138999
[2024-03-01 20:10:11,961][INFO][clas_trainer:180] - train epoch: 18 [39648/49622 (80%)], lr: ['1.00e-04', '1.00e-04'], loss: 0.285693
[2024-03-01 20:10:17,616][INFO][clas_trainer:180] - train epoch: 18 [44608/49622 (90%)], lr: ['1.00e-04', '1.00e-04'], loss: 0.131656
[2024-03-01 20:10:23,408][INFO][clas_trainer:180] - train epoch: 18 [49568/49622 (100%)], lr: ['1.00e-04', '1.00e-04'], loss: 0.267039
[2024-03-01 20:10:27,684][INFO][clas_trainer:96] - [epoch  18] execution time: 63.82s	metrics:
[2024-03-01 20:10:27,685][INFO][clas_evaluator:69] - dataset: earlystopping, avg f1-score: 0.7585
[2024-03-01 20:10:33,715][INFO][clas_trainer:180] - train epoch: 19 [4928/49622 (10%)], lr: ['1.00e-04', '1.00e-04'], loss: 0.106030
[2024-03-01 20:10:39,659][INFO][clas_trainer:180] - train epoch: 19 [9888/49622 (20%)], lr: ['1.00e-04', '1.00e-04'], loss: 0.185462
[2024-03-01 20:10:45,418][INFO][clas_trainer:180] - train epoch: 19 [14848/49622 (30%)], lr: ['1.00e-04', '1.00e-04'], loss: 0.249387
[2024-03-01 20:10:51,278][INFO][clas_trainer:180] - train epoch: 19 [19808/49622 (40%)], lr: ['1.00e-04', '1.00e-04'], loss: 0.185539
[2024-03-01 20:10:57,127][INFO][clas_trainer:180] - train epoch: 19 [24768/49622 (50%)], lr: ['1.00e-04', '1.00e-04'], loss: 0.265880
[2024-03-01 20:11:02,521][INFO][clas_trainer:180] - train epoch: 19 [29728/49622 (60%)], lr: ['1.00e-04', '1.00e-04'], loss: 0.095593
[2024-03-01 20:11:07,979][INFO][clas_trainer:180] - train epoch: 19 [34688/49622 (70%)], lr: ['1.00e-04', '1.00e-04'], loss: 0.138722
[2024-03-01 20:11:13,830][INFO][clas_trainer:180] - train epoch: 19 [39648/49622 (80%)], lr: ['1.00e-04', '1.00e-04'], loss: 0.214631
[2024-03-01 20:11:19,760][INFO][clas_trainer:180] - train epoch: 19 [44608/49622 (90%)], lr: ['1.00e-04', '1.00e-04'], loss: 0.545519
[2024-03-01 20:11:25,690][INFO][clas_trainer:180] - train epoch: 19 [49568/49622 (100%)], lr: ['1.00e-04', '1.00e-04'], loss: 0.335533
[2024-03-01 20:11:29,833][INFO][clas_trainer:96] - [epoch  19] execution time: 62.15s	metrics:
[2024-03-01 20:11:29,834][INFO][clas_evaluator:69] - dataset: earlystopping, avg f1-score: 0.7467
[2024-03-01 20:11:35,956][INFO][clas_trainer:180] - train epoch: 20 [4928/49622 (10%)], lr: ['1.00e-04', '1.00e-04'], loss: 0.244060
[2024-03-01 20:11:41,734][INFO][clas_trainer:180] - train epoch: 20 [9888/49622 (20%)], lr: ['1.00e-04', '1.00e-04'], loss: 0.136533
[2024-03-01 20:11:47,692][INFO][clas_trainer:180] - train epoch: 20 [14848/49622 (30%)], lr: ['1.00e-04', '1.00e-04'], loss: 0.164683
[2024-03-01 20:11:53,505][INFO][clas_trainer:180] - train epoch: 20 [19808/49622 (40%)], lr: ['1.00e-04', '1.00e-04'], loss: 0.115357
[2024-03-01 20:11:59,520][INFO][clas_trainer:180] - train epoch: 20 [24768/49622 (50%)], lr: ['1.00e-04', '1.00e-04'], loss: 0.185442
[2024-03-01 20:12:05,552][INFO][clas_trainer:180] - train epoch: 20 [29728/49622 (60%)], lr: ['1.00e-04', '1.00e-04'], loss: 0.285382
[2024-03-01 20:12:11,447][INFO][clas_trainer:180] - train epoch: 20 [34688/49622 (70%)], lr: ['1.00e-04', '1.00e-04'], loss: 0.101413
[2024-03-01 20:12:17,520][INFO][clas_trainer:180] - train epoch: 20 [39648/49622 (80%)], lr: ['1.00e-04', '1.00e-04'], loss: 0.064601
[2024-03-01 20:12:24,762][INFO][clas_trainer:180] - train epoch: 20 [44608/49622 (90%)], lr: ['1.00e-04', '1.00e-04'], loss: 0.105475
[2024-03-01 20:12:31,283][INFO][clas_trainer:180] - train epoch: 20 [49568/49622 (100%)], lr: ['1.00e-04', '1.00e-04'], loss: 0.247718
[2024-03-01 20:12:35,136][INFO][clas_trainer:96] - [epoch  20] execution time: 65.30s	metrics:
[2024-03-01 20:12:35,136][INFO][clas_evaluator:69] - dataset: earlystopping, avg f1-score: 0.7619
[2024-03-01 20:12:35,166][INFO][base_model:70] - snapshot saved to /home/users/grieger/repos/frequency-pretraining/models/exp001a-m31-base_fe_clas-2024-03-01_18-01-50-final.pth
[2024-03-01 20:12:41,255][INFO][clas_trainer:180] - train epoch: 21 [4928/49622 (10%)], lr: ['1.00e-04', '1.00e-04'], loss: 0.405768
[2024-03-01 20:12:47,597][INFO][clas_trainer:180] - train epoch: 21 [9888/49622 (20%)], lr: ['1.00e-04', '1.00e-04'], loss: 0.176121
[2024-03-01 20:12:53,372][INFO][clas_trainer:180] - train epoch: 21 [14848/49622 (30%)], lr: ['1.00e-04', '1.00e-04'], loss: 0.383262
[2024-03-01 20:12:59,474][INFO][clas_trainer:180] - train epoch: 21 [19808/49622 (40%)], lr: ['1.00e-04', '1.00e-04'], loss: 0.077426
[2024-03-01 20:13:05,189][INFO][clas_trainer:180] - train epoch: 21 [24768/49622 (50%)], lr: ['1.00e-04', '1.00e-04'], loss: 0.281982
[2024-03-01 20:13:10,976][INFO][clas_trainer:180] - train epoch: 21 [29728/49622 (60%)], lr: ['1.00e-04', '1.00e-04'], loss: 0.184346
[2024-03-01 20:13:16,826][INFO][clas_trainer:180] - train epoch: 21 [34688/49622 (70%)], lr: ['1.00e-04', '1.00e-04'], loss: 0.254136
[2024-03-01 20:13:22,597][INFO][clas_trainer:180] - train epoch: 21 [39648/49622 (80%)], lr: ['1.00e-04', '1.00e-04'], loss: 0.119745
[2024-03-01 20:13:28,462][INFO][clas_trainer:180] - train epoch: 21 [44608/49622 (90%)], lr: ['1.00e-04', '1.00e-04'], loss: 0.320832
[2024-03-01 20:13:34,325][INFO][clas_trainer:180] - train epoch: 21 [49568/49622 (100%)], lr: ['1.00e-04', '1.00e-04'], loss: 0.178469
[2024-03-01 20:13:38,239][INFO][clas_trainer:96] - [epoch  21] execution time: 63.07s	metrics:
[2024-03-01 20:13:38,240][INFO][clas_evaluator:69] - dataset: earlystopping, avg f1-score: 0.7614
[2024-03-01 20:13:44,428][INFO][clas_trainer:180] - train epoch: 22 [4928/49622 (10%)], lr: ['1.00e-04', '1.00e-04'], loss: 0.174699
[2024-03-01 20:13:50,215][INFO][clas_trainer:180] - train epoch: 22 [9888/49622 (20%)], lr: ['1.00e-04', '1.00e-04'], loss: 0.173242
[2024-03-01 20:13:56,130][INFO][clas_trainer:180] - train epoch: 22 [14848/49622 (30%)], lr: ['1.00e-04', '1.00e-04'], loss: 0.168678
[2024-03-01 20:14:02,015][INFO][clas_trainer:180] - train epoch: 22 [19808/49622 (40%)], lr: ['1.00e-04', '1.00e-04'], loss: 0.144930
[2024-03-01 20:14:07,925][INFO][clas_trainer:180] - train epoch: 22 [24768/49622 (50%)], lr: ['1.00e-04', '1.00e-04'], loss: 0.095807
[2024-03-01 20:14:13,674][INFO][clas_trainer:180] - train epoch: 22 [29728/49622 (60%)], lr: ['1.00e-04', '1.00e-04'], loss: 0.166689
[2024-03-01 20:14:19,722][INFO][clas_trainer:180] - train epoch: 22 [34688/49622 (70%)], lr: ['1.00e-04', '1.00e-04'], loss: 0.179253
[2024-03-01 20:14:25,583][INFO][clas_trainer:180] - train epoch: 22 [39648/49622 (80%)], lr: ['1.00e-04', '1.00e-04'], loss: 0.127614
[2024-03-01 20:14:31,562][INFO][clas_trainer:180] - train epoch: 22 [44608/49622 (90%)], lr: ['1.00e-04', '1.00e-04'], loss: 0.259531
[2024-03-01 20:14:37,481][INFO][clas_trainer:180] - train epoch: 22 [49568/49622 (100%)], lr: ['1.00e-04', '1.00e-04'], loss: 0.194693
[2024-03-01 20:14:41,460][INFO][clas_trainer:96] - [epoch  22] execution time: 63.22s	metrics:
[2024-03-01 20:14:41,461][INFO][clas_evaluator:69] - dataset: earlystopping, avg f1-score: 0.7751
[2024-03-01 20:14:41,492][INFO][base_model:70] - snapshot saved to /home/users/grieger/repos/frequency-pretraining/models/exp001a-m31-base_fe_clas-2024-03-01_18-01-50-final.pth
[2024-03-01 20:14:47,676][INFO][clas_trainer:180] - train epoch: 23 [4928/49622 (10%)], lr: ['1.00e-04', '1.00e-04'], loss: 0.124199
[2024-03-01 20:14:53,639][INFO][clas_trainer:180] - train epoch: 23 [9888/49622 (20%)], lr: ['1.00e-04', '1.00e-04'], loss: 0.206903
[2024-03-01 20:14:59,270][INFO][clas_trainer:180] - train epoch: 23 [14848/49622 (30%)], lr: ['1.00e-04', '1.00e-04'], loss: 0.180948
[2024-03-01 20:15:04,668][INFO][clas_trainer:180] - train epoch: 23 [19808/49622 (40%)], lr: ['1.00e-04', '1.00e-04'], loss: 0.113965
[2024-03-01 20:15:10,051][INFO][clas_trainer:180] - train epoch: 23 [24768/49622 (50%)], lr: ['1.00e-04', '1.00e-04'], loss: 0.051207
[2024-03-01 20:15:15,356][INFO][clas_trainer:180] - train epoch: 23 [29728/49622 (60%)], lr: ['1.00e-04', '1.00e-04'], loss: 0.132641
[2024-03-01 20:15:20,674][INFO][clas_trainer:180] - train epoch: 23 [34688/49622 (70%)], lr: ['1.00e-04', '1.00e-04'], loss: 0.154938
[2024-03-01 20:15:25,986][INFO][clas_trainer:180] - train epoch: 23 [39648/49622 (80%)], lr: ['1.00e-04', '1.00e-04'], loss: 0.280896
[2024-03-01 20:15:31,801][INFO][clas_trainer:180] - train epoch: 23 [44608/49622 (90%)], lr: ['1.00e-04', '1.00e-04'], loss: 0.065709
[2024-03-01 20:15:37,316][INFO][clas_trainer:180] - train epoch: 23 [49568/49622 (100%)], lr: ['1.00e-04', '1.00e-04'], loss: 0.017479
[2024-03-01 20:15:41,092][INFO][clas_trainer:96] - [epoch  23] execution time: 59.60s	metrics:
[2024-03-01 20:15:41,092][INFO][clas_evaluator:69] - dataset: earlystopping, avg f1-score: 0.7552
[2024-03-01 20:15:47,426][INFO][clas_trainer:180] - train epoch: 24 [4928/49622 (10%)], lr: ['1.00e-04', '1.00e-04'], loss: 0.081614
[2024-03-01 20:15:53,316][INFO][clas_trainer:180] - train epoch: 24 [9888/49622 (20%)], lr: ['1.00e-04', '1.00e-04'], loss: 0.516213
[2024-03-01 20:15:59,256][INFO][clas_trainer:180] - train epoch: 24 [14848/49622 (30%)], lr: ['1.00e-04', '1.00e-04'], loss: 0.053029
[2024-03-01 20:16:05,046][INFO][clas_trainer:180] - train epoch: 24 [19808/49622 (40%)], lr: ['1.00e-04', '1.00e-04'], loss: 0.200156
[2024-03-01 20:16:10,908][INFO][clas_trainer:180] - train epoch: 24 [24768/49622 (50%)], lr: ['1.00e-04', '1.00e-04'], loss: 0.357661
[2024-03-01 20:16:16,664][INFO][clas_trainer:180] - train epoch: 24 [29728/49622 (60%)], lr: ['1.00e-04', '1.00e-04'], loss: 0.249710
[2024-03-01 20:16:22,392][INFO][clas_trainer:180] - train epoch: 24 [34688/49622 (70%)], lr: ['1.00e-04', '1.00e-04'], loss: 0.061639
[2024-03-01 20:16:28,458][INFO][clas_trainer:180] - train epoch: 24 [39648/49622 (80%)], lr: ['1.00e-04', '1.00e-04'], loss: 0.182678
[2024-03-01 20:16:34,337][INFO][clas_trainer:180] - train epoch: 24 [44608/49622 (90%)], lr: ['1.00e-04', '1.00e-04'], loss: 0.086632
[2024-03-01 20:16:40,179][INFO][clas_trainer:180] - train epoch: 24 [49568/49622 (100%)], lr: ['1.00e-04', '1.00e-04'], loss: 0.165187
[2024-03-01 20:16:43,893][INFO][clas_trainer:96] - [epoch  24] execution time: 62.80s	metrics:
[2024-03-01 20:16:43,894][INFO][clas_evaluator:69] - dataset: earlystopping, avg f1-score: 0.7519
[2024-03-01 20:16:50,067][INFO][clas_trainer:180] - train epoch: 25 [4928/49622 (10%)], lr: ['1.00e-04', '1.00e-04'], loss: 0.130880
[2024-03-01 20:16:55,947][INFO][clas_trainer:180] - train epoch: 25 [9888/49622 (20%)], lr: ['1.00e-04', '1.00e-04'], loss: 0.221296
[2024-03-01 20:17:01,963][INFO][clas_trainer:180] - train epoch: 25 [14848/49622 (30%)], lr: ['1.00e-04', '1.00e-04'], loss: 0.126713
[2024-03-01 20:17:07,675][INFO][clas_trainer:180] - train epoch: 25 [19808/49622 (40%)], lr: ['1.00e-04', '1.00e-04'], loss: 0.159768
[2024-03-01 20:17:13,437][INFO][clas_trainer:180] - train epoch: 25 [24768/49622 (50%)], lr: ['1.00e-04', '1.00e-04'], loss: 0.112026
[2024-03-01 20:17:19,210][INFO][clas_trainer:180] - train epoch: 25 [29728/49622 (60%)], lr: ['1.00e-04', '1.00e-04'], loss: 0.156869
[2024-03-01 20:17:24,919][INFO][clas_trainer:180] - train epoch: 25 [34688/49622 (70%)], lr: ['1.00e-04', '1.00e-04'], loss: 0.100092
[2024-03-01 20:17:30,784][INFO][clas_trainer:180] - train epoch: 25 [39648/49622 (80%)], lr: ['1.00e-04', '1.00e-04'], loss: 0.347505
[2024-03-01 20:17:36,579][INFO][clas_trainer:180] - train epoch: 25 [44608/49622 (90%)], lr: ['1.00e-04', '1.00e-04'], loss: 0.345998
[2024-03-01 20:17:42,420][INFO][clas_trainer:180] - train epoch: 25 [49568/49622 (100%)], lr: ['1.00e-04', '1.00e-04'], loss: 0.178382
[2024-03-01 20:17:46,197][INFO][clas_trainer:96] - [epoch  25] execution time: 62.30s	metrics:
[2024-03-01 20:17:46,198][INFO][clas_evaluator:69] - dataset: earlystopping, avg f1-score: 0.7360
[2024-03-01 20:17:53,338][INFO][clas_trainer:180] - train epoch: 26 [4928/49622 (10%)], lr: ['1.00e-04', '1.00e-04'], loss: 0.158221
[2024-03-01 20:17:58,776][INFO][clas_trainer:180] - train epoch: 26 [9888/49622 (20%)], lr: ['1.00e-04', '1.00e-04'], loss: 0.208003
[2024-03-01 20:18:04,281][INFO][clas_trainer:180] - train epoch: 26 [14848/49622 (30%)], lr: ['1.00e-04', '1.00e-04'], loss: 0.354290
[2024-03-01 20:18:10,385][INFO][clas_trainer:180] - train epoch: 26 [19808/49622 (40%)], lr: ['1.00e-04', '1.00e-04'], loss: 0.146999
[2024-03-01 20:18:16,154][INFO][clas_trainer:180] - train epoch: 26 [24768/49622 (50%)], lr: ['1.00e-04', '1.00e-04'], loss: 0.024019
[2024-03-01 20:18:21,820][INFO][clas_trainer:180] - train epoch: 26 [29728/49622 (60%)], lr: ['1.00e-04', '1.00e-04'], loss: 0.219203
[2024-03-01 20:18:27,465][INFO][clas_trainer:180] - train epoch: 26 [34688/49622 (70%)], lr: ['1.00e-04', '1.00e-04'], loss: 0.407509
[2024-03-01 20:18:32,784][INFO][clas_trainer:180] - train epoch: 26 [39648/49622 (80%)], lr: ['1.00e-04', '1.00e-04'], loss: 0.138816
[2024-03-01 20:18:38,663][INFO][clas_trainer:180] - train epoch: 26 [44608/49622 (90%)], lr: ['1.00e-04', '1.00e-04'], loss: 0.086731
[2024-03-01 20:18:44,654][INFO][clas_trainer:180] - train epoch: 26 [49568/49622 (100%)], lr: ['1.00e-04', '1.00e-04'], loss: 0.186193
[2024-03-01 20:18:48,526][INFO][clas_trainer:96] - [epoch  26] execution time: 62.33s	metrics:
[2024-03-01 20:18:48,526][INFO][clas_evaluator:69] - dataset: earlystopping, avg f1-score: 0.7637
[2024-03-01 20:18:54,963][INFO][clas_trainer:180] - train epoch: 27 [4928/49622 (10%)], lr: ['1.00e-04', '1.00e-04'], loss: 0.186815
[2024-03-01 20:19:00,801][INFO][clas_trainer:180] - train epoch: 27 [9888/49622 (20%)], lr: ['1.00e-04', '1.00e-04'], loss: 0.426486
[2024-03-01 20:19:06,439][INFO][clas_trainer:180] - train epoch: 27 [14848/49622 (30%)], lr: ['1.00e-04', '1.00e-04'], loss: 0.246190
[2024-03-01 20:19:12,106][INFO][clas_trainer:180] - train epoch: 27 [19808/49622 (40%)], lr: ['1.00e-04', '1.00e-04'], loss: 0.031876
[2024-03-01 20:19:17,874][INFO][clas_trainer:180] - train epoch: 27 [24768/49622 (50%)], lr: ['1.00e-04', '1.00e-04'], loss: 0.139833
[2024-03-01 20:19:23,761][INFO][clas_trainer:180] - train epoch: 27 [29728/49622 (60%)], lr: ['1.00e-04', '1.00e-04'], loss: 0.087965
[2024-03-01 20:19:29,389][INFO][clas_trainer:180] - train epoch: 27 [34688/49622 (70%)], lr: ['1.00e-04', '1.00e-04'], loss: 0.063520
[2024-03-01 20:19:35,143][INFO][clas_trainer:180] - train epoch: 27 [39648/49622 (80%)], lr: ['1.00e-04', '1.00e-04'], loss: 0.148067
[2024-03-01 20:19:41,030][INFO][clas_trainer:180] - train epoch: 27 [44608/49622 (90%)], lr: ['1.00e-04', '1.00e-04'], loss: 0.250013
[2024-03-01 20:19:47,114][INFO][clas_trainer:180] - train epoch: 27 [49568/49622 (100%)], lr: ['1.00e-04', '1.00e-04'], loss: 0.071455
[2024-03-01 20:19:51,256][INFO][clas_trainer:96] - [epoch  27] execution time: 62.73s	metrics:
[2024-03-01 20:19:51,256][INFO][clas_evaluator:69] - dataset: earlystopping, avg f1-score: 0.7347
[2024-03-01 20:19:57,443][INFO][clas_trainer:180] - train epoch: 28 [4928/49622 (10%)], lr: ['1.00e-04', '1.00e-04'], loss: 0.267820
[2024-03-01 20:20:03,395][INFO][clas_trainer:180] - train epoch: 28 [9888/49622 (20%)], lr: ['1.00e-04', '1.00e-04'], loss: 0.096051
[2024-03-01 20:20:09,435][INFO][clas_trainer:180] - train epoch: 28 [14848/49622 (30%)], lr: ['1.00e-04', '1.00e-04'], loss: 0.195139
[2024-03-01 20:20:15,340][INFO][clas_trainer:180] - train epoch: 28 [19808/49622 (40%)], lr: ['1.00e-04', '1.00e-04'], loss: 0.150154
[2024-03-01 20:20:21,481][INFO][clas_trainer:180] - train epoch: 28 [24768/49622 (50%)], lr: ['1.00e-04', '1.00e-04'], loss: 0.282874
[2024-03-01 20:20:27,657][INFO][clas_trainer:180] - train epoch: 28 [29728/49622 (60%)], lr: ['1.00e-04', '1.00e-04'], loss: 0.316946
[2024-03-01 20:20:33,438][INFO][clas_trainer:180] - train epoch: 28 [34688/49622 (70%)], lr: ['1.00e-04', '1.00e-04'], loss: 0.117285
[2024-03-01 20:20:39,232][INFO][clas_trainer:180] - train epoch: 28 [39648/49622 (80%)], lr: ['1.00e-04', '1.00e-04'], loss: 0.360866
[2024-03-01 20:20:44,676][INFO][clas_trainer:180] - train epoch: 28 [44608/49622 (90%)], lr: ['1.00e-04', '1.00e-04'], loss: 0.190577
[2024-03-01 20:20:50,307][INFO][clas_trainer:180] - train epoch: 28 [49568/49622 (100%)], lr: ['1.00e-04', '1.00e-04'], loss: 0.135207
[2024-03-01 20:20:54,627][INFO][clas_trainer:96] - [epoch  28] execution time: 63.37s	metrics:
[2024-03-01 20:20:54,627][INFO][clas_evaluator:69] - dataset: earlystopping, avg f1-score: 0.7581
[2024-03-01 20:21:00,768][INFO][clas_trainer:180] - train epoch: 29 [4928/49622 (10%)], lr: ['1.00e-04', '1.00e-04'], loss: 0.085262
[2024-03-01 20:21:06,609][INFO][clas_trainer:180] - train epoch: 29 [9888/49622 (20%)], lr: ['1.00e-04', '1.00e-04'], loss: 0.203297
[2024-03-01 20:21:12,575][INFO][clas_trainer:180] - train epoch: 29 [14848/49622 (30%)], lr: ['1.00e-04', '1.00e-04'], loss: 0.208871
[2024-03-01 20:21:18,566][INFO][clas_trainer:180] - train epoch: 29 [19808/49622 (40%)], lr: ['1.00e-04', '1.00e-04'], loss: 0.109940
[2024-03-01 20:21:24,425][INFO][clas_trainer:180] - train epoch: 29 [24768/49622 (50%)], lr: ['1.00e-04', '1.00e-04'], loss: 0.159367
[2024-03-01 20:21:30,237][INFO][clas_trainer:180] - train epoch: 29 [29728/49622 (60%)], lr: ['1.00e-04', '1.00e-04'], loss: 0.195531
[2024-03-01 20:21:36,094][INFO][clas_trainer:180] - train epoch: 29 [34688/49622 (70%)], lr: ['1.00e-04', '1.00e-04'], loss: 0.125142
[2024-03-01 20:21:42,048][INFO][clas_trainer:180] - train epoch: 29 [39648/49622 (80%)], lr: ['1.00e-04', '1.00e-04'], loss: 0.320687
[2024-03-01 20:21:47,633][INFO][clas_trainer:180] - train epoch: 29 [44608/49622 (90%)], lr: ['1.00e-04', '1.00e-04'], loss: 0.101367
[2024-03-01 20:21:53,410][INFO][clas_trainer:180] - train epoch: 29 [49568/49622 (100%)], lr: ['1.00e-04', '1.00e-04'], loss: 0.082648
[2024-03-01 20:21:57,220][INFO][clas_trainer:96] - [epoch  29] execution time: 62.59s	metrics:
[2024-03-01 20:21:57,221][INFO][clas_evaluator:69] - dataset: earlystopping, avg f1-score: 0.7487
[2024-03-01 20:22:03,051][INFO][clas_trainer:180] - train epoch: 30 [4928/49622 (10%)], lr: ['1.00e-04', '1.00e-04'], loss: 0.168585
[2024-03-01 20:22:08,924][INFO][clas_trainer:180] - train epoch: 30 [9888/49622 (20%)], lr: ['1.00e-04', '1.00e-04'], loss: 0.109805
[2024-03-01 20:22:14,683][INFO][clas_trainer:180] - train epoch: 30 [14848/49622 (30%)], lr: ['1.00e-04', '1.00e-04'], loss: 0.133009
[2024-03-01 20:22:20,522][INFO][clas_trainer:180] - train epoch: 30 [19808/49622 (40%)], lr: ['1.00e-04', '1.00e-04'], loss: 0.245002
[2024-03-01 20:22:26,472][INFO][clas_trainer:180] - train epoch: 30 [24768/49622 (50%)], lr: ['1.00e-04', '1.00e-04'], loss: 0.265505
[2024-03-01 20:22:32,458][INFO][clas_trainer:180] - train epoch: 30 [29728/49622 (60%)], lr: ['1.00e-04', '1.00e-04'], loss: 0.229925
[2024-03-01 20:22:38,387][INFO][clas_trainer:180] - train epoch: 30 [34688/49622 (70%)], lr: ['1.00e-04', '1.00e-04'], loss: 0.086225
[2024-03-01 20:22:44,293][INFO][clas_trainer:180] - train epoch: 30 [39648/49622 (80%)], lr: ['1.00e-04', '1.00e-04'], loss: 0.191731
[2024-03-01 20:22:49,921][INFO][clas_trainer:180] - train epoch: 30 [44608/49622 (90%)], lr: ['1.00e-04', '1.00e-04'], loss: 0.064152
[2024-03-01 20:22:55,817][INFO][clas_trainer:180] - train epoch: 30 [49568/49622 (100%)], lr: ['1.00e-04', '1.00e-04'], loss: 0.151300
[2024-03-01 20:22:59,429][INFO][clas_trainer:96] - [epoch  30] execution time: 62.21s	metrics:
[2024-03-01 20:22:59,430][INFO][clas_evaluator:69] - dataset: earlystopping, avg f1-score: 0.7547
[2024-03-01 20:23:05,516][INFO][clas_trainer:180] - train epoch: 31 [4928/49622 (10%)], lr: ['1.00e-04', '1.00e-04'], loss: 0.123071
[2024-03-01 20:23:11,131][INFO][clas_trainer:180] - train epoch: 31 [9888/49622 (20%)], lr: ['1.00e-04', '1.00e-04'], loss: 0.060776
[2024-03-01 20:23:16,911][INFO][clas_trainer:180] - train epoch: 31 [14848/49622 (30%)], lr: ['1.00e-04', '1.00e-04'], loss: 0.160889
[2024-03-01 20:23:22,639][INFO][clas_trainer:180] - train epoch: 31 [19808/49622 (40%)], lr: ['1.00e-04', '1.00e-04'], loss: 0.164145
[2024-03-01 20:23:28,946][INFO][clas_trainer:180] - train epoch: 31 [24768/49622 (50%)], lr: ['1.00e-04', '1.00e-04'], loss: 0.151883
[2024-03-01 20:23:34,817][INFO][clas_trainer:180] - train epoch: 31 [29728/49622 (60%)], lr: ['1.00e-04', '1.00e-04'], loss: 0.045324
[2024-03-01 20:23:40,356][INFO][clas_trainer:180] - train epoch: 31 [34688/49622 (70%)], lr: ['1.00e-04', '1.00e-04'], loss: 0.122076
[2024-03-01 20:23:46,305][INFO][clas_trainer:180] - train epoch: 31 [39648/49622 (80%)], lr: ['1.00e-04', '1.00e-04'], loss: 0.137219
[2024-03-01 20:23:52,123][INFO][clas_trainer:180] - train epoch: 31 [44608/49622 (90%)], lr: ['1.00e-04', '1.00e-04'], loss: 0.313656
[2024-03-01 20:23:57,978][INFO][clas_trainer:180] - train epoch: 31 [49568/49622 (100%)], lr: ['1.00e-04', '1.00e-04'], loss: 0.026987
[2024-03-01 20:24:02,083][INFO][clas_trainer:96] - [epoch  31] execution time: 62.65s	metrics:
[2024-03-01 20:24:02,084][INFO][clas_evaluator:69] - dataset: earlystopping, avg f1-score: 0.7551
[2024-03-01 20:24:08,183][INFO][clas_trainer:180] - train epoch: 32 [4928/49622 (10%)], lr: ['1.00e-04', '1.00e-04'], loss: 0.093892
[2024-03-01 20:24:13,777][INFO][clas_trainer:180] - train epoch: 32 [9888/49622 (20%)], lr: ['1.00e-04', '1.00e-04'], loss: 0.210078
[2024-03-01 20:24:19,629][INFO][clas_trainer:180] - train epoch: 32 [14848/49622 (30%)], lr: ['1.00e-04', '1.00e-04'], loss: 0.055562
[2024-03-01 20:24:25,483][INFO][clas_trainer:180] - train epoch: 32 [19808/49622 (40%)], lr: ['1.00e-04', '1.00e-04'], loss: 0.103497
[2024-03-01 20:24:31,548][INFO][clas_trainer:180] - train epoch: 32 [24768/49622 (50%)], lr: ['1.00e-04', '1.00e-04'], loss: 0.177363
[2024-03-01 20:24:37,725][INFO][clas_trainer:180] - train epoch: 32 [29728/49622 (60%)], lr: ['1.00e-04', '1.00e-04'], loss: 0.258825
[2024-03-01 20:24:43,786][INFO][clas_trainer:180] - train epoch: 32 [34688/49622 (70%)], lr: ['1.00e-04', '1.00e-04'], loss: 0.066266
[2024-03-01 20:24:49,769][INFO][clas_trainer:180] - train epoch: 32 [39648/49622 (80%)], lr: ['1.00e-04', '1.00e-04'], loss: 0.121282
[2024-03-01 20:24:55,686][INFO][clas_trainer:180] - train epoch: 32 [44608/49622 (90%)], lr: ['1.00e-04', '1.00e-04'], loss: 0.027080
[2024-03-01 20:25:01,519][INFO][clas_trainer:180] - train epoch: 32 [49568/49622 (100%)], lr: ['1.00e-04', '1.00e-04'], loss: 0.095775
[2024-03-01 20:25:05,638][INFO][clas_trainer:96] - [epoch  32] execution time: 63.55s	metrics:
[2024-03-01 20:25:05,639][INFO][clas_evaluator:69] - dataset: earlystopping, avg f1-score: 0.7603
[2024-03-01 20:25:05,648][INFO][clas_trainer:115] - finished training
[2024-03-01 20:25:05,648][INFO][clas_trainer:116] - best model on epoch: 22 	f1-score: 0.7751
