[2024-03-02 01:31:52,063][INFO][fine-tune:33] - Using GPU 0
[2024-03-02 01:31:52,072][INFO][fine-tune:43] - overrides:
hydra:
- hydra.launcher.n_jobs=10
- hydra.mode=MULTIRUN
task:
- m_seed_path_sids={seeds:[10,10,10,10,10],path:"exp001b-m10-simple_multi_class-2024-03-01_15-35-58-final.pth",subject_ids:{dod_o_h:$\{data.dod_o_h.cv_5_fold.fold_1\}}}
- data.downstream.train_dataloader.dataset.data_reducer.n_subjects=25
- general.gpus=[0]

[2024-03-02 01:31:59,961][INFO][data_loaders:71] - class distribution before data reduction:
# samples per subject
02fb158a-a658-51ee-89cf-1e1dc2ebfde1: 861
03341d0d-5927-5838-8a5f-1b8ef39d8f57: 1063
039ce8ad-a7fa-5272-a3e3-1f4bfebdd087: 915
095d6e40-5f19-55b6-a0ec-6e0ad3793da0: 1192
0d79f4b1-e74f-5e87-8e42-f9dd7112ada5: 968
130f3f52-7d0a-551e-af61-2ee75455e5c9: 989
14c012bd-65b0-56f5-bc74-2dffcea69837: 969
18482adf-1144-54ca-9e35-27f65c43a105: 824
18ede714-aba3-5ad8-bb1a-18fc9b1c4192: 995
1da3544e-dc5c-5795-adc3-f5068959211f: 955
2d01dc34-f36c-562e-b24a-d20dc798fdfc: 837
2e865ca9-e20f-5a6f-bd25-45d28cc9eab9: 950
30e8a05b-4cf1-5aa8-9ef7-28d6e2949ad5: 699
32556393-bb57-560a-99e8-e09885219647: 1106
37d0da97-9ae8-5413-b889-4e843ff35488: 1011
3dd35e7b-d7e2-516d-8a85-e0d58a59569f: 1093
3e842aa8-bcd9-521e-93a2-72124233fe2c: 620
40e25dd4-6087-5747-b9c2-4838ada86b15: 1076
47f45aa2-31c4-595b-bdb6-f1348bba062b: 1032
52fbe46b-206c-584a-9f4f-1eb308e07bac: 1064
5b94ec8a-c34d-5e45-84d1-bec2ea965609: 1090
5ddbc68c-1283-5c27-952b-d7f102291bc2: 1097
64959ac4-53b5-5868-a845-c7476e9fdf7b: 990
67fa8e29-6f4d-530e-9422-bbc3aca86ed0: 1046
6e2aa933-c51c-5a31-8c7b-83da8d076a12: 905
730aba3b-e310-5be0-9eed-7c3123466834: 1120
742f1592-627c-54eb-bbb5-ccd55ffae33a: 975
769df255-2284-50b3-8917-2155c759fbbd: 929
7ab8ff5f-a77f-567d-9882-f8bee0c3c9bf: 989
7f5237b1-2196-5c8a-9543-a5aa70210ef4: 931
83c1394e-9c69-5c11-9102-9ff8d59b1cfd: 1011
90aef91a-252f-5ccc-a82e-78ea7ee9ca1f: 1089
a0c91989-530f-5117-80c1-2488dbed683c: 1017
a25b2296-343b-53f6-8792-ada2669d466e: 1008
a35a118e-e65e-5928-92a9-4354a6a0f4ce: 813
a6254c8a-f1b2-5736-b601-18245dd5e0a5: 1084
a65a9e69-cddf-5711-9a97-de8bfdeb08cc: 961
aa160c78-6da3-5e05-8fc9-d6c13e9f97e0: 1010
aadc9e0c-b7c3-5a47-851d-f21971d10935: 969
ad47bc12-199c-5294-9cb8-4351bbbf7b5e: 893
bb474ab0-c2ce-573b-8acd-ef86b0fa26a2: 1142
c03e27b0-4cb5-584f-aaea-8f1e1ed6513c: 1121
c11c730f-0b6b-580b-af31-d8f0ebbbdfce: 917
c31a47f9-e400-5841-a22b-521c81042603: 986
c8110476-594c-533d-95bd-86147fccc987: 995
c985916d-46a5-5c3e-9d50-a5a91f460bac: 1024
cc3b4b63-4a6f-5f28-ac7e-62f83c271449: 1076
cebd3520-4e77-5222-a614-d2888e6afc2b: 1109
d3cadb78-cb8c-5a6e-885c-392e457c68b1: 982
e59c45e0-0c0c-565f-84a9-6cf0ec5ef6c1: 844
e6b7cbef-4c9d-5541-82e8-04810de0fb60: 819
e72505f1-21be-5d66-b620-cfcfa2d754bc: 973
e8ec8ec4-dc48-50ce-985a-a06d87861030: 975
eb95076c-c470-56a4-b788-ace310f061c6: 965
f2a69bdc-ed51-5e3f-b102-6b3f7d392be0: 960
f66bc75e-778b-5037-af86-b5275cd4c79f: 865

# samples per stage
0: 9494
1: 2905
2: 26876
3: 6416
4: 9208
[2024-03-02 01:32:00,277][INFO][data_loaders:77] - class distribution after data reduction:
# samples per subject
03341d0d-5927-5838-8a5f-1b8ef39d8f57: 2126
039ce8ad-a7fa-5272-a3e3-1f4bfebdd087: 1830
095d6e40-5f19-55b6-a0ec-6e0ad3793da0: 2384
0d79f4b1-e74f-5e87-8e42-f9dd7112ada5: 1936
14c012bd-65b0-56f5-bc74-2dffcea69837: 1938
18482adf-1144-54ca-9e35-27f65c43a105: 1648
2d01dc34-f36c-562e-b24a-d20dc798fdfc: 1674
40e25dd4-6087-5747-b9c2-4838ada86b15: 2152
47f45aa2-31c4-595b-bdb6-f1348bba062b: 2064
5b94ec8a-c34d-5e45-84d1-bec2ea965609: 2180
5ddbc68c-1283-5c27-952b-d7f102291bc2: 2194
67fa8e29-6f4d-530e-9422-bbc3aca86ed0: 2092
742f1592-627c-54eb-bbb5-ccd55ffae33a: 1950
769df255-2284-50b3-8917-2155c759fbbd: 1858
83c1394e-9c69-5c11-9102-9ff8d59b1cfd: 2022
a0c91989-530f-5117-80c1-2488dbed683c: 2034
a35a118e-e65e-5928-92a9-4354a6a0f4ce: 1626
a6254c8a-f1b2-5736-b601-18245dd5e0a5: 2168
aa160c78-6da3-5e05-8fc9-d6c13e9f97e0: 2020
aadc9e0c-b7c3-5a47-851d-f21971d10935: 1938
c31a47f9-e400-5841-a22b-521c81042603: 1972
c8110476-594c-533d-95bd-86147fccc987: 1990
c985916d-46a5-5c3e-9d50-a5a91f460bac: 2048
e6b7cbef-4c9d-5541-82e8-04810de0fb60: 1638
eb95076c-c470-56a4-b788-ace310f061c6: 1930

# samples per stage
0: 7958
1: 2588
2: 24198
3: 6308
4: 8360
[2024-03-02 01:32:00,303][INFO][base_pret_fe:84] - Loading model from exp001b-m10-simple_multi_class-2024-03-01_15-35-58-final.pth
[2024-03-02 01:32:01,185][INFO][data_loaders:71] - class distribution before data reduction:
# samples per subject
0416d51f-5d69-5326-b74a-a2e31a96a1ef: 822
119f9726-eb4c-5a0e-a7bb-9e15256149a1: 932
25a6b2b0-4d09-561b-82c6-f09bb271d3be: 1063
6a7503ac-ab3a-5d5b-b474-4b0fe37748dd: 1213
a30245e3-4a71-565f-9636-92e7d2e825fc: 1122
a4568951-bf87-5bbc-bc4f-28e93c360be6: 975
b3534fa3-7676-50dc-8412-07f0eff4f7a9: 757
fc10ee0b-b863-511b-bce8-4dfa7af8ac3a: 910

# samples per stage
0: 1108
1: 428
2: 4097
3: 908
4: 1253
[2024-03-02 01:32:01,210][INFO][data_loaders:77] - class distribution after data reduction:
# samples per subject
0416d51f-5d69-5326-b74a-a2e31a96a1ef: 822
119f9726-eb4c-5a0e-a7bb-9e15256149a1: 932
25a6b2b0-4d09-561b-82c6-f09bb271d3be: 1063
6a7503ac-ab3a-5d5b-b474-4b0fe37748dd: 1213
a30245e3-4a71-565f-9636-92e7d2e825fc: 1122
a4568951-bf87-5bbc-bc4f-28e93c360be6: 975
b3534fa3-7676-50dc-8412-07f0eff4f7a9: 757
fc10ee0b-b863-511b-bce8-4dfa7af8ac3a: 910

# samples per stage
0: 1108
1: 428
2: 4097
3: 908
4: 1253
[2024-03-02 01:32:01,236][INFO][clas_trainer:82] - metrics before training (epoch 0):
[2024-03-02 01:32:05,231][INFO][clas_evaluator:69] - dataset: earlystopping, avg f1-score: 0.0813
[2024-03-02 01:32:09,371][INFO][clas_trainer:180] - train epoch: 1 [4896/49412 (10%)], lr: ['1.00e-04'], loss: 1.660571
[2024-03-02 01:32:13,416][INFO][clas_trainer:180] - train epoch: 1 [9824/49412 (20%)], lr: ['1.00e-04'], loss: 0.549895
[2024-03-02 01:32:17,452][INFO][clas_trainer:180] - train epoch: 1 [14752/49412 (30%)], lr: ['1.00e-04'], loss: 0.617612
[2024-03-02 01:32:21,570][INFO][clas_trainer:180] - train epoch: 1 [19680/49412 (40%)], lr: ['1.00e-04'], loss: 0.685242
[2024-03-02 01:32:25,326][INFO][clas_trainer:180] - train epoch: 1 [24608/49412 (50%)], lr: ['1.00e-04'], loss: 0.211193
[2024-03-02 01:32:29,076][INFO][clas_trainer:180] - train epoch: 1 [29536/49412 (60%)], lr: ['1.00e-04'], loss: 0.646701
[2024-03-02 01:32:33,224][INFO][clas_trainer:180] - train epoch: 1 [34464/49412 (70%)], lr: ['1.00e-04'], loss: 0.498631
[2024-03-02 01:32:37,336][INFO][clas_trainer:180] - train epoch: 1 [39392/49412 (80%)], lr: ['1.00e-04'], loss: 0.543872
[2024-03-02 01:32:41,182][INFO][clas_trainer:180] - train epoch: 1 [44320/49412 (90%)], lr: ['1.00e-04'], loss: 0.451391
[2024-03-02 01:32:45,281][INFO][clas_trainer:180] - train epoch: 1 [49248/49412 (100%)], lr: ['1.00e-04'], loss: 0.468534
[2024-03-02 01:32:49,439][INFO][clas_trainer:96] - [epoch   1] execution time: 44.21s	metrics:
[2024-03-02 01:32:49,440][INFO][clas_evaluator:69] - dataset: earlystopping, avg f1-score: 0.6742
[2024-03-02 01:32:49,471][INFO][base_model:70] - snapshot saved to /home/users/grieger/repos/frequency-pretraining/models/exp001b-m61-base_fe_clas-2024-03-02_00-02-17-final.pth
[2024-03-02 01:32:54,165][INFO][clas_trainer:180] - train epoch: 2 [4896/49412 (10%)], lr: ['1.00e-04'], loss: 0.360285
[2024-03-02 01:32:58,476][INFO][clas_trainer:180] - train epoch: 2 [9824/49412 (20%)], lr: ['1.00e-04'], loss: 0.362806
[2024-03-02 01:33:02,531][INFO][clas_trainer:180] - train epoch: 2 [14752/49412 (30%)], lr: ['1.00e-04'], loss: 0.377680
[2024-03-02 01:33:06,794][INFO][clas_trainer:180] - train epoch: 2 [19680/49412 (40%)], lr: ['1.00e-04'], loss: 0.335393
[2024-03-02 01:33:10,843][INFO][clas_trainer:180] - train epoch: 2 [24608/49412 (50%)], lr: ['1.00e-04'], loss: 0.376303
[2024-03-02 01:33:15,403][INFO][clas_trainer:180] - train epoch: 2 [29536/49412 (60%)], lr: ['1.00e-04'], loss: 0.420859
[2024-03-02 01:33:19,665][INFO][clas_trainer:180] - train epoch: 2 [34464/49412 (70%)], lr: ['1.00e-04'], loss: 0.543840
[2024-03-02 01:33:23,718][INFO][clas_trainer:180] - train epoch: 2 [39392/49412 (80%)], lr: ['1.00e-04'], loss: 0.476707
[2024-03-02 01:33:27,806][INFO][clas_trainer:180] - train epoch: 2 [44320/49412 (90%)], lr: ['1.00e-04'], loss: 0.295388
[2024-03-02 01:33:31,725][INFO][clas_trainer:180] - train epoch: 2 [49248/49412 (100%)], lr: ['1.00e-04'], loss: 0.469834
[2024-03-02 01:33:36,485][INFO][clas_trainer:96] - [epoch   2] execution time: 47.01s	metrics:
[2024-03-02 01:33:36,485][INFO][clas_evaluator:69] - dataset: earlystopping, avg f1-score: 0.6768
[2024-03-02 01:33:36,529][INFO][base_model:70] - snapshot saved to /home/users/grieger/repos/frequency-pretraining/models/exp001b-m61-base_fe_clas-2024-03-02_00-02-17-final.pth
[2024-03-02 01:33:41,412][INFO][clas_trainer:180] - train epoch: 3 [4896/49412 (10%)], lr: ['1.00e-04'], loss: 0.320493
[2024-03-02 01:33:45,833][INFO][clas_trainer:180] - train epoch: 3 [9824/49412 (20%)], lr: ['1.00e-04'], loss: 0.451998
[2024-03-02 01:33:50,012][INFO][clas_trainer:180] - train epoch: 3 [14752/49412 (30%)], lr: ['1.00e-04'], loss: 0.315758
[2024-03-02 01:33:54,129][INFO][clas_trainer:180] - train epoch: 3 [19680/49412 (40%)], lr: ['1.00e-04'], loss: 0.279417
[2024-03-02 01:33:58,401][INFO][clas_trainer:180] - train epoch: 3 [24608/49412 (50%)], lr: ['1.00e-04'], loss: 0.466351
[2024-03-02 01:34:02,244][INFO][clas_trainer:180] - train epoch: 3 [29536/49412 (60%)], lr: ['1.00e-04'], loss: 0.186659
[2024-03-02 01:34:06,257][INFO][clas_trainer:180] - train epoch: 3 [34464/49412 (70%)], lr: ['1.00e-04'], loss: 0.282346
[2024-03-02 01:34:10,487][INFO][clas_trainer:180] - train epoch: 3 [39392/49412 (80%)], lr: ['1.00e-04'], loss: 0.281209
[2024-03-02 01:34:14,533][INFO][clas_trainer:180] - train epoch: 3 [44320/49412 (90%)], lr: ['1.00e-04'], loss: 0.306201
[2024-03-02 01:34:18,857][INFO][clas_trainer:180] - train epoch: 3 [49248/49412 (100%)], lr: ['1.00e-04'], loss: 0.266258
[2024-03-02 01:34:24,143][INFO][clas_trainer:96] - [epoch   3] execution time: 47.61s	metrics:
[2024-03-02 01:34:24,143][INFO][clas_evaluator:69] - dataset: earlystopping, avg f1-score: 0.7032
[2024-03-02 01:34:24,176][INFO][base_model:70] - snapshot saved to /home/users/grieger/repos/frequency-pretraining/models/exp001b-m61-base_fe_clas-2024-03-02_00-02-17-final.pth
[2024-03-02 01:34:28,932][INFO][clas_trainer:180] - train epoch: 4 [4896/49412 (10%)], lr: ['1.00e-04'], loss: 0.370813
[2024-03-02 01:34:33,168][INFO][clas_trainer:180] - train epoch: 4 [9824/49412 (20%)], lr: ['1.00e-04'], loss: 0.380590
[2024-03-02 01:34:37,689][INFO][clas_trainer:180] - train epoch: 4 [14752/49412 (30%)], lr: ['1.00e-04'], loss: 0.376433
[2024-03-02 01:34:41,780][INFO][clas_trainer:180] - train epoch: 4 [19680/49412 (40%)], lr: ['1.00e-04'], loss: 0.550484
[2024-03-02 01:34:46,063][INFO][clas_trainer:180] - train epoch: 4 [24608/49412 (50%)], lr: ['1.00e-04'], loss: 0.386833
[2024-03-02 01:34:50,145][INFO][clas_trainer:180] - train epoch: 4 [29536/49412 (60%)], lr: ['1.00e-04'], loss: 0.342515
[2024-03-02 01:34:54,098][INFO][clas_trainer:180] - train epoch: 4 [34464/49412 (70%)], lr: ['1.00e-04'], loss: 0.268948
[2024-03-02 01:34:58,085][INFO][clas_trainer:180] - train epoch: 4 [39392/49412 (80%)], lr: ['1.00e-04'], loss: 0.265212
[2024-03-02 01:35:02,088][INFO][clas_trainer:180] - train epoch: 4 [44320/49412 (90%)], lr: ['1.00e-04'], loss: 0.086741
[2024-03-02 01:35:06,304][INFO][clas_trainer:180] - train epoch: 4 [49248/49412 (100%)], lr: ['1.00e-04'], loss: 0.422656
[2024-03-02 01:35:10,668][INFO][clas_trainer:96] - [epoch   4] execution time: 46.49s	metrics:
[2024-03-02 01:35:10,669][INFO][clas_evaluator:69] - dataset: earlystopping, avg f1-score: 0.7058
[2024-03-02 01:35:10,698][INFO][base_model:70] - snapshot saved to /home/users/grieger/repos/frequency-pretraining/models/exp001b-m61-base_fe_clas-2024-03-02_00-02-17-final.pth
[2024-03-02 01:35:15,077][INFO][clas_trainer:180] - train epoch: 5 [4896/49412 (10%)], lr: ['1.00e-04'], loss: 0.110287
[2024-03-02 01:35:19,128][INFO][clas_trainer:180] - train epoch: 5 [9824/49412 (20%)], lr: ['1.00e-04'], loss: 0.213409
[2024-03-02 01:35:23,259][INFO][clas_trainer:180] - train epoch: 5 [14752/49412 (30%)], lr: ['1.00e-04'], loss: 0.159409
[2024-03-02 01:35:27,321][INFO][clas_trainer:180] - train epoch: 5 [19680/49412 (40%)], lr: ['1.00e-04'], loss: 0.156383
[2024-03-02 01:35:31,126][INFO][clas_trainer:180] - train epoch: 5 [24608/49412 (50%)], lr: ['1.00e-04'], loss: 0.244185
[2024-03-02 01:35:35,474][INFO][clas_trainer:180] - train epoch: 5 [29536/49412 (60%)], lr: ['1.00e-04'], loss: 0.258088
[2024-03-02 01:35:40,226][INFO][clas_trainer:180] - train epoch: 5 [34464/49412 (70%)], lr: ['1.00e-04'], loss: 0.335365
[2024-03-02 01:35:44,470][INFO][clas_trainer:180] - train epoch: 5 [39392/49412 (80%)], lr: ['1.00e-04'], loss: 0.145146
[2024-03-02 01:35:48,729][INFO][clas_trainer:180] - train epoch: 5 [44320/49412 (90%)], lr: ['1.00e-04'], loss: 0.553084
[2024-03-02 01:35:53,190][INFO][clas_trainer:180] - train epoch: 5 [49248/49412 (100%)], lr: ['1.00e-04'], loss: 0.397943
[2024-03-02 01:35:57,911][INFO][clas_trainer:96] - [epoch   5] execution time: 47.21s	metrics:
[2024-03-02 01:35:57,916][INFO][clas_evaluator:69] - dataset: earlystopping, avg f1-score: 0.7149
[2024-03-02 01:35:57,953][INFO][base_model:70] - snapshot saved to /home/users/grieger/repos/frequency-pretraining/models/exp001b-m61-base_fe_clas-2024-03-02_00-02-17-final.pth
[2024-03-02 01:36:02,535][INFO][clas_trainer:180] - train epoch: 6 [4896/49412 (10%)], lr: ['1.00e-04'], loss: 0.139890
[2024-03-02 01:36:06,756][INFO][clas_trainer:180] - train epoch: 6 [9824/49412 (20%)], lr: ['1.00e-04'], loss: 0.419077
[2024-03-02 01:36:11,121][INFO][clas_trainer:180] - train epoch: 6 [14752/49412 (30%)], lr: ['1.00e-04'], loss: 0.332328
[2024-03-02 01:36:15,003][INFO][clas_trainer:180] - train epoch: 6 [19680/49412 (40%)], lr: ['1.00e-04'], loss: 0.149788
[2024-03-02 01:36:19,043][INFO][clas_trainer:180] - train epoch: 6 [24608/49412 (50%)], lr: ['1.00e-04'], loss: 0.441607
[2024-03-02 01:36:22,936][INFO][clas_trainer:180] - train epoch: 6 [29536/49412 (60%)], lr: ['1.00e-04'], loss: 0.487971
[2024-03-02 01:36:27,335][INFO][clas_trainer:180] - train epoch: 6 [34464/49412 (70%)], lr: ['1.00e-04'], loss: 0.379647
[2024-03-02 01:36:31,547][INFO][clas_trainer:180] - train epoch: 6 [39392/49412 (80%)], lr: ['1.00e-04'], loss: 0.285316
[2024-03-02 01:36:35,685][INFO][clas_trainer:180] - train epoch: 6 [44320/49412 (90%)], lr: ['1.00e-04'], loss: 0.254533
[2024-03-02 01:36:39,678][INFO][clas_trainer:180] - train epoch: 6 [49248/49412 (100%)], lr: ['1.00e-04'], loss: 0.376452
[2024-03-02 01:36:44,418][INFO][clas_trainer:96] - [epoch   6] execution time: 46.47s	metrics:
[2024-03-02 01:36:44,419][INFO][clas_evaluator:69] - dataset: earlystopping, avg f1-score: 0.7177
[2024-03-02 01:36:44,445][INFO][base_model:70] - snapshot saved to /home/users/grieger/repos/frequency-pretraining/models/exp001b-m61-base_fe_clas-2024-03-02_00-02-17-final.pth
[2024-03-02 01:36:49,437][INFO][clas_trainer:180] - train epoch: 7 [4896/49412 (10%)], lr: ['1.00e-04'], loss: 0.188964
[2024-03-02 01:36:53,880][INFO][clas_trainer:180] - train epoch: 7 [9824/49412 (20%)], lr: ['1.00e-04'], loss: 0.353695
[2024-03-02 01:36:58,358][INFO][clas_trainer:180] - train epoch: 7 [14752/49412 (30%)], lr: ['1.00e-04'], loss: 0.201218
[2024-03-02 01:37:02,934][INFO][clas_trainer:180] - train epoch: 7 [19680/49412 (40%)], lr: ['1.00e-04'], loss: 0.201093
[2024-03-02 01:37:06,937][INFO][clas_trainer:180] - train epoch: 7 [24608/49412 (50%)], lr: ['1.00e-04'], loss: 0.203837
[2024-03-02 01:37:11,175][INFO][clas_trainer:180] - train epoch: 7 [29536/49412 (60%)], lr: ['1.00e-04'], loss: 0.213334
[2024-03-02 01:37:15,615][INFO][clas_trainer:180] - train epoch: 7 [34464/49412 (70%)], lr: ['1.00e-04'], loss: 0.362408
[2024-03-02 01:37:20,017][INFO][clas_trainer:180] - train epoch: 7 [39392/49412 (80%)], lr: ['1.00e-04'], loss: 0.326574
[2024-03-02 01:37:23,969][INFO][clas_trainer:180] - train epoch: 7 [44320/49412 (90%)], lr: ['1.00e-04'], loss: 0.119372
[2024-03-02 01:37:27,882][INFO][clas_trainer:180] - train epoch: 7 [49248/49412 (100%)], lr: ['1.00e-04'], loss: 0.170597
[2024-03-02 01:37:32,641][INFO][clas_trainer:96] - [epoch   7] execution time: 48.20s	metrics:
[2024-03-02 01:37:32,641][INFO][clas_evaluator:69] - dataset: earlystopping, avg f1-score: 0.7287
[2024-03-02 01:37:32,671][INFO][base_model:70] - snapshot saved to /home/users/grieger/repos/frequency-pretraining/models/exp001b-m61-base_fe_clas-2024-03-02_00-02-17-final.pth
[2024-03-02 01:37:37,304][INFO][clas_trainer:180] - train epoch: 8 [4896/49412 (10%)], lr: ['1.00e-04'], loss: 0.249553
[2024-03-02 01:37:41,546][INFO][clas_trainer:180] - train epoch: 8 [9824/49412 (20%)], lr: ['1.00e-04'], loss: 0.111675
[2024-03-02 01:37:45,831][INFO][clas_trainer:180] - train epoch: 8 [14752/49412 (30%)], lr: ['1.00e-04'], loss: 0.172515
[2024-03-02 01:37:49,698][INFO][clas_trainer:180] - train epoch: 8 [19680/49412 (40%)], lr: ['1.00e-04'], loss: 0.287739
[2024-03-02 01:37:53,851][INFO][clas_trainer:180] - train epoch: 8 [24608/49412 (50%)], lr: ['1.00e-04'], loss: 0.273277
[2024-03-02 01:37:57,761][INFO][clas_trainer:180] - train epoch: 8 [29536/49412 (60%)], lr: ['1.00e-04'], loss: 0.246477
[2024-03-02 01:38:01,981][INFO][clas_trainer:180] - train epoch: 8 [34464/49412 (70%)], lr: ['1.00e-04'], loss: 0.172132
[2024-03-02 01:38:05,819][INFO][clas_trainer:180] - train epoch: 8 [39392/49412 (80%)], lr: ['1.00e-04'], loss: 0.294526
[2024-03-02 01:38:09,836][INFO][clas_trainer:180] - train epoch: 8 [44320/49412 (90%)], lr: ['1.00e-04'], loss: 0.259517
[2024-03-02 01:38:13,903][INFO][clas_trainer:180] - train epoch: 8 [49248/49412 (100%)], lr: ['1.00e-04'], loss: 0.254285
[2024-03-02 01:38:18,515][INFO][clas_trainer:96] - [epoch   8] execution time: 45.84s	metrics:
[2024-03-02 01:38:18,516][INFO][clas_evaluator:69] - dataset: earlystopping, avg f1-score: 0.7047
[2024-03-02 01:38:22,601][INFO][clas_trainer:180] - train epoch: 9 [4896/49412 (10%)], lr: ['1.00e-04'], loss: 0.038440
[2024-03-02 01:38:26,611][INFO][clas_trainer:180] - train epoch: 9 [9824/49412 (20%)], lr: ['1.00e-04'], loss: 0.137773
[2024-03-02 01:38:30,836][INFO][clas_trainer:180] - train epoch: 9 [14752/49412 (30%)], lr: ['1.00e-04'], loss: 0.238210
[2024-03-02 01:38:35,573][INFO][clas_trainer:180] - train epoch: 9 [19680/49412 (40%)], lr: ['1.00e-04'], loss: 0.350296
[2024-03-02 01:38:39,990][INFO][clas_trainer:180] - train epoch: 9 [24608/49412 (50%)], lr: ['1.00e-04'], loss: 0.281209
[2024-03-02 01:38:43,862][INFO][clas_trainer:180] - train epoch: 9 [29536/49412 (60%)], lr: ['1.00e-04'], loss: 0.197855
[2024-03-02 01:38:47,863][INFO][clas_trainer:180] - train epoch: 9 [34464/49412 (70%)], lr: ['1.00e-04'], loss: 0.102017
[2024-03-02 01:38:51,864][INFO][clas_trainer:180] - train epoch: 9 [39392/49412 (80%)], lr: ['1.00e-04'], loss: 0.215173
[2024-03-02 01:38:55,883][INFO][clas_trainer:180] - train epoch: 9 [44320/49412 (90%)], lr: ['1.00e-04'], loss: 0.080028
[2024-03-02 01:38:59,637][INFO][clas_trainer:180] - train epoch: 9 [49248/49412 (100%)], lr: ['1.00e-04'], loss: 0.389872
[2024-03-02 01:39:04,838][INFO][clas_trainer:96] - [epoch   9] execution time: 46.32s	metrics:
[2024-03-02 01:39:04,839][INFO][clas_evaluator:69] - dataset: earlystopping, avg f1-score: 0.7273
[2024-03-02 01:39:09,175][INFO][clas_trainer:180] - train epoch: 10 [4896/49412 (10%)], lr: ['1.00e-04'], loss: 0.154983
[2024-03-02 01:39:13,162][INFO][clas_trainer:180] - train epoch: 10 [9824/49412 (20%)], lr: ['1.00e-04'], loss: 0.395838
[2024-03-02 01:39:16,903][INFO][clas_trainer:180] - train epoch: 10 [14752/49412 (30%)], lr: ['1.00e-04'], loss: 0.154851
[2024-03-02 01:39:20,764][INFO][clas_trainer:180] - train epoch: 10 [19680/49412 (40%)], lr: ['1.00e-04'], loss: 0.220223
[2024-03-02 01:39:24,663][INFO][clas_trainer:180] - train epoch: 10 [24608/49412 (50%)], lr: ['1.00e-04'], loss: 0.075951
[2024-03-02 01:39:28,710][INFO][clas_trainer:180] - train epoch: 10 [29536/49412 (60%)], lr: ['1.00e-04'], loss: 0.229515
[2024-03-02 01:39:32,682][INFO][clas_trainer:180] - train epoch: 10 [34464/49412 (70%)], lr: ['1.00e-04'], loss: 0.403039
[2024-03-02 01:39:36,920][INFO][clas_trainer:180] - train epoch: 10 [39392/49412 (80%)], lr: ['1.00e-04'], loss: 0.170939
[2024-03-02 01:39:41,019][INFO][clas_trainer:180] - train epoch: 10 [44320/49412 (90%)], lr: ['1.00e-04'], loss: 0.145106
[2024-03-02 01:39:45,227][INFO][clas_trainer:180] - train epoch: 10 [49248/49412 (100%)], lr: ['1.00e-04'], loss: 0.221600
[2024-03-02 01:39:49,724][INFO][clas_trainer:96] - [epoch  10] execution time: 44.88s	metrics:
[2024-03-02 01:39:49,724][INFO][clas_evaluator:69] - dataset: earlystopping, avg f1-score: 0.7054
[2024-03-02 01:39:54,358][INFO][clas_trainer:180] - train epoch: 11 [4896/49412 (10%)], lr: ['1.00e-04'], loss: 0.146862
[2024-03-02 01:39:58,491][INFO][clas_trainer:180] - train epoch: 11 [9824/49412 (20%)], lr: ['1.00e-04'], loss: 0.144527
[2024-03-02 01:40:02,698][INFO][clas_trainer:180] - train epoch: 11 [14752/49412 (30%)], lr: ['1.00e-04'], loss: 0.617857
[2024-03-02 01:40:07,208][INFO][clas_trainer:180] - train epoch: 11 [19680/49412 (40%)], lr: ['1.00e-04'], loss: 0.220806
[2024-03-02 01:40:11,182][INFO][clas_trainer:180] - train epoch: 11 [24608/49412 (50%)], lr: ['1.00e-04'], loss: 0.068321
[2024-03-02 01:40:15,345][INFO][clas_trainer:180] - train epoch: 11 [29536/49412 (60%)], lr: ['1.00e-04'], loss: 0.256756
[2024-03-02 01:40:19,290][INFO][clas_trainer:180] - train epoch: 11 [34464/49412 (70%)], lr: ['1.00e-04'], loss: 0.179814
[2024-03-02 01:40:23,192][INFO][clas_trainer:180] - train epoch: 11 [39392/49412 (80%)], lr: ['1.00e-04'], loss: 0.231184
[2024-03-02 01:40:27,081][INFO][clas_trainer:180] - train epoch: 11 [44320/49412 (90%)], lr: ['1.00e-04'], loss: 0.321018
[2024-03-02 01:40:31,171][INFO][clas_trainer:180] - train epoch: 11 [49248/49412 (100%)], lr: ['1.00e-04'], loss: 0.183080
[2024-03-02 01:40:35,659][INFO][clas_trainer:96] - [epoch  11] execution time: 45.93s	metrics:
[2024-03-02 01:40:35,659][INFO][clas_evaluator:69] - dataset: earlystopping, avg f1-score: 0.7095
[2024-03-02 01:40:40,062][INFO][clas_trainer:180] - train epoch: 12 [4896/49412 (10%)], lr: ['1.00e-04'], loss: 0.226880
[2024-03-02 01:40:44,204][INFO][clas_trainer:180] - train epoch: 12 [9824/49412 (20%)], lr: ['1.00e-04'], loss: 0.136659
[2024-03-02 01:40:48,225][INFO][clas_trainer:180] - train epoch: 12 [14752/49412 (30%)], lr: ['1.00e-04'], loss: 0.214423
[2024-03-02 01:40:52,056][INFO][clas_trainer:180] - train epoch: 12 [19680/49412 (40%)], lr: ['1.00e-04'], loss: 0.097157
[2024-03-02 01:40:56,213][INFO][clas_trainer:180] - train epoch: 12 [24608/49412 (50%)], lr: ['1.00e-04'], loss: 0.122769
[2024-03-02 01:41:00,271][INFO][clas_trainer:180] - train epoch: 12 [29536/49412 (60%)], lr: ['1.00e-04'], loss: 0.149334
[2024-03-02 01:41:04,117][INFO][clas_trainer:180] - train epoch: 12 [34464/49412 (70%)], lr: ['1.00e-04'], loss: 0.286512
[2024-03-02 01:41:07,925][INFO][clas_trainer:180] - train epoch: 12 [39392/49412 (80%)], lr: ['1.00e-04'], loss: 0.224452
[2024-03-02 01:41:11,515][INFO][clas_trainer:180] - train epoch: 12 [44320/49412 (90%)], lr: ['1.00e-04'], loss: 0.241367
[2024-03-02 01:41:15,993][INFO][clas_trainer:180] - train epoch: 12 [49248/49412 (100%)], lr: ['1.00e-04'], loss: 0.291407
[2024-03-02 01:41:20,439][INFO][clas_trainer:96] - [epoch  12] execution time: 44.78s	metrics:
[2024-03-02 01:41:20,439][INFO][clas_evaluator:69] - dataset: earlystopping, avg f1-score: 0.7024
[2024-03-02 01:41:24,755][INFO][clas_trainer:180] - train epoch: 13 [4896/49412 (10%)], lr: ['1.00e-04'], loss: 0.354293
[2024-03-02 01:41:28,577][INFO][clas_trainer:180] - train epoch: 13 [9824/49412 (20%)], lr: ['1.00e-04'], loss: 0.169754
[2024-03-02 01:41:32,766][INFO][clas_trainer:180] - train epoch: 13 [14752/49412 (30%)], lr: ['1.00e-04'], loss: 0.231308
[2024-03-02 01:41:36,761][INFO][clas_trainer:180] - train epoch: 13 [19680/49412 (40%)], lr: ['1.00e-04'], loss: 0.214497
[2024-03-02 01:41:40,598][INFO][clas_trainer:180] - train epoch: 13 [24608/49412 (50%)], lr: ['1.00e-04'], loss: 0.164113
[2024-03-02 01:41:44,520][INFO][clas_trainer:180] - train epoch: 13 [29536/49412 (60%)], lr: ['1.00e-04'], loss: 0.154310
[2024-03-02 01:41:48,634][INFO][clas_trainer:180] - train epoch: 13 [34464/49412 (70%)], lr: ['1.00e-04'], loss: 0.111089
[2024-03-02 01:41:52,854][INFO][clas_trainer:180] - train epoch: 13 [39392/49412 (80%)], lr: ['1.00e-04'], loss: 0.360946
[2024-03-02 01:41:56,813][INFO][clas_trainer:180] - train epoch: 13 [44320/49412 (90%)], lr: ['1.00e-04'], loss: 0.270483
[2024-03-02 01:42:00,879][INFO][clas_trainer:180] - train epoch: 13 [49248/49412 (100%)], lr: ['1.00e-04'], loss: 0.198612
[2024-03-02 01:42:05,323][INFO][clas_trainer:96] - [epoch  13] execution time: 44.88s	metrics:
[2024-03-02 01:42:05,324][INFO][clas_evaluator:69] - dataset: earlystopping, avg f1-score: 0.7124
[2024-03-02 01:42:09,950][INFO][clas_trainer:180] - train epoch: 14 [4896/49412 (10%)], lr: ['1.00e-04'], loss: 0.167570
[2024-03-02 01:42:13,845][INFO][clas_trainer:180] - train epoch: 14 [9824/49412 (20%)], lr: ['1.00e-04'], loss: 0.158958
[2024-03-02 01:42:18,128][INFO][clas_trainer:180] - train epoch: 14 [14752/49412 (30%)], lr: ['1.00e-04'], loss: 0.158262
[2024-03-02 01:42:22,228][INFO][clas_trainer:180] - train epoch: 14 [19680/49412 (40%)], lr: ['1.00e-04'], loss: 0.141469
[2024-03-02 01:42:26,362][INFO][clas_trainer:180] - train epoch: 14 [24608/49412 (50%)], lr: ['1.00e-04'], loss: 0.223049
[2024-03-02 01:42:30,455][INFO][clas_trainer:180] - train epoch: 14 [29536/49412 (60%)], lr: ['1.00e-04'], loss: 0.048261
[2024-03-02 01:42:34,679][INFO][clas_trainer:180] - train epoch: 14 [34464/49412 (70%)], lr: ['1.00e-04'], loss: 0.256329
[2024-03-02 01:42:39,018][INFO][clas_trainer:180] - train epoch: 14 [39392/49412 (80%)], lr: ['1.00e-04'], loss: 0.207514
[2024-03-02 01:42:43,277][INFO][clas_trainer:180] - train epoch: 14 [44320/49412 (90%)], lr: ['1.00e-04'], loss: 0.097800
[2024-03-02 01:42:47,577][INFO][clas_trainer:180] - train epoch: 14 [49248/49412 (100%)], lr: ['1.00e-04'], loss: 0.122046
[2024-03-02 01:42:52,408][INFO][clas_trainer:96] - [epoch  14] execution time: 47.08s	metrics:
[2024-03-02 01:42:52,409][INFO][clas_evaluator:69] - dataset: earlystopping, avg f1-score: 0.7035
[2024-03-02 01:42:57,057][INFO][clas_trainer:180] - train epoch: 15 [4896/49412 (10%)], lr: ['1.00e-04'], loss: 0.257520
[2024-03-02 01:43:01,304][INFO][clas_trainer:180] - train epoch: 15 [9824/49412 (20%)], lr: ['1.00e-04'], loss: 0.184967
[2024-03-02 01:43:05,315][INFO][clas_trainer:180] - train epoch: 15 [14752/49412 (30%)], lr: ['1.00e-04'], loss: 0.551969
[2024-03-02 01:43:09,609][INFO][clas_trainer:180] - train epoch: 15 [19680/49412 (40%)], lr: ['1.00e-04'], loss: 0.098139
[2024-03-02 01:43:13,765][INFO][clas_trainer:180] - train epoch: 15 [24608/49412 (50%)], lr: ['1.00e-04'], loss: 0.277218
[2024-03-02 01:43:17,550][INFO][clas_trainer:180] - train epoch: 15 [29536/49412 (60%)], lr: ['1.00e-04'], loss: 0.086662
[2024-03-02 01:43:21,619][INFO][clas_trainer:180] - train epoch: 15 [34464/49412 (70%)], lr: ['1.00e-04'], loss: 0.143444
[2024-03-02 01:43:25,408][INFO][clas_trainer:180] - train epoch: 15 [39392/49412 (80%)], lr: ['1.00e-04'], loss: 0.200018
[2024-03-02 01:43:29,567][INFO][clas_trainer:180] - train epoch: 15 [44320/49412 (90%)], lr: ['1.00e-04'], loss: 0.249884
[2024-03-02 01:43:33,625][INFO][clas_trainer:180] - train epoch: 15 [49248/49412 (100%)], lr: ['1.00e-04'], loss: 0.110893
[2024-03-02 01:43:38,676][INFO][clas_trainer:96] - [epoch  15] execution time: 46.27s	metrics:
[2024-03-02 01:43:38,677][INFO][clas_evaluator:69] - dataset: earlystopping, avg f1-score: 0.7118
[2024-03-02 01:43:43,537][INFO][clas_trainer:180] - train epoch: 16 [4896/49412 (10%)], lr: ['1.00e-04'], loss: 0.057780
[2024-03-02 01:43:47,843][INFO][clas_trainer:180] - train epoch: 16 [9824/49412 (20%)], lr: ['1.00e-04'], loss: 0.263358
[2024-03-02 01:43:52,208][INFO][clas_trainer:180] - train epoch: 16 [14752/49412 (30%)], lr: ['1.00e-04'], loss: 0.236831
[2024-03-02 01:43:56,231][INFO][clas_trainer:180] - train epoch: 16 [19680/49412 (40%)], lr: ['1.00e-04'], loss: 0.177879
[2024-03-02 01:44:00,078][INFO][clas_trainer:180] - train epoch: 16 [24608/49412 (50%)], lr: ['1.00e-04'], loss: 0.182723
[2024-03-02 01:44:04,610][INFO][clas_trainer:180] - train epoch: 16 [29536/49412 (60%)], lr: ['1.00e-04'], loss: 0.259106
[2024-03-02 01:44:09,543][INFO][clas_trainer:180] - train epoch: 16 [34464/49412 (70%)], lr: ['1.00e-04'], loss: 0.086794
[2024-03-02 01:44:13,727][INFO][clas_trainer:180] - train epoch: 16 [39392/49412 (80%)], lr: ['1.00e-04'], loss: 0.161734
[2024-03-02 01:44:17,676][INFO][clas_trainer:180] - train epoch: 16 [44320/49412 (90%)], lr: ['1.00e-04'], loss: 0.178896
[2024-03-02 01:44:21,451][INFO][clas_trainer:180] - train epoch: 16 [49248/49412 (100%)], lr: ['1.00e-04'], loss: 0.206748
[2024-03-02 01:44:26,130][INFO][clas_trainer:96] - [epoch  16] execution time: 47.45s	metrics:
[2024-03-02 01:44:26,131][INFO][clas_evaluator:69] - dataset: earlystopping, avg f1-score: 0.7049
[2024-03-02 01:44:30,556][INFO][clas_trainer:180] - train epoch: 17 [4896/49412 (10%)], lr: ['1.00e-04'], loss: 0.308009
[2024-03-02 01:44:34,802][INFO][clas_trainer:180] - train epoch: 17 [9824/49412 (20%)], lr: ['1.00e-04'], loss: 0.121195
[2024-03-02 01:44:38,586][INFO][clas_trainer:180] - train epoch: 17 [14752/49412 (30%)], lr: ['1.00e-04'], loss: 0.139424
[2024-03-02 01:44:42,688][INFO][clas_trainer:180] - train epoch: 17 [19680/49412 (40%)], lr: ['1.00e-04'], loss: 0.260475
[2024-03-02 01:44:46,625][INFO][clas_trainer:180] - train epoch: 17 [24608/49412 (50%)], lr: ['1.00e-04'], loss: 0.067204
[2024-03-02 01:44:50,594][INFO][clas_trainer:180] - train epoch: 17 [29536/49412 (60%)], lr: ['1.00e-04'], loss: 0.275425
[2024-03-02 01:44:54,672][INFO][clas_trainer:180] - train epoch: 17 [34464/49412 (70%)], lr: ['1.00e-04'], loss: 0.110802
[2024-03-02 01:44:58,855][INFO][clas_trainer:180] - train epoch: 17 [39392/49412 (80%)], lr: ['1.00e-04'], loss: 0.081762
[2024-03-02 01:45:02,994][INFO][clas_trainer:180] - train epoch: 17 [44320/49412 (90%)], lr: ['1.00e-04'], loss: 0.232194
[2024-03-02 01:45:07,037][INFO][clas_trainer:180] - train epoch: 17 [49248/49412 (100%)], lr: ['1.00e-04'], loss: 0.280526
[2024-03-02 01:45:11,586][INFO][clas_trainer:96] - [epoch  17] execution time: 45.45s	metrics:
[2024-03-02 01:45:11,586][INFO][clas_evaluator:69] - dataset: earlystopping, avg f1-score: 0.7093
[2024-03-02 01:45:11,599][INFO][clas_trainer:115] - finished training
[2024-03-02 01:45:11,599][INFO][clas_trainer:116] - best model on epoch: 7 	f1-score: 0.7287
