[2024-09-11 18:09:46,923][INFO][pretrain_and_fine-tune:26] - Using GPU 3
[2024-09-11 18:09:46,926][INFO][pretrain_and_fine-tune:36] - overrides:
hydra:
- hydra.launcher.n_jobs=20
- hydra.mode=MULTIRUN
task:
- m_seed_path_sids={seeds:[9,9,9,9,9],subject_ids:{dod_o_h:$\{data.dod_o_h.cv_5_fold.fold_5\}}}
- data.pretraining.train_dataloader.dataset.n_samples=1000
- +data.pretraining.train_dataloader.dataset.n_samples_per_epoch=100000
- data.downstream.train_dataloader.dataset.data_reducer._target_=base.data.data_reducer.SubjectWiseDataReducer
- +data.downstream.train_dataloader.dataset.data_reducer.n_subjects=1
- general.gpus=[3,4]

[2024-09-11 18:09:47,424][INFO][freq_trainer:43] - metrics before training (epoch 0):
[2024-09-11 18:09:49,536][INFO][freq_evaluator:47] - dataset: valid_pretraining, acc: 0.000, hamming: 0.512
[2024-09-11 18:09:58,959][INFO][freq_trainer:114] - train epoch: 1 [9920/100000 (10%)], lr: ['1.00e-04'], loss: 1.097507
[2024-09-11 18:10:07,887][INFO][freq_trainer:114] - train epoch: 1 [19904/100000 (20%)], lr: ['1.00e-04'], loss: 0.756033
[2024-09-11 18:10:16,817][INFO][freq_trainer:114] - train epoch: 1 [29888/100000 (30%)], lr: ['1.00e-04'], loss: 0.737347
[2024-09-11 18:10:25,605][INFO][freq_trainer:114] - train epoch: 1 [39872/100000 (40%)], lr: ['1.00e-04'], loss: 0.717128
[2024-09-11 18:10:34,437][INFO][freq_trainer:114] - train epoch: 1 [49856/100000 (50%)], lr: ['1.00e-04'], loss: 0.702300
[2024-09-11 18:10:43,633][INFO][freq_trainer:114] - train epoch: 1 [59840/100000 (60%)], lr: ['1.00e-04'], loss: 0.700127
[2024-09-11 18:10:52,237][INFO][freq_trainer:114] - train epoch: 1 [69824/100000 (70%)], lr: ['1.00e-04'], loss: 0.701850
[2024-09-11 18:11:01,300][INFO][freq_trainer:114] - train epoch: 1 [79808/100000 (80%)], lr: ['1.00e-04'], loss: 0.704802
[2024-09-11 18:11:09,959][INFO][freq_trainer:114] - train epoch: 1 [89792/100000 (90%)], lr: ['1.00e-04'], loss: 0.696071
[2024-09-11 18:11:18,647][INFO][freq_trainer:114] - train epoch: 1 [99776/100000 (100%)], lr: ['1.00e-04'], loss: 0.693803
[2024-09-11 18:11:21,774][INFO][freq_trainer:57] - [epoch   1] execution time: 92.24s	metrics:
[2024-09-11 18:11:21,775][INFO][freq_evaluator:47] - dataset: valid_pretraining, acc: 0.005, hamming: 0.518
[2024-09-11 18:11:21,789][INFO][base_model:51] - snapshot saved to XXX/frequency-pretraining/models/exp021b-m36-simple_multi_class-2024-09-11_16-55-09-final.pth
[2024-09-11 18:11:30,738][INFO][freq_trainer:114] - train epoch: 2 [9920/100000 (10%)], lr: ['1.00e-04'], loss: 0.698422
[2024-09-11 18:11:39,547][INFO][freq_trainer:114] - train epoch: 2 [19904/100000 (20%)], lr: ['1.00e-04'], loss: 0.693046
[2024-09-11 18:11:48,320][INFO][freq_trainer:114] - train epoch: 2 [29888/100000 (30%)], lr: ['1.00e-04'], loss: 0.691357
[2024-09-11 18:11:57,441][INFO][freq_trainer:114] - train epoch: 2 [39872/100000 (40%)], lr: ['1.00e-04'], loss: 0.693208
[2024-09-11 18:12:06,554][INFO][freq_trainer:114] - train epoch: 2 [49856/100000 (50%)], lr: ['1.00e-04'], loss: 0.687875
[2024-09-11 18:12:15,600][INFO][freq_trainer:114] - train epoch: 2 [59840/100000 (60%)], lr: ['1.00e-04'], loss: 0.692387
[2024-09-11 18:12:24,343][INFO][freq_trainer:114] - train epoch: 2 [69824/100000 (70%)], lr: ['1.00e-04'], loss: 0.691513
[2024-09-11 18:12:33,305][INFO][freq_trainer:114] - train epoch: 2 [79808/100000 (80%)], lr: ['1.00e-04'], loss: 0.689595
[2024-09-11 18:12:42,297][INFO][freq_trainer:114] - train epoch: 2 [89792/100000 (90%)], lr: ['1.00e-04'], loss: 0.695688
[2024-09-11 18:12:50,944][INFO][freq_trainer:114] - train epoch: 2 [99776/100000 (100%)], lr: ['1.00e-04'], loss: 0.696047
[2024-09-11 18:12:54,677][INFO][freq_trainer:57] - [epoch   2] execution time: 92.89s	metrics:
[2024-09-11 18:12:54,677][INFO][freq_evaluator:47] - dataset: valid_pretraining, acc: 0.005, hamming: 0.519
[2024-09-11 18:12:54,692][INFO][base_model:51] - snapshot saved to XXX/frequency-pretraining/models/exp021b-m36-simple_multi_class-2024-09-11_16-55-09-final.pth
[2024-09-11 18:13:04,093][INFO][freq_trainer:114] - train epoch: 3 [9920/100000 (10%)], lr: ['1.00e-04'], loss: 0.692865
[2024-09-11 18:13:12,427][INFO][freq_trainer:114] - train epoch: 3 [19904/100000 (20%)], lr: ['1.00e-04'], loss: 0.692704
[2024-09-11 18:13:21,166][INFO][freq_trainer:114] - train epoch: 3 [29888/100000 (30%)], lr: ['1.00e-04'], loss: 0.696956
[2024-09-11 18:13:29,846][INFO][freq_trainer:114] - train epoch: 3 [39872/100000 (40%)], lr: ['1.00e-04'], loss: 0.690437
[2024-09-11 18:13:38,224][INFO][freq_trainer:114] - train epoch: 3 [49856/100000 (50%)], lr: ['1.00e-04'], loss: 0.685703
[2024-09-11 18:13:46,781][INFO][freq_trainer:114] - train epoch: 3 [59840/100000 (60%)], lr: ['1.00e-04'], loss: 0.673493
[2024-09-11 18:13:56,057][INFO][freq_trainer:114] - train epoch: 3 [69824/100000 (70%)], lr: ['1.00e-04'], loss: 0.676697
[2024-09-11 18:14:04,588][INFO][freq_trainer:114] - train epoch: 3 [79808/100000 (80%)], lr: ['1.00e-04'], loss: 0.659371
[2024-09-11 18:14:13,588][INFO][freq_trainer:114] - train epoch: 3 [89792/100000 (90%)], lr: ['1.00e-04'], loss: 0.649156
[2024-09-11 18:14:22,410][INFO][freq_trainer:114] - train epoch: 3 [99776/100000 (100%)], lr: ['1.00e-04'], loss: 0.666914
[2024-09-11 18:14:26,052][INFO][freq_trainer:57] - [epoch   3] execution time: 91.36s	metrics:
[2024-09-11 18:14:26,052][INFO][freq_evaluator:47] - dataset: valid_pretraining, acc: 0.009, hamming: 0.476
[2024-09-11 18:14:26,069][INFO][base_model:51] - snapshot saved to XXX/frequency-pretraining/models/exp021b-m36-simple_multi_class-2024-09-11_16-55-09-final.pth
[2024-09-11 18:14:35,453][INFO][freq_trainer:114] - train epoch: 4 [9920/100000 (10%)], lr: ['1.00e-04'], loss: 0.647402
[2024-09-11 18:14:44,468][INFO][freq_trainer:114] - train epoch: 4 [19904/100000 (20%)], lr: ['1.00e-04'], loss: 0.650041
[2024-09-11 18:14:53,508][INFO][freq_trainer:114] - train epoch: 4 [29888/100000 (30%)], lr: ['1.00e-04'], loss: 0.623363
[2024-09-11 18:15:02,761][INFO][freq_trainer:114] - train epoch: 4 [39872/100000 (40%)], lr: ['1.00e-04'], loss: 0.638375
[2024-09-11 18:15:10,874][INFO][freq_trainer:114] - train epoch: 4 [49856/100000 (50%)], lr: ['1.00e-04'], loss: 0.644826
[2024-09-11 18:15:19,530][INFO][freq_trainer:114] - train epoch: 4 [59840/100000 (60%)], lr: ['1.00e-04'], loss: 0.624377
[2024-09-11 18:15:28,596][INFO][freq_trainer:114] - train epoch: 4 [69824/100000 (70%)], lr: ['1.00e-04'], loss: 0.635236
[2024-09-11 18:15:37,367][INFO][freq_trainer:114] - train epoch: 4 [79808/100000 (80%)], lr: ['1.00e-04'], loss: 0.632281
[2024-09-11 18:15:46,533][INFO][freq_trainer:114] - train epoch: 4 [89792/100000 (90%)], lr: ['1.00e-04'], loss: 0.600684
[2024-09-11 18:15:55,408][INFO][freq_trainer:114] - train epoch: 4 [99776/100000 (100%)], lr: ['1.00e-04'], loss: 0.626930
[2024-09-11 18:15:58,882][INFO][freq_trainer:57] - [epoch   4] execution time: 92.81s	metrics:
[2024-09-11 18:15:58,883][INFO][freq_evaluator:47] - dataset: valid_pretraining, acc: 0.038, hamming: 0.625
[2024-09-11 18:15:58,898][INFO][base_model:51] - snapshot saved to XXX/frequency-pretraining/models/exp021b-m36-simple_multi_class-2024-09-11_16-55-09-final.pth
[2024-09-11 18:16:07,896][INFO][freq_trainer:114] - train epoch: 5 [9920/100000 (10%)], lr: ['1.00e-04'], loss: 0.656908
[2024-09-11 18:16:16,637][INFO][freq_trainer:114] - train epoch: 5 [19904/100000 (20%)], lr: ['1.00e-04'], loss: 0.634863
[2024-09-11 18:16:25,644][INFO][freq_trainer:114] - train epoch: 5 [29888/100000 (30%)], lr: ['1.00e-04'], loss: 0.619789
[2024-09-11 18:16:34,655][INFO][freq_trainer:114] - train epoch: 5 [39872/100000 (40%)], lr: ['1.00e-04'], loss: 0.628528
[2024-09-11 18:16:42,837][INFO][freq_trainer:114] - train epoch: 5 [49856/100000 (50%)], lr: ['1.00e-04'], loss: 0.599723
[2024-09-11 18:16:51,743][INFO][freq_trainer:114] - train epoch: 5 [59840/100000 (60%)], lr: ['1.00e-04'], loss: 0.576660
[2024-09-11 18:17:00,615][INFO][freq_trainer:114] - train epoch: 5 [69824/100000 (70%)], lr: ['1.00e-04'], loss: 0.570101
[2024-09-11 18:17:09,145][INFO][freq_trainer:114] - train epoch: 5 [79808/100000 (80%)], lr: ['1.00e-04'], loss: 0.611165
[2024-09-11 18:17:17,677][INFO][freq_trainer:114] - train epoch: 5 [89792/100000 (90%)], lr: ['1.00e-04'], loss: 0.599796
[2024-09-11 18:17:26,548][INFO][freq_trainer:114] - train epoch: 5 [99776/100000 (100%)], lr: ['1.00e-04'], loss: 0.585685
[2024-09-11 18:17:29,670][INFO][freq_trainer:57] - [epoch   5] execution time: 90.77s	metrics:
[2024-09-11 18:17:29,670][INFO][freq_evaluator:47] - dataset: valid_pretraining, acc: 0.053, hamming: 0.677
[2024-09-11 18:17:29,685][INFO][base_model:51] - snapshot saved to XXX/frequency-pretraining/models/exp021b-m36-simple_multi_class-2024-09-11_16-55-09-final.pth
[2024-09-11 18:17:38,957][INFO][freq_trainer:114] - train epoch: 6 [9920/100000 (10%)], lr: ['1.00e-04'], loss: 0.577976
[2024-09-11 18:17:47,989][INFO][freq_trainer:114] - train epoch: 6 [19904/100000 (20%)], lr: ['1.00e-04'], loss: 0.608069
[2024-09-11 18:17:56,865][INFO][freq_trainer:114] - train epoch: 6 [29888/100000 (30%)], lr: ['1.00e-04'], loss: 0.546489
[2024-09-11 18:18:05,646][INFO][freq_trainer:114] - train epoch: 6 [39872/100000 (40%)], lr: ['1.00e-04'], loss: 0.578298
[2024-09-11 18:18:14,529][INFO][freq_trainer:114] - train epoch: 6 [49856/100000 (50%)], lr: ['1.00e-04'], loss: 0.544842
[2024-09-11 18:18:23,001][INFO][freq_trainer:114] - train epoch: 6 [59840/100000 (60%)], lr: ['1.00e-04'], loss: 0.549078
[2024-09-11 18:18:32,022][INFO][freq_trainer:114] - train epoch: 6 [69824/100000 (70%)], lr: ['1.00e-04'], loss: 0.548511
[2024-09-11 18:18:40,776][INFO][freq_trainer:114] - train epoch: 6 [79808/100000 (80%)], lr: ['1.00e-04'], loss: 0.552312
[2024-09-11 18:18:49,759][INFO][freq_trainer:114] - train epoch: 6 [89792/100000 (90%)], lr: ['1.00e-04'], loss: 0.526278
[2024-09-11 18:18:58,877][INFO][freq_trainer:114] - train epoch: 6 [99776/100000 (100%)], lr: ['1.00e-04'], loss: 0.541952
[2024-09-11 18:19:01,994][INFO][freq_trainer:57] - [epoch   6] execution time: 92.31s	metrics:
[2024-09-11 18:19:01,994][INFO][freq_evaluator:47] - dataset: valid_pretraining, acc: 0.078, hamming: 0.743
[2024-09-11 18:19:02,007][INFO][base_model:51] - snapshot saved to XXX/frequency-pretraining/models/exp021b-m36-simple_multi_class-2024-09-11_16-55-09-final.pth
[2024-09-11 18:19:11,312][INFO][freq_trainer:114] - train epoch: 7 [9920/100000 (10%)], lr: ['1.00e-04'], loss: 0.548346
[2024-09-11 18:19:20,138][INFO][freq_trainer:114] - train epoch: 7 [19904/100000 (20%)], lr: ['1.00e-04'], loss: 0.530393
[2024-09-11 18:19:28,761][INFO][freq_trainer:114] - train epoch: 7 [29888/100000 (30%)], lr: ['1.00e-04'], loss: 0.517451
[2024-09-11 18:19:37,197][INFO][freq_trainer:114] - train epoch: 7 [39872/100000 (40%)], lr: ['1.00e-04'], loss: 0.485286
[2024-09-11 18:19:46,175][INFO][freq_trainer:114] - train epoch: 7 [49856/100000 (50%)], lr: ['1.00e-04'], loss: 0.521217
[2024-09-11 18:19:55,197][INFO][freq_trainer:114] - train epoch: 7 [59840/100000 (60%)], lr: ['1.00e-04'], loss: 0.510643
[2024-09-11 18:20:03,702][INFO][freq_trainer:114] - train epoch: 7 [69824/100000 (70%)], lr: ['1.00e-04'], loss: 0.489130
[2024-09-11 18:20:12,151][INFO][freq_trainer:114] - train epoch: 7 [79808/100000 (80%)], lr: ['1.00e-04'], loss: 0.508763
[2024-09-11 18:20:20,693][INFO][freq_trainer:114] - train epoch: 7 [89792/100000 (90%)], lr: ['1.00e-04'], loss: 0.455150
[2024-09-11 18:20:28,560][INFO][freq_trainer:114] - train epoch: 7 [99776/100000 (100%)], lr: ['1.00e-04'], loss: 0.478789
[2024-09-11 18:20:31,357][INFO][freq_trainer:57] - [epoch   7] execution time: 89.35s	metrics:
[2024-09-11 18:20:31,358][INFO][freq_evaluator:47] - dataset: valid_pretraining, acc: 0.042, hamming: 0.764
[2024-09-11 18:20:31,372][INFO][base_model:51] - snapshot saved to XXX/frequency-pretraining/models/exp021b-m36-simple_multi_class-2024-09-11_16-55-09-final.pth
[2024-09-11 18:20:40,939][INFO][freq_trainer:114] - train epoch: 8 [9920/100000 (10%)], lr: ['1.00e-04'], loss: 0.463158
[2024-09-11 18:20:49,828][INFO][freq_trainer:114] - train epoch: 8 [19904/100000 (20%)], lr: ['1.00e-04'], loss: 0.474568
[2024-09-11 18:20:58,693][INFO][freq_trainer:114] - train epoch: 8 [29888/100000 (30%)], lr: ['1.00e-04'], loss: 0.420288
[2024-09-11 18:21:07,530][INFO][freq_trainer:114] - train epoch: 8 [39872/100000 (40%)], lr: ['1.00e-04'], loss: 0.448123
[2024-09-11 18:21:16,172][INFO][freq_trainer:114] - train epoch: 8 [49856/100000 (50%)], lr: ['1.00e-04'], loss: 0.441143
[2024-09-11 18:21:24,838][INFO][freq_trainer:114] - train epoch: 8 [59840/100000 (60%)], lr: ['1.00e-04'], loss: 0.394224
[2024-09-11 18:21:34,053][INFO][freq_trainer:114] - train epoch: 8 [69824/100000 (70%)], lr: ['1.00e-04'], loss: 0.389440
[2024-09-11 18:21:42,871][INFO][freq_trainer:114] - train epoch: 8 [79808/100000 (80%)], lr: ['1.00e-04'], loss: 0.410564
[2024-09-11 18:21:51,696][INFO][freq_trainer:114] - train epoch: 8 [89792/100000 (90%)], lr: ['1.00e-04'], loss: 0.376914
[2024-09-11 18:22:00,385][INFO][freq_trainer:114] - train epoch: 8 [99776/100000 (100%)], lr: ['1.00e-04'], loss: 0.423000
[2024-09-11 18:22:03,483][INFO][freq_trainer:57] - [epoch   8] execution time: 92.11s	metrics:
[2024-09-11 18:22:03,483][INFO][freq_evaluator:47] - dataset: valid_pretraining, acc: 0.112, hamming: 0.807
[2024-09-11 18:22:03,494][INFO][base_model:51] - snapshot saved to XXX/frequency-pretraining/models/exp021b-m36-simple_multi_class-2024-09-11_16-55-09-final.pth
[2024-09-11 18:22:12,762][INFO][freq_trainer:114] - train epoch: 9 [9920/100000 (10%)], lr: ['1.00e-04'], loss: 0.446717
[2024-09-11 18:22:21,331][INFO][freq_trainer:114] - train epoch: 9 [19904/100000 (20%)], lr: ['1.00e-04'], loss: 0.395789
[2024-09-11 18:22:30,108][INFO][freq_trainer:114] - train epoch: 9 [29888/100000 (30%)], lr: ['1.00e-04'], loss: 0.353122
[2024-09-11 18:22:38,602][INFO][freq_trainer:114] - train epoch: 9 [39872/100000 (40%)], lr: ['1.00e-04'], loss: 0.392841
[2024-09-11 18:22:47,398][INFO][freq_trainer:114] - train epoch: 9 [49856/100000 (50%)], lr: ['1.00e-04'], loss: 0.350920
[2024-09-11 18:22:56,222][INFO][freq_trainer:114] - train epoch: 9 [59840/100000 (60%)], lr: ['1.00e-04'], loss: 0.364959
[2024-09-11 18:23:04,627][INFO][freq_trainer:114] - train epoch: 9 [69824/100000 (70%)], lr: ['1.00e-04'], loss: 0.362791
[2024-09-11 18:23:13,386][INFO][freq_trainer:114] - train epoch: 9 [79808/100000 (80%)], lr: ['1.00e-04'], loss: 0.376345
[2024-09-11 18:23:21,754][INFO][freq_trainer:114] - train epoch: 9 [89792/100000 (90%)], lr: ['1.00e-04'], loss: 0.346423
[2024-09-11 18:23:30,668][INFO][freq_trainer:114] - train epoch: 9 [99776/100000 (100%)], lr: ['1.00e-04'], loss: 0.332725
[2024-09-11 18:23:33,730][INFO][freq_trainer:57] - [epoch   9] execution time: 90.24s	metrics:
[2024-09-11 18:23:33,730][INFO][freq_evaluator:47] - dataset: valid_pretraining, acc: 0.140, hamming: 0.832
[2024-09-11 18:23:33,743][INFO][base_model:51] - snapshot saved to XXX/frequency-pretraining/models/exp021b-m36-simple_multi_class-2024-09-11_16-55-09-final.pth
[2024-09-11 18:23:43,142][INFO][freq_trainer:114] - train epoch: 10 [9920/100000 (10%)], lr: ['1.00e-04'], loss: 0.332685
[2024-09-11 18:23:51,833][INFO][freq_trainer:114] - train epoch: 10 [19904/100000 (20%)], lr: ['1.00e-04'], loss: 0.331592
[2024-09-11 18:24:00,583][INFO][freq_trainer:114] - train epoch: 10 [29888/100000 (30%)], lr: ['1.00e-04'], loss: 0.370787
[2024-09-11 18:24:09,203][INFO][freq_trainer:114] - train epoch: 10 [39872/100000 (40%)], lr: ['1.00e-04'], loss: 0.309586
[2024-09-11 18:24:18,204][INFO][freq_trainer:114] - train epoch: 10 [49856/100000 (50%)], lr: ['1.00e-04'], loss: 0.312855
[2024-09-11 18:24:26,566][INFO][freq_trainer:114] - train epoch: 10 [59840/100000 (60%)], lr: ['1.00e-04'], loss: 0.352426
[2024-09-11 18:24:35,233][INFO][freq_trainer:114] - train epoch: 10 [69824/100000 (70%)], lr: ['1.00e-04'], loss: 0.350267
[2024-09-11 18:24:43,609][INFO][freq_trainer:114] - train epoch: 10 [79808/100000 (80%)], lr: ['1.00e-04'], loss: 0.346891
[2024-09-11 18:24:52,863][INFO][freq_trainer:114] - train epoch: 10 [89792/100000 (90%)], lr: ['1.00e-04'], loss: 0.311401
[2024-09-11 18:25:00,637][INFO][freq_trainer:114] - train epoch: 10 [99776/100000 (100%)], lr: ['1.00e-04'], loss: 0.285105
[2024-09-11 18:25:03,883][INFO][freq_trainer:57] - [epoch  10] execution time: 90.14s	metrics:
[2024-09-11 18:25:03,884][INFO][freq_evaluator:47] - dataset: valid_pretraining, acc: 0.158, hamming: 0.851
[2024-09-11 18:25:03,898][INFO][base_model:51] - snapshot saved to XXX/frequency-pretraining/models/exp021b-m36-simple_multi_class-2024-09-11_16-55-09-final.pth
[2024-09-11 18:25:13,478][INFO][freq_trainer:114] - train epoch: 11 [9920/100000 (10%)], lr: ['1.00e-04'], loss: 0.307791
[2024-09-11 18:25:22,238][INFO][freq_trainer:114] - train epoch: 11 [19904/100000 (20%)], lr: ['1.00e-04'], loss: 0.334324
[2024-09-11 18:25:31,308][INFO][freq_trainer:114] - train epoch: 11 [29888/100000 (30%)], lr: ['1.00e-04'], loss: 0.341695
[2024-09-11 18:25:39,169][INFO][freq_trainer:114] - train epoch: 11 [39872/100000 (40%)], lr: ['1.00e-04'], loss: 0.268920
[2024-09-11 18:25:47,680][INFO][freq_trainer:114] - train epoch: 11 [49856/100000 (50%)], lr: ['1.00e-04'], loss: 0.259420
[2024-09-11 18:25:56,195][INFO][freq_trainer:114] - train epoch: 11 [59840/100000 (60%)], lr: ['1.00e-04'], loss: 0.318347
[2024-09-11 18:26:04,723][INFO][freq_trainer:114] - train epoch: 11 [69824/100000 (70%)], lr: ['1.00e-04'], loss: 0.317421
[2024-09-11 18:26:13,541][INFO][freq_trainer:114] - train epoch: 11 [79808/100000 (80%)], lr: ['1.00e-04'], loss: 0.312642
[2024-09-11 18:26:22,474][INFO][freq_trainer:114] - train epoch: 11 [89792/100000 (90%)], lr: ['1.00e-04'], loss: 0.252997
[2024-09-11 18:26:30,745][INFO][freq_trainer:114] - train epoch: 11 [99776/100000 (100%)], lr: ['1.00e-04'], loss: 0.227914
[2024-09-11 18:26:34,015][INFO][freq_trainer:57] - [epoch  11] execution time: 90.12s	metrics:
[2024-09-11 18:26:34,016][INFO][freq_evaluator:47] - dataset: valid_pretraining, acc: 0.175, hamming: 0.866
[2024-09-11 18:26:34,026][INFO][base_model:51] - snapshot saved to XXX/frequency-pretraining/models/exp021b-m36-simple_multi_class-2024-09-11_16-55-09-final.pth
[2024-09-11 18:26:43,287][INFO][freq_trainer:114] - train epoch: 12 [9920/100000 (10%)], lr: ['1.00e-04'], loss: 0.266247
[2024-09-11 18:26:52,043][INFO][freq_trainer:114] - train epoch: 12 [19904/100000 (20%)], lr: ['1.00e-04'], loss: 0.246514
[2024-09-11 18:27:00,705][INFO][freq_trainer:114] - train epoch: 12 [29888/100000 (30%)], lr: ['1.00e-04'], loss: 0.247329
[2024-09-11 18:27:09,479][INFO][freq_trainer:114] - train epoch: 12 [39872/100000 (40%)], lr: ['1.00e-04'], loss: 0.209573
[2024-09-11 18:27:17,783][INFO][freq_trainer:114] - train epoch: 12 [49856/100000 (50%)], lr: ['1.00e-04'], loss: 0.234178
[2024-09-11 18:27:26,375][INFO][freq_trainer:114] - train epoch: 12 [59840/100000 (60%)], lr: ['1.00e-04'], loss: 0.226598
[2024-09-11 18:27:35,375][INFO][freq_trainer:114] - train epoch: 12 [69824/100000 (70%)], lr: ['1.00e-04'], loss: 0.233192
[2024-09-11 18:27:43,553][INFO][freq_trainer:114] - train epoch: 12 [79808/100000 (80%)], lr: ['1.00e-04'], loss: 0.232810
[2024-09-11 18:27:52,294][INFO][freq_trainer:114] - train epoch: 12 [89792/100000 (90%)], lr: ['1.00e-04'], loss: 0.201666
[2024-09-11 18:28:01,656][INFO][freq_trainer:114] - train epoch: 12 [99776/100000 (100%)], lr: ['1.00e-04'], loss: 0.193818
[2024-09-11 18:28:04,844][INFO][freq_trainer:57] - [epoch  12] execution time: 90.82s	metrics:
[2024-09-11 18:28:04,844][INFO][freq_evaluator:47] - dataset: valid_pretraining, acc: 0.184, hamming: 0.876
[2024-09-11 18:28:04,859][INFO][base_model:51] - snapshot saved to XXX/frequency-pretraining/models/exp021b-m36-simple_multi_class-2024-09-11_16-55-09-final.pth
[2024-09-11 18:28:13,331][INFO][freq_trainer:114] - train epoch: 13 [9920/100000 (10%)], lr: ['1.00e-04'], loss: 0.238958
[2024-09-11 18:28:22,217][INFO][freq_trainer:114] - train epoch: 13 [19904/100000 (20%)], lr: ['1.00e-04'], loss: 0.193958
[2024-09-11 18:28:30,511][INFO][freq_trainer:114] - train epoch: 13 [29888/100000 (30%)], lr: ['1.00e-04'], loss: 0.187667
[2024-09-11 18:28:39,454][INFO][freq_trainer:114] - train epoch: 13 [39872/100000 (40%)], lr: ['1.00e-04'], loss: 0.208349
[2024-09-11 18:28:48,013][INFO][freq_trainer:114] - train epoch: 13 [49856/100000 (50%)], lr: ['1.00e-04'], loss: 0.161746
[2024-09-11 18:28:56,426][INFO][freq_trainer:114] - train epoch: 13 [59840/100000 (60%)], lr: ['1.00e-04'], loss: 0.215051
[2024-09-11 18:29:04,891][INFO][freq_trainer:114] - train epoch: 13 [69824/100000 (70%)], lr: ['1.00e-04'], loss: 0.200435
[2024-09-11 18:29:13,531][INFO][freq_trainer:114] - train epoch: 13 [79808/100000 (80%)], lr: ['1.00e-04'], loss: 0.215581
[2024-09-11 18:29:22,120][INFO][freq_trainer:114] - train epoch: 13 [89792/100000 (90%)], lr: ['1.00e-04'], loss: 0.203190
[2024-09-11 18:29:30,754][INFO][freq_trainer:114] - train epoch: 13 [99776/100000 (100%)], lr: ['1.00e-04'], loss: 0.169063
[2024-09-11 18:29:33,469][INFO][freq_trainer:57] - [epoch  13] execution time: 88.61s	metrics:
[2024-09-11 18:29:33,469][INFO][freq_evaluator:47] - dataset: valid_pretraining, acc: 0.192, hamming: 0.882
[2024-09-11 18:29:33,485][INFO][base_model:51] - snapshot saved to XXX/frequency-pretraining/models/exp021b-m36-simple_multi_class-2024-09-11_16-55-09-final.pth
[2024-09-11 18:29:42,850][INFO][freq_trainer:114] - train epoch: 14 [9920/100000 (10%)], lr: ['1.00e-04'], loss: 0.191573
[2024-09-11 18:29:51,633][INFO][freq_trainer:114] - train epoch: 14 [19904/100000 (20%)], lr: ['1.00e-04'], loss: 0.169667
[2024-09-11 18:29:59,456][INFO][freq_trainer:114] - train epoch: 14 [29888/100000 (30%)], lr: ['1.00e-04'], loss: 0.183600
[2024-09-11 18:30:07,977][INFO][freq_trainer:114] - train epoch: 14 [39872/100000 (40%)], lr: ['1.00e-04'], loss: 0.199022
[2024-09-11 18:30:16,125][INFO][freq_trainer:114] - train epoch: 14 [49856/100000 (50%)], lr: ['1.00e-04'], loss: 0.182755
[2024-09-11 18:30:24,646][INFO][freq_trainer:114] - train epoch: 14 [59840/100000 (60%)], lr: ['1.00e-04'], loss: 0.189303
[2024-09-11 18:30:33,125][INFO][freq_trainer:114] - train epoch: 14 [69824/100000 (70%)], lr: ['1.00e-04'], loss: 0.153861
[2024-09-11 18:30:41,447][INFO][freq_trainer:114] - train epoch: 14 [79808/100000 (80%)], lr: ['1.00e-04'], loss: 0.133619
[2024-09-11 18:30:50,137][INFO][freq_trainer:114] - train epoch: 14 [89792/100000 (90%)], lr: ['1.00e-04'], loss: 0.174671
[2024-09-11 18:30:58,343][INFO][freq_trainer:114] - train epoch: 14 [99776/100000 (100%)], lr: ['1.00e-04'], loss: 0.162400
[2024-09-11 18:31:01,364][INFO][freq_trainer:57] - [epoch  14] execution time: 87.88s	metrics:
[2024-09-11 18:31:01,365][INFO][freq_evaluator:47] - dataset: valid_pretraining, acc: 0.194, hamming: 0.881
[2024-09-11 18:31:01,378][INFO][base_model:51] - snapshot saved to XXX/frequency-pretraining/models/exp021b-m36-simple_multi_class-2024-09-11_16-55-09-final.pth
[2024-09-11 18:31:10,572][INFO][freq_trainer:114] - train epoch: 15 [9920/100000 (10%)], lr: ['1.00e-04'], loss: 0.152277
[2024-09-11 18:31:18,490][INFO][freq_trainer:114] - train epoch: 15 [19904/100000 (20%)], lr: ['1.00e-04'], loss: 0.154748
[2024-09-11 18:31:26,741][INFO][freq_trainer:114] - train epoch: 15 [29888/100000 (30%)], lr: ['1.00e-04'], loss: 0.150095
[2024-09-11 18:31:35,348][INFO][freq_trainer:114] - train epoch: 15 [39872/100000 (40%)], lr: ['1.00e-04'], loss: 0.163209
[2024-09-11 18:31:43,715][INFO][freq_trainer:114] - train epoch: 15 [49856/100000 (50%)], lr: ['1.00e-04'], loss: 0.165013
[2024-09-11 18:31:52,212][INFO][freq_trainer:114] - train epoch: 15 [59840/100000 (60%)], lr: ['1.00e-04'], loss: 0.135177
[2024-09-11 18:32:00,751][INFO][freq_trainer:114] - train epoch: 15 [69824/100000 (70%)], lr: ['1.00e-04'], loss: 0.148019
[2024-09-11 18:32:09,282][INFO][freq_trainer:114] - train epoch: 15 [79808/100000 (80%)], lr: ['1.00e-04'], loss: 0.136144
[2024-09-11 18:32:16,999][INFO][freq_trainer:114] - train epoch: 15 [89792/100000 (90%)], lr: ['1.00e-04'], loss: 0.146962
[2024-09-11 18:32:25,348][INFO][freq_trainer:114] - train epoch: 15 [99776/100000 (100%)], lr: ['1.00e-04'], loss: 0.165055
[2024-09-11 18:32:28,073][INFO][freq_trainer:57] - [epoch  15] execution time: 86.70s	metrics:
[2024-09-11 18:32:28,074][INFO][freq_evaluator:47] - dataset: valid_pretraining, acc: 0.199, hamming: 0.885
[2024-09-11 18:32:28,088][INFO][base_model:51] - snapshot saved to XXX/frequency-pretraining/models/exp021b-m36-simple_multi_class-2024-09-11_16-55-09-final.pth
[2024-09-11 18:32:37,079][INFO][freq_trainer:114] - train epoch: 16 [9920/100000 (10%)], lr: ['1.00e-04'], loss: 0.132947
[2024-09-11 18:32:45,993][INFO][freq_trainer:114] - train epoch: 16 [19904/100000 (20%)], lr: ['1.00e-04'], loss: 0.132643
[2024-09-11 18:32:54,377][INFO][freq_trainer:114] - train epoch: 16 [29888/100000 (30%)], lr: ['1.00e-04'], loss: 0.146000
[2024-09-11 18:33:02,539][INFO][freq_trainer:114] - train epoch: 16 [39872/100000 (40%)], lr: ['1.00e-04'], loss: 0.142133
[2024-09-11 18:33:11,412][INFO][freq_trainer:114] - train epoch: 16 [49856/100000 (50%)], lr: ['1.00e-04'], loss: 0.128006
[2024-09-11 18:33:20,046][INFO][freq_trainer:114] - train epoch: 16 [59840/100000 (60%)], lr: ['1.00e-04'], loss: 0.162835
[2024-09-11 18:33:28,757][INFO][freq_trainer:114] - train epoch: 16 [69824/100000 (70%)], lr: ['1.00e-04'], loss: 0.119609
[2024-09-11 18:33:37,082][INFO][freq_trainer:114] - train epoch: 16 [79808/100000 (80%)], lr: ['1.00e-04'], loss: 0.116286
[2024-09-11 18:33:46,194][INFO][freq_trainer:114] - train epoch: 16 [89792/100000 (90%)], lr: ['1.00e-04'], loss: 0.132009
[2024-09-11 18:33:54,985][INFO][freq_trainer:114] - train epoch: 16 [99776/100000 (100%)], lr: ['1.00e-04'], loss: 0.115411
[2024-09-11 18:33:58,254][INFO][freq_trainer:57] - [epoch  16] execution time: 90.17s	metrics:
[2024-09-11 18:33:58,255][INFO][freq_evaluator:47] - dataset: valid_pretraining, acc: 0.198, hamming: 0.882
[2024-09-11 18:33:58,269][INFO][base_model:51] - snapshot saved to XXX/frequency-pretraining/models/exp021b-m36-simple_multi_class-2024-09-11_16-55-09-final.pth
[2024-09-11 18:34:07,446][INFO][freq_trainer:114] - train epoch: 17 [9920/100000 (10%)], lr: ['1.00e-04'], loss: 0.117119
[2024-09-11 18:34:15,865][INFO][freq_trainer:114] - train epoch: 17 [19904/100000 (20%)], lr: ['1.00e-04'], loss: 0.114200
[2024-09-11 18:34:24,291][INFO][freq_trainer:114] - train epoch: 17 [29888/100000 (30%)], lr: ['1.00e-04'], loss: 0.113488
[2024-09-11 18:34:33,114][INFO][freq_trainer:114] - train epoch: 17 [39872/100000 (40%)], lr: ['1.00e-04'], loss: 0.115851
[2024-09-11 18:34:40,778][INFO][freq_trainer:114] - train epoch: 17 [49856/100000 (50%)], lr: ['1.00e-04'], loss: 0.091781
[2024-09-11 18:34:49,803][INFO][freq_trainer:114] - train epoch: 17 [59840/100000 (60%)], lr: ['1.00e-04'], loss: 0.117389
[2024-09-11 18:34:58,706][INFO][freq_trainer:114] - train epoch: 17 [69824/100000 (70%)], lr: ['1.00e-04'], loss: 0.141913
[2024-09-11 18:35:07,225][INFO][freq_trainer:114] - train epoch: 17 [79808/100000 (80%)], lr: ['1.00e-04'], loss: 0.109451
[2024-09-11 18:35:15,596][INFO][freq_trainer:114] - train epoch: 17 [89792/100000 (90%)], lr: ['1.00e-04'], loss: 0.092814
[2024-09-11 18:35:23,800][INFO][freq_trainer:114] - train epoch: 17 [99776/100000 (100%)], lr: ['1.00e-04'], loss: 0.124069
[2024-09-11 18:35:27,073][INFO][freq_trainer:57] - [epoch  17] execution time: 88.80s	metrics:
[2024-09-11 18:35:27,074][INFO][freq_evaluator:47] - dataset: valid_pretraining, acc: 0.187, hamming: 0.881
[2024-09-11 18:35:27,087][INFO][base_model:51] - snapshot saved to XXX/frequency-pretraining/models/exp021b-m36-simple_multi_class-2024-09-11_16-55-09-final.pth
[2024-09-11 18:35:36,716][INFO][freq_trainer:114] - train epoch: 18 [9920/100000 (10%)], lr: ['1.00e-04'], loss: 0.085341
[2024-09-11 18:35:45,579][INFO][freq_trainer:114] - train epoch: 18 [19904/100000 (20%)], lr: ['1.00e-04'], loss: 0.084818
[2024-09-11 18:35:54,231][INFO][freq_trainer:114] - train epoch: 18 [29888/100000 (30%)], lr: ['1.00e-04'], loss: 0.099602
[2024-09-11 18:36:02,638][INFO][freq_trainer:114] - train epoch: 18 [39872/100000 (40%)], lr: ['1.00e-04'], loss: 0.104549
[2024-09-11 18:36:11,069][INFO][freq_trainer:114] - train epoch: 18 [49856/100000 (50%)], lr: ['1.00e-04'], loss: 0.087665
[2024-09-11 18:36:20,043][INFO][freq_trainer:114] - train epoch: 18 [59840/100000 (60%)], lr: ['1.00e-04'], loss: 0.083007
[2024-09-11 18:36:28,983][INFO][freq_trainer:114] - train epoch: 18 [69824/100000 (70%)], lr: ['1.00e-04'], loss: 0.100433
[2024-09-11 18:36:37,637][INFO][freq_trainer:114] - train epoch: 18 [79808/100000 (80%)], lr: ['1.00e-04'], loss: 0.119628
[2024-09-11 18:36:46,977][INFO][freq_trainer:114] - train epoch: 18 [89792/100000 (90%)], lr: ['1.00e-04'], loss: 0.091281
[2024-09-11 18:36:55,372][INFO][freq_trainer:114] - train epoch: 18 [99776/100000 (100%)], lr: ['1.00e-04'], loss: 0.086055
[2024-09-11 18:36:58,471][INFO][freq_trainer:57] - [epoch  18] execution time: 91.38s	metrics:
[2024-09-11 18:36:58,472][INFO][freq_evaluator:47] - dataset: valid_pretraining, acc: 0.189, hamming: 0.881
[2024-09-11 18:36:58,484][INFO][base_model:51] - snapshot saved to XXX/frequency-pretraining/models/exp021b-m36-simple_multi_class-2024-09-11_16-55-09-final.pth
[2024-09-11 18:37:07,828][INFO][freq_trainer:114] - train epoch: 19 [9920/100000 (10%)], lr: ['1.00e-04'], loss: 0.083136
[2024-09-11 18:37:16,817][INFO][freq_trainer:114] - train epoch: 19 [19904/100000 (20%)], lr: ['1.00e-04'], loss: 0.072966
[2024-09-11 18:37:25,431][INFO][freq_trainer:114] - train epoch: 19 [29888/100000 (30%)], lr: ['1.00e-04'], loss: 0.092104
[2024-09-11 18:37:33,946][INFO][freq_trainer:114] - train epoch: 19 [39872/100000 (40%)], lr: ['1.00e-04'], loss: 0.084791
[2024-09-11 18:37:42,474][INFO][freq_trainer:114] - train epoch: 19 [49856/100000 (50%)], lr: ['1.00e-04'], loss: 0.073024
[2024-09-11 18:37:51,001][INFO][freq_trainer:114] - train epoch: 19 [59840/100000 (60%)], lr: ['1.00e-04'], loss: 0.084074
[2024-09-11 18:37:59,420][INFO][freq_trainer:114] - train epoch: 19 [69824/100000 (70%)], lr: ['1.00e-04'], loss: 0.080450
[2024-09-11 18:38:08,639][INFO][freq_trainer:114] - train epoch: 19 [79808/100000 (80%)], lr: ['1.00e-04'], loss: 0.063016
[2024-09-11 18:38:17,230][INFO][freq_trainer:114] - train epoch: 19 [89792/100000 (90%)], lr: ['1.00e-04'], loss: 0.082232
[2024-09-11 18:38:26,243][INFO][freq_trainer:114] - train epoch: 19 [99776/100000 (100%)], lr: ['1.00e-04'], loss: 0.061128
[2024-09-11 18:38:29,114][INFO][freq_trainer:57] - [epoch  19] execution time: 90.63s	metrics:
[2024-09-11 18:38:29,115][INFO][freq_evaluator:47] - dataset: valid_pretraining, acc: 0.185, hamming: 0.880
[2024-09-11 18:38:29,139][INFO][base_model:51] - snapshot saved to XXX/frequency-pretraining/models/exp021b-m36-simple_multi_class-2024-09-11_16-55-09-final.pth
[2024-09-11 18:38:38,568][INFO][freq_trainer:114] - train epoch: 20 [9920/100000 (10%)], lr: ['1.00e-04'], loss: 0.067695
[2024-09-11 18:38:47,645][INFO][freq_trainer:114] - train epoch: 20 [19904/100000 (20%)], lr: ['1.00e-04'], loss: 0.067275
[2024-09-11 18:38:56,223][INFO][freq_trainer:114] - train epoch: 20 [29888/100000 (30%)], lr: ['1.00e-04'], loss: 0.062741
[2024-09-11 18:39:04,854][INFO][freq_trainer:114] - train epoch: 20 [39872/100000 (40%)], lr: ['1.00e-04'], loss: 0.081240
[2024-09-11 18:39:13,721][INFO][freq_trainer:114] - train epoch: 20 [49856/100000 (50%)], lr: ['1.00e-04'], loss: 0.073246
[2024-09-11 18:39:22,638][INFO][freq_trainer:114] - train epoch: 20 [59840/100000 (60%)], lr: ['1.00e-04'], loss: 0.063710
[2024-09-11 18:39:31,657][INFO][freq_trainer:114] - train epoch: 20 [69824/100000 (70%)], lr: ['1.00e-04'], loss: 0.057189
[2024-09-11 18:39:40,665][INFO][freq_trainer:114] - train epoch: 20 [79808/100000 (80%)], lr: ['1.00e-04'], loss: 0.054732
[2024-09-11 18:39:49,479][INFO][freq_trainer:114] - train epoch: 20 [89792/100000 (90%)], lr: ['1.00e-04'], loss: 0.053222
[2024-09-11 18:39:58,125][INFO][freq_trainer:114] - train epoch: 20 [99776/100000 (100%)], lr: ['1.00e-04'], loss: 0.063241
[2024-09-11 18:40:01,448][INFO][freq_trainer:57] - [epoch  20] execution time: 92.31s	metrics:
[2024-09-11 18:40:01,448][INFO][freq_evaluator:47] - dataset: valid_pretraining, acc: 0.187, hamming: 0.879
[2024-09-11 18:40:01,458][INFO][base_model:51] - snapshot saved to XXX/frequency-pretraining/models/exp021b-m36-simple_multi_class-2024-09-11_16-55-09-final.pth
[2024-09-11 18:40:01,459][INFO][freq_trainer:67] - finished training
[2024-09-11 18:40:04,294][INFO][data_loaders:39] - class distribution before data reduction:
# samples per subject
02fb158a-a658-51ee-89cf-1e1dc2ebfde1: 861
03341d0d-5927-5838-8a5f-1b8ef39d8f57: 1063
039ce8ad-a7fa-5272-a3e3-1f4bfebdd087: 915
095d6e40-5f19-55b6-a0ec-6e0ad3793da0: 1192
0d79f4b1-e74f-5e87-8e42-f9dd7112ada5: 968
100df108-eb57-5eaa-a413-f7e4436a7895: 952
14c012bd-65b0-56f5-bc74-2dffcea69837: 969
16450f5a-9b65-5536-85e1-93816c8b89eb: 816
18482adf-1144-54ca-9e35-27f65c43a105: 824
18ede714-aba3-5ad8-bb1a-18fc9b1c4192: 995
1da3544e-dc5c-5795-adc3-f5068959211f: 955
2159377e-ebf3-5565-9014-1e2ae69dc1d2: 907
2e865ca9-e20f-5a6f-bd25-45d28cc9eab9: 950
32556393-bb57-560a-99e8-e09885219647: 1106
37d0da97-9ae8-5413-b889-4e843ff35488: 1011
3dd35e7b-d7e2-516d-8a85-e0d58a59569f: 1093
3e842aa8-bcd9-521e-93a2-72124233fe2c: 620
40e25dd4-6087-5747-b9c2-4838ada86b15: 1076
47f45aa2-31c4-595b-bdb6-f1348bba062b: 1032
4b72b905-5521-5c57-b666-e20ff9bb195f: 868
4e3c4ac4-69e2-5347-a3b0-662c204d259d: 926
5b94ec8a-c34d-5e45-84d1-bec2ea965609: 1090
5bf0f969-304c-581e-949c-50c108f62846: 947
67fa8e29-6f4d-530e-9422-bbc3aca86ed0: 1046
6e2aa933-c51c-5a31-8c7b-83da8d076a12: 905
730aba3b-e310-5be0-9eed-7c3123466834: 1120
742f1592-627c-54eb-bbb5-ccd55ffae33a: 975
769df255-2284-50b3-8917-2155c759fbbd: 929
79e8a04e-0fdd-53ae-bedc-d49d08e29103: 918
7d778801-88e7-5086-ad1d-70f31a371876: 999
83c1394e-9c69-5c11-9102-9ff8d59b1cfd: 1011
844f68ba-265e-53e6-bf47-6c85d1804a7b: 957
90aef91a-252f-5ccc-a82e-78ea7ee9ca1f: 1089
a0c91989-530f-5117-80c1-2488dbed683c: 1017
a25b2296-343b-53f6-8792-ada2669d466e: 1008
a6254c8a-f1b2-5736-b601-18245dd5e0a5: 1084
a65a9e69-cddf-5711-9a97-de8bfdeb08cc: 961
a79d1f0e-c133-5aa0-8268-cdcc05825f0f: 1046
aa160c78-6da3-5e05-8fc9-d6c13e9f97e0: 1010
aadc9e0c-b7c3-5a47-851d-f21971d10935: 969
ad47bc12-199c-5294-9cb8-4351bbbf7b5e: 893
b2d3ccdd-395c-5dd2-81d9-252bcfc0c337: 902
b3706da5-748b-5dd1-a552-f57e4456cdf6: 1041
b5d5785d-87ee-5078-b9b9-aac6abd4d8de: 918
bb474ab0-c2ce-573b-8acd-ef86b0fa26a2: 1142
c03e27b0-4cb5-584f-aaea-8f1e1ed6513c: 1121
c11c730f-0b6b-580b-af31-d8f0ebbbdfce: 917
c31a47f9-e400-5841-a22b-521c81042603: 986
c8110476-594c-533d-95bd-86147fccc987: 995
c985916d-46a5-5c3e-9d50-a5a91f460bac: 1024
cebd3520-4e77-5222-a614-d2888e6afc2b: 1109
d5181c33-a43b-5dfe-8ad7-0337facb092a: 977
e59c45e0-0c0c-565f-84a9-6cf0ec5ef6c1: 844
e6b7cbef-4c9d-5541-82e8-04810de0fb60: 819
e8ec8ec4-dc48-50ce-985a-a06d87861030: 975
eb95076c-c470-56a4-b788-ace310f061c6: 965

# samples per stage
0: 9856
1: 3075
2: 26718
3: 5997
4: 9162
[2024-09-11 18:40:04,551][INFO][data_loaders:43] - class distribution after data reduction:
# samples per subject
16450f5a-9b65-5536-85e1-93816c8b89eb: 54672

# samples per stage
0: 29614
1: 5695
2: 19363
[2024-09-11 18:40:04,568][INFO][base_pretraining_fe:55] - Loading model from XXX/frequency-pretraining/models/exp021b-m36-simple_multi_class-2024-09-11_16-55-09-final.pth
[2024-09-11 18:40:05,001][INFO][data_loaders:39] - class distribution before data reduction:
# samples per subject
0416d51f-5d69-5326-b74a-a2e31a96a1ef: 822
1fa6c401-d819-50f5-8146-a0bb9e2b2516: 986
22bea84c-5d23-5e49-bc2d-9764f883955b: 1048
25a6b2b0-4d09-561b-82c6-f09bb271d3be: 1063
a30245e3-4a71-565f-9636-92e7d2e825fc: 1122
a4568951-bf87-5bbc-bc4f-28e93c360be6: 975
b3534fa3-7676-50dc-8412-07f0eff4f7a9: 757
fc10ee0b-b863-511b-bce8-4dfa7af8ac3a: 910

# samples per stage
0: 1458
1: 408
2: 3702
3: 1050
4: 1065
[2024-09-11 18:40:05,032][INFO][data_loaders:43] - class distribution after data reduction:
# samples per subject
0416d51f-5d69-5326-b74a-a2e31a96a1ef: 822
1fa6c401-d819-50f5-8146-a0bb9e2b2516: 986
22bea84c-5d23-5e49-bc2d-9764f883955b: 1048
25a6b2b0-4d09-561b-82c6-f09bb271d3be: 1063
a30245e3-4a71-565f-9636-92e7d2e825fc: 1122
a4568951-bf87-5bbc-bc4f-28e93c360be6: 975
b3534fa3-7676-50dc-8412-07f0eff4f7a9: 757
fc10ee0b-b863-511b-bce8-4dfa7af8ac3a: 910

# samples per stage
0: 1458
1: 408
2: 3702
3: 1050
4: 1065
[2024-09-11 18:40:05,072][INFO][clas_trainer:49] - metrics before training (epoch 0):
[2024-09-11 18:40:30,075][INFO][clas_evaluator:99] - dataset: earlystopping, avg f1-score: 0.1526
[2024-09-11 18:40:47,672][INFO][clas_trainer:133] - train epoch: 1 [5408/54672 (10%)], lr: ['1.00e-04', '1.00e-04'], loss: 0.429356
[2024-09-11 18:41:03,999][INFO][clas_trainer:133] - train epoch: 1 [10848/54672 (20%)], lr: ['1.00e-04', '1.00e-04'], loss: 0.461089
[2024-09-11 18:41:20,214][INFO][clas_trainer:133] - train epoch: 1 [16288/54672 (30%)], lr: ['1.00e-04', '1.00e-04'], loss: 0.141992
[2024-09-11 18:41:36,854][INFO][clas_trainer:133] - train epoch: 1 [21728/54672 (40%)], lr: ['1.00e-04', '1.00e-04'], loss: 0.457851
[2024-09-11 18:41:52,914][INFO][clas_trainer:133] - train epoch: 1 [27168/54672 (50%)], lr: ['1.00e-04', '1.00e-04'], loss: 0.153669
[2024-09-11 18:42:09,592][INFO][clas_trainer:133] - train epoch: 1 [32608/54672 (60%)], lr: ['1.00e-04', '1.00e-04'], loss: 0.238389
[2024-09-11 18:42:25,294][INFO][clas_trainer:133] - train epoch: 1 [38048/54672 (70%)], lr: ['1.00e-04', '1.00e-04'], loss: 0.143189
[2024-09-11 18:42:41,398][INFO][clas_trainer:133] - train epoch: 1 [43488/54672 (80%)], lr: ['1.00e-04', '1.00e-04'], loss: 0.347414
[2024-09-11 18:42:57,652][INFO][clas_trainer:133] - train epoch: 1 [48928/54672 (89%)], lr: ['1.00e-04', '1.00e-04'], loss: 0.045608
[2024-09-11 18:43:13,991][INFO][clas_trainer:133] - train epoch: 1 [54368/54672 (99%)], lr: ['1.00e-04', '1.00e-04'], loss: 0.193099
[2024-09-11 18:43:39,198][INFO][clas_trainer:63] - [epoch   1] execution time: 189.12s	metrics:
[2024-09-11 18:43:39,198][INFO][clas_evaluator:99] - dataset: earlystopping, avg f1-score: 0.3247
[2024-09-11 18:43:39,219][INFO][base_model:51] - snapshot saved to XXX/frequency-pretraining/models/exp021b-m36-base_fe_clas-2024-09-11_16-55-09-final.pth
[2024-09-11 18:43:56,707][INFO][clas_trainer:133] - train epoch: 2 [5408/54672 (10%)], lr: ['1.00e-04', '1.00e-04'], loss: 0.219977
[2024-09-11 18:44:13,067][INFO][clas_trainer:133] - train epoch: 2 [10848/54672 (20%)], lr: ['1.00e-04', '1.00e-04'], loss: 0.392295
[2024-09-11 18:44:29,712][INFO][clas_trainer:133] - train epoch: 2 [16288/54672 (30%)], lr: ['1.00e-04', '1.00e-04'], loss: 0.026951
[2024-09-11 18:44:45,554][INFO][clas_trainer:133] - train epoch: 2 [21728/54672 (40%)], lr: ['1.00e-04', '1.00e-04'], loss: 0.023628
[2024-09-11 18:45:01,677][INFO][clas_trainer:133] - train epoch: 2 [27168/54672 (50%)], lr: ['1.00e-04', '1.00e-04'], loss: 0.030135
[2024-09-11 18:45:18,311][INFO][clas_trainer:133] - train epoch: 2 [32608/54672 (60%)], lr: ['1.00e-04', '1.00e-04'], loss: 0.127671
[2024-09-11 18:45:34,966][INFO][clas_trainer:133] - train epoch: 2 [38048/54672 (70%)], lr: ['1.00e-04', '1.00e-04'], loss: 0.009811
[2024-09-11 18:45:51,266][INFO][clas_trainer:133] - train epoch: 2 [43488/54672 (80%)], lr: ['1.00e-04', '1.00e-04'], loss: 0.041494
[2024-09-11 18:46:07,561][INFO][clas_trainer:133] - train epoch: 2 [48928/54672 (89%)], lr: ['1.00e-04', '1.00e-04'], loss: 0.002914
[2024-09-11 18:46:23,762][INFO][clas_trainer:133] - train epoch: 2 [54368/54672 (99%)], lr: ['1.00e-04', '1.00e-04'], loss: 0.006192
[2024-09-11 18:46:49,377][INFO][clas_trainer:63] - [epoch   2] execution time: 190.16s	metrics:
[2024-09-11 18:46:49,377][INFO][clas_evaluator:99] - dataset: earlystopping, avg f1-score: 0.3253
[2024-09-11 18:46:49,400][INFO][base_model:51] - snapshot saved to XXX/frequency-pretraining/models/exp021b-m36-base_fe_clas-2024-09-11_16-55-09-final.pth
[2024-09-11 18:47:06,111][INFO][clas_trainer:133] - train epoch: 3 [5408/54672 (10%)], lr: ['1.00e-04', '1.00e-04'], loss: 0.002789
[2024-09-11 18:47:22,898][INFO][clas_trainer:133] - train epoch: 3 [10848/54672 (20%)], lr: ['1.00e-04', '1.00e-04'], loss: 0.001903
[2024-09-11 18:47:38,705][INFO][clas_trainer:133] - train epoch: 3 [16288/54672 (30%)], lr: ['1.00e-04', '1.00e-04'], loss: 0.021932
[2024-09-11 18:47:55,835][INFO][clas_trainer:133] - train epoch: 3 [21728/54672 (40%)], lr: ['1.00e-04', '1.00e-04'], loss: 0.000535
[2024-09-11 18:48:12,248][INFO][clas_trainer:133] - train epoch: 3 [27168/54672 (50%)], lr: ['1.00e-04', '1.00e-04'], loss: 0.001953
[2024-09-11 18:48:29,418][INFO][clas_trainer:133] - train epoch: 3 [32608/54672 (60%)], lr: ['1.00e-04', '1.00e-04'], loss: 0.038699
[2024-09-11 18:48:46,159][INFO][clas_trainer:133] - train epoch: 3 [38048/54672 (70%)], lr: ['1.00e-04', '1.00e-04'], loss: 0.014619
[2024-09-11 18:49:02,428][INFO][clas_trainer:133] - train epoch: 3 [43488/54672 (80%)], lr: ['1.00e-04', '1.00e-04'], loss: 0.000644
[2024-09-11 18:49:18,601][INFO][clas_trainer:133] - train epoch: 3 [48928/54672 (89%)], lr: ['1.00e-04', '1.00e-04'], loss: 0.007360
[2024-09-11 18:49:34,858][INFO][clas_trainer:133] - train epoch: 3 [54368/54672 (99%)], lr: ['1.00e-04', '1.00e-04'], loss: 0.015583
[2024-09-11 18:49:59,909][INFO][clas_trainer:63] - [epoch   3] execution time: 190.51s	metrics:
[2024-09-11 18:49:59,910][INFO][clas_evaluator:99] - dataset: earlystopping, avg f1-score: 0.3192
[2024-09-11 18:50:16,668][INFO][clas_trainer:133] - train epoch: 4 [5408/54672 (10%)], lr: ['1.00e-04', '1.00e-04'], loss: 0.038395
[2024-09-11 18:50:32,769][INFO][clas_trainer:133] - train epoch: 4 [10848/54672 (20%)], lr: ['1.00e-04', '1.00e-04'], loss: 0.000973
[2024-09-11 18:50:49,208][INFO][clas_trainer:133] - train epoch: 4 [16288/54672 (30%)], lr: ['1.00e-04', '1.00e-04'], loss: 0.003709
[2024-09-11 18:51:05,109][INFO][clas_trainer:133] - train epoch: 4 [21728/54672 (40%)], lr: ['1.00e-04', '1.00e-04'], loss: 0.001050
[2024-09-11 18:51:21,153][INFO][clas_trainer:133] - train epoch: 4 [27168/54672 (50%)], lr: ['1.00e-04', '1.00e-04'], loss: 0.001741
[2024-09-11 18:51:37,112][INFO][clas_trainer:133] - train epoch: 4 [32608/54672 (60%)], lr: ['1.00e-04', '1.00e-04'], loss: 0.000520
[2024-09-11 18:51:53,307][INFO][clas_trainer:133] - train epoch: 4 [38048/54672 (70%)], lr: ['1.00e-04', '1.00e-04'], loss: 0.000658
[2024-09-11 18:52:09,401][INFO][clas_trainer:133] - train epoch: 4 [43488/54672 (80%)], lr: ['1.00e-04', '1.00e-04'], loss: 0.011580
[2024-09-11 18:52:25,735][INFO][clas_trainer:133] - train epoch: 4 [48928/54672 (89%)], lr: ['1.00e-04', '1.00e-04'], loss: 0.027975
[2024-09-11 18:52:41,842][INFO][clas_trainer:133] - train epoch: 4 [54368/54672 (99%)], lr: ['1.00e-04', '1.00e-04'], loss: 0.004300
[2024-09-11 18:53:06,482][INFO][clas_trainer:63] - [epoch   4] execution time: 186.57s	metrics:
[2024-09-11 18:53:06,482][INFO][clas_evaluator:99] - dataset: earlystopping, avg f1-score: 0.3049
[2024-09-11 18:53:23,145][INFO][clas_trainer:133] - train epoch: 5 [5408/54672 (10%)], lr: ['1.00e-04', '1.00e-04'], loss: 0.000046
[2024-09-11 18:53:39,309][INFO][clas_trainer:133] - train epoch: 5 [10848/54672 (20%)], lr: ['1.00e-04', '1.00e-04'], loss: 0.000852
[2024-09-11 18:53:54,774][INFO][clas_trainer:133] - train epoch: 5 [16288/54672 (30%)], lr: ['1.00e-04', '1.00e-04'], loss: 0.000980
[2024-09-11 18:54:10,164][INFO][clas_trainer:133] - train epoch: 5 [21728/54672 (40%)], lr: ['1.00e-04', '1.00e-04'], loss: 0.000185
[2024-09-11 18:54:26,360][INFO][clas_trainer:133] - train epoch: 5 [27168/54672 (50%)], lr: ['1.00e-04', '1.00e-04'], loss: 0.000439
[2024-09-11 18:54:42,313][INFO][clas_trainer:133] - train epoch: 5 [32608/54672 (60%)], lr: ['1.00e-04', '1.00e-04'], loss: 0.078387
[2024-09-11 18:54:59,851][INFO][clas_trainer:133] - train epoch: 5 [38048/54672 (70%)], lr: ['1.00e-04', '1.00e-04'], loss: 0.000163
[2024-09-11 18:55:16,768][INFO][clas_trainer:133] - train epoch: 5 [43488/54672 (80%)], lr: ['1.00e-04', '1.00e-04'], loss: 0.000125
[2024-09-11 18:55:34,240][INFO][clas_trainer:133] - train epoch: 5 [48928/54672 (89%)], lr: ['1.00e-04', '1.00e-04'], loss: 0.001011
[2024-09-11 18:55:51,164][INFO][clas_trainer:133] - train epoch: 5 [54368/54672 (99%)], lr: ['1.00e-04', '1.00e-04'], loss: 0.002140
[2024-09-11 18:56:18,033][INFO][clas_trainer:63] - [epoch   5] execution time: 191.55s	metrics:
[2024-09-11 18:56:18,034][INFO][clas_evaluator:99] - dataset: earlystopping, avg f1-score: 0.3340
[2024-09-11 18:56:18,056][INFO][base_model:51] - snapshot saved to XXX/frequency-pretraining/models/exp021b-m36-base_fe_clas-2024-09-11_16-55-09-final.pth
[2024-09-11 18:56:35,743][INFO][clas_trainer:133] - train epoch: 6 [5408/54672 (10%)], lr: ['1.00e-04', '1.00e-04'], loss: 0.000553
[2024-09-11 18:56:51,882][INFO][clas_trainer:133] - train epoch: 6 [10848/54672 (20%)], lr: ['1.00e-04', '1.00e-04'], loss: 0.000736
[2024-09-11 18:57:08,200][INFO][clas_trainer:133] - train epoch: 6 [16288/54672 (30%)], lr: ['1.00e-04', '1.00e-04'], loss: 0.000498
[2024-09-11 18:57:24,444][INFO][clas_trainer:133] - train epoch: 6 [21728/54672 (40%)], lr: ['1.00e-04', '1.00e-04'], loss: 0.001537
[2024-09-11 18:57:40,913][INFO][clas_trainer:133] - train epoch: 6 [27168/54672 (50%)], lr: ['1.00e-04', '1.00e-04'], loss: 0.016334
[2024-09-11 18:57:57,465][INFO][clas_trainer:133] - train epoch: 6 [32608/54672 (60%)], lr: ['1.00e-04', '1.00e-04'], loss: 0.000157
[2024-09-11 18:58:12,936][INFO][clas_trainer:133] - train epoch: 6 [38048/54672 (70%)], lr: ['1.00e-04', '1.00e-04'], loss: 0.001340
[2024-09-11 18:58:29,349][INFO][clas_trainer:133] - train epoch: 6 [43488/54672 (80%)], lr: ['1.00e-04', '1.00e-04'], loss: 0.000374
[2024-09-11 18:58:45,545][INFO][clas_trainer:133] - train epoch: 6 [48928/54672 (89%)], lr: ['1.00e-04', '1.00e-04'], loss: 0.000489
[2024-09-11 18:59:02,620][INFO][clas_trainer:133] - train epoch: 6 [54368/54672 (99%)], lr: ['1.00e-04', '1.00e-04'], loss: 0.000459
[2024-09-11 18:59:27,504][INFO][clas_trainer:63] - [epoch   6] execution time: 189.45s	metrics:
[2024-09-11 18:59:27,504][INFO][clas_evaluator:99] - dataset: earlystopping, avg f1-score: 0.3336
[2024-09-11 18:59:43,784][INFO][clas_trainer:133] - train epoch: 7 [5408/54672 (10%)], lr: ['1.00e-04', '1.00e-04'], loss: 0.000124
[2024-09-11 18:59:59,541][INFO][clas_trainer:133] - train epoch: 7 [10848/54672 (20%)], lr: ['1.00e-04', '1.00e-04'], loss: 0.001473
[2024-09-11 19:00:15,960][INFO][clas_trainer:133] - train epoch: 7 [16288/54672 (30%)], lr: ['1.00e-04', '1.00e-04'], loss: 0.046822
[2024-09-11 19:00:31,730][INFO][clas_trainer:133] - train epoch: 7 [21728/54672 (40%)], lr: ['1.00e-04', '1.00e-04'], loss: 0.003624
[2024-09-11 19:00:47,559][INFO][clas_trainer:133] - train epoch: 7 [27168/54672 (50%)], lr: ['1.00e-04', '1.00e-04'], loss: 0.007045
[2024-09-11 19:01:02,776][INFO][clas_trainer:133] - train epoch: 7 [32608/54672 (60%)], lr: ['1.00e-04', '1.00e-04'], loss: 0.001783
[2024-09-11 19:01:19,136][INFO][clas_trainer:133] - train epoch: 7 [38048/54672 (70%)], lr: ['1.00e-04', '1.00e-04'], loss: 0.001017
[2024-09-11 19:01:34,818][INFO][clas_trainer:133] - train epoch: 7 [43488/54672 (80%)], lr: ['1.00e-04', '1.00e-04'], loss: 0.001751
[2024-09-11 19:01:50,262][INFO][clas_trainer:133] - train epoch: 7 [48928/54672 (89%)], lr: ['1.00e-04', '1.00e-04'], loss: 0.150915
[2024-09-11 19:02:06,990][INFO][clas_trainer:133] - train epoch: 7 [54368/54672 (99%)], lr: ['1.00e-04', '1.00e-04'], loss: 0.000701
[2024-09-11 19:02:31,697][INFO][clas_trainer:63] - [epoch   7] execution time: 184.19s	metrics:
[2024-09-11 19:02:31,697][INFO][clas_evaluator:99] - dataset: earlystopping, avg f1-score: 0.3299
[2024-09-11 19:02:47,853][INFO][clas_trainer:133] - train epoch: 8 [5408/54672 (10%)], lr: ['1.00e-04', '1.00e-04'], loss: 0.001987
[2024-09-11 19:03:03,208][INFO][clas_trainer:133] - train epoch: 8 [10848/54672 (20%)], lr: ['1.00e-04', '1.00e-04'], loss: 0.000868
[2024-09-11 19:03:18,675][INFO][clas_trainer:133] - train epoch: 8 [16288/54672 (30%)], lr: ['1.00e-04', '1.00e-04'], loss: 0.000434
[2024-09-11 19:03:34,044][INFO][clas_trainer:133] - train epoch: 8 [21728/54672 (40%)], lr: ['1.00e-04', '1.00e-04'], loss: 0.002249
[2024-09-11 19:03:49,033][INFO][clas_trainer:133] - train epoch: 8 [27168/54672 (50%)], lr: ['1.00e-04', '1.00e-04'], loss: 0.000195
[2024-09-11 19:04:06,097][INFO][clas_trainer:133] - train epoch: 8 [32608/54672 (60%)], lr: ['1.00e-04', '1.00e-04'], loss: 0.002785
[2024-09-11 19:04:21,840][INFO][clas_trainer:133] - train epoch: 8 [38048/54672 (70%)], lr: ['1.00e-04', '1.00e-04'], loss: 0.005213
[2024-09-11 19:04:37,261][INFO][clas_trainer:133] - train epoch: 8 [43488/54672 (80%)], lr: ['1.00e-04', '1.00e-04'], loss: 0.001351
[2024-09-11 19:04:53,961][INFO][clas_trainer:133] - train epoch: 8 [48928/54672 (89%)], lr: ['1.00e-04', '1.00e-04'], loss: 0.000292
[2024-09-11 19:05:10,511][INFO][clas_trainer:133] - train epoch: 8 [54368/54672 (99%)], lr: ['1.00e-04', '1.00e-04'], loss: 0.000035
[2024-09-11 19:05:35,661][INFO][clas_trainer:63] - [epoch   8] execution time: 183.96s	metrics:
[2024-09-11 19:05:35,661][INFO][clas_evaluator:99] - dataset: earlystopping, avg f1-score: 0.3157
[2024-09-11 19:05:52,641][INFO][clas_trainer:133] - train epoch: 9 [5408/54672 (10%)], lr: ['1.00e-04', '1.00e-04'], loss: 0.000406
[2024-09-11 19:06:08,800][INFO][clas_trainer:133] - train epoch: 9 [10848/54672 (20%)], lr: ['1.00e-04', '1.00e-04'], loss: 0.000302
[2024-09-11 19:06:25,449][INFO][clas_trainer:133] - train epoch: 9 [16288/54672 (30%)], lr: ['1.00e-04', '1.00e-04'], loss: 0.000160
[2024-09-11 19:06:41,239][INFO][clas_trainer:133] - train epoch: 9 [21728/54672 (40%)], lr: ['1.00e-04', '1.00e-04'], loss: 0.000216
[2024-09-11 19:06:57,504][INFO][clas_trainer:133] - train epoch: 9 [27168/54672 (50%)], lr: ['1.00e-04', '1.00e-04'], loss: 0.002888
[2024-09-11 19:07:13,523][INFO][clas_trainer:133] - train epoch: 9 [32608/54672 (60%)], lr: ['1.00e-04', '1.00e-04'], loss: 0.000135
[2024-09-11 19:07:30,150][INFO][clas_trainer:133] - train epoch: 9 [38048/54672 (70%)], lr: ['1.00e-04', '1.00e-04'], loss: 0.003174
[2024-09-11 19:07:46,477][INFO][clas_trainer:133] - train epoch: 9 [43488/54672 (80%)], lr: ['1.00e-04', '1.00e-04'], loss: 0.007583
[2024-09-11 19:08:02,319][INFO][clas_trainer:133] - train epoch: 9 [48928/54672 (89%)], lr: ['1.00e-04', '1.00e-04'], loss: 0.000056
[2024-09-11 19:08:18,804][INFO][clas_trainer:133] - train epoch: 9 [54368/54672 (99%)], lr: ['1.00e-04', '1.00e-04'], loss: 0.000021
[2024-09-11 19:08:43,386][INFO][clas_trainer:63] - [epoch   9] execution time: 187.72s	metrics:
[2024-09-11 19:08:43,386][INFO][clas_evaluator:99] - dataset: earlystopping, avg f1-score: 0.3246
[2024-09-11 19:09:00,122][INFO][clas_trainer:133] - train epoch: 10 [5408/54672 (10%)], lr: ['1.00e-04', '1.00e-04'], loss: 0.001417
[2024-09-11 19:09:16,278][INFO][clas_trainer:133] - train epoch: 10 [10848/54672 (20%)], lr: ['1.00e-04', '1.00e-04'], loss: 0.003234
[2024-09-11 19:09:32,834][INFO][clas_trainer:133] - train epoch: 10 [16288/54672 (30%)], lr: ['1.00e-04', '1.00e-04'], loss: 0.001977
[2024-09-11 19:09:48,858][INFO][clas_trainer:133] - train epoch: 10 [21728/54672 (40%)], lr: ['1.00e-04', '1.00e-04'], loss: 0.000295
[2024-09-11 19:10:05,032][INFO][clas_trainer:133] - train epoch: 10 [27168/54672 (50%)], lr: ['1.00e-04', '1.00e-04'], loss: 0.002090
[2024-09-11 19:10:21,154][INFO][clas_trainer:133] - train epoch: 10 [32608/54672 (60%)], lr: ['1.00e-04', '1.00e-04'], loss: 0.000957
[2024-09-11 19:10:37,171][INFO][clas_trainer:133] - train epoch: 10 [38048/54672 (70%)], lr: ['1.00e-04', '1.00e-04'], loss: 0.000702
[2024-09-11 19:10:53,189][INFO][clas_trainer:133] - train epoch: 10 [43488/54672 (80%)], lr: ['1.00e-04', '1.00e-04'], loss: 0.000146
[2024-09-11 19:11:09,068][INFO][clas_trainer:133] - train epoch: 10 [48928/54672 (89%)], lr: ['1.00e-04', '1.00e-04'], loss: 0.001787
[2024-09-11 19:11:24,900][INFO][clas_trainer:133] - train epoch: 10 [54368/54672 (99%)], lr: ['1.00e-04', '1.00e-04'], loss: 0.000092
[2024-09-11 19:11:50,316][INFO][clas_trainer:63] - [epoch  10] execution time: 186.93s	metrics:
[2024-09-11 19:11:50,317][INFO][clas_evaluator:99] - dataset: earlystopping, avg f1-score: 0.3184
[2024-09-11 19:12:06,776][INFO][clas_trainer:133] - train epoch: 11 [5408/54672 (10%)], lr: ['1.00e-04', '1.00e-04'], loss: 0.003868
[2024-09-11 19:12:23,657][INFO][clas_trainer:133] - train epoch: 11 [10848/54672 (20%)], lr: ['1.00e-04', '1.00e-04'], loss: 0.002127
[2024-09-11 19:12:39,137][INFO][clas_trainer:133] - train epoch: 11 [16288/54672 (30%)], lr: ['1.00e-04', '1.00e-04'], loss: 0.000293
[2024-09-11 19:12:55,124][INFO][clas_trainer:133] - train epoch: 11 [21728/54672 (40%)], lr: ['1.00e-04', '1.00e-04'], loss: 0.000552
[2024-09-11 19:13:11,508][INFO][clas_trainer:133] - train epoch: 11 [27168/54672 (50%)], lr: ['1.00e-04', '1.00e-04'], loss: 0.000365
[2024-09-11 19:13:28,190][INFO][clas_trainer:133] - train epoch: 11 [32608/54672 (60%)], lr: ['1.00e-04', '1.00e-04'], loss: 0.000738
[2024-09-11 19:13:43,646][INFO][clas_trainer:133] - train epoch: 11 [38048/54672 (70%)], lr: ['1.00e-04', '1.00e-04'], loss: 0.004315
[2024-09-11 19:13:59,786][INFO][clas_trainer:133] - train epoch: 11 [43488/54672 (80%)], lr: ['1.00e-04', '1.00e-04'], loss: 0.000296
[2024-09-11 19:14:15,756][INFO][clas_trainer:133] - train epoch: 11 [48928/54672 (89%)], lr: ['1.00e-04', '1.00e-04'], loss: 0.007042
[2024-09-11 19:14:31,874][INFO][clas_trainer:133] - train epoch: 11 [54368/54672 (99%)], lr: ['1.00e-04', '1.00e-04'], loss: 0.009957
[2024-09-11 19:14:58,198][INFO][clas_trainer:63] - [epoch  11] execution time: 187.88s	metrics:
[2024-09-11 19:14:58,198][INFO][clas_evaluator:99] - dataset: earlystopping, avg f1-score: 0.3193
[2024-09-11 19:15:15,259][INFO][clas_trainer:133] - train epoch: 12 [5408/54672 (10%)], lr: ['1.00e-04', '1.00e-04'], loss: 0.003704
[2024-09-11 19:15:31,649][INFO][clas_trainer:133] - train epoch: 12 [10848/54672 (20%)], lr: ['1.00e-04', '1.00e-04'], loss: 0.001263
[2024-09-11 19:15:48,185][INFO][clas_trainer:133] - train epoch: 12 [16288/54672 (30%)], lr: ['1.00e-04', '1.00e-04'], loss: 0.000608
[2024-09-11 19:16:04,286][INFO][clas_trainer:133] - train epoch: 12 [21728/54672 (40%)], lr: ['1.00e-04', '1.00e-04'], loss: 0.000926
[2024-09-11 19:16:20,707][INFO][clas_trainer:133] - train epoch: 12 [27168/54672 (50%)], lr: ['1.00e-04', '1.00e-04'], loss: 0.000461
[2024-09-11 19:16:36,086][INFO][clas_trainer:133] - train epoch: 12 [32608/54672 (60%)], lr: ['1.00e-04', '1.00e-04'], loss: 0.000674
[2024-09-11 19:16:51,403][INFO][clas_trainer:133] - train epoch: 12 [38048/54672 (70%)], lr: ['1.00e-04', '1.00e-04'], loss: 0.000197
[2024-09-11 19:17:07,132][INFO][clas_trainer:133] - train epoch: 12 [43488/54672 (80%)], lr: ['1.00e-04', '1.00e-04'], loss: 0.005742
[2024-09-11 19:17:23,145][INFO][clas_trainer:133] - train epoch: 12 [48928/54672 (89%)], lr: ['1.00e-04', '1.00e-04'], loss: 0.002285
[2024-09-11 19:17:39,458][INFO][clas_trainer:133] - train epoch: 12 [54368/54672 (99%)], lr: ['1.00e-04', '1.00e-04'], loss: 0.001400
[2024-09-11 19:18:06,021][INFO][clas_trainer:63] - [epoch  12] execution time: 187.82s	metrics:
[2024-09-11 19:18:06,022][INFO][clas_evaluator:99] - dataset: earlystopping, avg f1-score: 0.3195
[2024-09-11 19:18:22,855][INFO][clas_trainer:133] - train epoch: 13 [5408/54672 (10%)], lr: ['1.00e-04', '1.00e-04'], loss: 0.000696
[2024-09-11 19:18:38,434][INFO][clas_trainer:133] - train epoch: 13 [10848/54672 (20%)], lr: ['1.00e-04', '1.00e-04'], loss: 0.027316
[2024-09-11 19:18:54,832][INFO][clas_trainer:133] - train epoch: 13 [16288/54672 (30%)], lr: ['1.00e-04', '1.00e-04'], loss: 0.000119
[2024-09-11 19:19:11,191][INFO][clas_trainer:133] - train epoch: 13 [21728/54672 (40%)], lr: ['1.00e-04', '1.00e-04'], loss: 0.002546
[2024-09-11 19:19:27,535][INFO][clas_trainer:133] - train epoch: 13 [27168/54672 (50%)], lr: ['1.00e-04', '1.00e-04'], loss: 0.002499
[2024-09-11 19:19:43,583][INFO][clas_trainer:133] - train epoch: 13 [32608/54672 (60%)], lr: ['1.00e-04', '1.00e-04'], loss: 0.001060
[2024-09-11 19:20:01,215][INFO][clas_trainer:133] - train epoch: 13 [38048/54672 (70%)], lr: ['1.00e-04', '1.00e-04'], loss: 0.008747
[2024-09-11 19:20:17,047][INFO][clas_trainer:133] - train epoch: 13 [43488/54672 (80%)], lr: ['1.00e-04', '1.00e-04'], loss: 0.000208
[2024-09-11 19:20:33,248][INFO][clas_trainer:133] - train epoch: 13 [48928/54672 (89%)], lr: ['1.00e-04', '1.00e-04'], loss: 0.000281
[2024-09-11 19:20:49,859][INFO][clas_trainer:133] - train epoch: 13 [54368/54672 (99%)], lr: ['1.00e-04', '1.00e-04'], loss: 0.000623
[2024-09-11 19:21:15,818][INFO][clas_trainer:63] - [epoch  13] execution time: 189.80s	metrics:
[2024-09-11 19:21:15,818][INFO][clas_evaluator:99] - dataset: earlystopping, avg f1-score: 0.3239
[2024-09-11 19:21:32,777][INFO][clas_trainer:133] - train epoch: 14 [5408/54672 (10%)], lr: ['1.00e-04', '1.00e-04'], loss: 0.009660
[2024-09-11 19:21:49,498][INFO][clas_trainer:133] - train epoch: 14 [10848/54672 (20%)], lr: ['1.00e-04', '1.00e-04'], loss: 0.000237
[2024-09-11 19:22:06,213][INFO][clas_trainer:133] - train epoch: 14 [16288/54672 (30%)], lr: ['1.00e-04', '1.00e-04'], loss: 0.006493
[2024-09-11 19:22:22,320][INFO][clas_trainer:133] - train epoch: 14 [21728/54672 (40%)], lr: ['1.00e-04', '1.00e-04'], loss: 0.000978
[2024-09-11 19:22:39,227][INFO][clas_trainer:133] - train epoch: 14 [27168/54672 (50%)], lr: ['1.00e-04', '1.00e-04'], loss: 0.003877
[2024-09-11 19:22:54,676][INFO][clas_trainer:133] - train epoch: 14 [32608/54672 (60%)], lr: ['1.00e-04', '1.00e-04'], loss: 0.000169
[2024-09-11 19:23:11,523][INFO][clas_trainer:133] - train epoch: 14 [38048/54672 (70%)], lr: ['1.00e-04', '1.00e-04'], loss: 0.000238
[2024-09-11 19:23:28,348][INFO][clas_trainer:133] - train epoch: 14 [43488/54672 (80%)], lr: ['1.00e-04', '1.00e-04'], loss: 0.000314
[2024-09-11 19:23:44,730][INFO][clas_trainer:133] - train epoch: 14 [48928/54672 (89%)], lr: ['1.00e-04', '1.00e-04'], loss: 0.001074
[2024-09-11 19:24:01,093][INFO][clas_trainer:133] - train epoch: 14 [54368/54672 (99%)], lr: ['1.00e-04', '1.00e-04'], loss: 0.001738
[2024-09-11 19:24:25,425][INFO][clas_trainer:63] - [epoch  14] execution time: 189.61s	metrics:
[2024-09-11 19:24:25,425][INFO][clas_evaluator:99] - dataset: earlystopping, avg f1-score: 0.3206
[2024-09-11 19:24:42,788][INFO][clas_trainer:133] - train epoch: 15 [5408/54672 (10%)], lr: ['1.00e-04', '1.00e-04'], loss: 0.000962
[2024-09-11 19:24:59,607][INFO][clas_trainer:133] - train epoch: 15 [10848/54672 (20%)], lr: ['1.00e-04', '1.00e-04'], loss: 0.000358
[2024-09-11 19:25:16,114][INFO][clas_trainer:133] - train epoch: 15 [16288/54672 (30%)], lr: ['1.00e-04', '1.00e-04'], loss: 0.000246
[2024-09-11 19:25:33,090][INFO][clas_trainer:133] - train epoch: 15 [21728/54672 (40%)], lr: ['1.00e-04', '1.00e-04'], loss: 0.005433
[2024-09-11 19:25:49,760][INFO][clas_trainer:133] - train epoch: 15 [27168/54672 (50%)], lr: ['1.00e-04', '1.00e-04'], loss: 0.000890
[2024-09-11 19:26:05,227][INFO][clas_trainer:133] - train epoch: 15 [32608/54672 (60%)], lr: ['1.00e-04', '1.00e-04'], loss: 0.001401
[2024-09-11 19:26:21,336][INFO][clas_trainer:133] - train epoch: 15 [38048/54672 (70%)], lr: ['1.00e-04', '1.00e-04'], loss: 0.000269
[2024-09-11 19:26:37,692][INFO][clas_trainer:133] - train epoch: 15 [43488/54672 (80%)], lr: ['1.00e-04', '1.00e-04'], loss: 0.002102
[2024-09-11 19:26:53,551][INFO][clas_trainer:133] - train epoch: 15 [48928/54672 (89%)], lr: ['1.00e-04', '1.00e-04'], loss: 0.002571
[2024-09-11 19:27:08,811][INFO][clas_trainer:133] - train epoch: 15 [54368/54672 (99%)], lr: ['1.00e-04', '1.00e-04'], loss: 0.001322
[2024-09-11 19:27:33,811][INFO][clas_trainer:63] - [epoch  15] execution time: 188.39s	metrics:
[2024-09-11 19:27:33,811][INFO][clas_evaluator:99] - dataset: earlystopping, avg f1-score: 0.3196
[2024-09-11 19:27:33,815][INFO][clas_trainer:79] - finished training
[2024-09-11 19:27:33,815][INFO][clas_trainer:80] - best model on epoch: 5 	f1-score: 0.3340
