[2023-10-18 07:11:58,296][INFO][fine-tune:29] - overrides:
hydra:
- hydra.mode=MULTIRUN
task:
- m_seed_path_sids={seeds:[14,14,14,14,14],path:"exp004b-m14-simple_multi_class-2023-10-17_12-41-35-final.pth",subject_ids:{dod_o_h:$\{data.dod_o_h.cv_5_fold.fold_5\}}}
- data.downstream.train_dataloader.dataset.data_reducer.n_epochs=50
- data.downstream.train_dataloader.dataset.data_reducer.n_subjects=3

[2023-10-18 07:12:00,224][INFO][data_loaders:39] - class distribution before data reduction:
# samples per subject
02fb158a-a658-51ee-89cf-1e1dc2ebfde1: 861
03341d0d-5927-5838-8a5f-1b8ef39d8f57: 1063
039ce8ad-a7fa-5272-a3e3-1f4bfebdd087: 915
095d6e40-5f19-55b6-a0ec-6e0ad3793da0: 1192
0d79f4b1-e74f-5e87-8e42-f9dd7112ada5: 968
100df108-eb57-5eaa-a413-f7e4436a7895: 952
14c012bd-65b0-56f5-bc74-2dffcea69837: 969
16450f5a-9b65-5536-85e1-93816c8b89eb: 816
18482adf-1144-54ca-9e35-27f65c43a105: 824
18ede714-aba3-5ad8-bb1a-18fc9b1c4192: 995
1da3544e-dc5c-5795-adc3-f5068959211f: 955
2159377e-ebf3-5565-9014-1e2ae69dc1d2: 907
2e865ca9-e20f-5a6f-bd25-45d28cc9eab9: 950
32556393-bb57-560a-99e8-e09885219647: 1106
37d0da97-9ae8-5413-b889-4e843ff35488: 1011
3dd35e7b-d7e2-516d-8a85-e0d58a59569f: 1093
3e842aa8-bcd9-521e-93a2-72124233fe2c: 620
40e25dd4-6087-5747-b9c2-4838ada86b15: 1076
47f45aa2-31c4-595b-bdb6-f1348bba062b: 1032
4b72b905-5521-5c57-b666-e20ff9bb195f: 868
4e3c4ac4-69e2-5347-a3b0-662c204d259d: 926
5b94ec8a-c34d-5e45-84d1-bec2ea965609: 1090
5bf0f969-304c-581e-949c-50c108f62846: 947
67fa8e29-6f4d-530e-9422-bbc3aca86ed0: 1046
6e2aa933-c51c-5a31-8c7b-83da8d076a12: 905
730aba3b-e310-5be0-9eed-7c3123466834: 1120
742f1592-627c-54eb-bbb5-ccd55ffae33a: 975
769df255-2284-50b3-8917-2155c759fbbd: 929
79e8a04e-0fdd-53ae-bedc-d49d08e29103: 918
7d778801-88e7-5086-ad1d-70f31a371876: 999
83c1394e-9c69-5c11-9102-9ff8d59b1cfd: 1011
844f68ba-265e-53e6-bf47-6c85d1804a7b: 957
90aef91a-252f-5ccc-a82e-78ea7ee9ca1f: 1089
a0c91989-530f-5117-80c1-2488dbed683c: 1017
a25b2296-343b-53f6-8792-ada2669d466e: 1008
a6254c8a-f1b2-5736-b601-18245dd5e0a5: 1084
a65a9e69-cddf-5711-9a97-de8bfdeb08cc: 961
a79d1f0e-c133-5aa0-8268-cdcc05825f0f: 1046
aa160c78-6da3-5e05-8fc9-d6c13e9f97e0: 1010
aadc9e0c-b7c3-5a47-851d-f21971d10935: 969
ad47bc12-199c-5294-9cb8-4351bbbf7b5e: 893
b2d3ccdd-395c-5dd2-81d9-252bcfc0c337: 902
b3706da5-748b-5dd1-a552-f57e4456cdf6: 1041
b5d5785d-87ee-5078-b9b9-aac6abd4d8de: 918
bb474ab0-c2ce-573b-8acd-ef86b0fa26a2: 1142
c03e27b0-4cb5-584f-aaea-8f1e1ed6513c: 1121
c11c730f-0b6b-580b-af31-d8f0ebbbdfce: 917
c31a47f9-e400-5841-a22b-521c81042603: 986
c8110476-594c-533d-95bd-86147fccc987: 995
c985916d-46a5-5c3e-9d50-a5a91f460bac: 1024
cebd3520-4e77-5222-a614-d2888e6afc2b: 1109
d5181c33-a43b-5dfe-8ad7-0337facb092a: 977
e59c45e0-0c0c-565f-84a9-6cf0ec5ef6c1: 844
e6b7cbef-4c9d-5541-82e8-04810de0fb60: 819
e8ec8ec4-dc48-50ce-985a-a06d87861030: 975
eb95076c-c470-56a4-b788-ace310f061c6: 965

# samples per stage
0: 9856
1: 3075
2: 26718
3: 5997
4: 9162
[2023-10-18 07:12:00,386][INFO][data_loaders:43] - class distribution after data reduction:
# samples per subject
039ce8ad-a7fa-5272-a3e3-1f4bfebdd087: 20824
14c012bd-65b0-56f5-bc74-2dffcea69837: 21920
83c1394e-9c69-5c11-9102-9ff8d59b1cfd: 12056

# samples per stage
0: 4384
1: 2192
2: 30688
3: 5480
4: 12056
[2023-10-18 07:12:00,396][INFO][base_pretraining_fe:55] - Loading model from exp004b-m14-simple_multi_class-2023-10-17_12-41-35-final.pth
[2023-10-18 07:12:00,700][INFO][data_loaders:39] - class distribution before data reduction:
# samples per subject
0416d51f-5d69-5326-b74a-a2e31a96a1ef: 822
1fa6c401-d819-50f5-8146-a0bb9e2b2516: 986
22bea84c-5d23-5e49-bc2d-9764f883955b: 1048
25a6b2b0-4d09-561b-82c6-f09bb271d3be: 1063
a30245e3-4a71-565f-9636-92e7d2e825fc: 1122
a4568951-bf87-5bbc-bc4f-28e93c360be6: 975
b3534fa3-7676-50dc-8412-07f0eff4f7a9: 757
fc10ee0b-b863-511b-bce8-4dfa7af8ac3a: 910

# samples per stage
0: 1458
1: 408
2: 3702
3: 1050
4: 1065
[2023-10-18 07:12:00,719][INFO][data_loaders:43] - class distribution after data reduction:
# samples per subject
0416d51f-5d69-5326-b74a-a2e31a96a1ef: 822
1fa6c401-d819-50f5-8146-a0bb9e2b2516: 986
22bea84c-5d23-5e49-bc2d-9764f883955b: 1048
25a6b2b0-4d09-561b-82c6-f09bb271d3be: 1063
a30245e3-4a71-565f-9636-92e7d2e825fc: 1122
a4568951-bf87-5bbc-bc4f-28e93c360be6: 975
b3534fa3-7676-50dc-8412-07f0eff4f7a9: 757
fc10ee0b-b863-511b-bce8-4dfa7af8ac3a: 910

# samples per stage
0: 1458
1: 408
2: 3702
3: 1050
4: 1065
[2023-10-18 07:12:00,727][INFO][clas_trainer:49] - metrics before training (epoch 0):
[2023-10-18 07:12:16,826][INFO][clas_evaluator:99] - dataset: earlystopping, avg f1-score: 0.0799
[2023-10-18 07:12:27,605][INFO][clas_trainer:133] - train epoch: 1 [5440/54800 (10%)], lr: ['1.00e-04', '1.00e-04'], loss: 0.375745
[2023-10-18 07:12:37,936][INFO][clas_trainer:133] - train epoch: 1 [10912/54800 (20%)], lr: ['1.00e-04', '1.00e-04'], loss: 0.054401
[2023-10-18 07:12:48,332][INFO][clas_trainer:133] - train epoch: 1 [16384/54800 (30%)], lr: ['1.00e-04', '1.00e-04'], loss: 0.012031
[2023-10-18 07:12:58,853][INFO][clas_trainer:133] - train epoch: 1 [21856/54800 (40%)], lr: ['1.00e-04', '1.00e-04'], loss: 0.075531
[2023-10-18 07:13:09,423][INFO][clas_trainer:133] - train epoch: 1 [27328/54800 (50%)], lr: ['1.00e-04', '1.00e-04'], loss: 0.007418
[2023-10-18 07:13:19,841][INFO][clas_trainer:133] - train epoch: 1 [32800/54800 (60%)], lr: ['1.00e-04', '1.00e-04'], loss: 0.001916
[2023-10-18 07:13:30,828][INFO][clas_trainer:133] - train epoch: 1 [38272/54800 (70%)], lr: ['1.00e-04', '1.00e-04'], loss: 0.050275
[2023-10-18 07:13:41,070][INFO][clas_trainer:133] - train epoch: 1 [43744/54800 (80%)], lr: ['1.00e-04', '1.00e-04'], loss: 0.000347
[2023-10-18 07:13:51,595][INFO][clas_trainer:133] - train epoch: 1 [49216/54800 (90%)], lr: ['1.00e-04', '1.00e-04'], loss: 0.022774
[2023-10-18 07:14:01,972][INFO][clas_trainer:133] - train epoch: 1 [54688/54800 (100%)], lr: ['1.00e-04', '1.00e-04'], loss: 0.000645
[2023-10-18 07:14:18,200][INFO][clas_trainer:63] - [epoch   1] execution time: 121.37s	metrics:
[2023-10-18 07:14:18,200][INFO][clas_evaluator:99] - dataset: earlystopping, avg f1-score: 0.5540
[2023-10-18 07:14:18,255][INFO][base_model:51] - snapshot saved to XXX/frequency-pretraining/models/exp004c-m357-base_fe_clas-2023-10-17_13-14-37-final.pth
[2023-10-18 07:14:29,184][INFO][clas_trainer:133] - train epoch: 2 [5440/54800 (10%)], lr: ['1.00e-04', '1.00e-04'], loss: 0.000166
[2023-10-18 07:14:39,856][INFO][clas_trainer:133] - train epoch: 2 [10912/54800 (20%)], lr: ['1.00e-04', '1.00e-04'], loss: 0.000556
[2023-10-18 07:14:50,143][INFO][clas_trainer:133] - train epoch: 2 [16384/54800 (30%)], lr: ['1.00e-04', '1.00e-04'], loss: 0.000128
[2023-10-18 07:15:00,777][INFO][clas_trainer:133] - train epoch: 2 [21856/54800 (40%)], lr: ['1.00e-04', '1.00e-04'], loss: 0.000131
[2023-10-18 07:15:10,990][INFO][clas_trainer:133] - train epoch: 2 [27328/54800 (50%)], lr: ['1.00e-04', '1.00e-04'], loss: 0.000075
[2023-10-18 07:15:21,382][INFO][clas_trainer:133] - train epoch: 2 [32800/54800 (60%)], lr: ['1.00e-04', '1.00e-04'], loss: 0.000500
[2023-10-18 07:15:31,601][INFO][clas_trainer:133] - train epoch: 2 [38272/54800 (70%)], lr: ['1.00e-04', '1.00e-04'], loss: 0.000220
[2023-10-18 07:15:42,076][INFO][clas_trainer:133] - train epoch: 2 [43744/54800 (80%)], lr: ['1.00e-04', '1.00e-04'], loss: 0.000156
[2023-10-18 07:15:52,383][INFO][clas_trainer:133] - train epoch: 2 [49216/54800 (90%)], lr: ['1.00e-04', '1.00e-04'], loss: 0.000559
[2023-10-18 07:16:02,853][INFO][clas_trainer:133] - train epoch: 2 [54688/54800 (100%)], lr: ['1.00e-04', '1.00e-04'], loss: 0.000232
[2023-10-18 07:16:19,153][INFO][clas_trainer:63] - [epoch   2] execution time: 120.90s	metrics:
[2023-10-18 07:16:19,153][INFO][clas_evaluator:99] - dataset: earlystopping, avg f1-score: 0.5235
[2023-10-18 07:16:29,845][INFO][clas_trainer:133] - train epoch: 3 [5440/54800 (10%)], lr: ['1.00e-04', '1.00e-04'], loss: 0.000130
[2023-10-18 07:16:40,234][INFO][clas_trainer:133] - train epoch: 3 [10912/54800 (20%)], lr: ['1.00e-04', '1.00e-04'], loss: 0.000134
[2023-10-18 07:16:50,767][INFO][clas_trainer:133] - train epoch: 3 [16384/54800 (30%)], lr: ['1.00e-04', '1.00e-04'], loss: 0.000111
[2023-10-18 07:17:00,840][INFO][clas_trainer:133] - train epoch: 3 [21856/54800 (40%)], lr: ['1.00e-04', '1.00e-04'], loss: 0.000074
[2023-10-18 07:17:11,232][INFO][clas_trainer:133] - train epoch: 3 [27328/54800 (50%)], lr: ['1.00e-04', '1.00e-04'], loss: 0.000420
[2023-10-18 07:17:21,860][INFO][clas_trainer:133] - train epoch: 3 [32800/54800 (60%)], lr: ['1.00e-04', '1.00e-04'], loss: 0.000352
[2023-10-18 07:17:32,151][INFO][clas_trainer:133] - train epoch: 3 [38272/54800 (70%)], lr: ['1.00e-04', '1.00e-04'], loss: 0.010038
[2023-10-18 07:17:42,425][INFO][clas_trainer:133] - train epoch: 3 [43744/54800 (80%)], lr: ['1.00e-04', '1.00e-04'], loss: 0.000850
[2023-10-18 07:17:52,714][INFO][clas_trainer:133] - train epoch: 3 [49216/54800 (90%)], lr: ['1.00e-04', '1.00e-04'], loss: 0.000347
[2023-10-18 07:18:02,989][INFO][clas_trainer:133] - train epoch: 3 [54688/54800 (100%)], lr: ['1.00e-04', '1.00e-04'], loss: 0.000121
[2023-10-18 07:18:19,172][INFO][clas_trainer:63] - [epoch   3] execution time: 120.02s	metrics:
[2023-10-18 07:18:19,172][INFO][clas_evaluator:99] - dataset: earlystopping, avg f1-score: 0.5622
[2023-10-18 07:18:19,229][INFO][base_model:51] - snapshot saved to XXX/frequency-pretraining/models/exp004c-m357-base_fe_clas-2023-10-17_13-14-37-final.pth
[2023-10-18 07:18:30,066][INFO][clas_trainer:133] - train epoch: 4 [5440/54800 (10%)], lr: ['1.00e-04', '1.00e-04'], loss: 0.000422
[2023-10-18 07:18:40,494][INFO][clas_trainer:133] - train epoch: 4 [10912/54800 (20%)], lr: ['1.00e-04', '1.00e-04'], loss: 0.000025
[2023-10-18 07:18:50,824][INFO][clas_trainer:133] - train epoch: 4 [16384/54800 (30%)], lr: ['1.00e-04', '1.00e-04'], loss: 0.000623
[2023-10-18 07:19:01,435][INFO][clas_trainer:133] - train epoch: 4 [21856/54800 (40%)], lr: ['1.00e-04', '1.00e-04'], loss: 0.000041
[2023-10-18 07:19:11,806][INFO][clas_trainer:133] - train epoch: 4 [27328/54800 (50%)], lr: ['1.00e-04', '1.00e-04'], loss: 0.000353
[2023-10-18 07:19:22,062][INFO][clas_trainer:133] - train epoch: 4 [32800/54800 (60%)], lr: ['1.00e-04', '1.00e-04'], loss: 0.000044
[2023-10-18 07:19:32,575][INFO][clas_trainer:133] - train epoch: 4 [38272/54800 (70%)], lr: ['1.00e-04', '1.00e-04'], loss: 0.000311
[2023-10-18 07:19:42,912][INFO][clas_trainer:133] - train epoch: 4 [43744/54800 (80%)], lr: ['1.00e-04', '1.00e-04'], loss: 0.000185
[2023-10-18 07:19:53,381][INFO][clas_trainer:133] - train epoch: 4 [49216/54800 (90%)], lr: ['1.00e-04', '1.00e-04'], loss: 0.001109
[2023-10-18 07:20:03,702][INFO][clas_trainer:133] - train epoch: 4 [54688/54800 (100%)], lr: ['1.00e-04', '1.00e-04'], loss: 0.154139
[2023-10-18 07:20:20,224][INFO][clas_trainer:63] - [epoch   4] execution time: 121.00s	metrics:
[2023-10-18 07:20:20,225][INFO][clas_evaluator:99] - dataset: earlystopping, avg f1-score: 0.5345
[2023-10-18 07:20:31,063][INFO][clas_trainer:133] - train epoch: 5 [5440/54800 (10%)], lr: ['1.00e-04', '1.00e-04'], loss: 0.000299
[2023-10-18 07:20:41,663][INFO][clas_trainer:133] - train epoch: 5 [10912/54800 (20%)], lr: ['1.00e-04', '1.00e-04'], loss: 0.000079
[2023-10-18 07:20:51,921][INFO][clas_trainer:133] - train epoch: 5 [16384/54800 (30%)], lr: ['1.00e-04', '1.00e-04'], loss: 0.000034
[2023-10-18 07:21:02,234][INFO][clas_trainer:133] - train epoch: 5 [21856/54800 (40%)], lr: ['1.00e-04', '1.00e-04'], loss: 0.000063
[2023-10-18 07:21:12,681][INFO][clas_trainer:133] - train epoch: 5 [27328/54800 (50%)], lr: ['1.00e-04', '1.00e-04'], loss: 0.002915
[2023-10-18 07:21:22,855][INFO][clas_trainer:133] - train epoch: 5 [32800/54800 (60%)], lr: ['1.00e-04', '1.00e-04'], loss: 0.000048
[2023-10-18 07:21:33,161][INFO][clas_trainer:133] - train epoch: 5 [38272/54800 (70%)], lr: ['1.00e-04', '1.00e-04'], loss: 0.000052
[2023-10-18 07:21:43,518][INFO][clas_trainer:133] - train epoch: 5 [43744/54800 (80%)], lr: ['1.00e-04', '1.00e-04'], loss: 0.000341
[2023-10-18 07:21:53,869][INFO][clas_trainer:133] - train epoch: 5 [49216/54800 (90%)], lr: ['1.00e-04', '1.00e-04'], loss: 0.000016
[2023-10-18 07:22:04,015][INFO][clas_trainer:133] - train epoch: 5 [54688/54800 (100%)], lr: ['1.00e-04', '1.00e-04'], loss: 0.000181
[2023-10-18 07:22:20,689][INFO][clas_trainer:63] - [epoch   5] execution time: 120.46s	metrics:
[2023-10-18 07:22:20,689][INFO][clas_evaluator:99] - dataset: earlystopping, avg f1-score: 0.5379
[2023-10-18 07:22:31,573][INFO][clas_trainer:133] - train epoch: 6 [5440/54800 (10%)], lr: ['1.00e-04', '1.00e-04'], loss: 0.000345
[2023-10-18 07:22:42,006][INFO][clas_trainer:133] - train epoch: 6 [10912/54800 (20%)], lr: ['1.00e-04', '1.00e-04'], loss: 0.000085
[2023-10-18 07:22:52,547][INFO][clas_trainer:133] - train epoch: 6 [16384/54800 (30%)], lr: ['1.00e-04', '1.00e-04'], loss: 0.000153
[2023-10-18 07:23:02,708][INFO][clas_trainer:133] - train epoch: 6 [21856/54800 (40%)], lr: ['1.00e-04', '1.00e-04'], loss: 0.000145
[2023-10-18 07:23:13,171][INFO][clas_trainer:133] - train epoch: 6 [27328/54800 (50%)], lr: ['1.00e-04', '1.00e-04'], loss: 0.000144
[2023-10-18 07:23:23,508][INFO][clas_trainer:133] - train epoch: 6 [32800/54800 (60%)], lr: ['1.00e-04', '1.00e-04'], loss: 0.001442
[2023-10-18 07:23:33,687][INFO][clas_trainer:133] - train epoch: 6 [38272/54800 (70%)], lr: ['1.00e-04', '1.00e-04'], loss: 0.000316
[2023-10-18 07:23:43,776][INFO][clas_trainer:133] - train epoch: 6 [43744/54800 (80%)], lr: ['1.00e-04', '1.00e-04'], loss: 0.000304
[2023-10-18 07:23:54,225][INFO][clas_trainer:133] - train epoch: 6 [49216/54800 (90%)], lr: ['1.00e-04', '1.00e-04'], loss: 0.000563
[2023-10-18 07:24:04,362][INFO][clas_trainer:133] - train epoch: 6 [54688/54800 (100%)], lr: ['1.00e-04', '1.00e-04'], loss: 0.001599
[2023-10-18 07:24:20,754][INFO][clas_trainer:63] - [epoch   6] execution time: 120.06s	metrics:
[2023-10-18 07:24:20,754][INFO][clas_evaluator:99] - dataset: earlystopping, avg f1-score: 0.5260
[2023-10-18 07:24:31,636][INFO][clas_trainer:133] - train epoch: 7 [5440/54800 (10%)], lr: ['1.00e-04', '1.00e-04'], loss: 0.006271
[2023-10-18 07:24:42,011][INFO][clas_trainer:133] - train epoch: 7 [10912/54800 (20%)], lr: ['1.00e-04', '1.00e-04'], loss: 0.002223
[2023-10-18 07:24:52,257][INFO][clas_trainer:133] - train epoch: 7 [16384/54800 (30%)], lr: ['1.00e-04', '1.00e-04'], loss: 0.002742
[2023-10-18 07:25:02,647][INFO][clas_trainer:133] - train epoch: 7 [21856/54800 (40%)], lr: ['1.00e-04', '1.00e-04'], loss: 0.000025
[2023-10-18 07:25:12,958][INFO][clas_trainer:133] - train epoch: 7 [27328/54800 (50%)], lr: ['1.00e-04', '1.00e-04'], loss: 0.000427
[2023-10-18 07:25:23,056][INFO][clas_trainer:133] - train epoch: 7 [32800/54800 (60%)], lr: ['1.00e-04', '1.00e-04'], loss: 0.000408
[2023-10-18 07:25:33,269][INFO][clas_trainer:133] - train epoch: 7 [38272/54800 (70%)], lr: ['1.00e-04', '1.00e-04'], loss: 0.000054
[2023-10-18 07:25:43,919][INFO][clas_trainer:133] - train epoch: 7 [43744/54800 (80%)], lr: ['1.00e-04', '1.00e-04'], loss: 0.000138
[2023-10-18 07:25:54,248][INFO][clas_trainer:133] - train epoch: 7 [49216/54800 (90%)], lr: ['1.00e-04', '1.00e-04'], loss: 0.000226
[2023-10-18 07:26:04,366][INFO][clas_trainer:133] - train epoch: 7 [54688/54800 (100%)], lr: ['1.00e-04', '1.00e-04'], loss: 0.000213
[2023-10-18 07:26:20,939][INFO][clas_trainer:63] - [epoch   7] execution time: 120.18s	metrics:
[2023-10-18 07:26:20,939][INFO][clas_evaluator:99] - dataset: earlystopping, avg f1-score: 0.5014
[2023-10-18 07:26:31,669][INFO][clas_trainer:133] - train epoch: 8 [5440/54800 (10%)], lr: ['1.00e-04', '1.00e-04'], loss: 0.000397
[2023-10-18 07:26:42,150][INFO][clas_trainer:133] - train epoch: 8 [10912/54800 (20%)], lr: ['1.00e-04', '1.00e-04'], loss: 0.000522
[2023-10-18 07:26:52,889][INFO][clas_trainer:133] - train epoch: 8 [16384/54800 (30%)], lr: ['1.00e-04', '1.00e-04'], loss: 0.000141
[2023-10-18 07:27:02,989][INFO][clas_trainer:133] - train epoch: 8 [21856/54800 (40%)], lr: ['1.00e-04', '1.00e-04'], loss: 0.000051
[2023-10-18 07:27:13,259][INFO][clas_trainer:133] - train epoch: 8 [27328/54800 (50%)], lr: ['1.00e-04', '1.00e-04'], loss: 0.000278
[2023-10-18 07:27:23,885][INFO][clas_trainer:133] - train epoch: 8 [32800/54800 (60%)], lr: ['1.00e-04', '1.00e-04'], loss: 0.003910
[2023-10-18 07:27:34,463][INFO][clas_trainer:133] - train epoch: 8 [38272/54800 (70%)], lr: ['1.00e-04', '1.00e-04'], loss: 0.000575
[2023-10-18 07:27:44,797][INFO][clas_trainer:133] - train epoch: 8 [43744/54800 (80%)], lr: ['1.00e-04', '1.00e-04'], loss: 0.000689
[2023-10-18 07:27:55,320][INFO][clas_trainer:133] - train epoch: 8 [49216/54800 (90%)], lr: ['1.00e-04', '1.00e-04'], loss: 0.000291
[2023-10-18 07:28:05,446][INFO][clas_trainer:133] - train epoch: 8 [54688/54800 (100%)], lr: ['1.00e-04', '1.00e-04'], loss: 0.000272
[2023-10-18 07:28:22,071][INFO][clas_trainer:63] - [epoch   8] execution time: 121.13s	metrics:
[2023-10-18 07:28:22,071][INFO][clas_evaluator:99] - dataset: earlystopping, avg f1-score: 0.4699
[2023-10-18 07:28:32,967][INFO][clas_trainer:133] - train epoch: 9 [5440/54800 (10%)], lr: ['1.00e-04', '1.00e-04'], loss: 0.000874
[2023-10-18 07:28:43,414][INFO][clas_trainer:133] - train epoch: 9 [10912/54800 (20%)], lr: ['1.00e-04', '1.00e-04'], loss: 0.000434
[2023-10-18 07:28:53,714][INFO][clas_trainer:133] - train epoch: 9 [16384/54800 (30%)], lr: ['1.00e-04', '1.00e-04'], loss: 0.000402
[2023-10-18 07:29:04,241][INFO][clas_trainer:133] - train epoch: 9 [21856/54800 (40%)], lr: ['1.00e-04', '1.00e-04'], loss: 0.000578
[2023-10-18 07:29:14,512][INFO][clas_trainer:133] - train epoch: 9 [27328/54800 (50%)], lr: ['1.00e-04', '1.00e-04'], loss: 0.000468
[2023-10-18 07:29:24,771][INFO][clas_trainer:133] - train epoch: 9 [32800/54800 (60%)], lr: ['1.00e-04', '1.00e-04'], loss: 0.000219
[2023-10-18 07:29:35,236][INFO][clas_trainer:133] - train epoch: 9 [38272/54800 (70%)], lr: ['1.00e-04', '1.00e-04'], loss: 0.000424
[2023-10-18 07:29:45,248][INFO][clas_trainer:133] - train epoch: 9 [43744/54800 (80%)], lr: ['1.00e-04', '1.00e-04'], loss: 0.000275
[2023-10-18 07:29:55,556][INFO][clas_trainer:133] - train epoch: 9 [49216/54800 (90%)], lr: ['1.00e-04', '1.00e-04'], loss: 0.000344
[2023-10-18 07:30:05,924][INFO][clas_trainer:133] - train epoch: 9 [54688/54800 (100%)], lr: ['1.00e-04', '1.00e-04'], loss: 0.001304
[2023-10-18 07:30:22,168][INFO][clas_trainer:63] - [epoch   9] execution time: 120.10s	metrics:
[2023-10-18 07:30:22,168][INFO][clas_evaluator:99] - dataset: earlystopping, avg f1-score: 0.4443
[2023-10-18 07:30:32,946][INFO][clas_trainer:133] - train epoch: 10 [5440/54800 (10%)], lr: ['1.00e-04', '1.00e-04'], loss: 0.000303
[2023-10-18 07:30:43,333][INFO][clas_trainer:133] - train epoch: 10 [10912/54800 (20%)], lr: ['1.00e-04', '1.00e-04'], loss: 0.000310
[2023-10-18 07:30:53,549][INFO][clas_trainer:133] - train epoch: 10 [16384/54800 (30%)], lr: ['1.00e-04', '1.00e-04'], loss: 0.000327
[2023-10-18 07:31:04,033][INFO][clas_trainer:133] - train epoch: 10 [21856/54800 (40%)], lr: ['1.00e-04', '1.00e-04'], loss: 0.000280
[2023-10-18 07:31:14,688][INFO][clas_trainer:133] - train epoch: 10 [27328/54800 (50%)], lr: ['1.00e-04', '1.00e-04'], loss: 0.000360
[2023-10-18 07:31:24,983][INFO][clas_trainer:133] - train epoch: 10 [32800/54800 (60%)], lr: ['1.00e-04', '1.00e-04'], loss: 0.001093
[2023-10-18 07:31:35,019][INFO][clas_trainer:133] - train epoch: 10 [38272/54800 (70%)], lr: ['1.00e-04', '1.00e-04'], loss: 0.000587
[2023-10-18 07:31:45,304][INFO][clas_trainer:133] - train epoch: 10 [43744/54800 (80%)], lr: ['1.00e-04', '1.00e-04'], loss: 0.001032
[2023-10-18 07:31:55,822][INFO][clas_trainer:133] - train epoch: 10 [49216/54800 (90%)], lr: ['1.00e-04', '1.00e-04'], loss: 0.001076
[2023-10-18 07:32:06,016][INFO][clas_trainer:133] - train epoch: 10 [54688/54800 (100%)], lr: ['1.00e-04', '1.00e-04'], loss: 0.000751
[2023-10-18 07:32:22,414][INFO][clas_trainer:63] - [epoch  10] execution time: 120.24s	metrics:
[2023-10-18 07:32:22,414][INFO][clas_evaluator:99] - dataset: earlystopping, avg f1-score: 0.3871
[2023-10-18 07:32:33,190][INFO][clas_trainer:133] - train epoch: 11 [5440/54800 (10%)], lr: ['1.00e-04', '1.00e-04'], loss: 0.000512
[2023-10-18 07:32:43,591][INFO][clas_trainer:133] - train epoch: 11 [10912/54800 (20%)], lr: ['1.00e-04', '1.00e-04'], loss: 0.003168
[2023-10-18 07:32:54,296][INFO][clas_trainer:133] - train epoch: 11 [16384/54800 (30%)], lr: ['1.00e-04', '1.00e-04'], loss: 0.000526
[2023-10-18 07:33:04,534][INFO][clas_trainer:133] - train epoch: 11 [21856/54800 (40%)], lr: ['1.00e-04', '1.00e-04'], loss: 0.000868
[2023-10-18 07:33:15,226][INFO][clas_trainer:133] - train epoch: 11 [27328/54800 (50%)], lr: ['1.00e-04', '1.00e-04'], loss: 0.001306
[2023-10-18 07:33:25,560][INFO][clas_trainer:133] - train epoch: 11 [32800/54800 (60%)], lr: ['1.00e-04', '1.00e-04'], loss: 0.000616
[2023-10-18 07:33:35,804][INFO][clas_trainer:133] - train epoch: 11 [38272/54800 (70%)], lr: ['1.00e-04', '1.00e-04'], loss: 0.000683
[2023-10-18 07:33:46,090][INFO][clas_trainer:133] - train epoch: 11 [43744/54800 (80%)], lr: ['1.00e-04', '1.00e-04'], loss: 0.000995
[2023-10-18 07:33:56,523][INFO][clas_trainer:133] - train epoch: 11 [49216/54800 (90%)], lr: ['1.00e-04', '1.00e-04'], loss: 0.000659
[2023-10-18 07:34:06,855][INFO][clas_trainer:133] - train epoch: 11 [54688/54800 (100%)], lr: ['1.00e-04', '1.00e-04'], loss: 0.000452
[2023-10-18 07:34:23,341][INFO][clas_trainer:63] - [epoch  11] execution time: 120.93s	metrics:
[2023-10-18 07:34:23,342][INFO][clas_evaluator:99] - dataset: earlystopping, avg f1-score: 0.3581
[2023-10-18 07:34:34,258][INFO][clas_trainer:133] - train epoch: 12 [5440/54800 (10%)], lr: ['1.00e-04', '1.00e-04'], loss: 0.000452
[2023-10-18 07:34:44,645][INFO][clas_trainer:133] - train epoch: 12 [10912/54800 (20%)], lr: ['1.00e-04', '1.00e-04'], loss: 0.001225
[2023-10-18 07:34:55,005][INFO][clas_trainer:133] - train epoch: 12 [16384/54800 (30%)], lr: ['1.00e-04', '1.00e-04'], loss: 0.000406
[2023-10-18 07:35:05,357][INFO][clas_trainer:133] - train epoch: 12 [21856/54800 (40%)], lr: ['1.00e-04', '1.00e-04'], loss: 0.000662
[2023-10-18 07:35:15,922][INFO][clas_trainer:133] - train epoch: 12 [27328/54800 (50%)], lr: ['1.00e-04', '1.00e-04'], loss: 0.000444
[2023-10-18 07:35:26,411][INFO][clas_trainer:133] - train epoch: 12 [32800/54800 (60%)], lr: ['1.00e-04', '1.00e-04'], loss: 0.000387
[2023-10-18 07:35:36,982][INFO][clas_trainer:133] - train epoch: 12 [38272/54800 (70%)], lr: ['1.00e-04', '1.00e-04'], loss: 0.000858
[2023-10-18 07:35:47,591][INFO][clas_trainer:133] - train epoch: 12 [43744/54800 (80%)], lr: ['1.00e-04', '1.00e-04'], loss: 0.000774
[2023-10-18 07:35:57,766][INFO][clas_trainer:133] - train epoch: 12 [49216/54800 (90%)], lr: ['1.00e-04', '1.00e-04'], loss: 0.000539
[2023-10-18 07:36:07,855][INFO][clas_trainer:133] - train epoch: 12 [54688/54800 (100%)], lr: ['1.00e-04', '1.00e-04'], loss: 0.000656
[2023-10-18 07:36:24,393][INFO][clas_trainer:63] - [epoch  12] execution time: 121.05s	metrics:
[2023-10-18 07:36:24,393][INFO][clas_evaluator:99] - dataset: earlystopping, avg f1-score: 0.3648
[2023-10-18 07:36:34,999][INFO][clas_trainer:133] - train epoch: 13 [5440/54800 (10%)], lr: ['1.00e-04', '1.00e-04'], loss: 0.001412
[2023-10-18 07:36:45,533][INFO][clas_trainer:133] - train epoch: 13 [10912/54800 (20%)], lr: ['1.00e-04', '1.00e-04'], loss: 0.000293
[2023-10-18 07:36:55,866][INFO][clas_trainer:133] - train epoch: 13 [16384/54800 (30%)], lr: ['1.00e-04', '1.00e-04'], loss: 0.001313
[2023-10-18 07:37:06,019][INFO][clas_trainer:133] - train epoch: 13 [21856/54800 (40%)], lr: ['1.00e-04', '1.00e-04'], loss: 0.000696
[2023-10-18 07:37:16,466][INFO][clas_trainer:133] - train epoch: 13 [27328/54800 (50%)], lr: ['1.00e-04', '1.00e-04'], loss: 0.000860
[2023-10-18 07:37:26,787][INFO][clas_trainer:133] - train epoch: 13 [32800/54800 (60%)], lr: ['1.00e-04', '1.00e-04'], loss: 0.000413
[2023-10-18 07:37:37,167][INFO][clas_trainer:133] - train epoch: 13 [38272/54800 (70%)], lr: ['1.00e-04', '1.00e-04'], loss: 0.000195
[2023-10-18 07:37:47,355][INFO][clas_trainer:133] - train epoch: 13 [43744/54800 (80%)], lr: ['1.00e-04', '1.00e-04'], loss: 0.000940
[2023-10-18 07:37:57,654][INFO][clas_trainer:133] - train epoch: 13 [49216/54800 (90%)], lr: ['1.00e-04', '1.00e-04'], loss: 0.002344
[2023-10-18 07:38:07,874][INFO][clas_trainer:133] - train epoch: 13 [54688/54800 (100%)], lr: ['1.00e-04', '1.00e-04'], loss: 0.000789
[2023-10-18 07:38:24,237][INFO][clas_trainer:63] - [epoch  13] execution time: 119.84s	metrics:
[2023-10-18 07:38:24,237][INFO][clas_evaluator:99] - dataset: earlystopping, avg f1-score: 0.3657
[2023-10-18 07:38:24,244][INFO][clas_trainer:79] - finished training
[2023-10-18 07:38:24,244][INFO][clas_trainer:80] - best model on epoch: 3 	f1-score: 0.5622
