[2023-10-18 00:12:36,019][INFO][fine-tune:29] - overrides:
hydra:
- hydra.mode=MULTIRUN
task:
- m_seed_path_sids={seeds:[9,9,9,9,9],path:"exp002b-m9-simple_multi_class-2023-10-17_12-41-35-final.pth",subject_ids:{dod_o_h:$\{data.dod_o_h.cv_5_fold.fold_5\}}}
- data.downstream.train_dataloader.dataset.data_reducer.n_epochs=-1
- data.downstream.train_dataloader.dataset.data_reducer.n_subjects=1

[2023-10-18 00:12:38,105][INFO][data_loaders:39] - class distribution before data reduction:
# samples per subject
02fb158a-a658-51ee-89cf-1e1dc2ebfde1: 861
03341d0d-5927-5838-8a5f-1b8ef39d8f57: 1063
039ce8ad-a7fa-5272-a3e3-1f4bfebdd087: 915
095d6e40-5f19-55b6-a0ec-6e0ad3793da0: 1192
0d79f4b1-e74f-5e87-8e42-f9dd7112ada5: 968
100df108-eb57-5eaa-a413-f7e4436a7895: 952
14c012bd-65b0-56f5-bc74-2dffcea69837: 969
16450f5a-9b65-5536-85e1-93816c8b89eb: 816
18482adf-1144-54ca-9e35-27f65c43a105: 824
18ede714-aba3-5ad8-bb1a-18fc9b1c4192: 995
1da3544e-dc5c-5795-adc3-f5068959211f: 955
2159377e-ebf3-5565-9014-1e2ae69dc1d2: 907
2e865ca9-e20f-5a6f-bd25-45d28cc9eab9: 950
32556393-bb57-560a-99e8-e09885219647: 1106
37d0da97-9ae8-5413-b889-4e843ff35488: 1011
3dd35e7b-d7e2-516d-8a85-e0d58a59569f: 1093
3e842aa8-bcd9-521e-93a2-72124233fe2c: 620
40e25dd4-6087-5747-b9c2-4838ada86b15: 1076
47f45aa2-31c4-595b-bdb6-f1348bba062b: 1032
4b72b905-5521-5c57-b666-e20ff9bb195f: 868
4e3c4ac4-69e2-5347-a3b0-662c204d259d: 926
5b94ec8a-c34d-5e45-84d1-bec2ea965609: 1090
5bf0f969-304c-581e-949c-50c108f62846: 947
67fa8e29-6f4d-530e-9422-bbc3aca86ed0: 1046
6e2aa933-c51c-5a31-8c7b-83da8d076a12: 905
730aba3b-e310-5be0-9eed-7c3123466834: 1120
742f1592-627c-54eb-bbb5-ccd55ffae33a: 975
769df255-2284-50b3-8917-2155c759fbbd: 929
79e8a04e-0fdd-53ae-bedc-d49d08e29103: 918
7d778801-88e7-5086-ad1d-70f31a371876: 999
83c1394e-9c69-5c11-9102-9ff8d59b1cfd: 1011
844f68ba-265e-53e6-bf47-6c85d1804a7b: 957
90aef91a-252f-5ccc-a82e-78ea7ee9ca1f: 1089
a0c91989-530f-5117-80c1-2488dbed683c: 1017
a25b2296-343b-53f6-8792-ada2669d466e: 1008
a6254c8a-f1b2-5736-b601-18245dd5e0a5: 1084
a65a9e69-cddf-5711-9a97-de8bfdeb08cc: 961
a79d1f0e-c133-5aa0-8268-cdcc05825f0f: 1046
aa160c78-6da3-5e05-8fc9-d6c13e9f97e0: 1010
aadc9e0c-b7c3-5a47-851d-f21971d10935: 969
ad47bc12-199c-5294-9cb8-4351bbbf7b5e: 893
b2d3ccdd-395c-5dd2-81d9-252bcfc0c337: 902
b3706da5-748b-5dd1-a552-f57e4456cdf6: 1041
b5d5785d-87ee-5078-b9b9-aac6abd4d8de: 918
bb474ab0-c2ce-573b-8acd-ef86b0fa26a2: 1142
c03e27b0-4cb5-584f-aaea-8f1e1ed6513c: 1121
c11c730f-0b6b-580b-af31-d8f0ebbbdfce: 917
c31a47f9-e400-5841-a22b-521c81042603: 986
c8110476-594c-533d-95bd-86147fccc987: 995
c985916d-46a5-5c3e-9d50-a5a91f460bac: 1024
cebd3520-4e77-5222-a614-d2888e6afc2b: 1109
d5181c33-a43b-5dfe-8ad7-0337facb092a: 977
e59c45e0-0c0c-565f-84a9-6cf0ec5ef6c1: 844
e6b7cbef-4c9d-5541-82e8-04810de0fb60: 819
e8ec8ec4-dc48-50ce-985a-a06d87861030: 975
eb95076c-c470-56a4-b788-ace310f061c6: 965

# samples per stage
0: 9856
1: 3075
2: 26718
3: 5997
4: 9162
[2023-10-18 00:12:38,280][INFO][data_loaders:43] - class distribution after data reduction:
# samples per subject
16450f5a-9b65-5536-85e1-93816c8b89eb: 54672

# samples per stage
0: 29614
1: 5695
2: 19363
[2023-10-18 00:12:38,293][INFO][base_ssl_fe:55] - Loading model from exp002b-m9-simple_multi_class-2023-10-17_12-41-35-final.pth
[2023-10-18 00:12:38,618][INFO][data_loaders:39] - class distribution before data reduction:
# samples per subject
0416d51f-5d69-5326-b74a-a2e31a96a1ef: 822
1fa6c401-d819-50f5-8146-a0bb9e2b2516: 986
22bea84c-5d23-5e49-bc2d-9764f883955b: 1048
25a6b2b0-4d09-561b-82c6-f09bb271d3be: 1063
a30245e3-4a71-565f-9636-92e7d2e825fc: 1122
a4568951-bf87-5bbc-bc4f-28e93c360be6: 975
b3534fa3-7676-50dc-8412-07f0eff4f7a9: 757
fc10ee0b-b863-511b-bce8-4dfa7af8ac3a: 910

# samples per stage
0: 1458
1: 408
2: 3702
3: 1050
4: 1065
[2023-10-18 00:12:38,638][INFO][data_loaders:43] - class distribution after data reduction:
# samples per subject
0416d51f-5d69-5326-b74a-a2e31a96a1ef: 822
1fa6c401-d819-50f5-8146-a0bb9e2b2516: 986
22bea84c-5d23-5e49-bc2d-9764f883955b: 1048
25a6b2b0-4d09-561b-82c6-f09bb271d3be: 1063
a30245e3-4a71-565f-9636-92e7d2e825fc: 1122
a4568951-bf87-5bbc-bc4f-28e93c360be6: 975
b3534fa3-7676-50dc-8412-07f0eff4f7a9: 757
fc10ee0b-b863-511b-bce8-4dfa7af8ac3a: 910

# samples per stage
0: 1458
1: 408
2: 3702
3: 1050
4: 1065
[2023-10-18 00:12:38,657][INFO][clas_trainer:49] - metrics before training (epoch 0):
[2023-10-18 00:12:55,074][INFO][clas_evaluator:99] - dataset: earlystopping, avg f1-score: 0.1082
[2023-10-18 00:13:06,334][INFO][clas_trainer:133] - train epoch: 1 [5408/54672 (10%)], lr: ['1.00e-04', '1.00e-04'], loss: 0.499079
[2023-10-18 00:13:17,331][INFO][clas_trainer:133] - train epoch: 1 [10848/54672 (20%)], lr: ['1.00e-04', '1.00e-04'], loss: 0.468155
[2023-10-18 00:13:28,204][INFO][clas_trainer:133] - train epoch: 1 [16288/54672 (30%)], lr: ['1.00e-04', '1.00e-04'], loss: 0.188935
[2023-10-18 00:13:39,176][INFO][clas_trainer:133] - train epoch: 1 [21728/54672 (40%)], lr: ['1.00e-04', '1.00e-04'], loss: 0.254545
[2023-10-18 00:13:50,383][INFO][clas_trainer:133] - train epoch: 1 [27168/54672 (50%)], lr: ['1.00e-04', '1.00e-04'], loss: 0.099862
[2023-10-18 00:14:01,662][INFO][clas_trainer:133] - train epoch: 1 [32608/54672 (60%)], lr: ['1.00e-04', '1.00e-04'], loss: 0.315244
[2023-10-18 00:14:12,505][INFO][clas_trainer:133] - train epoch: 1 [38048/54672 (70%)], lr: ['1.00e-04', '1.00e-04'], loss: 0.119457
[2023-10-18 00:14:23,363][INFO][clas_trainer:133] - train epoch: 1 [43488/54672 (80%)], lr: ['1.00e-04', '1.00e-04'], loss: 0.151613
[2023-10-18 00:14:34,240][INFO][clas_trainer:133] - train epoch: 1 [48928/54672 (89%)], lr: ['1.00e-04', '1.00e-04'], loss: 0.013746
[2023-10-18 00:14:45,269][INFO][clas_trainer:133] - train epoch: 1 [54368/54672 (99%)], lr: ['1.00e-04', '1.00e-04'], loss: 0.035871
[2023-10-18 00:15:02,625][INFO][clas_trainer:63] - [epoch   1] execution time: 127.55s	metrics:
[2023-10-18 00:15:02,625][INFO][clas_evaluator:99] - dataset: earlystopping, avg f1-score: 0.3660
[2023-10-18 00:15:02,684][INFO][base_model:51] - snapshot saved to ./models/exp002b-m225-base_fe_clas-2023-10-17_13-14-37-final.pth
[2023-10-18 00:15:14,361][INFO][clas_trainer:133] - train epoch: 2 [5408/54672 (10%)], lr: ['1.00e-04', '1.00e-04'], loss: 0.077231
[2023-10-18 00:15:25,265][INFO][clas_trainer:133] - train epoch: 2 [10848/54672 (20%)], lr: ['1.00e-04', '1.00e-04'], loss: 0.453542
[2023-10-18 00:15:36,409][INFO][clas_trainer:133] - train epoch: 2 [16288/54672 (30%)], lr: ['1.00e-04', '1.00e-04'], loss: 0.019724
[2023-10-18 00:15:47,385][INFO][clas_trainer:133] - train epoch: 2 [21728/54672 (40%)], lr: ['1.00e-04', '1.00e-04'], loss: 0.009634
[2023-10-18 00:15:58,443][INFO][clas_trainer:133] - train epoch: 2 [27168/54672 (50%)], lr: ['1.00e-04', '1.00e-04'], loss: 0.016596
[2023-10-18 00:16:09,519][INFO][clas_trainer:133] - train epoch: 2 [32608/54672 (60%)], lr: ['1.00e-04', '1.00e-04'], loss: 0.059452
[2023-10-18 00:16:20,327][INFO][clas_trainer:133] - train epoch: 2 [38048/54672 (70%)], lr: ['1.00e-04', '1.00e-04'], loss: 0.013656
[2023-10-18 00:16:31,548][INFO][clas_trainer:133] - train epoch: 2 [43488/54672 (80%)], lr: ['1.00e-04', '1.00e-04'], loss: 0.025096
[2023-10-18 00:16:42,437][INFO][clas_trainer:133] - train epoch: 2 [48928/54672 (89%)], lr: ['1.00e-04', '1.00e-04'], loss: 0.002657
[2023-10-18 00:16:53,121][INFO][clas_trainer:133] - train epoch: 2 [54368/54672 (99%)], lr: ['1.00e-04', '1.00e-04'], loss: 0.016910
[2023-10-18 00:17:10,486][INFO][clas_trainer:63] - [epoch   2] execution time: 127.80s	metrics:
[2023-10-18 00:17:10,486][INFO][clas_evaluator:99] - dataset: earlystopping, avg f1-score: 0.3678
[2023-10-18 00:17:10,544][INFO][base_model:51] - snapshot saved to ./models/exp002b-m225-base_fe_clas-2023-10-17_13-14-37-final.pth
[2023-10-18 00:17:22,171][INFO][clas_trainer:133] - train epoch: 3 [5408/54672 (10%)], lr: ['1.00e-04', '1.00e-04'], loss: 0.003498
[2023-10-18 00:17:32,979][INFO][clas_trainer:133] - train epoch: 3 [10848/54672 (20%)], lr: ['1.00e-04', '1.00e-04'], loss: 0.002424
[2023-10-18 00:17:44,259][INFO][clas_trainer:133] - train epoch: 3 [16288/54672 (30%)], lr: ['1.00e-04', '1.00e-04'], loss: 0.056024
[2023-10-18 00:17:55,168][INFO][clas_trainer:133] - train epoch: 3 [21728/54672 (40%)], lr: ['1.00e-04', '1.00e-04'], loss: 0.007483
[2023-10-18 00:18:06,393][INFO][clas_trainer:133] - train epoch: 3 [27168/54672 (50%)], lr: ['1.00e-04', '1.00e-04'], loss: 0.001228
[2023-10-18 00:18:17,483][INFO][clas_trainer:133] - train epoch: 3 [32608/54672 (60%)], lr: ['1.00e-04', '1.00e-04'], loss: 0.015618
[2023-10-18 00:18:28,542][INFO][clas_trainer:133] - train epoch: 3 [38048/54672 (70%)], lr: ['1.00e-04', '1.00e-04'], loss: 0.007244
[2023-10-18 00:18:39,266][INFO][clas_trainer:133] - train epoch: 3 [43488/54672 (80%)], lr: ['1.00e-04', '1.00e-04'], loss: 0.004889
[2023-10-18 00:18:50,103][INFO][clas_trainer:133] - train epoch: 3 [48928/54672 (89%)], lr: ['1.00e-04', '1.00e-04'], loss: 0.000140
[2023-10-18 00:19:01,112][INFO][clas_trainer:133] - train epoch: 3 [54368/54672 (99%)], lr: ['1.00e-04', '1.00e-04'], loss: 0.002056
[2023-10-18 00:19:18,025][INFO][clas_trainer:63] - [epoch   3] execution time: 127.48s	metrics:
[2023-10-18 00:19:18,025][INFO][clas_evaluator:99] - dataset: earlystopping, avg f1-score: 0.3756
[2023-10-18 00:19:18,083][INFO][base_model:51] - snapshot saved to ./models/exp002b-m225-base_fe_clas-2023-10-17_13-14-37-final.pth
[2023-10-18 00:19:29,625][INFO][clas_trainer:133] - train epoch: 4 [5408/54672 (10%)], lr: ['1.00e-04', '1.00e-04'], loss: 0.000122
[2023-10-18 00:19:40,404][INFO][clas_trainer:133] - train epoch: 4 [10848/54672 (20%)], lr: ['1.00e-04', '1.00e-04'], loss: 0.000018
[2023-10-18 00:19:51,011][INFO][clas_trainer:133] - train epoch: 4 [16288/54672 (30%)], lr: ['1.00e-04', '1.00e-04'], loss: 0.001609
[2023-10-18 00:20:02,183][INFO][clas_trainer:133] - train epoch: 4 [21728/54672 (40%)], lr: ['1.00e-04', '1.00e-04'], loss: 0.003348
[2023-10-18 00:20:12,866][INFO][clas_trainer:133] - train epoch: 4 [27168/54672 (50%)], lr: ['1.00e-04', '1.00e-04'], loss: 0.019796
[2023-10-18 00:20:23,828][INFO][clas_trainer:133] - train epoch: 4 [32608/54672 (60%)], lr: ['1.00e-04', '1.00e-04'], loss: 0.001610
[2023-10-18 00:20:34,722][INFO][clas_trainer:133] - train epoch: 4 [38048/54672 (70%)], lr: ['1.00e-04', '1.00e-04'], loss: 0.005951
[2023-10-18 00:20:45,406][INFO][clas_trainer:133] - train epoch: 4 [43488/54672 (80%)], lr: ['1.00e-04', '1.00e-04'], loss: 0.005798
[2023-10-18 00:20:56,589][INFO][clas_trainer:133] - train epoch: 4 [48928/54672 (89%)], lr: ['1.00e-04', '1.00e-04'], loss: 0.152779
[2023-10-18 00:21:07,217][INFO][clas_trainer:133] - train epoch: 4 [54368/54672 (99%)], lr: ['1.00e-04', '1.00e-04'], loss: 0.000282
[2023-10-18 00:21:24,296][INFO][clas_trainer:63] - [epoch   4] execution time: 126.21s	metrics:
[2023-10-18 00:21:24,297][INFO][clas_evaluator:99] - dataset: earlystopping, avg f1-score: 0.3735
[2023-10-18 00:21:35,857][INFO][clas_trainer:133] - train epoch: 5 [5408/54672 (10%)], lr: ['1.00e-04', '1.00e-04'], loss: 0.002170
[2023-10-18 00:21:46,959][INFO][clas_trainer:133] - train epoch: 5 [10848/54672 (20%)], lr: ['1.00e-04', '1.00e-04'], loss: 0.003832
[2023-10-18 00:21:57,762][INFO][clas_trainer:133] - train epoch: 5 [16288/54672 (30%)], lr: ['1.00e-04', '1.00e-04'], loss: 0.000147
[2023-10-18 00:22:08,874][INFO][clas_trainer:133] - train epoch: 5 [21728/54672 (40%)], lr: ['1.00e-04', '1.00e-04'], loss: 0.015806
[2023-10-18 00:22:19,910][INFO][clas_trainer:133] - train epoch: 5 [27168/54672 (50%)], lr: ['1.00e-04', '1.00e-04'], loss: 0.000128
[2023-10-18 00:22:30,677][INFO][clas_trainer:133] - train epoch: 5 [32608/54672 (60%)], lr: ['1.00e-04', '1.00e-04'], loss: 0.001092
[2023-10-18 00:22:41,639][INFO][clas_trainer:133] - train epoch: 5 [38048/54672 (70%)], lr: ['1.00e-04', '1.00e-04'], loss: 0.000356
[2023-10-18 00:22:52,259][INFO][clas_trainer:133] - train epoch: 5 [43488/54672 (80%)], lr: ['1.00e-04', '1.00e-04'], loss: 0.000089
[2023-10-18 00:23:03,172][INFO][clas_trainer:133] - train epoch: 5 [48928/54672 (89%)], lr: ['1.00e-04', '1.00e-04'], loss: 0.001609
[2023-10-18 00:23:14,052][INFO][clas_trainer:133] - train epoch: 5 [54368/54672 (99%)], lr: ['1.00e-04', '1.00e-04'], loss: 0.000504
[2023-10-18 00:23:30,934][INFO][clas_trainer:63] - [epoch   5] execution time: 126.64s	metrics:
[2023-10-18 00:23:30,934][INFO][clas_evaluator:99] - dataset: earlystopping, avg f1-score: 0.3746
[2023-10-18 00:23:42,617][INFO][clas_trainer:133] - train epoch: 6 [5408/54672 (10%)], lr: ['1.00e-04', '1.00e-04'], loss: 0.000713
[2023-10-18 00:23:53,682][INFO][clas_trainer:133] - train epoch: 6 [10848/54672 (20%)], lr: ['1.00e-04', '1.00e-04'], loss: 0.000469
[2023-10-18 00:24:04,784][INFO][clas_trainer:133] - train epoch: 6 [16288/54672 (30%)], lr: ['1.00e-04', '1.00e-04'], loss: 0.003628
[2023-10-18 00:24:15,472][INFO][clas_trainer:133] - train epoch: 6 [21728/54672 (40%)], lr: ['1.00e-04', '1.00e-04'], loss: 0.000814
[2023-10-18 00:24:26,496][INFO][clas_trainer:133] - train epoch: 6 [27168/54672 (50%)], lr: ['1.00e-04', '1.00e-04'], loss: 0.000756
[2023-10-18 00:24:37,551][INFO][clas_trainer:133] - train epoch: 6 [32608/54672 (60%)], lr: ['1.00e-04', '1.00e-04'], loss: 0.000732
[2023-10-18 00:24:48,205][INFO][clas_trainer:133] - train epoch: 6 [38048/54672 (70%)], lr: ['1.00e-04', '1.00e-04'], loss: 0.000485
[2023-10-18 00:24:59,054][INFO][clas_trainer:133] - train epoch: 6 [43488/54672 (80%)], lr: ['1.00e-04', '1.00e-04'], loss: 0.003321
[2023-10-18 00:25:09,935][INFO][clas_trainer:133] - train epoch: 6 [48928/54672 (89%)], lr: ['1.00e-04', '1.00e-04'], loss: 0.000492
[2023-10-18 00:25:20,572][INFO][clas_trainer:133] - train epoch: 6 [54368/54672 (99%)], lr: ['1.00e-04', '1.00e-04'], loss: 0.004897
[2023-10-18 00:25:37,603][INFO][clas_trainer:63] - [epoch   6] execution time: 126.67s	metrics:
[2023-10-18 00:25:37,603][INFO][clas_evaluator:99] - dataset: earlystopping, avg f1-score: 0.3722
[2023-10-18 00:25:48,829][INFO][clas_trainer:133] - train epoch: 7 [5408/54672 (10%)], lr: ['1.00e-04', '1.00e-04'], loss: 0.000238
[2023-10-18 00:25:59,455][INFO][clas_trainer:133] - train epoch: 7 [10848/54672 (20%)], lr: ['1.00e-04', '1.00e-04'], loss: 0.003730
[2023-10-18 00:26:10,890][INFO][clas_trainer:133] - train epoch: 7 [16288/54672 (30%)], lr: ['1.00e-04', '1.00e-04'], loss: 0.001802
[2023-10-18 00:26:21,732][INFO][clas_trainer:133] - train epoch: 7 [21728/54672 (40%)], lr: ['1.00e-04', '1.00e-04'], loss: 0.000037
[2023-10-18 00:26:32,753][INFO][clas_trainer:133] - train epoch: 7 [27168/54672 (50%)], lr: ['1.00e-04', '1.00e-04'], loss: 0.000065
[2023-10-18 00:26:43,613][INFO][clas_trainer:133] - train epoch: 7 [32608/54672 (60%)], lr: ['1.00e-04', '1.00e-04'], loss: 0.000231
[2023-10-18 00:26:54,317][INFO][clas_trainer:133] - train epoch: 7 [38048/54672 (70%)], lr: ['1.00e-04', '1.00e-04'], loss: 0.000079
[2023-10-18 00:27:05,241][INFO][clas_trainer:133] - train epoch: 7 [43488/54672 (80%)], lr: ['1.00e-04', '1.00e-04'], loss: 0.001209
[2023-10-18 00:27:16,088][INFO][clas_trainer:133] - train epoch: 7 [48928/54672 (89%)], lr: ['1.00e-04', '1.00e-04'], loss: 0.004338
[2023-10-18 00:27:26,877][INFO][clas_trainer:133] - train epoch: 7 [54368/54672 (99%)], lr: ['1.00e-04', '1.00e-04'], loss: 0.001874
[2023-10-18 00:27:44,243][INFO][clas_trainer:63] - [epoch   7] execution time: 126.64s	metrics:
[2023-10-18 00:27:44,244][INFO][clas_evaluator:99] - dataset: earlystopping, avg f1-score: 0.3736
[2023-10-18 00:27:55,791][INFO][clas_trainer:133] - train epoch: 8 [5408/54672 (10%)], lr: ['1.00e-04', '1.00e-04'], loss: 0.192487
[2023-10-18 00:28:06,671][INFO][clas_trainer:133] - train epoch: 8 [10848/54672 (20%)], lr: ['1.00e-04', '1.00e-04'], loss: 0.000499
[2023-10-18 00:28:17,692][INFO][clas_trainer:133] - train epoch: 8 [16288/54672 (30%)], lr: ['1.00e-04', '1.00e-04'], loss: 0.001439
[2023-10-18 00:28:28,502][INFO][clas_trainer:133] - train epoch: 8 [21728/54672 (40%)], lr: ['1.00e-04', '1.00e-04'], loss: 0.003275
[2023-10-18 00:28:39,284][INFO][clas_trainer:133] - train epoch: 8 [27168/54672 (50%)], lr: ['1.00e-04', '1.00e-04'], loss: 0.057002
[2023-10-18 00:28:50,122][INFO][clas_trainer:133] - train epoch: 8 [32608/54672 (60%)], lr: ['1.00e-04', '1.00e-04'], loss: 0.000846
[2023-10-18 00:29:00,963][INFO][clas_trainer:133] - train epoch: 8 [38048/54672 (70%)], lr: ['1.00e-04', '1.00e-04'], loss: 0.000550
[2023-10-18 00:29:11,841][INFO][clas_trainer:133] - train epoch: 8 [43488/54672 (80%)], lr: ['1.00e-04', '1.00e-04'], loss: 0.000993
[2023-10-18 00:29:22,612][INFO][clas_trainer:133] - train epoch: 8 [48928/54672 (89%)], lr: ['1.00e-04', '1.00e-04'], loss: 0.002094
[2023-10-18 00:29:33,208][INFO][clas_trainer:133] - train epoch: 8 [54368/54672 (99%)], lr: ['1.00e-04', '1.00e-04'], loss: 0.008092
[2023-10-18 00:29:50,339][INFO][clas_trainer:63] - [epoch   8] execution time: 126.10s	metrics:
[2023-10-18 00:29:50,340][INFO][clas_evaluator:99] - dataset: earlystopping, avg f1-score: 0.3762
[2023-10-18 00:29:50,398][INFO][base_model:51] - snapshot saved to ./models/exp002b-m225-base_fe_clas-2023-10-17_13-14-37-final.pth
[2023-10-18 00:30:02,160][INFO][clas_trainer:133] - train epoch: 9 [5408/54672 (10%)], lr: ['1.00e-04', '1.00e-04'], loss: 0.000110
[2023-10-18 00:30:13,177][INFO][clas_trainer:133] - train epoch: 9 [10848/54672 (20%)], lr: ['1.00e-04', '1.00e-04'], loss: 0.002867
[2023-10-18 00:30:24,145][INFO][clas_trainer:133] - train epoch: 9 [16288/54672 (30%)], lr: ['1.00e-04', '1.00e-04'], loss: 0.000925
[2023-10-18 00:30:35,424][INFO][clas_trainer:133] - train epoch: 9 [21728/54672 (40%)], lr: ['1.00e-04', '1.00e-04'], loss: 0.001050
[2023-10-18 00:30:46,204][INFO][clas_trainer:133] - train epoch: 9 [27168/54672 (50%)], lr: ['1.00e-04', '1.00e-04'], loss: 0.003718
[2023-10-18 00:30:56,907][INFO][clas_trainer:133] - train epoch: 9 [32608/54672 (60%)], lr: ['1.00e-04', '1.00e-04'], loss: 0.021883
[2023-10-18 00:31:08,100][INFO][clas_trainer:133] - train epoch: 9 [38048/54672 (70%)], lr: ['1.00e-04', '1.00e-04'], loss: 0.000460
[2023-10-18 00:31:18,966][INFO][clas_trainer:133] - train epoch: 9 [43488/54672 (80%)], lr: ['1.00e-04', '1.00e-04'], loss: 0.001146
[2023-10-18 00:31:29,545][INFO][clas_trainer:133] - train epoch: 9 [48928/54672 (89%)], lr: ['1.00e-04', '1.00e-04'], loss: 0.000215
[2023-10-18 00:31:40,638][INFO][clas_trainer:133] - train epoch: 9 [54368/54672 (99%)], lr: ['1.00e-04', '1.00e-04'], loss: 0.000192
[2023-10-18 00:31:57,569][INFO][clas_trainer:63] - [epoch   9] execution time: 127.17s	metrics:
[2023-10-18 00:31:57,569][INFO][clas_evaluator:99] - dataset: earlystopping, avg f1-score: 0.3611
[2023-10-18 00:32:09,103][INFO][clas_trainer:133] - train epoch: 10 [5408/54672 (10%)], lr: ['1.00e-04', '1.00e-04'], loss: 0.155154
[2023-10-18 00:32:20,292][INFO][clas_trainer:133] - train epoch: 10 [10848/54672 (20%)], lr: ['1.00e-04', '1.00e-04'], loss: 0.002626
[2023-10-18 00:32:31,249][INFO][clas_trainer:133] - train epoch: 10 [16288/54672 (30%)], lr: ['1.00e-04', '1.00e-04'], loss: 0.000352
[2023-10-18 00:32:42,355][INFO][clas_trainer:133] - train epoch: 10 [21728/54672 (40%)], lr: ['1.00e-04', '1.00e-04'], loss: 0.000374
[2023-10-18 00:32:53,112][INFO][clas_trainer:133] - train epoch: 10 [27168/54672 (50%)], lr: ['1.00e-04', '1.00e-04'], loss: 0.000121
[2023-10-18 00:33:04,490][INFO][clas_trainer:133] - train epoch: 10 [32608/54672 (60%)], lr: ['1.00e-04', '1.00e-04'], loss: 0.000130
[2023-10-18 00:33:15,679][INFO][clas_trainer:133] - train epoch: 10 [38048/54672 (70%)], lr: ['1.00e-04', '1.00e-04'], loss: 0.000771
[2023-10-18 00:33:26,909][INFO][clas_trainer:133] - train epoch: 10 [43488/54672 (80%)], lr: ['1.00e-04', '1.00e-04'], loss: 0.000143
[2023-10-18 00:33:37,665][INFO][clas_trainer:133] - train epoch: 10 [48928/54672 (89%)], lr: ['1.00e-04', '1.00e-04'], loss: 0.000920
[2023-10-18 00:33:48,720][INFO][clas_trainer:133] - train epoch: 10 [54368/54672 (99%)], lr: ['1.00e-04', '1.00e-04'], loss: 0.000436
[2023-10-18 00:34:05,826][INFO][clas_trainer:63] - [epoch  10] execution time: 128.26s	metrics:
[2023-10-18 00:34:05,826][INFO][clas_evaluator:99] - dataset: earlystopping, avg f1-score: 0.3693
[2023-10-18 00:34:17,155][INFO][clas_trainer:133] - train epoch: 11 [5408/54672 (10%)], lr: ['1.00e-04', '1.00e-04'], loss: 0.000549
[2023-10-18 00:34:28,288][INFO][clas_trainer:133] - train epoch: 11 [10848/54672 (20%)], lr: ['1.00e-04', '1.00e-04'], loss: 0.000110
[2023-10-18 00:34:39,405][INFO][clas_trainer:133] - train epoch: 11 [16288/54672 (30%)], lr: ['1.00e-04', '1.00e-04'], loss: 0.001007
[2023-10-18 00:34:50,734][INFO][clas_trainer:133] - train epoch: 11 [21728/54672 (40%)], lr: ['1.00e-04', '1.00e-04'], loss: 0.001902
[2023-10-18 00:35:02,081][INFO][clas_trainer:133] - train epoch: 11 [27168/54672 (50%)], lr: ['1.00e-04', '1.00e-04'], loss: 0.000313
[2023-10-18 00:35:13,229][INFO][clas_trainer:133] - train epoch: 11 [32608/54672 (60%)], lr: ['1.00e-04', '1.00e-04'], loss: 0.000788
[2023-10-18 00:35:23,984][INFO][clas_trainer:133] - train epoch: 11 [38048/54672 (70%)], lr: ['1.00e-04', '1.00e-04'], loss: 0.008334
[2023-10-18 00:35:35,080][INFO][clas_trainer:133] - train epoch: 11 [43488/54672 (80%)], lr: ['1.00e-04', '1.00e-04'], loss: 0.000411
[2023-10-18 00:35:45,843][INFO][clas_trainer:133] - train epoch: 11 [48928/54672 (89%)], lr: ['1.00e-04', '1.00e-04'], loss: 0.000099
[2023-10-18 00:35:56,820][INFO][clas_trainer:133] - train epoch: 11 [54368/54672 (99%)], lr: ['1.00e-04', '1.00e-04'], loss: 0.002503
[2023-10-18 00:36:14,185][INFO][clas_trainer:63] - [epoch  11] execution time: 128.36s	metrics:
[2023-10-18 00:36:14,185][INFO][clas_evaluator:99] - dataset: earlystopping, avg f1-score: 0.3673
[2023-10-18 00:36:25,520][INFO][clas_trainer:133] - train epoch: 12 [5408/54672 (10%)], lr: ['1.00e-04', '1.00e-04'], loss: 0.000868
[2023-10-18 00:36:36,611][INFO][clas_trainer:133] - train epoch: 12 [10848/54672 (20%)], lr: ['1.00e-04', '1.00e-04'], loss: 0.000412
[2023-10-18 00:36:47,386][INFO][clas_trainer:133] - train epoch: 12 [16288/54672 (30%)], lr: ['1.00e-04', '1.00e-04'], loss: 0.007026
[2023-10-18 00:36:58,385][INFO][clas_trainer:133] - train epoch: 12 [21728/54672 (40%)], lr: ['1.00e-04', '1.00e-04'], loss: 0.001996
[2023-10-18 00:37:09,311][INFO][clas_trainer:133] - train epoch: 12 [27168/54672 (50%)], lr: ['1.00e-04', '1.00e-04'], loss: 0.006564
[2023-10-18 00:37:20,129][INFO][clas_trainer:133] - train epoch: 12 [32608/54672 (60%)], lr: ['1.00e-04', '1.00e-04'], loss: 0.000317
[2023-10-18 00:37:30,896][INFO][clas_trainer:133] - train epoch: 12 [38048/54672 (70%)], lr: ['1.00e-04', '1.00e-04'], loss: 0.000108
[2023-10-18 00:37:41,794][INFO][clas_trainer:133] - train epoch: 12 [43488/54672 (80%)], lr: ['1.00e-04', '1.00e-04'], loss: 0.001152
[2023-10-18 00:37:52,334][INFO][clas_trainer:133] - train epoch: 12 [48928/54672 (89%)], lr: ['1.00e-04', '1.00e-04'], loss: 0.000375
[2023-10-18 00:38:02,928][INFO][clas_trainer:133] - train epoch: 12 [54368/54672 (99%)], lr: ['1.00e-04', '1.00e-04'], loss: 0.000644
[2023-10-18 00:38:20,227][INFO][clas_trainer:63] - [epoch  12] execution time: 126.04s	metrics:
[2023-10-18 00:38:20,228][INFO][clas_evaluator:99] - dataset: earlystopping, avg f1-score: 0.3571
[2023-10-18 00:38:31,636][INFO][clas_trainer:133] - train epoch: 13 [5408/54672 (10%)], lr: ['1.00e-04', '1.00e-04'], loss: 0.001056
[2023-10-18 00:38:42,602][INFO][clas_trainer:133] - train epoch: 13 [10848/54672 (20%)], lr: ['1.00e-04', '1.00e-04'], loss: 0.000182
[2023-10-18 00:38:53,650][INFO][clas_trainer:133] - train epoch: 13 [16288/54672 (30%)], lr: ['1.00e-04', '1.00e-04'], loss: 0.000381
[2023-10-18 00:39:04,523][INFO][clas_trainer:133] - train epoch: 13 [21728/54672 (40%)], lr: ['1.00e-04', '1.00e-04'], loss: 0.000370
[2023-10-18 00:39:15,410][INFO][clas_trainer:133] - train epoch: 13 [27168/54672 (50%)], lr: ['1.00e-04', '1.00e-04'], loss: 0.023096
[2023-10-18 00:39:26,364][INFO][clas_trainer:133] - train epoch: 13 [32608/54672 (60%)], lr: ['1.00e-04', '1.00e-04'], loss: 0.020610
[2023-10-18 00:39:37,365][INFO][clas_trainer:133] - train epoch: 13 [38048/54672 (70%)], lr: ['1.00e-04', '1.00e-04'], loss: 0.000596
[2023-10-18 00:39:48,131][INFO][clas_trainer:133] - train epoch: 13 [43488/54672 (80%)], lr: ['1.00e-04', '1.00e-04'], loss: 0.000499
[2023-10-18 00:39:58,838][INFO][clas_trainer:133] - train epoch: 13 [48928/54672 (89%)], lr: ['1.00e-04', '1.00e-04'], loss: 0.001040
[2023-10-18 00:40:09,505][INFO][clas_trainer:133] - train epoch: 13 [54368/54672 (99%)], lr: ['1.00e-04', '1.00e-04'], loss: 0.000594
[2023-10-18 00:40:26,610][INFO][clas_trainer:63] - [epoch  13] execution time: 126.38s	metrics:
[2023-10-18 00:40:26,610][INFO][clas_evaluator:99] - dataset: earlystopping, avg f1-score: 0.3606
[2023-10-18 00:40:38,185][INFO][clas_trainer:133] - train epoch: 14 [5408/54672 (10%)], lr: ['1.00e-04', '1.00e-04'], loss: 0.002636
[2023-10-18 00:40:49,030][INFO][clas_trainer:133] - train epoch: 14 [10848/54672 (20%)], lr: ['1.00e-04', '1.00e-04'], loss: 0.000837
[2023-10-18 00:40:59,948][INFO][clas_trainer:133] - train epoch: 14 [16288/54672 (30%)], lr: ['1.00e-04', '1.00e-04'], loss: 0.001809
[2023-10-18 00:41:10,818][INFO][clas_trainer:133] - train epoch: 14 [21728/54672 (40%)], lr: ['1.00e-04', '1.00e-04'], loss: 0.000402
[2023-10-18 00:41:21,525][INFO][clas_trainer:133] - train epoch: 14 [27168/54672 (50%)], lr: ['1.00e-04', '1.00e-04'], loss: 0.000178
[2023-10-18 00:41:32,326][INFO][clas_trainer:133] - train epoch: 14 [32608/54672 (60%)], lr: ['1.00e-04', '1.00e-04'], loss: 0.000216
[2023-10-18 00:41:43,433][INFO][clas_trainer:133] - train epoch: 14 [38048/54672 (70%)], lr: ['1.00e-04', '1.00e-04'], loss: 0.000277
[2023-10-18 00:41:54,133][INFO][clas_trainer:133] - train epoch: 14 [43488/54672 (80%)], lr: ['1.00e-04', '1.00e-04'], loss: 0.008153
[2023-10-18 00:42:05,239][INFO][clas_trainer:133] - train epoch: 14 [48928/54672 (89%)], lr: ['1.00e-04', '1.00e-04'], loss: 0.000373
[2023-10-18 00:42:16,108][INFO][clas_trainer:133] - train epoch: 14 [54368/54672 (99%)], lr: ['1.00e-04', '1.00e-04'], loss: 0.000722
[2023-10-18 00:42:33,092][INFO][clas_trainer:63] - [epoch  14] execution time: 126.48s	metrics:
[2023-10-18 00:42:33,092][INFO][clas_evaluator:99] - dataset: earlystopping, avg f1-score: 0.3291
[2023-10-18 00:42:44,560][INFO][clas_trainer:133] - train epoch: 15 [5408/54672 (10%)], lr: ['1.00e-04', '1.00e-04'], loss: 0.000159
[2023-10-18 00:42:55,684][INFO][clas_trainer:133] - train epoch: 15 [10848/54672 (20%)], lr: ['1.00e-04', '1.00e-04'], loss: 0.000421
[2023-10-18 00:43:06,575][INFO][clas_trainer:133] - train epoch: 15 [16288/54672 (30%)], lr: ['1.00e-04', '1.00e-04'], loss: 0.000400
[2023-10-18 00:43:17,482][INFO][clas_trainer:133] - train epoch: 15 [21728/54672 (40%)], lr: ['1.00e-04', '1.00e-04'], loss: 0.001266
[2023-10-18 00:43:28,341][INFO][clas_trainer:133] - train epoch: 15 [27168/54672 (50%)], lr: ['1.00e-04', '1.00e-04'], loss: 0.002256
[2023-10-18 00:43:39,262][INFO][clas_trainer:133] - train epoch: 15 [32608/54672 (60%)], lr: ['1.00e-04', '1.00e-04'], loss: 0.007487
[2023-10-18 00:43:49,995][INFO][clas_trainer:133] - train epoch: 15 [38048/54672 (70%)], lr: ['1.00e-04', '1.00e-04'], loss: 0.000986
[2023-10-18 00:44:01,035][INFO][clas_trainer:133] - train epoch: 15 [43488/54672 (80%)], lr: ['1.00e-04', '1.00e-04'], loss: 0.004000
[2023-10-18 00:44:11,936][INFO][clas_trainer:133] - train epoch: 15 [48928/54672 (89%)], lr: ['1.00e-04', '1.00e-04'], loss: 0.000756
[2023-10-18 00:44:23,179][INFO][clas_trainer:133] - train epoch: 15 [54368/54672 (99%)], lr: ['1.00e-04', '1.00e-04'], loss: 0.000464
[2023-10-18 00:44:40,143][INFO][clas_trainer:63] - [epoch  15] execution time: 127.05s	metrics:
[2023-10-18 00:44:40,143][INFO][clas_evaluator:99] - dataset: earlystopping, avg f1-score: 0.3256
[2023-10-18 00:44:51,536][INFO][clas_trainer:133] - train epoch: 16 [5408/54672 (10%)], lr: ['1.00e-04', '1.00e-04'], loss: 0.000938
[2023-10-18 00:45:02,644][INFO][clas_trainer:133] - train epoch: 16 [10848/54672 (20%)], lr: ['1.00e-04', '1.00e-04'], loss: 0.001630
[2023-10-18 00:45:13,298][INFO][clas_trainer:133] - train epoch: 16 [16288/54672 (30%)], lr: ['1.00e-04', '1.00e-04'], loss: 0.000108
[2023-10-18 00:45:24,375][INFO][clas_trainer:133] - train epoch: 16 [21728/54672 (40%)], lr: ['1.00e-04', '1.00e-04'], loss: 0.000171
[2023-10-18 00:45:35,435][INFO][clas_trainer:133] - train epoch: 16 [27168/54672 (50%)], lr: ['1.00e-04', '1.00e-04'], loss: 0.024251
[2023-10-18 00:45:46,227][INFO][clas_trainer:133] - train epoch: 16 [32608/54672 (60%)], lr: ['1.00e-04', '1.00e-04'], loss: 0.009474
[2023-10-18 00:45:57,423][INFO][clas_trainer:133] - train epoch: 16 [38048/54672 (70%)], lr: ['1.00e-04', '1.00e-04'], loss: 0.000140
[2023-10-18 00:46:08,317][INFO][clas_trainer:133] - train epoch: 16 [43488/54672 (80%)], lr: ['1.00e-04', '1.00e-04'], loss: 0.003798
[2023-10-18 00:46:19,170][INFO][clas_trainer:133] - train epoch: 16 [48928/54672 (89%)], lr: ['1.00e-04', '1.00e-04'], loss: 0.000482
[2023-10-18 00:46:30,078][INFO][clas_trainer:133] - train epoch: 16 [54368/54672 (99%)], lr: ['1.00e-04', '1.00e-04'], loss: 0.003292
[2023-10-18 00:46:47,404][INFO][clas_trainer:63] - [epoch  16] execution time: 127.26s	metrics:
[2023-10-18 00:46:47,404][INFO][clas_evaluator:99] - dataset: earlystopping, avg f1-score: 0.3354
[2023-10-18 00:46:59,187][INFO][clas_trainer:133] - train epoch: 17 [5408/54672 (10%)], lr: ['1.00e-04', '1.00e-04'], loss: 0.002269
[2023-10-18 00:47:09,937][INFO][clas_trainer:133] - train epoch: 17 [10848/54672 (20%)], lr: ['1.00e-04', '1.00e-04'], loss: 0.038590
[2023-10-18 00:47:20,686][INFO][clas_trainer:133] - train epoch: 17 [16288/54672 (30%)], lr: ['1.00e-04', '1.00e-04'], loss: 0.000716
[2023-10-18 00:47:31,551][INFO][clas_trainer:133] - train epoch: 17 [21728/54672 (40%)], lr: ['1.00e-04', '1.00e-04'], loss: 0.004162
[2023-10-18 00:47:42,301][INFO][clas_trainer:133] - train epoch: 17 [27168/54672 (50%)], lr: ['1.00e-04', '1.00e-04'], loss: 0.000466
[2023-10-18 00:47:53,547][INFO][clas_trainer:133] - train epoch: 17 [32608/54672 (60%)], lr: ['1.00e-04', '1.00e-04'], loss: 0.001981
[2023-10-18 00:48:04,443][INFO][clas_trainer:133] - train epoch: 17 [38048/54672 (70%)], lr: ['1.00e-04', '1.00e-04'], loss: 0.002098
[2023-10-18 00:48:15,617][INFO][clas_trainer:133] - train epoch: 17 [43488/54672 (80%)], lr: ['1.00e-04', '1.00e-04'], loss: 0.000302
[2023-10-18 00:48:26,240][INFO][clas_trainer:133] - train epoch: 17 [48928/54672 (89%)], lr: ['1.00e-04', '1.00e-04'], loss: 0.012479
[2023-10-18 00:48:37,191][INFO][clas_trainer:133] - train epoch: 17 [54368/54672 (99%)], lr: ['1.00e-04', '1.00e-04'], loss: 0.004070
[2023-10-18 00:48:54,547][INFO][clas_trainer:63] - [epoch  17] execution time: 127.14s	metrics:
[2023-10-18 00:48:54,548][INFO][clas_evaluator:99] - dataset: earlystopping, avg f1-score: 0.3525
[2023-10-18 00:49:05,945][INFO][clas_trainer:133] - train epoch: 18 [5408/54672 (10%)], lr: ['1.00e-04', '1.00e-04'], loss: 0.000447
[2023-10-18 00:49:16,940][INFO][clas_trainer:133] - train epoch: 18 [10848/54672 (20%)], lr: ['1.00e-04', '1.00e-04'], loss: 0.000870
[2023-10-18 00:49:28,148][INFO][clas_trainer:133] - train epoch: 18 [16288/54672 (30%)], lr: ['1.00e-04', '1.00e-04'], loss: 0.000863
[2023-10-18 00:49:38,906][INFO][clas_trainer:133] - train epoch: 18 [21728/54672 (40%)], lr: ['1.00e-04', '1.00e-04'], loss: 0.022785
[2023-10-18 00:49:49,678][INFO][clas_trainer:133] - train epoch: 18 [27168/54672 (50%)], lr: ['1.00e-04', '1.00e-04'], loss: 0.001787
[2023-10-18 00:50:00,647][INFO][clas_trainer:133] - train epoch: 18 [32608/54672 (60%)], lr: ['1.00e-04', '1.00e-04'], loss: 0.000278
[2023-10-18 00:50:11,280][INFO][clas_trainer:133] - train epoch: 18 [38048/54672 (70%)], lr: ['1.00e-04', '1.00e-04'], loss: 0.000299
[2023-10-18 00:50:22,038][INFO][clas_trainer:133] - train epoch: 18 [43488/54672 (80%)], lr: ['1.00e-04', '1.00e-04'], loss: 0.000899
[2023-10-18 00:50:33,076][INFO][clas_trainer:133] - train epoch: 18 [48928/54672 (89%)], lr: ['1.00e-04', '1.00e-04'], loss: 0.001738
[2023-10-18 00:50:44,011][INFO][clas_trainer:133] - train epoch: 18 [54368/54672 (99%)], lr: ['1.00e-04', '1.00e-04'], loss: 0.000872
[2023-10-18 00:51:01,376][INFO][clas_trainer:63] - [epoch  18] execution time: 126.83s	metrics:
[2023-10-18 00:51:01,376][INFO][clas_evaluator:99] - dataset: earlystopping, avg f1-score: 0.3546
[2023-10-18 00:51:01,384][INFO][clas_trainer:79] - finished training
[2023-10-18 00:51:01,384][INFO][clas_trainer:80] - best model on epoch: 8 	f1-score: 0.3762
