[2023-10-17 20:05:36,903][INFO][fine-tune:29] - overrides:
hydra:
- hydra.mode=MULTIRUN
task:
- m_seed_path_sids={seeds:[5,5,5,5,5],path:"exp004b-m5-simple_multi_class-2023-10-17_12-41-35-final.pth",subject_ids:{dod_o_h:$\{data.dod_o_h.cv_5_fold.fold_1\}}}
- data.downstream.train_dataloader.dataset.data_reducer.n_epochs=340
- data.downstream.train_dataloader.dataset.data_reducer.n_subjects=1

[2023-10-17 20:05:39,103][INFO][data_loaders:39] - class distribution before data reduction:
# samples per subject
02fb158a-a658-51ee-89cf-1e1dc2ebfde1: 861
03341d0d-5927-5838-8a5f-1b8ef39d8f57: 1063
039ce8ad-a7fa-5272-a3e3-1f4bfebdd087: 915
095d6e40-5f19-55b6-a0ec-6e0ad3793da0: 1192
0d79f4b1-e74f-5e87-8e42-f9dd7112ada5: 968
130f3f52-7d0a-551e-af61-2ee75455e5c9: 989
14c012bd-65b0-56f5-bc74-2dffcea69837: 969
18482adf-1144-54ca-9e35-27f65c43a105: 824
18ede714-aba3-5ad8-bb1a-18fc9b1c4192: 995
1da3544e-dc5c-5795-adc3-f5068959211f: 955
2d01dc34-f36c-562e-b24a-d20dc798fdfc: 837
2e865ca9-e20f-5a6f-bd25-45d28cc9eab9: 950
30e8a05b-4cf1-5aa8-9ef7-28d6e2949ad5: 699
32556393-bb57-560a-99e8-e09885219647: 1106
37d0da97-9ae8-5413-b889-4e843ff35488: 1011
3dd35e7b-d7e2-516d-8a85-e0d58a59569f: 1093
3e842aa8-bcd9-521e-93a2-72124233fe2c: 620
40e25dd4-6087-5747-b9c2-4838ada86b15: 1076
47f45aa2-31c4-595b-bdb6-f1348bba062b: 1032
52fbe46b-206c-584a-9f4f-1eb308e07bac: 1064
5b94ec8a-c34d-5e45-84d1-bec2ea965609: 1090
5ddbc68c-1283-5c27-952b-d7f102291bc2: 1097
64959ac4-53b5-5868-a845-c7476e9fdf7b: 990
67fa8e29-6f4d-530e-9422-bbc3aca86ed0: 1046
6e2aa933-c51c-5a31-8c7b-83da8d076a12: 905
730aba3b-e310-5be0-9eed-7c3123466834: 1120
742f1592-627c-54eb-bbb5-ccd55ffae33a: 975
769df255-2284-50b3-8917-2155c759fbbd: 929
7ab8ff5f-a77f-567d-9882-f8bee0c3c9bf: 989
7f5237b1-2196-5c8a-9543-a5aa70210ef4: 931
83c1394e-9c69-5c11-9102-9ff8d59b1cfd: 1011
90aef91a-252f-5ccc-a82e-78ea7ee9ca1f: 1089
a0c91989-530f-5117-80c1-2488dbed683c: 1017
a25b2296-343b-53f6-8792-ada2669d466e: 1008
a35a118e-e65e-5928-92a9-4354a6a0f4ce: 813
a6254c8a-f1b2-5736-b601-18245dd5e0a5: 1084
a65a9e69-cddf-5711-9a97-de8bfdeb08cc: 961
aa160c78-6da3-5e05-8fc9-d6c13e9f97e0: 1010
aadc9e0c-b7c3-5a47-851d-f21971d10935: 969
ad47bc12-199c-5294-9cb8-4351bbbf7b5e: 893
bb474ab0-c2ce-573b-8acd-ef86b0fa26a2: 1142
c03e27b0-4cb5-584f-aaea-8f1e1ed6513c: 1121
c11c730f-0b6b-580b-af31-d8f0ebbbdfce: 917
c31a47f9-e400-5841-a22b-521c81042603: 986
c8110476-594c-533d-95bd-86147fccc987: 995
c985916d-46a5-5c3e-9d50-a5a91f460bac: 1024
cc3b4b63-4a6f-5f28-ac7e-62f83c271449: 1076
cebd3520-4e77-5222-a614-d2888e6afc2b: 1109
d3cadb78-cb8c-5a6e-885c-392e457c68b1: 982
e59c45e0-0c0c-565f-84a9-6cf0ec5ef6c1: 844
e6b7cbef-4c9d-5541-82e8-04810de0fb60: 819
e72505f1-21be-5d66-b620-cfcfa2d754bc: 973
e8ec8ec4-dc48-50ce-985a-a06d87861030: 975
eb95076c-c470-56a4-b788-ace310f061c6: 965
f2a69bdc-ed51-5e3f-b102-6b3f7d392be0: 960
f66bc75e-778b-5037-af86-b5275cd4c79f: 865

# samples per stage
0: 9494
1: 2905
2: 26876
3: 6416
4: 9208
[2023-10-17 20:05:39,270][INFO][data_loaders:43] - class distribution after data reduction:
# samples per subject
67fa8e29-6f4d-530e-9422-bbc3aca86ed0: 54740

# samples per stage
0: 2898
1: 5957
2: 28497
3: 7245
4: 10143
[2023-10-17 20:05:39,281][INFO][base_pretraining_fe:55] - Loading model from exp004b-m5-simple_multi_class-2023-10-17_12-41-35-final.pth
[2023-10-17 20:05:39,586][INFO][data_loaders:39] - class distribution before data reduction:
# samples per subject
0416d51f-5d69-5326-b74a-a2e31a96a1ef: 822
119f9726-eb4c-5a0e-a7bb-9e15256149a1: 932
25a6b2b0-4d09-561b-82c6-f09bb271d3be: 1063
6a7503ac-ab3a-5d5b-b474-4b0fe37748dd: 1213
a30245e3-4a71-565f-9636-92e7d2e825fc: 1122
a4568951-bf87-5bbc-bc4f-28e93c360be6: 975
b3534fa3-7676-50dc-8412-07f0eff4f7a9: 757
fc10ee0b-b863-511b-bce8-4dfa7af8ac3a: 910

# samples per stage
0: 1108
1: 428
2: 4097
3: 908
4: 1253
[2023-10-17 20:05:39,606][INFO][data_loaders:43] - class distribution after data reduction:
# samples per subject
0416d51f-5d69-5326-b74a-a2e31a96a1ef: 822
119f9726-eb4c-5a0e-a7bb-9e15256149a1: 932
25a6b2b0-4d09-561b-82c6-f09bb271d3be: 1063
6a7503ac-ab3a-5d5b-b474-4b0fe37748dd: 1213
a30245e3-4a71-565f-9636-92e7d2e825fc: 1122
a4568951-bf87-5bbc-bc4f-28e93c360be6: 975
b3534fa3-7676-50dc-8412-07f0eff4f7a9: 757
fc10ee0b-b863-511b-bce8-4dfa7af8ac3a: 910

# samples per stage
0: 1108
1: 428
2: 4097
3: 908
4: 1253
[2023-10-17 20:05:39,614][INFO][clas_trainer:49] - metrics before training (epoch 0):
[2023-10-17 20:05:55,741][INFO][clas_evaluator:99] - dataset: earlystopping, avg f1-score: 0.1694
[2023-10-17 20:06:06,822][INFO][clas_trainer:133] - train epoch: 1 [5440/54740 (10%)], lr: ['1.00e-04', '1.00e-04'], loss: 0.661570
[2023-10-17 20:06:17,619][INFO][clas_trainer:133] - train epoch: 1 [10912/54740 (20%)], lr: ['1.00e-04', '1.00e-04'], loss: 0.442060
[2023-10-17 20:06:28,006][INFO][clas_trainer:133] - train epoch: 1 [16384/54740 (30%)], lr: ['1.00e-04', '1.00e-04'], loss: 0.395701
[2023-10-17 20:06:38,827][INFO][clas_trainer:133] - train epoch: 1 [21856/54740 (40%)], lr: ['1.00e-04', '1.00e-04'], loss: 0.152915
[2023-10-17 20:06:49,547][INFO][clas_trainer:133] - train epoch: 1 [27328/54740 (50%)], lr: ['1.00e-04', '1.00e-04'], loss: 0.174650
[2023-10-17 20:07:00,027][INFO][clas_trainer:133] - train epoch: 1 [32800/54740 (60%)], lr: ['1.00e-04', '1.00e-04'], loss: 0.211724
[2023-10-17 20:07:10,530][INFO][clas_trainer:133] - train epoch: 1 [38272/54740 (70%)], lr: ['1.00e-04', '1.00e-04'], loss: 0.187118
[2023-10-17 20:07:21,493][INFO][clas_trainer:133] - train epoch: 1 [43744/54740 (80%)], lr: ['1.00e-04', '1.00e-04'], loss: 0.043522
[2023-10-17 20:07:32,251][INFO][clas_trainer:133] - train epoch: 1 [49216/54740 (90%)], lr: ['1.00e-04', '1.00e-04'], loss: 0.021611
[2023-10-17 20:07:43,097][INFO][clas_trainer:133] - train epoch: 1 [54688/54740 (100%)], lr: ['1.00e-04', '1.00e-04'], loss: 0.012941
[2023-10-17 20:07:59,998][INFO][clas_trainer:63] - [epoch   1] execution time: 124.26s	metrics:
[2023-10-17 20:07:59,999][INFO][clas_evaluator:99] - dataset: earlystopping, avg f1-score: 0.5999
[2023-10-17 20:08:00,055][INFO][base_model:51] - snapshot saved to XXX/frequency-pretraining/models/exp004c-m140-base_fe_clas-2023-10-17_13-14-37-final.pth
[2023-10-17 20:08:11,133][INFO][clas_trainer:133] - train epoch: 2 [5440/54740 (10%)], lr: ['1.00e-04', '1.00e-04'], loss: 0.014529
[2023-10-17 20:08:21,791][INFO][clas_trainer:133] - train epoch: 2 [10912/54740 (20%)], lr: ['1.00e-04', '1.00e-04'], loss: 0.001702
[2023-10-17 20:08:32,474][INFO][clas_trainer:133] - train epoch: 2 [16384/54740 (30%)], lr: ['1.00e-04', '1.00e-04'], loss: 0.004778
[2023-10-17 20:08:43,007][INFO][clas_trainer:133] - train epoch: 2 [21856/54740 (40%)], lr: ['1.00e-04', '1.00e-04'], loss: 0.001885
[2023-10-17 20:08:53,360][INFO][clas_trainer:133] - train epoch: 2 [27328/54740 (50%)], lr: ['1.00e-04', '1.00e-04'], loss: 0.000597
[2023-10-17 20:09:04,062][INFO][clas_trainer:133] - train epoch: 2 [32800/54740 (60%)], lr: ['1.00e-04', '1.00e-04'], loss: 0.028403
[2023-10-17 20:09:14,727][INFO][clas_trainer:133] - train epoch: 2 [38272/54740 (70%)], lr: ['1.00e-04', '1.00e-04'], loss: 0.010004
[2023-10-17 20:09:25,058][INFO][clas_trainer:133] - train epoch: 2 [43744/54740 (80%)], lr: ['1.00e-04', '1.00e-04'], loss: 0.010584
[2023-10-17 20:09:35,973][INFO][clas_trainer:133] - train epoch: 2 [49216/54740 (90%)], lr: ['1.00e-04', '1.00e-04'], loss: 0.108736
[2023-10-17 20:09:46,548][INFO][clas_trainer:133] - train epoch: 2 [54688/54740 (100%)], lr: ['1.00e-04', '1.00e-04'], loss: 0.001109
[2023-10-17 20:10:03,184][INFO][clas_trainer:63] - [epoch   2] execution time: 123.13s	metrics:
[2023-10-17 20:10:03,185][INFO][clas_evaluator:99] - dataset: earlystopping, avg f1-score: 0.5829
[2023-10-17 20:10:14,194][INFO][clas_trainer:133] - train epoch: 3 [5440/54740 (10%)], lr: ['1.00e-04', '1.00e-04'], loss: 0.000468
[2023-10-17 20:10:24,955][INFO][clas_trainer:133] - train epoch: 3 [10912/54740 (20%)], lr: ['1.00e-04', '1.00e-04'], loss: 0.002445
[2023-10-17 20:10:35,464][INFO][clas_trainer:133] - train epoch: 3 [16384/54740 (30%)], lr: ['1.00e-04', '1.00e-04'], loss: 0.003605
[2023-10-17 20:10:46,093][INFO][clas_trainer:133] - train epoch: 3 [21856/54740 (40%)], lr: ['1.00e-04', '1.00e-04'], loss: 0.000335
[2023-10-17 20:10:56,655][INFO][clas_trainer:133] - train epoch: 3 [27328/54740 (50%)], lr: ['1.00e-04', '1.00e-04'], loss: 0.116930
[2023-10-17 20:11:07,317][INFO][clas_trainer:133] - train epoch: 3 [32800/54740 (60%)], lr: ['1.00e-04', '1.00e-04'], loss: 0.002659
[2023-10-17 20:11:18,148][INFO][clas_trainer:133] - train epoch: 3 [38272/54740 (70%)], lr: ['1.00e-04', '1.00e-04'], loss: 0.061304
[2023-10-17 20:11:28,760][INFO][clas_trainer:133] - train epoch: 3 [43744/54740 (80%)], lr: ['1.00e-04', '1.00e-04'], loss: 0.002172
[2023-10-17 20:11:39,578][INFO][clas_trainer:133] - train epoch: 3 [49216/54740 (90%)], lr: ['1.00e-04', '1.00e-04'], loss: 0.010900
[2023-10-17 20:11:50,229][INFO][clas_trainer:133] - train epoch: 3 [54688/54740 (100%)], lr: ['1.00e-04', '1.00e-04'], loss: 0.020826
[2023-10-17 20:12:07,402][INFO][clas_trainer:63] - [epoch   3] execution time: 124.22s	metrics:
[2023-10-17 20:12:07,403][INFO][clas_evaluator:99] - dataset: earlystopping, avg f1-score: 0.5884
[2023-10-17 20:12:18,578][INFO][clas_trainer:133] - train epoch: 4 [5440/54740 (10%)], lr: ['1.00e-04', '1.00e-04'], loss: 0.000439
[2023-10-17 20:12:29,331][INFO][clas_trainer:133] - train epoch: 4 [10912/54740 (20%)], lr: ['1.00e-04', '1.00e-04'], loss: 0.002263
[2023-10-17 20:12:39,923][INFO][clas_trainer:133] - train epoch: 4 [16384/54740 (30%)], lr: ['1.00e-04', '1.00e-04'], loss: 0.000282
[2023-10-17 20:12:50,422][INFO][clas_trainer:133] - train epoch: 4 [21856/54740 (40%)], lr: ['1.00e-04', '1.00e-04'], loss: 0.000593
[2023-10-17 20:13:01,125][INFO][clas_trainer:133] - train epoch: 4 [27328/54740 (50%)], lr: ['1.00e-04', '1.00e-04'], loss: 0.000159
[2023-10-17 20:13:11,801][INFO][clas_trainer:133] - train epoch: 4 [32800/54740 (60%)], lr: ['1.00e-04', '1.00e-04'], loss: 0.092800
[2023-10-17 20:13:22,310][INFO][clas_trainer:133] - train epoch: 4 [38272/54740 (70%)], lr: ['1.00e-04', '1.00e-04'], loss: 0.000238
[2023-10-17 20:13:33,111][INFO][clas_trainer:133] - train epoch: 4 [43744/54740 (80%)], lr: ['1.00e-04', '1.00e-04'], loss: 0.001677
[2023-10-17 20:13:43,947][INFO][clas_trainer:133] - train epoch: 4 [49216/54740 (90%)], lr: ['1.00e-04', '1.00e-04'], loss: 0.000178
[2023-10-17 20:13:54,355][INFO][clas_trainer:133] - train epoch: 4 [54688/54740 (100%)], lr: ['1.00e-04', '1.00e-04'], loss: 0.028060
[2023-10-17 20:14:10,966][INFO][clas_trainer:63] - [epoch   4] execution time: 123.56s	metrics:
[2023-10-17 20:14:10,966][INFO][clas_evaluator:99] - dataset: earlystopping, avg f1-score: 0.5685
[2023-10-17 20:14:22,053][INFO][clas_trainer:133] - train epoch: 5 [5440/54740 (10%)], lr: ['1.00e-04', '1.00e-04'], loss: 0.000344
[2023-10-17 20:14:32,777][INFO][clas_trainer:133] - train epoch: 5 [10912/54740 (20%)], lr: ['1.00e-04', '1.00e-04'], loss: 0.018424
[2023-10-17 20:14:43,366][INFO][clas_trainer:133] - train epoch: 5 [16384/54740 (30%)], lr: ['1.00e-04', '1.00e-04'], loss: 0.000814
[2023-10-17 20:14:53,993][INFO][clas_trainer:133] - train epoch: 5 [21856/54740 (40%)], lr: ['1.00e-04', '1.00e-04'], loss: 0.003814
[2023-10-17 20:15:04,661][INFO][clas_trainer:133] - train epoch: 5 [27328/54740 (50%)], lr: ['1.00e-04', '1.00e-04'], loss: 0.000061
[2023-10-17 20:15:15,348][INFO][clas_trainer:133] - train epoch: 5 [32800/54740 (60%)], lr: ['1.00e-04', '1.00e-04'], loss: 0.000291
[2023-10-17 20:15:25,621][INFO][clas_trainer:133] - train epoch: 5 [38272/54740 (70%)], lr: ['1.00e-04', '1.00e-04'], loss: 0.000725
[2023-10-17 20:15:36,483][INFO][clas_trainer:133] - train epoch: 5 [43744/54740 (80%)], lr: ['1.00e-04', '1.00e-04'], loss: 0.000058
[2023-10-17 20:15:46,977][INFO][clas_trainer:133] - train epoch: 5 [49216/54740 (90%)], lr: ['1.00e-04', '1.00e-04'], loss: 0.000014
[2023-10-17 20:15:57,435][INFO][clas_trainer:133] - train epoch: 5 [54688/54740 (100%)], lr: ['1.00e-04', '1.00e-04'], loss: 0.000849
[2023-10-17 20:16:14,281][INFO][clas_trainer:63] - [epoch   5] execution time: 123.32s	metrics:
[2023-10-17 20:16:14,281][INFO][clas_evaluator:99] - dataset: earlystopping, avg f1-score: 0.5314
[2023-10-17 20:16:25,371][INFO][clas_trainer:133] - train epoch: 6 [5440/54740 (10%)], lr: ['1.00e-04', '1.00e-04'], loss: 0.000862
[2023-10-17 20:16:35,707][INFO][clas_trainer:133] - train epoch: 6 [10912/54740 (20%)], lr: ['1.00e-04', '1.00e-04'], loss: 0.000439
[2023-10-17 20:16:46,438][INFO][clas_trainer:133] - train epoch: 6 [16384/54740 (30%)], lr: ['1.00e-04', '1.00e-04'], loss: 0.000030
[2023-10-17 20:16:56,976][INFO][clas_trainer:133] - train epoch: 6 [21856/54740 (40%)], lr: ['1.00e-04', '1.00e-04'], loss: 0.000444
[2023-10-17 20:17:07,380][INFO][clas_trainer:133] - train epoch: 6 [27328/54740 (50%)], lr: ['1.00e-04', '1.00e-04'], loss: 0.037684
[2023-10-17 20:17:18,056][INFO][clas_trainer:133] - train epoch: 6 [32800/54740 (60%)], lr: ['1.00e-04', '1.00e-04'], loss: 0.000196
[2023-10-17 20:17:28,475][INFO][clas_trainer:133] - train epoch: 6 [38272/54740 (70%)], lr: ['1.00e-04', '1.00e-04'], loss: 0.000179
[2023-10-17 20:17:39,138][INFO][clas_trainer:133] - train epoch: 6 [43744/54740 (80%)], lr: ['1.00e-04', '1.00e-04'], loss: 0.000108
[2023-10-17 20:17:49,751][INFO][clas_trainer:133] - train epoch: 6 [49216/54740 (90%)], lr: ['1.00e-04', '1.00e-04'], loss: 0.003937
[2023-10-17 20:18:00,380][INFO][clas_trainer:133] - train epoch: 6 [54688/54740 (100%)], lr: ['1.00e-04', '1.00e-04'], loss: 0.000989
[2023-10-17 20:18:16,976][INFO][clas_trainer:63] - [epoch   6] execution time: 122.69s	metrics:
[2023-10-17 20:18:16,976][INFO][clas_evaluator:99] - dataset: earlystopping, avg f1-score: 0.4752
[2023-10-17 20:18:28,453][INFO][clas_trainer:133] - train epoch: 7 [5440/54740 (10%)], lr: ['1.00e-04', '1.00e-04'], loss: 0.000684
[2023-10-17 20:18:38,847][INFO][clas_trainer:133] - train epoch: 7 [10912/54740 (20%)], lr: ['1.00e-04', '1.00e-04'], loss: 0.002017
[2023-10-17 20:18:49,425][INFO][clas_trainer:133] - train epoch: 7 [16384/54740 (30%)], lr: ['1.00e-04', '1.00e-04'], loss: 0.000105
[2023-10-17 20:18:59,989][INFO][clas_trainer:133] - train epoch: 7 [21856/54740 (40%)], lr: ['1.00e-04', '1.00e-04'], loss: 0.001063
[2023-10-17 20:19:10,556][INFO][clas_trainer:133] - train epoch: 7 [27328/54740 (50%)], lr: ['1.00e-04', '1.00e-04'], loss: 0.000138
[2023-10-17 20:19:20,899][INFO][clas_trainer:133] - train epoch: 7 [32800/54740 (60%)], lr: ['1.00e-04', '1.00e-04'], loss: 0.000786
[2023-10-17 20:19:31,618][INFO][clas_trainer:133] - train epoch: 7 [38272/54740 (70%)], lr: ['1.00e-04', '1.00e-04'], loss: 0.066479
[2023-10-17 20:19:42,482][INFO][clas_trainer:133] - train epoch: 7 [43744/54740 (80%)], lr: ['1.00e-04', '1.00e-04'], loss: 0.001583
[2023-10-17 20:19:52,894][INFO][clas_trainer:133] - train epoch: 7 [49216/54740 (90%)], lr: ['1.00e-04', '1.00e-04'], loss: 0.021637
[2023-10-17 20:20:03,577][INFO][clas_trainer:133] - train epoch: 7 [54688/54740 (100%)], lr: ['1.00e-04', '1.00e-04'], loss: 0.003004
[2023-10-17 20:20:20,423][INFO][clas_trainer:63] - [epoch   7] execution time: 123.45s	metrics:
[2023-10-17 20:20:20,423][INFO][clas_evaluator:99] - dataset: earlystopping, avg f1-score: 0.5007
[2023-10-17 20:20:31,404][INFO][clas_trainer:133] - train epoch: 8 [5440/54740 (10%)], lr: ['1.00e-04', '1.00e-04'], loss: 0.000325
[2023-10-17 20:20:41,951][INFO][clas_trainer:133] - train epoch: 8 [10912/54740 (20%)], lr: ['1.00e-04', '1.00e-04'], loss: 0.005223
[2023-10-17 20:20:52,369][INFO][clas_trainer:133] - train epoch: 8 [16384/54740 (30%)], lr: ['1.00e-04', '1.00e-04'], loss: 0.001992
[2023-10-17 20:21:02,719][INFO][clas_trainer:133] - train epoch: 8 [21856/54740 (40%)], lr: ['1.00e-04', '1.00e-04'], loss: 0.000647
[2023-10-17 20:21:13,460][INFO][clas_trainer:133] - train epoch: 8 [27328/54740 (50%)], lr: ['1.00e-04', '1.00e-04'], loss: 0.000130
[2023-10-17 20:21:23,630][INFO][clas_trainer:133] - train epoch: 8 [32800/54740 (60%)], lr: ['1.00e-04', '1.00e-04'], loss: 0.007505
[2023-10-17 20:21:34,366][INFO][clas_trainer:133] - train epoch: 8 [38272/54740 (70%)], lr: ['1.00e-04', '1.00e-04'], loss: 0.000311
[2023-10-17 20:21:45,074][INFO][clas_trainer:133] - train epoch: 8 [43744/54740 (80%)], lr: ['1.00e-04', '1.00e-04'], loss: 0.001639
[2023-10-17 20:21:55,831][INFO][clas_trainer:133] - train epoch: 8 [49216/54740 (90%)], lr: ['1.00e-04', '1.00e-04'], loss: 0.002501
[2023-10-17 20:22:06,253][INFO][clas_trainer:133] - train epoch: 8 [54688/54740 (100%)], lr: ['1.00e-04', '1.00e-04'], loss: 0.003764
[2023-10-17 20:22:23,072][INFO][clas_trainer:63] - [epoch   8] execution time: 122.65s	metrics:
[2023-10-17 20:22:23,072][INFO][clas_evaluator:99] - dataset: earlystopping, avg f1-score: 0.5034
[2023-10-17 20:22:33,979][INFO][clas_trainer:133] - train epoch: 9 [5440/54740 (10%)], lr: ['1.00e-04', '1.00e-04'], loss: 0.001943
[2023-10-17 20:22:44,570][INFO][clas_trainer:133] - train epoch: 9 [10912/54740 (20%)], lr: ['1.00e-04', '1.00e-04'], loss: 0.012110
[2023-10-17 20:22:55,377][INFO][clas_trainer:133] - train epoch: 9 [16384/54740 (30%)], lr: ['1.00e-04', '1.00e-04'], loss: 0.000835
[2023-10-17 20:23:05,816][INFO][clas_trainer:133] - train epoch: 9 [21856/54740 (40%)], lr: ['1.00e-04', '1.00e-04'], loss: 0.002719
[2023-10-17 20:23:16,386][INFO][clas_trainer:133] - train epoch: 9 [27328/54740 (50%)], lr: ['1.00e-04', '1.00e-04'], loss: 0.000094
[2023-10-17 20:23:26,881][INFO][clas_trainer:133] - train epoch: 9 [32800/54740 (60%)], lr: ['1.00e-04', '1.00e-04'], loss: 0.003293
[2023-10-17 20:23:37,580][INFO][clas_trainer:133] - train epoch: 9 [38272/54740 (70%)], lr: ['1.00e-04', '1.00e-04'], loss: 0.000454
[2023-10-17 20:23:48,258][INFO][clas_trainer:133] - train epoch: 9 [43744/54740 (80%)], lr: ['1.00e-04', '1.00e-04'], loss: 0.000458
[2023-10-17 20:23:58,971][INFO][clas_trainer:133] - train epoch: 9 [49216/54740 (90%)], lr: ['1.00e-04', '1.00e-04'], loss: 0.000248
[2023-10-17 20:24:09,459][INFO][clas_trainer:133] - train epoch: 9 [54688/54740 (100%)], lr: ['1.00e-04', '1.00e-04'], loss: 0.000076
[2023-10-17 20:24:25,799][INFO][clas_trainer:63] - [epoch   9] execution time: 122.73s	metrics:
[2023-10-17 20:24:25,800][INFO][clas_evaluator:99] - dataset: earlystopping, avg f1-score: 0.5036
[2023-10-17 20:24:36,887][INFO][clas_trainer:133] - train epoch: 10 [5440/54740 (10%)], lr: ['1.00e-04', '1.00e-04'], loss: 0.001175
[2023-10-17 20:24:47,740][INFO][clas_trainer:133] - train epoch: 10 [10912/54740 (20%)], lr: ['1.00e-04', '1.00e-04'], loss: 0.000667
[2023-10-17 20:24:58,181][INFO][clas_trainer:133] - train epoch: 10 [16384/54740 (30%)], lr: ['1.00e-04', '1.00e-04'], loss: 0.000375
[2023-10-17 20:25:08,909][INFO][clas_trainer:133] - train epoch: 10 [21856/54740 (40%)], lr: ['1.00e-04', '1.00e-04'], loss: 0.001984
[2023-10-17 20:25:19,785][INFO][clas_trainer:133] - train epoch: 10 [27328/54740 (50%)], lr: ['1.00e-04', '1.00e-04'], loss: 0.000786
[2023-10-17 20:25:30,326][INFO][clas_trainer:133] - train epoch: 10 [32800/54740 (60%)], lr: ['1.00e-04', '1.00e-04'], loss: 0.001298
[2023-10-17 20:25:41,211][INFO][clas_trainer:133] - train epoch: 10 [38272/54740 (70%)], lr: ['1.00e-04', '1.00e-04'], loss: 0.001805
[2023-10-17 20:25:51,896][INFO][clas_trainer:133] - train epoch: 10 [43744/54740 (80%)], lr: ['1.00e-04', '1.00e-04'], loss: 0.000582
[2023-10-17 20:26:02,343][INFO][clas_trainer:133] - train epoch: 10 [49216/54740 (90%)], lr: ['1.00e-04', '1.00e-04'], loss: 0.028949
[2023-10-17 20:26:13,171][INFO][clas_trainer:133] - train epoch: 10 [54688/54740 (100%)], lr: ['1.00e-04', '1.00e-04'], loss: 0.001021
[2023-10-17 20:26:29,851][INFO][clas_trainer:63] - [epoch  10] execution time: 124.05s	metrics:
[2023-10-17 20:26:29,851][INFO][clas_evaluator:99] - dataset: earlystopping, avg f1-score: 0.5022
[2023-10-17 20:26:41,061][INFO][clas_trainer:133] - train epoch: 11 [5440/54740 (10%)], lr: ['1.00e-04', '1.00e-04'], loss: 0.002339
[2023-10-17 20:26:51,958][INFO][clas_trainer:133] - train epoch: 11 [10912/54740 (20%)], lr: ['1.00e-04', '1.00e-04'], loss: 0.000205
[2023-10-17 20:27:02,574][INFO][clas_trainer:133] - train epoch: 11 [16384/54740 (30%)], lr: ['1.00e-04', '1.00e-04'], loss: 0.001131
[2023-10-17 20:27:12,964][INFO][clas_trainer:133] - train epoch: 11 [21856/54740 (40%)], lr: ['1.00e-04', '1.00e-04'], loss: 0.000469
[2023-10-17 20:27:23,686][INFO][clas_trainer:133] - train epoch: 11 [27328/54740 (50%)], lr: ['1.00e-04', '1.00e-04'], loss: 0.000669
[2023-10-17 20:27:34,221][INFO][clas_trainer:133] - train epoch: 11 [32800/54740 (60%)], lr: ['1.00e-04', '1.00e-04'], loss: 0.001987
[2023-10-17 20:27:44,516][INFO][clas_trainer:133] - train epoch: 11 [38272/54740 (70%)], lr: ['1.00e-04', '1.00e-04'], loss: 0.002794
[2023-10-17 20:27:55,220][INFO][clas_trainer:133] - train epoch: 11 [43744/54740 (80%)], lr: ['1.00e-04', '1.00e-04'], loss: 0.000148
[2023-10-17 20:28:05,730][INFO][clas_trainer:133] - train epoch: 11 [49216/54740 (90%)], lr: ['1.00e-04', '1.00e-04'], loss: 0.000802
[2023-10-17 20:28:16,348][INFO][clas_trainer:133] - train epoch: 11 [54688/54740 (100%)], lr: ['1.00e-04', '1.00e-04'], loss: 0.013009
[2023-10-17 20:28:33,421][INFO][clas_trainer:63] - [epoch  11] execution time: 123.57s	metrics:
[2023-10-17 20:28:33,421][INFO][clas_evaluator:99] - dataset: earlystopping, avg f1-score: 0.4220
[2023-10-17 20:28:33,427][INFO][clas_trainer:79] - finished training
[2023-10-17 20:28:33,427][INFO][clas_trainer:80] - best model on epoch: 1 	f1-score: 0.5999
