[2024-10-04 21:01:29,239][INFO][fine-tune:25] - Using GPU 2
[2024-10-04 21:01:29,242][INFO][fine-tune:35] - overrides:
hydra:
- hydra.launcher.n_jobs=40
- hydra.mode=MULTIRUN
task:
- m_seed_path_sids={seeds:[13,13,13,13,13],path:"exp005b-m13-simple_multi_class-2024-09-20_13-57-42-final.pth",subject_ids:{sleepedfx:$\{data.sleepedfx.cv_5_fold.fold_4\}}}
- data.downstream.train_dataloader.dataset.data_reducer.n_epochs=50
- data.downstream.train_dataloader.dataset.data_reducer.n_subjects=1
- general.gpus=[0,1,2,3]

[2024-10-04 21:01:37,168][INFO][data_loaders:39] - class distribution before data reduction:
# samples per subject
SC4001E0: 841
SC4002E0: 1127
SC4011E0: 1103
SC4012E0: 1186
SC4031E0: 952
SC4032E0: 911
SC4051E0: 672
SC4052E0: 1246
SC4061E0: 843
SC4062E0: 1016
SC4081E0: 1134
SC4082E0: 1054
SC4091E0: 1132
SC4092E0: 1105
SC4101E0: 1104
SC4102E0: 1092
SC4121E0: 1052
SC4122E0: 977
SC4131E0: 1028
SC4141E0: 1004
SC4142E0: 952
SC4151E0: 952
SC4152E0: 1762
SC4171E0: 1002
SC4172E0: 1773
SC4201E0: 1022
SC4202E0: 1021
SC4211E0: 1578
SC4212E0: 808
SC4221E0: 1099
SC4222E0: 1108
SC4231E0: 904
SC4232E0: 1729
SC4241E0: 1673
SC4242E0: 1775
SC4261F0: 1597
SC4262F0: 980
SC4271F0: 1052
SC4272F0: 1090
SC4281G0: 1127
SC4282G0: 1070
SC4301E0: 929
SC4302E0: 854
SC4311E0: 1054
SC4312E0: 1181
SC4321E0: 1560
SC4322E0: 1021
SC4341F0: 1501
SC4342F0: 1582
SC4351F0: 976
SC4352F0: 963
SC4362F0: 824
SC4371F0: 918
SC4372F0: 1509
SC4411E0: 1078
SC4412E0: 924
SC4431E0: 699
SC4432E0: 962
SC4441E0: 1195
SC4442E0: 1092
SC4451F0: 1208
SC4452F0: 1166
SC4471F0: 1187
SC4472F0: 2161
SC4481F0: 2027
SC4482F0: 1910
SC4491G0: 1101
SC4492G0: 1040
SC4501E0: 1326
SC4502E0: 1103
SC4511E0: 1087
SC4512E0: 954
SC4522E0: 997
SC4531E0: 1096
SC4532E0: 1056
SC4541F0: 1716
SC4542F0: 1148
SC4551F0: 1047
SC4552F0: 1090
SC4561F0: 1237
SC4562F0: 1148
SC4571F0: 1236
SC4572F0: 1095
SC4591G0: 1840
SC4592G0: 1231
SC4601E0: 1349
SC4602E0: 2043
SC4621E0: 1445
SC4622E0: 1823
SC4641E0: 1271
SC4642E0: 2049
SC4651E0: 2644
SC4652E0: 1929
SC4671G0: 1968
SC4672G0: 1021
SC4701E0: 1717
SC4702E0: 1515
SC4721E0: 1031
SC4722E0: 1130
SC4731E0: 2667
SC4732E0: 2318
SC4741E0: 2210
SC4742E0: 1063
SC4751E0: 2044
SC4752E0: 1049
SC4771G0: 1325
SC4772G0: 1324

# samples per stage
0: 46617
1: 15524
2: 47730
3: 9204
4: 17542
[2024-10-04 21:01:38,103][INFO][data_loaders:43] - class distribution after data reduction:
# samples per subject
SC4062E0: 136600

# samples per stage
0: 27320
1: 10928
2: 57372
3: 21856
4: 19124
[2024-10-04 21:01:38,124][INFO][base_pretraining_fe:55] - Loading model from exp005b-m13-simple_multi_class-2024-09-20_13-57-42-final.pth
[2024-10-04 21:01:39,050][INFO][data_loaders:39] - class distribution before data reduction:
# samples per subject
SC4021E0: 1025
SC4022E0: 1009
SC4111E0: 928
SC4112E0: 802
SC4291G0: 1131
SC4292G0: 1605
SC4331F0: 1888
SC4332F0: 1312
SC4401E0: 1064
SC4402E0: 1072
SC4461F0: 983
SC4462F0: 1022
SC4761E0: 1683
SC4762E0: 2662
SC4811G0: 1293
SC4812G0: 1183

# samples per stage
0: 7660
1: 1927
2: 7106
3: 1128
4: 2841
[2024-10-04 21:01:39,329][INFO][data_loaders:43] - class distribution after data reduction:
# samples per subject
SC4021E0: 1025
SC4022E0: 1009
SC4111E0: 928
SC4112E0: 802
SC4291G0: 1131
SC4292G0: 1605
SC4331F0: 1888
SC4332F0: 1312
SC4401E0: 1064
SC4402E0: 1072
SC4461F0: 983
SC4462F0: 1022
SC4761E0: 1683
SC4762E0: 2662
SC4811G0: 1293
SC4812G0: 1183

# samples per stage
0: 7660
1: 1927
2: 7106
3: 1128
4: 2841
[2024-10-04 21:01:39,348][INFO][clas_trainer:49] - metrics before training (epoch 0):
[2024-10-04 21:02:40,956][INFO][clas_evaluator:132] - dataset: earlystopping, avg f1-score: 0.1475
[2024-10-04 21:03:21,865][INFO][clas_trainer:133] - train epoch: 1 [13600/136600 (10%)], lr: ['1.00e-04', '1.00e-04'], loss: 0.005416
[2024-10-04 21:04:03,368][INFO][clas_trainer:133] - train epoch: 1 [27232/136600 (20%)], lr: ['1.00e-04', '1.00e-04'], loss: 0.001001
[2024-10-04 21:04:42,411][INFO][clas_trainer:133] - train epoch: 1 [40864/136600 (30%)], lr: ['1.00e-04', '1.00e-04'], loss: 0.000272
[2024-10-04 21:05:21,395][INFO][clas_trainer:133] - train epoch: 1 [54496/136600 (40%)], lr: ['1.00e-04', '1.00e-04'], loss: 0.000107
[2024-10-04 21:06:01,107][INFO][clas_trainer:133] - train epoch: 1 [68128/136600 (50%)], lr: ['1.00e-04', '1.00e-04'], loss: 0.000158
[2024-10-04 21:06:40,856][INFO][clas_trainer:133] - train epoch: 1 [81760/136600 (60%)], lr: ['1.00e-04', '1.00e-04'], loss: 0.000006
[2024-10-04 21:07:20,676][INFO][clas_trainer:133] - train epoch: 1 [95392/136600 (70%)], lr: ['1.00e-04', '1.00e-04'], loss: 0.000010
[2024-10-04 21:08:00,524][INFO][clas_trainer:133] - train epoch: 1 [109024/136600 (80%)], lr: ['1.00e-04', '1.00e-04'], loss: 0.000006
[2024-10-04 21:08:39,099][INFO][clas_trainer:133] - train epoch: 1 [122656/136600 (90%)], lr: ['1.00e-04', '1.00e-04'], loss: 0.000037
[2024-10-04 21:09:17,772][INFO][clas_trainer:133] - train epoch: 1 [136288/136600 (100%)], lr: ['1.00e-04', '1.00e-04'], loss: 0.000005
[2024-10-04 21:10:20,971][INFO][clas_trainer:63] - [epoch   1] execution time: 460.01s	metrics:
[2024-10-04 21:10:20,972][INFO][clas_evaluator:132] - dataset: earlystopping, avg f1-score: 0.5648
[2024-10-04 21:10:21,011][INFO][base_model:51] - snapshot saved to XXX/frequency-pretraining/models/exp005c-m330-base_fe_clas-2024-10-04_03-09-39-final.pth
[2024-10-04 21:11:02,146][INFO][clas_trainer:133] - train epoch: 2 [13600/136600 (10%)], lr: ['1.00e-04', '1.00e-04'], loss: 0.000013
[2024-10-04 21:11:39,820][INFO][clas_trainer:133] - train epoch: 2 [27232/136600 (20%)], lr: ['1.00e-04', '1.00e-04'], loss: 0.000043
[2024-10-04 21:12:18,814][INFO][clas_trainer:133] - train epoch: 2 [40864/136600 (30%)], lr: ['1.00e-04', '1.00e-04'], loss: 0.000123
[2024-10-04 21:12:58,569][INFO][clas_trainer:133] - train epoch: 2 [54496/136600 (40%)], lr: ['1.00e-04', '1.00e-04'], loss: 0.000007
[2024-10-04 21:13:39,146][INFO][clas_trainer:133] - train epoch: 2 [68128/136600 (50%)], lr: ['1.00e-04', '1.00e-04'], loss: 0.000149
[2024-10-04 21:14:19,040][INFO][clas_trainer:133] - train epoch: 2 [81760/136600 (60%)], lr: ['1.00e-04', '1.00e-04'], loss: 0.000116
[2024-10-04 21:14:58,811][INFO][clas_trainer:133] - train epoch: 2 [95392/136600 (70%)], lr: ['1.00e-04', '1.00e-04'], loss: 0.000035
[2024-10-04 21:15:39,748][INFO][clas_trainer:133] - train epoch: 2 [109024/136600 (80%)], lr: ['1.00e-04', '1.00e-04'], loss: 0.000208
[2024-10-04 21:16:19,500][INFO][clas_trainer:133] - train epoch: 2 [122656/136600 (90%)], lr: ['1.00e-04', '1.00e-04'], loss: 0.000023
[2024-10-04 21:16:58,388][INFO][clas_trainer:133] - train epoch: 2 [136288/136600 (100%)], lr: ['1.00e-04', '1.00e-04'], loss: 0.000058
[2024-10-04 21:18:02,275][INFO][clas_trainer:63] - [epoch   2] execution time: 461.26s	metrics:
[2024-10-04 21:18:02,277][INFO][clas_evaluator:132] - dataset: earlystopping, avg f1-score: 0.5748
[2024-10-04 21:18:02,317][INFO][base_model:51] - snapshot saved to XXX/frequency-pretraining/models/exp005c-m330-base_fe_clas-2024-10-04_03-09-39-final.pth
[2024-10-04 21:18:43,443][INFO][clas_trainer:133] - train epoch: 3 [13600/136600 (10%)], lr: ['1.00e-04', '1.00e-04'], loss: 0.000048
[2024-10-04 21:19:23,159][INFO][clas_trainer:133] - train epoch: 3 [27232/136600 (20%)], lr: ['1.00e-04', '1.00e-04'], loss: 0.000106
[2024-10-04 21:20:01,959][INFO][clas_trainer:133] - train epoch: 3 [40864/136600 (30%)], lr: ['1.00e-04', '1.00e-04'], loss: 0.000227
[2024-10-04 21:20:42,943][INFO][clas_trainer:133] - train epoch: 3 [54496/136600 (40%)], lr: ['1.00e-04', '1.00e-04'], loss: 0.000245
[2024-10-04 21:21:22,834][INFO][clas_trainer:133] - train epoch: 3 [68128/136600 (50%)], lr: ['1.00e-04', '1.00e-04'], loss: 0.007869
[2024-10-04 21:22:00,822][INFO][clas_trainer:133] - train epoch: 3 [81760/136600 (60%)], lr: ['1.00e-04', '1.00e-04'], loss: 0.000370
[2024-10-04 21:22:38,535][INFO][clas_trainer:133] - train epoch: 3 [95392/136600 (70%)], lr: ['1.00e-04', '1.00e-04'], loss: 0.000096
[2024-10-04 21:23:17,820][INFO][clas_trainer:133] - train epoch: 3 [109024/136600 (80%)], lr: ['1.00e-04', '1.00e-04'], loss: 0.000201
[2024-10-04 21:23:57,604][INFO][clas_trainer:133] - train epoch: 3 [122656/136600 (90%)], lr: ['1.00e-04', '1.00e-04'], loss: 0.000085
[2024-10-04 21:24:36,062][INFO][clas_trainer:133] - train epoch: 3 [136288/136600 (100%)], lr: ['1.00e-04', '1.00e-04'], loss: 0.000219
[2024-10-04 21:25:35,740][INFO][clas_trainer:63] - [epoch   3] execution time: 453.42s	metrics:
[2024-10-04 21:25:35,741][INFO][clas_evaluator:132] - dataset: earlystopping, avg f1-score: 0.5640
[2024-10-04 21:26:15,111][INFO][clas_trainer:133] - train epoch: 4 [13600/136600 (10%)], lr: ['1.00e-04', '1.00e-04'], loss: 0.000236
[2024-10-04 21:26:54,536][INFO][clas_trainer:133] - train epoch: 4 [27232/136600 (20%)], lr: ['1.00e-04', '1.00e-04'], loss: 0.000202
[2024-10-04 21:27:32,556][INFO][clas_trainer:133] - train epoch: 4 [40864/136600 (30%)], lr: ['1.00e-04', '1.00e-04'], loss: 0.000710
[2024-10-04 21:28:12,630][INFO][clas_trainer:133] - train epoch: 4 [54496/136600 (40%)], lr: ['1.00e-04', '1.00e-04'], loss: 0.000392
[2024-10-04 21:28:51,766][INFO][clas_trainer:133] - train epoch: 4 [68128/136600 (50%)], lr: ['1.00e-04', '1.00e-04'], loss: 0.000362
[2024-10-04 21:29:28,942][INFO][clas_trainer:133] - train epoch: 4 [81760/136600 (60%)], lr: ['1.00e-04', '1.00e-04'], loss: 0.000828
[2024-10-04 21:30:07,424][INFO][clas_trainer:133] - train epoch: 4 [95392/136600 (70%)], lr: ['1.00e-04', '1.00e-04'], loss: 0.000562
[2024-10-04 21:30:46,638][INFO][clas_trainer:133] - train epoch: 4 [109024/136600 (80%)], lr: ['1.00e-04', '1.00e-04'], loss: 0.000420
[2024-10-04 21:31:27,702][INFO][clas_trainer:133] - train epoch: 4 [122656/136600 (90%)], lr: ['1.00e-04', '1.00e-04'], loss: 0.000629
[2024-10-04 21:32:07,981][INFO][clas_trainer:133] - train epoch: 4 [136288/136600 (100%)], lr: ['1.00e-04', '1.00e-04'], loss: 0.002054
[2024-10-04 21:33:10,518][INFO][clas_trainer:63] - [epoch   4] execution time: 454.78s	metrics:
[2024-10-04 21:33:10,519][INFO][clas_evaluator:132] - dataset: earlystopping, avg f1-score: 0.5342
[2024-10-04 21:33:49,111][INFO][clas_trainer:133] - train epoch: 5 [13600/136600 (10%)], lr: ['1.00e-04', '1.00e-04'], loss: 0.000665
[2024-10-04 21:34:30,726][INFO][clas_trainer:133] - train epoch: 5 [27232/136600 (20%)], lr: ['1.00e-04', '1.00e-04'], loss: 0.000543
[2024-10-04 21:35:10,557][INFO][clas_trainer:133] - train epoch: 5 [40864/136600 (30%)], lr: ['1.00e-04', '1.00e-04'], loss: 0.000862
[2024-10-04 21:35:50,533][INFO][clas_trainer:133] - train epoch: 5 [54496/136600 (40%)], lr: ['1.00e-04', '1.00e-04'], loss: 0.000562
[2024-10-04 21:36:30,018][INFO][clas_trainer:133] - train epoch: 5 [68128/136600 (50%)], lr: ['1.00e-04', '1.00e-04'], loss: 0.001108
[2024-10-04 21:37:11,575][INFO][clas_trainer:133] - train epoch: 5 [81760/136600 (60%)], lr: ['1.00e-04', '1.00e-04'], loss: 0.000992
[2024-10-04 21:37:51,426][INFO][clas_trainer:133] - train epoch: 5 [95392/136600 (70%)], lr: ['1.00e-04', '1.00e-04'], loss: 0.000575
[2024-10-04 21:38:33,378][INFO][clas_trainer:133] - train epoch: 5 [109024/136600 (80%)], lr: ['1.00e-04', '1.00e-04'], loss: 0.000827
[2024-10-04 21:39:11,208][INFO][clas_trainer:133] - train epoch: 5 [122656/136600 (90%)], lr: ['1.00e-04', '1.00e-04'], loss: 0.001466
[2024-10-04 21:39:51,874][INFO][clas_trainer:133] - train epoch: 5 [136288/136600 (100%)], lr: ['1.00e-04', '1.00e-04'], loss: 0.000908
[2024-10-04 21:40:54,741][INFO][clas_trainer:63] - [epoch   5] execution time: 464.22s	metrics:
[2024-10-04 21:40:54,741][INFO][clas_evaluator:132] - dataset: earlystopping, avg f1-score: 0.5864
[2024-10-04 21:40:54,774][INFO][base_model:51] - snapshot saved to XXX/frequency-pretraining/models/exp005c-m330-base_fe_clas-2024-10-04_03-09-39-final.pth
[2024-10-04 21:41:34,451][INFO][clas_trainer:133] - train epoch: 6 [13600/136600 (10%)], lr: ['1.00e-04', '1.00e-04'], loss: 0.000807
[2024-10-04 21:42:14,960][INFO][clas_trainer:133] - train epoch: 6 [27232/136600 (20%)], lr: ['1.00e-04', '1.00e-04'], loss: 0.000969
[2024-10-04 21:42:53,983][INFO][clas_trainer:133] - train epoch: 6 [40864/136600 (30%)], lr: ['1.00e-04', '1.00e-04'], loss: 0.000685
[2024-10-04 21:43:33,884][INFO][clas_trainer:133] - train epoch: 6 [54496/136600 (40%)], lr: ['1.00e-04', '1.00e-04'], loss: 0.000800
[2024-10-04 21:44:14,133][INFO][clas_trainer:133] - train epoch: 6 [68128/136600 (50%)], lr: ['1.00e-04', '1.00e-04'], loss: 0.001206
[2024-10-04 21:44:54,849][INFO][clas_trainer:133] - train epoch: 6 [81760/136600 (60%)], lr: ['1.00e-04', '1.00e-04'], loss: 0.000740
[2024-10-04 21:45:32,386][INFO][clas_trainer:133] - train epoch: 6 [95392/136600 (70%)], lr: ['1.00e-04', '1.00e-04'], loss: 0.000499
[2024-10-04 21:46:12,486][INFO][clas_trainer:133] - train epoch: 6 [109024/136600 (80%)], lr: ['1.00e-04', '1.00e-04'], loss: 0.000613
[2024-10-04 21:46:50,728][INFO][clas_trainer:133] - train epoch: 6 [122656/136600 (90%)], lr: ['1.00e-04', '1.00e-04'], loss: 0.000956
[2024-10-04 21:47:32,685][INFO][clas_trainer:133] - train epoch: 6 [136288/136600 (100%)], lr: ['1.00e-04', '1.00e-04'], loss: 0.000458
[2024-10-04 21:48:34,164][INFO][clas_trainer:63] - [epoch   6] execution time: 459.39s	metrics:
[2024-10-04 21:48:34,165][INFO][clas_evaluator:132] - dataset: earlystopping, avg f1-score: 0.5212
[2024-10-04 21:49:15,126][INFO][clas_trainer:133] - train epoch: 7 [13600/136600 (10%)], lr: ['1.00e-04', '1.00e-04'], loss: 0.001832
[2024-10-04 21:49:55,699][INFO][clas_trainer:133] - train epoch: 7 [27232/136600 (20%)], lr: ['1.00e-04', '1.00e-04'], loss: 0.001040
[2024-10-04 21:50:34,985][INFO][clas_trainer:133] - train epoch: 7 [40864/136600 (30%)], lr: ['1.00e-04', '1.00e-04'], loss: 0.000307
[2024-10-04 21:51:15,041][INFO][clas_trainer:133] - train epoch: 7 [54496/136600 (40%)], lr: ['1.00e-04', '1.00e-04'], loss: 0.000744
[2024-10-04 21:51:54,084][INFO][clas_trainer:133] - train epoch: 7 [68128/136600 (50%)], lr: ['1.00e-04', '1.00e-04'], loss: 0.000590
[2024-10-04 21:52:31,486][INFO][clas_trainer:133] - train epoch: 7 [81760/136600 (60%)], lr: ['1.00e-04', '1.00e-04'], loss: 0.000649
[2024-10-04 21:53:10,607][INFO][clas_trainer:133] - train epoch: 7 [95392/136600 (70%)], lr: ['1.00e-04', '1.00e-04'], loss: 0.000748
[2024-10-04 21:53:48,836][INFO][clas_trainer:133] - train epoch: 7 [109024/136600 (80%)], lr: ['1.00e-04', '1.00e-04'], loss: 0.000607
[2024-10-04 21:54:27,903][INFO][clas_trainer:133] - train epoch: 7 [122656/136600 (90%)], lr: ['1.00e-04', '1.00e-04'], loss: 0.000906
[2024-10-04 21:55:06,821][INFO][clas_trainer:133] - train epoch: 7 [136288/136600 (100%)], lr: ['1.00e-04', '1.00e-04'], loss: 0.000579
[2024-10-04 21:56:07,218][INFO][clas_trainer:63] - [epoch   7] execution time: 453.05s	metrics:
[2024-10-04 21:56:07,218][INFO][clas_evaluator:132] - dataset: earlystopping, avg f1-score: 0.5342
[2024-10-04 21:56:48,088][INFO][clas_trainer:133] - train epoch: 8 [13600/136600 (10%)], lr: ['1.00e-04', '1.00e-04'], loss: 0.000628
[2024-10-04 21:57:28,320][INFO][clas_trainer:133] - train epoch: 8 [27232/136600 (20%)], lr: ['1.00e-04', '1.00e-04'], loss: 0.001052
[2024-10-04 21:58:08,311][INFO][clas_trainer:133] - train epoch: 8 [40864/136600 (30%)], lr: ['1.00e-04', '1.00e-04'], loss: 0.001882
[2024-10-04 21:58:48,887][INFO][clas_trainer:133] - train epoch: 8 [54496/136600 (40%)], lr: ['1.00e-04', '1.00e-04'], loss: 0.000686
[2024-10-04 21:59:26,750][INFO][clas_trainer:133] - train epoch: 8 [68128/136600 (50%)], lr: ['1.00e-04', '1.00e-04'], loss: 0.001092
[2024-10-04 22:00:06,683][INFO][clas_trainer:133] - train epoch: 8 [81760/136600 (60%)], lr: ['1.00e-04', '1.00e-04'], loss: 0.000431
[2024-10-04 22:00:45,637][INFO][clas_trainer:133] - train epoch: 8 [95392/136600 (70%)], lr: ['1.00e-04', '1.00e-04'], loss: 0.001053
[2024-10-04 22:01:24,657][INFO][clas_trainer:133] - train epoch: 8 [109024/136600 (80%)], lr: ['1.00e-04', '1.00e-04'], loss: 0.000485
[2024-10-04 22:02:03,471][INFO][clas_trainer:133] - train epoch: 8 [122656/136600 (90%)], lr: ['1.00e-04', '1.00e-04'], loss: 0.001598
[2024-10-04 22:02:42,874][INFO][clas_trainer:133] - train epoch: 8 [136288/136600 (100%)], lr: ['1.00e-04', '1.00e-04'], loss: 0.000455
[2024-10-04 22:03:41,891][INFO][clas_trainer:63] - [epoch   8] execution time: 454.67s	metrics:
[2024-10-04 22:03:41,892][INFO][clas_evaluator:132] - dataset: earlystopping, avg f1-score: 0.5141
[2024-10-04 22:04:22,064][INFO][clas_trainer:133] - train epoch: 9 [13600/136600 (10%)], lr: ['1.00e-04', '1.00e-04'], loss: 0.000977
[2024-10-04 22:05:00,837][INFO][clas_trainer:133] - train epoch: 9 [27232/136600 (20%)], lr: ['1.00e-04', '1.00e-04'], loss: 0.002047
[2024-10-04 22:05:41,598][INFO][clas_trainer:133] - train epoch: 9 [40864/136600 (30%)], lr: ['1.00e-04', '1.00e-04'], loss: 0.000367
[2024-10-04 22:06:21,812][INFO][clas_trainer:133] - train epoch: 9 [54496/136600 (40%)], lr: ['1.00e-04', '1.00e-04'], loss: 0.000899
[2024-10-04 22:07:00,957][INFO][clas_trainer:133] - train epoch: 9 [68128/136600 (50%)], lr: ['1.00e-04', '1.00e-04'], loss: 0.000801
[2024-10-04 22:07:40,993][INFO][clas_trainer:133] - train epoch: 9 [81760/136600 (60%)], lr: ['1.00e-04', '1.00e-04'], loss: 0.000903
[2024-10-04 22:08:21,749][INFO][clas_trainer:133] - train epoch: 9 [95392/136600 (70%)], lr: ['1.00e-04', '1.00e-04'], loss: 0.000441
[2024-10-04 22:09:02,615][INFO][clas_trainer:133] - train epoch: 9 [109024/136600 (80%)], lr: ['1.00e-04', '1.00e-04'], loss: 0.000449
[2024-10-04 22:09:42,284][INFO][clas_trainer:133] - train epoch: 9 [122656/136600 (90%)], lr: ['1.00e-04', '1.00e-04'], loss: 0.000710
[2024-10-04 22:10:23,107][INFO][clas_trainer:133] - train epoch: 9 [136288/136600 (100%)], lr: ['1.00e-04', '1.00e-04'], loss: 0.001176
[2024-10-04 22:11:27,119][INFO][clas_trainer:63] - [epoch   9] execution time: 465.23s	metrics:
[2024-10-04 22:11:27,120][INFO][clas_evaluator:132] - dataset: earlystopping, avg f1-score: 0.4604
[2024-10-04 22:12:08,486][INFO][clas_trainer:133] - train epoch: 10 [13600/136600 (10%)], lr: ['1.00e-04', '1.00e-04'], loss: 0.001457
[2024-10-04 22:12:48,589][INFO][clas_trainer:133] - train epoch: 10 [27232/136600 (20%)], lr: ['1.00e-04', '1.00e-04'], loss: 0.000952
[2024-10-04 22:13:27,998][INFO][clas_trainer:133] - train epoch: 10 [40864/136600 (30%)], lr: ['1.00e-04', '1.00e-04'], loss: 0.001514
[2024-10-04 22:14:09,488][INFO][clas_trainer:133] - train epoch: 10 [54496/136600 (40%)], lr: ['1.00e-04', '1.00e-04'], loss: 0.000714
[2024-10-04 22:14:49,657][INFO][clas_trainer:133] - train epoch: 10 [68128/136600 (50%)], lr: ['1.00e-04', '1.00e-04'], loss: 0.001744
[2024-10-04 22:15:30,216][INFO][clas_trainer:133] - train epoch: 10 [81760/136600 (60%)], lr: ['1.00e-04', '1.00e-04'], loss: 0.000550
[2024-10-04 22:16:09,553][INFO][clas_trainer:133] - train epoch: 10 [95392/136600 (70%)], lr: ['1.00e-04', '1.00e-04'], loss: 0.000842
[2024-10-04 22:16:52,216][INFO][clas_trainer:133] - train epoch: 10 [109024/136600 (80%)], lr: ['1.00e-04', '1.00e-04'], loss: 0.001015
[2024-10-04 22:17:30,941][INFO][clas_trainer:133] - train epoch: 10 [122656/136600 (90%)], lr: ['1.00e-04', '1.00e-04'], loss: 0.000631
[2024-10-04 22:18:11,400][INFO][clas_trainer:133] - train epoch: 10 [136288/136600 (100%)], lr: ['1.00e-04', '1.00e-04'], loss: 0.001092
[2024-10-04 22:19:14,102][INFO][clas_trainer:63] - [epoch  10] execution time: 466.98s	metrics:
[2024-10-04 22:19:14,103][INFO][clas_evaluator:132] - dataset: earlystopping, avg f1-score: 0.4477
[2024-10-04 22:19:54,397][INFO][clas_trainer:133] - train epoch: 11 [13600/136600 (10%)], lr: ['1.00e-04', '1.00e-04'], loss: 0.001151
[2024-10-04 22:20:31,561][INFO][clas_trainer:133] - train epoch: 11 [27232/136600 (20%)], lr: ['1.00e-04', '1.00e-04'], loss: 0.000531
[2024-10-04 22:21:13,037][INFO][clas_trainer:133] - train epoch: 11 [40864/136600 (30%)], lr: ['1.00e-04', '1.00e-04'], loss: 0.001133
[2024-10-04 22:21:52,645][INFO][clas_trainer:133] - train epoch: 11 [54496/136600 (40%)], lr: ['1.00e-04', '1.00e-04'], loss: 0.000993
[2024-10-04 22:22:30,814][INFO][clas_trainer:133] - train epoch: 11 [68128/136600 (50%)], lr: ['1.00e-04', '1.00e-04'], loss: 0.000575
[2024-10-04 22:23:09,267][INFO][clas_trainer:133] - train epoch: 11 [81760/136600 (60%)], lr: ['1.00e-04', '1.00e-04'], loss: 0.000557
[2024-10-04 22:23:48,273][INFO][clas_trainer:133] - train epoch: 11 [95392/136600 (70%)], lr: ['1.00e-04', '1.00e-04'], loss: 0.000813
[2024-10-04 22:24:26,404][INFO][clas_trainer:133] - train epoch: 11 [109024/136600 (80%)], lr: ['1.00e-04', '1.00e-04'], loss: 0.001007
[2024-10-04 22:25:05,207][INFO][clas_trainer:133] - train epoch: 11 [122656/136600 (90%)], lr: ['1.00e-04', '1.00e-04'], loss: 0.000520
[2024-10-04 22:25:42,384][INFO][clas_trainer:133] - train epoch: 11 [136288/136600 (100%)], lr: ['1.00e-04', '1.00e-04'], loss: 0.000374
[2024-10-04 22:26:41,828][INFO][clas_trainer:63] - [epoch  11] execution time: 447.73s	metrics:
[2024-10-04 22:26:41,829][INFO][clas_evaluator:132] - dataset: earlystopping, avg f1-score: 0.4523
[2024-10-04 22:27:22,816][INFO][clas_trainer:133] - train epoch: 12 [13600/136600 (10%)], lr: ['1.00e-04', '1.00e-04'], loss: 0.000582
[2024-10-04 22:28:00,709][INFO][clas_trainer:133] - train epoch: 12 [27232/136600 (20%)], lr: ['1.00e-04', '1.00e-04'], loss: 0.000554
[2024-10-04 22:28:42,023][INFO][clas_trainer:133] - train epoch: 12 [40864/136600 (30%)], lr: ['1.00e-04', '1.00e-04'], loss: 0.000507
[2024-10-04 22:29:20,184][INFO][clas_trainer:133] - train epoch: 12 [54496/136600 (40%)], lr: ['1.00e-04', '1.00e-04'], loss: 0.000895
[2024-10-04 22:29:57,234][INFO][clas_trainer:133] - train epoch: 12 [68128/136600 (50%)], lr: ['1.00e-04', '1.00e-04'], loss: 0.000419
[2024-10-04 22:30:36,662][INFO][clas_trainer:133] - train epoch: 12 [81760/136600 (60%)], lr: ['1.00e-04', '1.00e-04'], loss: 0.000755
[2024-10-04 22:31:15,665][INFO][clas_trainer:133] - train epoch: 12 [95392/136600 (70%)], lr: ['1.00e-04', '1.00e-04'], loss: 0.000778
[2024-10-04 22:31:54,022][INFO][clas_trainer:133] - train epoch: 12 [109024/136600 (80%)], lr: ['1.00e-04', '1.00e-04'], loss: 0.001091
[2024-10-04 22:32:30,277][INFO][clas_trainer:133] - train epoch: 12 [122656/136600 (90%)], lr: ['1.00e-04', '1.00e-04'], loss: 0.000536
[2024-10-04 22:33:09,482][INFO][clas_trainer:133] - train epoch: 12 [136288/136600 (100%)], lr: ['1.00e-04', '1.00e-04'], loss: 0.000796
[2024-10-04 22:34:08,469][INFO][clas_trainer:63] - [epoch  12] execution time: 446.64s	metrics:
[2024-10-04 22:34:08,470][INFO][clas_evaluator:132] - dataset: earlystopping, avg f1-score: 0.4439
[2024-10-04 22:34:49,579][INFO][clas_trainer:133] - train epoch: 13 [13600/136600 (10%)], lr: ['1.00e-04', '1.00e-04'], loss: 0.000473
[2024-10-04 22:35:27,845][INFO][clas_trainer:133] - train epoch: 13 [27232/136600 (20%)], lr: ['1.00e-04', '1.00e-04'], loss: 0.001140
[2024-10-04 22:36:08,476][INFO][clas_trainer:133] - train epoch: 13 [40864/136600 (30%)], lr: ['1.00e-04', '1.00e-04'], loss: 0.001102
[2024-10-04 22:36:47,930][INFO][clas_trainer:133] - train epoch: 13 [54496/136600 (40%)], lr: ['1.00e-04', '1.00e-04'], loss: 0.001198
[2024-10-04 22:37:27,448][INFO][clas_trainer:133] - train epoch: 13 [68128/136600 (50%)], lr: ['1.00e-04', '1.00e-04'], loss: 0.001143
[2024-10-04 22:38:05,363][INFO][clas_trainer:133] - train epoch: 13 [81760/136600 (60%)], lr: ['1.00e-04', '1.00e-04'], loss: 0.000716
[2024-10-04 22:38:42,847][INFO][clas_trainer:133] - train epoch: 13 [95392/136600 (70%)], lr: ['1.00e-04', '1.00e-04'], loss: 0.000689
[2024-10-04 22:39:22,143][INFO][clas_trainer:133] - train epoch: 13 [109024/136600 (80%)], lr: ['1.00e-04', '1.00e-04'], loss: 0.000502
[2024-10-04 22:39:59,834][INFO][clas_trainer:133] - train epoch: 13 [122656/136600 (90%)], lr: ['1.00e-04', '1.00e-04'], loss: 0.000478
[2024-10-04 22:40:37,240][INFO][clas_trainer:133] - train epoch: 13 [136288/136600 (100%)], lr: ['1.00e-04', '1.00e-04'], loss: 0.000628
[2024-10-04 22:41:38,006][INFO][clas_trainer:63] - [epoch  13] execution time: 449.54s	metrics:
[2024-10-04 22:41:38,007][INFO][clas_evaluator:132] - dataset: earlystopping, avg f1-score: 0.4588
[2024-10-04 22:42:20,515][INFO][clas_trainer:133] - train epoch: 14 [13600/136600 (10%)], lr: ['1.00e-04', '1.00e-04'], loss: 0.001016
[2024-10-04 22:42:59,590][INFO][clas_trainer:133] - train epoch: 14 [27232/136600 (20%)], lr: ['1.00e-04', '1.00e-04'], loss: 0.000620
[2024-10-04 22:43:38,188][INFO][clas_trainer:133] - train epoch: 14 [40864/136600 (30%)], lr: ['1.00e-04', '1.00e-04'], loss: 0.001867
[2024-10-04 22:44:16,517][INFO][clas_trainer:133] - train epoch: 14 [54496/136600 (40%)], lr: ['1.00e-04', '1.00e-04'], loss: 0.001017
[2024-10-04 22:44:54,643][INFO][clas_trainer:133] - train epoch: 14 [68128/136600 (50%)], lr: ['1.00e-04', '1.00e-04'], loss: 0.000465
[2024-10-04 22:45:33,673][INFO][clas_trainer:133] - train epoch: 14 [81760/136600 (60%)], lr: ['1.00e-04', '1.00e-04'], loss: 0.000602
[2024-10-04 22:46:11,604][INFO][clas_trainer:133] - train epoch: 14 [95392/136600 (70%)], lr: ['1.00e-04', '1.00e-04'], loss: 0.001089
[2024-10-04 22:46:48,825][INFO][clas_trainer:133] - train epoch: 14 [109024/136600 (80%)], lr: ['1.00e-04', '1.00e-04'], loss: 0.000807
[2024-10-04 22:47:27,150][INFO][clas_trainer:133] - train epoch: 14 [122656/136600 (90%)], lr: ['1.00e-04', '1.00e-04'], loss: 0.000832
[2024-10-04 22:48:06,603][INFO][clas_trainer:133] - train epoch: 14 [136288/136600 (100%)], lr: ['1.00e-04', '1.00e-04'], loss: 0.000822
[2024-10-04 22:49:06,775][INFO][clas_trainer:63] - [epoch  14] execution time: 448.77s	metrics:
[2024-10-04 22:49:06,776][INFO][clas_evaluator:132] - dataset: earlystopping, avg f1-score: 0.4726
[2024-10-04 22:49:47,453][INFO][clas_trainer:133] - train epoch: 15 [13600/136600 (10%)], lr: ['1.00e-04', '1.00e-04'], loss: 0.000977
[2024-10-04 22:50:26,205][INFO][clas_trainer:133] - train epoch: 15 [27232/136600 (20%)], lr: ['1.00e-04', '1.00e-04'], loss: 0.001001
[2024-10-04 22:51:04,717][INFO][clas_trainer:133] - train epoch: 15 [40864/136600 (30%)], lr: ['1.00e-04', '1.00e-04'], loss: 0.000503
[2024-10-04 22:51:42,959][INFO][clas_trainer:133] - train epoch: 15 [54496/136600 (40%)], lr: ['1.00e-04', '1.00e-04'], loss: 0.001235
[2024-10-04 22:52:21,966][INFO][clas_trainer:133] - train epoch: 15 [68128/136600 (50%)], lr: ['1.00e-04', '1.00e-04'], loss: 0.000945
[2024-10-04 22:53:02,454][INFO][clas_trainer:133] - train epoch: 15 [81760/136600 (60%)], lr: ['1.00e-04', '1.00e-04'], loss: 0.000720
[2024-10-04 22:53:41,205][INFO][clas_trainer:133] - train epoch: 15 [95392/136600 (70%)], lr: ['1.00e-04', '1.00e-04'], loss: 0.001631
[2024-10-04 22:54:20,002][INFO][clas_trainer:133] - train epoch: 15 [109024/136600 (80%)], lr: ['1.00e-04', '1.00e-04'], loss: 0.000911
[2024-10-04 22:54:59,288][INFO][clas_trainer:133] - train epoch: 15 [122656/136600 (90%)], lr: ['1.00e-04', '1.00e-04'], loss: 0.000507
[2024-10-04 22:55:37,789][INFO][clas_trainer:133] - train epoch: 15 [136288/136600 (100%)], lr: ['1.00e-04', '1.00e-04'], loss: 0.000426
[2024-10-04 22:56:37,139][INFO][clas_trainer:63] - [epoch  15] execution time: 450.36s	metrics:
[2024-10-04 22:56:37,140][INFO][clas_evaluator:132] - dataset: earlystopping, avg f1-score: 0.4848
[2024-10-04 22:56:37,147][INFO][clas_trainer:79] - finished training
[2024-10-04 22:56:37,147][INFO][clas_trainer:80] - best model on epoch: 5 	f1-score: 0.5864
