[2024-09-20 23:56:44,984][INFO][fine-tune:25] - Using GPU 0
[2024-09-20 23:56:44,987][INFO][fine-tune:35] - overrides:
hydra:
- hydra.launcher.n_jobs=15
- hydra.mode=MULTIRUN
task:
- m_seed_path_sids={seeds:[6,6,6,6,6],path:"exp005b-m6-simple_multi_class-2024-09-20_13-57-42-final.pth",subject_ids:{sleepedfx:$\{data.sleepedfx.cv_5_fold.fold_2\}}}
- data.downstream.train_dataloader.dataset.data_reducer.n_epochs=50
- data.downstream.train_dataloader.dataset.data_reducer.n_subjects=1
- general.gpus=[0,1]

[2024-09-20 23:56:50,655][INFO][data_loaders:39] - class distribution before data reduction:
# samples per subject
SC4001E0: 841
SC4002E0: 1127
SC4011E0: 1103
SC4012E0: 1186
SC4041E0: 1235
SC4042E0: 1200
SC4081E0: 1134
SC4082E0: 1054
SC4101E0: 1104
SC4102E0: 1092
SC4121E0: 1052
SC4122E0: 977
SC4141E0: 1004
SC4142E0: 952
SC4151E0: 952
SC4152E0: 1762
SC4161E0: 1144
SC4162E0: 1003
SC4171E0: 1002
SC4172E0: 1773
SC4181E0: 964
SC4182E0: 920
SC4191E0: 1535
SC4192E0: 1274
SC4211E0: 1578
SC4212E0: 808
SC4221E0: 1099
SC4222E0: 1108
SC4231E0: 904
SC4232E0: 1729
SC4241E0: 1673
SC4242E0: 1775
SC4251E0: 972
SC4252E0: 1020
SC4261F0: 1597
SC4262F0: 980
SC4301E0: 929
SC4302E0: 854
SC4311E0: 1054
SC4312E0: 1181
SC4321E0: 1560
SC4322E0: 1021
SC4351F0: 976
SC4352F0: 963
SC4362F0: 824
SC4371F0: 918
SC4372F0: 1509
SC4381F0: 1776
SC4382F0: 1871
SC4431E0: 699
SC4432E0: 962
SC4441E0: 1195
SC4442E0: 1092
SC4451F0: 1208
SC4452F0: 1166
SC4471F0: 1187
SC4472F0: 2161
SC4481F0: 2027
SC4482F0: 1910
SC4491G0: 1101
SC4492G0: 1040
SC4511E0: 1087
SC4512E0: 954
SC4522E0: 997
SC4531E0: 1096
SC4532E0: 1056
SC4551F0: 1047
SC4552F0: 1090
SC4561F0: 1237
SC4562F0: 1148
SC4571F0: 1236
SC4572F0: 1095
SC4581G0: 1095
SC4582G0: 1175
SC4591G0: 1840
SC4592G0: 1231
SC4601E0: 1349
SC4602E0: 2043
SC4611E0: 1652
SC4612E0: 1062
SC4621E0: 1445
SC4622E0: 1823
SC4631E0: 1063
SC4632E0: 1107
SC4651E0: 2644
SC4652E0: 1929
SC4661E0: 2026
SC4662E0: 1994
SC4671G0: 1968
SC4672G0: 1021
SC4701E0: 1717
SC4702E0: 1515
SC4711E0: 1413
SC4712E0: 1241
SC4721E0: 1031
SC4722E0: 1130
SC4731E0: 2667
SC4732E0: 2318
SC4751E0: 2044
SC4752E0: 1049
SC4771G0: 1325
SC4772G0: 1324
SC4801G0: 1241
SC4802G0: 1229
SC4821G0: 1704
SC4822G0: 1366

# samples per stage
0: 47716
1: 16230
2: 47884
3: 9066
4: 17745
[2024-09-20 23:56:51,183][INFO][data_loaders:43] - class distribution after data reduction:
# samples per subject
SC4432E0: 138600

# samples per stage
0: 22176
1: 2772
2: 55440
3: 16632
4: 41580
[2024-09-20 23:56:51,201][INFO][base_pretraining_fe:55] - Loading model from exp005b-m6-simple_multi_class-2024-09-20_13-57-42-final.pth
[2024-09-20 23:56:52,205][INFO][data_loaders:39] - class distribution before data reduction:
# samples per subject
SC4021E0: 1025
SC4022E0: 1009
SC4071E0: 976
SC4072E0: 1273
SC4111E0: 928
SC4112E0: 802
SC4401E0: 1064
SC4402E0: 1072
SC4421E0: 785
SC4422E0: 884
SC4461F0: 983
SC4462F0: 1022
SC4761E0: 1683
SC4762E0: 2662
SC4811G0: 1293
SC4812G0: 1183

# samples per stage
0: 6086
1: 1760
2: 6497
3: 1549
4: 2752
[2024-09-20 23:56:52,265][INFO][data_loaders:43] - class distribution after data reduction:
# samples per subject
SC4021E0: 1025
SC4022E0: 1009
SC4071E0: 976
SC4072E0: 1273
SC4111E0: 928
SC4112E0: 802
SC4401E0: 1064
SC4402E0: 1072
SC4421E0: 785
SC4422E0: 884
SC4461F0: 983
SC4462F0: 1022
SC4761E0: 1683
SC4762E0: 2662
SC4811G0: 1293
SC4812G0: 1183

# samples per stage
0: 6086
1: 1760
2: 6497
3: 1549
4: 2752
[2024-09-20 23:56:52,277][INFO][clas_trainer:49] - metrics before training (epoch 0):
[2024-09-20 23:57:40,994][INFO][clas_evaluator:99] - dataset: earlystopping, avg f1-score: 0.0685
[2024-09-20 23:58:18,395][INFO][clas_trainer:133] - train epoch: 1 [13824/138600 (10%)], lr: ['1.00e-04'], loss: 0.003661
[2024-09-20 23:58:56,186][INFO][clas_trainer:133] - train epoch: 1 [27680/138600 (20%)], lr: ['1.00e-04'], loss: 0.006687
[2024-09-20 23:59:33,364][INFO][clas_trainer:133] - train epoch: 1 [41536/138600 (30%)], lr: ['1.00e-04'], loss: 0.001028
[2024-09-21 00:00:08,874][INFO][clas_trainer:133] - train epoch: 1 [55392/138600 (40%)], lr: ['1.00e-04'], loss: 0.000901
[2024-09-21 00:00:45,773][INFO][clas_trainer:133] - train epoch: 1 [69248/138600 (50%)], lr: ['1.00e-04'], loss: 0.000038
[2024-09-21 00:01:22,769][INFO][clas_trainer:133] - train epoch: 1 [83104/138600 (60%)], lr: ['1.00e-04'], loss: 0.000647
[2024-09-21 00:01:59,016][INFO][clas_trainer:133] - train epoch: 1 [96960/138600 (70%)], lr: ['1.00e-04'], loss: 0.001431
[2024-09-21 00:02:35,363][INFO][clas_trainer:133] - train epoch: 1 [110816/138600 (80%)], lr: ['1.00e-04'], loss: 0.000093
[2024-09-21 00:03:11,708][INFO][clas_trainer:133] - train epoch: 1 [124672/138600 (90%)], lr: ['1.00e-04'], loss: 0.000020
[2024-09-21 00:03:47,690][INFO][clas_trainer:133] - train epoch: 1 [138528/138600 (100%)], lr: ['1.00e-04'], loss: 0.000184
[2024-09-21 00:04:35,213][INFO][clas_trainer:63] - [epoch   1] execution time: 414.22s	metrics:
[2024-09-21 00:04:35,214][INFO][clas_evaluator:99] - dataset: earlystopping, avg f1-score: 0.4421
[2024-09-21 00:04:35,230][INFO][base_model:51] - snapshot saved to XXX/frequency-pretraining/models/exp005b-m18-base_fe_clas-2024-09-20_22-20-56-final.pth
[2024-09-21 00:05:12,246][INFO][clas_trainer:133] - train epoch: 2 [13824/138600 (10%)], lr: ['1.00e-04'], loss: 0.000263
[2024-09-21 00:05:49,527][INFO][clas_trainer:133] - train epoch: 2 [27680/138600 (20%)], lr: ['1.00e-04'], loss: 0.000272
[2024-09-21 00:06:26,106][INFO][clas_trainer:133] - train epoch: 2 [41536/138600 (30%)], lr: ['1.00e-04'], loss: 0.000433
[2024-09-21 00:07:02,339][INFO][clas_trainer:133] - train epoch: 2 [55392/138600 (40%)], lr: ['1.00e-04'], loss: 0.000118
[2024-09-21 00:07:39,520][INFO][clas_trainer:133] - train epoch: 2 [69248/138600 (50%)], lr: ['1.00e-04'], loss: 0.000809
[2024-09-21 00:08:15,782][INFO][clas_trainer:133] - train epoch: 2 [83104/138600 (60%)], lr: ['1.00e-04'], loss: 0.000112
[2024-09-21 00:08:52,215][INFO][clas_trainer:133] - train epoch: 2 [96960/138600 (70%)], lr: ['1.00e-04'], loss: 0.000171
[2024-09-21 00:09:26,318][INFO][clas_trainer:133] - train epoch: 2 [110816/138600 (80%)], lr: ['1.00e-04'], loss: 0.000646
[2024-09-21 00:10:02,469][INFO][clas_trainer:133] - train epoch: 2 [124672/138600 (90%)], lr: ['1.00e-04'], loss: 0.002904
[2024-09-21 00:10:39,000][INFO][clas_trainer:133] - train epoch: 2 [138528/138600 (100%)], lr: ['1.00e-04'], loss: 0.000173
[2024-09-21 00:11:27,081][INFO][clas_trainer:63] - [epoch   2] execution time: 411.85s	metrics:
[2024-09-21 00:11:27,082][INFO][clas_evaluator:99] - dataset: earlystopping, avg f1-score: 0.4503
[2024-09-21 00:11:27,104][INFO][base_model:51] - snapshot saved to XXX/frequency-pretraining/models/exp005b-m18-base_fe_clas-2024-09-20_22-20-56-final.pth
[2024-09-21 00:12:04,516][INFO][clas_trainer:133] - train epoch: 3 [13824/138600 (10%)], lr: ['1.00e-04'], loss: 0.001925
[2024-09-21 00:12:40,851][INFO][clas_trainer:133] - train epoch: 3 [27680/138600 (20%)], lr: ['1.00e-04'], loss: 0.000161
[2024-09-21 00:13:15,303][INFO][clas_trainer:133] - train epoch: 3 [41536/138600 (30%)], lr: ['1.00e-04'], loss: 0.000641
[2024-09-21 00:13:46,947][INFO][clas_trainer:133] - train epoch: 3 [55392/138600 (40%)], lr: ['1.00e-04'], loss: 0.000098
[2024-09-21 00:14:20,560][INFO][clas_trainer:133] - train epoch: 3 [69248/138600 (50%)], lr: ['1.00e-04'], loss: 0.000078
[2024-09-21 00:14:53,147][INFO][clas_trainer:133] - train epoch: 3 [83104/138600 (60%)], lr: ['1.00e-04'], loss: 0.000444
[2024-09-21 00:15:25,087][INFO][clas_trainer:133] - train epoch: 3 [96960/138600 (70%)], lr: ['1.00e-04'], loss: 0.000407
[2024-09-21 00:15:57,515][INFO][clas_trainer:133] - train epoch: 3 [110816/138600 (80%)], lr: ['1.00e-04'], loss: 0.000237
[2024-09-21 00:16:30,002][INFO][clas_trainer:133] - train epoch: 3 [124672/138600 (90%)], lr: ['1.00e-04'], loss: 0.000548
[2024-09-21 00:17:03,686][INFO][clas_trainer:133] - train epoch: 3 [138528/138600 (100%)], lr: ['1.00e-04'], loss: 0.000411
[2024-09-21 00:17:48,290][INFO][clas_trainer:63] - [epoch   3] execution time: 381.19s	metrics:
[2024-09-21 00:17:48,290][INFO][clas_evaluator:99] - dataset: earlystopping, avg f1-score: 0.4643
[2024-09-21 00:17:48,304][INFO][base_model:51] - snapshot saved to XXX/frequency-pretraining/models/exp005b-m18-base_fe_clas-2024-09-20_22-20-56-final.pth
[2024-09-21 00:18:20,751][INFO][clas_trainer:133] - train epoch: 4 [13824/138600 (10%)], lr: ['1.00e-04'], loss: 0.000529
[2024-09-21 00:18:52,425][INFO][clas_trainer:133] - train epoch: 4 [27680/138600 (20%)], lr: ['1.00e-04'], loss: 0.001022
[2024-09-21 00:19:23,770][INFO][clas_trainer:133] - train epoch: 4 [41536/138600 (30%)], lr: ['1.00e-04'], loss: 0.000298
[2024-09-21 00:19:55,625][INFO][clas_trainer:133] - train epoch: 4 [55392/138600 (40%)], lr: ['1.00e-04'], loss: 0.000166
[2024-09-21 00:20:27,827][INFO][clas_trainer:133] - train epoch: 4 [69248/138600 (50%)], lr: ['1.00e-04'], loss: 0.000250
[2024-09-21 00:20:59,349][INFO][clas_trainer:133] - train epoch: 4 [83104/138600 (60%)], lr: ['1.00e-04'], loss: 0.000300
[2024-09-21 00:21:30,814][INFO][clas_trainer:133] - train epoch: 4 [96960/138600 (70%)], lr: ['1.00e-04'], loss: 0.000688
[2024-09-21 00:22:01,888][INFO][clas_trainer:133] - train epoch: 4 [110816/138600 (80%)], lr: ['1.00e-04'], loss: 0.000486
[2024-09-21 00:22:33,203][INFO][clas_trainer:133] - train epoch: 4 [124672/138600 (90%)], lr: ['1.00e-04'], loss: 0.000470
[2024-09-21 00:23:04,534][INFO][clas_trainer:133] - train epoch: 4 [138528/138600 (100%)], lr: ['1.00e-04'], loss: 0.000283
[2024-09-21 00:23:48,467][INFO][clas_trainer:63] - [epoch   4] execution time: 360.16s	metrics:
[2024-09-21 00:23:48,468][INFO][clas_evaluator:99] - dataset: earlystopping, avg f1-score: 0.4462
[2024-09-21 00:24:20,810][INFO][clas_trainer:133] - train epoch: 5 [13824/138600 (10%)], lr: ['1.00e-04'], loss: 0.000628
[2024-09-21 00:24:52,496][INFO][clas_trainer:133] - train epoch: 5 [27680/138600 (20%)], lr: ['1.00e-04'], loss: 0.000598
[2024-09-21 00:25:23,931][INFO][clas_trainer:133] - train epoch: 5 [41536/138600 (30%)], lr: ['1.00e-04'], loss: 0.000357
[2024-09-21 00:25:55,438][INFO][clas_trainer:133] - train epoch: 5 [55392/138600 (40%)], lr: ['1.00e-04'], loss: 0.001629
[2024-09-21 00:26:26,698][INFO][clas_trainer:133] - train epoch: 5 [69248/138600 (50%)], lr: ['1.00e-04'], loss: 0.000395
[2024-09-21 00:26:57,826][INFO][clas_trainer:133] - train epoch: 5 [83104/138600 (60%)], lr: ['1.00e-04'], loss: 0.000798
[2024-09-21 00:27:29,216][INFO][clas_trainer:133] - train epoch: 5 [96960/138600 (70%)], lr: ['1.00e-04'], loss: 0.001468
[2024-09-21 00:27:59,442][INFO][clas_trainer:133] - train epoch: 5 [110816/138600 (80%)], lr: ['1.00e-04'], loss: 0.000801
[2024-09-21 00:28:29,872][INFO][clas_trainer:133] - train epoch: 5 [124672/138600 (90%)], lr: ['1.00e-04'], loss: 0.000342
[2024-09-21 00:29:00,710][INFO][clas_trainer:133] - train epoch: 5 [138528/138600 (100%)], lr: ['1.00e-04'], loss: 0.001607
[2024-09-21 00:29:42,686][INFO][clas_trainer:63] - [epoch   5] execution time: 354.22s	metrics:
[2024-09-21 00:29:42,687][INFO][clas_evaluator:99] - dataset: earlystopping, avg f1-score: 0.4488
[2024-09-21 00:30:14,186][INFO][clas_trainer:133] - train epoch: 6 [13824/138600 (10%)], lr: ['1.00e-04'], loss: 0.000625
[2024-09-21 00:30:44,972][INFO][clas_trainer:133] - train epoch: 6 [27680/138600 (20%)], lr: ['1.00e-04'], loss: 0.001011
[2024-09-21 00:31:15,580][INFO][clas_trainer:133] - train epoch: 6 [41536/138600 (30%)], lr: ['1.00e-04'], loss: 0.000443
[2024-09-21 00:31:46,730][INFO][clas_trainer:133] - train epoch: 6 [55392/138600 (40%)], lr: ['1.00e-04'], loss: 0.000559
[2024-09-21 00:32:18,166][INFO][clas_trainer:133] - train epoch: 6 [69248/138600 (50%)], lr: ['1.00e-04'], loss: 0.000642
[2024-09-21 00:32:49,107][INFO][clas_trainer:133] - train epoch: 6 [83104/138600 (60%)], lr: ['1.00e-04'], loss: 0.000732
[2024-09-21 00:33:20,061][INFO][clas_trainer:133] - train epoch: 6 [96960/138600 (70%)], lr: ['1.00e-04'], loss: 0.000446
[2024-09-21 00:33:50,878][INFO][clas_trainer:133] - train epoch: 6 [110816/138600 (80%)], lr: ['1.00e-04'], loss: 0.000319
[2024-09-21 00:34:21,456][INFO][clas_trainer:133] - train epoch: 6 [124672/138600 (90%)], lr: ['1.00e-04'], loss: 0.000716
[2024-09-21 00:34:52,188][INFO][clas_trainer:133] - train epoch: 6 [138528/138600 (100%)], lr: ['1.00e-04'], loss: 0.000784
[2024-09-21 00:35:34,819][INFO][clas_trainer:63] - [epoch   6] execution time: 352.13s	metrics:
[2024-09-21 00:35:34,819][INFO][clas_evaluator:99] - dataset: earlystopping, avg f1-score: 0.4487
[2024-09-21 00:36:06,301][INFO][clas_trainer:133] - train epoch: 7 [13824/138600 (10%)], lr: ['1.00e-04'], loss: 0.000618
[2024-09-21 00:36:37,052][INFO][clas_trainer:133] - train epoch: 7 [27680/138600 (20%)], lr: ['1.00e-04'], loss: 0.000685
[2024-09-21 00:37:08,051][INFO][clas_trainer:133] - train epoch: 7 [41536/138600 (30%)], lr: ['1.00e-04'], loss: 0.000922
[2024-09-21 00:37:38,986][INFO][clas_trainer:133] - train epoch: 7 [55392/138600 (40%)], lr: ['1.00e-04'], loss: 0.001247
[2024-09-21 00:38:09,850][INFO][clas_trainer:133] - train epoch: 7 [69248/138600 (50%)], lr: ['1.00e-04'], loss: 0.000598
[2024-09-21 00:38:40,363][INFO][clas_trainer:133] - train epoch: 7 [83104/138600 (60%)], lr: ['1.00e-04'], loss: 0.000440
[2024-09-21 00:39:11,027][INFO][clas_trainer:133] - train epoch: 7 [96960/138600 (70%)], lr: ['1.00e-04'], loss: 0.000778
[2024-09-21 00:39:41,304][INFO][clas_trainer:133] - train epoch: 7 [110816/138600 (80%)], lr: ['1.00e-04'], loss: 0.001588
[2024-09-21 00:40:12,290][INFO][clas_trainer:133] - train epoch: 7 [124672/138600 (90%)], lr: ['1.00e-04'], loss: 0.002877
[2024-09-21 00:40:42,538][INFO][clas_trainer:133] - train epoch: 7 [138528/138600 (100%)], lr: ['1.00e-04'], loss: 0.000869
[2024-09-21 00:41:25,287][INFO][clas_trainer:63] - [epoch   7] execution time: 350.47s	metrics:
[2024-09-21 00:41:25,287][INFO][clas_evaluator:99] - dataset: earlystopping, avg f1-score: 0.4535
[2024-09-21 00:41:57,029][INFO][clas_trainer:133] - train epoch: 8 [13824/138600 (10%)], lr: ['1.00e-04'], loss: 0.000731
[2024-09-21 00:42:27,325][INFO][clas_trainer:133] - train epoch: 8 [27680/138600 (20%)], lr: ['1.00e-04'], loss: 0.000681
[2024-09-21 00:42:58,272][INFO][clas_trainer:133] - train epoch: 8 [41536/138600 (30%)], lr: ['1.00e-04'], loss: 0.000942
[2024-09-21 00:43:29,252][INFO][clas_trainer:133] - train epoch: 8 [55392/138600 (40%)], lr: ['1.00e-04'], loss: 0.001010
[2024-09-21 00:44:00,255][INFO][clas_trainer:133] - train epoch: 8 [69248/138600 (50%)], lr: ['1.00e-04'], loss: 0.001058
[2024-09-21 00:44:30,812][INFO][clas_trainer:133] - train epoch: 8 [83104/138600 (60%)], lr: ['1.00e-04'], loss: 0.000711
[2024-09-21 00:45:01,834][INFO][clas_trainer:133] - train epoch: 8 [96960/138600 (70%)], lr: ['1.00e-04'], loss: 0.000642
[2024-09-21 00:45:32,671][INFO][clas_trainer:133] - train epoch: 8 [110816/138600 (80%)], lr: ['1.00e-04'], loss: 0.000747
[2024-09-21 00:46:03,334][INFO][clas_trainer:133] - train epoch: 8 [124672/138600 (90%)], lr: ['1.00e-04'], loss: 0.000883
[2024-09-21 00:46:34,131][INFO][clas_trainer:133] - train epoch: 8 [138528/138600 (100%)], lr: ['1.00e-04'], loss: 0.000600
[2024-09-21 00:47:15,916][INFO][clas_trainer:63] - [epoch   8] execution time: 350.63s	metrics:
[2024-09-21 00:47:15,916][INFO][clas_evaluator:99] - dataset: earlystopping, avg f1-score: 0.4332
[2024-09-21 00:47:47,117][INFO][clas_trainer:133] - train epoch: 9 [13824/138600 (10%)], lr: ['1.00e-04'], loss: 0.001452
[2024-09-21 00:48:17,491][INFO][clas_trainer:133] - train epoch: 9 [27680/138600 (20%)], lr: ['1.00e-04'], loss: 0.001094
[2024-09-21 00:48:48,099][INFO][clas_trainer:133] - train epoch: 9 [41536/138600 (30%)], lr: ['1.00e-04'], loss: 0.000580
[2024-09-21 00:49:18,992][INFO][clas_trainer:133] - train epoch: 9 [55392/138600 (40%)], lr: ['1.00e-04'], loss: 0.000684
[2024-09-21 00:49:50,392][INFO][clas_trainer:133] - train epoch: 9 [69248/138600 (50%)], lr: ['1.00e-04'], loss: 0.000485
[2024-09-21 00:50:21,156][INFO][clas_trainer:133] - train epoch: 9 [83104/138600 (60%)], lr: ['1.00e-04'], loss: 0.001484
[2024-09-21 00:50:51,879][INFO][clas_trainer:133] - train epoch: 9 [96960/138600 (70%)], lr: ['1.00e-04'], loss: 0.001185
[2024-09-21 00:51:22,507][INFO][clas_trainer:133] - train epoch: 9 [110816/138600 (80%)], lr: ['1.00e-04'], loss: 0.000752
[2024-09-21 00:51:52,752][INFO][clas_trainer:133] - train epoch: 9 [124672/138600 (90%)], lr: ['1.00e-04'], loss: 0.001066
[2024-09-21 00:52:23,631][INFO][clas_trainer:133] - train epoch: 9 [138528/138600 (100%)], lr: ['1.00e-04'], loss: 0.000751
[2024-09-21 00:53:06,388][INFO][clas_trainer:63] - [epoch   9] execution time: 350.47s	metrics:
[2024-09-21 00:53:06,389][INFO][clas_evaluator:99] - dataset: earlystopping, avg f1-score: 0.4347
[2024-09-21 00:53:38,009][INFO][clas_trainer:133] - train epoch: 10 [13824/138600 (10%)], lr: ['1.00e-04'], loss: 0.000598
[2024-09-21 00:54:08,643][INFO][clas_trainer:133] - train epoch: 10 [27680/138600 (20%)], lr: ['1.00e-04'], loss: 0.001131
[2024-09-21 00:54:39,422][INFO][clas_trainer:133] - train epoch: 10 [41536/138600 (30%)], lr: ['1.00e-04'], loss: 0.001536
[2024-09-21 00:55:09,961][INFO][clas_trainer:133] - train epoch: 10 [55392/138600 (40%)], lr: ['1.00e-04'], loss: 0.000734
[2024-09-21 00:55:40,554][INFO][clas_trainer:133] - train epoch: 10 [69248/138600 (50%)], lr: ['1.00e-04'], loss: 0.000591
[2024-09-21 00:56:11,503][INFO][clas_trainer:133] - train epoch: 10 [83104/138600 (60%)], lr: ['1.00e-04'], loss: 0.000583
[2024-09-21 00:56:41,556][INFO][clas_trainer:133] - train epoch: 10 [96960/138600 (70%)], lr: ['1.00e-04'], loss: 0.001343
[2024-09-21 00:57:13,093][INFO][clas_trainer:133] - train epoch: 10 [110816/138600 (80%)], lr: ['1.00e-04'], loss: 0.000682
[2024-09-21 00:57:43,802][INFO][clas_trainer:133] - train epoch: 10 [124672/138600 (90%)], lr: ['1.00e-04'], loss: 0.000828
[2024-09-21 00:58:14,922][INFO][clas_trainer:133] - train epoch: 10 [138528/138600 (100%)], lr: ['1.00e-04'], loss: 0.000768
[2024-09-21 00:58:57,227][INFO][clas_trainer:63] - [epoch  10] execution time: 350.84s	metrics:
[2024-09-21 00:58:57,227][INFO][clas_evaluator:99] - dataset: earlystopping, avg f1-score: 0.4169
[2024-09-21 00:59:29,240][INFO][clas_trainer:133] - train epoch: 11 [13824/138600 (10%)], lr: ['1.00e-04'], loss: 0.001039
[2024-09-21 01:00:00,550][INFO][clas_trainer:133] - train epoch: 11 [27680/138600 (20%)], lr: ['1.00e-04'], loss: 0.000688
[2024-09-21 01:00:31,623][INFO][clas_trainer:133] - train epoch: 11 [41536/138600 (30%)], lr: ['1.00e-04'], loss: 0.001435
[2024-09-21 01:01:02,465][INFO][clas_trainer:133] - train epoch: 11 [55392/138600 (40%)], lr: ['1.00e-04'], loss: 0.000571
[2024-09-21 01:01:33,248][INFO][clas_trainer:133] - train epoch: 11 [69248/138600 (50%)], lr: ['1.00e-04'], loss: 0.001238
[2024-09-21 01:02:04,302][INFO][clas_trainer:133] - train epoch: 11 [83104/138600 (60%)], lr: ['1.00e-04'], loss: 0.000578
[2024-09-21 01:02:34,668][INFO][clas_trainer:133] - train epoch: 11 [96960/138600 (70%)], lr: ['1.00e-04'], loss: 0.001107
[2024-09-21 01:03:04,794][INFO][clas_trainer:133] - train epoch: 11 [110816/138600 (80%)], lr: ['1.00e-04'], loss: 0.000803
[2024-09-21 01:03:34,959][INFO][clas_trainer:133] - train epoch: 11 [124672/138600 (90%)], lr: ['1.00e-04'], loss: 0.000615
[2024-09-21 01:04:04,820][INFO][clas_trainer:133] - train epoch: 11 [138528/138600 (100%)], lr: ['1.00e-04'], loss: 0.001034
[2024-09-21 01:04:46,573][INFO][clas_trainer:63] - [epoch  11] execution time: 349.35s	metrics:
[2024-09-21 01:04:46,574][INFO][clas_evaluator:99] - dataset: earlystopping, avg f1-score: 0.4121
[2024-09-21 01:05:17,320][INFO][clas_trainer:133] - train epoch: 12 [13824/138600 (10%)], lr: ['1.00e-04'], loss: 0.000369
[2024-09-21 01:05:47,617][INFO][clas_trainer:133] - train epoch: 12 [27680/138600 (20%)], lr: ['1.00e-04'], loss: 0.000489
[2024-09-21 01:06:17,784][INFO][clas_trainer:133] - train epoch: 12 [41536/138600 (30%)], lr: ['1.00e-04'], loss: 0.001278
[2024-09-21 01:06:47,942][INFO][clas_trainer:133] - train epoch: 12 [55392/138600 (40%)], lr: ['1.00e-04'], loss: 0.001515
[2024-09-21 01:07:18,000][INFO][clas_trainer:133] - train epoch: 12 [69248/138600 (50%)], lr: ['1.00e-04'], loss: 0.000910
[2024-09-21 01:07:47,811][INFO][clas_trainer:133] - train epoch: 12 [83104/138600 (60%)], lr: ['1.00e-04'], loss: 0.001075
[2024-09-21 01:08:18,271][INFO][clas_trainer:133] - train epoch: 12 [96960/138600 (70%)], lr: ['1.00e-04'], loss: 0.000487
[2024-09-21 01:08:47,813][INFO][clas_trainer:133] - train epoch: 12 [110816/138600 (80%)], lr: ['1.00e-04'], loss: 0.000811
[2024-09-21 01:09:17,570][INFO][clas_trainer:133] - train epoch: 12 [124672/138600 (90%)], lr: ['1.00e-04'], loss: 0.007117
[2024-09-21 01:09:47,541][INFO][clas_trainer:133] - train epoch: 12 [138528/138600 (100%)], lr: ['1.00e-04'], loss: 0.001108
[2024-09-21 01:10:29,091][INFO][clas_trainer:63] - [epoch  12] execution time: 342.52s	metrics:
[2024-09-21 01:10:29,092][INFO][clas_evaluator:99] - dataset: earlystopping, avg f1-score: 0.4547
[2024-09-21 01:10:59,851][INFO][clas_trainer:133] - train epoch: 13 [13824/138600 (10%)], lr: ['1.00e-04'], loss: 0.001705
[2024-09-21 01:11:30,121][INFO][clas_trainer:133] - train epoch: 13 [27680/138600 (20%)], lr: ['1.00e-04'], loss: 0.001305
[2024-09-21 01:11:59,970][INFO][clas_trainer:133] - train epoch: 13 [41536/138600 (30%)], lr: ['1.00e-04'], loss: 0.001133
[2024-09-21 01:12:30,057][INFO][clas_trainer:133] - train epoch: 13 [55392/138600 (40%)], lr: ['1.00e-04'], loss: 0.000944
[2024-09-21 01:13:00,311][INFO][clas_trainer:133] - train epoch: 13 [69248/138600 (50%)], lr: ['1.00e-04'], loss: 0.000355
[2024-09-21 01:13:30,547][INFO][clas_trainer:133] - train epoch: 13 [83104/138600 (60%)], lr: ['1.00e-04'], loss: 0.001000
[2024-09-21 01:14:00,183][INFO][clas_trainer:133] - train epoch: 13 [96960/138600 (70%)], lr: ['1.00e-04'], loss: 0.000594
[2024-09-21 01:14:29,486][INFO][clas_trainer:133] - train epoch: 13 [110816/138600 (80%)], lr: ['1.00e-04'], loss: 0.000575
[2024-09-21 01:14:58,691][INFO][clas_trainer:133] - train epoch: 13 [124672/138600 (90%)], lr: ['1.00e-04'], loss: 0.000354
[2024-09-21 01:15:28,192][INFO][clas_trainer:133] - train epoch: 13 [138528/138600 (100%)], lr: ['1.00e-04'], loss: 0.000574
[2024-09-21 01:16:08,592][INFO][clas_trainer:63] - [epoch  13] execution time: 339.50s	metrics:
[2024-09-21 01:16:08,593][INFO][clas_evaluator:99] - dataset: earlystopping, avg f1-score: 0.4052
[2024-09-21 01:16:08,597][INFO][clas_trainer:79] - finished training
[2024-09-21 01:16:08,597][INFO][clas_trainer:80] - best model on epoch: 3 	f1-score: 0.4643
