[2023-10-17 14:34:45,741][INFO][fine-tune:29] - overrides:
hydra:
- hydra.mode=MULTIRUN
task:
- m_seed_path_sids={seeds:[1,1,1,1,1],path:"exp004b-m1-simple_multi_class-2023-10-17_12-41-35-final.pth",subject_ids:{dod_o_h:$\{data.dod_o_h.cv_5_fold.fold_2\}}}
- data.downstream.train_dataloader.dataset.data_reducer.n_epochs=-1
- data.downstream.train_dataloader.dataset.data_reducer.n_subjects=3

[2023-10-17 14:34:47,774][INFO][data_loaders:39] - class distribution before data reduction:
# samples per subject
02fb158a-a658-51ee-89cf-1e1dc2ebfde1: 861
03341d0d-5927-5838-8a5f-1b8ef39d8f57: 1063
039ce8ad-a7fa-5272-a3e3-1f4bfebdd087: 915
0d79f4b1-e74f-5e87-8e42-f9dd7112ada5: 968
100df108-eb57-5eaa-a413-f7e4436a7895: 952
130f3f52-7d0a-551e-af61-2ee75455e5c9: 989
14c012bd-65b0-56f5-bc74-2dffcea69837: 969
16450f5a-9b65-5536-85e1-93816c8b89eb: 816
18482adf-1144-54ca-9e35-27f65c43a105: 824
18ede714-aba3-5ad8-bb1a-18fc9b1c4192: 995
1da3544e-dc5c-5795-adc3-f5068959211f: 955
2159377e-ebf3-5565-9014-1e2ae69dc1d2: 907
2d01dc34-f36c-562e-b24a-d20dc798fdfc: 837
2e865ca9-e20f-5a6f-bd25-45d28cc9eab9: 950
30e8a05b-4cf1-5aa8-9ef7-28d6e2949ad5: 699
32556393-bb57-560a-99e8-e09885219647: 1106
3dd35e7b-d7e2-516d-8a85-e0d58a59569f: 1093
3e842aa8-bcd9-521e-93a2-72124233fe2c: 620
4b72b905-5521-5c57-b666-e20ff9bb195f: 868
4e3c4ac4-69e2-5347-a3b0-662c204d259d: 926
52fbe46b-206c-584a-9f4f-1eb308e07bac: 1064
5b94ec8a-c34d-5e45-84d1-bec2ea965609: 1090
5bf0f969-304c-581e-949c-50c108f62846: 947
5ddbc68c-1283-5c27-952b-d7f102291bc2: 1097
64959ac4-53b5-5868-a845-c7476e9fdf7b: 990
67fa8e29-6f4d-530e-9422-bbc3aca86ed0: 1046
6e2aa933-c51c-5a31-8c7b-83da8d076a12: 905
730aba3b-e310-5be0-9eed-7c3123466834: 1120
742f1592-627c-54eb-bbb5-ccd55ffae33a: 975
769df255-2284-50b3-8917-2155c759fbbd: 929
79e8a04e-0fdd-53ae-bedc-d49d08e29103: 918
7ab8ff5f-a77f-567d-9882-f8bee0c3c9bf: 989
7d778801-88e7-5086-ad1d-70f31a371876: 999
7f5237b1-2196-5c8a-9543-a5aa70210ef4: 931
83c1394e-9c69-5c11-9102-9ff8d59b1cfd: 1011
844f68ba-265e-53e6-bf47-6c85d1804a7b: 957
90aef91a-252f-5ccc-a82e-78ea7ee9ca1f: 1089
a25b2296-343b-53f6-8792-ada2669d466e: 1008
a35a118e-e65e-5928-92a9-4354a6a0f4ce: 813
a6254c8a-f1b2-5736-b601-18245dd5e0a5: 1084
a65a9e69-cddf-5711-9a97-de8bfdeb08cc: 961
a79d1f0e-c133-5aa0-8268-cdcc05825f0f: 1046
aadc9e0c-b7c3-5a47-851d-f21971d10935: 969
b2d3ccdd-395c-5dd2-81d9-252bcfc0c337: 902
b3706da5-748b-5dd1-a552-f57e4456cdf6: 1041
b5d5785d-87ee-5078-b9b9-aac6abd4d8de: 918
c8110476-594c-533d-95bd-86147fccc987: 995
cc3b4b63-4a6f-5f28-ac7e-62f83c271449: 1076
d3cadb78-cb8c-5a6e-885c-392e457c68b1: 982
d5181c33-a43b-5dfe-8ad7-0337facb092a: 977
e6b7cbef-4c9d-5541-82e8-04810de0fb60: 819
e72505f1-21be-5d66-b620-cfcfa2d754bc: 973
e8ec8ec4-dc48-50ce-985a-a06d87861030: 975
eb95076c-c470-56a4-b788-ace310f061c6: 965
f2a69bdc-ed51-5e3f-b102-6b3f7d392be0: 960
f66bc75e-778b-5037-af86-b5275cd4c79f: 865

# samples per stage
0: 9109
1: 2878
2: 26255
3: 6343
4: 9114
[2023-10-17 14:34:47,917][INFO][data_loaders:43] - class distribution after data reduction:
# samples per subject
039ce8ad-a7fa-5272-a3e3-1f4bfebdd087: 16470
b3706da5-748b-5dd1-a552-f57e4456cdf6: 18738
c8110476-594c-533d-95bd-86147fccc987: 17910

# samples per stage
0: 8604
1: 2574
2: 24498
3: 4986
4: 12456
[2023-10-17 14:34:47,928][INFO][base_pretraining_fe:55] - Loading model from exp004b-m1-simple_multi_class-2023-10-17_12-41-35-final.pth
[2023-10-17 14:34:48,229][INFO][data_loaders:39] - class distribution before data reduction:
# samples per subject
0416d51f-5d69-5326-b74a-a2e31a96a1ef: 822
119f9726-eb4c-5a0e-a7bb-9e15256149a1: 932
1fa6c401-d819-50f5-8146-a0bb9e2b2516: 986
22bea84c-5d23-5e49-bc2d-9764f883955b: 1048
25a6b2b0-4d09-561b-82c6-f09bb271d3be: 1063
6a7503ac-ab3a-5d5b-b474-4b0fe37748dd: 1213
a30245e3-4a71-565f-9636-92e7d2e825fc: 1122
b3534fa3-7676-50dc-8412-07f0eff4f7a9: 757

# samples per stage
0: 1372
1: 412
2: 3945
3: 905
4: 1309
[2023-10-17 14:34:48,247][INFO][data_loaders:43] - class distribution after data reduction:
# samples per subject
0416d51f-5d69-5326-b74a-a2e31a96a1ef: 822
119f9726-eb4c-5a0e-a7bb-9e15256149a1: 932
1fa6c401-d819-50f5-8146-a0bb9e2b2516: 986
22bea84c-5d23-5e49-bc2d-9764f883955b: 1048
25a6b2b0-4d09-561b-82c6-f09bb271d3be: 1063
6a7503ac-ab3a-5d5b-b474-4b0fe37748dd: 1213
a30245e3-4a71-565f-9636-92e7d2e825fc: 1122
b3534fa3-7676-50dc-8412-07f0eff4f7a9: 757

# samples per stage
0: 1372
1: 412
2: 3945
3: 905
4: 1309
[2023-10-17 14:34:48,257][INFO][clas_trainer:49] - metrics before training (epoch 0):
[2023-10-17 14:35:03,913][INFO][clas_evaluator:99] - dataset: earlystopping, avg f1-score: 0.1427
[2023-10-17 14:35:14,196][INFO][clas_trainer:133] - train epoch: 1 [5280/53118 (10%)], lr: ['1.00e-04', '1.00e-04'], loss: 1.196382
[2023-10-17 14:35:23,861][INFO][clas_trainer:133] - train epoch: 1 [10592/53118 (20%)], lr: ['1.00e-04', '1.00e-04'], loss: 0.554703
[2023-10-17 14:35:33,622][INFO][clas_trainer:133] - train epoch: 1 [15904/53118 (30%)], lr: ['1.00e-04', '1.00e-04'], loss: 0.594524
[2023-10-17 14:35:43,476][INFO][clas_trainer:133] - train epoch: 1 [21216/53118 (40%)], lr: ['1.00e-04', '1.00e-04'], loss: 0.671485
[2023-10-17 14:35:53,279][INFO][clas_trainer:133] - train epoch: 1 [26528/53118 (50%)], lr: ['1.00e-04', '1.00e-04'], loss: 0.592430
[2023-10-17 14:36:02,924][INFO][clas_trainer:133] - train epoch: 1 [31840/53118 (60%)], lr: ['1.00e-04', '1.00e-04'], loss: 0.127073
[2023-10-17 14:36:12,658][INFO][clas_trainer:133] - train epoch: 1 [37152/53118 (70%)], lr: ['1.00e-04', '1.00e-04'], loss: 0.581336
[2023-10-17 14:36:22,434][INFO][clas_trainer:133] - train epoch: 1 [42464/53118 (80%)], lr: ['1.00e-04', '1.00e-04'], loss: 0.304277
[2023-10-17 14:36:32,062][INFO][clas_trainer:133] - train epoch: 1 [47776/53118 (90%)], lr: ['1.00e-04', '1.00e-04'], loss: 0.397800
[2023-10-17 14:36:41,998][INFO][clas_trainer:133] - train epoch: 1 [49770/53118 (100%)], lr: ['1.00e-04', '1.00e-04'], loss: 0.201385
[2023-10-17 14:36:57,459][INFO][clas_trainer:63] - [epoch   1] execution time: 113.55s	metrics:
[2023-10-17 14:36:57,459][INFO][clas_evaluator:99] - dataset: earlystopping, avg f1-score: 0.6533
[2023-10-17 14:36:57,514][INFO][base_model:51] - snapshot saved to XXX/frequency-pretraining/models/exp004c-m27-base_fe_clas-2023-10-17_13-14-37-final.pth
[2023-10-17 14:37:07,872][INFO][clas_trainer:133] - train epoch: 2 [5280/53118 (10%)], lr: ['1.00e-04', '1.00e-04'], loss: 0.594433
[2023-10-17 14:37:17,899][INFO][clas_trainer:133] - train epoch: 2 [10592/53118 (20%)], lr: ['1.00e-04', '1.00e-04'], loss: 0.307894
[2023-10-17 14:37:27,997][INFO][clas_trainer:133] - train epoch: 2 [15904/53118 (30%)], lr: ['1.00e-04', '1.00e-04'], loss: 0.045997
[2023-10-17 14:37:37,771][INFO][clas_trainer:133] - train epoch: 2 [21216/53118 (40%)], lr: ['1.00e-04', '1.00e-04'], loss: 0.226254
[2023-10-17 14:37:47,565][INFO][clas_trainer:133] - train epoch: 2 [26528/53118 (50%)], lr: ['1.00e-04', '1.00e-04'], loss: 0.174161
[2023-10-17 14:37:57,405][INFO][clas_trainer:133] - train epoch: 2 [31840/53118 (60%)], lr: ['1.00e-04', '1.00e-04'], loss: 0.420220
[2023-10-17 14:38:07,463][INFO][clas_trainer:133] - train epoch: 2 [37152/53118 (70%)], lr: ['1.00e-04', '1.00e-04'], loss: 0.106767
[2023-10-17 14:38:17,164][INFO][clas_trainer:133] - train epoch: 2 [42464/53118 (80%)], lr: ['1.00e-04', '1.00e-04'], loss: 0.128540
[2023-10-17 14:38:27,271][INFO][clas_trainer:133] - train epoch: 2 [47776/53118 (90%)], lr: ['1.00e-04', '1.00e-04'], loss: 0.236182
[2023-10-17 14:38:37,077][INFO][clas_trainer:133] - train epoch: 2 [49770/53118 (100%)], lr: ['1.00e-04', '1.00e-04'], loss: 0.083525
[2023-10-17 14:38:52,680][INFO][clas_trainer:63] - [epoch   2] execution time: 115.17s	metrics:
[2023-10-17 14:38:52,680][INFO][clas_evaluator:99] - dataset: earlystopping, avg f1-score: 0.6304
[2023-10-17 14:39:03,046][INFO][clas_trainer:133] - train epoch: 3 [5280/53118 (10%)], lr: ['1.00e-04', '1.00e-04'], loss: 0.073329
[2023-10-17 14:39:12,719][INFO][clas_trainer:133] - train epoch: 3 [10592/53118 (20%)], lr: ['1.00e-04', '1.00e-04'], loss: 0.219761
[2023-10-17 14:39:22,633][INFO][clas_trainer:133] - train epoch: 3 [15904/53118 (30%)], lr: ['1.00e-04', '1.00e-04'], loss: 0.250790
[2023-10-17 14:39:32,301][INFO][clas_trainer:133] - train epoch: 3 [21216/53118 (40%)], lr: ['1.00e-04', '1.00e-04'], loss: 0.067023
[2023-10-17 14:39:41,957][INFO][clas_trainer:133] - train epoch: 3 [26528/53118 (50%)], lr: ['1.00e-04', '1.00e-04'], loss: 0.356615
[2023-10-17 14:39:52,093][INFO][clas_trainer:133] - train epoch: 3 [31840/53118 (60%)], lr: ['1.00e-04', '1.00e-04'], loss: 0.098812
[2023-10-17 14:40:01,790][INFO][clas_trainer:133] - train epoch: 3 [37152/53118 (70%)], lr: ['1.00e-04', '1.00e-04'], loss: 0.152491
[2023-10-17 14:40:11,691][INFO][clas_trainer:133] - train epoch: 3 [42464/53118 (80%)], lr: ['1.00e-04', '1.00e-04'], loss: 0.113240
[2023-10-17 14:40:21,443][INFO][clas_trainer:133] - train epoch: 3 [47776/53118 (90%)], lr: ['1.00e-04', '1.00e-04'], loss: 0.083039
[2023-10-17 14:40:30,999][INFO][clas_trainer:133] - train epoch: 3 [49770/53118 (100%)], lr: ['1.00e-04', '1.00e-04'], loss: 0.165715
[2023-10-17 14:40:46,623][INFO][clas_trainer:63] - [epoch   3] execution time: 113.94s	metrics:
[2023-10-17 14:40:46,623][INFO][clas_evaluator:99] - dataset: earlystopping, avg f1-score: 0.6476
[2023-10-17 14:40:56,890][INFO][clas_trainer:133] - train epoch: 4 [5280/53118 (10%)], lr: ['1.00e-04', '1.00e-04'], loss: 0.050572
[2023-10-17 14:41:06,700][INFO][clas_trainer:133] - train epoch: 4 [10592/53118 (20%)], lr: ['1.00e-04', '1.00e-04'], loss: 0.199012
[2023-10-17 14:41:16,697][INFO][clas_trainer:133] - train epoch: 4 [15904/53118 (30%)], lr: ['1.00e-04', '1.00e-04'], loss: 0.417148
[2023-10-17 14:41:26,524][INFO][clas_trainer:133] - train epoch: 4 [21216/53118 (40%)], lr: ['1.00e-04', '1.00e-04'], loss: 0.079228
[2023-10-17 14:41:36,108][INFO][clas_trainer:133] - train epoch: 4 [26528/53118 (50%)], lr: ['1.00e-04', '1.00e-04'], loss: 0.215794
[2023-10-17 14:41:46,179][INFO][clas_trainer:133] - train epoch: 4 [31840/53118 (60%)], lr: ['1.00e-04', '1.00e-04'], loss: 0.115598
[2023-10-17 14:41:55,832][INFO][clas_trainer:133] - train epoch: 4 [37152/53118 (70%)], lr: ['1.00e-04', '1.00e-04'], loss: 0.162583
[2023-10-17 14:42:05,693][INFO][clas_trainer:133] - train epoch: 4 [42464/53118 (80%)], lr: ['1.00e-04', '1.00e-04'], loss: 0.296059
[2023-10-17 14:42:15,282][INFO][clas_trainer:133] - train epoch: 4 [47776/53118 (90%)], lr: ['1.00e-04', '1.00e-04'], loss: 0.160499
[2023-10-17 14:42:24,909][INFO][clas_trainer:133] - train epoch: 4 [49770/53118 (100%)], lr: ['1.00e-04', '1.00e-04'], loss: 0.145214
[2023-10-17 14:42:40,251][INFO][clas_trainer:63] - [epoch   4] execution time: 113.63s	metrics:
[2023-10-17 14:42:40,252][INFO][clas_evaluator:99] - dataset: earlystopping, avg f1-score: 0.6582
[2023-10-17 14:42:40,307][INFO][base_model:51] - snapshot saved to XXX/frequency-pretraining/models/exp004c-m27-base_fe_clas-2023-10-17_13-14-37-final.pth
[2023-10-17 14:42:50,802][INFO][clas_trainer:133] - train epoch: 5 [5280/53118 (10%)], lr: ['1.00e-04', '1.00e-04'], loss: 0.039356
[2023-10-17 14:43:00,602][INFO][clas_trainer:133] - train epoch: 5 [10592/53118 (20%)], lr: ['1.00e-04', '1.00e-04'], loss: 0.097907
[2023-10-17 14:43:10,590][INFO][clas_trainer:133] - train epoch: 5 [15904/53118 (30%)], lr: ['1.00e-04', '1.00e-04'], loss: 0.086329
[2023-10-17 14:43:20,520][INFO][clas_trainer:133] - train epoch: 5 [21216/53118 (40%)], lr: ['1.00e-04', '1.00e-04'], loss: 0.210833
[2023-10-17 14:43:30,639][INFO][clas_trainer:133] - train epoch: 5 [26528/53118 (50%)], lr: ['1.00e-04', '1.00e-04'], loss: 0.044437
[2023-10-17 14:43:40,558][INFO][clas_trainer:133] - train epoch: 5 [31840/53118 (60%)], lr: ['1.00e-04', '1.00e-04'], loss: 0.127689
[2023-10-17 14:43:50,178][INFO][clas_trainer:133] - train epoch: 5 [37152/53118 (70%)], lr: ['1.00e-04', '1.00e-04'], loss: 0.086217
[2023-10-17 14:44:00,131][INFO][clas_trainer:133] - train epoch: 5 [42464/53118 (80%)], lr: ['1.00e-04', '1.00e-04'], loss: 0.133156
[2023-10-17 14:44:09,904][INFO][clas_trainer:133] - train epoch: 5 [47776/53118 (90%)], lr: ['1.00e-04', '1.00e-04'], loss: 0.271108
[2023-10-17 14:44:19,585][INFO][clas_trainer:133] - train epoch: 5 [49770/53118 (100%)], lr: ['1.00e-04', '1.00e-04'], loss: 0.186526
[2023-10-17 14:44:35,058][INFO][clas_trainer:63] - [epoch   5] execution time: 114.75s	metrics:
[2023-10-17 14:44:35,058][INFO][clas_evaluator:99] - dataset: earlystopping, avg f1-score: 0.6357
[2023-10-17 14:44:45,504][INFO][clas_trainer:133] - train epoch: 6 [5280/53118 (10%)], lr: ['1.00e-04', '1.00e-04'], loss: 0.033619
[2023-10-17 14:44:55,119][INFO][clas_trainer:133] - train epoch: 6 [10592/53118 (20%)], lr: ['1.00e-04', '1.00e-04'], loss: 0.008044
[2023-10-17 14:45:05,098][INFO][clas_trainer:133] - train epoch: 6 [15904/53118 (30%)], lr: ['1.00e-04', '1.00e-04'], loss: 0.040565
[2023-10-17 14:45:14,938][INFO][clas_trainer:133] - train epoch: 6 [21216/53118 (40%)], lr: ['1.00e-04', '1.00e-04'], loss: 0.101349
[2023-10-17 14:45:24,514][INFO][clas_trainer:133] - train epoch: 6 [26528/53118 (50%)], lr: ['1.00e-04', '1.00e-04'], loss: 0.013604
[2023-10-17 14:45:34,233][INFO][clas_trainer:133] - train epoch: 6 [31840/53118 (60%)], lr: ['1.00e-04', '1.00e-04'], loss: 0.019613
[2023-10-17 14:45:44,044][INFO][clas_trainer:133] - train epoch: 6 [37152/53118 (70%)], lr: ['1.00e-04', '1.00e-04'], loss: 0.095132
[2023-10-17 14:45:53,775][INFO][clas_trainer:133] - train epoch: 6 [42464/53118 (80%)], lr: ['1.00e-04', '1.00e-04'], loss: 0.035955
[2023-10-17 14:46:03,460][INFO][clas_trainer:133] - train epoch: 6 [47776/53118 (90%)], lr: ['1.00e-04', '1.00e-04'], loss: 0.076430
[2023-10-17 14:46:13,265][INFO][clas_trainer:133] - train epoch: 6 [49770/53118 (100%)], lr: ['1.00e-04', '1.00e-04'], loss: 0.055244
[2023-10-17 14:46:28,833][INFO][clas_trainer:63] - [epoch   6] execution time: 113.77s	metrics:
[2023-10-17 14:46:28,833][INFO][clas_evaluator:99] - dataset: earlystopping, avg f1-score: 0.6551
[2023-10-17 14:46:39,064][INFO][clas_trainer:133] - train epoch: 7 [5280/53118 (10%)], lr: ['1.00e-04', '1.00e-04'], loss: 0.199494
[2023-10-17 14:46:49,083][INFO][clas_trainer:133] - train epoch: 7 [10592/53118 (20%)], lr: ['1.00e-04', '1.00e-04'], loss: 0.024404
[2023-10-17 14:46:58,942][INFO][clas_trainer:133] - train epoch: 7 [15904/53118 (30%)], lr: ['1.00e-04', '1.00e-04'], loss: 0.099637
[2023-10-17 14:47:08,594][INFO][clas_trainer:133] - train epoch: 7 [21216/53118 (40%)], lr: ['1.00e-04', '1.00e-04'], loss: 0.014248
[2023-10-17 14:47:18,504][INFO][clas_trainer:133] - train epoch: 7 [26528/53118 (50%)], lr: ['1.00e-04', '1.00e-04'], loss: 0.127306
[2023-10-17 14:47:28,381][INFO][clas_trainer:133] - train epoch: 7 [31840/53118 (60%)], lr: ['1.00e-04', '1.00e-04'], loss: 0.035117
[2023-10-17 14:47:38,348][INFO][clas_trainer:133] - train epoch: 7 [37152/53118 (70%)], lr: ['1.00e-04', '1.00e-04'], loss: 0.049730
[2023-10-17 14:47:48,326][INFO][clas_trainer:133] - train epoch: 7 [42464/53118 (80%)], lr: ['1.00e-04', '1.00e-04'], loss: 0.016533
[2023-10-17 14:47:57,966][INFO][clas_trainer:133] - train epoch: 7 [47776/53118 (90%)], lr: ['1.00e-04', '1.00e-04'], loss: 0.024758
[2023-10-17 14:48:07,817][INFO][clas_trainer:133] - train epoch: 7 [49770/53118 (100%)], lr: ['1.00e-04', '1.00e-04'], loss: 0.003070
[2023-10-17 14:48:23,553][INFO][clas_trainer:63] - [epoch   7] execution time: 114.72s	metrics:
[2023-10-17 14:48:23,554][INFO][clas_evaluator:99] - dataset: earlystopping, avg f1-score: 0.6446
[2023-10-17 14:48:33,955][INFO][clas_trainer:133] - train epoch: 8 [5280/53118 (10%)], lr: ['1.00e-04', '1.00e-04'], loss: 0.002958
[2023-10-17 14:48:43,909][INFO][clas_trainer:133] - train epoch: 8 [10592/53118 (20%)], lr: ['1.00e-04', '1.00e-04'], loss: 0.061677
[2023-10-17 14:48:53,891][INFO][clas_trainer:133] - train epoch: 8 [15904/53118 (30%)], lr: ['1.00e-04', '1.00e-04'], loss: 0.020260
[2023-10-17 14:49:03,490][INFO][clas_trainer:133] - train epoch: 8 [21216/53118 (40%)], lr: ['1.00e-04', '1.00e-04'], loss: 0.007950
[2023-10-17 14:49:13,176][INFO][clas_trainer:133] - train epoch: 8 [26528/53118 (50%)], lr: ['1.00e-04', '1.00e-04'], loss: 0.003586
[2023-10-17 14:49:22,761][INFO][clas_trainer:133] - train epoch: 8 [31840/53118 (60%)], lr: ['1.00e-04', '1.00e-04'], loss: 0.043339
[2023-10-17 14:49:32,637][INFO][clas_trainer:133] - train epoch: 8 [37152/53118 (70%)], lr: ['1.00e-04', '1.00e-04'], loss: 0.068641
[2023-10-17 14:49:42,533][INFO][clas_trainer:133] - train epoch: 8 [42464/53118 (80%)], lr: ['1.00e-04', '1.00e-04'], loss: 0.034623
[2023-10-17 14:49:52,289][INFO][clas_trainer:133] - train epoch: 8 [47776/53118 (90%)], lr: ['1.00e-04', '1.00e-04'], loss: 0.102817
[2023-10-17 14:50:02,293][INFO][clas_trainer:133] - train epoch: 8 [49770/53118 (100%)], lr: ['1.00e-04', '1.00e-04'], loss: 0.017291
[2023-10-17 14:50:17,680][INFO][clas_trainer:63] - [epoch   8] execution time: 114.13s	metrics:
[2023-10-17 14:50:17,680][INFO][clas_evaluator:99] - dataset: earlystopping, avg f1-score: 0.6202
[2023-10-17 14:50:27,858][INFO][clas_trainer:133] - train epoch: 9 [5280/53118 (10%)], lr: ['1.00e-04', '1.00e-04'], loss: 0.034772
[2023-10-17 14:50:37,572][INFO][clas_trainer:133] - train epoch: 9 [10592/53118 (20%)], lr: ['1.00e-04', '1.00e-04'], loss: 0.009194
[2023-10-17 14:50:47,453][INFO][clas_trainer:133] - train epoch: 9 [15904/53118 (30%)], lr: ['1.00e-04', '1.00e-04'], loss: 0.035399
[2023-10-17 14:50:57,411][INFO][clas_trainer:133] - train epoch: 9 [21216/53118 (40%)], lr: ['1.00e-04', '1.00e-04'], loss: 0.002768
[2023-10-17 14:51:07,051][INFO][clas_trainer:133] - train epoch: 9 [26528/53118 (50%)], lr: ['1.00e-04', '1.00e-04'], loss: 0.004663
[2023-10-17 14:51:16,773][INFO][clas_trainer:133] - train epoch: 9 [31840/53118 (60%)], lr: ['1.00e-04', '1.00e-04'], loss: 0.191434
[2023-10-17 14:51:26,532][INFO][clas_trainer:133] - train epoch: 9 [37152/53118 (70%)], lr: ['1.00e-04', '1.00e-04'], loss: 0.014339
[2023-10-17 14:51:36,037][INFO][clas_trainer:133] - train epoch: 9 [42464/53118 (80%)], lr: ['1.00e-04', '1.00e-04'], loss: 0.062720
[2023-10-17 14:51:46,060][INFO][clas_trainer:133] - train epoch: 9 [47776/53118 (90%)], lr: ['1.00e-04', '1.00e-04'], loss: 0.149938
[2023-10-17 14:51:55,914][INFO][clas_trainer:133] - train epoch: 9 [49770/53118 (100%)], lr: ['1.00e-04', '1.00e-04'], loss: 0.005370
[2023-10-17 14:52:11,455][INFO][clas_trainer:63] - [epoch   9] execution time: 113.78s	metrics:
[2023-10-17 14:52:11,456][INFO][clas_evaluator:99] - dataset: earlystopping, avg f1-score: 0.6317
[2023-10-17 14:52:21,815][INFO][clas_trainer:133] - train epoch: 10 [5280/53118 (10%)], lr: ['1.00e-04', '1.00e-04'], loss: 0.082058
[2023-10-17 14:52:31,812][INFO][clas_trainer:133] - train epoch: 10 [10592/53118 (20%)], lr: ['1.00e-04', '1.00e-04'], loss: 0.005813
[2023-10-17 14:52:41,420][INFO][clas_trainer:133] - train epoch: 10 [15904/53118 (30%)], lr: ['1.00e-04', '1.00e-04'], loss: 0.059860
[2023-10-17 14:52:51,562][INFO][clas_trainer:133] - train epoch: 10 [21216/53118 (40%)], lr: ['1.00e-04', '1.00e-04'], loss: 0.068438
[2023-10-17 14:53:01,368][INFO][clas_trainer:133] - train epoch: 10 [26528/53118 (50%)], lr: ['1.00e-04', '1.00e-04'], loss: 0.023811
[2023-10-17 14:53:11,098][INFO][clas_trainer:133] - train epoch: 10 [31840/53118 (60%)], lr: ['1.00e-04', '1.00e-04'], loss: 0.014660
[2023-10-17 14:53:20,792][INFO][clas_trainer:133] - train epoch: 10 [37152/53118 (70%)], lr: ['1.00e-04', '1.00e-04'], loss: 0.040631
[2023-10-17 14:53:30,683][INFO][clas_trainer:133] - train epoch: 10 [42464/53118 (80%)], lr: ['1.00e-04', '1.00e-04'], loss: 0.024785
[2023-10-17 14:53:40,375][INFO][clas_trainer:133] - train epoch: 10 [47776/53118 (90%)], lr: ['1.00e-04', '1.00e-04'], loss: 0.129828
[2023-10-17 14:53:50,471][INFO][clas_trainer:133] - train epoch: 10 [49770/53118 (100%)], lr: ['1.00e-04', '1.00e-04'], loss: 0.008499
[2023-10-17 14:54:06,267][INFO][clas_trainer:63] - [epoch  10] execution time: 114.81s	metrics:
[2023-10-17 14:54:06,267][INFO][clas_evaluator:99] - dataset: earlystopping, avg f1-score: 0.6281
[2023-10-17 14:54:16,732][INFO][clas_trainer:133] - train epoch: 11 [5280/53118 (10%)], lr: ['1.00e-04', '1.00e-04'], loss: 0.013749
[2023-10-17 14:54:26,395][INFO][clas_trainer:133] - train epoch: 11 [10592/53118 (20%)], lr: ['1.00e-04', '1.00e-04'], loss: 0.006566
[2023-10-17 14:54:36,198][INFO][clas_trainer:133] - train epoch: 11 [15904/53118 (30%)], lr: ['1.00e-04', '1.00e-04'], loss: 0.011247
[2023-10-17 14:54:45,794][INFO][clas_trainer:133] - train epoch: 11 [21216/53118 (40%)], lr: ['1.00e-04', '1.00e-04'], loss: 0.025817
[2023-10-17 14:54:55,770][INFO][clas_trainer:133] - train epoch: 11 [26528/53118 (50%)], lr: ['1.00e-04', '1.00e-04'], loss: 0.003608
[2023-10-17 14:55:06,047][INFO][clas_trainer:133] - train epoch: 11 [31840/53118 (60%)], lr: ['1.00e-04', '1.00e-04'], loss: 0.003224
[2023-10-17 14:55:16,063][INFO][clas_trainer:133] - train epoch: 11 [37152/53118 (70%)], lr: ['1.00e-04', '1.00e-04'], loss: 0.086662
[2023-10-17 14:55:25,648][INFO][clas_trainer:133] - train epoch: 11 [42464/53118 (80%)], lr: ['1.00e-04', '1.00e-04'], loss: 0.010421
[2023-10-17 14:55:35,666][INFO][clas_trainer:133] - train epoch: 11 [47776/53118 (90%)], lr: ['1.00e-04', '1.00e-04'], loss: 0.006243
[2023-10-17 14:55:45,317][INFO][clas_trainer:133] - train epoch: 11 [49770/53118 (100%)], lr: ['1.00e-04', '1.00e-04'], loss: 0.004524
[2023-10-17 14:56:00,935][INFO][clas_trainer:63] - [epoch  11] execution time: 114.67s	metrics:
[2023-10-17 14:56:00,935][INFO][clas_evaluator:99] - dataset: earlystopping, avg f1-score: 0.6196
[2023-10-17 14:56:11,317][INFO][clas_trainer:133] - train epoch: 12 [5280/53118 (10%)], lr: ['1.00e-04', '1.00e-04'], loss: 0.002984
[2023-10-17 14:56:20,994][INFO][clas_trainer:133] - train epoch: 12 [10592/53118 (20%)], lr: ['1.00e-04', '1.00e-04'], loss: 0.002324
[2023-10-17 14:56:30,896][INFO][clas_trainer:133] - train epoch: 12 [15904/53118 (30%)], lr: ['1.00e-04', '1.00e-04'], loss: 0.006418
[2023-10-17 14:56:40,401][INFO][clas_trainer:133] - train epoch: 12 [21216/53118 (40%)], lr: ['1.00e-04', '1.00e-04'], loss: 0.005783
[2023-10-17 14:56:50,219][INFO][clas_trainer:133] - train epoch: 12 [26528/53118 (50%)], lr: ['1.00e-04', '1.00e-04'], loss: 0.074668
[2023-10-17 14:57:00,125][INFO][clas_trainer:133] - train epoch: 12 [31840/53118 (60%)], lr: ['1.00e-04', '1.00e-04'], loss: 0.008653
[2023-10-17 14:57:09,923][INFO][clas_trainer:133] - train epoch: 12 [37152/53118 (70%)], lr: ['1.00e-04', '1.00e-04'], loss: 0.004284
[2023-10-17 14:57:19,848][INFO][clas_trainer:133] - train epoch: 12 [42464/53118 (80%)], lr: ['1.00e-04', '1.00e-04'], loss: 0.002769
[2023-10-17 14:57:29,536][INFO][clas_trainer:133] - train epoch: 12 [47776/53118 (90%)], lr: ['1.00e-04', '1.00e-04'], loss: 0.020805
[2023-10-17 14:57:39,461][INFO][clas_trainer:133] - train epoch: 12 [49770/53118 (100%)], lr: ['1.00e-04', '1.00e-04'], loss: 0.003844
[2023-10-17 14:57:55,202][INFO][clas_trainer:63] - [epoch  12] execution time: 114.27s	metrics:
[2023-10-17 14:57:55,202][INFO][clas_evaluator:99] - dataset: earlystopping, avg f1-score: 0.6029
[2023-10-17 14:58:05,465][INFO][clas_trainer:133] - train epoch: 13 [5280/53118 (10%)], lr: ['1.00e-04', '1.00e-04'], loss: 0.002367
[2023-10-17 14:58:15,254][INFO][clas_trainer:133] - train epoch: 13 [10592/53118 (20%)], lr: ['1.00e-04', '1.00e-04'], loss: 0.011325
[2023-10-17 14:58:25,129][INFO][clas_trainer:133] - train epoch: 13 [15904/53118 (30%)], lr: ['1.00e-04', '1.00e-04'], loss: 0.001065
[2023-10-17 14:58:34,933][INFO][clas_trainer:133] - train epoch: 13 [21216/53118 (40%)], lr: ['1.00e-04', '1.00e-04'], loss: 0.005264
[2023-10-17 14:58:44,790][INFO][clas_trainer:133] - train epoch: 13 [26528/53118 (50%)], lr: ['1.00e-04', '1.00e-04'], loss: 0.041144
[2023-10-17 14:58:54,675][INFO][clas_trainer:133] - train epoch: 13 [31840/53118 (60%)], lr: ['1.00e-04', '1.00e-04'], loss: 0.006587
[2023-10-17 14:59:04,547][INFO][clas_trainer:133] - train epoch: 13 [37152/53118 (70%)], lr: ['1.00e-04', '1.00e-04'], loss: 0.003056
[2023-10-17 14:59:14,047][INFO][clas_trainer:133] - train epoch: 13 [42464/53118 (80%)], lr: ['1.00e-04', '1.00e-04'], loss: 0.002816
[2023-10-17 14:59:24,036][INFO][clas_trainer:133] - train epoch: 13 [47776/53118 (90%)], lr: ['1.00e-04', '1.00e-04'], loss: 0.001240
[2023-10-17 14:59:33,897][INFO][clas_trainer:133] - train epoch: 13 [49770/53118 (100%)], lr: ['1.00e-04', '1.00e-04'], loss: 0.020548
[2023-10-17 14:59:49,294][INFO][clas_trainer:63] - [epoch  13] execution time: 114.09s	metrics:
[2023-10-17 14:59:49,294][INFO][clas_evaluator:99] - dataset: earlystopping, avg f1-score: 0.6480
[2023-10-17 14:59:59,503][INFO][clas_trainer:133] - train epoch: 14 [5280/53118 (10%)], lr: ['1.00e-04', '1.00e-04'], loss: 0.006956
[2023-10-17 15:00:09,228][INFO][clas_trainer:133] - train epoch: 14 [10592/53118 (20%)], lr: ['1.00e-04', '1.00e-04'], loss: 0.018189
[2023-10-17 15:00:19,151][INFO][clas_trainer:133] - train epoch: 14 [15904/53118 (30%)], lr: ['1.00e-04', '1.00e-04'], loss: 0.108629
[2023-10-17 15:00:28,776][INFO][clas_trainer:133] - train epoch: 14 [21216/53118 (40%)], lr: ['1.00e-04', '1.00e-04'], loss: 0.001680
[2023-10-17 15:00:38,718][INFO][clas_trainer:133] - train epoch: 14 [26528/53118 (50%)], lr: ['1.00e-04', '1.00e-04'], loss: 0.020192
[2023-10-17 15:00:48,484][INFO][clas_trainer:133] - train epoch: 14 [31840/53118 (60%)], lr: ['1.00e-04', '1.00e-04'], loss: 0.021600
[2023-10-17 15:00:58,503][INFO][clas_trainer:133] - train epoch: 14 [37152/53118 (70%)], lr: ['1.00e-04', '1.00e-04'], loss: 0.009291
[2023-10-17 15:01:08,147][INFO][clas_trainer:133] - train epoch: 14 [42464/53118 (80%)], lr: ['1.00e-04', '1.00e-04'], loss: 0.000945
[2023-10-17 15:01:18,083][INFO][clas_trainer:133] - train epoch: 14 [47776/53118 (90%)], lr: ['1.00e-04', '1.00e-04'], loss: 0.000839
[2023-10-17 15:01:27,485][INFO][clas_trainer:133] - train epoch: 14 [49770/53118 (100%)], lr: ['1.00e-04', '1.00e-04'], loss: 0.007111
[2023-10-17 15:01:43,178][INFO][clas_trainer:63] - [epoch  14] execution time: 113.88s	metrics:
[2023-10-17 15:01:43,178][INFO][clas_evaluator:99] - dataset: earlystopping, avg f1-score: 0.6117
[2023-10-17 15:01:43,184][INFO][clas_trainer:79] - finished training
[2023-10-17 15:01:43,184][INFO][clas_trainer:80] - best model on epoch: 4 	f1-score: 0.6582
