[2024-03-01 21:41:27,962][INFO][fine-tune:33] - Using GPU 0
[2024-03-01 21:41:27,973][INFO][fine-tune:43] - overrides:
hydra:
- hydra.launcher.n_jobs=10
- hydra.mode=MULTIRUN
task:
- m_seed_path_sids={seeds:[9,9,9,9,9],path:"exp001b-m9-simple_multi_class-2024-03-01_15-35-58-final.pth",subject_ids:{dod_o_h:$\{data.dod_o_h.cv_5_fold.fold_5\}}}
- data.downstream.train_dataloader.dataset.data_reducer.n_subjects=1
- general.gpus=[0]

[2024-03-01 21:41:35,539][INFO][data_loaders:71] - class distribution before data reduction:
# samples per subject
02fb158a-a658-51ee-89cf-1e1dc2ebfde1: 861
03341d0d-5927-5838-8a5f-1b8ef39d8f57: 1063
039ce8ad-a7fa-5272-a3e3-1f4bfebdd087: 915
095d6e40-5f19-55b6-a0ec-6e0ad3793da0: 1192
0d79f4b1-e74f-5e87-8e42-f9dd7112ada5: 968
100df108-eb57-5eaa-a413-f7e4436a7895: 952
14c012bd-65b0-56f5-bc74-2dffcea69837: 969
16450f5a-9b65-5536-85e1-93816c8b89eb: 816
18482adf-1144-54ca-9e35-27f65c43a105: 824
18ede714-aba3-5ad8-bb1a-18fc9b1c4192: 995
1da3544e-dc5c-5795-adc3-f5068959211f: 955
2159377e-ebf3-5565-9014-1e2ae69dc1d2: 907
2e865ca9-e20f-5a6f-bd25-45d28cc9eab9: 950
32556393-bb57-560a-99e8-e09885219647: 1106
37d0da97-9ae8-5413-b889-4e843ff35488: 1011
3dd35e7b-d7e2-516d-8a85-e0d58a59569f: 1093
3e842aa8-bcd9-521e-93a2-72124233fe2c: 620
40e25dd4-6087-5747-b9c2-4838ada86b15: 1076
47f45aa2-31c4-595b-bdb6-f1348bba062b: 1032
4b72b905-5521-5c57-b666-e20ff9bb195f: 868
4e3c4ac4-69e2-5347-a3b0-662c204d259d: 926
5b94ec8a-c34d-5e45-84d1-bec2ea965609: 1090
5bf0f969-304c-581e-949c-50c108f62846: 947
67fa8e29-6f4d-530e-9422-bbc3aca86ed0: 1046
6e2aa933-c51c-5a31-8c7b-83da8d076a12: 905
730aba3b-e310-5be0-9eed-7c3123466834: 1120
742f1592-627c-54eb-bbb5-ccd55ffae33a: 975
769df255-2284-50b3-8917-2155c759fbbd: 929
79e8a04e-0fdd-53ae-bedc-d49d08e29103: 918
7d778801-88e7-5086-ad1d-70f31a371876: 999
83c1394e-9c69-5c11-9102-9ff8d59b1cfd: 1011
844f68ba-265e-53e6-bf47-6c85d1804a7b: 957
90aef91a-252f-5ccc-a82e-78ea7ee9ca1f: 1089
a0c91989-530f-5117-80c1-2488dbed683c: 1017
a25b2296-343b-53f6-8792-ada2669d466e: 1008
a6254c8a-f1b2-5736-b601-18245dd5e0a5: 1084
a65a9e69-cddf-5711-9a97-de8bfdeb08cc: 961
a79d1f0e-c133-5aa0-8268-cdcc05825f0f: 1046
aa160c78-6da3-5e05-8fc9-d6c13e9f97e0: 1010
aadc9e0c-b7c3-5a47-851d-f21971d10935: 969
ad47bc12-199c-5294-9cb8-4351bbbf7b5e: 893
b2d3ccdd-395c-5dd2-81d9-252bcfc0c337: 902
b3706da5-748b-5dd1-a552-f57e4456cdf6: 1041
b5d5785d-87ee-5078-b9b9-aac6abd4d8de: 918
bb474ab0-c2ce-573b-8acd-ef86b0fa26a2: 1142
c03e27b0-4cb5-584f-aaea-8f1e1ed6513c: 1121
c11c730f-0b6b-580b-af31-d8f0ebbbdfce: 917
c31a47f9-e400-5841-a22b-521c81042603: 986
c8110476-594c-533d-95bd-86147fccc987: 995
c985916d-46a5-5c3e-9d50-a5a91f460bac: 1024
cebd3520-4e77-5222-a614-d2888e6afc2b: 1109
d5181c33-a43b-5dfe-8ad7-0337facb092a: 977
e59c45e0-0c0c-565f-84a9-6cf0ec5ef6c1: 844
e6b7cbef-4c9d-5541-82e8-04810de0fb60: 819
e8ec8ec4-dc48-50ce-985a-a06d87861030: 975
eb95076c-c470-56a4-b788-ace310f061c6: 965

# samples per stage
0: 9856
1: 3075
2: 26718
3: 5997
4: 9162
[2024-03-01 21:41:35,691][INFO][data_loaders:77] - class distribution after data reduction:
# samples per subject
16450f5a-9b65-5536-85e1-93816c8b89eb: 54672

# samples per stage
0: 29614
1: 5695
2: 19363
[2024-03-01 21:41:36,530][INFO][data_loaders:71] - class distribution before data reduction:
# samples per subject
0416d51f-5d69-5326-b74a-a2e31a96a1ef: 822
1fa6c401-d819-50f5-8146-a0bb9e2b2516: 986
22bea84c-5d23-5e49-bc2d-9764f883955b: 1048
25a6b2b0-4d09-561b-82c6-f09bb271d3be: 1063
a30245e3-4a71-565f-9636-92e7d2e825fc: 1122
a4568951-bf87-5bbc-bc4f-28e93c360be6: 975
b3534fa3-7676-50dc-8412-07f0eff4f7a9: 757
fc10ee0b-b863-511b-bce8-4dfa7af8ac3a: 910

# samples per stage
0: 1458
1: 408
2: 3702
3: 1050
4: 1065
[2024-03-01 21:41:36,550][INFO][data_loaders:77] - class distribution after data reduction:
# samples per subject
0416d51f-5d69-5326-b74a-a2e31a96a1ef: 822
1fa6c401-d819-50f5-8146-a0bb9e2b2516: 986
22bea84c-5d23-5e49-bc2d-9764f883955b: 1048
25a6b2b0-4d09-561b-82c6-f09bb271d3be: 1063
a30245e3-4a71-565f-9636-92e7d2e825fc: 1122
a4568951-bf87-5bbc-bc4f-28e93c360be6: 975
b3534fa3-7676-50dc-8412-07f0eff4f7a9: 757
fc10ee0b-b863-511b-bce8-4dfa7af8ac3a: 910

# samples per stage
0: 1458
1: 408
2: 3702
3: 1050
4: 1065
[2024-03-01 21:41:36,663][INFO][clas_trainer:82] - metrics before training (epoch 0):
[2024-03-01 21:41:41,093][INFO][clas_evaluator:69] - dataset: earlystopping, avg f1-score: 0.0638
[2024-03-01 21:41:47,817][INFO][clas_trainer:180] - train epoch: 1 [5408/54672 (10%)], lr: ['1.00e-04', '1.00e-04'], loss: 1.734169
[2024-03-01 21:41:54,354][INFO][clas_trainer:180] - train epoch: 1 [10848/54672 (20%)], lr: ['1.00e-04', '1.00e-04'], loss: 1.377369
[2024-03-01 21:42:00,730][INFO][clas_trainer:180] - train epoch: 1 [16288/54672 (30%)], lr: ['1.00e-04', '1.00e-04'], loss: 0.662288
[2024-03-01 21:42:07,210][INFO][clas_trainer:180] - train epoch: 1 [21728/54672 (40%)], lr: ['1.00e-04', '1.00e-04'], loss: 0.611393
[2024-03-01 21:42:13,879][INFO][clas_trainer:180] - train epoch: 1 [27168/54672 (50%)], lr: ['1.00e-04', '1.00e-04'], loss: 0.447272
[2024-03-01 21:42:20,462][INFO][clas_trainer:180] - train epoch: 1 [32608/54672 (60%)], lr: ['1.00e-04', '1.00e-04'], loss: 0.499781
[2024-03-01 21:42:27,130][INFO][clas_trainer:180] - train epoch: 1 [38048/54672 (70%)], lr: ['1.00e-04', '1.00e-04'], loss: 0.611431
[2024-03-01 21:42:33,598][INFO][clas_trainer:180] - train epoch: 1 [43488/54672 (80%)], lr: ['1.00e-04', '1.00e-04'], loss: 0.330281
[2024-03-01 21:42:39,989][INFO][clas_trainer:180] - train epoch: 1 [48928/54672 (89%)], lr: ['1.00e-04', '1.00e-04'], loss: 0.111549
[2024-03-01 21:42:46,375][INFO][clas_trainer:180] - train epoch: 1 [54368/54672 (99%)], lr: ['1.00e-04', '1.00e-04'], loss: 0.554074
[2024-03-01 21:42:50,780][INFO][clas_trainer:96] - [epoch   1] execution time: 69.69s	metrics:
[2024-03-01 21:42:50,781][INFO][clas_evaluator:69] - dataset: earlystopping, avg f1-score: 0.3311
[2024-03-01 21:42:50,816][INFO][base_model:70] - snapshot saved to /home/users/grieger/repos/frequency-pretraining/models/exp001a-m59-base_fe_clas-2024-03-01_18-01-50-final.pth
[2024-03-01 21:42:57,677][INFO][clas_trainer:180] - train epoch: 2 [5408/54672 (10%)], lr: ['1.00e-04', '1.00e-04'], loss: 0.284589
[2024-03-01 21:43:04,374][INFO][clas_trainer:180] - train epoch: 2 [10848/54672 (20%)], lr: ['1.00e-04', '1.00e-04'], loss: 0.704875
[2024-03-01 21:43:10,866][INFO][clas_trainer:180] - train epoch: 2 [16288/54672 (30%)], lr: ['1.00e-04', '1.00e-04'], loss: 0.190309
[2024-03-01 21:43:17,295][INFO][clas_trainer:180] - train epoch: 2 [21728/54672 (40%)], lr: ['1.00e-04', '1.00e-04'], loss: 0.107302
[2024-03-01 21:43:23,976][INFO][clas_trainer:180] - train epoch: 2 [27168/54672 (50%)], lr: ['1.00e-04', '1.00e-04'], loss: 0.208805
[2024-03-01 21:43:30,434][INFO][clas_trainer:180] - train epoch: 2 [32608/54672 (60%)], lr: ['1.00e-04', '1.00e-04'], loss: 0.217399
[2024-03-01 21:43:36,834][INFO][clas_trainer:180] - train epoch: 2 [38048/54672 (70%)], lr: ['1.00e-04', '1.00e-04'], loss: 0.190984
[2024-03-01 21:43:43,062][INFO][clas_trainer:180] - train epoch: 2 [43488/54672 (80%)], lr: ['1.00e-04', '1.00e-04'], loss: 0.361296
[2024-03-01 21:43:49,429][INFO][clas_trainer:180] - train epoch: 2 [48928/54672 (89%)], lr: ['1.00e-04', '1.00e-04'], loss: 0.081377
[2024-03-01 21:43:55,855][INFO][clas_trainer:180] - train epoch: 2 [54368/54672 (99%)], lr: ['1.00e-04', '1.00e-04'], loss: 0.173610
[2024-03-01 21:44:00,957][INFO][clas_trainer:96] - [epoch   2] execution time: 70.14s	metrics:
[2024-03-01 21:44:00,958][INFO][clas_evaluator:69] - dataset: earlystopping, avg f1-score: 0.3562
[2024-03-01 21:44:00,989][INFO][base_model:70] - snapshot saved to /home/users/grieger/repos/frequency-pretraining/models/exp001a-m59-base_fe_clas-2024-03-01_18-01-50-final.pth
[2024-03-01 21:44:08,233][INFO][clas_trainer:180] - train epoch: 3 [5408/54672 (10%)], lr: ['1.00e-04', '1.00e-04'], loss: 0.086865
[2024-03-01 21:44:14,713][INFO][clas_trainer:180] - train epoch: 3 [10848/54672 (20%)], lr: ['1.00e-04', '1.00e-04'], loss: 0.056209
[2024-03-01 21:44:20,745][INFO][clas_trainer:180] - train epoch: 3 [16288/54672 (30%)], lr: ['1.00e-04', '1.00e-04'], loss: 0.440047
[2024-03-01 21:44:28,009][INFO][clas_trainer:180] - train epoch: 3 [21728/54672 (40%)], lr: ['1.00e-04', '1.00e-04'], loss: 0.164650
[2024-03-01 21:44:34,533][INFO][clas_trainer:180] - train epoch: 3 [27168/54672 (50%)], lr: ['1.00e-04', '1.00e-04'], loss: 0.084570
[2024-03-01 21:44:40,806][INFO][clas_trainer:180] - train epoch: 3 [32608/54672 (60%)], lr: ['1.00e-04', '1.00e-04'], loss: 0.041590
[2024-03-01 21:44:47,296][INFO][clas_trainer:180] - train epoch: 3 [38048/54672 (70%)], lr: ['1.00e-04', '1.00e-04'], loss: 0.099472
[2024-03-01 21:44:53,905][INFO][clas_trainer:180] - train epoch: 3 [43488/54672 (80%)], lr: ['1.00e-04', '1.00e-04'], loss: 0.171804
[2024-03-01 21:45:00,430][INFO][clas_trainer:180] - train epoch: 3 [48928/54672 (89%)], lr: ['1.00e-04', '1.00e-04'], loss: 0.046295
[2024-03-01 21:45:07,013][INFO][clas_trainer:180] - train epoch: 3 [54368/54672 (99%)], lr: ['1.00e-04', '1.00e-04'], loss: 0.209900
[2024-03-01 21:45:11,692][INFO][clas_trainer:96] - [epoch   3] execution time: 70.70s	metrics:
[2024-03-01 21:45:11,692][INFO][clas_evaluator:69] - dataset: earlystopping, avg f1-score: 0.3678
[2024-03-01 21:45:11,726][INFO][base_model:70] - snapshot saved to /home/users/grieger/repos/frequency-pretraining/models/exp001a-m59-base_fe_clas-2024-03-01_18-01-50-final.pth
[2024-03-01 21:45:18,667][INFO][clas_trainer:180] - train epoch: 4 [5408/54672 (10%)], lr: ['1.00e-04', '1.00e-04'], loss: 0.096944
[2024-03-01 21:45:25,328][INFO][clas_trainer:180] - train epoch: 4 [10848/54672 (20%)], lr: ['1.00e-04', '1.00e-04'], loss: 0.070363
[2024-03-01 21:45:31,758][INFO][clas_trainer:180] - train epoch: 4 [16288/54672 (30%)], lr: ['1.00e-04', '1.00e-04'], loss: 0.031673
[2024-03-01 21:45:37,769][INFO][clas_trainer:180] - train epoch: 4 [21728/54672 (40%)], lr: ['1.00e-04', '1.00e-04'], loss: 0.073861
[2024-03-01 21:45:43,665][INFO][clas_trainer:180] - train epoch: 4 [27168/54672 (50%)], lr: ['1.00e-04', '1.00e-04'], loss: 0.055666
[2024-03-01 21:45:49,888][INFO][clas_trainer:180] - train epoch: 4 [32608/54672 (60%)], lr: ['1.00e-04', '1.00e-04'], loss: 0.049820
[2024-03-01 21:45:56,593][INFO][clas_trainer:180] - train epoch: 4 [38048/54672 (70%)], lr: ['1.00e-04', '1.00e-04'], loss: 0.003929
[2024-03-01 21:46:03,058][INFO][clas_trainer:180] - train epoch: 4 [43488/54672 (80%)], lr: ['1.00e-04', '1.00e-04'], loss: 0.064814
[2024-03-01 21:46:09,579][INFO][clas_trainer:180] - train epoch: 4 [48928/54672 (89%)], lr: ['1.00e-04', '1.00e-04'], loss: 0.095369
[2024-03-01 21:46:16,068][INFO][clas_trainer:180] - train epoch: 4 [54368/54672 (99%)], lr: ['1.00e-04', '1.00e-04'], loss: 0.038248
[2024-03-01 21:46:20,642][INFO][clas_trainer:96] - [epoch   4] execution time: 68.92s	metrics:
[2024-03-01 21:46:20,643][INFO][clas_evaluator:69] - dataset: earlystopping, avg f1-score: 0.3451
[2024-03-01 21:46:27,119][INFO][clas_trainer:180] - train epoch: 5 [5408/54672 (10%)], lr: ['1.00e-04', '1.00e-04'], loss: 0.045933
[2024-03-01 21:46:34,655][INFO][clas_trainer:180] - train epoch: 5 [10848/54672 (20%)], lr: ['1.00e-04', '1.00e-04'], loss: 0.016134
[2024-03-01 21:46:40,579][INFO][clas_trainer:180] - train epoch: 5 [16288/54672 (30%)], lr: ['1.00e-04', '1.00e-04'], loss: 0.051878
[2024-03-01 21:46:46,731][INFO][clas_trainer:180] - train epoch: 5 [21728/54672 (40%)], lr: ['1.00e-04', '1.00e-04'], loss: 0.019541
[2024-03-01 21:46:52,786][INFO][clas_trainer:180] - train epoch: 5 [27168/54672 (50%)], lr: ['1.00e-04', '1.00e-04'], loss: 0.034638
[2024-03-01 21:46:58,777][INFO][clas_trainer:180] - train epoch: 5 [32608/54672 (60%)], lr: ['1.00e-04', '1.00e-04'], loss: 0.004082
[2024-03-01 21:47:05,113][INFO][clas_trainer:180] - train epoch: 5 [38048/54672 (70%)], lr: ['1.00e-04', '1.00e-04'], loss: 0.000609
[2024-03-01 21:47:11,580][INFO][clas_trainer:180] - train epoch: 5 [43488/54672 (80%)], lr: ['1.00e-04', '1.00e-04'], loss: 0.004954
[2024-03-01 21:47:18,030][INFO][clas_trainer:180] - train epoch: 5 [48928/54672 (89%)], lr: ['1.00e-04', '1.00e-04'], loss: 0.085590
[2024-03-01 21:47:24,566][INFO][clas_trainer:180] - train epoch: 5 [54368/54672 (99%)], lr: ['1.00e-04', '1.00e-04'], loss: 0.013995
[2024-03-01 21:47:29,149][INFO][clas_trainer:96] - [epoch   5] execution time: 68.51s	metrics:
[2024-03-01 21:47:29,149][INFO][clas_evaluator:69] - dataset: earlystopping, avg f1-score: 0.3486
[2024-03-01 21:47:35,990][INFO][clas_trainer:180] - train epoch: 6 [5408/54672 (10%)], lr: ['1.00e-04', '1.00e-04'], loss: 0.011042
[2024-03-01 21:47:42,540][INFO][clas_trainer:180] - train epoch: 6 [10848/54672 (20%)], lr: ['1.00e-04', '1.00e-04'], loss: 0.014253
[2024-03-01 21:47:49,153][INFO][clas_trainer:180] - train epoch: 6 [16288/54672 (30%)], lr: ['1.00e-04', '1.00e-04'], loss: 0.102382
[2024-03-01 21:47:55,516][INFO][clas_trainer:180] - train epoch: 6 [21728/54672 (40%)], lr: ['1.00e-04', '1.00e-04'], loss: 0.043778
[2024-03-01 21:48:01,903][INFO][clas_trainer:180] - train epoch: 6 [27168/54672 (50%)], lr: ['1.00e-04', '1.00e-04'], loss: 0.041773
[2024-03-01 21:48:08,097][INFO][clas_trainer:180] - train epoch: 6 [32608/54672 (60%)], lr: ['1.00e-04', '1.00e-04'], loss: 0.236684
[2024-03-01 21:48:14,790][INFO][clas_trainer:180] - train epoch: 6 [38048/54672 (70%)], lr: ['1.00e-04', '1.00e-04'], loss: 0.017094
[2024-03-01 21:48:21,197][INFO][clas_trainer:180] - train epoch: 6 [43488/54672 (80%)], lr: ['1.00e-04', '1.00e-04'], loss: 0.001126
[2024-03-01 21:48:27,627][INFO][clas_trainer:180] - train epoch: 6 [48928/54672 (89%)], lr: ['1.00e-04', '1.00e-04'], loss: 0.014218
[2024-03-01 21:48:34,259][INFO][clas_trainer:180] - train epoch: 6 [54368/54672 (99%)], lr: ['1.00e-04', '1.00e-04'], loss: 0.010196
[2024-03-01 21:48:38,996][INFO][clas_trainer:96] - [epoch   6] execution time: 69.85s	metrics:
[2024-03-01 21:48:38,997][INFO][clas_evaluator:69] - dataset: earlystopping, avg f1-score: 0.3412
[2024-03-01 21:48:46,009][INFO][clas_trainer:180] - train epoch: 7 [5408/54672 (10%)], lr: ['1.00e-04', '1.00e-04'], loss: 0.009988
[2024-03-01 21:48:52,612][INFO][clas_trainer:180] - train epoch: 7 [10848/54672 (20%)], lr: ['1.00e-04', '1.00e-04'], loss: 0.018915
[2024-03-01 21:48:59,035][INFO][clas_trainer:180] - train epoch: 7 [16288/54672 (30%)], lr: ['1.00e-04', '1.00e-04'], loss: 0.000448
[2024-03-01 21:49:05,472][INFO][clas_trainer:180] - train epoch: 7 [21728/54672 (40%)], lr: ['1.00e-04', '1.00e-04'], loss: 0.002527
[2024-03-01 21:49:12,637][INFO][clas_trainer:180] - train epoch: 7 [27168/54672 (50%)], lr: ['1.00e-04', '1.00e-04'], loss: 0.004981
[2024-03-01 21:49:19,148][INFO][clas_trainer:180] - train epoch: 7 [32608/54672 (60%)], lr: ['1.00e-04', '1.00e-04'], loss: 0.019275
[2024-03-01 21:49:25,527][INFO][clas_trainer:180] - train epoch: 7 [38048/54672 (70%)], lr: ['1.00e-04', '1.00e-04'], loss: 0.000310
[2024-03-01 21:49:32,498][INFO][clas_trainer:180] - train epoch: 7 [43488/54672 (80%)], lr: ['1.00e-04', '1.00e-04'], loss: 0.000203
[2024-03-01 21:49:38,857][INFO][clas_trainer:180] - train epoch: 7 [48928/54672 (89%)], lr: ['1.00e-04', '1.00e-04'], loss: 0.016907
[2024-03-01 21:49:45,341][INFO][clas_trainer:180] - train epoch: 7 [54368/54672 (99%)], lr: ['1.00e-04', '1.00e-04'], loss: 0.001042
[2024-03-01 21:49:49,977][INFO][clas_trainer:96] - [epoch   7] execution time: 70.98s	metrics:
[2024-03-01 21:49:49,977][INFO][clas_evaluator:69] - dataset: earlystopping, avg f1-score: 0.3336
[2024-03-01 21:49:56,568][INFO][clas_trainer:180] - train epoch: 8 [5408/54672 (10%)], lr: ['1.00e-04', '1.00e-04'], loss: 0.002024
[2024-03-01 21:50:03,209][INFO][clas_trainer:180] - train epoch: 8 [10848/54672 (20%)], lr: ['1.00e-04', '1.00e-04'], loss: 0.003564
[2024-03-01 21:50:09,646][INFO][clas_trainer:180] - train epoch: 8 [16288/54672 (30%)], lr: ['1.00e-04', '1.00e-04'], loss: 0.003611
[2024-03-01 21:50:16,232][INFO][clas_trainer:180] - train epoch: 8 [21728/54672 (40%)], lr: ['1.00e-04', '1.00e-04'], loss: 0.003984
[2024-03-01 21:50:22,625][INFO][clas_trainer:180] - train epoch: 8 [27168/54672 (50%)], lr: ['1.00e-04', '1.00e-04'], loss: 0.000776
[2024-03-01 21:50:29,087][INFO][clas_trainer:180] - train epoch: 8 [32608/54672 (60%)], lr: ['1.00e-04', '1.00e-04'], loss: 0.025794
[2024-03-01 21:50:35,664][INFO][clas_trainer:180] - train epoch: 8 [38048/54672 (70%)], lr: ['1.00e-04', '1.00e-04'], loss: 0.000683
[2024-03-01 21:50:42,295][INFO][clas_trainer:180] - train epoch: 8 [43488/54672 (80%)], lr: ['1.00e-04', '1.00e-04'], loss: 0.000789
[2024-03-01 21:50:48,591][INFO][clas_trainer:180] - train epoch: 8 [48928/54672 (89%)], lr: ['1.00e-04', '1.00e-04'], loss: 0.000518
[2024-03-01 21:50:55,174][INFO][clas_trainer:180] - train epoch: 8 [54368/54672 (99%)], lr: ['1.00e-04', '1.00e-04'], loss: 0.011916
[2024-03-01 21:50:59,569][INFO][clas_trainer:96] - [epoch   8] execution time: 69.59s	metrics:
[2024-03-01 21:50:59,570][INFO][clas_evaluator:69] - dataset: earlystopping, avg f1-score: 0.3817
[2024-03-01 21:50:59,608][INFO][base_model:70] - snapshot saved to /home/users/grieger/repos/frequency-pretraining/models/exp001a-m59-base_fe_clas-2024-03-01_18-01-50-final.pth
[2024-03-01 21:51:06,522][INFO][clas_trainer:180] - train epoch: 9 [5408/54672 (10%)], lr: ['1.00e-04', '1.00e-04'], loss: 0.043597
[2024-03-01 21:51:12,803][INFO][clas_trainer:180] - train epoch: 9 [10848/54672 (20%)], lr: ['1.00e-04', '1.00e-04'], loss: 0.045569
[2024-03-01 21:51:19,411][INFO][clas_trainer:180] - train epoch: 9 [16288/54672 (30%)], lr: ['1.00e-04', '1.00e-04'], loss: 0.000256
[2024-03-01 21:51:26,066][INFO][clas_trainer:180] - train epoch: 9 [21728/54672 (40%)], lr: ['1.00e-04', '1.00e-04'], loss: 0.025378
[2024-03-01 21:51:32,623][INFO][clas_trainer:180] - train epoch: 9 [27168/54672 (50%)], lr: ['1.00e-04', '1.00e-04'], loss: 0.036634
[2024-03-01 21:51:39,152][INFO][clas_trainer:180] - train epoch: 9 [32608/54672 (60%)], lr: ['1.00e-04', '1.00e-04'], loss: 0.005833
[2024-03-01 21:51:45,474][INFO][clas_trainer:180] - train epoch: 9 [38048/54672 (70%)], lr: ['1.00e-04', '1.00e-04'], loss: 0.000113
[2024-03-01 21:51:52,703][INFO][clas_trainer:180] - train epoch: 9 [43488/54672 (80%)], lr: ['1.00e-04', '1.00e-04'], loss: 0.013816
[2024-03-01 21:51:59,528][INFO][clas_trainer:180] - train epoch: 9 [48928/54672 (89%)], lr: ['1.00e-04', '1.00e-04'], loss: 0.000211
[2024-03-01 21:52:05,716][INFO][clas_trainer:180] - train epoch: 9 [54368/54672 (99%)], lr: ['1.00e-04', '1.00e-04'], loss: 0.000373
[2024-03-01 21:52:10,473][INFO][clas_trainer:96] - [epoch   9] execution time: 70.86s	metrics:
[2024-03-01 21:52:10,474][INFO][clas_evaluator:69] - dataset: earlystopping, avg f1-score: 0.3442
[2024-03-01 21:52:16,964][INFO][clas_trainer:180] - train epoch: 10 [5408/54672 (10%)], lr: ['1.00e-04', '1.00e-04'], loss: 0.006275
[2024-03-01 21:52:23,390][INFO][clas_trainer:180] - train epoch: 10 [10848/54672 (20%)], lr: ['1.00e-04', '1.00e-04'], loss: 0.043750
[2024-03-01 21:52:29,566][INFO][clas_trainer:180] - train epoch: 10 [16288/54672 (30%)], lr: ['1.00e-04', '1.00e-04'], loss: 0.015197
[2024-03-01 21:52:35,836][INFO][clas_trainer:180] - train epoch: 10 [21728/54672 (40%)], lr: ['1.00e-04', '1.00e-04'], loss: 0.001313
[2024-03-01 21:52:42,320][INFO][clas_trainer:180] - train epoch: 10 [27168/54672 (50%)], lr: ['1.00e-04', '1.00e-04'], loss: 0.000909
[2024-03-01 21:52:48,853][INFO][clas_trainer:180] - train epoch: 10 [32608/54672 (60%)], lr: ['1.00e-04', '1.00e-04'], loss: 0.003349
[2024-03-01 21:52:55,443][INFO][clas_trainer:180] - train epoch: 10 [38048/54672 (70%)], lr: ['1.00e-04', '1.00e-04'], loss: 0.000205
[2024-03-01 21:53:01,993][INFO][clas_trainer:180] - train epoch: 10 [43488/54672 (80%)], lr: ['1.00e-04', '1.00e-04'], loss: 0.000253
[2024-03-01 21:53:08,383][INFO][clas_trainer:180] - train epoch: 10 [48928/54672 (89%)], lr: ['1.00e-04', '1.00e-04'], loss: 0.007949
[2024-03-01 21:53:14,863][INFO][clas_trainer:180] - train epoch: 10 [54368/54672 (99%)], lr: ['1.00e-04', '1.00e-04'], loss: 0.002234
[2024-03-01 21:53:19,529][INFO][clas_trainer:96] - [epoch  10] execution time: 69.05s	metrics:
[2024-03-01 21:53:19,530][INFO][clas_evaluator:69] - dataset: earlystopping, avg f1-score: 0.3559
[2024-03-01 21:53:26,509][INFO][clas_trainer:180] - train epoch: 11 [5408/54672 (10%)], lr: ['1.00e-04', '1.00e-04'], loss: 0.002337
[2024-03-01 21:53:33,167][INFO][clas_trainer:180] - train epoch: 11 [10848/54672 (20%)], lr: ['1.00e-04', '1.00e-04'], loss: 0.038188
[2024-03-01 21:53:39,611][INFO][clas_trainer:180] - train epoch: 11 [16288/54672 (30%)], lr: ['1.00e-04', '1.00e-04'], loss: 0.016673
[2024-03-01 21:53:46,261][INFO][clas_trainer:180] - train epoch: 11 [21728/54672 (40%)], lr: ['1.00e-04', '1.00e-04'], loss: 0.000765
[2024-03-01 21:53:52,715][INFO][clas_trainer:180] - train epoch: 11 [27168/54672 (50%)], lr: ['1.00e-04', '1.00e-04'], loss: 0.018975
[2024-03-01 21:53:59,090][INFO][clas_trainer:180] - train epoch: 11 [32608/54672 (60%)], lr: ['1.00e-04', '1.00e-04'], loss: 0.000060
[2024-03-01 21:54:05,585][INFO][clas_trainer:180] - train epoch: 11 [38048/54672 (70%)], lr: ['1.00e-04', '1.00e-04'], loss: 0.003450
[2024-03-01 21:54:12,021][INFO][clas_trainer:180] - train epoch: 11 [43488/54672 (80%)], lr: ['1.00e-04', '1.00e-04'], loss: 0.002039
[2024-03-01 21:54:18,178][INFO][clas_trainer:180] - train epoch: 11 [48928/54672 (89%)], lr: ['1.00e-04', '1.00e-04'], loss: 0.000184
[2024-03-01 21:54:24,140][INFO][clas_trainer:180] - train epoch: 11 [54368/54672 (99%)], lr: ['1.00e-04', '1.00e-04'], loss: 0.000290
[2024-03-01 21:54:28,381][INFO][clas_trainer:96] - [epoch  11] execution time: 68.85s	metrics:
[2024-03-01 21:54:28,382][INFO][clas_evaluator:69] - dataset: earlystopping, avg f1-score: 0.3559
[2024-03-01 21:54:35,580][INFO][clas_trainer:180] - train epoch: 12 [5408/54672 (10%)], lr: ['1.00e-04', '1.00e-04'], loss: 0.003370
[2024-03-01 21:54:41,785][INFO][clas_trainer:180] - train epoch: 12 [10848/54672 (20%)], lr: ['1.00e-04', '1.00e-04'], loss: 0.000585
[2024-03-01 21:54:49,118][INFO][clas_trainer:180] - train epoch: 12 [16288/54672 (30%)], lr: ['1.00e-04', '1.00e-04'], loss: 0.001457
[2024-03-01 21:54:55,314][INFO][clas_trainer:180] - train epoch: 12 [21728/54672 (40%)], lr: ['1.00e-04', '1.00e-04'], loss: 0.082264
[2024-03-01 21:55:01,568][INFO][clas_trainer:180] - train epoch: 12 [27168/54672 (50%)], lr: ['1.00e-04', '1.00e-04'], loss: 0.105740
[2024-03-01 21:55:08,159][INFO][clas_trainer:180] - train epoch: 12 [32608/54672 (60%)], lr: ['1.00e-04', '1.00e-04'], loss: 0.000286
[2024-03-01 21:55:14,549][INFO][clas_trainer:180] - train epoch: 12 [38048/54672 (70%)], lr: ['1.00e-04', '1.00e-04'], loss: 0.000398
[2024-03-01 21:55:21,015][INFO][clas_trainer:180] - train epoch: 12 [43488/54672 (80%)], lr: ['1.00e-04', '1.00e-04'], loss: 0.003435
[2024-03-01 21:55:27,466][INFO][clas_trainer:180] - train epoch: 12 [48928/54672 (89%)], lr: ['1.00e-04', '1.00e-04'], loss: 0.003552
[2024-03-01 21:55:34,010][INFO][clas_trainer:180] - train epoch: 12 [54368/54672 (99%)], lr: ['1.00e-04', '1.00e-04'], loss: 0.003296
[2024-03-01 21:55:38,622][INFO][clas_trainer:96] - [epoch  12] execution time: 70.24s	metrics:
[2024-03-01 21:55:38,623][INFO][clas_evaluator:69] - dataset: earlystopping, avg f1-score: 0.3685
[2024-03-01 21:55:45,456][INFO][clas_trainer:180] - train epoch: 13 [5408/54672 (10%)], lr: ['1.00e-04', '1.00e-04'], loss: 0.000477
[2024-03-01 21:55:52,119][INFO][clas_trainer:180] - train epoch: 13 [10848/54672 (20%)], lr: ['1.00e-04', '1.00e-04'], loss: 0.000705
[2024-03-01 21:55:58,915][INFO][clas_trainer:180] - train epoch: 13 [16288/54672 (30%)], lr: ['1.00e-04', '1.00e-04'], loss: 0.001798
[2024-03-01 21:56:05,509][INFO][clas_trainer:180] - train epoch: 13 [21728/54672 (40%)], lr: ['1.00e-04', '1.00e-04'], loss: 0.014466
[2024-03-01 21:56:11,881][INFO][clas_trainer:180] - train epoch: 13 [27168/54672 (50%)], lr: ['1.00e-04', '1.00e-04'], loss: 0.002989
[2024-03-01 21:56:18,345][INFO][clas_trainer:180] - train epoch: 13 [32608/54672 (60%)], lr: ['1.00e-04', '1.00e-04'], loss: 0.001056
[2024-03-01 21:56:24,814][INFO][clas_trainer:180] - train epoch: 13 [38048/54672 (70%)], lr: ['1.00e-04', '1.00e-04'], loss: 0.001273
[2024-03-01 21:56:31,115][INFO][clas_trainer:180] - train epoch: 13 [43488/54672 (80%)], lr: ['1.00e-04', '1.00e-04'], loss: 0.000227
[2024-03-01 21:56:37,442][INFO][clas_trainer:180] - train epoch: 13 [48928/54672 (89%)], lr: ['1.00e-04', '1.00e-04'], loss: 0.004258
[2024-03-01 21:56:43,972][INFO][clas_trainer:180] - train epoch: 13 [54368/54672 (99%)], lr: ['1.00e-04', '1.00e-04'], loss: 0.009962
[2024-03-01 21:56:48,699][INFO][clas_trainer:96] - [epoch  13] execution time: 70.08s	metrics:
[2024-03-01 21:56:48,699][INFO][clas_evaluator:69] - dataset: earlystopping, avg f1-score: 0.3605
[2024-03-01 21:56:55,592][INFO][clas_trainer:180] - train epoch: 14 [5408/54672 (10%)], lr: ['1.00e-04', '1.00e-04'], loss: 0.000062
[2024-03-01 21:57:02,106][INFO][clas_trainer:180] - train epoch: 14 [10848/54672 (20%)], lr: ['1.00e-04', '1.00e-04'], loss: 0.000219
[2024-03-01 21:57:08,172][INFO][clas_trainer:180] - train epoch: 14 [16288/54672 (30%)], lr: ['1.00e-04', '1.00e-04'], loss: 0.000486
[2024-03-01 21:57:14,835][INFO][clas_trainer:180] - train epoch: 14 [21728/54672 (40%)], lr: ['1.00e-04', '1.00e-04'], loss: 0.006056
[2024-03-01 21:57:20,960][INFO][clas_trainer:180] - train epoch: 14 [27168/54672 (50%)], lr: ['1.00e-04', '1.00e-04'], loss: 0.000188
[2024-03-01 21:57:27,507][INFO][clas_trainer:180] - train epoch: 14 [32608/54672 (60%)], lr: ['1.00e-04', '1.00e-04'], loss: 0.000340
[2024-03-01 21:57:33,863][INFO][clas_trainer:180] - train epoch: 14 [38048/54672 (70%)], lr: ['1.00e-04', '1.00e-04'], loss: 0.000155
[2024-03-01 21:57:40,968][INFO][clas_trainer:180] - train epoch: 14 [43488/54672 (80%)], lr: ['1.00e-04', '1.00e-04'], loss: 0.000755
[2024-03-01 21:57:47,473][INFO][clas_trainer:180] - train epoch: 14 [48928/54672 (89%)], lr: ['1.00e-04', '1.00e-04'], loss: 0.000247
[2024-03-01 21:57:54,028][INFO][clas_trainer:180] - train epoch: 14 [54368/54672 (99%)], lr: ['1.00e-04', '1.00e-04'], loss: 0.004154
[2024-03-01 21:57:58,381][INFO][clas_trainer:96] - [epoch  14] execution time: 69.68s	metrics:
[2024-03-01 21:57:58,381][INFO][clas_evaluator:69] - dataset: earlystopping, avg f1-score: 0.3603
[2024-03-01 21:58:05,132][INFO][clas_trainer:180] - train epoch: 15 [5408/54672 (10%)], lr: ['1.00e-04', '1.00e-04'], loss: 0.003402
[2024-03-01 21:58:11,601][INFO][clas_trainer:180] - train epoch: 15 [10848/54672 (20%)], lr: ['1.00e-04', '1.00e-04'], loss: 0.000367
[2024-03-01 21:58:17,908][INFO][clas_trainer:180] - train epoch: 15 [16288/54672 (30%)], lr: ['1.00e-04', '1.00e-04'], loss: 0.001102
[2024-03-01 21:58:24,532][INFO][clas_trainer:180] - train epoch: 15 [21728/54672 (40%)], lr: ['1.00e-04', '1.00e-04'], loss: 0.001105
[2024-03-01 21:58:30,987][INFO][clas_trainer:180] - train epoch: 15 [27168/54672 (50%)], lr: ['1.00e-04', '1.00e-04'], loss: 0.001603
[2024-03-01 21:58:37,445][INFO][clas_trainer:180] - train epoch: 15 [32608/54672 (60%)], lr: ['1.00e-04', '1.00e-04'], loss: 0.000334
[2024-03-01 21:58:44,023][INFO][clas_trainer:180] - train epoch: 15 [38048/54672 (70%)], lr: ['1.00e-04', '1.00e-04'], loss: 0.002198
[2024-03-01 21:58:50,278][INFO][clas_trainer:180] - train epoch: 15 [43488/54672 (80%)], lr: ['1.00e-04', '1.00e-04'], loss: 0.005789
[2024-03-01 21:58:56,677][INFO][clas_trainer:180] - train epoch: 15 [48928/54672 (89%)], lr: ['1.00e-04', '1.00e-04'], loss: 0.000167
[2024-03-01 21:59:03,238][INFO][clas_trainer:180] - train epoch: 15 [54368/54672 (99%)], lr: ['1.00e-04', '1.00e-04'], loss: 0.009469
[2024-03-01 21:59:07,801][INFO][clas_trainer:96] - [epoch  15] execution time: 69.42s	metrics:
[2024-03-01 21:59:07,802][INFO][clas_evaluator:69] - dataset: earlystopping, avg f1-score: 0.3705
[2024-03-01 21:59:14,792][INFO][clas_trainer:180] - train epoch: 16 [5408/54672 (10%)], lr: ['1.00e-04', '1.00e-04'], loss: 0.000432
[2024-03-01 21:59:21,291][INFO][clas_trainer:180] - train epoch: 16 [10848/54672 (20%)], lr: ['1.00e-04', '1.00e-04'], loss: 0.007915
[2024-03-01 21:59:27,910][INFO][clas_trainer:180] - train epoch: 16 [16288/54672 (30%)], lr: ['1.00e-04', '1.00e-04'], loss: 0.003393
[2024-03-01 21:59:34,561][INFO][clas_trainer:180] - train epoch: 16 [21728/54672 (40%)], lr: ['1.00e-04', '1.00e-04'], loss: 0.000348
[2024-03-01 21:59:40,878][INFO][clas_trainer:180] - train epoch: 16 [27168/54672 (50%)], lr: ['1.00e-04', '1.00e-04'], loss: 0.000439
[2024-03-01 21:59:47,178][INFO][clas_trainer:180] - train epoch: 16 [32608/54672 (60%)], lr: ['1.00e-04', '1.00e-04'], loss: 0.000261
[2024-03-01 21:59:53,483][INFO][clas_trainer:180] - train epoch: 16 [38048/54672 (70%)], lr: ['1.00e-04', '1.00e-04'], loss: 0.107809
[2024-03-01 21:59:59,736][INFO][clas_trainer:180] - train epoch: 16 [43488/54672 (80%)], lr: ['1.00e-04', '1.00e-04'], loss: 0.002290
[2024-03-01 22:00:05,979][INFO][clas_trainer:180] - train epoch: 16 [48928/54672 (89%)], lr: ['1.00e-04', '1.00e-04'], loss: 0.000790
[2024-03-01 22:00:12,050][INFO][clas_trainer:180] - train epoch: 16 [54368/54672 (99%)], lr: ['1.00e-04', '1.00e-04'], loss: 0.000080
[2024-03-01 22:00:16,458][INFO][clas_trainer:96] - [epoch  16] execution time: 68.66s	metrics:
[2024-03-01 22:00:16,459][INFO][clas_evaluator:69] - dataset: earlystopping, avg f1-score: 0.3511
[2024-03-01 22:00:22,883][INFO][clas_trainer:180] - train epoch: 17 [5408/54672 (10%)], lr: ['1.00e-04', '1.00e-04'], loss: 0.000594
[2024-03-01 22:00:29,139][INFO][clas_trainer:180] - train epoch: 17 [10848/54672 (20%)], lr: ['1.00e-04', '1.00e-04'], loss: 0.015238
[2024-03-01 22:00:35,729][INFO][clas_trainer:180] - train epoch: 17 [16288/54672 (30%)], lr: ['1.00e-04', '1.00e-04'], loss: 0.001647
[2024-03-01 22:00:42,411][INFO][clas_trainer:180] - train epoch: 17 [21728/54672 (40%)], lr: ['1.00e-04', '1.00e-04'], loss: 0.000478
[2024-03-01 22:00:48,633][INFO][clas_trainer:180] - train epoch: 17 [27168/54672 (50%)], lr: ['1.00e-04', '1.00e-04'], loss: 0.003325
[2024-03-01 22:00:55,069][INFO][clas_trainer:180] - train epoch: 17 [32608/54672 (60%)], lr: ['1.00e-04', '1.00e-04'], loss: 0.000810
[2024-03-01 22:01:01,614][INFO][clas_trainer:180] - train epoch: 17 [38048/54672 (70%)], lr: ['1.00e-04', '1.00e-04'], loss: 0.000362
[2024-03-01 22:01:08,161][INFO][clas_trainer:180] - train epoch: 17 [43488/54672 (80%)], lr: ['1.00e-04', '1.00e-04'], loss: 0.000440
[2024-03-01 22:01:14,513][INFO][clas_trainer:180] - train epoch: 17 [48928/54672 (89%)], lr: ['1.00e-04', '1.00e-04'], loss: 0.000327
[2024-03-01 22:01:21,132][INFO][clas_trainer:180] - train epoch: 17 [54368/54672 (99%)], lr: ['1.00e-04', '1.00e-04'], loss: 0.021459
[2024-03-01 22:01:25,664][INFO][clas_trainer:96] - [epoch  17] execution time: 69.20s	metrics:
[2024-03-01 22:01:25,665][INFO][clas_evaluator:69] - dataset: earlystopping, avg f1-score: 0.3505
[2024-03-01 22:01:32,256][INFO][clas_trainer:180] - train epoch: 18 [5408/54672 (10%)], lr: ['1.00e-04', '1.00e-04'], loss: 0.008564
[2024-03-01 22:01:38,407][INFO][clas_trainer:180] - train epoch: 18 [10848/54672 (20%)], lr: ['1.00e-04', '1.00e-04'], loss: 0.003965
[2024-03-01 22:01:45,234][INFO][clas_trainer:180] - train epoch: 18 [16288/54672 (30%)], lr: ['1.00e-04', '1.00e-04'], loss: 0.001851
[2024-03-01 22:01:51,637][INFO][clas_trainer:180] - train epoch: 18 [21728/54672 (40%)], lr: ['1.00e-04', '1.00e-04'], loss: 0.030257
[2024-03-01 22:01:57,874][INFO][clas_trainer:180] - train epoch: 18 [27168/54672 (50%)], lr: ['1.00e-04', '1.00e-04'], loss: 0.017665
[2024-03-01 22:02:04,305][INFO][clas_trainer:180] - train epoch: 18 [32608/54672 (60%)], lr: ['1.00e-04', '1.00e-04'], loss: 0.000354
[2024-03-01 22:02:10,668][INFO][clas_trainer:180] - train epoch: 18 [38048/54672 (70%)], lr: ['1.00e-04', '1.00e-04'], loss: 0.000322
[2024-03-01 22:02:17,215][INFO][clas_trainer:180] - train epoch: 18 [43488/54672 (80%)], lr: ['1.00e-04', '1.00e-04'], loss: 0.000727
[2024-03-01 22:02:23,536][INFO][clas_trainer:180] - train epoch: 18 [48928/54672 (89%)], lr: ['1.00e-04', '1.00e-04'], loss: 0.110540
[2024-03-01 22:02:29,944][INFO][clas_trainer:180] - train epoch: 18 [54368/54672 (99%)], lr: ['1.00e-04', '1.00e-04'], loss: 0.001507
[2024-03-01 22:02:33,973][INFO][clas_trainer:96] - [epoch  18] execution time: 68.31s	metrics:
[2024-03-01 22:02:33,974][INFO][clas_evaluator:69] - dataset: earlystopping, avg f1-score: 0.3437
[2024-03-01 22:02:33,985][INFO][clas_trainer:115] - finished training
[2024-03-01 22:02:33,985][INFO][clas_trainer:116] - best model on epoch: 8 	f1-score: 0.3817
