[2024-10-04 03:11:44,474][INFO][fine-tune:25] - Using GPU 0
[2024-10-04 03:11:44,478][INFO][fine-tune:35] - overrides:
hydra:
- hydra.launcher.n_jobs=40
- hydra.mode=MULTIRUN
task:
- m_seed_path_sids={seeds:[0,0,0,0,0],path:"exp005b-m0-simple_multi_class-2024-09-20_13-57-42-final.pth",subject_ids:{sleepedfx:$\{data.sleepedfx.cv_5_fold.fold_1\}}}
- data.downstream.train_dataloader.dataset.data_reducer.n_epochs=-1
- data.downstream.train_dataloader.dataset.data_reducer.n_subjects=1
- general.gpus=[0,1,2,3]

[2024-10-04 03:12:00,481][INFO][data_loaders:39] - class distribution before data reduction:
# samples per subject
SC4001E0: 841
SC4002E0: 1127
SC4011E0: 1103
SC4012E0: 1186
SC4031E0: 952
SC4032E0: 911
SC4041E0: 1235
SC4042E0: 1200
SC4051E0: 672
SC4052E0: 1246
SC4061E0: 843
SC4062E0: 1016
SC4081E0: 1134
SC4082E0: 1054
SC4091E0: 1132
SC4092E0: 1105
SC4121E0: 1052
SC4122E0: 977
SC4131E0: 1028
SC4141E0: 1004
SC4142E0: 952
SC4151E0: 952
SC4152E0: 1762
SC4161E0: 1144
SC4162E0: 1003
SC4181E0: 964
SC4182E0: 920
SC4191E0: 1535
SC4192E0: 1274
SC4201E0: 1022
SC4202E0: 1021
SC4211E0: 1578
SC4212E0: 808
SC4221E0: 1099
SC4222E0: 1108
SC4251E0: 972
SC4252E0: 1020
SC4261F0: 1597
SC4262F0: 980
SC4271F0: 1052
SC4272F0: 1090
SC4281G0: 1127
SC4282G0: 1070
SC4301E0: 929
SC4302E0: 854
SC4321E0: 1560
SC4322E0: 1021
SC4341F0: 1501
SC4342F0: 1582
SC4362F0: 824
SC4381F0: 1776
SC4382F0: 1871
SC4411E0: 1078
SC4412E0: 924
SC4441E0: 1195
SC4442E0: 1092
SC4471F0: 1187
SC4472F0: 2161
SC4491G0: 1101
SC4492G0: 1040
SC4501E0: 1326
SC4502E0: 1103
SC4522E0: 997
SC4531E0: 1096
SC4532E0: 1056
SC4541F0: 1716
SC4542F0: 1148
SC4551F0: 1047
SC4552F0: 1090
SC4561F0: 1237
SC4562F0: 1148
SC4581G0: 1095
SC4582G0: 1175
SC4591G0: 1840
SC4592G0: 1231
SC4611E0: 1652
SC4612E0: 1062
SC4621E0: 1445
SC4622E0: 1823
SC4631E0: 1063
SC4632E0: 1107
SC4641E0: 1271
SC4642E0: 2049
SC4651E0: 2644
SC4652E0: 1929
SC4661E0: 2026
SC4662E0: 1994
SC4701E0: 1717
SC4702E0: 1515
SC4711E0: 1413
SC4712E0: 1241
SC4721E0: 1031
SC4722E0: 1130
SC4731E0: 2667
SC4732E0: 2318
SC4741E0: 2210
SC4742E0: 1063
SC4751E0: 2044
SC4752E0: 1049
SC4771G0: 1325
SC4772G0: 1324
SC4801G0: 1241
SC4802G0: 1229
SC4821G0: 1704
SC4822G0: 1366

# samples per stage
0: 44850
1: 14737
2: 48485
3: 8639
4: 17810
[2024-10-04 03:12:01,238][INFO][data_loaders:43] - class distribution after data reduction:
# samples per subject
SC4272F0: 134070

# samples per stage
0: 27429
1: 10701
2: 46617
3: 21894
4: 27429
[2024-10-04 03:12:01,277][INFO][base_pretraining_fe:55] - Loading model from exp005b-m0-simple_multi_class-2024-09-20_13-57-42-final.pth
[2024-10-04 03:12:19,798][INFO][data_loaders:39] - class distribution before data reduction:
# samples per subject
SC4021E0: 1025
SC4022E0: 1009
SC4071E0: 976
SC4072E0: 1273
SC4291G0: 1131
SC4292G0: 1605
SC4331F0: 1888
SC4332F0: 1312
SC4401E0: 1064
SC4402E0: 1072
SC4421E0: 785
SC4422E0: 884
SC4761E0: 1683
SC4762E0: 2662
SC4811G0: 1293
SC4812G0: 1183

# samples per stage
0: 7958
1: 1946
2: 6628
3: 1531
4: 2782
[2024-10-04 03:12:19,878][INFO][data_loaders:43] - class distribution after data reduction:
# samples per subject
SC4021E0: 1025
SC4022E0: 1009
SC4071E0: 976
SC4072E0: 1273
SC4291G0: 1131
SC4292G0: 1605
SC4331F0: 1888
SC4332F0: 1312
SC4401E0: 1064
SC4402E0: 1072
SC4421E0: 785
SC4422E0: 884
SC4761E0: 1683
SC4762E0: 2662
SC4811G0: 1293
SC4812G0: 1183

# samples per stage
0: 7958
1: 1946
2: 6628
3: 1531
4: 2782
[2024-10-04 03:12:22,964][INFO][clas_trainer:49] - metrics before training (epoch 0):
[2024-10-04 03:14:08,745][INFO][clas_evaluator:132] - dataset: earlystopping, avg f1-score: 0.2515
[2024-10-04 03:15:11,229][INFO][clas_trainer:133] - train epoch: 1 [13376/134070 (10%)], lr: ['1.00e-04', '1.00e-04'], loss: 0.772774
[2024-10-04 03:16:10,702][INFO][clas_trainer:133] - train epoch: 1 [26784/134070 (20%)], lr: ['1.00e-04', '1.00e-04'], loss: 0.405188
[2024-10-04 03:17:17,700][INFO][clas_trainer:133] - train epoch: 1 [40192/134070 (30%)], lr: ['1.00e-04', '1.00e-04'], loss: 0.561881
[2024-10-04 03:18:24,887][INFO][clas_trainer:133] - train epoch: 1 [53600/134070 (40%)], lr: ['1.00e-04', '1.00e-04'], loss: 0.402606
[2024-10-04 03:19:34,073][INFO][clas_trainer:133] - train epoch: 1 [67008/134070 (50%)], lr: ['1.00e-04', '1.00e-04'], loss: 0.263098
[2024-10-04 03:20:39,144][INFO][clas_trainer:133] - train epoch: 1 [80416/134070 (60%)], lr: ['1.00e-04', '1.00e-04'], loss: 0.086390
[2024-10-04 03:21:45,519][INFO][clas_trainer:133] - train epoch: 1 [93824/134070 (70%)], lr: ['1.00e-04', '1.00e-04'], loss: 0.214087
[2024-10-04 03:22:53,881][INFO][clas_trainer:133] - train epoch: 1 [107232/134070 (80%)], lr: ['1.00e-04', '1.00e-04'], loss: 0.257173
[2024-10-04 03:23:59,298][INFO][clas_trainer:133] - train epoch: 1 [120640/134070 (90%)], lr: ['1.00e-04', '1.00e-04'], loss: 0.179397
[2024-10-04 03:25:04,828][INFO][clas_trainer:133] - train epoch: 1 [92158/134070 (100%)], lr: ['1.00e-04', '1.00e-04'], loss: 0.107481
[2024-10-04 03:26:50,454][INFO][clas_trainer:63] - [epoch   1] execution time: 761.71s	metrics:
[2024-10-04 03:26:50,455][INFO][clas_evaluator:132] - dataset: earlystopping, avg f1-score: 0.6367
[2024-10-04 03:26:50,498][INFO][base_model:51] - snapshot saved to XXX/frequency-pretraining/models/exp005c-m0-base_fe_clas-2024-10-04_03-09-39-final.pth
[2024-10-04 03:27:49,728][INFO][clas_trainer:133] - train epoch: 2 [13376/134070 (10%)], lr: ['1.00e-04', '1.00e-04'], loss: 0.193603
[2024-10-04 03:28:53,544][INFO][clas_trainer:133] - train epoch: 2 [26784/134070 (20%)], lr: ['1.00e-04', '1.00e-04'], loss: 0.037468
[2024-10-04 03:29:59,986][INFO][clas_trainer:133] - train epoch: 2 [40192/134070 (30%)], lr: ['1.00e-04', '1.00e-04'], loss: 0.039459
[2024-10-04 03:31:06,496][INFO][clas_trainer:133] - train epoch: 2 [53600/134070 (40%)], lr: ['1.00e-04', '1.00e-04'], loss: 0.116955
[2024-10-04 03:32:14,699][INFO][clas_trainer:133] - train epoch: 2 [67008/134070 (50%)], lr: ['1.00e-04', '1.00e-04'], loss: 0.032432
[2024-10-04 03:33:22,681][INFO][clas_trainer:133] - train epoch: 2 [80416/134070 (60%)], lr: ['1.00e-04', '1.00e-04'], loss: 0.121445
[2024-10-04 03:34:29,724][INFO][clas_trainer:133] - train epoch: 2 [93824/134070 (70%)], lr: ['1.00e-04', '1.00e-04'], loss: 0.106866
[2024-10-04 03:35:37,399][INFO][clas_trainer:133] - train epoch: 2 [107232/134070 (80%)], lr: ['1.00e-04', '1.00e-04'], loss: 0.008019
[2024-10-04 03:36:40,729][INFO][clas_trainer:133] - train epoch: 2 [120640/134070 (90%)], lr: ['1.00e-04', '1.00e-04'], loss: 0.062758
[2024-10-04 03:37:43,876][INFO][clas_trainer:133] - train epoch: 2 [92158/134070 (100%)], lr: ['1.00e-04', '1.00e-04'], loss: 0.005494
[2024-10-04 03:39:24,171][INFO][clas_trainer:63] - [epoch   2] execution time: 753.67s	metrics:
[2024-10-04 03:39:24,172][INFO][clas_evaluator:132] - dataset: earlystopping, avg f1-score: 0.6470
[2024-10-04 03:39:24,214][INFO][base_model:51] - snapshot saved to XXX/frequency-pretraining/models/exp005c-m0-base_fe_clas-2024-10-04_03-09-39-final.pth
[2024-10-04 03:40:27,835][INFO][clas_trainer:133] - train epoch: 3 [13376/134070 (10%)], lr: ['1.00e-04', '1.00e-04'], loss: 0.001876
[2024-10-04 03:41:34,932][INFO][clas_trainer:133] - train epoch: 3 [26784/134070 (20%)], lr: ['1.00e-04', '1.00e-04'], loss: 0.005821
[2024-10-04 03:42:45,761][INFO][clas_trainer:133] - train epoch: 3 [40192/134070 (30%)], lr: ['1.00e-04', '1.00e-04'], loss: 0.005047
[2024-10-04 03:43:55,149][INFO][clas_trainer:133] - train epoch: 3 [53600/134070 (40%)], lr: ['1.00e-04', '1.00e-04'], loss: 0.002360
[2024-10-04 03:45:00,124][INFO][clas_trainer:133] - train epoch: 3 [67008/134070 (50%)], lr: ['1.00e-04', '1.00e-04'], loss: 0.027302
[2024-10-04 03:46:11,148][INFO][clas_trainer:133] - train epoch: 3 [80416/134070 (60%)], lr: ['1.00e-04', '1.00e-04'], loss: 0.001763
[2024-10-04 03:47:19,312][INFO][clas_trainer:133] - train epoch: 3 [93824/134070 (70%)], lr: ['1.00e-04', '1.00e-04'], loss: 0.001434
[2024-10-04 03:48:28,324][INFO][clas_trainer:133] - train epoch: 3 [107232/134070 (80%)], lr: ['1.00e-04', '1.00e-04'], loss: 0.053606
[2024-10-04 03:49:38,569][INFO][clas_trainer:133] - train epoch: 3 [120640/134070 (90%)], lr: ['1.00e-04', '1.00e-04'], loss: 0.007704
[2024-10-04 03:50:46,359][INFO][clas_trainer:133] - train epoch: 3 [92158/134070 (100%)], lr: ['1.00e-04', '1.00e-04'], loss: 0.000989
[2024-10-04 03:52:33,565][INFO][clas_trainer:63] - [epoch   3] execution time: 789.35s	metrics:
[2024-10-04 03:52:33,566][INFO][clas_evaluator:132] - dataset: earlystopping, avg f1-score: 0.6523
[2024-10-04 03:52:33,607][INFO][base_model:51] - snapshot saved to XXX/frequency-pretraining/models/exp005c-m0-base_fe_clas-2024-10-04_03-09-39-final.pth
[2024-10-04 03:53:48,020][INFO][clas_trainer:133] - train epoch: 4 [13376/134070 (10%)], lr: ['1.00e-04', '1.00e-04'], loss: 0.008953
[2024-10-04 03:54:56,485][INFO][clas_trainer:133] - train epoch: 4 [26784/134070 (20%)], lr: ['1.00e-04', '1.00e-04'], loss: 0.001514
[2024-10-04 03:56:08,822][INFO][clas_trainer:133] - train epoch: 4 [40192/134070 (30%)], lr: ['1.00e-04', '1.00e-04'], loss: 0.055829
[2024-10-04 03:57:22,052][INFO][clas_trainer:133] - train epoch: 4 [53600/134070 (40%)], lr: ['1.00e-04', '1.00e-04'], loss: 0.014221
[2024-10-04 03:58:32,431][INFO][clas_trainer:133] - train epoch: 4 [67008/134070 (50%)], lr: ['1.00e-04', '1.00e-04'], loss: 0.001714
[2024-10-04 03:59:42,519][INFO][clas_trainer:133] - train epoch: 4 [80416/134070 (60%)], lr: ['1.00e-04', '1.00e-04'], loss: 0.009089
[2024-10-04 04:00:52,589][INFO][clas_trainer:133] - train epoch: 4 [93824/134070 (70%)], lr: ['1.00e-04', '1.00e-04'], loss: 0.004109
[2024-10-04 04:02:00,289][INFO][clas_trainer:133] - train epoch: 4 [107232/134070 (80%)], lr: ['1.00e-04', '1.00e-04'], loss: 0.006699
[2024-10-04 04:03:08,961][INFO][clas_trainer:133] - train epoch: 4 [120640/134070 (90%)], lr: ['1.00e-04', '1.00e-04'], loss: 0.020543
[2024-10-04 04:04:19,454][INFO][clas_trainer:133] - train epoch: 4 [92158/134070 (100%)], lr: ['1.00e-04', '1.00e-04'], loss: 0.000151
[2024-10-04 04:06:09,639][INFO][clas_trainer:63] - [epoch   4] execution time: 816.03s	metrics:
[2024-10-04 04:06:09,640][INFO][clas_evaluator:132] - dataset: earlystopping, avg f1-score: 0.6478
[2024-10-04 04:07:13,645][INFO][clas_trainer:133] - train epoch: 5 [13376/134070 (10%)], lr: ['1.00e-04', '1.00e-04'], loss: 0.016984
[2024-10-04 04:08:18,362][INFO][clas_trainer:133] - train epoch: 5 [26784/134070 (20%)], lr: ['1.00e-04', '1.00e-04'], loss: 0.036549
[2024-10-04 04:09:25,140][INFO][clas_trainer:133] - train epoch: 5 [40192/134070 (30%)], lr: ['1.00e-04', '1.00e-04'], loss: 0.000723
[2024-10-04 04:10:32,951][INFO][clas_trainer:133] - train epoch: 5 [53600/134070 (40%)], lr: ['1.00e-04', '1.00e-04'], loss: 0.030821
[2024-10-04 04:11:40,926][INFO][clas_trainer:133] - train epoch: 5 [67008/134070 (50%)], lr: ['1.00e-04', '1.00e-04'], loss: 0.000401
[2024-10-04 04:12:49,005][INFO][clas_trainer:133] - train epoch: 5 [80416/134070 (60%)], lr: ['1.00e-04', '1.00e-04'], loss: 0.002525
[2024-10-04 04:13:54,818][INFO][clas_trainer:133] - train epoch: 5 [93824/134070 (70%)], lr: ['1.00e-04', '1.00e-04'], loss: 0.000309
[2024-10-04 04:15:04,442][INFO][clas_trainer:133] - train epoch: 5 [107232/134070 (80%)], lr: ['1.00e-04', '1.00e-04'], loss: 0.001574
[2024-10-04 04:16:11,617][INFO][clas_trainer:133] - train epoch: 5 [120640/134070 (90%)], lr: ['1.00e-04', '1.00e-04'], loss: 0.000236
[2024-10-04 04:17:17,759][INFO][clas_trainer:133] - train epoch: 5 [92158/134070 (100%)], lr: ['1.00e-04', '1.00e-04'], loss: 0.004553
[2024-10-04 04:19:11,441][INFO][clas_trainer:63] - [epoch   5] execution time: 781.80s	metrics:
[2024-10-04 04:19:11,442][INFO][clas_evaluator:132] - dataset: earlystopping, avg f1-score: 0.6363
[2024-10-04 04:20:24,723][INFO][clas_trainer:133] - train epoch: 6 [13376/134070 (10%)], lr: ['1.00e-04', '1.00e-04'], loss: 0.000497
[2024-10-04 04:21:35,470][INFO][clas_trainer:133] - train epoch: 6 [26784/134070 (20%)], lr: ['1.00e-04', '1.00e-04'], loss: 0.005217
[2024-10-04 04:22:51,888][INFO][clas_trainer:133] - train epoch: 6 [40192/134070 (30%)], lr: ['1.00e-04', '1.00e-04'], loss: 0.018514
[2024-10-04 04:24:07,967][INFO][clas_trainer:133] - train epoch: 6 [53600/134070 (40%)], lr: ['1.00e-04', '1.00e-04'], loss: 0.001543
[2024-10-04 04:25:21,629][INFO][clas_trainer:133] - train epoch: 6 [67008/134070 (50%)], lr: ['1.00e-04', '1.00e-04'], loss: 0.000578
[2024-10-04 04:26:27,871][INFO][clas_trainer:133] - train epoch: 6 [80416/134070 (60%)], lr: ['1.00e-04', '1.00e-04'], loss: 0.010621
[2024-10-04 04:27:31,940][INFO][clas_trainer:133] - train epoch: 6 [93824/134070 (70%)], lr: ['1.00e-04', '1.00e-04'], loss: 0.000410
[2024-10-04 04:28:38,930][INFO][clas_trainer:133] - train epoch: 6 [107232/134070 (80%)], lr: ['1.00e-04', '1.00e-04'], loss: 0.001405
[2024-10-04 04:29:47,069][INFO][clas_trainer:133] - train epoch: 6 [120640/134070 (90%)], lr: ['1.00e-04', '1.00e-04'], loss: 0.000292
[2024-10-04 04:30:53,518][INFO][clas_trainer:133] - train epoch: 6 [92158/134070 (100%)], lr: ['1.00e-04', '1.00e-04'], loss: 0.004561
[2024-10-04 04:32:44,337][INFO][clas_trainer:63] - [epoch   6] execution time: 812.89s	metrics:
[2024-10-04 04:32:44,338][INFO][clas_evaluator:132] - dataset: earlystopping, avg f1-score: 0.6246
[2024-10-04 04:33:57,786][INFO][clas_trainer:133] - train epoch: 7 [13376/134070 (10%)], lr: ['1.00e-04', '1.00e-04'], loss: 0.000762
[2024-10-04 04:35:11,516][INFO][clas_trainer:133] - train epoch: 7 [26784/134070 (20%)], lr: ['1.00e-04', '1.00e-04'], loss: 0.006061
[2024-10-04 04:36:25,774][INFO][clas_trainer:133] - train epoch: 7 [40192/134070 (30%)], lr: ['1.00e-04', '1.00e-04'], loss: 0.005568
[2024-10-04 04:37:40,075][INFO][clas_trainer:133] - train epoch: 7 [53600/134070 (40%)], lr: ['1.00e-04', '1.00e-04'], loss: 0.001753
[2024-10-04 04:38:52,735][INFO][clas_trainer:133] - train epoch: 7 [67008/134070 (50%)], lr: ['1.00e-04', '1.00e-04'], loss: 0.002031
[2024-10-04 04:40:06,010][INFO][clas_trainer:133] - train epoch: 7 [80416/134070 (60%)], lr: ['1.00e-04', '1.00e-04'], loss: 0.017370
[2024-10-04 04:41:19,571][INFO][clas_trainer:133] - train epoch: 7 [93824/134070 (70%)], lr: ['1.00e-04', '1.00e-04'], loss: 0.056956
[2024-10-04 04:42:33,983][INFO][clas_trainer:133] - train epoch: 7 [107232/134070 (80%)], lr: ['1.00e-04', '1.00e-04'], loss: 0.009663
[2024-10-04 04:43:55,147][INFO][clas_trainer:133] - train epoch: 7 [120640/134070 (90%)], lr: ['1.00e-04', '1.00e-04'], loss: 0.002265
[2024-10-04 04:45:10,547][INFO][clas_trainer:133] - train epoch: 7 [92158/134070 (100%)], lr: ['1.00e-04', '1.00e-04'], loss: 0.006824
[2024-10-04 04:47:08,246][INFO][clas_trainer:63] - [epoch   7] execution time: 863.91s	metrics:
[2024-10-04 04:47:08,247][INFO][clas_evaluator:132] - dataset: earlystopping, avg f1-score: 0.6207
[2024-10-04 04:48:23,155][INFO][clas_trainer:133] - train epoch: 8 [13376/134070 (10%)], lr: ['1.00e-04', '1.00e-04'], loss: 0.000978
[2024-10-04 04:49:37,626][INFO][clas_trainer:133] - train epoch: 8 [26784/134070 (20%)], lr: ['1.00e-04', '1.00e-04'], loss: 0.024243
[2024-10-04 04:50:51,922][INFO][clas_trainer:133] - train epoch: 8 [40192/134070 (30%)], lr: ['1.00e-04', '1.00e-04'], loss: 0.017814
[2024-10-04 04:52:05,108][INFO][clas_trainer:133] - train epoch: 8 [53600/134070 (40%)], lr: ['1.00e-04', '1.00e-04'], loss: 0.044055
[2024-10-04 04:53:21,850][INFO][clas_trainer:133] - train epoch: 8 [67008/134070 (50%)], lr: ['1.00e-04', '1.00e-04'], loss: 0.007022
[2024-10-04 04:54:36,917][INFO][clas_trainer:133] - train epoch: 8 [80416/134070 (60%)], lr: ['1.00e-04', '1.00e-04'], loss: 0.014890
[2024-10-04 04:55:52,791][INFO][clas_trainer:133] - train epoch: 8 [93824/134070 (70%)], lr: ['1.00e-04', '1.00e-04'], loss: 0.017913
[2024-10-04 04:57:10,100][INFO][clas_trainer:133] - train epoch: 8 [107232/134070 (80%)], lr: ['1.00e-04', '1.00e-04'], loss: 0.000704
[2024-10-04 04:58:24,524][INFO][clas_trainer:133] - train epoch: 8 [120640/134070 (90%)], lr: ['1.00e-04', '1.00e-04'], loss: 0.007514
[2024-10-04 04:59:42,274][INFO][clas_trainer:133] - train epoch: 8 [92158/134070 (100%)], lr: ['1.00e-04', '1.00e-04'], loss: 0.004732
[2024-10-04 05:01:43,785][INFO][clas_trainer:63] - [epoch   8] execution time: 875.54s	metrics:
[2024-10-04 05:01:43,786][INFO][clas_evaluator:132] - dataset: earlystopping, avg f1-score: 0.6028
[2024-10-04 05:02:55,852][INFO][clas_trainer:133] - train epoch: 9 [13376/134070 (10%)], lr: ['1.00e-04', '1.00e-04'], loss: 0.002936
[2024-10-04 05:04:11,285][INFO][clas_trainer:133] - train epoch: 9 [26784/134070 (20%)], lr: ['1.00e-04', '1.00e-04'], loss: 0.000342
[2024-10-04 05:05:25,191][INFO][clas_trainer:133] - train epoch: 9 [40192/134070 (30%)], lr: ['1.00e-04', '1.00e-04'], loss: 0.000782
[2024-10-04 05:06:40,032][INFO][clas_trainer:133] - train epoch: 9 [53600/134070 (40%)], lr: ['1.00e-04', '1.00e-04'], loss: 0.044321
[2024-10-04 05:07:53,003][INFO][clas_trainer:133] - train epoch: 9 [67008/134070 (50%)], lr: ['1.00e-04', '1.00e-04'], loss: 0.000520
[2024-10-04 05:09:07,027][INFO][clas_trainer:133] - train epoch: 9 [80416/134070 (60%)], lr: ['1.00e-04', '1.00e-04'], loss: 0.001404
[2024-10-04 05:10:21,578][INFO][clas_trainer:133] - train epoch: 9 [93824/134070 (70%)], lr: ['1.00e-04', '1.00e-04'], loss: 0.004273
[2024-10-04 05:11:36,124][INFO][clas_trainer:133] - train epoch: 9 [107232/134070 (80%)], lr: ['1.00e-04', '1.00e-04'], loss: 0.002417
[2024-10-04 05:12:47,319][INFO][clas_trainer:133] - train epoch: 9 [120640/134070 (90%)], lr: ['1.00e-04', '1.00e-04'], loss: 0.000309
[2024-10-04 05:14:00,024][INFO][clas_trainer:133] - train epoch: 9 [92158/134070 (100%)], lr: ['1.00e-04', '1.00e-04'], loss: 0.045955
[2024-10-04 05:15:55,603][INFO][clas_trainer:63] - [epoch   9] execution time: 851.82s	metrics:
[2024-10-04 05:15:55,604][INFO][clas_evaluator:132] - dataset: earlystopping, avg f1-score: 0.6543
[2024-10-04 05:15:55,647][INFO][base_model:51] - snapshot saved to XXX/frequency-pretraining/models/exp005c-m0-base_fe_clas-2024-10-04_03-09-39-final.pth
[2024-10-04 05:17:06,164][INFO][clas_trainer:133] - train epoch: 10 [13376/134070 (10%)], lr: ['1.00e-04', '1.00e-04'], loss: 0.003392
[2024-10-04 05:18:17,658][INFO][clas_trainer:133] - train epoch: 10 [26784/134070 (20%)], lr: ['1.00e-04', '1.00e-04'], loss: 0.011594
[2024-10-04 05:19:33,390][INFO][clas_trainer:133] - train epoch: 10 [40192/134070 (30%)], lr: ['1.00e-04', '1.00e-04'], loss: 0.009575
[2024-10-04 05:20:48,441][INFO][clas_trainer:133] - train epoch: 10 [53600/134070 (40%)], lr: ['1.00e-04', '1.00e-04'], loss: 0.001001
[2024-10-04 05:22:05,427][INFO][clas_trainer:133] - train epoch: 10 [67008/134070 (50%)], lr: ['1.00e-04', '1.00e-04'], loss: 0.000547
[2024-10-04 05:23:21,843][INFO][clas_trainer:133] - train epoch: 10 [80416/134070 (60%)], lr: ['1.00e-04', '1.00e-04'], loss: 0.005752
[2024-10-04 05:24:32,548][INFO][clas_trainer:133] - train epoch: 10 [93824/134070 (70%)], lr: ['1.00e-04', '1.00e-04'], loss: 0.000544
[2024-10-04 05:25:50,232][INFO][clas_trainer:133] - train epoch: 10 [107232/134070 (80%)], lr: ['1.00e-04', '1.00e-04'], loss: 0.002717
[2024-10-04 05:27:05,342][INFO][clas_trainer:133] - train epoch: 10 [120640/134070 (90%)], lr: ['1.00e-04', '1.00e-04'], loss: 0.001024
[2024-10-04 05:28:22,133][INFO][clas_trainer:133] - train epoch: 10 [92158/134070 (100%)], lr: ['1.00e-04', '1.00e-04'], loss: 0.002647
[2024-10-04 05:30:35,567][INFO][clas_trainer:63] - [epoch  10] execution time: 879.92s	metrics:
[2024-10-04 05:30:35,568][INFO][clas_evaluator:132] - dataset: earlystopping, avg f1-score: 0.5853
[2024-10-04 05:31:51,304][INFO][clas_trainer:133] - train epoch: 11 [13376/134070 (10%)], lr: ['1.00e-04', '1.00e-04'], loss: 0.002685
[2024-10-04 05:33:03,868][INFO][clas_trainer:133] - train epoch: 11 [26784/134070 (20%)], lr: ['1.00e-04', '1.00e-04'], loss: 0.006072
[2024-10-04 05:34:20,040][INFO][clas_trainer:133] - train epoch: 11 [40192/134070 (30%)], lr: ['1.00e-04', '1.00e-04'], loss: 0.000805
[2024-10-04 05:35:32,866][INFO][clas_trainer:133] - train epoch: 11 [53600/134070 (40%)], lr: ['1.00e-04', '1.00e-04'], loss: 0.002091
[2024-10-04 05:36:47,051][INFO][clas_trainer:133] - train epoch: 11 [67008/134070 (50%)], lr: ['1.00e-04', '1.00e-04'], loss: 0.006318
[2024-10-04 05:38:00,379][INFO][clas_trainer:133] - train epoch: 11 [80416/134070 (60%)], lr: ['1.00e-04', '1.00e-04'], loss: 0.001334
[2024-10-04 05:39:15,350][INFO][clas_trainer:133] - train epoch: 11 [93824/134070 (70%)], lr: ['1.00e-04', '1.00e-04'], loss: 0.000408
[2024-10-04 05:40:25,672][INFO][clas_trainer:133] - train epoch: 11 [107232/134070 (80%)], lr: ['1.00e-04', '1.00e-04'], loss: 0.001392
[2024-10-04 05:41:37,864][INFO][clas_trainer:133] - train epoch: 11 [120640/134070 (90%)], lr: ['1.00e-04', '1.00e-04'], loss: 0.000622
[2024-10-04 05:42:50,062][INFO][clas_trainer:133] - train epoch: 11 [92158/134070 (100%)], lr: ['1.00e-04', '1.00e-04'], loss: 0.008126
[2024-10-04 05:44:46,970][INFO][clas_trainer:63] - [epoch  11] execution time: 851.40s	metrics:
[2024-10-04 05:44:46,971][INFO][clas_evaluator:132] - dataset: earlystopping, avg f1-score: 0.5937
[2024-10-04 05:46:01,453][INFO][clas_trainer:133] - train epoch: 12 [13376/134070 (10%)], lr: ['1.00e-04', '1.00e-04'], loss: 0.009238
[2024-10-04 05:47:15,836][INFO][clas_trainer:133] - train epoch: 12 [26784/134070 (20%)], lr: ['1.00e-04', '1.00e-04'], loss: 0.005572
[2024-10-04 05:48:23,466][INFO][clas_trainer:133] - train epoch: 12 [40192/134070 (30%)], lr: ['1.00e-04', '1.00e-04'], loss: 0.001337
[2024-10-04 05:49:38,265][INFO][clas_trainer:133] - train epoch: 12 [53600/134070 (40%)], lr: ['1.00e-04', '1.00e-04'], loss: 0.000969
[2024-10-04 05:50:49,992][INFO][clas_trainer:133] - train epoch: 12 [67008/134070 (50%)], lr: ['1.00e-04', '1.00e-04'], loss: 0.000567
[2024-10-04 05:51:53,822][INFO][clas_trainer:133] - train epoch: 12 [80416/134070 (60%)], lr: ['1.00e-04', '1.00e-04'], loss: 0.000900
[2024-10-04 05:52:57,377][INFO][clas_trainer:133] - train epoch: 12 [93824/134070 (70%)], lr: ['1.00e-04', '1.00e-04'], loss: 0.003812
[2024-10-04 05:54:04,659][INFO][clas_trainer:133] - train epoch: 12 [107232/134070 (80%)], lr: ['1.00e-04', '1.00e-04'], loss: 0.019395
[2024-10-04 05:55:14,953][INFO][clas_trainer:133] - train epoch: 12 [120640/134070 (90%)], lr: ['1.00e-04', '1.00e-04'], loss: 0.004104
[2024-10-04 05:56:22,704][INFO][clas_trainer:133] - train epoch: 12 [92158/134070 (100%)], lr: ['1.00e-04', '1.00e-04'], loss: 0.000280
[2024-10-04 05:58:16,987][INFO][clas_trainer:63] - [epoch  12] execution time: 810.02s	metrics:
[2024-10-04 05:58:16,988][INFO][clas_evaluator:132] - dataset: earlystopping, avg f1-score: 0.5870
[2024-10-04 05:59:36,009][INFO][clas_trainer:133] - train epoch: 13 [13376/134070 (10%)], lr: ['1.00e-04', '1.00e-04'], loss: 0.001580
[2024-10-04 06:00:44,079][INFO][clas_trainer:133] - train epoch: 13 [26784/134070 (20%)], lr: ['1.00e-04', '1.00e-04'], loss: 0.000357
[2024-10-04 06:01:58,676][INFO][clas_trainer:133] - train epoch: 13 [40192/134070 (30%)], lr: ['1.00e-04', '1.00e-04'], loss: 0.002428
[2024-10-04 06:03:18,628][INFO][clas_trainer:133] - train epoch: 13 [53600/134070 (40%)], lr: ['1.00e-04', '1.00e-04'], loss: 0.002166
[2024-10-04 06:04:33,305][INFO][clas_trainer:133] - train epoch: 13 [67008/134070 (50%)], lr: ['1.00e-04', '1.00e-04'], loss: 0.002287
[2024-10-04 06:05:52,454][INFO][clas_trainer:133] - train epoch: 13 [80416/134070 (60%)], lr: ['1.00e-04', '1.00e-04'], loss: 0.004562
[2024-10-04 06:07:15,079][INFO][clas_trainer:133] - train epoch: 13 [93824/134070 (70%)], lr: ['1.00e-04', '1.00e-04'], loss: 0.000650
[2024-10-04 06:08:36,899][INFO][clas_trainer:133] - train epoch: 13 [107232/134070 (80%)], lr: ['1.00e-04', '1.00e-04'], loss: 0.000804
[2024-10-04 06:09:50,635][INFO][clas_trainer:133] - train epoch: 13 [120640/134070 (90%)], lr: ['1.00e-04', '1.00e-04'], loss: 0.000604
[2024-10-04 06:11:08,592][INFO][clas_trainer:133] - train epoch: 13 [92158/134070 (100%)], lr: ['1.00e-04', '1.00e-04'], loss: 0.000867
[2024-10-04 06:13:00,919][INFO][clas_trainer:63] - [epoch  13] execution time: 883.93s	metrics:
[2024-10-04 06:13:00,920][INFO][clas_evaluator:132] - dataset: earlystopping, avg f1-score: 0.5978
[2024-10-04 06:14:13,197][INFO][clas_trainer:133] - train epoch: 14 [13376/134070 (10%)], lr: ['1.00e-04', '1.00e-04'], loss: 0.003193
[2024-10-04 06:15:22,051][INFO][clas_trainer:133] - train epoch: 14 [26784/134070 (20%)], lr: ['1.00e-04', '1.00e-04'], loss: 0.001543
[2024-10-04 06:16:30,833][INFO][clas_trainer:133] - train epoch: 14 [40192/134070 (30%)], lr: ['1.00e-04', '1.00e-04'], loss: 0.002079
[2024-10-04 06:17:40,465][INFO][clas_trainer:133] - train epoch: 14 [53600/134070 (40%)], lr: ['1.00e-04', '1.00e-04'], loss: 0.001455
[2024-10-04 06:18:54,120][INFO][clas_trainer:133] - train epoch: 14 [67008/134070 (50%)], lr: ['1.00e-04', '1.00e-04'], loss: 0.000906
[2024-10-04 06:20:06,623][INFO][clas_trainer:133] - train epoch: 14 [80416/134070 (60%)], lr: ['1.00e-04', '1.00e-04'], loss: 0.001664
[2024-10-04 06:21:23,565][INFO][clas_trainer:133] - train epoch: 14 [93824/134070 (70%)], lr: ['1.00e-04', '1.00e-04'], loss: 0.001486
[2024-10-04 06:22:40,398][INFO][clas_trainer:133] - train epoch: 14 [107232/134070 (80%)], lr: ['1.00e-04', '1.00e-04'], loss: 0.002367
[2024-10-04 06:23:49,994][INFO][clas_trainer:133] - train epoch: 14 [120640/134070 (90%)], lr: ['1.00e-04', '1.00e-04'], loss: 0.005192
[2024-10-04 06:25:04,642][INFO][clas_trainer:133] - train epoch: 14 [92158/134070 (100%)], lr: ['1.00e-04', '1.00e-04'], loss: 0.001940
[2024-10-04 06:27:02,669][INFO][clas_trainer:63] - [epoch  14] execution time: 841.75s	metrics:
[2024-10-04 06:27:02,670][INFO][clas_evaluator:132] - dataset: earlystopping, avg f1-score: 0.6015
[2024-10-04 06:28:19,168][INFO][clas_trainer:133] - train epoch: 15 [13376/134070 (10%)], lr: ['1.00e-04', '1.00e-04'], loss: 0.004629
[2024-10-04 06:29:33,504][INFO][clas_trainer:133] - train epoch: 15 [26784/134070 (20%)], lr: ['1.00e-04', '1.00e-04'], loss: 0.006367
[2024-10-04 06:30:45,984][INFO][clas_trainer:133] - train epoch: 15 [40192/134070 (30%)], lr: ['1.00e-04', '1.00e-04'], loss: 0.034175
[2024-10-04 06:31:58,736][INFO][clas_trainer:133] - train epoch: 15 [53600/134070 (40%)], lr: ['1.00e-04', '1.00e-04'], loss: 0.000686
[2024-10-04 06:33:10,411][INFO][clas_trainer:133] - train epoch: 15 [67008/134070 (50%)], lr: ['1.00e-04', '1.00e-04'], loss: 0.000524
[2024-10-04 06:34:23,047][INFO][clas_trainer:133] - train epoch: 15 [80416/134070 (60%)], lr: ['1.00e-04', '1.00e-04'], loss: 0.000689
[2024-10-04 06:35:36,781][INFO][clas_trainer:133] - train epoch: 15 [93824/134070 (70%)], lr: ['1.00e-04', '1.00e-04'], loss: 0.000864
[2024-10-04 06:36:49,912][INFO][clas_trainer:133] - train epoch: 15 [107232/134070 (80%)], lr: ['1.00e-04', '1.00e-04'], loss: 0.017895
[2024-10-04 06:38:01,938][INFO][clas_trainer:133] - train epoch: 15 [120640/134070 (90%)], lr: ['1.00e-04', '1.00e-04'], loss: 0.001331
[2024-10-04 06:39:13,348][INFO][clas_trainer:133] - train epoch: 15 [92158/134070 (100%)], lr: ['1.00e-04', '1.00e-04'], loss: 0.023762
[2024-10-04 06:41:12,784][INFO][clas_trainer:63] - [epoch  15] execution time: 850.11s	metrics:
[2024-10-04 06:41:12,785][INFO][clas_evaluator:132] - dataset: earlystopping, avg f1-score: 0.5836
[2024-10-04 06:42:29,742][INFO][clas_trainer:133] - train epoch: 16 [13376/134070 (10%)], lr: ['1.00e-04', '1.00e-04'], loss: 0.005057
[2024-10-04 06:43:49,828][INFO][clas_trainer:133] - train epoch: 16 [26784/134070 (20%)], lr: ['1.00e-04', '1.00e-04'], loss: 0.095072
[2024-10-04 06:45:06,185][INFO][clas_trainer:133] - train epoch: 16 [40192/134070 (30%)], lr: ['1.00e-04', '1.00e-04'], loss: 0.000974
[2024-10-04 06:46:20,006][INFO][clas_trainer:133] - train epoch: 16 [53600/134070 (40%)], lr: ['1.00e-04', '1.00e-04'], loss: 0.001380
[2024-10-04 06:47:35,669][INFO][clas_trainer:133] - train epoch: 16 [67008/134070 (50%)], lr: ['1.00e-04', '1.00e-04'], loss: 0.001260
[2024-10-04 06:48:51,723][INFO][clas_trainer:133] - train epoch: 16 [80416/134070 (60%)], lr: ['1.00e-04', '1.00e-04'], loss: 0.007146
[2024-10-04 06:50:07,162][INFO][clas_trainer:133] - train epoch: 16 [93824/134070 (70%)], lr: ['1.00e-04', '1.00e-04'], loss: 0.002647
[2024-10-04 06:51:25,842][INFO][clas_trainer:133] - train epoch: 16 [107232/134070 (80%)], lr: ['1.00e-04', '1.00e-04'], loss: 0.001773
[2024-10-04 06:52:38,863][INFO][clas_trainer:133] - train epoch: 16 [120640/134070 (90%)], lr: ['1.00e-04', '1.00e-04'], loss: 0.002382
[2024-10-04 06:53:53,590][INFO][clas_trainer:133] - train epoch: 16 [92158/134070 (100%)], lr: ['1.00e-04', '1.00e-04'], loss: 0.001896
[2024-10-04 06:55:39,899][INFO][clas_trainer:63] - [epoch  16] execution time: 867.11s	metrics:
[2024-10-04 06:55:39,900][INFO][clas_evaluator:132] - dataset: earlystopping, avg f1-score: 0.6205
[2024-10-04 06:56:48,317][INFO][clas_trainer:133] - train epoch: 17 [13376/134070 (10%)], lr: ['1.00e-04', '1.00e-04'], loss: 0.005913
[2024-10-04 06:57:56,077][INFO][clas_trainer:133] - train epoch: 17 [26784/134070 (20%)], lr: ['1.00e-04', '1.00e-04'], loss: 0.001987
[2024-10-04 06:59:00,525][INFO][clas_trainer:133] - train epoch: 17 [40192/134070 (30%)], lr: ['1.00e-04', '1.00e-04'], loss: 0.000873
[2024-10-04 07:00:06,499][INFO][clas_trainer:133] - train epoch: 17 [53600/134070 (40%)], lr: ['1.00e-04', '1.00e-04'], loss: 0.001272
[2024-10-04 07:01:20,726][INFO][clas_trainer:133] - train epoch: 17 [67008/134070 (50%)], lr: ['1.00e-04', '1.00e-04'], loss: 0.003523
[2024-10-04 07:02:32,449][INFO][clas_trainer:133] - train epoch: 17 [80416/134070 (60%)], lr: ['1.00e-04', '1.00e-04'], loss: 0.000393
[2024-10-04 07:03:47,898][INFO][clas_trainer:133] - train epoch: 17 [93824/134070 (70%)], lr: ['1.00e-04', '1.00e-04'], loss: 0.001044
[2024-10-04 07:05:00,965][INFO][clas_trainer:133] - train epoch: 17 [107232/134070 (80%)], lr: ['1.00e-04', '1.00e-04'], loss: 0.001031
[2024-10-04 07:06:11,218][INFO][clas_trainer:133] - train epoch: 17 [120640/134070 (90%)], lr: ['1.00e-04', '1.00e-04'], loss: 0.000807
[2024-10-04 07:07:28,412][INFO][clas_trainer:133] - train epoch: 17 [92158/134070 (100%)], lr: ['1.00e-04', '1.00e-04'], loss: 0.001635
[2024-10-04 07:09:32,330][INFO][clas_trainer:63] - [epoch  17] execution time: 832.43s	metrics:
[2024-10-04 07:09:32,331][INFO][clas_evaluator:132] - dataset: earlystopping, avg f1-score: 0.5816
[2024-10-04 07:10:46,564][INFO][clas_trainer:133] - train epoch: 18 [13376/134070 (10%)], lr: ['1.00e-04', '1.00e-04'], loss: 0.014926
[2024-10-04 07:12:04,534][INFO][clas_trainer:133] - train epoch: 18 [26784/134070 (20%)], lr: ['1.00e-04', '1.00e-04'], loss: 0.001767
[2024-10-04 07:13:20,955][INFO][clas_trainer:133] - train epoch: 18 [40192/134070 (30%)], lr: ['1.00e-04', '1.00e-04'], loss: 0.000889
[2024-10-04 07:14:30,897][INFO][clas_trainer:133] - train epoch: 18 [53600/134070 (40%)], lr: ['1.00e-04', '1.00e-04'], loss: 0.001186
[2024-10-04 07:15:47,664][INFO][clas_trainer:133] - train epoch: 18 [67008/134070 (50%)], lr: ['1.00e-04', '1.00e-04'], loss: 0.000505
[2024-10-04 07:16:59,324][INFO][clas_trainer:133] - train epoch: 18 [80416/134070 (60%)], lr: ['1.00e-04', '1.00e-04'], loss: 0.000776
[2024-10-04 07:18:12,219][INFO][clas_trainer:133] - train epoch: 18 [93824/134070 (70%)], lr: ['1.00e-04', '1.00e-04'], loss: 0.006743
[2024-10-04 07:19:24,062][INFO][clas_trainer:133] - train epoch: 18 [107232/134070 (80%)], lr: ['1.00e-04', '1.00e-04'], loss: 0.000683
[2024-10-04 07:20:36,952][INFO][clas_trainer:133] - train epoch: 18 [120640/134070 (90%)], lr: ['1.00e-04', '1.00e-04'], loss: 0.001045
[2024-10-04 07:21:49,184][INFO][clas_trainer:133] - train epoch: 18 [92158/134070 (100%)], lr: ['1.00e-04', '1.00e-04'], loss: 0.001887
[2024-10-04 07:23:45,748][INFO][clas_trainer:63] - [epoch  18] execution time: 853.42s	metrics:
[2024-10-04 07:23:45,749][INFO][clas_evaluator:132] - dataset: earlystopping, avg f1-score: 0.5729
[2024-10-04 07:25:01,942][INFO][clas_trainer:133] - train epoch: 19 [13376/134070 (10%)], lr: ['1.00e-04', '1.00e-04'], loss: 0.001364
[2024-10-04 07:26:14,443][INFO][clas_trainer:133] - train epoch: 19 [26784/134070 (20%)], lr: ['1.00e-04', '1.00e-04'], loss: 0.014052
[2024-10-04 07:27:27,960][INFO][clas_trainer:133] - train epoch: 19 [40192/134070 (30%)], lr: ['1.00e-04', '1.00e-04'], loss: 0.001700
[2024-10-04 07:28:40,587][INFO][clas_trainer:133] - train epoch: 19 [53600/134070 (40%)], lr: ['1.00e-04', '1.00e-04'], loss: 0.000480
[2024-10-04 07:29:50,158][INFO][clas_trainer:133] - train epoch: 19 [67008/134070 (50%)], lr: ['1.00e-04', '1.00e-04'], loss: 0.001452
[2024-10-04 07:31:01,555][INFO][clas_trainer:133] - train epoch: 19 [80416/134070 (60%)], lr: ['1.00e-04', '1.00e-04'], loss: 0.001634
[2024-10-04 07:32:17,468][INFO][clas_trainer:133] - train epoch: 19 [93824/134070 (70%)], lr: ['1.00e-04', '1.00e-04'], loss: 0.001170
[2024-10-04 07:33:32,188][INFO][clas_trainer:133] - train epoch: 19 [107232/134070 (80%)], lr: ['1.00e-04', '1.00e-04'], loss: 0.000875
[2024-10-04 07:34:48,224][INFO][clas_trainer:133] - train epoch: 19 [120640/134070 (90%)], lr: ['1.00e-04', '1.00e-04'], loss: 0.001133
[2024-10-04 07:36:02,724][INFO][clas_trainer:133] - train epoch: 19 [92158/134070 (100%)], lr: ['1.00e-04', '1.00e-04'], loss: 0.004637
[2024-10-04 07:38:03,631][INFO][clas_trainer:63] - [epoch  19] execution time: 857.88s	metrics:
[2024-10-04 07:38:03,632][INFO][clas_evaluator:132] - dataset: earlystopping, avg f1-score: 0.5975
[2024-10-04 07:38:03,640][INFO][clas_trainer:79] - finished training
[2024-10-04 07:38:03,641][INFO][clas_trainer:80] - best model on epoch: 9 	f1-score: 0.6543
