[2024-10-04 02:01:53,283][INFO][fine-tune:25] - Using GPU 6
[2024-10-04 02:01:53,286][INFO][fine-tune:35] - overrides:
hydra:
- hydra.launcher.n_jobs=40
- hydra.mode=MULTIRUN
task:
- m_seed_path_sids={seeds:[6,6,6,6,6],path:"exp006b-m6-simple_multi_class-2024-09-20_13-58-02-final.pth",subject_ids:{isruc:$\{data.isruc.cv_5_fold.fold_2\}}}
- data.downstream.train_dataloader.dataset.data_reducer.n_epochs=340
- data.downstream.train_dataloader.dataset.data_reducer.n_subjects=2
- general.gpus=[4,5,6,7]

[2024-10-04 02:01:57,189][INFO][data_loaders:39] - class distribution before data reduction:
# samples per subject
sg1-1-1: 880
sg1-10-1: 842
sg1-11-1: 997
sg1-12-1: 850
sg1-13-1: 882
sg1-14-1: 906
sg1-16-1: 883
sg1-17-1: 851
sg1-19-1: 828
sg1-20-1: 950
sg1-22-1: 849
sg1-23-1: 892
sg1-26-1: 1062
sg1-28-1: 882
sg1-29-1: 912
sg1-3-1: 943
sg1-31-1: 877
sg1-32-1: 1010
sg1-33-1: 920
sg1-34-1: 871
sg1-35-1: 788
sg1-36-1: 987
sg1-37-1: 806
sg1-38-1: 932
sg1-39-1: 900
sg1-40-1: 875
sg1-42-1: 812
sg1-43-1: 747
sg1-44-1: 932
sg1-45-1: 906
sg1-46-1: 863
sg1-48-1: 981
sg1-49-1: 793
sg1-5-1: 875
sg1-50-1: 905
sg1-51-1: 856
sg1-52-1: 912
sg1-53-1: 910
sg1-54-1: 814
sg1-59-1: 942
sg1-6-1: 897
sg1-61-1: 852
sg1-62-1: 864
sg1-63-1: 954
sg1-64-1: 892
sg1-65-1: 1014
sg1-66-1: 845
sg1-67-1: 862
sg1-68-1: 956
sg1-69-1: 815
sg1-71-1: 829
sg1-72-1: 872
sg1-74-1: 897
sg1-76-1: 850
sg1-77-1: 805
sg1-78-1: 894
sg1-80-1: 889
sg1-81-1: 911
sg1-83-1: 925
sg1-84-1: 963
sg1-85-1: 896
sg1-86-1: 964
sg1-88-1: 1002
sg1-9-1: 969
sg1-90-1: 933
sg1-91-1: 990
sg1-92-1: 877
sg1-95-1: 865
sg1-97-1: 912
sg1-99-1: 835
sg2-1-1: 933
sg2-1-2: 787
sg2-3-1: 871
sg2-3-2: 813
sg2-4-1: 932
sg2-4-2: 899
sg2-6-1: 965
sg2-6-2: 1014
sg2-7-1: 942
sg2-7-2: 899
sg2-8-1: 815
sg2-8-2: 923
sg3-10-1: 796
sg3-2-1: 941
sg3-3-1: 824
sg3-4-1: 794
sg3-6-1: 853
sg3-7-1: 814
sg3-8-1: 1000
sg3-9-1: 969

# samples per stage
0: 18096
1: 10902
2: 25149
3: 15812
4: 10477
[2024-10-04 02:01:57,515][INFO][data_loaders:43] - class distribution after data reduction:
# samples per subject
sg1-37-1: 35872
sg1-5-1: 44368

# samples per stage
0: 21004
1: 11092
2: 24544
3: 15104
4: 8496
[2024-10-04 02:01:57,538][INFO][base_pretraining_fe:55] - Loading model from exp006b-m6-simple_multi_class-2024-09-20_13-58-02-final.pth
[2024-10-04 02:01:57,929][INFO][data_loaders:39] - class distribution before data reduction:
# samples per subject
sg1-21-1: 1054
sg1-24-1: 830
sg1-30-1: 882
sg1-4-1: 963
sg1-55-1: 879
sg1-57-1: 1007
sg1-70-1: 893
sg1-87-1: 926

# samples per stage
0: 1560
1: 831
2: 2431
3: 1417
4: 1195
[2024-10-04 02:01:57,941][INFO][data_loaders:43] - class distribution after data reduction:
# samples per subject
sg1-21-1: 1054
sg1-24-1: 830
sg1-30-1: 882
sg1-4-1: 963
sg1-55-1: 879
sg1-57-1: 1007
sg1-70-1: 893
sg1-87-1: 926

# samples per stage
0: 1560
1: 831
2: 2431
3: 1417
4: 1195
[2024-10-04 02:01:57,957][INFO][clas_trainer:49] - metrics before training (epoch 0):
[2024-10-04 02:02:24,545][INFO][clas_evaluator:132] - dataset: earlystopping, avg f1-score: 0.2422
[2024-10-04 02:02:50,542][INFO][clas_trainer:133] - train epoch: 1 [7968/80240 (10%)], lr: ['1.00e-04', '1.00e-04'], loss: 0.411291
[2024-10-04 02:03:16,302][INFO][clas_trainer:133] - train epoch: 1 [15968/80240 (20%)], lr: ['1.00e-04', '1.00e-04'], loss: 0.423262
[2024-10-04 02:03:41,686][INFO][clas_trainer:133] - train epoch: 1 [23968/80240 (30%)], lr: ['1.00e-04', '1.00e-04'], loss: 0.058368
[2024-10-04 02:04:05,707][INFO][clas_trainer:133] - train epoch: 1 [31968/80240 (40%)], lr: ['1.00e-04', '1.00e-04'], loss: 0.113363
[2024-10-04 02:04:30,136][INFO][clas_trainer:133] - train epoch: 1 [39968/80240 (50%)], lr: ['1.00e-04', '1.00e-04'], loss: 0.128052
[2024-10-04 02:04:55,684][INFO][clas_trainer:133] - train epoch: 1 [47968/80240 (60%)], lr: ['1.00e-04', '1.00e-04'], loss: 0.193755
[2024-10-04 02:05:19,791][INFO][clas_trainer:133] - train epoch: 1 [55968/80240 (70%)], lr: ['1.00e-04', '1.00e-04'], loss: 0.066552
[2024-10-04 02:05:44,633][INFO][clas_trainer:133] - train epoch: 1 [63968/80240 (80%)], lr: ['1.00e-04', '1.00e-04'], loss: 0.203819
[2024-10-04 02:06:07,663][INFO][clas_trainer:133] - train epoch: 1 [71968/80240 (90%)], lr: ['1.00e-04', '1.00e-04'], loss: 0.003789
[2024-10-04 02:06:33,138][INFO][clas_trainer:133] - train epoch: 1 [79968/80240 (100%)], lr: ['1.00e-04', '1.00e-04'], loss: 0.040141
[2024-10-04 02:07:00,014][INFO][clas_trainer:63] - [epoch   1] execution time: 275.47s	metrics:
[2024-10-04 02:07:00,015][INFO][clas_evaluator:132] - dataset: earlystopping, avg f1-score: 0.6597
[2024-10-04 02:07:00,045][INFO][base_model:51] - snapshot saved to XXX/frequency-pretraining/models/exp006c-m166-base_fe_clas-2024-10-03_20-03-43-final.pth
[2024-10-04 02:07:26,740][INFO][clas_trainer:133] - train epoch: 2 [7968/80240 (10%)], lr: ['1.00e-04', '1.00e-04'], loss: 0.008791
[2024-10-04 02:07:52,734][INFO][clas_trainer:133] - train epoch: 2 [15968/80240 (20%)], lr: ['1.00e-04', '1.00e-04'], loss: 0.006106
[2024-10-04 02:08:18,118][INFO][clas_trainer:133] - train epoch: 2 [23968/80240 (30%)], lr: ['1.00e-04', '1.00e-04'], loss: 0.002045
[2024-10-04 02:08:42,336][INFO][clas_trainer:133] - train epoch: 2 [31968/80240 (40%)], lr: ['1.00e-04', '1.00e-04'], loss: 0.025977
[2024-10-04 02:09:06,865][INFO][clas_trainer:133] - train epoch: 2 [39968/80240 (50%)], lr: ['1.00e-04', '1.00e-04'], loss: 0.019971
[2024-10-04 02:09:32,093][INFO][clas_trainer:133] - train epoch: 2 [47968/80240 (60%)], lr: ['1.00e-04', '1.00e-04'], loss: 0.002972
[2024-10-04 02:09:56,210][INFO][clas_trainer:133] - train epoch: 2 [55968/80240 (70%)], lr: ['1.00e-04', '1.00e-04'], loss: 0.000348
[2024-10-04 02:10:20,825][INFO][clas_trainer:133] - train epoch: 2 [63968/80240 (80%)], lr: ['1.00e-04', '1.00e-04'], loss: 0.008306
[2024-10-04 02:10:45,280][INFO][clas_trainer:133] - train epoch: 2 [71968/80240 (90%)], lr: ['1.00e-04', '1.00e-04'], loss: 0.000367
[2024-10-04 02:11:09,722][INFO][clas_trainer:133] - train epoch: 2 [79968/80240 (100%)], lr: ['1.00e-04', '1.00e-04'], loss: 0.002649
[2024-10-04 02:11:36,972][INFO][clas_trainer:63] - [epoch   2] execution time: 276.93s	metrics:
[2024-10-04 02:11:36,973][INFO][clas_evaluator:132] - dataset: earlystopping, avg f1-score: 0.6365
[2024-10-04 02:12:01,513][INFO][clas_trainer:133] - train epoch: 3 [7968/80240 (10%)], lr: ['1.00e-04', '1.00e-04'], loss: 0.000224
[2024-10-04 02:12:25,284][INFO][clas_trainer:133] - train epoch: 3 [15968/80240 (20%)], lr: ['1.00e-04', '1.00e-04'], loss: 0.038084
[2024-10-04 02:12:49,616][INFO][clas_trainer:133] - train epoch: 3 [23968/80240 (30%)], lr: ['1.00e-04', '1.00e-04'], loss: 0.000829
[2024-10-04 02:13:14,755][INFO][clas_trainer:133] - train epoch: 3 [31968/80240 (40%)], lr: ['1.00e-04', '1.00e-04'], loss: 0.023950
[2024-10-04 02:13:38,769][INFO][clas_trainer:133] - train epoch: 3 [39968/80240 (50%)], lr: ['1.00e-04', '1.00e-04'], loss: 0.001282
[2024-10-04 02:14:02,045][INFO][clas_trainer:133] - train epoch: 3 [47968/80240 (60%)], lr: ['1.00e-04', '1.00e-04'], loss: 0.002349
[2024-10-04 02:14:26,396][INFO][clas_trainer:133] - train epoch: 3 [55968/80240 (70%)], lr: ['1.00e-04', '1.00e-04'], loss: 0.000287
[2024-10-04 02:14:50,302][INFO][clas_trainer:133] - train epoch: 3 [63968/80240 (80%)], lr: ['1.00e-04', '1.00e-04'], loss: 0.000513
[2024-10-04 02:15:14,402][INFO][clas_trainer:133] - train epoch: 3 [71968/80240 (90%)], lr: ['1.00e-04', '1.00e-04'], loss: 0.000029
[2024-10-04 02:15:38,788][INFO][clas_trainer:133] - train epoch: 3 [79968/80240 (100%)], lr: ['1.00e-04', '1.00e-04'], loss: 0.000095
[2024-10-04 02:16:05,283][INFO][clas_trainer:63] - [epoch   3] execution time: 268.31s	metrics:
[2024-10-04 02:16:05,284][INFO][clas_evaluator:132] - dataset: earlystopping, avg f1-score: 0.6592
[2024-10-04 02:16:31,498][INFO][clas_trainer:133] - train epoch: 4 [7968/80240 (10%)], lr: ['1.00e-04', '1.00e-04'], loss: 0.035062
[2024-10-04 02:16:55,914][INFO][clas_trainer:133] - train epoch: 4 [15968/80240 (20%)], lr: ['1.00e-04', '1.00e-04'], loss: 0.000052
[2024-10-04 02:17:20,592][INFO][clas_trainer:133] - train epoch: 4 [23968/80240 (30%)], lr: ['1.00e-04', '1.00e-04'], loss: 0.013176
[2024-10-04 02:17:44,456][INFO][clas_trainer:133] - train epoch: 4 [31968/80240 (40%)], lr: ['1.00e-04', '1.00e-04'], loss: 0.000054
[2024-10-04 02:18:08,007][INFO][clas_trainer:133] - train epoch: 4 [39968/80240 (50%)], lr: ['1.00e-04', '1.00e-04'], loss: 0.002874
[2024-10-04 02:18:32,434][INFO][clas_trainer:133] - train epoch: 4 [47968/80240 (60%)], lr: ['1.00e-04', '1.00e-04'], loss: 0.000093
[2024-10-04 02:18:57,548][INFO][clas_trainer:133] - train epoch: 4 [55968/80240 (70%)], lr: ['1.00e-04', '1.00e-04'], loss: 0.001112
[2024-10-04 02:19:22,811][INFO][clas_trainer:133] - train epoch: 4 [63968/80240 (80%)], lr: ['1.00e-04', '1.00e-04'], loss: 0.000238
[2024-10-04 02:19:45,729][INFO][clas_trainer:133] - train epoch: 4 [71968/80240 (90%)], lr: ['1.00e-04', '1.00e-04'], loss: 0.061783
[2024-10-04 02:20:09,212][INFO][clas_trainer:133] - train epoch: 4 [79968/80240 (100%)], lr: ['1.00e-04', '1.00e-04'], loss: 0.002450
[2024-10-04 02:20:34,458][INFO][clas_trainer:63] - [epoch   4] execution time: 269.17s	metrics:
[2024-10-04 02:20:34,458][INFO][clas_evaluator:132] - dataset: earlystopping, avg f1-score: 0.6377
[2024-10-04 02:20:58,794][INFO][clas_trainer:133] - train epoch: 5 [7968/80240 (10%)], lr: ['1.00e-04', '1.00e-04'], loss: 0.020201
[2024-10-04 02:21:22,884][INFO][clas_trainer:133] - train epoch: 5 [15968/80240 (20%)], lr: ['1.00e-04', '1.00e-04'], loss: 0.000557
[2024-10-04 02:21:47,416][INFO][clas_trainer:133] - train epoch: 5 [23968/80240 (30%)], lr: ['1.00e-04', '1.00e-04'], loss: 0.004336
[2024-10-04 02:22:11,465][INFO][clas_trainer:133] - train epoch: 5 [31968/80240 (40%)], lr: ['1.00e-04', '1.00e-04'], loss: 0.000084
[2024-10-04 02:22:35,799][INFO][clas_trainer:133] - train epoch: 5 [39968/80240 (50%)], lr: ['1.00e-04', '1.00e-04'], loss: 0.000047
[2024-10-04 02:22:59,719][INFO][clas_trainer:133] - train epoch: 5 [47968/80240 (60%)], lr: ['1.00e-04', '1.00e-04'], loss: 0.001084
[2024-10-04 02:23:23,562][INFO][clas_trainer:133] - train epoch: 5 [55968/80240 (70%)], lr: ['1.00e-04', '1.00e-04'], loss: 0.034974
[2024-10-04 02:23:47,532][INFO][clas_trainer:133] - train epoch: 5 [63968/80240 (80%)], lr: ['1.00e-04', '1.00e-04'], loss: 0.000118
[2024-10-04 02:24:11,251][INFO][clas_trainer:133] - train epoch: 5 [71968/80240 (90%)], lr: ['1.00e-04', '1.00e-04'], loss: 0.000803
[2024-10-04 02:24:34,595][INFO][clas_trainer:133] - train epoch: 5 [79968/80240 (100%)], lr: ['1.00e-04', '1.00e-04'], loss: 0.001570
[2024-10-04 02:24:58,806][INFO][clas_trainer:63] - [epoch   5] execution time: 264.35s	metrics:
[2024-10-04 02:24:58,807][INFO][clas_evaluator:132] - dataset: earlystopping, avg f1-score: 0.6618
[2024-10-04 02:24:58,839][INFO][base_model:51] - snapshot saved to XXX/frequency-pretraining/models/exp006c-m166-base_fe_clas-2024-10-03_20-03-43-final.pth
[2024-10-04 02:25:23,862][INFO][clas_trainer:133] - train epoch: 6 [7968/80240 (10%)], lr: ['1.00e-04', '1.00e-04'], loss: 0.028881
[2024-10-04 02:25:48,225][INFO][clas_trainer:133] - train epoch: 6 [15968/80240 (20%)], lr: ['1.00e-04', '1.00e-04'], loss: 0.000034
[2024-10-04 02:26:12,628][INFO][clas_trainer:133] - train epoch: 6 [23968/80240 (30%)], lr: ['1.00e-04', '1.00e-04'], loss: 0.001042
[2024-10-04 02:26:36,630][INFO][clas_trainer:133] - train epoch: 6 [31968/80240 (40%)], lr: ['1.00e-04', '1.00e-04'], loss: 0.002849
[2024-10-04 02:27:00,162][INFO][clas_trainer:133] - train epoch: 6 [39968/80240 (50%)], lr: ['1.00e-04', '1.00e-04'], loss: 0.000377
[2024-10-04 02:27:24,532][INFO][clas_trainer:133] - train epoch: 6 [47968/80240 (60%)], lr: ['1.00e-04', '1.00e-04'], loss: 0.008374
[2024-10-04 02:27:48,500][INFO][clas_trainer:133] - train epoch: 6 [55968/80240 (70%)], lr: ['1.00e-04', '1.00e-04'], loss: 0.000612
[2024-10-04 02:28:13,988][INFO][clas_trainer:133] - train epoch: 6 [63968/80240 (80%)], lr: ['1.00e-04', '1.00e-04'], loss: 0.000045
[2024-10-04 02:28:37,735][INFO][clas_trainer:133] - train epoch: 6 [71968/80240 (90%)], lr: ['1.00e-04', '1.00e-04'], loss: 0.002262
[2024-10-04 02:29:01,391][INFO][clas_trainer:133] - train epoch: 6 [79968/80240 (100%)], lr: ['1.00e-04', '1.00e-04'], loss: 0.000321
[2024-10-04 02:29:27,270][INFO][clas_trainer:63] - [epoch   6] execution time: 268.43s	metrics:
[2024-10-04 02:29:27,271][INFO][clas_evaluator:132] - dataset: earlystopping, avg f1-score: 0.6376
[2024-10-04 02:29:51,746][INFO][clas_trainer:133] - train epoch: 7 [7968/80240 (10%)], lr: ['1.00e-04', '1.00e-04'], loss: 0.002199
[2024-10-04 02:30:16,744][INFO][clas_trainer:133] - train epoch: 7 [15968/80240 (20%)], lr: ['1.00e-04', '1.00e-04'], loss: 0.001087
[2024-10-04 02:30:40,814][INFO][clas_trainer:133] - train epoch: 7 [23968/80240 (30%)], lr: ['1.00e-04', '1.00e-04'], loss: 0.000470
[2024-10-04 02:31:03,350][INFO][clas_trainer:133] - train epoch: 7 [31968/80240 (40%)], lr: ['1.00e-04', '1.00e-04'], loss: 0.000934
[2024-10-04 02:31:27,275][INFO][clas_trainer:133] - train epoch: 7 [39968/80240 (50%)], lr: ['1.00e-04', '1.00e-04'], loss: 0.012240
[2024-10-04 02:31:51,951][INFO][clas_trainer:133] - train epoch: 7 [47968/80240 (60%)], lr: ['1.00e-04', '1.00e-04'], loss: 0.002034
[2024-10-04 02:32:16,455][INFO][clas_trainer:133] - train epoch: 7 [55968/80240 (70%)], lr: ['1.00e-04', '1.00e-04'], loss: 0.010999
[2024-10-04 02:32:39,988][INFO][clas_trainer:133] - train epoch: 7 [63968/80240 (80%)], lr: ['1.00e-04', '1.00e-04'], loss: 0.000178
[2024-10-04 02:33:04,543][INFO][clas_trainer:133] - train epoch: 7 [71968/80240 (90%)], lr: ['1.00e-04', '1.00e-04'], loss: 0.000126
[2024-10-04 02:33:28,583][INFO][clas_trainer:133] - train epoch: 7 [79968/80240 (100%)], lr: ['1.00e-04', '1.00e-04'], loss: 0.000160
[2024-10-04 02:33:54,886][INFO][clas_trainer:63] - [epoch   7] execution time: 267.61s	metrics:
[2024-10-04 02:33:54,887][INFO][clas_evaluator:132] - dataset: earlystopping, avg f1-score: 0.6188
[2024-10-04 02:34:19,525][INFO][clas_trainer:133] - train epoch: 8 [7968/80240 (10%)], lr: ['1.00e-04', '1.00e-04'], loss: 0.000131
[2024-10-04 02:34:44,095][INFO][clas_trainer:133] - train epoch: 8 [15968/80240 (20%)], lr: ['1.00e-04', '1.00e-04'], loss: 0.001249
[2024-10-04 02:35:09,167][INFO][clas_trainer:133] - train epoch: 8 [23968/80240 (30%)], lr: ['1.00e-04', '1.00e-04'], loss: 0.000138
[2024-10-04 02:35:32,242][INFO][clas_trainer:133] - train epoch: 8 [31968/80240 (40%)], lr: ['1.00e-04', '1.00e-04'], loss: 0.000892
[2024-10-04 02:35:55,751][INFO][clas_trainer:133] - train epoch: 8 [39968/80240 (50%)], lr: ['1.00e-04', '1.00e-04'], loss: 0.001090
[2024-10-04 02:36:20,087][INFO][clas_trainer:133] - train epoch: 8 [47968/80240 (60%)], lr: ['1.00e-04', '1.00e-04'], loss: 0.000282
[2024-10-04 02:36:44,176][INFO][clas_trainer:133] - train epoch: 8 [55968/80240 (70%)], lr: ['1.00e-04', '1.00e-04'], loss: 0.055794
[2024-10-04 02:37:07,158][INFO][clas_trainer:133] - train epoch: 8 [63968/80240 (80%)], lr: ['1.00e-04', '1.00e-04'], loss: 0.002931
[2024-10-04 02:37:31,734][INFO][clas_trainer:133] - train epoch: 8 [71968/80240 (90%)], lr: ['1.00e-04', '1.00e-04'], loss: 0.001895
[2024-10-04 02:37:56,091][INFO][clas_trainer:133] - train epoch: 8 [79968/80240 (100%)], lr: ['1.00e-04', '1.00e-04'], loss: 0.002025
[2024-10-04 02:38:23,701][INFO][clas_trainer:63] - [epoch   8] execution time: 268.81s	metrics:
[2024-10-04 02:38:23,702][INFO][clas_evaluator:132] - dataset: earlystopping, avg f1-score: 0.6260
[2024-10-04 02:38:49,619][INFO][clas_trainer:133] - train epoch: 9 [7968/80240 (10%)], lr: ['1.00e-04', '1.00e-04'], loss: 0.000777
[2024-10-04 02:39:14,199][INFO][clas_trainer:133] - train epoch: 9 [15968/80240 (20%)], lr: ['1.00e-04', '1.00e-04'], loss: 0.029327
[2024-10-04 02:39:39,267][INFO][clas_trainer:133] - train epoch: 9 [23968/80240 (30%)], lr: ['1.00e-04', '1.00e-04'], loss: 0.000659
[2024-10-04 02:40:03,477][INFO][clas_trainer:133] - train epoch: 9 [31968/80240 (40%)], lr: ['1.00e-04', '1.00e-04'], loss: 0.000279
[2024-10-04 02:40:26,287][INFO][clas_trainer:133] - train epoch: 9 [39968/80240 (50%)], lr: ['1.00e-04', '1.00e-04'], loss: 0.021634
[2024-10-04 02:40:50,171][INFO][clas_trainer:133] - train epoch: 9 [47968/80240 (60%)], lr: ['1.00e-04', '1.00e-04'], loss: 0.008823
[2024-10-04 02:41:15,178][INFO][clas_trainer:133] - train epoch: 9 [55968/80240 (70%)], lr: ['1.00e-04', '1.00e-04'], loss: 0.000453
[2024-10-04 02:41:39,344][INFO][clas_trainer:133] - train epoch: 9 [63968/80240 (80%)], lr: ['1.00e-04', '1.00e-04'], loss: 0.000571
[2024-10-04 02:42:03,279][INFO][clas_trainer:133] - train epoch: 9 [71968/80240 (90%)], lr: ['1.00e-04', '1.00e-04'], loss: 0.000758
[2024-10-04 02:42:26,891][INFO][clas_trainer:133] - train epoch: 9 [79968/80240 (100%)], lr: ['1.00e-04', '1.00e-04'], loss: 0.000598
[2024-10-04 02:42:53,910][INFO][clas_trainer:63] - [epoch   9] execution time: 270.21s	metrics:
[2024-10-04 02:42:53,910][INFO][clas_evaluator:132] - dataset: earlystopping, avg f1-score: 0.6531
[2024-10-04 02:43:20,162][INFO][clas_trainer:133] - train epoch: 10 [7968/80240 (10%)], lr: ['1.00e-04', '1.00e-04'], loss: 0.155099
[2024-10-04 02:43:45,296][INFO][clas_trainer:133] - train epoch: 10 [15968/80240 (20%)], lr: ['1.00e-04', '1.00e-04'], loss: 0.000615
[2024-10-04 02:44:11,627][INFO][clas_trainer:133] - train epoch: 10 [23968/80240 (30%)], lr: ['1.00e-04', '1.00e-04'], loss: 0.001334
[2024-10-04 02:44:36,425][INFO][clas_trainer:133] - train epoch: 10 [31968/80240 (40%)], lr: ['1.00e-04', '1.00e-04'], loss: 0.000574
[2024-10-04 02:45:01,062][INFO][clas_trainer:133] - train epoch: 10 [39968/80240 (50%)], lr: ['1.00e-04', '1.00e-04'], loss: 0.000573
[2024-10-04 02:45:26,264][INFO][clas_trainer:133] - train epoch: 10 [47968/80240 (60%)], lr: ['1.00e-04', '1.00e-04'], loss: 0.013356
[2024-10-04 02:45:50,867][INFO][clas_trainer:133] - train epoch: 10 [55968/80240 (70%)], lr: ['1.00e-04', '1.00e-04'], loss: 0.000498
[2024-10-04 02:46:14,916][INFO][clas_trainer:133] - train epoch: 10 [63968/80240 (80%)], lr: ['1.00e-04', '1.00e-04'], loss: 0.004390
[2024-10-04 02:46:40,788][INFO][clas_trainer:133] - train epoch: 10 [71968/80240 (90%)], lr: ['1.00e-04', '1.00e-04'], loss: 0.001398
[2024-10-04 02:47:04,175][INFO][clas_trainer:133] - train epoch: 10 [79968/80240 (100%)], lr: ['1.00e-04', '1.00e-04'], loss: 0.000487
[2024-10-04 02:47:32,483][INFO][clas_trainer:63] - [epoch  10] execution time: 278.57s	metrics:
[2024-10-04 02:47:32,484][INFO][clas_evaluator:132] - dataset: earlystopping, avg f1-score: 0.6317
[2024-10-04 02:47:57,716][INFO][clas_trainer:133] - train epoch: 11 [7968/80240 (10%)], lr: ['1.00e-04', '1.00e-04'], loss: 0.000926
[2024-10-04 02:48:23,509][INFO][clas_trainer:133] - train epoch: 11 [15968/80240 (20%)], lr: ['1.00e-04', '1.00e-04'], loss: 0.001827
[2024-10-04 02:48:48,521][INFO][clas_trainer:133] - train epoch: 11 [23968/80240 (30%)], lr: ['1.00e-04', '1.00e-04'], loss: 0.000623
[2024-10-04 02:49:14,560][INFO][clas_trainer:133] - train epoch: 11 [31968/80240 (40%)], lr: ['1.00e-04', '1.00e-04'], loss: 0.000330
[2024-10-04 02:49:38,829][INFO][clas_trainer:133] - train epoch: 11 [39968/80240 (50%)], lr: ['1.00e-04', '1.00e-04'], loss: 0.000402
[2024-10-04 02:50:03,677][INFO][clas_trainer:133] - train epoch: 11 [47968/80240 (60%)], lr: ['1.00e-04', '1.00e-04'], loss: 0.001003
[2024-10-04 02:50:27,797][INFO][clas_trainer:133] - train epoch: 11 [55968/80240 (70%)], lr: ['1.00e-04', '1.00e-04'], loss: 0.000708
[2024-10-04 02:50:51,495][INFO][clas_trainer:133] - train epoch: 11 [63968/80240 (80%)], lr: ['1.00e-04', '1.00e-04'], loss: 0.000907
[2024-10-04 02:51:15,448][INFO][clas_trainer:133] - train epoch: 11 [71968/80240 (90%)], lr: ['1.00e-04', '1.00e-04'], loss: 0.002548
[2024-10-04 02:51:38,357][INFO][clas_trainer:133] - train epoch: 11 [79968/80240 (100%)], lr: ['1.00e-04', '1.00e-04'], loss: 0.000641
[2024-10-04 02:52:05,631][INFO][clas_trainer:63] - [epoch  11] execution time: 273.15s	metrics:
[2024-10-04 02:52:05,631][INFO][clas_evaluator:132] - dataset: earlystopping, avg f1-score: 0.6383
[2024-10-04 02:52:31,915][INFO][clas_trainer:133] - train epoch: 12 [7968/80240 (10%)], lr: ['1.00e-04', '1.00e-04'], loss: 0.000425
[2024-10-04 02:52:56,293][INFO][clas_trainer:133] - train epoch: 12 [15968/80240 (20%)], lr: ['1.00e-04', '1.00e-04'], loss: 0.010863
[2024-10-04 02:53:20,706][INFO][clas_trainer:133] - train epoch: 12 [23968/80240 (30%)], lr: ['1.00e-04', '1.00e-04'], loss: 0.000484
[2024-10-04 02:53:43,727][INFO][clas_trainer:133] - train epoch: 12 [31968/80240 (40%)], lr: ['1.00e-04', '1.00e-04'], loss: 0.006198
[2024-10-04 02:54:08,160][INFO][clas_trainer:133] - train epoch: 12 [39968/80240 (50%)], lr: ['1.00e-04', '1.00e-04'], loss: 0.000627
[2024-10-04 02:54:31,713][INFO][clas_trainer:133] - train epoch: 12 [47968/80240 (60%)], lr: ['1.00e-04', '1.00e-04'], loss: 0.003608
[2024-10-04 02:54:54,588][INFO][clas_trainer:133] - train epoch: 12 [55968/80240 (70%)], lr: ['1.00e-04', '1.00e-04'], loss: 0.001181
[2024-10-04 02:55:17,622][INFO][clas_trainer:133] - train epoch: 12 [63968/80240 (80%)], lr: ['1.00e-04', '1.00e-04'], loss: 0.000545
[2024-10-04 02:55:39,946][INFO][clas_trainer:133] - train epoch: 12 [71968/80240 (90%)], lr: ['1.00e-04', '1.00e-04'], loss: 0.000465
[2024-10-04 02:56:02,691][INFO][clas_trainer:133] - train epoch: 12 [79968/80240 (100%)], lr: ['1.00e-04', '1.00e-04'], loss: 0.000467
[2024-10-04 02:56:29,964][INFO][clas_trainer:63] - [epoch  12] execution time: 264.33s	metrics:
[2024-10-04 02:56:29,964][INFO][clas_evaluator:132] - dataset: earlystopping, avg f1-score: 0.6450
[2024-10-04 02:56:55,559][INFO][clas_trainer:133] - train epoch: 13 [7968/80240 (10%)], lr: ['1.00e-04', '1.00e-04'], loss: 0.000483
[2024-10-04 02:57:20,016][INFO][clas_trainer:133] - train epoch: 13 [15968/80240 (20%)], lr: ['1.00e-04', '1.00e-04'], loss: 0.001392
[2024-10-04 02:57:43,162][INFO][clas_trainer:133] - train epoch: 13 [23968/80240 (30%)], lr: ['1.00e-04', '1.00e-04'], loss: 0.000629
[2024-10-04 02:58:08,477][INFO][clas_trainer:133] - train epoch: 13 [31968/80240 (40%)], lr: ['1.00e-04', '1.00e-04'], loss: 0.000584
[2024-10-04 02:58:32,953][INFO][clas_trainer:133] - train epoch: 13 [39968/80240 (50%)], lr: ['1.00e-04', '1.00e-04'], loss: 0.001266
[2024-10-04 02:58:57,032][INFO][clas_trainer:133] - train epoch: 13 [47968/80240 (60%)], lr: ['1.00e-04', '1.00e-04'], loss: 0.001045
[2024-10-04 02:59:21,951][INFO][clas_trainer:133] - train epoch: 13 [55968/80240 (70%)], lr: ['1.00e-04', '1.00e-04'], loss: 0.000646
[2024-10-04 02:59:45,121][INFO][clas_trainer:133] - train epoch: 13 [63968/80240 (80%)], lr: ['1.00e-04', '1.00e-04'], loss: 0.000436
[2024-10-04 03:00:09,236][INFO][clas_trainer:133] - train epoch: 13 [71968/80240 (90%)], lr: ['1.00e-04', '1.00e-04'], loss: 0.003104
[2024-10-04 03:00:33,353][INFO][clas_trainer:133] - train epoch: 13 [79968/80240 (100%)], lr: ['1.00e-04', '1.00e-04'], loss: 0.001567
[2024-10-04 03:01:00,845][INFO][clas_trainer:63] - [epoch  13] execution time: 270.88s	metrics:
[2024-10-04 03:01:00,846][INFO][clas_evaluator:132] - dataset: earlystopping, avg f1-score: 0.6346
[2024-10-04 03:01:26,020][INFO][clas_trainer:133] - train epoch: 14 [7968/80240 (10%)], lr: ['1.00e-04', '1.00e-04'], loss: 0.003771
[2024-10-04 03:01:51,151][INFO][clas_trainer:133] - train epoch: 14 [15968/80240 (20%)], lr: ['1.00e-04', '1.00e-04'], loss: 0.000779
[2024-10-04 03:02:14,673][INFO][clas_trainer:133] - train epoch: 14 [23968/80240 (30%)], lr: ['1.00e-04', '1.00e-04'], loss: 0.000595
[2024-10-04 03:02:39,867][INFO][clas_trainer:133] - train epoch: 14 [31968/80240 (40%)], lr: ['1.00e-04', '1.00e-04'], loss: 0.000485
[2024-10-04 03:03:04,854][INFO][clas_trainer:133] - train epoch: 14 [39968/80240 (50%)], lr: ['1.00e-04', '1.00e-04'], loss: 0.000840
[2024-10-04 03:03:29,668][INFO][clas_trainer:133] - train epoch: 14 [47968/80240 (60%)], lr: ['1.00e-04', '1.00e-04'], loss: 0.000481
[2024-10-04 03:03:53,429][INFO][clas_trainer:133] - train epoch: 14 [55968/80240 (70%)], lr: ['1.00e-04', '1.00e-04'], loss: 0.001843
[2024-10-04 03:04:16,847][INFO][clas_trainer:133] - train epoch: 14 [63968/80240 (80%)], lr: ['1.00e-04', '1.00e-04'], loss: 0.000983
[2024-10-04 03:04:41,452][INFO][clas_trainer:133] - train epoch: 14 [71968/80240 (90%)], lr: ['1.00e-04', '1.00e-04'], loss: 0.000411
[2024-10-04 03:05:05,209][INFO][clas_trainer:133] - train epoch: 14 [79968/80240 (100%)], lr: ['1.00e-04', '1.00e-04'], loss: 0.000608
[2024-10-04 03:05:30,489][INFO][clas_trainer:63] - [epoch  14] execution time: 269.64s	metrics:
[2024-10-04 03:05:30,490][INFO][clas_evaluator:132] - dataset: earlystopping, avg f1-score: 0.6294
[2024-10-04 03:05:54,613][INFO][clas_trainer:133] - train epoch: 15 [7968/80240 (10%)], lr: ['1.00e-04', '1.00e-04'], loss: 0.001089
[2024-10-04 03:06:18,415][INFO][clas_trainer:133] - train epoch: 15 [15968/80240 (20%)], lr: ['1.00e-04', '1.00e-04'], loss: 0.000467
[2024-10-04 03:06:41,789][INFO][clas_trainer:133] - train epoch: 15 [23968/80240 (30%)], lr: ['1.00e-04', '1.00e-04'], loss: 0.000669
[2024-10-04 03:07:07,221][INFO][clas_trainer:133] - train epoch: 15 [31968/80240 (40%)], lr: ['1.00e-04', '1.00e-04'], loss: 0.000231
[2024-10-04 03:07:30,426][INFO][clas_trainer:133] - train epoch: 15 [39968/80240 (50%)], lr: ['1.00e-04', '1.00e-04'], loss: 0.000464
[2024-10-04 03:07:54,637][INFO][clas_trainer:133] - train epoch: 15 [47968/80240 (60%)], lr: ['1.00e-04', '1.00e-04'], loss: 0.001059
[2024-10-04 03:08:19,027][INFO][clas_trainer:133] - train epoch: 15 [55968/80240 (70%)], lr: ['1.00e-04', '1.00e-04'], loss: 0.001657
[2024-10-04 03:08:42,104][INFO][clas_trainer:133] - train epoch: 15 [63968/80240 (80%)], lr: ['1.00e-04', '1.00e-04'], loss: 0.000299
[2024-10-04 03:09:05,721][INFO][clas_trainer:133] - train epoch: 15 [71968/80240 (90%)], lr: ['1.00e-04', '1.00e-04'], loss: 0.000300
[2024-10-04 03:09:29,770][INFO][clas_trainer:133] - train epoch: 15 [79968/80240 (100%)], lr: ['1.00e-04', '1.00e-04'], loss: 0.001728
[2024-10-04 03:09:56,864][INFO][clas_trainer:63] - [epoch  15] execution time: 266.37s	metrics:
[2024-10-04 03:09:56,864][INFO][clas_evaluator:132] - dataset: earlystopping, avg f1-score: 0.6400
[2024-10-04 03:09:56,871][INFO][clas_trainer:79] - finished training
[2024-10-04 03:09:56,872][INFO][clas_trainer:80] - best model on epoch: 5 	f1-score: 0.6618
