[2024-10-03 22:47:28,499][INFO][fine-tune:25] - Using GPU 7
[2024-10-03 22:47:28,504][INFO][fine-tune:35] - overrides:
hydra:
- hydra.launcher.n_jobs=40
- hydra.mode=MULTIRUN
task:
- m_seed_path_sids={seeds:[3,3,3,3,3],path:"exp006b-m3-simple_multi_class-2024-09-20_13-58-02-final.pth",subject_ids:{isruc:$\{data.isruc.cv_5_fold.fold_4\}}}
- data.downstream.train_dataloader.dataset.data_reducer.n_epochs=-1
- data.downstream.train_dataloader.dataset.data_reducer.n_subjects=5
- general.gpus=[4,5,6,7]

[2024-10-03 22:47:35,335][INFO][data_loaders:39] - class distribution before data reduction:
# samples per subject
sg1-1-1: 880
sg1-10-1: 842
sg1-12-1: 850
sg1-13-1: 882
sg1-14-1: 906
sg1-15-1: 786
sg1-16-1: 883
sg1-17-1: 851
sg1-18-1: 999
sg1-19-1: 828
sg1-2-1: 964
sg1-20-1: 950
sg1-23-1: 892
sg1-25-1: 921
sg1-26-1: 1062
sg1-27-1: 918
sg1-3-1: 943
sg1-31-1: 877
sg1-32-1: 1010
sg1-33-1: 920
sg1-34-1: 871
sg1-35-1: 788
sg1-36-1: 987
sg1-37-1: 806
sg1-38-1: 932
sg1-42-1: 812
sg1-43-1: 747
sg1-45-1: 906
sg1-47-1: 838
sg1-48-1: 981
sg1-5-1: 875
sg1-50-1: 905
sg1-52-1: 912
sg1-53-1: 910
sg1-54-1: 814
sg1-56-1: 956
sg1-58-1: 965
sg1-59-1: 942
sg1-60-1: 916
sg1-62-1: 864
sg1-63-1: 954
sg1-65-1: 1014
sg1-66-1: 845
sg1-67-1: 862
sg1-69-1: 815
sg1-7-1: 933
sg1-73-1: 997
sg1-74-1: 897
sg1-75-1: 898
sg1-76-1: 850
sg1-77-1: 805
sg1-78-1: 894
sg1-80-1: 889
sg1-81-1: 911
sg1-82-1: 882
sg1-83-1: 925
sg1-84-1: 963
sg1-85-1: 896
sg1-86-1: 964
sg1-88-1: 1002
sg1-89-1: 1036
sg1-9-1: 969
sg1-90-1: 933
sg1-91-1: 990
sg1-93-1: 870
sg1-94-1: 846
sg1-96-1: 858
sg1-97-1: 912
sg1-98-1: 899
sg1-99-1: 835
sg2-2-1: 851
sg2-2-2: 869
sg2-3-1: 871
sg2-3-2: 813
sg2-4-1: 932
sg2-4-2: 899
sg2-5-1: 815
sg2-5-2: 879
sg2-6-1: 965
sg2-6-2: 1014
sg2-7-1: 942
sg2-7-2: 899
sg2-8-1: 815
sg2-8-2: 923
sg3-1-1: 954
sg3-10-1: 796
sg3-2-1: 941
sg3-3-1: 824
sg3-5-1: 944
sg3-7-1: 814
sg3-8-1: 1000
sg3-9-1: 969

# samples per stage
0: 17791
1: 11049
2: 26746
3: 16219
4: 11159
[2024-10-03 22:47:35,793][INFO][data_loaders:43] - class distribution after data reduction:
# samples per subject
sg1-14-1: 15402
sg1-17-1: 14467
sg1-91-1: 16830
sg2-4-1: 15844
sg3-8-1: 17000

# samples per stage
0: 24939
1: 12546
2: 22338
3: 9435
4: 10285
[2024-10-03 22:47:35,821][INFO][base_pretraining_fe:55] - Loading model from exp006b-m3-simple_multi_class-2024-09-20_13-58-02-final.pth
[2024-10-03 22:47:36,357][INFO][data_loaders:39] - class distribution before data reduction:
# samples per subject
sg1-21-1: 1054
sg1-24-1: 830
sg1-4-1: 963
sg1-41-1: 974
sg1-55-1: 879
sg1-57-1: 1007
sg1-70-1: 893
sg1-79-1: 880

# samples per stage
0: 1377
1: 875
2: 2457
3: 1543
4: 1228
[2024-10-03 22:47:36,375][INFO][data_loaders:43] - class distribution after data reduction:
# samples per subject
sg1-21-1: 1054
sg1-24-1: 830
sg1-4-1: 963
sg1-41-1: 974
sg1-55-1: 879
sg1-57-1: 1007
sg1-70-1: 893
sg1-79-1: 880

# samples per stage
0: 1377
1: 875
2: 2457
3: 1543
4: 1228
[2024-10-03 22:47:36,393][INFO][clas_trainer:49] - metrics before training (epoch 0):
[2024-10-03 22:48:18,234][INFO][clas_evaluator:132] - dataset: earlystopping, avg f1-score: 0.1598
[2024-10-03 22:48:58,116][INFO][clas_trainer:133] - train epoch: 1 [7904/79543 (10%)], lr: ['1.00e-04', '1.00e-04'], loss: 0.766818
[2024-10-03 22:49:36,529][INFO][clas_trainer:133] - train epoch: 1 [15840/79543 (20%)], lr: ['1.00e-04', '1.00e-04'], loss: 0.697189
[2024-10-03 22:50:13,251][INFO][clas_trainer:133] - train epoch: 1 [23776/79543 (30%)], lr: ['1.00e-04', '1.00e-04'], loss: 0.918591
[2024-10-03 22:50:50,327][INFO][clas_trainer:133] - train epoch: 1 [31712/79543 (40%)], lr: ['1.00e-04', '1.00e-04'], loss: 0.530869
[2024-10-03 22:51:29,964][INFO][clas_trainer:133] - train epoch: 1 [39648/79543 (50%)], lr: ['1.00e-04', '1.00e-04'], loss: 0.382610
[2024-10-03 22:52:10,618][INFO][clas_trainer:133] - train epoch: 1 [47584/79543 (60%)], lr: ['1.00e-04', '1.00e-04'], loss: 0.334625
[2024-10-03 22:52:50,569][INFO][clas_trainer:133] - train epoch: 1 [55520/79543 (70%)], lr: ['1.00e-04', '1.00e-04'], loss: 0.305095
[2024-10-03 22:53:28,356][INFO][clas_trainer:133] - train epoch: 1 [63456/79543 (80%)], lr: ['1.00e-04', '1.00e-04'], loss: 0.275789
[2024-10-03 22:54:05,140][INFO][clas_trainer:133] - train epoch: 1 [71392/79543 (90%)], lr: ['1.00e-04', '1.00e-04'], loss: 0.515338
[2024-10-03 22:54:42,138][INFO][clas_trainer:133] - train epoch: 1 [79328/79543 (100%)], lr: ['1.00e-04', '1.00e-04'], loss: 0.323356
[2024-10-03 22:55:19,448][INFO][clas_trainer:63] - [epoch   1] execution time: 421.21s	metrics:
[2024-10-03 22:55:19,449][INFO][clas_evaluator:132] - dataset: earlystopping, avg f1-score: 0.7380
[2024-10-03 22:55:19,489][INFO][base_model:51] - snapshot saved to XXX/frequency-pretraining/models/exp006c-m79-base_fe_clas-2024-10-03_20-03-43-final.pth
[2024-10-03 22:55:56,306][INFO][clas_trainer:133] - train epoch: 2 [7904/79543 (10%)], lr: ['1.00e-04', '1.00e-04'], loss: 0.621106
[2024-10-03 22:56:31,899][INFO][clas_trainer:133] - train epoch: 2 [15840/79543 (20%)], lr: ['1.00e-04', '1.00e-04'], loss: 0.424461
[2024-10-03 22:57:05,507][INFO][clas_trainer:133] - train epoch: 2 [23776/79543 (30%)], lr: ['1.00e-04', '1.00e-04'], loss: 0.324591
[2024-10-03 22:57:39,867][INFO][clas_trainer:133] - train epoch: 2 [31712/79543 (40%)], lr: ['1.00e-04', '1.00e-04'], loss: 0.248610
[2024-10-03 22:58:14,830][INFO][clas_trainer:133] - train epoch: 2 [39648/79543 (50%)], lr: ['1.00e-04', '1.00e-04'], loss: 0.361064
[2024-10-03 22:58:50,386][INFO][clas_trainer:133] - train epoch: 2 [47584/79543 (60%)], lr: ['1.00e-04', '1.00e-04'], loss: 0.102463
[2024-10-03 22:59:25,660][INFO][clas_trainer:133] - train epoch: 2 [55520/79543 (70%)], lr: ['1.00e-04', '1.00e-04'], loss: 0.391129
[2024-10-03 23:00:02,517][INFO][clas_trainer:133] - train epoch: 2 [63456/79543 (80%)], lr: ['1.00e-04', '1.00e-04'], loss: 0.257442
[2024-10-03 23:00:37,755][INFO][clas_trainer:133] - train epoch: 2 [71392/79543 (90%)], lr: ['1.00e-04', '1.00e-04'], loss: 0.367339
[2024-10-03 23:01:14,612][INFO][clas_trainer:133] - train epoch: 2 [79328/79543 (100%)], lr: ['1.00e-04', '1.00e-04'], loss: 0.257830
[2024-10-03 23:01:53,135][INFO][clas_trainer:63] - [epoch   2] execution time: 393.65s	metrics:
[2024-10-03 23:01:53,136][INFO][clas_evaluator:132] - dataset: earlystopping, avg f1-score: 0.7455
[2024-10-03 23:01:53,179][INFO][base_model:51] - snapshot saved to XXX/frequency-pretraining/models/exp006c-m79-base_fe_clas-2024-10-03_20-03-43-final.pth
[2024-10-03 23:02:31,311][INFO][clas_trainer:133] - train epoch: 3 [7904/79543 (10%)], lr: ['1.00e-04', '1.00e-04'], loss: 0.502799
[2024-10-03 23:03:10,775][INFO][clas_trainer:133] - train epoch: 3 [15840/79543 (20%)], lr: ['1.00e-04', '1.00e-04'], loss: 0.193582
[2024-10-03 23:03:45,427][INFO][clas_trainer:133] - train epoch: 3 [23776/79543 (30%)], lr: ['1.00e-04', '1.00e-04'], loss: 0.372370
[2024-10-03 23:04:19,048][INFO][clas_trainer:133] - train epoch: 3 [31712/79543 (40%)], lr: ['1.00e-04', '1.00e-04'], loss: 0.443788
[2024-10-03 23:04:52,794][INFO][clas_trainer:133] - train epoch: 3 [39648/79543 (50%)], lr: ['1.00e-04', '1.00e-04'], loss: 0.449348
[2024-10-03 23:05:26,465][INFO][clas_trainer:133] - train epoch: 3 [47584/79543 (60%)], lr: ['1.00e-04', '1.00e-04'], loss: 0.199211
[2024-10-03 23:05:58,241][INFO][clas_trainer:133] - train epoch: 3 [55520/79543 (70%)], lr: ['1.00e-04', '1.00e-04'], loss: 0.452373
[2024-10-03 23:06:30,478][INFO][clas_trainer:133] - train epoch: 3 [63456/79543 (80%)], lr: ['1.00e-04', '1.00e-04'], loss: 0.243830
[2024-10-03 23:07:02,102][INFO][clas_trainer:133] - train epoch: 3 [71392/79543 (90%)], lr: ['1.00e-04', '1.00e-04'], loss: 0.220755
[2024-10-03 23:07:35,012][INFO][clas_trainer:133] - train epoch: 3 [79328/79543 (100%)], lr: ['1.00e-04', '1.00e-04'], loss: 0.221280
[2024-10-03 23:08:11,387][INFO][clas_trainer:63] - [epoch   3] execution time: 378.21s	metrics:
[2024-10-03 23:08:11,387][INFO][clas_evaluator:132] - dataset: earlystopping, avg f1-score: 0.7436
[2024-10-03 23:08:46,761][INFO][clas_trainer:133] - train epoch: 4 [7904/79543 (10%)], lr: ['1.00e-04', '1.00e-04'], loss: 0.292361
[2024-10-03 23:09:21,087][INFO][clas_trainer:133] - train epoch: 4 [15840/79543 (20%)], lr: ['1.00e-04', '1.00e-04'], loss: 0.100384
[2024-10-03 23:09:54,450][INFO][clas_trainer:133] - train epoch: 4 [23776/79543 (30%)], lr: ['1.00e-04', '1.00e-04'], loss: 0.165994
[2024-10-03 23:10:28,832][INFO][clas_trainer:133] - train epoch: 4 [31712/79543 (40%)], lr: ['1.00e-04', '1.00e-04'], loss: 0.225999
[2024-10-03 23:11:05,055][INFO][clas_trainer:133] - train epoch: 4 [39648/79543 (50%)], lr: ['1.00e-04', '1.00e-04'], loss: 0.331463
[2024-10-03 23:11:40,988][INFO][clas_trainer:133] - train epoch: 4 [47584/79543 (60%)], lr: ['1.00e-04', '1.00e-04'], loss: 0.033675
[2024-10-03 23:12:17,325][INFO][clas_trainer:133] - train epoch: 4 [55520/79543 (70%)], lr: ['1.00e-04', '1.00e-04'], loss: 0.316653
[2024-10-03 23:12:52,516][INFO][clas_trainer:133] - train epoch: 4 [63456/79543 (80%)], lr: ['1.00e-04', '1.00e-04'], loss: 0.222712
[2024-10-03 23:13:28,554][INFO][clas_trainer:133] - train epoch: 4 [71392/79543 (90%)], lr: ['1.00e-04', '1.00e-04'], loss: 0.309328
[2024-10-03 23:14:04,095][INFO][clas_trainer:133] - train epoch: 4 [79328/79543 (100%)], lr: ['1.00e-04', '1.00e-04'], loss: 0.253893
[2024-10-03 23:14:41,127][INFO][clas_trainer:63] - [epoch   4] execution time: 389.74s	metrics:
[2024-10-03 23:14:41,128][INFO][clas_evaluator:132] - dataset: earlystopping, avg f1-score: 0.7378
[2024-10-03 23:15:15,225][INFO][clas_trainer:133] - train epoch: 5 [7904/79543 (10%)], lr: ['1.00e-04', '1.00e-04'], loss: 0.095654
[2024-10-03 23:15:48,411][INFO][clas_trainer:133] - train epoch: 5 [15840/79543 (20%)], lr: ['1.00e-04', '1.00e-04'], loss: 0.247166
[2024-10-03 23:16:20,429][INFO][clas_trainer:133] - train epoch: 5 [23776/79543 (30%)], lr: ['1.00e-04', '1.00e-04'], loss: 0.143682
[2024-10-03 23:16:51,801][INFO][clas_trainer:133] - train epoch: 5 [31712/79543 (40%)], lr: ['1.00e-04', '1.00e-04'], loss: 0.142551
[2024-10-03 23:17:24,938][INFO][clas_trainer:133] - train epoch: 5 [39648/79543 (50%)], lr: ['1.00e-04', '1.00e-04'], loss: 0.160121
[2024-10-03 23:17:59,030][INFO][clas_trainer:133] - train epoch: 5 [47584/79543 (60%)], lr: ['1.00e-04', '1.00e-04'], loss: 0.147682
[2024-10-03 23:18:33,110][INFO][clas_trainer:133] - train epoch: 5 [55520/79543 (70%)], lr: ['1.00e-04', '1.00e-04'], loss: 0.095175
[2024-10-03 23:19:06,981][INFO][clas_trainer:133] - train epoch: 5 [63456/79543 (80%)], lr: ['1.00e-04', '1.00e-04'], loss: 0.036712
[2024-10-03 23:19:41,470][INFO][clas_trainer:133] - train epoch: 5 [71392/79543 (90%)], lr: ['1.00e-04', '1.00e-04'], loss: 0.035183
[2024-10-03 23:20:15,217][INFO][clas_trainer:133] - train epoch: 5 [79328/79543 (100%)], lr: ['1.00e-04', '1.00e-04'], loss: 0.060243
[2024-10-03 23:20:50,647][INFO][clas_trainer:63] - [epoch   5] execution time: 369.52s	metrics:
[2024-10-03 23:20:50,648][INFO][clas_evaluator:132] - dataset: earlystopping, avg f1-score: 0.7439
[2024-10-03 23:21:25,719][INFO][clas_trainer:133] - train epoch: 6 [7904/79543 (10%)], lr: ['1.00e-04', '1.00e-04'], loss: 0.097006
[2024-10-03 23:22:00,681][INFO][clas_trainer:133] - train epoch: 6 [15840/79543 (20%)], lr: ['1.00e-04', '1.00e-04'], loss: 0.134499
[2024-10-03 23:22:34,551][INFO][clas_trainer:133] - train epoch: 6 [23776/79543 (30%)], lr: ['1.00e-04', '1.00e-04'], loss: 0.108694
[2024-10-03 23:23:07,745][INFO][clas_trainer:133] - train epoch: 6 [31712/79543 (40%)], lr: ['1.00e-04', '1.00e-04'], loss: 0.068606
[2024-10-03 23:23:39,620][INFO][clas_trainer:133] - train epoch: 6 [39648/79543 (50%)], lr: ['1.00e-04', '1.00e-04'], loss: 0.207823
[2024-10-03 23:24:11,849][INFO][clas_trainer:133] - train epoch: 6 [47584/79543 (60%)], lr: ['1.00e-04', '1.00e-04'], loss: 0.249211
[2024-10-03 23:24:45,418][INFO][clas_trainer:133] - train epoch: 6 [55520/79543 (70%)], lr: ['1.00e-04', '1.00e-04'], loss: 0.054451
[2024-10-03 23:25:19,838][INFO][clas_trainer:133] - train epoch: 6 [63456/79543 (80%)], lr: ['1.00e-04', '1.00e-04'], loss: 0.145198
[2024-10-03 23:25:55,624][INFO][clas_trainer:133] - train epoch: 6 [71392/79543 (90%)], lr: ['1.00e-04', '1.00e-04'], loss: 0.073252
[2024-10-03 23:26:31,067][INFO][clas_trainer:133] - train epoch: 6 [79328/79543 (100%)], lr: ['1.00e-04', '1.00e-04'], loss: 0.038649
[2024-10-03 23:27:11,582][INFO][clas_trainer:63] - [epoch   6] execution time: 380.93s	metrics:
[2024-10-03 23:27:11,583][INFO][clas_evaluator:132] - dataset: earlystopping, avg f1-score: 0.7485
[2024-10-03 23:27:11,628][INFO][base_model:51] - snapshot saved to XXX/frequency-pretraining/models/exp006c-m79-base_fe_clas-2024-10-03_20-03-43-final.pth
[2024-10-03 23:27:47,448][INFO][clas_trainer:133] - train epoch: 7 [7904/79543 (10%)], lr: ['1.00e-04', '1.00e-04'], loss: 0.085249
[2024-10-03 23:28:22,144][INFO][clas_trainer:133] - train epoch: 7 [15840/79543 (20%)], lr: ['1.00e-04', '1.00e-04'], loss: 0.128569
[2024-10-03 23:28:56,885][INFO][clas_trainer:133] - train epoch: 7 [23776/79543 (30%)], lr: ['1.00e-04', '1.00e-04'], loss: 0.070103
[2024-10-03 23:29:30,542][INFO][clas_trainer:133] - train epoch: 7 [31712/79543 (40%)], lr: ['1.00e-04', '1.00e-04'], loss: 0.089491
[2024-10-03 23:30:03,357][INFO][clas_trainer:133] - train epoch: 7 [39648/79543 (50%)], lr: ['1.00e-04', '1.00e-04'], loss: 0.135428
[2024-10-03 23:30:35,378][INFO][clas_trainer:133] - train epoch: 7 [47584/79543 (60%)], lr: ['1.00e-04', '1.00e-04'], loss: 0.058189
[2024-10-03 23:31:07,934][INFO][clas_trainer:133] - train epoch: 7 [55520/79543 (70%)], lr: ['1.00e-04', '1.00e-04'], loss: 0.173625
[2024-10-03 23:31:40,835][INFO][clas_trainer:133] - train epoch: 7 [63456/79543 (80%)], lr: ['1.00e-04', '1.00e-04'], loss: 0.036861
[2024-10-03 23:32:13,887][INFO][clas_trainer:133] - train epoch: 7 [71392/79543 (90%)], lr: ['1.00e-04', '1.00e-04'], loss: 0.028172
[2024-10-03 23:32:47,414][INFO][clas_trainer:133] - train epoch: 7 [79328/79543 (100%)], lr: ['1.00e-04', '1.00e-04'], loss: 0.126186
[2024-10-03 23:33:24,287][INFO][clas_trainer:63] - [epoch   7] execution time: 372.66s	metrics:
[2024-10-03 23:33:24,288][INFO][clas_evaluator:132] - dataset: earlystopping, avg f1-score: 0.7352
[2024-10-03 23:34:01,076][INFO][clas_trainer:133] - train epoch: 8 [7904/79543 (10%)], lr: ['1.00e-04', '1.00e-04'], loss: 0.093776
[2024-10-03 23:34:36,099][INFO][clas_trainer:133] - train epoch: 8 [15840/79543 (20%)], lr: ['1.00e-04', '1.00e-04'], loss: 0.062745
[2024-10-03 23:35:11,342][INFO][clas_trainer:133] - train epoch: 8 [23776/79543 (30%)], lr: ['1.00e-04', '1.00e-04'], loss: 0.068133
[2024-10-03 23:35:47,572][INFO][clas_trainer:133] - train epoch: 8 [31712/79543 (40%)], lr: ['1.00e-04', '1.00e-04'], loss: 0.039614
[2024-10-03 23:36:24,270][INFO][clas_trainer:133] - train epoch: 8 [39648/79543 (50%)], lr: ['1.00e-04', '1.00e-04'], loss: 0.193098
[2024-10-03 23:36:59,095][INFO][clas_trainer:133] - train epoch: 8 [47584/79543 (60%)], lr: ['1.00e-04', '1.00e-04'], loss: 0.032927
[2024-10-03 23:37:34,399][INFO][clas_trainer:133] - train epoch: 8 [55520/79543 (70%)], lr: ['1.00e-04', '1.00e-04'], loss: 0.101345
[2024-10-03 23:38:08,948][INFO][clas_trainer:133] - train epoch: 8 [63456/79543 (80%)], lr: ['1.00e-04', '1.00e-04'], loss: 0.129430
[2024-10-03 23:38:44,912][INFO][clas_trainer:133] - train epoch: 8 [71392/79543 (90%)], lr: ['1.00e-04', '1.00e-04'], loss: 0.009180
[2024-10-03 23:39:19,706][INFO][clas_trainer:133] - train epoch: 8 [79328/79543 (100%)], lr: ['1.00e-04', '1.00e-04'], loss: 0.101664
[2024-10-03 23:39:56,966][INFO][clas_trainer:63] - [epoch   8] execution time: 392.68s	metrics:
[2024-10-03 23:39:56,966][INFO][clas_evaluator:132] - dataset: earlystopping, avg f1-score: 0.7409
[2024-10-03 23:40:32,635][INFO][clas_trainer:133] - train epoch: 9 [7904/79543 (10%)], lr: ['1.00e-04', '1.00e-04'], loss: 0.201175
[2024-10-03 23:41:08,370][INFO][clas_trainer:133] - train epoch: 9 [15840/79543 (20%)], lr: ['1.00e-04', '1.00e-04'], loss: 0.014971
[2024-10-03 23:41:43,280][INFO][clas_trainer:133] - train epoch: 9 [23776/79543 (30%)], lr: ['1.00e-04', '1.00e-04'], loss: 0.036608
[2024-10-03 23:42:16,583][INFO][clas_trainer:133] - train epoch: 9 [31712/79543 (40%)], lr: ['1.00e-04', '1.00e-04'], loss: 0.044485
[2024-10-03 23:42:49,666][INFO][clas_trainer:133] - train epoch: 9 [39648/79543 (50%)], lr: ['1.00e-04', '1.00e-04'], loss: 0.019175
[2024-10-03 23:43:24,887][INFO][clas_trainer:133] - train epoch: 9 [47584/79543 (60%)], lr: ['1.00e-04', '1.00e-04'], loss: 0.028018
[2024-10-03 23:43:56,977][INFO][clas_trainer:133] - train epoch: 9 [55520/79543 (70%)], lr: ['1.00e-04', '1.00e-04'], loss: 0.057216
[2024-10-03 23:44:30,131][INFO][clas_trainer:133] - train epoch: 9 [63456/79543 (80%)], lr: ['1.00e-04', '1.00e-04'], loss: 0.007608
[2024-10-03 23:45:03,758][INFO][clas_trainer:133] - train epoch: 9 [71392/79543 (90%)], lr: ['1.00e-04', '1.00e-04'], loss: 0.006117
[2024-10-03 23:45:37,544][INFO][clas_trainer:133] - train epoch: 9 [79328/79543 (100%)], lr: ['1.00e-04', '1.00e-04'], loss: 0.023952
[2024-10-03 23:46:13,680][INFO][clas_trainer:63] - [epoch   9] execution time: 376.71s	metrics:
[2024-10-03 23:46:13,681][INFO][clas_evaluator:132] - dataset: earlystopping, avg f1-score: 0.7477
[2024-10-03 23:46:48,273][INFO][clas_trainer:133] - train epoch: 10 [7904/79543 (10%)], lr: ['1.00e-04', '1.00e-04'], loss: 0.135765
[2024-10-03 23:47:21,846][INFO][clas_trainer:133] - train epoch: 10 [15840/79543 (20%)], lr: ['1.00e-04', '1.00e-04'], loss: 0.031564
[2024-10-03 23:47:55,081][INFO][clas_trainer:133] - train epoch: 10 [23776/79543 (30%)], lr: ['1.00e-04', '1.00e-04'], loss: 0.024243
[2024-10-03 23:48:27,815][INFO][clas_trainer:133] - train epoch: 10 [31712/79543 (40%)], lr: ['1.00e-04', '1.00e-04'], loss: 0.010377
[2024-10-03 23:48:59,295][INFO][clas_trainer:133] - train epoch: 10 [39648/79543 (50%)], lr: ['1.00e-04', '1.00e-04'], loss: 0.032041
[2024-10-03 23:49:31,177][INFO][clas_trainer:133] - train epoch: 10 [47584/79543 (60%)], lr: ['1.00e-04', '1.00e-04'], loss: 0.020327
[2024-10-03 23:50:03,609][INFO][clas_trainer:133] - train epoch: 10 [55520/79543 (70%)], lr: ['1.00e-04', '1.00e-04'], loss: 0.040906
[2024-10-03 23:50:35,558][INFO][clas_trainer:133] - train epoch: 10 [63456/79543 (80%)], lr: ['1.00e-04', '1.00e-04'], loss: 0.043757
[2024-10-03 23:51:09,000][INFO][clas_trainer:133] - train epoch: 10 [71392/79543 (90%)], lr: ['1.00e-04', '1.00e-04'], loss: 0.119447
[2024-10-03 23:51:40,786][INFO][clas_trainer:133] - train epoch: 10 [79328/79543 (100%)], lr: ['1.00e-04', '1.00e-04'], loss: 0.021142
[2024-10-03 23:52:16,354][INFO][clas_trainer:63] - [epoch  10] execution time: 362.67s	metrics:
[2024-10-03 23:52:16,355][INFO][clas_evaluator:132] - dataset: earlystopping, avg f1-score: 0.7442
[2024-10-03 23:52:50,372][INFO][clas_trainer:133] - train epoch: 11 [7904/79543 (10%)], lr: ['1.00e-04', '1.00e-04'], loss: 0.027596
[2024-10-03 23:53:23,972][INFO][clas_trainer:133] - train epoch: 11 [15840/79543 (20%)], lr: ['1.00e-04', '1.00e-04'], loss: 0.035284
[2024-10-03 23:53:56,736][INFO][clas_trainer:133] - train epoch: 11 [23776/79543 (30%)], lr: ['1.00e-04', '1.00e-04'], loss: 0.045582
[2024-10-03 23:54:28,458][INFO][clas_trainer:133] - train epoch: 11 [31712/79543 (40%)], lr: ['1.00e-04', '1.00e-04'], loss: 0.016018
[2024-10-03 23:55:00,120][INFO][clas_trainer:133] - train epoch: 11 [39648/79543 (50%)], lr: ['1.00e-04', '1.00e-04'], loss: 0.071132
[2024-10-03 23:55:31,877][INFO][clas_trainer:133] - train epoch: 11 [47584/79543 (60%)], lr: ['1.00e-04', '1.00e-04'], loss: 0.180388
[2024-10-03 23:56:04,540][INFO][clas_trainer:133] - train epoch: 11 [55520/79543 (70%)], lr: ['1.00e-04', '1.00e-04'], loss: 0.005795
[2024-10-03 23:56:36,284][INFO][clas_trainer:133] - train epoch: 11 [63456/79543 (80%)], lr: ['1.00e-04', '1.00e-04'], loss: 0.192345
[2024-10-03 23:57:08,793][INFO][clas_trainer:133] - train epoch: 11 [71392/79543 (90%)], lr: ['1.00e-04', '1.00e-04'], loss: 0.031817
[2024-10-03 23:57:41,363][INFO][clas_trainer:133] - train epoch: 11 [79328/79543 (100%)], lr: ['1.00e-04', '1.00e-04'], loss: 0.005568
[2024-10-03 23:58:16,437][INFO][clas_trainer:63] - [epoch  11] execution time: 360.08s	metrics:
[2024-10-03 23:58:16,438][INFO][clas_evaluator:132] - dataset: earlystopping, avg f1-score: 0.7352
[2024-10-03 23:58:49,222][INFO][clas_trainer:133] - train epoch: 12 [7904/79543 (10%)], lr: ['1.00e-04', '1.00e-04'], loss: 0.152254
[2024-10-03 23:59:20,353][INFO][clas_trainer:133] - train epoch: 12 [15840/79543 (20%)], lr: ['1.00e-04', '1.00e-04'], loss: 0.020215
[2024-10-03 23:59:51,570][INFO][clas_trainer:133] - train epoch: 12 [23776/79543 (30%)], lr: ['1.00e-04', '1.00e-04'], loss: 0.047367
[2024-10-04 00:00:22,979][INFO][clas_trainer:133] - train epoch: 12 [31712/79543 (40%)], lr: ['1.00e-04', '1.00e-04'], loss: 0.043606
[2024-10-04 00:00:54,511][INFO][clas_trainer:133] - train epoch: 12 [39648/79543 (50%)], lr: ['1.00e-04', '1.00e-04'], loss: 0.172156
[2024-10-04 00:01:26,964][INFO][clas_trainer:133] - train epoch: 12 [47584/79543 (60%)], lr: ['1.00e-04', '1.00e-04'], loss: 0.011794
[2024-10-04 00:01:58,456][INFO][clas_trainer:133] - train epoch: 12 [55520/79543 (70%)], lr: ['1.00e-04', '1.00e-04'], loss: 0.059267
[2024-10-04 00:02:30,379][INFO][clas_trainer:133] - train epoch: 12 [63456/79543 (80%)], lr: ['1.00e-04', '1.00e-04'], loss: 0.029871
[2024-10-04 00:03:02,198][INFO][clas_trainer:133] - train epoch: 12 [71392/79543 (90%)], lr: ['1.00e-04', '1.00e-04'], loss: 0.012990
[2024-10-04 00:03:34,401][INFO][clas_trainer:133] - train epoch: 12 [79328/79543 (100%)], lr: ['1.00e-04', '1.00e-04'], loss: 0.030065
[2024-10-04 00:04:09,403][INFO][clas_trainer:63] - [epoch  12] execution time: 352.96s	metrics:
[2024-10-04 00:04:09,403][INFO][clas_evaluator:132] - dataset: earlystopping, avg f1-score: 0.7388
[2024-10-04 00:04:42,834][INFO][clas_trainer:133] - train epoch: 13 [7904/79543 (10%)], lr: ['1.00e-04', '1.00e-04'], loss: 0.023216
[2024-10-04 00:05:15,191][INFO][clas_trainer:133] - train epoch: 13 [15840/79543 (20%)], lr: ['1.00e-04', '1.00e-04'], loss: 0.050766
[2024-10-04 00:05:47,381][INFO][clas_trainer:133] - train epoch: 13 [23776/79543 (30%)], lr: ['1.00e-04', '1.00e-04'], loss: 0.003078
[2024-10-04 00:06:21,433][INFO][clas_trainer:133] - train epoch: 13 [31712/79543 (40%)], lr: ['1.00e-04', '1.00e-04'], loss: 0.124139
[2024-10-04 00:06:53,559][INFO][clas_trainer:133] - train epoch: 13 [39648/79543 (50%)], lr: ['1.00e-04', '1.00e-04'], loss: 0.027841
[2024-10-04 00:07:26,620][INFO][clas_trainer:133] - train epoch: 13 [47584/79543 (60%)], lr: ['1.00e-04', '1.00e-04'], loss: 0.021503
[2024-10-04 00:07:58,648][INFO][clas_trainer:133] - train epoch: 13 [55520/79543 (70%)], lr: ['1.00e-04', '1.00e-04'], loss: 0.014708
[2024-10-04 00:08:29,845][INFO][clas_trainer:133] - train epoch: 13 [63456/79543 (80%)], lr: ['1.00e-04', '1.00e-04'], loss: 0.146913
[2024-10-04 00:09:01,176][INFO][clas_trainer:133] - train epoch: 13 [71392/79543 (90%)], lr: ['1.00e-04', '1.00e-04'], loss: 0.210019
[2024-10-04 00:09:32,678][INFO][clas_trainer:133] - train epoch: 13 [79328/79543 (100%)], lr: ['1.00e-04', '1.00e-04'], loss: 0.015598
[2024-10-04 00:10:08,009][INFO][clas_trainer:63] - [epoch  13] execution time: 358.61s	metrics:
[2024-10-04 00:10:08,010][INFO][clas_evaluator:132] - dataset: earlystopping, avg f1-score: 0.7423
[2024-10-04 00:10:40,573][INFO][clas_trainer:133] - train epoch: 14 [7904/79543 (10%)], lr: ['1.00e-04', '1.00e-04'], loss: 0.045328
[2024-10-04 00:11:11,977][INFO][clas_trainer:133] - train epoch: 14 [15840/79543 (20%)], lr: ['1.00e-04', '1.00e-04'], loss: 0.016597
[2024-10-04 00:11:42,971][INFO][clas_trainer:133] - train epoch: 14 [23776/79543 (30%)], lr: ['1.00e-04', '1.00e-04'], loss: 0.113313
[2024-10-04 00:12:14,025][INFO][clas_trainer:133] - train epoch: 14 [31712/79543 (40%)], lr: ['1.00e-04', '1.00e-04'], loss: 0.049609
[2024-10-04 00:12:45,037][INFO][clas_trainer:133] - train epoch: 14 [39648/79543 (50%)], lr: ['1.00e-04', '1.00e-04'], loss: 0.030614
[2024-10-04 00:13:14,930][INFO][clas_trainer:133] - train epoch: 14 [47584/79543 (60%)], lr: ['1.00e-04', '1.00e-04'], loss: 0.055222
[2024-10-04 00:13:46,043][INFO][clas_trainer:133] - train epoch: 14 [55520/79543 (70%)], lr: ['1.00e-04', '1.00e-04'], loss: 0.023380
[2024-10-04 00:14:17,349][INFO][clas_trainer:133] - train epoch: 14 [63456/79543 (80%)], lr: ['1.00e-04', '1.00e-04'], loss: 0.001408
[2024-10-04 00:14:47,651][INFO][clas_trainer:133] - train epoch: 14 [71392/79543 (90%)], lr: ['1.00e-04', '1.00e-04'], loss: 0.017055
[2024-10-04 00:15:18,966][INFO][clas_trainer:133] - train epoch: 14 [79328/79543 (100%)], lr: ['1.00e-04', '1.00e-04'], loss: 0.025063
[2024-10-04 00:15:54,460][INFO][clas_trainer:63] - [epoch  14] execution time: 346.45s	metrics:
[2024-10-04 00:15:54,461][INFO][clas_evaluator:132] - dataset: earlystopping, avg f1-score: 0.7359
[2024-10-04 00:16:28,257][INFO][clas_trainer:133] - train epoch: 15 [7904/79543 (10%)], lr: ['1.00e-04', '1.00e-04'], loss: 0.023454
[2024-10-04 00:17:00,338][INFO][clas_trainer:133] - train epoch: 15 [15840/79543 (20%)], lr: ['1.00e-04', '1.00e-04'], loss: 0.009193
[2024-10-04 00:17:31,433][INFO][clas_trainer:133] - train epoch: 15 [23776/79543 (30%)], lr: ['1.00e-04', '1.00e-04'], loss: 0.006572
[2024-10-04 00:18:02,276][INFO][clas_trainer:133] - train epoch: 15 [31712/79543 (40%)], lr: ['1.00e-04', '1.00e-04'], loss: 0.091073
[2024-10-04 00:18:33,798][INFO][clas_trainer:133] - train epoch: 15 [39648/79543 (50%)], lr: ['1.00e-04', '1.00e-04'], loss: 0.047414
[2024-10-04 00:19:05,157][INFO][clas_trainer:133] - train epoch: 15 [47584/79543 (60%)], lr: ['1.00e-04', '1.00e-04'], loss: 0.027758
[2024-10-04 00:19:35,320][INFO][clas_trainer:133] - train epoch: 15 [55520/79543 (70%)], lr: ['1.00e-04', '1.00e-04'], loss: 0.024492
[2024-10-04 00:20:05,333][INFO][clas_trainer:133] - train epoch: 15 [63456/79543 (80%)], lr: ['1.00e-04', '1.00e-04'], loss: 0.024169
[2024-10-04 00:20:35,780][INFO][clas_trainer:133] - train epoch: 15 [71392/79543 (90%)], lr: ['1.00e-04', '1.00e-04'], loss: 0.037141
[2024-10-04 00:21:06,267][INFO][clas_trainer:133] - train epoch: 15 [79328/79543 (100%)], lr: ['1.00e-04', '1.00e-04'], loss: 0.008094
[2024-10-04 00:21:41,140][INFO][clas_trainer:63] - [epoch  15] execution time: 346.68s	metrics:
[2024-10-04 00:21:41,141][INFO][clas_evaluator:132] - dataset: earlystopping, avg f1-score: 0.7187
[2024-10-04 00:22:14,498][INFO][clas_trainer:133] - train epoch: 16 [7904/79543 (10%)], lr: ['1.00e-04', '1.00e-04'], loss: 0.067899
[2024-10-04 00:22:47,722][INFO][clas_trainer:133] - train epoch: 16 [15840/79543 (20%)], lr: ['1.00e-04', '1.00e-04'], loss: 0.039537
[2024-10-04 00:23:19,500][INFO][clas_trainer:133] - train epoch: 16 [23776/79543 (30%)], lr: ['1.00e-04', '1.00e-04'], loss: 0.034334
[2024-10-04 00:23:50,940][INFO][clas_trainer:133] - train epoch: 16 [31712/79543 (40%)], lr: ['1.00e-04', '1.00e-04'], loss: 0.028922
[2024-10-04 00:24:22,098][INFO][clas_trainer:133] - train epoch: 16 [39648/79543 (50%)], lr: ['1.00e-04', '1.00e-04'], loss: 0.001829
[2024-10-04 00:24:52,513][INFO][clas_trainer:133] - train epoch: 16 [47584/79543 (60%)], lr: ['1.00e-04', '1.00e-04'], loss: 0.064449
[2024-10-04 00:25:22,817][INFO][clas_trainer:133] - train epoch: 16 [55520/79543 (70%)], lr: ['1.00e-04', '1.00e-04'], loss: 0.021161
[2024-10-04 00:25:52,743][INFO][clas_trainer:133] - train epoch: 16 [63456/79543 (80%)], lr: ['1.00e-04', '1.00e-04'], loss: 0.016301
[2024-10-04 00:26:23,236][INFO][clas_trainer:133] - train epoch: 16 [71392/79543 (90%)], lr: ['1.00e-04', '1.00e-04'], loss: 0.069915
[2024-10-04 00:26:53,030][INFO][clas_trainer:133] - train epoch: 16 [79328/79543 (100%)], lr: ['1.00e-04', '1.00e-04'], loss: 0.044514
[2024-10-04 00:27:26,732][INFO][clas_trainer:63] - [epoch  16] execution time: 345.59s	metrics:
[2024-10-04 00:27:26,733][INFO][clas_evaluator:132] - dataset: earlystopping, avg f1-score: 0.7353
[2024-10-04 00:27:26,741][INFO][clas_trainer:79] - finished training
[2024-10-04 00:27:26,741][INFO][clas_trainer:80] - best model on epoch: 6 	f1-score: 0.7485
