[2024-10-02 10:53:26,633][INFO][fine-tune:25] - Using GPU 1
[2024-10-02 10:53:26,636][INFO][fine-tune:35] - overrides:
hydra:
- hydra.launcher.n_jobs=40
- hydra.mode=MULTIRUN
task:
- m_seed_path_sids={seeds:[0,0,0,0,0],path:"exp005b-m0-simple_multi_class-2024-09-20_13-57-42-final.pth",subject_ids:{sleepedfx:$\{data.sleepedfx.cv_5_fold.fold_1\}}}
- data.downstream.train_dataloader.dataset.data_reducer.n_epochs=340
- data.downstream.train_dataloader.dataset.data_reducer.n_subjects=3
- general.gpus=[0,1,2,3]

[2024-10-02 10:53:37,109][INFO][data_loaders:39] - class distribution before data reduction:
# samples per subject
SC4001E0: 841
SC4002E0: 1127
SC4011E0: 1103
SC4012E0: 1186
SC4031E0: 952
SC4032E0: 911
SC4041E0: 1235
SC4042E0: 1200
SC4051E0: 672
SC4052E0: 1246
SC4061E0: 843
SC4062E0: 1016
SC4081E0: 1134
SC4082E0: 1054
SC4091E0: 1132
SC4092E0: 1105
SC4121E0: 1052
SC4122E0: 977
SC4131E0: 1028
SC4141E0: 1004
SC4142E0: 952
SC4151E0: 952
SC4152E0: 1762
SC4161E0: 1144
SC4162E0: 1003
SC4181E0: 964
SC4182E0: 920
SC4191E0: 1535
SC4192E0: 1274
SC4201E0: 1022
SC4202E0: 1021
SC4211E0: 1578
SC4212E0: 808
SC4221E0: 1099
SC4222E0: 1108
SC4251E0: 972
SC4252E0: 1020
SC4261F0: 1597
SC4262F0: 980
SC4271F0: 1052
SC4272F0: 1090
SC4281G0: 1127
SC4282G0: 1070
SC4301E0: 929
SC4302E0: 854
SC4321E0: 1560
SC4322E0: 1021
SC4341F0: 1501
SC4342F0: 1582
SC4362F0: 824
SC4381F0: 1776
SC4382F0: 1871
SC4411E0: 1078
SC4412E0: 924
SC4441E0: 1195
SC4442E0: 1092
SC4471F0: 1187
SC4472F0: 2161
SC4491G0: 1101
SC4492G0: 1040
SC4501E0: 1326
SC4502E0: 1103
SC4522E0: 997
SC4531E0: 1096
SC4532E0: 1056
SC4541F0: 1716
SC4542F0: 1148
SC4551F0: 1047
SC4552F0: 1090
SC4561F0: 1237
SC4562F0: 1148
SC4581G0: 1095
SC4582G0: 1175
SC4591G0: 1840
SC4592G0: 1231
SC4611E0: 1652
SC4612E0: 1062
SC4621E0: 1445
SC4622E0: 1823
SC4631E0: 1063
SC4632E0: 1107
SC4641E0: 1271
SC4642E0: 2049
SC4651E0: 2644
SC4652E0: 1929
SC4661E0: 2026
SC4662E0: 1994
SC4701E0: 1717
SC4702E0: 1515
SC4711E0: 1413
SC4712E0: 1241
SC4721E0: 1031
SC4722E0: 1130
SC4731E0: 2667
SC4732E0: 2318
SC4741E0: 2210
SC4742E0: 1063
SC4751E0: 2044
SC4752E0: 1049
SC4771G0: 1325
SC4772G0: 1324
SC4801G0: 1241
SC4802G0: 1229
SC4821G0: 1704
SC4822G0: 1366

# samples per stage
0: 44850
1: 14737
2: 48485
3: 8639
4: 17810
[2024-10-02 10:53:37,609][INFO][data_loaders:43] - class distribution after data reduction:
# samples per subject
SC4201E0: 31205
SC4272F0: 38710
SC4662E0: 64385

# samples per stage
0: 54510
1: 11850
2: 38710
3: 8295
4: 20935
[2024-10-02 10:53:38,303][INFO][data_loaders:39] - class distribution before data reduction:
# samples per subject
SC4021E0: 1025
SC4022E0: 1009
SC4071E0: 976
SC4072E0: 1273
SC4291G0: 1131
SC4292G0: 1605
SC4331F0: 1888
SC4332F0: 1312
SC4401E0: 1064
SC4402E0: 1072
SC4421E0: 785
SC4422E0: 884
SC4761E0: 1683
SC4762E0: 2662
SC4811G0: 1293
SC4812G0: 1183

# samples per stage
0: 7958
1: 1946
2: 6628
3: 1531
4: 2782
[2024-10-02 10:53:38,345][INFO][data_loaders:43] - class distribution after data reduction:
# samples per subject
SC4021E0: 1025
SC4022E0: 1009
SC4071E0: 976
SC4072E0: 1273
SC4291G0: 1131
SC4292G0: 1605
SC4331F0: 1888
SC4332F0: 1312
SC4401E0: 1064
SC4402E0: 1072
SC4421E0: 785
SC4422E0: 884
SC4761E0: 1683
SC4762E0: 2662
SC4811G0: 1293
SC4812G0: 1183

# samples per stage
0: 7958
1: 1946
2: 6628
3: 1531
4: 2782
[2024-10-02 10:54:08,018][INFO][clas_trainer:49] - metrics before training (epoch 0):
[2024-10-02 10:55:54,829][INFO][clas_evaluator:132] - dataset: earlystopping, avg f1-score: 0.0835
[2024-10-02 10:57:07,804][INFO][clas_trainer:133] - train epoch: 1 [13376/134300 (10%)], lr: ['1.00e-04', '1.00e-04'], loss: 1.210049
[2024-10-02 10:58:27,981][INFO][clas_trainer:133] - train epoch: 1 [26784/134300 (20%)], lr: ['1.00e-04', '1.00e-04'], loss: 0.460747
[2024-10-02 10:59:51,940][INFO][clas_trainer:133] - train epoch: 1 [40192/134300 (30%)], lr: ['1.00e-04', '1.00e-04'], loss: 0.680361
[2024-10-02 11:01:06,958][INFO][clas_trainer:133] - train epoch: 1 [53600/134300 (40%)], lr: ['1.00e-04', '1.00e-04'], loss: 0.522032
[2024-10-02 11:02:20,732][INFO][clas_trainer:133] - train epoch: 1 [67008/134300 (50%)], lr: ['1.00e-04', '1.00e-04'], loss: 0.314193
[2024-10-02 11:03:30,541][INFO][clas_trainer:133] - train epoch: 1 [80416/134300 (60%)], lr: ['1.00e-04', '1.00e-04'], loss: 0.684228
[2024-10-02 11:04:37,434][INFO][clas_trainer:133] - train epoch: 1 [93824/134300 (70%)], lr: ['1.00e-04', '1.00e-04'], loss: 0.170820
[2024-10-02 11:05:45,618][INFO][clas_trainer:133] - train epoch: 1 [107232/134300 (80%)], lr: ['1.00e-04', '1.00e-04'], loss: 0.172087
[2024-10-02 11:06:53,435][INFO][clas_trainer:133] - train epoch: 1 [120640/134300 (90%)], lr: ['1.00e-04', '1.00e-04'], loss: 0.082065
[2024-10-02 11:08:05,178][INFO][clas_trainer:133] - train epoch: 1 [134048/134300 (100%)], lr: ['1.00e-04', '1.00e-04'], loss: 0.166007
[2024-10-02 11:09:59,331][INFO][clas_trainer:63] - [epoch   1] execution time: 844.50s	metrics:
[2024-10-02 11:09:59,332][INFO][clas_evaluator:132] - dataset: earlystopping, avg f1-score: 0.5662
[2024-10-02 11:09:59,372][INFO][base_model:51] - snapshot saved to XXX/frequency-pretraining/models/exp005a-m17-base_fe_clas-2024-10-02_10-52-09-final.pth
[2024-10-02 11:11:11,362][INFO][clas_trainer:133] - train epoch: 2 [13376/134300 (10%)], lr: ['1.00e-04', '1.00e-04'], loss: 0.051364
[2024-10-02 11:12:25,036][INFO][clas_trainer:133] - train epoch: 2 [26784/134300 (20%)], lr: ['1.00e-04', '1.00e-04'], loss: 0.008978
[2024-10-02 11:13:37,915][INFO][clas_trainer:133] - train epoch: 2 [40192/134300 (30%)], lr: ['1.00e-04', '1.00e-04'], loss: 0.032327
[2024-10-02 11:14:55,136][INFO][clas_trainer:133] - train epoch: 2 [53600/134300 (40%)], lr: ['1.00e-04', '1.00e-04'], loss: 0.017366
[2024-10-02 11:16:14,605][INFO][clas_trainer:133] - train epoch: 2 [67008/134300 (50%)], lr: ['1.00e-04', '1.00e-04'], loss: 0.003144
[2024-10-02 11:17:30,851][INFO][clas_trainer:133] - train epoch: 2 [80416/134300 (60%)], lr: ['1.00e-04', '1.00e-04'], loss: 0.016385
[2024-10-02 11:18:51,464][INFO][clas_trainer:133] - train epoch: 2 [93824/134300 (70%)], lr: ['1.00e-04', '1.00e-04'], loss: 0.060262
[2024-10-02 11:20:08,849][INFO][clas_trainer:133] - train epoch: 2 [107232/134300 (80%)], lr: ['1.00e-04', '1.00e-04'], loss: 0.007055
[2024-10-02 11:21:20,826][INFO][clas_trainer:133] - train epoch: 2 [120640/134300 (90%)], lr: ['1.00e-04', '1.00e-04'], loss: 0.004221
[2024-10-02 11:22:24,830][INFO][clas_trainer:133] - train epoch: 2 [134048/134300 (100%)], lr: ['1.00e-04', '1.00e-04'], loss: 0.001646
[2024-10-02 11:24:25,760][INFO][clas_trainer:63] - [epoch   2] execution time: 866.39s	metrics:
[2024-10-02 11:24:25,761][INFO][clas_evaluator:132] - dataset: earlystopping, avg f1-score: 0.5929
[2024-10-02 11:24:25,805][INFO][base_model:51] - snapshot saved to XXX/frequency-pretraining/models/exp005a-m17-base_fe_clas-2024-10-02_10-52-09-final.pth
[2024-10-02 11:25:32,364][INFO][clas_trainer:133] - train epoch: 3 [13376/134300 (10%)], lr: ['1.00e-04', '1.00e-04'], loss: 0.002995
[2024-10-02 11:26:38,942][INFO][clas_trainer:133] - train epoch: 3 [26784/134300 (20%)], lr: ['1.00e-04', '1.00e-04'], loss: 0.000541
[2024-10-02 11:27:46,240][INFO][clas_trainer:133] - train epoch: 3 [40192/134300 (30%)], lr: ['1.00e-04', '1.00e-04'], loss: 0.000306
[2024-10-02 11:28:51,645][INFO][clas_trainer:133] - train epoch: 3 [53600/134300 (40%)], lr: ['1.00e-04', '1.00e-04'], loss: 0.012936
[2024-10-02 11:29:57,643][INFO][clas_trainer:133] - train epoch: 3 [67008/134300 (50%)], lr: ['1.00e-04', '1.00e-04'], loss: 0.016508
[2024-10-02 11:31:04,079][INFO][clas_trainer:133] - train epoch: 3 [80416/134300 (60%)], lr: ['1.00e-04', '1.00e-04'], loss: 0.018462
[2024-10-02 11:32:11,310][INFO][clas_trainer:133] - train epoch: 3 [93824/134300 (70%)], lr: ['1.00e-04', '1.00e-04'], loss: 0.000665
[2024-10-02 11:33:15,736][INFO][clas_trainer:133] - train epoch: 3 [107232/134300 (80%)], lr: ['1.00e-04', '1.00e-04'], loss: 0.001048
[2024-10-02 11:34:17,755][INFO][clas_trainer:133] - train epoch: 3 [120640/134300 (90%)], lr: ['1.00e-04', '1.00e-04'], loss: 0.000290
[2024-10-02 11:35:21,232][INFO][clas_trainer:133] - train epoch: 3 [134048/134300 (100%)], lr: ['1.00e-04', '1.00e-04'], loss: 0.024146
[2024-10-02 11:37:00,254][INFO][clas_trainer:63] - [epoch   3] execution time: 754.45s	metrics:
[2024-10-02 11:37:00,255][INFO][clas_evaluator:132] - dataset: earlystopping, avg f1-score: 0.6232
[2024-10-02 11:37:00,297][INFO][base_model:51] - snapshot saved to XXX/frequency-pretraining/models/exp005a-m17-base_fe_clas-2024-10-02_10-52-09-final.pth
[2024-10-02 11:38:03,382][INFO][clas_trainer:133] - train epoch: 4 [13376/134300 (10%)], lr: ['1.00e-04', '1.00e-04'], loss: 0.000239
[2024-10-02 11:39:09,554][INFO][clas_trainer:133] - train epoch: 4 [26784/134300 (20%)], lr: ['1.00e-04', '1.00e-04'], loss: 0.031129
[2024-10-02 11:40:15,566][INFO][clas_trainer:133] - train epoch: 4 [40192/134300 (30%)], lr: ['1.00e-04', '1.00e-04'], loss: 0.000174
[2024-10-02 11:41:18,749][INFO][clas_trainer:133] - train epoch: 4 [53600/134300 (40%)], lr: ['1.00e-04', '1.00e-04'], loss: 0.017187
[2024-10-02 11:42:25,590][INFO][clas_trainer:133] - train epoch: 4 [67008/134300 (50%)], lr: ['1.00e-04', '1.00e-04'], loss: 0.000023
[2024-10-02 11:43:31,840][INFO][clas_trainer:133] - train epoch: 4 [80416/134300 (60%)], lr: ['1.00e-04', '1.00e-04'], loss: 0.002158
[2024-10-02 11:44:38,087][INFO][clas_trainer:133] - train epoch: 4 [93824/134300 (70%)], lr: ['1.00e-04', '1.00e-04'], loss: 0.000067
[2024-10-02 11:45:47,951][INFO][clas_trainer:133] - train epoch: 4 [107232/134300 (80%)], lr: ['1.00e-04', '1.00e-04'], loss: 0.003591
[2024-10-02 11:46:57,014][INFO][clas_trainer:133] - train epoch: 4 [120640/134300 (90%)], lr: ['1.00e-04', '1.00e-04'], loss: 0.001791
[2024-10-02 11:48:05,967][INFO][clas_trainer:133] - train epoch: 4 [134048/134300 (100%)], lr: ['1.00e-04', '1.00e-04'], loss: 0.001057
[2024-10-02 11:49:49,067][INFO][clas_trainer:63] - [epoch   4] execution time: 768.77s	metrics:
[2024-10-02 11:49:49,068][INFO][clas_evaluator:132] - dataset: earlystopping, avg f1-score: 0.6077
[2024-10-02 11:50:56,016][INFO][clas_trainer:133] - train epoch: 5 [13376/134300 (10%)], lr: ['1.00e-04', '1.00e-04'], loss: 0.000299
[2024-10-02 11:52:02,211][INFO][clas_trainer:133] - train epoch: 5 [26784/134300 (20%)], lr: ['1.00e-04', '1.00e-04'], loss: 0.004961
[2024-10-02 11:53:09,065][INFO][clas_trainer:133] - train epoch: 5 [40192/134300 (30%)], lr: ['1.00e-04', '1.00e-04'], loss: 0.026326
[2024-10-02 11:54:14,668][INFO][clas_trainer:133] - train epoch: 5 [53600/134300 (40%)], lr: ['1.00e-04', '1.00e-04'], loss: 0.002635
[2024-10-02 11:55:18,138][INFO][clas_trainer:133] - train epoch: 5 [67008/134300 (50%)], lr: ['1.00e-04', '1.00e-04'], loss: 0.000430
[2024-10-02 11:56:22,446][INFO][clas_trainer:133] - train epoch: 5 [80416/134300 (60%)], lr: ['1.00e-04', '1.00e-04'], loss: 0.002169
[2024-10-02 11:57:25,623][INFO][clas_trainer:133] - train epoch: 5 [93824/134300 (70%)], lr: ['1.00e-04', '1.00e-04'], loss: 0.002229
[2024-10-02 11:58:29,768][INFO][clas_trainer:133] - train epoch: 5 [107232/134300 (80%)], lr: ['1.00e-04', '1.00e-04'], loss: 0.001987
[2024-10-02 11:59:34,950][INFO][clas_trainer:133] - train epoch: 5 [120640/134300 (90%)], lr: ['1.00e-04', '1.00e-04'], loss: 0.004387
[2024-10-02 12:00:39,324][INFO][clas_trainer:133] - train epoch: 5 [134048/134300 (100%)], lr: ['1.00e-04', '1.00e-04'], loss: 0.001435
[2024-10-02 12:02:27,199][INFO][clas_trainer:63] - [epoch   5] execution time: 758.13s	metrics:
[2024-10-02 12:02:27,200][INFO][clas_evaluator:132] - dataset: earlystopping, avg f1-score: 0.5927
[2024-10-02 12:03:33,009][INFO][clas_trainer:133] - train epoch: 6 [13376/134300 (10%)], lr: ['1.00e-04', '1.00e-04'], loss: 0.000215
[2024-10-02 12:04:38,184][INFO][clas_trainer:133] - train epoch: 6 [26784/134300 (20%)], lr: ['1.00e-04', '1.00e-04'], loss: 0.000210
[2024-10-02 12:05:41,919][INFO][clas_trainer:133] - train epoch: 6 [40192/134300 (30%)], lr: ['1.00e-04', '1.00e-04'], loss: 0.015317
[2024-10-02 12:06:51,366][INFO][clas_trainer:133] - train epoch: 6 [53600/134300 (40%)], lr: ['1.00e-04', '1.00e-04'], loss: 0.002678
[2024-10-02 12:07:58,371][INFO][clas_trainer:133] - train epoch: 6 [67008/134300 (50%)], lr: ['1.00e-04', '1.00e-04'], loss: 0.000150
[2024-10-02 12:09:05,632][INFO][clas_trainer:133] - train epoch: 6 [80416/134300 (60%)], lr: ['1.00e-04', '1.00e-04'], loss: 0.000369
[2024-10-02 12:10:11,946][INFO][clas_trainer:133] - train epoch: 6 [93824/134300 (70%)], lr: ['1.00e-04', '1.00e-04'], loss: 0.023767
[2024-10-02 12:11:19,341][INFO][clas_trainer:133] - train epoch: 6 [107232/134300 (80%)], lr: ['1.00e-04', '1.00e-04'], loss: 0.000256
[2024-10-02 12:12:29,185][INFO][clas_trainer:133] - train epoch: 6 [120640/134300 (90%)], lr: ['1.00e-04', '1.00e-04'], loss: 0.000641
[2024-10-02 12:13:39,027][INFO][clas_trainer:133] - train epoch: 6 [134048/134300 (100%)], lr: ['1.00e-04', '1.00e-04'], loss: 0.000173
[2024-10-02 12:15:30,677][INFO][clas_trainer:63] - [epoch   6] execution time: 783.48s	metrics:
[2024-10-02 12:15:30,678][INFO][clas_evaluator:132] - dataset: earlystopping, avg f1-score: 0.6120
[2024-10-02 12:16:39,022][INFO][clas_trainer:133] - train epoch: 7 [13376/134300 (10%)], lr: ['1.00e-04', '1.00e-04'], loss: 0.080241
[2024-10-02 12:17:46,489][INFO][clas_trainer:133] - train epoch: 7 [26784/134300 (20%)], lr: ['1.00e-04', '1.00e-04'], loss: 0.002666
[2024-10-02 12:18:54,569][INFO][clas_trainer:133] - train epoch: 7 [40192/134300 (30%)], lr: ['1.00e-04', '1.00e-04'], loss: 0.000158
[2024-10-02 12:19:58,561][INFO][clas_trainer:133] - train epoch: 7 [53600/134300 (40%)], lr: ['1.00e-04', '1.00e-04'], loss: 0.000076
[2024-10-02 12:21:04,603][INFO][clas_trainer:133] - train epoch: 7 [67008/134300 (50%)], lr: ['1.00e-04', '1.00e-04'], loss: 0.004206
[2024-10-02 12:22:12,913][INFO][clas_trainer:133] - train epoch: 7 [80416/134300 (60%)], lr: ['1.00e-04', '1.00e-04'], loss: 0.001389
[2024-10-02 12:23:21,028][INFO][clas_trainer:133] - train epoch: 7 [93824/134300 (70%)], lr: ['1.00e-04', '1.00e-04'], loss: 0.000294
[2024-10-02 12:24:28,324][INFO][clas_trainer:133] - train epoch: 7 [107232/134300 (80%)], lr: ['1.00e-04', '1.00e-04'], loss: 0.001234
[2024-10-02 12:25:32,903][INFO][clas_trainer:133] - train epoch: 7 [120640/134300 (90%)], lr: ['1.00e-04', '1.00e-04'], loss: 0.000558
[2024-10-02 12:26:39,071][INFO][clas_trainer:133] - train epoch: 7 [134048/134300 (100%)], lr: ['1.00e-04', '1.00e-04'], loss: 0.000937
[2024-10-02 12:28:22,643][INFO][clas_trainer:63] - [epoch   7] execution time: 771.96s	metrics:
[2024-10-02 12:28:22,644][INFO][clas_evaluator:132] - dataset: earlystopping, avg f1-score: 0.6453
[2024-10-02 12:28:22,685][INFO][base_model:51] - snapshot saved to XXX/frequency-pretraining/models/exp005a-m17-base_fe_clas-2024-10-02_10-52-09-final.pth
[2024-10-02 12:29:35,715][INFO][clas_trainer:133] - train epoch: 8 [13376/134300 (10%)], lr: ['1.00e-04', '1.00e-04'], loss: 0.000416
[2024-10-02 12:30:46,594][INFO][clas_trainer:133] - train epoch: 8 [26784/134300 (20%)], lr: ['1.00e-04', '1.00e-04'], loss: 0.000659
[2024-10-02 12:31:52,754][INFO][clas_trainer:133] - train epoch: 8 [40192/134300 (30%)], lr: ['1.00e-04', '1.00e-04'], loss: 0.000292
[2024-10-02 12:32:55,784][INFO][clas_trainer:133] - train epoch: 8 [53600/134300 (40%)], lr: ['1.00e-04', '1.00e-04'], loss: 0.000913
[2024-10-02 12:33:59,609][INFO][clas_trainer:133] - train epoch: 8 [67008/134300 (50%)], lr: ['1.00e-04', '1.00e-04'], loss: 0.000245
[2024-10-02 12:35:03,578][INFO][clas_trainer:133] - train epoch: 8 [80416/134300 (60%)], lr: ['1.00e-04', '1.00e-04'], loss: 0.001887
[2024-10-02 12:36:06,916][INFO][clas_trainer:133] - train epoch: 8 [93824/134300 (70%)], lr: ['1.00e-04', '1.00e-04'], loss: 0.001420
[2024-10-02 12:37:14,332][INFO][clas_trainer:133] - train epoch: 8 [107232/134300 (80%)], lr: ['1.00e-04', '1.00e-04'], loss: 0.005236
[2024-10-02 12:38:23,848][INFO][clas_trainer:133] - train epoch: 8 [120640/134300 (90%)], lr: ['1.00e-04', '1.00e-04'], loss: 0.000692
[2024-10-02 12:39:30,720][INFO][clas_trainer:133] - train epoch: 8 [134048/134300 (100%)], lr: ['1.00e-04', '1.00e-04'], loss: 0.001137
[2024-10-02 12:41:25,706][INFO][clas_trainer:63] - [epoch   8] execution time: 783.02s	metrics:
[2024-10-02 12:41:25,707][INFO][clas_evaluator:132] - dataset: earlystopping, avg f1-score: 0.6090
[2024-10-02 12:42:39,799][INFO][clas_trainer:133] - train epoch: 9 [13376/134300 (10%)], lr: ['1.00e-04', '1.00e-04'], loss: 0.002817
[2024-10-02 12:43:50,068][INFO][clas_trainer:133] - train epoch: 9 [26784/134300 (20%)], lr: ['1.00e-04', '1.00e-04'], loss: 0.010490
[2024-10-02 12:44:58,816][INFO][clas_trainer:133] - train epoch: 9 [40192/134300 (30%)], lr: ['1.00e-04', '1.00e-04'], loss: 0.002168
[2024-10-02 12:46:06,645][INFO][clas_trainer:133] - train epoch: 9 [53600/134300 (40%)], lr: ['1.00e-04', '1.00e-04'], loss: 0.001790
[2024-10-02 12:47:12,671][INFO][clas_trainer:133] - train epoch: 9 [67008/134300 (50%)], lr: ['1.00e-04', '1.00e-04'], loss: 0.000380
[2024-10-02 12:48:20,645][INFO][clas_trainer:133] - train epoch: 9 [80416/134300 (60%)], lr: ['1.00e-04', '1.00e-04'], loss: 0.000464
[2024-10-02 12:49:29,068][INFO][clas_trainer:133] - train epoch: 9 [93824/134300 (70%)], lr: ['1.00e-04', '1.00e-04'], loss: 0.000453
[2024-10-02 12:50:36,476][INFO][clas_trainer:133] - train epoch: 9 [107232/134300 (80%)], lr: ['1.00e-04', '1.00e-04'], loss: 0.005460
[2024-10-02 12:51:42,785][INFO][clas_trainer:133] - train epoch: 9 [120640/134300 (90%)], lr: ['1.00e-04', '1.00e-04'], loss: 0.007398
[2024-10-02 12:52:50,735][INFO][clas_trainer:133] - train epoch: 9 [134048/134300 (100%)], lr: ['1.00e-04', '1.00e-04'], loss: 0.001924
[2024-10-02 12:54:41,057][INFO][clas_trainer:63] - [epoch   9] execution time: 795.35s	metrics:
[2024-10-02 12:54:41,058][INFO][clas_evaluator:132] - dataset: earlystopping, avg f1-score: 0.6253
[2024-10-02 12:55:52,059][INFO][clas_trainer:133] - train epoch: 10 [13376/134300 (10%)], lr: ['1.00e-04', '1.00e-04'], loss: 0.006235
[2024-10-02 12:57:00,567][INFO][clas_trainer:133] - train epoch: 10 [26784/134300 (20%)], lr: ['1.00e-04', '1.00e-04'], loss: 0.000391
[2024-10-02 12:58:10,108][INFO][clas_trainer:133] - train epoch: 10 [40192/134300 (30%)], lr: ['1.00e-04', '1.00e-04'], loss: 0.001704
[2024-10-02 12:59:22,569][INFO][clas_trainer:133] - train epoch: 10 [53600/134300 (40%)], lr: ['1.00e-04', '1.00e-04'], loss: 0.000463
[2024-10-02 13:00:31,251][INFO][clas_trainer:133] - train epoch: 10 [67008/134300 (50%)], lr: ['1.00e-04', '1.00e-04'], loss: 0.003902
[2024-10-02 13:01:41,368][INFO][clas_trainer:133] - train epoch: 10 [80416/134300 (60%)], lr: ['1.00e-04', '1.00e-04'], loss: 0.001623
[2024-10-02 13:02:50,204][INFO][clas_trainer:133] - train epoch: 10 [93824/134300 (70%)], lr: ['1.00e-04', '1.00e-04'], loss: 0.001907
[2024-10-02 13:03:59,509][INFO][clas_trainer:133] - train epoch: 10 [107232/134300 (80%)], lr: ['1.00e-04', '1.00e-04'], loss: 0.001040
[2024-10-02 13:05:12,154][INFO][clas_trainer:133] - train epoch: 10 [120640/134300 (90%)], lr: ['1.00e-04', '1.00e-04'], loss: 0.002689
[2024-10-02 13:06:21,632][INFO][clas_trainer:133] - train epoch: 10 [134048/134300 (100%)], lr: ['1.00e-04', '1.00e-04'], loss: 0.001851
[2024-10-02 13:08:15,642][INFO][clas_trainer:63] - [epoch  10] execution time: 814.58s	metrics:
[2024-10-02 13:08:15,643][INFO][clas_evaluator:132] - dataset: earlystopping, avg f1-score: 0.6450
[2024-10-02 13:09:24,334][INFO][clas_trainer:133] - train epoch: 11 [13376/134300 (10%)], lr: ['1.00e-04', '1.00e-04'], loss: 0.001009
[2024-10-02 13:10:32,144][INFO][clas_trainer:133] - train epoch: 11 [26784/134300 (20%)], lr: ['1.00e-04', '1.00e-04'], loss: 0.005563
[2024-10-02 13:11:39,800][INFO][clas_trainer:133] - train epoch: 11 [40192/134300 (30%)], lr: ['1.00e-04', '1.00e-04'], loss: 0.000168
[2024-10-02 13:12:50,571][INFO][clas_trainer:133] - train epoch: 11 [53600/134300 (40%)], lr: ['1.00e-04', '1.00e-04'], loss: 0.000504
[2024-10-02 13:13:56,592][INFO][clas_trainer:133] - train epoch: 11 [67008/134300 (50%)], lr: ['1.00e-04', '1.00e-04'], loss: 0.002541
[2024-10-02 13:15:10,940][INFO][clas_trainer:133] - train epoch: 11 [80416/134300 (60%)], lr: ['1.00e-04', '1.00e-04'], loss: 0.000577
[2024-10-02 13:16:19,397][INFO][clas_trainer:133] - train epoch: 11 [93824/134300 (70%)], lr: ['1.00e-04', '1.00e-04'], loss: 0.000403
[2024-10-02 13:17:22,965][INFO][clas_trainer:133] - train epoch: 11 [107232/134300 (80%)], lr: ['1.00e-04', '1.00e-04'], loss: 0.001192
[2024-10-02 13:18:29,892][INFO][clas_trainer:133] - train epoch: 11 [120640/134300 (90%)], lr: ['1.00e-04', '1.00e-04'], loss: 0.064988
[2024-10-02 13:19:37,685][INFO][clas_trainer:133] - train epoch: 11 [134048/134300 (100%)], lr: ['1.00e-04', '1.00e-04'], loss: 0.001025
[2024-10-02 13:21:24,349][INFO][clas_trainer:63] - [epoch  11] execution time: 788.71s	metrics:
[2024-10-02 13:21:24,350][INFO][clas_evaluator:132] - dataset: earlystopping, avg f1-score: 0.6283
[2024-10-02 13:22:34,633][INFO][clas_trainer:133] - train epoch: 12 [13376/134300 (10%)], lr: ['1.00e-04', '1.00e-04'], loss: 0.000776
[2024-10-02 13:23:45,610][INFO][clas_trainer:133] - train epoch: 12 [26784/134300 (20%)], lr: ['1.00e-04', '1.00e-04'], loss: 0.000781
[2024-10-02 13:24:53,674][INFO][clas_trainer:133] - train epoch: 12 [40192/134300 (30%)], lr: ['1.00e-04', '1.00e-04'], loss: 0.007980
[2024-10-02 13:25:58,039][INFO][clas_trainer:133] - train epoch: 12 [53600/134300 (40%)], lr: ['1.00e-04', '1.00e-04'], loss: 0.000472
[2024-10-02 13:27:03,572][INFO][clas_trainer:133] - train epoch: 12 [67008/134300 (50%)], lr: ['1.00e-04', '1.00e-04'], loss: 0.000486
[2024-10-02 13:28:10,911][INFO][clas_trainer:133] - train epoch: 12 [80416/134300 (60%)], lr: ['1.00e-04', '1.00e-04'], loss: 0.001385
[2024-10-02 13:29:18,279][INFO][clas_trainer:133] - train epoch: 12 [93824/134300 (70%)], lr: ['1.00e-04', '1.00e-04'], loss: 0.001459
[2024-10-02 13:30:27,949][INFO][clas_trainer:133] - train epoch: 12 [107232/134300 (80%)], lr: ['1.00e-04', '1.00e-04'], loss: 0.000393
[2024-10-02 13:31:37,184][INFO][clas_trainer:133] - train epoch: 12 [120640/134300 (90%)], lr: ['1.00e-04', '1.00e-04'], loss: 0.002207
[2024-10-02 13:32:43,164][INFO][clas_trainer:133] - train epoch: 12 [134048/134300 (100%)], lr: ['1.00e-04', '1.00e-04'], loss: 0.002230
[2024-10-02 13:34:28,041][INFO][clas_trainer:63] - [epoch  12] execution time: 783.69s	metrics:
[2024-10-02 13:34:28,042][INFO][clas_evaluator:132] - dataset: earlystopping, avg f1-score: 0.6352
[2024-10-02 13:35:38,984][INFO][clas_trainer:133] - train epoch: 13 [13376/134300 (10%)], lr: ['1.00e-04', '1.00e-04'], loss: 0.000665
[2024-10-02 13:36:50,741][INFO][clas_trainer:133] - train epoch: 13 [26784/134300 (20%)], lr: ['1.00e-04', '1.00e-04'], loss: 0.002925
[2024-10-02 13:37:58,917][INFO][clas_trainer:133] - train epoch: 13 [40192/134300 (30%)], lr: ['1.00e-04', '1.00e-04'], loss: 0.046300
[2024-10-02 13:39:07,004][INFO][clas_trainer:133] - train epoch: 13 [53600/134300 (40%)], lr: ['1.00e-04', '1.00e-04'], loss: 0.000890
[2024-10-02 13:40:15,818][INFO][clas_trainer:133] - train epoch: 13 [67008/134300 (50%)], lr: ['1.00e-04', '1.00e-04'], loss: 0.000706
[2024-10-02 13:41:24,961][INFO][clas_trainer:133] - train epoch: 13 [80416/134300 (60%)], lr: ['1.00e-04', '1.00e-04'], loss: 0.001102
[2024-10-02 13:42:34,462][INFO][clas_trainer:133] - train epoch: 13 [93824/134300 (70%)], lr: ['1.00e-04', '1.00e-04'], loss: 0.002967
[2024-10-02 13:43:45,338][INFO][clas_trainer:133] - train epoch: 13 [107232/134300 (80%)], lr: ['1.00e-04', '1.00e-04'], loss: 0.000435
[2024-10-02 13:44:53,195][INFO][clas_trainer:133] - train epoch: 13 [120640/134300 (90%)], lr: ['1.00e-04', '1.00e-04'], loss: 0.000469
[2024-10-02 13:46:01,355][INFO][clas_trainer:133] - train epoch: 13 [134048/134300 (100%)], lr: ['1.00e-04', '1.00e-04'], loss: 0.001310
[2024-10-02 13:47:48,357][INFO][clas_trainer:63] - [epoch  13] execution time: 800.31s	metrics:
[2024-10-02 13:47:48,358][INFO][clas_evaluator:132] - dataset: earlystopping, avg f1-score: 0.6237
[2024-10-02 13:48:57,311][INFO][clas_trainer:133] - train epoch: 14 [13376/134300 (10%)], lr: ['1.00e-04', '1.00e-04'], loss: 0.000675
[2024-10-02 13:50:08,965][INFO][clas_trainer:133] - train epoch: 14 [26784/134300 (20%)], lr: ['1.00e-04', '1.00e-04'], loss: 0.001512
[2024-10-02 13:51:19,119][INFO][clas_trainer:133] - train epoch: 14 [40192/134300 (30%)], lr: ['1.00e-04', '1.00e-04'], loss: 0.000907
[2024-10-02 13:52:25,970][INFO][clas_trainer:133] - train epoch: 14 [53600/134300 (40%)], lr: ['1.00e-04', '1.00e-04'], loss: 0.000615
[2024-10-02 13:53:36,321][INFO][clas_trainer:133] - train epoch: 14 [67008/134300 (50%)], lr: ['1.00e-04', '1.00e-04'], loss: 0.000886
[2024-10-02 13:54:44,930][INFO][clas_trainer:133] - train epoch: 14 [80416/134300 (60%)], lr: ['1.00e-04', '1.00e-04'], loss: 0.001685
[2024-10-02 13:55:56,566][INFO][clas_trainer:133] - train epoch: 14 [93824/134300 (70%)], lr: ['1.00e-04', '1.00e-04'], loss: 0.003576
[2024-10-02 13:57:05,860][INFO][clas_trainer:133] - train epoch: 14 [107232/134300 (80%)], lr: ['1.00e-04', '1.00e-04'], loss: 0.000826
[2024-10-02 13:58:14,311][INFO][clas_trainer:133] - train epoch: 14 [120640/134300 (90%)], lr: ['1.00e-04', '1.00e-04'], loss: 0.000421
[2024-10-02 13:59:24,151][INFO][clas_trainer:133] - train epoch: 14 [134048/134300 (100%)], lr: ['1.00e-04', '1.00e-04'], loss: 0.001564
[2024-10-02 14:01:16,366][INFO][clas_trainer:63] - [epoch  14] execution time: 808.01s	metrics:
[2024-10-02 14:01:16,367][INFO][clas_evaluator:132] - dataset: earlystopping, avg f1-score: 0.6210
[2024-10-02 14:02:23,976][INFO][clas_trainer:133] - train epoch: 15 [13376/134300 (10%)], lr: ['1.00e-04', '1.00e-04'], loss: 0.001837
[2024-10-02 14:03:32,334][INFO][clas_trainer:133] - train epoch: 15 [26784/134300 (20%)], lr: ['1.00e-04', '1.00e-04'], loss: 0.000467
[2024-10-02 14:04:40,674][INFO][clas_trainer:133] - train epoch: 15 [40192/134300 (30%)], lr: ['1.00e-04', '1.00e-04'], loss: 0.000547
[2024-10-02 14:05:50,656][INFO][clas_trainer:133] - train epoch: 15 [53600/134300 (40%)], lr: ['1.00e-04', '1.00e-04'], loss: 0.000428
[2024-10-02 14:07:03,391][INFO][clas_trainer:133] - train epoch: 15 [67008/134300 (50%)], lr: ['1.00e-04', '1.00e-04'], loss: 0.001516
[2024-10-02 14:08:16,745][INFO][clas_trainer:133] - train epoch: 15 [80416/134300 (60%)], lr: ['1.00e-04', '1.00e-04'], loss: 0.000576
[2024-10-02 14:09:29,477][INFO][clas_trainer:133] - train epoch: 15 [93824/134300 (70%)], lr: ['1.00e-04', '1.00e-04'], loss: 0.001427
[2024-10-02 14:10:44,048][INFO][clas_trainer:133] - train epoch: 15 [107232/134300 (80%)], lr: ['1.00e-04', '1.00e-04'], loss: 0.000761
[2024-10-02 14:11:51,368][INFO][clas_trainer:133] - train epoch: 15 [120640/134300 (90%)], lr: ['1.00e-04', '1.00e-04'], loss: 0.000633
[2024-10-02 14:13:01,960][INFO][clas_trainer:133] - train epoch: 15 [134048/134300 (100%)], lr: ['1.00e-04', '1.00e-04'], loss: 0.002302
[2024-10-02 14:14:51,571][INFO][clas_trainer:63] - [epoch  15] execution time: 815.20s	metrics:
[2024-10-02 14:14:51,572][INFO][clas_evaluator:132] - dataset: earlystopping, avg f1-score: 0.6282
[2024-10-02 14:16:02,098][INFO][clas_trainer:133] - train epoch: 16 [13376/134300 (10%)], lr: ['1.00e-04', '1.00e-04'], loss: 0.000629
[2024-10-02 14:17:11,098][INFO][clas_trainer:133] - train epoch: 16 [26784/134300 (20%)], lr: ['1.00e-04', '1.00e-04'], loss: 0.000427
[2024-10-02 14:18:20,775][INFO][clas_trainer:133] - train epoch: 16 [40192/134300 (30%)], lr: ['1.00e-04', '1.00e-04'], loss: 0.004767
[2024-10-02 14:19:24,100][INFO][clas_trainer:133] - train epoch: 16 [53600/134300 (40%)], lr: ['1.00e-04', '1.00e-04'], loss: 0.000783
[2024-10-02 14:20:29,223][INFO][clas_trainer:133] - train epoch: 16 [67008/134300 (50%)], lr: ['1.00e-04', '1.00e-04'], loss: 0.004247
[2024-10-02 14:21:35,019][INFO][clas_trainer:133] - train epoch: 16 [80416/134300 (60%)], lr: ['1.00e-04', '1.00e-04'], loss: 0.000804
[2024-10-02 14:22:41,542][INFO][clas_trainer:133] - train epoch: 16 [93824/134300 (70%)], lr: ['1.00e-04', '1.00e-04'], loss: 0.007233
[2024-10-02 14:23:50,706][INFO][clas_trainer:133] - train epoch: 16 [107232/134300 (80%)], lr: ['1.00e-04', '1.00e-04'], loss: 0.000845
[2024-10-02 14:24:56,479][INFO][clas_trainer:133] - train epoch: 16 [120640/134300 (90%)], lr: ['1.00e-04', '1.00e-04'], loss: 0.000747
[2024-10-02 14:26:06,478][INFO][clas_trainer:133] - train epoch: 16 [134048/134300 (100%)], lr: ['1.00e-04', '1.00e-04'], loss: 0.001131
[2024-10-02 14:27:57,051][INFO][clas_trainer:63] - [epoch  16] execution time: 785.48s	metrics:
[2024-10-02 14:27:57,052][INFO][clas_evaluator:132] - dataset: earlystopping, avg f1-score: 0.6343
[2024-10-02 14:29:04,791][INFO][clas_trainer:133] - train epoch: 17 [13376/134300 (10%)], lr: ['1.00e-04', '1.00e-04'], loss: 0.001054
[2024-10-02 14:30:12,194][INFO][clas_trainer:133] - train epoch: 17 [26784/134300 (20%)], lr: ['1.00e-04', '1.00e-04'], loss: 0.001364
[2024-10-02 14:31:19,258][INFO][clas_trainer:133] - train epoch: 17 [40192/134300 (30%)], lr: ['1.00e-04', '1.00e-04'], loss: 0.001080
[2024-10-02 14:32:30,577][INFO][clas_trainer:133] - train epoch: 17 [53600/134300 (40%)], lr: ['1.00e-04', '1.00e-04'], loss: 0.001281
[2024-10-02 14:33:38,336][INFO][clas_trainer:133] - train epoch: 17 [67008/134300 (50%)], lr: ['1.00e-04', '1.00e-04'], loss: 0.001011
[2024-10-02 14:34:50,436][INFO][clas_trainer:133] - train epoch: 17 [80416/134300 (60%)], lr: ['1.00e-04', '1.00e-04'], loss: 0.000826
[2024-10-02 14:36:03,656][INFO][clas_trainer:133] - train epoch: 17 [93824/134300 (70%)], lr: ['1.00e-04', '1.00e-04'], loss: 0.000877
[2024-10-02 14:37:19,127][INFO][clas_trainer:133] - train epoch: 17 [107232/134300 (80%)], lr: ['1.00e-04', '1.00e-04'], loss: 0.000743
[2024-10-02 14:38:32,280][INFO][clas_trainer:133] - train epoch: 17 [120640/134300 (90%)], lr: ['1.00e-04', '1.00e-04'], loss: 0.001155
[2024-10-02 14:39:44,909][INFO][clas_trainer:133] - train epoch: 17 [134048/134300 (100%)], lr: ['1.00e-04', '1.00e-04'], loss: 0.001033
[2024-10-02 14:41:42,709][INFO][clas_trainer:63] - [epoch  17] execution time: 825.66s	metrics:
[2024-10-02 14:41:42,710][INFO][clas_evaluator:132] - dataset: earlystopping, avg f1-score: 0.6205
[2024-10-02 14:41:42,718][INFO][clas_trainer:79] - finished training
[2024-10-02 14:41:42,718][INFO][clas_trainer:80] - best model on epoch: 7 	f1-score: 0.6453
