[2024-09-20 22:21:15,047][INFO][fine-tune:25] - Using GPU 1
[2024-09-20 22:21:15,053][INFO][fine-tune:35] - overrides:
hydra:
- hydra.launcher.n_jobs=15
- hydra.mode=MULTIRUN
task:
- m_seed_path_sids={seeds:[4,4,4,4,4],path:"exp005b-m4-simple_multi_class-2024-09-20_13-57-42-final.pth",subject_ids:{sleepedfx:$\{data.sleepedfx.cv_5_fold.fold_5\}}}
- data.downstream.train_dataloader.dataset.data_reducer.n_epochs=50
- data.downstream.train_dataloader.dataset.data_reducer.n_subjects=2
- general.gpus=[0,1]

[2024-09-20 22:21:27,221][INFO][data_loaders:39] - class distribution before data reduction:
# samples per subject
SC4001E0: 841
SC4002E0: 1127
SC4031E0: 952
SC4032E0: 911
SC4041E0: 1235
SC4042E0: 1200
SC4051E0: 672
SC4052E0: 1246
SC4061E0: 843
SC4062E0: 1016
SC4091E0: 1132
SC4092E0: 1105
SC4101E0: 1104
SC4102E0: 1092
SC4131E0: 1028
SC4161E0: 1144
SC4162E0: 1003
SC4171E0: 1002
SC4172E0: 1773
SC4181E0: 964
SC4182E0: 920
SC4191E0: 1535
SC4192E0: 1274
SC4201E0: 1022
SC4202E0: 1021
SC4211E0: 1578
SC4212E0: 808
SC4231E0: 904
SC4232E0: 1729
SC4241E0: 1673
SC4242E0: 1775
SC4251E0: 972
SC4252E0: 1020
SC4261F0: 1597
SC4262F0: 980
SC4271F0: 1052
SC4272F0: 1090
SC4281G0: 1127
SC4282G0: 1070
SC4301E0: 929
SC4302E0: 854
SC4311E0: 1054
SC4312E0: 1181
SC4341F0: 1501
SC4342F0: 1582
SC4351F0: 976
SC4352F0: 963
SC4362F0: 824
SC4371F0: 918
SC4372F0: 1509
SC4381F0: 1776
SC4382F0: 1871
SC4411E0: 1078
SC4412E0: 924
SC4431E0: 699
SC4432E0: 962
SC4441E0: 1195
SC4442E0: 1092
SC4451F0: 1208
SC4452F0: 1166
SC4471F0: 1187
SC4472F0: 2161
SC4481F0: 2027
SC4482F0: 1910
SC4501E0: 1326
SC4502E0: 1103
SC4511E0: 1087
SC4512E0: 954
SC4531E0: 1096
SC4532E0: 1056
SC4541F0: 1716
SC4542F0: 1148
SC4551F0: 1047
SC4552F0: 1090
SC4571F0: 1236
SC4572F0: 1095
SC4581G0: 1095
SC4582G0: 1175
SC4591G0: 1840
SC4592G0: 1231
SC4601E0: 1349
SC4602E0: 2043
SC4611E0: 1652
SC4612E0: 1062
SC4631E0: 1063
SC4632E0: 1107
SC4641E0: 1271
SC4642E0: 2049
SC4651E0: 2644
SC4652E0: 1929
SC4661E0: 2026
SC4662E0: 1994
SC4671G0: 1968
SC4672G0: 1021
SC4711E0: 1413
SC4712E0: 1241
SC4721E0: 1031
SC4722E0: 1130
SC4731E0: 2667
SC4732E0: 2318
SC4741E0: 2210
SC4742E0: 1063
SC4751E0: 2044
SC4752E0: 1049
SC4801G0: 1241
SC4802G0: 1229
SC4821G0: 1704
SC4822G0: 1366

# samples per stage
0: 48433
1: 15210
2: 49564
3: 9064
4: 17992
[2024-09-20 22:21:28,047][INFO][data_loaders:43] - class distribution after data reduction:
# samples per subject
SC4481F0: 84150
SC4722E0: 56100

# samples per stage
0: 47685
1: 22440
2: 56100
4: 14025
[2024-09-20 22:21:28,072][INFO][base_pretraining_fe:55] - Loading model from exp005b-m4-simple_multi_class-2024-09-20_13-57-42-final.pth
[2024-09-20 22:21:39,573][INFO][data_loaders:39] - class distribution before data reduction:
# samples per subject
SC4071E0: 976
SC4072E0: 1273
SC4111E0: 928
SC4112E0: 802
SC4291G0: 1131
SC4292G0: 1605
SC4331F0: 1888
SC4332F0: 1312
SC4401E0: 1064
SC4402E0: 1072
SC4421E0: 785
SC4422E0: 884
SC4461F0: 983
SC4462F0: 1022
SC4811G0: 1293
SC4812G0: 1183

# samples per stage
0: 5392
1: 1727
2: 6842
3: 1558
4: 2682
[2024-09-20 22:21:39,625][INFO][data_loaders:43] - class distribution after data reduction:
# samples per subject
SC4071E0: 976
SC4072E0: 1273
SC4111E0: 928
SC4112E0: 802
SC4291G0: 1131
SC4292G0: 1605
SC4331F0: 1888
SC4332F0: 1312
SC4401E0: 1064
SC4402E0: 1072
SC4421E0: 785
SC4422E0: 884
SC4461F0: 983
SC4462F0: 1022
SC4811G0: 1293
SC4812G0: 1183

# samples per stage
0: 5392
1: 1727
2: 6842
3: 1558
4: 2682
[2024-09-20 22:21:42,702][INFO][clas_trainer:49] - metrics before training (epoch 0):
[2024-09-20 22:22:48,690][INFO][clas_evaluator:99] - dataset: earlystopping, avg f1-score: 0.1729
[2024-09-20 22:23:39,437][INFO][clas_trainer:133] - train epoch: 1 [13984/140250 (10%)], lr: ['1.00e-04'], loss: 0.011063
[2024-09-20 22:24:28,863][INFO][clas_trainer:133] - train epoch: 1 [28000/140250 (20%)], lr: ['1.00e-04'], loss: 0.000272
[2024-09-20 22:25:17,250][INFO][clas_trainer:133] - train epoch: 1 [42016/140250 (30%)], lr: ['1.00e-04'], loss: 0.003893
[2024-09-20 22:26:06,057][INFO][clas_trainer:133] - train epoch: 1 [56032/140250 (40%)], lr: ['1.00e-04'], loss: 0.000074
[2024-09-20 22:26:55,422][INFO][clas_trainer:133] - train epoch: 1 [70048/140250 (50%)], lr: ['1.00e-04'], loss: 0.000401
[2024-09-20 22:27:44,398][INFO][clas_trainer:133] - train epoch: 1 [84064/140250 (60%)], lr: ['1.00e-04'], loss: 0.019079
[2024-09-20 22:28:33,270][INFO][clas_trainer:133] - train epoch: 1 [98080/140250 (70%)], lr: ['1.00e-04'], loss: 0.000196
[2024-09-20 22:29:21,674][INFO][clas_trainer:133] - train epoch: 1 [112096/140250 (80%)], lr: ['1.00e-04'], loss: 0.000218
[2024-09-20 22:30:10,380][INFO][clas_trainer:133] - train epoch: 1 [126112/140250 (90%)], lr: ['1.00e-04'], loss: 0.000133
[2024-09-20 22:30:59,181][INFO][clas_trainer:133] - train epoch: 1 [140128/140250 (100%)], lr: ['1.00e-04'], loss: 0.000223
[2024-09-20 22:32:06,926][INFO][clas_trainer:63] - [epoch   1] execution time: 558.24s	metrics:
[2024-09-20 22:32:06,927][INFO][clas_evaluator:99] - dataset: earlystopping, avg f1-score: 0.3952
[2024-09-20 22:32:06,951][INFO][base_model:51] - snapshot saved to XXX/frequency-pretraining/models/exp005b-m13-base_fe_clas-2024-09-20_22-20-56-final.pth
[2024-09-20 22:32:57,207][INFO][clas_trainer:133] - train epoch: 2 [13984/140250 (10%)], lr: ['1.00e-04'], loss: 0.000178
[2024-09-20 22:33:47,199][INFO][clas_trainer:133] - train epoch: 2 [28000/140250 (20%)], lr: ['1.00e-04'], loss: 0.000998
[2024-09-20 22:34:36,252][INFO][clas_trainer:133] - train epoch: 2 [42016/140250 (30%)], lr: ['1.00e-04'], loss: 0.000948
[2024-09-20 22:35:25,105][INFO][clas_trainer:133] - train epoch: 2 [56032/140250 (40%)], lr: ['1.00e-04'], loss: 0.000066
[2024-09-20 22:36:14,074][INFO][clas_trainer:133] - train epoch: 2 [70048/140250 (50%)], lr: ['1.00e-04'], loss: 0.000470
[2024-09-20 22:37:02,772][INFO][clas_trainer:133] - train epoch: 2 [84064/140250 (60%)], lr: ['1.00e-04'], loss: 0.000216
[2024-09-20 22:37:51,173][INFO][clas_trainer:133] - train epoch: 2 [98080/140250 (70%)], lr: ['1.00e-04'], loss: 0.000157
[2024-09-20 22:38:39,532][INFO][clas_trainer:133] - train epoch: 2 [112096/140250 (80%)], lr: ['1.00e-04'], loss: 0.000104
[2024-09-20 22:39:28,116][INFO][clas_trainer:133] - train epoch: 2 [126112/140250 (90%)], lr: ['1.00e-04'], loss: 0.000090
[2024-09-20 22:40:16,707][INFO][clas_trainer:133] - train epoch: 2 [140128/140250 (100%)], lr: ['1.00e-04'], loss: 0.000374
[2024-09-20 22:41:24,350][INFO][clas_trainer:63] - [epoch   2] execution time: 557.40s	metrics:
[2024-09-20 22:41:24,350][INFO][clas_evaluator:99] - dataset: earlystopping, avg f1-score: 0.3877
[2024-09-20 22:42:13,660][INFO][clas_trainer:133] - train epoch: 3 [13984/140250 (10%)], lr: ['1.00e-04'], loss: 0.000093
[2024-09-20 22:43:02,929][INFO][clas_trainer:133] - train epoch: 3 [28000/140250 (20%)], lr: ['1.00e-04'], loss: 0.000514
[2024-09-20 22:43:50,677][INFO][clas_trainer:133] - train epoch: 3 [42016/140250 (30%)], lr: ['1.00e-04'], loss: 0.000443
[2024-09-20 22:44:39,000][INFO][clas_trainer:133] - train epoch: 3 [56032/140250 (40%)], lr: ['1.00e-04'], loss: 0.000203
[2024-09-20 22:45:27,493][INFO][clas_trainer:133] - train epoch: 3 [70048/140250 (50%)], lr: ['1.00e-04'], loss: 0.000407
[2024-09-20 22:46:16,498][INFO][clas_trainer:133] - train epoch: 3 [84064/140250 (60%)], lr: ['1.00e-04'], loss: 0.000280
[2024-09-20 22:47:04,974][INFO][clas_trainer:133] - train epoch: 3 [98080/140250 (70%)], lr: ['1.00e-04'], loss: 0.000241
[2024-09-20 22:47:54,272][INFO][clas_trainer:133] - train epoch: 3 [112096/140250 (80%)], lr: ['1.00e-04'], loss: 0.000144
[2024-09-20 22:48:43,385][INFO][clas_trainer:133] - train epoch: 3 [126112/140250 (90%)], lr: ['1.00e-04'], loss: 0.000486
[2024-09-20 22:49:32,086][INFO][clas_trainer:133] - train epoch: 3 [140128/140250 (100%)], lr: ['1.00e-04'], loss: 0.000478
[2024-09-20 22:50:39,459][INFO][clas_trainer:63] - [epoch   3] execution time: 555.11s	metrics:
[2024-09-20 22:50:39,459][INFO][clas_evaluator:99] - dataset: earlystopping, avg f1-score: 0.3833
[2024-09-20 22:51:28,530][INFO][clas_trainer:133] - train epoch: 4 [13984/140250 (10%)], lr: ['1.00e-04'], loss: 0.000536
[2024-09-20 22:52:17,296][INFO][clas_trainer:133] - train epoch: 4 [28000/140250 (20%)], lr: ['1.00e-04'], loss: 0.000420
[2024-09-20 22:53:05,444][INFO][clas_trainer:133] - train epoch: 4 [42016/140250 (30%)], lr: ['1.00e-04'], loss: 0.000383
[2024-09-20 22:53:53,371][INFO][clas_trainer:133] - train epoch: 4 [56032/140250 (40%)], lr: ['1.00e-04'], loss: 0.000721
[2024-09-20 22:54:41,039][INFO][clas_trainer:133] - train epoch: 4 [70048/140250 (50%)], lr: ['1.00e-04'], loss: 0.001383
[2024-09-20 22:55:28,612][INFO][clas_trainer:133] - train epoch: 4 [84064/140250 (60%)], lr: ['1.00e-04'], loss: 0.000992
[2024-09-20 22:56:16,762][INFO][clas_trainer:133] - train epoch: 4 [98080/140250 (70%)], lr: ['1.00e-04'], loss: 0.000550
[2024-09-20 22:57:04,579][INFO][clas_trainer:133] - train epoch: 4 [112096/140250 (80%)], lr: ['1.00e-04'], loss: 0.000871
[2024-09-20 22:57:52,807][INFO][clas_trainer:133] - train epoch: 4 [126112/140250 (90%)], lr: ['1.00e-04'], loss: 0.000730
[2024-09-20 22:58:41,033][INFO][clas_trainer:133] - train epoch: 4 [140128/140250 (100%)], lr: ['1.00e-04'], loss: 0.000608
[2024-09-20 22:59:46,835][INFO][clas_trainer:63] - [epoch   4] execution time: 547.38s	metrics:
[2024-09-20 22:59:46,835][INFO][clas_evaluator:99] - dataset: earlystopping, avg f1-score: 0.3428
[2024-09-20 23:00:36,015][INFO][clas_trainer:133] - train epoch: 5 [13984/140250 (10%)], lr: ['1.00e-04'], loss: 0.000689
[2024-09-20 23:01:23,909][INFO][clas_trainer:133] - train epoch: 5 [28000/140250 (20%)], lr: ['1.00e-04'], loss: 0.000669
[2024-09-20 23:02:10,041][INFO][clas_trainer:133] - train epoch: 5 [42016/140250 (30%)], lr: ['1.00e-04'], loss: 0.000676
[2024-09-20 23:02:57,896][INFO][clas_trainer:133] - train epoch: 5 [56032/140250 (40%)], lr: ['1.00e-04'], loss: 0.000515
[2024-09-20 23:03:45,136][INFO][clas_trainer:133] - train epoch: 5 [70048/140250 (50%)], lr: ['1.00e-04'], loss: 0.000502
[2024-09-20 23:04:32,374][INFO][clas_trainer:133] - train epoch: 5 [84064/140250 (60%)], lr: ['1.00e-04'], loss: 0.000727
[2024-09-20 23:05:19,034][INFO][clas_trainer:133] - train epoch: 5 [98080/140250 (70%)], lr: ['1.00e-04'], loss: 0.000482
[2024-09-20 23:06:05,832][INFO][clas_trainer:133] - train epoch: 5 [112096/140250 (80%)], lr: ['1.00e-04'], loss: 0.000830
[2024-09-20 23:06:52,175][INFO][clas_trainer:133] - train epoch: 5 [126112/140250 (90%)], lr: ['1.00e-04'], loss: 0.000733
[2024-09-20 23:07:39,145][INFO][clas_trainer:133] - train epoch: 5 [140128/140250 (100%)], lr: ['1.00e-04'], loss: 0.000638
[2024-09-20 23:08:44,183][INFO][clas_trainer:63] - [epoch   5] execution time: 537.35s	metrics:
[2024-09-20 23:08:44,184][INFO][clas_evaluator:99] - dataset: earlystopping, avg f1-score: 0.3292
[2024-09-20 23:09:32,040][INFO][clas_trainer:133] - train epoch: 6 [13984/140250 (10%)], lr: ['1.00e-04'], loss: 0.000815
[2024-09-20 23:10:17,842][INFO][clas_trainer:133] - train epoch: 6 [28000/140250 (20%)], lr: ['1.00e-04'], loss: 0.000948
[2024-09-20 23:11:03,877][INFO][clas_trainer:133] - train epoch: 6 [42016/140250 (30%)], lr: ['1.00e-04'], loss: 0.001973
[2024-09-20 23:11:48,951][INFO][clas_trainer:133] - train epoch: 6 [56032/140250 (40%)], lr: ['1.00e-04'], loss: 0.001217
[2024-09-20 23:12:33,338][INFO][clas_trainer:133] - train epoch: 6 [70048/140250 (50%)], lr: ['1.00e-04'], loss: 0.000292
[2024-09-20 23:13:18,380][INFO][clas_trainer:133] - train epoch: 6 [84064/140250 (60%)], lr: ['1.00e-04'], loss: 0.001079
[2024-09-20 23:14:03,469][INFO][clas_trainer:133] - train epoch: 6 [98080/140250 (70%)], lr: ['1.00e-04'], loss: 0.000570
[2024-09-20 23:14:48,375][INFO][clas_trainer:133] - train epoch: 6 [112096/140250 (80%)], lr: ['1.00e-04'], loss: 0.000522
[2024-09-20 23:15:33,092][INFO][clas_trainer:133] - train epoch: 6 [126112/140250 (90%)], lr: ['1.00e-04'], loss: 0.000959
[2024-09-20 23:16:17,081][INFO][clas_trainer:133] - train epoch: 6 [140128/140250 (100%)], lr: ['1.00e-04'], loss: 0.001183
[2024-09-20 23:17:20,311][INFO][clas_trainer:63] - [epoch   6] execution time: 516.13s	metrics:
[2024-09-20 23:17:20,312][INFO][clas_evaluator:99] - dataset: earlystopping, avg f1-score: 0.3184
[2024-09-20 23:18:06,871][INFO][clas_trainer:133] - train epoch: 7 [13984/140250 (10%)], lr: ['1.00e-04'], loss: 0.000765
[2024-09-20 23:18:51,313][INFO][clas_trainer:133] - train epoch: 7 [28000/140250 (20%)], lr: ['1.00e-04'], loss: 0.000686
[2024-09-20 23:19:35,755][INFO][clas_trainer:133] - train epoch: 7 [42016/140250 (30%)], lr: ['1.00e-04'], loss: 0.000501
[2024-09-20 23:20:20,347][INFO][clas_trainer:133] - train epoch: 7 [56032/140250 (40%)], lr: ['1.00e-04'], loss: 0.001017
[2024-09-20 23:21:04,788][INFO][clas_trainer:133] - train epoch: 7 [70048/140250 (50%)], lr: ['1.00e-04'], loss: 0.000839
[2024-09-20 23:21:48,878][INFO][clas_trainer:133] - train epoch: 7 [84064/140250 (60%)], lr: ['1.00e-04'], loss: 0.001106
[2024-09-20 23:22:31,885][INFO][clas_trainer:133] - train epoch: 7 [98080/140250 (70%)], lr: ['1.00e-04'], loss: 0.000582
[2024-09-20 23:23:15,771][INFO][clas_trainer:133] - train epoch: 7 [112096/140250 (80%)], lr: ['1.00e-04'], loss: 0.000697
[2024-09-20 23:23:59,840][INFO][clas_trainer:133] - train epoch: 7 [126112/140250 (90%)], lr: ['1.00e-04'], loss: 0.000636
[2024-09-20 23:24:43,630][INFO][clas_trainer:133] - train epoch: 7 [140128/140250 (100%)], lr: ['1.00e-04'], loss: 0.001080
[2024-09-20 23:25:43,361][INFO][clas_trainer:63] - [epoch   7] execution time: 503.05s	metrics:
[2024-09-20 23:25:43,361][INFO][clas_evaluator:99] - dataset: earlystopping, avg f1-score: 0.3157
[2024-09-20 23:26:28,618][INFO][clas_trainer:133] - train epoch: 8 [13984/140250 (10%)], lr: ['1.00e-04'], loss: 0.000832
[2024-09-20 23:27:12,568][INFO][clas_trainer:133] - train epoch: 8 [28000/140250 (20%)], lr: ['1.00e-04'], loss: 0.000619
[2024-09-20 23:27:55,083][INFO][clas_trainer:133] - train epoch: 8 [42016/140250 (30%)], lr: ['1.00e-04'], loss: 0.000742
[2024-09-20 23:28:38,140][INFO][clas_trainer:133] - train epoch: 8 [56032/140250 (40%)], lr: ['1.00e-04'], loss: 0.000641
[2024-09-20 23:29:21,815][INFO][clas_trainer:133] - train epoch: 8 [70048/140250 (50%)], lr: ['1.00e-04'], loss: 0.000902
[2024-09-20 23:30:05,533][INFO][clas_trainer:133] - train epoch: 8 [84064/140250 (60%)], lr: ['1.00e-04'], loss: 0.000767
[2024-09-20 23:30:49,038][INFO][clas_trainer:133] - train epoch: 8 [98080/140250 (70%)], lr: ['1.00e-04'], loss: 0.000957
[2024-09-20 23:31:32,277][INFO][clas_trainer:133] - train epoch: 8 [112096/140250 (80%)], lr: ['1.00e-04'], loss: 0.001162
[2024-09-20 23:32:15,999][INFO][clas_trainer:133] - train epoch: 8 [126112/140250 (90%)], lr: ['1.00e-04'], loss: 0.001041
[2024-09-20 23:33:00,325][INFO][clas_trainer:133] - train epoch: 8 [140128/140250 (100%)], lr: ['1.00e-04'], loss: 0.000535
[2024-09-20 23:34:00,252][INFO][clas_trainer:63] - [epoch   8] execution time: 496.89s	metrics:
[2024-09-20 23:34:00,253][INFO][clas_evaluator:99] - dataset: earlystopping, avg f1-score: 0.3199
[2024-09-20 23:34:44,891][INFO][clas_trainer:133] - train epoch: 9 [13984/140250 (10%)], lr: ['1.00e-04'], loss: 0.000323
[2024-09-20 23:35:27,448][INFO][clas_trainer:133] - train epoch: 9 [28000/140250 (20%)], lr: ['1.00e-04'], loss: 0.000411
[2024-09-20 23:36:10,768][INFO][clas_trainer:133] - train epoch: 9 [42016/140250 (30%)], lr: ['1.00e-04'], loss: 0.000395
[2024-09-20 23:36:53,708][INFO][clas_trainer:133] - train epoch: 9 [56032/140250 (40%)], lr: ['1.00e-04'], loss: 0.000604
[2024-09-20 23:37:35,782][INFO][clas_trainer:133] - train epoch: 9 [70048/140250 (50%)], lr: ['1.00e-04'], loss: 0.000737
[2024-09-20 23:38:17,750][INFO][clas_trainer:133] - train epoch: 9 [84064/140250 (60%)], lr: ['1.00e-04'], loss: 0.001016
[2024-09-20 23:39:00,070][INFO][clas_trainer:133] - train epoch: 9 [98080/140250 (70%)], lr: ['1.00e-04'], loss: 0.000673
[2024-09-20 23:39:42,314][INFO][clas_trainer:133] - train epoch: 9 [112096/140250 (80%)], lr: ['1.00e-04'], loss: 0.000371
[2024-09-20 23:40:23,764][INFO][clas_trainer:133] - train epoch: 9 [126112/140250 (90%)], lr: ['1.00e-04'], loss: 0.000402
[2024-09-20 23:41:03,984][INFO][clas_trainer:133] - train epoch: 9 [140128/140250 (100%)], lr: ['1.00e-04'], loss: 0.000482
[2024-09-20 23:42:00,364][INFO][clas_trainer:63] - [epoch   9] execution time: 480.11s	metrics:
[2024-09-20 23:42:00,365][INFO][clas_evaluator:99] - dataset: earlystopping, avg f1-score: 0.3207
[2024-09-20 23:42:41,306][INFO][clas_trainer:133] - train epoch: 10 [13984/140250 (10%)], lr: ['1.00e-04'], loss: 0.000798
[2024-09-20 23:43:20,052][INFO][clas_trainer:133] - train epoch: 10 [28000/140250 (20%)], lr: ['1.00e-04'], loss: 0.000639
[2024-09-20 23:43:59,034][INFO][clas_trainer:133] - train epoch: 10 [42016/140250 (30%)], lr: ['1.00e-04'], loss: 0.000434
[2024-09-20 23:44:38,672][INFO][clas_trainer:133] - train epoch: 10 [56032/140250 (40%)], lr: ['1.00e-04'], loss: 0.000838
[2024-09-20 23:45:17,639][INFO][clas_trainer:133] - train epoch: 10 [70048/140250 (50%)], lr: ['1.00e-04'], loss: 0.000607
[2024-09-20 23:45:56,441][INFO][clas_trainer:133] - train epoch: 10 [84064/140250 (60%)], lr: ['1.00e-04'], loss: 0.000630
[2024-09-20 23:46:35,250][INFO][clas_trainer:133] - train epoch: 10 [98080/140250 (70%)], lr: ['1.00e-04'], loss: 0.000667
[2024-09-20 23:47:14,298][INFO][clas_trainer:133] - train epoch: 10 [112096/140250 (80%)], lr: ['1.00e-04'], loss: 0.000620
[2024-09-20 23:47:54,329][INFO][clas_trainer:133] - train epoch: 10 [126112/140250 (90%)], lr: ['1.00e-04'], loss: 0.001114
[2024-09-20 23:48:33,811][INFO][clas_trainer:133] - train epoch: 10 [140128/140250 (100%)], lr: ['1.00e-04'], loss: 0.000961
[2024-09-20 23:49:27,396][INFO][clas_trainer:63] - [epoch  10] execution time: 447.03s	metrics:
[2024-09-20 23:49:27,396][INFO][clas_evaluator:99] - dataset: earlystopping, avg f1-score: 0.3161
[2024-09-20 23:50:06,237][INFO][clas_trainer:133] - train epoch: 11 [13984/140250 (10%)], lr: ['1.00e-04'], loss: 0.000886
[2024-09-20 23:50:44,847][INFO][clas_trainer:133] - train epoch: 11 [28000/140250 (20%)], lr: ['1.00e-04'], loss: 0.000780
[2024-09-20 23:51:22,943][INFO][clas_trainer:133] - train epoch: 11 [42016/140250 (30%)], lr: ['1.00e-04'], loss: 0.001237
[2024-09-20 23:52:01,538][INFO][clas_trainer:133] - train epoch: 11 [56032/140250 (40%)], lr: ['1.00e-04'], loss: 0.000380
[2024-09-20 23:52:39,869][INFO][clas_trainer:133] - train epoch: 11 [70048/140250 (50%)], lr: ['1.00e-04'], loss: 0.000782
[2024-09-20 23:53:19,417][INFO][clas_trainer:133] - train epoch: 11 [84064/140250 (60%)], lr: ['1.00e-04'], loss: 0.000316
[2024-09-20 23:53:59,025][INFO][clas_trainer:133] - train epoch: 11 [98080/140250 (70%)], lr: ['1.00e-04'], loss: 0.000298
[2024-09-20 23:54:38,376][INFO][clas_trainer:133] - train epoch: 11 [112096/140250 (80%)], lr: ['1.00e-04'], loss: 0.000576
[2024-09-20 23:55:17,692][INFO][clas_trainer:133] - train epoch: 11 [126112/140250 (90%)], lr: ['1.00e-04'], loss: 0.000539
[2024-09-20 23:55:54,321][INFO][clas_trainer:133] - train epoch: 11 [140128/140250 (100%)], lr: ['1.00e-04'], loss: 0.000786
[2024-09-20 23:56:44,453][INFO][clas_trainer:63] - [epoch  11] execution time: 437.06s	metrics:
[2024-09-20 23:56:44,453][INFO][clas_evaluator:99] - dataset: earlystopping, avg f1-score: 0.3222
[2024-09-20 23:56:44,458][INFO][clas_trainer:79] - finished training
[2024-09-20 23:56:44,458][INFO][clas_trainer:80] - best model on epoch: 1 	f1-score: 0.3952
