[2024-10-04 04:41:19,535][INFO][fine-tune:25] - Using GPU 6
[2024-10-04 04:41:19,541][INFO][fine-tune:35] - overrides:
hydra:
- hydra.launcher.n_jobs=40
- hydra.mode=MULTIRUN
task:
- m_seed_path_sids={seeds:[9,9,9,9,9],path:"exp006b-m9-simple_multi_class-2024-09-20_13-58-02-final.pth",subject_ids:{isruc:$\{data.isruc.cv_5_fold.fold_5\}}}
- data.downstream.train_dataloader.dataset.data_reducer.n_epochs=50
- data.downstream.train_dataloader.dataset.data_reducer.n_subjects=5
- general.gpus=[4,5,6,7]

[2024-10-04 04:41:28,178][INFO][data_loaders:39] - class distribution before data reduction:
# samples per subject
sg1-10-1: 842
sg1-11-1: 997
sg1-14-1: 906
sg1-15-1: 786
sg1-18-1: 999
sg1-19-1: 828
sg1-2-1: 964
sg1-20-1: 950
sg1-22-1: 849
sg1-23-1: 892
sg1-25-1: 921
sg1-26-1: 1062
sg1-27-1: 918
sg1-28-1: 882
sg1-29-1: 912
sg1-3-1: 943
sg1-31-1: 877
sg1-32-1: 1010
sg1-33-1: 920
sg1-34-1: 871
sg1-39-1: 900
sg1-40-1: 875
sg1-43-1: 747
sg1-44-1: 932
sg1-46-1: 863
sg1-47-1: 838
sg1-48-1: 981
sg1-49-1: 793
sg1-5-1: 875
sg1-51-1: 856
sg1-52-1: 912
sg1-53-1: 910
sg1-54-1: 814
sg1-56-1: 956
sg1-58-1: 965
sg1-59-1: 942
sg1-6-1: 897
sg1-60-1: 916
sg1-61-1: 852
sg1-62-1: 864
sg1-63-1: 954
sg1-64-1: 892
sg1-66-1: 845
sg1-68-1: 956
sg1-69-1: 815
sg1-7-1: 933
sg1-71-1: 829
sg1-72-1: 872
sg1-73-1: 997
sg1-74-1: 897
sg1-75-1: 898
sg1-76-1: 850
sg1-77-1: 805
sg1-78-1: 894
sg1-80-1: 889
sg1-81-1: 911
sg1-82-1: 882
sg1-83-1: 925
sg1-86-1: 964
sg1-88-1: 1002
sg1-89-1: 1036
sg1-9-1: 969
sg1-90-1: 933
sg1-92-1: 877
sg1-93-1: 870
sg1-94-1: 846
sg1-95-1: 865
sg1-96-1: 858
sg1-97-1: 912
sg1-98-1: 899
sg2-1-1: 933
sg2-1-2: 787
sg2-2-1: 851
sg2-2-2: 869
sg2-4-1: 932
sg2-4-2: 899
sg2-5-1: 815
sg2-5-2: 879
sg2-6-1: 965
sg2-6-2: 1014
sg2-7-1: 942
sg2-7-2: 899
sg2-8-1: 815
sg2-8-2: 923
sg3-1-1: 954
sg3-10-1: 796
sg3-2-1: 941
sg3-3-1: 824
sg3-4-1: 794
sg3-5-1: 944
sg3-6-1: 853
sg3-9-1: 969

# samples per stage
0: 18268
1: 11319
2: 26640
3: 15950
4: 10513
[2024-10-04 04:41:28,748][INFO][data_loaders:43] - class distribution after data reduction:
# samples per subject
sg1-15-1: 14877
sg1-34-1: 18183
sg1-56-1: 26448
sg1-62-1: 8265
sg2-2-1: 14877

# samples per stage
0: 21489
1: 8265
2: 31407
3: 9918
4: 11571
[2024-10-04 04:41:28,777][INFO][base_pretraining_fe:55] - Loading model from exp006b-m9-simple_multi_class-2024-09-20_13-58-02-final.pth
[2024-10-04 04:41:29,363][INFO][data_loaders:39] - class distribution before data reduction:
# samples per subject
sg1-21-1: 1054
sg1-24-1: 830
sg1-30-1: 882
sg1-4-1: 963
sg1-41-1: 974
sg1-55-1: 879
sg1-79-1: 880
sg1-87-1: 926

# samples per stage
0: 1418
1: 795
2: 2616
3: 1318
4: 1241
[2024-10-04 04:41:29,383][INFO][data_loaders:43] - class distribution after data reduction:
# samples per subject
sg1-21-1: 1054
sg1-24-1: 830
sg1-30-1: 882
sg1-4-1: 963
sg1-41-1: 974
sg1-55-1: 879
sg1-79-1: 880
sg1-87-1: 926

# samples per stage
0: 1418
1: 795
2: 2616
3: 1318
4: 1241
[2024-10-04 04:41:29,412][INFO][clas_trainer:49] - metrics before training (epoch 0):
[2024-10-04 04:42:15,970][INFO][clas_evaluator:132] - dataset: earlystopping, avg f1-score: 0.1468
[2024-10-04 04:43:03,793][INFO][clas_trainer:133] - train epoch: 1 [8224/82650 (10%)], lr: ['1.00e-04', '1.00e-04'], loss: 0.124723
[2024-10-04 04:43:49,209][INFO][clas_trainer:133] - train epoch: 1 [16480/82650 (20%)], lr: ['1.00e-04', '1.00e-04'], loss: 0.180428
[2024-10-04 04:44:35,354][INFO][clas_trainer:133] - train epoch: 1 [24736/82650 (30%)], lr: ['1.00e-04', '1.00e-04'], loss: 0.052615
[2024-10-04 04:45:22,967][INFO][clas_trainer:133] - train epoch: 1 [32992/82650 (40%)], lr: ['1.00e-04', '1.00e-04'], loss: 0.072317
[2024-10-04 04:46:10,372][INFO][clas_trainer:133] - train epoch: 1 [41248/82650 (50%)], lr: ['1.00e-04', '1.00e-04'], loss: 0.008184
[2024-10-04 04:46:57,060][INFO][clas_trainer:133] - train epoch: 1 [49504/82650 (60%)], lr: ['1.00e-04', '1.00e-04'], loss: 0.000602
[2024-10-04 04:47:42,236][INFO][clas_trainer:133] - train epoch: 1 [57760/82650 (70%)], lr: ['1.00e-04', '1.00e-04'], loss: 0.000263
[2024-10-04 04:48:28,028][INFO][clas_trainer:133] - train epoch: 1 [66016/82650 (80%)], lr: ['1.00e-04', '1.00e-04'], loss: 0.000141
[2024-10-04 04:49:15,160][INFO][clas_trainer:133] - train epoch: 1 [74272/82650 (90%)], lr: ['1.00e-04', '1.00e-04'], loss: 0.001086
[2024-10-04 04:50:02,202][INFO][clas_trainer:133] - train epoch: 1 [82528/82650 (100%)], lr: ['1.00e-04', '1.00e-04'], loss: 0.000167
[2024-10-04 04:50:48,439][INFO][clas_trainer:63] - [epoch   1] execution time: 512.47s	metrics:
[2024-10-04 04:50:48,440][INFO][clas_evaluator:132] - dataset: earlystopping, avg f1-score: 0.5638
[2024-10-04 04:50:48,481][INFO][base_model:51] - snapshot saved to XXX/frequency-pretraining/models/exp006c-m234-base_fe_clas-2024-10-03_20-03-43-final.pth
[2024-10-04 04:51:37,019][INFO][clas_trainer:133] - train epoch: 2 [8224/82650 (10%)], lr: ['1.00e-04', '1.00e-04'], loss: 0.000043
[2024-10-04 04:52:21,946][INFO][clas_trainer:133] - train epoch: 2 [16480/82650 (20%)], lr: ['1.00e-04', '1.00e-04'], loss: 0.000011
[2024-10-04 04:53:11,081][INFO][clas_trainer:133] - train epoch: 2 [24736/82650 (30%)], lr: ['1.00e-04', '1.00e-04'], loss: 0.002482
[2024-10-04 04:53:59,644][INFO][clas_trainer:133] - train epoch: 2 [32992/82650 (40%)], lr: ['1.00e-04', '1.00e-04'], loss: 0.000051
[2024-10-04 04:54:46,840][INFO][clas_trainer:133] - train epoch: 2 [41248/82650 (50%)], lr: ['1.00e-04', '1.00e-04'], loss: 0.000158
[2024-10-04 04:55:33,702][INFO][clas_trainer:133] - train epoch: 2 [49504/82650 (60%)], lr: ['1.00e-04', '1.00e-04'], loss: 0.000215
[2024-10-04 04:56:20,537][INFO][clas_trainer:133] - train epoch: 2 [57760/82650 (70%)], lr: ['1.00e-04', '1.00e-04'], loss: 0.022311
[2024-10-04 04:57:09,479][INFO][clas_trainer:133] - train epoch: 2 [66016/82650 (80%)], lr: ['1.00e-04', '1.00e-04'], loss: 0.000294
[2024-10-04 04:57:56,684][INFO][clas_trainer:133] - train epoch: 2 [74272/82650 (90%)], lr: ['1.00e-04', '1.00e-04'], loss: 0.000030
[2024-10-04 04:58:42,428][INFO][clas_trainer:133] - train epoch: 2 [82528/82650 (100%)], lr: ['1.00e-04', '1.00e-04'], loss: 0.000108
[2024-10-04 04:59:27,145][INFO][clas_trainer:63] - [epoch   2] execution time: 518.66s	metrics:
[2024-10-04 04:59:27,146][INFO][clas_evaluator:132] - dataset: earlystopping, avg f1-score: 0.5645
[2024-10-04 04:59:27,189][INFO][base_model:51] - snapshot saved to XXX/frequency-pretraining/models/exp006c-m234-base_fe_clas-2024-10-03_20-03-43-final.pth
[2024-10-04 05:00:17,376][INFO][clas_trainer:133] - train epoch: 3 [8224/82650 (10%)], lr: ['1.00e-04', '1.00e-04'], loss: 0.000988
[2024-10-04 05:01:02,972][INFO][clas_trainer:133] - train epoch: 3 [16480/82650 (20%)], lr: ['1.00e-04', '1.00e-04'], loss: 0.000586
[2024-10-04 05:01:51,166][INFO][clas_trainer:133] - train epoch: 3 [24736/82650 (30%)], lr: ['1.00e-04', '1.00e-04'], loss: 0.000010
[2024-10-04 05:02:36,534][INFO][clas_trainer:133] - train epoch: 3 [32992/82650 (40%)], lr: ['1.00e-04', '1.00e-04'], loss: 0.000216
[2024-10-04 05:03:20,365][INFO][clas_trainer:133] - train epoch: 3 [41248/82650 (50%)], lr: ['1.00e-04', '1.00e-04'], loss: 0.000031
[2024-10-04 05:04:04,303][INFO][clas_trainer:133] - train epoch: 3 [49504/82650 (60%)], lr: ['1.00e-04', '1.00e-04'], loss: 0.000088
[2024-10-04 05:04:48,948][INFO][clas_trainer:133] - train epoch: 3 [57760/82650 (70%)], lr: ['1.00e-04', '1.00e-04'], loss: 0.000157
[2024-10-04 05:05:33,904][INFO][clas_trainer:133] - train epoch: 3 [66016/82650 (80%)], lr: ['1.00e-04', '1.00e-04'], loss: 0.000154
[2024-10-04 05:06:19,229][INFO][clas_trainer:133] - train epoch: 3 [74272/82650 (90%)], lr: ['1.00e-04', '1.00e-04'], loss: 0.000031
[2024-10-04 05:07:02,952][INFO][clas_trainer:133] - train epoch: 3 [82528/82650 (100%)], lr: ['1.00e-04', '1.00e-04'], loss: 0.000280
[2024-10-04 05:07:45,509][INFO][clas_trainer:63] - [epoch   3] execution time: 498.32s	metrics:
[2024-10-04 05:07:45,510][INFO][clas_evaluator:132] - dataset: earlystopping, avg f1-score: 0.5386
[2024-10-04 05:08:31,497][INFO][clas_trainer:133] - train epoch: 4 [8224/82650 (10%)], lr: ['1.00e-04', '1.00e-04'], loss: 0.000037
[2024-10-04 05:09:16,266][INFO][clas_trainer:133] - train epoch: 4 [16480/82650 (20%)], lr: ['1.00e-04', '1.00e-04'], loss: 0.001055
[2024-10-04 05:09:59,507][INFO][clas_trainer:133] - train epoch: 4 [24736/82650 (30%)], lr: ['1.00e-04', '1.00e-04'], loss: 0.000109
[2024-10-04 05:10:42,510][INFO][clas_trainer:133] - train epoch: 4 [32992/82650 (40%)], lr: ['1.00e-04', '1.00e-04'], loss: 0.000134
[2024-10-04 05:11:27,100][INFO][clas_trainer:133] - train epoch: 4 [41248/82650 (50%)], lr: ['1.00e-04', '1.00e-04'], loss: 0.000158
[2024-10-04 05:12:09,211][INFO][clas_trainer:133] - train epoch: 4 [49504/82650 (60%)], lr: ['1.00e-04', '1.00e-04'], loss: 0.000094
[2024-10-04 05:12:53,829][INFO][clas_trainer:133] - train epoch: 4 [57760/82650 (70%)], lr: ['1.00e-04', '1.00e-04'], loss: 0.000413
[2024-10-04 05:13:37,376][INFO][clas_trainer:133] - train epoch: 4 [66016/82650 (80%)], lr: ['1.00e-04', '1.00e-04'], loss: 0.000112
[2024-10-04 05:14:22,554][INFO][clas_trainer:133] - train epoch: 4 [74272/82650 (90%)], lr: ['1.00e-04', '1.00e-04'], loss: 0.000080
[2024-10-04 05:15:05,309][INFO][clas_trainer:133] - train epoch: 4 [82528/82650 (100%)], lr: ['1.00e-04', '1.00e-04'], loss: 0.000110
[2024-10-04 05:15:49,529][INFO][clas_trainer:63] - [epoch   4] execution time: 484.02s	metrics:
[2024-10-04 05:15:49,532][INFO][clas_evaluator:132] - dataset: earlystopping, avg f1-score: 0.5313
[2024-10-04 05:16:32,984][INFO][clas_trainer:133] - train epoch: 5 [8224/82650 (10%)], lr: ['1.00e-04', '1.00e-04'], loss: 0.000186
[2024-10-04 05:17:17,183][INFO][clas_trainer:133] - train epoch: 5 [16480/82650 (20%)], lr: ['1.00e-04', '1.00e-04'], loss: 0.000705
[2024-10-04 05:18:02,180][INFO][clas_trainer:133] - train epoch: 5 [24736/82650 (30%)], lr: ['1.00e-04', '1.00e-04'], loss: 0.000131
[2024-10-04 05:18:47,454][INFO][clas_trainer:133] - train epoch: 5 [32992/82650 (40%)], lr: ['1.00e-04', '1.00e-04'], loss: 0.000184
[2024-10-04 05:19:33,476][INFO][clas_trainer:133] - train epoch: 5 [41248/82650 (50%)], lr: ['1.00e-04', '1.00e-04'], loss: 0.000293
[2024-10-04 05:20:18,723][INFO][clas_trainer:133] - train epoch: 5 [49504/82650 (60%)], lr: ['1.00e-04', '1.00e-04'], loss: 0.000097
[2024-10-04 05:21:05,656][INFO][clas_trainer:133] - train epoch: 5 [57760/82650 (70%)], lr: ['1.00e-04', '1.00e-04'], loss: 0.000014
[2024-10-04 05:21:53,001][INFO][clas_trainer:133] - train epoch: 5 [66016/82650 (80%)], lr: ['1.00e-04', '1.00e-04'], loss: 0.000211
[2024-10-04 05:22:41,301][INFO][clas_trainer:133] - train epoch: 5 [74272/82650 (90%)], lr: ['1.00e-04', '1.00e-04'], loss: 0.000240
[2024-10-04 05:23:27,043][INFO][clas_trainer:133] - train epoch: 5 [82528/82650 (100%)], lr: ['1.00e-04', '1.00e-04'], loss: 0.000415
[2024-10-04 05:24:14,524][INFO][clas_trainer:63] - [epoch   5] execution time: 504.99s	metrics:
[2024-10-04 05:24:14,524][INFO][clas_evaluator:132] - dataset: earlystopping, avg f1-score: 0.5626
[2024-10-04 05:25:00,829][INFO][clas_trainer:133] - train epoch: 6 [8224/82650 (10%)], lr: ['1.00e-04', '1.00e-04'], loss: 0.000090
[2024-10-04 05:25:48,178][INFO][clas_trainer:133] - train epoch: 6 [16480/82650 (20%)], lr: ['1.00e-04', '1.00e-04'], loss: 0.000202
[2024-10-04 05:26:34,355][INFO][clas_trainer:133] - train epoch: 6 [24736/82650 (30%)], lr: ['1.00e-04', '1.00e-04'], loss: 0.000232
[2024-10-04 05:27:22,774][INFO][clas_trainer:133] - train epoch: 6 [32992/82650 (40%)], lr: ['1.00e-04', '1.00e-04'], loss: 0.000148
[2024-10-04 05:28:09,623][INFO][clas_trainer:133] - train epoch: 6 [41248/82650 (50%)], lr: ['1.00e-04', '1.00e-04'], loss: 0.000511
[2024-10-04 05:28:53,979][INFO][clas_trainer:133] - train epoch: 6 [49504/82650 (60%)], lr: ['1.00e-04', '1.00e-04'], loss: 0.000170
[2024-10-04 05:29:39,173][INFO][clas_trainer:133] - train epoch: 6 [57760/82650 (70%)], lr: ['1.00e-04', '1.00e-04'], loss: 0.000625
[2024-10-04 05:30:23,035][INFO][clas_trainer:133] - train epoch: 6 [66016/82650 (80%)], lr: ['1.00e-04', '1.00e-04'], loss: 0.000214
[2024-10-04 05:31:12,759][INFO][clas_trainer:133] - train epoch: 6 [74272/82650 (90%)], lr: ['1.00e-04', '1.00e-04'], loss: 0.000482
[2024-10-04 05:31:59,444][INFO][clas_trainer:133] - train epoch: 6 [82528/82650 (100%)], lr: ['1.00e-04', '1.00e-04'], loss: 0.000360
[2024-10-04 05:32:44,103][INFO][clas_trainer:63] - [epoch   6] execution time: 509.58s	metrics:
[2024-10-04 05:32:44,104][INFO][clas_evaluator:132] - dataset: earlystopping, avg f1-score: 0.5087
[2024-10-04 05:33:32,551][INFO][clas_trainer:133] - train epoch: 7 [8224/82650 (10%)], lr: ['1.00e-04', '1.00e-04'], loss: 0.001336
[2024-10-04 05:34:17,691][INFO][clas_trainer:133] - train epoch: 7 [16480/82650 (20%)], lr: ['1.00e-04', '1.00e-04'], loss: 0.000722
[2024-10-04 05:35:04,178][INFO][clas_trainer:133] - train epoch: 7 [24736/82650 (30%)], lr: ['1.00e-04', '1.00e-04'], loss: 0.000348
[2024-10-04 05:35:50,670][INFO][clas_trainer:133] - train epoch: 7 [32992/82650 (40%)], lr: ['1.00e-04', '1.00e-04'], loss: 0.000611
[2024-10-04 05:36:36,807][INFO][clas_trainer:133] - train epoch: 7 [41248/82650 (50%)], lr: ['1.00e-04', '1.00e-04'], loss: 0.000551
[2024-10-04 05:37:23,324][INFO][clas_trainer:133] - train epoch: 7 [49504/82650 (60%)], lr: ['1.00e-04', '1.00e-04'], loss: 0.001183
[2024-10-04 05:38:08,433][INFO][clas_trainer:133] - train epoch: 7 [57760/82650 (70%)], lr: ['1.00e-04', '1.00e-04'], loss: 0.000767
[2024-10-04 05:38:55,353][INFO][clas_trainer:133] - train epoch: 7 [66016/82650 (80%)], lr: ['1.00e-04', '1.00e-04'], loss: 0.002748
[2024-10-04 05:39:42,477][INFO][clas_trainer:133] - train epoch: 7 [74272/82650 (90%)], lr: ['1.00e-04', '1.00e-04'], loss: 0.000896
[2024-10-04 05:40:31,778][INFO][clas_trainer:133] - train epoch: 7 [82528/82650 (100%)], lr: ['1.00e-04', '1.00e-04'], loss: 0.001030
[2024-10-04 05:41:17,695][INFO][clas_trainer:63] - [epoch   7] execution time: 513.59s	metrics:
[2024-10-04 05:41:17,695][INFO][clas_evaluator:132] - dataset: earlystopping, avg f1-score: 0.4617
[2024-10-04 05:42:06,795][INFO][clas_trainer:133] - train epoch: 8 [8224/82650 (10%)], lr: ['1.00e-04', '1.00e-04'], loss: 0.000712
[2024-10-04 05:42:52,030][INFO][clas_trainer:133] - train epoch: 8 [16480/82650 (20%)], lr: ['1.00e-04', '1.00e-04'], loss: 0.001966
[2024-10-04 05:43:40,230][INFO][clas_trainer:133] - train epoch: 8 [24736/82650 (30%)], lr: ['1.00e-04', '1.00e-04'], loss: 0.001454
[2024-10-04 05:44:28,931][INFO][clas_trainer:133] - train epoch: 8 [32992/82650 (40%)], lr: ['1.00e-04', '1.00e-04'], loss: 0.000658
[2024-10-04 05:45:17,819][INFO][clas_trainer:133] - train epoch: 8 [41248/82650 (50%)], lr: ['1.00e-04', '1.00e-04'], loss: 0.002525
[2024-10-04 05:45:59,918][INFO][clas_trainer:133] - train epoch: 8 [49504/82650 (60%)], lr: ['1.00e-04', '1.00e-04'], loss: 0.000494
[2024-10-04 05:46:45,033][INFO][clas_trainer:133] - train epoch: 8 [57760/82650 (70%)], lr: ['1.00e-04', '1.00e-04'], loss: 0.000483
[2024-10-04 05:47:29,330][INFO][clas_trainer:133] - train epoch: 8 [66016/82650 (80%)], lr: ['1.00e-04', '1.00e-04'], loss: 0.000418
[2024-10-04 05:48:17,660][INFO][clas_trainer:133] - train epoch: 8 [74272/82650 (90%)], lr: ['1.00e-04', '1.00e-04'], loss: 0.000553
[2024-10-04 05:49:03,367][INFO][clas_trainer:133] - train epoch: 8 [82528/82650 (100%)], lr: ['1.00e-04', '1.00e-04'], loss: 0.000816
[2024-10-04 05:49:48,145][INFO][clas_trainer:63] - [epoch   8] execution time: 510.45s	metrics:
[2024-10-04 05:49:48,146][INFO][clas_evaluator:132] - dataset: earlystopping, avg f1-score: 0.5184
[2024-10-04 05:50:34,208][INFO][clas_trainer:133] - train epoch: 9 [8224/82650 (10%)], lr: ['1.00e-04', '1.00e-04'], loss: 0.000843
[2024-10-04 05:51:21,003][INFO][clas_trainer:133] - train epoch: 9 [16480/82650 (20%)], lr: ['1.00e-04', '1.00e-04'], loss: 0.000884
[2024-10-04 05:52:09,042][INFO][clas_trainer:133] - train epoch: 9 [24736/82650 (30%)], lr: ['1.00e-04', '1.00e-04'], loss: 0.000736
[2024-10-04 05:52:56,253][INFO][clas_trainer:133] - train epoch: 9 [32992/82650 (40%)], lr: ['1.00e-04', '1.00e-04'], loss: 0.000976
[2024-10-04 05:53:45,133][INFO][clas_trainer:133] - train epoch: 9 [41248/82650 (50%)], lr: ['1.00e-04', '1.00e-04'], loss: 0.000921
[2024-10-04 05:54:32,189][INFO][clas_trainer:133] - train epoch: 9 [49504/82650 (60%)], lr: ['1.00e-04', '1.00e-04'], loss: 0.000425
[2024-10-04 05:55:18,277][INFO][clas_trainer:133] - train epoch: 9 [57760/82650 (70%)], lr: ['1.00e-04', '1.00e-04'], loss: 0.001192
[2024-10-04 05:56:02,584][INFO][clas_trainer:133] - train epoch: 9 [66016/82650 (80%)], lr: ['1.00e-04', '1.00e-04'], loss: 0.000748
[2024-10-04 05:56:44,104][INFO][clas_trainer:133] - train epoch: 9 [74272/82650 (90%)], lr: ['1.00e-04', '1.00e-04'], loss: 0.000661
[2024-10-04 05:57:29,548][INFO][clas_trainer:133] - train epoch: 9 [82528/82650 (100%)], lr: ['1.00e-04', '1.00e-04'], loss: 0.000756
[2024-10-04 05:58:14,264][INFO][clas_trainer:63] - [epoch   9] execution time: 506.12s	metrics:
[2024-10-04 05:58:14,265][INFO][clas_evaluator:132] - dataset: earlystopping, avg f1-score: 0.4941
[2024-10-04 05:58:58,602][INFO][clas_trainer:133] - train epoch: 10 [8224/82650 (10%)], lr: ['1.00e-04', '1.00e-04'], loss: 0.000451
[2024-10-04 05:59:38,201][INFO][clas_trainer:133] - train epoch: 10 [16480/82650 (20%)], lr: ['1.00e-04', '1.00e-04'], loss: 0.000560
[2024-10-04 06:00:17,843][INFO][clas_trainer:133] - train epoch: 10 [24736/82650 (30%)], lr: ['1.00e-04', '1.00e-04'], loss: 0.000654
[2024-10-04 06:00:58,642][INFO][clas_trainer:133] - train epoch: 10 [32992/82650 (40%)], lr: ['1.00e-04', '1.00e-04'], loss: 0.000500
[2024-10-04 06:01:38,964][INFO][clas_trainer:133] - train epoch: 10 [41248/82650 (50%)], lr: ['1.00e-04', '1.00e-04'], loss: 0.000637
[2024-10-04 06:02:19,646][INFO][clas_trainer:133] - train epoch: 10 [49504/82650 (60%)], lr: ['1.00e-04', '1.00e-04'], loss: 0.000834
[2024-10-04 06:03:00,348][INFO][clas_trainer:133] - train epoch: 10 [57760/82650 (70%)], lr: ['1.00e-04', '1.00e-04'], loss: 0.001131
[2024-10-04 06:03:41,846][INFO][clas_trainer:133] - train epoch: 10 [66016/82650 (80%)], lr: ['1.00e-04', '1.00e-04'], loss: 0.000593
[2024-10-04 06:04:23,849][INFO][clas_trainer:133] - train epoch: 10 [74272/82650 (90%)], lr: ['1.00e-04', '1.00e-04'], loss: 0.000723
[2024-10-04 06:05:06,039][INFO][clas_trainer:133] - train epoch: 10 [82528/82650 (100%)], lr: ['1.00e-04', '1.00e-04'], loss: 0.000695
[2024-10-04 06:05:49,514][INFO][clas_trainer:63] - [epoch  10] execution time: 455.25s	metrics:
[2024-10-04 06:05:49,515][INFO][clas_evaluator:132] - dataset: earlystopping, avg f1-score: 0.5287
[2024-10-04 06:06:30,859][INFO][clas_trainer:133] - train epoch: 11 [8224/82650 (10%)], lr: ['1.00e-04', '1.00e-04'], loss: 0.001020
[2024-10-04 06:07:11,776][INFO][clas_trainer:133] - train epoch: 11 [16480/82650 (20%)], lr: ['1.00e-04', '1.00e-04'], loss: 0.000427
[2024-10-04 06:07:53,201][INFO][clas_trainer:133] - train epoch: 11 [24736/82650 (30%)], lr: ['1.00e-04', '1.00e-04'], loss: 0.000501
[2024-10-04 06:08:36,389][INFO][clas_trainer:133] - train epoch: 11 [32992/82650 (40%)], lr: ['1.00e-04', '1.00e-04'], loss: 0.000639
[2024-10-04 06:09:19,738][INFO][clas_trainer:133] - train epoch: 11 [41248/82650 (50%)], lr: ['1.00e-04', '1.00e-04'], loss: 0.000747
[2024-10-04 06:10:04,725][INFO][clas_trainer:133] - train epoch: 11 [49504/82650 (60%)], lr: ['1.00e-04', '1.00e-04'], loss: 0.000560
[2024-10-04 06:10:48,981][INFO][clas_trainer:133] - train epoch: 11 [57760/82650 (70%)], lr: ['1.00e-04', '1.00e-04'], loss: 0.000682
[2024-10-04 06:11:34,449][INFO][clas_trainer:133] - train epoch: 11 [66016/82650 (80%)], lr: ['1.00e-04', '1.00e-04'], loss: 0.000614
[2024-10-04 06:12:18,434][INFO][clas_trainer:133] - train epoch: 11 [74272/82650 (90%)], lr: ['1.00e-04', '1.00e-04'], loss: 0.000723
[2024-10-04 06:13:00,527][INFO][clas_trainer:133] - train epoch: 11 [82528/82650 (100%)], lr: ['1.00e-04', '1.00e-04'], loss: 0.000498
[2024-10-04 06:13:40,466][INFO][clas_trainer:63] - [epoch  11] execution time: 470.95s	metrics:
[2024-10-04 06:13:40,467][INFO][clas_evaluator:132] - dataset: earlystopping, avg f1-score: 0.4125
[2024-10-04 06:14:19,266][INFO][clas_trainer:133] - train epoch: 12 [8224/82650 (10%)], lr: ['1.00e-04', '1.00e-04'], loss: 0.000584
[2024-10-04 06:14:59,557][INFO][clas_trainer:133] - train epoch: 12 [16480/82650 (20%)], lr: ['1.00e-04', '1.00e-04'], loss: 0.000243
[2024-10-04 06:15:44,716][INFO][clas_trainer:133] - train epoch: 12 [24736/82650 (30%)], lr: ['1.00e-04', '1.00e-04'], loss: 0.001038
[2024-10-04 06:16:27,803][INFO][clas_trainer:133] - train epoch: 12 [32992/82650 (40%)], lr: ['1.00e-04', '1.00e-04'], loss: 0.000450
[2024-10-04 06:17:10,955][INFO][clas_trainer:133] - train epoch: 12 [41248/82650 (50%)], lr: ['1.00e-04', '1.00e-04'], loss: 0.000738
[2024-10-04 06:17:54,871][INFO][clas_trainer:133] - train epoch: 12 [49504/82650 (60%)], lr: ['1.00e-04', '1.00e-04'], loss: 0.000495
[2024-10-04 06:18:35,768][INFO][clas_trainer:133] - train epoch: 12 [57760/82650 (70%)], lr: ['1.00e-04', '1.00e-04'], loss: 0.000538
[2024-10-04 06:19:19,585][INFO][clas_trainer:133] - train epoch: 12 [66016/82650 (80%)], lr: ['1.00e-04', '1.00e-04'], loss: 0.000925
[2024-10-04 06:20:02,260][INFO][clas_trainer:133] - train epoch: 12 [74272/82650 (90%)], lr: ['1.00e-04', '1.00e-04'], loss: 0.000716
[2024-10-04 06:20:45,480][INFO][clas_trainer:133] - train epoch: 12 [82528/82650 (100%)], lr: ['1.00e-04', '1.00e-04'], loss: 0.000737
[2024-10-04 06:21:29,069][INFO][clas_trainer:63] - [epoch  12] execution time: 468.60s	metrics:
[2024-10-04 06:21:29,070][INFO][clas_evaluator:132] - dataset: earlystopping, avg f1-score: 0.4234
[2024-10-04 06:21:29,076][INFO][clas_trainer:79] - finished training
[2024-10-04 06:21:29,077][INFO][clas_trainer:80] - best model on epoch: 2 	f1-score: 0.5645
