[2023-10-13 16:21:17,803][INFO][pretrain:29] - overrides:
hydra:
- hydra.mode=MULTIRUN
task:
- seeds=[6,6,6,6,6]

[2023-10-13 16:21:46,228][INFO][freq_trainer:43] - metrics before training (epoch 0):
[2023-10-13 16:21:51,342][INFO][freq_evaluator:47] - dataset: valid_ssl, acc: 0.000, hamming: 0.495
[2023-10-13 16:22:01,539][INFO][freq_trainer:114] - train epoch: 1 [9920/100000 (10%)], lr: ['1.00e-04'], loss: 1.113171
[2023-10-13 16:22:09,908][INFO][freq_trainer:114] - train epoch: 1 [19904/100000 (20%)], lr: ['1.00e-04'], loss: 0.768641
[2023-10-13 16:22:17,668][INFO][freq_trainer:114] - train epoch: 1 [29888/100000 (30%)], lr: ['1.00e-04'], loss: 0.719831
[2023-10-13 16:22:25,617][INFO][freq_trainer:114] - train epoch: 1 [39872/100000 (40%)], lr: ['1.00e-04'], loss: 0.721483
[2023-10-13 16:22:34,012][INFO][freq_trainer:114] - train epoch: 1 [49856/100000 (50%)], lr: ['1.00e-04'], loss: 0.708024
[2023-10-13 16:22:40,990][INFO][freq_trainer:114] - train epoch: 1 [59840/100000 (60%)], lr: ['1.00e-04'], loss: 0.696487
[2023-10-13 16:22:48,561][INFO][freq_trainer:114] - train epoch: 1 [69824/100000 (70%)], lr: ['1.00e-04'], loss: 0.707658
[2023-10-13 16:22:56,351][INFO][freq_trainer:114] - train epoch: 1 [79808/100000 (80%)], lr: ['1.00e-04'], loss: 0.699462
[2023-10-13 16:23:04,339][INFO][freq_trainer:114] - train epoch: 1 [89792/100000 (90%)], lr: ['1.00e-04'], loss: 0.701754
[2023-10-13 16:23:11,957][INFO][freq_trainer:114] - train epoch: 1 [99776/100000 (100%)], lr: ['1.00e-04'], loss: 0.692291
[2023-10-13 16:23:14,511][INFO][freq_trainer:57] - [epoch   1] execution time: 83.17s	metrics:
[2023-10-13 16:23:14,511][INFO][freq_evaluator:47] - dataset: valid_ssl, acc: 0.000, hamming: 0.480
[2023-10-13 16:23:14,544][INFO][base_model:51] - snapshot saved to /home/ngr/repos/sleep_freq-pretraining/models/exp001b-m6-simple_multi_class-2023-10-13_16-21-12-final.pth
[2023-10-13 16:23:22,474][INFO][freq_trainer:114] - train epoch: 2 [9920/100000 (10%)], lr: ['1.00e-04'], loss: 0.692213
[2023-10-13 16:23:30,332][INFO][freq_trainer:114] - train epoch: 2 [19904/100000 (20%)], lr: ['1.00e-04'], loss: 0.687067
[2023-10-13 16:23:37,921][INFO][freq_trainer:114] - train epoch: 2 [29888/100000 (30%)], lr: ['1.00e-04'], loss: 0.690543
[2023-10-13 16:23:45,634][INFO][freq_trainer:114] - train epoch: 2 [39872/100000 (40%)], lr: ['1.00e-04'], loss: 0.691794
[2023-10-13 16:23:53,776][INFO][freq_trainer:114] - train epoch: 2 [49856/100000 (50%)], lr: ['1.00e-04'], loss: 0.693085
[2023-10-13 16:24:01,914][INFO][freq_trainer:114] - train epoch: 2 [59840/100000 (60%)], lr: ['1.00e-04'], loss: 0.698887
[2023-10-13 16:24:09,788][INFO][freq_trainer:114] - train epoch: 2 [69824/100000 (70%)], lr: ['1.00e-04'], loss: 0.693738
[2023-10-13 16:24:18,116][INFO][freq_trainer:114] - train epoch: 2 [79808/100000 (80%)], lr: ['1.00e-04'], loss: 0.690808
[2023-10-13 16:24:26,177][INFO][freq_trainer:114] - train epoch: 2 [89792/100000 (90%)], lr: ['1.00e-04'], loss: 0.696122
[2023-10-13 16:24:34,333][INFO][freq_trainer:114] - train epoch: 2 [99776/100000 (100%)], lr: ['1.00e-04'], loss: 0.690688
[2023-10-13 16:24:37,041][INFO][freq_trainer:57] - [epoch   2] execution time: 82.50s	metrics:
[2023-10-13 16:24:37,042][INFO][freq_evaluator:47] - dataset: valid_ssl, acc: 0.000, hamming: 0.480
[2023-10-13 16:24:37,074][INFO][base_model:51] - snapshot saved to /home/ngr/repos/sleep_freq-pretraining/models/exp001b-m6-simple_multi_class-2023-10-13_16-21-12-final.pth
[2023-10-13 16:24:44,860][INFO][freq_trainer:114] - train epoch: 3 [9920/100000 (10%)], lr: ['1.00e-04'], loss: 0.691224
[2023-10-13 16:24:52,378][INFO][freq_trainer:114] - train epoch: 3 [19904/100000 (20%)], lr: ['1.00e-04'], loss: 0.688727
[2023-10-13 16:24:59,925][INFO][freq_trainer:114] - train epoch: 3 [29888/100000 (30%)], lr: ['1.00e-04'], loss: 0.697931
[2023-10-13 16:25:07,440][INFO][freq_trainer:114] - train epoch: 3 [39872/100000 (40%)], lr: ['1.00e-04'], loss: 0.685345
[2023-10-13 16:25:14,734][INFO][freq_trainer:114] - train epoch: 3 [49856/100000 (50%)], lr: ['1.00e-04'], loss: 0.692423
[2023-10-13 16:25:22,337][INFO][freq_trainer:114] - train epoch: 3 [59840/100000 (60%)], lr: ['1.00e-04'], loss: 0.695061
[2023-10-13 16:25:29,819][INFO][freq_trainer:114] - train epoch: 3 [69824/100000 (70%)], lr: ['1.00e-04'], loss: 0.691206
[2023-10-13 16:25:37,208][INFO][freq_trainer:114] - train epoch: 3 [79808/100000 (80%)], lr: ['1.00e-04'], loss: 0.694206
[2023-10-13 16:25:44,114][INFO][freq_trainer:114] - train epoch: 3 [89792/100000 (90%)], lr: ['1.00e-04'], loss: 0.694604
[2023-10-13 16:25:51,626][INFO][freq_trainer:114] - train epoch: 3 [99776/100000 (100%)], lr: ['1.00e-04'], loss: 0.695620
[2023-10-13 16:25:54,357][INFO][freq_trainer:57] - [epoch   3] execution time: 77.28s	metrics:
[2023-10-13 16:25:54,357][INFO][freq_evaluator:47] - dataset: valid_ssl, acc: 0.000, hamming: 0.480
[2023-10-13 16:25:54,389][INFO][base_model:51] - snapshot saved to /home/ngr/repos/sleep_freq-pretraining/models/exp001b-m6-simple_multi_class-2023-10-13_16-21-12-final.pth
[2023-10-13 16:26:02,135][INFO][freq_trainer:114] - train epoch: 4 [9920/100000 (10%)], lr: ['1.00e-04'], loss: 0.695936
[2023-10-13 16:26:09,601][INFO][freq_trainer:114] - train epoch: 4 [19904/100000 (20%)], lr: ['1.00e-04'], loss: 0.691430
[2023-10-13 16:26:17,595][INFO][freq_trainer:114] - train epoch: 4 [29888/100000 (30%)], lr: ['1.00e-04'], loss: 0.691555
[2023-10-13 16:26:25,910][INFO][freq_trainer:114] - train epoch: 4 [39872/100000 (40%)], lr: ['1.00e-04'], loss: 0.694234
[2023-10-13 16:26:33,877][INFO][freq_trainer:114] - train epoch: 4 [49856/100000 (50%)], lr: ['1.00e-04'], loss: 0.690142
[2023-10-13 16:26:41,952][INFO][freq_trainer:114] - train epoch: 4 [59840/100000 (60%)], lr: ['1.00e-04'], loss: 0.691838
[2023-10-13 16:26:50,208][INFO][freq_trainer:114] - train epoch: 4 [69824/100000 (70%)], lr: ['1.00e-04'], loss: 0.696020
[2023-10-13 16:26:58,311][INFO][freq_trainer:114] - train epoch: 4 [79808/100000 (80%)], lr: ['1.00e-04'], loss: 0.699336
[2023-10-13 16:27:06,274][INFO][freq_trainer:114] - train epoch: 4 [89792/100000 (90%)], lr: ['1.00e-04'], loss: 0.692545
[2023-10-13 16:27:13,964][INFO][freq_trainer:114] - train epoch: 4 [99776/100000 (100%)], lr: ['1.00e-04'], loss: 0.691060
[2023-10-13 16:27:16,674][INFO][freq_trainer:57] - [epoch   4] execution time: 82.28s	metrics:
[2023-10-13 16:27:16,674][INFO][freq_evaluator:47] - dataset: valid_ssl, acc: 0.000, hamming: 0.480
[2023-10-13 16:27:16,705][INFO][base_model:51] - snapshot saved to /home/ngr/repos/sleep_freq-pretraining/models/exp001b-m6-simple_multi_class-2023-10-13_16-21-12-final.pth
[2023-10-13 16:27:24,689][INFO][freq_trainer:114] - train epoch: 5 [9920/100000 (10%)], lr: ['1.00e-04'], loss: 0.693397
[2023-10-13 16:27:32,375][INFO][freq_trainer:114] - train epoch: 5 [19904/100000 (20%)], lr: ['1.00e-04'], loss: 0.693050
[2023-10-13 16:27:39,889][INFO][freq_trainer:114] - train epoch: 5 [29888/100000 (30%)], lr: ['1.00e-04'], loss: 0.693087
[2023-10-13 16:27:46,836][INFO][freq_trainer:114] - train epoch: 5 [39872/100000 (40%)], lr: ['1.00e-04'], loss: 0.689440
[2023-10-13 16:27:54,305][INFO][freq_trainer:114] - train epoch: 5 [49856/100000 (50%)], lr: ['1.00e-04'], loss: 0.692290
[2023-10-13 16:28:01,780][INFO][freq_trainer:114] - train epoch: 5 [59840/100000 (60%)], lr: ['1.00e-04'], loss: 0.693036
[2023-10-13 16:28:09,585][INFO][freq_trainer:114] - train epoch: 5 [69824/100000 (70%)], lr: ['1.00e-04'], loss: 0.693147
[2023-10-13 16:28:17,308][INFO][freq_trainer:114] - train epoch: 5 [79808/100000 (80%)], lr: ['1.00e-04'], loss: 0.694062
[2023-10-13 16:28:25,439][INFO][freq_trainer:114] - train epoch: 5 [89792/100000 (90%)], lr: ['1.00e-04'], loss: 0.691040
[2023-10-13 16:28:33,415][INFO][freq_trainer:114] - train epoch: 5 [99776/100000 (100%)], lr: ['1.00e-04'], loss: 0.687878
[2023-10-13 16:28:35,871][INFO][freq_trainer:57] - [epoch   5] execution time: 79.17s	metrics:
[2023-10-13 16:28:35,872][INFO][freq_evaluator:47] - dataset: valid_ssl, acc: 0.000, hamming: 0.480
[2023-10-13 16:28:35,900][INFO][base_model:51] - snapshot saved to /home/ngr/repos/sleep_freq-pretraining/models/exp001b-m6-simple_multi_class-2023-10-13_16-21-12-final.pth
[2023-10-13 16:28:44,070][INFO][freq_trainer:114] - train epoch: 6 [9920/100000 (10%)], lr: ['1.00e-04'], loss: 0.700573
[2023-10-13 16:28:52,143][INFO][freq_trainer:114] - train epoch: 6 [19904/100000 (20%)], lr: ['1.00e-04'], loss: 0.691463
[2023-10-13 16:28:59,690][INFO][freq_trainer:114] - train epoch: 6 [29888/100000 (30%)], lr: ['1.00e-04'], loss: 0.693226
[2023-10-13 16:29:07,649][INFO][freq_trainer:114] - train epoch: 6 [39872/100000 (40%)], lr: ['1.00e-04'], loss: 0.693565
[2023-10-13 16:29:15,646][INFO][freq_trainer:114] - train epoch: 6 [49856/100000 (50%)], lr: ['1.00e-04'], loss: 0.684560
[2023-10-13 16:29:23,213][INFO][freq_trainer:114] - train epoch: 6 [59840/100000 (60%)], lr: ['1.00e-04'], loss: 0.680819
[2023-10-13 16:29:30,730][INFO][freq_trainer:114] - train epoch: 6 [69824/100000 (70%)], lr: ['1.00e-04'], loss: 0.673074
[2023-10-13 16:29:38,943][INFO][freq_trainer:114] - train epoch: 6 [79808/100000 (80%)], lr: ['1.00e-04'], loss: 0.645364
[2023-10-13 16:29:45,872][INFO][freq_trainer:114] - train epoch: 6 [89792/100000 (90%)], lr: ['1.00e-04'], loss: 0.654727
[2023-10-13 16:29:53,623][INFO][freq_trainer:114] - train epoch: 6 [99776/100000 (100%)], lr: ['1.00e-04'], loss: 0.637486
[2023-10-13 16:29:56,074][INFO][freq_trainer:57] - [epoch   6] execution time: 80.17s	metrics:
[2023-10-13 16:29:56,074][INFO][freq_evaluator:47] - dataset: valid_ssl, acc: 0.000, hamming: 0.477
[2023-10-13 16:29:56,104][INFO][base_model:51] - snapshot saved to /home/ngr/repos/sleep_freq-pretraining/models/exp001b-m6-simple_multi_class-2023-10-13_16-21-12-final.pth
[2023-10-13 16:30:04,311][INFO][freq_trainer:114] - train epoch: 7 [9920/100000 (10%)], lr: ['1.00e-04'], loss: 0.625978
[2023-10-13 16:30:11,918][INFO][freq_trainer:114] - train epoch: 7 [19904/100000 (20%)], lr: ['1.00e-04'], loss: 0.608983
[2023-10-13 16:30:19,747][INFO][freq_trainer:114] - train epoch: 7 [29888/100000 (30%)], lr: ['1.00e-04'], loss: 0.588830
[2023-10-13 16:30:28,030][INFO][freq_trainer:114] - train epoch: 7 [39872/100000 (40%)], lr: ['1.00e-04'], loss: 0.614037
[2023-10-13 16:30:35,758][INFO][freq_trainer:114] - train epoch: 7 [49856/100000 (50%)], lr: ['1.00e-04'], loss: 0.573295
[2023-10-13 16:30:43,331][INFO][freq_trainer:114] - train epoch: 7 [59840/100000 (60%)], lr: ['1.00e-04'], loss: 0.587496
[2023-10-13 16:30:50,950][INFO][freq_trainer:114] - train epoch: 7 [69824/100000 (70%)], lr: ['1.00e-04'], loss: 0.559752
[2023-10-13 16:30:58,640][INFO][freq_trainer:114] - train epoch: 7 [79808/100000 (80%)], lr: ['1.00e-04'], loss: 0.600700
[2023-10-13 16:31:06,458][INFO][freq_trainer:114] - train epoch: 7 [89792/100000 (90%)], lr: ['1.00e-04'], loss: 0.574043
[2023-10-13 16:31:13,967][INFO][freq_trainer:114] - train epoch: 7 [99776/100000 (100%)], lr: ['1.00e-04'], loss: 0.584745
[2023-10-13 16:31:16,619][INFO][freq_trainer:57] - [epoch   7] execution time: 80.51s	metrics:
[2023-10-13 16:31:16,619][INFO][freq_evaluator:47] - dataset: valid_ssl, acc: 0.005, hamming: 0.488
[2023-10-13 16:31:16,650][INFO][base_model:51] - snapshot saved to /home/ngr/repos/sleep_freq-pretraining/models/exp001b-m6-simple_multi_class-2023-10-13_16-21-12-final.pth
[2023-10-13 16:31:24,430][INFO][freq_trainer:114] - train epoch: 8 [9920/100000 (10%)], lr: ['1.00e-04'], loss: 0.578299
[2023-10-13 16:31:32,594][INFO][freq_trainer:114] - train epoch: 8 [19904/100000 (20%)], lr: ['1.00e-04'], loss: 0.567131
[2023-10-13 16:31:40,023][INFO][freq_trainer:114] - train epoch: 8 [29888/100000 (30%)], lr: ['1.00e-04'], loss: 0.557151
[2023-10-13 16:31:48,162][INFO][freq_trainer:114] - train epoch: 8 [39872/100000 (40%)], lr: ['1.00e-04'], loss: 0.580613
[2023-10-13 16:31:55,801][INFO][freq_trainer:114] - train epoch: 8 [49856/100000 (50%)], lr: ['1.00e-04'], loss: 0.523553
[2023-10-13 16:32:03,228][INFO][freq_trainer:114] - train epoch: 8 [59840/100000 (60%)], lr: ['1.00e-04'], loss: 0.566793
[2023-10-13 16:32:10,796][INFO][freq_trainer:114] - train epoch: 8 [69824/100000 (70%)], lr: ['1.00e-04'], loss: 0.564683
[2023-10-13 16:32:18,266][INFO][freq_trainer:114] - train epoch: 8 [79808/100000 (80%)], lr: ['1.00e-04'], loss: 0.535660
[2023-10-13 16:32:26,044][INFO][freq_trainer:114] - train epoch: 8 [89792/100000 (90%)], lr: ['1.00e-04'], loss: 0.518414
[2023-10-13 16:32:34,219][INFO][freq_trainer:114] - train epoch: 8 [99776/100000 (100%)], lr: ['1.00e-04'], loss: 0.568557
[2023-10-13 16:32:36,935][INFO][freq_trainer:57] - [epoch   8] execution time: 80.28s	metrics:
[2023-10-13 16:32:36,935][INFO][freq_evaluator:47] - dataset: valid_ssl, acc: 0.026, hamming: 0.639
[2023-10-13 16:32:36,979][INFO][base_model:51] - snapshot saved to /home/ngr/repos/sleep_freq-pretraining/models/exp001b-m6-simple_multi_class-2023-10-13_16-21-12-final.pth
[2023-10-13 16:32:45,494][INFO][freq_trainer:114] - train epoch: 9 [9920/100000 (10%)], lr: ['1.00e-04'], loss: 0.513755
[2023-10-13 16:32:53,566][INFO][freq_trainer:114] - train epoch: 9 [19904/100000 (20%)], lr: ['1.00e-04'], loss: 0.474709
[2023-10-13 16:33:01,097][INFO][freq_trainer:114] - train epoch: 9 [29888/100000 (30%)], lr: ['1.00e-04'], loss: 0.491673
[2023-10-13 16:33:08,558][INFO][freq_trainer:114] - train epoch: 9 [39872/100000 (40%)], lr: ['1.00e-04'], loss: 0.477708
[2023-10-13 16:33:15,739][INFO][freq_trainer:114] - train epoch: 9 [49856/100000 (50%)], lr: ['1.00e-04'], loss: 0.444022
[2023-10-13 16:33:23,650][INFO][freq_trainer:114] - train epoch: 9 [59840/100000 (60%)], lr: ['1.00e-04'], loss: 0.501795
[2023-10-13 16:33:30,821][INFO][freq_trainer:114] - train epoch: 9 [69824/100000 (70%)], lr: ['1.00e-04'], loss: 0.466242
[2023-10-13 16:33:38,826][INFO][freq_trainer:114] - train epoch: 9 [79808/100000 (80%)], lr: ['1.00e-04'], loss: 0.438952
[2023-10-13 16:33:47,070][INFO][freq_trainer:114] - train epoch: 9 [89792/100000 (90%)], lr: ['1.00e-04'], loss: 0.429791
[2023-10-13 16:33:54,425][INFO][freq_trainer:114] - train epoch: 9 [99776/100000 (100%)], lr: ['1.00e-04'], loss: 0.445743
[2023-10-13 16:33:56,944][INFO][freq_trainer:57] - [epoch   9] execution time: 79.96s	metrics:
[2023-10-13 16:33:56,944][INFO][freq_evaluator:47] - dataset: valid_ssl, acc: 0.099, hamming: 0.805
[2023-10-13 16:33:56,984][INFO][base_model:51] - snapshot saved to /home/ngr/repos/sleep_freq-pretraining/models/exp001b-m6-simple_multi_class-2023-10-13_16-21-12-final.pth
[2023-10-13 16:34:05,101][INFO][freq_trainer:114] - train epoch: 10 [9920/100000 (10%)], lr: ['1.00e-04'], loss: 0.475696
[2023-10-13 16:34:13,055][INFO][freq_trainer:114] - train epoch: 10 [19904/100000 (20%)], lr: ['1.00e-04'], loss: 0.447717
[2023-10-13 16:34:20,847][INFO][freq_trainer:114] - train epoch: 10 [29888/100000 (30%)], lr: ['1.00e-04'], loss: 0.412944
[2023-10-13 16:34:28,163][INFO][freq_trainer:114] - train epoch: 10 [39872/100000 (40%)], lr: ['1.00e-04'], loss: 0.404662
[2023-10-13 16:34:35,597][INFO][freq_trainer:114] - train epoch: 10 [49856/100000 (50%)], lr: ['1.00e-04'], loss: 0.445739
[2023-10-13 16:34:43,362][INFO][freq_trainer:114] - train epoch: 10 [59840/100000 (60%)], lr: ['1.00e-04'], loss: 0.372639
[2023-10-13 16:34:50,684][INFO][freq_trainer:114] - train epoch: 10 [69824/100000 (70%)], lr: ['1.00e-04'], loss: 0.434325
[2023-10-13 16:34:58,692][INFO][freq_trainer:114] - train epoch: 10 [79808/100000 (80%)], lr: ['1.00e-04'], loss: 0.427309
[2023-10-13 16:35:06,321][INFO][freq_trainer:114] - train epoch: 10 [89792/100000 (90%)], lr: ['1.00e-04'], loss: 0.405449
[2023-10-13 16:35:14,228][INFO][freq_trainer:114] - train epoch: 10 [99776/100000 (100%)], lr: ['1.00e-04'], loss: 0.403430
[2023-10-13 16:35:16,570][INFO][freq_trainer:57] - [epoch  10] execution time: 79.59s	metrics:
[2023-10-13 16:35:16,570][INFO][freq_evaluator:47] - dataset: valid_ssl, acc: 0.110, hamming: 0.827
[2023-10-13 16:35:16,601][INFO][base_model:51] - snapshot saved to /home/ngr/repos/sleep_freq-pretraining/models/exp001b-m6-simple_multi_class-2023-10-13_16-21-12-final.pth
[2023-10-13 16:35:24,436][INFO][freq_trainer:114] - train epoch: 11 [9920/100000 (10%)], lr: ['1.00e-04'], loss: 0.390193
[2023-10-13 16:35:31,928][INFO][freq_trainer:114] - train epoch: 11 [19904/100000 (20%)], lr: ['1.00e-04'], loss: 0.368323
[2023-10-13 16:35:39,457][INFO][freq_trainer:114] - train epoch: 11 [29888/100000 (30%)], lr: ['1.00e-04'], loss: 0.383179
[2023-10-13 16:35:46,937][INFO][freq_trainer:114] - train epoch: 11 [39872/100000 (40%)], lr: ['1.00e-04'], loss: 0.384305
[2023-10-13 16:35:54,393][INFO][freq_trainer:114] - train epoch: 11 [49856/100000 (50%)], lr: ['1.00e-04'], loss: 0.377186
[2023-10-13 16:36:01,623][INFO][freq_trainer:114] - train epoch: 11 [59840/100000 (60%)], lr: ['1.00e-04'], loss: 0.378829
[2023-10-13 16:36:08,883][INFO][freq_trainer:114] - train epoch: 11 [69824/100000 (70%)], lr: ['1.00e-04'], loss: 0.342925
[2023-10-13 16:36:17,336][INFO][freq_trainer:114] - train epoch: 11 [79808/100000 (80%)], lr: ['1.00e-04'], loss: 0.380155
[2023-10-13 16:36:25,539][INFO][freq_trainer:114] - train epoch: 11 [89792/100000 (90%)], lr: ['1.00e-04'], loss: 0.399556
[2023-10-13 16:36:32,956][INFO][freq_trainer:114] - train epoch: 11 [99776/100000 (100%)], lr: ['1.00e-04'], loss: 0.366219
[2023-10-13 16:36:35,409][INFO][freq_trainer:57] - [epoch  11] execution time: 78.81s	metrics:
[2023-10-13 16:36:35,410][INFO][freq_evaluator:47] - dataset: valid_ssl, acc: 0.116, hamming: 0.853
[2023-10-13 16:36:35,440][INFO][base_model:51] - snapshot saved to /home/ngr/repos/sleep_freq-pretraining/models/exp001b-m6-simple_multi_class-2023-10-13_16-21-12-final.pth
[2023-10-13 16:36:43,441][INFO][freq_trainer:114] - train epoch: 12 [9920/100000 (10%)], lr: ['1.00e-04'], loss: 0.318987
[2023-10-13 16:36:50,946][INFO][freq_trainer:114] - train epoch: 12 [19904/100000 (20%)], lr: ['1.00e-04'], loss: 0.352542
[2023-10-13 16:36:58,375][INFO][freq_trainer:114] - train epoch: 12 [29888/100000 (30%)], lr: ['1.00e-04'], loss: 0.387248
[2023-10-13 16:37:05,824][INFO][freq_trainer:114] - train epoch: 12 [39872/100000 (40%)], lr: ['1.00e-04'], loss: 0.351647
[2023-10-13 16:37:13,381][INFO][freq_trainer:114] - train epoch: 12 [49856/100000 (50%)], lr: ['1.00e-04'], loss: 0.322985
[2023-10-13 16:37:20,832][INFO][freq_trainer:114] - train epoch: 12 [59840/100000 (60%)], lr: ['1.00e-04'], loss: 0.374884
[2023-10-13 16:37:27,657][INFO][freq_trainer:114] - train epoch: 12 [69824/100000 (70%)], lr: ['1.00e-04'], loss: 0.295691
[2023-10-13 16:37:35,574][INFO][freq_trainer:114] - train epoch: 12 [79808/100000 (80%)], lr: ['1.00e-04'], loss: 0.328803
[2023-10-13 16:37:43,375][INFO][freq_trainer:114] - train epoch: 12 [89792/100000 (90%)], lr: ['1.00e-04'], loss: 0.348188
[2023-10-13 16:37:51,391][INFO][freq_trainer:114] - train epoch: 12 [99776/100000 (100%)], lr: ['1.00e-04'], loss: 0.306520
[2023-10-13 16:37:53,879][INFO][freq_trainer:57] - [epoch  12] execution time: 78.44s	metrics:
[2023-10-13 16:37:53,880][INFO][freq_evaluator:47] - dataset: valid_ssl, acc: 0.132, hamming: 0.876
[2023-10-13 16:37:53,910][INFO][base_model:51] - snapshot saved to /home/ngr/repos/sleep_freq-pretraining/models/exp001b-m6-simple_multi_class-2023-10-13_16-21-12-final.pth
[2023-10-13 16:38:01,657][INFO][freq_trainer:114] - train epoch: 13 [9920/100000 (10%)], lr: ['1.00e-04'], loss: 0.264235
[2023-10-13 16:38:09,053][INFO][freq_trainer:114] - train epoch: 13 [19904/100000 (20%)], lr: ['1.00e-04'], loss: 0.310494
[2023-10-13 16:38:16,716][INFO][freq_trainer:114] - train epoch: 13 [29888/100000 (30%)], lr: ['1.00e-04'], loss: 0.315017
[2023-10-13 16:38:24,197][INFO][freq_trainer:114] - train epoch: 13 [39872/100000 (40%)], lr: ['1.00e-04'], loss: 0.263931
[2023-10-13 16:38:31,477][INFO][freq_trainer:114] - train epoch: 13 [49856/100000 (50%)], lr: ['1.00e-04'], loss: 0.300446
[2023-10-13 16:38:39,171][INFO][freq_trainer:114] - train epoch: 13 [59840/100000 (60%)], lr: ['1.00e-04'], loss: 0.302217
[2023-10-13 16:38:47,213][INFO][freq_trainer:114] - train epoch: 13 [69824/100000 (70%)], lr: ['1.00e-04'], loss: 0.284864
[2023-10-13 16:38:55,003][INFO][freq_trainer:114] - train epoch: 13 [79808/100000 (80%)], lr: ['1.00e-04'], loss: 0.264071
[2023-10-13 16:39:03,256][INFO][freq_trainer:114] - train epoch: 13 [89792/100000 (90%)], lr: ['1.00e-04'], loss: 0.311576
[2023-10-13 16:39:10,965][INFO][freq_trainer:114] - train epoch: 13 [99776/100000 (100%)], lr: ['1.00e-04'], loss: 0.292406
[2023-10-13 16:39:13,276][INFO][freq_trainer:57] - [epoch  13] execution time: 79.37s	metrics:
[2023-10-13 16:39:13,276][INFO][freq_evaluator:47] - dataset: valid_ssl, acc: 0.153, hamming: 0.889
[2023-10-13 16:39:13,309][INFO][base_model:51] - snapshot saved to /home/ngr/repos/sleep_freq-pretraining/models/exp001b-m6-simple_multi_class-2023-10-13_16-21-12-final.pth
[2023-10-13 16:39:21,595][INFO][freq_trainer:114] - train epoch: 14 [9920/100000 (10%)], lr: ['1.00e-04'], loss: 0.280295
[2023-10-13 16:39:28,996][INFO][freq_trainer:114] - train epoch: 14 [19904/100000 (20%)], lr: ['1.00e-04'], loss: 0.298929
[2023-10-13 16:39:36,393][INFO][freq_trainer:114] - train epoch: 14 [29888/100000 (30%)], lr: ['1.00e-04'], loss: 0.288180
[2023-10-13 16:39:43,646][INFO][freq_trainer:114] - train epoch: 14 [39872/100000 (40%)], lr: ['1.00e-04'], loss: 0.293410
[2023-10-13 16:39:51,324][INFO][freq_trainer:114] - train epoch: 14 [49856/100000 (50%)], lr: ['1.00e-04'], loss: 0.298330
[2023-10-13 16:39:58,911][INFO][freq_trainer:114] - train epoch: 14 [59840/100000 (60%)], lr: ['1.00e-04'], loss: 0.265194
[2023-10-13 16:40:06,381][INFO][freq_trainer:114] - train epoch: 14 [69824/100000 (70%)], lr: ['1.00e-04'], loss: 0.291293
[2023-10-13 16:40:14,573][INFO][freq_trainer:114] - train epoch: 14 [79808/100000 (80%)], lr: ['1.00e-04'], loss: 0.266737
[2023-10-13 16:40:22,512][INFO][freq_trainer:114] - train epoch: 14 [89792/100000 (90%)], lr: ['1.00e-04'], loss: 0.276192
[2023-10-13 16:40:30,674][INFO][freq_trainer:114] - train epoch: 14 [99776/100000 (100%)], lr: ['1.00e-04'], loss: 0.276153
[2023-10-13 16:40:33,112][INFO][freq_trainer:57] - [epoch  14] execution time: 79.80s	metrics:
[2023-10-13 16:40:33,112][INFO][freq_evaluator:47] - dataset: valid_ssl, acc: 0.172, hamming: 0.898
[2023-10-13 16:40:33,141][INFO][base_model:51] - snapshot saved to /home/ngr/repos/sleep_freq-pretraining/models/exp001b-m6-simple_multi_class-2023-10-13_16-21-12-final.pth
[2023-10-13 16:40:40,818][INFO][freq_trainer:114] - train epoch: 15 [9920/100000 (10%)], lr: ['1.00e-04'], loss: 0.282086
[2023-10-13 16:40:48,207][INFO][freq_trainer:114] - train epoch: 15 [19904/100000 (20%)], lr: ['1.00e-04'], loss: 0.253502
[2023-10-13 16:40:55,692][INFO][freq_trainer:114] - train epoch: 15 [29888/100000 (30%)], lr: ['1.00e-04'], loss: 0.260871
[2023-10-13 16:41:03,024][INFO][freq_trainer:114] - train epoch: 15 [39872/100000 (40%)], lr: ['1.00e-04'], loss: 0.256836
[2023-10-13 16:41:10,547][INFO][freq_trainer:114] - train epoch: 15 [49856/100000 (50%)], lr: ['1.00e-04'], loss: 0.247663
[2023-10-13 16:41:18,299][INFO][freq_trainer:114] - train epoch: 15 [59840/100000 (60%)], lr: ['1.00e-04'], loss: 0.239787
[2023-10-13 16:41:25,426][INFO][freq_trainer:114] - train epoch: 15 [69824/100000 (70%)], lr: ['1.00e-04'], loss: 0.231351
[2023-10-13 16:41:33,181][INFO][freq_trainer:114] - train epoch: 15 [79808/100000 (80%)], lr: ['1.00e-04'], loss: 0.261276
[2023-10-13 16:41:40,714][INFO][freq_trainer:114] - train epoch: 15 [89792/100000 (90%)], lr: ['1.00e-04'], loss: 0.229203
[2023-10-13 16:41:48,110][INFO][freq_trainer:114] - train epoch: 15 [99776/100000 (100%)], lr: ['1.00e-04'], loss: 0.225651
[2023-10-13 16:41:50,573][INFO][freq_trainer:57] - [epoch  15] execution time: 77.43s	metrics:
[2023-10-13 16:41:50,573][INFO][freq_evaluator:47] - dataset: valid_ssl, acc: 0.186, hamming: 0.900
[2023-10-13 16:41:50,605][INFO][base_model:51] - snapshot saved to /home/ngr/repos/sleep_freq-pretraining/models/exp001b-m6-simple_multi_class-2023-10-13_16-21-12-final.pth
[2023-10-13 16:41:58,319][INFO][freq_trainer:114] - train epoch: 16 [9920/100000 (10%)], lr: ['1.00e-04'], loss: 0.283570
[2023-10-13 16:42:05,639][INFO][freq_trainer:114] - train epoch: 16 [19904/100000 (20%)], lr: ['1.00e-04'], loss: 0.253230
[2023-10-13 16:42:12,543][INFO][freq_trainer:114] - train epoch: 16 [29888/100000 (30%)], lr: ['1.00e-04'], loss: 0.229878
[2023-10-13 16:42:20,303][INFO][freq_trainer:114] - train epoch: 16 [39872/100000 (40%)], lr: ['1.00e-04'], loss: 0.242621
[2023-10-13 16:42:27,656][INFO][freq_trainer:114] - train epoch: 16 [49856/100000 (50%)], lr: ['1.00e-04'], loss: 0.242863
[2023-10-13 16:42:35,083][INFO][freq_trainer:114] - train epoch: 16 [59840/100000 (60%)], lr: ['1.00e-04'], loss: 0.239811
[2023-10-13 16:42:42,393][INFO][freq_trainer:114] - train epoch: 16 [69824/100000 (70%)], lr: ['1.00e-04'], loss: 0.219865
[2023-10-13 16:42:50,377][INFO][freq_trainer:114] - train epoch: 16 [79808/100000 (80%)], lr: ['1.00e-04'], loss: 0.267763
[2023-10-13 16:42:57,793][INFO][freq_trainer:114] - train epoch: 16 [89792/100000 (90%)], lr: ['1.00e-04'], loss: 0.248885
[2023-10-13 16:43:05,146][INFO][freq_trainer:114] - train epoch: 16 [99776/100000 (100%)], lr: ['1.00e-04'], loss: 0.260726
[2023-10-13 16:43:07,461][INFO][freq_trainer:57] - [epoch  16] execution time: 76.86s	metrics:
[2023-10-13 16:43:07,461][INFO][freq_evaluator:47] - dataset: valid_ssl, acc: 0.199, hamming: 0.904
[2023-10-13 16:43:07,492][INFO][base_model:51] - snapshot saved to /home/ngr/repos/sleep_freq-pretraining/models/exp001b-m6-simple_multi_class-2023-10-13_16-21-12-final.pth
[2023-10-13 16:43:15,143][INFO][freq_trainer:114] - train epoch: 17 [9920/100000 (10%)], lr: ['1.00e-04'], loss: 0.234075
[2023-10-13 16:43:22,517][INFO][freq_trainer:114] - train epoch: 17 [19904/100000 (20%)], lr: ['1.00e-04'], loss: 0.218231
[2023-10-13 16:43:30,368][INFO][freq_trainer:114] - train epoch: 17 [29888/100000 (30%)], lr: ['1.00e-04'], loss: 0.252647
[2023-10-13 16:43:38,158][INFO][freq_trainer:114] - train epoch: 17 [39872/100000 (40%)], lr: ['1.00e-04'], loss: 0.227183
[2023-10-13 16:43:46,014][INFO][freq_trainer:114] - train epoch: 17 [49856/100000 (50%)], lr: ['1.00e-04'], loss: 0.229470
[2023-10-13 16:43:53,245][INFO][freq_trainer:114] - train epoch: 17 [59840/100000 (60%)], lr: ['1.00e-04'], loss: 0.230894
[2023-10-13 16:44:00,346][INFO][freq_trainer:114] - train epoch: 17 [69824/100000 (70%)], lr: ['1.00e-04'], loss: 0.259149
[2023-10-13 16:44:07,397][INFO][freq_trainer:114] - train epoch: 17 [79808/100000 (80%)], lr: ['1.00e-04'], loss: 0.243932
[2023-10-13 16:44:14,750][INFO][freq_trainer:114] - train epoch: 17 [89792/100000 (90%)], lr: ['1.00e-04'], loss: 0.259366
[2023-10-13 16:44:22,045][INFO][freq_trainer:114] - train epoch: 17 [99776/100000 (100%)], lr: ['1.00e-04'], loss: 0.228370
[2023-10-13 16:44:24,651][INFO][freq_trainer:57] - [epoch  17] execution time: 77.16s	metrics:
[2023-10-13 16:44:24,651][INFO][freq_evaluator:47] - dataset: valid_ssl, acc: 0.198, hamming: 0.905
[2023-10-13 16:44:24,680][INFO][base_model:51] - snapshot saved to /home/ngr/repos/sleep_freq-pretraining/models/exp001b-m6-simple_multi_class-2023-10-13_16-21-12-final.pth
[2023-10-13 16:44:32,539][INFO][freq_trainer:114] - train epoch: 18 [9920/100000 (10%)], lr: ['1.00e-04'], loss: 0.211376
[2023-10-13 16:44:39,884][INFO][freq_trainer:114] - train epoch: 18 [19904/100000 (20%)], lr: ['1.00e-04'], loss: 0.228441
[2023-10-13 16:44:47,118][INFO][freq_trainer:114] - train epoch: 18 [29888/100000 (30%)], lr: ['1.00e-04'], loss: 0.223690
[2023-10-13 16:44:53,972][INFO][freq_trainer:114] - train epoch: 18 [39872/100000 (40%)], lr: ['1.00e-04'], loss: 0.235735
[2023-10-13 16:45:01,733][INFO][freq_trainer:114] - train epoch: 18 [49856/100000 (50%)], lr: ['1.00e-04'], loss: 0.219914
[2023-10-13 16:45:09,082][INFO][freq_trainer:114] - train epoch: 18 [59840/100000 (60%)], lr: ['1.00e-04'], loss: 0.250201
[2023-10-13 16:45:16,974][INFO][freq_trainer:114] - train epoch: 18 [69824/100000 (70%)], lr: ['1.00e-04'], loss: 0.234680
[2023-10-13 16:45:25,013][INFO][freq_trainer:114] - train epoch: 18 [79808/100000 (80%)], lr: ['1.00e-04'], loss: 0.214076
[2023-10-13 16:45:32,561][INFO][freq_trainer:114] - train epoch: 18 [89792/100000 (90%)], lr: ['1.00e-04'], loss: 0.240275
[2023-10-13 16:45:40,659][INFO][freq_trainer:114] - train epoch: 18 [99776/100000 (100%)], lr: ['1.00e-04'], loss: 0.213379
[2023-10-13 16:45:43,002][INFO][freq_trainer:57] - [epoch  18] execution time: 78.32s	metrics:
[2023-10-13 16:45:43,002][INFO][freq_evaluator:47] - dataset: valid_ssl, acc: 0.194, hamming: 0.905
[2023-10-13 16:45:43,031][INFO][base_model:51] - snapshot saved to /home/ngr/repos/sleep_freq-pretraining/models/exp001b-m6-simple_multi_class-2023-10-13_16-21-12-final.pth
[2023-10-13 16:45:51,100][INFO][freq_trainer:114] - train epoch: 19 [9920/100000 (10%)], lr: ['1.00e-04'], loss: 0.223496
[2023-10-13 16:45:58,589][INFO][freq_trainer:114] - train epoch: 19 [19904/100000 (20%)], lr: ['1.00e-04'], loss: 0.215053
[2023-10-13 16:46:06,095][INFO][freq_trainer:114] - train epoch: 19 [29888/100000 (30%)], lr: ['1.00e-04'], loss: 0.206725
[2023-10-13 16:46:13,976][INFO][freq_trainer:114] - train epoch: 19 [39872/100000 (40%)], lr: ['1.00e-04'], loss: 0.220394
[2023-10-13 16:46:21,189][INFO][freq_trainer:114] - train epoch: 19 [49856/100000 (50%)], lr: ['1.00e-04'], loss: 0.244603
[2023-10-13 16:46:28,610][INFO][freq_trainer:114] - train epoch: 19 [59840/100000 (60%)], lr: ['1.00e-04'], loss: 0.237962
[2023-10-13 16:46:35,610][INFO][freq_trainer:114] - train epoch: 19 [69824/100000 (70%)], lr: ['1.00e-04'], loss: 0.264144
[2023-10-13 16:46:43,503][INFO][freq_trainer:114] - train epoch: 19 [79808/100000 (80%)], lr: ['1.00e-04'], loss: 0.230277
[2023-10-13 16:46:51,046][INFO][freq_trainer:114] - train epoch: 19 [89792/100000 (90%)], lr: ['1.00e-04'], loss: 0.251912
[2023-10-13 16:46:58,556][INFO][freq_trainer:114] - train epoch: 19 [99776/100000 (100%)], lr: ['1.00e-04'], loss: 0.216456
[2023-10-13 16:47:00,912][INFO][freq_trainer:57] - [epoch  19] execution time: 77.88s	metrics:
[2023-10-13 16:47:00,912][INFO][freq_evaluator:47] - dataset: valid_ssl, acc: 0.198, hamming: 0.905
[2023-10-13 16:47:00,941][INFO][base_model:51] - snapshot saved to /home/ngr/repos/sleep_freq-pretraining/models/exp001b-m6-simple_multi_class-2023-10-13_16-21-12-final.pth
[2023-10-13 16:47:09,091][INFO][freq_trainer:114] - train epoch: 20 [9920/100000 (10%)], lr: ['1.00e-04'], loss: 0.216854
[2023-10-13 16:47:16,279][INFO][freq_trainer:114] - train epoch: 20 [19904/100000 (20%)], lr: ['1.00e-04'], loss: 0.230444
[2023-10-13 16:47:23,583][INFO][freq_trainer:114] - train epoch: 20 [29888/100000 (30%)], lr: ['1.00e-04'], loss: 0.222900
[2023-10-13 16:47:30,911][INFO][freq_trainer:114] - train epoch: 20 [39872/100000 (40%)], lr: ['1.00e-04'], loss: 0.238310
[2023-10-13 16:47:38,937][INFO][freq_trainer:114] - train epoch: 20 [49856/100000 (50%)], lr: ['1.00e-04'], loss: 0.213913
[2023-10-13 16:47:46,588][INFO][freq_trainer:114] - train epoch: 20 [59840/100000 (60%)], lr: ['1.00e-04'], loss: 0.211897
[2023-10-13 16:47:54,285][INFO][freq_trainer:114] - train epoch: 20 [69824/100000 (70%)], lr: ['1.00e-04'], loss: 0.213278
[2023-10-13 16:48:02,699][INFO][freq_trainer:114] - train epoch: 20 [79808/100000 (80%)], lr: ['1.00e-04'], loss: 0.209655
[2023-10-13 16:48:10,319][INFO][freq_trainer:114] - train epoch: 20 [89792/100000 (90%)], lr: ['1.00e-04'], loss: 0.240935
[2023-10-13 16:48:17,305][INFO][freq_trainer:114] - train epoch: 20 [99776/100000 (100%)], lr: ['1.00e-04'], loss: 0.224461
[2023-10-13 16:48:19,777][INFO][freq_trainer:57] - [epoch  20] execution time: 78.84s	metrics:
[2023-10-13 16:48:19,777][INFO][freq_evaluator:47] - dataset: valid_ssl, acc: 0.203, hamming: 0.907
[2023-10-13 16:48:19,805][INFO][base_model:51] - snapshot saved to /home/ngr/repos/sleep_freq-pretraining/models/exp001b-m6-simple_multi_class-2023-10-13_16-21-12-final.pth
[2023-10-13 16:48:19,808][INFO][freq_trainer:67] - finished training
