[2023-11-10 22:11:40,210][INFO][pretrain_and_fine-tune:25] - Using GPU 0
[2023-11-10 22:11:40,214][INFO][pretrain_and_fine-tune:35] - overrides:
hydra:
- hydra.launcher.n_jobs=20
- hydra.mode=MULTIRUN
task:
- m_seed_path_sids={seeds:[7,7,7,7,7],subject_ids:{dod_o_h:$\{data.dod_o_h.cv_5_fold.fold_3\}}}
- data.pretraining.n_freqs=20
- general.gpus=[0,1]

[2023-11-10 22:12:06,512][INFO][freq_trainer:43] - metrics before training (epoch 0):
[2023-11-10 22:12:08,449][INFO][freq_evaluator:47] - dataset: valid_pretraining, acc: 0.000, hamming: 0.499
[2023-11-10 22:12:15,583][INFO][freq_trainer:114] - train epoch: 1 [9920/100000 (10%)], lr: ['1.00e-04'], loss: 1.304000
[2023-11-10 22:12:24,288][INFO][freq_trainer:114] - train epoch: 1 [19904/100000 (20%)], lr: ['1.00e-04'], loss: 0.795402
[2023-11-10 22:12:32,188][INFO][freq_trainer:114] - train epoch: 1 [29888/100000 (30%)], lr: ['1.00e-04'], loss: 0.767903
[2023-11-10 22:12:39,844][INFO][freq_trainer:114] - train epoch: 1 [39872/100000 (40%)], lr: ['1.00e-04'], loss: 0.708906
[2023-11-10 22:12:47,333][INFO][freq_trainer:114] - train epoch: 1 [49856/100000 (50%)], lr: ['1.00e-04'], loss: 0.702796
[2023-11-10 22:12:55,184][INFO][freq_trainer:114] - train epoch: 1 [59840/100000 (60%)], lr: ['1.00e-04'], loss: 0.714184
[2023-11-10 22:13:03,075][INFO][freq_trainer:114] - train epoch: 1 [69824/100000 (70%)], lr: ['1.00e-04'], loss: 0.713453
[2023-11-10 22:13:10,415][INFO][freq_trainer:114] - train epoch: 1 [79808/100000 (80%)], lr: ['1.00e-04'], loss: 0.698707
[2023-11-10 22:13:18,235][INFO][freq_trainer:114] - train epoch: 1 [89792/100000 (90%)], lr: ['1.00e-04'], loss: 0.696066
[2023-11-10 22:13:26,350][INFO][freq_trainer:114] - train epoch: 1 [99776/100000 (100%)], lr: ['1.00e-04'], loss: 0.695215
[2023-11-10 22:13:29,027][INFO][freq_trainer:57] - [epoch   1] execution time: 80.58s	metrics:
[2023-11-10 22:13:29,027][INFO][freq_evaluator:47] - dataset: valid_pretraining, acc: 0.000, hamming: 0.480
[2023-11-10 22:13:29,059][INFO][base_model:51] - snapshot saved to ./models/exp003a-m38-simple_multi_class-2023-11-10_19-52-30-final.pth
[2023-11-10 22:13:37,013][INFO][freq_trainer:114] - train epoch: 2 [9920/100000 (10%)], lr: ['1.00e-04'], loss: 0.695265
[2023-11-10 22:13:45,209][INFO][freq_trainer:114] - train epoch: 2 [19904/100000 (20%)], lr: ['1.00e-04'], loss: 0.696907
[2023-11-10 22:13:53,646][INFO][freq_trainer:114] - train epoch: 2 [29888/100000 (30%)], lr: ['1.00e-04'], loss: 0.693998
[2023-11-10 22:14:01,166][INFO][freq_trainer:114] - train epoch: 2 [39872/100000 (40%)], lr: ['1.00e-04'], loss: 0.691707
[2023-11-10 22:14:08,300][INFO][freq_trainer:114] - train epoch: 2 [49856/100000 (50%)], lr: ['1.00e-04'], loss: 0.692878
[2023-11-10 22:14:15,402][INFO][freq_trainer:114] - train epoch: 2 [59840/100000 (60%)], lr: ['1.00e-04'], loss: 0.690273
[2023-11-10 22:14:22,881][INFO][freq_trainer:114] - train epoch: 2 [69824/100000 (70%)], lr: ['1.00e-04'], loss: 0.694289
[2023-11-10 22:14:31,187][INFO][freq_trainer:114] - train epoch: 2 [79808/100000 (80%)], lr: ['1.00e-04'], loss: 0.694478
[2023-11-10 22:14:38,829][INFO][freq_trainer:114] - train epoch: 2 [89792/100000 (90%)], lr: ['1.00e-04'], loss: 0.680189
[2023-11-10 22:14:46,495][INFO][freq_trainer:114] - train epoch: 2 [99776/100000 (100%)], lr: ['1.00e-04'], loss: 0.667980
[2023-11-10 22:14:48,919][INFO][freq_trainer:57] - [epoch   2] execution time: 79.86s	metrics:
[2023-11-10 22:14:48,919][INFO][freq_evaluator:47] - dataset: valid_pretraining, acc: 0.002, hamming: 0.484
[2023-11-10 22:14:48,949][INFO][base_model:51] - snapshot saved to ./models/exp003a-m38-simple_multi_class-2023-11-10_19-52-30-final.pth
[2023-11-10 22:14:57,292][INFO][freq_trainer:114] - train epoch: 3 [9920/100000 (10%)], lr: ['1.00e-04'], loss: 0.676481
[2023-11-10 22:15:04,869][INFO][freq_trainer:114] - train epoch: 3 [19904/100000 (20%)], lr: ['1.00e-04'], loss: 0.661456
[2023-11-10 22:15:12,447][INFO][freq_trainer:114] - train epoch: 3 [29888/100000 (30%)], lr: ['1.00e-04'], loss: 0.659371
[2023-11-10 22:15:20,302][INFO][freq_trainer:114] - train epoch: 3 [39872/100000 (40%)], lr: ['1.00e-04'], loss: 0.672992
[2023-11-10 22:15:28,148][INFO][freq_trainer:114] - train epoch: 3 [49856/100000 (50%)], lr: ['1.00e-04'], loss: 0.635906
[2023-11-10 22:15:35,920][INFO][freq_trainer:114] - train epoch: 3 [59840/100000 (60%)], lr: ['1.00e-04'], loss: 0.635167
[2023-11-10 22:15:43,089][INFO][freq_trainer:114] - train epoch: 3 [69824/100000 (70%)], lr: ['1.00e-04'], loss: 0.641589
[2023-11-10 22:15:50,616][INFO][freq_trainer:114] - train epoch: 3 [79808/100000 (80%)], lr: ['1.00e-04'], loss: 0.648110
[2023-11-10 22:15:58,400][INFO][freq_trainer:114] - train epoch: 3 [89792/100000 (90%)], lr: ['1.00e-04'], loss: 0.633543
[2023-11-10 22:16:05,876][INFO][freq_trainer:114] - train epoch: 3 [99776/100000 (100%)], lr: ['1.00e-04'], loss: 0.642613
[2023-11-10 22:16:08,435][INFO][freq_trainer:57] - [epoch   3] execution time: 79.49s	metrics:
[2023-11-10 22:16:08,435][INFO][freq_evaluator:47] - dataset: valid_pretraining, acc: 0.000, hamming: 0.480
[2023-11-10 22:16:08,467][INFO][base_model:51] - snapshot saved to ./models/exp003a-m38-simple_multi_class-2023-11-10_19-52-30-final.pth
[2023-11-10 22:16:16,882][INFO][freq_trainer:114] - train epoch: 4 [9920/100000 (10%)], lr: ['1.00e-04'], loss: 0.631990
[2023-11-10 22:16:23,916][INFO][freq_trainer:114] - train epoch: 4 [19904/100000 (20%)], lr: ['1.00e-04'], loss: 0.621820
[2023-11-10 22:16:31,468][INFO][freq_trainer:114] - train epoch: 4 [29888/100000 (30%)], lr: ['1.00e-04'], loss: 0.613018
[2023-11-10 22:16:38,975][INFO][freq_trainer:114] - train epoch: 4 [39872/100000 (40%)], lr: ['1.00e-04'], loss: 0.622409
[2023-11-10 22:16:46,575][INFO][freq_trainer:114] - train epoch: 4 [49856/100000 (50%)], lr: ['1.00e-04'], loss: 0.619316
[2023-11-10 22:16:54,447][INFO][freq_trainer:114] - train epoch: 4 [59840/100000 (60%)], lr: ['1.00e-04'], loss: 0.629334
[2023-11-10 22:17:02,075][INFO][freq_trainer:114] - train epoch: 4 [69824/100000 (70%)], lr: ['1.00e-04'], loss: 0.631759
[2023-11-10 22:17:09,563][INFO][freq_trainer:114] - train epoch: 4 [79808/100000 (80%)], lr: ['1.00e-04'], loss: 0.599721
[2023-11-10 22:17:17,022][INFO][freq_trainer:114] - train epoch: 4 [89792/100000 (90%)], lr: ['1.00e-04'], loss: 0.588443
[2023-11-10 22:17:24,765][INFO][freq_trainer:114] - train epoch: 4 [99776/100000 (100%)], lr: ['1.00e-04'], loss: 0.640978
[2023-11-10 22:17:27,090][INFO][freq_trainer:57] - [epoch   4] execution time: 78.62s	metrics:
[2023-11-10 22:17:27,091][INFO][freq_evaluator:47] - dataset: valid_pretraining, acc: 0.000, hamming: 0.480
[2023-11-10 22:17:27,124][INFO][base_model:51] - snapshot saved to ./models/exp003a-m38-simple_multi_class-2023-11-10_19-52-30-final.pth
[2023-11-10 22:17:35,591][INFO][freq_trainer:114] - train epoch: 5 [9920/100000 (10%)], lr: ['1.00e-04'], loss: 0.583423
[2023-11-10 22:17:43,379][INFO][freq_trainer:114] - train epoch: 5 [19904/100000 (20%)], lr: ['1.00e-04'], loss: 0.600183
[2023-11-10 22:17:51,270][INFO][freq_trainer:114] - train epoch: 5 [29888/100000 (30%)], lr: ['1.00e-04'], loss: 0.638540
[2023-11-10 22:17:58,369][INFO][freq_trainer:114] - train epoch: 5 [39872/100000 (40%)], lr: ['1.00e-04'], loss: 0.600066
[2023-11-10 22:18:05,720][INFO][freq_trainer:114] - train epoch: 5 [49856/100000 (50%)], lr: ['1.00e-04'], loss: 0.619779
[2023-11-10 22:18:13,363][INFO][freq_trainer:114] - train epoch: 5 [59840/100000 (60%)], lr: ['1.00e-04'], loss: 0.596684
[2023-11-10 22:18:20,879][INFO][freq_trainer:114] - train epoch: 5 [69824/100000 (70%)], lr: ['1.00e-04'], loss: 0.630263
[2023-11-10 22:18:28,144][INFO][freq_trainer:114] - train epoch: 5 [79808/100000 (80%)], lr: ['1.00e-04'], loss: 0.595448
[2023-11-10 22:18:35,156][INFO][freq_trainer:114] - train epoch: 5 [89792/100000 (90%)], lr: ['1.00e-04'], loss: 0.580701
[2023-11-10 22:18:42,769][INFO][freq_trainer:114] - train epoch: 5 [99776/100000 (100%)], lr: ['1.00e-04'], loss: 0.612739
[2023-11-10 22:18:45,586][INFO][freq_trainer:57] - [epoch   5] execution time: 78.46s	metrics:
[2023-11-10 22:18:45,586][INFO][freq_evaluator:47] - dataset: valid_pretraining, acc: 0.000, hamming: 0.511
[2023-11-10 22:18:45,618][INFO][base_model:51] - snapshot saved to ./models/exp003a-m38-simple_multi_class-2023-11-10_19-52-30-final.pth
[2023-11-10 22:18:53,955][INFO][freq_trainer:114] - train epoch: 6 [9920/100000 (10%)], lr: ['1.00e-04'], loss: 0.594374
[2023-11-10 22:19:01,147][INFO][freq_trainer:114] - train epoch: 6 [19904/100000 (20%)], lr: ['1.00e-04'], loss: 0.576725
[2023-11-10 22:19:08,670][INFO][freq_trainer:114] - train epoch: 6 [29888/100000 (30%)], lr: ['1.00e-04'], loss: 0.568262
[2023-11-10 22:19:16,314][INFO][freq_trainer:114] - train epoch: 6 [39872/100000 (40%)], lr: ['1.00e-04'], loss: 0.607212
[2023-11-10 22:19:24,151][INFO][freq_trainer:114] - train epoch: 6 [49856/100000 (50%)], lr: ['1.00e-04'], loss: 0.562117
[2023-11-10 22:19:32,585][INFO][freq_trainer:114] - train epoch: 6 [59840/100000 (60%)], lr: ['1.00e-04'], loss: 0.572785
[2023-11-10 22:19:39,949][INFO][freq_trainer:114] - train epoch: 6 [69824/100000 (70%)], lr: ['1.00e-04'], loss: 0.554969
[2023-11-10 22:19:47,678][INFO][freq_trainer:114] - train epoch: 6 [79808/100000 (80%)], lr: ['1.00e-04'], loss: 0.555797
[2023-11-10 22:19:55,763][INFO][freq_trainer:114] - train epoch: 6 [89792/100000 (90%)], lr: ['1.00e-04'], loss: 0.576516
[2023-11-10 22:20:03,643][INFO][freq_trainer:114] - train epoch: 6 [99776/100000 (100%)], lr: ['1.00e-04'], loss: 0.543849
[2023-11-10 22:20:06,226][INFO][freq_trainer:57] - [epoch   6] execution time: 80.61s	metrics:
[2023-11-10 22:20:06,227][INFO][freq_evaluator:47] - dataset: valid_pretraining, acc: 0.000, hamming: 0.566
[2023-11-10 22:20:06,262][INFO][base_model:51] - snapshot saved to ./models/exp003a-m38-simple_multi_class-2023-11-10_19-52-30-final.pth
[2023-11-10 22:20:14,508][INFO][freq_trainer:114] - train epoch: 7 [9920/100000 (10%)], lr: ['1.00e-04'], loss: 0.576815
[2023-11-10 22:20:22,591][INFO][freq_trainer:114] - train epoch: 7 [19904/100000 (20%)], lr: ['1.00e-04'], loss: 0.562605
[2023-11-10 22:20:29,889][INFO][freq_trainer:114] - train epoch: 7 [29888/100000 (30%)], lr: ['1.00e-04'], loss: 0.526636
[2023-11-10 22:20:37,988][INFO][freq_trainer:114] - train epoch: 7 [39872/100000 (40%)], lr: ['1.00e-04'], loss: 0.594636
[2023-11-10 22:20:46,127][INFO][freq_trainer:114] - train epoch: 7 [49856/100000 (50%)], lr: ['1.00e-04'], loss: 0.573804
[2023-11-10 22:20:53,760][INFO][freq_trainer:114] - train epoch: 7 [59840/100000 (60%)], lr: ['1.00e-04'], loss: 0.551579
[2023-11-10 22:21:01,805][INFO][freq_trainer:114] - train epoch: 7 [69824/100000 (70%)], lr: ['1.00e-04'], loss: 0.554415
[2023-11-10 22:21:09,698][INFO][freq_trainer:114] - train epoch: 7 [79808/100000 (80%)], lr: ['1.00e-04'], loss: 0.531383
[2023-11-10 22:21:17,721][INFO][freq_trainer:114] - train epoch: 7 [89792/100000 (90%)], lr: ['1.00e-04'], loss: 0.568268
[2023-11-10 22:21:25,545][INFO][freq_trainer:114] - train epoch: 7 [99776/100000 (100%)], lr: ['1.00e-04'], loss: 0.557802
[2023-11-10 22:21:28,335][INFO][freq_trainer:57] - [epoch   7] execution time: 82.07s	metrics:
[2023-11-10 22:21:28,335][INFO][freq_evaluator:47] - dataset: valid_pretraining, acc: 0.059, hamming: 0.733
[2023-11-10 22:21:28,368][INFO][base_model:51] - snapshot saved to ./models/exp003a-m38-simple_multi_class-2023-11-10_19-52-30-final.pth
[2023-11-10 22:21:36,335][INFO][freq_trainer:114] - train epoch: 8 [9920/100000 (10%)], lr: ['1.00e-04'], loss: 0.555445
[2023-11-10 22:21:43,697][INFO][freq_trainer:114] - train epoch: 8 [19904/100000 (20%)], lr: ['1.00e-04'], loss: 0.534536
[2023-11-10 22:21:51,696][INFO][freq_trainer:114] - train epoch: 8 [29888/100000 (30%)], lr: ['1.00e-04'], loss: 0.566761
[2023-11-10 22:21:58,827][INFO][freq_trainer:114] - train epoch: 8 [39872/100000 (40%)], lr: ['1.00e-04'], loss: 0.518076
[2023-11-10 22:22:06,680][INFO][freq_trainer:114] - train epoch: 8 [49856/100000 (50%)], lr: ['1.00e-04'], loss: 0.526332
[2023-11-10 22:22:14,089][INFO][freq_trainer:114] - train epoch: 8 [59840/100000 (60%)], lr: ['1.00e-04'], loss: 0.533359
[2023-11-10 22:22:21,384][INFO][freq_trainer:114] - train epoch: 8 [69824/100000 (70%)], lr: ['1.00e-04'], loss: 0.544691
[2023-11-10 22:22:29,507][INFO][freq_trainer:114] - train epoch: 8 [79808/100000 (80%)], lr: ['1.00e-04'], loss: 0.497969
[2023-11-10 22:22:36,857][INFO][freq_trainer:114] - train epoch: 8 [89792/100000 (90%)], lr: ['1.00e-04'], loss: 0.513115
[2023-11-10 22:22:44,271][INFO][freq_trainer:114] - train epoch: 8 [99776/100000 (100%)], lr: ['1.00e-04'], loss: 0.525953
[2023-11-10 22:22:46,711][INFO][freq_trainer:57] - [epoch   8] execution time: 78.34s	metrics:
[2023-11-10 22:22:46,711][INFO][freq_evaluator:47] - dataset: valid_pretraining, acc: 0.065, hamming: 0.757
[2023-11-10 22:22:46,743][INFO][base_model:51] - snapshot saved to ./models/exp003a-m38-simple_multi_class-2023-11-10_19-52-30-final.pth
[2023-11-10 22:22:54,697][INFO][freq_trainer:114] - train epoch: 9 [9920/100000 (10%)], lr: ['1.00e-04'], loss: 0.513578
[2023-11-10 22:23:02,598][INFO][freq_trainer:114] - train epoch: 9 [19904/100000 (20%)], lr: ['1.00e-04'], loss: 0.486867
[2023-11-10 22:23:10,331][INFO][freq_trainer:114] - train epoch: 9 [29888/100000 (30%)], lr: ['1.00e-04'], loss: 0.504124
[2023-11-10 22:23:17,896][INFO][freq_trainer:114] - train epoch: 9 [39872/100000 (40%)], lr: ['1.00e-04'], loss: 0.519771
[2023-11-10 22:23:25,233][INFO][freq_trainer:114] - train epoch: 9 [49856/100000 (50%)], lr: ['1.00e-04'], loss: 0.502989
[2023-11-10 22:23:32,354][INFO][freq_trainer:114] - train epoch: 9 [59840/100000 (60%)], lr: ['1.00e-04'], loss: 0.488449
[2023-11-10 22:23:40,280][INFO][freq_trainer:114] - train epoch: 9 [69824/100000 (70%)], lr: ['1.00e-04'], loss: 0.488898
[2023-11-10 22:23:47,741][INFO][freq_trainer:114] - train epoch: 9 [79808/100000 (80%)], lr: ['1.00e-04'], loss: 0.504817
[2023-11-10 22:23:55,994][INFO][freq_trainer:114] - train epoch: 9 [89792/100000 (90%)], lr: ['1.00e-04'], loss: 0.475532
[2023-11-10 22:24:03,477][INFO][freq_trainer:114] - train epoch: 9 [99776/100000 (100%)], lr: ['1.00e-04'], loss: 0.433827
[2023-11-10 22:24:05,870][INFO][freq_trainer:57] - [epoch   9] execution time: 79.13s	metrics:
[2023-11-10 22:24:05,871][INFO][freq_evaluator:47] - dataset: valid_pretraining, acc: 0.021, hamming: 0.764
[2023-11-10 22:24:05,907][INFO][base_model:51] - snapshot saved to ./models/exp003a-m38-simple_multi_class-2023-11-10_19-52-30-final.pth
[2023-11-10 22:24:13,202][INFO][freq_trainer:114] - train epoch: 10 [9920/100000 (10%)], lr: ['1.00e-04'], loss: 0.490732
[2023-11-10 22:24:20,576][INFO][freq_trainer:114] - train epoch: 10 [19904/100000 (20%)], lr: ['1.00e-04'], loss: 0.486896
[2023-11-10 22:24:28,291][INFO][freq_trainer:114] - train epoch: 10 [29888/100000 (30%)], lr: ['1.00e-04'], loss: 0.474350
[2023-11-10 22:24:35,488][INFO][freq_trainer:114] - train epoch: 10 [39872/100000 (40%)], lr: ['1.00e-04'], loss: 0.401460
[2023-11-10 22:24:42,816][INFO][freq_trainer:114] - train epoch: 10 [49856/100000 (50%)], lr: ['1.00e-04'], loss: 0.460089
[2023-11-10 22:24:49,836][INFO][freq_trainer:114] - train epoch: 10 [59840/100000 (60%)], lr: ['1.00e-04'], loss: 0.452628
[2023-11-10 22:24:57,629][INFO][freq_trainer:114] - train epoch: 10 [69824/100000 (70%)], lr: ['1.00e-04'], loss: 0.471208
[2023-11-10 22:25:05,786][INFO][freq_trainer:114] - train epoch: 10 [79808/100000 (80%)], lr: ['1.00e-04'], loss: 0.423862
[2023-11-10 22:25:12,311][INFO][freq_trainer:114] - train epoch: 10 [89792/100000 (90%)], lr: ['1.00e-04'], loss: 0.430794
[2023-11-10 22:25:19,718][INFO][freq_trainer:114] - train epoch: 10 [99776/100000 (100%)], lr: ['1.00e-04'], loss: 0.428468
[2023-11-10 22:25:22,150][INFO][freq_trainer:57] - [epoch  10] execution time: 76.24s	metrics:
[2023-11-10 22:25:22,151][INFO][freq_evaluator:47] - dataset: valid_pretraining, acc: 0.081, hamming: 0.799
[2023-11-10 22:25:22,184][INFO][base_model:51] - snapshot saved to ./models/exp003a-m38-simple_multi_class-2023-11-10_19-52-30-final.pth
[2023-11-10 22:25:30,513][INFO][freq_trainer:114] - train epoch: 11 [9920/100000 (10%)], lr: ['1.00e-04'], loss: 0.401976
[2023-11-10 22:25:38,181][INFO][freq_trainer:114] - train epoch: 11 [19904/100000 (20%)], lr: ['1.00e-04'], loss: 0.403297
[2023-11-10 22:25:46,055][INFO][freq_trainer:114] - train epoch: 11 [29888/100000 (30%)], lr: ['1.00e-04'], loss: 0.439812
[2023-11-10 22:25:53,583][INFO][freq_trainer:114] - train epoch: 11 [39872/100000 (40%)], lr: ['1.00e-04'], loss: 0.431234
[2023-11-10 22:26:01,014][INFO][freq_trainer:114] - train epoch: 11 [49856/100000 (50%)], lr: ['1.00e-04'], loss: 0.444016
[2023-11-10 22:26:08,740][INFO][freq_trainer:114] - train epoch: 11 [59840/100000 (60%)], lr: ['1.00e-04'], loss: 0.387099
[2023-11-10 22:26:16,766][INFO][freq_trainer:114] - train epoch: 11 [69824/100000 (70%)], lr: ['1.00e-04'], loss: 0.448987
[2023-11-10 22:26:24,418][INFO][freq_trainer:114] - train epoch: 11 [79808/100000 (80%)], lr: ['1.00e-04'], loss: 0.396644
[2023-11-10 22:26:31,872][INFO][freq_trainer:114] - train epoch: 11 [89792/100000 (90%)], lr: ['1.00e-04'], loss: 0.430082
[2023-11-10 22:26:39,758][INFO][freq_trainer:114] - train epoch: 11 [99776/100000 (100%)], lr: ['1.00e-04'], loss: 0.431316
[2023-11-10 22:26:42,524][INFO][freq_trainer:57] - [epoch  11] execution time: 80.34s	metrics:
[2023-11-10 22:26:42,525][INFO][freq_evaluator:47] - dataset: valid_pretraining, acc: 0.108, hamming: 0.832
[2023-11-10 22:26:42,558][INFO][base_model:51] - snapshot saved to ./models/exp003a-m38-simple_multi_class-2023-11-10_19-52-30-final.pth
[2023-11-10 22:26:51,166][INFO][freq_trainer:114] - train epoch: 12 [9920/100000 (10%)], lr: ['1.00e-04'], loss: 0.377179
[2023-11-10 22:26:58,827][INFO][freq_trainer:114] - train epoch: 12 [19904/100000 (20%)], lr: ['1.00e-04'], loss: 0.401115
[2023-11-10 22:27:05,929][INFO][freq_trainer:114] - train epoch: 12 [29888/100000 (30%)], lr: ['1.00e-04'], loss: 0.356885
[2023-11-10 22:27:14,161][INFO][freq_trainer:114] - train epoch: 12 [39872/100000 (40%)], lr: ['1.00e-04'], loss: 0.380836
[2023-11-10 22:27:22,739][INFO][freq_trainer:114] - train epoch: 12 [49856/100000 (50%)], lr: ['1.00e-04'], loss: 0.388802
[2023-11-10 22:27:30,263][INFO][freq_trainer:114] - train epoch: 12 [59840/100000 (60%)], lr: ['1.00e-04'], loss: 0.389812
[2023-11-10 22:27:38,168][INFO][freq_trainer:114] - train epoch: 12 [69824/100000 (70%)], lr: ['1.00e-04'], loss: 0.347026
[2023-11-10 22:27:46,085][INFO][freq_trainer:114] - train epoch: 12 [79808/100000 (80%)], lr: ['1.00e-04'], loss: 0.324621
[2023-11-10 22:27:53,650][INFO][freq_trainer:114] - train epoch: 12 [89792/100000 (90%)], lr: ['1.00e-04'], loss: 0.384150
[2023-11-10 22:28:01,919][INFO][freq_trainer:114] - train epoch: 12 [99776/100000 (100%)], lr: ['1.00e-04'], loss: 0.325118
[2023-11-10 22:28:04,477][INFO][freq_trainer:57] - [epoch  12] execution time: 81.92s	metrics:
[2023-11-10 22:28:04,477][INFO][freq_evaluator:47] - dataset: valid_pretraining, acc: 0.132, hamming: 0.855
[2023-11-10 22:28:04,864][INFO][base_model:51] - snapshot saved to ./models/exp003a-m38-simple_multi_class-2023-11-10_19-52-30-final.pth
[2023-11-10 22:28:13,437][INFO][freq_trainer:114] - train epoch: 13 [9920/100000 (10%)], lr: ['1.00e-04'], loss: 0.307741
[2023-11-10 22:28:21,602][INFO][freq_trainer:114] - train epoch: 13 [19904/100000 (20%)], lr: ['1.00e-04'], loss: 0.311285
[2023-11-10 22:28:29,236][INFO][freq_trainer:114] - train epoch: 13 [29888/100000 (30%)], lr: ['1.00e-04'], loss: 0.354020
[2023-11-10 22:28:36,667][INFO][freq_trainer:114] - train epoch: 13 [39872/100000 (40%)], lr: ['1.00e-04'], loss: 0.342352
[2023-11-10 22:28:44,197][INFO][freq_trainer:114] - train epoch: 13 [49856/100000 (50%)], lr: ['1.00e-04'], loss: 0.341099
[2023-11-10 22:28:51,412][INFO][freq_trainer:114] - train epoch: 13 [59840/100000 (60%)], lr: ['1.00e-04'], loss: 0.373436
[2023-11-10 22:28:59,251][INFO][freq_trainer:114] - train epoch: 13 [69824/100000 (70%)], lr: ['1.00e-04'], loss: 0.304961
[2023-11-10 22:29:06,699][INFO][freq_trainer:114] - train epoch: 13 [79808/100000 (80%)], lr: ['1.00e-04'], loss: 0.321442
[2023-11-10 22:29:14,301][INFO][freq_trainer:114] - train epoch: 13 [89792/100000 (90%)], lr: ['1.00e-04'], loss: 0.304464
[2023-11-10 22:29:22,078][INFO][freq_trainer:114] - train epoch: 13 [99776/100000 (100%)], lr: ['1.00e-04'], loss: 0.347035
[2023-11-10 22:29:24,595][INFO][freq_trainer:57] - [epoch  13] execution time: 79.73s	metrics:
[2023-11-10 22:29:24,596][INFO][freq_evaluator:47] - dataset: valid_pretraining, acc: 0.138, hamming: 0.864
[2023-11-10 22:29:24,629][INFO][base_model:51] - snapshot saved to ./models/exp003a-m38-simple_multi_class-2023-11-10_19-52-30-final.pth
[2023-11-10 22:29:32,859][INFO][freq_trainer:114] - train epoch: 14 [9920/100000 (10%)], lr: ['1.00e-04'], loss: 0.357924
[2023-11-10 22:29:40,696][INFO][freq_trainer:114] - train epoch: 14 [19904/100000 (20%)], lr: ['1.00e-04'], loss: 0.325006
[2023-11-10 22:29:47,875][INFO][freq_trainer:114] - train epoch: 14 [29888/100000 (30%)], lr: ['1.00e-04'], loss: 0.340377
[2023-11-10 22:29:55,657][INFO][freq_trainer:114] - train epoch: 14 [39872/100000 (40%)], lr: ['1.00e-04'], loss: 0.261782
[2023-11-10 22:30:02,621][INFO][freq_trainer:114] - train epoch: 14 [49856/100000 (50%)], lr: ['1.00e-04'], loss: 0.291026
[2023-11-10 22:30:09,809][INFO][freq_trainer:114] - train epoch: 14 [59840/100000 (60%)], lr: ['1.00e-04'], loss: 0.292639
[2023-11-10 22:30:17,929][INFO][freq_trainer:114] - train epoch: 14 [69824/100000 (70%)], lr: ['1.00e-04'], loss: 0.320601
[2023-11-10 22:30:26,434][INFO][freq_trainer:114] - train epoch: 14 [79808/100000 (80%)], lr: ['1.00e-04'], loss: 0.323222
[2023-11-10 22:30:34,182][INFO][freq_trainer:114] - train epoch: 14 [89792/100000 (90%)], lr: ['1.00e-04'], loss: 0.292935
[2023-11-10 22:30:42,371][INFO][freq_trainer:114] - train epoch: 14 [99776/100000 (100%)], lr: ['1.00e-04'], loss: 0.279289
[2023-11-10 22:30:44,914][INFO][freq_trainer:57] - [epoch  14] execution time: 80.28s	metrics:
[2023-11-10 22:30:44,914][INFO][freq_evaluator:47] - dataset: valid_pretraining, acc: 0.137, hamming: 0.879
[2023-11-10 22:30:45,432][INFO][base_model:51] - snapshot saved to ./models/exp003a-m38-simple_multi_class-2023-11-10_19-52-30-final.pth
[2023-11-10 22:30:53,515][INFO][freq_trainer:114] - train epoch: 15 [9920/100000 (10%)], lr: ['1.00e-04'], loss: 0.292713
[2023-11-10 22:31:01,638][INFO][freq_trainer:114] - train epoch: 15 [19904/100000 (20%)], lr: ['1.00e-04'], loss: 0.283984
[2023-11-10 22:31:09,170][INFO][freq_trainer:114] - train epoch: 15 [29888/100000 (30%)], lr: ['1.00e-04'], loss: 0.302861
[2023-11-10 22:31:17,250][INFO][freq_trainer:114] - train epoch: 15 [39872/100000 (40%)], lr: ['1.00e-04'], loss: 0.304085
[2023-11-10 22:31:25,347][INFO][freq_trainer:114] - train epoch: 15 [49856/100000 (50%)], lr: ['1.00e-04'], loss: 0.283248
[2023-11-10 22:31:33,054][INFO][freq_trainer:114] - train epoch: 15 [59840/100000 (60%)], lr: ['1.00e-04'], loss: 0.296841
[2023-11-10 22:31:40,529][INFO][freq_trainer:114] - train epoch: 15 [69824/100000 (70%)], lr: ['1.00e-04'], loss: 0.276365
[2023-11-10 22:31:48,421][INFO][freq_trainer:114] - train epoch: 15 [79808/100000 (80%)], lr: ['1.00e-04'], loss: 0.251851
[2023-11-10 22:31:57,000][INFO][freq_trainer:114] - train epoch: 15 [89792/100000 (90%)], lr: ['1.00e-04'], loss: 0.270727
[2023-11-10 22:32:04,724][INFO][freq_trainer:114] - train epoch: 15 [99776/100000 (100%)], lr: ['1.00e-04'], loss: 0.295467
[2023-11-10 22:32:07,458][INFO][freq_trainer:57] - [epoch  15] execution time: 82.03s	metrics:
[2023-11-10 22:32:07,459][INFO][freq_evaluator:47] - dataset: valid_pretraining, acc: 0.163, hamming: 0.891
[2023-11-10 22:32:07,491][INFO][base_model:51] - snapshot saved to ./models/exp003a-m38-simple_multi_class-2023-11-10_19-52-30-final.pth
[2023-11-10 22:32:16,129][INFO][freq_trainer:114] - train epoch: 16 [9920/100000 (10%)], lr: ['1.00e-04'], loss: 0.257170
[2023-11-10 22:32:23,545][INFO][freq_trainer:114] - train epoch: 16 [19904/100000 (20%)], lr: ['1.00e-04'], loss: 0.279015
[2023-11-10 22:32:30,786][INFO][freq_trainer:114] - train epoch: 16 [29888/100000 (30%)], lr: ['1.00e-04'], loss: 0.218965
[2023-11-10 22:32:37,737][INFO][freq_trainer:114] - train epoch: 16 [39872/100000 (40%)], lr: ['1.00e-04'], loss: 0.284051
[2023-11-10 22:32:45,525][INFO][freq_trainer:114] - train epoch: 16 [49856/100000 (50%)], lr: ['1.00e-04'], loss: 0.253209
[2023-11-10 22:32:53,335][INFO][freq_trainer:114] - train epoch: 16 [59840/100000 (60%)], lr: ['1.00e-04'], loss: 0.284513
[2023-11-10 22:33:01,273][INFO][freq_trainer:114] - train epoch: 16 [69824/100000 (70%)], lr: ['1.00e-04'], loss: 0.240167
[2023-11-10 22:33:09,006][INFO][freq_trainer:114] - train epoch: 16 [79808/100000 (80%)], lr: ['1.00e-04'], loss: 0.290766
[2023-11-10 22:33:16,692][INFO][freq_trainer:114] - train epoch: 16 [89792/100000 (90%)], lr: ['1.00e-04'], loss: 0.243898
[2023-11-10 22:33:24,174][INFO][freq_trainer:114] - train epoch: 16 [99776/100000 (100%)], lr: ['1.00e-04'], loss: 0.234832
[2023-11-10 22:33:26,396][INFO][freq_trainer:57] - [epoch  16] execution time: 78.91s	metrics:
[2023-11-10 22:33:26,397][INFO][freq_evaluator:47] - dataset: valid_pretraining, acc: 0.177, hamming: 0.900
[2023-11-10 22:33:26,430][INFO][base_model:51] - snapshot saved to ./models/exp003a-m38-simple_multi_class-2023-11-10_19-52-30-final.pth
[2023-11-10 22:33:34,467][INFO][freq_trainer:114] - train epoch: 17 [9920/100000 (10%)], lr: ['1.00e-04'], loss: 0.255384
[2023-11-10 22:33:41,533][INFO][freq_trainer:114] - train epoch: 17 [19904/100000 (20%)], lr: ['1.00e-04'], loss: 0.262829
[2023-11-10 22:33:49,415][INFO][freq_trainer:114] - train epoch: 17 [29888/100000 (30%)], lr: ['1.00e-04'], loss: 0.256241
[2023-11-10 22:33:56,313][INFO][freq_trainer:114] - train epoch: 17 [39872/100000 (40%)], lr: ['1.00e-04'], loss: 0.283946
[2023-11-10 22:34:03,520][INFO][freq_trainer:114] - train epoch: 17 [49856/100000 (50%)], lr: ['1.00e-04'], loss: 0.237585
[2023-11-10 22:34:12,025][INFO][freq_trainer:114] - train epoch: 17 [59840/100000 (60%)], lr: ['1.00e-04'], loss: 0.259172
[2023-11-10 22:34:19,395][INFO][freq_trainer:114] - train epoch: 17 [69824/100000 (70%)], lr: ['1.00e-04'], loss: 0.256971
[2023-11-10 22:34:27,331][INFO][freq_trainer:114] - train epoch: 17 [79808/100000 (80%)], lr: ['1.00e-04'], loss: 0.241610
[2023-11-10 22:34:34,646][INFO][freq_trainer:114] - train epoch: 17 [89792/100000 (90%)], lr: ['1.00e-04'], loss: 0.246540
[2023-11-10 22:34:43,029][INFO][freq_trainer:114] - train epoch: 17 [99776/100000 (100%)], lr: ['1.00e-04'], loss: 0.229442
[2023-11-10 22:34:45,476][INFO][freq_trainer:57] - [epoch  17] execution time: 79.04s	metrics:
[2023-11-10 22:34:45,476][INFO][freq_evaluator:47] - dataset: valid_pretraining, acc: 0.194, hamming: 0.901
[2023-11-10 22:34:45,552][INFO][base_model:51] - snapshot saved to ./models/exp003a-m38-simple_multi_class-2023-11-10_19-52-30-final.pth
[2023-11-10 22:34:53,796][INFO][freq_trainer:114] - train epoch: 18 [9920/100000 (10%)], lr: ['1.00e-04'], loss: 0.237237
[2023-11-10 22:35:01,726][INFO][freq_trainer:114] - train epoch: 18 [19904/100000 (20%)], lr: ['1.00e-04'], loss: 0.230170
[2023-11-10 22:35:10,382][INFO][freq_trainer:114] - train epoch: 18 [29888/100000 (30%)], lr: ['1.00e-04'], loss: 0.238321
[2023-11-10 22:35:18,018][INFO][freq_trainer:114] - train epoch: 18 [39872/100000 (40%)], lr: ['1.00e-04'], loss: 0.233187
[2023-11-10 22:35:25,663][INFO][freq_trainer:114] - train epoch: 18 [49856/100000 (50%)], lr: ['1.00e-04'], loss: 0.249062
[2023-11-10 22:35:33,309][INFO][freq_trainer:114] - train epoch: 18 [59840/100000 (60%)], lr: ['1.00e-04'], loss: 0.232603
[2023-11-10 22:35:41,334][INFO][freq_trainer:114] - train epoch: 18 [69824/100000 (70%)], lr: ['1.00e-04'], loss: 0.243407
[2023-11-10 22:35:49,360][INFO][freq_trainer:114] - train epoch: 18 [79808/100000 (80%)], lr: ['1.00e-04'], loss: 0.215116
[2023-11-10 22:35:57,110][INFO][freq_trainer:114] - train epoch: 18 [89792/100000 (90%)], lr: ['1.00e-04'], loss: 0.226407
[2023-11-10 22:36:04,933][INFO][freq_trainer:114] - train epoch: 18 [99776/100000 (100%)], lr: ['1.00e-04'], loss: 0.216306
[2023-11-10 22:36:07,643][INFO][freq_trainer:57] - [epoch  18] execution time: 82.09s	metrics:
[2023-11-10 22:36:07,644][INFO][freq_evaluator:47] - dataset: valid_pretraining, acc: 0.195, hamming: 0.905
[2023-11-10 22:36:07,679][INFO][base_model:51] - snapshot saved to ./models/exp003a-m38-simple_multi_class-2023-11-10_19-52-30-final.pth
[2023-11-10 22:36:15,509][INFO][freq_trainer:114] - train epoch: 19 [9920/100000 (10%)], lr: ['1.00e-04'], loss: 0.205777
[2023-11-10 22:36:23,204][INFO][freq_trainer:114] - train epoch: 19 [19904/100000 (20%)], lr: ['1.00e-04'], loss: 0.239346
[2023-11-10 22:36:30,520][INFO][freq_trainer:114] - train epoch: 19 [29888/100000 (30%)], lr: ['1.00e-04'], loss: 0.221637
[2023-11-10 22:36:37,784][INFO][freq_trainer:114] - train epoch: 19 [39872/100000 (40%)], lr: ['1.00e-04'], loss: 0.208319
[2023-11-10 22:36:45,634][INFO][freq_trainer:114] - train epoch: 19 [49856/100000 (50%)], lr: ['1.00e-04'], loss: 0.238701
[2023-11-10 22:36:52,749][INFO][freq_trainer:114] - train epoch: 19 [59840/100000 (60%)], lr: ['1.00e-04'], loss: 0.234121
[2023-11-10 22:37:00,225][INFO][freq_trainer:114] - train epoch: 19 [69824/100000 (70%)], lr: ['1.00e-04'], loss: 0.227756
[2023-11-10 22:37:07,580][INFO][freq_trainer:114] - train epoch: 19 [79808/100000 (80%)], lr: ['1.00e-04'], loss: 0.212214
[2023-11-10 22:37:15,264][INFO][freq_trainer:114] - train epoch: 19 [89792/100000 (90%)], lr: ['1.00e-04'], loss: 0.211288
[2023-11-10 22:37:22,509][INFO][freq_trainer:114] - train epoch: 19 [99776/100000 (100%)], lr: ['1.00e-04'], loss: 0.215764
[2023-11-10 22:37:24,868][INFO][freq_trainer:57] - [epoch  19] execution time: 77.19s	metrics:
[2023-11-10 22:37:24,869][INFO][freq_evaluator:47] - dataset: valid_pretraining, acc: 0.197, hamming: 0.906
[2023-11-10 22:37:24,901][INFO][base_model:51] - snapshot saved to ./models/exp003a-m38-simple_multi_class-2023-11-10_19-52-30-final.pth
[2023-11-10 22:37:32,772][INFO][freq_trainer:114] - train epoch: 20 [9920/100000 (10%)], lr: ['1.00e-04'], loss: 0.248393
[2023-11-10 22:37:41,428][INFO][freq_trainer:114] - train epoch: 20 [19904/100000 (20%)], lr: ['1.00e-04'], loss: 0.207073
[2023-11-10 22:37:49,406][INFO][freq_trainer:114] - train epoch: 20 [29888/100000 (30%)], lr: ['1.00e-04'], loss: 0.228296
[2023-11-10 22:37:57,517][INFO][freq_trainer:114] - train epoch: 20 [39872/100000 (40%)], lr: ['1.00e-04'], loss: 0.224198
[2023-11-10 22:38:05,296][INFO][freq_trainer:114] - train epoch: 20 [49856/100000 (50%)], lr: ['1.00e-04'], loss: 0.242207
[2023-11-10 22:38:12,304][INFO][freq_trainer:114] - train epoch: 20 [59840/100000 (60%)], lr: ['1.00e-04'], loss: 0.237078
[2023-11-10 22:38:20,408][INFO][freq_trainer:114] - train epoch: 20 [69824/100000 (70%)], lr: ['1.00e-04'], loss: 0.202989
[2023-11-10 22:38:27,573][INFO][freq_trainer:114] - train epoch: 20 [79808/100000 (80%)], lr: ['1.00e-04'], loss: 0.240252
[2023-11-10 22:38:35,432][INFO][freq_trainer:114] - train epoch: 20 [89792/100000 (90%)], lr: ['1.00e-04'], loss: 0.224651
[2023-11-10 22:38:43,319][INFO][freq_trainer:114] - train epoch: 20 [99776/100000 (100%)], lr: ['1.00e-04'], loss: 0.206022
[2023-11-10 22:38:45,734][INFO][freq_trainer:57] - [epoch  20] execution time: 80.83s	metrics:
[2023-11-10 22:38:45,735][INFO][freq_evaluator:47] - dataset: valid_pretraining, acc: 0.196, hamming: 0.906
[2023-11-10 22:38:45,769][INFO][base_model:51] - snapshot saved to ./models/exp003a-m38-simple_multi_class-2023-11-10_19-52-30-final.pth
[2023-11-10 22:38:45,773][INFO][freq_trainer:67] - finished training
[2023-11-10 22:38:48,523][INFO][data_loaders:39] - class distribution before data reduction:
# samples per subject
02fb158a-a658-51ee-89cf-1e1dc2ebfde1: 861
03341d0d-5927-5838-8a5f-1b8ef39d8f57: 1063
039ce8ad-a7fa-5272-a3e3-1f4bfebdd087: 915
095d6e40-5f19-55b6-a0ec-6e0ad3793da0: 1192
100df108-eb57-5eaa-a413-f7e4436a7895: 952
130f3f52-7d0a-551e-af61-2ee75455e5c9: 989
14c012bd-65b0-56f5-bc74-2dffcea69837: 969
16450f5a-9b65-5536-85e1-93816c8b89eb: 816
18ede714-aba3-5ad8-bb1a-18fc9b1c4192: 995
2159377e-ebf3-5565-9014-1e2ae69dc1d2: 907
2d01dc34-f36c-562e-b24a-d20dc798fdfc: 837
30e8a05b-4cf1-5aa8-9ef7-28d6e2949ad5: 699
37d0da97-9ae8-5413-b889-4e843ff35488: 1011
40e25dd4-6087-5747-b9c2-4838ada86b15: 1076
47f45aa2-31c4-595b-bdb6-f1348bba062b: 1032
4b72b905-5521-5c57-b666-e20ff9bb195f: 868
4e3c4ac4-69e2-5347-a3b0-662c204d259d: 926
52fbe46b-206c-584a-9f4f-1eb308e07bac: 1064
5b94ec8a-c34d-5e45-84d1-bec2ea965609: 1090
5bf0f969-304c-581e-949c-50c108f62846: 947
5ddbc68c-1283-5c27-952b-d7f102291bc2: 1097
64959ac4-53b5-5868-a845-c7476e9fdf7b: 990
742f1592-627c-54eb-bbb5-ccd55ffae33a: 975
769df255-2284-50b3-8917-2155c759fbbd: 929
79e8a04e-0fdd-53ae-bedc-d49d08e29103: 918
7ab8ff5f-a77f-567d-9882-f8bee0c3c9bf: 989
7d778801-88e7-5086-ad1d-70f31a371876: 999
7f5237b1-2196-5c8a-9543-a5aa70210ef4: 931
83c1394e-9c69-5c11-9102-9ff8d59b1cfd: 1011
844f68ba-265e-53e6-bf47-6c85d1804a7b: 957
a0c91989-530f-5117-80c1-2488dbed683c: 1017
a25b2296-343b-53f6-8792-ada2669d466e: 1008
a35a118e-e65e-5928-92a9-4354a6a0f4ce: 813
a6254c8a-f1b2-5736-b601-18245dd5e0a5: 1084
a79d1f0e-c133-5aa0-8268-cdcc05825f0f: 1046
aa160c78-6da3-5e05-8fc9-d6c13e9f97e0: 1010
aadc9e0c-b7c3-5a47-851d-f21971d10935: 969
ad47bc12-199c-5294-9cb8-4351bbbf7b5e: 893
b2d3ccdd-395c-5dd2-81d9-252bcfc0c337: 902
b3706da5-748b-5dd1-a552-f57e4456cdf6: 1041
b5d5785d-87ee-5078-b9b9-aac6abd4d8de: 918
bb474ab0-c2ce-573b-8acd-ef86b0fa26a2: 1142
c03e27b0-4cb5-584f-aaea-8f1e1ed6513c: 1121
c11c730f-0b6b-580b-af31-d8f0ebbbdfce: 917
c31a47f9-e400-5841-a22b-521c81042603: 986
c985916d-46a5-5c3e-9d50-a5a91f460bac: 1024
cc3b4b63-4a6f-5f28-ac7e-62f83c271449: 1076
cebd3520-4e77-5222-a614-d2888e6afc2b: 1109
d3cadb78-cb8c-5a6e-885c-392e457c68b1: 982
d5181c33-a43b-5dfe-8ad7-0337facb092a: 977
e59c45e0-0c0c-565f-84a9-6cf0ec5ef6c1: 844
e72505f1-21be-5d66-b620-cfcfa2d754bc: 973
e8ec8ec4-dc48-50ce-985a-a06d87861030: 975
eb95076c-c470-56a4-b788-ace310f061c6: 965
f2a69bdc-ed51-5e3f-b102-6b3f7d392be0: 960
f66bc75e-778b-5037-af86-b5275cd4c79f: 865

# samples per stage
0: 9349
1: 2953
2: 26829
3: 6330
4: 9161
[2023-11-10 22:38:48,700][INFO][data_loaders:43] - class distribution after data reduction:
# samples per subject
02fb158a-a658-51ee-89cf-1e1dc2ebfde1: 861
03341d0d-5927-5838-8a5f-1b8ef39d8f57: 1063
039ce8ad-a7fa-5272-a3e3-1f4bfebdd087: 915
095d6e40-5f19-55b6-a0ec-6e0ad3793da0: 1192
100df108-eb57-5eaa-a413-f7e4436a7895: 952
130f3f52-7d0a-551e-af61-2ee75455e5c9: 989
14c012bd-65b0-56f5-bc74-2dffcea69837: 969
16450f5a-9b65-5536-85e1-93816c8b89eb: 816
18ede714-aba3-5ad8-bb1a-18fc9b1c4192: 995
2159377e-ebf3-5565-9014-1e2ae69dc1d2: 907
2d01dc34-f36c-562e-b24a-d20dc798fdfc: 837
30e8a05b-4cf1-5aa8-9ef7-28d6e2949ad5: 699
37d0da97-9ae8-5413-b889-4e843ff35488: 1011
40e25dd4-6087-5747-b9c2-4838ada86b15: 1076
47f45aa2-31c4-595b-bdb6-f1348bba062b: 1032
4b72b905-5521-5c57-b666-e20ff9bb195f: 868
4e3c4ac4-69e2-5347-a3b0-662c204d259d: 926
52fbe46b-206c-584a-9f4f-1eb308e07bac: 1064
5b94ec8a-c34d-5e45-84d1-bec2ea965609: 1090
5bf0f969-304c-581e-949c-50c108f62846: 947
5ddbc68c-1283-5c27-952b-d7f102291bc2: 1097
64959ac4-53b5-5868-a845-c7476e9fdf7b: 990
742f1592-627c-54eb-bbb5-ccd55ffae33a: 975
769df255-2284-50b3-8917-2155c759fbbd: 929
79e8a04e-0fdd-53ae-bedc-d49d08e29103: 918
7ab8ff5f-a77f-567d-9882-f8bee0c3c9bf: 989
7d778801-88e7-5086-ad1d-70f31a371876: 999
7f5237b1-2196-5c8a-9543-a5aa70210ef4: 931
83c1394e-9c69-5c11-9102-9ff8d59b1cfd: 1011
844f68ba-265e-53e6-bf47-6c85d1804a7b: 957
a0c91989-530f-5117-80c1-2488dbed683c: 1017
a25b2296-343b-53f6-8792-ada2669d466e: 1008
a35a118e-e65e-5928-92a9-4354a6a0f4ce: 813
a6254c8a-f1b2-5736-b601-18245dd5e0a5: 1084
a79d1f0e-c133-5aa0-8268-cdcc05825f0f: 1046
aa160c78-6da3-5e05-8fc9-d6c13e9f97e0: 1010
aadc9e0c-b7c3-5a47-851d-f21971d10935: 969
ad47bc12-199c-5294-9cb8-4351bbbf7b5e: 893
b2d3ccdd-395c-5dd2-81d9-252bcfc0c337: 902
b3706da5-748b-5dd1-a552-f57e4456cdf6: 1041
b5d5785d-87ee-5078-b9b9-aac6abd4d8de: 918
bb474ab0-c2ce-573b-8acd-ef86b0fa26a2: 1142
c03e27b0-4cb5-584f-aaea-8f1e1ed6513c: 1121
c11c730f-0b6b-580b-af31-d8f0ebbbdfce: 917
c31a47f9-e400-5841-a22b-521c81042603: 986
c985916d-46a5-5c3e-9d50-a5a91f460bac: 1024
cc3b4b63-4a6f-5f28-ac7e-62f83c271449: 1076
cebd3520-4e77-5222-a614-d2888e6afc2b: 1109
d3cadb78-cb8c-5a6e-885c-392e457c68b1: 982
d5181c33-a43b-5dfe-8ad7-0337facb092a: 977
e59c45e0-0c0c-565f-84a9-6cf0ec5ef6c1: 844
e72505f1-21be-5d66-b620-cfcfa2d754bc: 973
e8ec8ec4-dc48-50ce-985a-a06d87861030: 975
eb95076c-c470-56a4-b788-ace310f061c6: 965
f2a69bdc-ed51-5e3f-b102-6b3f7d392be0: 960
f66bc75e-778b-5037-af86-b5275cd4c79f: 865

# samples per stage
0: 9349
1: 2953
2: 26829
3: 6330
4: 9161
[2023-11-10 22:38:48,720][INFO][base_ssl_fe:55] - Loading model from ./models/exp003a-m38-simple_multi_class-2023-11-10_19-52-30-final.pth
[2023-11-10 22:38:49,095][INFO][data_loaders:39] - class distribution before data reduction:
# samples per subject
119f9726-eb4c-5a0e-a7bb-9e15256149a1: 932
1fa6c401-d819-50f5-8146-a0bb9e2b2516: 986
22bea84c-5d23-5e49-bc2d-9764f883955b: 1048
25a6b2b0-4d09-561b-82c6-f09bb271d3be: 1063
6a7503ac-ab3a-5d5b-b474-4b0fe37748dd: 1213
a4568951-bf87-5bbc-bc4f-28e93c360be6: 975
b3534fa3-7676-50dc-8412-07f0eff4f7a9: 757
fc10ee0b-b863-511b-bce8-4dfa7af8ac3a: 910

# samples per stage
0: 1488
1: 471
2: 3840
3: 919
4: 1166
[2023-11-10 22:38:49,118][INFO][data_loaders:43] - class distribution after data reduction:
# samples per subject
119f9726-eb4c-5a0e-a7bb-9e15256149a1: 932
1fa6c401-d819-50f5-8146-a0bb9e2b2516: 986
22bea84c-5d23-5e49-bc2d-9764f883955b: 1048
25a6b2b0-4d09-561b-82c6-f09bb271d3be: 1063
6a7503ac-ab3a-5d5b-b474-4b0fe37748dd: 1213
a4568951-bf87-5bbc-bc4f-28e93c360be6: 975
b3534fa3-7676-50dc-8412-07f0eff4f7a9: 757
fc10ee0b-b863-511b-bce8-4dfa7af8ac3a: 910

# samples per stage
0: 1488
1: 471
2: 3840
3: 919
4: 1166
[2023-11-10 22:38:49,134][INFO][clas_trainer:49] - metrics before training (epoch 0):
[2023-11-10 22:39:12,761][INFO][clas_evaluator:99] - dataset: earlystopping, avg f1-score: 0.1607
[2023-11-10 22:39:27,486][INFO][clas_trainer:133] - train epoch: 1 [5408/54622 (10%)], lr: ['1.00e-04'], loss: 0.990027
[2023-11-10 22:39:41,622][INFO][clas_trainer:133] - train epoch: 1 [10848/54622 (20%)], lr: ['1.00e-04'], loss: 0.683130
[2023-11-10 22:39:56,935][INFO][clas_trainer:133] - train epoch: 1 [16288/54622 (30%)], lr: ['1.00e-04'], loss: 0.431678
[2023-11-10 22:40:12,152][INFO][clas_trainer:133] - train epoch: 1 [21728/54622 (40%)], lr: ['1.00e-04'], loss: 0.454640
[2023-11-10 22:40:27,064][INFO][clas_trainer:133] - train epoch: 1 [27168/54622 (50%)], lr: ['1.00e-04'], loss: 0.647950
[2023-11-10 22:40:41,088][INFO][clas_trainer:133] - train epoch: 1 [32608/54622 (60%)], lr: ['1.00e-04'], loss: 0.331872
[2023-11-10 22:40:55,311][INFO][clas_trainer:133] - train epoch: 1 [38048/54622 (70%)], lr: ['1.00e-04'], loss: 0.755427
[2023-11-10 22:41:09,957][INFO][clas_trainer:133] - train epoch: 1 [43488/54622 (80%)], lr: ['1.00e-04'], loss: 0.414509
[2023-11-10 22:41:24,408][INFO][clas_trainer:133] - train epoch: 1 [48928/54622 (90%)], lr: ['1.00e-04'], loss: 0.285800
[2023-11-10 22:41:38,500][INFO][clas_trainer:133] - train epoch: 1 [54368/54622 (100%)], lr: ['1.00e-04'], loss: 0.529431
[2023-11-10 22:42:01,990][INFO][clas_trainer:63] - [epoch   1] execution time: 169.23s	metrics:
[2023-11-10 22:42:01,990][INFO][clas_evaluator:99] - dataset: earlystopping, avg f1-score: 0.7065
[2023-11-10 22:42:02,052][INFO][base_model:51] - snapshot saved to ./models/exp003a-m38-base_fe_clas-2023-11-10_19-52-30-final.pth
[2023-11-10 22:42:17,399][INFO][clas_trainer:133] - train epoch: 2 [5408/54622 (10%)], lr: ['1.00e-04'], loss: 0.474610
[2023-11-10 22:42:31,318][INFO][clas_trainer:133] - train epoch: 2 [10848/54622 (20%)], lr: ['1.00e-04'], loss: 0.609380
[2023-11-10 22:42:45,895][INFO][clas_trainer:133] - train epoch: 2 [16288/54622 (30%)], lr: ['1.00e-04'], loss: 0.524497
[2023-11-10 22:43:00,132][INFO][clas_trainer:133] - train epoch: 2 [21728/54622 (40%)], lr: ['1.00e-04'], loss: 0.613432
[2023-11-10 22:43:14,568][INFO][clas_trainer:133] - train epoch: 2 [27168/54622 (50%)], lr: ['1.00e-04'], loss: 0.563101
[2023-11-10 22:43:28,639][INFO][clas_trainer:133] - train epoch: 2 [32608/54622 (60%)], lr: ['1.00e-04'], loss: 0.398313
[2023-11-10 22:43:43,168][INFO][clas_trainer:133] - train epoch: 2 [38048/54622 (70%)], lr: ['1.00e-04'], loss: 0.610837
[2023-11-10 22:43:57,474][INFO][clas_trainer:133] - train epoch: 2 [43488/54622 (80%)], lr: ['1.00e-04'], loss: 0.629087
[2023-11-10 22:44:11,789][INFO][clas_trainer:133] - train epoch: 2 [48928/54622 (90%)], lr: ['1.00e-04'], loss: 0.578882
[2023-11-10 22:44:25,950][INFO][clas_trainer:133] - train epoch: 2 [54368/54622 (100%)], lr: ['1.00e-04'], loss: 0.301571
[2023-11-10 22:44:49,327][INFO][clas_trainer:63] - [epoch   2] execution time: 167.27s	metrics:
[2023-11-10 22:44:49,327][INFO][clas_evaluator:99] - dataset: earlystopping, avg f1-score: 0.7257
[2023-11-10 22:44:49,386][INFO][base_model:51] - snapshot saved to ./models/exp003a-m38-base_fe_clas-2023-11-10_19-52-30-final.pth
[2023-11-10 22:45:04,518][INFO][clas_trainer:133] - train epoch: 3 [5408/54622 (10%)], lr: ['1.00e-04'], loss: 0.484834
[2023-11-10 22:45:18,807][INFO][clas_trainer:133] - train epoch: 3 [10848/54622 (20%)], lr: ['1.00e-04'], loss: 0.544778
[2023-11-10 22:45:33,749][INFO][clas_trainer:133] - train epoch: 3 [16288/54622 (30%)], lr: ['1.00e-04'], loss: 0.378930
[2023-11-10 22:45:49,221][INFO][clas_trainer:133] - train epoch: 3 [21728/54622 (40%)], lr: ['1.00e-04'], loss: 0.385354
[2023-11-10 22:46:03,230][INFO][clas_trainer:133] - train epoch: 3 [27168/54622 (50%)], lr: ['1.00e-04'], loss: 0.562402
[2023-11-10 22:46:17,828][INFO][clas_trainer:133] - train epoch: 3 [32608/54622 (60%)], lr: ['1.00e-04'], loss: 0.498681
[2023-11-10 22:46:32,576][INFO][clas_trainer:133] - train epoch: 3 [38048/54622 (70%)], lr: ['1.00e-04'], loss: 0.206626
[2023-11-10 22:46:47,423][INFO][clas_trainer:133] - train epoch: 3 [43488/54622 (80%)], lr: ['1.00e-04'], loss: 0.390990
[2023-11-10 22:47:02,109][INFO][clas_trainer:133] - train epoch: 3 [48928/54622 (90%)], lr: ['1.00e-04'], loss: 0.390763
[2023-11-10 22:47:17,144][INFO][clas_trainer:133] - train epoch: 3 [54368/54622 (100%)], lr: ['1.00e-04'], loss: 0.224842
[2023-11-10 22:47:40,831][INFO][clas_trainer:63] - [epoch   3] execution time: 171.44s	metrics:
[2023-11-10 22:47:40,831][INFO][clas_evaluator:99] - dataset: earlystopping, avg f1-score: 0.7373
[2023-11-10 22:47:41,238][INFO][base_model:51] - snapshot saved to ./models/exp003a-m38-base_fe_clas-2023-11-10_19-52-30-final.pth
[2023-11-10 22:47:56,484][INFO][clas_trainer:133] - train epoch: 4 [5408/54622 (10%)], lr: ['1.00e-04'], loss: 0.788778
[2023-11-10 22:48:10,530][INFO][clas_trainer:133] - train epoch: 4 [10848/54622 (20%)], lr: ['1.00e-04'], loss: 0.401534
[2023-11-10 22:48:25,686][INFO][clas_trainer:133] - train epoch: 4 [16288/54622 (30%)], lr: ['1.00e-04'], loss: 0.312485
[2023-11-10 22:48:39,777][INFO][clas_trainer:133] - train epoch: 4 [21728/54622 (40%)], lr: ['1.00e-04'], loss: 0.336073
[2023-11-10 22:48:54,805][INFO][clas_trainer:133] - train epoch: 4 [27168/54622 (50%)], lr: ['1.00e-04'], loss: 0.497787
[2023-11-10 22:49:09,452][INFO][clas_trainer:133] - train epoch: 4 [32608/54622 (60%)], lr: ['1.00e-04'], loss: 0.369105
[2023-11-10 22:49:24,118][INFO][clas_trainer:133] - train epoch: 4 [38048/54622 (70%)], lr: ['1.00e-04'], loss: 0.470805
[2023-11-10 22:49:38,948][INFO][clas_trainer:133] - train epoch: 4 [43488/54622 (80%)], lr: ['1.00e-04'], loss: 0.304312
[2023-11-10 22:49:53,142][INFO][clas_trainer:133] - train epoch: 4 [48928/54622 (90%)], lr: ['1.00e-04'], loss: 0.425074
[2023-11-10 22:50:08,249][INFO][clas_trainer:133] - train epoch: 4 [54368/54622 (100%)], lr: ['1.00e-04'], loss: 0.519629
[2023-11-10 22:50:31,515][INFO][clas_trainer:63] - [epoch   4] execution time: 170.28s	metrics:
[2023-11-10 22:50:31,515][INFO][clas_evaluator:99] - dataset: earlystopping, avg f1-score: 0.7096
[2023-11-10 22:50:46,683][INFO][clas_trainer:133] - train epoch: 5 [5408/54622 (10%)], lr: ['1.00e-04'], loss: 0.356717
[2023-11-10 22:51:00,092][INFO][clas_trainer:133] - train epoch: 5 [10848/54622 (20%)], lr: ['1.00e-04'], loss: 0.625885
[2023-11-10 22:51:14,460][INFO][clas_trainer:133] - train epoch: 5 [16288/54622 (30%)], lr: ['1.00e-04'], loss: 0.292809
[2023-11-10 22:51:29,335][INFO][clas_trainer:133] - train epoch: 5 [21728/54622 (40%)], lr: ['1.00e-04'], loss: 0.177778
[2023-11-10 22:51:43,243][INFO][clas_trainer:133] - train epoch: 5 [27168/54622 (50%)], lr: ['1.00e-04'], loss: 0.542215
[2023-11-10 22:51:58,400][INFO][clas_trainer:133] - train epoch: 5 [32608/54622 (60%)], lr: ['1.00e-04'], loss: 0.387080
[2023-11-10 22:52:11,883][INFO][clas_trainer:133] - train epoch: 5 [38048/54622 (70%)], lr: ['1.00e-04'], loss: 0.356233
[2023-11-10 22:52:26,305][INFO][clas_trainer:133] - train epoch: 5 [43488/54622 (80%)], lr: ['1.00e-04'], loss: 0.224225
[2023-11-10 22:52:40,500][INFO][clas_trainer:133] - train epoch: 5 [48928/54622 (90%)], lr: ['1.00e-04'], loss: 0.147639
[2023-11-10 22:52:54,825][INFO][clas_trainer:133] - train epoch: 5 [54368/54622 (100%)], lr: ['1.00e-04'], loss: 0.335666
[2023-11-10 22:53:18,357][INFO][clas_trainer:63] - [epoch   5] execution time: 166.84s	metrics:
[2023-11-10 22:53:18,357][INFO][clas_evaluator:99] - dataset: earlystopping, avg f1-score: 0.7439
[2023-11-10 22:53:18,419][INFO][base_model:51] - snapshot saved to ./models/exp003a-m38-base_fe_clas-2023-11-10_19-52-30-final.pth
[2023-11-10 22:53:33,344][INFO][clas_trainer:133] - train epoch: 6 [5408/54622 (10%)], lr: ['1.00e-04'], loss: 0.446427
[2023-11-10 22:53:47,976][INFO][clas_trainer:133] - train epoch: 6 [10848/54622 (20%)], lr: ['1.00e-04'], loss: 0.493726
[2023-11-10 22:54:02,439][INFO][clas_trainer:133] - train epoch: 6 [16288/54622 (30%)], lr: ['1.00e-04'], loss: 0.276043
[2023-11-10 22:54:16,255][INFO][clas_trainer:133] - train epoch: 6 [21728/54622 (40%)], lr: ['1.00e-04'], loss: 0.928141
[2023-11-10 22:54:31,145][INFO][clas_trainer:133] - train epoch: 6 [27168/54622 (50%)], lr: ['1.00e-04'], loss: 0.369994
[2023-11-10 22:54:46,026][INFO][clas_trainer:133] - train epoch: 6 [32608/54622 (60%)], lr: ['1.00e-04'], loss: 0.289881
[2023-11-10 22:55:00,556][INFO][clas_trainer:133] - train epoch: 6 [38048/54622 (70%)], lr: ['1.00e-04'], loss: 0.349456
[2023-11-10 22:55:14,371][INFO][clas_trainer:133] - train epoch: 6 [43488/54622 (80%)], lr: ['1.00e-04'], loss: 0.507903
[2023-11-10 22:55:28,959][INFO][clas_trainer:133] - train epoch: 6 [48928/54622 (90%)], lr: ['1.00e-04'], loss: 0.249539
[2023-11-10 22:55:43,667][INFO][clas_trainer:133] - train epoch: 6 [54368/54622 (100%)], lr: ['1.00e-04'], loss: 0.297600
[2023-11-10 22:56:07,351][INFO][clas_trainer:63] - [epoch   6] execution time: 168.93s	metrics:
[2023-11-10 22:56:07,352][INFO][clas_evaluator:99] - dataset: earlystopping, avg f1-score: 0.7348
[2023-11-10 22:56:22,730][INFO][clas_trainer:133] - train epoch: 7 [5408/54622 (10%)], lr: ['1.00e-04'], loss: 0.387798
[2023-11-10 22:56:37,094][INFO][clas_trainer:133] - train epoch: 7 [10848/54622 (20%)], lr: ['1.00e-04'], loss: 0.102683
[2023-11-10 22:56:51,653][INFO][clas_trainer:133] - train epoch: 7 [16288/54622 (30%)], lr: ['1.00e-04'], loss: 0.224360
[2023-11-10 22:57:06,478][INFO][clas_trainer:133] - train epoch: 7 [21728/54622 (40%)], lr: ['1.00e-04'], loss: 0.405297
[2023-11-10 22:57:20,801][INFO][clas_trainer:133] - train epoch: 7 [27168/54622 (50%)], lr: ['1.00e-04'], loss: 0.191363
[2023-11-10 22:57:35,276][INFO][clas_trainer:133] - train epoch: 7 [32608/54622 (60%)], lr: ['1.00e-04'], loss: 0.408718
[2023-11-10 22:57:49,902][INFO][clas_trainer:133] - train epoch: 7 [38048/54622 (70%)], lr: ['1.00e-04'], loss: 0.364193
[2023-11-10 22:58:04,014][INFO][clas_trainer:133] - train epoch: 7 [43488/54622 (80%)], lr: ['1.00e-04'], loss: 0.592563
[2023-11-10 22:58:18,470][INFO][clas_trainer:133] - train epoch: 7 [48928/54622 (90%)], lr: ['1.00e-04'], loss: 0.511677
[2023-11-10 22:58:32,783][INFO][clas_trainer:133] - train epoch: 7 [54368/54622 (100%)], lr: ['1.00e-04'], loss: 0.524296
[2023-11-10 22:58:57,152][INFO][clas_trainer:63] - [epoch   7] execution time: 169.80s	metrics:
[2023-11-10 22:58:57,153][INFO][clas_evaluator:99] - dataset: earlystopping, avg f1-score: 0.7220
[2023-11-10 22:59:12,513][INFO][clas_trainer:133] - train epoch: 8 [5408/54622 (10%)], lr: ['1.00e-04'], loss: 0.462592
[2023-11-10 22:59:26,392][INFO][clas_trainer:133] - train epoch: 8 [10848/54622 (20%)], lr: ['1.00e-04'], loss: 0.215242
[2023-11-10 22:59:41,739][INFO][clas_trainer:133] - train epoch: 8 [16288/54622 (30%)], lr: ['1.00e-04'], loss: 0.137877
[2023-11-10 22:59:56,149][INFO][clas_trainer:133] - train epoch: 8 [21728/54622 (40%)], lr: ['1.00e-04'], loss: 0.104324
[2023-11-10 23:00:10,603][INFO][clas_trainer:133] - train epoch: 8 [27168/54622 (50%)], lr: ['1.00e-04'], loss: 0.298840
[2023-11-10 23:00:25,448][INFO][clas_trainer:133] - train epoch: 8 [32608/54622 (60%)], lr: ['1.00e-04'], loss: 0.212891
[2023-11-10 23:00:39,293][INFO][clas_trainer:133] - train epoch: 8 [38048/54622 (70%)], lr: ['1.00e-04'], loss: 0.391111
[2023-11-10 23:00:53,245][INFO][clas_trainer:133] - train epoch: 8 [43488/54622 (80%)], lr: ['1.00e-04'], loss: 0.682669
[2023-11-10 23:01:08,517][INFO][clas_trainer:133] - train epoch: 8 [48928/54622 (90%)], lr: ['1.00e-04'], loss: 0.516885
[2023-11-10 23:01:23,379][INFO][clas_trainer:133] - train epoch: 8 [54368/54622 (100%)], lr: ['1.00e-04'], loss: 0.363655
[2023-11-10 23:01:46,768][INFO][clas_trainer:63] - [epoch   8] execution time: 169.61s	metrics:
[2023-11-10 23:01:46,768][INFO][clas_evaluator:99] - dataset: earlystopping, avg f1-score: 0.7402
[2023-11-10 23:02:02,642][INFO][clas_trainer:133] - train epoch: 9 [5408/54622 (10%)], lr: ['1.00e-04'], loss: 0.320463
[2023-11-10 23:02:17,733][INFO][clas_trainer:133] - train epoch: 9 [10848/54622 (20%)], lr: ['1.00e-04'], loss: 0.232165
[2023-11-10 23:02:31,375][INFO][clas_trainer:133] - train epoch: 9 [16288/54622 (30%)], lr: ['1.00e-04'], loss: 0.574718
[2023-11-10 23:02:46,776][INFO][clas_trainer:133] - train epoch: 9 [21728/54622 (40%)], lr: ['1.00e-04'], loss: 0.500350
[2023-11-10 23:03:01,517][INFO][clas_trainer:133] - train epoch: 9 [27168/54622 (50%)], lr: ['1.00e-04'], loss: 0.347349
[2023-11-10 23:03:15,589][INFO][clas_trainer:133] - train epoch: 9 [32608/54622 (60%)], lr: ['1.00e-04'], loss: 0.524338
[2023-11-10 23:03:30,185][INFO][clas_trainer:133] - train epoch: 9 [38048/54622 (70%)], lr: ['1.00e-04'], loss: 0.381960
[2023-11-10 23:03:44,499][INFO][clas_trainer:133] - train epoch: 9 [43488/54622 (80%)], lr: ['1.00e-04'], loss: 0.426584
[2023-11-10 23:03:58,891][INFO][clas_trainer:133] - train epoch: 9 [48928/54622 (90%)], lr: ['1.00e-04'], loss: 0.216539
[2023-11-10 23:04:13,701][INFO][clas_trainer:133] - train epoch: 9 [54368/54622 (100%)], lr: ['1.00e-04'], loss: 0.130767
[2023-11-10 23:04:38,443][INFO][clas_trainer:63] - [epoch   9] execution time: 171.67s	metrics:
[2023-11-10 23:04:38,443][INFO][clas_evaluator:99] - dataset: earlystopping, avg f1-score: 0.7251
[2023-11-10 23:04:53,345][INFO][clas_trainer:133] - train epoch: 10 [5408/54622 (10%)], lr: ['1.00e-04'], loss: 0.369993
[2023-11-10 23:05:07,802][INFO][clas_trainer:133] - train epoch: 10 [10848/54622 (20%)], lr: ['1.00e-04'], loss: 0.194223
[2023-11-10 23:05:21,902][INFO][clas_trainer:133] - train epoch: 10 [16288/54622 (30%)], lr: ['1.00e-04'], loss: 0.358377
[2023-11-10 23:05:36,235][INFO][clas_trainer:133] - train epoch: 10 [21728/54622 (40%)], lr: ['1.00e-04'], loss: 0.237316
[2023-11-10 23:05:51,159][INFO][clas_trainer:133] - train epoch: 10 [27168/54622 (50%)], lr: ['1.00e-04'], loss: 0.313720
[2023-11-10 23:06:05,554][INFO][clas_trainer:133] - train epoch: 10 [32608/54622 (60%)], lr: ['1.00e-04'], loss: 0.343638
[2023-11-10 23:06:20,456][INFO][clas_trainer:133] - train epoch: 10 [38048/54622 (70%)], lr: ['1.00e-04'], loss: 0.245655
[2023-11-10 23:06:35,051][INFO][clas_trainer:133] - train epoch: 10 [43488/54622 (80%)], lr: ['1.00e-04'], loss: 0.161467
[2023-11-10 23:06:49,240][INFO][clas_trainer:133] - train epoch: 10 [48928/54622 (90%)], lr: ['1.00e-04'], loss: 0.201899
[2023-11-10 23:07:04,162][INFO][clas_trainer:133] - train epoch: 10 [54368/54622 (100%)], lr: ['1.00e-04'], loss: 0.365466
[2023-11-10 23:07:28,722][INFO][clas_trainer:63] - [epoch  10] execution time: 170.28s	metrics:
[2023-11-10 23:07:28,722][INFO][clas_evaluator:99] - dataset: earlystopping, avg f1-score: 0.7421
[2023-11-10 23:07:43,541][INFO][clas_trainer:133] - train epoch: 11 [5408/54622 (10%)], lr: ['1.00e-04'], loss: 0.675712
[2023-11-10 23:07:57,941][INFO][clas_trainer:133] - train epoch: 11 [10848/54622 (20%)], lr: ['1.00e-04'], loss: 0.355898
[2023-11-10 23:08:12,900][INFO][clas_trainer:133] - train epoch: 11 [16288/54622 (30%)], lr: ['1.00e-04'], loss: 0.268700
[2023-11-10 23:08:28,062][INFO][clas_trainer:133] - train epoch: 11 [21728/54622 (40%)], lr: ['1.00e-04'], loss: 0.384620
[2023-11-10 23:08:42,427][INFO][clas_trainer:133] - train epoch: 11 [27168/54622 (50%)], lr: ['1.00e-04'], loss: 0.336793
[2023-11-10 23:08:56,256][INFO][clas_trainer:133] - train epoch: 11 [32608/54622 (60%)], lr: ['1.00e-04'], loss: 0.257900
[2023-11-10 23:09:11,141][INFO][clas_trainer:133] - train epoch: 11 [38048/54622 (70%)], lr: ['1.00e-04'], loss: 0.439951
[2023-11-10 23:09:25,893][INFO][clas_trainer:133] - train epoch: 11 [43488/54622 (80%)], lr: ['1.00e-04'], loss: 0.349715
[2023-11-10 23:09:40,472][INFO][clas_trainer:133] - train epoch: 11 [48928/54622 (90%)], lr: ['1.00e-04'], loss: 0.317257
[2023-11-10 23:09:55,486][INFO][clas_trainer:133] - train epoch: 11 [54368/54622 (100%)], lr: ['1.00e-04'], loss: 0.336975
[2023-11-10 23:10:20,156][INFO][clas_trainer:63] - [epoch  11] execution time: 171.43s	metrics:
[2023-11-10 23:10:20,156][INFO][clas_evaluator:99] - dataset: earlystopping, avg f1-score: 0.7494
[2023-11-10 23:10:20,216][INFO][base_model:51] - snapshot saved to ./models/exp003a-m38-base_fe_clas-2023-11-10_19-52-30-final.pth
[2023-11-10 23:10:35,455][INFO][clas_trainer:133] - train epoch: 12 [5408/54622 (10%)], lr: ['1.00e-04'], loss: 0.218843
[2023-11-10 23:10:50,741][INFO][clas_trainer:133] - train epoch: 12 [10848/54622 (20%)], lr: ['1.00e-04'], loss: 0.149428
[2023-11-10 23:11:04,254][INFO][clas_trainer:133] - train epoch: 12 [16288/54622 (30%)], lr: ['1.00e-04'], loss: 0.308152
[2023-11-10 23:11:19,144][INFO][clas_trainer:133] - train epoch: 12 [21728/54622 (40%)], lr: ['1.00e-04'], loss: 0.389520
[2023-11-10 23:11:33,251][INFO][clas_trainer:133] - train epoch: 12 [27168/54622 (50%)], lr: ['1.00e-04'], loss: 0.183213
[2023-11-10 23:11:47,601][INFO][clas_trainer:133] - train epoch: 12 [32608/54622 (60%)], lr: ['1.00e-04'], loss: 0.250868
[2023-11-10 23:12:01,792][INFO][clas_trainer:133] - train epoch: 12 [38048/54622 (70%)], lr: ['1.00e-04'], loss: 0.196207
[2023-11-10 23:12:16,558][INFO][clas_trainer:133] - train epoch: 12 [43488/54622 (80%)], lr: ['1.00e-04'], loss: 0.140506
[2023-11-10 23:12:31,440][INFO][clas_trainer:133] - train epoch: 12 [48928/54622 (90%)], lr: ['1.00e-04'], loss: 0.241562
[2023-11-10 23:12:45,585][INFO][clas_trainer:133] - train epoch: 12 [54368/54622 (100%)], lr: ['1.00e-04'], loss: 0.256972
[2023-11-10 23:13:08,857][INFO][clas_trainer:63] - [epoch  12] execution time: 168.64s	metrics:
[2023-11-10 23:13:08,857][INFO][clas_evaluator:99] - dataset: earlystopping, avg f1-score: 0.7463
[2023-11-10 23:13:24,761][INFO][clas_trainer:133] - train epoch: 13 [5408/54622 (10%)], lr: ['1.00e-04'], loss: 0.279819
[2023-11-10 23:13:39,379][INFO][clas_trainer:133] - train epoch: 13 [10848/54622 (20%)], lr: ['1.00e-04'], loss: 0.491966
[2023-11-10 23:13:53,886][INFO][clas_trainer:133] - train epoch: 13 [16288/54622 (30%)], lr: ['1.00e-04'], loss: 0.246864
[2023-11-10 23:14:08,707][INFO][clas_trainer:133] - train epoch: 13 [21728/54622 (40%)], lr: ['1.00e-04'], loss: 0.418255
[2023-11-10 23:14:23,880][INFO][clas_trainer:133] - train epoch: 13 [27168/54622 (50%)], lr: ['1.00e-04'], loss: 0.396860
[2023-11-10 23:14:38,609][INFO][clas_trainer:133] - train epoch: 13 [32608/54622 (60%)], lr: ['1.00e-04'], loss: 0.288042
[2023-11-10 23:14:52,879][INFO][clas_trainer:133] - train epoch: 13 [38048/54622 (70%)], lr: ['1.00e-04'], loss: 0.253251
[2023-11-10 23:15:07,455][INFO][clas_trainer:133] - train epoch: 13 [43488/54622 (80%)], lr: ['1.00e-04'], loss: 0.327335
[2023-11-10 23:15:21,869][INFO][clas_trainer:133] - train epoch: 13 [48928/54622 (90%)], lr: ['1.00e-04'], loss: 0.223079
[2023-11-10 23:15:36,227][INFO][clas_trainer:133] - train epoch: 13 [54368/54622 (100%)], lr: ['1.00e-04'], loss: 0.215341
[2023-11-10 23:16:01,048][INFO][clas_trainer:63] - [epoch  13] execution time: 172.19s	metrics:
[2023-11-10 23:16:01,049][INFO][clas_evaluator:99] - dataset: earlystopping, avg f1-score: 0.7458
[2023-11-10 23:16:16,523][INFO][clas_trainer:133] - train epoch: 14 [5408/54622 (10%)], lr: ['1.00e-04'], loss: 0.360481
[2023-11-10 23:16:30,310][INFO][clas_trainer:133] - train epoch: 14 [10848/54622 (20%)], lr: ['1.00e-04'], loss: 0.353409
[2023-11-10 23:16:45,335][INFO][clas_trainer:133] - train epoch: 14 [16288/54622 (30%)], lr: ['1.00e-04'], loss: 0.538450
[2023-11-10 23:17:00,217][INFO][clas_trainer:133] - train epoch: 14 [21728/54622 (40%)], lr: ['1.00e-04'], loss: 0.299613
[2023-11-10 23:17:14,177][INFO][clas_trainer:133] - train epoch: 14 [27168/54622 (50%)], lr: ['1.00e-04'], loss: 0.188957
[2023-11-10 23:17:28,876][INFO][clas_trainer:133] - train epoch: 14 [32608/54622 (60%)], lr: ['1.00e-04'], loss: 0.332326
[2023-11-10 23:17:43,539][INFO][clas_trainer:133] - train epoch: 14 [38048/54622 (70%)], lr: ['1.00e-04'], loss: 0.564524
[2023-11-10 23:17:58,579][INFO][clas_trainer:133] - train epoch: 14 [43488/54622 (80%)], lr: ['1.00e-04'], loss: 0.160173
[2023-11-10 23:18:12,893][INFO][clas_trainer:133] - train epoch: 14 [48928/54622 (90%)], lr: ['1.00e-04'], loss: 0.266507
[2023-11-10 23:18:27,112][INFO][clas_trainer:133] - train epoch: 14 [54368/54622 (100%)], lr: ['1.00e-04'], loss: 0.276129
[2023-11-10 23:18:52,023][INFO][clas_trainer:63] - [epoch  14] execution time: 170.97s	metrics:
[2023-11-10 23:18:52,023][INFO][clas_evaluator:99] - dataset: earlystopping, avg f1-score: 0.7119
[2023-11-10 23:19:08,205][INFO][clas_trainer:133] - train epoch: 15 [5408/54622 (10%)], lr: ['1.00e-04'], loss: 0.185682
[2023-11-10 23:19:22,374][INFO][clas_trainer:133] - train epoch: 15 [10848/54622 (20%)], lr: ['1.00e-04'], loss: 0.207858
[2023-11-10 23:19:36,846][INFO][clas_trainer:133] - train epoch: 15 [16288/54622 (30%)], lr: ['1.00e-04'], loss: 0.190389
[2023-11-10 23:19:51,108][INFO][clas_trainer:133] - train epoch: 15 [21728/54622 (40%)], lr: ['1.00e-04'], loss: 0.255066
[2023-11-10 23:20:05,311][INFO][clas_trainer:133] - train epoch: 15 [27168/54622 (50%)], lr: ['1.00e-04'], loss: 0.547169
[2023-11-10 23:20:19,891][INFO][clas_trainer:133] - train epoch: 15 [32608/54622 (60%)], lr: ['1.00e-04'], loss: 0.237063
[2023-11-10 23:20:34,705][INFO][clas_trainer:133] - train epoch: 15 [38048/54622 (70%)], lr: ['1.00e-04'], loss: 0.184348
[2023-11-10 23:20:49,601][INFO][clas_trainer:133] - train epoch: 15 [43488/54622 (80%)], lr: ['1.00e-04'], loss: 0.170858
[2023-11-10 23:21:04,848][INFO][clas_trainer:133] - train epoch: 15 [48928/54622 (90%)], lr: ['1.00e-04'], loss: 0.445446
[2023-11-10 23:21:19,066][INFO][clas_trainer:133] - train epoch: 15 [54368/54622 (100%)], lr: ['1.00e-04'], loss: 0.250273
[2023-11-10 23:21:42,642][INFO][clas_trainer:63] - [epoch  15] execution time: 170.62s	metrics:
[2023-11-10 23:21:42,642][INFO][clas_evaluator:99] - dataset: earlystopping, avg f1-score: 0.7437
[2023-11-10 23:21:57,947][INFO][clas_trainer:133] - train epoch: 16 [5408/54622 (10%)], lr: ['1.00e-04'], loss: 0.247887
[2023-11-10 23:22:13,315][INFO][clas_trainer:133] - train epoch: 16 [10848/54622 (20%)], lr: ['1.00e-04'], loss: 0.468940
[2023-11-10 23:22:28,236][INFO][clas_trainer:133] - train epoch: 16 [16288/54622 (30%)], lr: ['1.00e-04'], loss: 0.310806
[2023-11-10 23:22:42,434][INFO][clas_trainer:133] - train epoch: 16 [21728/54622 (40%)], lr: ['1.00e-04'], loss: 0.153041
[2023-11-10 23:22:56,246][INFO][clas_trainer:133] - train epoch: 16 [27168/54622 (50%)], lr: ['1.00e-04'], loss: 0.270739
[2023-11-10 23:23:10,977][INFO][clas_trainer:133] - train epoch: 16 [32608/54622 (60%)], lr: ['1.00e-04'], loss: 0.064320
[2023-11-10 23:23:24,634][INFO][clas_trainer:133] - train epoch: 16 [38048/54622 (70%)], lr: ['1.00e-04'], loss: 0.284696
[2023-11-10 23:23:39,024][INFO][clas_trainer:133] - train epoch: 16 [43488/54622 (80%)], lr: ['1.00e-04'], loss: 0.310636
[2023-11-10 23:23:53,399][INFO][clas_trainer:133] - train epoch: 16 [48928/54622 (90%)], lr: ['1.00e-04'], loss: 0.180642
[2023-11-10 23:24:07,674][INFO][clas_trainer:133] - train epoch: 16 [54368/54622 (100%)], lr: ['1.00e-04'], loss: 0.279350
[2023-11-10 23:24:31,101][INFO][clas_trainer:63] - [epoch  16] execution time: 168.46s	metrics:
[2023-11-10 23:24:31,101][INFO][clas_evaluator:99] - dataset: earlystopping, avg f1-score: 0.7412
[2023-11-10 23:24:46,543][INFO][clas_trainer:133] - train epoch: 17 [5408/54622 (10%)], lr: ['1.00e-04'], loss: 0.254558
[2023-11-10 23:25:01,227][INFO][clas_trainer:133] - train epoch: 17 [10848/54622 (20%)], lr: ['1.00e-04'], loss: 0.405853
[2023-11-10 23:25:15,510][INFO][clas_trainer:133] - train epoch: 17 [16288/54622 (30%)], lr: ['1.00e-04'], loss: 0.500301
[2023-11-10 23:25:30,713][INFO][clas_trainer:133] - train epoch: 17 [21728/54622 (40%)], lr: ['1.00e-04'], loss: 0.187705
[2023-11-10 23:25:45,622][INFO][clas_trainer:133] - train epoch: 17 [27168/54622 (50%)], lr: ['1.00e-04'], loss: 0.180116
[2023-11-10 23:26:00,846][INFO][clas_trainer:133] - train epoch: 17 [32608/54622 (60%)], lr: ['1.00e-04'], loss: 0.259029
[2023-11-10 23:26:15,337][INFO][clas_trainer:133] - train epoch: 17 [38048/54622 (70%)], lr: ['1.00e-04'], loss: 0.270368
[2023-11-10 23:26:29,304][INFO][clas_trainer:133] - train epoch: 17 [43488/54622 (80%)], lr: ['1.00e-04'], loss: 0.199636
[2023-11-10 23:26:43,982][INFO][clas_trainer:133] - train epoch: 17 [48928/54622 (90%)], lr: ['1.00e-04'], loss: 0.281202
[2023-11-10 23:26:58,998][INFO][clas_trainer:133] - train epoch: 17 [54368/54622 (100%)], lr: ['1.00e-04'], loss: 0.331263
[2023-11-10 23:27:20,564][INFO][clas_trainer:63] - [epoch  17] execution time: 169.46s	metrics:
[2023-11-10 23:27:20,564][INFO][clas_evaluator:99] - dataset: earlystopping, avg f1-score: 0.7205
[2023-11-10 23:27:35,154][INFO][clas_trainer:133] - train epoch: 18 [5408/54622 (10%)], lr: ['1.00e-04'], loss: 0.334145
[2023-11-10 23:27:49,841][INFO][clas_trainer:133] - train epoch: 18 [10848/54622 (20%)], lr: ['1.00e-04'], loss: 0.224621
[2023-11-10 23:28:04,826][INFO][clas_trainer:133] - train epoch: 18 [16288/54622 (30%)], lr: ['1.00e-04'], loss: 0.225548
[2023-11-10 23:28:20,309][INFO][clas_trainer:133] - train epoch: 18 [21728/54622 (40%)], lr: ['1.00e-04'], loss: 0.262877
[2023-11-10 23:28:34,602][INFO][clas_trainer:133] - train epoch: 18 [27168/54622 (50%)], lr: ['1.00e-04'], loss: 0.431460
[2023-11-10 23:28:49,026][INFO][clas_trainer:133] - train epoch: 18 [32608/54622 (60%)], lr: ['1.00e-04'], loss: 0.286086
[2023-11-10 23:29:03,363][INFO][clas_trainer:133] - train epoch: 18 [38048/54622 (70%)], lr: ['1.00e-04'], loss: 0.230795
[2023-11-10 23:29:17,536][INFO][clas_trainer:133] - train epoch: 18 [43488/54622 (80%)], lr: ['1.00e-04'], loss: 0.100213
[2023-11-10 23:29:33,049][INFO][clas_trainer:133] - train epoch: 18 [48928/54622 (90%)], lr: ['1.00e-04'], loss: 0.525686
[2023-11-10 23:29:47,447][INFO][clas_trainer:133] - train epoch: 18 [54368/54622 (100%)], lr: ['1.00e-04'], loss: 0.108247
[2023-11-10 23:30:10,416][INFO][clas_trainer:63] - [epoch  18] execution time: 169.85s	metrics:
[2023-11-10 23:30:10,416][INFO][clas_evaluator:99] - dataset: earlystopping, avg f1-score: 0.7306
[2023-11-10 23:30:25,899][INFO][clas_trainer:133] - train epoch: 19 [5408/54622 (10%)], lr: ['1.00e-04'], loss: 0.264438
[2023-11-10 23:30:41,121][INFO][clas_trainer:133] - train epoch: 19 [10848/54622 (20%)], lr: ['1.00e-04'], loss: 0.254851
[2023-11-10 23:30:54,676][INFO][clas_trainer:133] - train epoch: 19 [16288/54622 (30%)], lr: ['1.00e-04'], loss: 0.344729
[2023-11-10 23:31:09,080][INFO][clas_trainer:133] - train epoch: 19 [21728/54622 (40%)], lr: ['1.00e-04'], loss: 0.238889
[2023-11-10 23:31:22,869][INFO][clas_trainer:133] - train epoch: 19 [27168/54622 (50%)], lr: ['1.00e-04'], loss: 0.488459
[2023-11-10 23:31:36,958][INFO][clas_trainer:133] - train epoch: 19 [32608/54622 (60%)], lr: ['1.00e-04'], loss: 0.256862
[2023-11-10 23:31:51,884][INFO][clas_trainer:133] - train epoch: 19 [38048/54622 (70%)], lr: ['1.00e-04'], loss: 0.353157
[2023-11-10 23:32:06,034][INFO][clas_trainer:133] - train epoch: 19 [43488/54622 (80%)], lr: ['1.00e-04'], loss: 0.319659
[2023-11-10 23:32:19,898][INFO][clas_trainer:133] - train epoch: 19 [48928/54622 (90%)], lr: ['1.00e-04'], loss: 0.364428
[2023-11-10 23:32:34,886][INFO][clas_trainer:133] - train epoch: 19 [54368/54622 (100%)], lr: ['1.00e-04'], loss: 0.323750
[2023-11-10 23:32:58,766][INFO][clas_trainer:63] - [epoch  19] execution time: 168.35s	metrics:
[2023-11-10 23:32:58,767][INFO][clas_evaluator:99] - dataset: earlystopping, avg f1-score: 0.7362
[2023-11-10 23:33:13,324][INFO][clas_trainer:133] - train epoch: 20 [5408/54622 (10%)], lr: ['1.00e-04'], loss: 0.404586
[2023-11-10 23:33:28,400][INFO][clas_trainer:133] - train epoch: 20 [10848/54622 (20%)], lr: ['1.00e-04'], loss: 0.392327
[2023-11-10 23:33:42,511][INFO][clas_trainer:133] - train epoch: 20 [16288/54622 (30%)], lr: ['1.00e-04'], loss: 0.349611
[2023-11-10 23:33:57,934][INFO][clas_trainer:133] - train epoch: 20 [21728/54622 (40%)], lr: ['1.00e-04'], loss: 0.164689
[2023-11-10 23:34:11,832][INFO][clas_trainer:133] - train epoch: 20 [27168/54622 (50%)], lr: ['1.00e-04'], loss: 0.198580
[2023-11-10 23:34:25,609][INFO][clas_trainer:133] - train epoch: 20 [32608/54622 (60%)], lr: ['1.00e-04'], loss: 0.233362
[2023-11-10 23:34:39,704][INFO][clas_trainer:133] - train epoch: 20 [38048/54622 (70%)], lr: ['1.00e-04'], loss: 0.209094
[2023-11-10 23:34:54,353][INFO][clas_trainer:133] - train epoch: 20 [43488/54622 (80%)], lr: ['1.00e-04'], loss: 0.398536
[2023-11-10 23:35:08,520][INFO][clas_trainer:133] - train epoch: 20 [48928/54622 (90%)], lr: ['1.00e-04'], loss: 0.222437
[2023-11-10 23:35:21,803][INFO][clas_trainer:133] - train epoch: 20 [54368/54622 (100%)], lr: ['1.00e-04'], loss: 0.170584
[2023-11-10 23:35:45,224][INFO][clas_trainer:63] - [epoch  20] execution time: 166.46s	metrics:
[2023-11-10 23:35:45,225][INFO][clas_evaluator:99] - dataset: earlystopping, avg f1-score: 0.7296
[2023-11-10 23:36:00,653][INFO][clas_trainer:133] - train epoch: 21 [5408/54622 (10%)], lr: ['1.00e-04'], loss: 0.143304
[2023-11-10 23:36:14,905][INFO][clas_trainer:133] - train epoch: 21 [10848/54622 (20%)], lr: ['1.00e-04'], loss: 0.523681
[2023-11-10 23:36:30,414][INFO][clas_trainer:133] - train epoch: 21 [16288/54622 (30%)], lr: ['1.00e-04'], loss: 0.361085
[2023-11-10 23:36:45,003][INFO][clas_trainer:133] - train epoch: 21 [21728/54622 (40%)], lr: ['1.00e-04'], loss: 0.374839
[2023-11-10 23:36:59,258][INFO][clas_trainer:133] - train epoch: 21 [27168/54622 (50%)], lr: ['1.00e-04'], loss: 0.349740
[2023-11-10 23:37:13,407][INFO][clas_trainer:133] - train epoch: 21 [32608/54622 (60%)], lr: ['1.00e-04'], loss: 0.218110
[2023-11-10 23:37:27,515][INFO][clas_trainer:133] - train epoch: 21 [38048/54622 (70%)], lr: ['1.00e-04'], loss: 0.204556
[2023-11-10 23:37:42,398][INFO][clas_trainer:133] - train epoch: 21 [43488/54622 (80%)], lr: ['1.00e-04'], loss: 0.347645
[2023-11-10 23:37:57,424][INFO][clas_trainer:133] - train epoch: 21 [48928/54622 (90%)], lr: ['1.00e-04'], loss: 0.134184
[2023-11-10 23:38:11,368][INFO][clas_trainer:133] - train epoch: 21 [54368/54622 (100%)], lr: ['1.00e-04'], loss: 0.346704
[2023-11-10 23:38:33,725][INFO][clas_trainer:63] - [epoch  21] execution time: 168.50s	metrics:
[2023-11-10 23:38:33,726][INFO][clas_evaluator:99] - dataset: earlystopping, avg f1-score: 0.7245
[2023-11-10 23:38:33,837][INFO][clas_trainer:79] - finished training
[2023-11-10 23:38:33,837][INFO][clas_trainer:80] - best model on epoch: 11 	f1-score: 0.7494
