[2024-10-04 15:06:00,893][INFO][fine-tune:25] - Using GPU 0
[2024-10-04 15:06:00,898][INFO][fine-tune:35] - overrides:
hydra:
- hydra.launcher.n_jobs=40
- hydra.mode=MULTIRUN
task:
- m_seed_path_sids={seeds:[8,8,8,8,8],path:"exp005b-m8-simple_multi_class-2024-09-20_13-57-42-final.pth",subject_ids:{sleepedfx:$\{data.sleepedfx.cv_5_fold.fold_4\}}}
- data.downstream.train_dataloader.dataset.data_reducer.n_epochs=50
- data.downstream.train_dataloader.dataset.data_reducer.n_subjects=4
- general.gpus=[0,1,2,3]

[2024-10-04 15:06:08,832][INFO][data_loaders:39] - class distribution before data reduction:
# samples per subject
SC4001E0: 841
SC4002E0: 1127
SC4011E0: 1103
SC4012E0: 1186
SC4031E0: 952
SC4032E0: 911
SC4051E0: 672
SC4052E0: 1246
SC4061E0: 843
SC4062E0: 1016
SC4081E0: 1134
SC4082E0: 1054
SC4091E0: 1132
SC4092E0: 1105
SC4101E0: 1104
SC4102E0: 1092
SC4121E0: 1052
SC4122E0: 977
SC4131E0: 1028
SC4141E0: 1004
SC4142E0: 952
SC4151E0: 952
SC4152E0: 1762
SC4171E0: 1002
SC4172E0: 1773
SC4201E0: 1022
SC4202E0: 1021
SC4211E0: 1578
SC4212E0: 808
SC4221E0: 1099
SC4222E0: 1108
SC4231E0: 904
SC4232E0: 1729
SC4241E0: 1673
SC4242E0: 1775
SC4261F0: 1597
SC4262F0: 980
SC4271F0: 1052
SC4272F0: 1090
SC4281G0: 1127
SC4282G0: 1070
SC4301E0: 929
SC4302E0: 854
SC4311E0: 1054
SC4312E0: 1181
SC4321E0: 1560
SC4322E0: 1021
SC4341F0: 1501
SC4342F0: 1582
SC4351F0: 976
SC4352F0: 963
SC4362F0: 824
SC4371F0: 918
SC4372F0: 1509
SC4411E0: 1078
SC4412E0: 924
SC4431E0: 699
SC4432E0: 962
SC4441E0: 1195
SC4442E0: 1092
SC4451F0: 1208
SC4452F0: 1166
SC4471F0: 1187
SC4472F0: 2161
SC4481F0: 2027
SC4482F0: 1910
SC4491G0: 1101
SC4492G0: 1040
SC4501E0: 1326
SC4502E0: 1103
SC4511E0: 1087
SC4512E0: 954
SC4522E0: 997
SC4531E0: 1096
SC4532E0: 1056
SC4541F0: 1716
SC4542F0: 1148
SC4551F0: 1047
SC4552F0: 1090
SC4561F0: 1237
SC4562F0: 1148
SC4571F0: 1236
SC4572F0: 1095
SC4591G0: 1840
SC4592G0: 1231
SC4601E0: 1349
SC4602E0: 2043
SC4621E0: 1445
SC4622E0: 1823
SC4641E0: 1271
SC4642E0: 2049
SC4651E0: 2644
SC4652E0: 1929
SC4671G0: 1968
SC4672G0: 1021
SC4701E0: 1717
SC4702E0: 1515
SC4721E0: 1031
SC4722E0: 1130
SC4731E0: 2667
SC4732E0: 2318
SC4741E0: 2210
SC4742E0: 1063
SC4751E0: 2044
SC4752E0: 1049
SC4771G0: 1325
SC4772G0: 1324

# samples per stage
0: 46617
1: 15524
2: 47730
3: 9204
4: 17542
[2024-10-04 15:06:09,912][INFO][data_loaders:43] - class distribution after data reduction:
# samples per subject
SC4301E0: 16392
SC4321E0: 35516
SC4442E0: 27320
SC4732E0: 57372

# samples per stage
0: 51908
1: 32784
2: 38248
3: 2732
4: 10928
[2024-10-04 15:06:09,941][INFO][base_pretraining_fe:55] - Loading model from exp005b-m8-simple_multi_class-2024-09-20_13-57-42-final.pth
[2024-10-04 15:06:10,905][INFO][data_loaders:39] - class distribution before data reduction:
# samples per subject
SC4021E0: 1025
SC4022E0: 1009
SC4111E0: 928
SC4112E0: 802
SC4291G0: 1131
SC4292G0: 1605
SC4331F0: 1888
SC4332F0: 1312
SC4401E0: 1064
SC4402E0: 1072
SC4461F0: 983
SC4462F0: 1022
SC4761E0: 1683
SC4762E0: 2662
SC4811G0: 1293
SC4812G0: 1183

# samples per stage
0: 7660
1: 1927
2: 7106
3: 1128
4: 2841
[2024-10-04 15:06:10,994][INFO][data_loaders:43] - class distribution after data reduction:
# samples per subject
SC4021E0: 1025
SC4022E0: 1009
SC4111E0: 928
SC4112E0: 802
SC4291G0: 1131
SC4292G0: 1605
SC4331F0: 1888
SC4332F0: 1312
SC4401E0: 1064
SC4402E0: 1072
SC4461F0: 983
SC4462F0: 1022
SC4761E0: 1683
SC4762E0: 2662
SC4811G0: 1293
SC4812G0: 1183

# samples per stage
0: 7660
1: 1927
2: 7106
3: 1128
4: 2841
[2024-10-04 15:06:11,036][INFO][clas_trainer:49] - metrics before training (epoch 0):
[2024-10-04 15:07:10,249][INFO][clas_evaluator:132] - dataset: earlystopping, avg f1-score: 0.0436
[2024-10-04 15:07:52,543][INFO][clas_trainer:133] - train epoch: 1 [13600/136600 (10%)], lr: ['1.00e-04', '1.00e-04'], loss: 0.043882
[2024-10-04 15:08:33,590][INFO][clas_trainer:133] - train epoch: 1 [27232/136600 (20%)], lr: ['1.00e-04', '1.00e-04'], loss: 0.000717
[2024-10-04 15:09:11,890][INFO][clas_trainer:133] - train epoch: 1 [40864/136600 (30%)], lr: ['1.00e-04', '1.00e-04'], loss: 0.111023
[2024-10-04 15:09:50,313][INFO][clas_trainer:133] - train epoch: 1 [54496/136600 (40%)], lr: ['1.00e-04', '1.00e-04'], loss: 0.001718
[2024-10-04 15:10:28,776][INFO][clas_trainer:133] - train epoch: 1 [68128/136600 (50%)], lr: ['1.00e-04', '1.00e-04'], loss: 0.000188
[2024-10-04 15:11:08,030][INFO][clas_trainer:133] - train epoch: 1 [81760/136600 (60%)], lr: ['1.00e-04', '1.00e-04'], loss: 0.000763
[2024-10-04 15:11:48,792][INFO][clas_trainer:133] - train epoch: 1 [95392/136600 (70%)], lr: ['1.00e-04', '1.00e-04'], loss: 0.000053
[2024-10-04 15:12:28,660][INFO][clas_trainer:133] - train epoch: 1 [109024/136600 (80%)], lr: ['1.00e-04', '1.00e-04'], loss: 0.003074
[2024-10-04 15:13:09,318][INFO][clas_trainer:133] - train epoch: 1 [122656/136600 (90%)], lr: ['1.00e-04', '1.00e-04'], loss: 0.000451
[2024-10-04 15:13:48,163][INFO][clas_trainer:133] - train epoch: 1 [136288/136600 (100%)], lr: ['1.00e-04', '1.00e-04'], loss: 0.000027
[2024-10-04 15:14:51,383][INFO][clas_trainer:63] - [epoch   1] execution time: 461.13s	metrics:
[2024-10-04 15:14:51,384][INFO][clas_evaluator:132] - dataset: earlystopping, avg f1-score: 0.5021
[2024-10-04 15:14:51,416][INFO][base_model:51] - snapshot saved to XXX/frequency-pretraining/models/exp005c-m208-base_fe_clas-2024-10-04_03-09-39-final.pth
[2024-10-04 15:15:31,742][INFO][clas_trainer:133] - train epoch: 2 [13600/136600 (10%)], lr: ['1.00e-04', '1.00e-04'], loss: 0.000193
[2024-10-04 15:16:12,360][INFO][clas_trainer:133] - train epoch: 2 [27232/136600 (20%)], lr: ['1.00e-04', '1.00e-04'], loss: 0.000024
[2024-10-04 15:16:51,107][INFO][clas_trainer:133] - train epoch: 2 [40864/136600 (30%)], lr: ['1.00e-04', '1.00e-04'], loss: 0.000034
[2024-10-04 15:17:29,468][INFO][clas_trainer:133] - train epoch: 2 [54496/136600 (40%)], lr: ['1.00e-04', '1.00e-04'], loss: 0.000019
[2024-10-04 15:18:08,786][INFO][clas_trainer:133] - train epoch: 2 [68128/136600 (50%)], lr: ['1.00e-04', '1.00e-04'], loss: 0.001796
[2024-10-04 15:18:49,012][INFO][clas_trainer:133] - train epoch: 2 [81760/136600 (60%)], lr: ['1.00e-04', '1.00e-04'], loss: 0.000016
[2024-10-04 15:19:27,247][INFO][clas_trainer:133] - train epoch: 2 [95392/136600 (70%)], lr: ['1.00e-04', '1.00e-04'], loss: 0.000077
[2024-10-04 15:20:07,110][INFO][clas_trainer:133] - train epoch: 2 [109024/136600 (80%)], lr: ['1.00e-04', '1.00e-04'], loss: 0.001364
[2024-10-04 15:20:45,859][INFO][clas_trainer:133] - train epoch: 2 [122656/136600 (90%)], lr: ['1.00e-04', '1.00e-04'], loss: 0.000462
[2024-10-04 15:21:25,793][INFO][clas_trainer:133] - train epoch: 2 [136288/136600 (100%)], lr: ['1.00e-04', '1.00e-04'], loss: 0.001131
[2024-10-04 15:22:27,315][INFO][clas_trainer:63] - [epoch   2] execution time: 455.90s	metrics:
[2024-10-04 15:22:27,316][INFO][clas_evaluator:132] - dataset: earlystopping, avg f1-score: 0.5291
[2024-10-04 15:22:27,351][INFO][base_model:51] - snapshot saved to XXX/frequency-pretraining/models/exp005c-m208-base_fe_clas-2024-10-04_03-09-39-final.pth
[2024-10-04 15:23:09,668][INFO][clas_trainer:133] - train epoch: 3 [13600/136600 (10%)], lr: ['1.00e-04', '1.00e-04'], loss: 0.000037
[2024-10-04 15:23:48,097][INFO][clas_trainer:133] - train epoch: 3 [27232/136600 (20%)], lr: ['1.00e-04', '1.00e-04'], loss: 0.000102
[2024-10-04 15:24:26,215][INFO][clas_trainer:133] - train epoch: 3 [40864/136600 (30%)], lr: ['1.00e-04', '1.00e-04'], loss: 0.000038
[2024-10-04 15:25:03,180][INFO][clas_trainer:133] - train epoch: 3 [54496/136600 (40%)], lr: ['1.00e-04', '1.00e-04'], loss: 0.000047
[2024-10-04 15:25:42,215][INFO][clas_trainer:133] - train epoch: 3 [68128/136600 (50%)], lr: ['1.00e-04', '1.00e-04'], loss: 0.002943
[2024-10-04 15:26:20,962][INFO][clas_trainer:133] - train epoch: 3 [81760/136600 (60%)], lr: ['1.00e-04', '1.00e-04'], loss: 0.001011
[2024-10-04 15:26:57,180][INFO][clas_trainer:133] - train epoch: 3 [95392/136600 (70%)], lr: ['1.00e-04', '1.00e-04'], loss: 0.000063
[2024-10-04 15:27:35,026][INFO][clas_trainer:133] - train epoch: 3 [109024/136600 (80%)], lr: ['1.00e-04', '1.00e-04'], loss: 0.000101
[2024-10-04 15:28:12,920][INFO][clas_trainer:133] - train epoch: 3 [122656/136600 (90%)], lr: ['1.00e-04', '1.00e-04'], loss: 0.000193
[2024-10-04 15:28:51,009][INFO][clas_trainer:133] - train epoch: 3 [136288/136600 (100%)], lr: ['1.00e-04', '1.00e-04'], loss: 0.000194
[2024-10-04 15:29:52,254][INFO][clas_trainer:63] - [epoch   3] execution time: 444.90s	metrics:
[2024-10-04 15:29:52,255][INFO][clas_evaluator:132] - dataset: earlystopping, avg f1-score: 0.5094
[2024-10-04 15:30:33,884][INFO][clas_trainer:133] - train epoch: 4 [13600/136600 (10%)], lr: ['1.00e-04', '1.00e-04'], loss: 0.000106
[2024-10-04 15:31:14,932][INFO][clas_trainer:133] - train epoch: 4 [27232/136600 (20%)], lr: ['1.00e-04', '1.00e-04'], loss: 0.000676
[2024-10-04 15:31:55,615][INFO][clas_trainer:133] - train epoch: 4 [40864/136600 (30%)], lr: ['1.00e-04', '1.00e-04'], loss: 0.001026
[2024-10-04 15:32:34,165][INFO][clas_trainer:133] - train epoch: 4 [54496/136600 (40%)], lr: ['1.00e-04', '1.00e-04'], loss: 0.000217
[2024-10-04 15:33:12,446][INFO][clas_trainer:133] - train epoch: 4 [68128/136600 (50%)], lr: ['1.00e-04', '1.00e-04'], loss: 0.000209
[2024-10-04 15:33:52,180][INFO][clas_trainer:133] - train epoch: 4 [81760/136600 (60%)], lr: ['1.00e-04', '1.00e-04'], loss: 0.000248
[2024-10-04 15:34:31,548][INFO][clas_trainer:133] - train epoch: 4 [95392/136600 (70%)], lr: ['1.00e-04', '1.00e-04'], loss: 0.000158
[2024-10-04 15:35:11,697][INFO][clas_trainer:133] - train epoch: 4 [109024/136600 (80%)], lr: ['1.00e-04', '1.00e-04'], loss: 0.001169
[2024-10-04 15:35:53,428][INFO][clas_trainer:133] - train epoch: 4 [122656/136600 (90%)], lr: ['1.00e-04', '1.00e-04'], loss: 0.000678
[2024-10-04 15:36:32,551][INFO][clas_trainer:133] - train epoch: 4 [136288/136600 (100%)], lr: ['1.00e-04', '1.00e-04'], loss: 0.000413
[2024-10-04 15:38:21,045][INFO][clas_trainer:63] - [epoch   4] execution time: 508.79s	metrics:
[2024-10-04 15:38:21,046][INFO][clas_evaluator:132] - dataset: earlystopping, avg f1-score: 0.5349
[2024-10-04 15:38:21,085][INFO][base_model:51] - snapshot saved to XXX/frequency-pretraining/models/exp005c-m208-base_fe_clas-2024-10-04_03-09-39-final.pth
[2024-10-04 15:39:27,089][INFO][clas_trainer:133] - train epoch: 5 [13600/136600 (10%)], lr: ['1.00e-04', '1.00e-04'], loss: 0.001148
[2024-10-04 15:40:40,819][INFO][clas_trainer:133] - train epoch: 5 [27232/136600 (20%)], lr: ['1.00e-04', '1.00e-04'], loss: 0.000393
[2024-10-04 15:41:50,469][INFO][clas_trainer:133] - train epoch: 5 [40864/136600 (30%)], lr: ['1.00e-04', '1.00e-04'], loss: 0.000406
[2024-10-04 15:42:59,707][INFO][clas_trainer:133] - train epoch: 5 [54496/136600 (40%)], lr: ['1.00e-04', '1.00e-04'], loss: 0.000367
[2024-10-04 15:44:12,756][INFO][clas_trainer:133] - train epoch: 5 [68128/136600 (50%)], lr: ['1.00e-04', '1.00e-04'], loss: 0.000821
[2024-10-04 15:45:21,527][INFO][clas_trainer:133] - train epoch: 5 [81760/136600 (60%)], lr: ['1.00e-04', '1.00e-04'], loss: 0.000766
[2024-10-04 15:46:31,338][INFO][clas_trainer:133] - train epoch: 5 [95392/136600 (70%)], lr: ['1.00e-04', '1.00e-04'], loss: 0.000547
[2024-10-04 15:47:34,129][INFO][clas_trainer:133] - train epoch: 5 [109024/136600 (80%)], lr: ['1.00e-04', '1.00e-04'], loss: 0.001336
[2024-10-04 15:48:45,067][INFO][clas_trainer:133] - train epoch: 5 [122656/136600 (90%)], lr: ['1.00e-04', '1.00e-04'], loss: 0.000923
[2024-10-04 15:49:47,356][INFO][clas_trainer:133] - train epoch: 5 [136288/136600 (100%)], lr: ['1.00e-04', '1.00e-04'], loss: 0.000805
[2024-10-04 15:51:30,366][INFO][clas_trainer:63] - [epoch   5] execution time: 789.28s	metrics:
[2024-10-04 15:51:30,368][INFO][clas_evaluator:132] - dataset: earlystopping, avg f1-score: 0.5024
[2024-10-04 15:52:43,988][INFO][clas_trainer:133] - train epoch: 6 [13600/136600 (10%)], lr: ['1.00e-04', '1.00e-04'], loss: 0.000985
[2024-10-04 15:53:46,497][INFO][clas_trainer:133] - train epoch: 6 [27232/136600 (20%)], lr: ['1.00e-04', '1.00e-04'], loss: 0.000649
[2024-10-04 15:54:45,017][INFO][clas_trainer:133] - train epoch: 6 [40864/136600 (30%)], lr: ['1.00e-04', '1.00e-04'], loss: 0.000273
[2024-10-04 15:56:06,498][INFO][clas_trainer:133] - train epoch: 6 [54496/136600 (40%)], lr: ['1.00e-04', '1.00e-04'], loss: 0.001032
[2024-10-04 15:57:19,121][INFO][clas_trainer:133] - train epoch: 6 [68128/136600 (50%)], lr: ['1.00e-04', '1.00e-04'], loss: 0.000650
[2024-10-04 15:58:43,252][INFO][clas_trainer:133] - train epoch: 6 [81760/136600 (60%)], lr: ['1.00e-04', '1.00e-04'], loss: 0.000459
[2024-10-04 15:59:38,430][INFO][clas_trainer:133] - train epoch: 6 [95392/136600 (70%)], lr: ['1.00e-04', '1.00e-04'], loss: 0.000371
[2024-10-04 16:00:25,490][INFO][clas_trainer:133] - train epoch: 6 [109024/136600 (80%)], lr: ['1.00e-04', '1.00e-04'], loss: 0.032562
[2024-10-04 16:01:04,845][INFO][clas_trainer:133] - train epoch: 6 [122656/136600 (90%)], lr: ['1.00e-04', '1.00e-04'], loss: 0.000720
[2024-10-04 16:01:44,867][INFO][clas_trainer:133] - train epoch: 6 [136288/136600 (100%)], lr: ['1.00e-04', '1.00e-04'], loss: 0.000945
[2024-10-04 16:02:46,058][INFO][clas_trainer:63] - [epoch   6] execution time: 675.69s	metrics:
[2024-10-04 16:02:46,059][INFO][clas_evaluator:132] - dataset: earlystopping, avg f1-score: 0.3810
[2024-10-04 16:03:39,016][INFO][clas_trainer:133] - train epoch: 7 [13600/136600 (10%)], lr: ['1.00e-04', '1.00e-04'], loss: 0.000418
[2024-10-04 16:04:46,685][INFO][clas_trainer:133] - train epoch: 7 [27232/136600 (20%)], lr: ['1.00e-04', '1.00e-04'], loss: 0.000452
[2024-10-04 16:05:55,035][INFO][clas_trainer:133] - train epoch: 7 [40864/136600 (30%)], lr: ['1.00e-04', '1.00e-04'], loss: 0.000412
[2024-10-04 16:07:05,494][INFO][clas_trainer:133] - train epoch: 7 [54496/136600 (40%)], lr: ['1.00e-04', '1.00e-04'], loss: 0.000882
[2024-10-04 16:08:07,091][INFO][clas_trainer:133] - train epoch: 7 [68128/136600 (50%)], lr: ['1.00e-04', '1.00e-04'], loss: 0.000449
[2024-10-04 16:09:14,717][INFO][clas_trainer:133] - train epoch: 7 [81760/136600 (60%)], lr: ['1.00e-04', '1.00e-04'], loss: 0.000633
[2024-10-04 16:10:25,982][INFO][clas_trainer:133] - train epoch: 7 [95392/136600 (70%)], lr: ['1.00e-04', '1.00e-04'], loss: 0.001143
[2024-10-04 16:11:29,358][INFO][clas_trainer:133] - train epoch: 7 [109024/136600 (80%)], lr: ['1.00e-04', '1.00e-04'], loss: 0.000532
[2024-10-04 16:12:37,822][INFO][clas_trainer:133] - train epoch: 7 [122656/136600 (90%)], lr: ['1.00e-04', '1.00e-04'], loss: 0.000678
[2024-10-04 16:13:39,931][INFO][clas_trainer:133] - train epoch: 7 [136288/136600 (100%)], lr: ['1.00e-04', '1.00e-04'], loss: 0.000511
[2024-10-04 16:15:31,048][INFO][clas_trainer:63] - [epoch   7] execution time: 764.99s	metrics:
[2024-10-04 16:15:31,049][INFO][clas_evaluator:132] - dataset: earlystopping, avg f1-score: 0.3583
[2024-10-04 16:16:42,520][INFO][clas_trainer:133] - train epoch: 8 [13600/136600 (10%)], lr: ['1.00e-04', '1.00e-04'], loss: 0.000244
[2024-10-04 16:17:59,690][INFO][clas_trainer:133] - train epoch: 8 [27232/136600 (20%)], lr: ['1.00e-04', '1.00e-04'], loss: 0.000635
[2024-10-04 16:19:05,596][INFO][clas_trainer:133] - train epoch: 8 [40864/136600 (30%)], lr: ['1.00e-04', '1.00e-04'], loss: 0.000960
[2024-10-04 16:20:20,157][INFO][clas_trainer:133] - train epoch: 8 [54496/136600 (40%)], lr: ['1.00e-04', '1.00e-04'], loss: 0.000477
[2024-10-04 16:21:23,884][INFO][clas_trainer:133] - train epoch: 8 [68128/136600 (50%)], lr: ['1.00e-04', '1.00e-04'], loss: 0.000648
[2024-10-04 16:22:36,651][INFO][clas_trainer:133] - train epoch: 8 [81760/136600 (60%)], lr: ['1.00e-04', '1.00e-04'], loss: 0.001236
[2024-10-04 16:23:39,673][INFO][clas_trainer:133] - train epoch: 8 [95392/136600 (70%)], lr: ['1.00e-04', '1.00e-04'], loss: 0.000794
[2024-10-04 16:24:49,759][INFO][clas_trainer:133] - train epoch: 8 [109024/136600 (80%)], lr: ['1.00e-04', '1.00e-04'], loss: 0.000432
[2024-10-04 16:25:47,421][INFO][clas_trainer:133] - train epoch: 8 [122656/136600 (90%)], lr: ['1.00e-04', '1.00e-04'], loss: 0.000960
[2024-10-04 16:26:44,618][INFO][clas_trainer:133] - train epoch: 8 [136288/136600 (100%)], lr: ['1.00e-04', '1.00e-04'], loss: 0.000690
[2024-10-04 16:27:47,976][INFO][clas_trainer:63] - [epoch   8] execution time: 736.93s	metrics:
[2024-10-04 16:27:47,977][INFO][clas_evaluator:132] - dataset: earlystopping, avg f1-score: 0.3399
[2024-10-04 16:28:29,120][INFO][clas_trainer:133] - train epoch: 9 [13600/136600 (10%)], lr: ['1.00e-04', '1.00e-04'], loss: 0.000588
[2024-10-04 16:29:09,071][INFO][clas_trainer:133] - train epoch: 9 [27232/136600 (20%)], lr: ['1.00e-04', '1.00e-04'], loss: 0.000510
[2024-10-04 16:29:50,232][INFO][clas_trainer:133] - train epoch: 9 [40864/136600 (30%)], lr: ['1.00e-04', '1.00e-04'], loss: 0.001373
[2024-10-04 16:30:29,622][INFO][clas_trainer:133] - train epoch: 9 [54496/136600 (40%)], lr: ['1.00e-04', '1.00e-04'], loss: 0.000390
[2024-10-04 16:31:10,467][INFO][clas_trainer:133] - train epoch: 9 [68128/136600 (50%)], lr: ['1.00e-04', '1.00e-04'], loss: 0.000646
[2024-10-04 16:31:51,675][INFO][clas_trainer:133] - train epoch: 9 [81760/136600 (60%)], lr: ['1.00e-04', '1.00e-04'], loss: 0.001391
[2024-10-04 16:32:32,523][INFO][clas_trainer:133] - train epoch: 9 [95392/136600 (70%)], lr: ['1.00e-04', '1.00e-04'], loss: 0.000676
[2024-10-04 16:33:13,253][INFO][clas_trainer:133] - train epoch: 9 [109024/136600 (80%)], lr: ['1.00e-04', '1.00e-04'], loss: 0.000737
[2024-10-04 16:33:53,840][INFO][clas_trainer:133] - train epoch: 9 [122656/136600 (90%)], lr: ['1.00e-04', '1.00e-04'], loss: 0.000434
[2024-10-04 16:34:33,256][INFO][clas_trainer:133] - train epoch: 9 [136288/136600 (100%)], lr: ['1.00e-04', '1.00e-04'], loss: 0.000635
[2024-10-04 16:35:37,289][INFO][clas_trainer:63] - [epoch   9] execution time: 469.31s	metrics:
[2024-10-04 16:35:37,289][INFO][clas_evaluator:132] - dataset: earlystopping, avg f1-score: 0.3183
[2024-10-04 16:36:20,409][INFO][clas_trainer:133] - train epoch: 10 [13600/136600 (10%)], lr: ['1.00e-04', '1.00e-04'], loss: 0.001505
[2024-10-04 16:37:02,258][INFO][clas_trainer:133] - train epoch: 10 [27232/136600 (20%)], lr: ['1.00e-04', '1.00e-04'], loss: 0.000600
[2024-10-04 16:37:42,674][INFO][clas_trainer:133] - train epoch: 10 [40864/136600 (30%)], lr: ['1.00e-04', '1.00e-04'], loss: 0.000677
[2024-10-04 16:38:22,601][INFO][clas_trainer:133] - train epoch: 10 [54496/136600 (40%)], lr: ['1.00e-04', '1.00e-04'], loss: 0.000817
[2024-10-04 16:39:03,284][INFO][clas_trainer:133] - train epoch: 10 [68128/136600 (50%)], lr: ['1.00e-04', '1.00e-04'], loss: 0.000326
[2024-10-04 16:39:43,198][INFO][clas_trainer:133] - train epoch: 10 [81760/136600 (60%)], lr: ['1.00e-04', '1.00e-04'], loss: 0.000846
[2024-10-04 16:40:23,984][INFO][clas_trainer:133] - train epoch: 10 [95392/136600 (70%)], lr: ['1.00e-04', '1.00e-04'], loss: 0.000525
[2024-10-04 16:41:06,526][INFO][clas_trainer:133] - train epoch: 10 [109024/136600 (80%)], lr: ['1.00e-04', '1.00e-04'], loss: 0.000468
[2024-10-04 16:41:46,686][INFO][clas_trainer:133] - train epoch: 10 [122656/136600 (90%)], lr: ['1.00e-04', '1.00e-04'], loss: 0.000465
[2024-10-04 16:42:28,999][INFO][clas_trainer:133] - train epoch: 10 [136288/136600 (100%)], lr: ['1.00e-04', '1.00e-04'], loss: 0.000939
[2024-10-04 16:43:34,162][INFO][clas_trainer:63] - [epoch  10] execution time: 476.87s	metrics:
[2024-10-04 16:43:34,163][INFO][clas_evaluator:132] - dataset: earlystopping, avg f1-score: 0.3096
[2024-10-04 16:44:15,655][INFO][clas_trainer:133] - train epoch: 11 [13600/136600 (10%)], lr: ['1.00e-04', '1.00e-04'], loss: 0.000661
[2024-10-04 16:44:57,266][INFO][clas_trainer:133] - train epoch: 11 [27232/136600 (20%)], lr: ['1.00e-04', '1.00e-04'], loss: 0.000564
[2024-10-04 16:45:38,228][INFO][clas_trainer:133] - train epoch: 11 [40864/136600 (30%)], lr: ['1.00e-04', '1.00e-04'], loss: 0.000732
[2024-10-04 16:46:19,218][INFO][clas_trainer:133] - train epoch: 11 [54496/136600 (40%)], lr: ['1.00e-04', '1.00e-04'], loss: 0.001186
[2024-10-04 16:46:59,991][INFO][clas_trainer:133] - train epoch: 11 [68128/136600 (50%)], lr: ['1.00e-04', '1.00e-04'], loss: 0.000814
[2024-10-04 16:47:40,015][INFO][clas_trainer:133] - train epoch: 11 [81760/136600 (60%)], lr: ['1.00e-04', '1.00e-04'], loss: 0.000383
[2024-10-04 16:48:23,820][INFO][clas_trainer:133] - train epoch: 11 [95392/136600 (70%)], lr: ['1.00e-04', '1.00e-04'], loss: 0.000684
[2024-10-04 16:49:02,830][INFO][clas_trainer:133] - train epoch: 11 [109024/136600 (80%)], lr: ['1.00e-04', '1.00e-04'], loss: 0.001264
[2024-10-04 16:49:42,465][INFO][clas_trainer:133] - train epoch: 11 [122656/136600 (90%)], lr: ['1.00e-04', '1.00e-04'], loss: 0.000467
[2024-10-04 16:50:24,005][INFO][clas_trainer:133] - train epoch: 11 [136288/136600 (100%)], lr: ['1.00e-04', '1.00e-04'], loss: 0.000367
[2024-10-04 16:51:27,594][INFO][clas_trainer:63] - [epoch  11] execution time: 473.43s	metrics:
[2024-10-04 16:51:27,595][INFO][clas_evaluator:132] - dataset: earlystopping, avg f1-score: 0.3222
[2024-10-04 16:52:11,314][INFO][clas_trainer:133] - train epoch: 12 [13600/136600 (10%)], lr: ['1.00e-04', '1.00e-04'], loss: 0.000686
[2024-10-04 16:52:51,640][INFO][clas_trainer:133] - train epoch: 12 [27232/136600 (20%)], lr: ['1.00e-04', '1.00e-04'], loss: 0.000553
[2024-10-04 16:53:32,454][INFO][clas_trainer:133] - train epoch: 12 [40864/136600 (30%)], lr: ['1.00e-04', '1.00e-04'], loss: 0.000331
[2024-10-04 16:54:14,773][INFO][clas_trainer:133] - train epoch: 12 [54496/136600 (40%)], lr: ['1.00e-04', '1.00e-04'], loss: 0.000425
[2024-10-04 16:54:55,000][INFO][clas_trainer:133] - train epoch: 12 [68128/136600 (50%)], lr: ['1.00e-04', '1.00e-04'], loss: 0.000966
[2024-10-04 16:55:35,709][INFO][clas_trainer:133] - train epoch: 12 [81760/136600 (60%)], lr: ['1.00e-04', '1.00e-04'], loss: 0.001032
[2024-10-04 16:56:14,795][INFO][clas_trainer:133] - train epoch: 12 [95392/136600 (70%)], lr: ['1.00e-04', '1.00e-04'], loss: 0.000982
[2024-10-04 16:56:54,633][INFO][clas_trainer:133] - train epoch: 12 [109024/136600 (80%)], lr: ['1.00e-04', '1.00e-04'], loss: 0.001164
[2024-10-04 16:57:34,071][INFO][clas_trainer:133] - train epoch: 12 [122656/136600 (90%)], lr: ['1.00e-04', '1.00e-04'], loss: 0.000409
[2024-10-04 16:58:14,543][INFO][clas_trainer:133] - train epoch: 12 [136288/136600 (100%)], lr: ['1.00e-04', '1.00e-04'], loss: 0.000585
[2024-10-04 16:59:20,275][INFO][clas_trainer:63] - [epoch  12] execution time: 472.68s	metrics:
[2024-10-04 16:59:20,276][INFO][clas_evaluator:132] - dataset: earlystopping, avg f1-score: 0.3309
[2024-10-04 17:00:02,189][INFO][clas_trainer:133] - train epoch: 13 [13600/136600 (10%)], lr: ['1.00e-04', '1.00e-04'], loss: 0.000398
[2024-10-04 17:00:41,452][INFO][clas_trainer:133] - train epoch: 13 [27232/136600 (20%)], lr: ['1.00e-04', '1.00e-04'], loss: 0.001110
[2024-10-04 17:01:19,851][INFO][clas_trainer:133] - train epoch: 13 [40864/136600 (30%)], lr: ['1.00e-04', '1.00e-04'], loss: 0.000679
[2024-10-04 17:02:00,179][INFO][clas_trainer:133] - train epoch: 13 [54496/136600 (40%)], lr: ['1.00e-04', '1.00e-04'], loss: 0.006186
[2024-10-04 17:02:40,311][INFO][clas_trainer:133] - train epoch: 13 [68128/136600 (50%)], lr: ['1.00e-04', '1.00e-04'], loss: 0.000554
[2024-10-04 17:03:19,877][INFO][clas_trainer:133] - train epoch: 13 [81760/136600 (60%)], lr: ['1.00e-04', '1.00e-04'], loss: 0.001018
[2024-10-04 17:03:58,236][INFO][clas_trainer:133] - train epoch: 13 [95392/136600 (70%)], lr: ['1.00e-04', '1.00e-04'], loss: 0.001094
[2024-10-04 17:04:36,538][INFO][clas_trainer:133] - train epoch: 13 [109024/136600 (80%)], lr: ['1.00e-04', '1.00e-04'], loss: 0.000659
[2024-10-04 17:05:15,789][INFO][clas_trainer:133] - train epoch: 13 [122656/136600 (90%)], lr: ['1.00e-04', '1.00e-04'], loss: 0.000391
[2024-10-04 17:05:55,806][INFO][clas_trainer:133] - train epoch: 13 [136288/136600 (100%)], lr: ['1.00e-04', '1.00e-04'], loss: 0.001845
[2024-10-04 17:06:59,955][INFO][clas_trainer:63] - [epoch  13] execution time: 459.68s	metrics:
[2024-10-04 17:06:59,955][INFO][clas_evaluator:132] - dataset: earlystopping, avg f1-score: 0.3266
[2024-10-04 17:07:40,058][INFO][clas_trainer:133] - train epoch: 14 [13600/136600 (10%)], lr: ['1.00e-04', '1.00e-04'], loss: 0.001108
[2024-10-04 17:08:18,711][INFO][clas_trainer:133] - train epoch: 14 [27232/136600 (20%)], lr: ['1.00e-04', '1.00e-04'], loss: 0.001090
[2024-10-04 17:08:59,590][INFO][clas_trainer:133] - train epoch: 14 [40864/136600 (30%)], lr: ['1.00e-04', '1.00e-04'], loss: 0.000474
[2024-10-04 17:09:40,286][INFO][clas_trainer:133] - train epoch: 14 [54496/136600 (40%)], lr: ['1.00e-04', '1.00e-04'], loss: 0.001095
[2024-10-04 17:10:21,344][INFO][clas_trainer:133] - train epoch: 14 [68128/136600 (50%)], lr: ['1.00e-04', '1.00e-04'], loss: 0.000560
[2024-10-04 17:11:01,287][INFO][clas_trainer:133] - train epoch: 14 [81760/136600 (60%)], lr: ['1.00e-04', '1.00e-04'], loss: 0.000643
[2024-10-04 17:11:40,642][INFO][clas_trainer:133] - train epoch: 14 [95392/136600 (70%)], lr: ['1.00e-04', '1.00e-04'], loss: 0.001270
[2024-10-04 17:12:21,450][INFO][clas_trainer:133] - train epoch: 14 [109024/136600 (80%)], lr: ['1.00e-04', '1.00e-04'], loss: 0.000397
[2024-10-04 17:13:00,666][INFO][clas_trainer:133] - train epoch: 14 [122656/136600 (90%)], lr: ['1.00e-04', '1.00e-04'], loss: 0.001750
[2024-10-04 17:13:43,943][INFO][clas_trainer:133] - train epoch: 14 [136288/136600 (100%)], lr: ['1.00e-04', '1.00e-04'], loss: 0.000340
[2024-10-04 17:14:45,904][INFO][clas_trainer:63] - [epoch  14] execution time: 465.95s	metrics:
[2024-10-04 17:14:45,905][INFO][clas_evaluator:132] - dataset: earlystopping, avg f1-score: 0.3119
[2024-10-04 17:14:45,912][INFO][clas_trainer:79] - finished training
[2024-10-04 17:14:45,912][INFO][clas_trainer:80] - best model on epoch: 4 	f1-score: 0.5349
