[2024-10-03 21:53:24,130][INFO][fine-tune:25] - Using GPU 4
[2024-10-03 21:53:24,135][INFO][fine-tune:35] - overrides:
hydra:
- hydra.launcher.n_jobs=40
- hydra.mode=MULTIRUN
task:
- m_seed_path_sids={seeds:[2,2,2,2,2],path:"exp006b-m2-simple_multi_class-2024-09-20_13-58-02-final.pth",subject_ids:{isruc:$\{data.isruc.cv_5_fold.fold_3\}}}
- data.downstream.train_dataloader.dataset.data_reducer.n_epochs=130
- data.downstream.train_dataloader.dataset.data_reducer.n_subjects=5
- general.gpus=[4,5,6,7]

[2024-10-03 21:53:30,881][INFO][data_loaders:39] - class distribution before data reduction:
# samples per subject
sg1-1-1: 880
sg1-10-1: 842
sg1-11-1: 997
sg1-12-1: 850
sg1-13-1: 882
sg1-14-1: 906
sg1-15-1: 786
sg1-16-1: 883
sg1-17-1: 851
sg1-18-1: 999
sg1-19-1: 828
sg1-2-1: 964
sg1-22-1: 849
sg1-25-1: 921
sg1-27-1: 918
sg1-28-1: 882
sg1-29-1: 912
sg1-3-1: 943
sg1-31-1: 877
sg1-33-1: 920
sg1-35-1: 788
sg1-36-1: 987
sg1-37-1: 806
sg1-38-1: 932
sg1-39-1: 900
sg1-40-1: 875
sg1-42-1: 812
sg1-44-1: 932
sg1-45-1: 906
sg1-46-1: 863
sg1-47-1: 838
sg1-48-1: 981
sg1-49-1: 793
sg1-50-1: 905
sg1-51-1: 856
sg1-52-1: 912
sg1-56-1: 956
sg1-58-1: 965
sg1-6-1: 897
sg1-60-1: 916
sg1-61-1: 852
sg1-62-1: 864
sg1-63-1: 954
sg1-64-1: 892
sg1-65-1: 1014
sg1-66-1: 845
sg1-67-1: 862
sg1-68-1: 956
sg1-7-1: 933
sg1-71-1: 829
sg1-72-1: 872
sg1-73-1: 997
sg1-74-1: 897
sg1-75-1: 898
sg1-77-1: 805
sg1-80-1: 889
sg1-81-1: 911
sg1-82-1: 882
sg1-84-1: 963
sg1-85-1: 896
sg1-89-1: 1036
sg1-9-1: 969
sg1-90-1: 933
sg1-91-1: 990
sg1-92-1: 877
sg1-93-1: 870
sg1-94-1: 846
sg1-95-1: 865
sg1-96-1: 858
sg1-97-1: 912
sg1-98-1: 899
sg1-99-1: 835
sg2-1-1: 933
sg2-1-2: 787
sg2-2-1: 851
sg2-2-2: 869
sg2-3-1: 871
sg2-3-2: 813
sg2-4-1: 932
sg2-4-2: 899
sg2-5-1: 815
sg2-5-2: 879
sg2-6-1: 965
sg2-6-2: 1014
sg3-1-1: 954
sg3-3-1: 824
sg3-4-1: 794
sg3-5-1: 944
sg3-6-1: 853
sg3-7-1: 814
sg3-8-1: 1000
sg3-9-1: 969

# samples per stage
0: 19741
1: 11033
2: 25330
3: 15646
4: 10641
[2024-10-03 21:53:31,421][INFO][data_loaders:43] - class distribution after data reduction:
# samples per subject
sg1-19-1: 22155
sg1-35-1: 10761
sg1-73-1: 22788
sg1-93-1: 10128
sg1-94-1: 16458

# samples per stage
0: 22788
1: 13926
2: 24687
3: 12660
4: 8229
[2024-10-03 21:53:31,448][INFO][base_pretraining_fe:55] - Loading model from exp006b-m2-simple_multi_class-2024-09-20_13-58-02-final.pth
[2024-10-03 21:53:31,969][INFO][data_loaders:39] - class distribution before data reduction:
# samples per subject
sg1-30-1: 882
sg1-4-1: 963
sg1-41-1: 974
sg1-55-1: 879
sg1-57-1: 1007
sg1-70-1: 893
sg1-79-1: 880
sg1-87-1: 926

# samples per stage
0: 1251
1: 841
2: 2721
3: 1520
4: 1071
[2024-10-03 21:53:31,989][INFO][data_loaders:43] - class distribution after data reduction:
# samples per subject
sg1-30-1: 882
sg1-4-1: 963
sg1-41-1: 974
sg1-55-1: 879
sg1-57-1: 1007
sg1-70-1: 893
sg1-79-1: 880
sg1-87-1: 926

# samples per stage
0: 1251
1: 841
2: 2721
3: 1520
4: 1071
[2024-10-03 21:53:32,007][INFO][clas_trainer:49] - metrics before training (epoch 0):
[2024-10-03 21:54:16,887][INFO][clas_evaluator:132] - dataset: earlystopping, avg f1-score: 0.1637
[2024-10-03 21:54:59,342][INFO][clas_trainer:133] - train epoch: 1 [8192/82290 (10%)], lr: ['1.00e-04', '1.00e-04'], loss: 0.506734
[2024-10-03 21:55:43,231][INFO][clas_trainer:133] - train epoch: 1 [16416/82290 (20%)], lr: ['1.00e-04', '1.00e-04'], loss: 0.259671
[2024-10-03 21:56:27,485][INFO][clas_trainer:133] - train epoch: 1 [24640/82290 (30%)], lr: ['1.00e-04', '1.00e-04'], loss: 0.228933
[2024-10-03 21:57:10,815][INFO][clas_trainer:133] - train epoch: 1 [32864/82290 (40%)], lr: ['1.00e-04', '1.00e-04'], loss: 0.189702
[2024-10-03 21:57:52,732][INFO][clas_trainer:133] - train epoch: 1 [41088/82290 (50%)], lr: ['1.00e-04', '1.00e-04'], loss: 0.018335
[2024-10-03 21:58:34,419][INFO][clas_trainer:133] - train epoch: 1 [49312/82290 (60%)], lr: ['1.00e-04', '1.00e-04'], loss: 0.119510
[2024-10-03 21:59:13,806][INFO][clas_trainer:133] - train epoch: 1 [57536/82290 (70%)], lr: ['1.00e-04', '1.00e-04'], loss: 0.005283
[2024-10-03 21:59:52,399][INFO][clas_trainer:133] - train epoch: 1 [65760/82290 (80%)], lr: ['1.00e-04', '1.00e-04'], loss: 0.007639
[2024-10-03 22:00:34,029][INFO][clas_trainer:133] - train epoch: 1 [73984/82290 (90%)], lr: ['1.00e-04', '1.00e-04'], loss: 0.023658
[2024-10-03 22:01:15,637][INFO][clas_trainer:133] - train epoch: 1 [82208/82290 (100%)], lr: ['1.00e-04', '1.00e-04'], loss: 0.020489
[2024-10-03 22:01:57,007][INFO][clas_trainer:63] - [epoch   1] execution time: 460.12s	metrics:
[2024-10-03 22:01:57,011][INFO][clas_evaluator:132] - dataset: earlystopping, avg f1-score: 0.6978
[2024-10-03 22:01:57,088][INFO][base_model:51] - snapshot saved to XXX/frequency-pretraining/models/exp006c-m64-base_fe_clas-2024-10-03_20-03-43-final.pth
[2024-10-03 22:02:38,435][INFO][clas_trainer:133] - train epoch: 2 [8192/82290 (10%)], lr: ['1.00e-04', '1.00e-04'], loss: 0.010167
[2024-10-03 22:03:20,634][INFO][clas_trainer:133] - train epoch: 2 [16416/82290 (20%)], lr: ['1.00e-04', '1.00e-04'], loss: 0.040756
[2024-10-03 22:04:02,380][INFO][clas_trainer:133] - train epoch: 2 [24640/82290 (30%)], lr: ['1.00e-04', '1.00e-04'], loss: 0.014267
[2024-10-03 22:04:44,620][INFO][clas_trainer:133] - train epoch: 2 [32864/82290 (40%)], lr: ['1.00e-04', '1.00e-04'], loss: 0.000856
[2024-10-03 22:05:28,307][INFO][clas_trainer:133] - train epoch: 2 [41088/82290 (50%)], lr: ['1.00e-04', '1.00e-04'], loss: 0.027848
[2024-10-03 22:06:10,844][INFO][clas_trainer:133] - train epoch: 2 [49312/82290 (60%)], lr: ['1.00e-04', '1.00e-04'], loss: 0.009782
[2024-10-03 22:06:51,922][INFO][clas_trainer:133] - train epoch: 2 [57536/82290 (70%)], lr: ['1.00e-04', '1.00e-04'], loss: 0.000786
[2024-10-03 22:07:32,644][INFO][clas_trainer:133] - train epoch: 2 [65760/82290 (80%)], lr: ['1.00e-04', '1.00e-04'], loss: 0.000182
[2024-10-03 22:08:11,418][INFO][clas_trainer:133] - train epoch: 2 [73984/82290 (90%)], lr: ['1.00e-04', '1.00e-04'], loss: 0.000014
[2024-10-03 22:08:49,517][INFO][clas_trainer:133] - train epoch: 2 [82208/82290 (100%)], lr: ['1.00e-04', '1.00e-04'], loss: 0.046830
[2024-10-03 22:09:28,149][INFO][clas_trainer:63] - [epoch   2] execution time: 451.06s	metrics:
[2024-10-03 22:09:28,150][INFO][clas_evaluator:132] - dataset: earlystopping, avg f1-score: 0.6742
[2024-10-03 22:10:06,335][INFO][clas_trainer:133] - train epoch: 3 [8192/82290 (10%)], lr: ['1.00e-04', '1.00e-04'], loss: 0.003032
[2024-10-03 22:10:47,583][INFO][clas_trainer:133] - train epoch: 3 [16416/82290 (20%)], lr: ['1.00e-04', '1.00e-04'], loss: 0.002026
[2024-10-03 22:11:29,421][INFO][clas_trainer:133] - train epoch: 3 [24640/82290 (30%)], lr: ['1.00e-04', '1.00e-04'], loss: 0.000949
[2024-10-03 22:12:09,762][INFO][clas_trainer:133] - train epoch: 3 [32864/82290 (40%)], lr: ['1.00e-04', '1.00e-04'], loss: 0.001428
[2024-10-03 22:12:52,934][INFO][clas_trainer:133] - train epoch: 3 [41088/82290 (50%)], lr: ['1.00e-04', '1.00e-04'], loss: 0.001330
[2024-10-03 22:13:35,396][INFO][clas_trainer:133] - train epoch: 3 [49312/82290 (60%)], lr: ['1.00e-04', '1.00e-04'], loss: 0.004662
[2024-10-03 22:14:16,430][INFO][clas_trainer:133] - train epoch: 3 [57536/82290 (70%)], lr: ['1.00e-04', '1.00e-04'], loss: 0.001494
[2024-10-03 22:15:00,361][INFO][clas_trainer:133] - train epoch: 3 [65760/82290 (80%)], lr: ['1.00e-04', '1.00e-04'], loss: 0.001785
[2024-10-03 22:15:44,272][INFO][clas_trainer:133] - train epoch: 3 [73984/82290 (90%)], lr: ['1.00e-04', '1.00e-04'], loss: 0.000300
[2024-10-03 22:16:24,609][INFO][clas_trainer:133] - train epoch: 3 [82208/82290 (100%)], lr: ['1.00e-04', '1.00e-04'], loss: 0.001014
[2024-10-03 22:17:02,987][INFO][clas_trainer:63] - [epoch   3] execution time: 454.84s	metrics:
[2024-10-03 22:17:02,988][INFO][clas_evaluator:132] - dataset: earlystopping, avg f1-score: 0.6704
[2024-10-03 22:17:44,811][INFO][clas_trainer:133] - train epoch: 4 [8192/82290 (10%)], lr: ['1.00e-04', '1.00e-04'], loss: 0.000100
[2024-10-03 22:18:24,003][INFO][clas_trainer:133] - train epoch: 4 [16416/82290 (20%)], lr: ['1.00e-04', '1.00e-04'], loss: 0.000172
[2024-10-03 22:19:02,703][INFO][clas_trainer:133] - train epoch: 4 [24640/82290 (30%)], lr: ['1.00e-04', '1.00e-04'], loss: 0.000041
[2024-10-03 22:19:43,808][INFO][clas_trainer:133] - train epoch: 4 [32864/82290 (40%)], lr: ['1.00e-04', '1.00e-04'], loss: 0.016224
[2024-10-03 22:20:27,424][INFO][clas_trainer:133] - train epoch: 4 [41088/82290 (50%)], lr: ['1.00e-04', '1.00e-04'], loss: 0.000223
[2024-10-03 22:21:07,428][INFO][clas_trainer:133] - train epoch: 4 [49312/82290 (60%)], lr: ['1.00e-04', '1.00e-04'], loss: 0.002163
[2024-10-03 22:21:49,843][INFO][clas_trainer:133] - train epoch: 4 [57536/82290 (70%)], lr: ['1.00e-04', '1.00e-04'], loss: 0.001156
[2024-10-03 22:22:31,922][INFO][clas_trainer:133] - train epoch: 4 [65760/82290 (80%)], lr: ['1.00e-04', '1.00e-04'], loss: 0.000080
[2024-10-03 22:23:12,918][INFO][clas_trainer:133] - train epoch: 4 [73984/82290 (90%)], lr: ['1.00e-04', '1.00e-04'], loss: 0.000075
[2024-10-03 22:23:54,485][INFO][clas_trainer:133] - train epoch: 4 [82208/82290 (100%)], lr: ['1.00e-04', '1.00e-04'], loss: 0.001177
[2024-10-03 22:24:33,574][INFO][clas_trainer:63] - [epoch   4] execution time: 450.59s	metrics:
[2024-10-03 22:24:33,575][INFO][clas_evaluator:132] - dataset: earlystopping, avg f1-score: 0.6626
[2024-10-03 22:25:21,047][INFO][clas_trainer:133] - train epoch: 5 [8192/82290 (10%)], lr: ['1.00e-04', '1.00e-04'], loss: 0.001256
[2024-10-03 22:26:05,733][INFO][clas_trainer:133] - train epoch: 5 [16416/82290 (20%)], lr: ['1.00e-04', '1.00e-04'], loss: 0.000336
[2024-10-03 22:26:47,598][INFO][clas_trainer:133] - train epoch: 5 [24640/82290 (30%)], lr: ['1.00e-04', '1.00e-04'], loss: 0.000093
[2024-10-03 22:27:33,536][INFO][clas_trainer:133] - train epoch: 5 [32864/82290 (40%)], lr: ['1.00e-04', '1.00e-04'], loss: 0.000289
[2024-10-03 22:28:17,940][INFO][clas_trainer:133] - train epoch: 5 [41088/82290 (50%)], lr: ['1.00e-04', '1.00e-04'], loss: 0.000056
[2024-10-03 22:29:01,692][INFO][clas_trainer:133] - train epoch: 5 [49312/82290 (60%)], lr: ['1.00e-04', '1.00e-04'], loss: 0.000226
[2024-10-03 22:29:45,807][INFO][clas_trainer:133] - train epoch: 5 [57536/82290 (70%)], lr: ['1.00e-04', '1.00e-04'], loss: 0.000302
[2024-10-03 22:30:28,695][INFO][clas_trainer:133] - train epoch: 5 [65760/82290 (80%)], lr: ['1.00e-04', '1.00e-04'], loss: 0.000147
[2024-10-03 22:31:12,219][INFO][clas_trainer:133] - train epoch: 5 [73984/82290 (90%)], lr: ['1.00e-04', '1.00e-04'], loss: 0.000474
[2024-10-03 22:31:59,444][INFO][clas_trainer:133] - train epoch: 5 [82208/82290 (100%)], lr: ['1.00e-04', '1.00e-04'], loss: 0.000192
[2024-10-03 22:32:40,859][INFO][clas_trainer:63] - [epoch   5] execution time: 487.28s	metrics:
[2024-10-03 22:32:40,860][INFO][clas_evaluator:132] - dataset: earlystopping, avg f1-score: 0.6711
[2024-10-03 22:33:20,023][INFO][clas_trainer:133] - train epoch: 6 [8192/82290 (10%)], lr: ['1.00e-04', '1.00e-04'], loss: 0.001308
[2024-10-03 22:34:04,700][INFO][clas_trainer:133] - train epoch: 6 [16416/82290 (20%)], lr: ['1.00e-04', '1.00e-04'], loss: 0.026328
[2024-10-03 22:34:49,099][INFO][clas_trainer:133] - train epoch: 6 [24640/82290 (30%)], lr: ['1.00e-04', '1.00e-04'], loss: 0.000081
[2024-10-03 22:35:33,529][INFO][clas_trainer:133] - train epoch: 6 [32864/82290 (40%)], lr: ['1.00e-04', '1.00e-04'], loss: 0.000167
[2024-10-03 22:36:17,394][INFO][clas_trainer:133] - train epoch: 6 [41088/82290 (50%)], lr: ['1.00e-04', '1.00e-04'], loss: 0.000355
[2024-10-03 22:37:02,825][INFO][clas_trainer:133] - train epoch: 6 [49312/82290 (60%)], lr: ['1.00e-04', '1.00e-04'], loss: 0.005055
[2024-10-03 22:37:48,721][INFO][clas_trainer:133] - train epoch: 6 [57536/82290 (70%)], lr: ['1.00e-04', '1.00e-04'], loss: 0.000686
[2024-10-03 22:38:39,321][INFO][clas_trainer:133] - train epoch: 6 [65760/82290 (80%)], lr: ['1.00e-04', '1.00e-04'], loss: 0.000087
[2024-10-03 22:39:25,629][INFO][clas_trainer:133] - train epoch: 6 [73984/82290 (90%)], lr: ['1.00e-04', '1.00e-04'], loss: 0.001357
[2024-10-03 22:40:08,564][INFO][clas_trainer:133] - train epoch: 6 [82208/82290 (100%)], lr: ['1.00e-04', '1.00e-04'], loss: 0.001408
[2024-10-03 22:40:53,734][INFO][clas_trainer:63] - [epoch   6] execution time: 492.87s	metrics:
[2024-10-03 22:40:53,735][INFO][clas_evaluator:132] - dataset: earlystopping, avg f1-score: 0.6983
[2024-10-03 22:40:53,778][INFO][base_model:51] - snapshot saved to XXX/frequency-pretraining/models/exp006c-m64-base_fe_clas-2024-10-03_20-03-43-final.pth
[2024-10-03 22:41:37,635][INFO][clas_trainer:133] - train epoch: 7 [8192/82290 (10%)], lr: ['1.00e-04', '1.00e-04'], loss: 0.001161
[2024-10-03 22:42:20,403][INFO][clas_trainer:133] - train epoch: 7 [16416/82290 (20%)], lr: ['1.00e-04', '1.00e-04'], loss: 0.000410
[2024-10-03 22:43:06,327][INFO][clas_trainer:133] - train epoch: 7 [24640/82290 (30%)], lr: ['1.00e-04', '1.00e-04'], loss: 0.000378
[2024-10-03 22:43:51,658][INFO][clas_trainer:133] - train epoch: 7 [32864/82290 (40%)], lr: ['1.00e-04', '1.00e-04'], loss: 0.000271
[2024-10-03 22:44:38,674][INFO][clas_trainer:133] - train epoch: 7 [41088/82290 (50%)], lr: ['1.00e-04', '1.00e-04'], loss: 0.001002
[2024-10-03 22:45:22,650][INFO][clas_trainer:133] - train epoch: 7 [49312/82290 (60%)], lr: ['1.00e-04', '1.00e-04'], loss: 0.005495
[2024-10-03 22:46:08,587][INFO][clas_trainer:133] - train epoch: 7 [57536/82290 (70%)], lr: ['1.00e-04', '1.00e-04'], loss: 0.000095
[2024-10-03 22:46:53,565][INFO][clas_trainer:133] - train epoch: 7 [65760/82290 (80%)], lr: ['1.00e-04', '1.00e-04'], loss: 0.000735
[2024-10-03 22:47:34,810][INFO][clas_trainer:133] - train epoch: 7 [73984/82290 (90%)], lr: ['1.00e-04', '1.00e-04'], loss: 0.000459
[2024-10-03 22:48:14,951][INFO][clas_trainer:133] - train epoch: 7 [82208/82290 (100%)], lr: ['1.00e-04', '1.00e-04'], loss: 0.000228
[2024-10-03 22:49:02,436][INFO][clas_trainer:63] - [epoch   7] execution time: 488.66s	metrics:
[2024-10-03 22:49:02,437][INFO][clas_evaluator:132] - dataset: earlystopping, avg f1-score: 0.6739
[2024-10-03 22:49:50,561][INFO][clas_trainer:133] - train epoch: 8 [8192/82290 (10%)], lr: ['1.00e-04', '1.00e-04'], loss: 0.000657
[2024-10-03 22:50:36,452][INFO][clas_trainer:133] - train epoch: 8 [16416/82290 (20%)], lr: ['1.00e-04', '1.00e-04'], loss: 0.000685
[2024-10-03 22:51:25,540][INFO][clas_trainer:133] - train epoch: 8 [24640/82290 (30%)], lr: ['1.00e-04', '1.00e-04'], loss: 0.000422
[2024-10-03 22:52:15,677][INFO][clas_trainer:133] - train epoch: 8 [32864/82290 (40%)], lr: ['1.00e-04', '1.00e-04'], loss: 0.001617
[2024-10-03 22:53:04,552][INFO][clas_trainer:133] - train epoch: 8 [41088/82290 (50%)], lr: ['1.00e-04', '1.00e-04'], loss: 0.000428
[2024-10-03 22:53:52,824][INFO][clas_trainer:133] - train epoch: 8 [49312/82290 (60%)], lr: ['1.00e-04', '1.00e-04'], loss: 0.004660
[2024-10-03 22:54:45,760][INFO][clas_trainer:133] - train epoch: 8 [57536/82290 (70%)], lr: ['1.00e-04', '1.00e-04'], loss: 0.000477
[2024-10-03 22:55:34,858][INFO][clas_trainer:133] - train epoch: 8 [65760/82290 (80%)], lr: ['1.00e-04', '1.00e-04'], loss: 0.000979
[2024-10-03 22:56:22,445][INFO][clas_trainer:133] - train epoch: 8 [73984/82290 (90%)], lr: ['1.00e-04', '1.00e-04'], loss: 0.000351
[2024-10-03 22:57:05,132][INFO][clas_trainer:133] - train epoch: 8 [82208/82290 (100%)], lr: ['1.00e-04', '1.00e-04'], loss: 0.025636
[2024-10-03 22:57:54,459][INFO][clas_trainer:63] - [epoch   8] execution time: 532.02s	metrics:
[2024-10-03 22:57:54,460][INFO][clas_evaluator:132] - dataset: earlystopping, avg f1-score: 0.6603
[2024-10-03 22:58:42,694][INFO][clas_trainer:133] - train epoch: 9 [8192/82290 (10%)], lr: ['1.00e-04', '1.00e-04'], loss: 0.001436
[2024-10-03 22:59:27,901][INFO][clas_trainer:133] - train epoch: 9 [16416/82290 (20%)], lr: ['1.00e-04', '1.00e-04'], loss: 0.000400
[2024-10-03 23:00:16,919][INFO][clas_trainer:133] - train epoch: 9 [24640/82290 (30%)], lr: ['1.00e-04', '1.00e-04'], loss: 0.002809
[2024-10-03 23:01:06,935][INFO][clas_trainer:133] - train epoch: 9 [32864/82290 (40%)], lr: ['1.00e-04', '1.00e-04'], loss: 0.051935
[2024-10-03 23:01:56,846][INFO][clas_trainer:133] - train epoch: 9 [41088/82290 (50%)], lr: ['1.00e-04', '1.00e-04'], loss: 0.002241
[2024-10-03 23:02:44,271][INFO][clas_trainer:133] - train epoch: 9 [49312/82290 (60%)], lr: ['1.00e-04', '1.00e-04'], loss: 0.001197
[2024-10-03 23:03:29,708][INFO][clas_trainer:133] - train epoch: 9 [57536/82290 (70%)], lr: ['1.00e-04', '1.00e-04'], loss: 0.001423
[2024-10-03 23:04:17,862][INFO][clas_trainer:133] - train epoch: 9 [65760/82290 (80%)], lr: ['1.00e-04', '1.00e-04'], loss: 0.000254
[2024-10-03 23:05:01,690][INFO][clas_trainer:133] - train epoch: 9 [73984/82290 (90%)], lr: ['1.00e-04', '1.00e-04'], loss: 0.000745
[2024-10-03 23:05:45,582][INFO][clas_trainer:133] - train epoch: 9 [82208/82290 (100%)], lr: ['1.00e-04', '1.00e-04'], loss: 0.000939
[2024-10-03 23:06:30,299][INFO][clas_trainer:63] - [epoch   9] execution time: 515.84s	metrics:
[2024-10-03 23:06:30,300][INFO][clas_evaluator:132] - dataset: earlystopping, avg f1-score: 0.6644
[2024-10-03 23:07:15,928][INFO][clas_trainer:133] - train epoch: 10 [8192/82290 (10%)], lr: ['1.00e-04', '1.00e-04'], loss: 0.000862
[2024-10-03 23:08:02,646][INFO][clas_trainer:133] - train epoch: 10 [16416/82290 (20%)], lr: ['1.00e-04', '1.00e-04'], loss: 0.000546
[2024-10-03 23:08:49,521][INFO][clas_trainer:133] - train epoch: 10 [24640/82290 (30%)], lr: ['1.00e-04', '1.00e-04'], loss: 0.001698
[2024-10-03 23:09:34,516][INFO][clas_trainer:133] - train epoch: 10 [32864/82290 (40%)], lr: ['1.00e-04', '1.00e-04'], loss: 0.010177
[2024-10-03 23:10:18,155][INFO][clas_trainer:133] - train epoch: 10 [41088/82290 (50%)], lr: ['1.00e-04', '1.00e-04'], loss: 0.000472
[2024-10-03 23:11:05,636][INFO][clas_trainer:133] - train epoch: 10 [49312/82290 (60%)], lr: ['1.00e-04', '1.00e-04'], loss: 0.001062
[2024-10-03 23:11:54,076][INFO][clas_trainer:133] - train epoch: 10 [57536/82290 (70%)], lr: ['1.00e-04', '1.00e-04'], loss: 0.002508
[2024-10-03 23:12:39,754][INFO][clas_trainer:133] - train epoch: 10 [65760/82290 (80%)], lr: ['1.00e-04', '1.00e-04'], loss: 0.000538
[2024-10-03 23:13:24,410][INFO][clas_trainer:133] - train epoch: 10 [73984/82290 (90%)], lr: ['1.00e-04', '1.00e-04'], loss: 0.000600
[2024-10-03 23:14:06,322][INFO][clas_trainer:133] - train epoch: 10 [82208/82290 (100%)], lr: ['1.00e-04', '1.00e-04'], loss: 0.000949
[2024-10-03 23:14:50,659][INFO][clas_trainer:63] - [epoch  10] execution time: 500.36s	metrics:
[2024-10-03 23:14:50,659][INFO][clas_evaluator:132] - dataset: earlystopping, avg f1-score: 0.6546
[2024-10-03 23:15:34,338][INFO][clas_trainer:133] - train epoch: 11 [8192/82290 (10%)], lr: ['1.00e-04', '1.00e-04'], loss: 0.000428
[2024-10-03 23:16:13,521][INFO][clas_trainer:133] - train epoch: 11 [16416/82290 (20%)], lr: ['1.00e-04', '1.00e-04'], loss: 0.000634
[2024-10-03 23:16:53,654][INFO][clas_trainer:133] - train epoch: 11 [24640/82290 (30%)], lr: ['1.00e-04', '1.00e-04'], loss: 0.001228
[2024-10-03 23:17:35,666][INFO][clas_trainer:133] - train epoch: 11 [32864/82290 (40%)], lr: ['1.00e-04', '1.00e-04'], loss: 0.000858
[2024-10-03 23:18:19,123][INFO][clas_trainer:133] - train epoch: 11 [41088/82290 (50%)], lr: ['1.00e-04', '1.00e-04'], loss: 0.000655
[2024-10-03 23:19:04,087][INFO][clas_trainer:133] - train epoch: 11 [49312/82290 (60%)], lr: ['1.00e-04', '1.00e-04'], loss: 0.000401
[2024-10-03 23:19:46,435][INFO][clas_trainer:133] - train epoch: 11 [57536/82290 (70%)], lr: ['1.00e-04', '1.00e-04'], loss: 0.001459
[2024-10-03 23:20:28,817][INFO][clas_trainer:133] - train epoch: 11 [65760/82290 (80%)], lr: ['1.00e-04', '1.00e-04'], loss: 0.000886
[2024-10-03 23:21:11,269][INFO][clas_trainer:133] - train epoch: 11 [73984/82290 (90%)], lr: ['1.00e-04', '1.00e-04'], loss: 0.001058
[2024-10-03 23:21:52,201][INFO][clas_trainer:133] - train epoch: 11 [82208/82290 (100%)], lr: ['1.00e-04', '1.00e-04'], loss: 0.000625
[2024-10-03 23:22:34,719][INFO][clas_trainer:63] - [epoch  11] execution time: 464.06s	metrics:
[2024-10-03 23:22:34,720][INFO][clas_evaluator:132] - dataset: earlystopping, avg f1-score: 0.6798
[2024-10-03 23:23:19,359][INFO][clas_trainer:133] - train epoch: 12 [8192/82290 (10%)], lr: ['1.00e-04', '1.00e-04'], loss: 0.001123
[2024-10-03 23:24:01,710][INFO][clas_trainer:133] - train epoch: 12 [16416/82290 (20%)], lr: ['1.00e-04', '1.00e-04'], loss: 0.001692
[2024-10-03 23:24:42,129][INFO][clas_trainer:133] - train epoch: 12 [24640/82290 (30%)], lr: ['1.00e-04', '1.00e-04'], loss: 0.000728
[2024-10-03 23:25:23,245][INFO][clas_trainer:133] - train epoch: 12 [32864/82290 (40%)], lr: ['1.00e-04', '1.00e-04'], loss: 0.000590
[2024-10-03 23:26:04,083][INFO][clas_trainer:133] - train epoch: 12 [41088/82290 (50%)], lr: ['1.00e-04', '1.00e-04'], loss: 0.000731
[2024-10-03 23:26:49,342][INFO][clas_trainer:133] - train epoch: 12 [49312/82290 (60%)], lr: ['1.00e-04', '1.00e-04'], loss: 0.000658
[2024-10-03 23:27:33,634][INFO][clas_trainer:133] - train epoch: 12 [57536/82290 (70%)], lr: ['1.00e-04', '1.00e-04'], loss: 0.000781
[2024-10-03 23:28:18,550][INFO][clas_trainer:133] - train epoch: 12 [65760/82290 (80%)], lr: ['1.00e-04', '1.00e-04'], loss: 0.000453
[2024-10-03 23:29:05,199][INFO][clas_trainer:133] - train epoch: 12 [73984/82290 (90%)], lr: ['1.00e-04', '1.00e-04'], loss: 0.001122
[2024-10-03 23:29:50,711][INFO][clas_trainer:133] - train epoch: 12 [82208/82290 (100%)], lr: ['1.00e-04', '1.00e-04'], loss: 0.005682
[2024-10-03 23:30:36,700][INFO][clas_trainer:63] - [epoch  12] execution time: 481.98s	metrics:
[2024-10-03 23:30:36,701][INFO][clas_evaluator:132] - dataset: earlystopping, avg f1-score: 0.7016
[2024-10-03 23:30:36,743][INFO][base_model:51] - snapshot saved to XXX/frequency-pretraining/models/exp006c-m64-base_fe_clas-2024-10-03_20-03-43-final.pth
[2024-10-03 23:31:22,424][INFO][clas_trainer:133] - train epoch: 13 [8192/82290 (10%)], lr: ['1.00e-04', '1.00e-04'], loss: 0.000443
[2024-10-03 23:32:08,128][INFO][clas_trainer:133] - train epoch: 13 [16416/82290 (20%)], lr: ['1.00e-04', '1.00e-04'], loss: 0.000745
[2024-10-03 23:32:53,971][INFO][clas_trainer:133] - train epoch: 13 [24640/82290 (30%)], lr: ['1.00e-04', '1.00e-04'], loss: 0.000515
[2024-10-03 23:33:40,519][INFO][clas_trainer:133] - train epoch: 13 [32864/82290 (40%)], lr: ['1.00e-04', '1.00e-04'], loss: 0.001135
[2024-10-03 23:34:26,975][INFO][clas_trainer:133] - train epoch: 13 [41088/82290 (50%)], lr: ['1.00e-04', '1.00e-04'], loss: 0.024610
[2024-10-03 23:35:12,939][INFO][clas_trainer:133] - train epoch: 13 [49312/82290 (60%)], lr: ['1.00e-04', '1.00e-04'], loss: 0.000510
[2024-10-03 23:35:55,825][INFO][clas_trainer:133] - train epoch: 13 [57536/82290 (70%)], lr: ['1.00e-04', '1.00e-04'], loss: 0.001220
[2024-10-03 23:36:41,034][INFO][clas_trainer:133] - train epoch: 13 [65760/82290 (80%)], lr: ['1.00e-04', '1.00e-04'], loss: 0.000623
[2024-10-03 23:37:28,273][INFO][clas_trainer:133] - train epoch: 13 [73984/82290 (90%)], lr: ['1.00e-04', '1.00e-04'], loss: 0.003666
[2024-10-03 23:38:12,632][INFO][clas_trainer:133] - train epoch: 13 [82208/82290 (100%)], lr: ['1.00e-04', '1.00e-04'], loss: 0.002171
[2024-10-03 23:38:56,272][INFO][clas_trainer:63] - [epoch  13] execution time: 499.53s	metrics:
[2024-10-03 23:38:56,273][INFO][clas_evaluator:132] - dataset: earlystopping, avg f1-score: 0.6674
[2024-10-03 23:39:40,099][INFO][clas_trainer:133] - train epoch: 14 [8192/82290 (10%)], lr: ['1.00e-04', '1.00e-04'], loss: 0.001584
[2024-10-03 23:40:21,691][INFO][clas_trainer:133] - train epoch: 14 [16416/82290 (20%)], lr: ['1.00e-04', '1.00e-04'], loss: 0.000763
[2024-10-03 23:41:01,258][INFO][clas_trainer:133] - train epoch: 14 [24640/82290 (30%)], lr: ['1.00e-04', '1.00e-04'], loss: 0.000583
[2024-10-03 23:41:45,545][INFO][clas_trainer:133] - train epoch: 14 [32864/82290 (40%)], lr: ['1.00e-04', '1.00e-04'], loss: 0.000760
[2024-10-03 23:42:27,469][INFO][clas_trainer:133] - train epoch: 14 [41088/82290 (50%)], lr: ['1.00e-04', '1.00e-04'], loss: 0.001339
[2024-10-03 23:43:07,349][INFO][clas_trainer:133] - train epoch: 14 [49312/82290 (60%)], lr: ['1.00e-04', '1.00e-04'], loss: 0.000613
[2024-10-03 23:43:48,770][INFO][clas_trainer:133] - train epoch: 14 [57536/82290 (70%)], lr: ['1.00e-04', '1.00e-04'], loss: 0.001214
[2024-10-03 23:44:32,595][INFO][clas_trainer:133] - train epoch: 14 [65760/82290 (80%)], lr: ['1.00e-04', '1.00e-04'], loss: 0.000927
[2024-10-03 23:45:18,249][INFO][clas_trainer:133] - train epoch: 14 [73984/82290 (90%)], lr: ['1.00e-04', '1.00e-04'], loss: 0.001029
[2024-10-03 23:46:01,455][INFO][clas_trainer:133] - train epoch: 14 [82208/82290 (100%)], lr: ['1.00e-04', '1.00e-04'], loss: 0.001609
[2024-10-03 23:46:41,356][INFO][clas_trainer:63] - [epoch  14] execution time: 465.08s	metrics:
[2024-10-03 23:46:41,356][INFO][clas_evaluator:132] - dataset: earlystopping, avg f1-score: 0.6595
[2024-10-03 23:47:21,947][INFO][clas_trainer:133] - train epoch: 15 [8192/82290 (10%)], lr: ['1.00e-04', '1.00e-04'], loss: 0.001422
[2024-10-03 23:48:00,256][INFO][clas_trainer:133] - train epoch: 15 [16416/82290 (20%)], lr: ['1.00e-04', '1.00e-04'], loss: 0.000747
[2024-10-03 23:48:38,054][INFO][clas_trainer:133] - train epoch: 15 [24640/82290 (30%)], lr: ['1.00e-04', '1.00e-04'], loss: 0.000684
[2024-10-03 23:49:15,644][INFO][clas_trainer:133] - train epoch: 15 [32864/82290 (40%)], lr: ['1.00e-04', '1.00e-04'], loss: 0.001804
[2024-10-03 23:49:54,271][INFO][clas_trainer:133] - train epoch: 15 [41088/82290 (50%)], lr: ['1.00e-04', '1.00e-04'], loss: 0.000522
[2024-10-03 23:50:33,395][INFO][clas_trainer:133] - train epoch: 15 [49312/82290 (60%)], lr: ['1.00e-04', '1.00e-04'], loss: 0.000742
[2024-10-03 23:51:13,040][INFO][clas_trainer:133] - train epoch: 15 [57536/82290 (70%)], lr: ['1.00e-04', '1.00e-04'], loss: 0.000803
[2024-10-03 23:51:53,454][INFO][clas_trainer:133] - train epoch: 15 [65760/82290 (80%)], lr: ['1.00e-04', '1.00e-04'], loss: 0.000523
[2024-10-03 23:52:33,496][INFO][clas_trainer:133] - train epoch: 15 [73984/82290 (90%)], lr: ['1.00e-04', '1.00e-04'], loss: 0.000681
[2024-10-03 23:53:13,279][INFO][clas_trainer:133] - train epoch: 15 [82208/82290 (100%)], lr: ['1.00e-04', '1.00e-04'], loss: 0.000491
[2024-10-03 23:53:52,928][INFO][clas_trainer:63] - [epoch  15] execution time: 431.57s	metrics:
[2024-10-03 23:53:52,929][INFO][clas_evaluator:132] - dataset: earlystopping, avg f1-score: 0.6925
[2024-10-03 23:54:36,086][INFO][clas_trainer:133] - train epoch: 16 [8192/82290 (10%)], lr: ['1.00e-04', '1.00e-04'], loss: 0.000896
[2024-10-03 23:55:15,145][INFO][clas_trainer:133] - train epoch: 16 [16416/82290 (20%)], lr: ['1.00e-04', '1.00e-04'], loss: 0.001306
[2024-10-03 23:55:53,593][INFO][clas_trainer:133] - train epoch: 16 [24640/82290 (30%)], lr: ['1.00e-04', '1.00e-04'], loss: 0.000760
[2024-10-03 23:56:30,103][INFO][clas_trainer:133] - train epoch: 16 [32864/82290 (40%)], lr: ['1.00e-04', '1.00e-04'], loss: 0.000763
[2024-10-03 23:57:08,737][INFO][clas_trainer:133] - train epoch: 16 [41088/82290 (50%)], lr: ['1.00e-04', '1.00e-04'], loss: 0.000761
[2024-10-03 23:57:45,209][INFO][clas_trainer:133] - train epoch: 16 [49312/82290 (60%)], lr: ['1.00e-04', '1.00e-04'], loss: 0.000941
[2024-10-03 23:58:21,549][INFO][clas_trainer:133] - train epoch: 16 [57536/82290 (70%)], lr: ['1.00e-04', '1.00e-04'], loss: 0.000934
[2024-10-03 23:58:57,567][INFO][clas_trainer:133] - train epoch: 16 [65760/82290 (80%)], lr: ['1.00e-04', '1.00e-04'], loss: 0.000736
[2024-10-03 23:59:33,355][INFO][clas_trainer:133] - train epoch: 16 [73984/82290 (90%)], lr: ['1.00e-04', '1.00e-04'], loss: 0.008343
[2024-10-04 00:00:10,433][INFO][clas_trainer:133] - train epoch: 16 [82208/82290 (100%)], lr: ['1.00e-04', '1.00e-04'], loss: 0.000724
[2024-10-04 00:00:48,002][INFO][clas_trainer:63] - [epoch  16] execution time: 415.07s	metrics:
[2024-10-04 00:00:48,003][INFO][clas_evaluator:132] - dataset: earlystopping, avg f1-score: 0.6584
[2024-10-04 00:01:24,225][INFO][clas_trainer:133] - train epoch: 17 [8192/82290 (10%)], lr: ['1.00e-04', '1.00e-04'], loss: 0.001412
[2024-10-04 00:01:58,771][INFO][clas_trainer:133] - train epoch: 17 [16416/82290 (20%)], lr: ['1.00e-04', '1.00e-04'], loss: 0.001364
[2024-10-04 00:02:33,647][INFO][clas_trainer:133] - train epoch: 17 [24640/82290 (30%)], lr: ['1.00e-04', '1.00e-04'], loss: 0.023104
[2024-10-04 00:03:09,129][INFO][clas_trainer:133] - train epoch: 17 [32864/82290 (40%)], lr: ['1.00e-04', '1.00e-04'], loss: 0.001547
[2024-10-04 00:03:44,984][INFO][clas_trainer:133] - train epoch: 17 [41088/82290 (50%)], lr: ['1.00e-04', '1.00e-04'], loss: 0.001662
[2024-10-04 00:04:19,753][INFO][clas_trainer:133] - train epoch: 17 [49312/82290 (60%)], lr: ['1.00e-04', '1.00e-04'], loss: 0.003461
[2024-10-04 00:04:55,293][INFO][clas_trainer:133] - train epoch: 17 [57536/82290 (70%)], lr: ['1.00e-04', '1.00e-04'], loss: 0.000706
[2024-10-04 00:05:28,766][INFO][clas_trainer:133] - train epoch: 17 [65760/82290 (80%)], lr: ['1.00e-04', '1.00e-04'], loss: 0.001059
[2024-10-04 00:06:04,265][INFO][clas_trainer:133] - train epoch: 17 [73984/82290 (90%)], lr: ['1.00e-04', '1.00e-04'], loss: 0.001318
[2024-10-04 00:06:38,236][INFO][clas_trainer:133] - train epoch: 17 [82208/82290 (100%)], lr: ['1.00e-04', '1.00e-04'], loss: 0.000995
[2024-10-04 00:07:13,682][INFO][clas_trainer:63] - [epoch  17] execution time: 385.68s	metrics:
[2024-10-04 00:07:13,683][INFO][clas_evaluator:132] - dataset: earlystopping, avg f1-score: 0.6602
[2024-10-04 00:07:48,050][INFO][clas_trainer:133] - train epoch: 18 [8192/82290 (10%)], lr: ['1.00e-04', '1.00e-04'], loss: 0.000843
[2024-10-04 00:08:21,453][INFO][clas_trainer:133] - train epoch: 18 [16416/82290 (20%)], lr: ['1.00e-04', '1.00e-04'], loss: 0.002485
[2024-10-04 00:08:55,390][INFO][clas_trainer:133] - train epoch: 18 [24640/82290 (30%)], lr: ['1.00e-04', '1.00e-04'], loss: 0.000890
[2024-10-04 00:09:28,511][INFO][clas_trainer:133] - train epoch: 18 [32864/82290 (40%)], lr: ['1.00e-04', '1.00e-04'], loss: 0.000902
[2024-10-04 00:10:01,652][INFO][clas_trainer:133] - train epoch: 18 [41088/82290 (50%)], lr: ['1.00e-04', '1.00e-04'], loss: 0.000684
[2024-10-04 00:10:34,377][INFO][clas_trainer:133] - train epoch: 18 [49312/82290 (60%)], lr: ['1.00e-04', '1.00e-04'], loss: 0.000418
[2024-10-04 00:11:07,521][INFO][clas_trainer:133] - train epoch: 18 [57536/82290 (70%)], lr: ['1.00e-04', '1.00e-04'], loss: 0.000743
[2024-10-04 00:11:41,026][INFO][clas_trainer:133] - train epoch: 18 [65760/82290 (80%)], lr: ['1.00e-04', '1.00e-04'], loss: 0.000629
[2024-10-04 00:12:13,969][INFO][clas_trainer:133] - train epoch: 18 [73984/82290 (90%)], lr: ['1.00e-04', '1.00e-04'], loss: 0.002519
[2024-10-04 00:12:48,250][INFO][clas_trainer:133] - train epoch: 18 [82208/82290 (100%)], lr: ['1.00e-04', '1.00e-04'], loss: 0.000449
[2024-10-04 00:13:25,187][INFO][clas_trainer:63] - [epoch  18] execution time: 371.50s	metrics:
[2024-10-04 00:13:25,188][INFO][clas_evaluator:132] - dataset: earlystopping, avg f1-score: 0.6820
[2024-10-04 00:14:00,296][INFO][clas_trainer:133] - train epoch: 19 [8192/82290 (10%)], lr: ['1.00e-04', '1.00e-04'], loss: 0.000404
[2024-10-04 00:14:33,230][INFO][clas_trainer:133] - train epoch: 19 [16416/82290 (20%)], lr: ['1.00e-04', '1.00e-04'], loss: 0.000787
[2024-10-04 00:15:05,782][INFO][clas_trainer:133] - train epoch: 19 [24640/82290 (30%)], lr: ['1.00e-04', '1.00e-04'], loss: 0.001007
[2024-10-04 00:15:36,953][INFO][clas_trainer:133] - train epoch: 19 [32864/82290 (40%)], lr: ['1.00e-04', '1.00e-04'], loss: 0.000417
[2024-10-04 00:16:09,254][INFO][clas_trainer:133] - train epoch: 19 [41088/82290 (50%)], lr: ['1.00e-04', '1.00e-04'], loss: 0.000983
[2024-10-04 00:16:41,208][INFO][clas_trainer:133] - train epoch: 19 [49312/82290 (60%)], lr: ['1.00e-04', '1.00e-04'], loss: 0.000712
[2024-10-04 00:17:13,153][INFO][clas_trainer:133] - train epoch: 19 [57536/82290 (70%)], lr: ['1.00e-04', '1.00e-04'], loss: 0.000438
[2024-10-04 00:17:45,508][INFO][clas_trainer:133] - train epoch: 19 [65760/82290 (80%)], lr: ['1.00e-04', '1.00e-04'], loss: 0.001561
[2024-10-04 00:18:17,709][INFO][clas_trainer:133] - train epoch: 19 [73984/82290 (90%)], lr: ['1.00e-04', '1.00e-04'], loss: 0.001044
[2024-10-04 00:18:49,746][INFO][clas_trainer:133] - train epoch: 19 [82208/82290 (100%)], lr: ['1.00e-04', '1.00e-04'], loss: 0.001193
[2024-10-04 00:19:23,709][INFO][clas_trainer:63] - [epoch  19] execution time: 358.52s	metrics:
[2024-10-04 00:19:23,710][INFO][clas_evaluator:132] - dataset: earlystopping, avg f1-score: 0.6663
[2024-10-04 00:19:56,765][INFO][clas_trainer:133] - train epoch: 20 [8192/82290 (10%)], lr: ['1.00e-04', '1.00e-04'], loss: 0.001014
[2024-10-04 00:20:29,197][INFO][clas_trainer:133] - train epoch: 20 [16416/82290 (20%)], lr: ['1.00e-04', '1.00e-04'], loss: 0.000974
[2024-10-04 00:21:01,829][INFO][clas_trainer:133] - train epoch: 20 [24640/82290 (30%)], lr: ['1.00e-04', '1.00e-04'], loss: 0.000503
[2024-10-04 00:21:33,807][INFO][clas_trainer:133] - train epoch: 20 [32864/82290 (40%)], lr: ['1.00e-04', '1.00e-04'], loss: 0.000512
[2024-10-04 00:22:05,931][INFO][clas_trainer:133] - train epoch: 20 [41088/82290 (50%)], lr: ['1.00e-04', '1.00e-04'], loss: 0.000640
[2024-10-04 00:22:38,019][INFO][clas_trainer:133] - train epoch: 20 [49312/82290 (60%)], lr: ['1.00e-04', '1.00e-04'], loss: 0.001305
[2024-10-04 00:23:09,419][INFO][clas_trainer:133] - train epoch: 20 [57536/82290 (70%)], lr: ['1.00e-04', '1.00e-04'], loss: 0.000491
[2024-10-04 00:23:41,152][INFO][clas_trainer:133] - train epoch: 20 [65760/82290 (80%)], lr: ['1.00e-04', '1.00e-04'], loss: 0.000607
[2024-10-04 00:24:12,427][INFO][clas_trainer:133] - train epoch: 20 [73984/82290 (90%)], lr: ['1.00e-04', '1.00e-04'], loss: 0.001822
[2024-10-04 00:24:43,467][INFO][clas_trainer:133] - train epoch: 20 [82208/82290 (100%)], lr: ['1.00e-04', '1.00e-04'], loss: 0.000973
[2024-10-04 00:25:16,755][INFO][clas_trainer:63] - [epoch  20] execution time: 353.04s	metrics:
[2024-10-04 00:25:16,755][INFO][clas_evaluator:132] - dataset: earlystopping, avg f1-score: 0.6400
[2024-10-04 00:25:50,675][INFO][clas_trainer:133] - train epoch: 21 [8192/82290 (10%)], lr: ['1.00e-04', '1.00e-04'], loss: 0.000710
[2024-10-04 00:26:23,226][INFO][clas_trainer:133] - train epoch: 21 [16416/82290 (20%)], lr: ['1.00e-04', '1.00e-04'], loss: 0.000722
[2024-10-04 00:26:54,684][INFO][clas_trainer:133] - train epoch: 21 [24640/82290 (30%)], lr: ['1.00e-04', '1.00e-04'], loss: 0.000356
[2024-10-04 00:27:26,373][INFO][clas_trainer:133] - train epoch: 21 [32864/82290 (40%)], lr: ['1.00e-04', '1.00e-04'], loss: 0.000559
[2024-10-04 00:27:57,013][INFO][clas_trainer:133] - train epoch: 21 [41088/82290 (50%)], lr: ['1.00e-04', '1.00e-04'], loss: 0.000702
[2024-10-04 00:28:28,255][INFO][clas_trainer:133] - train epoch: 21 [49312/82290 (60%)], lr: ['1.00e-04', '1.00e-04'], loss: 0.000481
[2024-10-04 00:28:59,134][INFO][clas_trainer:133] - train epoch: 21 [57536/82290 (70%)], lr: ['1.00e-04', '1.00e-04'], loss: 0.000443
[2024-10-04 00:29:29,199][INFO][clas_trainer:133] - train epoch: 21 [65760/82290 (80%)], lr: ['1.00e-04', '1.00e-04'], loss: 0.000570
[2024-10-04 00:30:00,384][INFO][clas_trainer:133] - train epoch: 21 [73984/82290 (90%)], lr: ['1.00e-04', '1.00e-04'], loss: 0.000672
[2024-10-04 00:30:33,120][INFO][clas_trainer:133] - train epoch: 21 [82208/82290 (100%)], lr: ['1.00e-04', '1.00e-04'], loss: 0.000625
[2024-10-04 00:31:07,555][INFO][clas_trainer:63] - [epoch  21] execution time: 350.80s	metrics:
[2024-10-04 00:31:07,556][INFO][clas_evaluator:132] - dataset: earlystopping, avg f1-score: 0.6176
[2024-10-04 00:31:39,009][INFO][clas_trainer:133] - train epoch: 22 [8192/82290 (10%)], lr: ['1.00e-04', '1.00e-04'], loss: 0.001929
[2024-10-04 00:32:10,008][INFO][clas_trainer:133] - train epoch: 22 [16416/82290 (20%)], lr: ['1.00e-04', '1.00e-04'], loss: 0.000811
[2024-10-04 00:32:40,305][INFO][clas_trainer:133] - train epoch: 22 [24640/82290 (30%)], lr: ['1.00e-04', '1.00e-04'], loss: 0.000883
[2024-10-04 00:33:10,770][INFO][clas_trainer:133] - train epoch: 22 [32864/82290 (40%)], lr: ['1.00e-04', '1.00e-04'], loss: 0.001746
[2024-10-04 00:33:41,640][INFO][clas_trainer:133] - train epoch: 22 [41088/82290 (50%)], lr: ['1.00e-04', '1.00e-04'], loss: 0.000703
[2024-10-04 00:34:12,531][INFO][clas_trainer:133] - train epoch: 22 [49312/82290 (60%)], lr: ['1.00e-04', '1.00e-04'], loss: 0.000522
[2024-10-04 00:34:43,147][INFO][clas_trainer:133] - train epoch: 22 [57536/82290 (70%)], lr: ['1.00e-04', '1.00e-04'], loss: 0.000677
[2024-10-04 00:35:13,684][INFO][clas_trainer:133] - train epoch: 22 [65760/82290 (80%)], lr: ['1.00e-04', '1.00e-04'], loss: 0.000469
[2024-10-04 00:35:43,902][INFO][clas_trainer:133] - train epoch: 22 [73984/82290 (90%)], lr: ['1.00e-04', '1.00e-04'], loss: 0.001110
[2024-10-04 00:36:14,608][INFO][clas_trainer:133] - train epoch: 22 [82208/82290 (100%)], lr: ['1.00e-04', '1.00e-04'], loss: 0.001020
[2024-10-04 00:36:46,974][INFO][clas_trainer:63] - [epoch  22] execution time: 339.42s	metrics:
[2024-10-04 00:36:46,975][INFO][clas_evaluator:132] - dataset: earlystopping, avg f1-score: 0.6377
[2024-10-04 00:36:46,985][INFO][clas_trainer:79] - finished training
[2024-10-04 00:36:46,985][INFO][clas_trainer:80] - best model on epoch: 12 	f1-score: 0.7016
