[2023-11-10 23:43:42,858][INFO][pretrain_and_fine-tune:25] - Using GPU 2
[2023-11-10 23:43:42,861][INFO][pretrain_and_fine-tune:35] - overrides:
hydra:
- hydra.launcher.n_jobs=20
- hydra.mode=MULTIRUN
task:
- m_seed_path_sids={seeds:[10,10,10,10,10],subject_ids:{dod_o_h:$\{data.dod_o_h.cv_5_fold.fold_1\}}}
- data.pretraining.n_freqs=5
- general.gpus=[2,3]

[2023-11-10 23:43:52,207][INFO][freq_trainer:43] - metrics before training (epoch 0):
[2023-11-10 23:43:53,024][INFO][freq_evaluator:47] - dataset: valid_pretraining, acc: 0.021, hamming: 0.468
[2023-11-10 23:43:55,913][INFO][freq_trainer:114] - train epoch: 1 [9920/100000 (10%)], lr: ['1.00e-04'], loss: 3.259470
[2023-11-10 23:43:58,599][INFO][freq_trainer:114] - train epoch: 1 [19904/100000 (20%)], lr: ['1.00e-04'], loss: 1.696937
[2023-11-10 23:44:01,496][INFO][freq_trainer:114] - train epoch: 1 [29888/100000 (30%)], lr: ['1.00e-04'], loss: 1.059721
[2023-11-10 23:44:04,663][INFO][freq_trainer:114] - train epoch: 1 [39872/100000 (40%)], lr: ['1.00e-04'], loss: 0.778295
[2023-11-10 23:44:07,687][INFO][freq_trainer:114] - train epoch: 1 [49856/100000 (50%)], lr: ['1.00e-04'], loss: 0.725024
[2023-11-10 23:44:10,504][INFO][freq_trainer:114] - train epoch: 1 [59840/100000 (60%)], lr: ['1.00e-04'], loss: 0.679224
[2023-11-10 23:44:13,293][INFO][freq_trainer:114] - train epoch: 1 [69824/100000 (70%)], lr: ['1.00e-04'], loss: 0.627164
[2023-11-10 23:44:15,914][INFO][freq_trainer:114] - train epoch: 1 [79808/100000 (80%)], lr: ['1.00e-04'], loss: 0.602224
[2023-11-10 23:44:18,718][INFO][freq_trainer:114] - train epoch: 1 [89792/100000 (90%)], lr: ['1.00e-04'], loss: 0.528565
[2023-11-10 23:44:21,874][INFO][freq_trainer:114] - train epoch: 1 [99776/100000 (100%)], lr: ['1.00e-04'], loss: 0.468289
[2023-11-10 23:44:22,995][INFO][freq_trainer:57] - [epoch   1] execution time: 29.97s	metrics:
[2023-11-10 23:44:22,996][INFO][freq_evaluator:47] - dataset: valid_pretraining, acc: 0.335, hamming: 0.757
[2023-11-10 23:44:23,294][INFO][base_model:51] - snapshot saved to ./models/exp007b-m50-simple_multi_class-2023-11-10_19-52-44-final.pth
[2023-11-10 23:44:26,758][INFO][freq_trainer:114] - train epoch: 2 [9920/100000 (10%)], lr: ['1.00e-04'], loss: 0.421560
[2023-11-10 23:44:29,804][INFO][freq_trainer:114] - train epoch: 2 [19904/100000 (20%)], lr: ['1.00e-04'], loss: 0.468714
[2023-11-10 23:44:32,595][INFO][freq_trainer:114] - train epoch: 2 [29888/100000 (30%)], lr: ['1.00e-04'], loss: 0.326878
[2023-11-10 23:44:35,665][INFO][freq_trainer:114] - train epoch: 2 [39872/100000 (40%)], lr: ['1.00e-04'], loss: 0.294619
[2023-11-10 23:44:38,778][INFO][freq_trainer:114] - train epoch: 2 [49856/100000 (50%)], lr: ['1.00e-04'], loss: 0.189482
[2023-11-10 23:44:42,083][INFO][freq_trainer:114] - train epoch: 2 [59840/100000 (60%)], lr: ['1.00e-04'], loss: 0.220254
[2023-11-10 23:44:44,925][INFO][freq_trainer:114] - train epoch: 2 [69824/100000 (70%)], lr: ['1.00e-04'], loss: 0.203048
[2023-11-10 23:44:47,870][INFO][freq_trainer:114] - train epoch: 2 [79808/100000 (80%)], lr: ['1.00e-04'], loss: 0.119970
[2023-11-10 23:44:51,045][INFO][freq_trainer:114] - train epoch: 2 [89792/100000 (90%)], lr: ['1.00e-04'], loss: 0.136395
[2023-11-10 23:44:53,998][INFO][freq_trainer:114] - train epoch: 2 [99776/100000 (100%)], lr: ['1.00e-04'], loss: 0.122155
[2023-11-10 23:44:55,282][INFO][freq_trainer:57] - [epoch   2] execution time: 31.99s	metrics:
[2023-11-10 23:44:55,282][INFO][freq_evaluator:47] - dataset: valid_pretraining, acc: 0.934, hamming: 0.986
[2023-11-10 23:44:55,314][INFO][base_model:51] - snapshot saved to ./models/exp007b-m50-simple_multi_class-2023-11-10_19-52-44-final.pth
[2023-11-10 23:44:58,485][INFO][freq_trainer:114] - train epoch: 3 [9920/100000 (10%)], lr: ['1.00e-04'], loss: 0.085037
[2023-11-10 23:45:01,445][INFO][freq_trainer:114] - train epoch: 3 [19904/100000 (20%)], lr: ['1.00e-04'], loss: 0.127777
[2023-11-10 23:45:04,467][INFO][freq_trainer:114] - train epoch: 3 [29888/100000 (30%)], lr: ['1.00e-04'], loss: 0.135313
[2023-11-10 23:45:07,540][INFO][freq_trainer:114] - train epoch: 3 [39872/100000 (40%)], lr: ['1.00e-04'], loss: 0.092270
[2023-11-10 23:45:10,654][INFO][freq_trainer:114] - train epoch: 3 [49856/100000 (50%)], lr: ['1.00e-04'], loss: 0.040861
[2023-11-10 23:45:13,844][INFO][freq_trainer:114] - train epoch: 3 [59840/100000 (60%)], lr: ['1.00e-04'], loss: 0.070119
[2023-11-10 23:45:16,886][INFO][freq_trainer:114] - train epoch: 3 [69824/100000 (70%)], lr: ['1.00e-04'], loss: 0.055030
[2023-11-10 23:45:19,931][INFO][freq_trainer:114] - train epoch: 3 [79808/100000 (80%)], lr: ['1.00e-04'], loss: 0.085406
[2023-11-10 23:45:22,831][INFO][freq_trainer:114] - train epoch: 3 [89792/100000 (90%)], lr: ['1.00e-04'], loss: 0.021946
[2023-11-10 23:45:25,804][INFO][freq_trainer:114] - train epoch: 3 [99776/100000 (100%)], lr: ['1.00e-04'], loss: 0.034532
[2023-11-10 23:45:27,216][INFO][freq_trainer:57] - [epoch   3] execution time: 31.90s	metrics:
[2023-11-10 23:45:27,217][INFO][freq_evaluator:47] - dataset: valid_pretraining, acc: 0.984, hamming: 0.997
[2023-11-10 23:45:27,246][INFO][base_model:51] - snapshot saved to ./models/exp007b-m50-simple_multi_class-2023-11-10_19-52-44-final.pth
[2023-11-10 23:45:30,760][INFO][freq_trainer:114] - train epoch: 4 [9920/100000 (10%)], lr: ['1.00e-04'], loss: 0.057202
[2023-11-10 23:45:33,803][INFO][freq_trainer:114] - train epoch: 4 [19904/100000 (20%)], lr: ['1.00e-04'], loss: 0.018230
[2023-11-10 23:45:36,759][INFO][freq_trainer:114] - train epoch: 4 [29888/100000 (30%)], lr: ['1.00e-04'], loss: 0.084434
[2023-11-10 23:45:39,805][INFO][freq_trainer:114] - train epoch: 4 [39872/100000 (40%)], lr: ['1.00e-04'], loss: 0.041115
[2023-11-10 23:45:42,456][INFO][freq_trainer:114] - train epoch: 4 [49856/100000 (50%)], lr: ['1.00e-04'], loss: 0.020089
[2023-11-10 23:45:45,527][INFO][freq_trainer:114] - train epoch: 4 [59840/100000 (60%)], lr: ['1.00e-04'], loss: 0.020220
[2023-11-10 23:45:48,901][INFO][freq_trainer:114] - train epoch: 4 [69824/100000 (70%)], lr: ['1.00e-04'], loss: 0.047895
[2023-11-10 23:45:51,792][INFO][freq_trainer:114] - train epoch: 4 [79808/100000 (80%)], lr: ['1.00e-04'], loss: 0.012594
[2023-11-10 23:45:54,821][INFO][freq_trainer:114] - train epoch: 4 [89792/100000 (90%)], lr: ['1.00e-04'], loss: 0.007887
[2023-11-10 23:45:57,906][INFO][freq_trainer:114] - train epoch: 4 [99776/100000 (100%)], lr: ['1.00e-04'], loss: 0.009050
[2023-11-10 23:45:59,137][INFO][freq_trainer:57] - [epoch   4] execution time: 31.89s	metrics:
[2023-11-10 23:45:59,137][INFO][freq_evaluator:47] - dataset: valid_pretraining, acc: 0.993, hamming: 0.999
[2023-11-10 23:45:59,170][INFO][base_model:51] - snapshot saved to ./models/exp007b-m50-simple_multi_class-2023-11-10_19-52-44-final.pth
[2023-11-10 23:46:02,447][INFO][freq_trainer:114] - train epoch: 5 [9920/100000 (10%)], lr: ['1.00e-04'], loss: 0.014418
[2023-11-10 23:46:05,684][INFO][freq_trainer:114] - train epoch: 5 [19904/100000 (20%)], lr: ['1.00e-04'], loss: 0.035217
[2023-11-10 23:46:08,823][INFO][freq_trainer:114] - train epoch: 5 [29888/100000 (30%)], lr: ['1.00e-04'], loss: 0.018503
[2023-11-10 23:46:11,804][INFO][freq_trainer:114] - train epoch: 5 [39872/100000 (40%)], lr: ['1.00e-04'], loss: 0.007764
[2023-11-10 23:46:14,780][INFO][freq_trainer:114] - train epoch: 5 [49856/100000 (50%)], lr: ['1.00e-04'], loss: 0.013295
[2023-11-10 23:46:17,969][INFO][freq_trainer:114] - train epoch: 5 [59840/100000 (60%)], lr: ['1.00e-04'], loss: 0.029537
[2023-11-10 23:46:21,175][INFO][freq_trainer:114] - train epoch: 5 [69824/100000 (70%)], lr: ['1.00e-04'], loss: 0.012279
[2023-11-10 23:46:24,131][INFO][freq_trainer:114] - train epoch: 5 [79808/100000 (80%)], lr: ['1.00e-04'], loss: 0.047720
[2023-11-10 23:46:26,786][INFO][freq_trainer:114] - train epoch: 5 [89792/100000 (90%)], lr: ['1.00e-04'], loss: 0.006105
[2023-11-10 23:46:29,608][INFO][freq_trainer:114] - train epoch: 5 [99776/100000 (100%)], lr: ['1.00e-04'], loss: 0.011220
[2023-11-10 23:46:30,808][INFO][freq_trainer:57] - [epoch   5] execution time: 31.64s	metrics:
[2023-11-10 23:46:30,808][INFO][freq_evaluator:47] - dataset: valid_pretraining, acc: 0.994, hamming: 0.999
[2023-11-10 23:46:30,841][INFO][base_model:51] - snapshot saved to ./models/exp007b-m50-simple_multi_class-2023-11-10_19-52-44-final.pth
[2023-11-10 23:46:34,172][INFO][freq_trainer:114] - train epoch: 6 [9920/100000 (10%)], lr: ['1.00e-04'], loss: 0.032378
[2023-11-10 23:46:37,290][INFO][freq_trainer:114] - train epoch: 6 [19904/100000 (20%)], lr: ['1.00e-04'], loss: 0.029982
[2023-11-10 23:46:40,332][INFO][freq_trainer:114] - train epoch: 6 [29888/100000 (30%)], lr: ['1.00e-04'], loss: 0.026441
[2023-11-10 23:46:43,205][INFO][freq_trainer:114] - train epoch: 6 [39872/100000 (40%)], lr: ['1.00e-04'], loss: 0.013849
[2023-11-10 23:46:45,999][INFO][freq_trainer:114] - train epoch: 6 [49856/100000 (50%)], lr: ['1.00e-04'], loss: 0.002751
[2023-11-10 23:46:49,147][INFO][freq_trainer:114] - train epoch: 6 [59840/100000 (60%)], lr: ['1.00e-04'], loss: 0.016150
[2023-11-10 23:46:52,066][INFO][freq_trainer:114] - train epoch: 6 [69824/100000 (70%)], lr: ['1.00e-04'], loss: 0.016887
[2023-11-10 23:46:55,225][INFO][freq_trainer:114] - train epoch: 6 [79808/100000 (80%)], lr: ['1.00e-04'], loss: 0.020515
[2023-11-10 23:46:58,454][INFO][freq_trainer:114] - train epoch: 6 [89792/100000 (90%)], lr: ['1.00e-04'], loss: 0.010389
[2023-11-10 23:47:01,543][INFO][freq_trainer:114] - train epoch: 6 [99776/100000 (100%)], lr: ['1.00e-04'], loss: 0.047735
[2023-11-10 23:47:02,874][INFO][freq_trainer:57] - [epoch   6] execution time: 32.03s	metrics:
[2023-11-10 23:47:02,875][INFO][freq_evaluator:47] - dataset: valid_pretraining, acc: 0.995, hamming: 0.999
[2023-11-10 23:47:02,909][INFO][base_model:51] - snapshot saved to ./models/exp007b-m50-simple_multi_class-2023-11-10_19-52-44-final.pth
[2023-11-10 23:47:06,308][INFO][freq_trainer:114] - train epoch: 7 [9920/100000 (10%)], lr: ['1.00e-04'], loss: 0.018805
[2023-11-10 23:47:09,456][INFO][freq_trainer:114] - train epoch: 7 [19904/100000 (20%)], lr: ['1.00e-04'], loss: 0.052737
[2023-11-10 23:47:12,532][INFO][freq_trainer:114] - train epoch: 7 [29888/100000 (30%)], lr: ['1.00e-04'], loss: 0.010844
[2023-11-10 23:47:15,602][INFO][freq_trainer:114] - train epoch: 7 [39872/100000 (40%)], lr: ['1.00e-04'], loss: 0.005644
[2023-11-10 23:47:18,619][INFO][freq_trainer:114] - train epoch: 7 [49856/100000 (50%)], lr: ['1.00e-04'], loss: 0.002039
[2023-11-10 23:47:21,552][INFO][freq_trainer:114] - train epoch: 7 [59840/100000 (60%)], lr: ['1.00e-04'], loss: 0.052088
[2023-11-10 23:47:24,253][INFO][freq_trainer:114] - train epoch: 7 [69824/100000 (70%)], lr: ['1.00e-04'], loss: 0.016603
[2023-11-10 23:47:27,303][INFO][freq_trainer:114] - train epoch: 7 [79808/100000 (80%)], lr: ['1.00e-04'], loss: 0.018021
[2023-11-10 23:47:30,341][INFO][freq_trainer:114] - train epoch: 7 [89792/100000 (90%)], lr: ['1.00e-04'], loss: 0.020641
[2023-11-10 23:47:33,340][INFO][freq_trainer:114] - train epoch: 7 [99776/100000 (100%)], lr: ['1.00e-04'], loss: 0.009739
[2023-11-10 23:47:34,434][INFO][freq_trainer:57] - [epoch   7] execution time: 31.52s	metrics:
[2023-11-10 23:47:34,434][INFO][freq_evaluator:47] - dataset: valid_pretraining, acc: 0.998, hamming: 0.999
[2023-11-10 23:47:34,468][INFO][base_model:51] - snapshot saved to ./models/exp007b-m50-simple_multi_class-2023-11-10_19-52-44-final.pth
[2023-11-10 23:47:38,078][INFO][freq_trainer:114] - train epoch: 8 [9920/100000 (10%)], lr: ['1.00e-04'], loss: 0.034588
[2023-11-10 23:47:41,166][INFO][freq_trainer:114] - train epoch: 8 [19904/100000 (20%)], lr: ['1.00e-04'], loss: 0.007343
[2023-11-10 23:47:44,077][INFO][freq_trainer:114] - train epoch: 8 [29888/100000 (30%)], lr: ['1.00e-04'], loss: 0.001325
[2023-11-10 23:47:47,365][INFO][freq_trainer:114] - train epoch: 8 [39872/100000 (40%)], lr: ['1.00e-04'], loss: 0.012068
[2023-11-10 23:47:50,367][INFO][freq_trainer:114] - train epoch: 8 [49856/100000 (50%)], lr: ['1.00e-04'], loss: 0.012430
[2023-11-10 23:47:53,402][INFO][freq_trainer:114] - train epoch: 8 [59840/100000 (60%)], lr: ['1.00e-04'], loss: 0.025452
[2023-11-10 23:47:56,508][INFO][freq_trainer:114] - train epoch: 8 [69824/100000 (70%)], lr: ['1.00e-04'], loss: 0.003924
[2023-11-10 23:47:59,622][INFO][freq_trainer:114] - train epoch: 8 [79808/100000 (80%)], lr: ['1.00e-04'], loss: 0.016731
[2023-11-10 23:48:02,752][INFO][freq_trainer:114] - train epoch: 8 [89792/100000 (90%)], lr: ['1.00e-04'], loss: 0.003665
[2023-11-10 23:48:05,944][INFO][freq_trainer:114] - train epoch: 8 [99776/100000 (100%)], lr: ['1.00e-04'], loss: 0.013074
[2023-11-10 23:48:07,376][INFO][freq_trainer:57] - [epoch   8] execution time: 32.91s	metrics:
[2023-11-10 23:48:07,377][INFO][freq_evaluator:47] - dataset: valid_pretraining, acc: 0.996, hamming: 0.999
[2023-11-10 23:48:07,411][INFO][base_model:51] - snapshot saved to ./models/exp007b-m50-simple_multi_class-2023-11-10_19-52-44-final.pth
[2023-11-10 23:48:11,069][INFO][freq_trainer:114] - train epoch: 9 [9920/100000 (10%)], lr: ['1.00e-04'], loss: 0.003894
[2023-11-10 23:48:14,131][INFO][freq_trainer:114] - train epoch: 9 [19904/100000 (20%)], lr: ['1.00e-04'], loss: 0.007337
[2023-11-10 23:48:17,159][INFO][freq_trainer:114] - train epoch: 9 [29888/100000 (30%)], lr: ['1.00e-04'], loss: 0.008540
[2023-11-10 23:48:20,036][INFO][freq_trainer:114] - train epoch: 9 [39872/100000 (40%)], lr: ['1.00e-04'], loss: 0.001920
[2023-11-10 23:48:23,015][INFO][freq_trainer:114] - train epoch: 9 [49856/100000 (50%)], lr: ['1.00e-04'], loss: 0.027225
[2023-11-10 23:48:25,764][INFO][freq_trainer:114] - train epoch: 9 [59840/100000 (60%)], lr: ['1.00e-04'], loss: 0.012355
[2023-11-10 23:48:28,586][INFO][freq_trainer:114] - train epoch: 9 [69824/100000 (70%)], lr: ['1.00e-04'], loss: 0.003873
[2023-11-10 23:48:31,326][INFO][freq_trainer:114] - train epoch: 9 [79808/100000 (80%)], lr: ['1.00e-04'], loss: 0.003843
[2023-11-10 23:48:34,193][INFO][freq_trainer:114] - train epoch: 9 [89792/100000 (90%)], lr: ['1.00e-04'], loss: 0.006970
[2023-11-10 23:48:37,319][INFO][freq_trainer:114] - train epoch: 9 [99776/100000 (100%)], lr: ['1.00e-04'], loss: 0.004509
[2023-11-10 23:48:38,780][INFO][freq_trainer:57] - [epoch   9] execution time: 31.37s	metrics:
[2023-11-10 23:48:38,781][INFO][freq_evaluator:47] - dataset: valid_pretraining, acc: 0.996, hamming: 0.999
[2023-11-10 23:48:38,815][INFO][base_model:51] - snapshot saved to ./models/exp007b-m50-simple_multi_class-2023-11-10_19-52-44-final.pth
[2023-11-10 23:48:42,099][INFO][freq_trainer:114] - train epoch: 10 [9920/100000 (10%)], lr: ['1.00e-04'], loss: 0.005586
[2023-11-10 23:48:45,315][INFO][freq_trainer:114] - train epoch: 10 [19904/100000 (20%)], lr: ['1.00e-04'], loss: 0.001545
[2023-11-10 23:48:48,443][INFO][freq_trainer:114] - train epoch: 10 [29888/100000 (30%)], lr: ['1.00e-04'], loss: 0.014549
[2023-11-10 23:48:51,541][INFO][freq_trainer:114] - train epoch: 10 [39872/100000 (40%)], lr: ['1.00e-04'], loss: 0.001511
[2023-11-10 23:48:54,716][INFO][freq_trainer:114] - train epoch: 10 [49856/100000 (50%)], lr: ['1.00e-04'], loss: 0.003623
[2023-11-10 23:48:57,713][INFO][freq_trainer:114] - train epoch: 10 [59840/100000 (60%)], lr: ['1.00e-04'], loss: 0.004712
[2023-11-10 23:49:00,863][INFO][freq_trainer:114] - train epoch: 10 [69824/100000 (70%)], lr: ['1.00e-04'], loss: 0.001913
[2023-11-10 23:49:03,752][INFO][freq_trainer:114] - train epoch: 10 [79808/100000 (80%)], lr: ['1.00e-04'], loss: 0.001350
[2023-11-10 23:49:06,557][INFO][freq_trainer:114] - train epoch: 10 [89792/100000 (90%)], lr: ['1.00e-04'], loss: 0.002353
[2023-11-10 23:49:09,812][INFO][freq_trainer:114] - train epoch: 10 [99776/100000 (100%)], lr: ['1.00e-04'], loss: 0.003908
[2023-11-10 23:49:11,003][INFO][freq_trainer:57] - [epoch  10] execution time: 32.19s	metrics:
[2023-11-10 23:49:11,003][INFO][freq_evaluator:47] - dataset: valid_pretraining, acc: 0.991, hamming: 0.998
[2023-11-10 23:49:11,090][INFO][base_model:51] - snapshot saved to ./models/exp007b-m50-simple_multi_class-2023-11-10_19-52-44-final.pth
[2023-11-10 23:49:14,680][INFO][freq_trainer:114] - train epoch: 11 [9920/100000 (10%)], lr: ['1.00e-04'], loss: 0.005223
[2023-11-10 23:49:17,787][INFO][freq_trainer:114] - train epoch: 11 [19904/100000 (20%)], lr: ['1.00e-04'], loss: 0.001006
[2023-11-10 23:49:20,945][INFO][freq_trainer:114] - train epoch: 11 [29888/100000 (30%)], lr: ['1.00e-04'], loss: 0.002501
[2023-11-10 23:49:23,985][INFO][freq_trainer:114] - train epoch: 11 [39872/100000 (40%)], lr: ['1.00e-04'], loss: 0.012565
[2023-11-10 23:49:26,561][INFO][freq_trainer:114] - train epoch: 11 [49856/100000 (50%)], lr: ['1.00e-04'], loss: 0.000453
[2023-11-10 23:49:29,530][INFO][freq_trainer:114] - train epoch: 11 [59840/100000 (60%)], lr: ['1.00e-04'], loss: 0.007192
[2023-11-10 23:49:32,512][INFO][freq_trainer:114] - train epoch: 11 [69824/100000 (70%)], lr: ['1.00e-04'], loss: 0.005506
[2023-11-10 23:49:35,443][INFO][freq_trainer:114] - train epoch: 11 [79808/100000 (80%)], lr: ['1.00e-04'], loss: 0.014399
[2023-11-10 23:49:38,670][INFO][freq_trainer:114] - train epoch: 11 [89792/100000 (90%)], lr: ['1.00e-04'], loss: 0.000890
[2023-11-10 23:49:41,565][INFO][freq_trainer:114] - train epoch: 11 [99776/100000 (100%)], lr: ['1.00e-04'], loss: 0.014718
[2023-11-10 23:49:43,048][INFO][freq_trainer:57] - [epoch  11] execution time: 31.96s	metrics:
[2023-11-10 23:49:43,048][INFO][freq_evaluator:47] - dataset: valid_pretraining, acc: 0.992, hamming: 0.998
[2023-11-10 23:49:43,123][INFO][base_model:51] - snapshot saved to ./models/exp007b-m50-simple_multi_class-2023-11-10_19-52-44-final.pth
[2023-11-10 23:49:46,479][INFO][freq_trainer:114] - train epoch: 12 [9920/100000 (10%)], lr: ['1.00e-04'], loss: 0.007317
[2023-11-10 23:49:49,374][INFO][freq_trainer:114] - train epoch: 12 [19904/100000 (20%)], lr: ['1.00e-04'], loss: 0.001770
[2023-11-10 23:49:52,382][INFO][freq_trainer:114] - train epoch: 12 [29888/100000 (30%)], lr: ['1.00e-04'], loss: 0.002975
[2023-11-10 23:49:55,572][INFO][freq_trainer:114] - train epoch: 12 [39872/100000 (40%)], lr: ['1.00e-04'], loss: 0.002227
[2023-11-10 23:49:58,548][INFO][freq_trainer:114] - train epoch: 12 [49856/100000 (50%)], lr: ['1.00e-04'], loss: 0.003253
[2023-11-10 23:50:01,285][INFO][freq_trainer:114] - train epoch: 12 [59840/100000 (60%)], lr: ['1.00e-04'], loss: 0.006140
[2023-11-10 23:50:04,259][INFO][freq_trainer:114] - train epoch: 12 [69824/100000 (70%)], lr: ['1.00e-04'], loss: 0.000361
[2023-11-10 23:50:07,089][INFO][freq_trainer:114] - train epoch: 12 [79808/100000 (80%)], lr: ['1.00e-04'], loss: 0.000856
[2023-11-10 23:50:09,887][INFO][freq_trainer:114] - train epoch: 12 [89792/100000 (90%)], lr: ['1.00e-04'], loss: 0.002895
[2023-11-10 23:50:12,469][INFO][freq_trainer:114] - train epoch: 12 [99776/100000 (100%)], lr: ['1.00e-04'], loss: 0.037884
[2023-11-10 23:50:13,680][INFO][freq_trainer:57] - [epoch  12] execution time: 30.56s	metrics:
[2023-11-10 23:50:13,681][INFO][freq_evaluator:47] - dataset: valid_pretraining, acc: 0.982, hamming: 0.996
[2023-11-10 23:50:13,717][INFO][base_model:51] - snapshot saved to ./models/exp007b-m50-simple_multi_class-2023-11-10_19-52-44-final.pth
[2023-11-10 23:50:16,932][INFO][freq_trainer:114] - train epoch: 13 [9920/100000 (10%)], lr: ['1.00e-04'], loss: 0.003255
[2023-11-10 23:50:19,969][INFO][freq_trainer:114] - train epoch: 13 [19904/100000 (20%)], lr: ['1.00e-04'], loss: 0.017931
[2023-11-10 23:50:22,903][INFO][freq_trainer:114] - train epoch: 13 [29888/100000 (30%)], lr: ['1.00e-04'], loss: 0.006184
[2023-11-10 23:50:25,895][INFO][freq_trainer:114] - train epoch: 13 [39872/100000 (40%)], lr: ['1.00e-04'], loss: 0.001190
[2023-11-10 23:50:28,572][INFO][freq_trainer:114] - train epoch: 13 [49856/100000 (50%)], lr: ['1.00e-04'], loss: 0.001135
[2023-11-10 23:50:31,439][INFO][freq_trainer:114] - train epoch: 13 [59840/100000 (60%)], lr: ['1.00e-04'], loss: 0.004947
[2023-11-10 23:50:34,379][INFO][freq_trainer:114] - train epoch: 13 [69824/100000 (70%)], lr: ['1.00e-04'], loss: 0.005264
[2023-11-10 23:50:37,406][INFO][freq_trainer:114] - train epoch: 13 [79808/100000 (80%)], lr: ['1.00e-04'], loss: 0.009740
[2023-11-10 23:50:40,351][INFO][freq_trainer:114] - train epoch: 13 [89792/100000 (90%)], lr: ['1.00e-04'], loss: 0.001191
[2023-11-10 23:50:43,513][INFO][freq_trainer:114] - train epoch: 13 [99776/100000 (100%)], lr: ['1.00e-04'], loss: 0.009090
[2023-11-10 23:50:44,750][INFO][freq_trainer:57] - [epoch  13] execution time: 31.03s	metrics:
[2023-11-10 23:50:44,751][INFO][freq_evaluator:47] - dataset: valid_pretraining, acc: 0.993, hamming: 0.999
[2023-11-10 23:50:44,784][INFO][base_model:51] - snapshot saved to ./models/exp007b-m50-simple_multi_class-2023-11-10_19-52-44-final.pth
[2023-11-10 23:50:48,130][INFO][freq_trainer:114] - train epoch: 14 [9920/100000 (10%)], lr: ['1.00e-04'], loss: 0.000233
[2023-11-10 23:50:51,496][INFO][freq_trainer:114] - train epoch: 14 [19904/100000 (20%)], lr: ['1.00e-04'], loss: 0.010203
[2023-11-10 23:50:54,167][INFO][freq_trainer:114] - train epoch: 14 [29888/100000 (30%)], lr: ['1.00e-04'], loss: 0.000801
[2023-11-10 23:50:57,155][INFO][freq_trainer:114] - train epoch: 14 [39872/100000 (40%)], lr: ['1.00e-04'], loss: 0.000121
[2023-11-10 23:51:00,221][INFO][freq_trainer:114] - train epoch: 14 [49856/100000 (50%)], lr: ['1.00e-04'], loss: 0.003636
[2023-11-10 23:51:03,174][INFO][freq_trainer:114] - train epoch: 14 [59840/100000 (60%)], lr: ['1.00e-04'], loss: 0.005222
[2023-11-10 23:51:06,230][INFO][freq_trainer:114] - train epoch: 14 [69824/100000 (70%)], lr: ['1.00e-04'], loss: 0.003228
[2023-11-10 23:51:09,236][INFO][freq_trainer:114] - train epoch: 14 [79808/100000 (80%)], lr: ['1.00e-04'], loss: 0.030779
[2023-11-10 23:51:12,060][INFO][freq_trainer:114] - train epoch: 14 [89792/100000 (90%)], lr: ['1.00e-04'], loss: 0.000328
[2023-11-10 23:51:14,652][INFO][freq_trainer:114] - train epoch: 14 [99776/100000 (100%)], lr: ['1.00e-04'], loss: 0.011498
[2023-11-10 23:51:15,969][INFO][freq_trainer:57] - [epoch  14] execution time: 31.19s	metrics:
[2023-11-10 23:51:15,970][INFO][freq_evaluator:47] - dataset: valid_pretraining, acc: 0.994, hamming: 0.999
[2023-11-10 23:51:16,003][INFO][base_model:51] - snapshot saved to ./models/exp007b-m50-simple_multi_class-2023-11-10_19-52-44-final.pth
[2023-11-10 23:51:19,066][INFO][freq_trainer:114] - train epoch: 15 [9920/100000 (10%)], lr: ['1.00e-04'], loss: 0.002622
[2023-11-10 23:51:21,989][INFO][freq_trainer:114] - train epoch: 15 [19904/100000 (20%)], lr: ['1.00e-04'], loss: 0.004074
[2023-11-10 23:51:24,811][INFO][freq_trainer:114] - train epoch: 15 [29888/100000 (30%)], lr: ['1.00e-04'], loss: 0.000588
[2023-11-10 23:51:27,649][INFO][freq_trainer:114] - train epoch: 15 [39872/100000 (40%)], lr: ['1.00e-04'], loss: 0.004764
[2023-11-10 23:51:30,465][INFO][freq_trainer:114] - train epoch: 15 [49856/100000 (50%)], lr: ['1.00e-04'], loss: 0.002486
[2023-11-10 23:51:33,176][INFO][freq_trainer:114] - train epoch: 15 [59840/100000 (60%)], lr: ['1.00e-04'], loss: 0.001686
[2023-11-10 23:51:36,220][INFO][freq_trainer:114] - train epoch: 15 [69824/100000 (70%)], lr: ['1.00e-04'], loss: 0.000656
[2023-11-10 23:51:39,178][INFO][freq_trainer:114] - train epoch: 15 [79808/100000 (80%)], lr: ['1.00e-04'], loss: 0.000099
[2023-11-10 23:51:42,207][INFO][freq_trainer:114] - train epoch: 15 [89792/100000 (90%)], lr: ['1.00e-04'], loss: 0.021442
[2023-11-10 23:51:45,454][INFO][freq_trainer:114] - train epoch: 15 [99776/100000 (100%)], lr: ['1.00e-04'], loss: 0.014604
[2023-11-10 23:51:46,688][INFO][freq_trainer:57] - [epoch  15] execution time: 30.68s	metrics:
[2023-11-10 23:51:46,689][INFO][freq_evaluator:47] - dataset: valid_pretraining, acc: 0.991, hamming: 0.998
[2023-11-10 23:51:46,723][INFO][base_model:51] - snapshot saved to ./models/exp007b-m50-simple_multi_class-2023-11-10_19-52-44-final.pth
[2023-11-10 23:51:50,242][INFO][freq_trainer:114] - train epoch: 16 [9920/100000 (10%)], lr: ['1.00e-04'], loss: 0.025564
[2023-11-10 23:51:53,467][INFO][freq_trainer:114] - train epoch: 16 [19904/100000 (20%)], lr: ['1.00e-04'], loss: 0.000084
[2023-11-10 23:51:56,464][INFO][freq_trainer:114] - train epoch: 16 [29888/100000 (30%)], lr: ['1.00e-04'], loss: 0.000116
[2023-11-10 23:51:59,327][INFO][freq_trainer:114] - train epoch: 16 [39872/100000 (40%)], lr: ['1.00e-04'], loss: 0.004239
[2023-11-10 23:52:02,548][INFO][freq_trainer:114] - train epoch: 16 [49856/100000 (50%)], lr: ['1.00e-04'], loss: 0.006942
[2023-11-10 23:52:05,636][INFO][freq_trainer:114] - train epoch: 16 [59840/100000 (60%)], lr: ['1.00e-04'], loss: 0.004461
[2023-11-10 23:52:08,700][INFO][freq_trainer:114] - train epoch: 16 [69824/100000 (70%)], lr: ['1.00e-04'], loss: 0.000444
[2023-11-10 23:52:11,529][INFO][freq_trainer:114] - train epoch: 16 [79808/100000 (80%)], lr: ['1.00e-04'], loss: 0.000246
[2023-11-10 23:52:14,573][INFO][freq_trainer:114] - train epoch: 16 [89792/100000 (90%)], lr: ['1.00e-04'], loss: 0.000526
[2023-11-10 23:52:17,716][INFO][freq_trainer:114] - train epoch: 16 [99776/100000 (100%)], lr: ['1.00e-04'], loss: 0.000767
[2023-11-10 23:52:18,933][INFO][freq_trainer:57] - [epoch  16] execution time: 32.21s	metrics:
[2023-11-10 23:52:18,933][INFO][freq_evaluator:47] - dataset: valid_pretraining, acc: 0.992, hamming: 0.998
[2023-11-10 23:52:18,965][INFO][base_model:51] - snapshot saved to ./models/exp007b-m50-simple_multi_class-2023-11-10_19-52-44-final.pth
[2023-11-10 23:52:22,581][INFO][freq_trainer:114] - train epoch: 17 [9920/100000 (10%)], lr: ['1.00e-04'], loss: 0.001674
[2023-11-10 23:52:25,634][INFO][freq_trainer:114] - train epoch: 17 [19904/100000 (20%)], lr: ['1.00e-04'], loss: 0.006402
[2023-11-10 23:52:28,653][INFO][freq_trainer:114] - train epoch: 17 [29888/100000 (30%)], lr: ['1.00e-04'], loss: 0.000594
[2023-11-10 23:52:31,610][INFO][freq_trainer:114] - train epoch: 17 [39872/100000 (40%)], lr: ['1.00e-04'], loss: 0.000907
[2023-11-10 23:52:34,873][INFO][freq_trainer:114] - train epoch: 17 [49856/100000 (50%)], lr: ['1.00e-04'], loss: 0.008534
[2023-11-10 23:52:37,753][INFO][freq_trainer:114] - train epoch: 17 [59840/100000 (60%)], lr: ['1.00e-04'], loss: 0.002007
[2023-11-10 23:52:40,720][INFO][freq_trainer:114] - train epoch: 17 [69824/100000 (70%)], lr: ['1.00e-04'], loss: 0.004945
[2023-11-10 23:52:43,741][INFO][freq_trainer:114] - train epoch: 17 [79808/100000 (80%)], lr: ['1.00e-04'], loss: 0.000857
[2023-11-10 23:52:46,668][INFO][freq_trainer:114] - train epoch: 17 [89792/100000 (90%)], lr: ['1.00e-04'], loss: 0.000354
[2023-11-10 23:52:49,707][INFO][freq_trainer:114] - train epoch: 17 [99776/100000 (100%)], lr: ['1.00e-04'], loss: 0.000799
[2023-11-10 23:52:50,989][INFO][freq_trainer:57] - [epoch  17] execution time: 32.02s	metrics:
[2023-11-10 23:52:50,989][INFO][freq_evaluator:47] - dataset: valid_pretraining, acc: 0.989, hamming: 0.998
[2023-11-10 23:52:51,023][INFO][base_model:51] - snapshot saved to ./models/exp007b-m50-simple_multi_class-2023-11-10_19-52-44-final.pth
[2023-11-10 23:52:54,591][INFO][freq_trainer:114] - train epoch: 18 [9920/100000 (10%)], lr: ['1.00e-04'], loss: 0.006216
[2023-11-10 23:52:57,662][INFO][freq_trainer:114] - train epoch: 18 [19904/100000 (20%)], lr: ['1.00e-04'], loss: 0.000572
[2023-11-10 23:53:00,760][INFO][freq_trainer:114] - train epoch: 18 [29888/100000 (30%)], lr: ['1.00e-04'], loss: 0.001623
[2023-11-10 23:53:03,588][INFO][freq_trainer:114] - train epoch: 18 [39872/100000 (40%)], lr: ['1.00e-04'], loss: 0.001827
[2023-11-10 23:53:06,422][INFO][freq_trainer:114] - train epoch: 18 [49856/100000 (50%)], lr: ['1.00e-04'], loss: 0.000546
[2023-11-10 23:53:09,660][INFO][freq_trainer:114] - train epoch: 18 [59840/100000 (60%)], lr: ['1.00e-04'], loss: 0.000544
[2023-11-10 23:53:12,642][INFO][freq_trainer:114] - train epoch: 18 [69824/100000 (70%)], lr: ['1.00e-04'], loss: 0.023652
[2023-11-10 23:53:15,821][INFO][freq_trainer:114] - train epoch: 18 [79808/100000 (80%)], lr: ['1.00e-04'], loss: 0.000176
[2023-11-10 23:53:18,598][INFO][freq_trainer:114] - train epoch: 18 [89792/100000 (90%)], lr: ['1.00e-04'], loss: 0.000430
[2023-11-10 23:53:21,344][INFO][freq_trainer:114] - train epoch: 18 [99776/100000 (100%)], lr: ['1.00e-04'], loss: 0.001892
[2023-11-10 23:53:22,533][INFO][freq_trainer:57] - [epoch  18] execution time: 31.51s	metrics:
[2023-11-10 23:53:22,534][INFO][freq_evaluator:47] - dataset: valid_pretraining, acc: 0.987, hamming: 0.997
[2023-11-10 23:53:22,881][INFO][base_model:51] - snapshot saved to ./models/exp007b-m50-simple_multi_class-2023-11-10_19-52-44-final.pth
[2023-11-10 23:53:26,243][INFO][freq_trainer:114] - train epoch: 19 [9920/100000 (10%)], lr: ['1.00e-04'], loss: 0.000476
[2023-11-10 23:53:29,242][INFO][freq_trainer:114] - train epoch: 19 [19904/100000 (20%)], lr: ['1.00e-04'], loss: 0.006956
[2023-11-10 23:53:32,447][INFO][freq_trainer:114] - train epoch: 19 [29888/100000 (30%)], lr: ['1.00e-04'], loss: 0.002243
[2023-11-10 23:53:35,249][INFO][freq_trainer:114] - train epoch: 19 [39872/100000 (40%)], lr: ['1.00e-04'], loss: 0.019019
[2023-11-10 23:53:37,880][INFO][freq_trainer:114] - train epoch: 19 [49856/100000 (50%)], lr: ['1.00e-04'], loss: 0.000078
[2023-11-10 23:53:40,663][INFO][freq_trainer:114] - train epoch: 19 [59840/100000 (60%)], lr: ['1.00e-04'], loss: 0.003562
[2023-11-10 23:53:43,741][INFO][freq_trainer:114] - train epoch: 19 [69824/100000 (70%)], lr: ['1.00e-04'], loss: 0.001272
[2023-11-10 23:53:46,595][INFO][freq_trainer:114] - train epoch: 19 [79808/100000 (80%)], lr: ['1.00e-04'], loss: 0.002967
[2023-11-10 23:53:49,895][INFO][freq_trainer:114] - train epoch: 19 [89792/100000 (90%)], lr: ['1.00e-04'], loss: 0.000562
[2023-11-10 23:53:52,704][INFO][freq_trainer:114] - train epoch: 19 [99776/100000 (100%)], lr: ['1.00e-04'], loss: 0.000737
[2023-11-10 23:53:53,876][INFO][freq_trainer:57] - [epoch  19] execution time: 30.99s	metrics:
[2023-11-10 23:53:53,876][INFO][freq_evaluator:47] - dataset: valid_pretraining, acc: 0.988, hamming: 0.998
[2023-11-10 23:53:53,908][INFO][base_model:51] - snapshot saved to ./models/exp007b-m50-simple_multi_class-2023-11-10_19-52-44-final.pth
[2023-11-10 23:53:57,261][INFO][freq_trainer:114] - train epoch: 20 [9920/100000 (10%)], lr: ['1.00e-04'], loss: 0.000798
[2023-11-10 23:54:00,533][INFO][freq_trainer:114] - train epoch: 20 [19904/100000 (20%)], lr: ['1.00e-04'], loss: 0.004279
[2023-11-10 23:54:03,895][INFO][freq_trainer:114] - train epoch: 20 [29888/100000 (30%)], lr: ['1.00e-04'], loss: 0.002907
[2023-11-10 23:54:06,948][INFO][freq_trainer:114] - train epoch: 20 [39872/100000 (40%)], lr: ['1.00e-04'], loss: 0.000220
[2023-11-10 23:54:09,879][INFO][freq_trainer:114] - train epoch: 20 [49856/100000 (50%)], lr: ['1.00e-04'], loss: 0.000651
[2023-11-10 23:54:12,812][INFO][freq_trainer:114] - train epoch: 20 [59840/100000 (60%)], lr: ['1.00e-04'], loss: 0.005676
[2023-11-10 23:54:16,193][INFO][freq_trainer:114] - train epoch: 20 [69824/100000 (70%)], lr: ['1.00e-04'], loss: 0.003900
[2023-11-10 23:54:19,243][INFO][freq_trainer:114] - train epoch: 20 [79808/100000 (80%)], lr: ['1.00e-04'], loss: 0.000178
[2023-11-10 23:54:21,984][INFO][freq_trainer:114] - train epoch: 20 [89792/100000 (90%)], lr: ['1.00e-04'], loss: 0.000077
[2023-11-10 23:54:25,005][INFO][freq_trainer:114] - train epoch: 20 [99776/100000 (100%)], lr: ['1.00e-04'], loss: 0.000223
[2023-11-10 23:54:26,176][INFO][freq_trainer:57] - [epoch  20] execution time: 32.27s	metrics:
[2023-11-10 23:54:26,176][INFO][freq_evaluator:47] - dataset: valid_pretraining, acc: 0.996, hamming: 0.999
[2023-11-10 23:54:26,211][INFO][base_model:51] - snapshot saved to ./models/exp007b-m50-simple_multi_class-2023-11-10_19-52-44-final.pth
[2023-11-10 23:54:26,215][INFO][freq_trainer:67] - finished training
[2023-11-10 23:54:28,912][INFO][data_loaders:39] - class distribution before data reduction:
# samples per subject
02fb158a-a658-51ee-89cf-1e1dc2ebfde1: 861
03341d0d-5927-5838-8a5f-1b8ef39d8f57: 1063
039ce8ad-a7fa-5272-a3e3-1f4bfebdd087: 915
095d6e40-5f19-55b6-a0ec-6e0ad3793da0: 1192
0d79f4b1-e74f-5e87-8e42-f9dd7112ada5: 968
130f3f52-7d0a-551e-af61-2ee75455e5c9: 989
14c012bd-65b0-56f5-bc74-2dffcea69837: 969
18482adf-1144-54ca-9e35-27f65c43a105: 824
18ede714-aba3-5ad8-bb1a-18fc9b1c4192: 995
1da3544e-dc5c-5795-adc3-f5068959211f: 955
2d01dc34-f36c-562e-b24a-d20dc798fdfc: 837
2e865ca9-e20f-5a6f-bd25-45d28cc9eab9: 950
30e8a05b-4cf1-5aa8-9ef7-28d6e2949ad5: 699
32556393-bb57-560a-99e8-e09885219647: 1106
37d0da97-9ae8-5413-b889-4e843ff35488: 1011
3dd35e7b-d7e2-516d-8a85-e0d58a59569f: 1093
3e842aa8-bcd9-521e-93a2-72124233fe2c: 620
40e25dd4-6087-5747-b9c2-4838ada86b15: 1076
47f45aa2-31c4-595b-bdb6-f1348bba062b: 1032
52fbe46b-206c-584a-9f4f-1eb308e07bac: 1064
5b94ec8a-c34d-5e45-84d1-bec2ea965609: 1090
5ddbc68c-1283-5c27-952b-d7f102291bc2: 1097
64959ac4-53b5-5868-a845-c7476e9fdf7b: 990
67fa8e29-6f4d-530e-9422-bbc3aca86ed0: 1046
6e2aa933-c51c-5a31-8c7b-83da8d076a12: 905
730aba3b-e310-5be0-9eed-7c3123466834: 1120
742f1592-627c-54eb-bbb5-ccd55ffae33a: 975
769df255-2284-50b3-8917-2155c759fbbd: 929
7ab8ff5f-a77f-567d-9882-f8bee0c3c9bf: 989
7f5237b1-2196-5c8a-9543-a5aa70210ef4: 931
83c1394e-9c69-5c11-9102-9ff8d59b1cfd: 1011
90aef91a-252f-5ccc-a82e-78ea7ee9ca1f: 1089
a0c91989-530f-5117-80c1-2488dbed683c: 1017
a25b2296-343b-53f6-8792-ada2669d466e: 1008
a35a118e-e65e-5928-92a9-4354a6a0f4ce: 813
a6254c8a-f1b2-5736-b601-18245dd5e0a5: 1084
a65a9e69-cddf-5711-9a97-de8bfdeb08cc: 961
aa160c78-6da3-5e05-8fc9-d6c13e9f97e0: 1010
aadc9e0c-b7c3-5a47-851d-f21971d10935: 969
ad47bc12-199c-5294-9cb8-4351bbbf7b5e: 893
bb474ab0-c2ce-573b-8acd-ef86b0fa26a2: 1142
c03e27b0-4cb5-584f-aaea-8f1e1ed6513c: 1121
c11c730f-0b6b-580b-af31-d8f0ebbbdfce: 917
c31a47f9-e400-5841-a22b-521c81042603: 986
c8110476-594c-533d-95bd-86147fccc987: 995
c985916d-46a5-5c3e-9d50-a5a91f460bac: 1024
cc3b4b63-4a6f-5f28-ac7e-62f83c271449: 1076
cebd3520-4e77-5222-a614-d2888e6afc2b: 1109
d3cadb78-cb8c-5a6e-885c-392e457c68b1: 982
e59c45e0-0c0c-565f-84a9-6cf0ec5ef6c1: 844
e6b7cbef-4c9d-5541-82e8-04810de0fb60: 819
e72505f1-21be-5d66-b620-cfcfa2d754bc: 973
e8ec8ec4-dc48-50ce-985a-a06d87861030: 975
eb95076c-c470-56a4-b788-ace310f061c6: 965
f2a69bdc-ed51-5e3f-b102-6b3f7d392be0: 960
f66bc75e-778b-5037-af86-b5275cd4c79f: 865

# samples per stage
0: 9494
1: 2905
2: 26876
3: 6416
4: 9208
[2023-11-10 23:54:29,369][INFO][data_loaders:43] - class distribution after data reduction:
# samples per subject
02fb158a-a658-51ee-89cf-1e1dc2ebfde1: 861
03341d0d-5927-5838-8a5f-1b8ef39d8f57: 1063
039ce8ad-a7fa-5272-a3e3-1f4bfebdd087: 915
095d6e40-5f19-55b6-a0ec-6e0ad3793da0: 1192
0d79f4b1-e74f-5e87-8e42-f9dd7112ada5: 968
130f3f52-7d0a-551e-af61-2ee75455e5c9: 989
14c012bd-65b0-56f5-bc74-2dffcea69837: 969
18482adf-1144-54ca-9e35-27f65c43a105: 824
18ede714-aba3-5ad8-bb1a-18fc9b1c4192: 995
1da3544e-dc5c-5795-adc3-f5068959211f: 955
2d01dc34-f36c-562e-b24a-d20dc798fdfc: 837
2e865ca9-e20f-5a6f-bd25-45d28cc9eab9: 950
30e8a05b-4cf1-5aa8-9ef7-28d6e2949ad5: 699
32556393-bb57-560a-99e8-e09885219647: 1106
37d0da97-9ae8-5413-b889-4e843ff35488: 1011
3dd35e7b-d7e2-516d-8a85-e0d58a59569f: 1093
3e842aa8-bcd9-521e-93a2-72124233fe2c: 620
40e25dd4-6087-5747-b9c2-4838ada86b15: 1076
47f45aa2-31c4-595b-bdb6-f1348bba062b: 1032
52fbe46b-206c-584a-9f4f-1eb308e07bac: 1064
5b94ec8a-c34d-5e45-84d1-bec2ea965609: 1090
5ddbc68c-1283-5c27-952b-d7f102291bc2: 1097
64959ac4-53b5-5868-a845-c7476e9fdf7b: 990
67fa8e29-6f4d-530e-9422-bbc3aca86ed0: 1046
6e2aa933-c51c-5a31-8c7b-83da8d076a12: 905
730aba3b-e310-5be0-9eed-7c3123466834: 1120
742f1592-627c-54eb-bbb5-ccd55ffae33a: 975
769df255-2284-50b3-8917-2155c759fbbd: 929
7ab8ff5f-a77f-567d-9882-f8bee0c3c9bf: 989
7f5237b1-2196-5c8a-9543-a5aa70210ef4: 931
83c1394e-9c69-5c11-9102-9ff8d59b1cfd: 1011
90aef91a-252f-5ccc-a82e-78ea7ee9ca1f: 1089
a0c91989-530f-5117-80c1-2488dbed683c: 1017
a25b2296-343b-53f6-8792-ada2669d466e: 1008
a35a118e-e65e-5928-92a9-4354a6a0f4ce: 813
a6254c8a-f1b2-5736-b601-18245dd5e0a5: 1084
a65a9e69-cddf-5711-9a97-de8bfdeb08cc: 961
aa160c78-6da3-5e05-8fc9-d6c13e9f97e0: 1010
aadc9e0c-b7c3-5a47-851d-f21971d10935: 969
ad47bc12-199c-5294-9cb8-4351bbbf7b5e: 893
bb474ab0-c2ce-573b-8acd-ef86b0fa26a2: 1142
c03e27b0-4cb5-584f-aaea-8f1e1ed6513c: 1121
c11c730f-0b6b-580b-af31-d8f0ebbbdfce: 917
c31a47f9-e400-5841-a22b-521c81042603: 986
c8110476-594c-533d-95bd-86147fccc987: 995
c985916d-46a5-5c3e-9d50-a5a91f460bac: 1024
cc3b4b63-4a6f-5f28-ac7e-62f83c271449: 1076
cebd3520-4e77-5222-a614-d2888e6afc2b: 1109
d3cadb78-cb8c-5a6e-885c-392e457c68b1: 982
e59c45e0-0c0c-565f-84a9-6cf0ec5ef6c1: 844
e6b7cbef-4c9d-5541-82e8-04810de0fb60: 819
e72505f1-21be-5d66-b620-cfcfa2d754bc: 973
e8ec8ec4-dc48-50ce-985a-a06d87861030: 975
eb95076c-c470-56a4-b788-ace310f061c6: 965
f2a69bdc-ed51-5e3f-b102-6b3f7d392be0: 960
f66bc75e-778b-5037-af86-b5275cd4c79f: 865

# samples per stage
0: 9494
1: 2905
2: 26876
3: 6416
4: 9208
[2023-11-10 23:54:29,389][INFO][base_pretraining_fe:55] - Loading model from ./models/exp007b-m50-simple_multi_class-2023-11-10_19-52-44-final.pth
[2023-11-10 23:54:29,789][INFO][data_loaders:39] - class distribution before data reduction:
# samples per subject
0416d51f-5d69-5326-b74a-a2e31a96a1ef: 822
119f9726-eb4c-5a0e-a7bb-9e15256149a1: 932
25a6b2b0-4d09-561b-82c6-f09bb271d3be: 1063
6a7503ac-ab3a-5d5b-b474-4b0fe37748dd: 1213
a30245e3-4a71-565f-9636-92e7d2e825fc: 1122
a4568951-bf87-5bbc-bc4f-28e93c360be6: 975
b3534fa3-7676-50dc-8412-07f0eff4f7a9: 757
fc10ee0b-b863-511b-bce8-4dfa7af8ac3a: 910

# samples per stage
0: 1108
1: 428
2: 4097
3: 908
4: 1253
[2023-11-10 23:54:29,816][INFO][data_loaders:43] - class distribution after data reduction:
# samples per subject
0416d51f-5d69-5326-b74a-a2e31a96a1ef: 822
119f9726-eb4c-5a0e-a7bb-9e15256149a1: 932
25a6b2b0-4d09-561b-82c6-f09bb271d3be: 1063
6a7503ac-ab3a-5d5b-b474-4b0fe37748dd: 1213
a30245e3-4a71-565f-9636-92e7d2e825fc: 1122
a4568951-bf87-5bbc-bc4f-28e93c360be6: 975
b3534fa3-7676-50dc-8412-07f0eff4f7a9: 757
fc10ee0b-b863-511b-bce8-4dfa7af8ac3a: 910

# samples per stage
0: 1108
1: 428
2: 4097
3: 908
4: 1253
[2023-11-10 23:54:29,832][INFO][clas_trainer:49] - metrics before training (epoch 0):
[2023-11-10 23:54:52,150][INFO][clas_evaluator:99] - dataset: earlystopping, avg f1-score: 0.1066
[2023-11-10 23:55:07,413][INFO][clas_trainer:133] - train epoch: 1 [5440/54899 (10%)], lr: ['1.00e-04', '1.00e-04'], loss: 1.411835
[2023-11-10 23:55:22,783][INFO][clas_trainer:133] - train epoch: 1 [10912/54899 (20%)], lr: ['1.00e-04', '1.00e-04'], loss: 0.662108
[2023-11-10 23:55:37,857][INFO][clas_trainer:133] - train epoch: 1 [16384/54899 (30%)], lr: ['1.00e-04', '1.00e-04'], loss: 0.914882
[2023-11-10 23:55:52,061][INFO][clas_trainer:133] - train epoch: 1 [21856/54899 (40%)], lr: ['1.00e-04', '1.00e-04'], loss: 1.220787
[2023-11-10 23:56:06,347][INFO][clas_trainer:133] - train epoch: 1 [27328/54899 (50%)], lr: ['1.00e-04', '1.00e-04'], loss: 1.047492
[2023-11-10 23:56:20,287][INFO][clas_trainer:133] - train epoch: 1 [32800/54899 (60%)], lr: ['1.00e-04', '1.00e-04'], loss: 0.514057
[2023-11-10 23:56:34,823][INFO][clas_trainer:133] - train epoch: 1 [38272/54899 (70%)], lr: ['1.00e-04', '1.00e-04'], loss: 0.688889
[2023-11-10 23:56:49,362][INFO][clas_trainer:133] - train epoch: 1 [43744/54899 (80%)], lr: ['1.00e-04', '1.00e-04'], loss: 0.868866
[2023-11-10 23:57:03,515][INFO][clas_trainer:133] - train epoch: 1 [49216/54899 (90%)], lr: ['1.00e-04', '1.00e-04'], loss: 0.810647
[2023-11-10 23:57:18,632][INFO][clas_trainer:133] - train epoch: 1 [54688/54899 (100%)], lr: ['1.00e-04', '1.00e-04'], loss: 0.492638
[2023-11-10 23:57:42,301][INFO][clas_trainer:63] - [epoch   1] execution time: 170.15s	metrics:
[2023-11-10 23:57:42,302][INFO][clas_evaluator:99] - dataset: earlystopping, avg f1-score: 0.7062
[2023-11-10 23:57:42,362][INFO][base_model:51] - snapshot saved to ./models/exp007b-m50-base_fe_clas-2023-11-10_19-52-44-final.pth
[2023-11-10 23:57:57,572][INFO][clas_trainer:133] - train epoch: 2 [5440/54899 (10%)], lr: ['1.00e-04', '1.00e-04'], loss: 0.743323
[2023-11-10 23:58:11,666][INFO][clas_trainer:133] - train epoch: 2 [10912/54899 (20%)], lr: ['1.00e-04', '1.00e-04'], loss: 0.525474
[2023-11-10 23:58:26,522][INFO][clas_trainer:133] - train epoch: 2 [16384/54899 (30%)], lr: ['1.00e-04', '1.00e-04'], loss: 0.590227
[2023-11-10 23:58:40,874][INFO][clas_trainer:133] - train epoch: 2 [21856/54899 (40%)], lr: ['1.00e-04', '1.00e-04'], loss: 0.545041
[2023-11-10 23:58:55,725][INFO][clas_trainer:133] - train epoch: 2 [27328/54899 (50%)], lr: ['1.00e-04', '1.00e-04'], loss: 0.539500
[2023-11-10 23:59:10,129][INFO][clas_trainer:133] - train epoch: 2 [32800/54899 (60%)], lr: ['1.00e-04', '1.00e-04'], loss: 0.654807
[2023-11-10 23:59:24,085][INFO][clas_trainer:133] - train epoch: 2 [38272/54899 (70%)], lr: ['1.00e-04', '1.00e-04'], loss: 0.622311
[2023-11-10 23:59:38,771][INFO][clas_trainer:133] - train epoch: 2 [43744/54899 (80%)], lr: ['1.00e-04', '1.00e-04'], loss: 0.378927
[2023-11-10 23:59:53,389][INFO][clas_trainer:133] - train epoch: 2 [49216/54899 (90%)], lr: ['1.00e-04', '1.00e-04'], loss: 0.465621
[2023-11-11 00:00:08,593][INFO][clas_trainer:133] - train epoch: 2 [54688/54899 (100%)], lr: ['1.00e-04', '1.00e-04'], loss: 0.239030
[2023-11-11 00:00:32,177][INFO][clas_trainer:63] - [epoch   2] execution time: 169.82s	metrics:
[2023-11-11 00:00:32,178][INFO][clas_evaluator:99] - dataset: earlystopping, avg f1-score: 0.7407
[2023-11-11 00:00:32,242][INFO][base_model:51] - snapshot saved to ./models/exp007b-m50-base_fe_clas-2023-11-10_19-52-44-final.pth
[2023-11-11 00:00:47,071][INFO][clas_trainer:133] - train epoch: 3 [5440/54899 (10%)], lr: ['1.00e-04', '1.00e-04'], loss: 0.432703
[2023-11-11 00:01:00,966][INFO][clas_trainer:133] - train epoch: 3 [10912/54899 (20%)], lr: ['1.00e-04', '1.00e-04'], loss: 0.483044
[2023-11-11 00:01:15,569][INFO][clas_trainer:133] - train epoch: 3 [16384/54899 (30%)], lr: ['1.00e-04', '1.00e-04'], loss: 0.695832
[2023-11-11 00:01:30,451][INFO][clas_trainer:133] - train epoch: 3 [21856/54899 (40%)], lr: ['1.00e-04', '1.00e-04'], loss: 0.439422
[2023-11-11 00:01:45,511][INFO][clas_trainer:133] - train epoch: 3 [27328/54899 (50%)], lr: ['1.00e-04', '1.00e-04'], loss: 0.448715
[2023-11-11 00:02:00,304][INFO][clas_trainer:133] - train epoch: 3 [32800/54899 (60%)], lr: ['1.00e-04', '1.00e-04'], loss: 0.668623
[2023-11-11 00:02:14,800][INFO][clas_trainer:133] - train epoch: 3 [38272/54899 (70%)], lr: ['1.00e-04', '1.00e-04'], loss: 0.317523
[2023-11-11 00:02:30,050][INFO][clas_trainer:133] - train epoch: 3 [43744/54899 (80%)], lr: ['1.00e-04', '1.00e-04'], loss: 0.320116
[2023-11-11 00:02:44,789][INFO][clas_trainer:133] - train epoch: 3 [49216/54899 (90%)], lr: ['1.00e-04', '1.00e-04'], loss: 0.503603
[2023-11-11 00:03:00,328][INFO][clas_trainer:133] - train epoch: 3 [54688/54899 (100%)], lr: ['1.00e-04', '1.00e-04'], loss: 0.191727
[2023-11-11 00:03:23,513][INFO][clas_trainer:63] - [epoch   3] execution time: 171.27s	metrics:
[2023-11-11 00:03:23,513][INFO][clas_evaluator:99] - dataset: earlystopping, avg f1-score: 0.7056
[2023-11-11 00:03:38,711][INFO][clas_trainer:133] - train epoch: 4 [5440/54899 (10%)], lr: ['1.00e-04', '1.00e-04'], loss: 0.374653
[2023-11-11 00:03:53,570][INFO][clas_trainer:133] - train epoch: 4 [10912/54899 (20%)], lr: ['1.00e-04', '1.00e-04'], loss: 0.695071
[2023-11-11 00:04:08,492][INFO][clas_trainer:133] - train epoch: 4 [16384/54899 (30%)], lr: ['1.00e-04', '1.00e-04'], loss: 0.712279
[2023-11-11 00:04:22,624][INFO][clas_trainer:133] - train epoch: 4 [21856/54899 (40%)], lr: ['1.00e-04', '1.00e-04'], loss: 0.466390
[2023-11-11 00:04:37,352][INFO][clas_trainer:133] - train epoch: 4 [27328/54899 (50%)], lr: ['1.00e-04', '1.00e-04'], loss: 0.368844
[2023-11-11 00:04:51,924][INFO][clas_trainer:133] - train epoch: 4 [32800/54899 (60%)], lr: ['1.00e-04', '1.00e-04'], loss: 0.430547
[2023-11-11 00:05:06,680][INFO][clas_trainer:133] - train epoch: 4 [38272/54899 (70%)], lr: ['1.00e-04', '1.00e-04'], loss: 0.402711
[2023-11-11 00:05:21,249][INFO][clas_trainer:133] - train epoch: 4 [43744/54899 (80%)], lr: ['1.00e-04', '1.00e-04'], loss: 0.180615
[2023-11-11 00:05:36,097][INFO][clas_trainer:133] - train epoch: 4 [49216/54899 (90%)], lr: ['1.00e-04', '1.00e-04'], loss: 0.394086
[2023-11-11 00:05:50,527][INFO][clas_trainer:133] - train epoch: 4 [54688/54899 (100%)], lr: ['1.00e-04', '1.00e-04'], loss: 0.388690
[2023-11-11 00:06:13,338][INFO][clas_trainer:63] - [epoch   4] execution time: 169.83s	metrics:
[2023-11-11 00:06:13,339][INFO][clas_evaluator:99] - dataset: earlystopping, avg f1-score: 0.7458
[2023-11-11 00:06:13,404][INFO][base_model:51] - snapshot saved to ./models/exp007b-m50-base_fe_clas-2023-11-10_19-52-44-final.pth
[2023-11-11 00:06:29,767][INFO][clas_trainer:133] - train epoch: 5 [5440/54899 (10%)], lr: ['1.00e-04', '1.00e-04'], loss: 0.422025
[2023-11-11 00:06:44,807][INFO][clas_trainer:133] - train epoch: 5 [10912/54899 (20%)], lr: ['1.00e-04', '1.00e-04'], loss: 0.328141
[2023-11-11 00:07:00,103][INFO][clas_trainer:133] - train epoch: 5 [16384/54899 (30%)], lr: ['1.00e-04', '1.00e-04'], loss: 0.231994
[2023-11-11 00:07:14,787][INFO][clas_trainer:133] - train epoch: 5 [21856/54899 (40%)], lr: ['1.00e-04', '1.00e-04'], loss: 0.299803
[2023-11-11 00:07:28,253][INFO][clas_trainer:133] - train epoch: 5 [27328/54899 (50%)], lr: ['1.00e-04', '1.00e-04'], loss: 0.340470
[2023-11-11 00:07:42,891][INFO][clas_trainer:133] - train epoch: 5 [32800/54899 (60%)], lr: ['1.00e-04', '1.00e-04'], loss: 0.524649
[2023-11-11 00:07:57,460][INFO][clas_trainer:133] - train epoch: 5 [38272/54899 (70%)], lr: ['1.00e-04', '1.00e-04'], loss: 0.380306
[2023-11-11 00:08:12,561][INFO][clas_trainer:133] - train epoch: 5 [43744/54899 (80%)], lr: ['1.00e-04', '1.00e-04'], loss: 0.391930
[2023-11-11 00:08:27,632][INFO][clas_trainer:133] - train epoch: 5 [49216/54899 (90%)], lr: ['1.00e-04', '1.00e-04'], loss: 0.352317
[2023-11-11 00:08:41,855][INFO][clas_trainer:133] - train epoch: 5 [54688/54899 (100%)], lr: ['1.00e-04', '1.00e-04'], loss: 0.544614
[2023-11-11 00:09:04,103][INFO][clas_trainer:63] - [epoch   5] execution time: 170.70s	metrics:
[2023-11-11 00:09:04,103][INFO][clas_evaluator:99] - dataset: earlystopping, avg f1-score: 0.7351
[2023-11-11 00:09:19,784][INFO][clas_trainer:133] - train epoch: 6 [5440/54899 (10%)], lr: ['1.00e-04', '1.00e-04'], loss: 0.185898
[2023-11-11 00:09:34,442][INFO][clas_trainer:133] - train epoch: 6 [10912/54899 (20%)], lr: ['1.00e-04', '1.00e-04'], loss: 0.480352
[2023-11-11 00:09:48,830][INFO][clas_trainer:133] - train epoch: 6 [16384/54899 (30%)], lr: ['1.00e-04', '1.00e-04'], loss: 0.186882
[2023-11-11 00:10:03,881][INFO][clas_trainer:133] - train epoch: 6 [21856/54899 (40%)], lr: ['1.00e-04', '1.00e-04'], loss: 0.193694
[2023-11-11 00:10:17,769][INFO][clas_trainer:133] - train epoch: 6 [27328/54899 (50%)], lr: ['1.00e-04', '1.00e-04'], loss: 0.284074
[2023-11-11 00:10:32,193][INFO][clas_trainer:133] - train epoch: 6 [32800/54899 (60%)], lr: ['1.00e-04', '1.00e-04'], loss: 0.596294
[2023-11-11 00:10:47,007][INFO][clas_trainer:133] - train epoch: 6 [38272/54899 (70%)], lr: ['1.00e-04', '1.00e-04'], loss: 0.212776
[2023-11-11 00:11:01,431][INFO][clas_trainer:133] - train epoch: 6 [43744/54899 (80%)], lr: ['1.00e-04', '1.00e-04'], loss: 0.182266
[2023-11-11 00:11:16,117][INFO][clas_trainer:133] - train epoch: 6 [49216/54899 (90%)], lr: ['1.00e-04', '1.00e-04'], loss: 0.454411
[2023-11-11 00:11:31,068][INFO][clas_trainer:133] - train epoch: 6 [54688/54899 (100%)], lr: ['1.00e-04', '1.00e-04'], loss: 0.239470
[2023-11-11 00:11:53,129][INFO][clas_trainer:63] - [epoch   6] execution time: 169.03s	metrics:
[2023-11-11 00:11:53,129][INFO][clas_evaluator:99] - dataset: earlystopping, avg f1-score: 0.7521
[2023-11-11 00:11:53,186][INFO][base_model:51] - snapshot saved to ./models/exp007b-m50-base_fe_clas-2023-11-10_19-52-44-final.pth
[2023-11-11 00:12:08,302][INFO][clas_trainer:133] - train epoch: 7 [5440/54899 (10%)], lr: ['1.00e-04', '1.00e-04'], loss: 0.467531
[2023-11-11 00:12:22,905][INFO][clas_trainer:133] - train epoch: 7 [10912/54899 (20%)], lr: ['1.00e-04', '1.00e-04'], loss: 0.444736
[2023-11-11 00:12:37,424][INFO][clas_trainer:133] - train epoch: 7 [16384/54899 (30%)], lr: ['1.00e-04', '1.00e-04'], loss: 0.269865
[2023-11-11 00:12:51,989][INFO][clas_trainer:133] - train epoch: 7 [21856/54899 (40%)], lr: ['1.00e-04', '1.00e-04'], loss: 0.455015
[2023-11-11 00:13:07,002][INFO][clas_trainer:133] - train epoch: 7 [27328/54899 (50%)], lr: ['1.00e-04', '1.00e-04'], loss: 0.496662
[2023-11-11 00:13:22,210][INFO][clas_trainer:133] - train epoch: 7 [32800/54899 (60%)], lr: ['1.00e-04', '1.00e-04'], loss: 0.199895
[2023-11-11 00:13:36,804][INFO][clas_trainer:133] - train epoch: 7 [38272/54899 (70%)], lr: ['1.00e-04', '1.00e-04'], loss: 0.234696
[2023-11-11 00:13:51,309][INFO][clas_trainer:133] - train epoch: 7 [43744/54899 (80%)], lr: ['1.00e-04', '1.00e-04'], loss: 0.146925
[2023-11-11 00:14:05,627][INFO][clas_trainer:133] - train epoch: 7 [49216/54899 (90%)], lr: ['1.00e-04', '1.00e-04'], loss: 0.298549
[2023-11-11 00:14:20,322][INFO][clas_trainer:133] - train epoch: 7 [54688/54899 (100%)], lr: ['1.00e-04', '1.00e-04'], loss: 0.323376
[2023-11-11 00:14:41,600][INFO][clas_trainer:63] - [epoch   7] execution time: 168.41s	metrics:
[2023-11-11 00:14:41,600][INFO][clas_evaluator:99] - dataset: earlystopping, avg f1-score: 0.7505
[2023-11-11 00:14:57,172][INFO][clas_trainer:133] - train epoch: 8 [5440/54899 (10%)], lr: ['1.00e-04', '1.00e-04'], loss: 0.175809
[2023-11-11 00:15:11,633][INFO][clas_trainer:133] - train epoch: 8 [10912/54899 (20%)], lr: ['1.00e-04', '1.00e-04'], loss: 0.330390
[2023-11-11 00:15:27,117][INFO][clas_trainer:133] - train epoch: 8 [16384/54899 (30%)], lr: ['1.00e-04', '1.00e-04'], loss: 0.224075
[2023-11-11 00:15:41,331][INFO][clas_trainer:133] - train epoch: 8 [21856/54899 (40%)], lr: ['1.00e-04', '1.00e-04'], loss: 0.150405
[2023-11-11 00:15:56,311][INFO][clas_trainer:133] - train epoch: 8 [27328/54899 (50%)], lr: ['1.00e-04', '1.00e-04'], loss: 0.502606
[2023-11-11 00:16:11,435][INFO][clas_trainer:133] - train epoch: 8 [32800/54899 (60%)], lr: ['1.00e-04', '1.00e-04'], loss: 0.603911
[2023-11-11 00:16:26,233][INFO][clas_trainer:133] - train epoch: 8 [38272/54899 (70%)], lr: ['1.00e-04', '1.00e-04'], loss: 0.100398
[2023-11-11 00:16:40,593][INFO][clas_trainer:133] - train epoch: 8 [43744/54899 (80%)], lr: ['1.00e-04', '1.00e-04'], loss: 0.440026
[2023-11-11 00:16:54,938][INFO][clas_trainer:133] - train epoch: 8 [49216/54899 (90%)], lr: ['1.00e-04', '1.00e-04'], loss: 0.396015
[2023-11-11 00:17:09,941][INFO][clas_trainer:133] - train epoch: 8 [54688/54899 (100%)], lr: ['1.00e-04', '1.00e-04'], loss: 0.350613
[2023-11-11 00:17:31,925][INFO][clas_trainer:63] - [epoch   8] execution time: 170.33s	metrics:
[2023-11-11 00:17:31,926][INFO][clas_evaluator:99] - dataset: earlystopping, avg f1-score: 0.7600
[2023-11-11 00:17:31,990][INFO][base_model:51] - snapshot saved to ./models/exp007b-m50-base_fe_clas-2023-11-10_19-52-44-final.pth
[2023-11-11 00:17:47,562][INFO][clas_trainer:133] - train epoch: 9 [5440/54899 (10%)], lr: ['1.00e-04', '1.00e-04'], loss: 0.585258
[2023-11-11 00:18:01,996][INFO][clas_trainer:133] - train epoch: 9 [10912/54899 (20%)], lr: ['1.00e-04', '1.00e-04'], loss: 0.433254
[2023-11-11 00:18:16,565][INFO][clas_trainer:133] - train epoch: 9 [16384/54899 (30%)], lr: ['1.00e-04', '1.00e-04'], loss: 0.474720
[2023-11-11 00:18:31,041][INFO][clas_trainer:133] - train epoch: 9 [21856/54899 (40%)], lr: ['1.00e-04', '1.00e-04'], loss: 0.655740
[2023-11-11 00:18:45,364][INFO][clas_trainer:133] - train epoch: 9 [27328/54899 (50%)], lr: ['1.00e-04', '1.00e-04'], loss: 0.220232
[2023-11-11 00:18:59,902][INFO][clas_trainer:133] - train epoch: 9 [32800/54899 (60%)], lr: ['1.00e-04', '1.00e-04'], loss: 0.349549
[2023-11-11 00:19:14,339][INFO][clas_trainer:133] - train epoch: 9 [38272/54899 (70%)], lr: ['1.00e-04', '1.00e-04'], loss: 0.360336
[2023-11-11 00:19:28,464][INFO][clas_trainer:133] - train epoch: 9 [43744/54899 (80%)], lr: ['1.00e-04', '1.00e-04'], loss: 0.305716
[2023-11-11 00:19:42,467][INFO][clas_trainer:133] - train epoch: 9 [49216/54899 (90%)], lr: ['1.00e-04', '1.00e-04'], loss: 0.240888
[2023-11-11 00:19:56,667][INFO][clas_trainer:133] - train epoch: 9 [54688/54899 (100%)], lr: ['1.00e-04', '1.00e-04'], loss: 0.173331
[2023-11-11 00:20:20,545][INFO][clas_trainer:63] - [epoch   9] execution time: 168.55s	metrics:
[2023-11-11 00:20:20,545][INFO][clas_evaluator:99] - dataset: earlystopping, avg f1-score: 0.7395
[2023-11-11 00:20:36,068][INFO][clas_trainer:133] - train epoch: 10 [5440/54899 (10%)], lr: ['1.00e-04', '1.00e-04'], loss: 0.173123
[2023-11-11 00:20:50,331][INFO][clas_trainer:133] - train epoch: 10 [10912/54899 (20%)], lr: ['1.00e-04', '1.00e-04'], loss: 0.324441
[2023-11-11 00:21:05,214][INFO][clas_trainer:133] - train epoch: 10 [16384/54899 (30%)], lr: ['1.00e-04', '1.00e-04'], loss: 0.356936
[2023-11-11 00:21:19,504][INFO][clas_trainer:133] - train epoch: 10 [21856/54899 (40%)], lr: ['1.00e-04', '1.00e-04'], loss: 0.154441
[2023-11-11 00:21:33,605][INFO][clas_trainer:133] - train epoch: 10 [27328/54899 (50%)], lr: ['1.00e-04', '1.00e-04'], loss: 0.174662
[2023-11-11 00:21:48,744][INFO][clas_trainer:133] - train epoch: 10 [32800/54899 (60%)], lr: ['1.00e-04', '1.00e-04'], loss: 0.400822
[2023-11-11 00:22:02,288][INFO][clas_trainer:133] - train epoch: 10 [38272/54899 (70%)], lr: ['1.00e-04', '1.00e-04'], loss: 0.392733
[2023-11-11 00:22:16,564][INFO][clas_trainer:133] - train epoch: 10 [43744/54899 (80%)], lr: ['1.00e-04', '1.00e-04'], loss: 0.608128
[2023-11-11 00:22:30,741][INFO][clas_trainer:133] - train epoch: 10 [49216/54899 (90%)], lr: ['1.00e-04', '1.00e-04'], loss: 0.353654
[2023-11-11 00:22:45,141][INFO][clas_trainer:133] - train epoch: 10 [54688/54899 (100%)], lr: ['1.00e-04', '1.00e-04'], loss: 0.313514
[2023-11-11 00:23:07,678][INFO][clas_trainer:63] - [epoch  10] execution time: 167.13s	metrics:
[2023-11-11 00:23:07,679][INFO][clas_evaluator:99] - dataset: earlystopping, avg f1-score: 0.7673
[2023-11-11 00:23:07,744][INFO][base_model:51] - snapshot saved to ./models/exp007b-m50-base_fe_clas-2023-11-10_19-52-44-final.pth
[2023-11-11 00:23:23,560][INFO][clas_trainer:133] - train epoch: 11 [5440/54899 (10%)], lr: ['1.00e-04', '1.00e-04'], loss: 0.256618
[2023-11-11 00:23:38,543][INFO][clas_trainer:133] - train epoch: 11 [10912/54899 (20%)], lr: ['1.00e-04', '1.00e-04'], loss: 0.189126
[2023-11-11 00:23:52,857][INFO][clas_trainer:133] - train epoch: 11 [16384/54899 (30%)], lr: ['1.00e-04', '1.00e-04'], loss: 0.338180
[2023-11-11 00:24:07,919][INFO][clas_trainer:133] - train epoch: 11 [21856/54899 (40%)], lr: ['1.00e-04', '1.00e-04'], loss: 0.432248
[2023-11-11 00:24:22,271][INFO][clas_trainer:133] - train epoch: 11 [27328/54899 (50%)], lr: ['1.00e-04', '1.00e-04'], loss: 0.292928
[2023-11-11 00:24:37,107][INFO][clas_trainer:133] - train epoch: 11 [32800/54899 (60%)], lr: ['1.00e-04', '1.00e-04'], loss: 0.327956
[2023-11-11 00:24:52,175][INFO][clas_trainer:133] - train epoch: 11 [38272/54899 (70%)], lr: ['1.00e-04', '1.00e-04'], loss: 0.287712
[2023-11-11 00:25:06,863][INFO][clas_trainer:133] - train epoch: 11 [43744/54899 (80%)], lr: ['1.00e-04', '1.00e-04'], loss: 0.239199
[2023-11-11 00:25:21,093][INFO][clas_trainer:133] - train epoch: 11 [49216/54899 (90%)], lr: ['1.00e-04', '1.00e-04'], loss: 0.368960
[2023-11-11 00:25:36,785][INFO][clas_trainer:133] - train epoch: 11 [54688/54899 (100%)], lr: ['1.00e-04', '1.00e-04'], loss: 0.410117
[2023-11-11 00:25:59,159][INFO][clas_trainer:63] - [epoch  11] execution time: 171.41s	metrics:
[2023-11-11 00:25:59,159][INFO][clas_evaluator:99] - dataset: earlystopping, avg f1-score: 0.7752
[2023-11-11 00:25:59,226][INFO][base_model:51] - snapshot saved to ./models/exp007b-m50-base_fe_clas-2023-11-10_19-52-44-final.pth
[2023-11-11 00:26:14,969][INFO][clas_trainer:133] - train epoch: 12 [5440/54899 (10%)], lr: ['1.00e-04', '1.00e-04'], loss: 0.220556
[2023-11-11 00:26:29,781][INFO][clas_trainer:133] - train epoch: 12 [10912/54899 (20%)], lr: ['1.00e-04', '1.00e-04'], loss: 0.249657
[2023-11-11 00:26:44,687][INFO][clas_trainer:133] - train epoch: 12 [16384/54899 (30%)], lr: ['1.00e-04', '1.00e-04'], loss: 0.163554
[2023-11-11 00:26:59,419][INFO][clas_trainer:133] - train epoch: 12 [21856/54899 (40%)], lr: ['1.00e-04', '1.00e-04'], loss: 0.278622
[2023-11-11 00:27:13,639][INFO][clas_trainer:133] - train epoch: 12 [27328/54899 (50%)], lr: ['1.00e-04', '1.00e-04'], loss: 0.324423
[2023-11-11 00:27:28,103][INFO][clas_trainer:133] - train epoch: 12 [32800/54899 (60%)], lr: ['1.00e-04', '1.00e-04'], loss: 0.246278
[2023-11-11 00:27:43,111][INFO][clas_trainer:133] - train epoch: 12 [38272/54899 (70%)], lr: ['1.00e-04', '1.00e-04'], loss: 0.158233
[2023-11-11 00:27:57,842][INFO][clas_trainer:133] - train epoch: 12 [43744/54899 (80%)], lr: ['1.00e-04', '1.00e-04'], loss: 0.188678
[2023-11-11 00:28:12,934][INFO][clas_trainer:133] - train epoch: 12 [49216/54899 (90%)], lr: ['1.00e-04', '1.00e-04'], loss: 0.292144
[2023-11-11 00:28:27,415][INFO][clas_trainer:133] - train epoch: 12 [54688/54899 (100%)], lr: ['1.00e-04', '1.00e-04'], loss: 0.360925
[2023-11-11 00:28:50,190][INFO][clas_trainer:63] - [epoch  12] execution time: 170.96s	metrics:
[2023-11-11 00:28:50,190][INFO][clas_evaluator:99] - dataset: earlystopping, avg f1-score: 0.7344
[2023-11-11 00:29:06,360][INFO][clas_trainer:133] - train epoch: 13 [5440/54899 (10%)], lr: ['1.00e-04', '1.00e-04'], loss: 0.249694
[2023-11-11 00:29:21,360][INFO][clas_trainer:133] - train epoch: 13 [10912/54899 (20%)], lr: ['1.00e-04', '1.00e-04'], loss: 0.298933
[2023-11-11 00:29:36,362][INFO][clas_trainer:133] - train epoch: 13 [16384/54899 (30%)], lr: ['1.00e-04', '1.00e-04'], loss: 0.242707
[2023-11-11 00:29:51,002][INFO][clas_trainer:133] - train epoch: 13 [21856/54899 (40%)], lr: ['1.00e-04', '1.00e-04'], loss: 0.397993
[2023-11-11 00:30:06,176][INFO][clas_trainer:133] - train epoch: 13 [27328/54899 (50%)], lr: ['1.00e-04', '1.00e-04'], loss: 0.507369
[2023-11-11 00:30:21,076][INFO][clas_trainer:133] - train epoch: 13 [32800/54899 (60%)], lr: ['1.00e-04', '1.00e-04'], loss: 0.259386
[2023-11-11 00:30:36,069][INFO][clas_trainer:133] - train epoch: 13 [38272/54899 (70%)], lr: ['1.00e-04', '1.00e-04'], loss: 0.425241
[2023-11-11 00:30:50,766][INFO][clas_trainer:133] - train epoch: 13 [43744/54899 (80%)], lr: ['1.00e-04', '1.00e-04'], loss: 0.314313
[2023-11-11 00:31:05,253][INFO][clas_trainer:133] - train epoch: 13 [49216/54899 (90%)], lr: ['1.00e-04', '1.00e-04'], loss: 0.174335
[2023-11-11 00:31:20,314][INFO][clas_trainer:133] - train epoch: 13 [54688/54899 (100%)], lr: ['1.00e-04', '1.00e-04'], loss: 0.176714
[2023-11-11 00:31:43,303][INFO][clas_trainer:63] - [epoch  13] execution time: 173.11s	metrics:
[2023-11-11 00:31:43,304][INFO][clas_evaluator:99] - dataset: earlystopping, avg f1-score: 0.7742
[2023-11-11 00:31:59,830][INFO][clas_trainer:133] - train epoch: 14 [5440/54899 (10%)], lr: ['1.00e-04', '1.00e-04'], loss: 0.417923
[2023-11-11 00:32:15,041][INFO][clas_trainer:133] - train epoch: 14 [10912/54899 (20%)], lr: ['1.00e-04', '1.00e-04'], loss: 0.791076
[2023-11-11 00:32:30,586][INFO][clas_trainer:133] - train epoch: 14 [16384/54899 (30%)], lr: ['1.00e-04', '1.00e-04'], loss: 0.310375
[2023-11-11 00:32:45,096][INFO][clas_trainer:133] - train epoch: 14 [21856/54899 (40%)], lr: ['1.00e-04', '1.00e-04'], loss: 0.319984
[2023-11-11 00:33:00,293][INFO][clas_trainer:133] - train epoch: 14 [27328/54899 (50%)], lr: ['1.00e-04', '1.00e-04'], loss: 0.280321
[2023-11-11 00:33:15,613][INFO][clas_trainer:133] - train epoch: 14 [32800/54899 (60%)], lr: ['1.00e-04', '1.00e-04'], loss: 0.299066
[2023-11-11 00:33:30,856][INFO][clas_trainer:133] - train epoch: 14 [38272/54899 (70%)], lr: ['1.00e-04', '1.00e-04'], loss: 0.374036
[2023-11-11 00:33:45,278][INFO][clas_trainer:133] - train epoch: 14 [43744/54899 (80%)], lr: ['1.00e-04', '1.00e-04'], loss: 0.306222
[2023-11-11 00:33:59,986][INFO][clas_trainer:133] - train epoch: 14 [49216/54899 (90%)], lr: ['1.00e-04', '1.00e-04'], loss: 0.338401
[2023-11-11 00:34:15,383][INFO][clas_trainer:133] - train epoch: 14 [54688/54899 (100%)], lr: ['1.00e-04', '1.00e-04'], loss: 0.294235
[2023-11-11 00:34:39,356][INFO][clas_trainer:63] - [epoch  14] execution time: 176.05s	metrics:
[2023-11-11 00:34:39,357][INFO][clas_evaluator:99] - dataset: earlystopping, avg f1-score: 0.7429
[2023-11-11 00:34:55,496][INFO][clas_trainer:133] - train epoch: 15 [5440/54899 (10%)], lr: ['1.00e-04', '1.00e-04'], loss: 0.143898
[2023-11-11 00:35:11,596][INFO][clas_trainer:133] - train epoch: 15 [10912/54899 (20%)], lr: ['1.00e-04', '1.00e-04'], loss: 0.429004
[2023-11-11 00:35:27,079][INFO][clas_trainer:133] - train epoch: 15 [16384/54899 (30%)], lr: ['1.00e-04', '1.00e-04'], loss: 0.643395
[2023-11-11 00:35:42,088][INFO][clas_trainer:133] - train epoch: 15 [21856/54899 (40%)], lr: ['1.00e-04', '1.00e-04'], loss: 0.495664
[2023-11-11 00:35:55,990][INFO][clas_trainer:133] - train epoch: 15 [27328/54899 (50%)], lr: ['1.00e-04', '1.00e-04'], loss: 0.045334
[2023-11-11 00:36:10,521][INFO][clas_trainer:133] - train epoch: 15 [32800/54899 (60%)], lr: ['1.00e-04', '1.00e-04'], loss: 0.349371
[2023-11-11 00:36:25,597][INFO][clas_trainer:133] - train epoch: 15 [38272/54899 (70%)], lr: ['1.00e-04', '1.00e-04'], loss: 0.238268
[2023-11-11 00:36:40,922][INFO][clas_trainer:133] - train epoch: 15 [43744/54899 (80%)], lr: ['1.00e-04', '1.00e-04'], loss: 0.134210
[2023-11-11 00:36:55,879][INFO][clas_trainer:133] - train epoch: 15 [49216/54899 (90%)], lr: ['1.00e-04', '1.00e-04'], loss: 0.256064
[2023-11-11 00:37:11,348][INFO][clas_trainer:133] - train epoch: 15 [54688/54899 (100%)], lr: ['1.00e-04', '1.00e-04'], loss: 0.264082
[2023-11-11 00:37:34,244][INFO][clas_trainer:63] - [epoch  15] execution time: 174.89s	metrics:
[2023-11-11 00:37:34,244][INFO][clas_evaluator:99] - dataset: earlystopping, avg f1-score: 0.7799
[2023-11-11 00:37:34,310][INFO][base_model:51] - snapshot saved to ./models/exp007b-m50-base_fe_clas-2023-11-10_19-52-44-final.pth
[2023-11-11 00:37:49,510][INFO][clas_trainer:133] - train epoch: 16 [5440/54899 (10%)], lr: ['1.00e-04', '1.00e-04'], loss: 0.188044
[2023-11-11 00:38:04,826][INFO][clas_trainer:133] - train epoch: 16 [10912/54899 (20%)], lr: ['1.00e-04', '1.00e-04'], loss: 0.335671
[2023-11-11 00:38:20,020][INFO][clas_trainer:133] - train epoch: 16 [16384/54899 (30%)], lr: ['1.00e-04', '1.00e-04'], loss: 0.130900
[2023-11-11 00:38:35,449][INFO][clas_trainer:133] - train epoch: 16 [21856/54899 (40%)], lr: ['1.00e-04', '1.00e-04'], loss: 0.288985
[2023-11-11 00:38:50,998][INFO][clas_trainer:133] - train epoch: 16 [27328/54899 (50%)], lr: ['1.00e-04', '1.00e-04'], loss: 0.312142
[2023-11-11 00:39:05,171][INFO][clas_trainer:133] - train epoch: 16 [32800/54899 (60%)], lr: ['1.00e-04', '1.00e-04'], loss: 0.356487
[2023-11-11 00:39:19,817][INFO][clas_trainer:133] - train epoch: 16 [38272/54899 (70%)], lr: ['1.00e-04', '1.00e-04'], loss: 0.591565
[2023-11-11 00:39:33,860][INFO][clas_trainer:133] - train epoch: 16 [43744/54899 (80%)], lr: ['1.00e-04', '1.00e-04'], loss: 0.179742
[2023-11-11 00:39:48,450][INFO][clas_trainer:133] - train epoch: 16 [49216/54899 (90%)], lr: ['1.00e-04', '1.00e-04'], loss: 0.240072
[2023-11-11 00:40:03,300][INFO][clas_trainer:133] - train epoch: 16 [54688/54899 (100%)], lr: ['1.00e-04', '1.00e-04'], loss: 0.070855
[2023-11-11 00:40:26,642][INFO][clas_trainer:63] - [epoch  16] execution time: 172.33s	metrics:
[2023-11-11 00:40:26,643][INFO][clas_evaluator:99] - dataset: earlystopping, avg f1-score: 0.7534
[2023-11-11 00:40:41,819][INFO][clas_trainer:133] - train epoch: 17 [5440/54899 (10%)], lr: ['1.00e-04', '1.00e-04'], loss: 0.160238
[2023-11-11 00:40:56,276][INFO][clas_trainer:133] - train epoch: 17 [10912/54899 (20%)], lr: ['1.00e-04', '1.00e-04'], loss: 0.496664
[2023-11-11 00:41:12,414][INFO][clas_trainer:133] - train epoch: 17 [16384/54899 (30%)], lr: ['1.00e-04', '1.00e-04'], loss: 0.116976
[2023-11-11 00:41:27,042][INFO][clas_trainer:133] - train epoch: 17 [21856/54899 (40%)], lr: ['1.00e-04', '1.00e-04'], loss: 0.343776
[2023-11-11 00:41:41,938][INFO][clas_trainer:133] - train epoch: 17 [27328/54899 (50%)], lr: ['1.00e-04', '1.00e-04'], loss: 0.178606
[2023-11-11 00:41:56,742][INFO][clas_trainer:133] - train epoch: 17 [32800/54899 (60%)], lr: ['1.00e-04', '1.00e-04'], loss: 0.365873
[2023-11-11 00:42:11,470][INFO][clas_trainer:133] - train epoch: 17 [38272/54899 (70%)], lr: ['1.00e-04', '1.00e-04'], loss: 0.264761
[2023-11-11 00:42:26,966][INFO][clas_trainer:133] - train epoch: 17 [43744/54899 (80%)], lr: ['1.00e-04', '1.00e-04'], loss: 0.048699
[2023-11-11 00:42:41,835][INFO][clas_trainer:133] - train epoch: 17 [49216/54899 (90%)], lr: ['1.00e-04', '1.00e-04'], loss: 0.129307
[2023-11-11 00:42:56,054][INFO][clas_trainer:133] - train epoch: 17 [54688/54899 (100%)], lr: ['1.00e-04', '1.00e-04'], loss: 0.465728
[2023-11-11 00:43:18,700][INFO][clas_trainer:63] - [epoch  17] execution time: 172.06s	metrics:
[2023-11-11 00:43:18,701][INFO][clas_evaluator:99] - dataset: earlystopping, avg f1-score: 0.7721
[2023-11-11 00:43:35,036][INFO][clas_trainer:133] - train epoch: 18 [5440/54899 (10%)], lr: ['1.00e-04', '1.00e-04'], loss: 0.129141
[2023-11-11 00:43:49,913][INFO][clas_trainer:133] - train epoch: 18 [10912/54899 (20%)], lr: ['1.00e-04', '1.00e-04'], loss: 0.364829
[2023-11-11 00:44:04,343][INFO][clas_trainer:133] - train epoch: 18 [16384/54899 (30%)], lr: ['1.00e-04', '1.00e-04'], loss: 0.315417
[2023-11-11 00:44:18,962][INFO][clas_trainer:133] - train epoch: 18 [21856/54899 (40%)], lr: ['1.00e-04', '1.00e-04'], loss: 0.314716
[2023-11-11 00:44:32,798][INFO][clas_trainer:133] - train epoch: 18 [27328/54899 (50%)], lr: ['1.00e-04', '1.00e-04'], loss: 0.372234
[2023-11-11 00:44:47,809][INFO][clas_trainer:133] - train epoch: 18 [32800/54899 (60%)], lr: ['1.00e-04', '1.00e-04'], loss: 0.225389
[2023-11-11 00:45:02,857][INFO][clas_trainer:133] - train epoch: 18 [38272/54899 (70%)], lr: ['1.00e-04', '1.00e-04'], loss: 0.088274
[2023-11-11 00:45:16,966][INFO][clas_trainer:133] - train epoch: 18 [43744/54899 (80%)], lr: ['1.00e-04', '1.00e-04'], loss: 0.242754
[2023-11-11 00:45:31,718][INFO][clas_trainer:133] - train epoch: 18 [49216/54899 (90%)], lr: ['1.00e-04', '1.00e-04'], loss: 0.272233
[2023-11-11 00:45:46,499][INFO][clas_trainer:133] - train epoch: 18 [54688/54899 (100%)], lr: ['1.00e-04', '1.00e-04'], loss: 0.226077
[2023-11-11 00:46:09,522][INFO][clas_trainer:63] - [epoch  18] execution time: 170.82s	metrics:
[2023-11-11 00:46:09,523][INFO][clas_evaluator:99] - dataset: earlystopping, avg f1-score: 0.7402
[2023-11-11 00:46:25,809][INFO][clas_trainer:133] - train epoch: 19 [5440/54899 (10%)], lr: ['1.00e-04', '1.00e-04'], loss: 0.323534
[2023-11-11 00:46:40,370][INFO][clas_trainer:133] - train epoch: 19 [10912/54899 (20%)], lr: ['1.00e-04', '1.00e-04'], loss: 0.377392
[2023-11-11 00:46:55,255][INFO][clas_trainer:133] - train epoch: 19 [16384/54899 (30%)], lr: ['1.00e-04', '1.00e-04'], loss: 0.246856
[2023-11-11 00:47:09,442][INFO][clas_trainer:133] - train epoch: 19 [21856/54899 (40%)], lr: ['1.00e-04', '1.00e-04'], loss: 0.157194
[2023-11-11 00:47:24,228][INFO][clas_trainer:133] - train epoch: 19 [27328/54899 (50%)], lr: ['1.00e-04', '1.00e-04'], loss: 0.309302
[2023-11-11 00:47:38,938][INFO][clas_trainer:133] - train epoch: 19 [32800/54899 (60%)], lr: ['1.00e-04', '1.00e-04'], loss: 0.098494
[2023-11-11 00:47:53,699][INFO][clas_trainer:133] - train epoch: 19 [38272/54899 (70%)], lr: ['1.00e-04', '1.00e-04'], loss: 0.217131
[2023-11-11 00:48:07,837][INFO][clas_trainer:133] - train epoch: 19 [43744/54899 (80%)], lr: ['1.00e-04', '1.00e-04'], loss: 0.567298
[2023-11-11 00:48:22,416][INFO][clas_trainer:133] - train epoch: 19 [49216/54899 (90%)], lr: ['1.00e-04', '1.00e-04'], loss: 0.207021
[2023-11-11 00:48:37,862][INFO][clas_trainer:133] - train epoch: 19 [54688/54899 (100%)], lr: ['1.00e-04', '1.00e-04'], loss: 0.229108
[2023-11-11 00:49:00,186][INFO][clas_trainer:63] - [epoch  19] execution time: 170.66s	metrics:
[2023-11-11 00:49:00,186][INFO][clas_evaluator:99] - dataset: earlystopping, avg f1-score: 0.7729
[2023-11-11 00:49:15,092][INFO][clas_trainer:133] - train epoch: 20 [5440/54899 (10%)], lr: ['1.00e-04', '1.00e-04'], loss: 0.351352
[2023-11-11 00:49:30,113][INFO][clas_trainer:133] - train epoch: 20 [10912/54899 (20%)], lr: ['1.00e-04', '1.00e-04'], loss: 0.136652
[2023-11-11 00:49:45,197][INFO][clas_trainer:133] - train epoch: 20 [16384/54899 (30%)], lr: ['1.00e-04', '1.00e-04'], loss: 0.255002
[2023-11-11 00:49:59,871][INFO][clas_trainer:133] - train epoch: 20 [21856/54899 (40%)], lr: ['1.00e-04', '1.00e-04'], loss: 0.220923
[2023-11-11 00:50:14,754][INFO][clas_trainer:133] - train epoch: 20 [27328/54899 (50%)], lr: ['1.00e-04', '1.00e-04'], loss: 0.310597
[2023-11-11 00:50:30,160][INFO][clas_trainer:133] - train epoch: 20 [32800/54899 (60%)], lr: ['1.00e-04', '1.00e-04'], loss: 0.229617
[2023-11-11 00:50:45,121][INFO][clas_trainer:133] - train epoch: 20 [38272/54899 (70%)], lr: ['1.00e-04', '1.00e-04'], loss: 0.268480
[2023-11-11 00:50:59,457][INFO][clas_trainer:133] - train epoch: 20 [43744/54899 (80%)], lr: ['1.00e-04', '1.00e-04'], loss: 0.315023
[2023-11-11 00:51:14,321][INFO][clas_trainer:133] - train epoch: 20 [49216/54899 (90%)], lr: ['1.00e-04', '1.00e-04'], loss: 0.230299
[2023-11-11 00:51:29,325][INFO][clas_trainer:133] - train epoch: 20 [54688/54899 (100%)], lr: ['1.00e-04', '1.00e-04'], loss: 0.213205
[2023-11-11 00:51:52,859][INFO][clas_trainer:63] - [epoch  20] execution time: 172.67s	metrics:
[2023-11-11 00:51:52,860][INFO][clas_evaluator:99] - dataset: earlystopping, avg f1-score: 0.7089
[2023-11-11 00:52:08,240][INFO][clas_trainer:133] - train epoch: 21 [5440/54899 (10%)], lr: ['1.00e-04', '1.00e-04'], loss: 0.211737
[2023-11-11 00:52:23,583][INFO][clas_trainer:133] - train epoch: 21 [10912/54899 (20%)], lr: ['1.00e-04', '1.00e-04'], loss: 0.197816
[2023-11-11 00:52:38,558][INFO][clas_trainer:133] - train epoch: 21 [16384/54899 (30%)], lr: ['1.00e-04', '1.00e-04'], loss: 0.183416
[2023-11-11 00:52:53,224][INFO][clas_trainer:133] - train epoch: 21 [21856/54899 (40%)], lr: ['1.00e-04', '1.00e-04'], loss: 0.202334
[2023-11-11 00:53:08,348][INFO][clas_trainer:133] - train epoch: 21 [27328/54899 (50%)], lr: ['1.00e-04', '1.00e-04'], loss: 0.095965
[2023-11-11 00:53:23,239][INFO][clas_trainer:133] - train epoch: 21 [32800/54899 (60%)], lr: ['1.00e-04', '1.00e-04'], loss: 0.287035
[2023-11-11 00:53:37,744][INFO][clas_trainer:133] - train epoch: 21 [38272/54899 (70%)], lr: ['1.00e-04', '1.00e-04'], loss: 0.190930
[2023-11-11 00:53:52,551][INFO][clas_trainer:133] - train epoch: 21 [43744/54899 (80%)], lr: ['1.00e-04', '1.00e-04'], loss: 0.171999
[2023-11-11 00:54:07,625][INFO][clas_trainer:133] - train epoch: 21 [49216/54899 (90%)], lr: ['1.00e-04', '1.00e-04'], loss: 0.386683
[2023-11-11 00:54:21,656][INFO][clas_trainer:133] - train epoch: 21 [54688/54899 (100%)], lr: ['1.00e-04', '1.00e-04'], loss: 0.294286
[2023-11-11 00:54:45,496][INFO][clas_trainer:63] - [epoch  21] execution time: 172.64s	metrics:
[2023-11-11 00:54:45,497][INFO][clas_evaluator:99] - dataset: earlystopping, avg f1-score: 0.7595
[2023-11-11 00:55:00,602][INFO][clas_trainer:133] - train epoch: 22 [5440/54899 (10%)], lr: ['1.00e-04', '1.00e-04'], loss: 0.385604
[2023-11-11 00:55:16,196][INFO][clas_trainer:133] - train epoch: 22 [10912/54899 (20%)], lr: ['1.00e-04', '1.00e-04'], loss: 0.045156
[2023-11-11 00:55:31,559][INFO][clas_trainer:133] - train epoch: 22 [16384/54899 (30%)], lr: ['1.00e-04', '1.00e-04'], loss: 0.303079
[2023-11-11 00:55:45,785][INFO][clas_trainer:133] - train epoch: 22 [21856/54899 (40%)], lr: ['1.00e-04', '1.00e-04'], loss: 0.264012
[2023-11-11 00:56:00,966][INFO][clas_trainer:133] - train epoch: 22 [27328/54899 (50%)], lr: ['1.00e-04', '1.00e-04'], loss: 0.236017
[2023-11-11 00:56:16,106][INFO][clas_trainer:133] - train epoch: 22 [32800/54899 (60%)], lr: ['1.00e-04', '1.00e-04'], loss: 0.154531
[2023-11-11 00:56:31,017][INFO][clas_trainer:133] - train epoch: 22 [38272/54899 (70%)], lr: ['1.00e-04', '1.00e-04'], loss: 0.184856
[2023-11-11 00:56:45,694][INFO][clas_trainer:133] - train epoch: 22 [43744/54899 (80%)], lr: ['1.00e-04', '1.00e-04'], loss: 0.187536
[2023-11-11 00:57:00,973][INFO][clas_trainer:133] - train epoch: 22 [49216/54899 (90%)], lr: ['1.00e-04', '1.00e-04'], loss: 0.179322
[2023-11-11 00:57:15,769][INFO][clas_trainer:133] - train epoch: 22 [54688/54899 (100%)], lr: ['1.00e-04', '1.00e-04'], loss: 0.123766
[2023-11-11 00:57:39,146][INFO][clas_trainer:63] - [epoch  22] execution time: 173.65s	metrics:
[2023-11-11 00:57:39,147][INFO][clas_evaluator:99] - dataset: earlystopping, avg f1-score: 0.7771
[2023-11-11 00:57:53,805][INFO][clas_trainer:133] - train epoch: 23 [5440/54899 (10%)], lr: ['1.00e-04', '1.00e-04'], loss: 0.387644
[2023-11-11 00:58:08,885][INFO][clas_trainer:133] - train epoch: 23 [10912/54899 (20%)], lr: ['1.00e-04', '1.00e-04'], loss: 0.279529
[2023-11-11 00:58:23,398][INFO][clas_trainer:133] - train epoch: 23 [16384/54899 (30%)], lr: ['1.00e-04', '1.00e-04'], loss: 0.212818
[2023-11-11 00:58:38,653][INFO][clas_trainer:133] - train epoch: 23 [21856/54899 (40%)], lr: ['1.00e-04', '1.00e-04'], loss: 0.162464
[2023-11-11 00:58:54,053][INFO][clas_trainer:133] - train epoch: 23 [27328/54899 (50%)], lr: ['1.00e-04', '1.00e-04'], loss: 0.202017
[2023-11-11 00:59:08,910][INFO][clas_trainer:133] - train epoch: 23 [32800/54899 (60%)], lr: ['1.00e-04', '1.00e-04'], loss: 0.171647
[2023-11-11 00:59:23,909][INFO][clas_trainer:133] - train epoch: 23 [38272/54899 (70%)], lr: ['1.00e-04', '1.00e-04'], loss: 0.159674
[2023-11-11 00:59:39,033][INFO][clas_trainer:133] - train epoch: 23 [43744/54899 (80%)], lr: ['1.00e-04', '1.00e-04'], loss: 0.137251
[2023-11-11 00:59:54,689][INFO][clas_trainer:133] - train epoch: 23 [49216/54899 (90%)], lr: ['1.00e-04', '1.00e-04'], loss: 0.245693
[2023-11-11 01:00:09,761][INFO][clas_trainer:133] - train epoch: 23 [54688/54899 (100%)], lr: ['1.00e-04', '1.00e-04'], loss: 0.208678
[2023-11-11 01:00:33,136][INFO][clas_trainer:63] - [epoch  23] execution time: 173.99s	metrics:
[2023-11-11 01:00:33,137][INFO][clas_evaluator:99] - dataset: earlystopping, avg f1-score: 0.7813
[2023-11-11 01:00:33,196][INFO][base_model:51] - snapshot saved to ./models/exp007b-m50-base_fe_clas-2023-11-10_19-52-44-final.pth
[2023-11-11 01:00:49,556][INFO][clas_trainer:133] - train epoch: 24 [5440/54899 (10%)], lr: ['1.00e-04', '1.00e-04'], loss: 0.244535
[2023-11-11 01:01:04,388][INFO][clas_trainer:133] - train epoch: 24 [10912/54899 (20%)], lr: ['1.00e-04', '1.00e-04'], loss: 0.186390
[2023-11-11 01:01:18,929][INFO][clas_trainer:133] - train epoch: 24 [16384/54899 (30%)], lr: ['1.00e-04', '1.00e-04'], loss: 0.264254
[2023-11-11 01:01:33,133][INFO][clas_trainer:133] - train epoch: 24 [21856/54899 (40%)], lr: ['1.00e-04', '1.00e-04'], loss: 0.129966
[2023-11-11 01:01:48,055][INFO][clas_trainer:133] - train epoch: 24 [27328/54899 (50%)], lr: ['1.00e-04', '1.00e-04'], loss: 0.262592
[2023-11-11 01:02:03,179][INFO][clas_trainer:133] - train epoch: 24 [32800/54899 (60%)], lr: ['1.00e-04', '1.00e-04'], loss: 0.094365
[2023-11-11 01:02:17,830][INFO][clas_trainer:133] - train epoch: 24 [38272/54899 (70%)], lr: ['1.00e-04', '1.00e-04'], loss: 0.146759
[2023-11-11 01:02:32,706][INFO][clas_trainer:133] - train epoch: 24 [43744/54899 (80%)], lr: ['1.00e-04', '1.00e-04'], loss: 0.509697
[2023-11-11 01:02:47,795][INFO][clas_trainer:133] - train epoch: 24 [49216/54899 (90%)], lr: ['1.00e-04', '1.00e-04'], loss: 0.180853
[2023-11-11 01:03:02,747][INFO][clas_trainer:133] - train epoch: 24 [54688/54899 (100%)], lr: ['1.00e-04', '1.00e-04'], loss: 0.169775
[2023-11-11 01:03:25,600][INFO][clas_trainer:63] - [epoch  24] execution time: 172.40s	metrics:
[2023-11-11 01:03:25,600][INFO][clas_evaluator:99] - dataset: earlystopping, avg f1-score: 0.7506
[2023-11-11 01:03:41,114][INFO][clas_trainer:133] - train epoch: 25 [5440/54899 (10%)], lr: ['1.00e-04', '1.00e-04'], loss: 0.232349
[2023-11-11 01:03:55,633][INFO][clas_trainer:133] - train epoch: 25 [10912/54899 (20%)], lr: ['1.00e-04', '1.00e-04'], loss: 0.203615
[2023-11-11 01:04:09,434][INFO][clas_trainer:133] - train epoch: 25 [16384/54899 (30%)], lr: ['1.00e-04', '1.00e-04'], loss: 0.189424
[2023-11-11 01:04:24,135][INFO][clas_trainer:133] - train epoch: 25 [21856/54899 (40%)], lr: ['1.00e-04', '1.00e-04'], loss: 0.090048
[2023-11-11 01:04:39,028][INFO][clas_trainer:133] - train epoch: 25 [27328/54899 (50%)], lr: ['1.00e-04', '1.00e-04'], loss: 0.312535
[2023-11-11 01:04:53,958][INFO][clas_trainer:133] - train epoch: 25 [32800/54899 (60%)], lr: ['1.00e-04', '1.00e-04'], loss: 0.460046
[2023-11-11 01:05:08,537][INFO][clas_trainer:133] - train epoch: 25 [38272/54899 (70%)], lr: ['1.00e-04', '1.00e-04'], loss: 0.248122
[2023-11-11 01:05:23,792][INFO][clas_trainer:133] - train epoch: 25 [43744/54899 (80%)], lr: ['1.00e-04', '1.00e-04'], loss: 0.080212
[2023-11-11 01:05:38,608][INFO][clas_trainer:133] - train epoch: 25 [49216/54899 (90%)], lr: ['1.00e-04', '1.00e-04'], loss: 0.058536
[2023-11-11 01:05:52,651][INFO][clas_trainer:133] - train epoch: 25 [54688/54899 (100%)], lr: ['1.00e-04', '1.00e-04'], loss: 0.095558
[2023-11-11 01:06:15,232][INFO][clas_trainer:63] - [epoch  25] execution time: 169.63s	metrics:
[2023-11-11 01:06:15,232][INFO][clas_evaluator:99] - dataset: earlystopping, avg f1-score: 0.7777
[2023-11-11 01:06:30,282][INFO][clas_trainer:133] - train epoch: 26 [5440/54899 (10%)], lr: ['1.00e-04', '1.00e-04'], loss: 0.529465
[2023-11-11 01:06:46,116][INFO][clas_trainer:133] - train epoch: 26 [10912/54899 (20%)], lr: ['1.00e-04', '1.00e-04'], loss: 0.218925
[2023-11-11 01:07:00,866][INFO][clas_trainer:133] - train epoch: 26 [16384/54899 (30%)], lr: ['1.00e-04', '1.00e-04'], loss: 0.068393
[2023-11-11 01:07:14,358][INFO][clas_trainer:133] - train epoch: 26 [21856/54899 (40%)], lr: ['1.00e-04', '1.00e-04'], loss: 0.131192
[2023-11-11 01:07:27,521][INFO][clas_trainer:133] - train epoch: 26 [27328/54899 (50%)], lr: ['1.00e-04', '1.00e-04'], loss: 0.101710
[2023-11-11 01:07:40,629][INFO][clas_trainer:133] - train epoch: 26 [32800/54899 (60%)], lr: ['1.00e-04', '1.00e-04'], loss: 0.123189
[2023-11-11 01:07:53,008][INFO][clas_trainer:133] - train epoch: 26 [38272/54899 (70%)], lr: ['1.00e-04', '1.00e-04'], loss: 0.243176
[2023-11-11 01:08:06,076][INFO][clas_trainer:133] - train epoch: 26 [43744/54899 (80%)], lr: ['1.00e-04', '1.00e-04'], loss: 0.172151
[2023-11-11 01:08:18,973][INFO][clas_trainer:133] - train epoch: 26 [49216/54899 (90%)], lr: ['1.00e-04', '1.00e-04'], loss: 0.230566
[2023-11-11 01:08:31,364][INFO][clas_trainer:133] - train epoch: 26 [54688/54899 (100%)], lr: ['1.00e-04', '1.00e-04'], loss: 0.221087
[2023-11-11 01:08:51,993][INFO][clas_trainer:63] - [epoch  26] execution time: 156.76s	metrics:
[2023-11-11 01:08:51,994][INFO][clas_evaluator:99] - dataset: earlystopping, avg f1-score: 0.7714
[2023-11-11 01:09:05,494][INFO][clas_trainer:133] - train epoch: 27 [5440/54899 (10%)], lr: ['1.00e-04', '1.00e-04'], loss: 0.171320
[2023-11-11 01:09:18,316][INFO][clas_trainer:133] - train epoch: 27 [10912/54899 (20%)], lr: ['1.00e-04', '1.00e-04'], loss: 0.300256
[2023-11-11 01:09:31,803][INFO][clas_trainer:133] - train epoch: 27 [16384/54899 (30%)], lr: ['1.00e-04', '1.00e-04'], loss: 0.309354
[2023-11-11 01:09:44,762][INFO][clas_trainer:133] - train epoch: 27 [21856/54899 (40%)], lr: ['1.00e-04', '1.00e-04'], loss: 0.224013
[2023-11-11 01:09:57,920][INFO][clas_trainer:133] - train epoch: 27 [27328/54899 (50%)], lr: ['1.00e-04', '1.00e-04'], loss: 0.249611
[2023-11-11 01:10:11,638][INFO][clas_trainer:133] - train epoch: 27 [32800/54899 (60%)], lr: ['1.00e-04', '1.00e-04'], loss: 0.061248
[2023-11-11 01:10:24,653][INFO][clas_trainer:133] - train epoch: 27 [38272/54899 (70%)], lr: ['1.00e-04', '1.00e-04'], loss: 0.302490
[2023-11-11 01:10:38,014][INFO][clas_trainer:133] - train epoch: 27 [43744/54899 (80%)], lr: ['1.00e-04', '1.00e-04'], loss: 0.255988
[2023-11-11 01:10:50,529][INFO][clas_trainer:133] - train epoch: 27 [49216/54899 (90%)], lr: ['1.00e-04', '1.00e-04'], loss: 0.068159
[2023-11-11 01:11:02,976][INFO][clas_trainer:133] - train epoch: 27 [54688/54899 (100%)], lr: ['1.00e-04', '1.00e-04'], loss: 0.235319
[2023-11-11 01:11:23,842][INFO][clas_trainer:63] - [epoch  27] execution time: 151.85s	metrics:
[2023-11-11 01:11:23,843][INFO][clas_evaluator:99] - dataset: earlystopping, avg f1-score: 0.7739
[2023-11-11 01:11:37,324][INFO][clas_trainer:133] - train epoch: 28 [5440/54899 (10%)], lr: ['1.00e-04', '1.00e-04'], loss: 0.133284
[2023-11-11 01:11:50,753][INFO][clas_trainer:133] - train epoch: 28 [10912/54899 (20%)], lr: ['1.00e-04', '1.00e-04'], loss: 0.416691
[2023-11-11 01:12:03,754][INFO][clas_trainer:133] - train epoch: 28 [16384/54899 (30%)], lr: ['1.00e-04', '1.00e-04'], loss: 0.168061
[2023-11-11 01:12:17,067][INFO][clas_trainer:133] - train epoch: 28 [21856/54899 (40%)], lr: ['1.00e-04', '1.00e-04'], loss: 0.148282
[2023-11-11 01:12:30,225][INFO][clas_trainer:133] - train epoch: 28 [27328/54899 (50%)], lr: ['1.00e-04', '1.00e-04'], loss: 0.105740
[2023-11-11 01:12:43,475][INFO][clas_trainer:133] - train epoch: 28 [32800/54899 (60%)], lr: ['1.00e-04', '1.00e-04'], loss: 0.162605
[2023-11-11 01:12:56,823][INFO][clas_trainer:133] - train epoch: 28 [38272/54899 (70%)], lr: ['1.00e-04', '1.00e-04'], loss: 0.402226
[2023-11-11 01:13:09,994][INFO][clas_trainer:133] - train epoch: 28 [43744/54899 (80%)], lr: ['1.00e-04', '1.00e-04'], loss: 0.363448
[2023-11-11 01:13:22,867][INFO][clas_trainer:133] - train epoch: 28 [49216/54899 (90%)], lr: ['1.00e-04', '1.00e-04'], loss: 0.114488
[2023-11-11 01:13:35,424][INFO][clas_trainer:133] - train epoch: 28 [54688/54899 (100%)], lr: ['1.00e-04', '1.00e-04'], loss: 0.181649
[2023-11-11 01:13:56,677][INFO][clas_trainer:63] - [epoch  28] execution time: 152.83s	metrics:
[2023-11-11 01:13:56,677][INFO][clas_evaluator:99] - dataset: earlystopping, avg f1-score: 0.7596
[2023-11-11 01:14:10,438][INFO][clas_trainer:133] - train epoch: 29 [5440/54899 (10%)], lr: ['1.00e-04', '1.00e-04'], loss: 0.156917
[2023-11-11 01:14:23,629][INFO][clas_trainer:133] - train epoch: 29 [10912/54899 (20%)], lr: ['1.00e-04', '1.00e-04'], loss: 0.396270
[2023-11-11 01:14:36,726][INFO][clas_trainer:133] - train epoch: 29 [16384/54899 (30%)], lr: ['1.00e-04', '1.00e-04'], loss: 0.264218
[2023-11-11 01:14:49,370][INFO][clas_trainer:133] - train epoch: 29 [21856/54899 (40%)], lr: ['1.00e-04', '1.00e-04'], loss: 0.172040
[2023-11-11 01:15:02,104][INFO][clas_trainer:133] - train epoch: 29 [27328/54899 (50%)], lr: ['1.00e-04', '1.00e-04'], loss: 0.166522
[2023-11-11 01:15:15,005][INFO][clas_trainer:133] - train epoch: 29 [32800/54899 (60%)], lr: ['1.00e-04', '1.00e-04'], loss: 0.253192
[2023-11-11 01:15:27,782][INFO][clas_trainer:133] - train epoch: 29 [38272/54899 (70%)], lr: ['1.00e-04', '1.00e-04'], loss: 0.109585
[2023-11-11 01:15:40,787][INFO][clas_trainer:133] - train epoch: 29 [43744/54899 (80%)], lr: ['1.00e-04', '1.00e-04'], loss: 0.137986
[2023-11-11 01:15:53,719][INFO][clas_trainer:133] - train epoch: 29 [49216/54899 (90%)], lr: ['1.00e-04', '1.00e-04'], loss: 0.114278
[2023-11-11 01:16:06,622][INFO][clas_trainer:133] - train epoch: 29 [54688/54899 (100%)], lr: ['1.00e-04', '1.00e-04'], loss: 0.216643
[2023-11-11 01:16:26,771][INFO][clas_trainer:63] - [epoch  29] execution time: 150.09s	metrics:
[2023-11-11 01:16:26,772][INFO][clas_evaluator:99] - dataset: earlystopping, avg f1-score: 0.7534
[2023-11-11 01:16:40,595][INFO][clas_trainer:133] - train epoch: 30 [5440/54899 (10%)], lr: ['1.00e-04', '1.00e-04'], loss: 0.328148
[2023-11-11 01:16:53,264][INFO][clas_trainer:133] - train epoch: 30 [10912/54899 (20%)], lr: ['1.00e-04', '1.00e-04'], loss: 0.353271
[2023-11-11 01:17:05,608][INFO][clas_trainer:133] - train epoch: 30 [16384/54899 (30%)], lr: ['1.00e-04', '1.00e-04'], loss: 0.200570
[2023-11-11 01:17:17,875][INFO][clas_trainer:133] - train epoch: 30 [21856/54899 (40%)], lr: ['1.00e-04', '1.00e-04'], loss: 0.270272
[2023-11-11 01:17:30,179][INFO][clas_trainer:133] - train epoch: 30 [27328/54899 (50%)], lr: ['1.00e-04', '1.00e-04'], loss: 0.226083
[2023-11-11 01:17:42,875][INFO][clas_trainer:133] - train epoch: 30 [32800/54899 (60%)], lr: ['1.00e-04', '1.00e-04'], loss: 0.257892
[2023-11-11 01:17:55,894][INFO][clas_trainer:133] - train epoch: 30 [38272/54899 (70%)], lr: ['1.00e-04', '1.00e-04'], loss: 0.216636
[2023-11-11 01:18:08,254][INFO][clas_trainer:133] - train epoch: 30 [43744/54899 (80%)], lr: ['1.00e-04', '1.00e-04'], loss: 0.210021
[2023-11-11 01:18:20,787][INFO][clas_trainer:133] - train epoch: 30 [49216/54899 (90%)], lr: ['1.00e-04', '1.00e-04'], loss: 0.532454
[2023-11-11 01:18:33,297][INFO][clas_trainer:133] - train epoch: 30 [54688/54899 (100%)], lr: ['1.00e-04', '1.00e-04'], loss: 0.044389
[2023-11-11 01:18:52,889][INFO][clas_trainer:63] - [epoch  30] execution time: 146.12s	metrics:
[2023-11-11 01:18:52,890][INFO][clas_evaluator:99] - dataset: earlystopping, avg f1-score: 0.7574
[2023-11-11 01:19:06,587][INFO][clas_trainer:133] - train epoch: 31 [5440/54899 (10%)], lr: ['1.00e-04', '1.00e-04'], loss: 0.285491
[2023-11-11 01:19:19,376][INFO][clas_trainer:133] - train epoch: 31 [10912/54899 (20%)], lr: ['1.00e-04', '1.00e-04'], loss: 0.094268
[2023-11-11 01:19:32,037][INFO][clas_trainer:133] - train epoch: 31 [16384/54899 (30%)], lr: ['1.00e-04', '1.00e-04'], loss: 0.066117
[2023-11-11 01:19:45,102][INFO][clas_trainer:133] - train epoch: 31 [21856/54899 (40%)], lr: ['1.00e-04', '1.00e-04'], loss: 0.271174
[2023-11-11 01:19:58,230][INFO][clas_trainer:133] - train epoch: 31 [27328/54899 (50%)], lr: ['1.00e-04', '1.00e-04'], loss: 0.283553
[2023-11-11 01:20:11,048][INFO][clas_trainer:133] - train epoch: 31 [32800/54899 (60%)], lr: ['1.00e-04', '1.00e-04'], loss: 0.213304
[2023-11-11 01:20:23,720][INFO][clas_trainer:133] - train epoch: 31 [38272/54899 (70%)], lr: ['1.00e-04', '1.00e-04'], loss: 0.288993
[2023-11-11 01:20:36,337][INFO][clas_trainer:133] - train epoch: 31 [43744/54899 (80%)], lr: ['1.00e-04', '1.00e-04'], loss: 0.190129
[2023-11-11 01:20:49,141][INFO][clas_trainer:133] - train epoch: 31 [49216/54899 (90%)], lr: ['1.00e-04', '1.00e-04'], loss: 0.206529
[2023-11-11 01:21:01,624][INFO][clas_trainer:133] - train epoch: 31 [54688/54899 (100%)], lr: ['1.00e-04', '1.00e-04'], loss: 0.161073
[2023-11-11 01:21:21,910][INFO][clas_trainer:63] - [epoch  31] execution time: 149.02s	metrics:
[2023-11-11 01:21:21,910][INFO][clas_evaluator:99] - dataset: earlystopping, avg f1-score: 0.7699
[2023-11-11 01:21:35,075][INFO][clas_trainer:133] - train epoch: 32 [5440/54899 (10%)], lr: ['1.00e-04', '1.00e-04'], loss: 0.036254
[2023-11-11 01:21:47,948][INFO][clas_trainer:133] - train epoch: 32 [10912/54899 (20%)], lr: ['1.00e-04', '1.00e-04'], loss: 0.217047
[2023-11-11 01:22:00,761][INFO][clas_trainer:133] - train epoch: 32 [16384/54899 (30%)], lr: ['1.00e-04', '1.00e-04'], loss: 0.317806
[2023-11-11 01:22:13,791][INFO][clas_trainer:133] - train epoch: 32 [21856/54899 (40%)], lr: ['1.00e-04', '1.00e-04'], loss: 0.394897
[2023-11-11 01:22:27,164][INFO][clas_trainer:133] - train epoch: 32 [27328/54899 (50%)], lr: ['1.00e-04', '1.00e-04'], loss: 0.141278
[2023-11-11 01:22:39,816][INFO][clas_trainer:133] - train epoch: 32 [32800/54899 (60%)], lr: ['1.00e-04', '1.00e-04'], loss: 0.163928
[2023-11-11 01:22:53,043][INFO][clas_trainer:133] - train epoch: 32 [38272/54899 (70%)], lr: ['1.00e-04', '1.00e-04'], loss: 0.199148
[2023-11-11 01:23:05,149][INFO][clas_trainer:133] - train epoch: 32 [43744/54899 (80%)], lr: ['1.00e-04', '1.00e-04'], loss: 0.083843
[2023-11-11 01:23:17,546][INFO][clas_trainer:133] - train epoch: 32 [49216/54899 (90%)], lr: ['1.00e-04', '1.00e-04'], loss: 0.234241
[2023-11-11 01:23:30,021][INFO][clas_trainer:133] - train epoch: 32 [54688/54899 (100%)], lr: ['1.00e-04', '1.00e-04'], loss: 0.027418
[2023-11-11 01:23:49,690][INFO][clas_trainer:63] - [epoch  32] execution time: 147.78s	metrics:
[2023-11-11 01:23:49,690][INFO][clas_evaluator:99] - dataset: earlystopping, avg f1-score: 0.7722
[2023-11-11 01:24:02,857][INFO][clas_trainer:133] - train epoch: 33 [5440/54899 (10%)], lr: ['1.00e-04', '1.00e-04'], loss: 0.167077
[2023-11-11 01:24:15,040][INFO][clas_trainer:133] - train epoch: 33 [10912/54899 (20%)], lr: ['1.00e-04', '1.00e-04'], loss: 0.147287
[2023-11-11 01:24:28,108][INFO][clas_trainer:133] - train epoch: 33 [16384/54899 (30%)], lr: ['1.00e-04', '1.00e-04'], loss: 0.070526
[2023-11-11 01:24:41,029][INFO][clas_trainer:133] - train epoch: 33 [21856/54899 (40%)], lr: ['1.00e-04', '1.00e-04'], loss: 0.116272
[2023-11-11 01:24:53,127][INFO][clas_trainer:133] - train epoch: 33 [27328/54899 (50%)], lr: ['1.00e-04', '1.00e-04'], loss: 0.439061
[2023-11-11 01:25:05,438][INFO][clas_trainer:133] - train epoch: 33 [32800/54899 (60%)], lr: ['1.00e-04', '1.00e-04'], loss: 0.230622
[2023-11-11 01:25:17,676][INFO][clas_trainer:133] - train epoch: 33 [38272/54899 (70%)], lr: ['1.00e-04', '1.00e-04'], loss: 0.255375
[2023-11-11 01:25:30,135][INFO][clas_trainer:133] - train epoch: 33 [43744/54899 (80%)], lr: ['1.00e-04', '1.00e-04'], loss: 0.170539
[2023-11-11 01:25:42,643][INFO][clas_trainer:133] - train epoch: 33 [49216/54899 (90%)], lr: ['1.00e-04', '1.00e-04'], loss: 0.149007
[2023-11-11 01:25:55,047][INFO][clas_trainer:133] - train epoch: 33 [54688/54899 (100%)], lr: ['1.00e-04', '1.00e-04'], loss: 0.065276
[2023-11-11 01:26:14,623][INFO][clas_trainer:63] - [epoch  33] execution time: 144.93s	metrics:
[2023-11-11 01:26:14,624][INFO][clas_evaluator:99] - dataset: earlystopping, avg f1-score: 0.7702
[2023-11-11 01:26:14,634][INFO][clas_trainer:79] - finished training
[2023-11-11 01:26:14,634][INFO][clas_trainer:80] - best model on epoch: 23 	f1-score: 0.7813
