[2024-03-02 04:24:15,154][INFO][fine-tune:33] - Using GPU 0
[2024-03-02 04:24:15,161][INFO][fine-tune:43] - overrides:
hydra:
- hydra.launcher.n_jobs=10
- hydra.mode=MULTIRUN
task:
- m_seed_path_sids={seeds:[9,9,9,9,9],path:"exp001b-m9-simple_multi_class-2024-03-01_15-35-58-final.pth",subject_ids:{dod_o_h:$\{data.dod_o_h.cv_5_fold.fold_5\}}}
- data.downstream.train_dataloader.dataset.data_reducer.n_subjects=10
- general.gpus=[0]

[2024-03-02 04:24:22,335][INFO][data_loaders:71] - class distribution before data reduction:
# samples per subject
02fb158a-a658-51ee-89cf-1e1dc2ebfde1: 861
03341d0d-5927-5838-8a5f-1b8ef39d8f57: 1063
039ce8ad-a7fa-5272-a3e3-1f4bfebdd087: 915
095d6e40-5f19-55b6-a0ec-6e0ad3793da0: 1192
0d79f4b1-e74f-5e87-8e42-f9dd7112ada5: 968
100df108-eb57-5eaa-a413-f7e4436a7895: 952
14c012bd-65b0-56f5-bc74-2dffcea69837: 969
16450f5a-9b65-5536-85e1-93816c8b89eb: 816
18482adf-1144-54ca-9e35-27f65c43a105: 824
18ede714-aba3-5ad8-bb1a-18fc9b1c4192: 995
1da3544e-dc5c-5795-adc3-f5068959211f: 955
2159377e-ebf3-5565-9014-1e2ae69dc1d2: 907
2e865ca9-e20f-5a6f-bd25-45d28cc9eab9: 950
32556393-bb57-560a-99e8-e09885219647: 1106
37d0da97-9ae8-5413-b889-4e843ff35488: 1011
3dd35e7b-d7e2-516d-8a85-e0d58a59569f: 1093
3e842aa8-bcd9-521e-93a2-72124233fe2c: 620
40e25dd4-6087-5747-b9c2-4838ada86b15: 1076
47f45aa2-31c4-595b-bdb6-f1348bba062b: 1032
4b72b905-5521-5c57-b666-e20ff9bb195f: 868
4e3c4ac4-69e2-5347-a3b0-662c204d259d: 926
5b94ec8a-c34d-5e45-84d1-bec2ea965609: 1090
5bf0f969-304c-581e-949c-50c108f62846: 947
67fa8e29-6f4d-530e-9422-bbc3aca86ed0: 1046
6e2aa933-c51c-5a31-8c7b-83da8d076a12: 905
730aba3b-e310-5be0-9eed-7c3123466834: 1120
742f1592-627c-54eb-bbb5-ccd55ffae33a: 975
769df255-2284-50b3-8917-2155c759fbbd: 929
79e8a04e-0fdd-53ae-bedc-d49d08e29103: 918
7d778801-88e7-5086-ad1d-70f31a371876: 999
83c1394e-9c69-5c11-9102-9ff8d59b1cfd: 1011
844f68ba-265e-53e6-bf47-6c85d1804a7b: 957
90aef91a-252f-5ccc-a82e-78ea7ee9ca1f: 1089
a0c91989-530f-5117-80c1-2488dbed683c: 1017
a25b2296-343b-53f6-8792-ada2669d466e: 1008
a6254c8a-f1b2-5736-b601-18245dd5e0a5: 1084
a65a9e69-cddf-5711-9a97-de8bfdeb08cc: 961
a79d1f0e-c133-5aa0-8268-cdcc05825f0f: 1046
aa160c78-6da3-5e05-8fc9-d6c13e9f97e0: 1010
aadc9e0c-b7c3-5a47-851d-f21971d10935: 969
ad47bc12-199c-5294-9cb8-4351bbbf7b5e: 893
b2d3ccdd-395c-5dd2-81d9-252bcfc0c337: 902
b3706da5-748b-5dd1-a552-f57e4456cdf6: 1041
b5d5785d-87ee-5078-b9b9-aac6abd4d8de: 918
bb474ab0-c2ce-573b-8acd-ef86b0fa26a2: 1142
c03e27b0-4cb5-584f-aaea-8f1e1ed6513c: 1121
c11c730f-0b6b-580b-af31-d8f0ebbbdfce: 917
c31a47f9-e400-5841-a22b-521c81042603: 986
c8110476-594c-533d-95bd-86147fccc987: 995
c985916d-46a5-5c3e-9d50-a5a91f460bac: 1024
cebd3520-4e77-5222-a614-d2888e6afc2b: 1109
d5181c33-a43b-5dfe-8ad7-0337facb092a: 977
e59c45e0-0c0c-565f-84a9-6cf0ec5ef6c1: 844
e6b7cbef-4c9d-5541-82e8-04810de0fb60: 819
e8ec8ec4-dc48-50ce-985a-a06d87861030: 975
eb95076c-c470-56a4-b788-ace310f061c6: 965

# samples per stage
0: 9856
1: 3075
2: 26718
3: 5997
4: 9162
[2024-03-02 04:24:22,633][INFO][data_loaders:77] - class distribution after data reduction:
# samples per subject
039ce8ad-a7fa-5272-a3e3-1f4bfebdd087: 4575
14c012bd-65b0-56f5-bc74-2dffcea69837: 4845
16450f5a-9b65-5536-85e1-93816c8b89eb: 4080
37d0da97-9ae8-5413-b889-4e843ff35488: 5055
5b94ec8a-c34d-5e45-84d1-bec2ea965609: 5450
67fa8e29-6f4d-530e-9422-bbc3aca86ed0: 5230
730aba3b-e310-5be0-9eed-7c3123466834: 5600
90aef91a-252f-5ccc-a82e-78ea7ee9ca1f: 5445
a65a9e69-cddf-5711-9a97-de8bfdeb08cc: 4805
c31a47f9-e400-5841-a22b-521c81042603: 4930

# samples per stage
0: 10985
1: 3430
2: 22855
3: 5025
4: 7720
[2024-03-02 04:24:22,658][INFO][base_pret_fe:84] - Loading model from exp001b-m9-simple_multi_class-2024-03-01_15-35-58-final.pth
[2024-03-02 04:24:23,724][INFO][data_loaders:71] - class distribution before data reduction:
# samples per subject
0416d51f-5d69-5326-b74a-a2e31a96a1ef: 822
1fa6c401-d819-50f5-8146-a0bb9e2b2516: 986
22bea84c-5d23-5e49-bc2d-9764f883955b: 1048
25a6b2b0-4d09-561b-82c6-f09bb271d3be: 1063
a30245e3-4a71-565f-9636-92e7d2e825fc: 1122
a4568951-bf87-5bbc-bc4f-28e93c360be6: 975
b3534fa3-7676-50dc-8412-07f0eff4f7a9: 757
fc10ee0b-b863-511b-bce8-4dfa7af8ac3a: 910

# samples per stage
0: 1458
1: 408
2: 3702
3: 1050
4: 1065
[2024-03-02 04:24:23,744][INFO][data_loaders:77] - class distribution after data reduction:
# samples per subject
0416d51f-5d69-5326-b74a-a2e31a96a1ef: 822
1fa6c401-d819-50f5-8146-a0bb9e2b2516: 986
22bea84c-5d23-5e49-bc2d-9764f883955b: 1048
25a6b2b0-4d09-561b-82c6-f09bb271d3be: 1063
a30245e3-4a71-565f-9636-92e7d2e825fc: 1122
a4568951-bf87-5bbc-bc4f-28e93c360be6: 975
b3534fa3-7676-50dc-8412-07f0eff4f7a9: 757
fc10ee0b-b863-511b-bce8-4dfa7af8ac3a: 910

# samples per stage
0: 1458
1: 408
2: 3702
3: 1050
4: 1065
[2024-03-02 04:24:23,841][INFO][clas_trainer:82] - metrics before training (epoch 0):
[2024-03-02 04:24:28,407][INFO][clas_evaluator:69] - dataset: earlystopping, avg f1-score: 0.1725
[2024-03-02 04:24:34,970][INFO][clas_trainer:180] - train epoch: 1 [4960/50015 (10%)], lr: ['1.00e-04', '1.00e-04'], loss: 1.119872
[2024-03-02 04:24:40,826][INFO][clas_trainer:180] - train epoch: 1 [9952/50015 (20%)], lr: ['1.00e-04', '1.00e-04'], loss: 1.810726
[2024-03-02 04:24:46,909][INFO][clas_trainer:180] - train epoch: 1 [14944/50015 (30%)], lr: ['1.00e-04', '1.00e-04'], loss: 0.947176
[2024-03-02 04:24:52,692][INFO][clas_trainer:180] - train epoch: 1 [19936/50015 (40%)], lr: ['1.00e-04', '1.00e-04'], loss: 0.270340
[2024-03-02 04:24:58,595][INFO][clas_trainer:180] - train epoch: 1 [24928/50015 (50%)], lr: ['1.00e-04', '1.00e-04'], loss: 0.572010
[2024-03-02 04:25:04,534][INFO][clas_trainer:180] - train epoch: 1 [29920/50015 (60%)], lr: ['1.00e-04', '1.00e-04'], loss: 0.834697
[2024-03-02 04:25:10,533][INFO][clas_trainer:180] - train epoch: 1 [34912/50015 (70%)], lr: ['1.00e-04', '1.00e-04'], loss: 0.619154
[2024-03-02 04:25:16,413][INFO][clas_trainer:180] - train epoch: 1 [39904/50015 (80%)], lr: ['1.00e-04', '1.00e-04'], loss: 0.319655
[2024-03-02 04:25:21,929][INFO][clas_trainer:180] - train epoch: 1 [44896/50015 (90%)], lr: ['1.00e-04', '1.00e-04'], loss: 0.285663
[2024-03-02 04:25:27,484][INFO][clas_trainer:180] - train epoch: 1 [49888/50015 (100%)], lr: ['1.00e-04', '1.00e-04'], loss: 0.488903
[2024-03-02 04:25:32,228][INFO][clas_trainer:96] - [epoch   1] execution time: 63.82s	metrics:
[2024-03-02 04:25:32,229][INFO][clas_evaluator:69] - dataset: earlystopping, avg f1-score: 0.7735
[2024-03-02 04:25:32,254][INFO][base_model:70] - snapshot saved to /home/users/grieger/repos/frequency-pretraining/models/exp001c-m56-base_fe_clas-2024-03-02_02-28-25-final.pth
[2024-03-02 04:25:38,302][INFO][clas_trainer:180] - train epoch: 2 [4960/50015 (10%)], lr: ['1.00e-04', '1.00e-04'], loss: 0.809602
[2024-03-02 04:25:44,043][INFO][clas_trainer:180] - train epoch: 2 [9952/50015 (20%)], lr: ['1.00e-04', '1.00e-04'], loss: 0.315299
[2024-03-02 04:25:49,794][INFO][clas_trainer:180] - train epoch: 2 [14944/50015 (30%)], lr: ['1.00e-04', '1.00e-04'], loss: 0.530111
[2024-03-02 04:25:55,387][INFO][clas_trainer:180] - train epoch: 2 [19936/50015 (40%)], lr: ['1.00e-04', '1.00e-04'], loss: 0.200310
[2024-03-02 04:26:01,268][INFO][clas_trainer:180] - train epoch: 2 [24928/50015 (50%)], lr: ['1.00e-04', '1.00e-04'], loss: 0.400266
[2024-03-02 04:26:07,801][INFO][clas_trainer:180] - train epoch: 2 [29920/50015 (60%)], lr: ['1.00e-04', '1.00e-04'], loss: 0.361091
[2024-03-02 04:26:13,555][INFO][clas_trainer:180] - train epoch: 2 [34912/50015 (70%)], lr: ['1.00e-04', '1.00e-04'], loss: 0.255373
[2024-03-02 04:26:19,351][INFO][clas_trainer:180] - train epoch: 2 [39904/50015 (80%)], lr: ['1.00e-04', '1.00e-04'], loss: 0.350657
[2024-03-02 04:26:25,293][INFO][clas_trainer:180] - train epoch: 2 [44896/50015 (90%)], lr: ['1.00e-04', '1.00e-04'], loss: 0.273183
[2024-03-02 04:26:30,839][INFO][clas_trainer:180] - train epoch: 2 [49888/50015 (100%)], lr: ['1.00e-04', '1.00e-04'], loss: 0.425003
[2024-03-02 04:26:35,446][INFO][clas_trainer:96] - [epoch   2] execution time: 63.19s	metrics:
[2024-03-02 04:26:35,446][INFO][clas_evaluator:69] - dataset: earlystopping, avg f1-score: 0.7796
[2024-03-02 04:26:35,507][INFO][base_model:70] - snapshot saved to /home/users/grieger/repos/frequency-pretraining/models/exp001c-m56-base_fe_clas-2024-03-02_02-28-25-final.pth
[2024-03-02 04:26:41,831][INFO][clas_trainer:180] - train epoch: 3 [4960/50015 (10%)], lr: ['1.00e-04', '1.00e-04'], loss: 0.187211
[2024-03-02 04:26:47,728][INFO][clas_trainer:180] - train epoch: 3 [9952/50015 (20%)], lr: ['1.00e-04', '1.00e-04'], loss: 0.365098
[2024-03-02 04:26:53,700][INFO][clas_trainer:180] - train epoch: 3 [14944/50015 (30%)], lr: ['1.00e-04', '1.00e-04'], loss: 0.284423
[2024-03-02 04:26:59,628][INFO][clas_trainer:180] - train epoch: 3 [19936/50015 (40%)], lr: ['1.00e-04', '1.00e-04'], loss: 0.239432
[2024-03-02 04:27:05,704][INFO][clas_trainer:180] - train epoch: 3 [24928/50015 (50%)], lr: ['1.00e-04', '1.00e-04'], loss: 0.416980
[2024-03-02 04:27:11,701][INFO][clas_trainer:180] - train epoch: 3 [29920/50015 (60%)], lr: ['1.00e-04', '1.00e-04'], loss: 0.519722
[2024-03-02 04:27:17,696][INFO][clas_trainer:180] - train epoch: 3 [34912/50015 (70%)], lr: ['1.00e-04', '1.00e-04'], loss: 0.117745
[2024-03-02 04:27:23,604][INFO][clas_trainer:180] - train epoch: 3 [39904/50015 (80%)], lr: ['1.00e-04', '1.00e-04'], loss: 0.221423
[2024-03-02 04:27:29,470][INFO][clas_trainer:180] - train epoch: 3 [44896/50015 (90%)], lr: ['1.00e-04', '1.00e-04'], loss: 0.088300
[2024-03-02 04:27:35,306][INFO][clas_trainer:180] - train epoch: 3 [49888/50015 (100%)], lr: ['1.00e-04', '1.00e-04'], loss: 0.237726
[2024-03-02 04:27:40,474][INFO][clas_trainer:96] - [epoch   3] execution time: 64.97s	metrics:
[2024-03-02 04:27:40,474][INFO][clas_evaluator:69] - dataset: earlystopping, avg f1-score: 0.7889
[2024-03-02 04:27:40,508][INFO][base_model:70] - snapshot saved to /home/users/grieger/repos/frequency-pretraining/models/exp001c-m56-base_fe_clas-2024-03-02_02-28-25-final.pth
[2024-03-02 04:27:46,830][INFO][clas_trainer:180] - train epoch: 4 [4960/50015 (10%)], lr: ['1.00e-04', '1.00e-04'], loss: 0.330716
[2024-03-02 04:27:52,620][INFO][clas_trainer:180] - train epoch: 4 [9952/50015 (20%)], lr: ['1.00e-04', '1.00e-04'], loss: 0.154680
[2024-03-02 04:27:58,359][INFO][clas_trainer:180] - train epoch: 4 [14944/50015 (30%)], lr: ['1.00e-04', '1.00e-04'], loss: 0.520621
[2024-03-02 04:28:03,872][INFO][clas_trainer:180] - train epoch: 4 [19936/50015 (40%)], lr: ['1.00e-04', '1.00e-04'], loss: 0.384860
[2024-03-02 04:28:09,612][INFO][clas_trainer:180] - train epoch: 4 [24928/50015 (50%)], lr: ['1.00e-04', '1.00e-04'], loss: 0.146023
[2024-03-02 04:28:15,367][INFO][clas_trainer:180] - train epoch: 4 [29920/50015 (60%)], lr: ['1.00e-04', '1.00e-04'], loss: 0.413401
[2024-03-02 04:28:20,808][INFO][clas_trainer:180] - train epoch: 4 [34912/50015 (70%)], lr: ['1.00e-04', '1.00e-04'], loss: 0.625796
[2024-03-02 04:28:26,476][INFO][clas_trainer:180] - train epoch: 4 [39904/50015 (80%)], lr: ['1.00e-04', '1.00e-04'], loss: 0.188829
[2024-03-02 04:28:32,616][INFO][clas_trainer:180] - train epoch: 4 [44896/50015 (90%)], lr: ['1.00e-04', '1.00e-04'], loss: 0.174706
[2024-03-02 04:28:38,236][INFO][clas_trainer:180] - train epoch: 4 [49888/50015 (100%)], lr: ['1.00e-04', '1.00e-04'], loss: 0.225067
[2024-03-02 04:28:42,640][INFO][clas_trainer:96] - [epoch   4] execution time: 62.13s	metrics:
[2024-03-02 04:28:42,640][INFO][clas_evaluator:69] - dataset: earlystopping, avg f1-score: 0.7975
[2024-03-02 04:28:42,676][INFO][base_model:70] - snapshot saved to /home/users/grieger/repos/frequency-pretraining/models/exp001c-m56-base_fe_clas-2024-03-02_02-28-25-final.pth
[2024-03-02 04:28:48,814][INFO][clas_trainer:180] - train epoch: 5 [4960/50015 (10%)], lr: ['1.00e-04', '1.00e-04'], loss: 0.195587
[2024-03-02 04:28:54,318][INFO][clas_trainer:180] - train epoch: 5 [9952/50015 (20%)], lr: ['1.00e-04', '1.00e-04'], loss: 0.170244
[2024-03-02 04:29:00,146][INFO][clas_trainer:180] - train epoch: 5 [14944/50015 (30%)], lr: ['1.00e-04', '1.00e-04'], loss: 0.291171
[2024-03-02 04:29:06,050][INFO][clas_trainer:180] - train epoch: 5 [19936/50015 (40%)], lr: ['1.00e-04', '1.00e-04'], loss: 0.409322
[2024-03-02 04:29:11,556][INFO][clas_trainer:180] - train epoch: 5 [24928/50015 (50%)], lr: ['1.00e-04', '1.00e-04'], loss: 0.106032
[2024-03-02 04:29:17,012][INFO][clas_trainer:180] - train epoch: 5 [29920/50015 (60%)], lr: ['1.00e-04', '1.00e-04'], loss: 0.347564
[2024-03-02 04:29:22,894][INFO][clas_trainer:180] - train epoch: 5 [34912/50015 (70%)], lr: ['1.00e-04', '1.00e-04'], loss: 0.176318
[2024-03-02 04:29:28,764][INFO][clas_trainer:180] - train epoch: 5 [39904/50015 (80%)], lr: ['1.00e-04', '1.00e-04'], loss: 0.101452
[2024-03-02 04:29:34,891][INFO][clas_trainer:180] - train epoch: 5 [44896/50015 (90%)], lr: ['1.00e-04', '1.00e-04'], loss: 0.177358
[2024-03-02 04:29:40,967][INFO][clas_trainer:180] - train epoch: 5 [49888/50015 (100%)], lr: ['1.00e-04', '1.00e-04'], loss: 0.159269
[2024-03-02 04:29:45,725][INFO][clas_trainer:96] - [epoch   5] execution time: 63.05s	metrics:
[2024-03-02 04:29:45,726][INFO][clas_evaluator:69] - dataset: earlystopping, avg f1-score: 0.8014
[2024-03-02 04:29:45,761][INFO][base_model:70] - snapshot saved to /home/users/grieger/repos/frequency-pretraining/models/exp001c-m56-base_fe_clas-2024-03-02_02-28-25-final.pth
[2024-03-02 04:29:51,574][INFO][clas_trainer:180] - train epoch: 6 [4960/50015 (10%)], lr: ['1.00e-04', '1.00e-04'], loss: 0.372731
[2024-03-02 04:29:56,858][INFO][clas_trainer:180] - train epoch: 6 [9952/50015 (20%)], lr: ['1.00e-04', '1.00e-04'], loss: 0.132651
[2024-03-02 04:30:02,552][INFO][clas_trainer:180] - train epoch: 6 [14944/50015 (30%)], lr: ['1.00e-04', '1.00e-04'], loss: 0.082344
[2024-03-02 04:30:08,471][INFO][clas_trainer:180] - train epoch: 6 [19936/50015 (40%)], lr: ['1.00e-04', '1.00e-04'], loss: 0.090364
[2024-03-02 04:30:14,616][INFO][clas_trainer:180] - train epoch: 6 [24928/50015 (50%)], lr: ['1.00e-04', '1.00e-04'], loss: 0.224248
[2024-03-02 04:30:20,593][INFO][clas_trainer:180] - train epoch: 6 [29920/50015 (60%)], lr: ['1.00e-04', '1.00e-04'], loss: 0.118083
[2024-03-02 04:30:26,591][INFO][clas_trainer:180] - train epoch: 6 [34912/50015 (70%)], lr: ['1.00e-04', '1.00e-04'], loss: 0.391135
[2024-03-02 04:30:32,208][INFO][clas_trainer:180] - train epoch: 6 [39904/50015 (80%)], lr: ['1.00e-04', '1.00e-04'], loss: 0.147251
[2024-03-02 04:30:38,064][INFO][clas_trainer:180] - train epoch: 6 [44896/50015 (90%)], lr: ['1.00e-04', '1.00e-04'], loss: 0.592805
[2024-03-02 04:30:44,168][INFO][clas_trainer:180] - train epoch: 6 [49888/50015 (100%)], lr: ['1.00e-04', '1.00e-04'], loss: 0.101710
[2024-03-02 04:30:49,308][INFO][clas_trainer:96] - [epoch   6] execution time: 63.55s	metrics:
[2024-03-02 04:30:49,308][INFO][clas_evaluator:69] - dataset: earlystopping, avg f1-score: 0.8006
[2024-03-02 04:30:55,892][INFO][clas_trainer:180] - train epoch: 7 [4960/50015 (10%)], lr: ['1.00e-04', '1.00e-04'], loss: 0.251646
[2024-03-02 04:31:01,581][INFO][clas_trainer:180] - train epoch: 7 [9952/50015 (20%)], lr: ['1.00e-04', '1.00e-04'], loss: 0.207991
[2024-03-02 04:31:06,772][INFO][clas_trainer:180] - train epoch: 7 [14944/50015 (30%)], lr: ['1.00e-04', '1.00e-04'], loss: 0.206699
[2024-03-02 04:31:12,518][INFO][clas_trainer:180] - train epoch: 7 [19936/50015 (40%)], lr: ['1.00e-04', '1.00e-04'], loss: 0.328774
[2024-03-02 04:31:18,360][INFO][clas_trainer:180] - train epoch: 7 [24928/50015 (50%)], lr: ['1.00e-04', '1.00e-04'], loss: 0.120527
[2024-03-02 04:31:23,917][INFO][clas_trainer:180] - train epoch: 7 [29920/50015 (60%)], lr: ['1.00e-04', '1.00e-04'], loss: 0.122296
[2024-03-02 04:31:29,412][INFO][clas_trainer:180] - train epoch: 7 [34912/50015 (70%)], lr: ['1.00e-04', '1.00e-04'], loss: 0.179115
[2024-03-02 04:31:35,173][INFO][clas_trainer:180] - train epoch: 7 [39904/50015 (80%)], lr: ['1.00e-04', '1.00e-04'], loss: 0.217670
[2024-03-02 04:31:40,894][INFO][clas_trainer:180] - train epoch: 7 [44896/50015 (90%)], lr: ['1.00e-04', '1.00e-04'], loss: 0.077921
[2024-03-02 04:31:46,705][INFO][clas_trainer:180] - train epoch: 7 [49888/50015 (100%)], lr: ['1.00e-04', '1.00e-04'], loss: 0.066312
[2024-03-02 04:31:51,567][INFO][clas_trainer:96] - [epoch   7] execution time: 62.26s	metrics:
[2024-03-02 04:31:51,567][INFO][clas_evaluator:69] - dataset: earlystopping, avg f1-score: 0.7973
[2024-03-02 04:31:58,050][INFO][clas_trainer:180] - train epoch: 8 [4960/50015 (10%)], lr: ['1.00e-04', '1.00e-04'], loss: 0.162396
[2024-03-02 04:32:04,027][INFO][clas_trainer:180] - train epoch: 8 [9952/50015 (20%)], lr: ['1.00e-04', '1.00e-04'], loss: 0.245205
[2024-03-02 04:32:09,816][INFO][clas_trainer:180] - train epoch: 8 [14944/50015 (30%)], lr: ['1.00e-04', '1.00e-04'], loss: 0.114666
[2024-03-02 04:32:15,344][INFO][clas_trainer:180] - train epoch: 8 [19936/50015 (40%)], lr: ['1.00e-04', '1.00e-04'], loss: 0.280355
[2024-03-02 04:32:20,870][INFO][clas_trainer:180] - train epoch: 8 [24928/50015 (50%)], lr: ['1.00e-04', '1.00e-04'], loss: 0.095658
[2024-03-02 04:32:26,884][INFO][clas_trainer:180] - train epoch: 8 [29920/50015 (60%)], lr: ['1.00e-04', '1.00e-04'], loss: 0.240250
[2024-03-02 04:32:32,948][INFO][clas_trainer:180] - train epoch: 8 [34912/50015 (70%)], lr: ['1.00e-04', '1.00e-04'], loss: 0.453092
[2024-03-02 04:32:39,061][INFO][clas_trainer:180] - train epoch: 8 [39904/50015 (80%)], lr: ['1.00e-04', '1.00e-04'], loss: 0.150562
[2024-03-02 04:32:44,831][INFO][clas_trainer:180] - train epoch: 8 [44896/50015 (90%)], lr: ['1.00e-04', '1.00e-04'], loss: 0.143161
[2024-03-02 04:32:50,603][INFO][clas_trainer:180] - train epoch: 8 [49888/50015 (100%)], lr: ['1.00e-04', '1.00e-04'], loss: 0.052554
[2024-03-02 04:32:55,312][INFO][clas_trainer:96] - [epoch   8] execution time: 63.74s	metrics:
[2024-03-02 04:32:55,313][INFO][clas_evaluator:69] - dataset: earlystopping, avg f1-score: 0.8025
[2024-03-02 04:32:55,337][INFO][base_model:70] - snapshot saved to /home/users/grieger/repos/frequency-pretraining/models/exp001c-m56-base_fe_clas-2024-03-02_02-28-25-final.pth
[2024-03-02 04:33:01,639][INFO][clas_trainer:180] - train epoch: 9 [4960/50015 (10%)], lr: ['1.00e-04', '1.00e-04'], loss: 0.113672
[2024-03-02 04:33:07,280][INFO][clas_trainer:180] - train epoch: 9 [9952/50015 (20%)], lr: ['1.00e-04', '1.00e-04'], loss: 0.208275
[2024-03-02 04:33:12,920][INFO][clas_trainer:180] - train epoch: 9 [14944/50015 (30%)], lr: ['1.00e-04', '1.00e-04'], loss: 0.234515
[2024-03-02 04:33:18,665][INFO][clas_trainer:180] - train epoch: 9 [19936/50015 (40%)], lr: ['1.00e-04', '1.00e-04'], loss: 0.182513
[2024-03-02 04:33:24,166][INFO][clas_trainer:180] - train epoch: 9 [24928/50015 (50%)], lr: ['1.00e-04', '1.00e-04'], loss: 0.060539
[2024-03-02 04:33:29,449][INFO][clas_trainer:180] - train epoch: 9 [29920/50015 (60%)], lr: ['1.00e-04', '1.00e-04'], loss: 0.115401
[2024-03-02 04:33:34,680][INFO][clas_trainer:180] - train epoch: 9 [34912/50015 (70%)], lr: ['1.00e-04', '1.00e-04'], loss: 0.443403
[2024-03-02 04:33:40,644][INFO][clas_trainer:180] - train epoch: 9 [39904/50015 (80%)], lr: ['1.00e-04', '1.00e-04'], loss: 0.071448
[2024-03-02 04:33:47,235][INFO][clas_trainer:180] - train epoch: 9 [44896/50015 (90%)], lr: ['1.00e-04', '1.00e-04'], loss: 0.132032
[2024-03-02 04:33:52,665][INFO][clas_trainer:180] - train epoch: 9 [49888/50015 (100%)], lr: ['1.00e-04', '1.00e-04'], loss: 0.169836
[2024-03-02 04:33:57,298][INFO][clas_trainer:96] - [epoch   9] execution time: 61.96s	metrics:
[2024-03-02 04:33:57,298][INFO][clas_evaluator:69] - dataset: earlystopping, avg f1-score: 0.7997
[2024-03-02 04:34:03,632][INFO][clas_trainer:180] - train epoch: 10 [4960/50015 (10%)], lr: ['1.00e-04', '1.00e-04'], loss: 0.053021
[2024-03-02 04:34:09,237][INFO][clas_trainer:180] - train epoch: 10 [9952/50015 (20%)], lr: ['1.00e-04', '1.00e-04'], loss: 0.164431
[2024-03-02 04:34:15,290][INFO][clas_trainer:180] - train epoch: 10 [14944/50015 (30%)], lr: ['1.00e-04', '1.00e-04'], loss: 0.168394
[2024-03-02 04:34:21,032][INFO][clas_trainer:180] - train epoch: 10 [19936/50015 (40%)], lr: ['1.00e-04', '1.00e-04'], loss: 0.140517
[2024-03-02 04:34:26,707][INFO][clas_trainer:180] - train epoch: 10 [24928/50015 (50%)], lr: ['1.00e-04', '1.00e-04'], loss: 0.169035
[2024-03-02 04:34:32,498][INFO][clas_trainer:180] - train epoch: 10 [29920/50015 (60%)], lr: ['1.00e-04', '1.00e-04'], loss: 0.371528
[2024-03-02 04:34:38,349][INFO][clas_trainer:180] - train epoch: 10 [34912/50015 (70%)], lr: ['1.00e-04', '1.00e-04'], loss: 0.109232
[2024-03-02 04:34:44,624][INFO][clas_trainer:180] - train epoch: 10 [39904/50015 (80%)], lr: ['1.00e-04', '1.00e-04'], loss: 0.180745
[2024-03-02 04:34:50,642][INFO][clas_trainer:180] - train epoch: 10 [44896/50015 (90%)], lr: ['1.00e-04', '1.00e-04'], loss: 0.102605
[2024-03-02 04:34:56,502][INFO][clas_trainer:180] - train epoch: 10 [49888/50015 (100%)], lr: ['1.00e-04', '1.00e-04'], loss: 0.055156
[2024-03-02 04:35:01,678][INFO][clas_trainer:96] - [epoch  10] execution time: 64.38s	metrics:
[2024-03-02 04:35:01,678][INFO][clas_evaluator:69] - dataset: earlystopping, avg f1-score: 0.7896
[2024-03-02 04:35:08,266][INFO][clas_trainer:180] - train epoch: 11 [4960/50015 (10%)], lr: ['1.00e-04', '1.00e-04'], loss: 0.317574
[2024-03-02 04:35:14,390][INFO][clas_trainer:180] - train epoch: 11 [9952/50015 (20%)], lr: ['1.00e-04', '1.00e-04'], loss: 0.168621
[2024-03-02 04:35:20,447][INFO][clas_trainer:180] - train epoch: 11 [14944/50015 (30%)], lr: ['1.00e-04', '1.00e-04'], loss: 0.038395
[2024-03-02 04:35:26,314][INFO][clas_trainer:180] - train epoch: 11 [19936/50015 (40%)], lr: ['1.00e-04', '1.00e-04'], loss: 0.067174
[2024-03-02 04:35:32,036][INFO][clas_trainer:180] - train epoch: 11 [24928/50015 (50%)], lr: ['1.00e-04', '1.00e-04'], loss: 0.045954
[2024-03-02 04:35:37,336][INFO][clas_trainer:180] - train epoch: 11 [29920/50015 (60%)], lr: ['1.00e-04', '1.00e-04'], loss: 0.115261
[2024-03-02 04:35:42,582][INFO][clas_trainer:180] - train epoch: 11 [34912/50015 (70%)], lr: ['1.00e-04', '1.00e-04'], loss: 0.184618
[2024-03-02 04:35:48,216][INFO][clas_trainer:180] - train epoch: 11 [39904/50015 (80%)], lr: ['1.00e-04', '1.00e-04'], loss: 0.158920
[2024-03-02 04:35:54,139][INFO][clas_trainer:180] - train epoch: 11 [44896/50015 (90%)], lr: ['1.00e-04', '1.00e-04'], loss: 0.094179
[2024-03-02 04:35:59,979][INFO][clas_trainer:180] - train epoch: 11 [49888/50015 (100%)], lr: ['1.00e-04', '1.00e-04'], loss: 0.048288
[2024-03-02 04:36:04,777][INFO][clas_trainer:96] - [epoch  11] execution time: 63.10s	metrics:
[2024-03-02 04:36:04,777][INFO][clas_evaluator:69] - dataset: earlystopping, avg f1-score: 0.7859
[2024-03-02 04:36:11,629][INFO][clas_trainer:180] - train epoch: 12 [4960/50015 (10%)], lr: ['1.00e-04', '1.00e-04'], loss: 0.020601
[2024-03-02 04:36:18,340][INFO][clas_trainer:180] - train epoch: 12 [9952/50015 (20%)], lr: ['1.00e-04', '1.00e-04'], loss: 0.356879
[2024-03-02 04:36:24,827][INFO][clas_trainer:180] - train epoch: 12 [14944/50015 (30%)], lr: ['1.00e-04', '1.00e-04'], loss: 0.207005
[2024-03-02 04:36:30,514][INFO][clas_trainer:180] - train epoch: 12 [19936/50015 (40%)], lr: ['1.00e-04', '1.00e-04'], loss: 0.209880
[2024-03-02 04:36:36,564][INFO][clas_trainer:180] - train epoch: 12 [24928/50015 (50%)], lr: ['1.00e-04', '1.00e-04'], loss: 0.205104
[2024-03-02 04:36:42,094][INFO][clas_trainer:180] - train epoch: 12 [29920/50015 (60%)], lr: ['1.00e-04', '1.00e-04'], loss: 0.230389
[2024-03-02 04:36:47,622][INFO][clas_trainer:180] - train epoch: 12 [34912/50015 (70%)], lr: ['1.00e-04', '1.00e-04'], loss: 0.124451
[2024-03-02 04:36:53,326][INFO][clas_trainer:180] - train epoch: 12 [39904/50015 (80%)], lr: ['1.00e-04', '1.00e-04'], loss: 0.101938
[2024-03-02 04:36:59,186][INFO][clas_trainer:180] - train epoch: 12 [44896/50015 (90%)], lr: ['1.00e-04', '1.00e-04'], loss: 0.139594
[2024-03-02 04:37:05,053][INFO][clas_trainer:180] - train epoch: 12 [49888/50015 (100%)], lr: ['1.00e-04', '1.00e-04'], loss: 0.194271
[2024-03-02 04:37:09,947][INFO][clas_trainer:96] - [epoch  12] execution time: 65.17s	metrics:
[2024-03-02 04:37:09,948][INFO][clas_evaluator:69] - dataset: earlystopping, avg f1-score: 0.7853
[2024-03-02 04:37:16,561][INFO][clas_trainer:180] - train epoch: 13 [4960/50015 (10%)], lr: ['1.00e-04', '1.00e-04'], loss: 0.008478
[2024-03-02 04:37:22,520][INFO][clas_trainer:180] - train epoch: 13 [9952/50015 (20%)], lr: ['1.00e-04', '1.00e-04'], loss: 0.023175
[2024-03-02 04:37:28,560][INFO][clas_trainer:180] - train epoch: 13 [14944/50015 (30%)], lr: ['1.00e-04', '1.00e-04'], loss: 0.130873
[2024-03-02 04:37:34,389][INFO][clas_trainer:180] - train epoch: 13 [19936/50015 (40%)], lr: ['1.00e-04', '1.00e-04'], loss: 0.111204
[2024-03-02 04:37:40,429][INFO][clas_trainer:180] - train epoch: 13 [24928/50015 (50%)], lr: ['1.00e-04', '1.00e-04'], loss: 0.147906
[2024-03-02 04:37:46,396][INFO][clas_trainer:180] - train epoch: 13 [29920/50015 (60%)], lr: ['1.00e-04', '1.00e-04'], loss: 0.133492
[2024-03-02 04:37:52,009][INFO][clas_trainer:180] - train epoch: 13 [34912/50015 (70%)], lr: ['1.00e-04', '1.00e-04'], loss: 0.076074
[2024-03-02 04:37:57,411][INFO][clas_trainer:180] - train epoch: 13 [39904/50015 (80%)], lr: ['1.00e-04', '1.00e-04'], loss: 0.133569
[2024-03-02 04:38:03,286][INFO][clas_trainer:180] - train epoch: 13 [44896/50015 (90%)], lr: ['1.00e-04', '1.00e-04'], loss: 0.120690
[2024-03-02 04:38:09,247][INFO][clas_trainer:180] - train epoch: 13 [49888/50015 (100%)], lr: ['1.00e-04', '1.00e-04'], loss: 0.070351
[2024-03-02 04:38:14,325][INFO][clas_trainer:96] - [epoch  13] execution time: 64.38s	metrics:
[2024-03-02 04:38:14,326][INFO][clas_evaluator:69] - dataset: earlystopping, avg f1-score: 0.7901
[2024-03-02 04:38:20,817][INFO][clas_trainer:180] - train epoch: 14 [4960/50015 (10%)], lr: ['1.00e-04', '1.00e-04'], loss: 0.133925
[2024-03-02 04:38:26,867][INFO][clas_trainer:180] - train epoch: 14 [9952/50015 (20%)], lr: ['1.00e-04', '1.00e-04'], loss: 0.079886
[2024-03-02 04:38:32,951][INFO][clas_trainer:180] - train epoch: 14 [14944/50015 (30%)], lr: ['1.00e-04', '1.00e-04'], loss: 0.068184
[2024-03-02 04:38:39,187][INFO][clas_trainer:180] - train epoch: 14 [19936/50015 (40%)], lr: ['1.00e-04', '1.00e-04'], loss: 0.062133
[2024-03-02 04:38:45,257][INFO][clas_trainer:180] - train epoch: 14 [24928/50015 (50%)], lr: ['1.00e-04', '1.00e-04'], loss: 0.176487
[2024-03-02 04:38:51,063][INFO][clas_trainer:180] - train epoch: 14 [29920/50015 (60%)], lr: ['1.00e-04', '1.00e-04'], loss: 0.011152
[2024-03-02 04:38:56,893][INFO][clas_trainer:180] - train epoch: 14 [34912/50015 (70%)], lr: ['1.00e-04', '1.00e-04'], loss: 0.040182
[2024-03-02 04:39:02,355][INFO][clas_trainer:180] - train epoch: 14 [39904/50015 (80%)], lr: ['1.00e-04', '1.00e-04'], loss: 0.108695
[2024-03-02 04:39:07,810][INFO][clas_trainer:180] - train epoch: 14 [44896/50015 (90%)], lr: ['1.00e-04', '1.00e-04'], loss: 0.117350
[2024-03-02 04:39:13,546][INFO][clas_trainer:180] - train epoch: 14 [49888/50015 (100%)], lr: ['1.00e-04', '1.00e-04'], loss: 0.126755
[2024-03-02 04:39:17,998][INFO][clas_trainer:96] - [epoch  14] execution time: 63.67s	metrics:
[2024-03-02 04:39:17,998][INFO][clas_evaluator:69] - dataset: earlystopping, avg f1-score: 0.7933
[2024-03-02 04:39:24,517][INFO][clas_trainer:180] - train epoch: 15 [4960/50015 (10%)], lr: ['1.00e-04', '1.00e-04'], loss: 0.176895
[2024-03-02 04:39:30,202][INFO][clas_trainer:180] - train epoch: 15 [9952/50015 (20%)], lr: ['1.00e-04', '1.00e-04'], loss: 0.008912
[2024-03-02 04:39:36,591][INFO][clas_trainer:180] - train epoch: 15 [14944/50015 (30%)], lr: ['1.00e-04', '1.00e-04'], loss: 0.378530
[2024-03-02 04:39:42,550][INFO][clas_trainer:180] - train epoch: 15 [19936/50015 (40%)], lr: ['1.00e-04', '1.00e-04'], loss: 0.093755
[2024-03-02 04:39:48,440][INFO][clas_trainer:180] - train epoch: 15 [24928/50015 (50%)], lr: ['1.00e-04', '1.00e-04'], loss: 0.449878
[2024-03-02 04:39:54,357][INFO][clas_trainer:180] - train epoch: 15 [29920/50015 (60%)], lr: ['1.00e-04', '1.00e-04'], loss: 0.048341
[2024-03-02 04:40:00,230][INFO][clas_trainer:180] - train epoch: 15 [34912/50015 (70%)], lr: ['1.00e-04', '1.00e-04'], loss: 0.025288
[2024-03-02 04:40:06,035][INFO][clas_trainer:180] - train epoch: 15 [39904/50015 (80%)], lr: ['1.00e-04', '1.00e-04'], loss: 0.012411
[2024-03-02 04:40:11,569][INFO][clas_trainer:180] - train epoch: 15 [44896/50015 (90%)], lr: ['1.00e-04', '1.00e-04'], loss: 0.047836
[2024-03-02 04:40:17,230][INFO][clas_trainer:180] - train epoch: 15 [49888/50015 (100%)], lr: ['1.00e-04', '1.00e-04'], loss: 0.066156
[2024-03-02 04:40:22,436][INFO][clas_trainer:96] - [epoch  15] execution time: 64.44s	metrics:
[2024-03-02 04:40:22,436][INFO][clas_evaluator:69] - dataset: earlystopping, avg f1-score: 0.7908
[2024-03-02 04:40:28,799][INFO][clas_trainer:180] - train epoch: 16 [4960/50015 (10%)], lr: ['1.00e-04', '1.00e-04'], loss: 0.079606
[2024-03-02 04:40:34,580][INFO][clas_trainer:180] - train epoch: 16 [9952/50015 (20%)], lr: ['1.00e-04', '1.00e-04'], loss: 0.176904
[2024-03-02 04:40:40,303][INFO][clas_trainer:180] - train epoch: 16 [14944/50015 (30%)], lr: ['1.00e-04', '1.00e-04'], loss: 0.078766
[2024-03-02 04:40:46,321][INFO][clas_trainer:180] - train epoch: 16 [19936/50015 (40%)], lr: ['1.00e-04', '1.00e-04'], loss: 0.007940
[2024-03-02 04:40:52,202][INFO][clas_trainer:180] - train epoch: 16 [24928/50015 (50%)], lr: ['1.00e-04', '1.00e-04'], loss: 0.072262
[2024-03-02 04:40:58,190][INFO][clas_trainer:180] - train epoch: 16 [29920/50015 (60%)], lr: ['1.00e-04', '1.00e-04'], loss: 0.054071
[2024-03-02 04:41:03,966][INFO][clas_trainer:180] - train epoch: 16 [34912/50015 (70%)], lr: ['1.00e-04', '1.00e-04'], loss: 0.083694
[2024-03-02 04:41:09,923][INFO][clas_trainer:180] - train epoch: 16 [39904/50015 (80%)], lr: ['1.00e-04', '1.00e-04'], loss: 0.323777
[2024-03-02 04:41:15,560][INFO][clas_trainer:180] - train epoch: 16 [44896/50015 (90%)], lr: ['1.00e-04', '1.00e-04'], loss: 0.068035
[2024-03-02 04:41:21,290][INFO][clas_trainer:180] - train epoch: 16 [49888/50015 (100%)], lr: ['1.00e-04', '1.00e-04'], loss: 0.102361
[2024-03-02 04:41:26,356][INFO][clas_trainer:96] - [epoch  16] execution time: 63.92s	metrics:
[2024-03-02 04:41:26,357][INFO][clas_evaluator:69] - dataset: earlystopping, avg f1-score: 0.7859
[2024-03-02 04:41:32,729][INFO][clas_trainer:180] - train epoch: 17 [4960/50015 (10%)], lr: ['1.00e-04', '1.00e-04'], loss: 0.062420
[2024-03-02 04:41:38,125][INFO][clas_trainer:180] - train epoch: 17 [9952/50015 (20%)], lr: ['1.00e-04', '1.00e-04'], loss: 0.034789
[2024-03-02 04:41:43,668][INFO][clas_trainer:180] - train epoch: 17 [14944/50015 (30%)], lr: ['1.00e-04', '1.00e-04'], loss: 0.159984
[2024-03-02 04:41:48,736][INFO][clas_trainer:180] - train epoch: 17 [19936/50015 (40%)], lr: ['1.00e-04', '1.00e-04'], loss: 0.035392
[2024-03-02 04:41:54,278][INFO][clas_trainer:180] - train epoch: 17 [24928/50015 (50%)], lr: ['1.00e-04', '1.00e-04'], loss: 0.163774
[2024-03-02 04:42:00,239][INFO][clas_trainer:180] - train epoch: 17 [29920/50015 (60%)], lr: ['1.00e-04', '1.00e-04'], loss: 0.080811
[2024-03-02 04:42:05,958][INFO][clas_trainer:180] - train epoch: 17 [34912/50015 (70%)], lr: ['1.00e-04', '1.00e-04'], loss: 0.054837
[2024-03-02 04:42:11,850][INFO][clas_trainer:180] - train epoch: 17 [39904/50015 (80%)], lr: ['1.00e-04', '1.00e-04'], loss: 0.102139
[2024-03-02 04:42:17,524][INFO][clas_trainer:180] - train epoch: 17 [44896/50015 (90%)], lr: ['1.00e-04', '1.00e-04'], loss: 0.137993
[2024-03-02 04:42:23,055][INFO][clas_trainer:180] - train epoch: 17 [49888/50015 (100%)], lr: ['1.00e-04', '1.00e-04'], loss: 0.071034
[2024-03-02 04:42:27,725][INFO][clas_trainer:96] - [epoch  17] execution time: 61.37s	metrics:
[2024-03-02 04:42:27,726][INFO][clas_evaluator:69] - dataset: earlystopping, avg f1-score: 0.7901
[2024-03-02 04:42:34,281][INFO][clas_trainer:180] - train epoch: 18 [4960/50015 (10%)], lr: ['1.00e-04', '1.00e-04'], loss: 0.144956
[2024-03-02 04:42:40,019][INFO][clas_trainer:180] - train epoch: 18 [9952/50015 (20%)], lr: ['1.00e-04', '1.00e-04'], loss: 0.086687
[2024-03-02 04:42:45,991][INFO][clas_trainer:180] - train epoch: 18 [14944/50015 (30%)], lr: ['1.00e-04', '1.00e-04'], loss: 0.058798
[2024-03-02 04:42:51,903][INFO][clas_trainer:180] - train epoch: 18 [19936/50015 (40%)], lr: ['1.00e-04', '1.00e-04'], loss: 0.056236
[2024-03-02 04:42:57,649][INFO][clas_trainer:180] - train epoch: 18 [24928/50015 (50%)], lr: ['1.00e-04', '1.00e-04'], loss: 0.086411
[2024-03-02 04:43:03,547][INFO][clas_trainer:180] - train epoch: 18 [29920/50015 (60%)], lr: ['1.00e-04', '1.00e-04'], loss: 0.052536
[2024-03-02 04:43:09,339][INFO][clas_trainer:180] - train epoch: 18 [34912/50015 (70%)], lr: ['1.00e-04', '1.00e-04'], loss: 0.013603
[2024-03-02 04:43:15,156][INFO][clas_trainer:180] - train epoch: 18 [39904/50015 (80%)], lr: ['1.00e-04', '1.00e-04'], loss: 0.085007
[2024-03-02 04:43:21,107][INFO][clas_trainer:180] - train epoch: 18 [44896/50015 (90%)], lr: ['1.00e-04', '1.00e-04'], loss: 0.138935
[2024-03-02 04:43:27,097][INFO][clas_trainer:180] - train epoch: 18 [49888/50015 (100%)], lr: ['1.00e-04', '1.00e-04'], loss: 0.019973
[2024-03-02 04:43:32,008][INFO][clas_trainer:96] - [epoch  18] execution time: 64.28s	metrics:
[2024-03-02 04:43:32,008][INFO][clas_evaluator:69] - dataset: earlystopping, avg f1-score: 0.7929
[2024-03-02 04:43:32,015][INFO][clas_trainer:115] - finished training
[2024-03-02 04:43:32,015][INFO][clas_trainer:116] - best model on epoch: 8 	f1-score: 0.8025
