[2024-03-02 07:11:33,302][INFO][fine-tune:33] - Using GPU 0
[2024-03-02 07:11:33,305][INFO][fine-tune:43] - overrides:
hydra:
- hydra.launcher.n_jobs=10
- hydra.mode=MULTIRUN
task:
- m_seed_path_sids={seeds:[8,8,8,8,8],path:"exp001b-m8-simple_multi_class-2024-03-01_15-35-58-final.pth",subject_ids:{dod_o_h:$\{data.dod_o_h.cv_5_fold.fold_4\}}}
- data.downstream.train_dataloader.dataset.data_reducer.n_subjects=25
- general.gpus=[0]

[2024-03-02 07:11:40,154][INFO][data_loaders:71] - class distribution before data reduction:
# samples per subject
095d6e40-5f19-55b6-a0ec-6e0ad3793da0: 1192
0d79f4b1-e74f-5e87-8e42-f9dd7112ada5: 968
100df108-eb57-5eaa-a413-f7e4436a7895: 952
130f3f52-7d0a-551e-af61-2ee75455e5c9: 989
16450f5a-9b65-5536-85e1-93816c8b89eb: 816
18482adf-1144-54ca-9e35-27f65c43a105: 824
1da3544e-dc5c-5795-adc3-f5068959211f: 955
2159377e-ebf3-5565-9014-1e2ae69dc1d2: 907
2d01dc34-f36c-562e-b24a-d20dc798fdfc: 837
2e865ca9-e20f-5a6f-bd25-45d28cc9eab9: 950
30e8a05b-4cf1-5aa8-9ef7-28d6e2949ad5: 699
32556393-bb57-560a-99e8-e09885219647: 1106
37d0da97-9ae8-5413-b889-4e843ff35488: 1011
3dd35e7b-d7e2-516d-8a85-e0d58a59569f: 1093
3e842aa8-bcd9-521e-93a2-72124233fe2c: 620
40e25dd4-6087-5747-b9c2-4838ada86b15: 1076
47f45aa2-31c4-595b-bdb6-f1348bba062b: 1032
4b72b905-5521-5c57-b666-e20ff9bb195f: 868
4e3c4ac4-69e2-5347-a3b0-662c204d259d: 926
52fbe46b-206c-584a-9f4f-1eb308e07bac: 1064
5bf0f969-304c-581e-949c-50c108f62846: 947
5ddbc68c-1283-5c27-952b-d7f102291bc2: 1097
64959ac4-53b5-5868-a845-c7476e9fdf7b: 990
67fa8e29-6f4d-530e-9422-bbc3aca86ed0: 1046
6e2aa933-c51c-5a31-8c7b-83da8d076a12: 905
730aba3b-e310-5be0-9eed-7c3123466834: 1120
79e8a04e-0fdd-53ae-bedc-d49d08e29103: 918
7ab8ff5f-a77f-567d-9882-f8bee0c3c9bf: 989
7d778801-88e7-5086-ad1d-70f31a371876: 999
7f5237b1-2196-5c8a-9543-a5aa70210ef4: 931
844f68ba-265e-53e6-bf47-6c85d1804a7b: 957
90aef91a-252f-5ccc-a82e-78ea7ee9ca1f: 1089
a0c91989-530f-5117-80c1-2488dbed683c: 1017
a35a118e-e65e-5928-92a9-4354a6a0f4ce: 813
a65a9e69-cddf-5711-9a97-de8bfdeb08cc: 961
a79d1f0e-c133-5aa0-8268-cdcc05825f0f: 1046
aa160c78-6da3-5e05-8fc9-d6c13e9f97e0: 1010
ad47bc12-199c-5294-9cb8-4351bbbf7b5e: 893
b2d3ccdd-395c-5dd2-81d9-252bcfc0c337: 902
b3706da5-748b-5dd1-a552-f57e4456cdf6: 1041
b5d5785d-87ee-5078-b9b9-aac6abd4d8de: 918
bb474ab0-c2ce-573b-8acd-ef86b0fa26a2: 1142
c03e27b0-4cb5-584f-aaea-8f1e1ed6513c: 1121
c11c730f-0b6b-580b-af31-d8f0ebbbdfce: 917
c31a47f9-e400-5841-a22b-521c81042603: 986
c8110476-594c-533d-95bd-86147fccc987: 995
c985916d-46a5-5c3e-9d50-a5a91f460bac: 1024
cc3b4b63-4a6f-5f28-ac7e-62f83c271449: 1076
cebd3520-4e77-5222-a614-d2888e6afc2b: 1109
d3cadb78-cb8c-5a6e-885c-392e457c68b1: 982
d5181c33-a43b-5dfe-8ad7-0337facb092a: 977
e59c45e0-0c0c-565f-84a9-6cf0ec5ef6c1: 844
e6b7cbef-4c9d-5541-82e8-04810de0fb60: 819
e72505f1-21be-5d66-b620-cfcfa2d754bc: 973
f2a69bdc-ed51-5e3f-b102-6b3f7d392be0: 960
f66bc75e-778b-5037-af86-b5275cd4c79f: 865

# samples per stage
0: 9652
1: 2825
2: 26762
3: 6342
4: 8683
[2024-03-02 07:11:40,400][INFO][data_loaders:77] - class distribution after data reduction:
# samples per subject
095d6e40-5f19-55b6-a0ec-6e0ad3793da0: 2384
0d79f4b1-e74f-5e87-8e42-f9dd7112ada5: 1936
32556393-bb57-560a-99e8-e09885219647: 2212
37d0da97-9ae8-5413-b889-4e843ff35488: 2022
47f45aa2-31c4-595b-bdb6-f1348bba062b: 2064
4b72b905-5521-5c57-b666-e20ff9bb195f: 1736
64959ac4-53b5-5868-a845-c7476e9fdf7b: 1980
67fa8e29-6f4d-530e-9422-bbc3aca86ed0: 2092
6e2aa933-c51c-5a31-8c7b-83da8d076a12: 1810
730aba3b-e310-5be0-9eed-7c3123466834: 2240
7d778801-88e7-5086-ad1d-70f31a371876: 1998
844f68ba-265e-53e6-bf47-6c85d1804a7b: 1914
90aef91a-252f-5ccc-a82e-78ea7ee9ca1f: 2178
a0c91989-530f-5117-80c1-2488dbed683c: 2034
a35a118e-e65e-5928-92a9-4354a6a0f4ce: 1626
aa160c78-6da3-5e05-8fc9-d6c13e9f97e0: 2020
ad47bc12-199c-5294-9cb8-4351bbbf7b5e: 1786
c03e27b0-4cb5-584f-aaea-8f1e1ed6513c: 2242
c985916d-46a5-5c3e-9d50-a5a91f460bac: 2048
cc3b4b63-4a6f-5f28-ac7e-62f83c271449: 2152
cebd3520-4e77-5222-a614-d2888e6afc2b: 2218
e59c45e0-0c0c-565f-84a9-6cf0ec5ef6c1: 1688
e72505f1-21be-5d66-b620-cfcfa2d754bc: 1946
f2a69bdc-ed51-5e3f-b102-6b3f7d392be0: 1920
f66bc75e-778b-5037-af86-b5275cd4c79f: 1730

# samples per stage
0: 9186
1: 2682
2: 24288
3: 6262
4: 7558
[2024-03-02 07:11:41,641][INFO][data_loaders:71] - class distribution before data reduction:
# samples per subject
0416d51f-5d69-5326-b74a-a2e31a96a1ef: 822
119f9726-eb4c-5a0e-a7bb-9e15256149a1: 932
1fa6c401-d819-50f5-8146-a0bb9e2b2516: 986
22bea84c-5d23-5e49-bc2d-9764f883955b: 1048
6a7503ac-ab3a-5d5b-b474-4b0fe37748dd: 1213
a30245e3-4a71-565f-9636-92e7d2e825fc: 1122
a4568951-bf87-5bbc-bc4f-28e93c360be6: 975
fc10ee0b-b863-511b-bce8-4dfa7af8ac3a: 910

# samples per stage
0: 1486
1: 461
2: 3828
3: 1026
4: 1207
[2024-03-02 07:11:41,660][INFO][data_loaders:77] - class distribution after data reduction:
# samples per subject
0416d51f-5d69-5326-b74a-a2e31a96a1ef: 822
119f9726-eb4c-5a0e-a7bb-9e15256149a1: 932
1fa6c401-d819-50f5-8146-a0bb9e2b2516: 986
22bea84c-5d23-5e49-bc2d-9764f883955b: 1048
6a7503ac-ab3a-5d5b-b474-4b0fe37748dd: 1213
a30245e3-4a71-565f-9636-92e7d2e825fc: 1122
a4568951-bf87-5bbc-bc4f-28e93c360be6: 975
fc10ee0b-b863-511b-bce8-4dfa7af8ac3a: 910

# samples per stage
0: 1486
1: 461
2: 3828
3: 1026
4: 1207
[2024-03-02 07:11:41,708][INFO][clas_trainer:82] - metrics before training (epoch 0):
[2024-03-02 07:11:45,454][INFO][clas_evaluator:69] - dataset: earlystopping, avg f1-score: 0.1294
[2024-03-02 07:11:49,725][INFO][clas_trainer:180] - train epoch: 1 [4960/49976 (10%)], lr: ['1.00e-04'], loss: 1.112254
[2024-03-02 07:11:53,867][INFO][clas_trainer:180] - train epoch: 1 [9952/49976 (20%)], lr: ['1.00e-04'], loss: 1.103116
[2024-03-02 07:11:57,977][INFO][clas_trainer:180] - train epoch: 1 [14944/49976 (30%)], lr: ['1.00e-04'], loss: 1.223120
[2024-03-02 07:12:02,117][INFO][clas_trainer:180] - train epoch: 1 [19936/49976 (40%)], lr: ['1.00e-04'], loss: 0.917369
[2024-03-02 07:12:06,188][INFO][clas_trainer:180] - train epoch: 1 [24928/49976 (50%)], lr: ['1.00e-04'], loss: 1.313468
[2024-03-02 07:12:10,584][INFO][clas_trainer:180] - train epoch: 1 [29920/49976 (60%)], lr: ['1.00e-04'], loss: 1.054094
[2024-03-02 07:12:14,774][INFO][clas_trainer:180] - train epoch: 1 [34912/49976 (70%)], lr: ['1.00e-04'], loss: 0.923036
[2024-03-02 07:12:18,774][INFO][clas_trainer:180] - train epoch: 1 [39904/49976 (80%)], lr: ['1.00e-04'], loss: 1.024750
[2024-03-02 07:12:23,157][INFO][clas_trainer:180] - train epoch: 1 [44896/49976 (90%)], lr: ['1.00e-04'], loss: 0.851173
[2024-03-02 07:12:27,526][INFO][clas_trainer:180] - train epoch: 1 [49888/49976 (100%)], lr: ['1.00e-04'], loss: 1.077000
[2024-03-02 07:12:31,806][INFO][clas_trainer:96] - [epoch   1] execution time: 46.35s	metrics:
[2024-03-02 07:12:31,807][INFO][clas_evaluator:69] - dataset: earlystopping, avg f1-score: 0.5127
[2024-03-02 07:12:31,830][INFO][base_model:70] - snapshot saved to /home/users/grieger/repos/frequency-pretraining/models/exp001d-m49-base_fe_clas-2024-03-02_05-56-44-final.pth
[2024-03-02 07:12:36,145][INFO][clas_trainer:180] - train epoch: 2 [4960/49976 (10%)], lr: ['1.00e-04'], loss: 0.846661
[2024-03-02 07:12:40,147][INFO][clas_trainer:180] - train epoch: 2 [9952/49976 (20%)], lr: ['1.00e-04'], loss: 0.882354
[2024-03-02 07:12:44,169][INFO][clas_trainer:180] - train epoch: 2 [14944/49976 (30%)], lr: ['1.00e-04'], loss: 0.809701
[2024-03-02 07:12:48,419][INFO][clas_trainer:180] - train epoch: 2 [19936/49976 (40%)], lr: ['1.00e-04'], loss: 0.581123
[2024-03-02 07:12:52,500][INFO][clas_trainer:180] - train epoch: 2 [24928/49976 (50%)], lr: ['1.00e-04'], loss: 0.915478
[2024-03-02 07:12:56,922][INFO][clas_trainer:180] - train epoch: 2 [29920/49976 (60%)], lr: ['1.00e-04'], loss: 0.691588
[2024-03-02 07:13:01,347][INFO][clas_trainer:180] - train epoch: 2 [34912/49976 (70%)], lr: ['1.00e-04'], loss: 0.934753
[2024-03-02 07:13:05,981][INFO][clas_trainer:180] - train epoch: 2 [39904/49976 (80%)], lr: ['1.00e-04'], loss: 1.011066
[2024-03-02 07:13:10,482][INFO][clas_trainer:180] - train epoch: 2 [44896/49976 (90%)], lr: ['1.00e-04'], loss: 1.222586
[2024-03-02 07:13:14,938][INFO][clas_trainer:180] - train epoch: 2 [49888/49976 (100%)], lr: ['1.00e-04'], loss: 0.817385
[2024-03-02 07:13:19,360][INFO][clas_trainer:96] - [epoch   2] execution time: 47.53s	metrics:
[2024-03-02 07:13:19,361][INFO][clas_evaluator:69] - dataset: earlystopping, avg f1-score: 0.5483
[2024-03-02 07:13:19,389][INFO][base_model:70] - snapshot saved to /home/users/grieger/repos/frequency-pretraining/models/exp001d-m49-base_fe_clas-2024-03-02_05-56-44-final.pth
[2024-03-02 07:13:24,032][INFO][clas_trainer:180] - train epoch: 3 [4960/49976 (10%)], lr: ['1.00e-04'], loss: 0.799517
[2024-03-02 07:13:28,240][INFO][clas_trainer:180] - train epoch: 3 [9952/49976 (20%)], lr: ['1.00e-04'], loss: 0.673358
[2024-03-02 07:13:32,571][INFO][clas_trainer:180] - train epoch: 3 [14944/49976 (30%)], lr: ['1.00e-04'], loss: 0.842874
[2024-03-02 07:13:37,098][INFO][clas_trainer:180] - train epoch: 3 [19936/49976 (40%)], lr: ['1.00e-04'], loss: 0.648017
[2024-03-02 07:13:41,418][INFO][clas_trainer:180] - train epoch: 3 [24928/49976 (50%)], lr: ['1.00e-04'], loss: 0.853123
[2024-03-02 07:13:45,683][INFO][clas_trainer:180] - train epoch: 3 [29920/49976 (60%)], lr: ['1.00e-04'], loss: 0.816774
[2024-03-02 07:13:49,879][INFO][clas_trainer:180] - train epoch: 3 [34912/49976 (70%)], lr: ['1.00e-04'], loss: 0.826951
[2024-03-02 07:13:54,151][INFO][clas_trainer:180] - train epoch: 3 [39904/49976 (80%)], lr: ['1.00e-04'], loss: 0.670803
[2024-03-02 07:13:58,377][INFO][clas_trainer:180] - train epoch: 3 [44896/49976 (90%)], lr: ['1.00e-04'], loss: 0.600530
[2024-03-02 07:14:02,368][INFO][clas_trainer:180] - train epoch: 3 [49888/49976 (100%)], lr: ['1.00e-04'], loss: 0.643568
[2024-03-02 07:14:06,300][INFO][clas_trainer:96] - [epoch   3] execution time: 46.91s	metrics:
[2024-03-02 07:14:06,301][INFO][clas_evaluator:69] - dataset: earlystopping, avg f1-score: 0.4929
[2024-03-02 07:14:10,715][INFO][clas_trainer:180] - train epoch: 4 [4960/49976 (10%)], lr: ['1.00e-04'], loss: 0.899860
[2024-03-02 07:14:14,562][INFO][clas_trainer:180] - train epoch: 4 [9952/49976 (20%)], lr: ['1.00e-04'], loss: 0.597404
[2024-03-02 07:14:18,449][INFO][clas_trainer:180] - train epoch: 4 [14944/49976 (30%)], lr: ['1.00e-04'], loss: 0.564940
[2024-03-02 07:14:22,242][INFO][clas_trainer:180] - train epoch: 4 [19936/49976 (40%)], lr: ['1.00e-04'], loss: 0.950073
[2024-03-02 07:14:26,662][INFO][clas_trainer:180] - train epoch: 4 [24928/49976 (50%)], lr: ['1.00e-04'], loss: 0.780689
[2024-03-02 07:14:30,881][INFO][clas_trainer:180] - train epoch: 4 [29920/49976 (60%)], lr: ['1.00e-04'], loss: 0.780304
[2024-03-02 07:14:34,918][INFO][clas_trainer:180] - train epoch: 4 [34912/49976 (70%)], lr: ['1.00e-04'], loss: 1.063413
[2024-03-02 07:14:38,953][INFO][clas_trainer:180] - train epoch: 4 [39904/49976 (80%)], lr: ['1.00e-04'], loss: 0.509127
[2024-03-02 07:14:43,052][INFO][clas_trainer:180] - train epoch: 4 [44896/49976 (90%)], lr: ['1.00e-04'], loss: 0.815804
[2024-03-02 07:14:46,835][INFO][clas_trainer:180] - train epoch: 4 [49888/49976 (100%)], lr: ['1.00e-04'], loss: 0.582208
[2024-03-02 07:14:50,544][INFO][clas_trainer:96] - [epoch   4] execution time: 44.24s	metrics:
[2024-03-02 07:14:50,545][INFO][clas_evaluator:69] - dataset: earlystopping, avg f1-score: 0.5873
[2024-03-02 07:14:50,574][INFO][base_model:70] - snapshot saved to /home/users/grieger/repos/frequency-pretraining/models/exp001d-m49-base_fe_clas-2024-03-02_05-56-44-final.pth
[2024-03-02 07:14:54,683][INFO][clas_trainer:180] - train epoch: 5 [4960/49976 (10%)], lr: ['1.00e-04'], loss: 1.048158
[2024-03-02 07:14:58,689][INFO][clas_trainer:180] - train epoch: 5 [9952/49976 (20%)], lr: ['1.00e-04'], loss: 0.683315
[2024-03-02 07:15:02,814][INFO][clas_trainer:180] - train epoch: 5 [14944/49976 (30%)], lr: ['1.00e-04'], loss: 0.503300
[2024-03-02 07:15:07,074][INFO][clas_trainer:180] - train epoch: 5 [19936/49976 (40%)], lr: ['1.00e-04'], loss: 0.697543
[2024-03-02 07:15:11,295][INFO][clas_trainer:180] - train epoch: 5 [24928/49976 (50%)], lr: ['1.00e-04'], loss: 0.453884
[2024-03-02 07:15:15,366][INFO][clas_trainer:180] - train epoch: 5 [29920/49976 (60%)], lr: ['1.00e-04'], loss: 0.844233
[2024-03-02 07:15:19,696][INFO][clas_trainer:180] - train epoch: 5 [34912/49976 (70%)], lr: ['1.00e-04'], loss: 0.519407
[2024-03-02 07:15:23,694][INFO][clas_trainer:180] - train epoch: 5 [39904/49976 (80%)], lr: ['1.00e-04'], loss: 0.898058
[2024-03-02 07:15:28,063][INFO][clas_trainer:180] - train epoch: 5 [44896/49976 (90%)], lr: ['1.00e-04'], loss: 0.739507
[2024-03-02 07:15:32,380][INFO][clas_trainer:180] - train epoch: 5 [49888/49976 (100%)], lr: ['1.00e-04'], loss: 0.628329
[2024-03-02 07:15:36,687][INFO][clas_trainer:96] - [epoch   5] execution time: 46.11s	metrics:
[2024-03-02 07:15:36,687][INFO][clas_evaluator:69] - dataset: earlystopping, avg f1-score: 0.5605
[2024-03-02 07:15:41,167][INFO][clas_trainer:180] - train epoch: 6 [4960/49976 (10%)], lr: ['1.00e-04'], loss: 0.752776
[2024-03-02 07:15:45,451][INFO][clas_trainer:180] - train epoch: 6 [9952/49976 (20%)], lr: ['1.00e-04'], loss: 0.657113
[2024-03-02 07:15:49,622][INFO][clas_trainer:180] - train epoch: 6 [14944/49976 (30%)], lr: ['1.00e-04'], loss: 0.441666
[2024-03-02 07:15:53,772][INFO][clas_trainer:180] - train epoch: 6 [19936/49976 (40%)], lr: ['1.00e-04'], loss: 0.934920
[2024-03-02 07:15:58,034][INFO][clas_trainer:180] - train epoch: 6 [24928/49976 (50%)], lr: ['1.00e-04'], loss: 0.769940
[2024-03-02 07:16:02,098][INFO][clas_trainer:180] - train epoch: 6 [29920/49976 (60%)], lr: ['1.00e-04'], loss: 0.521150
[2024-03-02 07:16:06,365][INFO][clas_trainer:180] - train epoch: 6 [34912/49976 (70%)], lr: ['1.00e-04'], loss: 0.543017
[2024-03-02 07:16:10,914][INFO][clas_trainer:180] - train epoch: 6 [39904/49976 (80%)], lr: ['1.00e-04'], loss: 0.569801
[2024-03-02 07:16:15,056][INFO][clas_trainer:180] - train epoch: 6 [44896/49976 (90%)], lr: ['1.00e-04'], loss: 0.632776
[2024-03-02 07:16:19,366][INFO][clas_trainer:180] - train epoch: 6 [49888/49976 (100%)], lr: ['1.00e-04'], loss: 0.864968
[2024-03-02 07:16:23,547][INFO][clas_trainer:96] - [epoch   6] execution time: 46.86s	metrics:
[2024-03-02 07:16:23,548][INFO][clas_evaluator:69] - dataset: earlystopping, avg f1-score: 0.5739
[2024-03-02 07:16:28,351][INFO][clas_trainer:180] - train epoch: 7 [4960/49976 (10%)], lr: ['1.00e-04'], loss: 0.754532
[2024-03-02 07:16:32,483][INFO][clas_trainer:180] - train epoch: 7 [9952/49976 (20%)], lr: ['1.00e-04'], loss: 0.630315
[2024-03-02 07:16:36,618][INFO][clas_trainer:180] - train epoch: 7 [14944/49976 (30%)], lr: ['1.00e-04'], loss: 0.593015
[2024-03-02 07:16:40,727][INFO][clas_trainer:180] - train epoch: 7 [19936/49976 (40%)], lr: ['1.00e-04'], loss: 0.639623
[2024-03-02 07:16:44,867][INFO][clas_trainer:180] - train epoch: 7 [24928/49976 (50%)], lr: ['1.00e-04'], loss: 0.486097
[2024-03-02 07:16:49,113][INFO][clas_trainer:180] - train epoch: 7 [29920/49976 (60%)], lr: ['1.00e-04'], loss: 0.562651
[2024-03-02 07:16:53,043][INFO][clas_trainer:180] - train epoch: 7 [34912/49976 (70%)], lr: ['1.00e-04'], loss: 0.764010
[2024-03-02 07:16:57,340][INFO][clas_trainer:180] - train epoch: 7 [39904/49976 (80%)], lr: ['1.00e-04'], loss: 0.577584
[2024-03-02 07:17:01,592][INFO][clas_trainer:180] - train epoch: 7 [44896/49976 (90%)], lr: ['1.00e-04'], loss: 0.710043
[2024-03-02 07:17:05,377][INFO][clas_trainer:180] - train epoch: 7 [49888/49976 (100%)], lr: ['1.00e-04'], loss: 0.729991
[2024-03-02 07:17:09,216][INFO][clas_trainer:96] - [epoch   7] execution time: 45.67s	metrics:
[2024-03-02 07:17:09,216][INFO][clas_evaluator:69] - dataset: earlystopping, avg f1-score: 0.6072
[2024-03-02 07:17:09,244][INFO][base_model:70] - snapshot saved to /home/users/grieger/repos/frequency-pretraining/models/exp001d-m49-base_fe_clas-2024-03-02_05-56-44-final.pth
[2024-03-02 07:17:13,603][INFO][clas_trainer:180] - train epoch: 8 [4960/49976 (10%)], lr: ['1.00e-04'], loss: 0.669823
[2024-03-02 07:17:17,629][INFO][clas_trainer:180] - train epoch: 8 [9952/49976 (20%)], lr: ['1.00e-04'], loss: 0.739449
[2024-03-02 07:17:22,209][INFO][clas_trainer:180] - train epoch: 8 [14944/49976 (30%)], lr: ['1.00e-04'], loss: 0.509349
[2024-03-02 07:17:26,322][INFO][clas_trainer:180] - train epoch: 8 [19936/49976 (40%)], lr: ['1.00e-04'], loss: 0.583131
[2024-03-02 07:17:30,590][INFO][clas_trainer:180] - train epoch: 8 [24928/49976 (50%)], lr: ['1.00e-04'], loss: 0.579932
[2024-03-02 07:17:34,593][INFO][clas_trainer:180] - train epoch: 8 [29920/49976 (60%)], lr: ['1.00e-04'], loss: 0.765678
[2024-03-02 07:17:38,644][INFO][clas_trainer:180] - train epoch: 8 [34912/49976 (70%)], lr: ['1.00e-04'], loss: 0.397130
[2024-03-02 07:17:42,638][INFO][clas_trainer:180] - train epoch: 8 [39904/49976 (80%)], lr: ['1.00e-04'], loss: 0.858367
[2024-03-02 07:17:46,931][INFO][clas_trainer:180] - train epoch: 8 [44896/49976 (90%)], lr: ['1.00e-04'], loss: 0.695384
[2024-03-02 07:17:51,226][INFO][clas_trainer:180] - train epoch: 8 [49888/49976 (100%)], lr: ['1.00e-04'], loss: 0.572465
[2024-03-02 07:17:55,508][INFO][clas_trainer:96] - [epoch   8] execution time: 46.26s	metrics:
[2024-03-02 07:17:55,508][INFO][clas_evaluator:69] - dataset: earlystopping, avg f1-score: 0.5840
[2024-03-02 07:18:00,261][INFO][clas_trainer:180] - train epoch: 9 [4960/49976 (10%)], lr: ['1.00e-04'], loss: 0.639309
[2024-03-02 07:18:04,251][INFO][clas_trainer:180] - train epoch: 9 [9952/49976 (20%)], lr: ['1.00e-04'], loss: 0.403503
[2024-03-02 07:18:08,547][INFO][clas_trainer:180] - train epoch: 9 [14944/49976 (30%)], lr: ['1.00e-04'], loss: 0.724258
[2024-03-02 07:18:12,821][INFO][clas_trainer:180] - train epoch: 9 [19936/49976 (40%)], lr: ['1.00e-04'], loss: 0.579580
[2024-03-02 07:18:17,330][INFO][clas_trainer:180] - train epoch: 9 [24928/49976 (50%)], lr: ['1.00e-04'], loss: 0.643084
[2024-03-02 07:18:21,383][INFO][clas_trainer:180] - train epoch: 9 [29920/49976 (60%)], lr: ['1.00e-04'], loss: 0.695927
[2024-03-02 07:18:25,203][INFO][clas_trainer:180] - train epoch: 9 [34912/49976 (70%)], lr: ['1.00e-04'], loss: 0.495916
[2024-03-02 07:18:29,391][INFO][clas_trainer:180] - train epoch: 9 [39904/49976 (80%)], lr: ['1.00e-04'], loss: 0.643174
[2024-03-02 07:18:33,547][INFO][clas_trainer:180] - train epoch: 9 [44896/49976 (90%)], lr: ['1.00e-04'], loss: 0.357696
[2024-03-02 07:18:37,656][INFO][clas_trainer:180] - train epoch: 9 [49888/49976 (100%)], lr: ['1.00e-04'], loss: 0.547620
[2024-03-02 07:18:42,191][INFO][clas_trainer:96] - [epoch   9] execution time: 46.68s	metrics:
[2024-03-02 07:18:42,192][INFO][clas_evaluator:69] - dataset: earlystopping, avg f1-score: 0.5945
[2024-03-02 07:18:46,639][INFO][clas_trainer:180] - train epoch: 10 [4960/49976 (10%)], lr: ['1.00e-04'], loss: 0.447692
[2024-03-02 07:18:51,181][INFO][clas_trainer:180] - train epoch: 10 [9952/49976 (20%)], lr: ['1.00e-04'], loss: 0.541295
[2024-03-02 07:18:55,246][INFO][clas_trainer:180] - train epoch: 10 [14944/49976 (30%)], lr: ['1.00e-04'], loss: 0.527015
[2024-03-02 07:18:59,496][INFO][clas_trainer:180] - train epoch: 10 [19936/49976 (40%)], lr: ['1.00e-04'], loss: 0.409066
[2024-03-02 07:19:04,180][INFO][clas_trainer:180] - train epoch: 10 [24928/49976 (50%)], lr: ['1.00e-04'], loss: 0.414358
[2024-03-02 07:19:08,367][INFO][clas_trainer:180] - train epoch: 10 [29920/49976 (60%)], lr: ['1.00e-04'], loss: 0.531684
[2024-03-02 07:19:12,476][INFO][clas_trainer:180] - train epoch: 10 [34912/49976 (70%)], lr: ['1.00e-04'], loss: 0.682215
[2024-03-02 07:19:16,838][INFO][clas_trainer:180] - train epoch: 10 [39904/49976 (80%)], lr: ['1.00e-04'], loss: 0.580590
[2024-03-02 07:19:21,281][INFO][clas_trainer:180] - train epoch: 10 [44896/49976 (90%)], lr: ['1.00e-04'], loss: 0.392923
[2024-03-02 07:19:25,459][INFO][clas_trainer:180] - train epoch: 10 [49888/49976 (100%)], lr: ['1.00e-04'], loss: 0.470399
[2024-03-02 07:19:29,192][INFO][clas_trainer:96] - [epoch  10] execution time: 47.00s	metrics:
[2024-03-02 07:19:29,193][INFO][clas_evaluator:69] - dataset: earlystopping, avg f1-score: 0.5718
[2024-03-02 07:19:33,656][INFO][clas_trainer:180] - train epoch: 11 [4960/49976 (10%)], lr: ['1.00e-04'], loss: 0.457571
[2024-03-02 07:19:38,248][INFO][clas_trainer:180] - train epoch: 11 [9952/49976 (20%)], lr: ['1.00e-04'], loss: 0.834563
[2024-03-02 07:19:42,446][INFO][clas_trainer:180] - train epoch: 11 [14944/49976 (30%)], lr: ['1.00e-04'], loss: 0.452286
[2024-03-02 07:19:46,398][INFO][clas_trainer:180] - train epoch: 11 [19936/49976 (40%)], lr: ['1.00e-04'], loss: 0.578898
[2024-03-02 07:19:50,957][INFO][clas_trainer:180] - train epoch: 11 [24928/49976 (50%)], lr: ['1.00e-04'], loss: 0.292515
[2024-03-02 07:19:55,104][INFO][clas_trainer:180] - train epoch: 11 [29920/49976 (60%)], lr: ['1.00e-04'], loss: 0.592795
[2024-03-02 07:19:59,275][INFO][clas_trainer:180] - train epoch: 11 [34912/49976 (70%)], lr: ['1.00e-04'], loss: 0.755343
[2024-03-02 07:20:03,039][INFO][clas_trainer:180] - train epoch: 11 [39904/49976 (80%)], lr: ['1.00e-04'], loss: 0.647191
[2024-03-02 07:20:07,357][INFO][clas_trainer:180] - train epoch: 11 [44896/49976 (90%)], lr: ['1.00e-04'], loss: 0.489427
[2024-03-02 07:20:11,851][INFO][clas_trainer:180] - train epoch: 11 [49888/49976 (100%)], lr: ['1.00e-04'], loss: 0.492522
[2024-03-02 07:20:15,665][INFO][clas_trainer:96] - [epoch  11] execution time: 46.47s	metrics:
[2024-03-02 07:20:15,666][INFO][clas_evaluator:69] - dataset: earlystopping, avg f1-score: 0.6134
[2024-03-02 07:20:15,700][INFO][base_model:70] - snapshot saved to /home/users/grieger/repos/frequency-pretraining/models/exp001d-m49-base_fe_clas-2024-03-02_05-56-44-final.pth
[2024-03-02 07:20:20,159][INFO][clas_trainer:180] - train epoch: 12 [4960/49976 (10%)], lr: ['1.00e-04'], loss: 0.631849
[2024-03-02 07:20:24,166][INFO][clas_trainer:180] - train epoch: 12 [9952/49976 (20%)], lr: ['1.00e-04'], loss: 0.449408
[2024-03-02 07:20:28,142][INFO][clas_trainer:180] - train epoch: 12 [14944/49976 (30%)], lr: ['1.00e-04'], loss: 0.813954
[2024-03-02 07:20:32,438][INFO][clas_trainer:180] - train epoch: 12 [19936/49976 (40%)], lr: ['1.00e-04'], loss: 0.290383
[2024-03-02 07:20:36,737][INFO][clas_trainer:180] - train epoch: 12 [24928/49976 (50%)], lr: ['1.00e-04'], loss: 0.412961
[2024-03-02 07:20:41,274][INFO][clas_trainer:180] - train epoch: 12 [29920/49976 (60%)], lr: ['1.00e-04'], loss: 0.475746
[2024-03-02 07:20:45,522][INFO][clas_trainer:180] - train epoch: 12 [34912/49976 (70%)], lr: ['1.00e-04'], loss: 0.389528
[2024-03-02 07:20:49,787][INFO][clas_trainer:180] - train epoch: 12 [39904/49976 (80%)], lr: ['1.00e-04'], loss: 0.493484
[2024-03-02 07:20:54,411][INFO][clas_trainer:180] - train epoch: 12 [44896/49976 (90%)], lr: ['1.00e-04'], loss: 0.850406
[2024-03-02 07:20:58,448][INFO][clas_trainer:180] - train epoch: 12 [49888/49976 (100%)], lr: ['1.00e-04'], loss: 0.553549
[2024-03-02 07:21:02,655][INFO][clas_trainer:96] - [epoch  12] execution time: 46.95s	metrics:
[2024-03-02 07:21:02,655][INFO][clas_evaluator:69] - dataset: earlystopping, avg f1-score: 0.6101
[2024-03-02 07:21:06,905][INFO][clas_trainer:180] - train epoch: 13 [4960/49976 (10%)], lr: ['1.00e-04'], loss: 0.677015
[2024-03-02 07:21:11,224][INFO][clas_trainer:180] - train epoch: 13 [9952/49976 (20%)], lr: ['1.00e-04'], loss: 0.597439
[2024-03-02 07:21:15,432][INFO][clas_trainer:180] - train epoch: 13 [14944/49976 (30%)], lr: ['1.00e-04'], loss: 0.286455
[2024-03-02 07:21:19,704][INFO][clas_trainer:180] - train epoch: 13 [19936/49976 (40%)], lr: ['1.00e-04'], loss: 0.549961
[2024-03-02 07:21:23,661][INFO][clas_trainer:180] - train epoch: 13 [24928/49976 (50%)], lr: ['1.00e-04'], loss: 0.409406
[2024-03-02 07:21:27,962][INFO][clas_trainer:180] - train epoch: 13 [29920/49976 (60%)], lr: ['1.00e-04'], loss: 0.535367
[2024-03-02 07:21:32,200][INFO][clas_trainer:180] - train epoch: 13 [34912/49976 (70%)], lr: ['1.00e-04'], loss: 0.424634
[2024-03-02 07:21:36,283][INFO][clas_trainer:180] - train epoch: 13 [39904/49976 (80%)], lr: ['1.00e-04'], loss: 0.396514
[2024-03-02 07:21:40,619][INFO][clas_trainer:180] - train epoch: 13 [44896/49976 (90%)], lr: ['1.00e-04'], loss: 0.397309
[2024-03-02 07:21:45,028][INFO][clas_trainer:180] - train epoch: 13 [49888/49976 (100%)], lr: ['1.00e-04'], loss: 0.680465
[2024-03-02 07:21:49,252][INFO][clas_trainer:96] - [epoch  13] execution time: 46.60s	metrics:
[2024-03-02 07:21:49,252][INFO][clas_evaluator:69] - dataset: earlystopping, avg f1-score: 0.5918
[2024-03-02 07:21:53,752][INFO][clas_trainer:180] - train epoch: 14 [4960/49976 (10%)], lr: ['1.00e-04'], loss: 0.544635
[2024-03-02 07:21:57,770][INFO][clas_trainer:180] - train epoch: 14 [9952/49976 (20%)], lr: ['1.00e-04'], loss: 0.551536
[2024-03-02 07:22:02,469][INFO][clas_trainer:180] - train epoch: 14 [14944/49976 (30%)], lr: ['1.00e-04'], loss: 0.284193
[2024-03-02 07:22:07,002][INFO][clas_trainer:180] - train epoch: 14 [19936/49976 (40%)], lr: ['1.00e-04'], loss: 0.600920
[2024-03-02 07:22:10,946][INFO][clas_trainer:180] - train epoch: 14 [24928/49976 (50%)], lr: ['1.00e-04'], loss: 0.511836
[2024-03-02 07:22:14,854][INFO][clas_trainer:180] - train epoch: 14 [29920/49976 (60%)], lr: ['1.00e-04'], loss: 0.498138
[2024-03-02 07:22:18,840][INFO][clas_trainer:180] - train epoch: 14 [34912/49976 (70%)], lr: ['1.00e-04'], loss: 0.359289
[2024-03-02 07:22:22,954][INFO][clas_trainer:180] - train epoch: 14 [39904/49976 (80%)], lr: ['1.00e-04'], loss: 0.750382
[2024-03-02 07:22:27,083][INFO][clas_trainer:180] - train epoch: 14 [44896/49976 (90%)], lr: ['1.00e-04'], loss: 0.729403
[2024-03-02 07:22:31,691][INFO][clas_trainer:180] - train epoch: 14 [49888/49976 (100%)], lr: ['1.00e-04'], loss: 0.370756
[2024-03-02 07:22:36,255][INFO][clas_trainer:96] - [epoch  14] execution time: 47.00s	metrics:
[2024-03-02 07:22:36,255][INFO][clas_evaluator:69] - dataset: earlystopping, avg f1-score: 0.5437
[2024-03-02 07:22:40,889][INFO][clas_trainer:180] - train epoch: 15 [4960/49976 (10%)], lr: ['1.00e-04'], loss: 0.737181
[2024-03-02 07:22:44,953][INFO][clas_trainer:180] - train epoch: 15 [9952/49976 (20%)], lr: ['1.00e-04'], loss: 0.685511
[2024-03-02 07:22:49,370][INFO][clas_trainer:180] - train epoch: 15 [14944/49976 (30%)], lr: ['1.00e-04'], loss: 0.426779
[2024-03-02 07:22:53,601][INFO][clas_trainer:180] - train epoch: 15 [19936/49976 (40%)], lr: ['1.00e-04'], loss: 0.588021
[2024-03-02 07:22:57,517][INFO][clas_trainer:180] - train epoch: 15 [24928/49976 (50%)], lr: ['1.00e-04'], loss: 0.381187
[2024-03-02 07:23:01,810][INFO][clas_trainer:180] - train epoch: 15 [29920/49976 (60%)], lr: ['1.00e-04'], loss: 0.316476
[2024-03-02 07:23:06,026][INFO][clas_trainer:180] - train epoch: 15 [34912/49976 (70%)], lr: ['1.00e-04'], loss: 0.650055
[2024-03-02 07:23:10,066][INFO][clas_trainer:180] - train epoch: 15 [39904/49976 (80%)], lr: ['1.00e-04'], loss: 0.302345
[2024-03-02 07:23:14,138][INFO][clas_trainer:180] - train epoch: 15 [44896/49976 (90%)], lr: ['1.00e-04'], loss: 0.341002
[2024-03-02 07:23:18,287][INFO][clas_trainer:180] - train epoch: 15 [49888/49976 (100%)], lr: ['1.00e-04'], loss: 0.506002
[2024-03-02 07:23:22,759][INFO][clas_trainer:96] - [epoch  15] execution time: 46.50s	metrics:
[2024-03-02 07:23:22,760][INFO][clas_evaluator:69] - dataset: earlystopping, avg f1-score: 0.5960
[2024-03-02 07:23:27,359][INFO][clas_trainer:180] - train epoch: 16 [4960/49976 (10%)], lr: ['1.00e-04'], loss: 0.633411
[2024-03-02 07:23:31,928][INFO][clas_trainer:180] - train epoch: 16 [9952/49976 (20%)], lr: ['1.00e-04'], loss: 0.362652
[2024-03-02 07:23:36,362][INFO][clas_trainer:180] - train epoch: 16 [14944/49976 (30%)], lr: ['1.00e-04'], loss: 0.440374
[2024-03-02 07:23:40,842][INFO][clas_trainer:180] - train epoch: 16 [19936/49976 (40%)], lr: ['1.00e-04'], loss: 0.444882
[2024-03-02 07:23:45,077][INFO][clas_trainer:180] - train epoch: 16 [24928/49976 (50%)], lr: ['1.00e-04'], loss: 0.713526
[2024-03-02 07:23:49,563][INFO][clas_trainer:180] - train epoch: 16 [29920/49976 (60%)], lr: ['1.00e-04'], loss: 0.424986
[2024-03-02 07:23:54,172][INFO][clas_trainer:180] - train epoch: 16 [34912/49976 (70%)], lr: ['1.00e-04'], loss: 0.379893
[2024-03-02 07:23:58,300][INFO][clas_trainer:180] - train epoch: 16 [39904/49976 (80%)], lr: ['1.00e-04'], loss: 0.404709
[2024-03-02 07:24:02,536][INFO][clas_trainer:180] - train epoch: 16 [44896/49976 (90%)], lr: ['1.00e-04'], loss: 0.489853
[2024-03-02 07:24:06,972][INFO][clas_trainer:180] - train epoch: 16 [49888/49976 (100%)], lr: ['1.00e-04'], loss: 0.431218
[2024-03-02 07:24:11,314][INFO][clas_trainer:96] - [epoch  16] execution time: 48.55s	metrics:
[2024-03-02 07:24:11,314][INFO][clas_evaluator:69] - dataset: earlystopping, avg f1-score: 0.6121
[2024-03-02 07:24:15,944][INFO][clas_trainer:180] - train epoch: 17 [4960/49976 (10%)], lr: ['1.00e-04'], loss: 0.593152
[2024-03-02 07:24:20,281][INFO][clas_trainer:180] - train epoch: 17 [9952/49976 (20%)], lr: ['1.00e-04'], loss: 0.438504
[2024-03-02 07:24:24,308][INFO][clas_trainer:180] - train epoch: 17 [14944/49976 (30%)], lr: ['1.00e-04'], loss: 0.429693
[2024-03-02 07:24:28,710][INFO][clas_trainer:180] - train epoch: 17 [19936/49976 (40%)], lr: ['1.00e-04'], loss: 0.483062
[2024-03-02 07:24:33,167][INFO][clas_trainer:180] - train epoch: 17 [24928/49976 (50%)], lr: ['1.00e-04'], loss: 0.441443
[2024-03-02 07:24:37,671][INFO][clas_trainer:180] - train epoch: 17 [29920/49976 (60%)], lr: ['1.00e-04'], loss: 0.503316
[2024-03-02 07:24:42,123][INFO][clas_trainer:180] - train epoch: 17 [34912/49976 (70%)], lr: ['1.00e-04'], loss: 0.609606
[2024-03-02 07:24:46,386][INFO][clas_trainer:180] - train epoch: 17 [39904/49976 (80%)], lr: ['1.00e-04'], loss: 0.431166
[2024-03-02 07:24:50,733][INFO][clas_trainer:180] - train epoch: 17 [44896/49976 (90%)], lr: ['1.00e-04'], loss: 0.767324
[2024-03-02 07:24:54,981][INFO][clas_trainer:180] - train epoch: 17 [49888/49976 (100%)], lr: ['1.00e-04'], loss: 0.747896
[2024-03-02 07:24:58,161][INFO][clas_trainer:96] - [epoch  17] execution time: 46.85s	metrics:
[2024-03-02 07:24:58,162][INFO][clas_evaluator:69] - dataset: earlystopping, avg f1-score: 0.6236
[2024-03-02 07:24:58,193][INFO][base_model:70] - snapshot saved to /home/users/grieger/repos/frequency-pretraining/models/exp001d-m49-base_fe_clas-2024-03-02_05-56-44-final.pth
[2024-03-02 07:25:03,849][INFO][clas_trainer:180] - train epoch: 18 [4960/49976 (10%)], lr: ['1.00e-04'], loss: 0.373228
[2024-03-02 07:25:07,634][INFO][clas_trainer:180] - train epoch: 18 [9952/49976 (20%)], lr: ['1.00e-04'], loss: 0.500344
[2024-03-02 07:25:11,553][INFO][clas_trainer:180] - train epoch: 18 [14944/49976 (30%)], lr: ['1.00e-04'], loss: 0.487005
[2024-03-02 07:25:15,424][INFO][clas_trainer:180] - train epoch: 18 [19936/49976 (40%)], lr: ['1.00e-04'], loss: 0.578629
[2024-03-02 07:25:19,979][INFO][clas_trainer:180] - train epoch: 18 [24928/49976 (50%)], lr: ['1.00e-04'], loss: 0.559853
[2024-03-02 07:25:24,614][INFO][clas_trainer:180] - train epoch: 18 [29920/49976 (60%)], lr: ['1.00e-04'], loss: 0.642421
[2024-03-02 07:25:28,789][INFO][clas_trainer:180] - train epoch: 18 [34912/49976 (70%)], lr: ['1.00e-04'], loss: 0.303436
[2024-03-02 07:25:32,520][INFO][clas_trainer:180] - train epoch: 18 [39904/49976 (80%)], lr: ['1.00e-04'], loss: 0.326648
[2024-03-02 07:25:36,506][INFO][clas_trainer:180] - train epoch: 18 [44896/49976 (90%)], lr: ['1.00e-04'], loss: 0.653817
[2024-03-02 07:25:41,051][INFO][clas_trainer:180] - train epoch: 18 [49888/49976 (100%)], lr: ['1.00e-04'], loss: 0.627412
[2024-03-02 07:25:44,922][INFO][clas_trainer:96] - [epoch  18] execution time: 46.73s	metrics:
[2024-03-02 07:25:44,923][INFO][clas_evaluator:69] - dataset: earlystopping, avg f1-score: 0.6084
[2024-03-02 07:25:49,416][INFO][clas_trainer:180] - train epoch: 19 [4960/49976 (10%)], lr: ['1.00e-04'], loss: 0.369188
[2024-03-02 07:25:53,460][INFO][clas_trainer:180] - train epoch: 19 [9952/49976 (20%)], lr: ['1.00e-04'], loss: 0.755970
[2024-03-02 07:25:57,996][INFO][clas_trainer:180] - train epoch: 19 [14944/49976 (30%)], lr: ['1.00e-04'], loss: 0.490876
[2024-03-02 07:26:02,325][INFO][clas_trainer:180] - train epoch: 19 [19936/49976 (40%)], lr: ['1.00e-04'], loss: 0.405569
[2024-03-02 07:26:06,218][INFO][clas_trainer:180] - train epoch: 19 [24928/49976 (50%)], lr: ['1.00e-04'], loss: 0.862363
[2024-03-02 07:26:10,862][INFO][clas_trainer:180] - train epoch: 19 [29920/49976 (60%)], lr: ['1.00e-04'], loss: 0.355409
[2024-03-02 07:26:15,324][INFO][clas_trainer:180] - train epoch: 19 [34912/49976 (70%)], lr: ['1.00e-04'], loss: 0.241326
[2024-03-02 07:26:19,541][INFO][clas_trainer:180] - train epoch: 19 [39904/49976 (80%)], lr: ['1.00e-04'], loss: 0.620683
[2024-03-02 07:26:23,746][INFO][clas_trainer:180] - train epoch: 19 [44896/49976 (90%)], lr: ['1.00e-04'], loss: 0.629162
[2024-03-02 07:26:28,182][INFO][clas_trainer:180] - train epoch: 19 [49888/49976 (100%)], lr: ['1.00e-04'], loss: 0.567127
[2024-03-02 07:26:32,764][INFO][clas_trainer:96] - [epoch  19] execution time: 47.84s	metrics:
[2024-03-02 07:26:32,764][INFO][clas_evaluator:69] - dataset: earlystopping, avg f1-score: 0.6290
[2024-03-02 07:26:32,792][INFO][base_model:70] - snapshot saved to /home/users/grieger/repos/frequency-pretraining/models/exp001d-m49-base_fe_clas-2024-03-02_05-56-44-final.pth
[2024-03-02 07:26:37,144][INFO][clas_trainer:180] - train epoch: 20 [4960/49976 (10%)], lr: ['1.00e-04'], loss: 0.378716
[2024-03-02 07:26:41,416][INFO][clas_trainer:180] - train epoch: 20 [9952/49976 (20%)], lr: ['1.00e-04'], loss: 0.502728
[2024-03-02 07:26:45,792][INFO][clas_trainer:180] - train epoch: 20 [14944/49976 (30%)], lr: ['1.00e-04'], loss: 0.578255
[2024-03-02 07:26:50,205][INFO][clas_trainer:180] - train epoch: 20 [19936/49976 (40%)], lr: ['1.00e-04'], loss: 0.619367
[2024-03-02 07:26:54,384][INFO][clas_trainer:180] - train epoch: 20 [24928/49976 (50%)], lr: ['1.00e-04'], loss: 0.654660
[2024-03-02 07:26:58,548][INFO][clas_trainer:180] - train epoch: 20 [29920/49976 (60%)], lr: ['1.00e-04'], loss: 0.620107
[2024-03-02 07:27:02,729][INFO][clas_trainer:180] - train epoch: 20 [34912/49976 (70%)], lr: ['1.00e-04'], loss: 0.461253
[2024-03-02 07:27:07,291][INFO][clas_trainer:180] - train epoch: 20 [39904/49976 (80%)], lr: ['1.00e-04'], loss: 0.377249
[2024-03-02 07:27:11,544][INFO][clas_trainer:180] - train epoch: 20 [44896/49976 (90%)], lr: ['1.00e-04'], loss: 0.355990
[2024-03-02 07:27:15,586][INFO][clas_trainer:180] - train epoch: 20 [49888/49976 (100%)], lr: ['1.00e-04'], loss: 0.356092
[2024-03-02 07:27:20,345][INFO][clas_trainer:96] - [epoch  20] execution time: 47.55s	metrics:
[2024-03-02 07:27:20,345][INFO][clas_evaluator:69] - dataset: earlystopping, avg f1-score: 0.6122
[2024-03-02 07:27:24,727][INFO][clas_trainer:180] - train epoch: 21 [4960/49976 (10%)], lr: ['1.00e-04'], loss: 0.499498
[2024-03-02 07:27:29,096][INFO][clas_trainer:180] - train epoch: 21 [9952/49976 (20%)], lr: ['1.00e-04'], loss: 0.532010
[2024-03-02 07:27:33,518][INFO][clas_trainer:180] - train epoch: 21 [14944/49976 (30%)], lr: ['1.00e-04'], loss: 0.822441
[2024-03-02 07:27:37,698][INFO][clas_trainer:180] - train epoch: 21 [19936/49976 (40%)], lr: ['1.00e-04'], loss: 0.489905
[2024-03-02 07:27:41,532][INFO][clas_trainer:180] - train epoch: 21 [24928/49976 (50%)], lr: ['1.00e-04'], loss: 0.457148
[2024-03-02 07:27:45,854][INFO][clas_trainer:180] - train epoch: 21 [29920/49976 (60%)], lr: ['1.00e-04'], loss: 0.517545
[2024-03-02 07:27:49,712][INFO][clas_trainer:180] - train epoch: 21 [34912/49976 (70%)], lr: ['1.00e-04'], loss: 0.631562
[2024-03-02 07:27:53,761][INFO][clas_trainer:180] - train epoch: 21 [39904/49976 (80%)], lr: ['1.00e-04'], loss: 0.520203
[2024-03-02 07:27:57,893][INFO][clas_trainer:180] - train epoch: 21 [44896/49976 (90%)], lr: ['1.00e-04'], loss: 0.510347
[2024-03-02 07:28:01,787][INFO][clas_trainer:180] - train epoch: 21 [49888/49976 (100%)], lr: ['1.00e-04'], loss: 0.629973
[2024-03-02 07:28:06,313][INFO][clas_trainer:96] - [epoch  21] execution time: 45.97s	metrics:
[2024-03-02 07:28:06,314][INFO][clas_evaluator:69] - dataset: earlystopping, avg f1-score: 0.5827
[2024-03-02 07:28:11,201][INFO][clas_trainer:180] - train epoch: 22 [4960/49976 (10%)], lr: ['1.00e-04'], loss: 0.459542
[2024-03-02 07:28:15,525][INFO][clas_trainer:180] - train epoch: 22 [9952/49976 (20%)], lr: ['1.00e-04'], loss: 0.415513
[2024-03-02 07:28:19,605][INFO][clas_trainer:180] - train epoch: 22 [14944/49976 (30%)], lr: ['1.00e-04'], loss: 0.276562
[2024-03-02 07:28:23,838][INFO][clas_trainer:180] - train epoch: 22 [19936/49976 (40%)], lr: ['1.00e-04'], loss: 0.776483
[2024-03-02 07:28:27,678][INFO][clas_trainer:180] - train epoch: 22 [24928/49976 (50%)], lr: ['1.00e-04'], loss: 0.298281
[2024-03-02 07:28:31,352][INFO][clas_trainer:180] - train epoch: 22 [29920/49976 (60%)], lr: ['1.00e-04'], loss: 0.721938
[2024-03-02 07:28:35,343][INFO][clas_trainer:180] - train epoch: 22 [34912/49976 (70%)], lr: ['1.00e-04'], loss: 0.411614
[2024-03-02 07:28:39,795][INFO][clas_trainer:180] - train epoch: 22 [39904/49976 (80%)], lr: ['1.00e-04'], loss: 0.483983
[2024-03-02 07:28:44,013][INFO][clas_trainer:180] - train epoch: 22 [44896/49976 (90%)], lr: ['1.00e-04'], loss: 0.339933
[2024-03-02 07:28:48,254][INFO][clas_trainer:180] - train epoch: 22 [49888/49976 (100%)], lr: ['1.00e-04'], loss: 0.362273
[2024-03-02 07:28:52,581][INFO][clas_trainer:96] - [epoch  22] execution time: 46.27s	metrics:
[2024-03-02 07:28:52,581][INFO][clas_evaluator:69] - dataset: earlystopping, avg f1-score: 0.5967
[2024-03-02 07:28:57,660][INFO][clas_trainer:180] - train epoch: 23 [4960/49976 (10%)], lr: ['1.00e-04'], loss: 0.629323
[2024-03-02 07:29:01,935][INFO][clas_trainer:180] - train epoch: 23 [9952/49976 (20%)], lr: ['1.00e-04'], loss: 0.311923
[2024-03-02 07:29:06,203][INFO][clas_trainer:180] - train epoch: 23 [14944/49976 (30%)], lr: ['1.00e-04'], loss: 0.423836
[2024-03-02 07:29:10,311][INFO][clas_trainer:180] - train epoch: 23 [19936/49976 (40%)], lr: ['1.00e-04'], loss: 0.323917
[2024-03-02 07:29:14,623][INFO][clas_trainer:180] - train epoch: 23 [24928/49976 (50%)], lr: ['1.00e-04'], loss: 0.400523
[2024-03-02 07:29:18,904][INFO][clas_trainer:180] - train epoch: 23 [29920/49976 (60%)], lr: ['1.00e-04'], loss: 0.228441
[2024-03-02 07:29:22,981][INFO][clas_trainer:180] - train epoch: 23 [34912/49976 (70%)], lr: ['1.00e-04'], loss: 0.722680
[2024-03-02 07:29:27,118][INFO][clas_trainer:180] - train epoch: 23 [39904/49976 (80%)], lr: ['1.00e-04'], loss: 0.659333
[2024-03-02 07:29:31,457][INFO][clas_trainer:180] - train epoch: 23 [44896/49976 (90%)], lr: ['1.00e-04'], loss: 0.403286
[2024-03-02 07:29:35,935][INFO][clas_trainer:180] - train epoch: 23 [49888/49976 (100%)], lr: ['1.00e-04'], loss: 0.278893
[2024-03-02 07:29:40,200][INFO][clas_trainer:96] - [epoch  23] execution time: 47.62s	metrics:
[2024-03-02 07:29:40,201][INFO][clas_evaluator:69] - dataset: earlystopping, avg f1-score: 0.6063
[2024-03-02 07:29:44,626][INFO][clas_trainer:180] - train epoch: 24 [4960/49976 (10%)], lr: ['1.00e-04'], loss: 0.219702
[2024-03-02 07:29:49,088][INFO][clas_trainer:180] - train epoch: 24 [9952/49976 (20%)], lr: ['1.00e-04'], loss: 0.492376
[2024-03-02 07:29:53,155][INFO][clas_trainer:180] - train epoch: 24 [14944/49976 (30%)], lr: ['1.00e-04'], loss: 0.425561
[2024-03-02 07:29:57,390][INFO][clas_trainer:180] - train epoch: 24 [19936/49976 (40%)], lr: ['1.00e-04'], loss: 0.270242
[2024-03-02 07:30:01,587][INFO][clas_trainer:180] - train epoch: 24 [24928/49976 (50%)], lr: ['1.00e-04'], loss: 0.474434
[2024-03-02 07:30:05,812][INFO][clas_trainer:180] - train epoch: 24 [29920/49976 (60%)], lr: ['1.00e-04'], loss: 0.333376
[2024-03-02 07:30:09,825][INFO][clas_trainer:180] - train epoch: 24 [34912/49976 (70%)], lr: ['1.00e-04'], loss: 0.264881
[2024-03-02 07:30:14,280][INFO][clas_trainer:180] - train epoch: 24 [39904/49976 (80%)], lr: ['1.00e-04'], loss: 0.304639
[2024-03-02 07:30:18,351][INFO][clas_trainer:180] - train epoch: 24 [44896/49976 (90%)], lr: ['1.00e-04'], loss: 0.419185
[2024-03-02 07:30:22,844][INFO][clas_trainer:180] - train epoch: 24 [49888/49976 (100%)], lr: ['1.00e-04'], loss: 0.255458
[2024-03-02 07:30:26,993][INFO][clas_trainer:96] - [epoch  24] execution time: 46.79s	metrics:
[2024-03-02 07:30:26,993][INFO][clas_evaluator:69] - dataset: earlystopping, avg f1-score: 0.6071
[2024-03-02 07:30:31,244][INFO][clas_trainer:180] - train epoch: 25 [4960/49976 (10%)], lr: ['1.00e-04'], loss: 0.277464
[2024-03-02 07:30:35,228][INFO][clas_trainer:180] - train epoch: 25 [9952/49976 (20%)], lr: ['1.00e-04'], loss: 0.364165
[2024-03-02 07:30:39,815][INFO][clas_trainer:180] - train epoch: 25 [14944/49976 (30%)], lr: ['1.00e-04'], loss: 0.568211
[2024-03-02 07:30:43,822][INFO][clas_trainer:180] - train epoch: 25 [19936/49976 (40%)], lr: ['1.00e-04'], loss: 0.747107
[2024-03-02 07:30:47,987][INFO][clas_trainer:180] - train epoch: 25 [24928/49976 (50%)], lr: ['1.00e-04'], loss: 0.560388
[2024-03-02 07:30:52,100][INFO][clas_trainer:180] - train epoch: 25 [29920/49976 (60%)], lr: ['1.00e-04'], loss: 0.349128
[2024-03-02 07:30:56,263][INFO][clas_trainer:180] - train epoch: 25 [34912/49976 (70%)], lr: ['1.00e-04'], loss: 0.320155
[2024-03-02 07:31:00,561][INFO][clas_trainer:180] - train epoch: 25 [39904/49976 (80%)], lr: ['1.00e-04'], loss: 0.422439
[2024-03-02 07:31:04,484][INFO][clas_trainer:180] - train epoch: 25 [44896/49976 (90%)], lr: ['1.00e-04'], loss: 0.570226
[2024-03-02 07:31:08,848][INFO][clas_trainer:180] - train epoch: 25 [49888/49976 (100%)], lr: ['1.00e-04'], loss: 0.570920
[2024-03-02 07:31:13,522][INFO][clas_trainer:96] - [epoch  25] execution time: 46.53s	metrics:
[2024-03-02 07:31:13,522][INFO][clas_evaluator:69] - dataset: earlystopping, avg f1-score: 0.6223
[2024-03-02 07:31:18,269][INFO][clas_trainer:180] - train epoch: 26 [4960/49976 (10%)], lr: ['1.00e-04'], loss: 0.410001
[2024-03-02 07:31:22,147][INFO][clas_trainer:180] - train epoch: 26 [9952/49976 (20%)], lr: ['1.00e-04'], loss: 0.400477
[2024-03-02 07:31:26,820][INFO][clas_trainer:180] - train epoch: 26 [14944/49976 (30%)], lr: ['1.00e-04'], loss: 0.394731
[2024-03-02 07:31:30,942][INFO][clas_trainer:180] - train epoch: 26 [19936/49976 (40%)], lr: ['1.00e-04'], loss: 0.591429
[2024-03-02 07:31:35,199][INFO][clas_trainer:180] - train epoch: 26 [24928/49976 (50%)], lr: ['1.00e-04'], loss: 0.391326
[2024-03-02 07:31:39,353][INFO][clas_trainer:180] - train epoch: 26 [29920/49976 (60%)], lr: ['1.00e-04'], loss: 0.428996
[2024-03-02 07:31:43,854][INFO][clas_trainer:180] - train epoch: 26 [34912/49976 (70%)], lr: ['1.00e-04'], loss: 0.287103
[2024-03-02 07:31:48,223][INFO][clas_trainer:180] - train epoch: 26 [39904/49976 (80%)], lr: ['1.00e-04'], loss: 0.470703
[2024-03-02 07:31:52,390][INFO][clas_trainer:180] - train epoch: 26 [44896/49976 (90%)], lr: ['1.00e-04'], loss: 0.227398
[2024-03-02 07:31:56,868][INFO][clas_trainer:180] - train epoch: 26 [49888/49976 (100%)], lr: ['1.00e-04'], loss: 0.677335
[2024-03-02 07:32:01,475][INFO][clas_trainer:96] - [epoch  26] execution time: 47.95s	metrics:
[2024-03-02 07:32:01,475][INFO][clas_evaluator:69] - dataset: earlystopping, avg f1-score: 0.6312
[2024-03-02 07:32:01,513][INFO][base_model:70] - snapshot saved to /home/users/grieger/repos/frequency-pretraining/models/exp001d-m49-base_fe_clas-2024-03-02_05-56-44-final.pth
[2024-03-02 07:32:06,261][INFO][clas_trainer:180] - train epoch: 27 [4960/49976 (10%)], lr: ['1.00e-04'], loss: 0.584697
[2024-03-02 07:32:10,808][INFO][clas_trainer:180] - train epoch: 27 [9952/49976 (20%)], lr: ['1.00e-04'], loss: 0.350102
[2024-03-02 07:32:15,057][INFO][clas_trainer:180] - train epoch: 27 [14944/49976 (30%)], lr: ['1.00e-04'], loss: 0.262492
[2024-03-02 07:32:19,335][INFO][clas_trainer:180] - train epoch: 27 [19936/49976 (40%)], lr: ['1.00e-04'], loss: 0.366792
[2024-03-02 07:32:23,681][INFO][clas_trainer:180] - train epoch: 27 [24928/49976 (50%)], lr: ['1.00e-04'], loss: 0.485948
[2024-03-02 07:32:27,841][INFO][clas_trainer:180] - train epoch: 27 [29920/49976 (60%)], lr: ['1.00e-04'], loss: 0.395218
[2024-03-02 07:32:32,050][INFO][clas_trainer:180] - train epoch: 27 [34912/49976 (70%)], lr: ['1.00e-04'], loss: 0.351512
[2024-03-02 07:32:36,612][INFO][clas_trainer:180] - train epoch: 27 [39904/49976 (80%)], lr: ['1.00e-04'], loss: 0.374339
[2024-03-02 07:32:40,811][INFO][clas_trainer:180] - train epoch: 27 [44896/49976 (90%)], lr: ['1.00e-04'], loss: 0.328081
[2024-03-02 07:32:45,086][INFO][clas_trainer:180] - train epoch: 27 [49888/49976 (100%)], lr: ['1.00e-04'], loss: 0.579815
[2024-03-02 07:32:49,343][INFO][clas_trainer:96] - [epoch  27] execution time: 47.83s	metrics:
[2024-03-02 07:32:49,344][INFO][clas_evaluator:69] - dataset: earlystopping, avg f1-score: 0.6130
[2024-03-02 07:32:54,195][INFO][clas_trainer:180] - train epoch: 28 [4960/49976 (10%)], lr: ['1.00e-04'], loss: 0.502180
[2024-03-02 07:32:58,317][INFO][clas_trainer:180] - train epoch: 28 [9952/49976 (20%)], lr: ['1.00e-04'], loss: 0.561080
[2024-03-02 07:33:02,876][INFO][clas_trainer:180] - train epoch: 28 [14944/49976 (30%)], lr: ['1.00e-04'], loss: 0.331761
[2024-03-02 07:33:07,322][INFO][clas_trainer:180] - train epoch: 28 [19936/49976 (40%)], lr: ['1.00e-04'], loss: 0.388842
[2024-03-02 07:33:11,697][INFO][clas_trainer:180] - train epoch: 28 [24928/49976 (50%)], lr: ['1.00e-04'], loss: 0.121423
[2024-03-02 07:33:15,504][INFO][clas_trainer:180] - train epoch: 28 [29920/49976 (60%)], lr: ['1.00e-04'], loss: 0.206763
[2024-03-02 07:33:20,567][INFO][clas_trainer:180] - train epoch: 28 [34912/49976 (70%)], lr: ['1.00e-04'], loss: 0.369456
[2024-03-02 07:33:24,844][INFO][clas_trainer:180] - train epoch: 28 [39904/49976 (80%)], lr: ['1.00e-04'], loss: 0.531400
[2024-03-02 07:33:29,142][INFO][clas_trainer:180] - train epoch: 28 [44896/49976 (90%)], lr: ['1.00e-04'], loss: 0.566534
[2024-03-02 07:33:33,031][INFO][clas_trainer:180] - train epoch: 28 [49888/49976 (100%)], lr: ['1.00e-04'], loss: 0.432204
[2024-03-02 07:33:37,566][INFO][clas_trainer:96] - [epoch  28] execution time: 48.22s	metrics:
[2024-03-02 07:33:37,567][INFO][clas_evaluator:69] - dataset: earlystopping, avg f1-score: 0.5832
[2024-03-02 07:33:42,121][INFO][clas_trainer:180] - train epoch: 29 [4960/49976 (10%)], lr: ['1.00e-04'], loss: 0.510917
[2024-03-02 07:33:46,233][INFO][clas_trainer:180] - train epoch: 29 [9952/49976 (20%)], lr: ['1.00e-04'], loss: 0.899224
[2024-03-02 07:33:50,540][INFO][clas_trainer:180] - train epoch: 29 [14944/49976 (30%)], lr: ['1.00e-04'], loss: 0.484032
[2024-03-02 07:33:54,632][INFO][clas_trainer:180] - train epoch: 29 [19936/49976 (40%)], lr: ['1.00e-04'], loss: 0.378756
[2024-03-02 07:33:58,449][INFO][clas_trainer:180] - train epoch: 29 [24928/49976 (50%)], lr: ['1.00e-04'], loss: 0.430608
[2024-03-02 07:34:02,301][INFO][clas_trainer:180] - train epoch: 29 [29920/49976 (60%)], lr: ['1.00e-04'], loss: 0.530244
[2024-03-02 07:34:06,609][INFO][clas_trainer:180] - train epoch: 29 [34912/49976 (70%)], lr: ['1.00e-04'], loss: 0.336379
[2024-03-02 07:34:10,907][INFO][clas_trainer:180] - train epoch: 29 [39904/49976 (80%)], lr: ['1.00e-04'], loss: 0.411793
[2024-03-02 07:34:15,040][INFO][clas_trainer:180] - train epoch: 29 [44896/49976 (90%)], lr: ['1.00e-04'], loss: 0.575859
[2024-03-02 07:34:19,092][INFO][clas_trainer:180] - train epoch: 29 [49888/49976 (100%)], lr: ['1.00e-04'], loss: 0.335140
[2024-03-02 07:34:23,154][INFO][clas_trainer:96] - [epoch  29] execution time: 45.59s	metrics:
[2024-03-02 07:34:23,154][INFO][clas_evaluator:69] - dataset: earlystopping, avg f1-score: 0.6187
[2024-03-02 07:34:27,432][INFO][clas_trainer:180] - train epoch: 30 [4960/49976 (10%)], lr: ['1.00e-04'], loss: 0.318755
[2024-03-02 07:34:31,253][INFO][clas_trainer:180] - train epoch: 30 [9952/49976 (20%)], lr: ['1.00e-04'], loss: 0.331215
[2024-03-02 07:34:35,605][INFO][clas_trainer:180] - train epoch: 30 [14944/49976 (30%)], lr: ['1.00e-04'], loss: 0.413022
[2024-03-02 07:34:39,528][INFO][clas_trainer:180] - train epoch: 30 [19936/49976 (40%)], lr: ['1.00e-04'], loss: 0.354086
[2024-03-02 07:34:43,829][INFO][clas_trainer:180] - train epoch: 30 [24928/49976 (50%)], lr: ['1.00e-04'], loss: 0.176720
[2024-03-02 07:34:47,792][INFO][clas_trainer:180] - train epoch: 30 [29920/49976 (60%)], lr: ['1.00e-04'], loss: 0.482297
[2024-03-02 07:34:51,902][INFO][clas_trainer:180] - train epoch: 30 [34912/49976 (70%)], lr: ['1.00e-04'], loss: 0.432556
[2024-03-02 07:34:56,197][INFO][clas_trainer:180] - train epoch: 30 [39904/49976 (80%)], lr: ['1.00e-04'], loss: 0.402453
[2024-03-02 07:35:00,279][INFO][clas_trainer:180] - train epoch: 30 [44896/49976 (90%)], lr: ['1.00e-04'], loss: 0.453759
[2024-03-02 07:35:04,419][INFO][clas_trainer:180] - train epoch: 30 [49888/49976 (100%)], lr: ['1.00e-04'], loss: 0.270061
[2024-03-02 07:35:08,650][INFO][clas_trainer:96] - [epoch  30] execution time: 45.50s	metrics:
[2024-03-02 07:35:08,650][INFO][clas_evaluator:69] - dataset: earlystopping, avg f1-score: 0.6040
[2024-03-02 07:35:13,069][INFO][clas_trainer:180] - train epoch: 31 [4960/49976 (10%)], lr: ['1.00e-04'], loss: 0.469876
[2024-03-02 07:35:17,458][INFO][clas_trainer:180] - train epoch: 31 [9952/49976 (20%)], lr: ['1.00e-04'], loss: 0.355988
[2024-03-02 07:35:21,646][INFO][clas_trainer:180] - train epoch: 31 [14944/49976 (30%)], lr: ['1.00e-04'], loss: 0.246777
[2024-03-02 07:35:25,903][INFO][clas_trainer:180] - train epoch: 31 [19936/49976 (40%)], lr: ['1.00e-04'], loss: 0.477627
[2024-03-02 07:35:30,103][INFO][clas_trainer:180] - train epoch: 31 [24928/49976 (50%)], lr: ['1.00e-04'], loss: 0.429492
[2024-03-02 07:35:34,159][INFO][clas_trainer:180] - train epoch: 31 [29920/49976 (60%)], lr: ['1.00e-04'], loss: 0.336127
[2024-03-02 07:35:38,020][INFO][clas_trainer:180] - train epoch: 31 [34912/49976 (70%)], lr: ['1.00e-04'], loss: 0.328930
[2024-03-02 07:35:41,847][INFO][clas_trainer:180] - train epoch: 31 [39904/49976 (80%)], lr: ['1.00e-04'], loss: 0.256529
[2024-03-02 07:35:46,186][INFO][clas_trainer:180] - train epoch: 31 [44896/49976 (90%)], lr: ['1.00e-04'], loss: 0.267893
[2024-03-02 07:35:50,476][INFO][clas_trainer:180] - train epoch: 31 [49888/49976 (100%)], lr: ['1.00e-04'], loss: 0.362651
[2024-03-02 07:35:54,640][INFO][clas_trainer:96] - [epoch  31] execution time: 45.99s	metrics:
[2024-03-02 07:35:54,640][INFO][clas_evaluator:69] - dataset: earlystopping, avg f1-score: 0.6064
[2024-03-02 07:35:58,932][INFO][clas_trainer:180] - train epoch: 32 [4960/49976 (10%)], lr: ['1.00e-04'], loss: 0.241896
[2024-03-02 07:36:03,260][INFO][clas_trainer:180] - train epoch: 32 [9952/49976 (20%)], lr: ['1.00e-04'], loss: 0.681795
[2024-03-02 07:36:07,231][INFO][clas_trainer:180] - train epoch: 32 [14944/49976 (30%)], lr: ['1.00e-04'], loss: 0.231298
[2024-03-02 07:36:11,438][INFO][clas_trainer:180] - train epoch: 32 [19936/49976 (40%)], lr: ['1.00e-04'], loss: 0.242164
[2024-03-02 07:36:15,538][INFO][clas_trainer:180] - train epoch: 32 [24928/49976 (50%)], lr: ['1.00e-04'], loss: 0.373295
[2024-03-02 07:36:19,744][INFO][clas_trainer:180] - train epoch: 32 [29920/49976 (60%)], lr: ['1.00e-04'], loss: 0.366630
[2024-03-02 07:36:24,103][INFO][clas_trainer:180] - train epoch: 32 [34912/49976 (70%)], lr: ['1.00e-04'], loss: 0.322923
[2024-03-02 07:36:28,628][INFO][clas_trainer:180] - train epoch: 32 [39904/49976 (80%)], lr: ['1.00e-04'], loss: 0.308807
[2024-03-02 07:36:32,469][INFO][clas_trainer:180] - train epoch: 32 [44896/49976 (90%)], lr: ['1.00e-04'], loss: 0.331416
[2024-03-02 07:36:36,158][INFO][clas_trainer:180] - train epoch: 32 [49888/49976 (100%)], lr: ['1.00e-04'], loss: 0.459202
[2024-03-02 07:36:40,853][INFO][clas_trainer:96] - [epoch  32] execution time: 46.21s	metrics:
[2024-03-02 07:36:40,853][INFO][clas_evaluator:69] - dataset: earlystopping, avg f1-score: 0.6043
[2024-03-02 07:36:45,188][INFO][clas_trainer:180] - train epoch: 33 [4960/49976 (10%)], lr: ['1.00e-04'], loss: 0.327784
[2024-03-02 07:36:49,426][INFO][clas_trainer:180] - train epoch: 33 [9952/49976 (20%)], lr: ['1.00e-04'], loss: 0.171938
[2024-03-02 07:36:53,412][INFO][clas_trainer:180] - train epoch: 33 [14944/49976 (30%)], lr: ['1.00e-04'], loss: 0.201704
[2024-03-02 07:36:57,887][INFO][clas_trainer:180] - train epoch: 33 [19936/49976 (40%)], lr: ['1.00e-04'], loss: 0.263664
[2024-03-02 07:37:02,155][INFO][clas_trainer:180] - train epoch: 33 [24928/49976 (50%)], lr: ['1.00e-04'], loss: 0.343600
[2024-03-02 07:37:06,100][INFO][clas_trainer:180] - train epoch: 33 [29920/49976 (60%)], lr: ['1.00e-04'], loss: 0.444386
[2024-03-02 07:37:10,115][INFO][clas_trainer:180] - train epoch: 33 [34912/49976 (70%)], lr: ['1.00e-04'], loss: 0.223383
[2024-03-02 07:37:14,198][INFO][clas_trainer:180] - train epoch: 33 [39904/49976 (80%)], lr: ['1.00e-04'], loss: 0.353702
[2024-03-02 07:37:18,654][INFO][clas_trainer:180] - train epoch: 33 [44896/49976 (90%)], lr: ['1.00e-04'], loss: 0.296128
[2024-03-02 07:37:22,982][INFO][clas_trainer:180] - train epoch: 33 [49888/49976 (100%)], lr: ['1.00e-04'], loss: 0.450421
[2024-03-02 07:37:27,310][INFO][clas_trainer:96] - [epoch  33] execution time: 46.46s	metrics:
[2024-03-02 07:37:27,310][INFO][clas_evaluator:69] - dataset: earlystopping, avg f1-score: 0.6033
[2024-03-02 07:37:31,845][INFO][clas_trainer:180] - train epoch: 34 [4960/49976 (10%)], lr: ['1.00e-04'], loss: 0.486405
[2024-03-02 07:37:36,285][INFO][clas_trainer:180] - train epoch: 34 [9952/49976 (20%)], lr: ['1.00e-04'], loss: 0.378233
[2024-03-02 07:37:40,511][INFO][clas_trainer:180] - train epoch: 34 [14944/49976 (30%)], lr: ['1.00e-04'], loss: 0.247208
[2024-03-02 07:37:44,756][INFO][clas_trainer:180] - train epoch: 34 [19936/49976 (40%)], lr: ['1.00e-04'], loss: 0.260515
[2024-03-02 07:37:49,277][INFO][clas_trainer:180] - train epoch: 34 [24928/49976 (50%)], lr: ['1.00e-04'], loss: 0.238603
[2024-03-02 07:37:53,645][INFO][clas_trainer:180] - train epoch: 34 [29920/49976 (60%)], lr: ['1.00e-04'], loss: 0.176875
[2024-03-02 07:37:57,759][INFO][clas_trainer:180] - train epoch: 34 [34912/49976 (70%)], lr: ['1.00e-04'], loss: 0.190025
[2024-03-02 07:38:01,764][INFO][clas_trainer:180] - train epoch: 34 [39904/49976 (80%)], lr: ['1.00e-04'], loss: 0.463537
[2024-03-02 07:38:06,015][INFO][clas_trainer:180] - train epoch: 34 [44896/49976 (90%)], lr: ['1.00e-04'], loss: 0.293155
[2024-03-02 07:38:10,360][INFO][clas_trainer:180] - train epoch: 34 [49888/49976 (100%)], lr: ['1.00e-04'], loss: 0.361202
[2024-03-02 07:38:14,875][INFO][clas_trainer:96] - [epoch  34] execution time: 47.56s	metrics:
[2024-03-02 07:38:14,875][INFO][clas_evaluator:69] - dataset: earlystopping, avg f1-score: 0.6235
[2024-03-02 07:38:19,122][INFO][clas_trainer:180] - train epoch: 35 [4960/49976 (10%)], lr: ['1.00e-04'], loss: 0.256116
[2024-03-02 07:38:23,869][INFO][clas_trainer:180] - train epoch: 35 [9952/49976 (20%)], lr: ['1.00e-04'], loss: 0.142331
[2024-03-02 07:38:27,954][INFO][clas_trainer:180] - train epoch: 35 [14944/49976 (30%)], lr: ['1.00e-04'], loss: 0.205337
[2024-03-02 07:38:32,107][INFO][clas_trainer:180] - train epoch: 35 [19936/49976 (40%)], lr: ['1.00e-04'], loss: 0.360210
[2024-03-02 07:38:36,571][INFO][clas_trainer:180] - train epoch: 35 [24928/49976 (50%)], lr: ['1.00e-04'], loss: 0.326471
[2024-03-02 07:38:40,650][INFO][clas_trainer:180] - train epoch: 35 [29920/49976 (60%)], lr: ['1.00e-04'], loss: 0.582705
[2024-03-02 07:38:45,144][INFO][clas_trainer:180] - train epoch: 35 [34912/49976 (70%)], lr: ['1.00e-04'], loss: 0.809448
[2024-03-02 07:38:49,563][INFO][clas_trainer:180] - train epoch: 35 [39904/49976 (80%)], lr: ['1.00e-04'], loss: 0.314968
[2024-03-02 07:38:53,505][INFO][clas_trainer:180] - train epoch: 35 [44896/49976 (90%)], lr: ['1.00e-04'], loss: 0.253562
[2024-03-02 07:38:57,512][INFO][clas_trainer:180] - train epoch: 35 [49888/49976 (100%)], lr: ['1.00e-04'], loss: 0.292587
[2024-03-02 07:39:02,478][INFO][clas_trainer:96] - [epoch  35] execution time: 47.60s	metrics:
[2024-03-02 07:39:02,479][INFO][clas_evaluator:69] - dataset: earlystopping, avg f1-score: 0.6161
[2024-03-02 07:39:07,076][INFO][clas_trainer:180] - train epoch: 36 [4960/49976 (10%)], lr: ['1.00e-04'], loss: 0.312639
[2024-03-02 07:39:11,245][INFO][clas_trainer:180] - train epoch: 36 [9952/49976 (20%)], lr: ['1.00e-04'], loss: 0.523664
[2024-03-02 07:39:15,272][INFO][clas_trainer:180] - train epoch: 36 [14944/49976 (30%)], lr: ['1.00e-04'], loss: 0.487445
[2024-03-02 07:39:19,053][INFO][clas_trainer:180] - train epoch: 36 [19936/49976 (40%)], lr: ['1.00e-04'], loss: 0.288940
[2024-03-02 07:39:23,069][INFO][clas_trainer:180] - train epoch: 36 [24928/49976 (50%)], lr: ['1.00e-04'], loss: 0.216327
[2024-03-02 07:39:27,194][INFO][clas_trainer:180] - train epoch: 36 [29920/49976 (60%)], lr: ['1.00e-04'], loss: 0.409544
[2024-03-02 07:39:31,248][INFO][clas_trainer:180] - train epoch: 36 [34912/49976 (70%)], lr: ['1.00e-04'], loss: 0.204250
[2024-03-02 07:39:35,757][INFO][clas_trainer:180] - train epoch: 36 [39904/49976 (80%)], lr: ['1.00e-04'], loss: 0.537445
[2024-03-02 07:39:40,035][INFO][clas_trainer:180] - train epoch: 36 [44896/49976 (90%)], lr: ['1.00e-04'], loss: 0.229566
[2024-03-02 07:39:44,284][INFO][clas_trainer:180] - train epoch: 36 [49888/49976 (100%)], lr: ['1.00e-04'], loss: 0.378028
[2024-03-02 07:39:48,354][INFO][clas_trainer:96] - [epoch  36] execution time: 45.87s	metrics:
[2024-03-02 07:39:48,355][INFO][clas_evaluator:69] - dataset: earlystopping, avg f1-score: 0.6162
[2024-03-02 07:39:48,369][INFO][clas_trainer:115] - finished training
[2024-03-02 07:39:48,370][INFO][clas_trainer:116] - best model on epoch: 26 	f1-score: 0.6312
