[2024-10-04 07:31:30,669][INFO][fine-tune:25] - Using GPU 7
[2024-10-04 07:31:30,674][INFO][fine-tune:35] - overrides:
hydra:
- hydra.launcher.n_jobs=40
- hydra.mode=MULTIRUN
task:
- m_seed_path_sids={seeds:[12,12,12,12,12],path:"exp006b-m12-simple_multi_class-2024-09-20_13-58-02-final.pth",subject_ids:{isruc:$\{data.isruc.cv_5_fold.fold_3\}}}
- data.downstream.train_dataloader.dataset.data_reducer.n_epochs=-1
- data.downstream.train_dataloader.dataset.data_reducer.n_subjects=4
- general.gpus=[4,5,6,7]

[2024-10-04 07:31:36,063][INFO][data_loaders:39] - class distribution before data reduction:
# samples per subject
sg1-1-1: 880
sg1-10-1: 842
sg1-11-1: 997
sg1-12-1: 850
sg1-13-1: 882
sg1-14-1: 906
sg1-15-1: 786
sg1-16-1: 883
sg1-17-1: 851
sg1-18-1: 999
sg1-19-1: 828
sg1-2-1: 964
sg1-22-1: 849
sg1-25-1: 921
sg1-27-1: 918
sg1-28-1: 882
sg1-29-1: 912
sg1-3-1: 943
sg1-31-1: 877
sg1-33-1: 920
sg1-35-1: 788
sg1-36-1: 987
sg1-37-1: 806
sg1-38-1: 932
sg1-39-1: 900
sg1-40-1: 875
sg1-42-1: 812
sg1-44-1: 932
sg1-45-1: 906
sg1-46-1: 863
sg1-47-1: 838
sg1-48-1: 981
sg1-49-1: 793
sg1-50-1: 905
sg1-51-1: 856
sg1-52-1: 912
sg1-56-1: 956
sg1-58-1: 965
sg1-6-1: 897
sg1-60-1: 916
sg1-61-1: 852
sg1-62-1: 864
sg1-63-1: 954
sg1-64-1: 892
sg1-65-1: 1014
sg1-66-1: 845
sg1-67-1: 862
sg1-68-1: 956
sg1-7-1: 933
sg1-71-1: 829
sg1-72-1: 872
sg1-73-1: 997
sg1-74-1: 897
sg1-75-1: 898
sg1-77-1: 805
sg1-80-1: 889
sg1-81-1: 911
sg1-82-1: 882
sg1-84-1: 963
sg1-85-1: 896
sg1-89-1: 1036
sg1-9-1: 969
sg1-90-1: 933
sg1-91-1: 990
sg1-92-1: 877
sg1-93-1: 870
sg1-94-1: 846
sg1-95-1: 865
sg1-96-1: 858
sg1-97-1: 912
sg1-98-1: 899
sg1-99-1: 835
sg2-1-1: 933
sg2-1-2: 787
sg2-2-1: 851
sg2-2-2: 869
sg2-3-1: 871
sg2-3-2: 813
sg2-4-1: 932
sg2-4-2: 899
sg2-5-1: 815
sg2-5-2: 879
sg2-6-1: 965
sg2-6-2: 1014
sg3-1-1: 954
sg3-3-1: 824
sg3-4-1: 794
sg3-5-1: 944
sg3-6-1: 853
sg3-7-1: 814
sg3-8-1: 1000
sg3-9-1: 969

# samples per stage
0: 19741
1: 11033
2: 25330
3: 15646
4: 10641
[2024-10-04 07:31:36,601][INFO][data_loaders:43] - class distribution after data reduction:
# samples per subject
sg1-17-1: 19573
sg1-66-1: 19435
sg1-80-1: 20447
sg1-90-1: 21459

# samples per stage
0: 18676
1: 14927
2: 27140
3: 13294
4: 6877
[2024-10-04 07:31:36,626][INFO][base_pretraining_fe:55] - Loading model from exp006b-m12-simple_multi_class-2024-09-20_13-58-02-final.pth
[2024-10-04 07:31:37,134][INFO][data_loaders:39] - class distribution before data reduction:
# samples per subject
sg1-30-1: 882
sg1-4-1: 963
sg1-41-1: 974
sg1-55-1: 879
sg1-57-1: 1007
sg1-70-1: 893
sg1-79-1: 880
sg1-87-1: 926

# samples per stage
0: 1251
1: 841
2: 2721
3: 1520
4: 1071
[2024-10-04 07:31:37,156][INFO][data_loaders:43] - class distribution after data reduction:
# samples per subject
sg1-30-1: 882
sg1-4-1: 963
sg1-41-1: 974
sg1-55-1: 879
sg1-57-1: 1007
sg1-70-1: 893
sg1-79-1: 880
sg1-87-1: 926

# samples per stage
0: 1251
1: 841
2: 2721
3: 1520
4: 1071
[2024-10-04 07:31:37,177][INFO][clas_trainer:49] - metrics before training (epoch 0):
[2024-10-04 07:32:14,426][INFO][clas_evaluator:132] - dataset: earlystopping, avg f1-score: 0.1967
[2024-10-04 07:32:52,931][INFO][clas_trainer:133] - train epoch: 1 [8032/80914 (10%)], lr: ['1.00e-04', '1.00e-04'], loss: 1.154151
[2024-10-04 07:33:30,730][INFO][clas_trainer:133] - train epoch: 1 [16096/80914 (20%)], lr: ['1.00e-04', '1.00e-04'], loss: 1.090630
[2024-10-04 07:34:08,739][INFO][clas_trainer:133] - train epoch: 1 [24160/80914 (30%)], lr: ['1.00e-04', '1.00e-04'], loss: 0.592948
[2024-10-04 07:34:45,624][INFO][clas_trainer:133] - train epoch: 1 [32224/80914 (40%)], lr: ['1.00e-04', '1.00e-04'], loss: 0.494812
[2024-10-04 07:35:23,427][INFO][clas_trainer:133] - train epoch: 1 [40288/80914 (50%)], lr: ['1.00e-04', '1.00e-04'], loss: 0.719058
[2024-10-04 07:36:02,150][INFO][clas_trainer:133] - train epoch: 1 [48352/80914 (60%)], lr: ['1.00e-04', '1.00e-04'], loss: 0.632561
[2024-10-04 07:36:40,165][INFO][clas_trainer:133] - train epoch: 1 [56416/80914 (70%)], lr: ['1.00e-04', '1.00e-04'], loss: 0.445232
[2024-10-04 07:37:19,517][INFO][clas_trainer:133] - train epoch: 1 [64480/80914 (80%)], lr: ['1.00e-04', '1.00e-04'], loss: 0.394731
[2024-10-04 07:37:56,707][INFO][clas_trainer:133] - train epoch: 1 [72544/80914 (90%)], lr: ['1.00e-04', '1.00e-04'], loss: 0.352421
[2024-10-04 07:38:34,690][INFO][clas_trainer:133] - train epoch: 1 [80608/80914 (100%)], lr: ['1.00e-04', '1.00e-04'], loss: 0.384618
[2024-10-04 07:39:15,445][INFO][clas_trainer:63] - [epoch   1] execution time: 421.02s	metrics:
[2024-10-04 07:39:15,446][INFO][clas_evaluator:132] - dataset: earlystopping, avg f1-score: 0.7643
[2024-10-04 07:39:15,485][INFO][base_model:51] - snapshot saved to XXX/frequency-pretraining/models/exp006c-m303-base_fe_clas-2024-10-03_20-03-43-final.pth
[2024-10-04 07:39:56,217][INFO][clas_trainer:133] - train epoch: 2 [8032/80914 (10%)], lr: ['1.00e-04', '1.00e-04'], loss: 0.349367
[2024-10-04 07:40:35,936][INFO][clas_trainer:133] - train epoch: 2 [16096/80914 (20%)], lr: ['1.00e-04', '1.00e-04'], loss: 0.230605
[2024-10-04 07:41:15,299][INFO][clas_trainer:133] - train epoch: 2 [24160/80914 (30%)], lr: ['1.00e-04', '1.00e-04'], loss: 0.332549
[2024-10-04 07:41:54,216][INFO][clas_trainer:133] - train epoch: 2 [32224/80914 (40%)], lr: ['1.00e-04', '1.00e-04'], loss: 0.466854
[2024-10-04 07:42:31,741][INFO][clas_trainer:133] - train epoch: 2 [40288/80914 (50%)], lr: ['1.00e-04', '1.00e-04'], loss: 0.376403
[2024-10-04 07:43:08,519][INFO][clas_trainer:133] - train epoch: 2 [48352/80914 (60%)], lr: ['1.00e-04', '1.00e-04'], loss: 0.290171
[2024-10-04 07:43:46,107][INFO][clas_trainer:133] - train epoch: 2 [56416/80914 (70%)], lr: ['1.00e-04', '1.00e-04'], loss: 0.463113
[2024-10-04 07:44:24,742][INFO][clas_trainer:133] - train epoch: 2 [64480/80914 (80%)], lr: ['1.00e-04', '1.00e-04'], loss: 0.442709
[2024-10-04 07:45:01,467][INFO][clas_trainer:133] - train epoch: 2 [72544/80914 (90%)], lr: ['1.00e-04', '1.00e-04'], loss: 0.148997
[2024-10-04 07:45:39,295][INFO][clas_trainer:133] - train epoch: 2 [80608/80914 (100%)], lr: ['1.00e-04', '1.00e-04'], loss: 0.361173
[2024-10-04 07:46:19,391][INFO][clas_trainer:63] - [epoch   2] execution time: 423.91s	metrics:
[2024-10-04 07:46:19,392][INFO][clas_evaluator:132] - dataset: earlystopping, avg f1-score: 0.7695
[2024-10-04 07:46:19,435][INFO][base_model:51] - snapshot saved to XXX/frequency-pretraining/models/exp006c-m303-base_fe_clas-2024-10-03_20-03-43-final.pth
[2024-10-04 07:46:57,395][INFO][clas_trainer:133] - train epoch: 3 [8032/80914 (10%)], lr: ['1.00e-04', '1.00e-04'], loss: 0.478811
[2024-10-04 07:47:36,151][INFO][clas_trainer:133] - train epoch: 3 [16096/80914 (20%)], lr: ['1.00e-04', '1.00e-04'], loss: 0.407973
[2024-10-04 07:48:15,073][INFO][clas_trainer:133] - train epoch: 3 [24160/80914 (30%)], lr: ['1.00e-04', '1.00e-04'], loss: 0.382950
[2024-10-04 07:48:52,179][INFO][clas_trainer:133] - train epoch: 3 [32224/80914 (40%)], lr: ['1.00e-04', '1.00e-04'], loss: 0.196813
[2024-10-04 07:49:27,632][INFO][clas_trainer:133] - train epoch: 3 [40288/80914 (50%)], lr: ['1.00e-04', '1.00e-04'], loss: 0.372116
[2024-10-04 07:50:03,262][INFO][clas_trainer:133] - train epoch: 3 [48352/80914 (60%)], lr: ['1.00e-04', '1.00e-04'], loss: 0.411796
[2024-10-04 07:50:42,053][INFO][clas_trainer:133] - train epoch: 3 [56416/80914 (70%)], lr: ['1.00e-04', '1.00e-04'], loss: 0.595741
[2024-10-04 07:51:18,296][INFO][clas_trainer:133] - train epoch: 3 [64480/80914 (80%)], lr: ['1.00e-04', '1.00e-04'], loss: 0.214146
[2024-10-04 07:51:56,017][INFO][clas_trainer:133] - train epoch: 3 [72544/80914 (90%)], lr: ['1.00e-04', '1.00e-04'], loss: 0.438921
[2024-10-04 07:52:32,808][INFO][clas_trainer:133] - train epoch: 3 [80608/80914 (100%)], lr: ['1.00e-04', '1.00e-04'], loss: 0.352116
[2024-10-04 07:53:13,051][INFO][clas_trainer:63] - [epoch   3] execution time: 413.62s	metrics:
[2024-10-04 07:53:13,052][INFO][clas_evaluator:132] - dataset: earlystopping, avg f1-score: 0.7553
[2024-10-04 07:53:52,013][INFO][clas_trainer:133] - train epoch: 4 [8032/80914 (10%)], lr: ['1.00e-04', '1.00e-04'], loss: 0.226815
[2024-10-04 07:54:29,851][INFO][clas_trainer:133] - train epoch: 4 [16096/80914 (20%)], lr: ['1.00e-04', '1.00e-04'], loss: 0.109193
[2024-10-04 07:55:06,404][INFO][clas_trainer:133] - train epoch: 4 [24160/80914 (30%)], lr: ['1.00e-04', '1.00e-04'], loss: 0.254449
[2024-10-04 07:55:43,765][INFO][clas_trainer:133] - train epoch: 4 [32224/80914 (40%)], lr: ['1.00e-04', '1.00e-04'], loss: 0.136481
[2024-10-04 07:56:19,413][INFO][clas_trainer:133] - train epoch: 4 [40288/80914 (50%)], lr: ['1.00e-04', '1.00e-04'], loss: 0.250491
[2024-10-04 07:56:54,926][INFO][clas_trainer:133] - train epoch: 4 [48352/80914 (60%)], lr: ['1.00e-04', '1.00e-04'], loss: 0.127965
[2024-10-04 07:57:33,626][INFO][clas_trainer:133] - train epoch: 4 [56416/80914 (70%)], lr: ['1.00e-04', '1.00e-04'], loss: 0.091244
[2024-10-04 07:58:09,559][INFO][clas_trainer:133] - train epoch: 4 [64480/80914 (80%)], lr: ['1.00e-04', '1.00e-04'], loss: 0.226059
[2024-10-04 07:58:45,321][INFO][clas_trainer:133] - train epoch: 4 [72544/80914 (90%)], lr: ['1.00e-04', '1.00e-04'], loss: 0.208524
[2024-10-04 07:59:21,767][INFO][clas_trainer:133] - train epoch: 4 [80608/80914 (100%)], lr: ['1.00e-04', '1.00e-04'], loss: 0.279981
[2024-10-04 08:00:00,529][INFO][clas_trainer:63] - [epoch   4] execution time: 407.48s	metrics:
[2024-10-04 08:00:00,529][INFO][clas_evaluator:132] - dataset: earlystopping, avg f1-score: 0.7651
[2024-10-04 08:00:39,226][INFO][clas_trainer:133] - train epoch: 5 [8032/80914 (10%)], lr: ['1.00e-04', '1.00e-04'], loss: 0.168796
[2024-10-04 08:01:17,410][INFO][clas_trainer:133] - train epoch: 5 [16096/80914 (20%)], lr: ['1.00e-04', '1.00e-04'], loss: 0.148925
[2024-10-04 08:01:56,261][INFO][clas_trainer:133] - train epoch: 5 [24160/80914 (30%)], lr: ['1.00e-04', '1.00e-04'], loss: 0.103945
[2024-10-04 08:02:34,807][INFO][clas_trainer:133] - train epoch: 5 [32224/80914 (40%)], lr: ['1.00e-04', '1.00e-04'], loss: 0.439290
[2024-10-04 08:03:12,135][INFO][clas_trainer:133] - train epoch: 5 [40288/80914 (50%)], lr: ['1.00e-04', '1.00e-04'], loss: 0.214138
[2024-10-04 08:03:49,960][INFO][clas_trainer:133] - train epoch: 5 [48352/80914 (60%)], lr: ['1.00e-04', '1.00e-04'], loss: 0.052713
[2024-10-04 08:04:26,776][INFO][clas_trainer:133] - train epoch: 5 [56416/80914 (70%)], lr: ['1.00e-04', '1.00e-04'], loss: 0.297797
[2024-10-04 08:05:03,344][INFO][clas_trainer:133] - train epoch: 5 [64480/80914 (80%)], lr: ['1.00e-04', '1.00e-04'], loss: 0.097187
[2024-10-04 08:05:39,652][INFO][clas_trainer:133] - train epoch: 5 [72544/80914 (90%)], lr: ['1.00e-04', '1.00e-04'], loss: 0.052521
[2024-10-04 08:06:14,927][INFO][clas_trainer:133] - train epoch: 5 [80608/80914 (100%)], lr: ['1.00e-04', '1.00e-04'], loss: 0.046139
[2024-10-04 08:06:53,270][INFO][clas_trainer:63] - [epoch   5] execution time: 412.74s	metrics:
[2024-10-04 08:06:53,271][INFO][clas_evaluator:132] - dataset: earlystopping, avg f1-score: 0.7614
[2024-10-04 08:07:31,427][INFO][clas_trainer:133] - train epoch: 6 [8032/80914 (10%)], lr: ['1.00e-04', '1.00e-04'], loss: 0.126370
[2024-10-04 08:08:09,702][INFO][clas_trainer:133] - train epoch: 6 [16096/80914 (20%)], lr: ['1.00e-04', '1.00e-04'], loss: 0.268600
[2024-10-04 08:08:46,940][INFO][clas_trainer:133] - train epoch: 6 [24160/80914 (30%)], lr: ['1.00e-04', '1.00e-04'], loss: 0.195508
[2024-10-04 08:09:23,711][INFO][clas_trainer:133] - train epoch: 6 [32224/80914 (40%)], lr: ['1.00e-04', '1.00e-04'], loss: 0.357634
[2024-10-04 08:10:00,140][INFO][clas_trainer:133] - train epoch: 6 [40288/80914 (50%)], lr: ['1.00e-04', '1.00e-04'], loss: 0.315538
[2024-10-04 08:10:36,324][INFO][clas_trainer:133] - train epoch: 6 [48352/80914 (60%)], lr: ['1.00e-04', '1.00e-04'], loss: 0.149915
[2024-10-04 08:11:13,673][INFO][clas_trainer:133] - train epoch: 6 [56416/80914 (70%)], lr: ['1.00e-04', '1.00e-04'], loss: 0.008819
[2024-10-04 08:11:52,770][INFO][clas_trainer:133] - train epoch: 6 [64480/80914 (80%)], lr: ['1.00e-04', '1.00e-04'], loss: 0.051038
[2024-10-04 08:12:30,950][INFO][clas_trainer:133] - train epoch: 6 [72544/80914 (90%)], lr: ['1.00e-04', '1.00e-04'], loss: 0.031330
[2024-10-04 08:13:09,409][INFO][clas_trainer:133] - train epoch: 6 [80608/80914 (100%)], lr: ['1.00e-04', '1.00e-04'], loss: 0.030338
[2024-10-04 08:13:50,792][INFO][clas_trainer:63] - [epoch   6] execution time: 417.52s	metrics:
[2024-10-04 08:13:50,793][INFO][clas_evaluator:132] - dataset: earlystopping, avg f1-score: 0.7424
[2024-10-04 08:14:34,395][INFO][clas_trainer:133] - train epoch: 7 [8032/80914 (10%)], lr: ['1.00e-04', '1.00e-04'], loss: 0.153184
[2024-10-04 08:15:16,600][INFO][clas_trainer:133] - train epoch: 7 [16096/80914 (20%)], lr: ['1.00e-04', '1.00e-04'], loss: 0.053437
[2024-10-04 08:15:55,451][INFO][clas_trainer:133] - train epoch: 7 [24160/80914 (30%)], lr: ['1.00e-04', '1.00e-04'], loss: 0.118777
[2024-10-04 08:16:33,218][INFO][clas_trainer:133] - train epoch: 7 [32224/80914 (40%)], lr: ['1.00e-04', '1.00e-04'], loss: 0.087064
[2024-10-04 08:17:12,427][INFO][clas_trainer:133] - train epoch: 7 [40288/80914 (50%)], lr: ['1.00e-04', '1.00e-04'], loss: 0.020560
[2024-10-04 08:17:51,659][INFO][clas_trainer:133] - train epoch: 7 [48352/80914 (60%)], lr: ['1.00e-04', '1.00e-04'], loss: 0.077206
[2024-10-04 08:18:30,072][INFO][clas_trainer:133] - train epoch: 7 [56416/80914 (70%)], lr: ['1.00e-04', '1.00e-04'], loss: 0.232669
[2024-10-04 08:19:09,336][INFO][clas_trainer:133] - train epoch: 7 [64480/80914 (80%)], lr: ['1.00e-04', '1.00e-04'], loss: 0.053318
[2024-10-04 08:19:45,855][INFO][clas_trainer:133] - train epoch: 7 [72544/80914 (90%)], lr: ['1.00e-04', '1.00e-04'], loss: 0.107841
[2024-10-04 08:20:24,207][INFO][clas_trainer:133] - train epoch: 7 [80608/80914 (100%)], lr: ['1.00e-04', '1.00e-04'], loss: 0.038805
[2024-10-04 08:21:06,156][INFO][clas_trainer:63] - [epoch   7] execution time: 435.36s	metrics:
[2024-10-04 08:21:06,157][INFO][clas_evaluator:132] - dataset: earlystopping, avg f1-score: 0.7604
[2024-10-04 08:21:44,493][INFO][clas_trainer:133] - train epoch: 8 [8032/80914 (10%)], lr: ['1.00e-04', '1.00e-04'], loss: 0.105556
[2024-10-04 08:22:22,600][INFO][clas_trainer:133] - train epoch: 8 [16096/80914 (20%)], lr: ['1.00e-04', '1.00e-04'], loss: 0.023811
[2024-10-04 08:22:59,752][INFO][clas_trainer:133] - train epoch: 8 [24160/80914 (30%)], lr: ['1.00e-04', '1.00e-04'], loss: 0.052347
[2024-10-04 08:23:35,540][INFO][clas_trainer:133] - train epoch: 8 [32224/80914 (40%)], lr: ['1.00e-04', '1.00e-04'], loss: 0.089646
[2024-10-04 08:24:13,570][INFO][clas_trainer:133] - train epoch: 8 [40288/80914 (50%)], lr: ['1.00e-04', '1.00e-04'], loss: 0.095725
[2024-10-04 08:24:50,606][INFO][clas_trainer:133] - train epoch: 8 [48352/80914 (60%)], lr: ['1.00e-04', '1.00e-04'], loss: 0.081649
[2024-10-04 08:25:27,237][INFO][clas_trainer:133] - train epoch: 8 [56416/80914 (70%)], lr: ['1.00e-04', '1.00e-04'], loss: 0.074590
[2024-10-04 08:26:04,864][INFO][clas_trainer:133] - train epoch: 8 [64480/80914 (80%)], lr: ['1.00e-04', '1.00e-04'], loss: 0.076900
[2024-10-04 08:26:42,047][INFO][clas_trainer:133] - train epoch: 8 [72544/80914 (90%)], lr: ['1.00e-04', '1.00e-04'], loss: 0.023518
[2024-10-04 08:27:18,831][INFO][clas_trainer:133] - train epoch: 8 [80608/80914 (100%)], lr: ['1.00e-04', '1.00e-04'], loss: 0.013505
[2024-10-04 08:27:57,815][INFO][clas_trainer:63] - [epoch   8] execution time: 411.66s	metrics:
[2024-10-04 08:27:57,815][INFO][clas_evaluator:132] - dataset: earlystopping, avg f1-score: 0.7751
[2024-10-04 08:27:57,857][INFO][base_model:51] - snapshot saved to XXX/frequency-pretraining/models/exp006c-m303-base_fe_clas-2024-10-03_20-03-43-final.pth
[2024-10-04 08:28:36,484][INFO][clas_trainer:133] - train epoch: 9 [8032/80914 (10%)], lr: ['1.00e-04', '1.00e-04'], loss: 0.015104
[2024-10-04 08:29:14,588][INFO][clas_trainer:133] - train epoch: 9 [16096/80914 (20%)], lr: ['1.00e-04', '1.00e-04'], loss: 0.134451
[2024-10-04 08:29:53,538][INFO][clas_trainer:133] - train epoch: 9 [24160/80914 (30%)], lr: ['1.00e-04', '1.00e-04'], loss: 0.063281
[2024-10-04 08:30:29,840][INFO][clas_trainer:133] - train epoch: 9 [32224/80914 (40%)], lr: ['1.00e-04', '1.00e-04'], loss: 0.053209
[2024-10-04 08:31:08,371][INFO][clas_trainer:133] - train epoch: 9 [40288/80914 (50%)], lr: ['1.00e-04', '1.00e-04'], loss: 0.228404
[2024-10-04 08:31:46,737][INFO][clas_trainer:133] - train epoch: 9 [48352/80914 (60%)], lr: ['1.00e-04', '1.00e-04'], loss: 0.060930
[2024-10-04 08:32:22,862][INFO][clas_trainer:133] - train epoch: 9 [56416/80914 (70%)], lr: ['1.00e-04', '1.00e-04'], loss: 0.097269
[2024-10-04 08:32:59,847][INFO][clas_trainer:133] - train epoch: 9 [64480/80914 (80%)], lr: ['1.00e-04', '1.00e-04'], loss: 0.047810
[2024-10-04 08:33:35,348][INFO][clas_trainer:133] - train epoch: 9 [72544/80914 (90%)], lr: ['1.00e-04', '1.00e-04'], loss: 0.041587
[2024-10-04 08:34:09,717][INFO][clas_trainer:133] - train epoch: 9 [80608/80914 (100%)], lr: ['1.00e-04', '1.00e-04'], loss: 0.012756
[2024-10-04 08:34:48,157][INFO][clas_trainer:63] - [epoch   9] execution time: 410.30s	metrics:
[2024-10-04 08:34:48,158][INFO][clas_evaluator:132] - dataset: earlystopping, avg f1-score: 0.7530
[2024-10-04 08:35:26,478][INFO][clas_trainer:133] - train epoch: 10 [8032/80914 (10%)], lr: ['1.00e-04', '1.00e-04'], loss: 0.020043
[2024-10-04 08:36:01,869][INFO][clas_trainer:133] - train epoch: 10 [16096/80914 (20%)], lr: ['1.00e-04', '1.00e-04'], loss: 0.058915
[2024-10-04 08:36:38,518][INFO][clas_trainer:133] - train epoch: 10 [24160/80914 (30%)], lr: ['1.00e-04', '1.00e-04'], loss: 0.086454
[2024-10-04 08:37:14,961][INFO][clas_trainer:133] - train epoch: 10 [32224/80914 (40%)], lr: ['1.00e-04', '1.00e-04'], loss: 0.012624
[2024-10-04 08:37:51,573][INFO][clas_trainer:133] - train epoch: 10 [40288/80914 (50%)], lr: ['1.00e-04', '1.00e-04'], loss: 0.007512
[2024-10-04 08:38:28,994][INFO][clas_trainer:133] - train epoch: 10 [48352/80914 (60%)], lr: ['1.00e-04', '1.00e-04'], loss: 0.100670
[2024-10-04 08:39:04,964][INFO][clas_trainer:133] - train epoch: 10 [56416/80914 (70%)], lr: ['1.00e-04', '1.00e-04'], loss: 0.022810
[2024-10-04 08:39:41,408][INFO][clas_trainer:133] - train epoch: 10 [64480/80914 (80%)], lr: ['1.00e-04', '1.00e-04'], loss: 0.057400
[2024-10-04 08:40:17,151][INFO][clas_trainer:133] - train epoch: 10 [72544/80914 (90%)], lr: ['1.00e-04', '1.00e-04'], loss: 0.099803
[2024-10-04 08:40:51,694][INFO][clas_trainer:133] - train epoch: 10 [80608/80914 (100%)], lr: ['1.00e-04', '1.00e-04'], loss: 0.032396
[2024-10-04 08:41:29,843][INFO][clas_trainer:63] - [epoch  10] execution time: 401.69s	metrics:
[2024-10-04 08:41:29,844][INFO][clas_evaluator:132] - dataset: earlystopping, avg f1-score: 0.7626
[2024-10-04 08:42:06,068][INFO][clas_trainer:133] - train epoch: 11 [8032/80914 (10%)], lr: ['1.00e-04', '1.00e-04'], loss: 0.147589
[2024-10-04 08:42:45,269][INFO][clas_trainer:133] - train epoch: 11 [16096/80914 (20%)], lr: ['1.00e-04', '1.00e-04'], loss: 0.011254
[2024-10-04 08:43:22,318][INFO][clas_trainer:133] - train epoch: 11 [24160/80914 (30%)], lr: ['1.00e-04', '1.00e-04'], loss: 0.019514
[2024-10-04 08:43:58,017][INFO][clas_trainer:133] - train epoch: 11 [32224/80914 (40%)], lr: ['1.00e-04', '1.00e-04'], loss: 0.039620
[2024-10-04 08:44:32,854][INFO][clas_trainer:133] - train epoch: 11 [40288/80914 (50%)], lr: ['1.00e-04', '1.00e-04'], loss: 0.021048
[2024-10-04 08:45:08,508][INFO][clas_trainer:133] - train epoch: 11 [48352/80914 (60%)], lr: ['1.00e-04', '1.00e-04'], loss: 0.015284
[2024-10-04 08:45:42,469][INFO][clas_trainer:133] - train epoch: 11 [56416/80914 (70%)], lr: ['1.00e-04', '1.00e-04'], loss: 0.001279
[2024-10-04 08:46:18,558][INFO][clas_trainer:133] - train epoch: 11 [64480/80914 (80%)], lr: ['1.00e-04', '1.00e-04'], loss: 0.039828
[2024-10-04 08:46:54,630][INFO][clas_trainer:133] - train epoch: 11 [72544/80914 (90%)], lr: ['1.00e-04', '1.00e-04'], loss: 0.027312
[2024-10-04 08:47:31,461][INFO][clas_trainer:133] - train epoch: 11 [80608/80914 (100%)], lr: ['1.00e-04', '1.00e-04'], loss: 0.009134
[2024-10-04 08:48:09,700][INFO][clas_trainer:63] - [epoch  11] execution time: 399.86s	metrics:
[2024-10-04 08:48:09,700][INFO][clas_evaluator:132] - dataset: earlystopping, avg f1-score: 0.7616
[2024-10-04 08:48:48,861][INFO][clas_trainer:133] - train epoch: 12 [8032/80914 (10%)], lr: ['1.00e-04', '1.00e-04'], loss: 0.116266
[2024-10-04 08:49:26,190][INFO][clas_trainer:133] - train epoch: 12 [16096/80914 (20%)], lr: ['1.00e-04', '1.00e-04'], loss: 0.104294
[2024-10-04 08:50:03,397][INFO][clas_trainer:133] - train epoch: 12 [24160/80914 (30%)], lr: ['1.00e-04', '1.00e-04'], loss: 0.054460
[2024-10-04 08:50:40,640][INFO][clas_trainer:133] - train epoch: 12 [32224/80914 (40%)], lr: ['1.00e-04', '1.00e-04'], loss: 0.041052
[2024-10-04 08:51:17,052][INFO][clas_trainer:133] - train epoch: 12 [40288/80914 (50%)], lr: ['1.00e-04', '1.00e-04'], loss: 0.012074
[2024-10-04 08:51:55,029][INFO][clas_trainer:133] - train epoch: 12 [48352/80914 (60%)], lr: ['1.00e-04', '1.00e-04'], loss: 0.007339
[2024-10-04 08:52:31,582][INFO][clas_trainer:133] - train epoch: 12 [56416/80914 (70%)], lr: ['1.00e-04', '1.00e-04'], loss: 0.122231
[2024-10-04 08:53:05,745][INFO][clas_trainer:133] - train epoch: 12 [64480/80914 (80%)], lr: ['1.00e-04', '1.00e-04'], loss: 0.050892
[2024-10-04 08:53:40,589][INFO][clas_trainer:133] - train epoch: 12 [72544/80914 (90%)], lr: ['1.00e-04', '1.00e-04'], loss: 0.042683
[2024-10-04 08:54:15,588][INFO][clas_trainer:133] - train epoch: 12 [80608/80914 (100%)], lr: ['1.00e-04', '1.00e-04'], loss: 0.029040
[2024-10-04 08:54:53,497][INFO][clas_trainer:63] - [epoch  12] execution time: 403.80s	metrics:
[2024-10-04 08:54:53,498][INFO][clas_evaluator:132] - dataset: earlystopping, avg f1-score: 0.7659
[2024-10-04 08:55:34,318][INFO][clas_trainer:133] - train epoch: 13 [8032/80914 (10%)], lr: ['1.00e-04', '1.00e-04'], loss: 0.002082
[2024-10-04 08:56:15,345][INFO][clas_trainer:133] - train epoch: 13 [16096/80914 (20%)], lr: ['1.00e-04', '1.00e-04'], loss: 0.026260
[2024-10-04 08:56:53,032][INFO][clas_trainer:133] - train epoch: 13 [24160/80914 (30%)], lr: ['1.00e-04', '1.00e-04'], loss: 0.028819
[2024-10-04 08:57:29,230][INFO][clas_trainer:133] - train epoch: 13 [32224/80914 (40%)], lr: ['1.00e-04', '1.00e-04'], loss: 0.090802
[2024-10-04 08:58:06,103][INFO][clas_trainer:133] - train epoch: 13 [40288/80914 (50%)], lr: ['1.00e-04', '1.00e-04'], loss: 0.059889
[2024-10-04 08:58:42,791][INFO][clas_trainer:133] - train epoch: 13 [48352/80914 (60%)], lr: ['1.00e-04', '1.00e-04'], loss: 0.007599
[2024-10-04 08:59:18,474][INFO][clas_trainer:133] - train epoch: 13 [56416/80914 (70%)], lr: ['1.00e-04', '1.00e-04'], loss: 0.234009
[2024-10-04 08:59:55,082][INFO][clas_trainer:133] - train epoch: 13 [64480/80914 (80%)], lr: ['1.00e-04', '1.00e-04'], loss: 0.193531
[2024-10-04 09:00:31,535][INFO][clas_trainer:133] - train epoch: 13 [72544/80914 (90%)], lr: ['1.00e-04', '1.00e-04'], loss: 0.029020
[2024-10-04 09:01:09,401][INFO][clas_trainer:133] - train epoch: 13 [80608/80914 (100%)], lr: ['1.00e-04', '1.00e-04'], loss: 0.039685
[2024-10-04 09:01:48,603][INFO][clas_trainer:63] - [epoch  13] execution time: 415.10s	metrics:
[2024-10-04 09:01:48,603][INFO][clas_evaluator:132] - dataset: earlystopping, avg f1-score: 0.7574
[2024-10-04 09:02:26,551][INFO][clas_trainer:133] - train epoch: 14 [8032/80914 (10%)], lr: ['1.00e-04', '1.00e-04'], loss: 0.045638
[2024-10-04 09:03:02,573][INFO][clas_trainer:133] - train epoch: 14 [16096/80914 (20%)], lr: ['1.00e-04', '1.00e-04'], loss: 0.036448
[2024-10-04 09:03:39,304][INFO][clas_trainer:133] - train epoch: 14 [24160/80914 (30%)], lr: ['1.00e-04', '1.00e-04'], loss: 0.027241
[2024-10-04 09:04:16,251][INFO][clas_trainer:133] - train epoch: 14 [32224/80914 (40%)], lr: ['1.00e-04', '1.00e-04'], loss: 0.110248
[2024-10-04 09:04:54,121][INFO][clas_trainer:133] - train epoch: 14 [40288/80914 (50%)], lr: ['1.00e-04', '1.00e-04'], loss: 0.136234
[2024-10-04 09:05:31,227][INFO][clas_trainer:133] - train epoch: 14 [48352/80914 (60%)], lr: ['1.00e-04', '1.00e-04'], loss: 0.116310
[2024-10-04 09:06:08,591][INFO][clas_trainer:133] - train epoch: 14 [56416/80914 (70%)], lr: ['1.00e-04', '1.00e-04'], loss: 0.009198
[2024-10-04 09:06:47,437][INFO][clas_trainer:133] - train epoch: 14 [64480/80914 (80%)], lr: ['1.00e-04', '1.00e-04'], loss: 0.005776
[2024-10-04 09:07:27,704][INFO][clas_trainer:133] - train epoch: 14 [72544/80914 (90%)], lr: ['1.00e-04', '1.00e-04'], loss: 0.015264
[2024-10-04 09:08:08,650][INFO][clas_trainer:133] - train epoch: 14 [80608/80914 (100%)], lr: ['1.00e-04', '1.00e-04'], loss: 0.001993
[2024-10-04 09:08:48,107][INFO][clas_trainer:63] - [epoch  14] execution time: 419.50s	metrics:
[2024-10-04 09:08:48,108][INFO][clas_evaluator:132] - dataset: earlystopping, avg f1-score: 0.7551
[2024-10-04 09:09:27,007][INFO][clas_trainer:133] - train epoch: 15 [8032/80914 (10%)], lr: ['1.00e-04', '1.00e-04'], loss: 0.087119
[2024-10-04 09:10:09,617][INFO][clas_trainer:133] - train epoch: 15 [16096/80914 (20%)], lr: ['1.00e-04', '1.00e-04'], loss: 0.010055
[2024-10-04 09:10:52,486][INFO][clas_trainer:133] - train epoch: 15 [24160/80914 (30%)], lr: ['1.00e-04', '1.00e-04'], loss: 0.002953
[2024-10-04 09:11:36,843][INFO][clas_trainer:133] - train epoch: 15 [32224/80914 (40%)], lr: ['1.00e-04', '1.00e-04'], loss: 0.010006
[2024-10-04 09:12:19,697][INFO][clas_trainer:133] - train epoch: 15 [40288/80914 (50%)], lr: ['1.00e-04', '1.00e-04'], loss: 0.036723
[2024-10-04 09:12:59,599][INFO][clas_trainer:133] - train epoch: 15 [48352/80914 (60%)], lr: ['1.00e-04', '1.00e-04'], loss: 0.054697
[2024-10-04 09:13:39,575][INFO][clas_trainer:133] - train epoch: 15 [56416/80914 (70%)], lr: ['1.00e-04', '1.00e-04'], loss: 0.101139
[2024-10-04 09:14:23,413][INFO][clas_trainer:133] - train epoch: 15 [64480/80914 (80%)], lr: ['1.00e-04', '1.00e-04'], loss: 0.020155
[2024-10-04 09:15:02,547][INFO][clas_trainer:133] - train epoch: 15 [72544/80914 (90%)], lr: ['1.00e-04', '1.00e-04'], loss: 0.008129
[2024-10-04 09:15:43,200][INFO][clas_trainer:133] - train epoch: 15 [80608/80914 (100%)], lr: ['1.00e-04', '1.00e-04'], loss: 0.040363
[2024-10-04 09:16:32,511][INFO][clas_trainer:63] - [epoch  15] execution time: 464.40s	metrics:
[2024-10-04 09:16:32,513][INFO][clas_evaluator:132] - dataset: earlystopping, avg f1-score: 0.7519
[2024-10-04 09:17:12,901][INFO][clas_trainer:133] - train epoch: 16 [8032/80914 (10%)], lr: ['1.00e-04', '1.00e-04'], loss: 0.010574
[2024-10-04 09:17:53,034][INFO][clas_trainer:133] - train epoch: 16 [16096/80914 (20%)], lr: ['1.00e-04', '1.00e-04'], loss: 0.034002
[2024-10-04 09:18:33,599][INFO][clas_trainer:133] - train epoch: 16 [24160/80914 (30%)], lr: ['1.00e-04', '1.00e-04'], loss: 0.008682
[2024-10-04 09:19:13,263][INFO][clas_trainer:133] - train epoch: 16 [32224/80914 (40%)], lr: ['1.00e-04', '1.00e-04'], loss: 0.021432
[2024-10-04 09:19:52,418][INFO][clas_trainer:133] - train epoch: 16 [40288/80914 (50%)], lr: ['1.00e-04', '1.00e-04'], loss: 0.014898
[2024-10-04 09:20:30,133][INFO][clas_trainer:133] - train epoch: 16 [48352/80914 (60%)], lr: ['1.00e-04', '1.00e-04'], loss: 0.016652
[2024-10-04 09:21:06,185][INFO][clas_trainer:133] - train epoch: 16 [56416/80914 (70%)], lr: ['1.00e-04', '1.00e-04'], loss: 0.032929
[2024-10-04 09:21:44,628][INFO][clas_trainer:133] - train epoch: 16 [64480/80914 (80%)], lr: ['1.00e-04', '1.00e-04'], loss: 0.007403
[2024-10-04 09:22:23,160][INFO][clas_trainer:133] - train epoch: 16 [72544/80914 (90%)], lr: ['1.00e-04', '1.00e-04'], loss: 0.007359
[2024-10-04 09:23:00,527][INFO][clas_trainer:133] - train epoch: 16 [80608/80914 (100%)], lr: ['1.00e-04', '1.00e-04'], loss: 0.053564
[2024-10-04 09:23:41,337][INFO][clas_trainer:63] - [epoch  16] execution time: 428.82s	metrics:
[2024-10-04 09:23:41,338][INFO][clas_evaluator:132] - dataset: earlystopping, avg f1-score: 0.7608
[2024-10-04 09:24:21,093][INFO][clas_trainer:133] - train epoch: 17 [8032/80914 (10%)], lr: ['1.00e-04', '1.00e-04'], loss: 0.013752
[2024-10-04 09:24:58,739][INFO][clas_trainer:133] - train epoch: 17 [16096/80914 (20%)], lr: ['1.00e-04', '1.00e-04'], loss: 0.011607
[2024-10-04 09:25:36,526][INFO][clas_trainer:133] - train epoch: 17 [24160/80914 (30%)], lr: ['1.00e-04', '1.00e-04'], loss: 0.051712
[2024-10-04 09:26:14,867][INFO][clas_trainer:133] - train epoch: 17 [32224/80914 (40%)], lr: ['1.00e-04', '1.00e-04'], loss: 0.080938
[2024-10-04 09:26:52,776][INFO][clas_trainer:133] - train epoch: 17 [40288/80914 (50%)], lr: ['1.00e-04', '1.00e-04'], loss: 0.053649
[2024-10-04 09:27:29,427][INFO][clas_trainer:133] - train epoch: 17 [48352/80914 (60%)], lr: ['1.00e-04', '1.00e-04'], loss: 0.012214
[2024-10-04 09:28:07,126][INFO][clas_trainer:133] - train epoch: 17 [56416/80914 (70%)], lr: ['1.00e-04', '1.00e-04'], loss: 0.010608
[2024-10-04 09:28:44,549][INFO][clas_trainer:133] - train epoch: 17 [64480/80914 (80%)], lr: ['1.00e-04', '1.00e-04'], loss: 0.012100
[2024-10-04 09:29:25,533][INFO][clas_trainer:133] - train epoch: 17 [72544/80914 (90%)], lr: ['1.00e-04', '1.00e-04'], loss: 0.014596
[2024-10-04 09:30:04,103][INFO][clas_trainer:133] - train epoch: 17 [80608/80914 (100%)], lr: ['1.00e-04', '1.00e-04'], loss: 0.002023
[2024-10-04 09:30:45,342][INFO][clas_trainer:63] - [epoch  17] execution time: 424.00s	metrics:
[2024-10-04 09:30:45,343][INFO][clas_evaluator:132] - dataset: earlystopping, avg f1-score: 0.7456
[2024-10-04 09:31:24,694][INFO][clas_trainer:133] - train epoch: 18 [8032/80914 (10%)], lr: ['1.00e-04', '1.00e-04'], loss: 0.006521
[2024-10-04 09:32:02,144][INFO][clas_trainer:133] - train epoch: 18 [16096/80914 (20%)], lr: ['1.00e-04', '1.00e-04'], loss: 0.008896
[2024-10-04 09:32:39,169][INFO][clas_trainer:133] - train epoch: 18 [24160/80914 (30%)], lr: ['1.00e-04', '1.00e-04'], loss: 0.025111
[2024-10-04 09:33:17,028][INFO][clas_trainer:133] - train epoch: 18 [32224/80914 (40%)], lr: ['1.00e-04', '1.00e-04'], loss: 0.008994
[2024-10-04 09:33:54,234][INFO][clas_trainer:133] - train epoch: 18 [40288/80914 (50%)], lr: ['1.00e-04', '1.00e-04'], loss: 0.018782
[2024-10-04 09:34:33,336][INFO][clas_trainer:133] - train epoch: 18 [48352/80914 (60%)], lr: ['1.00e-04', '1.00e-04'], loss: 0.008075
[2024-10-04 09:35:10,855][INFO][clas_trainer:133] - train epoch: 18 [56416/80914 (70%)], lr: ['1.00e-04', '1.00e-04'], loss: 0.048410
[2024-10-04 09:35:48,998][INFO][clas_trainer:133] - train epoch: 18 [64480/80914 (80%)], lr: ['1.00e-04', '1.00e-04'], loss: 0.011373
[2024-10-04 09:36:27,363][INFO][clas_trainer:133] - train epoch: 18 [72544/80914 (90%)], lr: ['1.00e-04', '1.00e-04'], loss: 0.001641
[2024-10-04 09:37:06,046][INFO][clas_trainer:133] - train epoch: 18 [80608/80914 (100%)], lr: ['1.00e-04', '1.00e-04'], loss: 0.011378
[2024-10-04 09:37:46,307][INFO][clas_trainer:63] - [epoch  18] execution time: 420.96s	metrics:
[2024-10-04 09:37:46,308][INFO][clas_evaluator:132] - dataset: earlystopping, avg f1-score: 0.7723
[2024-10-04 09:37:46,317][INFO][clas_trainer:79] - finished training
[2024-10-04 09:37:46,317][INFO][clas_trainer:80] - best model on epoch: 8 	f1-score: 0.7751
