[2024-09-20 20:28:13,974][INFO][fine-tune:25] - Using GPU 5
[2024-09-20 20:28:13,977][INFO][fine-tune:35] - overrides:
hydra:
- hydra.launcher.n_jobs=15
- hydra.mode=MULTIRUN
task:
- m_seed_path_sids={seeds:[0,0,0,0,0],path:"exp006b-m0-simple_multi_class-2024-09-20_13-58-02-final.pth",subject_ids:{isruc:$\{data.isruc.cv_5_fold.fold_1\}}}
- data.downstream.train_dataloader.dataset.data_reducer.n_epochs=50
- data.downstream.train_dataloader.dataset.data_reducer.n_subjects=2
- general.gpus=[4,5]

[2024-09-20 20:28:20,189][INFO][data_loaders:39] - class distribution before data reduction:
# samples per subject
sg1-1-1: 880
sg1-11-1: 997
sg1-12-1: 850
sg1-13-1: 882
sg1-15-1: 786
sg1-16-1: 883
sg1-17-1: 851
sg1-18-1: 999
sg1-2-1: 964
sg1-20-1: 950
sg1-22-1: 849
sg1-23-1: 892
sg1-25-1: 921
sg1-26-1: 1062
sg1-27-1: 918
sg1-28-1: 882
sg1-29-1: 912
sg1-32-1: 1010
sg1-34-1: 871
sg1-35-1: 788
sg1-36-1: 987
sg1-37-1: 806
sg1-38-1: 932
sg1-39-1: 900
sg1-40-1: 875
sg1-42-1: 812
sg1-43-1: 747
sg1-44-1: 932
sg1-45-1: 906
sg1-46-1: 863
sg1-47-1: 838
sg1-49-1: 793
sg1-5-1: 875
sg1-50-1: 905
sg1-51-1: 856
sg1-53-1: 910
sg1-54-1: 814
sg1-56-1: 956
sg1-58-1: 965
sg1-59-1: 942
sg1-6-1: 897
sg1-60-1: 916
sg1-61-1: 852
sg1-64-1: 892
sg1-65-1: 1014
sg1-67-1: 862
sg1-68-1: 956
sg1-69-1: 815
sg1-7-1: 933
sg1-71-1: 829
sg1-72-1: 872
sg1-73-1: 997
sg1-75-1: 898
sg1-76-1: 850
sg1-78-1: 894
sg1-82-1: 882
sg1-83-1: 925
sg1-84-1: 963
sg1-85-1: 896
sg1-86-1: 964
sg1-88-1: 1002
sg1-89-1: 1036
sg1-91-1: 990
sg1-92-1: 877
sg1-93-1: 870
sg1-94-1: 846
sg1-95-1: 865
sg1-96-1: 858
sg1-98-1: 899
sg1-99-1: 835
sg2-1-1: 933
sg2-1-2: 787
sg2-2-1: 851
sg2-2-2: 869
sg2-3-1: 871
sg2-3-2: 813
sg2-5-1: 815
sg2-5-2: 879
sg2-7-1: 942
sg2-7-2: 899
sg2-8-1: 815
sg2-8-2: 923
sg3-1-1: 954
sg3-10-1: 796
sg3-2-1: 941
sg3-4-1: 794
sg3-5-1: 944
sg3-6-1: 853
sg3-7-1: 814
sg3-8-1: 1000

# samples per stage
0: 17912
1: 10225
2: 25143
3: 16141
4: 11018
[2024-09-20 20:28:20,410][INFO][data_loaders:43] - class distribution after data reduction:
# samples per subject
sg1-58-1: 49848
sg1-96-1: 30552

# samples per stage
0: 16080
1: 16080
2: 32160
3: 8040
4: 8040
[2024-09-20 20:28:20,432][INFO][base_pretraining_fe:55] - Loading model from exp006b-m0-simple_multi_class-2024-09-20_13-58-02-final.pth
[2024-09-20 20:28:28,597][INFO][data_loaders:39] - class distribution before data reduction:
# samples per subject
sg1-21-1: 1054
sg1-24-1: 830
sg1-30-1: 882
sg1-41-1: 974
sg1-57-1: 1007
sg1-70-1: 893
sg1-79-1: 880
sg1-87-1: 926

# samples per stage
0: 1706
1: 910
2: 2355
3: 1382
4: 1093
[2024-09-20 20:28:28,609][INFO][data_loaders:43] - class distribution after data reduction:
# samples per subject
sg1-21-1: 1054
sg1-24-1: 830
sg1-30-1: 882
sg1-41-1: 974
sg1-57-1: 1007
sg1-70-1: 893
sg1-79-1: 880
sg1-87-1: 926

# samples per stage
0: 1706
1: 910
2: 2355
3: 1382
4: 1093
[2024-09-20 20:28:31,063][INFO][clas_trainer:49] - metrics before training (epoch 0):
[2024-09-20 20:28:54,732][INFO][clas_evaluator:99] - dataset: earlystopping, avg f1-score: 0.1513
[2024-09-20 20:29:17,262][INFO][clas_trainer:133] - train epoch: 1 [8000/80400 (10%)], lr: ['1.00e-04'], loss: 0.055511
[2024-09-20 20:29:40,049][INFO][clas_trainer:133] - train epoch: 1 [16032/80400 (20%)], lr: ['1.00e-04'], loss: 0.021010
[2024-09-20 20:30:02,283][INFO][clas_trainer:133] - train epoch: 1 [24064/80400 (30%)], lr: ['1.00e-04'], loss: 0.000964
[2024-09-20 20:30:23,532][INFO][clas_trainer:133] - train epoch: 1 [32096/80400 (40%)], lr: ['1.00e-04'], loss: 0.001980
[2024-09-20 20:30:45,595][INFO][clas_trainer:133] - train epoch: 1 [40128/80400 (50%)], lr: ['1.00e-04'], loss: 0.001625
[2024-09-20 20:31:08,015][INFO][clas_trainer:133] - train epoch: 1 [48160/80400 (60%)], lr: ['1.00e-04'], loss: 0.001672
[2024-09-20 20:31:30,742][INFO][clas_trainer:133] - train epoch: 1 [56192/80400 (70%)], lr: ['1.00e-04'], loss: 0.000807
[2024-09-20 20:31:52,483][INFO][clas_trainer:133] - train epoch: 1 [64224/80400 (80%)], lr: ['1.00e-04'], loss: 0.000146
[2024-09-20 20:32:14,337][INFO][clas_trainer:133] - train epoch: 1 [72256/80400 (90%)], lr: ['1.00e-04'], loss: 0.000388
[2024-09-20 20:32:36,467][INFO][clas_trainer:133] - train epoch: 1 [80288/80400 (100%)], lr: ['1.00e-04'], loss: 0.001037
[2024-09-20 20:33:00,654][INFO][clas_trainer:63] - [epoch   1] execution time: 245.92s	metrics:
[2024-09-20 20:33:00,655][INFO][clas_evaluator:99] - dataset: earlystopping, avg f1-score: 0.4668
[2024-09-20 20:33:00,676][INFO][base_model:51] - snapshot saved to XXX/frequency-pretraining/models/exp006b-m1-base_fe_clas-2024-09-20_20-27-59-final.pth
[2024-09-20 20:33:23,217][INFO][clas_trainer:133] - train epoch: 2 [8000/80400 (10%)], lr: ['1.00e-04'], loss: 0.001480
[2024-09-20 20:33:45,428][INFO][clas_trainer:133] - train epoch: 2 [16032/80400 (20%)], lr: ['1.00e-04'], loss: 0.000208
[2024-09-20 20:34:07,871][INFO][clas_trainer:133] - train epoch: 2 [24064/80400 (30%)], lr: ['1.00e-04'], loss: 0.000246
[2024-09-20 20:34:29,796][INFO][clas_trainer:133] - train epoch: 2 [32096/80400 (40%)], lr: ['1.00e-04'], loss: 0.000474
[2024-09-20 20:34:51,993][INFO][clas_trainer:133] - train epoch: 2 [40128/80400 (50%)], lr: ['1.00e-04'], loss: 0.000644
[2024-09-20 20:35:14,269][INFO][clas_trainer:133] - train epoch: 2 [48160/80400 (60%)], lr: ['1.00e-04'], loss: 0.000065
[2024-09-20 20:35:36,840][INFO][clas_trainer:133] - train epoch: 2 [56192/80400 (70%)], lr: ['1.00e-04'], loss: 0.002354
[2024-09-20 20:35:59,112][INFO][clas_trainer:133] - train epoch: 2 [64224/80400 (80%)], lr: ['1.00e-04'], loss: 0.001118
[2024-09-20 20:36:21,356][INFO][clas_trainer:133] - train epoch: 2 [72256/80400 (90%)], lr: ['1.00e-04'], loss: 0.000784
[2024-09-20 20:36:43,198][INFO][clas_trainer:133] - train epoch: 2 [80288/80400 (100%)], lr: ['1.00e-04'], loss: 0.000483
[2024-09-20 20:37:07,333][INFO][clas_trainer:63] - [epoch   2] execution time: 246.66s	metrics:
[2024-09-20 20:37:07,333][INFO][clas_evaluator:99] - dataset: earlystopping, avg f1-score: 0.4854
[2024-09-20 20:37:07,358][INFO][base_model:51] - snapshot saved to XXX/frequency-pretraining/models/exp006b-m1-base_fe_clas-2024-09-20_20-27-59-final.pth
[2024-09-20 20:37:30,471][INFO][clas_trainer:133] - train epoch: 3 [8000/80400 (10%)], lr: ['1.00e-04'], loss: 0.000321
[2024-09-20 20:37:52,628][INFO][clas_trainer:133] - train epoch: 3 [16032/80400 (20%)], lr: ['1.00e-04'], loss: 0.000884
[2024-09-20 20:38:14,618][INFO][clas_trainer:133] - train epoch: 3 [24064/80400 (30%)], lr: ['1.00e-04'], loss: 0.000101
[2024-09-20 20:38:36,344][INFO][clas_trainer:133] - train epoch: 3 [32096/80400 (40%)], lr: ['1.00e-04'], loss: 0.000179
[2024-09-20 20:38:58,177][INFO][clas_trainer:133] - train epoch: 3 [40128/80400 (50%)], lr: ['1.00e-04'], loss: 0.000218
[2024-09-20 20:39:20,971][INFO][clas_trainer:133] - train epoch: 3 [48160/80400 (60%)], lr: ['1.00e-04'], loss: 0.000177
[2024-09-20 20:39:43,543][INFO][clas_trainer:133] - train epoch: 3 [56192/80400 (70%)], lr: ['1.00e-04'], loss: 0.000661
[2024-09-20 20:40:06,769][INFO][clas_trainer:133] - train epoch: 3 [64224/80400 (80%)], lr: ['1.00e-04'], loss: 0.000406
[2024-09-20 20:40:28,933][INFO][clas_trainer:133] - train epoch: 3 [72256/80400 (90%)], lr: ['1.00e-04'], loss: 0.000197
[2024-09-20 20:40:51,247][INFO][clas_trainer:133] - train epoch: 3 [80288/80400 (100%)], lr: ['1.00e-04'], loss: 0.000075
[2024-09-20 20:41:14,764][INFO][clas_trainer:63] - [epoch   3] execution time: 247.41s	metrics:
[2024-09-20 20:41:14,765][INFO][clas_evaluator:99] - dataset: earlystopping, avg f1-score: 0.4820
[2024-09-20 20:41:37,800][INFO][clas_trainer:133] - train epoch: 4 [8000/80400 (10%)], lr: ['1.00e-04'], loss: 0.139924
[2024-09-20 20:42:00,168][INFO][clas_trainer:133] - train epoch: 4 [16032/80400 (20%)], lr: ['1.00e-04'], loss: 0.000101
[2024-09-20 20:42:21,209][INFO][clas_trainer:133] - train epoch: 4 [24064/80400 (30%)], lr: ['1.00e-04'], loss: 0.000531
[2024-09-20 20:42:42,553][INFO][clas_trainer:133] - train epoch: 4 [32096/80400 (40%)], lr: ['1.00e-04'], loss: 0.000245
[2024-09-20 20:43:04,309][INFO][clas_trainer:133] - train epoch: 4 [40128/80400 (50%)], lr: ['1.00e-04'], loss: 0.000111
[2024-09-20 20:43:25,726][INFO][clas_trainer:133] - train epoch: 4 [48160/80400 (60%)], lr: ['1.00e-04'], loss: 0.000330
[2024-09-20 20:43:48,208][INFO][clas_trainer:133] - train epoch: 4 [56192/80400 (70%)], lr: ['1.00e-04'], loss: 0.000375
[2024-09-20 20:44:09,661][INFO][clas_trainer:133] - train epoch: 4 [64224/80400 (80%)], lr: ['1.00e-04'], loss: 0.000120
[2024-09-20 20:44:31,151][INFO][clas_trainer:133] - train epoch: 4 [72256/80400 (90%)], lr: ['1.00e-04'], loss: 0.000276
[2024-09-20 20:44:53,986][INFO][clas_trainer:133] - train epoch: 4 [80288/80400 (100%)], lr: ['1.00e-04'], loss: 0.000440
[2024-09-20 20:45:17,649][INFO][clas_trainer:63] - [epoch   4] execution time: 242.88s	metrics:
[2024-09-20 20:45:17,649][INFO][clas_evaluator:99] - dataset: earlystopping, avg f1-score: 0.5019
[2024-09-20 20:45:17,672][INFO][base_model:51] - snapshot saved to XXX/frequency-pretraining/models/exp006b-m1-base_fe_clas-2024-09-20_20-27-59-final.pth
[2024-09-20 20:45:40,421][INFO][clas_trainer:133] - train epoch: 5 [8000/80400 (10%)], lr: ['1.00e-04'], loss: 0.000156
[2024-09-20 20:46:02,016][INFO][clas_trainer:133] - train epoch: 5 [16032/80400 (20%)], lr: ['1.00e-04'], loss: 0.000227
[2024-09-20 20:46:22,513][INFO][clas_trainer:133] - train epoch: 5 [24064/80400 (30%)], lr: ['1.00e-04'], loss: 0.000726
[2024-09-20 20:46:45,321][INFO][clas_trainer:133] - train epoch: 5 [32096/80400 (40%)], lr: ['1.00e-04'], loss: 0.001152
[2024-09-20 20:47:09,168][INFO][clas_trainer:133] - train epoch: 5 [40128/80400 (50%)], lr: ['1.00e-04'], loss: 0.000100
[2024-09-20 20:47:33,567][INFO][clas_trainer:133] - train epoch: 5 [48160/80400 (60%)], lr: ['1.00e-04'], loss: 0.000083
[2024-09-20 20:48:02,079][INFO][clas_trainer:133] - train epoch: 5 [56192/80400 (70%)], lr: ['1.00e-04'], loss: 0.000127
[2024-09-20 20:48:30,010][INFO][clas_trainer:133] - train epoch: 5 [64224/80400 (80%)], lr: ['1.00e-04'], loss: 0.000465
[2024-09-20 20:48:57,884][INFO][clas_trainer:133] - train epoch: 5 [72256/80400 (90%)], lr: ['1.00e-04'], loss: 0.000416
[2024-09-20 20:49:25,907][INFO][clas_trainer:133] - train epoch: 5 [80288/80400 (100%)], lr: ['1.00e-04'], loss: 0.000477
[2024-09-20 20:49:56,481][INFO][clas_trainer:63] - [epoch   5] execution time: 278.81s	metrics:
[2024-09-20 20:49:56,481][INFO][clas_evaluator:99] - dataset: earlystopping, avg f1-score: 0.4951
[2024-09-20 20:50:25,581][INFO][clas_trainer:133] - train epoch: 6 [8000/80400 (10%)], lr: ['1.00e-04'], loss: 0.000419
[2024-09-20 20:50:54,008][INFO][clas_trainer:133] - train epoch: 6 [16032/80400 (20%)], lr: ['1.00e-04'], loss: 0.000368
[2024-09-20 20:51:22,227][INFO][clas_trainer:133] - train epoch: 6 [24064/80400 (30%)], lr: ['1.00e-04'], loss: 0.000444
[2024-09-20 20:51:50,688][INFO][clas_trainer:133] - train epoch: 6 [32096/80400 (40%)], lr: ['1.00e-04'], loss: 0.000322
[2024-09-20 20:52:19,241][INFO][clas_trainer:133] - train epoch: 6 [40128/80400 (50%)], lr: ['1.00e-04'], loss: 0.000720
[2024-09-20 20:52:47,322][INFO][clas_trainer:133] - train epoch: 6 [48160/80400 (60%)], lr: ['1.00e-04'], loss: 0.000668
[2024-09-20 20:53:14,883][INFO][clas_trainer:133] - train epoch: 6 [56192/80400 (70%)], lr: ['1.00e-04'], loss: 0.000140
[2024-09-20 20:53:42,878][INFO][clas_trainer:133] - train epoch: 6 [64224/80400 (80%)], lr: ['1.00e-04'], loss: 0.000289
[2024-09-20 20:54:09,986][INFO][clas_trainer:133] - train epoch: 6 [72256/80400 (90%)], lr: ['1.00e-04'], loss: 0.000395
[2024-09-20 20:54:37,737][INFO][clas_trainer:133] - train epoch: 6 [80288/80400 (100%)], lr: ['1.00e-04'], loss: 0.000886
[2024-09-20 20:55:07,895][INFO][clas_trainer:63] - [epoch   6] execution time: 311.41s	metrics:
[2024-09-20 20:55:07,896][INFO][clas_evaluator:99] - dataset: earlystopping, avg f1-score: 0.4984
[2024-09-20 20:55:36,237][INFO][clas_trainer:133] - train epoch: 7 [8000/80400 (10%)], lr: ['1.00e-04'], loss: 0.000668
[2024-09-20 20:56:04,274][INFO][clas_trainer:133] - train epoch: 7 [16032/80400 (20%)], lr: ['1.00e-04'], loss: 0.000224
[2024-09-20 20:56:31,734][INFO][clas_trainer:133] - train epoch: 7 [24064/80400 (30%)], lr: ['1.00e-04'], loss: 0.000714
[2024-09-20 20:57:00,085][INFO][clas_trainer:133] - train epoch: 7 [32096/80400 (40%)], lr: ['1.00e-04'], loss: 0.000405
[2024-09-20 20:57:27,226][INFO][clas_trainer:133] - train epoch: 7 [40128/80400 (50%)], lr: ['1.00e-04'], loss: 0.000471
[2024-09-20 20:57:54,454][INFO][clas_trainer:133] - train epoch: 7 [48160/80400 (60%)], lr: ['1.00e-04'], loss: 0.000469
[2024-09-20 20:58:22,099][INFO][clas_trainer:133] - train epoch: 7 [56192/80400 (70%)], lr: ['1.00e-04'], loss: 0.000192
[2024-09-20 20:58:49,643][INFO][clas_trainer:133] - train epoch: 7 [64224/80400 (80%)], lr: ['1.00e-04'], loss: 0.000231
[2024-09-20 20:59:17,318][INFO][clas_trainer:133] - train epoch: 7 [72256/80400 (90%)], lr: ['1.00e-04'], loss: 0.000296
[2024-09-20 20:59:44,959][INFO][clas_trainer:133] - train epoch: 7 [80288/80400 (100%)], lr: ['1.00e-04'], loss: 0.000845
[2024-09-20 21:00:13,786][INFO][clas_trainer:63] - [epoch   7] execution time: 305.89s	metrics:
[2024-09-20 21:00:13,786][INFO][clas_evaluator:99] - dataset: earlystopping, avg f1-score: 0.4951
[2024-09-20 21:00:42,605][INFO][clas_trainer:133] - train epoch: 8 [8000/80400 (10%)], lr: ['1.00e-04'], loss: 0.000501
[2024-09-20 21:01:10,052][INFO][clas_trainer:133] - train epoch: 8 [16032/80400 (20%)], lr: ['1.00e-04'], loss: 0.000353
[2024-09-20 21:01:37,790][INFO][clas_trainer:133] - train epoch: 8 [24064/80400 (30%)], lr: ['1.00e-04'], loss: 0.000627
[2024-09-20 21:02:05,326][INFO][clas_trainer:133] - train epoch: 8 [32096/80400 (40%)], lr: ['1.00e-04'], loss: 0.000886
[2024-09-20 21:02:33,395][INFO][clas_trainer:133] - train epoch: 8 [40128/80400 (50%)], lr: ['1.00e-04'], loss: 0.000559
[2024-09-20 21:03:00,695][INFO][clas_trainer:133] - train epoch: 8 [48160/80400 (60%)], lr: ['1.00e-04'], loss: 0.000359
[2024-09-20 21:03:28,088][INFO][clas_trainer:133] - train epoch: 8 [56192/80400 (70%)], lr: ['1.00e-04'], loss: 0.001010
[2024-09-20 21:03:56,333][INFO][clas_trainer:133] - train epoch: 8 [64224/80400 (80%)], lr: ['1.00e-04'], loss: 0.000666
[2024-09-20 21:04:23,498][INFO][clas_trainer:133] - train epoch: 8 [72256/80400 (90%)], lr: ['1.00e-04'], loss: 0.001193
[2024-09-20 21:04:50,893][INFO][clas_trainer:133] - train epoch: 8 [80288/80400 (100%)], lr: ['1.00e-04'], loss: 0.000681
[2024-09-20 21:05:18,242][INFO][clas_trainer:63] - [epoch   8] execution time: 304.46s	metrics:
[2024-09-20 21:05:18,243][INFO][clas_evaluator:99] - dataset: earlystopping, avg f1-score: 0.4951
[2024-09-20 21:05:45,036][INFO][clas_trainer:133] - train epoch: 9 [8000/80400 (10%)], lr: ['1.00e-04'], loss: 0.001480
[2024-09-20 21:06:11,515][INFO][clas_trainer:133] - train epoch: 9 [16032/80400 (20%)], lr: ['1.00e-04'], loss: 0.000602
[2024-09-20 21:06:37,576][INFO][clas_trainer:133] - train epoch: 9 [24064/80400 (30%)], lr: ['1.00e-04'], loss: 0.000497
[2024-09-20 21:07:03,842][INFO][clas_trainer:133] - train epoch: 9 [32096/80400 (40%)], lr: ['1.00e-04'], loss: 0.000613
[2024-09-20 21:07:30,062][INFO][clas_trainer:133] - train epoch: 9 [40128/80400 (50%)], lr: ['1.00e-04'], loss: 0.000807
[2024-09-20 21:07:57,663][INFO][clas_trainer:133] - train epoch: 9 [48160/80400 (60%)], lr: ['1.00e-04'], loss: 0.000636
[2024-09-20 21:08:24,571][INFO][clas_trainer:133] - train epoch: 9 [56192/80400 (70%)], lr: ['1.00e-04'], loss: 0.001185
[2024-09-20 21:08:51,120][INFO][clas_trainer:133] - train epoch: 9 [64224/80400 (80%)], lr: ['1.00e-04'], loss: 0.000783
[2024-09-20 21:09:18,518][INFO][clas_trainer:133] - train epoch: 9 [72256/80400 (90%)], lr: ['1.00e-04'], loss: 0.001328
[2024-09-20 21:09:45,530][INFO][clas_trainer:133] - train epoch: 9 [80288/80400 (100%)], lr: ['1.00e-04'], loss: 0.000768
[2024-09-20 21:10:14,000][INFO][clas_trainer:63] - [epoch   9] execution time: 295.76s	metrics:
[2024-09-20 21:10:14,000][INFO][clas_evaluator:99] - dataset: earlystopping, avg f1-score: 0.4945
[2024-09-20 21:10:41,660][INFO][clas_trainer:133] - train epoch: 10 [8000/80400 (10%)], lr: ['1.00e-04'], loss: 0.000629
[2024-09-20 21:11:08,841][INFO][clas_trainer:133] - train epoch: 10 [16032/80400 (20%)], lr: ['1.00e-04'], loss: 0.000954
[2024-09-20 21:11:35,402][INFO][clas_trainer:133] - train epoch: 10 [24064/80400 (30%)], lr: ['1.00e-04'], loss: 0.000881
[2024-09-20 21:12:02,071][INFO][clas_trainer:133] - train epoch: 10 [32096/80400 (40%)], lr: ['1.00e-04'], loss: 0.000857
[2024-09-20 21:12:29,033][INFO][clas_trainer:133] - train epoch: 10 [40128/80400 (50%)], lr: ['1.00e-04'], loss: 0.000406
[2024-09-20 21:12:55,450][INFO][clas_trainer:133] - train epoch: 10 [48160/80400 (60%)], lr: ['1.00e-04'], loss: 0.000628
[2024-09-20 21:13:21,547][INFO][clas_trainer:133] - train epoch: 10 [56192/80400 (70%)], lr: ['1.00e-04'], loss: 0.001487
[2024-09-20 21:13:47,680][INFO][clas_trainer:133] - train epoch: 10 [64224/80400 (80%)], lr: ['1.00e-04'], loss: 0.000848
[2024-09-20 21:14:14,821][INFO][clas_trainer:133] - train epoch: 10 [72256/80400 (90%)], lr: ['1.00e-04'], loss: 0.000703
[2024-09-20 21:14:41,795][INFO][clas_trainer:133] - train epoch: 10 [80288/80400 (100%)], lr: ['1.00e-04'], loss: 0.000679
[2024-09-20 21:15:08,986][INFO][clas_trainer:63] - [epoch  10] execution time: 294.99s	metrics:
[2024-09-20 21:15:08,987][INFO][clas_evaluator:99] - dataset: earlystopping, avg f1-score: 0.4995
[2024-09-20 21:15:35,446][INFO][clas_trainer:133] - train epoch: 11 [8000/80400 (10%)], lr: ['1.00e-04'], loss: 0.000836
[2024-09-20 21:16:01,470][INFO][clas_trainer:133] - train epoch: 11 [16032/80400 (20%)], lr: ['1.00e-04'], loss: 0.000844
[2024-09-20 21:16:27,346][INFO][clas_trainer:133] - train epoch: 11 [24064/80400 (30%)], lr: ['1.00e-04'], loss: 0.000716
[2024-09-20 21:16:53,559][INFO][clas_trainer:133] - train epoch: 11 [32096/80400 (40%)], lr: ['1.00e-04'], loss: 0.000811
[2024-09-20 21:17:19,994][INFO][clas_trainer:133] - train epoch: 11 [40128/80400 (50%)], lr: ['1.00e-04'], loss: 0.000422
[2024-09-20 21:17:46,873][INFO][clas_trainer:133] - train epoch: 11 [48160/80400 (60%)], lr: ['1.00e-04'], loss: 0.000856
[2024-09-20 21:18:13,573][INFO][clas_trainer:133] - train epoch: 11 [56192/80400 (70%)], lr: ['1.00e-04'], loss: 0.000809
[2024-09-20 21:18:39,631][INFO][clas_trainer:133] - train epoch: 11 [64224/80400 (80%)], lr: ['1.00e-04'], loss: 0.001054
[2024-09-20 21:19:06,098][INFO][clas_trainer:133] - train epoch: 11 [72256/80400 (90%)], lr: ['1.00e-04'], loss: 0.002071
[2024-09-20 21:19:32,832][INFO][clas_trainer:133] - train epoch: 11 [80288/80400 (100%)], lr: ['1.00e-04'], loss: 0.001194
[2024-09-20 21:20:00,731][INFO][clas_trainer:63] - [epoch  11] execution time: 291.74s	metrics:
[2024-09-20 21:20:00,731][INFO][clas_evaluator:99] - dataset: earlystopping, avg f1-score: 0.4717
[2024-09-20 21:20:28,680][INFO][clas_trainer:133] - train epoch: 12 [8000/80400 (10%)], lr: ['1.00e-04'], loss: 0.000421
[2024-09-20 21:20:54,774][INFO][clas_trainer:133] - train epoch: 12 [16032/80400 (20%)], lr: ['1.00e-04'], loss: 0.000853
[2024-09-20 21:21:20,825][INFO][clas_trainer:133] - train epoch: 12 [24064/80400 (30%)], lr: ['1.00e-04'], loss: 0.000685
[2024-09-20 21:21:46,814][INFO][clas_trainer:133] - train epoch: 12 [32096/80400 (40%)], lr: ['1.00e-04'], loss: 0.000506
[2024-09-20 21:22:13,018][INFO][clas_trainer:133] - train epoch: 12 [40128/80400 (50%)], lr: ['1.00e-04'], loss: 0.000770
[2024-09-20 21:22:39,402][INFO][clas_trainer:133] - train epoch: 12 [48160/80400 (60%)], lr: ['1.00e-04'], loss: 0.000315
[2024-09-20 21:23:06,525][INFO][clas_trainer:133] - train epoch: 12 [56192/80400 (70%)], lr: ['1.00e-04'], loss: 0.001006
[2024-09-20 21:23:32,570][INFO][clas_trainer:133] - train epoch: 12 [64224/80400 (80%)], lr: ['1.00e-04'], loss: 0.000660
[2024-09-20 21:23:57,531][INFO][clas_trainer:133] - train epoch: 12 [72256/80400 (90%)], lr: ['1.00e-04'], loss: 0.000481
[2024-09-20 21:24:23,188][INFO][clas_trainer:133] - train epoch: 12 [80288/80400 (100%)], lr: ['1.00e-04'], loss: 0.000530
[2024-09-20 21:24:51,163][INFO][clas_trainer:63] - [epoch  12] execution time: 290.43s	metrics:
[2024-09-20 21:24:51,164][INFO][clas_evaluator:99] - dataset: earlystopping, avg f1-score: 0.4814
[2024-09-20 21:25:17,707][INFO][clas_trainer:133] - train epoch: 13 [8000/80400 (10%)], lr: ['1.00e-04'], loss: 0.000793
[2024-09-20 21:25:44,087][INFO][clas_trainer:133] - train epoch: 13 [16032/80400 (20%)], lr: ['1.00e-04'], loss: 0.000811
[2024-09-20 21:26:09,943][INFO][clas_trainer:133] - train epoch: 13 [24064/80400 (30%)], lr: ['1.00e-04'], loss: 0.001002
[2024-09-20 21:26:35,425][INFO][clas_trainer:133] - train epoch: 13 [32096/80400 (40%)], lr: ['1.00e-04'], loss: 0.000789
[2024-09-20 21:27:01,825][INFO][clas_trainer:133] - train epoch: 13 [40128/80400 (50%)], lr: ['1.00e-04'], loss: 0.000452
[2024-09-20 21:27:28,123][INFO][clas_trainer:133] - train epoch: 13 [48160/80400 (60%)], lr: ['1.00e-04'], loss: 0.000534
[2024-09-20 21:27:54,936][INFO][clas_trainer:133] - train epoch: 13 [56192/80400 (70%)], lr: ['1.00e-04'], loss: 0.000517
[2024-09-20 21:28:20,482][INFO][clas_trainer:133] - train epoch: 13 [64224/80400 (80%)], lr: ['1.00e-04'], loss: 0.000599
[2024-09-20 21:28:46,918][INFO][clas_trainer:133] - train epoch: 13 [72256/80400 (90%)], lr: ['1.00e-04'], loss: 0.000764
[2024-09-20 21:29:13,555][INFO][clas_trainer:133] - train epoch: 13 [80288/80400 (100%)], lr: ['1.00e-04'], loss: 0.000684
[2024-09-20 21:29:41,244][INFO][clas_trainer:63] - [epoch  13] execution time: 290.08s	metrics:
[2024-09-20 21:29:41,244][INFO][clas_evaluator:99] - dataset: earlystopping, avg f1-score: 0.4860
[2024-09-20 21:30:08,858][INFO][clas_trainer:133] - train epoch: 14 [8000/80400 (10%)], lr: ['1.00e-04'], loss: 0.000873
[2024-09-20 21:30:34,446][INFO][clas_trainer:133] - train epoch: 14 [16032/80400 (20%)], lr: ['1.00e-04'], loss: 0.000592
[2024-09-20 21:31:00,013][INFO][clas_trainer:133] - train epoch: 14 [24064/80400 (30%)], lr: ['1.00e-04'], loss: 0.003506
[2024-09-20 21:31:25,048][INFO][clas_trainer:133] - train epoch: 14 [32096/80400 (40%)], lr: ['1.00e-04'], loss: 0.000981
[2024-09-20 21:31:51,307][INFO][clas_trainer:133] - train epoch: 14 [40128/80400 (50%)], lr: ['1.00e-04'], loss: 0.000570
[2024-09-20 21:32:16,804][INFO][clas_trainer:133] - train epoch: 14 [48160/80400 (60%)], lr: ['1.00e-04'], loss: 0.000708
[2024-09-20 21:32:42,361][INFO][clas_trainer:133] - train epoch: 14 [56192/80400 (70%)], lr: ['1.00e-04'], loss: 0.000782
[2024-09-20 21:33:07,609][INFO][clas_trainer:133] - train epoch: 14 [64224/80400 (80%)], lr: ['1.00e-04'], loss: 0.000852
[2024-09-20 21:33:33,680][INFO][clas_trainer:133] - train epoch: 14 [72256/80400 (90%)], lr: ['1.00e-04'], loss: 0.000928
[2024-09-20 21:33:58,615][INFO][clas_trainer:133] - train epoch: 14 [80288/80400 (100%)], lr: ['1.00e-04'], loss: 0.000800
[2024-09-20 21:34:25,527][INFO][clas_trainer:63] - [epoch  14] execution time: 284.28s	metrics:
[2024-09-20 21:34:25,527][INFO][clas_evaluator:99] - dataset: earlystopping, avg f1-score: 0.4780
[2024-09-20 21:34:25,533][INFO][clas_trainer:79] - finished training
[2024-09-20 21:34:25,533][INFO][clas_trainer:80] - best model on epoch: 4 	f1-score: 0.5019
