[2023-10-18 19:47:25,049][INFO][fine-tune:29] - overrides:
hydra:
- hydra.mode=MULTIRUN
task:
- m_seed_path_sids={seeds:[14,14,14,14,14],path:"exp002b-m14-simple_multi_class-2023-10-17_12-41-35-final.pth",subject_ids:{dod_o_h:$\{data.dod_o_h.cv_5_fold.fold_5\}}}
- data.downstream.train_dataloader.dataset.data_reducer.n_epochs=130
- data.downstream.train_dataloader.dataset.data_reducer.n_subjects=3

[2023-10-18 19:47:26,849][INFO][data_loaders:39] - class distribution before data reduction:
# samples per subject
02fb158a-a658-51ee-89cf-1e1dc2ebfde1: 861
03341d0d-5927-5838-8a5f-1b8ef39d8f57: 1063
039ce8ad-a7fa-5272-a3e3-1f4bfebdd087: 915
095d6e40-5f19-55b6-a0ec-6e0ad3793da0: 1192
0d79f4b1-e74f-5e87-8e42-f9dd7112ada5: 968
100df108-eb57-5eaa-a413-f7e4436a7895: 952
14c012bd-65b0-56f5-bc74-2dffcea69837: 969
16450f5a-9b65-5536-85e1-93816c8b89eb: 816
18482adf-1144-54ca-9e35-27f65c43a105: 824
18ede714-aba3-5ad8-bb1a-18fc9b1c4192: 995
1da3544e-dc5c-5795-adc3-f5068959211f: 955
2159377e-ebf3-5565-9014-1e2ae69dc1d2: 907
2e865ca9-e20f-5a6f-bd25-45d28cc9eab9: 950
32556393-bb57-560a-99e8-e09885219647: 1106
37d0da97-9ae8-5413-b889-4e843ff35488: 1011
3dd35e7b-d7e2-516d-8a85-e0d58a59569f: 1093
3e842aa8-bcd9-521e-93a2-72124233fe2c: 620
40e25dd4-6087-5747-b9c2-4838ada86b15: 1076
47f45aa2-31c4-595b-bdb6-f1348bba062b: 1032
4b72b905-5521-5c57-b666-e20ff9bb195f: 868
4e3c4ac4-69e2-5347-a3b0-662c204d259d: 926
5b94ec8a-c34d-5e45-84d1-bec2ea965609: 1090
5bf0f969-304c-581e-949c-50c108f62846: 947
67fa8e29-6f4d-530e-9422-bbc3aca86ed0: 1046
6e2aa933-c51c-5a31-8c7b-83da8d076a12: 905
730aba3b-e310-5be0-9eed-7c3123466834: 1120
742f1592-627c-54eb-bbb5-ccd55ffae33a: 975
769df255-2284-50b3-8917-2155c759fbbd: 929
79e8a04e-0fdd-53ae-bedc-d49d08e29103: 918
7d778801-88e7-5086-ad1d-70f31a371876: 999
83c1394e-9c69-5c11-9102-9ff8d59b1cfd: 1011
844f68ba-265e-53e6-bf47-6c85d1804a7b: 957
90aef91a-252f-5ccc-a82e-78ea7ee9ca1f: 1089
a0c91989-530f-5117-80c1-2488dbed683c: 1017
a25b2296-343b-53f6-8792-ada2669d466e: 1008
a6254c8a-f1b2-5736-b601-18245dd5e0a5: 1084
a65a9e69-cddf-5711-9a97-de8bfdeb08cc: 961
a79d1f0e-c133-5aa0-8268-cdcc05825f0f: 1046
aa160c78-6da3-5e05-8fc9-d6c13e9f97e0: 1010
aadc9e0c-b7c3-5a47-851d-f21971d10935: 969
ad47bc12-199c-5294-9cb8-4351bbbf7b5e: 893
b2d3ccdd-395c-5dd2-81d9-252bcfc0c337: 902
b3706da5-748b-5dd1-a552-f57e4456cdf6: 1041
b5d5785d-87ee-5078-b9b9-aac6abd4d8de: 918
bb474ab0-c2ce-573b-8acd-ef86b0fa26a2: 1142
c03e27b0-4cb5-584f-aaea-8f1e1ed6513c: 1121
c11c730f-0b6b-580b-af31-d8f0ebbbdfce: 917
c31a47f9-e400-5841-a22b-521c81042603: 986
c8110476-594c-533d-95bd-86147fccc987: 995
c985916d-46a5-5c3e-9d50-a5a91f460bac: 1024
cebd3520-4e77-5222-a614-d2888e6afc2b: 1109
d5181c33-a43b-5dfe-8ad7-0337facb092a: 977
e59c45e0-0c0c-565f-84a9-6cf0ec5ef6c1: 844
e6b7cbef-4c9d-5541-82e8-04810de0fb60: 819
e8ec8ec4-dc48-50ce-985a-a06d87861030: 975
eb95076c-c470-56a4-b788-ace310f061c6: 965

# samples per stage
0: 9856
1: 3075
2: 26718
3: 5997
4: 9162
[2023-10-18 19:47:26,993][INFO][data_loaders:43] - class distribution after data reduction:
# samples per subject
039ce8ad-a7fa-5272-a3e3-1f4bfebdd087: 21471
14c012bd-65b0-56f5-bc74-2dffcea69837: 18524
83c1394e-9c69-5c11-9102-9ff8d59b1cfd: 14735

# samples per stage
0: 6736
1: 2947
2: 27365
3: 5894
4: 11788
[2023-10-18 19:47:27,265][INFO][data_loaders:39] - class distribution before data reduction:
# samples per subject
0416d51f-5d69-5326-b74a-a2e31a96a1ef: 822
1fa6c401-d819-50f5-8146-a0bb9e2b2516: 986
22bea84c-5d23-5e49-bc2d-9764f883955b: 1048
25a6b2b0-4d09-561b-82c6-f09bb271d3be: 1063
a30245e3-4a71-565f-9636-92e7d2e825fc: 1122
a4568951-bf87-5bbc-bc4f-28e93c360be6: 975
b3534fa3-7676-50dc-8412-07f0eff4f7a9: 757
fc10ee0b-b863-511b-bce8-4dfa7af8ac3a: 910

# samples per stage
0: 1458
1: 408
2: 3702
3: 1050
4: 1065
[2023-10-18 19:47:27,282][INFO][data_loaders:43] - class distribution after data reduction:
# samples per subject
0416d51f-5d69-5326-b74a-a2e31a96a1ef: 822
1fa6c401-d819-50f5-8146-a0bb9e2b2516: 986
22bea84c-5d23-5e49-bc2d-9764f883955b: 1048
25a6b2b0-4d09-561b-82c6-f09bb271d3be: 1063
a30245e3-4a71-565f-9636-92e7d2e825fc: 1122
a4568951-bf87-5bbc-bc4f-28e93c360be6: 975
b3534fa3-7676-50dc-8412-07f0eff4f7a9: 757
fc10ee0b-b863-511b-bce8-4dfa7af8ac3a: 910

# samples per stage
0: 1458
1: 408
2: 3702
3: 1050
4: 1065
[2023-10-18 19:47:27,302][INFO][clas_trainer:49] - metrics before training (epoch 0):
[2023-10-18 19:47:41,559][INFO][clas_evaluator:99] - dataset: earlystopping, avg f1-score: 0.1135
[2023-10-18 19:47:51,221][INFO][clas_trainer:133] - train epoch: 1 [5440/54730 (10%)], lr: ['1.00e-04', '1.00e-04'], loss: 1.818998
[2023-10-18 19:48:00,401][INFO][clas_trainer:133] - train epoch: 1 [10912/54730 (20%)], lr: ['1.00e-04', '1.00e-04'], loss: 1.268348
[2023-10-18 19:48:09,321][INFO][clas_trainer:133] - train epoch: 1 [16384/54730 (30%)], lr: ['1.00e-04', '1.00e-04'], loss: 1.695464
[2023-10-18 19:48:18,646][INFO][clas_trainer:133] - train epoch: 1 [21856/54730 (40%)], lr: ['1.00e-04', '1.00e-04'], loss: 1.138270
[2023-10-18 19:48:27,811][INFO][clas_trainer:133] - train epoch: 1 [27328/54730 (50%)], lr: ['1.00e-04', '1.00e-04'], loss: 0.673412
[2023-10-18 19:48:36,825][INFO][clas_trainer:133] - train epoch: 1 [32800/54730 (60%)], lr: ['1.00e-04', '1.00e-04'], loss: 0.631132
[2023-10-18 19:48:45,932][INFO][clas_trainer:133] - train epoch: 1 [38272/54730 (70%)], lr: ['1.00e-04', '1.00e-04'], loss: 0.552029
[2023-10-18 19:48:55,294][INFO][clas_trainer:133] - train epoch: 1 [43744/54730 (80%)], lr: ['1.00e-04', '1.00e-04'], loss: 0.496040
[2023-10-18 19:49:04,364][INFO][clas_trainer:133] - train epoch: 1 [49216/54730 (90%)], lr: ['1.00e-04', '1.00e-04'], loss: 0.417455
[2023-10-18 19:49:13,329][INFO][clas_trainer:133] - train epoch: 1 [54688/54730 (100%)], lr: ['1.00e-04', '1.00e-04'], loss: 0.207813
[2023-10-18 19:49:27,822][INFO][clas_trainer:63] - [epoch   1] execution time: 106.26s	metrics:
[2023-10-18 19:49:27,822][INFO][clas_evaluator:99] - dataset: earlystopping, avg f1-score: 0.3419
[2023-10-18 19:49:27,880][INFO][base_model:51] - snapshot saved to ./models/exp002a-m362-base_fe_clas-2023-10-17_13-13-53-final.pth
[2023-10-18 19:49:37,408][INFO][clas_trainer:133] - train epoch: 2 [5440/54730 (10%)], lr: ['1.00e-04', '1.00e-04'], loss: 0.132250
[2023-10-18 19:49:46,536][INFO][clas_trainer:133] - train epoch: 2 [10912/54730 (20%)], lr: ['1.00e-04', '1.00e-04'], loss: 0.132078
[2023-10-18 19:49:55,675][INFO][clas_trainer:133] - train epoch: 2 [16384/54730 (30%)], lr: ['1.00e-04', '1.00e-04'], loss: 0.248434
[2023-10-18 19:50:04,943][INFO][clas_trainer:133] - train epoch: 2 [21856/54730 (40%)], lr: ['1.00e-04', '1.00e-04'], loss: 0.087283
[2023-10-18 19:50:13,966][INFO][clas_trainer:133] - train epoch: 2 [27328/54730 (50%)], lr: ['1.00e-04', '1.00e-04'], loss: 0.022631
[2023-10-18 19:50:23,040][INFO][clas_trainer:133] - train epoch: 2 [32800/54730 (60%)], lr: ['1.00e-04', '1.00e-04'], loss: 0.038450
[2023-10-18 19:50:32,271][INFO][clas_trainer:133] - train epoch: 2 [38272/54730 (70%)], lr: ['1.00e-04', '1.00e-04'], loss: 0.054576
[2023-10-18 19:50:41,302][INFO][clas_trainer:133] - train epoch: 2 [43744/54730 (80%)], lr: ['1.00e-04', '1.00e-04'], loss: 0.085408
[2023-10-18 19:50:50,252][INFO][clas_trainer:133] - train epoch: 2 [49216/54730 (90%)], lr: ['1.00e-04', '1.00e-04'], loss: 0.036322
[2023-10-18 19:50:59,452][INFO][clas_trainer:133] - train epoch: 2 [54688/54730 (100%)], lr: ['1.00e-04', '1.00e-04'], loss: 0.007497
[2023-10-18 19:51:13,992][INFO][clas_trainer:63] - [epoch   2] execution time: 106.11s	metrics:
[2023-10-18 19:51:13,992][INFO][clas_evaluator:99] - dataset: earlystopping, avg f1-score: 0.4597
[2023-10-18 19:51:14,050][INFO][base_model:51] - snapshot saved to ./models/exp002a-m362-base_fe_clas-2023-10-17_13-13-53-final.pth
[2023-10-18 19:51:23,565][INFO][clas_trainer:133] - train epoch: 3 [5440/54730 (10%)], lr: ['1.00e-04', '1.00e-04'], loss: 0.003991
[2023-10-18 19:51:32,746][INFO][clas_trainer:133] - train epoch: 3 [10912/54730 (20%)], lr: ['1.00e-04', '1.00e-04'], loss: 0.012314
[2023-10-18 19:51:42,192][INFO][clas_trainer:133] - train epoch: 3 [16384/54730 (30%)], lr: ['1.00e-04', '1.00e-04'], loss: 0.022429
[2023-10-18 19:51:51,403][INFO][clas_trainer:133] - train epoch: 3 [21856/54730 (40%)], lr: ['1.00e-04', '1.00e-04'], loss: 0.075966
[2023-10-18 19:52:00,457][INFO][clas_trainer:133] - train epoch: 3 [27328/54730 (50%)], lr: ['1.00e-04', '1.00e-04'], loss: 0.002868
[2023-10-18 19:52:09,775][INFO][clas_trainer:133] - train epoch: 3 [32800/54730 (60%)], lr: ['1.00e-04', '1.00e-04'], loss: 0.078025
[2023-10-18 19:52:18,859][INFO][clas_trainer:133] - train epoch: 3 [38272/54730 (70%)], lr: ['1.00e-04', '1.00e-04'], loss: 0.004419
[2023-10-18 19:52:27,905][INFO][clas_trainer:133] - train epoch: 3 [43744/54730 (80%)], lr: ['1.00e-04', '1.00e-04'], loss: 0.020218
[2023-10-18 19:52:37,133][INFO][clas_trainer:133] - train epoch: 3 [49216/54730 (90%)], lr: ['1.00e-04', '1.00e-04'], loss: 0.012384
[2023-10-18 19:52:46,467][INFO][clas_trainer:133] - train epoch: 3 [54688/54730 (100%)], lr: ['1.00e-04', '1.00e-04'], loss: 0.096928
[2023-10-18 19:53:00,860][INFO][clas_trainer:63] - [epoch   3] execution time: 106.81s	metrics:
[2023-10-18 19:53:00,861][INFO][clas_evaluator:99] - dataset: earlystopping, avg f1-score: 0.4782
[2023-10-18 19:53:00,919][INFO][base_model:51] - snapshot saved to ./models/exp002a-m362-base_fe_clas-2023-10-17_13-13-53-final.pth
[2023-10-18 19:53:10,465][INFO][clas_trainer:133] - train epoch: 4 [5440/54730 (10%)], lr: ['1.00e-04', '1.00e-04'], loss: 0.045039
[2023-10-18 19:53:19,828][INFO][clas_trainer:133] - train epoch: 4 [10912/54730 (20%)], lr: ['1.00e-04', '1.00e-04'], loss: 0.001333
[2023-10-18 19:53:28,860][INFO][clas_trainer:133] - train epoch: 4 [16384/54730 (30%)], lr: ['1.00e-04', '1.00e-04'], loss: 0.002868
[2023-10-18 19:53:37,975][INFO][clas_trainer:133] - train epoch: 4 [21856/54730 (40%)], lr: ['1.00e-04', '1.00e-04'], loss: 0.000083
[2023-10-18 19:53:47,022][INFO][clas_trainer:133] - train epoch: 4 [27328/54730 (50%)], lr: ['1.00e-04', '1.00e-04'], loss: 0.000417
[2023-10-18 19:53:56,104][INFO][clas_trainer:133] - train epoch: 4 [32800/54730 (60%)], lr: ['1.00e-04', '1.00e-04'], loss: 0.001821
[2023-10-18 19:54:05,251][INFO][clas_trainer:133] - train epoch: 4 [38272/54730 (70%)], lr: ['1.00e-04', '1.00e-04'], loss: 0.208754
[2023-10-18 19:54:14,413][INFO][clas_trainer:133] - train epoch: 4 [43744/54730 (80%)], lr: ['1.00e-04', '1.00e-04'], loss: 0.001397
[2023-10-18 19:54:23,724][INFO][clas_trainer:133] - train epoch: 4 [49216/54730 (90%)], lr: ['1.00e-04', '1.00e-04'], loss: 0.028716
[2023-10-18 19:54:32,776][INFO][clas_trainer:133] - train epoch: 4 [54688/54730 (100%)], lr: ['1.00e-04', '1.00e-04'], loss: 0.026848
[2023-10-18 19:54:47,252][INFO][clas_trainer:63] - [epoch   4] execution time: 106.33s	metrics:
[2023-10-18 19:54:47,252][INFO][clas_evaluator:99] - dataset: earlystopping, avg f1-score: 0.4731
[2023-10-18 19:54:56,971][INFO][clas_trainer:133] - train epoch: 5 [5440/54730 (10%)], lr: ['1.00e-04', '1.00e-04'], loss: 0.031874
[2023-10-18 19:55:06,225][INFO][clas_trainer:133] - train epoch: 5 [10912/54730 (20%)], lr: ['1.00e-04', '1.00e-04'], loss: 0.001486
[2023-10-18 19:55:15,287][INFO][clas_trainer:133] - train epoch: 5 [16384/54730 (30%)], lr: ['1.00e-04', '1.00e-04'], loss: 0.006606
[2023-10-18 19:55:24,279][INFO][clas_trainer:133] - train epoch: 5 [21856/54730 (40%)], lr: ['1.00e-04', '1.00e-04'], loss: 0.000549
[2023-10-18 19:55:33,417][INFO][clas_trainer:133] - train epoch: 5 [27328/54730 (50%)], lr: ['1.00e-04', '1.00e-04'], loss: 0.001226
[2023-10-18 19:55:42,546][INFO][clas_trainer:133] - train epoch: 5 [32800/54730 (60%)], lr: ['1.00e-04', '1.00e-04'], loss: 0.002426
[2023-10-18 19:55:51,588][INFO][clas_trainer:133] - train epoch: 5 [38272/54730 (70%)], lr: ['1.00e-04', '1.00e-04'], loss: 0.000262
[2023-10-18 19:56:00,549][INFO][clas_trainer:133] - train epoch: 5 [43744/54730 (80%)], lr: ['1.00e-04', '1.00e-04'], loss: 0.000740
[2023-10-18 19:56:09,804][INFO][clas_trainer:133] - train epoch: 5 [49216/54730 (90%)], lr: ['1.00e-04', '1.00e-04'], loss: 0.002555
[2023-10-18 19:56:18,874][INFO][clas_trainer:133] - train epoch: 5 [54688/54730 (100%)], lr: ['1.00e-04', '1.00e-04'], loss: 0.004690
[2023-10-18 19:56:33,350][INFO][clas_trainer:63] - [epoch   5] execution time: 106.10s	metrics:
[2023-10-18 19:56:33,350][INFO][clas_evaluator:99] - dataset: earlystopping, avg f1-score: 0.5206
[2023-10-18 19:56:33,410][INFO][base_model:51] - snapshot saved to ./models/exp002a-m362-base_fe_clas-2023-10-17_13-13-53-final.pth
[2023-10-18 19:56:43,224][INFO][clas_trainer:133] - train epoch: 6 [5440/54730 (10%)], lr: ['1.00e-04', '1.00e-04'], loss: 0.000700
[2023-10-18 19:56:52,360][INFO][clas_trainer:133] - train epoch: 6 [10912/54730 (20%)], lr: ['1.00e-04', '1.00e-04'], loss: 0.001163
[2023-10-18 19:57:01,504][INFO][clas_trainer:133] - train epoch: 6 [16384/54730 (30%)], lr: ['1.00e-04', '1.00e-04'], loss: 0.000757
[2023-10-18 19:57:10,863][INFO][clas_trainer:133] - train epoch: 6 [21856/54730 (40%)], lr: ['1.00e-04', '1.00e-04'], loss: 0.000360
[2023-10-18 19:57:20,055][INFO][clas_trainer:133] - train epoch: 6 [27328/54730 (50%)], lr: ['1.00e-04', '1.00e-04'], loss: 0.001314
[2023-10-18 19:57:29,077][INFO][clas_trainer:133] - train epoch: 6 [32800/54730 (60%)], lr: ['1.00e-04', '1.00e-04'], loss: 0.030235
[2023-10-18 19:57:38,257][INFO][clas_trainer:133] - train epoch: 6 [38272/54730 (70%)], lr: ['1.00e-04', '1.00e-04'], loss: 0.001263
[2023-10-18 19:57:47,512][INFO][clas_trainer:133] - train epoch: 6 [43744/54730 (80%)], lr: ['1.00e-04', '1.00e-04'], loss: 0.000014
[2023-10-18 19:57:56,760][INFO][clas_trainer:133] - train epoch: 6 [49216/54730 (90%)], lr: ['1.00e-04', '1.00e-04'], loss: 0.000045
[2023-10-18 19:58:05,762][INFO][clas_trainer:133] - train epoch: 6 [54688/54730 (100%)], lr: ['1.00e-04', '1.00e-04'], loss: 0.000398
[2023-10-18 19:58:20,329][INFO][clas_trainer:63] - [epoch   6] execution time: 106.92s	metrics:
[2023-10-18 19:58:20,330][INFO][clas_evaluator:99] - dataset: earlystopping, avg f1-score: 0.5633
[2023-10-18 19:58:20,387][INFO][base_model:51] - snapshot saved to ./models/exp002a-m362-base_fe_clas-2023-10-17_13-13-53-final.pth
[2023-10-18 19:58:29,902][INFO][clas_trainer:133] - train epoch: 7 [5440/54730 (10%)], lr: ['1.00e-04', '1.00e-04'], loss: 0.001160
[2023-10-18 19:58:39,128][INFO][clas_trainer:133] - train epoch: 7 [10912/54730 (20%)], lr: ['1.00e-04', '1.00e-04'], loss: 0.020019
[2023-10-18 19:58:48,448][INFO][clas_trainer:133] - train epoch: 7 [16384/54730 (30%)], lr: ['1.00e-04', '1.00e-04'], loss: 0.000095
[2023-10-18 19:58:57,428][INFO][clas_trainer:133] - train epoch: 7 [21856/54730 (40%)], lr: ['1.00e-04', '1.00e-04'], loss: 0.000791
[2023-10-18 19:59:06,656][INFO][clas_trainer:133] - train epoch: 7 [27328/54730 (50%)], lr: ['1.00e-04', '1.00e-04'], loss: 0.005487
[2023-10-18 19:59:15,930][INFO][clas_trainer:133] - train epoch: 7 [32800/54730 (60%)], lr: ['1.00e-04', '1.00e-04'], loss: 0.000179
[2023-10-18 19:59:25,219][INFO][clas_trainer:133] - train epoch: 7 [38272/54730 (70%)], lr: ['1.00e-04', '1.00e-04'], loss: 0.000157
[2023-10-18 19:59:34,252][INFO][clas_trainer:133] - train epoch: 7 [43744/54730 (80%)], lr: ['1.00e-04', '1.00e-04'], loss: 0.000293
[2023-10-18 19:59:43,415][INFO][clas_trainer:133] - train epoch: 7 [49216/54730 (90%)], lr: ['1.00e-04', '1.00e-04'], loss: 0.000103
[2023-10-18 19:59:52,767][INFO][clas_trainer:133] - train epoch: 7 [54688/54730 (100%)], lr: ['1.00e-04', '1.00e-04'], loss: 0.002059
[2023-10-18 20:00:07,087][INFO][clas_trainer:63] - [epoch   7] execution time: 106.70s	metrics:
[2023-10-18 20:00:07,087][INFO][clas_evaluator:99] - dataset: earlystopping, avg f1-score: 0.5643
[2023-10-18 20:00:07,145][INFO][base_model:51] - snapshot saved to ./models/exp002a-m362-base_fe_clas-2023-10-17_13-13-53-final.pth
[2023-10-18 20:00:16,697][INFO][clas_trainer:133] - train epoch: 8 [5440/54730 (10%)], lr: ['1.00e-04', '1.00e-04'], loss: 0.000013
[2023-10-18 20:00:25,851][INFO][clas_trainer:133] - train epoch: 8 [10912/54730 (20%)], lr: ['1.00e-04', '1.00e-04'], loss: 0.000354
[2023-10-18 20:00:35,093][INFO][clas_trainer:133] - train epoch: 8 [16384/54730 (30%)], lr: ['1.00e-04', '1.00e-04'], loss: 0.000042
[2023-10-18 20:00:44,214][INFO][clas_trainer:133] - train epoch: 8 [21856/54730 (40%)], lr: ['1.00e-04', '1.00e-04'], loss: 0.002488
[2023-10-18 20:00:53,267][INFO][clas_trainer:133] - train epoch: 8 [27328/54730 (50%)], lr: ['1.00e-04', '1.00e-04'], loss: 0.000534
[2023-10-18 20:01:02,524][INFO][clas_trainer:133] - train epoch: 8 [32800/54730 (60%)], lr: ['1.00e-04', '1.00e-04'], loss: 0.003360
[2023-10-18 20:01:11,662][INFO][clas_trainer:133] - train epoch: 8 [38272/54730 (70%)], lr: ['1.00e-04', '1.00e-04'], loss: 0.000884
[2023-10-18 20:01:20,847][INFO][clas_trainer:133] - train epoch: 8 [43744/54730 (80%)], lr: ['1.00e-04', '1.00e-04'], loss: 0.000018
[2023-10-18 20:01:29,917][INFO][clas_trainer:133] - train epoch: 8 [49216/54730 (90%)], lr: ['1.00e-04', '1.00e-04'], loss: 0.001316
[2023-10-18 20:01:39,387][INFO][clas_trainer:133] - train epoch: 8 [54688/54730 (100%)], lr: ['1.00e-04', '1.00e-04'], loss: 0.000265
[2023-10-18 20:01:53,758][INFO][clas_trainer:63] - [epoch   8] execution time: 106.61s	metrics:
[2023-10-18 20:01:53,758][INFO][clas_evaluator:99] - dataset: earlystopping, avg f1-score: 0.5544
[2023-10-18 20:02:03,496][INFO][clas_trainer:133] - train epoch: 9 [5440/54730 (10%)], lr: ['1.00e-04', '1.00e-04'], loss: 0.000803
[2023-10-18 20:02:12,886][INFO][clas_trainer:133] - train epoch: 9 [10912/54730 (20%)], lr: ['1.00e-04', '1.00e-04'], loss: 0.000013
[2023-10-18 20:02:21,985][INFO][clas_trainer:133] - train epoch: 9 [16384/54730 (30%)], lr: ['1.00e-04', '1.00e-04'], loss: 0.000047
[2023-10-18 20:02:31,090][INFO][clas_trainer:133] - train epoch: 9 [21856/54730 (40%)], lr: ['1.00e-04', '1.00e-04'], loss: 0.003913
[2023-10-18 20:02:40,421][INFO][clas_trainer:133] - train epoch: 9 [27328/54730 (50%)], lr: ['1.00e-04', '1.00e-04'], loss: 0.001854
[2023-10-18 20:02:49,441][INFO][clas_trainer:133] - train epoch: 9 [32800/54730 (60%)], lr: ['1.00e-04', '1.00e-04'], loss: 0.000461
[2023-10-18 20:02:58,653][INFO][clas_trainer:133] - train epoch: 9 [38272/54730 (70%)], lr: ['1.00e-04', '1.00e-04'], loss: 0.009999
[2023-10-18 20:03:07,914][INFO][clas_trainer:133] - train epoch: 9 [43744/54730 (80%)], lr: ['1.00e-04', '1.00e-04'], loss: 0.011769
[2023-10-18 20:03:17,198][INFO][clas_trainer:133] - train epoch: 9 [49216/54730 (90%)], lr: ['1.00e-04', '1.00e-04'], loss: 0.000176
[2023-10-18 20:03:26,306][INFO][clas_trainer:133] - train epoch: 9 [54688/54730 (100%)], lr: ['1.00e-04', '1.00e-04'], loss: 0.001027
[2023-10-18 20:03:40,707][INFO][clas_trainer:63] - [epoch   9] execution time: 106.95s	metrics:
[2023-10-18 20:03:40,707][INFO][clas_evaluator:99] - dataset: earlystopping, avg f1-score: 0.5638
[2023-10-18 20:03:50,465][INFO][clas_trainer:133] - train epoch: 10 [5440/54730 (10%)], lr: ['1.00e-04', '1.00e-04'], loss: 0.002313
[2023-10-18 20:03:59,581][INFO][clas_trainer:133] - train epoch: 10 [10912/54730 (20%)], lr: ['1.00e-04', '1.00e-04'], loss: 0.000235
[2023-10-18 20:04:08,698][INFO][clas_trainer:133] - train epoch: 10 [16384/54730 (30%)], lr: ['1.00e-04', '1.00e-04'], loss: 0.000293
[2023-10-18 20:04:17,820][INFO][clas_trainer:133] - train epoch: 10 [21856/54730 (40%)], lr: ['1.00e-04', '1.00e-04'], loss: 0.000951
[2023-10-18 20:04:26,894][INFO][clas_trainer:133] - train epoch: 10 [27328/54730 (50%)], lr: ['1.00e-04', '1.00e-04'], loss: 0.002301
[2023-10-18 20:04:35,941][INFO][clas_trainer:133] - train epoch: 10 [32800/54730 (60%)], lr: ['1.00e-04', '1.00e-04'], loss: 0.000267
[2023-10-18 20:04:44,997][INFO][clas_trainer:133] - train epoch: 10 [38272/54730 (70%)], lr: ['1.00e-04', '1.00e-04'], loss: 0.000504
[2023-10-18 20:04:54,237][INFO][clas_trainer:133] - train epoch: 10 [43744/54730 (80%)], lr: ['1.00e-04', '1.00e-04'], loss: 0.000521
[2023-10-18 20:05:03,452][INFO][clas_trainer:133] - train epoch: 10 [49216/54730 (90%)], lr: ['1.00e-04', '1.00e-04'], loss: 0.002232
[2023-10-18 20:05:12,525][INFO][clas_trainer:133] - train epoch: 10 [54688/54730 (100%)], lr: ['1.00e-04', '1.00e-04'], loss: 0.000260
[2023-10-18 20:05:27,167][INFO][clas_trainer:63] - [epoch  10] execution time: 106.46s	metrics:
[2023-10-18 20:05:27,167][INFO][clas_evaluator:99] - dataset: earlystopping, avg f1-score: 0.4822
[2023-10-18 20:05:36,839][INFO][clas_trainer:133] - train epoch: 11 [5440/54730 (10%)], lr: ['1.00e-04', '1.00e-04'], loss: 0.000141
[2023-10-18 20:05:46,003][INFO][clas_trainer:133] - train epoch: 11 [10912/54730 (20%)], lr: ['1.00e-04', '1.00e-04'], loss: 0.001336
[2023-10-18 20:05:55,002][INFO][clas_trainer:133] - train epoch: 11 [16384/54730 (30%)], lr: ['1.00e-04', '1.00e-04'], loss: 0.000114
[2023-10-18 20:06:04,302][INFO][clas_trainer:133] - train epoch: 11 [21856/54730 (40%)], lr: ['1.00e-04', '1.00e-04'], loss: 0.000208
[2023-10-18 20:06:13,392][INFO][clas_trainer:133] - train epoch: 11 [27328/54730 (50%)], lr: ['1.00e-04', '1.00e-04'], loss: 0.001556
[2023-10-18 20:06:22,409][INFO][clas_trainer:133] - train epoch: 11 [32800/54730 (60%)], lr: ['1.00e-04', '1.00e-04'], loss: 0.000051
[2023-10-18 20:06:31,593][INFO][clas_trainer:133] - train epoch: 11 [38272/54730 (70%)], lr: ['1.00e-04', '1.00e-04'], loss: 0.000091
[2023-10-18 20:06:40,670][INFO][clas_trainer:133] - train epoch: 11 [43744/54730 (80%)], lr: ['1.00e-04', '1.00e-04'], loss: 0.002396
[2023-10-18 20:06:49,691][INFO][clas_trainer:133] - train epoch: 11 [49216/54730 (90%)], lr: ['1.00e-04', '1.00e-04'], loss: 0.000116
[2023-10-18 20:06:58,754][INFO][clas_trainer:133] - train epoch: 11 [54688/54730 (100%)], lr: ['1.00e-04', '1.00e-04'], loss: 0.000657
[2023-10-18 20:07:13,309][INFO][clas_trainer:63] - [epoch  11] execution time: 106.14s	metrics:
[2023-10-18 20:07:13,309][INFO][clas_evaluator:99] - dataset: earlystopping, avg f1-score: 0.4506
[2023-10-18 20:07:22,929][INFO][clas_trainer:133] - train epoch: 12 [5440/54730 (10%)], lr: ['1.00e-04', '1.00e-04'], loss: 0.000112
[2023-10-18 20:07:32,078][INFO][clas_trainer:133] - train epoch: 12 [10912/54730 (20%)], lr: ['1.00e-04', '1.00e-04'], loss: 0.078036
[2023-10-18 20:07:41,399][INFO][clas_trainer:133] - train epoch: 12 [16384/54730 (30%)], lr: ['1.00e-04', '1.00e-04'], loss: 0.000172
[2023-10-18 20:07:50,339][INFO][clas_trainer:133] - train epoch: 12 [21856/54730 (40%)], lr: ['1.00e-04', '1.00e-04'], loss: 0.000301
[2023-10-18 20:07:59,475][INFO][clas_trainer:133] - train epoch: 12 [27328/54730 (50%)], lr: ['1.00e-04', '1.00e-04'], loss: 0.000020
[2023-10-18 20:08:08,725][INFO][clas_trainer:133] - train epoch: 12 [32800/54730 (60%)], lr: ['1.00e-04', '1.00e-04'], loss: 0.000083
[2023-10-18 20:08:17,933][INFO][clas_trainer:133] - train epoch: 12 [38272/54730 (70%)], lr: ['1.00e-04', '1.00e-04'], loss: 0.000145
[2023-10-18 20:08:26,864][INFO][clas_trainer:133] - train epoch: 12 [43744/54730 (80%)], lr: ['1.00e-04', '1.00e-04'], loss: 0.000109
[2023-10-18 20:08:35,966][INFO][clas_trainer:133] - train epoch: 12 [49216/54730 (90%)], lr: ['1.00e-04', '1.00e-04'], loss: 0.000782
[2023-10-18 20:08:45,287][INFO][clas_trainer:133] - train epoch: 12 [54688/54730 (100%)], lr: ['1.00e-04', '1.00e-04'], loss: 0.000453
[2023-10-18 20:08:59,751][INFO][clas_trainer:63] - [epoch  12] execution time: 106.44s	metrics:
[2023-10-18 20:08:59,751][INFO][clas_evaluator:99] - dataset: earlystopping, avg f1-score: 0.5631
[2023-10-18 20:09:09,309][INFO][clas_trainer:133] - train epoch: 13 [5440/54730 (10%)], lr: ['1.00e-04', '1.00e-04'], loss: 0.000222
[2023-10-18 20:09:18,566][INFO][clas_trainer:133] - train epoch: 13 [10912/54730 (20%)], lr: ['1.00e-04', '1.00e-04'], loss: 0.002258
[2023-10-18 20:09:27,602][INFO][clas_trainer:133] - train epoch: 13 [16384/54730 (30%)], lr: ['1.00e-04', '1.00e-04'], loss: 0.000727
[2023-10-18 20:09:36,692][INFO][clas_trainer:133] - train epoch: 13 [21856/54730 (40%)], lr: ['1.00e-04', '1.00e-04'], loss: 0.001933
[2023-10-18 20:09:45,833][INFO][clas_trainer:133] - train epoch: 13 [27328/54730 (50%)], lr: ['1.00e-04', '1.00e-04'], loss: 0.000129
[2023-10-18 20:09:55,004][INFO][clas_trainer:133] - train epoch: 13 [32800/54730 (60%)], lr: ['1.00e-04', '1.00e-04'], loss: 0.000111
[2023-10-18 20:10:04,100][INFO][clas_trainer:133] - train epoch: 13 [38272/54730 (70%)], lr: ['1.00e-04', '1.00e-04'], loss: 0.000076
[2023-10-18 20:10:13,297][INFO][clas_trainer:133] - train epoch: 13 [43744/54730 (80%)], lr: ['1.00e-04', '1.00e-04'], loss: 0.000289
[2023-10-18 20:10:22,411][INFO][clas_trainer:133] - train epoch: 13 [49216/54730 (90%)], lr: ['1.00e-04', '1.00e-04'], loss: 0.000546
[2023-10-18 20:10:31,537][INFO][clas_trainer:133] - train epoch: 13 [54688/54730 (100%)], lr: ['1.00e-04', '1.00e-04'], loss: 0.000729
[2023-10-18 20:10:45,990][INFO][clas_trainer:63] - [epoch  13] execution time: 106.24s	metrics:
[2023-10-18 20:10:45,990][INFO][clas_evaluator:99] - dataset: earlystopping, avg f1-score: 0.5850
[2023-10-18 20:10:46,049][INFO][base_model:51] - snapshot saved to ./models/exp002a-m362-base_fe_clas-2023-10-17_13-13-53-final.pth
[2023-10-18 20:10:55,782][INFO][clas_trainer:133] - train epoch: 14 [5440/54730 (10%)], lr: ['1.00e-04', '1.00e-04'], loss: 0.000761
[2023-10-18 20:11:04,933][INFO][clas_trainer:133] - train epoch: 14 [10912/54730 (20%)], lr: ['1.00e-04', '1.00e-04'], loss: 0.003922
[2023-10-18 20:11:14,037][INFO][clas_trainer:133] - train epoch: 14 [16384/54730 (30%)], lr: ['1.00e-04', '1.00e-04'], loss: 0.000152
[2023-10-18 20:11:23,055][INFO][clas_trainer:133] - train epoch: 14 [21856/54730 (40%)], lr: ['1.00e-04', '1.00e-04'], loss: 0.000340
[2023-10-18 20:11:32,334][INFO][clas_trainer:133] - train epoch: 14 [27328/54730 (50%)], lr: ['1.00e-04', '1.00e-04'], loss: 0.000623
[2023-10-18 20:11:41,499][INFO][clas_trainer:133] - train epoch: 14 [32800/54730 (60%)], lr: ['1.00e-04', '1.00e-04'], loss: 0.010645
[2023-10-18 20:11:50,676][INFO][clas_trainer:133] - train epoch: 14 [38272/54730 (70%)], lr: ['1.00e-04', '1.00e-04'], loss: 0.001185
[2023-10-18 20:11:59,923][INFO][clas_trainer:133] - train epoch: 14 [43744/54730 (80%)], lr: ['1.00e-04', '1.00e-04'], loss: 0.000538
[2023-10-18 20:12:09,130][INFO][clas_trainer:133] - train epoch: 14 [49216/54730 (90%)], lr: ['1.00e-04', '1.00e-04'], loss: 0.000223
[2023-10-18 20:12:18,276][INFO][clas_trainer:133] - train epoch: 14 [54688/54730 (100%)], lr: ['1.00e-04', '1.00e-04'], loss: 0.000221
[2023-10-18 20:12:32,743][INFO][clas_trainer:63] - [epoch  14] execution time: 106.69s	metrics:
[2023-10-18 20:12:32,744][INFO][clas_evaluator:99] - dataset: earlystopping, avg f1-score: 0.5906
[2023-10-18 20:12:32,803][INFO][base_model:51] - snapshot saved to ./models/exp002a-m362-base_fe_clas-2023-10-17_13-13-53-final.pth
[2023-10-18 20:12:42,621][INFO][clas_trainer:133] - train epoch: 15 [5440/54730 (10%)], lr: ['1.00e-04', '1.00e-04'], loss: 0.000702
[2023-10-18 20:12:51,754][INFO][clas_trainer:133] - train epoch: 15 [10912/54730 (20%)], lr: ['1.00e-04', '1.00e-04'], loss: 0.000351
[2023-10-18 20:13:00,882][INFO][clas_trainer:133] - train epoch: 15 [16384/54730 (30%)], lr: ['1.00e-04', '1.00e-04'], loss: 0.001515
[2023-10-18 20:13:10,101][INFO][clas_trainer:133] - train epoch: 15 [21856/54730 (40%)], lr: ['1.00e-04', '1.00e-04'], loss: 0.000199
[2023-10-18 20:13:19,182][INFO][clas_trainer:133] - train epoch: 15 [27328/54730 (50%)], lr: ['1.00e-04', '1.00e-04'], loss: 0.000681
[2023-10-18 20:13:28,317][INFO][clas_trainer:133] - train epoch: 15 [32800/54730 (60%)], lr: ['1.00e-04', '1.00e-04'], loss: 0.000733
[2023-10-18 20:13:37,493][INFO][clas_trainer:133] - train epoch: 15 [38272/54730 (70%)], lr: ['1.00e-04', '1.00e-04'], loss: 0.002306
[2023-10-18 20:13:46,777][INFO][clas_trainer:133] - train epoch: 15 [43744/54730 (80%)], lr: ['1.00e-04', '1.00e-04'], loss: 0.005171
[2023-10-18 20:13:55,793][INFO][clas_trainer:133] - train epoch: 15 [49216/54730 (90%)], lr: ['1.00e-04', '1.00e-04'], loss: 0.000594
[2023-10-18 20:14:04,848][INFO][clas_trainer:133] - train epoch: 15 [54688/54730 (100%)], lr: ['1.00e-04', '1.00e-04'], loss: 0.000148
[2023-10-18 20:14:19,402][INFO][clas_trainer:63] - [epoch  15] execution time: 106.60s	metrics:
[2023-10-18 20:14:19,402][INFO][clas_evaluator:99] - dataset: earlystopping, avg f1-score: 0.5686
[2023-10-18 20:14:28,892][INFO][clas_trainer:133] - train epoch: 16 [5440/54730 (10%)], lr: ['1.00e-04', '1.00e-04'], loss: 0.000228
[2023-10-18 20:14:38,126][INFO][clas_trainer:133] - train epoch: 16 [10912/54730 (20%)], lr: ['1.00e-04', '1.00e-04'], loss: 0.001703
[2023-10-18 20:14:47,264][INFO][clas_trainer:133] - train epoch: 16 [16384/54730 (30%)], lr: ['1.00e-04', '1.00e-04'], loss: 0.002772
[2023-10-18 20:14:56,365][INFO][clas_trainer:133] - train epoch: 16 [21856/54730 (40%)], lr: ['1.00e-04', '1.00e-04'], loss: 0.000586
[2023-10-18 20:15:05,425][INFO][clas_trainer:133] - train epoch: 16 [27328/54730 (50%)], lr: ['1.00e-04', '1.00e-04'], loss: 0.000259
[2023-10-18 20:15:14,558][INFO][clas_trainer:133] - train epoch: 16 [32800/54730 (60%)], lr: ['1.00e-04', '1.00e-04'], loss: 0.000880
[2023-10-18 20:15:23,695][INFO][clas_trainer:133] - train epoch: 16 [38272/54730 (70%)], lr: ['1.00e-04', '1.00e-04'], loss: 0.000591
[2023-10-18 20:15:32,914][INFO][clas_trainer:133] - train epoch: 16 [43744/54730 (80%)], lr: ['1.00e-04', '1.00e-04'], loss: 0.001779
[2023-10-18 20:15:41,817][INFO][clas_trainer:133] - train epoch: 16 [49216/54730 (90%)], lr: ['1.00e-04', '1.00e-04'], loss: 0.001232
[2023-10-18 20:15:50,875][INFO][clas_trainer:133] - train epoch: 16 [54688/54730 (100%)], lr: ['1.00e-04', '1.00e-04'], loss: 0.000309
[2023-10-18 20:16:05,391][INFO][clas_trainer:63] - [epoch  16] execution time: 105.99s	metrics:
[2023-10-18 20:16:05,391][INFO][clas_evaluator:99] - dataset: earlystopping, avg f1-score: 0.5537
[2023-10-18 20:16:14,943][INFO][clas_trainer:133] - train epoch: 17 [5440/54730 (10%)], lr: ['1.00e-04', '1.00e-04'], loss: 0.003866
[2023-10-18 20:16:24,174][INFO][clas_trainer:133] - train epoch: 17 [10912/54730 (20%)], lr: ['1.00e-04', '1.00e-04'], loss: 0.000830
[2023-10-18 20:16:33,471][INFO][clas_trainer:133] - train epoch: 17 [16384/54730 (30%)], lr: ['1.00e-04', '1.00e-04'], loss: 0.000569
[2023-10-18 20:16:42,411][INFO][clas_trainer:133] - train epoch: 17 [21856/54730 (40%)], lr: ['1.00e-04', '1.00e-04'], loss: 0.074857
[2023-10-18 20:16:51,538][INFO][clas_trainer:133] - train epoch: 17 [27328/54730 (50%)], lr: ['1.00e-04', '1.00e-04'], loss: 0.000526
[2023-10-18 20:17:00,702][INFO][clas_trainer:133] - train epoch: 17 [32800/54730 (60%)], lr: ['1.00e-04', '1.00e-04'], loss: 0.000611
[2023-10-18 20:17:09,807][INFO][clas_trainer:133] - train epoch: 17 [38272/54730 (70%)], lr: ['1.00e-04', '1.00e-04'], loss: 0.000763
[2023-10-18 20:17:18,959][INFO][clas_trainer:133] - train epoch: 17 [43744/54730 (80%)], lr: ['1.00e-04', '1.00e-04'], loss: 0.000560
[2023-10-18 20:17:28,099][INFO][clas_trainer:133] - train epoch: 17 [49216/54730 (90%)], lr: ['1.00e-04', '1.00e-04'], loss: 0.000595
[2023-10-18 20:17:37,305][INFO][clas_trainer:133] - train epoch: 17 [54688/54730 (100%)], lr: ['1.00e-04', '1.00e-04'], loss: 0.036687
[2023-10-18 20:17:51,711][INFO][clas_trainer:63] - [epoch  17] execution time: 106.32s	metrics:
[2023-10-18 20:17:51,711][INFO][clas_evaluator:99] - dataset: earlystopping, avg f1-score: 0.5426
[2023-10-18 20:18:01,337][INFO][clas_trainer:133] - train epoch: 18 [5440/54730 (10%)], lr: ['1.00e-04', '1.00e-04'], loss: 0.000496
[2023-10-18 20:18:10,637][INFO][clas_trainer:133] - train epoch: 18 [10912/54730 (20%)], lr: ['1.00e-04', '1.00e-04'], loss: 0.000828
[2023-10-18 20:18:19,623][INFO][clas_trainer:133] - train epoch: 18 [16384/54730 (30%)], lr: ['1.00e-04', '1.00e-04'], loss: 0.000286
[2023-10-18 20:18:28,772][INFO][clas_trainer:133] - train epoch: 18 [21856/54730 (40%)], lr: ['1.00e-04', '1.00e-04'], loss: 0.000407
[2023-10-18 20:18:37,900][INFO][clas_trainer:133] - train epoch: 18 [27328/54730 (50%)], lr: ['1.00e-04', '1.00e-04'], loss: 0.000350
[2023-10-18 20:18:47,196][INFO][clas_trainer:133] - train epoch: 18 [32800/54730 (60%)], lr: ['1.00e-04', '1.00e-04'], loss: 0.000540
[2023-10-18 20:18:56,046][INFO][clas_trainer:133] - train epoch: 18 [38272/54730 (70%)], lr: ['1.00e-04', '1.00e-04'], loss: 0.001591
[2023-10-18 20:19:05,122][INFO][clas_trainer:133] - train epoch: 18 [43744/54730 (80%)], lr: ['1.00e-04', '1.00e-04'], loss: 0.001817
[2023-10-18 20:19:14,405][INFO][clas_trainer:133] - train epoch: 18 [49216/54730 (90%)], lr: ['1.00e-04', '1.00e-04'], loss: 0.000305
[2023-10-18 20:19:23,431][INFO][clas_trainer:133] - train epoch: 18 [54688/54730 (100%)], lr: ['1.00e-04', '1.00e-04'], loss: 0.000571
[2023-10-18 20:19:37,828][INFO][clas_trainer:63] - [epoch  18] execution time: 106.12s	metrics:
[2023-10-18 20:19:37,828][INFO][clas_evaluator:99] - dataset: earlystopping, avg f1-score: 0.5840
[2023-10-18 20:19:47,650][INFO][clas_trainer:133] - train epoch: 19 [5440/54730 (10%)], lr: ['1.00e-04', '1.00e-04'], loss: 0.000478
[2023-10-18 20:19:56,835][INFO][clas_trainer:133] - train epoch: 19 [10912/54730 (20%)], lr: ['1.00e-04', '1.00e-04'], loss: 0.001950
[2023-10-18 20:20:05,887][INFO][clas_trainer:133] - train epoch: 19 [16384/54730 (30%)], lr: ['1.00e-04', '1.00e-04'], loss: 0.000509
[2023-10-18 20:20:14,820][INFO][clas_trainer:133] - train epoch: 19 [21856/54730 (40%)], lr: ['1.00e-04', '1.00e-04'], loss: 0.000697
[2023-10-18 20:20:24,099][INFO][clas_trainer:133] - train epoch: 19 [27328/54730 (50%)], lr: ['1.00e-04', '1.00e-04'], loss: 0.000259
[2023-10-18 20:20:33,313][INFO][clas_trainer:133] - train epoch: 19 [32800/54730 (60%)], lr: ['1.00e-04', '1.00e-04'], loss: 0.002000
[2023-10-18 20:20:42,407][INFO][clas_trainer:133] - train epoch: 19 [38272/54730 (70%)], lr: ['1.00e-04', '1.00e-04'], loss: 0.000715
[2023-10-18 20:20:51,586][INFO][clas_trainer:133] - train epoch: 19 [43744/54730 (80%)], lr: ['1.00e-04', '1.00e-04'], loss: 0.000777
[2023-10-18 20:21:00,778][INFO][clas_trainer:133] - train epoch: 19 [49216/54730 (90%)], lr: ['1.00e-04', '1.00e-04'], loss: 0.000800
[2023-10-18 20:21:09,917][INFO][clas_trainer:133] - train epoch: 19 [54688/54730 (100%)], lr: ['1.00e-04', '1.00e-04'], loss: 0.000640
[2023-10-18 20:21:24,420][INFO][clas_trainer:63] - [epoch  19] execution time: 106.59s	metrics:
[2023-10-18 20:21:24,421][INFO][clas_evaluator:99] - dataset: earlystopping, avg f1-score: 0.5516
[2023-10-18 20:21:34,182][INFO][clas_trainer:133] - train epoch: 20 [5440/54730 (10%)], lr: ['1.00e-04', '1.00e-04'], loss: 0.000599
[2023-10-18 20:21:43,466][INFO][clas_trainer:133] - train epoch: 20 [10912/54730 (20%)], lr: ['1.00e-04', '1.00e-04'], loss: 0.002310
[2023-10-18 20:21:52,746][INFO][clas_trainer:133] - train epoch: 20 [16384/54730 (30%)], lr: ['1.00e-04', '1.00e-04'], loss: 0.000516
[2023-10-18 20:22:01,975][INFO][clas_trainer:133] - train epoch: 20 [21856/54730 (40%)], lr: ['1.00e-04', '1.00e-04'], loss: 0.000304
[2023-10-18 20:22:10,967][INFO][clas_trainer:133] - train epoch: 20 [27328/54730 (50%)], lr: ['1.00e-04', '1.00e-04'], loss: 0.000268
[2023-10-18 20:22:20,044][INFO][clas_trainer:133] - train epoch: 20 [32800/54730 (60%)], lr: ['1.00e-04', '1.00e-04'], loss: 0.000515
[2023-10-18 20:22:29,155][INFO][clas_trainer:133] - train epoch: 20 [38272/54730 (70%)], lr: ['1.00e-04', '1.00e-04'], loss: 0.001006
[2023-10-18 20:22:38,397][INFO][clas_trainer:133] - train epoch: 20 [43744/54730 (80%)], lr: ['1.00e-04', '1.00e-04'], loss: 0.012108
[2023-10-18 20:22:47,440][INFO][clas_trainer:133] - train epoch: 20 [49216/54730 (90%)], lr: ['1.00e-04', '1.00e-04'], loss: 0.000414
[2023-10-18 20:22:56,548][INFO][clas_trainer:133] - train epoch: 20 [54688/54730 (100%)], lr: ['1.00e-04', '1.00e-04'], loss: 0.000916
[2023-10-18 20:23:11,146][INFO][clas_trainer:63] - [epoch  20] execution time: 106.73s	metrics:
[2023-10-18 20:23:11,146][INFO][clas_evaluator:99] - dataset: earlystopping, avg f1-score: 0.5614
[2023-10-18 20:23:20,733][INFO][clas_trainer:133] - train epoch: 21 [5440/54730 (10%)], lr: ['1.00e-04', '1.00e-04'], loss: 0.000501
[2023-10-18 20:23:29,981][INFO][clas_trainer:133] - train epoch: 21 [10912/54730 (20%)], lr: ['1.00e-04', '1.00e-04'], loss: 0.000808
[2023-10-18 20:23:39,006][INFO][clas_trainer:133] - train epoch: 21 [16384/54730 (30%)], lr: ['1.00e-04', '1.00e-04'], loss: 0.002990
[2023-10-18 20:23:48,285][INFO][clas_trainer:133] - train epoch: 21 [21856/54730 (40%)], lr: ['1.00e-04', '1.00e-04'], loss: 0.000726
[2023-10-18 20:23:57,448][INFO][clas_trainer:133] - train epoch: 21 [27328/54730 (50%)], lr: ['1.00e-04', '1.00e-04'], loss: 0.000688
[2023-10-18 20:24:06,519][INFO][clas_trainer:133] - train epoch: 21 [32800/54730 (60%)], lr: ['1.00e-04', '1.00e-04'], loss: 0.000719
[2023-10-18 20:24:15,602][INFO][clas_trainer:133] - train epoch: 21 [38272/54730 (70%)], lr: ['1.00e-04', '1.00e-04'], loss: 0.000725
[2023-10-18 20:24:24,651][INFO][clas_trainer:133] - train epoch: 21 [43744/54730 (80%)], lr: ['1.00e-04', '1.00e-04'], loss: 0.002072
[2023-10-18 20:24:33,928][INFO][clas_trainer:133] - train epoch: 21 [49216/54730 (90%)], lr: ['1.00e-04', '1.00e-04'], loss: 0.001500
[2023-10-18 20:24:43,072][INFO][clas_trainer:133] - train epoch: 21 [54688/54730 (100%)], lr: ['1.00e-04', '1.00e-04'], loss: 0.000446
[2023-10-18 20:24:57,693][INFO][clas_trainer:63] - [epoch  21] execution time: 106.55s	metrics:
[2023-10-18 20:24:57,693][INFO][clas_evaluator:99] - dataset: earlystopping, avg f1-score: 0.5281
[2023-10-18 20:25:07,343][INFO][clas_trainer:133] - train epoch: 22 [5440/54730 (10%)], lr: ['1.00e-04', '1.00e-04'], loss: 0.001301
[2023-10-18 20:25:16,607][INFO][clas_trainer:133] - train epoch: 22 [10912/54730 (20%)], lr: ['1.00e-04', '1.00e-04'], loss: 0.001029
[2023-10-18 20:25:25,805][INFO][clas_trainer:133] - train epoch: 22 [16384/54730 (30%)], lr: ['1.00e-04', '1.00e-04'], loss: 0.001521
[2023-10-18 20:25:35,066][INFO][clas_trainer:133] - train epoch: 22 [21856/54730 (40%)], lr: ['1.00e-04', '1.00e-04'], loss: 0.004013
[2023-10-18 20:25:44,109][INFO][clas_trainer:133] - train epoch: 22 [27328/54730 (50%)], lr: ['1.00e-04', '1.00e-04'], loss: 0.000757
[2023-10-18 20:25:53,412][INFO][clas_trainer:133] - train epoch: 22 [32800/54730 (60%)], lr: ['1.00e-04', '1.00e-04'], loss: 0.000917
[2023-10-18 20:26:02,569][INFO][clas_trainer:133] - train epoch: 22 [38272/54730 (70%)], lr: ['1.00e-04', '1.00e-04'], loss: 0.001561
[2023-10-18 20:26:11,655][INFO][clas_trainer:133] - train epoch: 22 [43744/54730 (80%)], lr: ['1.00e-04', '1.00e-04'], loss: 0.001765
[2023-10-18 20:26:20,499][INFO][clas_trainer:133] - train epoch: 22 [49216/54730 (90%)], lr: ['1.00e-04', '1.00e-04'], loss: 0.000552
[2023-10-18 20:26:29,873][INFO][clas_trainer:133] - train epoch: 22 [54688/54730 (100%)], lr: ['1.00e-04', '1.00e-04'], loss: 0.000561
[2023-10-18 20:26:44,297][INFO][clas_trainer:63] - [epoch  22] execution time: 106.60s	metrics:
[2023-10-18 20:26:44,298][INFO][clas_evaluator:99] - dataset: earlystopping, avg f1-score: 0.4739
[2023-10-18 20:26:53,904][INFO][clas_trainer:133] - train epoch: 23 [5440/54730 (10%)], lr: ['1.00e-04', '1.00e-04'], loss: 0.001036
[2023-10-18 20:27:03,332][INFO][clas_trainer:133] - train epoch: 23 [10912/54730 (20%)], lr: ['1.00e-04', '1.00e-04'], loss: 0.000505
[2023-10-18 20:27:12,630][INFO][clas_trainer:133] - train epoch: 23 [16384/54730 (30%)], lr: ['1.00e-04', '1.00e-04'], loss: 0.000575
[2023-10-18 20:27:21,936][INFO][clas_trainer:133] - train epoch: 23 [21856/54730 (40%)], lr: ['1.00e-04', '1.00e-04'], loss: 0.001211
[2023-10-18 20:27:31,216][INFO][clas_trainer:133] - train epoch: 23 [27328/54730 (50%)], lr: ['1.00e-04', '1.00e-04'], loss: 0.000555
[2023-10-18 20:27:40,499][INFO][clas_trainer:133] - train epoch: 23 [32800/54730 (60%)], lr: ['1.00e-04', '1.00e-04'], loss: 0.001320
[2023-10-18 20:27:49,737][INFO][clas_trainer:133] - train epoch: 23 [38272/54730 (70%)], lr: ['1.00e-04', '1.00e-04'], loss: 0.001068
[2023-10-18 20:27:58,990][INFO][clas_trainer:133] - train epoch: 23 [43744/54730 (80%)], lr: ['1.00e-04', '1.00e-04'], loss: 0.000631
[2023-10-18 20:28:08,236][INFO][clas_trainer:133] - train epoch: 23 [49216/54730 (90%)], lr: ['1.00e-04', '1.00e-04'], loss: 0.002216
[2023-10-18 20:28:17,410][INFO][clas_trainer:133] - train epoch: 23 [54688/54730 (100%)], lr: ['1.00e-04', '1.00e-04'], loss: 0.001319
[2023-10-18 20:28:31,828][INFO][clas_trainer:63] - [epoch  23] execution time: 107.53s	metrics:
[2023-10-18 20:28:31,828][INFO][clas_evaluator:99] - dataset: earlystopping, avg f1-score: 0.5162
[2023-10-18 20:28:41,503][INFO][clas_trainer:133] - train epoch: 24 [5440/54730 (10%)], lr: ['1.00e-04', '1.00e-04'], loss: 0.000779
[2023-10-18 20:28:50,793][INFO][clas_trainer:133] - train epoch: 24 [10912/54730 (20%)], lr: ['1.00e-04', '1.00e-04'], loss: 0.004806
[2023-10-18 20:28:59,952][INFO][clas_trainer:133] - train epoch: 24 [16384/54730 (30%)], lr: ['1.00e-04', '1.00e-04'], loss: 0.001699
[2023-10-18 20:29:08,942][INFO][clas_trainer:133] - train epoch: 24 [21856/54730 (40%)], lr: ['1.00e-04', '1.00e-04'], loss: 0.000806
[2023-10-18 20:29:18,227][INFO][clas_trainer:133] - train epoch: 24 [27328/54730 (50%)], lr: ['1.00e-04', '1.00e-04'], loss: 0.001735
[2023-10-18 20:29:27,405][INFO][clas_trainer:133] - train epoch: 24 [32800/54730 (60%)], lr: ['1.00e-04', '1.00e-04'], loss: 0.000541
[2023-10-18 20:29:36,548][INFO][clas_trainer:133] - train epoch: 24 [38272/54730 (70%)], lr: ['1.00e-04', '1.00e-04'], loss: 0.001434
[2023-10-18 20:29:45,570][INFO][clas_trainer:133] - train epoch: 24 [43744/54730 (80%)], lr: ['1.00e-04', '1.00e-04'], loss: 0.000835
[2023-10-18 20:29:54,847][INFO][clas_trainer:133] - train epoch: 24 [49216/54730 (90%)], lr: ['1.00e-04', '1.00e-04'], loss: 0.000742
[2023-10-18 20:30:04,019][INFO][clas_trainer:133] - train epoch: 24 [54688/54730 (100%)], lr: ['1.00e-04', '1.00e-04'], loss: 0.001011
[2023-10-18 20:30:18,484][INFO][clas_trainer:63] - [epoch  24] execution time: 106.66s	metrics:
[2023-10-18 20:30:18,484][INFO][clas_evaluator:99] - dataset: earlystopping, avg f1-score: 0.5257
[2023-10-18 20:30:18,497][INFO][clas_trainer:79] - finished training
[2023-10-18 20:30:18,497][INFO][clas_trainer:80] - best model on epoch: 14 	f1-score: 0.5906
