[2024-10-03 06:15:37,223][INFO][fine-tune:25] - Using GPU 5
[2024-10-03 06:15:37,229][INFO][fine-tune:35] - overrides:
hydra:
- hydra.launcher.n_jobs=40
- hydra.mode=MULTIRUN
task:
- m_seed_path_sids={seeds:[10,10,10,10,10],path:"exp006b-m10-simple_multi_class-2024-09-20_13-58-02-final.pth",subject_ids:{isruc:$\{data.isruc.cv_5_fold.fold_1\}}}
- data.downstream.train_dataloader.dataset.data_reducer.n_epochs=-1
- data.downstream.train_dataloader.dataset.data_reducer.n_subjects=4
- general.gpus=[4,5,6,7]

[2024-10-03 06:15:42,937][INFO][data_loaders:39] - class distribution before data reduction:
# samples per subject
sg1-1-1: 880
sg1-11-1: 997
sg1-12-1: 850
sg1-13-1: 882
sg1-15-1: 786
sg1-16-1: 883
sg1-17-1: 851
sg1-18-1: 999
sg1-2-1: 964
sg1-20-1: 950
sg1-22-1: 849
sg1-23-1: 892
sg1-25-1: 921
sg1-26-1: 1062
sg1-27-1: 918
sg1-28-1: 882
sg1-29-1: 912
sg1-32-1: 1010
sg1-34-1: 871
sg1-35-1: 788
sg1-36-1: 987
sg1-37-1: 806
sg1-38-1: 932
sg1-39-1: 900
sg1-40-1: 875
sg1-42-1: 812
sg1-43-1: 747
sg1-44-1: 932
sg1-45-1: 906
sg1-46-1: 863
sg1-47-1: 838
sg1-49-1: 793
sg1-5-1: 875
sg1-50-1: 905
sg1-51-1: 856
sg1-53-1: 910
sg1-54-1: 814
sg1-56-1: 956
sg1-58-1: 965
sg1-59-1: 942
sg1-6-1: 897
sg1-60-1: 916
sg1-61-1: 852
sg1-64-1: 892
sg1-65-1: 1014
sg1-67-1: 862
sg1-68-1: 956
sg1-69-1: 815
sg1-7-1: 933
sg1-71-1: 829
sg1-72-1: 872
sg1-73-1: 997
sg1-75-1: 898
sg1-76-1: 850
sg1-78-1: 894
sg1-82-1: 882
sg1-83-1: 925
sg1-84-1: 963
sg1-85-1: 896
sg1-86-1: 964
sg1-88-1: 1002
sg1-89-1: 1036
sg1-91-1: 990
sg1-92-1: 877
sg1-93-1: 870
sg1-94-1: 846
sg1-95-1: 865
sg1-96-1: 858
sg1-98-1: 899
sg1-99-1: 835
sg2-1-1: 933
sg2-1-2: 787
sg2-2-1: 851
sg2-2-2: 869
sg2-3-1: 871
sg2-3-2: 813
sg2-5-1: 815
sg2-5-2: 879
sg2-7-1: 942
sg2-7-2: 899
sg2-8-1: 815
sg2-8-2: 923
sg3-1-1: 954
sg3-10-1: 796
sg3-2-1: 941
sg3-4-1: 794
sg3-5-1: 944
sg3-6-1: 853
sg3-7-1: 814
sg3-8-1: 1000

# samples per stage
0: 17912
1: 10225
2: 25143
3: 16141
4: 11018
[2024-10-03 06:15:43,438][INFO][data_loaders:43] - class distribution after data reduction:
# samples per subject
sg1-53-1: 20020
sg1-6-1: 19734
sg1-94-1: 18612
sg2-7-1: 20724

# samples per stage
0: 23936
1: 7480
2: 21076
3: 16764
4: 9834
[2024-10-03 06:15:43,894][INFO][data_loaders:39] - class distribution before data reduction:
# samples per subject
sg1-21-1: 1054
sg1-24-1: 830
sg1-30-1: 882
sg1-41-1: 974
sg1-57-1: 1007
sg1-70-1: 893
sg1-79-1: 880
sg1-87-1: 926

# samples per stage
0: 1706
1: 910
2: 2355
3: 1382
4: 1093
[2024-10-03 06:15:43,912][INFO][data_loaders:43] - class distribution after data reduction:
# samples per subject
sg1-21-1: 1054
sg1-24-1: 830
sg1-30-1: 882
sg1-41-1: 974
sg1-57-1: 1007
sg1-70-1: 893
sg1-79-1: 880
sg1-87-1: 926

# samples per stage
0: 1706
1: 910
2: 2355
3: 1382
4: 1093
[2024-10-03 06:15:43,937][INFO][clas_trainer:49] - metrics before training (epoch 0):
[2024-10-03 06:16:23,689][INFO][clas_evaluator:132] - dataset: earlystopping, avg f1-score: 0.1513
[2024-10-03 06:16:58,497][INFO][clas_trainer:133] - train epoch: 1 [7872/79090 (10%)], lr: ['1.00e-04', '1.00e-04'], loss: 2.091696
[2024-10-03 06:17:32,884][INFO][clas_trainer:133] - train epoch: 1 [15776/79090 (20%)], lr: ['1.00e-04', '1.00e-04'], loss: 1.285670
[2024-10-03 06:18:07,094][INFO][clas_trainer:133] - train epoch: 1 [23680/79090 (30%)], lr: ['1.00e-04', '1.00e-04'], loss: 0.986622
[2024-10-03 06:18:42,208][INFO][clas_trainer:133] - train epoch: 1 [31584/79090 (40%)], lr: ['1.00e-04', '1.00e-04'], loss: 1.106893
[2024-10-03 06:19:17,333][INFO][clas_trainer:133] - train epoch: 1 [39488/79090 (50%)], lr: ['1.00e-04', '1.00e-04'], loss: 0.539978
[2024-10-03 06:19:51,702][INFO][clas_trainer:133] - train epoch: 1 [47392/79090 (60%)], lr: ['1.00e-04', '1.00e-04'], loss: 0.469510
[2024-10-03 06:20:26,058][INFO][clas_trainer:133] - train epoch: 1 [55296/79090 (70%)], lr: ['1.00e-04', '1.00e-04'], loss: 0.782289
[2024-10-03 06:20:58,689][INFO][clas_trainer:133] - train epoch: 1 [63200/79090 (80%)], lr: ['1.00e-04', '1.00e-04'], loss: 0.612927
[2024-10-03 06:21:31,693][INFO][clas_trainer:133] - train epoch: 1 [71104/79090 (90%)], lr: ['1.00e-04', '1.00e-04'], loss: 0.346316
[2024-10-03 06:22:03,440][INFO][clas_trainer:133] - train epoch: 1 [79008/79090 (100%)], lr: ['1.00e-04', '1.00e-04'], loss: 0.664146
[2024-10-03 06:22:40,700][INFO][clas_trainer:63] - [epoch   1] execution time: 377.01s	metrics:
[2024-10-03 06:22:40,701][INFO][clas_evaluator:132] - dataset: earlystopping, avg f1-score: 0.4643
[2024-10-03 06:22:40,739][INFO][base_model:51] - snapshot saved to XXX/frequency-pretraining/models/exp006a-m253-base_fe_clas-2024-10-02_10-52-14-final.pth
[2024-10-03 06:23:15,403][INFO][clas_trainer:133] - train epoch: 2 [7872/79090 (10%)], lr: ['1.00e-04', '1.00e-04'], loss: 0.339223
[2024-10-03 06:23:49,891][INFO][clas_trainer:133] - train epoch: 2 [15776/79090 (20%)], lr: ['1.00e-04', '1.00e-04'], loss: 0.383500
[2024-10-03 06:24:25,735][INFO][clas_trainer:133] - train epoch: 2 [23680/79090 (30%)], lr: ['1.00e-04', '1.00e-04'], loss: 0.251815
[2024-10-03 06:25:00,370][INFO][clas_trainer:133] - train epoch: 2 [31584/79090 (40%)], lr: ['1.00e-04', '1.00e-04'], loss: 0.125389
[2024-10-03 06:25:36,596][INFO][clas_trainer:133] - train epoch: 2 [39488/79090 (50%)], lr: ['1.00e-04', '1.00e-04'], loss: 0.442029
[2024-10-03 06:26:11,736][INFO][clas_trainer:133] - train epoch: 2 [47392/79090 (60%)], lr: ['1.00e-04', '1.00e-04'], loss: 0.617197
[2024-10-03 06:26:47,527][INFO][clas_trainer:133] - train epoch: 2 [55296/79090 (70%)], lr: ['1.00e-04', '1.00e-04'], loss: 0.343143
[2024-10-03 06:27:24,433][INFO][clas_trainer:133] - train epoch: 2 [63200/79090 (80%)], lr: ['1.00e-04', '1.00e-04'], loss: 0.208532
[2024-10-03 06:28:00,689][INFO][clas_trainer:133] - train epoch: 2 [71104/79090 (90%)], lr: ['1.00e-04', '1.00e-04'], loss: 0.215415
[2024-10-03 06:28:35,724][INFO][clas_trainer:133] - train epoch: 2 [79008/79090 (100%)], lr: ['1.00e-04', '1.00e-04'], loss: 0.333191
[2024-10-03 06:29:14,601][INFO][clas_trainer:63] - [epoch   2] execution time: 393.86s	metrics:
[2024-10-03 06:29:14,602][INFO][clas_evaluator:132] - dataset: earlystopping, avg f1-score: 0.5788
[2024-10-03 06:29:14,644][INFO][base_model:51] - snapshot saved to XXX/frequency-pretraining/models/exp006a-m253-base_fe_clas-2024-10-02_10-52-14-final.pth
[2024-10-03 06:29:51,459][INFO][clas_trainer:133] - train epoch: 3 [7872/79090 (10%)], lr: ['1.00e-04', '1.00e-04'], loss: 0.163817
[2024-10-03 06:30:27,941][INFO][clas_trainer:133] - train epoch: 3 [15776/79090 (20%)], lr: ['1.00e-04', '1.00e-04'], loss: 0.307967
[2024-10-03 06:31:02,378][INFO][clas_trainer:133] - train epoch: 3 [23680/79090 (30%)], lr: ['1.00e-04', '1.00e-04'], loss: 0.227409
[2024-10-03 06:31:34,768][INFO][clas_trainer:133] - train epoch: 3 [31584/79090 (40%)], lr: ['1.00e-04', '1.00e-04'], loss: 0.588419
[2024-10-03 06:32:09,732][INFO][clas_trainer:133] - train epoch: 3 [39488/79090 (50%)], lr: ['1.00e-04', '1.00e-04'], loss: 0.232957
[2024-10-03 06:32:42,568][INFO][clas_trainer:133] - train epoch: 3 [47392/79090 (60%)], lr: ['1.00e-04', '1.00e-04'], loss: 0.510035
[2024-10-03 06:33:18,190][INFO][clas_trainer:133] - train epoch: 3 [55296/79090 (70%)], lr: ['1.00e-04', '1.00e-04'], loss: 0.439801
[2024-10-03 06:33:53,975][INFO][clas_trainer:133] - train epoch: 3 [63200/79090 (80%)], lr: ['1.00e-04', '1.00e-04'], loss: 0.393001
[2024-10-03 06:34:28,859][INFO][clas_trainer:133] - train epoch: 3 [71104/79090 (90%)], lr: ['1.00e-04', '1.00e-04'], loss: 0.230054
[2024-10-03 06:35:03,667][INFO][clas_trainer:133] - train epoch: 3 [79008/79090 (100%)], lr: ['1.00e-04', '1.00e-04'], loss: 0.171083
[2024-10-03 06:35:40,693][INFO][clas_trainer:63] - [epoch   3] execution time: 386.05s	metrics:
[2024-10-03 06:35:40,693][INFO][clas_evaluator:132] - dataset: earlystopping, avg f1-score: 0.6232
[2024-10-03 06:35:40,736][INFO][base_model:51] - snapshot saved to XXX/frequency-pretraining/models/exp006a-m253-base_fe_clas-2024-10-02_10-52-14-final.pth
[2024-10-03 06:36:14,917][INFO][clas_trainer:133] - train epoch: 4 [7872/79090 (10%)], lr: ['1.00e-04', '1.00e-04'], loss: 0.331731
[2024-10-03 06:36:48,766][INFO][clas_trainer:133] - train epoch: 4 [15776/79090 (20%)], lr: ['1.00e-04', '1.00e-04'], loss: 0.404869
[2024-10-03 06:37:22,010][INFO][clas_trainer:133] - train epoch: 4 [23680/79090 (30%)], lr: ['1.00e-04', '1.00e-04'], loss: 0.412332
[2024-10-03 06:37:55,982][INFO][clas_trainer:133] - train epoch: 4 [31584/79090 (40%)], lr: ['1.00e-04', '1.00e-04'], loss: 0.350587
[2024-10-03 06:38:31,534][INFO][clas_trainer:133] - train epoch: 4 [39488/79090 (50%)], lr: ['1.00e-04', '1.00e-04'], loss: 0.326083
[2024-10-03 06:39:06,051][INFO][clas_trainer:133] - train epoch: 4 [47392/79090 (60%)], lr: ['1.00e-04', '1.00e-04'], loss: 0.419925
[2024-10-03 06:39:41,502][INFO][clas_trainer:133] - train epoch: 4 [55296/79090 (70%)], lr: ['1.00e-04', '1.00e-04'], loss: 0.175986
[2024-10-03 06:40:14,671][INFO][clas_trainer:133] - train epoch: 4 [63200/79090 (80%)], lr: ['1.00e-04', '1.00e-04'], loss: 0.129058
[2024-10-03 06:40:48,790][INFO][clas_trainer:133] - train epoch: 4 [71104/79090 (90%)], lr: ['1.00e-04', '1.00e-04'], loss: 0.210040
[2024-10-03 06:41:22,205][INFO][clas_trainer:133] - train epoch: 4 [79008/79090 (100%)], lr: ['1.00e-04', '1.00e-04'], loss: 0.331860
[2024-10-03 06:42:02,974][INFO][clas_trainer:63] - [epoch   4] execution time: 382.24s	metrics:
[2024-10-03 06:42:02,975][INFO][clas_evaluator:132] - dataset: earlystopping, avg f1-score: 0.6613
[2024-10-03 06:42:03,015][INFO][base_model:51] - snapshot saved to XXX/frequency-pretraining/models/exp006a-m253-base_fe_clas-2024-10-02_10-52-14-final.pth
[2024-10-03 06:42:40,128][INFO][clas_trainer:133] - train epoch: 5 [7872/79090 (10%)], lr: ['1.00e-04', '1.00e-04'], loss: 0.227346
[2024-10-03 06:43:12,589][INFO][clas_trainer:133] - train epoch: 5 [15776/79090 (20%)], lr: ['1.00e-04', '1.00e-04'], loss: 0.188929
[2024-10-03 06:43:46,434][INFO][clas_trainer:133] - train epoch: 5 [23680/79090 (30%)], lr: ['1.00e-04', '1.00e-04'], loss: 0.084411
[2024-10-03 06:44:23,330][INFO][clas_trainer:133] - train epoch: 5 [31584/79090 (40%)], lr: ['1.00e-04', '1.00e-04'], loss: 0.316944
[2024-10-03 06:45:00,269][INFO][clas_trainer:133] - train epoch: 5 [39488/79090 (50%)], lr: ['1.00e-04', '1.00e-04'], loss: 0.212408
[2024-10-03 06:45:35,566][INFO][clas_trainer:133] - train epoch: 5 [47392/79090 (60%)], lr: ['1.00e-04', '1.00e-04'], loss: 0.283739
[2024-10-03 06:46:12,204][INFO][clas_trainer:133] - train epoch: 5 [55296/79090 (70%)], lr: ['1.00e-04', '1.00e-04'], loss: 0.285717
[2024-10-03 06:46:48,720][INFO][clas_trainer:133] - train epoch: 5 [63200/79090 (80%)], lr: ['1.00e-04', '1.00e-04'], loss: 0.091590
[2024-10-03 06:47:23,522][INFO][clas_trainer:133] - train epoch: 5 [71104/79090 (90%)], lr: ['1.00e-04', '1.00e-04'], loss: 0.158129
[2024-10-03 06:47:58,273][INFO][clas_trainer:133] - train epoch: 5 [79008/79090 (100%)], lr: ['1.00e-04', '1.00e-04'], loss: 0.085690
[2024-10-03 06:48:37,775][INFO][clas_trainer:63] - [epoch   5] execution time: 394.76s	metrics:
[2024-10-03 06:48:37,777][INFO][clas_evaluator:132] - dataset: earlystopping, avg f1-score: 0.6577
[2024-10-03 06:49:14,089][INFO][clas_trainer:133] - train epoch: 6 [7872/79090 (10%)], lr: ['1.00e-04', '1.00e-04'], loss: 0.124717
[2024-10-03 06:49:47,548][INFO][clas_trainer:133] - train epoch: 6 [15776/79090 (20%)], lr: ['1.00e-04', '1.00e-04'], loss: 0.068931
[2024-10-03 06:50:18,621][INFO][clas_trainer:133] - train epoch: 6 [23680/79090 (30%)], lr: ['1.00e-04', '1.00e-04'], loss: 0.198731
[2024-10-03 06:50:51,350][INFO][clas_trainer:133] - train epoch: 6 [31584/79090 (40%)], lr: ['1.00e-04', '1.00e-04'], loss: 0.122990
[2024-10-03 06:51:25,045][INFO][clas_trainer:133] - train epoch: 6 [39488/79090 (50%)], lr: ['1.00e-04', '1.00e-04'], loss: 0.335586
[2024-10-03 06:51:58,651][INFO][clas_trainer:133] - train epoch: 6 [47392/79090 (60%)], lr: ['1.00e-04', '1.00e-04'], loss: 0.254937
[2024-10-03 06:52:32,207][INFO][clas_trainer:133] - train epoch: 6 [55296/79090 (70%)], lr: ['1.00e-04', '1.00e-04'], loss: 0.087671
[2024-10-03 06:53:08,143][INFO][clas_trainer:133] - train epoch: 6 [63200/79090 (80%)], lr: ['1.00e-04', '1.00e-04'], loss: 0.086356
[2024-10-03 06:53:43,573][INFO][clas_trainer:133] - train epoch: 6 [71104/79090 (90%)], lr: ['1.00e-04', '1.00e-04'], loss: 0.100335
[2024-10-03 06:54:20,731][INFO][clas_trainer:133] - train epoch: 6 [79008/79090 (100%)], lr: ['1.00e-04', '1.00e-04'], loss: 0.157727
[2024-10-03 06:54:58,032][INFO][clas_trainer:63] - [epoch   6] execution time: 380.26s	metrics:
[2024-10-03 06:54:58,033][INFO][clas_evaluator:132] - dataset: earlystopping, avg f1-score: 0.6505
[2024-10-03 06:55:32,169][INFO][clas_trainer:133] - train epoch: 7 [7872/79090 (10%)], lr: ['1.00e-04', '1.00e-04'], loss: 0.304864
[2024-10-03 06:56:05,793][INFO][clas_trainer:133] - train epoch: 7 [15776/79090 (20%)], lr: ['1.00e-04', '1.00e-04'], loss: 0.235150
[2024-10-03 06:56:40,065][INFO][clas_trainer:133] - train epoch: 7 [23680/79090 (30%)], lr: ['1.00e-04', '1.00e-04'], loss: 0.104904
[2024-10-03 06:57:15,584][INFO][clas_trainer:133] - train epoch: 7 [31584/79090 (40%)], lr: ['1.00e-04', '1.00e-04'], loss: 0.060476
[2024-10-03 06:57:50,829][INFO][clas_trainer:133] - train epoch: 7 [39488/79090 (50%)], lr: ['1.00e-04', '1.00e-04'], loss: 0.198450
[2024-10-03 06:58:26,014][INFO][clas_trainer:133] - train epoch: 7 [47392/79090 (60%)], lr: ['1.00e-04', '1.00e-04'], loss: 0.048226
[2024-10-03 06:58:58,981][INFO][clas_trainer:133] - train epoch: 7 [55296/79090 (70%)], lr: ['1.00e-04', '1.00e-04'], loss: 0.016239
[2024-10-03 06:59:31,093][INFO][clas_trainer:133] - train epoch: 7 [63200/79090 (80%)], lr: ['1.00e-04', '1.00e-04'], loss: 0.022892
[2024-10-03 07:00:03,813][INFO][clas_trainer:133] - train epoch: 7 [71104/79090 (90%)], lr: ['1.00e-04', '1.00e-04'], loss: 0.032537
[2024-10-03 07:00:36,737][INFO][clas_trainer:133] - train epoch: 7 [79008/79090 (100%)], lr: ['1.00e-04', '1.00e-04'], loss: 0.111281
[2024-10-03 07:01:14,363][INFO][clas_trainer:63] - [epoch   7] execution time: 376.33s	metrics:
[2024-10-03 07:01:14,364][INFO][clas_evaluator:132] - dataset: earlystopping, avg f1-score: 0.6798
[2024-10-03 07:01:14,405][INFO][base_model:51] - snapshot saved to XXX/frequency-pretraining/models/exp006a-m253-base_fe_clas-2024-10-02_10-52-14-final.pth
[2024-10-03 07:01:51,176][INFO][clas_trainer:133] - train epoch: 8 [7872/79090 (10%)], lr: ['1.00e-04', '1.00e-04'], loss: 0.034211
[2024-10-03 07:02:28,342][INFO][clas_trainer:133] - train epoch: 8 [15776/79090 (20%)], lr: ['1.00e-04', '1.00e-04'], loss: 0.046679
[2024-10-03 07:03:04,315][INFO][clas_trainer:133] - train epoch: 8 [23680/79090 (30%)], lr: ['1.00e-04', '1.00e-04'], loss: 0.063821
[2024-10-03 07:03:38,646][INFO][clas_trainer:133] - train epoch: 8 [31584/79090 (40%)], lr: ['1.00e-04', '1.00e-04'], loss: 0.193316
[2024-10-03 07:04:13,736][INFO][clas_trainer:133] - train epoch: 8 [39488/79090 (50%)], lr: ['1.00e-04', '1.00e-04'], loss: 0.027606
[2024-10-03 07:04:48,659][INFO][clas_trainer:133] - train epoch: 8 [47392/79090 (60%)], lr: ['1.00e-04', '1.00e-04'], loss: 0.031410
[2024-10-03 07:05:22,726][INFO][clas_trainer:133] - train epoch: 8 [55296/79090 (70%)], lr: ['1.00e-04', '1.00e-04'], loss: 0.105015
[2024-10-03 07:05:55,806][INFO][clas_trainer:133] - train epoch: 8 [63200/79090 (80%)], lr: ['1.00e-04', '1.00e-04'], loss: 0.188892
[2024-10-03 07:06:28,518][INFO][clas_trainer:133] - train epoch: 8 [71104/79090 (90%)], lr: ['1.00e-04', '1.00e-04'], loss: 0.257437
[2024-10-03 07:07:04,039][INFO][clas_trainer:133] - train epoch: 8 [79008/79090 (100%)], lr: ['1.00e-04', '1.00e-04'], loss: 0.105357
[2024-10-03 07:07:39,826][INFO][clas_trainer:63] - [epoch   8] execution time: 385.42s	metrics:
[2024-10-03 07:07:39,827][INFO][clas_evaluator:132] - dataset: earlystopping, avg f1-score: 0.6783
[2024-10-03 07:08:14,169][INFO][clas_trainer:133] - train epoch: 9 [7872/79090 (10%)], lr: ['1.00e-04', '1.00e-04'], loss: 0.115285
[2024-10-03 07:08:48,113][INFO][clas_trainer:133] - train epoch: 9 [15776/79090 (20%)], lr: ['1.00e-04', '1.00e-04'], loss: 0.027618
[2024-10-03 07:09:22,122][INFO][clas_trainer:133] - train epoch: 9 [23680/79090 (30%)], lr: ['1.00e-04', '1.00e-04'], loss: 0.072910
[2024-10-03 07:09:56,022][INFO][clas_trainer:133] - train epoch: 9 [31584/79090 (40%)], lr: ['1.00e-04', '1.00e-04'], loss: 0.122047
[2024-10-03 07:10:27,879][INFO][clas_trainer:133] - train epoch: 9 [39488/79090 (50%)], lr: ['1.00e-04', '1.00e-04'], loss: 0.086304
[2024-10-03 07:11:00,268][INFO][clas_trainer:133] - train epoch: 9 [47392/79090 (60%)], lr: ['1.00e-04', '1.00e-04'], loss: 0.205760
[2024-10-03 07:11:32,352][INFO][clas_trainer:133] - train epoch: 9 [55296/79090 (70%)], lr: ['1.00e-04', '1.00e-04'], loss: 0.008790
[2024-10-03 07:12:04,145][INFO][clas_trainer:133] - train epoch: 9 [63200/79090 (80%)], lr: ['1.00e-04', '1.00e-04'], loss: 0.011304
[2024-10-03 07:12:38,912][INFO][clas_trainer:133] - train epoch: 9 [71104/79090 (90%)], lr: ['1.00e-04', '1.00e-04'], loss: 0.199299
[2024-10-03 07:13:14,400][INFO][clas_trainer:133] - train epoch: 9 [79008/79090 (100%)], lr: ['1.00e-04', '1.00e-04'], loss: 0.066018
[2024-10-03 07:13:51,064][INFO][clas_trainer:63] - [epoch   9] execution time: 371.24s	metrics:
[2024-10-03 07:13:51,065][INFO][clas_evaluator:132] - dataset: earlystopping, avg f1-score: 0.6753
[2024-10-03 07:14:25,815][INFO][clas_trainer:133] - train epoch: 10 [7872/79090 (10%)], lr: ['1.00e-04', '1.00e-04'], loss: 0.056318
[2024-10-03 07:14:59,336][INFO][clas_trainer:133] - train epoch: 10 [15776/79090 (20%)], lr: ['1.00e-04', '1.00e-04'], loss: 0.043420
[2024-10-03 07:15:33,369][INFO][clas_trainer:133] - train epoch: 10 [23680/79090 (30%)], lr: ['1.00e-04', '1.00e-04'], loss: 0.051226
[2024-10-03 07:16:06,159][INFO][clas_trainer:133] - train epoch: 10 [31584/79090 (40%)], lr: ['1.00e-04', '1.00e-04'], loss: 0.171758
[2024-10-03 07:16:39,331][INFO][clas_trainer:133] - train epoch: 10 [39488/79090 (50%)], lr: ['1.00e-04', '1.00e-04'], loss: 0.156051
[2024-10-03 07:17:11,455][INFO][clas_trainer:133] - train epoch: 10 [47392/79090 (60%)], lr: ['1.00e-04', '1.00e-04'], loss: 0.051249
[2024-10-03 07:17:44,813][INFO][clas_trainer:133] - train epoch: 10 [55296/79090 (70%)], lr: ['1.00e-04', '1.00e-04'], loss: 0.019533
[2024-10-03 07:18:16,691][INFO][clas_trainer:133] - train epoch: 10 [63200/79090 (80%)], lr: ['1.00e-04', '1.00e-04'], loss: 0.008560
[2024-10-03 07:18:49,422][INFO][clas_trainer:133] - train epoch: 10 [71104/79090 (90%)], lr: ['1.00e-04', '1.00e-04'], loss: 0.041206
[2024-10-03 07:19:24,909][INFO][clas_trainer:133] - train epoch: 10 [79008/79090 (100%)], lr: ['1.00e-04', '1.00e-04'], loss: 0.023331
[2024-10-03 07:20:01,338][INFO][clas_trainer:63] - [epoch  10] execution time: 370.27s	metrics:
[2024-10-03 07:20:01,339][INFO][clas_evaluator:132] - dataset: earlystopping, avg f1-score: 0.6603
[2024-10-03 07:20:35,926][INFO][clas_trainer:133] - train epoch: 11 [7872/79090 (10%)], lr: ['1.00e-04', '1.00e-04'], loss: 0.018733
[2024-10-03 07:21:08,586][INFO][clas_trainer:133] - train epoch: 11 [15776/79090 (20%)], lr: ['1.00e-04', '1.00e-04'], loss: 0.037411
[2024-10-03 07:21:41,621][INFO][clas_trainer:133] - train epoch: 11 [23680/79090 (30%)], lr: ['1.00e-04', '1.00e-04'], loss: 0.013218
[2024-10-03 07:22:15,917][INFO][clas_trainer:133] - train epoch: 11 [31584/79090 (40%)], lr: ['1.00e-04', '1.00e-04'], loss: 0.068860
[2024-10-03 07:22:48,157][INFO][clas_trainer:133] - train epoch: 11 [39488/79090 (50%)], lr: ['1.00e-04', '1.00e-04'], loss: 0.012196
[2024-10-03 07:23:21,406][INFO][clas_trainer:133] - train epoch: 11 [47392/79090 (60%)], lr: ['1.00e-04', '1.00e-04'], loss: 0.224781
[2024-10-03 07:23:53,535][INFO][clas_trainer:133] - train epoch: 11 [55296/79090 (70%)], lr: ['1.00e-04', '1.00e-04'], loss: 0.006910
[2024-10-03 07:24:26,657][INFO][clas_trainer:133] - train epoch: 11 [63200/79090 (80%)], lr: ['1.00e-04', '1.00e-04'], loss: 0.023486
[2024-10-03 07:25:01,324][INFO][clas_trainer:133] - train epoch: 11 [71104/79090 (90%)], lr: ['1.00e-04', '1.00e-04'], loss: 0.012970
[2024-10-03 07:25:36,357][INFO][clas_trainer:133] - train epoch: 11 [79008/79090 (100%)], lr: ['1.00e-04', '1.00e-04'], loss: 0.037948
[2024-10-03 07:26:12,832][INFO][clas_trainer:63] - [epoch  11] execution time: 371.49s	metrics:
[2024-10-03 07:26:12,833][INFO][clas_evaluator:132] - dataset: earlystopping, avg f1-score: 0.6840
[2024-10-03 07:26:12,874][INFO][base_model:51] - snapshot saved to XXX/frequency-pretraining/models/exp006a-m253-base_fe_clas-2024-10-02_10-52-14-final.pth
[2024-10-03 07:26:50,784][INFO][clas_trainer:133] - train epoch: 12 [7872/79090 (10%)], lr: ['1.00e-04', '1.00e-04'], loss: 0.039079
[2024-10-03 07:27:29,686][INFO][clas_trainer:133] - train epoch: 12 [15776/79090 (20%)], lr: ['1.00e-04', '1.00e-04'], loss: 0.137453
[2024-10-03 07:28:04,855][INFO][clas_trainer:133] - train epoch: 12 [23680/79090 (30%)], lr: ['1.00e-04', '1.00e-04'], loss: 0.017173
[2024-10-03 07:28:40,897][INFO][clas_trainer:133] - train epoch: 12 [31584/79090 (40%)], lr: ['1.00e-04', '1.00e-04'], loss: 0.034126
[2024-10-03 07:29:16,870][INFO][clas_trainer:133] - train epoch: 12 [39488/79090 (50%)], lr: ['1.00e-04', '1.00e-04'], loss: 0.021646
[2024-10-03 07:29:52,932][INFO][clas_trainer:133] - train epoch: 12 [47392/79090 (60%)], lr: ['1.00e-04', '1.00e-04'], loss: 0.038783
[2024-10-03 07:30:27,899][INFO][clas_trainer:133] - train epoch: 12 [55296/79090 (70%)], lr: ['1.00e-04', '1.00e-04'], loss: 0.050482
[2024-10-03 07:31:02,864][INFO][clas_trainer:133] - train epoch: 12 [63200/79090 (80%)], lr: ['1.00e-04', '1.00e-04'], loss: 0.003625
[2024-10-03 07:31:36,714][INFO][clas_trainer:133] - train epoch: 12 [71104/79090 (90%)], lr: ['1.00e-04', '1.00e-04'], loss: 0.054872
[2024-10-03 07:32:12,419][INFO][clas_trainer:133] - train epoch: 12 [79008/79090 (100%)], lr: ['1.00e-04', '1.00e-04'], loss: 0.048894
[2024-10-03 07:32:48,769][INFO][clas_trainer:63] - [epoch  12] execution time: 395.90s	metrics:
[2024-10-03 07:32:48,770][INFO][clas_evaluator:132] - dataset: earlystopping, avg f1-score: 0.6623
[2024-10-03 07:33:25,290][INFO][clas_trainer:133] - train epoch: 13 [7872/79090 (10%)], lr: ['1.00e-04', '1.00e-04'], loss: 0.161515
[2024-10-03 07:33:59,682][INFO][clas_trainer:133] - train epoch: 13 [15776/79090 (20%)], lr: ['1.00e-04', '1.00e-04'], loss: 0.164331
[2024-10-03 07:34:34,488][INFO][clas_trainer:133] - train epoch: 13 [23680/79090 (30%)], lr: ['1.00e-04', '1.00e-04'], loss: 0.161127
[2024-10-03 07:35:12,077][INFO][clas_trainer:133] - train epoch: 13 [31584/79090 (40%)], lr: ['1.00e-04', '1.00e-04'], loss: 0.015541
[2024-10-03 07:35:46,670][INFO][clas_trainer:133] - train epoch: 13 [39488/79090 (50%)], lr: ['1.00e-04', '1.00e-04'], loss: 0.029837
[2024-10-03 07:36:20,874][INFO][clas_trainer:133] - train epoch: 13 [47392/79090 (60%)], lr: ['1.00e-04', '1.00e-04'], loss: 0.192340
[2024-10-03 07:36:53,384][INFO][clas_trainer:133] - train epoch: 13 [55296/79090 (70%)], lr: ['1.00e-04', '1.00e-04'], loss: 0.020408
[2024-10-03 07:37:26,749][INFO][clas_trainer:133] - train epoch: 13 [63200/79090 (80%)], lr: ['1.00e-04', '1.00e-04'], loss: 0.003882
[2024-10-03 07:37:59,117][INFO][clas_trainer:133] - train epoch: 13 [71104/79090 (90%)], lr: ['1.00e-04', '1.00e-04'], loss: 0.007846
[2024-10-03 07:38:32,296][INFO][clas_trainer:133] - train epoch: 13 [79008/79090 (100%)], lr: ['1.00e-04', '1.00e-04'], loss: 0.109513
[2024-10-03 07:39:07,770][INFO][clas_trainer:63] - [epoch  13] execution time: 379.00s	metrics:
[2024-10-03 07:39:07,771][INFO][clas_evaluator:132] - dataset: earlystopping, avg f1-score: 0.6700
[2024-10-03 07:39:41,815][INFO][clas_trainer:133] - train epoch: 14 [7872/79090 (10%)], lr: ['1.00e-04', '1.00e-04'], loss: 0.011934
[2024-10-03 07:40:16,047][INFO][clas_trainer:133] - train epoch: 14 [15776/79090 (20%)], lr: ['1.00e-04', '1.00e-04'], loss: 0.005869
[2024-10-03 07:40:48,737][INFO][clas_trainer:133] - train epoch: 14 [23680/79090 (30%)], lr: ['1.00e-04', '1.00e-04'], loss: 0.063800
[2024-10-03 07:41:22,475][INFO][clas_trainer:133] - train epoch: 14 [31584/79090 (40%)], lr: ['1.00e-04', '1.00e-04'], loss: 0.064985
[2024-10-03 07:41:55,242][INFO][clas_trainer:133] - train epoch: 14 [39488/79090 (50%)], lr: ['1.00e-04', '1.00e-04'], loss: 0.022205
[2024-10-03 07:42:27,809][INFO][clas_trainer:133] - train epoch: 14 [47392/79090 (60%)], lr: ['1.00e-04', '1.00e-04'], loss: 0.069554
[2024-10-03 07:43:01,093][INFO][clas_trainer:133] - train epoch: 14 [55296/79090 (70%)], lr: ['1.00e-04', '1.00e-04'], loss: 0.010203
[2024-10-03 07:43:33,926][INFO][clas_trainer:133] - train epoch: 14 [63200/79090 (80%)], lr: ['1.00e-04', '1.00e-04'], loss: 0.001493
[2024-10-03 07:44:06,736][INFO][clas_trainer:133] - train epoch: 14 [71104/79090 (90%)], lr: ['1.00e-04', '1.00e-04'], loss: 0.004587
[2024-10-03 07:44:39,699][INFO][clas_trainer:133] - train epoch: 14 [79008/79090 (100%)], lr: ['1.00e-04', '1.00e-04'], loss: 0.049660
[2024-10-03 07:45:15,258][INFO][clas_trainer:63] - [epoch  14] execution time: 367.49s	metrics:
[2024-10-03 07:45:15,259][INFO][clas_evaluator:132] - dataset: earlystopping, avg f1-score: 0.6839
[2024-10-03 07:45:51,676][INFO][clas_trainer:133] - train epoch: 15 [7872/79090 (10%)], lr: ['1.00e-04', '1.00e-04'], loss: 0.021837
[2024-10-03 07:46:31,462][INFO][clas_trainer:133] - train epoch: 15 [15776/79090 (20%)], lr: ['1.00e-04', '1.00e-04'], loss: 0.070740
[2024-10-03 07:47:08,361][INFO][clas_trainer:133] - train epoch: 15 [23680/79090 (30%)], lr: ['1.00e-04', '1.00e-04'], loss: 0.067192
[2024-10-03 07:47:46,775][INFO][clas_trainer:133] - train epoch: 15 [31584/79090 (40%)], lr: ['1.00e-04', '1.00e-04'], loss: 0.136250
[2024-10-03 07:48:25,293][INFO][clas_trainer:133] - train epoch: 15 [39488/79090 (50%)], lr: ['1.00e-04', '1.00e-04'], loss: 0.174935
[2024-10-03 07:49:02,528][INFO][clas_trainer:133] - train epoch: 15 [47392/79090 (60%)], lr: ['1.00e-04', '1.00e-04'], loss: 0.001650
[2024-10-03 07:49:39,482][INFO][clas_trainer:133] - train epoch: 15 [55296/79090 (70%)], lr: ['1.00e-04', '1.00e-04'], loss: 0.020023
[2024-10-03 07:50:18,332][INFO][clas_trainer:133] - train epoch: 15 [63200/79090 (80%)], lr: ['1.00e-04', '1.00e-04'], loss: 0.009267
[2024-10-03 07:50:55,401][INFO][clas_trainer:133] - train epoch: 15 [71104/79090 (90%)], lr: ['1.00e-04', '1.00e-04'], loss: 0.002287
[2024-10-03 07:51:31,070][INFO][clas_trainer:133] - train epoch: 15 [79008/79090 (100%)], lr: ['1.00e-04', '1.00e-04'], loss: 0.004836
[2024-10-03 07:52:08,514][INFO][clas_trainer:63] - [epoch  15] execution time: 413.25s	metrics:
[2024-10-03 07:52:08,514][INFO][clas_evaluator:132] - dataset: earlystopping, avg f1-score: 0.6601
[2024-10-03 07:52:44,916][INFO][clas_trainer:133] - train epoch: 16 [7872/79090 (10%)], lr: ['1.00e-04', '1.00e-04'], loss: 0.042339
[2024-10-03 07:53:21,608][INFO][clas_trainer:133] - train epoch: 16 [15776/79090 (20%)], lr: ['1.00e-04', '1.00e-04'], loss: 0.015948
[2024-10-03 07:53:57,967][INFO][clas_trainer:133] - train epoch: 16 [23680/79090 (30%)], lr: ['1.00e-04', '1.00e-04'], loss: 0.005855
[2024-10-03 07:54:33,286][INFO][clas_trainer:133] - train epoch: 16 [31584/79090 (40%)], lr: ['1.00e-04', '1.00e-04'], loss: 0.007795
[2024-10-03 07:55:10,184][INFO][clas_trainer:133] - train epoch: 16 [39488/79090 (50%)], lr: ['1.00e-04', '1.00e-04'], loss: 0.015710
[2024-10-03 07:55:46,709][INFO][clas_trainer:133] - train epoch: 16 [47392/79090 (60%)], lr: ['1.00e-04', '1.00e-04'], loss: 0.079225
[2024-10-03 07:56:22,599][INFO][clas_trainer:133] - train epoch: 16 [55296/79090 (70%)], lr: ['1.00e-04', '1.00e-04'], loss: 0.009301
[2024-10-03 07:56:55,970][INFO][clas_trainer:133] - train epoch: 16 [63200/79090 (80%)], lr: ['1.00e-04', '1.00e-04'], loss: 0.007337
[2024-10-03 07:57:28,345][INFO][clas_trainer:133] - train epoch: 16 [71104/79090 (90%)], lr: ['1.00e-04', '1.00e-04'], loss: 0.001258
[2024-10-03 07:58:01,238][INFO][clas_trainer:133] - train epoch: 16 [79008/79090 (100%)], lr: ['1.00e-04', '1.00e-04'], loss: 0.017834
[2024-10-03 07:58:35,273][INFO][clas_trainer:63] - [epoch  16] execution time: 386.76s	metrics:
[2024-10-03 07:58:35,274][INFO][clas_evaluator:132] - dataset: earlystopping, avg f1-score: 0.6658
[2024-10-03 07:59:09,076][INFO][clas_trainer:133] - train epoch: 17 [7872/79090 (10%)], lr: ['1.00e-04', '1.00e-04'], loss: 0.002080
[2024-10-03 07:59:42,562][INFO][clas_trainer:133] - train epoch: 17 [15776/79090 (20%)], lr: ['1.00e-04', '1.00e-04'], loss: 0.012089
[2024-10-03 08:00:15,568][INFO][clas_trainer:133] - train epoch: 17 [23680/79090 (30%)], lr: ['1.00e-04', '1.00e-04'], loss: 0.068665
[2024-10-03 08:00:50,366][INFO][clas_trainer:133] - train epoch: 17 [31584/79090 (40%)], lr: ['1.00e-04', '1.00e-04'], loss: 0.001363
[2024-10-03 08:01:25,261][INFO][clas_trainer:133] - train epoch: 17 [39488/79090 (50%)], lr: ['1.00e-04', '1.00e-04'], loss: 0.000301
[2024-10-03 08:01:59,133][INFO][clas_trainer:133] - train epoch: 17 [47392/79090 (60%)], lr: ['1.00e-04', '1.00e-04'], loss: 0.031250
[2024-10-03 08:02:30,245][INFO][clas_trainer:133] - train epoch: 17 [55296/79090 (70%)], lr: ['1.00e-04', '1.00e-04'], loss: 0.015771
[2024-10-03 08:03:03,140][INFO][clas_trainer:133] - train epoch: 17 [63200/79090 (80%)], lr: ['1.00e-04', '1.00e-04'], loss: 0.027391
[2024-10-03 08:03:36,282][INFO][clas_trainer:133] - train epoch: 17 [71104/79090 (90%)], lr: ['1.00e-04', '1.00e-04'], loss: 0.002381
[2024-10-03 08:04:08,432][INFO][clas_trainer:133] - train epoch: 17 [79008/79090 (100%)], lr: ['1.00e-04', '1.00e-04'], loss: 0.012711
[2024-10-03 08:04:43,461][INFO][clas_trainer:63] - [epoch  17] execution time: 368.19s	metrics:
[2024-10-03 08:04:43,462][INFO][clas_evaluator:132] - dataset: earlystopping, avg f1-score: 0.6350
[2024-10-03 08:05:16,754][INFO][clas_trainer:133] - train epoch: 18 [7872/79090 (10%)], lr: ['1.00e-04', '1.00e-04'], loss: 0.029278
[2024-10-03 08:05:49,835][INFO][clas_trainer:133] - train epoch: 18 [15776/79090 (20%)], lr: ['1.00e-04', '1.00e-04'], loss: 0.023294
[2024-10-03 08:06:22,501][INFO][clas_trainer:133] - train epoch: 18 [23680/79090 (30%)], lr: ['1.00e-04', '1.00e-04'], loss: 0.002256
[2024-10-03 08:06:56,672][INFO][clas_trainer:133] - train epoch: 18 [31584/79090 (40%)], lr: ['1.00e-04', '1.00e-04'], loss: 0.008541
[2024-10-03 08:07:31,296][INFO][clas_trainer:133] - train epoch: 18 [39488/79090 (50%)], lr: ['1.00e-04', '1.00e-04'], loss: 0.007246
[2024-10-03 08:08:04,811][INFO][clas_trainer:133] - train epoch: 18 [47392/79090 (60%)], lr: ['1.00e-04', '1.00e-04'], loss: 0.031762
[2024-10-03 08:08:38,054][INFO][clas_trainer:133] - train epoch: 18 [55296/79090 (70%)], lr: ['1.00e-04', '1.00e-04'], loss: 0.000868
[2024-10-03 08:09:10,996][INFO][clas_trainer:133] - train epoch: 18 [63200/79090 (80%)], lr: ['1.00e-04', '1.00e-04'], loss: 0.023349
[2024-10-03 08:09:48,505][INFO][clas_trainer:133] - train epoch: 18 [71104/79090 (90%)], lr: ['1.00e-04', '1.00e-04'], loss: 0.001574
[2024-10-03 08:10:27,746][INFO][clas_trainer:133] - train epoch: 18 [79008/79090 (100%)], lr: ['1.00e-04', '1.00e-04'], loss: 0.035046
[2024-10-03 08:11:06,613][INFO][clas_trainer:63] - [epoch  18] execution time: 383.15s	metrics:
[2024-10-03 08:11:06,614][INFO][clas_evaluator:132] - dataset: earlystopping, avg f1-score: 0.6526
[2024-10-03 08:11:42,754][INFO][clas_trainer:133] - train epoch: 19 [7872/79090 (10%)], lr: ['1.00e-04', '1.00e-04'], loss: 0.000729
[2024-10-03 08:12:16,797][INFO][clas_trainer:133] - train epoch: 19 [15776/79090 (20%)], lr: ['1.00e-04', '1.00e-04'], loss: 0.003701
[2024-10-03 08:12:50,497][INFO][clas_trainer:133] - train epoch: 19 [23680/79090 (30%)], lr: ['1.00e-04', '1.00e-04'], loss: 0.062489
[2024-10-03 08:13:25,870][INFO][clas_trainer:133] - train epoch: 19 [31584/79090 (40%)], lr: ['1.00e-04', '1.00e-04'], loss: 0.001062
[2024-10-03 08:14:01,803][INFO][clas_trainer:133] - train epoch: 19 [39488/79090 (50%)], lr: ['1.00e-04', '1.00e-04'], loss: 0.068155
[2024-10-03 08:14:39,795][INFO][clas_trainer:133] - train epoch: 19 [47392/79090 (60%)], lr: ['1.00e-04', '1.00e-04'], loss: 0.019643
[2024-10-03 08:15:15,436][INFO][clas_trainer:133] - train epoch: 19 [55296/79090 (70%)], lr: ['1.00e-04', '1.00e-04'], loss: 0.019233
[2024-10-03 08:15:51,704][INFO][clas_trainer:133] - train epoch: 19 [63200/79090 (80%)], lr: ['1.00e-04', '1.00e-04'], loss: 0.006177
[2024-10-03 08:16:27,590][INFO][clas_trainer:133] - train epoch: 19 [71104/79090 (90%)], lr: ['1.00e-04', '1.00e-04'], loss: 0.190656
[2024-10-03 08:17:02,657][INFO][clas_trainer:133] - train epoch: 19 [79008/79090 (100%)], lr: ['1.00e-04', '1.00e-04'], loss: 0.018572
[2024-10-03 08:17:41,323][INFO][clas_trainer:63] - [epoch  19] execution time: 394.71s	metrics:
[2024-10-03 08:17:41,323][INFO][clas_evaluator:132] - dataset: earlystopping, avg f1-score: 0.6889
[2024-10-03 08:17:41,363][INFO][base_model:51] - snapshot saved to XXX/frequency-pretraining/models/exp006a-m253-base_fe_clas-2024-10-02_10-52-14-final.pth
[2024-10-03 08:18:19,258][INFO][clas_trainer:133] - train epoch: 20 [7872/79090 (10%)], lr: ['1.00e-04', '1.00e-04'], loss: 0.085732
[2024-10-03 08:18:55,822][INFO][clas_trainer:133] - train epoch: 20 [15776/79090 (20%)], lr: ['1.00e-04', '1.00e-04'], loss: 0.018396
[2024-10-03 08:19:31,036][INFO][clas_trainer:133] - train epoch: 20 [23680/79090 (30%)], lr: ['1.00e-04', '1.00e-04'], loss: 0.038749
[2024-10-03 08:20:05,886][INFO][clas_trainer:133] - train epoch: 20 [31584/79090 (40%)], lr: ['1.00e-04', '1.00e-04'], loss: 0.002543
[2024-10-03 08:20:41,396][INFO][clas_trainer:133] - train epoch: 20 [39488/79090 (50%)], lr: ['1.00e-04', '1.00e-04'], loss: 0.104126
[2024-10-03 08:21:16,689][INFO][clas_trainer:133] - train epoch: 20 [47392/79090 (60%)], lr: ['1.00e-04', '1.00e-04'], loss: 0.012865
[2024-10-03 08:21:52,185][INFO][clas_trainer:133] - train epoch: 20 [55296/79090 (70%)], lr: ['1.00e-04', '1.00e-04'], loss: 0.036785
[2024-10-03 08:22:28,150][INFO][clas_trainer:133] - train epoch: 20 [63200/79090 (80%)], lr: ['1.00e-04', '1.00e-04'], loss: 0.003021
[2024-10-03 08:23:03,333][INFO][clas_trainer:133] - train epoch: 20 [71104/79090 (90%)], lr: ['1.00e-04', '1.00e-04'], loss: 0.007981
[2024-10-03 08:23:37,268][INFO][clas_trainer:133] - train epoch: 20 [79008/79090 (100%)], lr: ['1.00e-04', '1.00e-04'], loss: 0.006555
[2024-10-03 08:24:15,848][INFO][clas_trainer:63] - [epoch  20] execution time: 394.48s	metrics:
[2024-10-03 08:24:15,849][INFO][clas_evaluator:132] - dataset: earlystopping, avg f1-score: 0.6438
[2024-10-03 08:24:50,737][INFO][clas_trainer:133] - train epoch: 21 [7872/79090 (10%)], lr: ['1.00e-04', '1.00e-04'], loss: 0.006814
[2024-10-03 08:25:27,279][INFO][clas_trainer:133] - train epoch: 21 [15776/79090 (20%)], lr: ['1.00e-04', '1.00e-04'], loss: 0.005188
[2024-10-03 08:26:00,772][INFO][clas_trainer:133] - train epoch: 21 [23680/79090 (30%)], lr: ['1.00e-04', '1.00e-04'], loss: 0.021921
[2024-10-03 08:26:35,214][INFO][clas_trainer:133] - train epoch: 21 [31584/79090 (40%)], lr: ['1.00e-04', '1.00e-04'], loss: 0.017825
[2024-10-03 08:27:10,261][INFO][clas_trainer:133] - train epoch: 21 [39488/79090 (50%)], lr: ['1.00e-04', '1.00e-04'], loss: 0.082711
[2024-10-03 08:27:43,163][INFO][clas_trainer:133] - train epoch: 21 [47392/79090 (60%)], lr: ['1.00e-04', '1.00e-04'], loss: 0.030398
[2024-10-03 08:28:17,910][INFO][clas_trainer:133] - train epoch: 21 [55296/79090 (70%)], lr: ['1.00e-04', '1.00e-04'], loss: 0.003428
[2024-10-03 08:28:52,884][INFO][clas_trainer:133] - train epoch: 21 [63200/79090 (80%)], lr: ['1.00e-04', '1.00e-04'], loss: 0.028226
[2024-10-03 08:29:27,961][INFO][clas_trainer:133] - train epoch: 21 [71104/79090 (90%)], lr: ['1.00e-04', '1.00e-04'], loss: 0.005732
[2024-10-03 08:30:02,316][INFO][clas_trainer:133] - train epoch: 21 [79008/79090 (100%)], lr: ['1.00e-04', '1.00e-04'], loss: 0.015032
[2024-10-03 08:30:39,391][INFO][clas_trainer:63] - [epoch  21] execution time: 383.54s	metrics:
[2024-10-03 08:30:39,392][INFO][clas_evaluator:132] - dataset: earlystopping, avg f1-score: 0.6113
[2024-10-03 08:31:15,652][INFO][clas_trainer:133] - train epoch: 22 [7872/79090 (10%)], lr: ['1.00e-04', '1.00e-04'], loss: 0.001689
[2024-10-03 08:31:52,440][INFO][clas_trainer:133] - train epoch: 22 [15776/79090 (20%)], lr: ['1.00e-04', '1.00e-04'], loss: 0.002045
[2024-10-03 08:32:28,884][INFO][clas_trainer:133] - train epoch: 22 [23680/79090 (30%)], lr: ['1.00e-04', '1.00e-04'], loss: 0.022122
[2024-10-03 08:33:04,076][INFO][clas_trainer:133] - train epoch: 22 [31584/79090 (40%)], lr: ['1.00e-04', '1.00e-04'], loss: 0.000643
[2024-10-03 08:33:37,962][INFO][clas_trainer:133] - train epoch: 22 [39488/79090 (50%)], lr: ['1.00e-04', '1.00e-04'], loss: 0.028486
[2024-10-03 08:34:12,218][INFO][clas_trainer:133] - train epoch: 22 [47392/79090 (60%)], lr: ['1.00e-04', '1.00e-04'], loss: 0.026001
[2024-10-03 08:34:45,923][INFO][clas_trainer:133] - train epoch: 22 [55296/79090 (70%)], lr: ['1.00e-04', '1.00e-04'], loss: 0.001624
[2024-10-03 08:35:19,661][INFO][clas_trainer:133] - train epoch: 22 [63200/79090 (80%)], lr: ['1.00e-04', '1.00e-04'], loss: 0.002107
[2024-10-03 08:35:53,604][INFO][clas_trainer:133] - train epoch: 22 [71104/79090 (90%)], lr: ['1.00e-04', '1.00e-04'], loss: 0.001491
[2024-10-03 08:36:28,217][INFO][clas_trainer:133] - train epoch: 22 [79008/79090 (100%)], lr: ['1.00e-04', '1.00e-04'], loss: 0.000331
[2024-10-03 08:37:05,115][INFO][clas_trainer:63] - [epoch  22] execution time: 385.72s	metrics:
[2024-10-03 08:37:05,116][INFO][clas_evaluator:132] - dataset: earlystopping, avg f1-score: 0.6877
[2024-10-03 08:37:39,979][INFO][clas_trainer:133] - train epoch: 23 [7872/79090 (10%)], lr: ['1.00e-04', '1.00e-04'], loss: 0.071214
[2024-10-03 08:38:16,417][INFO][clas_trainer:133] - train epoch: 23 [15776/79090 (20%)], lr: ['1.00e-04', '1.00e-04'], loss: 0.000631
[2024-10-03 08:38:54,638][INFO][clas_trainer:133] - train epoch: 23 [23680/79090 (30%)], lr: ['1.00e-04', '1.00e-04'], loss: 0.000963
[2024-10-03 08:39:29,809][INFO][clas_trainer:133] - train epoch: 23 [31584/79090 (40%)], lr: ['1.00e-04', '1.00e-04'], loss: 0.030205
[2024-10-03 08:40:06,291][INFO][clas_trainer:133] - train epoch: 23 [39488/79090 (50%)], lr: ['1.00e-04', '1.00e-04'], loss: 0.022464
[2024-10-03 08:40:42,664][INFO][clas_trainer:133] - train epoch: 23 [47392/79090 (60%)], lr: ['1.00e-04', '1.00e-04'], loss: 0.001434
[2024-10-03 08:41:17,464][INFO][clas_trainer:133] - train epoch: 23 [55296/79090 (70%)], lr: ['1.00e-04', '1.00e-04'], loss: 0.001236
[2024-10-03 08:41:49,628][INFO][clas_trainer:133] - train epoch: 23 [63200/79090 (80%)], lr: ['1.00e-04', '1.00e-04'], loss: 0.064847
[2024-10-03 08:42:23,756][INFO][clas_trainer:133] - train epoch: 23 [71104/79090 (90%)], lr: ['1.00e-04', '1.00e-04'], loss: 0.020127
[2024-10-03 08:42:57,992][INFO][clas_trainer:133] - train epoch: 23 [79008/79090 (100%)], lr: ['1.00e-04', '1.00e-04'], loss: 0.000655
[2024-10-03 08:43:33,603][INFO][clas_trainer:63] - [epoch  23] execution time: 388.49s	metrics:
[2024-10-03 08:43:33,603][INFO][clas_evaluator:132] - dataset: earlystopping, avg f1-score: 0.6489
[2024-10-03 08:44:08,515][INFO][clas_trainer:133] - train epoch: 24 [7872/79090 (10%)], lr: ['1.00e-04', '1.00e-04'], loss: 0.108194
[2024-10-03 08:44:44,378][INFO][clas_trainer:133] - train epoch: 24 [15776/79090 (20%)], lr: ['1.00e-04', '1.00e-04'], loss: 0.007370
[2024-10-03 08:45:18,297][INFO][clas_trainer:133] - train epoch: 24 [23680/79090 (30%)], lr: ['1.00e-04', '1.00e-04'], loss: 0.001209
[2024-10-03 08:45:52,163][INFO][clas_trainer:133] - train epoch: 24 [31584/79090 (40%)], lr: ['1.00e-04', '1.00e-04'], loss: 0.004010
[2024-10-03 08:46:26,060][INFO][clas_trainer:133] - train epoch: 24 [39488/79090 (50%)], lr: ['1.00e-04', '1.00e-04'], loss: 0.015157
[2024-10-03 08:46:58,775][INFO][clas_trainer:133] - train epoch: 24 [47392/79090 (60%)], lr: ['1.00e-04', '1.00e-04'], loss: 0.001372
[2024-10-03 08:47:31,792][INFO][clas_trainer:133] - train epoch: 24 [55296/79090 (70%)], lr: ['1.00e-04', '1.00e-04'], loss: 0.004773
[2024-10-03 08:48:06,975][INFO][clas_trainer:133] - train epoch: 24 [63200/79090 (80%)], lr: ['1.00e-04', '1.00e-04'], loss: 0.018149
[2024-10-03 08:48:42,476][INFO][clas_trainer:133] - train epoch: 24 [71104/79090 (90%)], lr: ['1.00e-04', '1.00e-04'], loss: 0.149259
[2024-10-03 08:49:16,908][INFO][clas_trainer:133] - train epoch: 24 [79008/79090 (100%)], lr: ['1.00e-04', '1.00e-04'], loss: 0.011069
[2024-10-03 08:49:56,519][INFO][clas_trainer:63] - [epoch  24] execution time: 382.91s	metrics:
[2024-10-03 08:49:56,519][INFO][clas_evaluator:132] - dataset: earlystopping, avg f1-score: 0.6640
[2024-10-03 08:50:37,581][INFO][clas_trainer:133] - train epoch: 25 [7872/79090 (10%)], lr: ['1.00e-04', '1.00e-04'], loss: 0.011717
[2024-10-03 08:51:11,293][INFO][clas_trainer:133] - train epoch: 25 [15776/79090 (20%)], lr: ['1.00e-04', '1.00e-04'], loss: 0.008906
[2024-10-03 08:51:47,173][INFO][clas_trainer:133] - train epoch: 25 [23680/79090 (30%)], lr: ['1.00e-04', '1.00e-04'], loss: 0.007003
[2024-10-03 08:52:23,201][INFO][clas_trainer:133] - train epoch: 25 [31584/79090 (40%)], lr: ['1.00e-04', '1.00e-04'], loss: 0.004012
[2024-10-03 08:52:58,644][INFO][clas_trainer:133] - train epoch: 25 [39488/79090 (50%)], lr: ['1.00e-04', '1.00e-04'], loss: 0.001073
[2024-10-03 08:53:33,261][INFO][clas_trainer:133] - train epoch: 25 [47392/79090 (60%)], lr: ['1.00e-04', '1.00e-04'], loss: 0.000940
[2024-10-03 08:54:06,144][INFO][clas_trainer:133] - train epoch: 25 [55296/79090 (70%)], lr: ['1.00e-04', '1.00e-04'], loss: 0.050405
[2024-10-03 08:54:39,215][INFO][clas_trainer:133] - train epoch: 25 [63200/79090 (80%)], lr: ['1.00e-04', '1.00e-04'], loss: 0.000531
[2024-10-03 08:55:11,279][INFO][clas_trainer:133] - train epoch: 25 [71104/79090 (90%)], lr: ['1.00e-04', '1.00e-04'], loss: 0.009836
[2024-10-03 08:55:44,804][INFO][clas_trainer:133] - train epoch: 25 [79008/79090 (100%)], lr: ['1.00e-04', '1.00e-04'], loss: 0.011899
[2024-10-03 08:56:21,259][INFO][clas_trainer:63] - [epoch  25] execution time: 384.74s	metrics:
[2024-10-03 08:56:21,260][INFO][clas_evaluator:132] - dataset: earlystopping, avg f1-score: 0.6573
[2024-10-03 08:56:58,566][INFO][clas_trainer:133] - train epoch: 26 [7872/79090 (10%)], lr: ['1.00e-04', '1.00e-04'], loss: 0.063612
[2024-10-03 08:57:34,523][INFO][clas_trainer:133] - train epoch: 26 [15776/79090 (20%)], lr: ['1.00e-04', '1.00e-04'], loss: 0.002204
[2024-10-03 08:58:07,770][INFO][clas_trainer:133] - train epoch: 26 [23680/79090 (30%)], lr: ['1.00e-04', '1.00e-04'], loss: 0.002673
[2024-10-03 08:58:42,417][INFO][clas_trainer:133] - train epoch: 26 [31584/79090 (40%)], lr: ['1.00e-04', '1.00e-04'], loss: 0.000971
[2024-10-03 08:59:17,190][INFO][clas_trainer:133] - train epoch: 26 [39488/79090 (50%)], lr: ['1.00e-04', '1.00e-04'], loss: 0.007313
[2024-10-03 08:59:51,126][INFO][clas_trainer:133] - train epoch: 26 [47392/79090 (60%)], lr: ['1.00e-04', '1.00e-04'], loss: 0.051140
[2024-10-03 09:00:24,505][INFO][clas_trainer:133] - train epoch: 26 [55296/79090 (70%)], lr: ['1.00e-04', '1.00e-04'], loss: 0.003209
[2024-10-03 09:00:58,144][INFO][clas_trainer:133] - train epoch: 26 [63200/79090 (80%)], lr: ['1.00e-04', '1.00e-04'], loss: 0.324626
[2024-10-03 09:01:35,027][INFO][clas_trainer:133] - train epoch: 26 [71104/79090 (90%)], lr: ['1.00e-04', '1.00e-04'], loss: 0.045995
[2024-10-03 09:02:12,406][INFO][clas_trainer:133] - train epoch: 26 [79008/79090 (100%)], lr: ['1.00e-04', '1.00e-04'], loss: 0.003754
[2024-10-03 09:02:51,594][INFO][clas_trainer:63] - [epoch  26] execution time: 390.33s	metrics:
[2024-10-03 09:02:51,595][INFO][clas_evaluator:132] - dataset: earlystopping, avg f1-score: 0.6567
[2024-10-03 09:03:30,468][INFO][clas_trainer:133] - train epoch: 27 [7872/79090 (10%)], lr: ['1.00e-04', '1.00e-04'], loss: 0.013282
[2024-10-03 09:04:05,308][INFO][clas_trainer:133] - train epoch: 27 [15776/79090 (20%)], lr: ['1.00e-04', '1.00e-04'], loss: 0.000739
[2024-10-03 09:04:41,287][INFO][clas_trainer:133] - train epoch: 27 [23680/79090 (30%)], lr: ['1.00e-04', '1.00e-04'], loss: 0.001532
[2024-10-03 09:05:16,356][INFO][clas_trainer:133] - train epoch: 27 [31584/79090 (40%)], lr: ['1.00e-04', '1.00e-04'], loss: 0.002232
[2024-10-03 09:05:50,504][INFO][clas_trainer:133] - train epoch: 27 [39488/79090 (50%)], lr: ['1.00e-04', '1.00e-04'], loss: 0.003267
[2024-10-03 09:06:26,670][INFO][clas_trainer:133] - train epoch: 27 [47392/79090 (60%)], lr: ['1.00e-04', '1.00e-04'], loss: 0.002899
[2024-10-03 09:07:01,125][INFO][clas_trainer:133] - train epoch: 27 [55296/79090 (70%)], lr: ['1.00e-04', '1.00e-04'], loss: 0.003624
[2024-10-03 09:07:35,153][INFO][clas_trainer:133] - train epoch: 27 [63200/79090 (80%)], lr: ['1.00e-04', '1.00e-04'], loss: 0.004140
[2024-10-03 09:08:09,818][INFO][clas_trainer:133] - train epoch: 27 [71104/79090 (90%)], lr: ['1.00e-04', '1.00e-04'], loss: 0.002877
[2024-10-03 09:08:45,070][INFO][clas_trainer:133] - train epoch: 27 [79008/79090 (100%)], lr: ['1.00e-04', '1.00e-04'], loss: 0.000674
[2024-10-03 09:09:23,350][INFO][clas_trainer:63] - [epoch  27] execution time: 391.76s	metrics:
[2024-10-03 09:09:23,351][INFO][clas_evaluator:132] - dataset: earlystopping, avg f1-score: 0.6609
[2024-10-03 09:10:00,321][INFO][clas_trainer:133] - train epoch: 28 [7872/79090 (10%)], lr: ['1.00e-04', '1.00e-04'], loss: 0.000848
[2024-10-03 09:10:33,802][INFO][clas_trainer:133] - train epoch: 28 [15776/79090 (20%)], lr: ['1.00e-04', '1.00e-04'], loss: 0.016419
[2024-10-03 09:11:08,482][INFO][clas_trainer:133] - train epoch: 28 [23680/79090 (30%)], lr: ['1.00e-04', '1.00e-04'], loss: 0.002216
[2024-10-03 09:11:40,968][INFO][clas_trainer:133] - train epoch: 28 [31584/79090 (40%)], lr: ['1.00e-04', '1.00e-04'], loss: 0.073126
[2024-10-03 09:12:19,540][INFO][clas_trainer:133] - train epoch: 28 [39488/79090 (50%)], lr: ['1.00e-04', '1.00e-04'], loss: 0.002213
[2024-10-03 09:12:53,983][INFO][clas_trainer:133] - train epoch: 28 [47392/79090 (60%)], lr: ['1.00e-04', '1.00e-04'], loss: 0.002940
[2024-10-03 09:13:26,492][INFO][clas_trainer:133] - train epoch: 28 [55296/79090 (70%)], lr: ['1.00e-04', '1.00e-04'], loss: 0.077704
[2024-10-03 09:13:58,029][INFO][clas_trainer:133] - train epoch: 28 [63200/79090 (80%)], lr: ['1.00e-04', '1.00e-04'], loss: 0.005815
[2024-10-03 09:14:31,381][INFO][clas_trainer:133] - train epoch: 28 [71104/79090 (90%)], lr: ['1.00e-04', '1.00e-04'], loss: 0.010902
[2024-10-03 09:15:07,199][INFO][clas_trainer:133] - train epoch: 28 [79008/79090 (100%)], lr: ['1.00e-04', '1.00e-04'], loss: 0.000956
[2024-10-03 09:15:43,688][INFO][clas_trainer:63] - [epoch  28] execution time: 380.34s	metrics:
[2024-10-03 09:15:43,689][INFO][clas_evaluator:132] - dataset: earlystopping, avg f1-score: 0.6846
[2024-10-03 09:16:20,398][INFO][clas_trainer:133] - train epoch: 29 [7872/79090 (10%)], lr: ['1.00e-04', '1.00e-04'], loss: 0.007376
[2024-10-03 09:16:56,234][INFO][clas_trainer:133] - train epoch: 29 [15776/79090 (20%)], lr: ['1.00e-04', '1.00e-04'], loss: 0.006837
[2024-10-03 09:17:31,372][INFO][clas_trainer:133] - train epoch: 29 [23680/79090 (30%)], lr: ['1.00e-04', '1.00e-04'], loss: 0.001783
[2024-10-03 09:18:05,508][INFO][clas_trainer:133] - train epoch: 29 [31584/79090 (40%)], lr: ['1.00e-04', '1.00e-04'], loss: 0.001117
[2024-10-03 09:18:41,122][INFO][clas_trainer:133] - train epoch: 29 [39488/79090 (50%)], lr: ['1.00e-04', '1.00e-04'], loss: 0.005066
[2024-10-03 09:19:16,790][INFO][clas_trainer:133] - train epoch: 29 [47392/79090 (60%)], lr: ['1.00e-04', '1.00e-04'], loss: 0.007848
[2024-10-03 09:19:52,775][INFO][clas_trainer:133] - train epoch: 29 [55296/79090 (70%)], lr: ['1.00e-04', '1.00e-04'], loss: 0.000741
[2024-10-03 09:20:29,185][INFO][clas_trainer:133] - train epoch: 29 [63200/79090 (80%)], lr: ['1.00e-04', '1.00e-04'], loss: 0.000918
[2024-10-03 09:21:03,981][INFO][clas_trainer:133] - train epoch: 29 [71104/79090 (90%)], lr: ['1.00e-04', '1.00e-04'], loss: 0.005200
[2024-10-03 09:21:37,820][INFO][clas_trainer:133] - train epoch: 29 [79008/79090 (100%)], lr: ['1.00e-04', '1.00e-04'], loss: 0.083396
[2024-10-03 09:22:14,492][INFO][clas_trainer:63] - [epoch  29] execution time: 390.80s	metrics:
[2024-10-03 09:22:14,493][INFO][clas_evaluator:132] - dataset: earlystopping, avg f1-score: 0.6883
[2024-10-03 09:22:14,505][INFO][clas_trainer:79] - finished training
[2024-10-03 09:22:14,506][INFO][clas_trainer:80] - best model on epoch: 19 	f1-score: 0.6889
