[2023-11-11 14:14:33,194][INFO][pretrain_and_fine-tune:25] - Using GPU 1
[2023-11-11 14:14:33,196][INFO][pretrain_and_fine-tune:35] - overrides:
hydra:
- hydra.launcher.n_jobs=20
- hydra.mode=MULTIRUN
task:
- m_seed_path_sids={seeds:[11,11,11,11,11],subject_ids:{dod_o_h:$\{data.dod_o_h.cv_5_fold.fold_2\}}}
- data.pretraining.log_bins=False
- general.gpus=[0,1]

[2023-11-11 14:14:52,406][INFO][freq_trainer:43] - metrics before training (epoch 0):
[2023-11-11 14:14:53,764][INFO][freq_evaluator:47] - dataset: valid_pretraining, acc: 0.000, hamming: 0.489
[2023-11-11 14:14:58,699][INFO][freq_trainer:114] - train epoch: 1 [9920/100000 (10%)], lr: ['1.00e-04'], loss: 1.210971
[2023-11-11 14:15:03,263][INFO][freq_trainer:114] - train epoch: 1 [19904/100000 (20%)], lr: ['1.00e-04'], loss: 0.791017
[2023-11-11 14:15:07,828][INFO][freq_trainer:114] - train epoch: 1 [29888/100000 (30%)], lr: ['1.00e-04'], loss: 0.744071
[2023-11-11 14:15:12,658][INFO][freq_trainer:114] - train epoch: 1 [39872/100000 (40%)], lr: ['1.00e-04'], loss: 0.711734
[2023-11-11 14:15:17,239][INFO][freq_trainer:114] - train epoch: 1 [49856/100000 (50%)], lr: ['1.00e-04'], loss: 0.696791
[2023-11-11 14:15:21,936][INFO][freq_trainer:114] - train epoch: 1 [59840/100000 (60%)], lr: ['1.00e-04'], loss: 0.701568
[2023-11-11 14:15:26,583][INFO][freq_trainer:114] - train epoch: 1 [69824/100000 (70%)], lr: ['1.00e-04'], loss: 0.696213
[2023-11-11 14:15:31,106][INFO][freq_trainer:114] - train epoch: 1 [79808/100000 (80%)], lr: ['1.00e-04'], loss: 0.696183
[2023-11-11 14:15:35,688][INFO][freq_trainer:114] - train epoch: 1 [89792/100000 (90%)], lr: ['1.00e-04'], loss: 0.695134
[2023-11-11 14:15:40,218][INFO][freq_trainer:114] - train epoch: 1 [99776/100000 (100%)], lr: ['1.00e-04'], loss: 0.702433
[2023-11-11 14:15:42,179][INFO][freq_trainer:57] - [epoch   1] execution time: 48.41s	metrics:
[2023-11-11 14:15:42,180][INFO][freq_evaluator:47] - dataset: valid_pretraining, acc: 0.000, hamming: 0.480
[2023-11-11 14:15:42,207][INFO][base_model:51] - snapshot saved to ./models/exp007a-m23-simple_multi_class-2023-11-11_13-09-09-final.pth
[2023-11-11 14:15:47,445][INFO][freq_trainer:114] - train epoch: 2 [9920/100000 (10%)], lr: ['1.00e-04'], loss: 0.690531
[2023-11-11 14:15:52,073][INFO][freq_trainer:114] - train epoch: 2 [19904/100000 (20%)], lr: ['1.00e-04'], loss: 0.695642
[2023-11-11 14:15:56,755][INFO][freq_trainer:114] - train epoch: 2 [29888/100000 (30%)], lr: ['1.00e-04'], loss: 0.691842
[2023-11-11 14:16:01,340][INFO][freq_trainer:114] - train epoch: 2 [39872/100000 (40%)], lr: ['1.00e-04'], loss: 0.698843
[2023-11-11 14:16:05,911][INFO][freq_trainer:114] - train epoch: 2 [49856/100000 (50%)], lr: ['1.00e-04'], loss: 0.692230
[2023-11-11 14:16:10,550][INFO][freq_trainer:114] - train epoch: 2 [59840/100000 (60%)], lr: ['1.00e-04'], loss: 0.700661
[2023-11-11 14:16:15,183][INFO][freq_trainer:114] - train epoch: 2 [69824/100000 (70%)], lr: ['1.00e-04'], loss: 0.693255
[2023-11-11 14:16:20,037][INFO][freq_trainer:114] - train epoch: 2 [79808/100000 (80%)], lr: ['1.00e-04'], loss: 0.695232
[2023-11-11 14:16:24,780][INFO][freq_trainer:114] - train epoch: 2 [89792/100000 (90%)], lr: ['1.00e-04'], loss: 0.694011
[2023-11-11 14:16:29,391][INFO][freq_trainer:114] - train epoch: 2 [99776/100000 (100%)], lr: ['1.00e-04'], loss: 0.693904
[2023-11-11 14:16:31,479][INFO][freq_trainer:57] - [epoch   2] execution time: 49.27s	metrics:
[2023-11-11 14:16:31,479][INFO][freq_evaluator:47] - dataset: valid_pretraining, acc: 0.000, hamming: 0.480
[2023-11-11 14:16:31,508][INFO][base_model:51] - snapshot saved to ./models/exp007a-m23-simple_multi_class-2023-11-11_13-09-09-final.pth
[2023-11-11 14:16:36,520][INFO][freq_trainer:114] - train epoch: 3 [9920/100000 (10%)], lr: ['1.00e-04'], loss: 0.691072
[2023-11-11 14:16:41,133][INFO][freq_trainer:114] - train epoch: 3 [19904/100000 (20%)], lr: ['1.00e-04'], loss: 0.690587
[2023-11-11 14:16:45,688][INFO][freq_trainer:114] - train epoch: 3 [29888/100000 (30%)], lr: ['1.00e-04'], loss: 0.693162
[2023-11-11 14:16:50,232][INFO][freq_trainer:114] - train epoch: 3 [39872/100000 (40%)], lr: ['1.00e-04'], loss: 0.692381
[2023-11-11 14:16:55,000][INFO][freq_trainer:114] - train epoch: 3 [49856/100000 (50%)], lr: ['1.00e-04'], loss: 0.691933
[2023-11-11 14:16:59,580][INFO][freq_trainer:114] - train epoch: 3 [59840/100000 (60%)], lr: ['1.00e-04'], loss: 0.694563
[2023-11-11 14:17:04,186][INFO][freq_trainer:114] - train epoch: 3 [69824/100000 (70%)], lr: ['1.00e-04'], loss: 0.689174
[2023-11-11 14:17:08,830][INFO][freq_trainer:114] - train epoch: 3 [79808/100000 (80%)], lr: ['1.00e-04'], loss: 0.694385
[2023-11-11 14:17:13,514][INFO][freq_trainer:114] - train epoch: 3 [89792/100000 (90%)], lr: ['1.00e-04'], loss: 0.692287
[2023-11-11 14:17:18,171][INFO][freq_trainer:114] - train epoch: 3 [99776/100000 (100%)], lr: ['1.00e-04'], loss: 0.690376
[2023-11-11 14:17:20,025][INFO][freq_trainer:57] - [epoch   3] execution time: 48.52s	metrics:
[2023-11-11 14:17:20,026][INFO][freq_evaluator:47] - dataset: valid_pretraining, acc: 0.000, hamming: 0.480
[2023-11-11 14:17:20,053][INFO][base_model:51] - snapshot saved to ./models/exp007a-m23-simple_multi_class-2023-11-11_13-09-09-final.pth
[2023-11-11 14:17:25,029][INFO][freq_trainer:114] - train epoch: 4 [9920/100000 (10%)], lr: ['1.00e-04'], loss: 0.696170
[2023-11-11 14:17:29,944][INFO][freq_trainer:114] - train epoch: 4 [19904/100000 (20%)], lr: ['1.00e-04'], loss: 0.699211
[2023-11-11 14:17:34,566][INFO][freq_trainer:114] - train epoch: 4 [29888/100000 (30%)], lr: ['1.00e-04'], loss: 0.689675
[2023-11-11 14:17:39,174][INFO][freq_trainer:114] - train epoch: 4 [39872/100000 (40%)], lr: ['1.00e-04'], loss: 0.693335
[2023-11-11 14:17:43,719][INFO][freq_trainer:114] - train epoch: 4 [49856/100000 (50%)], lr: ['1.00e-04'], loss: 0.689414
[2023-11-11 14:17:48,219][INFO][freq_trainer:114] - train epoch: 4 [59840/100000 (60%)], lr: ['1.00e-04'], loss: 0.697089
[2023-11-11 14:17:52,738][INFO][freq_trainer:114] - train epoch: 4 [69824/100000 (70%)], lr: ['1.00e-04'], loss: 0.687823
[2023-11-11 14:17:57,381][INFO][freq_trainer:114] - train epoch: 4 [79808/100000 (80%)], lr: ['1.00e-04'], loss: 0.690948
[2023-11-11 14:18:02,104][INFO][freq_trainer:114] - train epoch: 4 [89792/100000 (90%)], lr: ['1.00e-04'], loss: 0.696062
[2023-11-11 14:18:06,820][INFO][freq_trainer:114] - train epoch: 4 [99776/100000 (100%)], lr: ['1.00e-04'], loss: 0.686760
[2023-11-11 14:18:08,804][INFO][freq_trainer:57] - [epoch   4] execution time: 48.75s	metrics:
[2023-11-11 14:18:08,805][INFO][freq_evaluator:47] - dataset: valid_pretraining, acc: 0.000, hamming: 0.471
[2023-11-11 14:18:08,833][INFO][base_model:51] - snapshot saved to ./models/exp007a-m23-simple_multi_class-2023-11-11_13-09-09-final.pth
[2023-11-11 14:18:13,975][INFO][freq_trainer:114] - train epoch: 5 [9920/100000 (10%)], lr: ['1.00e-04'], loss: 0.683640
[2023-11-11 14:18:18,560][INFO][freq_trainer:114] - train epoch: 5 [19904/100000 (20%)], lr: ['1.00e-04'], loss: 0.656122
[2023-11-11 14:18:23,189][INFO][freq_trainer:114] - train epoch: 5 [29888/100000 (30%)], lr: ['1.00e-04'], loss: 0.654337
[2023-11-11 14:18:27,851][INFO][freq_trainer:114] - train epoch: 5 [39872/100000 (40%)], lr: ['1.00e-04'], loss: 0.663824
[2023-11-11 14:18:32,402][INFO][freq_trainer:114] - train epoch: 5 [49856/100000 (50%)], lr: ['1.00e-04'], loss: 0.651955
[2023-11-11 14:18:37,121][INFO][freq_trainer:114] - train epoch: 5 [59840/100000 (60%)], lr: ['1.00e-04'], loss: 0.648300
[2023-11-11 14:18:41,803][INFO][freq_trainer:114] - train epoch: 5 [69824/100000 (70%)], lr: ['1.00e-04'], loss: 0.657782
[2023-11-11 14:18:46,398][INFO][freq_trainer:114] - train epoch: 5 [79808/100000 (80%)], lr: ['1.00e-04'], loss: 0.648319
[2023-11-11 14:18:51,060][INFO][freq_trainer:114] - train epoch: 5 [89792/100000 (90%)], lr: ['1.00e-04'], loss: 0.640518
[2023-11-11 14:18:55,758][INFO][freq_trainer:114] - train epoch: 5 [99776/100000 (100%)], lr: ['1.00e-04'], loss: 0.648229
[2023-11-11 14:18:57,709][INFO][freq_trainer:57] - [epoch   5] execution time: 48.88s	metrics:
[2023-11-11 14:18:57,709][INFO][freq_evaluator:47] - dataset: valid_pretraining, acc: 0.000, hamming: 0.479
[2023-11-11 14:18:57,740][INFO][base_model:51] - snapshot saved to ./models/exp007a-m23-simple_multi_class-2023-11-11_13-09-09-final.pth
[2023-11-11 14:19:02,902][INFO][freq_trainer:114] - train epoch: 6 [9920/100000 (10%)], lr: ['1.00e-04'], loss: 0.628897
[2023-11-11 14:19:07,697][INFO][freq_trainer:114] - train epoch: 6 [19904/100000 (20%)], lr: ['1.00e-04'], loss: 0.665660
[2023-11-11 14:19:12,288][INFO][freq_trainer:114] - train epoch: 6 [29888/100000 (30%)], lr: ['1.00e-04'], loss: 0.616386
[2023-11-11 14:19:16,844][INFO][freq_trainer:114] - train epoch: 6 [39872/100000 (40%)], lr: ['1.00e-04'], loss: 0.619727
[2023-11-11 14:19:21,388][INFO][freq_trainer:114] - train epoch: 6 [49856/100000 (50%)], lr: ['1.00e-04'], loss: 0.610072
[2023-11-11 14:19:26,021][INFO][freq_trainer:114] - train epoch: 6 [59840/100000 (60%)], lr: ['1.00e-04'], loss: 0.589143
[2023-11-11 14:19:30,546][INFO][freq_trainer:114] - train epoch: 6 [69824/100000 (70%)], lr: ['1.00e-04'], loss: 0.604757
[2023-11-11 14:19:35,099][INFO][freq_trainer:114] - train epoch: 6 [79808/100000 (80%)], lr: ['1.00e-04'], loss: 0.557183
[2023-11-11 14:19:39,874][INFO][freq_trainer:114] - train epoch: 6 [89792/100000 (90%)], lr: ['1.00e-04'], loss: 0.566688
[2023-11-11 14:19:44,473][INFO][freq_trainer:114] - train epoch: 6 [99776/100000 (100%)], lr: ['1.00e-04'], loss: 0.585576
[2023-11-11 14:19:46,258][INFO][freq_trainer:57] - [epoch   6] execution time: 48.52s	metrics:
[2023-11-11 14:19:46,259][INFO][freq_evaluator:47] - dataset: valid_pretraining, acc: 0.000, hamming: 0.478
[2023-11-11 14:19:46,287][INFO][base_model:51] - snapshot saved to ./models/exp007a-m23-simple_multi_class-2023-11-11_13-09-09-final.pth
[2023-11-11 14:19:51,327][INFO][freq_trainer:114] - train epoch: 7 [9920/100000 (10%)], lr: ['1.00e-04'], loss: 0.551188
[2023-11-11 14:19:55,948][INFO][freq_trainer:114] - train epoch: 7 [19904/100000 (20%)], lr: ['1.00e-04'], loss: 0.525875
[2023-11-11 14:20:00,504][INFO][freq_trainer:114] - train epoch: 7 [29888/100000 (30%)], lr: ['1.00e-04'], loss: 0.544719
[2023-11-11 14:20:05,059][INFO][freq_trainer:114] - train epoch: 7 [39872/100000 (40%)], lr: ['1.00e-04'], loss: 0.517642
[2023-11-11 14:20:09,528][INFO][freq_trainer:114] - train epoch: 7 [49856/100000 (50%)], lr: ['1.00e-04'], loss: 0.525699
[2023-11-11 14:20:14,307][INFO][freq_trainer:114] - train epoch: 7 [59840/100000 (60%)], lr: ['1.00e-04'], loss: 0.499797
[2023-11-11 14:20:18,845][INFO][freq_trainer:114] - train epoch: 7 [69824/100000 (70%)], lr: ['1.00e-04'], loss: 0.530120
[2023-11-11 14:20:23,406][INFO][freq_trainer:114] - train epoch: 7 [79808/100000 (80%)], lr: ['1.00e-04'], loss: 0.471256
[2023-11-11 14:20:28,051][INFO][freq_trainer:114] - train epoch: 7 [89792/100000 (90%)], lr: ['1.00e-04'], loss: 0.518591
[2023-11-11 14:20:32,687][INFO][freq_trainer:114] - train epoch: 7 [99776/100000 (100%)], lr: ['1.00e-04'], loss: 0.427007
[2023-11-11 14:20:34,607][INFO][freq_trainer:57] - [epoch   7] execution time: 48.32s	metrics:
[2023-11-11 14:20:34,607][INFO][freq_evaluator:47] - dataset: valid_pretraining, acc: 0.006, hamming: 0.479
[2023-11-11 14:20:34,635][INFO][base_model:51] - snapshot saved to ./models/exp007a-m23-simple_multi_class-2023-11-11_13-09-09-final.pth
[2023-11-11 14:20:39,861][INFO][freq_trainer:114] - train epoch: 8 [9920/100000 (10%)], lr: ['1.00e-04'], loss: 0.472169
[2023-11-11 14:20:44,658][INFO][freq_trainer:114] - train epoch: 8 [19904/100000 (20%)], lr: ['1.00e-04'], loss: 0.459002
[2023-11-11 14:20:49,236][INFO][freq_trainer:114] - train epoch: 8 [29888/100000 (30%)], lr: ['1.00e-04'], loss: 0.433692
[2023-11-11 14:20:53,803][INFO][freq_trainer:114] - train epoch: 8 [39872/100000 (40%)], lr: ['1.00e-04'], loss: 0.422814
[2023-11-11 14:20:58,326][INFO][freq_trainer:114] - train epoch: 8 [49856/100000 (50%)], lr: ['1.00e-04'], loss: 0.446776
[2023-11-11 14:21:02,845][INFO][freq_trainer:114] - train epoch: 8 [59840/100000 (60%)], lr: ['1.00e-04'], loss: 0.398388
[2023-11-11 14:21:07,450][INFO][freq_trainer:114] - train epoch: 8 [69824/100000 (70%)], lr: ['1.00e-04'], loss: 0.401715
[2023-11-11 14:21:11,992][INFO][freq_trainer:114] - train epoch: 8 [79808/100000 (80%)], lr: ['1.00e-04'], loss: 0.395417
[2023-11-11 14:21:16,465][INFO][freq_trainer:114] - train epoch: 8 [89792/100000 (90%)], lr: ['1.00e-04'], loss: 0.433814
[2023-11-11 14:21:21,249][INFO][freq_trainer:114] - train epoch: 8 [99776/100000 (100%)], lr: ['1.00e-04'], loss: 0.364475
[2023-11-11 14:21:23,106][INFO][freq_trainer:57] - [epoch   8] execution time: 48.47s	metrics:
[2023-11-11 14:21:23,107][INFO][freq_evaluator:47] - dataset: valid_pretraining, acc: 0.005, hamming: 0.476
[2023-11-11 14:21:23,135][INFO][base_model:51] - snapshot saved to ./models/exp007a-m23-simple_multi_class-2023-11-11_13-09-09-final.pth
[2023-11-11 14:21:28,101][INFO][freq_trainer:114] - train epoch: 9 [9920/100000 (10%)], lr: ['1.00e-04'], loss: 0.396557
[2023-11-11 14:21:32,693][INFO][freq_trainer:114] - train epoch: 9 [19904/100000 (20%)], lr: ['1.00e-04'], loss: 0.368082
[2023-11-11 14:21:37,377][INFO][freq_trainer:114] - train epoch: 9 [29888/100000 (30%)], lr: ['1.00e-04'], loss: 0.341709
[2023-11-11 14:21:41,909][INFO][freq_trainer:114] - train epoch: 9 [39872/100000 (40%)], lr: ['1.00e-04'], loss: 0.342832
[2023-11-11 14:21:46,479][INFO][freq_trainer:114] - train epoch: 9 [49856/100000 (50%)], lr: ['1.00e-04'], loss: 0.318500
[2023-11-11 14:21:51,225][INFO][freq_trainer:114] - train epoch: 9 [59840/100000 (60%)], lr: ['1.00e-04'], loss: 0.311428
[2023-11-11 14:21:55,757][INFO][freq_trainer:114] - train epoch: 9 [69824/100000 (70%)], lr: ['1.00e-04'], loss: 0.307664
[2023-11-11 14:22:00,404][INFO][freq_trainer:114] - train epoch: 9 [79808/100000 (80%)], lr: ['1.00e-04'], loss: 0.280101
[2023-11-11 14:22:04,947][INFO][freq_trainer:114] - train epoch: 9 [89792/100000 (90%)], lr: ['1.00e-04'], loss: 0.346993
[2023-11-11 14:22:09,545][INFO][freq_trainer:114] - train epoch: 9 [99776/100000 (100%)], lr: ['1.00e-04'], loss: 0.300665
[2023-11-11 14:22:11,414][INFO][freq_trainer:57] - [epoch   9] execution time: 48.28s	metrics:
[2023-11-11 14:22:11,415][INFO][freq_evaluator:47] - dataset: valid_pretraining, acc: 0.004, hamming: 0.466
[2023-11-11 14:22:11,443][INFO][base_model:51] - snapshot saved to ./models/exp007a-m23-simple_multi_class-2023-11-11_13-09-09-final.pth
[2023-11-11 14:22:16,429][INFO][freq_trainer:114] - train epoch: 10 [9920/100000 (10%)], lr: ['1.00e-04'], loss: 0.283882
[2023-11-11 14:22:20,990][INFO][freq_trainer:114] - train epoch: 10 [19904/100000 (20%)], lr: ['1.00e-04'], loss: 0.252765
[2023-11-11 14:22:25,802][INFO][freq_trainer:114] - train epoch: 10 [29888/100000 (30%)], lr: ['1.00e-04'], loss: 0.258510
[2023-11-11 14:22:30,350][INFO][freq_trainer:114] - train epoch: 10 [39872/100000 (40%)], lr: ['1.00e-04'], loss: 0.293646
[2023-11-11 14:22:34,969][INFO][freq_trainer:114] - train epoch: 10 [49856/100000 (50%)], lr: ['1.00e-04'], loss: 0.263686
[2023-11-11 14:22:39,533][INFO][freq_trainer:114] - train epoch: 10 [59840/100000 (60%)], lr: ['1.00e-04'], loss: 0.252058
[2023-11-11 14:22:44,117][INFO][freq_trainer:114] - train epoch: 10 [69824/100000 (70%)], lr: ['1.00e-04'], loss: 0.259686
[2023-11-11 14:22:48,692][INFO][freq_trainer:114] - train epoch: 10 [79808/100000 (80%)], lr: ['1.00e-04'], loss: 0.256546
[2023-11-11 14:22:53,348][INFO][freq_trainer:114] - train epoch: 10 [89792/100000 (90%)], lr: ['1.00e-04'], loss: 0.257836
[2023-11-11 14:22:58,243][INFO][freq_trainer:114] - train epoch: 10 [99776/100000 (100%)], lr: ['1.00e-04'], loss: 0.266400
[2023-11-11 14:23:00,128][INFO][freq_trainer:57] - [epoch  10] execution time: 48.69s	metrics:
[2023-11-11 14:23:00,128][INFO][freq_evaluator:47] - dataset: valid_pretraining, acc: 0.005, hamming: 0.504
[2023-11-11 14:23:00,157][INFO][base_model:51] - snapshot saved to ./models/exp007a-m23-simple_multi_class-2023-11-11_13-09-09-final.pth
[2023-11-11 14:23:05,223][INFO][freq_trainer:114] - train epoch: 11 [9920/100000 (10%)], lr: ['1.00e-04'], loss: 0.189218
[2023-11-11 14:23:09,903][INFO][freq_trainer:114] - train epoch: 11 [19904/100000 (20%)], lr: ['1.00e-04'], loss: 0.236444
[2023-11-11 14:23:14,612][INFO][freq_trainer:114] - train epoch: 11 [29888/100000 (30%)], lr: ['1.00e-04'], loss: 0.208815
[2023-11-11 14:23:19,245][INFO][freq_trainer:114] - train epoch: 11 [39872/100000 (40%)], lr: ['1.00e-04'], loss: 0.181748
[2023-11-11 14:23:23,832][INFO][freq_trainer:114] - train epoch: 11 [49856/100000 (50%)], lr: ['1.00e-04'], loss: 0.188345
[2023-11-11 14:23:28,455][INFO][freq_trainer:114] - train epoch: 11 [59840/100000 (60%)], lr: ['1.00e-04'], loss: 0.181497
[2023-11-11 14:23:33,148][INFO][freq_trainer:114] - train epoch: 11 [69824/100000 (70%)], lr: ['1.00e-04'], loss: 0.199016
[2023-11-11 14:23:37,740][INFO][freq_trainer:114] - train epoch: 11 [79808/100000 (80%)], lr: ['1.00e-04'], loss: 0.193754
[2023-11-11 14:23:42,315][INFO][freq_trainer:114] - train epoch: 11 [89792/100000 (90%)], lr: ['1.00e-04'], loss: 0.200646
[2023-11-11 14:23:46,943][INFO][freq_trainer:114] - train epoch: 11 [99776/100000 (100%)], lr: ['1.00e-04'], loss: 0.182170
[2023-11-11 14:23:48,842][INFO][freq_trainer:57] - [epoch  11] execution time: 48.69s	metrics:
[2023-11-11 14:23:48,843][INFO][freq_evaluator:47] - dataset: valid_pretraining, acc: 0.005, hamming: 0.504
[2023-11-11 14:23:48,872][INFO][base_model:51] - snapshot saved to ./models/exp007a-m23-simple_multi_class-2023-11-11_13-09-09-final.pth
[2023-11-11 14:23:53,836][INFO][freq_trainer:114] - train epoch: 12 [9920/100000 (10%)], lr: ['1.00e-04'], loss: 0.196224
[2023-11-11 14:23:58,506][INFO][freq_trainer:114] - train epoch: 12 [19904/100000 (20%)], lr: ['1.00e-04'], loss: 0.189063
[2023-11-11 14:24:03,012][INFO][freq_trainer:114] - train epoch: 12 [29888/100000 (30%)], lr: ['1.00e-04'], loss: 0.188679
[2023-11-11 14:24:07,767][INFO][freq_trainer:114] - train epoch: 12 [39872/100000 (40%)], lr: ['1.00e-04'], loss: 0.164089
[2023-11-11 14:24:12,331][INFO][freq_trainer:114] - train epoch: 12 [49856/100000 (50%)], lr: ['1.00e-04'], loss: 0.156692
[2023-11-11 14:24:16,879][INFO][freq_trainer:114] - train epoch: 12 [59840/100000 (60%)], lr: ['1.00e-04'], loss: 0.149237
[2023-11-11 14:24:21,437][INFO][freq_trainer:114] - train epoch: 12 [69824/100000 (70%)], lr: ['1.00e-04'], loss: 0.164012
[2023-11-11 14:24:26,031][INFO][freq_trainer:114] - train epoch: 12 [79808/100000 (80%)], lr: ['1.00e-04'], loss: 0.141622
[2023-11-11 14:24:30,631][INFO][freq_trainer:114] - train epoch: 12 [89792/100000 (90%)], lr: ['1.00e-04'], loss: 0.170732
[2023-11-11 14:24:35,255][INFO][freq_trainer:114] - train epoch: 12 [99776/100000 (100%)], lr: ['1.00e-04'], loss: 0.153656
[2023-11-11 14:24:37,117][INFO][freq_trainer:57] - [epoch  12] execution time: 48.25s	metrics:
[2023-11-11 14:24:37,118][INFO][freq_evaluator:47] - dataset: valid_pretraining, acc: 0.005, hamming: 0.502
[2023-11-11 14:24:37,146][INFO][base_model:51] - snapshot saved to ./models/exp007a-m23-simple_multi_class-2023-11-11_13-09-09-final.pth
[2023-11-11 14:24:42,349][INFO][freq_trainer:114] - train epoch: 13 [9920/100000 (10%)], lr: ['1.00e-04'], loss: 0.152445
[2023-11-11 14:24:47,062][INFO][freq_trainer:114] - train epoch: 13 [19904/100000 (20%)], lr: ['1.00e-04'], loss: 0.112934
[2023-11-11 14:24:51,786][INFO][freq_trainer:114] - train epoch: 13 [29888/100000 (30%)], lr: ['1.00e-04'], loss: 0.115671
[2023-11-11 14:24:56,480][INFO][freq_trainer:114] - train epoch: 13 [39872/100000 (40%)], lr: ['1.00e-04'], loss: 0.116741
[2023-11-11 14:25:01,167][INFO][freq_trainer:114] - train epoch: 13 [49856/100000 (50%)], lr: ['1.00e-04'], loss: 0.114796
[2023-11-11 14:25:05,896][INFO][freq_trainer:114] - train epoch: 13 [59840/100000 (60%)], lr: ['1.00e-04'], loss: 0.121470
[2023-11-11 14:25:10,583][INFO][freq_trainer:114] - train epoch: 13 [69824/100000 (70%)], lr: ['1.00e-04'], loss: 0.113692
[2023-11-11 14:25:15,382][INFO][freq_trainer:114] - train epoch: 13 [79808/100000 (80%)], lr: ['1.00e-04'], loss: 0.147284
[2023-11-11 14:25:20,081][INFO][freq_trainer:114] - train epoch: 13 [89792/100000 (90%)], lr: ['1.00e-04'], loss: 0.119698
[2023-11-11 14:25:24,672][INFO][freq_trainer:114] - train epoch: 13 [99776/100000 (100%)], lr: ['1.00e-04'], loss: 0.109682
[2023-11-11 14:25:26,643][INFO][freq_trainer:57] - [epoch  13] execution time: 49.50s	metrics:
[2023-11-11 14:25:26,643][INFO][freq_evaluator:47] - dataset: valid_pretraining, acc: 0.005, hamming: 0.504
[2023-11-11 14:25:26,671][INFO][base_model:51] - snapshot saved to ./models/exp007a-m23-simple_multi_class-2023-11-11_13-09-09-final.pth
[2023-11-11 14:25:31,790][INFO][freq_trainer:114] - train epoch: 14 [9920/100000 (10%)], lr: ['1.00e-04'], loss: 0.116308
[2023-11-11 14:25:36,360][INFO][freq_trainer:114] - train epoch: 14 [19904/100000 (20%)], lr: ['1.00e-04'], loss: 0.117577
[2023-11-11 14:25:41,000][INFO][freq_trainer:114] - train epoch: 14 [29888/100000 (30%)], lr: ['1.00e-04'], loss: 0.115902
[2023-11-11 14:25:45,527][INFO][freq_trainer:114] - train epoch: 14 [39872/100000 (40%)], lr: ['1.00e-04'], loss: 0.119310
[2023-11-11 14:25:50,210][INFO][freq_trainer:114] - train epoch: 14 [49856/100000 (50%)], lr: ['1.00e-04'], loss: 0.093340
[2023-11-11 14:25:54,745][INFO][freq_trainer:114] - train epoch: 14 [59840/100000 (60%)], lr: ['1.00e-04'], loss: 0.093809
[2023-11-11 14:25:59,387][INFO][freq_trainer:114] - train epoch: 14 [69824/100000 (70%)], lr: ['1.00e-04'], loss: 0.098295
[2023-11-11 14:26:04,040][INFO][freq_trainer:114] - train epoch: 14 [79808/100000 (80%)], lr: ['1.00e-04'], loss: 0.142737
[2023-11-11 14:26:08,656][INFO][freq_trainer:114] - train epoch: 14 [89792/100000 (90%)], lr: ['1.00e-04'], loss: 0.090121
[2023-11-11 14:26:13,210][INFO][freq_trainer:114] - train epoch: 14 [99776/100000 (100%)], lr: ['1.00e-04'], loss: 0.087907
[2023-11-11 14:26:15,123][INFO][freq_trainer:57] - [epoch  14] execution time: 48.45s	metrics:
[2023-11-11 14:26:15,123][INFO][freq_evaluator:47] - dataset: valid_pretraining, acc: 0.005, hamming: 0.500
[2023-11-11 14:26:15,151][INFO][base_model:51] - snapshot saved to ./models/exp007a-m23-simple_multi_class-2023-11-11_13-09-09-final.pth
[2023-11-11 14:26:20,194][INFO][freq_trainer:114] - train epoch: 15 [9920/100000 (10%)], lr: ['1.00e-04'], loss: 0.091113
[2023-11-11 14:26:25,002][INFO][freq_trainer:114] - train epoch: 15 [19904/100000 (20%)], lr: ['1.00e-04'], loss: 0.097033
[2023-11-11 14:26:29,609][INFO][freq_trainer:114] - train epoch: 15 [29888/100000 (30%)], lr: ['1.00e-04'], loss: 0.115678
[2023-11-11 14:26:34,233][INFO][freq_trainer:114] - train epoch: 15 [39872/100000 (40%)], lr: ['1.00e-04'], loss: 0.083177
[2023-11-11 14:26:38,837][INFO][freq_trainer:114] - train epoch: 15 [49856/100000 (50%)], lr: ['1.00e-04'], loss: 0.101997
[2023-11-11 14:26:43,403][INFO][freq_trainer:114] - train epoch: 15 [59840/100000 (60%)], lr: ['1.00e-04'], loss: 0.095169
[2023-11-11 14:26:47,967][INFO][freq_trainer:114] - train epoch: 15 [69824/100000 (70%)], lr: ['1.00e-04'], loss: 0.079341
[2023-11-11 14:26:52,552][INFO][freq_trainer:114] - train epoch: 15 [79808/100000 (80%)], lr: ['1.00e-04'], loss: 0.067886
[2023-11-11 14:26:57,282][INFO][freq_trainer:114] - train epoch: 15 [89792/100000 (90%)], lr: ['1.00e-04'], loss: 0.096044
[2023-11-11 14:27:01,901][INFO][freq_trainer:114] - train epoch: 15 [99776/100000 (100%)], lr: ['1.00e-04'], loss: 0.095036
[2023-11-11 14:27:03,828][INFO][freq_trainer:57] - [epoch  15] execution time: 48.68s	metrics:
[2023-11-11 14:27:03,828][INFO][freq_evaluator:47] - dataset: valid_pretraining, acc: 0.005, hamming: 0.508
[2023-11-11 14:27:03,857][INFO][base_model:51] - snapshot saved to ./models/exp007a-m23-simple_multi_class-2023-11-11_13-09-09-final.pth
[2023-11-11 14:27:08,874][INFO][freq_trainer:114] - train epoch: 16 [9920/100000 (10%)], lr: ['1.00e-04'], loss: 0.071615
[2023-11-11 14:27:13,518][INFO][freq_trainer:114] - train epoch: 16 [19904/100000 (20%)], lr: ['1.00e-04'], loss: 0.077515
[2023-11-11 14:27:18,085][INFO][freq_trainer:114] - train epoch: 16 [29888/100000 (30%)], lr: ['1.00e-04'], loss: 0.078536
[2023-11-11 14:27:22,678][INFO][freq_trainer:114] - train epoch: 16 [39872/100000 (40%)], lr: ['1.00e-04'], loss: 0.091390
[2023-11-11 14:27:27,255][INFO][freq_trainer:114] - train epoch: 16 [49856/100000 (50%)], lr: ['1.00e-04'], loss: 0.082227
[2023-11-11 14:27:32,020][INFO][freq_trainer:114] - train epoch: 16 [59840/100000 (60%)], lr: ['1.00e-04'], loss: 0.075726
[2023-11-11 14:27:36,647][INFO][freq_trainer:114] - train epoch: 16 [69824/100000 (70%)], lr: ['1.00e-04'], loss: 0.067087
[2023-11-11 14:27:41,200][INFO][freq_trainer:114] - train epoch: 16 [79808/100000 (80%)], lr: ['1.00e-04'], loss: 0.059768
[2023-11-11 14:27:45,911][INFO][freq_trainer:114] - train epoch: 16 [89792/100000 (90%)], lr: ['1.00e-04'], loss: 0.085600
[2023-11-11 14:27:50,586][INFO][freq_trainer:114] - train epoch: 16 [99776/100000 (100%)], lr: ['1.00e-04'], loss: 0.082675
[2023-11-11 14:27:52,522][INFO][freq_trainer:57] - [epoch  16] execution time: 48.66s	metrics:
[2023-11-11 14:27:52,522][INFO][freq_evaluator:47] - dataset: valid_pretraining, acc: 0.005, hamming: 0.504
[2023-11-11 14:27:52,549][INFO][base_model:51] - snapshot saved to ./models/exp007a-m23-simple_multi_class-2023-11-11_13-09-09-final.pth
[2023-11-11 14:27:57,558][INFO][freq_trainer:114] - train epoch: 17 [9920/100000 (10%)], lr: ['1.00e-04'], loss: 0.065924
[2023-11-11 14:28:02,366][INFO][freq_trainer:114] - train epoch: 17 [19904/100000 (20%)], lr: ['1.00e-04'], loss: 0.071043
[2023-11-11 14:28:07,017][INFO][freq_trainer:114] - train epoch: 17 [29888/100000 (30%)], lr: ['1.00e-04'], loss: 0.081063
[2023-11-11 14:28:11,699][INFO][freq_trainer:114] - train epoch: 17 [39872/100000 (40%)], lr: ['1.00e-04'], loss: 0.061429
[2023-11-11 14:28:16,254][INFO][freq_trainer:114] - train epoch: 17 [49856/100000 (50%)], lr: ['1.00e-04'], loss: 0.058794
[2023-11-11 14:28:20,901][INFO][freq_trainer:114] - train epoch: 17 [59840/100000 (60%)], lr: ['1.00e-04'], loss: 0.065543
[2023-11-11 14:28:25,506][INFO][freq_trainer:114] - train epoch: 17 [69824/100000 (70%)], lr: ['1.00e-04'], loss: 0.054006
[2023-11-11 14:28:30,037][INFO][freq_trainer:114] - train epoch: 17 [79808/100000 (80%)], lr: ['1.00e-04'], loss: 0.067060
[2023-11-11 14:28:34,692][INFO][freq_trainer:114] - train epoch: 17 [89792/100000 (90%)], lr: ['1.00e-04'], loss: 0.057321
[2023-11-11 14:28:39,400][INFO][freq_trainer:114] - train epoch: 17 [99776/100000 (100%)], lr: ['1.00e-04'], loss: 0.073210
[2023-11-11 14:28:41,248][INFO][freq_trainer:57] - [epoch  17] execution time: 48.70s	metrics:
[2023-11-11 14:28:41,248][INFO][freq_evaluator:47] - dataset: valid_pretraining, acc: 0.005, hamming: 0.505
[2023-11-11 14:28:41,281][INFO][base_model:51] - snapshot saved to ./models/exp007a-m23-simple_multi_class-2023-11-11_13-09-09-final.pth
[2023-11-11 14:28:46,265][INFO][freq_trainer:114] - train epoch: 18 [9920/100000 (10%)], lr: ['1.00e-04'], loss: 0.058113
[2023-11-11 14:28:50,888][INFO][freq_trainer:114] - train epoch: 18 [19904/100000 (20%)], lr: ['1.00e-04'], loss: 0.069824
[2023-11-11 14:28:55,425][INFO][freq_trainer:114] - train epoch: 18 [29888/100000 (30%)], lr: ['1.00e-04'], loss: 0.054090
[2023-11-11 14:29:00,065][INFO][freq_trainer:114] - train epoch: 18 [39872/100000 (40%)], lr: ['1.00e-04'], loss: 0.049674
[2023-11-11 14:29:04,718][INFO][freq_trainer:114] - train epoch: 18 [49856/100000 (50%)], lr: ['1.00e-04'], loss: 0.051120
[2023-11-11 14:29:09,435][INFO][freq_trainer:114] - train epoch: 18 [59840/100000 (60%)], lr: ['1.00e-04'], loss: 0.067314
[2023-11-11 14:29:14,041][INFO][freq_trainer:114] - train epoch: 18 [69824/100000 (70%)], lr: ['1.00e-04'], loss: 0.070714
[2023-11-11 14:29:18,701][INFO][freq_trainer:114] - train epoch: 18 [79808/100000 (80%)], lr: ['1.00e-04'], loss: 0.046622
[2023-11-11 14:29:23,322][INFO][freq_trainer:114] - train epoch: 18 [89792/100000 (90%)], lr: ['1.00e-04'], loss: 0.043925
[2023-11-11 14:29:27,866][INFO][freq_trainer:114] - train epoch: 18 [99776/100000 (100%)], lr: ['1.00e-04'], loss: 0.053381
[2023-11-11 14:29:29,766][INFO][freq_trainer:57] - [epoch  18] execution time: 48.49s	metrics:
[2023-11-11 14:29:29,767][INFO][freq_evaluator:47] - dataset: valid_pretraining, acc: 0.005, hamming: 0.506
[2023-11-11 14:29:29,794][INFO][base_model:51] - snapshot saved to ./models/exp007a-m23-simple_multi_class-2023-11-11_13-09-09-final.pth
[2023-11-11 14:29:34,781][INFO][freq_trainer:114] - train epoch: 19 [9920/100000 (10%)], lr: ['1.00e-04'], loss: 0.064793
[2023-11-11 14:29:39,469][INFO][freq_trainer:114] - train epoch: 19 [19904/100000 (20%)], lr: ['1.00e-04'], loss: 0.060687
[2023-11-11 14:29:44,273][INFO][freq_trainer:114] - train epoch: 19 [29888/100000 (30%)], lr: ['1.00e-04'], loss: 0.062065
[2023-11-11 14:29:48,894][INFO][freq_trainer:114] - train epoch: 19 [39872/100000 (40%)], lr: ['1.00e-04'], loss: 0.044771
[2023-11-11 14:29:53,486][INFO][freq_trainer:114] - train epoch: 19 [49856/100000 (50%)], lr: ['1.00e-04'], loss: 0.054695
[2023-11-11 14:29:58,162][INFO][freq_trainer:114] - train epoch: 19 [59840/100000 (60%)], lr: ['1.00e-04'], loss: 0.060071
[2023-11-11 14:30:02,743][INFO][freq_trainer:114] - train epoch: 19 [69824/100000 (70%)], lr: ['1.00e-04'], loss: 0.053765
[2023-11-11 14:30:07,385][INFO][freq_trainer:114] - train epoch: 19 [79808/100000 (80%)], lr: ['1.00e-04'], loss: 0.052790
[2023-11-11 14:30:12,044][INFO][freq_trainer:114] - train epoch: 19 [89792/100000 (90%)], lr: ['1.00e-04'], loss: 0.046042
[2023-11-11 14:30:16,795][INFO][freq_trainer:114] - train epoch: 19 [99776/100000 (100%)], lr: ['1.00e-04'], loss: 0.054142
[2023-11-11 14:30:18,776][INFO][freq_trainer:57] - [epoch  19] execution time: 48.98s	metrics:
[2023-11-11 14:30:18,776][INFO][freq_evaluator:47] - dataset: valid_pretraining, acc: 0.005, hamming: 0.501
[2023-11-11 14:30:18,804][INFO][base_model:51] - snapshot saved to ./models/exp007a-m23-simple_multi_class-2023-11-11_13-09-09-final.pth
[2023-11-11 14:30:24,118][INFO][freq_trainer:114] - train epoch: 20 [9920/100000 (10%)], lr: ['1.00e-04'], loss: 0.039453
[2023-11-11 14:30:28,701][INFO][freq_trainer:114] - train epoch: 20 [19904/100000 (20%)], lr: ['1.00e-04'], loss: 0.047984
[2023-11-11 14:30:33,249][INFO][freq_trainer:114] - train epoch: 20 [29888/100000 (30%)], lr: ['1.00e-04'], loss: 0.036204
[2023-11-11 14:30:37,928][INFO][freq_trainer:114] - train epoch: 20 [39872/100000 (40%)], lr: ['1.00e-04'], loss: 0.043668
[2023-11-11 14:30:42,449][INFO][freq_trainer:114] - train epoch: 20 [49856/100000 (50%)], lr: ['1.00e-04'], loss: 0.048683
[2023-11-11 14:30:47,029][INFO][freq_trainer:114] - train epoch: 20 [59840/100000 (60%)], lr: ['1.00e-04'], loss: 0.059481
[2023-11-11 14:30:51,701][INFO][freq_trainer:114] - train epoch: 20 [69824/100000 (70%)], lr: ['1.00e-04'], loss: 0.061610
[2023-11-11 14:30:56,279][INFO][freq_trainer:114] - train epoch: 20 [79808/100000 (80%)], lr: ['1.00e-04'], loss: 0.069382
[2023-11-11 14:31:00,917][INFO][freq_trainer:114] - train epoch: 20 [89792/100000 (90%)], lr: ['1.00e-04'], loss: 0.061408
[2023-11-11 14:31:05,534][INFO][freq_trainer:114] - train epoch: 20 [99776/100000 (100%)], lr: ['1.00e-04'], loss: 0.074221
[2023-11-11 14:31:07,474][INFO][freq_trainer:57] - [epoch  20] execution time: 48.67s	metrics:
[2023-11-11 14:31:07,475][INFO][freq_evaluator:47] - dataset: valid_pretraining, acc: 0.005, hamming: 0.506
[2023-11-11 14:31:07,502][INFO][base_model:51] - snapshot saved to ./models/exp007a-m23-simple_multi_class-2023-11-11_13-09-09-final.pth
[2023-11-11 14:31:07,505][INFO][freq_trainer:67] - finished training
[2023-11-11 14:31:09,656][INFO][data_loaders:39] - class distribution before data reduction:
# samples per subject
02fb158a-a658-51ee-89cf-1e1dc2ebfde1: 861
03341d0d-5927-5838-8a5f-1b8ef39d8f57: 1063
039ce8ad-a7fa-5272-a3e3-1f4bfebdd087: 915
0d79f4b1-e74f-5e87-8e42-f9dd7112ada5: 968
100df108-eb57-5eaa-a413-f7e4436a7895: 952
130f3f52-7d0a-551e-af61-2ee75455e5c9: 989
14c012bd-65b0-56f5-bc74-2dffcea69837: 969
16450f5a-9b65-5536-85e1-93816c8b89eb: 816
18482adf-1144-54ca-9e35-27f65c43a105: 824
18ede714-aba3-5ad8-bb1a-18fc9b1c4192: 995
1da3544e-dc5c-5795-adc3-f5068959211f: 955
2159377e-ebf3-5565-9014-1e2ae69dc1d2: 907
2d01dc34-f36c-562e-b24a-d20dc798fdfc: 837
2e865ca9-e20f-5a6f-bd25-45d28cc9eab9: 950
30e8a05b-4cf1-5aa8-9ef7-28d6e2949ad5: 699
32556393-bb57-560a-99e8-e09885219647: 1106
3dd35e7b-d7e2-516d-8a85-e0d58a59569f: 1093
3e842aa8-bcd9-521e-93a2-72124233fe2c: 620
4b72b905-5521-5c57-b666-e20ff9bb195f: 868
4e3c4ac4-69e2-5347-a3b0-662c204d259d: 926
52fbe46b-206c-584a-9f4f-1eb308e07bac: 1064
5b94ec8a-c34d-5e45-84d1-bec2ea965609: 1090
5bf0f969-304c-581e-949c-50c108f62846: 947
5ddbc68c-1283-5c27-952b-d7f102291bc2: 1097
64959ac4-53b5-5868-a845-c7476e9fdf7b: 990
67fa8e29-6f4d-530e-9422-bbc3aca86ed0: 1046
6e2aa933-c51c-5a31-8c7b-83da8d076a12: 905
730aba3b-e310-5be0-9eed-7c3123466834: 1120
742f1592-627c-54eb-bbb5-ccd55ffae33a: 975
769df255-2284-50b3-8917-2155c759fbbd: 929
79e8a04e-0fdd-53ae-bedc-d49d08e29103: 918
7ab8ff5f-a77f-567d-9882-f8bee0c3c9bf: 989
7d778801-88e7-5086-ad1d-70f31a371876: 999
7f5237b1-2196-5c8a-9543-a5aa70210ef4: 931
83c1394e-9c69-5c11-9102-9ff8d59b1cfd: 1011
844f68ba-265e-53e6-bf47-6c85d1804a7b: 957
90aef91a-252f-5ccc-a82e-78ea7ee9ca1f: 1089
a25b2296-343b-53f6-8792-ada2669d466e: 1008
a35a118e-e65e-5928-92a9-4354a6a0f4ce: 813
a6254c8a-f1b2-5736-b601-18245dd5e0a5: 1084
a65a9e69-cddf-5711-9a97-de8bfdeb08cc: 961
a79d1f0e-c133-5aa0-8268-cdcc05825f0f: 1046
aadc9e0c-b7c3-5a47-851d-f21971d10935: 969
b2d3ccdd-395c-5dd2-81d9-252bcfc0c337: 902
b3706da5-748b-5dd1-a552-f57e4456cdf6: 1041
b5d5785d-87ee-5078-b9b9-aac6abd4d8de: 918
c8110476-594c-533d-95bd-86147fccc987: 995
cc3b4b63-4a6f-5f28-ac7e-62f83c271449: 1076
d3cadb78-cb8c-5a6e-885c-392e457c68b1: 982
d5181c33-a43b-5dfe-8ad7-0337facb092a: 977
e6b7cbef-4c9d-5541-82e8-04810de0fb60: 819
e72505f1-21be-5d66-b620-cfcfa2d754bc: 973
e8ec8ec4-dc48-50ce-985a-a06d87861030: 975
eb95076c-c470-56a4-b788-ace310f061c6: 965
f2a69bdc-ed51-5e3f-b102-6b3f7d392be0: 960
f66bc75e-778b-5037-af86-b5275cd4c79f: 865

# samples per stage
0: 9109
1: 2878
2: 26255
3: 6343
4: 9114
[2023-11-11 14:31:09,790][INFO][data_loaders:43] - class distribution after data reduction:
# samples per subject
02fb158a-a658-51ee-89cf-1e1dc2ebfde1: 861
03341d0d-5927-5838-8a5f-1b8ef39d8f57: 1063
039ce8ad-a7fa-5272-a3e3-1f4bfebdd087: 915
0d79f4b1-e74f-5e87-8e42-f9dd7112ada5: 968
100df108-eb57-5eaa-a413-f7e4436a7895: 952
130f3f52-7d0a-551e-af61-2ee75455e5c9: 989
14c012bd-65b0-56f5-bc74-2dffcea69837: 969
16450f5a-9b65-5536-85e1-93816c8b89eb: 816
18482adf-1144-54ca-9e35-27f65c43a105: 824
18ede714-aba3-5ad8-bb1a-18fc9b1c4192: 995
1da3544e-dc5c-5795-adc3-f5068959211f: 955
2159377e-ebf3-5565-9014-1e2ae69dc1d2: 907
2d01dc34-f36c-562e-b24a-d20dc798fdfc: 837
2e865ca9-e20f-5a6f-bd25-45d28cc9eab9: 950
30e8a05b-4cf1-5aa8-9ef7-28d6e2949ad5: 699
32556393-bb57-560a-99e8-e09885219647: 1106
3dd35e7b-d7e2-516d-8a85-e0d58a59569f: 1093
3e842aa8-bcd9-521e-93a2-72124233fe2c: 620
4b72b905-5521-5c57-b666-e20ff9bb195f: 868
4e3c4ac4-69e2-5347-a3b0-662c204d259d: 926
52fbe46b-206c-584a-9f4f-1eb308e07bac: 1064
5b94ec8a-c34d-5e45-84d1-bec2ea965609: 1090
5bf0f969-304c-581e-949c-50c108f62846: 947
5ddbc68c-1283-5c27-952b-d7f102291bc2: 1097
64959ac4-53b5-5868-a845-c7476e9fdf7b: 990
67fa8e29-6f4d-530e-9422-bbc3aca86ed0: 1046
6e2aa933-c51c-5a31-8c7b-83da8d076a12: 905
730aba3b-e310-5be0-9eed-7c3123466834: 1120
742f1592-627c-54eb-bbb5-ccd55ffae33a: 975
769df255-2284-50b3-8917-2155c759fbbd: 929
79e8a04e-0fdd-53ae-bedc-d49d08e29103: 918
7ab8ff5f-a77f-567d-9882-f8bee0c3c9bf: 989
7d778801-88e7-5086-ad1d-70f31a371876: 999
7f5237b1-2196-5c8a-9543-a5aa70210ef4: 931
83c1394e-9c69-5c11-9102-9ff8d59b1cfd: 1011
844f68ba-265e-53e6-bf47-6c85d1804a7b: 957
90aef91a-252f-5ccc-a82e-78ea7ee9ca1f: 1089
a25b2296-343b-53f6-8792-ada2669d466e: 1008
a35a118e-e65e-5928-92a9-4354a6a0f4ce: 813
a6254c8a-f1b2-5736-b601-18245dd5e0a5: 1084
a65a9e69-cddf-5711-9a97-de8bfdeb08cc: 961
a79d1f0e-c133-5aa0-8268-cdcc05825f0f: 1046
aadc9e0c-b7c3-5a47-851d-f21971d10935: 969
b2d3ccdd-395c-5dd2-81d9-252bcfc0c337: 902
b3706da5-748b-5dd1-a552-f57e4456cdf6: 1041
b5d5785d-87ee-5078-b9b9-aac6abd4d8de: 918
c8110476-594c-533d-95bd-86147fccc987: 995
cc3b4b63-4a6f-5f28-ac7e-62f83c271449: 1076
d3cadb78-cb8c-5a6e-885c-392e457c68b1: 982
d5181c33-a43b-5dfe-8ad7-0337facb092a: 977
e6b7cbef-4c9d-5541-82e8-04810de0fb60: 819
e72505f1-21be-5d66-b620-cfcfa2d754bc: 973
e8ec8ec4-dc48-50ce-985a-a06d87861030: 975
eb95076c-c470-56a4-b788-ace310f061c6: 965
f2a69bdc-ed51-5e3f-b102-6b3f7d392be0: 960
f66bc75e-778b-5037-af86-b5275cd4c79f: 865

# samples per stage
0: 9109
1: 2878
2: 26255
3: 6343
4: 9114
[2023-11-11 14:31:09,802][INFO][base_pretraining_fe:55] - Loading model from ./models/exp007a-m23-simple_multi_class-2023-11-11_13-09-09-final.pth
[2023-11-11 14:31:10,110][INFO][data_loaders:39] - class distribution before data reduction:
# samples per subject
0416d51f-5d69-5326-b74a-a2e31a96a1ef: 822
119f9726-eb4c-5a0e-a7bb-9e15256149a1: 932
1fa6c401-d819-50f5-8146-a0bb9e2b2516: 986
22bea84c-5d23-5e49-bc2d-9764f883955b: 1048
25a6b2b0-4d09-561b-82c6-f09bb271d3be: 1063
6a7503ac-ab3a-5d5b-b474-4b0fe37748dd: 1213
a30245e3-4a71-565f-9636-92e7d2e825fc: 1122
b3534fa3-7676-50dc-8412-07f0eff4f7a9: 757

# samples per stage
0: 1372
1: 412
2: 3945
3: 905
4: 1309
[2023-11-11 14:31:10,128][INFO][data_loaders:43] - class distribution after data reduction:
# samples per subject
0416d51f-5d69-5326-b74a-a2e31a96a1ef: 822
119f9726-eb4c-5a0e-a7bb-9e15256149a1: 932
1fa6c401-d819-50f5-8146-a0bb9e2b2516: 986
22bea84c-5d23-5e49-bc2d-9764f883955b: 1048
25a6b2b0-4d09-561b-82c6-f09bb271d3be: 1063
6a7503ac-ab3a-5d5b-b474-4b0fe37748dd: 1213
a30245e3-4a71-565f-9636-92e7d2e825fc: 1122
b3534fa3-7676-50dc-8412-07f0eff4f7a9: 757

# samples per stage
0: 1372
1: 412
2: 3945
3: 905
4: 1309
[2023-11-11 14:31:10,143][INFO][clas_trainer:49] - metrics before training (epoch 0):
[2023-11-11 14:31:24,787][INFO][clas_evaluator:99] - dataset: earlystopping, avg f1-score: 0.1318
[2023-11-11 14:31:34,755][INFO][clas_trainer:133] - train epoch: 1 [5312/53699 (10%)], lr: ['1.00e-04'], loss: 1.214061
[2023-11-11 14:31:43,715][INFO][clas_trainer:133] - train epoch: 1 [10656/53699 (20%)], lr: ['1.00e-04'], loss: 0.863857
[2023-11-11 14:31:52,606][INFO][clas_trainer:133] - train epoch: 1 [16000/53699 (30%)], lr: ['1.00e-04'], loss: 1.029590
[2023-11-11 14:32:01,864][INFO][clas_trainer:133] - train epoch: 1 [21344/53699 (40%)], lr: ['1.00e-04'], loss: 1.232044
[2023-11-11 14:32:11,014][INFO][clas_trainer:133] - train epoch: 1 [26688/53699 (50%)], lr: ['1.00e-04'], loss: 0.905596
[2023-11-11 14:32:19,882][INFO][clas_trainer:133] - train epoch: 1 [32032/53699 (60%)], lr: ['1.00e-04'], loss: 0.675126
[2023-11-11 14:32:28,958][INFO][clas_trainer:133] - train epoch: 1 [37376/53699 (70%)], lr: ['1.00e-04'], loss: 0.688966
[2023-11-11 14:32:38,201][INFO][clas_trainer:133] - train epoch: 1 [42720/53699 (80%)], lr: ['1.00e-04'], loss: 0.760743
[2023-11-11 14:32:47,266][INFO][clas_trainer:133] - train epoch: 1 [48064/53699 (89%)], lr: ['1.00e-04'], loss: 0.745116
[2023-11-11 14:32:56,086][INFO][clas_trainer:133] - train epoch: 1 [53408/53699 (99%)], lr: ['1.00e-04'], loss: 0.611275
[2023-11-11 14:33:11,396][INFO][clas_trainer:63] - [epoch   1] execution time: 106.61s	metrics:
[2023-11-11 14:33:11,396][INFO][clas_evaluator:99] - dataset: earlystopping, avg f1-score: 0.6631
[2023-11-11 14:33:11,452][INFO][base_model:51] - snapshot saved to ./models/exp007a-m23-base_fe_clas-2023-11-11_13-09-09-final.pth
[2023-11-11 14:33:20,948][INFO][clas_trainer:133] - train epoch: 2 [5312/53699 (10%)], lr: ['1.00e-04'], loss: 0.489949
[2023-11-11 14:33:30,031][INFO][clas_trainer:133] - train epoch: 2 [10656/53699 (20%)], lr: ['1.00e-04'], loss: 0.524638
[2023-11-11 14:33:39,091][INFO][clas_trainer:133] - train epoch: 2 [16000/53699 (30%)], lr: ['1.00e-04'], loss: 0.765902
[2023-11-11 14:33:48,171][INFO][clas_trainer:133] - train epoch: 2 [21344/53699 (40%)], lr: ['1.00e-04'], loss: 0.578813
[2023-11-11 14:33:57,199][INFO][clas_trainer:133] - train epoch: 2 [26688/53699 (50%)], lr: ['1.00e-04'], loss: 0.698033
[2023-11-11 14:34:06,247][INFO][clas_trainer:133] - train epoch: 2 [32032/53699 (60%)], lr: ['1.00e-04'], loss: 0.678191
[2023-11-11 14:34:15,500][INFO][clas_trainer:133] - train epoch: 2 [37376/53699 (70%)], lr: ['1.00e-04'], loss: 0.498029
[2023-11-11 14:34:24,475][INFO][clas_trainer:133] - train epoch: 2 [42720/53699 (80%)], lr: ['1.00e-04'], loss: 0.787049
[2023-11-11 14:34:33,512][INFO][clas_trainer:133] - train epoch: 2 [48064/53699 (89%)], lr: ['1.00e-04'], loss: 0.361860
[2023-11-11 14:34:42,432][INFO][clas_trainer:133] - train epoch: 2 [53408/53699 (99%)], lr: ['1.00e-04'], loss: 0.391597
[2023-11-11 14:34:57,807][INFO][clas_trainer:63] - [epoch   2] execution time: 106.35s	metrics:
[2023-11-11 14:34:57,808][INFO][clas_evaluator:99] - dataset: earlystopping, avg f1-score: 0.7147
[2023-11-11 14:34:57,864][INFO][base_model:51] - snapshot saved to ./models/exp007a-m23-base_fe_clas-2023-11-11_13-09-09-final.pth
[2023-11-11 14:35:07,476][INFO][clas_trainer:133] - train epoch: 3 [5312/53699 (10%)], lr: ['1.00e-04'], loss: 0.683445
[2023-11-11 14:35:16,517][INFO][clas_trainer:133] - train epoch: 3 [10656/53699 (20%)], lr: ['1.00e-04'], loss: 0.777010
[2023-11-11 14:35:25,687][INFO][clas_trainer:133] - train epoch: 3 [16000/53699 (30%)], lr: ['1.00e-04'], loss: 0.646511
[2023-11-11 14:35:34,554][INFO][clas_trainer:133] - train epoch: 3 [21344/53699 (40%)], lr: ['1.00e-04'], loss: 0.441917
[2023-11-11 14:35:43,593][INFO][clas_trainer:133] - train epoch: 3 [26688/53699 (50%)], lr: ['1.00e-04'], loss: 0.751255
[2023-11-11 14:35:52,607][INFO][clas_trainer:133] - train epoch: 3 [32032/53699 (60%)], lr: ['1.00e-04'], loss: 0.675220
[2023-11-11 14:36:01,700][INFO][clas_trainer:133] - train epoch: 3 [37376/53699 (70%)], lr: ['1.00e-04'], loss: 0.395374
[2023-11-11 14:36:10,470][INFO][clas_trainer:133] - train epoch: 3 [42720/53699 (80%)], lr: ['1.00e-04'], loss: 0.397908
[2023-11-11 14:36:19,473][INFO][clas_trainer:133] - train epoch: 3 [48064/53699 (89%)], lr: ['1.00e-04'], loss: 0.609356
[2023-11-11 14:36:28,510][INFO][clas_trainer:133] - train epoch: 3 [53408/53699 (99%)], lr: ['1.00e-04'], loss: 0.568142
[2023-11-11 14:36:43,900][INFO][clas_trainer:63] - [epoch   3] execution time: 106.03s	metrics:
[2023-11-11 14:36:43,900][INFO][clas_evaluator:99] - dataset: earlystopping, avg f1-score: 0.7548
[2023-11-11 14:36:43,956][INFO][base_model:51] - snapshot saved to ./models/exp007a-m23-base_fe_clas-2023-11-11_13-09-09-final.pth
[2023-11-11 14:36:53,930][INFO][clas_trainer:133] - train epoch: 4 [5312/53699 (10%)], lr: ['1.00e-04'], loss: 0.460217
[2023-11-11 14:37:03,539][INFO][clas_trainer:133] - train epoch: 4 [10656/53699 (20%)], lr: ['1.00e-04'], loss: 0.616190
[2023-11-11 14:37:15,365][INFO][clas_trainer:133] - train epoch: 4 [16000/53699 (30%)], lr: ['1.00e-04'], loss: 0.489677
[2023-11-11 14:37:27,356][INFO][clas_trainer:133] - train epoch: 4 [21344/53699 (40%)], lr: ['1.00e-04'], loss: 0.349556
[2023-11-11 14:37:40,142][INFO][clas_trainer:133] - train epoch: 4 [26688/53699 (50%)], lr: ['1.00e-04'], loss: 0.604322
[2023-11-11 14:37:52,287][INFO][clas_trainer:133] - train epoch: 4 [32032/53699 (60%)], lr: ['1.00e-04'], loss: 0.453499
[2023-11-11 14:38:05,101][INFO][clas_trainer:133] - train epoch: 4 [37376/53699 (70%)], lr: ['1.00e-04'], loss: 0.362729
[2023-11-11 14:38:17,123][INFO][clas_trainer:133] - train epoch: 4 [42720/53699 (80%)], lr: ['1.00e-04'], loss: 0.458960
[2023-11-11 14:38:29,315][INFO][clas_trainer:133] - train epoch: 4 [48064/53699 (89%)], lr: ['1.00e-04'], loss: 0.633397
[2023-11-11 14:38:41,074][INFO][clas_trainer:133] - train epoch: 4 [53408/53699 (99%)], lr: ['1.00e-04'], loss: 0.499472
[2023-11-11 14:39:00,718][INFO][clas_trainer:63] - [epoch   4] execution time: 136.76s	metrics:
[2023-11-11 14:39:00,719][INFO][clas_evaluator:99] - dataset: earlystopping, avg f1-score: 0.7482
[2023-11-11 14:39:13,838][INFO][clas_trainer:133] - train epoch: 5 [5312/53699 (10%)], lr: ['1.00e-04'], loss: 0.246787
[2023-11-11 14:39:26,038][INFO][clas_trainer:133] - train epoch: 5 [10656/53699 (20%)], lr: ['1.00e-04'], loss: 0.616997
[2023-11-11 14:39:37,814][INFO][clas_trainer:133] - train epoch: 5 [16000/53699 (30%)], lr: ['1.00e-04'], loss: 0.484765
[2023-11-11 14:39:49,286][INFO][clas_trainer:133] - train epoch: 5 [21344/53699 (40%)], lr: ['1.00e-04'], loss: 0.558352
[2023-11-11 14:40:01,064][INFO][clas_trainer:133] - train epoch: 5 [26688/53699 (50%)], lr: ['1.00e-04'], loss: 0.397225
[2023-11-11 14:40:13,405][INFO][clas_trainer:133] - train epoch: 5 [32032/53699 (60%)], lr: ['1.00e-04'], loss: 0.515847
[2023-11-11 14:40:25,648][INFO][clas_trainer:133] - train epoch: 5 [37376/53699 (70%)], lr: ['1.00e-04'], loss: 0.536235
[2023-11-11 14:40:37,008][INFO][clas_trainer:133] - train epoch: 5 [42720/53699 (80%)], lr: ['1.00e-04'], loss: 0.542752
[2023-11-11 14:40:48,588][INFO][clas_trainer:133] - train epoch: 5 [48064/53699 (89%)], lr: ['1.00e-04'], loss: 0.537683
[2023-11-11 14:41:00,363][INFO][clas_trainer:133] - train epoch: 5 [53408/53699 (99%)], lr: ['1.00e-04'], loss: 0.513029
[2023-11-11 14:41:19,834][INFO][clas_trainer:63] - [epoch   5] execution time: 139.11s	metrics:
[2023-11-11 14:41:19,834][INFO][clas_evaluator:99] - dataset: earlystopping, avg f1-score: 0.7649
[2023-11-11 14:41:19,892][INFO][base_model:51] - snapshot saved to ./models/exp007a-m23-base_fe_clas-2023-11-11_13-09-09-final.pth
[2023-11-11 14:41:32,527][INFO][clas_trainer:133] - train epoch: 6 [5312/53699 (10%)], lr: ['1.00e-04'], loss: 0.407789
[2023-11-11 14:41:44,147][INFO][clas_trainer:133] - train epoch: 6 [10656/53699 (20%)], lr: ['1.00e-04'], loss: 0.321010
[2023-11-11 14:41:55,930][INFO][clas_trainer:133] - train epoch: 6 [16000/53699 (30%)], lr: ['1.00e-04'], loss: 0.267004
[2023-11-11 14:42:07,901][INFO][clas_trainer:133] - train epoch: 6 [21344/53699 (40%)], lr: ['1.00e-04'], loss: 0.291577
[2023-11-11 14:42:19,484][INFO][clas_trainer:133] - train epoch: 6 [26688/53699 (50%)], lr: ['1.00e-04'], loss: 0.364044
[2023-11-11 14:42:31,716][INFO][clas_trainer:133] - train epoch: 6 [32032/53699 (60%)], lr: ['1.00e-04'], loss: 0.446303
[2023-11-11 14:42:44,115][INFO][clas_trainer:133] - train epoch: 6 [37376/53699 (70%)], lr: ['1.00e-04'], loss: 0.551739
[2023-11-11 14:42:56,118][INFO][clas_trainer:133] - train epoch: 6 [42720/53699 (80%)], lr: ['1.00e-04'], loss: 1.044684
[2023-11-11 14:43:08,177][INFO][clas_trainer:133] - train epoch: 6 [48064/53699 (89%)], lr: ['1.00e-04'], loss: 0.515199
[2023-11-11 14:43:20,721][INFO][clas_trainer:133] - train epoch: 6 [53408/53699 (99%)], lr: ['1.00e-04'], loss: 0.446069
[2023-11-11 14:43:41,432][INFO][clas_trainer:63] - [epoch   6] execution time: 141.54s	metrics:
[2023-11-11 14:43:41,433][INFO][clas_evaluator:99] - dataset: earlystopping, avg f1-score: 0.7787
[2023-11-11 14:43:41,495][INFO][base_model:51] - snapshot saved to ./models/exp007a-m23-base_fe_clas-2023-11-11_13-09-09-final.pth
[2023-11-11 14:43:54,223][INFO][clas_trainer:133] - train epoch: 7 [5312/53699 (10%)], lr: ['1.00e-04'], loss: 0.313767
[2023-11-11 14:44:05,918][INFO][clas_trainer:133] - train epoch: 7 [10656/53699 (20%)], lr: ['1.00e-04'], loss: 0.359453
[2023-11-11 14:44:17,409][INFO][clas_trainer:133] - train epoch: 7 [16000/53699 (30%)], lr: ['1.00e-04'], loss: 0.476421
[2023-11-11 14:44:29,169][INFO][clas_trainer:133] - train epoch: 7 [21344/53699 (40%)], lr: ['1.00e-04'], loss: 0.304982
[2023-11-11 14:44:41,021][INFO][clas_trainer:133] - train epoch: 7 [26688/53699 (50%)], lr: ['1.00e-04'], loss: 0.389437
[2023-11-11 14:44:53,209][INFO][clas_trainer:133] - train epoch: 7 [32032/53699 (60%)], lr: ['1.00e-04'], loss: 0.157660
[2023-11-11 14:45:05,210][INFO][clas_trainer:133] - train epoch: 7 [37376/53699 (70%)], lr: ['1.00e-04'], loss: 0.385924
[2023-11-11 14:45:17,070][INFO][clas_trainer:133] - train epoch: 7 [42720/53699 (80%)], lr: ['1.00e-04'], loss: 0.442232
[2023-11-11 14:45:29,162][INFO][clas_trainer:133] - train epoch: 7 [48064/53699 (89%)], lr: ['1.00e-04'], loss: 0.660093
[2023-11-11 14:45:41,310][INFO][clas_trainer:133] - train epoch: 7 [53408/53699 (99%)], lr: ['1.00e-04'], loss: 0.582635
[2023-11-11 14:46:01,475][INFO][clas_trainer:63] - [epoch   7] execution time: 139.98s	metrics:
[2023-11-11 14:46:01,475][INFO][clas_evaluator:99] - dataset: earlystopping, avg f1-score: 0.7672
[2023-11-11 14:46:15,064][INFO][clas_trainer:133] - train epoch: 8 [5312/53699 (10%)], lr: ['1.00e-04'], loss: 0.370146
[2023-11-11 14:46:27,096][INFO][clas_trainer:133] - train epoch: 8 [10656/53699 (20%)], lr: ['1.00e-04'], loss: 0.589483
[2023-11-11 14:46:39,047][INFO][clas_trainer:133] - train epoch: 8 [16000/53699 (30%)], lr: ['1.00e-04'], loss: 0.522419
[2023-11-11 14:46:51,300][INFO][clas_trainer:133] - train epoch: 8 [21344/53699 (40%)], lr: ['1.00e-04'], loss: 0.363823
[2023-11-11 14:47:03,415][INFO][clas_trainer:133] - train epoch: 8 [26688/53699 (50%)], lr: ['1.00e-04'], loss: 0.550609
[2023-11-11 14:47:15,591][INFO][clas_trainer:133] - train epoch: 8 [32032/53699 (60%)], lr: ['1.00e-04'], loss: 0.241917
[2023-11-11 14:47:27,749][INFO][clas_trainer:133] - train epoch: 8 [37376/53699 (70%)], lr: ['1.00e-04'], loss: 0.169078
[2023-11-11 14:47:39,389][INFO][clas_trainer:133] - train epoch: 8 [42720/53699 (80%)], lr: ['1.00e-04'], loss: 0.456574
[2023-11-11 14:47:51,405][INFO][clas_trainer:133] - train epoch: 8 [48064/53699 (89%)], lr: ['1.00e-04'], loss: 0.341814
[2023-11-11 14:48:03,570][INFO][clas_trainer:133] - train epoch: 8 [53408/53699 (99%)], lr: ['1.00e-04'], loss: 0.573685
[2023-11-11 14:48:22,921][INFO][clas_trainer:63] - [epoch   8] execution time: 141.45s	metrics:
[2023-11-11 14:48:22,922][INFO][clas_evaluator:99] - dataset: earlystopping, avg f1-score: 0.7624
[2023-11-11 14:48:35,223][INFO][clas_trainer:133] - train epoch: 9 [5312/53699 (10%)], lr: ['1.00e-04'], loss: 0.376414
[2023-11-11 14:48:47,143][INFO][clas_trainer:133] - train epoch: 9 [10656/53699 (20%)], lr: ['1.00e-04'], loss: 0.383392
[2023-11-11 14:48:59,093][INFO][clas_trainer:133] - train epoch: 9 [16000/53699 (30%)], lr: ['1.00e-04'], loss: 0.374497
[2023-11-11 14:49:10,861][INFO][clas_trainer:133] - train epoch: 9 [21344/53699 (40%)], lr: ['1.00e-04'], loss: 0.514918
[2023-11-11 14:49:22,765][INFO][clas_trainer:133] - train epoch: 9 [26688/53699 (50%)], lr: ['1.00e-04'], loss: 0.715133
[2023-11-11 14:49:34,629][INFO][clas_trainer:133] - train epoch: 9 [32032/53699 (60%)], lr: ['1.00e-04'], loss: 0.443806
[2023-11-11 14:49:46,303][INFO][clas_trainer:133] - train epoch: 9 [37376/53699 (70%)], lr: ['1.00e-04'], loss: 0.252060
[2023-11-11 14:49:57,922][INFO][clas_trainer:133] - train epoch: 9 [42720/53699 (80%)], lr: ['1.00e-04'], loss: 0.148259
[2023-11-11 14:50:09,935][INFO][clas_trainer:133] - train epoch: 9 [48064/53699 (89%)], lr: ['1.00e-04'], loss: 0.293889
[2023-11-11 14:50:21,612][INFO][clas_trainer:133] - train epoch: 9 [53408/53699 (99%)], lr: ['1.00e-04'], loss: 0.589665
[2023-11-11 14:50:41,433][INFO][clas_trainer:63] - [epoch   9] execution time: 138.51s	metrics:
[2023-11-11 14:50:41,433][INFO][clas_evaluator:99] - dataset: earlystopping, avg f1-score: 0.7821
[2023-11-11 14:50:41,490][INFO][base_model:51] - snapshot saved to ./models/exp007a-m23-base_fe_clas-2023-11-11_13-09-09-final.pth
[2023-11-11 14:50:53,774][INFO][clas_trainer:133] - train epoch: 10 [5312/53699 (10%)], lr: ['1.00e-04'], loss: 0.328139
[2023-11-11 14:51:05,534][INFO][clas_trainer:133] - train epoch: 10 [10656/53699 (20%)], lr: ['1.00e-04'], loss: 0.339040
[2023-11-11 14:51:17,486][INFO][clas_trainer:133] - train epoch: 10 [16000/53699 (30%)], lr: ['1.00e-04'], loss: 0.493542
[2023-11-11 14:51:29,083][INFO][clas_trainer:133] - train epoch: 10 [21344/53699 (40%)], lr: ['1.00e-04'], loss: 0.361848
[2023-11-11 14:51:40,714][INFO][clas_trainer:133] - train epoch: 10 [26688/53699 (50%)], lr: ['1.00e-04'], loss: 0.475824
[2023-11-11 14:51:53,219][INFO][clas_trainer:133] - train epoch: 10 [32032/53699 (60%)], lr: ['1.00e-04'], loss: 0.458060
[2023-11-11 14:52:04,567][INFO][clas_trainer:133] - train epoch: 10 [37376/53699 (70%)], lr: ['1.00e-04'], loss: 0.432749
[2023-11-11 14:52:17,332][INFO][clas_trainer:133] - train epoch: 10 [42720/53699 (80%)], lr: ['1.00e-04'], loss: 0.512159
[2023-11-11 14:52:29,296][INFO][clas_trainer:133] - train epoch: 10 [48064/53699 (89%)], lr: ['1.00e-04'], loss: 0.257299
[2023-11-11 14:52:40,786][INFO][clas_trainer:133] - train epoch: 10 [53408/53699 (99%)], lr: ['1.00e-04'], loss: 0.242857
[2023-11-11 14:53:00,404][INFO][clas_trainer:63] - [epoch  10] execution time: 138.91s	metrics:
[2023-11-11 14:53:00,404][INFO][clas_evaluator:99] - dataset: earlystopping, avg f1-score: 0.7697
[2023-11-11 14:53:12,837][INFO][clas_trainer:133] - train epoch: 11 [5312/53699 (10%)], lr: ['1.00e-04'], loss: 0.561471
[2023-11-11 14:53:24,569][INFO][clas_trainer:133] - train epoch: 11 [10656/53699 (20%)], lr: ['1.00e-04'], loss: 0.443272
[2023-11-11 14:53:36,090][INFO][clas_trainer:133] - train epoch: 11 [16000/53699 (30%)], lr: ['1.00e-04'], loss: 0.441809
[2023-11-11 14:53:47,832][INFO][clas_trainer:133] - train epoch: 11 [21344/53699 (40%)], lr: ['1.00e-04'], loss: 0.419172
[2023-11-11 14:53:59,758][INFO][clas_trainer:133] - train epoch: 11 [26688/53699 (50%)], lr: ['1.00e-04'], loss: 0.401844
[2023-11-11 14:54:11,984][INFO][clas_trainer:133] - train epoch: 11 [32032/53699 (60%)], lr: ['1.00e-04'], loss: 0.320497
[2023-11-11 14:54:24,125][INFO][clas_trainer:133] - train epoch: 11 [37376/53699 (70%)], lr: ['1.00e-04'], loss: 0.449399
[2023-11-11 14:54:36,079][INFO][clas_trainer:133] - train epoch: 11 [42720/53699 (80%)], lr: ['1.00e-04'], loss: 0.393479
[2023-11-11 14:54:47,833][INFO][clas_trainer:133] - train epoch: 11 [48064/53699 (89%)], lr: ['1.00e-04'], loss: 0.360247
[2023-11-11 14:54:59,606][INFO][clas_trainer:133] - train epoch: 11 [53408/53699 (99%)], lr: ['1.00e-04'], loss: 0.370759
[2023-11-11 14:55:19,743][INFO][clas_trainer:63] - [epoch  11] execution time: 139.34s	metrics:
[2023-11-11 14:55:19,743][INFO][clas_evaluator:99] - dataset: earlystopping, avg f1-score: 0.7801
[2023-11-11 14:55:32,797][INFO][clas_trainer:133] - train epoch: 12 [5312/53699 (10%)], lr: ['1.00e-04'], loss: 0.244044
[2023-11-11 14:55:44,509][INFO][clas_trainer:133] - train epoch: 12 [10656/53699 (20%)], lr: ['1.00e-04'], loss: 0.334794
[2023-11-11 14:55:56,381][INFO][clas_trainer:133] - train epoch: 12 [16000/53699 (30%)], lr: ['1.00e-04'], loss: 0.375667
[2023-11-11 14:56:08,145][INFO][clas_trainer:133] - train epoch: 12 [21344/53699 (40%)], lr: ['1.00e-04'], loss: 0.279242
[2023-11-11 14:56:20,358][INFO][clas_trainer:133] - train epoch: 12 [26688/53699 (50%)], lr: ['1.00e-04'], loss: 0.363808
[2023-11-11 14:56:32,387][INFO][clas_trainer:133] - train epoch: 12 [32032/53699 (60%)], lr: ['1.00e-04'], loss: 0.479392
[2023-11-11 14:56:44,090][INFO][clas_trainer:133] - train epoch: 12 [37376/53699 (70%)], lr: ['1.00e-04'], loss: 0.412894
[2023-11-11 14:56:55,888][INFO][clas_trainer:133] - train epoch: 12 [42720/53699 (80%)], lr: ['1.00e-04'], loss: 0.422847
[2023-11-11 14:57:07,644][INFO][clas_trainer:133] - train epoch: 12 [48064/53699 (89%)], lr: ['1.00e-04'], loss: 0.104688
[2023-11-11 14:57:19,277][INFO][clas_trainer:133] - train epoch: 12 [53408/53699 (99%)], lr: ['1.00e-04'], loss: 0.481396
[2023-11-11 14:57:39,270][INFO][clas_trainer:63] - [epoch  12] execution time: 139.53s	metrics:
[2023-11-11 14:57:39,270][INFO][clas_evaluator:99] - dataset: earlystopping, avg f1-score: 0.7925
[2023-11-11 14:57:39,330][INFO][base_model:51] - snapshot saved to ./models/exp007a-m23-base_fe_clas-2023-11-11_13-09-09-final.pth
[2023-11-11 14:57:51,664][INFO][clas_trainer:133] - train epoch: 13 [5312/53699 (10%)], lr: ['1.00e-04'], loss: 0.288419
[2023-11-11 14:58:03,372][INFO][clas_trainer:133] - train epoch: 13 [10656/53699 (20%)], lr: ['1.00e-04'], loss: 0.388656
[2023-11-11 14:58:14,956][INFO][clas_trainer:133] - train epoch: 13 [16000/53699 (30%)], lr: ['1.00e-04'], loss: 0.450093
[2023-11-11 14:58:26,907][INFO][clas_trainer:133] - train epoch: 13 [21344/53699 (40%)], lr: ['1.00e-04'], loss: 0.491174
[2023-11-11 14:58:38,495][INFO][clas_trainer:133] - train epoch: 13 [26688/53699 (50%)], lr: ['1.00e-04'], loss: 0.560959
[2023-11-11 14:58:49,914][INFO][clas_trainer:133] - train epoch: 13 [32032/53699 (60%)], lr: ['1.00e-04'], loss: 0.465472
[2023-11-11 14:59:01,497][INFO][clas_trainer:133] - train epoch: 13 [37376/53699 (70%)], lr: ['1.00e-04'], loss: 0.293426
[2023-11-11 14:59:13,182][INFO][clas_trainer:133] - train epoch: 13 [42720/53699 (80%)], lr: ['1.00e-04'], loss: 0.488992
[2023-11-11 14:59:25,033][INFO][clas_trainer:133] - train epoch: 13 [48064/53699 (89%)], lr: ['1.00e-04'], loss: 0.357566
[2023-11-11 14:59:36,712][INFO][clas_trainer:133] - train epoch: 13 [53408/53699 (99%)], lr: ['1.00e-04'], loss: 0.380175
[2023-11-11 14:59:56,524][INFO][clas_trainer:63] - [epoch  13] execution time: 137.19s	metrics:
[2023-11-11 14:59:56,524][INFO][clas_evaluator:99] - dataset: earlystopping, avg f1-score: 0.7894
[2023-11-11 15:00:08,770][INFO][clas_trainer:133] - train epoch: 14 [5312/53699 (10%)], lr: ['1.00e-04'], loss: 0.170707
[2023-11-11 15:00:20,378][INFO][clas_trainer:133] - train epoch: 14 [10656/53699 (20%)], lr: ['1.00e-04'], loss: 0.191637
[2023-11-11 15:00:31,915][INFO][clas_trainer:133] - train epoch: 14 [16000/53699 (30%)], lr: ['1.00e-04'], loss: 0.224584
[2023-11-11 15:00:43,507][INFO][clas_trainer:133] - train epoch: 14 [21344/53699 (40%)], lr: ['1.00e-04'], loss: 0.267744
[2023-11-11 15:00:54,933][INFO][clas_trainer:133] - train epoch: 14 [26688/53699 (50%)], lr: ['1.00e-04'], loss: 0.629570
[2023-11-11 15:01:06,335][INFO][clas_trainer:133] - train epoch: 14 [32032/53699 (60%)], lr: ['1.00e-04'], loss: 0.402704
[2023-11-11 15:01:17,695][INFO][clas_trainer:133] - train epoch: 14 [37376/53699 (70%)], lr: ['1.00e-04'], loss: 0.379429
[2023-11-11 15:01:29,424][INFO][clas_trainer:133] - train epoch: 14 [42720/53699 (80%)], lr: ['1.00e-04'], loss: 0.379089
[2023-11-11 15:01:41,306][INFO][clas_trainer:133] - train epoch: 14 [48064/53699 (89%)], lr: ['1.00e-04'], loss: 0.880008
[2023-11-11 15:01:52,706][INFO][clas_trainer:133] - train epoch: 14 [53408/53699 (99%)], lr: ['1.00e-04'], loss: 0.455404
[2023-11-11 15:02:12,454][INFO][clas_trainer:63] - [epoch  14] execution time: 135.93s	metrics:
[2023-11-11 15:02:12,454][INFO][clas_evaluator:99] - dataset: earlystopping, avg f1-score: 0.7988
[2023-11-11 15:02:12,512][INFO][base_model:51] - snapshot saved to ./models/exp007a-m23-base_fe_clas-2023-11-11_13-09-09-final.pth
[2023-11-11 15:02:24,817][INFO][clas_trainer:133] - train epoch: 15 [5312/53699 (10%)], lr: ['1.00e-04'], loss: 0.467445
[2023-11-11 15:02:36,649][INFO][clas_trainer:133] - train epoch: 15 [10656/53699 (20%)], lr: ['1.00e-04'], loss: 0.306138
[2023-11-11 15:02:48,026][INFO][clas_trainer:133] - train epoch: 15 [16000/53699 (30%)], lr: ['1.00e-04'], loss: 0.253319
[2023-11-11 15:02:59,736][INFO][clas_trainer:133] - train epoch: 15 [21344/53699 (40%)], lr: ['1.00e-04'], loss: 0.495772
[2023-11-11 15:03:11,359][INFO][clas_trainer:133] - train epoch: 15 [26688/53699 (50%)], lr: ['1.00e-04'], loss: 0.426626
[2023-11-11 15:03:22,908][INFO][clas_trainer:133] - train epoch: 15 [32032/53699 (60%)], lr: ['1.00e-04'], loss: 0.413324
[2023-11-11 15:03:33,923][INFO][clas_trainer:133] - train epoch: 15 [37376/53699 (70%)], lr: ['1.00e-04'], loss: 0.537581
[2023-11-11 15:03:45,372][INFO][clas_trainer:133] - train epoch: 15 [42720/53699 (80%)], lr: ['1.00e-04'], loss: 0.313804
[2023-11-11 15:03:56,610][INFO][clas_trainer:133] - train epoch: 15 [48064/53699 (89%)], lr: ['1.00e-04'], loss: 0.359542
[2023-11-11 15:04:07,771][INFO][clas_trainer:133] - train epoch: 15 [53408/53699 (99%)], lr: ['1.00e-04'], loss: 0.224264
[2023-11-11 15:04:26,792][INFO][clas_trainer:63] - [epoch  15] execution time: 134.28s	metrics:
[2023-11-11 15:04:26,792][INFO][clas_evaluator:99] - dataset: earlystopping, avg f1-score: 0.7656
[2023-11-11 15:04:38,879][INFO][clas_trainer:133] - train epoch: 16 [5312/53699 (10%)], lr: ['1.00e-04'], loss: 0.275583
[2023-11-11 15:04:50,389][INFO][clas_trainer:133] - train epoch: 16 [10656/53699 (20%)], lr: ['1.00e-04'], loss: 0.325405
[2023-11-11 15:05:01,516][INFO][clas_trainer:133] - train epoch: 16 [16000/53699 (30%)], lr: ['1.00e-04'], loss: 0.426690
[2023-11-11 15:05:12,462][INFO][clas_trainer:133] - train epoch: 16 [21344/53699 (40%)], lr: ['1.00e-04'], loss: 0.192703
[2023-11-11 15:05:23,752][INFO][clas_trainer:133] - train epoch: 16 [26688/53699 (50%)], lr: ['1.00e-04'], loss: 0.482078
[2023-11-11 15:05:34,970][INFO][clas_trainer:133] - train epoch: 16 [32032/53699 (60%)], lr: ['1.00e-04'], loss: 0.330134
[2023-11-11 15:05:45,982][INFO][clas_trainer:133] - train epoch: 16 [37376/53699 (70%)], lr: ['1.00e-04'], loss: 0.396385
[2023-11-11 15:05:57,459][INFO][clas_trainer:133] - train epoch: 16 [42720/53699 (80%)], lr: ['1.00e-04'], loss: 0.406054
[2023-11-11 15:06:08,991][INFO][clas_trainer:133] - train epoch: 16 [48064/53699 (89%)], lr: ['1.00e-04'], loss: 0.514058
[2023-11-11 15:06:20,389][INFO][clas_trainer:133] - train epoch: 16 [53408/53699 (99%)], lr: ['1.00e-04'], loss: 0.223394
[2023-11-11 15:06:39,125][INFO][clas_trainer:63] - [epoch  16] execution time: 132.33s	metrics:
[2023-11-11 15:06:39,125][INFO][clas_evaluator:99] - dataset: earlystopping, avg f1-score: 0.7765
[2023-11-11 15:06:50,994][INFO][clas_trainer:133] - train epoch: 17 [5312/53699 (10%)], lr: ['1.00e-04'], loss: 0.568971
[2023-11-11 15:07:02,340][INFO][clas_trainer:133] - train epoch: 17 [10656/53699 (20%)], lr: ['1.00e-04'], loss: 0.407156
[2023-11-11 15:07:13,760][INFO][clas_trainer:133] - train epoch: 17 [16000/53699 (30%)], lr: ['1.00e-04'], loss: 0.347870
[2023-11-11 15:07:24,806][INFO][clas_trainer:133] - train epoch: 17 [21344/53699 (40%)], lr: ['1.00e-04'], loss: 0.244018
[2023-11-11 15:07:36,380][INFO][clas_trainer:133] - train epoch: 17 [26688/53699 (50%)], lr: ['1.00e-04'], loss: 0.419257
[2023-11-11 15:07:47,859][INFO][clas_trainer:133] - train epoch: 17 [32032/53699 (60%)], lr: ['1.00e-04'], loss: 0.405837
[2023-11-11 15:07:58,646][INFO][clas_trainer:133] - train epoch: 17 [37376/53699 (70%)], lr: ['1.00e-04'], loss: 0.261052
[2023-11-11 15:08:10,147][INFO][clas_trainer:133] - train epoch: 17 [42720/53699 (80%)], lr: ['1.00e-04'], loss: 0.158509
[2023-11-11 15:08:21,640][INFO][clas_trainer:133] - train epoch: 17 [48064/53699 (89%)], lr: ['1.00e-04'], loss: 0.558572
[2023-11-11 15:08:32,729][INFO][clas_trainer:133] - train epoch: 17 [53408/53699 (99%)], lr: ['1.00e-04'], loss: 0.656965
[2023-11-11 15:08:51,558][INFO][clas_trainer:63] - [epoch  17] execution time: 132.43s	metrics:
[2023-11-11 15:08:51,559][INFO][clas_evaluator:99] - dataset: earlystopping, avg f1-score: 0.7974
[2023-11-11 15:09:03,811][INFO][clas_trainer:133] - train epoch: 18 [5312/53699 (10%)], lr: ['1.00e-04'], loss: 0.635014
[2023-11-11 15:09:15,440][INFO][clas_trainer:133] - train epoch: 18 [10656/53699 (20%)], lr: ['1.00e-04'], loss: 0.362279
[2023-11-11 15:09:27,066][INFO][clas_trainer:133] - train epoch: 18 [16000/53699 (30%)], lr: ['1.00e-04'], loss: 0.418980
[2023-11-11 15:09:38,308][INFO][clas_trainer:133] - train epoch: 18 [21344/53699 (40%)], lr: ['1.00e-04'], loss: 0.607856
[2023-11-11 15:09:49,507][INFO][clas_trainer:133] - train epoch: 18 [26688/53699 (50%)], lr: ['1.00e-04'], loss: 0.579330
[2023-11-11 15:10:00,818][INFO][clas_trainer:133] - train epoch: 18 [32032/53699 (60%)], lr: ['1.00e-04'], loss: 0.303496
[2023-11-11 15:10:11,906][INFO][clas_trainer:133] - train epoch: 18 [37376/53699 (70%)], lr: ['1.00e-04'], loss: 0.203194
[2023-11-11 15:10:23,389][INFO][clas_trainer:133] - train epoch: 18 [42720/53699 (80%)], lr: ['1.00e-04'], loss: 0.795656
[2023-11-11 15:10:34,600][INFO][clas_trainer:133] - train epoch: 18 [48064/53699 (89%)], lr: ['1.00e-04'], loss: 0.528686
[2023-11-11 15:10:45,772][INFO][clas_trainer:133] - train epoch: 18 [53408/53699 (99%)], lr: ['1.00e-04'], loss: 0.601907
[2023-11-11 15:11:04,629][INFO][clas_trainer:63] - [epoch  18] execution time: 133.07s	metrics:
[2023-11-11 15:11:04,629][INFO][clas_evaluator:99] - dataset: earlystopping, avg f1-score: 0.7828
[2023-11-11 15:11:16,389][INFO][clas_trainer:133] - train epoch: 19 [5312/53699 (10%)], lr: ['1.00e-04'], loss: 0.277918
[2023-11-11 15:11:27,603][INFO][clas_trainer:133] - train epoch: 19 [10656/53699 (20%)], lr: ['1.00e-04'], loss: 0.252901
[2023-11-11 15:11:39,267][INFO][clas_trainer:133] - train epoch: 19 [16000/53699 (30%)], lr: ['1.00e-04'], loss: 0.399917
[2023-11-11 15:11:50,862][INFO][clas_trainer:133] - train epoch: 19 [21344/53699 (40%)], lr: ['1.00e-04'], loss: 0.456499
[2023-11-11 15:12:02,234][INFO][clas_trainer:133] - train epoch: 19 [26688/53699 (50%)], lr: ['1.00e-04'], loss: 0.300527
[2023-11-11 15:12:13,819][INFO][clas_trainer:133] - train epoch: 19 [32032/53699 (60%)], lr: ['1.00e-04'], loss: 0.473794
[2023-11-11 15:12:24,851][INFO][clas_trainer:133] - train epoch: 19 [37376/53699 (70%)], lr: ['1.00e-04'], loss: 0.146296
[2023-11-11 15:12:35,944][INFO][clas_trainer:133] - train epoch: 19 [42720/53699 (80%)], lr: ['1.00e-04'], loss: 0.216330
[2023-11-11 15:12:47,523][INFO][clas_trainer:133] - train epoch: 19 [48064/53699 (89%)], lr: ['1.00e-04'], loss: 0.388210
[2023-11-11 15:12:58,598][INFO][clas_trainer:133] - train epoch: 19 [53408/53699 (99%)], lr: ['1.00e-04'], loss: 0.540765
[2023-11-11 15:13:17,791][INFO][clas_trainer:63] - [epoch  19] execution time: 133.16s	metrics:
[2023-11-11 15:13:17,792][INFO][clas_evaluator:99] - dataset: earlystopping, avg f1-score: 0.7992
[2023-11-11 15:13:17,849][INFO][base_model:51] - snapshot saved to ./models/exp007a-m23-base_fe_clas-2023-11-11_13-09-09-final.pth
[2023-11-11 15:13:30,145][INFO][clas_trainer:133] - train epoch: 20 [5312/53699 (10%)], lr: ['1.00e-04'], loss: 0.221220
[2023-11-11 15:13:41,134][INFO][clas_trainer:133] - train epoch: 20 [10656/53699 (20%)], lr: ['1.00e-04'], loss: 0.225599
[2023-11-11 15:13:52,838][INFO][clas_trainer:133] - train epoch: 20 [16000/53699 (30%)], lr: ['1.00e-04'], loss: 0.355437
[2023-11-11 15:14:04,468][INFO][clas_trainer:133] - train epoch: 20 [21344/53699 (40%)], lr: ['1.00e-04'], loss: 0.256421
[2023-11-11 15:14:15,545][INFO][clas_trainer:133] - train epoch: 20 [26688/53699 (50%)], lr: ['1.00e-04'], loss: 0.545908
[2023-11-11 15:14:26,821][INFO][clas_trainer:133] - train epoch: 20 [32032/53699 (60%)], lr: ['1.00e-04'], loss: 0.383073
[2023-11-11 15:14:37,781][INFO][clas_trainer:133] - train epoch: 20 [37376/53699 (70%)], lr: ['1.00e-04'], loss: 0.453578
[2023-11-11 15:14:48,989][INFO][clas_trainer:133] - train epoch: 20 [42720/53699 (80%)], lr: ['1.00e-04'], loss: 0.359990
[2023-11-11 15:15:00,120][INFO][clas_trainer:133] - train epoch: 20 [48064/53699 (89%)], lr: ['1.00e-04'], loss: 0.376389
[2023-11-11 15:15:11,430][INFO][clas_trainer:133] - train epoch: 20 [53408/53699 (99%)], lr: ['1.00e-04'], loss: 0.422206
[2023-11-11 15:15:30,186][INFO][clas_trainer:63] - [epoch  20] execution time: 132.34s	metrics:
[2023-11-11 15:15:30,186][INFO][clas_evaluator:99] - dataset: earlystopping, avg f1-score: 0.7888
[2023-11-11 15:15:42,356][INFO][clas_trainer:133] - train epoch: 21 [5312/53699 (10%)], lr: ['1.00e-04'], loss: 0.512622
[2023-11-11 15:15:53,706][INFO][clas_trainer:133] - train epoch: 21 [10656/53699 (20%)], lr: ['1.00e-04'], loss: 0.275831
[2023-11-11 15:16:05,295][INFO][clas_trainer:133] - train epoch: 21 [16000/53699 (30%)], lr: ['1.00e-04'], loss: 0.496801
[2023-11-11 15:16:16,435][INFO][clas_trainer:133] - train epoch: 21 [21344/53699 (40%)], lr: ['1.00e-04'], loss: 0.326516
[2023-11-11 15:16:27,693][INFO][clas_trainer:133] - train epoch: 21 [26688/53699 (50%)], lr: ['1.00e-04'], loss: 0.381341
[2023-11-11 15:16:38,952][INFO][clas_trainer:133] - train epoch: 21 [32032/53699 (60%)], lr: ['1.00e-04'], loss: 0.240142
[2023-11-11 15:16:50,154][INFO][clas_trainer:133] - train epoch: 21 [37376/53699 (70%)], lr: ['1.00e-04'], loss: 0.341126
[2023-11-11 15:17:01,401][INFO][clas_trainer:133] - train epoch: 21 [42720/53699 (80%)], lr: ['1.00e-04'], loss: 0.258134
[2023-11-11 15:17:12,691][INFO][clas_trainer:133] - train epoch: 21 [48064/53699 (89%)], lr: ['1.00e-04'], loss: 0.544435
[2023-11-11 15:17:23,977][INFO][clas_trainer:133] - train epoch: 21 [53408/53699 (99%)], lr: ['1.00e-04'], loss: 0.140234
[2023-11-11 15:17:42,512][INFO][clas_trainer:63] - [epoch  21] execution time: 132.33s	metrics:
[2023-11-11 15:17:42,513][INFO][clas_evaluator:99] - dataset: earlystopping, avg f1-score: 0.7951
[2023-11-11 15:17:54,447][INFO][clas_trainer:133] - train epoch: 22 [5312/53699 (10%)], lr: ['1.00e-04'], loss: 0.338173
[2023-11-11 15:18:05,828][INFO][clas_trainer:133] - train epoch: 22 [10656/53699 (20%)], lr: ['1.00e-04'], loss: 0.530548
[2023-11-11 15:18:17,236][INFO][clas_trainer:133] - train epoch: 22 [16000/53699 (30%)], lr: ['1.00e-04'], loss: 0.222578
[2023-11-11 15:18:28,744][INFO][clas_trainer:133] - train epoch: 22 [21344/53699 (40%)], lr: ['1.00e-04'], loss: 0.485348
[2023-11-11 15:18:39,862][INFO][clas_trainer:133] - train epoch: 22 [26688/53699 (50%)], lr: ['1.00e-04'], loss: 0.319647
[2023-11-11 15:18:51,237][INFO][clas_trainer:133] - train epoch: 22 [32032/53699 (60%)], lr: ['1.00e-04'], loss: 0.385557
[2023-11-11 15:19:02,375][INFO][clas_trainer:133] - train epoch: 22 [37376/53699 (70%)], lr: ['1.00e-04'], loss: 0.264423
[2023-11-11 15:19:13,449][INFO][clas_trainer:133] - train epoch: 22 [42720/53699 (80%)], lr: ['1.00e-04'], loss: 0.648760
[2023-11-11 15:19:24,571][INFO][clas_trainer:133] - train epoch: 22 [48064/53699 (89%)], lr: ['1.00e-04'], loss: 0.227459
[2023-11-11 15:19:35,931][INFO][clas_trainer:133] - train epoch: 22 [53408/53699 (99%)], lr: ['1.00e-04'], loss: 0.417299
[2023-11-11 15:19:54,255][INFO][clas_trainer:63] - [epoch  22] execution time: 131.74s	metrics:
[2023-11-11 15:19:54,256][INFO][clas_evaluator:99] - dataset: earlystopping, avg f1-score: 0.7370
[2023-11-11 15:20:06,721][INFO][clas_trainer:133] - train epoch: 23 [5312/53699 (10%)], lr: ['1.00e-04'], loss: 0.252031
[2023-11-11 15:20:18,019][INFO][clas_trainer:133] - train epoch: 23 [10656/53699 (20%)], lr: ['1.00e-04'], loss: 0.356953
[2023-11-11 15:20:29,505][INFO][clas_trainer:133] - train epoch: 23 [16000/53699 (30%)], lr: ['1.00e-04'], loss: 0.630424
[2023-11-11 15:20:41,015][INFO][clas_trainer:133] - train epoch: 23 [21344/53699 (40%)], lr: ['1.00e-04'], loss: 0.258002
[2023-11-11 15:20:52,141][INFO][clas_trainer:133] - train epoch: 23 [26688/53699 (50%)], lr: ['1.00e-04'], loss: 0.150629
[2023-11-11 15:21:03,563][INFO][clas_trainer:133] - train epoch: 23 [32032/53699 (60%)], lr: ['1.00e-04'], loss: 0.275298
[2023-11-11 15:21:15,034][INFO][clas_trainer:133] - train epoch: 23 [37376/53699 (70%)], lr: ['1.00e-04'], loss: 0.202459
[2023-11-11 15:21:26,311][INFO][clas_trainer:133] - train epoch: 23 [42720/53699 (80%)], lr: ['1.00e-04'], loss: 0.213311
[2023-11-11 15:21:37,562][INFO][clas_trainer:133] - train epoch: 23 [48064/53699 (89%)], lr: ['1.00e-04'], loss: 0.206190
[2023-11-11 15:21:49,316][INFO][clas_trainer:133] - train epoch: 23 [53408/53699 (99%)], lr: ['1.00e-04'], loss: 0.480040
[2023-11-11 15:22:08,191][INFO][clas_trainer:63] - [epoch  23] execution time: 133.93s	metrics:
[2023-11-11 15:22:08,191][INFO][clas_evaluator:99] - dataset: earlystopping, avg f1-score: 0.7968
[2023-11-11 15:22:20,432][INFO][clas_trainer:133] - train epoch: 24 [5312/53699 (10%)], lr: ['1.00e-04'], loss: 0.579301
[2023-11-11 15:22:31,889][INFO][clas_trainer:133] - train epoch: 24 [10656/53699 (20%)], lr: ['1.00e-04'], loss: 0.243214
[2023-11-11 15:22:43,118][INFO][clas_trainer:133] - train epoch: 24 [16000/53699 (30%)], lr: ['1.00e-04'], loss: 0.255609
[2023-11-11 15:22:54,346][INFO][clas_trainer:133] - train epoch: 24 [21344/53699 (40%)], lr: ['1.00e-04'], loss: 0.183005
[2023-11-11 15:23:05,580][INFO][clas_trainer:133] - train epoch: 24 [26688/53699 (50%)], lr: ['1.00e-04'], loss: 0.157256
[2023-11-11 15:23:16,552][INFO][clas_trainer:133] - train epoch: 24 [32032/53699 (60%)], lr: ['1.00e-04'], loss: 0.342547
[2023-11-11 15:23:27,823][INFO][clas_trainer:133] - train epoch: 24 [37376/53699 (70%)], lr: ['1.00e-04'], loss: 0.236142
[2023-11-11 15:23:39,097][INFO][clas_trainer:133] - train epoch: 24 [42720/53699 (80%)], lr: ['1.00e-04'], loss: 0.410432
[2023-11-11 15:23:50,170][INFO][clas_trainer:133] - train epoch: 24 [48064/53699 (89%)], lr: ['1.00e-04'], loss: 0.363175
[2023-11-11 15:24:01,339][INFO][clas_trainer:133] - train epoch: 24 [53408/53699 (99%)], lr: ['1.00e-04'], loss: 0.505975
[2023-11-11 15:24:20,333][INFO][clas_trainer:63] - [epoch  24] execution time: 132.14s	metrics:
[2023-11-11 15:24:20,334][INFO][clas_evaluator:99] - dataset: earlystopping, avg f1-score: 0.7992
[2023-11-11 15:24:32,102][INFO][clas_trainer:133] - train epoch: 25 [5312/53699 (10%)], lr: ['1.00e-04'], loss: 0.210041
[2023-11-11 15:24:43,749][INFO][clas_trainer:133] - train epoch: 25 [10656/53699 (20%)], lr: ['1.00e-04'], loss: 0.375354
[2023-11-11 15:24:54,927][INFO][clas_trainer:133] - train epoch: 25 [16000/53699 (30%)], lr: ['1.00e-04'], loss: 0.342667
[2023-11-11 15:25:06,169][INFO][clas_trainer:133] - train epoch: 25 [21344/53699 (40%)], lr: ['1.00e-04'], loss: 0.264727
[2023-11-11 15:25:18,180][INFO][clas_trainer:133] - train epoch: 25 [26688/53699 (50%)], lr: ['1.00e-04'], loss: 0.466877
[2023-11-11 15:25:29,347][INFO][clas_trainer:133] - train epoch: 25 [32032/53699 (60%)], lr: ['1.00e-04'], loss: 0.414508
[2023-11-11 15:25:40,807][INFO][clas_trainer:133] - train epoch: 25 [37376/53699 (70%)], lr: ['1.00e-04'], loss: 0.235477
[2023-11-11 15:25:51,763][INFO][clas_trainer:133] - train epoch: 25 [42720/53699 (80%)], lr: ['1.00e-04'], loss: 0.368638
[2023-11-11 15:26:03,210][INFO][clas_trainer:133] - train epoch: 25 [48064/53699 (89%)], lr: ['1.00e-04'], loss: 0.223813
[2023-11-11 15:26:14,386][INFO][clas_trainer:133] - train epoch: 25 [53408/53699 (99%)], lr: ['1.00e-04'], loss: 0.124106
[2023-11-11 15:26:33,205][INFO][clas_trainer:63] - [epoch  25] execution time: 132.87s	metrics:
[2023-11-11 15:26:33,206][INFO][clas_evaluator:99] - dataset: earlystopping, avg f1-score: 0.7854
[2023-11-11 15:26:45,132][INFO][clas_trainer:133] - train epoch: 26 [5312/53699 (10%)], lr: ['1.00e-04'], loss: 0.170347
[2023-11-11 15:26:56,473][INFO][clas_trainer:133] - train epoch: 26 [10656/53699 (20%)], lr: ['1.00e-04'], loss: 0.343350
[2023-11-11 15:27:08,144][INFO][clas_trainer:133] - train epoch: 26 [16000/53699 (30%)], lr: ['1.00e-04'], loss: 0.387137
[2023-11-11 15:27:19,153][INFO][clas_trainer:133] - train epoch: 26 [21344/53699 (40%)], lr: ['1.00e-04'], loss: 0.241882
[2023-11-11 15:27:30,556][INFO][clas_trainer:133] - train epoch: 26 [26688/53699 (50%)], lr: ['1.00e-04'], loss: 0.334172
[2023-11-11 15:27:41,715][INFO][clas_trainer:133] - train epoch: 26 [32032/53699 (60%)], lr: ['1.00e-04'], loss: 0.339046
[2023-11-11 15:27:52,713][INFO][clas_trainer:133] - train epoch: 26 [37376/53699 (70%)], lr: ['1.00e-04'], loss: 0.384621
[2023-11-11 15:28:03,985][INFO][clas_trainer:133] - train epoch: 26 [42720/53699 (80%)], lr: ['1.00e-04'], loss: 0.438588
[2023-11-11 15:28:15,330][INFO][clas_trainer:133] - train epoch: 26 [48064/53699 (89%)], lr: ['1.00e-04'], loss: 0.491792
[2023-11-11 15:28:26,663][INFO][clas_trainer:133] - train epoch: 26 [53408/53699 (99%)], lr: ['1.00e-04'], loss: 0.343817
[2023-11-11 15:28:45,669][INFO][clas_trainer:63] - [epoch  26] execution time: 132.46s	metrics:
[2023-11-11 15:28:45,669][INFO][clas_evaluator:99] - dataset: earlystopping, avg f1-score: 0.7940
[2023-11-11 15:28:57,782][INFO][clas_trainer:133] - train epoch: 27 [5312/53699 (10%)], lr: ['1.00e-04'], loss: 0.445948
[2023-11-11 15:29:08,971][INFO][clas_trainer:133] - train epoch: 27 [10656/53699 (20%)], lr: ['1.00e-04'], loss: 0.476633
[2023-11-11 15:29:20,233][INFO][clas_trainer:133] - train epoch: 27 [16000/53699 (30%)], lr: ['1.00e-04'], loss: 0.335943
[2023-11-11 15:29:31,123][INFO][clas_trainer:133] - train epoch: 27 [21344/53699 (40%)], lr: ['1.00e-04'], loss: 0.160319
[2023-11-11 15:29:42,269][INFO][clas_trainer:133] - train epoch: 27 [26688/53699 (50%)], lr: ['1.00e-04'], loss: 0.154515
[2023-11-11 15:29:53,570][INFO][clas_trainer:133] - train epoch: 27 [32032/53699 (60%)], lr: ['1.00e-04'], loss: 0.385218
[2023-11-11 15:30:04,328][INFO][clas_trainer:133] - train epoch: 27 [37376/53699 (70%)], lr: ['1.00e-04'], loss: 0.210721
[2023-11-11 15:30:15,286][INFO][clas_trainer:133] - train epoch: 27 [42720/53699 (80%)], lr: ['1.00e-04'], loss: 0.466612
[2023-11-11 15:30:26,348][INFO][clas_trainer:133] - train epoch: 27 [48064/53699 (89%)], lr: ['1.00e-04'], loss: 0.074792
[2023-11-11 15:30:37,333][INFO][clas_trainer:133] - train epoch: 27 [53408/53699 (99%)], lr: ['1.00e-04'], loss: 0.265456
[2023-11-11 15:30:55,899][INFO][clas_trainer:63] - [epoch  27] execution time: 130.23s	metrics:
[2023-11-11 15:30:55,899][INFO][clas_evaluator:99] - dataset: earlystopping, avg f1-score: 0.7732
[2023-11-11 15:31:07,743][INFO][clas_trainer:133] - train epoch: 28 [5312/53699 (10%)], lr: ['1.00e-04'], loss: 0.202173
[2023-11-11 15:31:19,074][INFO][clas_trainer:133] - train epoch: 28 [10656/53699 (20%)], lr: ['1.00e-04'], loss: 0.432763
[2023-11-11 15:31:30,106][INFO][clas_trainer:133] - train epoch: 28 [16000/53699 (30%)], lr: ['1.00e-04'], loss: 0.212434
[2023-11-11 15:31:41,048][INFO][clas_trainer:133] - train epoch: 28 [21344/53699 (40%)], lr: ['1.00e-04'], loss: 0.172827
[2023-11-11 15:31:52,247][INFO][clas_trainer:133] - train epoch: 28 [26688/53699 (50%)], lr: ['1.00e-04'], loss: 0.267886
[2023-11-11 15:32:03,049][INFO][clas_trainer:133] - train epoch: 28 [32032/53699 (60%)], lr: ['1.00e-04'], loss: 0.171001
[2023-11-11 15:32:14,159][INFO][clas_trainer:133] - train epoch: 28 [37376/53699 (70%)], lr: ['1.00e-04'], loss: 0.207628
[2023-11-11 15:32:24,975][INFO][clas_trainer:133] - train epoch: 28 [42720/53699 (80%)], lr: ['1.00e-04'], loss: 0.369071
[2023-11-11 15:32:35,857][INFO][clas_trainer:133] - train epoch: 28 [48064/53699 (89%)], lr: ['1.00e-04'], loss: 0.483799
[2023-11-11 15:32:46,624][INFO][clas_trainer:133] - train epoch: 28 [53408/53699 (99%)], lr: ['1.00e-04'], loss: 0.337119
[2023-11-11 15:33:05,035][INFO][clas_trainer:63] - [epoch  28] execution time: 129.14s	metrics:
[2023-11-11 15:33:05,036][INFO][clas_evaluator:99] - dataset: earlystopping, avg f1-score: 0.7930
[2023-11-11 15:33:16,516][INFO][clas_trainer:133] - train epoch: 29 [5312/53699 (10%)], lr: ['1.00e-04'], loss: 0.196975
[2023-11-11 15:33:27,684][INFO][clas_trainer:133] - train epoch: 29 [10656/53699 (20%)], lr: ['1.00e-04'], loss: 0.141443
[2023-11-11 15:33:38,887][INFO][clas_trainer:133] - train epoch: 29 [16000/53699 (30%)], lr: ['1.00e-04'], loss: 0.555112
[2023-11-11 15:33:49,931][INFO][clas_trainer:133] - train epoch: 29 [21344/53699 (40%)], lr: ['1.00e-04'], loss: 0.364157
[2023-11-11 15:34:01,157][INFO][clas_trainer:133] - train epoch: 29 [26688/53699 (50%)], lr: ['1.00e-04'], loss: 0.383232
[2023-11-11 15:34:12,022][INFO][clas_trainer:133] - train epoch: 29 [32032/53699 (60%)], lr: ['1.00e-04'], loss: 0.117816
[2023-11-11 15:34:23,176][INFO][clas_trainer:133] - train epoch: 29 [37376/53699 (70%)], lr: ['1.00e-04'], loss: 0.426379
[2023-11-11 15:34:34,202][INFO][clas_trainer:133] - train epoch: 29 [42720/53699 (80%)], lr: ['1.00e-04'], loss: 0.261505
[2023-11-11 15:34:44,996][INFO][clas_trainer:133] - train epoch: 29 [48064/53699 (89%)], lr: ['1.00e-04'], loss: 0.518102
[2023-11-11 15:34:55,707][INFO][clas_trainer:133] - train epoch: 29 [53408/53699 (99%)], lr: ['1.00e-04'], loss: 0.307596
[2023-11-11 15:35:14,368][INFO][clas_trainer:63] - [epoch  29] execution time: 129.33s	metrics:
[2023-11-11 15:35:14,369][INFO][clas_evaluator:99] - dataset: earlystopping, avg f1-score: 0.7947
[2023-11-11 15:35:14,378][INFO][clas_trainer:79] - finished training
[2023-11-11 15:35:14,378][INFO][clas_trainer:80] - best model on epoch: 19 	f1-score: 0.7992
