[2023-10-18 18:36:32,188][INFO][fine-tune:29] - overrides:
hydra:
- hydra.mode=MULTIRUN
task:
- m_seed_path_sids={seeds:[14,14,14,14,14],path:"exp002b-m14-simple_multi_class-2023-10-17_12-41-35-final.pth",subject_ids:{dod_o_h:$\{data.dod_o_h.cv_5_fold.fold_5\}}}
- data.downstream.train_dataloader.dataset.data_reducer.n_epochs=-1
- data.downstream.train_dataloader.dataset.data_reducer.n_subjects=2

[2023-10-18 18:36:34,031][INFO][data_loaders:39] - class distribution before data reduction:
# samples per subject
02fb158a-a658-51ee-89cf-1e1dc2ebfde1: 861
03341d0d-5927-5838-8a5f-1b8ef39d8f57: 1063
039ce8ad-a7fa-5272-a3e3-1f4bfebdd087: 915
095d6e40-5f19-55b6-a0ec-6e0ad3793da0: 1192
0d79f4b1-e74f-5e87-8e42-f9dd7112ada5: 968
100df108-eb57-5eaa-a413-f7e4436a7895: 952
14c012bd-65b0-56f5-bc74-2dffcea69837: 969
16450f5a-9b65-5536-85e1-93816c8b89eb: 816
18482adf-1144-54ca-9e35-27f65c43a105: 824
18ede714-aba3-5ad8-bb1a-18fc9b1c4192: 995
1da3544e-dc5c-5795-adc3-f5068959211f: 955
2159377e-ebf3-5565-9014-1e2ae69dc1d2: 907
2e865ca9-e20f-5a6f-bd25-45d28cc9eab9: 950
32556393-bb57-560a-99e8-e09885219647: 1106
37d0da97-9ae8-5413-b889-4e843ff35488: 1011
3dd35e7b-d7e2-516d-8a85-e0d58a59569f: 1093
3e842aa8-bcd9-521e-93a2-72124233fe2c: 620
40e25dd4-6087-5747-b9c2-4838ada86b15: 1076
47f45aa2-31c4-595b-bdb6-f1348bba062b: 1032
4b72b905-5521-5c57-b666-e20ff9bb195f: 868
4e3c4ac4-69e2-5347-a3b0-662c204d259d: 926
5b94ec8a-c34d-5e45-84d1-bec2ea965609: 1090
5bf0f969-304c-581e-949c-50c108f62846: 947
67fa8e29-6f4d-530e-9422-bbc3aca86ed0: 1046
6e2aa933-c51c-5a31-8c7b-83da8d076a12: 905
730aba3b-e310-5be0-9eed-7c3123466834: 1120
742f1592-627c-54eb-bbb5-ccd55ffae33a: 975
769df255-2284-50b3-8917-2155c759fbbd: 929
79e8a04e-0fdd-53ae-bedc-d49d08e29103: 918
7d778801-88e7-5086-ad1d-70f31a371876: 999
83c1394e-9c69-5c11-9102-9ff8d59b1cfd: 1011
844f68ba-265e-53e6-bf47-6c85d1804a7b: 957
90aef91a-252f-5ccc-a82e-78ea7ee9ca1f: 1089
a0c91989-530f-5117-80c1-2488dbed683c: 1017
a25b2296-343b-53f6-8792-ada2669d466e: 1008
a6254c8a-f1b2-5736-b601-18245dd5e0a5: 1084
a65a9e69-cddf-5711-9a97-de8bfdeb08cc: 961
a79d1f0e-c133-5aa0-8268-cdcc05825f0f: 1046
aa160c78-6da3-5e05-8fc9-d6c13e9f97e0: 1010
aadc9e0c-b7c3-5a47-851d-f21971d10935: 969
ad47bc12-199c-5294-9cb8-4351bbbf7b5e: 893
b2d3ccdd-395c-5dd2-81d9-252bcfc0c337: 902
b3706da5-748b-5dd1-a552-f57e4456cdf6: 1041
b5d5785d-87ee-5078-b9b9-aac6abd4d8de: 918
bb474ab0-c2ce-573b-8acd-ef86b0fa26a2: 1142
c03e27b0-4cb5-584f-aaea-8f1e1ed6513c: 1121
c11c730f-0b6b-580b-af31-d8f0ebbbdfce: 917
c31a47f9-e400-5841-a22b-521c81042603: 986
c8110476-594c-533d-95bd-86147fccc987: 995
c985916d-46a5-5c3e-9d50-a5a91f460bac: 1024
cebd3520-4e77-5222-a614-d2888e6afc2b: 1109
d5181c33-a43b-5dfe-8ad7-0337facb092a: 977
e59c45e0-0c0c-565f-84a9-6cf0ec5ef6c1: 844
e6b7cbef-4c9d-5541-82e8-04810de0fb60: 819
e8ec8ec4-dc48-50ce-985a-a06d87861030: 975
eb95076c-c470-56a4-b788-ace310f061c6: 965

# samples per stage
0: 9856
1: 3075
2: 26718
3: 5997
4: 9162
[2023-10-18 18:36:34,172][INFO][data_loaders:43] - class distribution after data reduction:
# samples per subject
14c012bd-65b0-56f5-bc74-2dffcea69837: 26163
83c1394e-9c69-5c11-9102-9ff8d59b1cfd: 27297

# samples per stage
0: 5481
1: 4266
2: 27783
3: 5346
4: 10584
[2023-10-18 18:36:34,446][INFO][data_loaders:39] - class distribution before data reduction:
# samples per subject
0416d51f-5d69-5326-b74a-a2e31a96a1ef: 822
1fa6c401-d819-50f5-8146-a0bb9e2b2516: 986
22bea84c-5d23-5e49-bc2d-9764f883955b: 1048
25a6b2b0-4d09-561b-82c6-f09bb271d3be: 1063
a30245e3-4a71-565f-9636-92e7d2e825fc: 1122
a4568951-bf87-5bbc-bc4f-28e93c360be6: 975
b3534fa3-7676-50dc-8412-07f0eff4f7a9: 757
fc10ee0b-b863-511b-bce8-4dfa7af8ac3a: 910

# samples per stage
0: 1458
1: 408
2: 3702
3: 1050
4: 1065
[2023-10-18 18:36:34,463][INFO][data_loaders:43] - class distribution after data reduction:
# samples per subject
0416d51f-5d69-5326-b74a-a2e31a96a1ef: 822
1fa6c401-d819-50f5-8146-a0bb9e2b2516: 986
22bea84c-5d23-5e49-bc2d-9764f883955b: 1048
25a6b2b0-4d09-561b-82c6-f09bb271d3be: 1063
a30245e3-4a71-565f-9636-92e7d2e825fc: 1122
a4568951-bf87-5bbc-bc4f-28e93c360be6: 975
b3534fa3-7676-50dc-8412-07f0eff4f7a9: 757
fc10ee0b-b863-511b-bce8-4dfa7af8ac3a: 910

# samples per stage
0: 1458
1: 408
2: 3702
3: 1050
4: 1065
[2023-10-18 18:36:34,533][INFO][clas_trainer:49] - metrics before training (epoch 0):
[2023-10-18 18:36:49,147][INFO][clas_evaluator:99] - dataset: earlystopping, avg f1-score: 0.1135
[2023-10-18 18:36:58,873][INFO][clas_trainer:133] - train epoch: 1 [5312/53460 (10%)], lr: ['1.00e-04', '1.00e-04'], loss: 2.402202
[2023-10-18 18:37:08,095][INFO][clas_trainer:133] - train epoch: 1 [10656/53460 (20%)], lr: ['1.00e-04', '1.00e-04'], loss: 1.695368
[2023-10-18 18:37:17,423][INFO][clas_trainer:133] - train epoch: 1 [16000/53460 (30%)], lr: ['1.00e-04', '1.00e-04'], loss: 1.042329
[2023-10-18 18:37:26,535][INFO][clas_trainer:133] - train epoch: 1 [21344/53460 (40%)], lr: ['1.00e-04', '1.00e-04'], loss: 0.820042
[2023-10-18 18:37:35,550][INFO][clas_trainer:133] - train epoch: 1 [26688/53460 (50%)], lr: ['1.00e-04', '1.00e-04'], loss: 1.293833
[2023-10-18 18:37:44,593][INFO][clas_trainer:133] - train epoch: 1 [32032/53460 (60%)], lr: ['1.00e-04', '1.00e-04'], loss: 1.032737
[2023-10-18 18:37:53,527][INFO][clas_trainer:133] - train epoch: 1 [37376/53460 (70%)], lr: ['1.00e-04', '1.00e-04'], loss: 0.830538
[2023-10-18 18:38:02,496][INFO][clas_trainer:133] - train epoch: 1 [42720/53460 (80%)], lr: ['1.00e-04', '1.00e-04'], loss: 0.739996
[2023-10-18 18:38:11,461][INFO][clas_trainer:133] - train epoch: 1 [48064/53460 (90%)], lr: ['1.00e-04', '1.00e-04'], loss: 0.826036
[2023-10-18 18:38:20,310][INFO][clas_trainer:133] - train epoch: 1 [53408/53460 (100%)], lr: ['1.00e-04', '1.00e-04'], loss: 0.669295
[2023-10-18 18:38:35,482][INFO][clas_trainer:63] - [epoch   1] execution time: 106.34s	metrics:
[2023-10-18 18:38:35,483][INFO][clas_evaluator:99] - dataset: earlystopping, avg f1-score: 0.3259
[2023-10-18 18:38:35,538][INFO][base_model:51] - snapshot saved to ./models/exp002a-m351-base_fe_clas-2023-10-17_13-13-53-final.pth
[2023-10-18 18:38:45,132][INFO][clas_trainer:133] - train epoch: 2 [5312/53460 (10%)], lr: ['1.00e-04', '1.00e-04'], loss: 0.476527
[2023-10-18 18:38:54,214][INFO][clas_trainer:133] - train epoch: 2 [10656/53460 (20%)], lr: ['1.00e-04', '1.00e-04'], loss: 0.912896
[2023-10-18 18:39:03,200][INFO][clas_trainer:133] - train epoch: 2 [16000/53460 (30%)], lr: ['1.00e-04', '1.00e-04'], loss: 1.138733
[2023-10-18 18:39:12,315][INFO][clas_trainer:133] - train epoch: 2 [21344/53460 (40%)], lr: ['1.00e-04', '1.00e-04'], loss: 0.534834
[2023-10-18 18:39:21,361][INFO][clas_trainer:133] - train epoch: 2 [26688/53460 (50%)], lr: ['1.00e-04', '1.00e-04'], loss: 0.356306
[2023-10-18 18:39:30,499][INFO][clas_trainer:133] - train epoch: 2 [32032/53460 (60%)], lr: ['1.00e-04', '1.00e-04'], loss: 0.307772
[2023-10-18 18:39:39,495][INFO][clas_trainer:133] - train epoch: 2 [37376/53460 (70%)], lr: ['1.00e-04', '1.00e-04'], loss: 0.458598
[2023-10-18 18:39:48,531][INFO][clas_trainer:133] - train epoch: 2 [42720/53460 (80%)], lr: ['1.00e-04', '1.00e-04'], loss: 0.417168
[2023-10-18 18:39:57,429][INFO][clas_trainer:133] - train epoch: 2 [48064/53460 (90%)], lr: ['1.00e-04', '1.00e-04'], loss: 0.327378
[2023-10-18 18:40:06,361][INFO][clas_trainer:133] - train epoch: 2 [53408/53460 (100%)], lr: ['1.00e-04', '1.00e-04'], loss: 0.591315
[2023-10-18 18:40:21,466][INFO][clas_trainer:63] - [epoch   2] execution time: 105.93s	metrics:
[2023-10-18 18:40:21,466][INFO][clas_evaluator:99] - dataset: earlystopping, avg f1-score: 0.4027
[2023-10-18 18:40:21,522][INFO][base_model:51] - snapshot saved to ./models/exp002a-m351-base_fe_clas-2023-10-17_13-13-53-final.pth
[2023-10-18 18:40:31,157][INFO][clas_trainer:133] - train epoch: 3 [5312/53460 (10%)], lr: ['1.00e-04', '1.00e-04'], loss: 0.147885
[2023-10-18 18:40:40,107][INFO][clas_trainer:133] - train epoch: 3 [10656/53460 (20%)], lr: ['1.00e-04', '1.00e-04'], loss: 0.207579
[2023-10-18 18:40:49,277][INFO][clas_trainer:133] - train epoch: 3 [16000/53460 (30%)], lr: ['1.00e-04', '1.00e-04'], loss: 0.731151
[2023-10-18 18:40:58,216][INFO][clas_trainer:133] - train epoch: 3 [21344/53460 (40%)], lr: ['1.00e-04', '1.00e-04'], loss: 0.327159
[2023-10-18 18:41:07,326][INFO][clas_trainer:133] - train epoch: 3 [26688/53460 (50%)], lr: ['1.00e-04', '1.00e-04'], loss: 0.238296
[2023-10-18 18:41:16,259][INFO][clas_trainer:133] - train epoch: 3 [32032/53460 (60%)], lr: ['1.00e-04', '1.00e-04'], loss: 0.185103
[2023-10-18 18:41:25,342][INFO][clas_trainer:133] - train epoch: 3 [37376/53460 (70%)], lr: ['1.00e-04', '1.00e-04'], loss: 0.114561
[2023-10-18 18:41:34,282][INFO][clas_trainer:133] - train epoch: 3 [42720/53460 (80%)], lr: ['1.00e-04', '1.00e-04'], loss: 0.286065
[2023-10-18 18:41:43,315][INFO][clas_trainer:133] - train epoch: 3 [48064/53460 (90%)], lr: ['1.00e-04', '1.00e-04'], loss: 0.276573
[2023-10-18 18:41:52,552][INFO][clas_trainer:133] - train epoch: 3 [53408/53460 (100%)], lr: ['1.00e-04', '1.00e-04'], loss: 0.464100
[2023-10-18 18:42:07,575][INFO][clas_trainer:63] - [epoch   3] execution time: 106.05s	metrics:
[2023-10-18 18:42:07,575][INFO][clas_evaluator:99] - dataset: earlystopping, avg f1-score: 0.4131
[2023-10-18 18:42:07,631][INFO][base_model:51] - snapshot saved to ./models/exp002a-m351-base_fe_clas-2023-10-17_13-13-53-final.pth
[2023-10-18 18:42:17,276][INFO][clas_trainer:133] - train epoch: 4 [5312/53460 (10%)], lr: ['1.00e-04', '1.00e-04'], loss: 0.164505
[2023-10-18 18:42:26,485][INFO][clas_trainer:133] - train epoch: 4 [10656/53460 (20%)], lr: ['1.00e-04', '1.00e-04'], loss: 0.224672
[2023-10-18 18:42:35,559][INFO][clas_trainer:133] - train epoch: 4 [16000/53460 (30%)], lr: ['1.00e-04', '1.00e-04'], loss: 0.115849
[2023-10-18 18:42:44,474][INFO][clas_trainer:133] - train epoch: 4 [21344/53460 (40%)], lr: ['1.00e-04', '1.00e-04'], loss: 0.331712
[2023-10-18 18:42:53,520][INFO][clas_trainer:133] - train epoch: 4 [26688/53460 (50%)], lr: ['1.00e-04', '1.00e-04'], loss: 0.072398
[2023-10-18 18:43:02,738][INFO][clas_trainer:133] - train epoch: 4 [32032/53460 (60%)], lr: ['1.00e-04', '1.00e-04'], loss: 0.208519
[2023-10-18 18:43:11,641][INFO][clas_trainer:133] - train epoch: 4 [37376/53460 (70%)], lr: ['1.00e-04', '1.00e-04'], loss: 0.181620
[2023-10-18 18:43:20,637][INFO][clas_trainer:133] - train epoch: 4 [42720/53460 (80%)], lr: ['1.00e-04', '1.00e-04'], loss: 0.246790
[2023-10-18 18:43:29,672][INFO][clas_trainer:133] - train epoch: 4 [48064/53460 (90%)], lr: ['1.00e-04', '1.00e-04'], loss: 0.342090
[2023-10-18 18:43:38,838][INFO][clas_trainer:133] - train epoch: 4 [53408/53460 (100%)], lr: ['1.00e-04', '1.00e-04'], loss: 0.218218
[2023-10-18 18:43:53,674][INFO][clas_trainer:63] - [epoch   4] execution time: 106.04s	metrics:
[2023-10-18 18:43:53,674][INFO][clas_evaluator:99] - dataset: earlystopping, avg f1-score: 0.4617
[2023-10-18 18:43:53,729][INFO][base_model:51] - snapshot saved to ./models/exp002a-m351-base_fe_clas-2023-10-17_13-13-53-final.pth
[2023-10-18 18:44:03,405][INFO][clas_trainer:133] - train epoch: 5 [5312/53460 (10%)], lr: ['1.00e-04', '1.00e-04'], loss: 0.139944
[2023-10-18 18:44:12,772][INFO][clas_trainer:133] - train epoch: 5 [10656/53460 (20%)], lr: ['1.00e-04', '1.00e-04'], loss: 0.064434
[2023-10-18 18:44:21,803][INFO][clas_trainer:133] - train epoch: 5 [16000/53460 (30%)], lr: ['1.00e-04', '1.00e-04'], loss: 0.251656
[2023-10-18 18:44:30,969][INFO][clas_trainer:133] - train epoch: 5 [21344/53460 (40%)], lr: ['1.00e-04', '1.00e-04'], loss: 0.104828
[2023-10-18 18:44:40,316][INFO][clas_trainer:133] - train epoch: 5 [26688/53460 (50%)], lr: ['1.00e-04', '1.00e-04'], loss: 0.305451
[2023-10-18 18:44:49,398][INFO][clas_trainer:133] - train epoch: 5 [32032/53460 (60%)], lr: ['1.00e-04', '1.00e-04'], loss: 0.074358
[2023-10-18 18:44:58,205][INFO][clas_trainer:133] - train epoch: 5 [37376/53460 (70%)], lr: ['1.00e-04', '1.00e-04'], loss: 0.063905
[2023-10-18 18:45:07,104][INFO][clas_trainer:133] - train epoch: 5 [42720/53460 (80%)], lr: ['1.00e-04', '1.00e-04'], loss: 0.251819
[2023-10-18 18:45:16,131][INFO][clas_trainer:133] - train epoch: 5 [48064/53460 (90%)], lr: ['1.00e-04', '1.00e-04'], loss: 0.051952
[2023-10-18 18:45:25,091][INFO][clas_trainer:133] - train epoch: 5 [53408/53460 (100%)], lr: ['1.00e-04', '1.00e-04'], loss: 0.045394
[2023-10-18 18:45:40,072][INFO][clas_trainer:63] - [epoch   5] execution time: 106.34s	metrics:
[2023-10-18 18:45:40,072][INFO][clas_evaluator:99] - dataset: earlystopping, avg f1-score: 0.5120
[2023-10-18 18:45:40,128][INFO][base_model:51] - snapshot saved to ./models/exp002a-m351-base_fe_clas-2023-10-17_13-13-53-final.pth
[2023-10-18 18:45:49,921][INFO][clas_trainer:133] - train epoch: 6 [5312/53460 (10%)], lr: ['1.00e-04', '1.00e-04'], loss: 0.325805
[2023-10-18 18:45:58,899][INFO][clas_trainer:133] - train epoch: 6 [10656/53460 (20%)], lr: ['1.00e-04', '1.00e-04'], loss: 0.267721
[2023-10-18 18:46:07,988][INFO][clas_trainer:133] - train epoch: 6 [16000/53460 (30%)], lr: ['1.00e-04', '1.00e-04'], loss: 0.028626
[2023-10-18 18:46:17,160][INFO][clas_trainer:133] - train epoch: 6 [21344/53460 (40%)], lr: ['1.00e-04', '1.00e-04'], loss: 0.129914
[2023-10-18 18:46:26,160][INFO][clas_trainer:133] - train epoch: 6 [26688/53460 (50%)], lr: ['1.00e-04', '1.00e-04'], loss: 0.075910
[2023-10-18 18:46:35,170][INFO][clas_trainer:133] - train epoch: 6 [32032/53460 (60%)], lr: ['1.00e-04', '1.00e-04'], loss: 0.011187
[2023-10-18 18:46:44,325][INFO][clas_trainer:133] - train epoch: 6 [37376/53460 (70%)], lr: ['1.00e-04', '1.00e-04'], loss: 0.173195
[2023-10-18 18:46:53,590][INFO][clas_trainer:133] - train epoch: 6 [42720/53460 (80%)], lr: ['1.00e-04', '1.00e-04'], loss: 0.344039
[2023-10-18 18:47:02,606][INFO][clas_trainer:133] - train epoch: 6 [48064/53460 (90%)], lr: ['1.00e-04', '1.00e-04'], loss: 0.289576
[2023-10-18 18:47:11,693][INFO][clas_trainer:133] - train epoch: 6 [53408/53460 (100%)], lr: ['1.00e-04', '1.00e-04'], loss: 0.213819
[2023-10-18 18:47:26,800][INFO][clas_trainer:63] - [epoch   6] execution time: 106.67s	metrics:
[2023-10-18 18:47:26,800][INFO][clas_evaluator:99] - dataset: earlystopping, avg f1-score: 0.5179
[2023-10-18 18:47:26,856][INFO][base_model:51] - snapshot saved to ./models/exp002a-m351-base_fe_clas-2023-10-17_13-13-53-final.pth
[2023-10-18 18:47:36,325][INFO][clas_trainer:133] - train epoch: 7 [5312/53460 (10%)], lr: ['1.00e-04', '1.00e-04'], loss: 0.032013
[2023-10-18 18:47:45,447][INFO][clas_trainer:133] - train epoch: 7 [10656/53460 (20%)], lr: ['1.00e-04', '1.00e-04'], loss: 0.201894
[2023-10-18 18:47:54,430][INFO][clas_trainer:133] - train epoch: 7 [16000/53460 (30%)], lr: ['1.00e-04', '1.00e-04'], loss: 0.037738
[2023-10-18 18:48:03,451][INFO][clas_trainer:133] - train epoch: 7 [21344/53460 (40%)], lr: ['1.00e-04', '1.00e-04'], loss: 0.025433
[2023-10-18 18:48:12,337][INFO][clas_trainer:133] - train epoch: 7 [26688/53460 (50%)], lr: ['1.00e-04', '1.00e-04'], loss: 0.042640
[2023-10-18 18:48:21,299][INFO][clas_trainer:133] - train epoch: 7 [32032/53460 (60%)], lr: ['1.00e-04', '1.00e-04'], loss: 0.025533
[2023-10-18 18:48:30,466][INFO][clas_trainer:133] - train epoch: 7 [37376/53460 (70%)], lr: ['1.00e-04', '1.00e-04'], loss: 0.099120
[2023-10-18 18:48:39,800][INFO][clas_trainer:133] - train epoch: 7 [42720/53460 (80%)], lr: ['1.00e-04', '1.00e-04'], loss: 0.096222
[2023-10-18 18:48:48,864][INFO][clas_trainer:133] - train epoch: 7 [48064/53460 (90%)], lr: ['1.00e-04', '1.00e-04'], loss: 0.056987
[2023-10-18 18:48:57,861][INFO][clas_trainer:133] - train epoch: 7 [53408/53460 (100%)], lr: ['1.00e-04', '1.00e-04'], loss: 0.009537
[2023-10-18 18:49:12,976][INFO][clas_trainer:63] - [epoch   7] execution time: 106.12s	metrics:
[2023-10-18 18:49:12,976][INFO][clas_evaluator:99] - dataset: earlystopping, avg f1-score: 0.5452
[2023-10-18 18:49:13,032][INFO][base_model:51] - snapshot saved to ./models/exp002a-m351-base_fe_clas-2023-10-17_13-13-53-final.pth
[2023-10-18 18:49:22,552][INFO][clas_trainer:133] - train epoch: 8 [5312/53460 (10%)], lr: ['1.00e-04', '1.00e-04'], loss: 0.080011
[2023-10-18 18:49:31,640][INFO][clas_trainer:133] - train epoch: 8 [10656/53460 (20%)], lr: ['1.00e-04', '1.00e-04'], loss: 0.225954
[2023-10-18 18:49:40,988][INFO][clas_trainer:133] - train epoch: 8 [16000/53460 (30%)], lr: ['1.00e-04', '1.00e-04'], loss: 0.086332
[2023-10-18 18:49:49,888][INFO][clas_trainer:133] - train epoch: 8 [21344/53460 (40%)], lr: ['1.00e-04', '1.00e-04'], loss: 0.129078
[2023-10-18 18:49:58,816][INFO][clas_trainer:133] - train epoch: 8 [26688/53460 (50%)], lr: ['1.00e-04', '1.00e-04'], loss: 0.145285
[2023-10-18 18:50:07,772][INFO][clas_trainer:133] - train epoch: 8 [32032/53460 (60%)], lr: ['1.00e-04', '1.00e-04'], loss: 0.101910
[2023-10-18 18:50:17,053][INFO][clas_trainer:133] - train epoch: 8 [37376/53460 (70%)], lr: ['1.00e-04', '1.00e-04'], loss: 0.017985
[2023-10-18 18:50:26,237][INFO][clas_trainer:133] - train epoch: 8 [42720/53460 (80%)], lr: ['1.00e-04', '1.00e-04'], loss: 0.096114
[2023-10-18 18:50:35,173][INFO][clas_trainer:133] - train epoch: 8 [48064/53460 (90%)], lr: ['1.00e-04', '1.00e-04'], loss: 0.012473
[2023-10-18 18:50:44,145][INFO][clas_trainer:133] - train epoch: 8 [53408/53460 (100%)], lr: ['1.00e-04', '1.00e-04'], loss: 0.163235
[2023-10-18 18:50:59,357][INFO][clas_trainer:63] - [epoch   8] execution time: 106.32s	metrics:
[2023-10-18 18:50:59,357][INFO][clas_evaluator:99] - dataset: earlystopping, avg f1-score: 0.5918
[2023-10-18 18:50:59,417][INFO][base_model:51] - snapshot saved to ./models/exp002a-m351-base_fe_clas-2023-10-17_13-13-53-final.pth
[2023-10-18 18:51:08,960][INFO][clas_trainer:133] - train epoch: 9 [5312/53460 (10%)], lr: ['1.00e-04', '1.00e-04'], loss: 0.137464
[2023-10-18 18:51:18,256][INFO][clas_trainer:133] - train epoch: 9 [10656/53460 (20%)], lr: ['1.00e-04', '1.00e-04'], loss: 0.082063
[2023-10-18 18:51:27,245][INFO][clas_trainer:133] - train epoch: 9 [16000/53460 (30%)], lr: ['1.00e-04', '1.00e-04'], loss: 0.011832
[2023-10-18 18:51:36,088][INFO][clas_trainer:133] - train epoch: 9 [21344/53460 (40%)], lr: ['1.00e-04', '1.00e-04'], loss: 0.069861
[2023-10-18 18:51:45,107][INFO][clas_trainer:133] - train epoch: 9 [26688/53460 (50%)], lr: ['1.00e-04', '1.00e-04'], loss: 0.117628
[2023-10-18 18:51:54,208][INFO][clas_trainer:133] - train epoch: 9 [32032/53460 (60%)], lr: ['1.00e-04', '1.00e-04'], loss: 0.109083
[2023-10-18 18:52:03,296][INFO][clas_trainer:133] - train epoch: 9 [37376/53460 (70%)], lr: ['1.00e-04', '1.00e-04'], loss: 0.015095
[2023-10-18 18:52:12,298][INFO][clas_trainer:133] - train epoch: 9 [42720/53460 (80%)], lr: ['1.00e-04', '1.00e-04'], loss: 0.072019
[2023-10-18 18:52:21,400][INFO][clas_trainer:133] - train epoch: 9 [48064/53460 (90%)], lr: ['1.00e-04', '1.00e-04'], loss: 0.150777
[2023-10-18 18:52:30,513][INFO][clas_trainer:133] - train epoch: 9 [53408/53460 (100%)], lr: ['1.00e-04', '1.00e-04'], loss: 0.079273
[2023-10-18 18:52:45,574][INFO][clas_trainer:63] - [epoch   9] execution time: 106.16s	metrics:
[2023-10-18 18:52:45,574][INFO][clas_evaluator:99] - dataset: earlystopping, avg f1-score: 0.6181
[2023-10-18 18:52:45,630][INFO][base_model:51] - snapshot saved to ./models/exp002a-m351-base_fe_clas-2023-10-17_13-13-53-final.pth
[2023-10-18 18:52:55,141][INFO][clas_trainer:133] - train epoch: 10 [5312/53460 (10%)], lr: ['1.00e-04', '1.00e-04'], loss: 0.097011
[2023-10-18 18:53:04,486][INFO][clas_trainer:133] - train epoch: 10 [10656/53460 (20%)], lr: ['1.00e-04', '1.00e-04'], loss: 0.021303
[2023-10-18 18:53:13,386][INFO][clas_trainer:133] - train epoch: 10 [16000/53460 (30%)], lr: ['1.00e-04', '1.00e-04'], loss: 0.017116
[2023-10-18 18:53:22,375][INFO][clas_trainer:133] - train epoch: 10 [21344/53460 (40%)], lr: ['1.00e-04', '1.00e-04'], loss: 0.053856
[2023-10-18 18:53:31,361][INFO][clas_trainer:133] - train epoch: 10 [26688/53460 (50%)], lr: ['1.00e-04', '1.00e-04'], loss: 0.001161
[2023-10-18 18:53:40,375][INFO][clas_trainer:133] - train epoch: 10 [32032/53460 (60%)], lr: ['1.00e-04', '1.00e-04'], loss: 0.060767
[2023-10-18 18:53:49,405][INFO][clas_trainer:133] - train epoch: 10 [37376/53460 (70%)], lr: ['1.00e-04', '1.00e-04'], loss: 0.004246
[2023-10-18 18:53:58,401][INFO][clas_trainer:133] - train epoch: 10 [42720/53460 (80%)], lr: ['1.00e-04', '1.00e-04'], loss: 0.012737
[2023-10-18 18:54:07,412][INFO][clas_trainer:133] - train epoch: 10 [48064/53460 (90%)], lr: ['1.00e-04', '1.00e-04'], loss: 0.020575
[2023-10-18 18:54:16,558][INFO][clas_trainer:133] - train epoch: 10 [53408/53460 (100%)], lr: ['1.00e-04', '1.00e-04'], loss: 0.128139
[2023-10-18 18:54:31,366][INFO][clas_trainer:63] - [epoch  10] execution time: 105.74s	metrics:
[2023-10-18 18:54:31,366][INFO][clas_evaluator:99] - dataset: earlystopping, avg f1-score: 0.6028
[2023-10-18 18:54:41,083][INFO][clas_trainer:133] - train epoch: 11 [5312/53460 (10%)], lr: ['1.00e-04', '1.00e-04'], loss: 0.068042
[2023-10-18 18:54:50,233][INFO][clas_trainer:133] - train epoch: 11 [10656/53460 (20%)], lr: ['1.00e-04', '1.00e-04'], loss: 0.009450
[2023-10-18 18:54:59,305][INFO][clas_trainer:133] - train epoch: 11 [16000/53460 (30%)], lr: ['1.00e-04', '1.00e-04'], loss: 0.039332
[2023-10-18 18:55:08,664][INFO][clas_trainer:133] - train epoch: 11 [21344/53460 (40%)], lr: ['1.00e-04', '1.00e-04'], loss: 0.001300
[2023-10-18 18:55:17,753][INFO][clas_trainer:133] - train epoch: 11 [26688/53460 (50%)], lr: ['1.00e-04', '1.00e-04'], loss: 0.012400
[2023-10-18 18:55:26,758][INFO][clas_trainer:133] - train epoch: 11 [32032/53460 (60%)], lr: ['1.00e-04', '1.00e-04'], loss: 0.018735
[2023-10-18 18:55:35,803][INFO][clas_trainer:133] - train epoch: 11 [37376/53460 (70%)], lr: ['1.00e-04', '1.00e-04'], loss: 0.005671
[2023-10-18 18:55:44,962][INFO][clas_trainer:133] - train epoch: 11 [42720/53460 (80%)], lr: ['1.00e-04', '1.00e-04'], loss: 0.005249
[2023-10-18 18:55:54,025][INFO][clas_trainer:133] - train epoch: 11 [48064/53460 (90%)], lr: ['1.00e-04', '1.00e-04'], loss: 0.018611
[2023-10-18 18:56:03,173][INFO][clas_trainer:133] - train epoch: 11 [53408/53460 (100%)], lr: ['1.00e-04', '1.00e-04'], loss: 0.003167
[2023-10-18 18:56:18,245][INFO][clas_trainer:63] - [epoch  11] execution time: 106.88s	metrics:
[2023-10-18 18:56:18,245][INFO][clas_evaluator:99] - dataset: earlystopping, avg f1-score: 0.6348
[2023-10-18 18:56:18,301][INFO][base_model:51] - snapshot saved to ./models/exp002a-m351-base_fe_clas-2023-10-17_13-13-53-final.pth
[2023-10-18 18:56:27,812][INFO][clas_trainer:133] - train epoch: 12 [5312/53460 (10%)], lr: ['1.00e-04', '1.00e-04'], loss: 0.077893
[2023-10-18 18:56:36,996][INFO][clas_trainer:133] - train epoch: 12 [10656/53460 (20%)], lr: ['1.00e-04', '1.00e-04'], loss: 0.150689
[2023-10-18 18:56:46,156][INFO][clas_trainer:133] - train epoch: 12 [16000/53460 (30%)], lr: ['1.00e-04', '1.00e-04'], loss: 0.014784
[2023-10-18 18:56:55,292][INFO][clas_trainer:133] - train epoch: 12 [21344/53460 (40%)], lr: ['1.00e-04', '1.00e-04'], loss: 0.031770
[2023-10-18 18:57:04,354][INFO][clas_trainer:133] - train epoch: 12 [26688/53460 (50%)], lr: ['1.00e-04', '1.00e-04'], loss: 0.046529
[2023-10-18 18:57:13,464][INFO][clas_trainer:133] - train epoch: 12 [32032/53460 (60%)], lr: ['1.00e-04', '1.00e-04'], loss: 0.003850
[2023-10-18 18:57:22,533][INFO][clas_trainer:133] - train epoch: 12 [37376/53460 (70%)], lr: ['1.00e-04', '1.00e-04'], loss: 0.047924
[2023-10-18 18:57:31,751][INFO][clas_trainer:133] - train epoch: 12 [42720/53460 (80%)], lr: ['1.00e-04', '1.00e-04'], loss: 0.018819
[2023-10-18 18:57:40,806][INFO][clas_trainer:133] - train epoch: 12 [48064/53460 (90%)], lr: ['1.00e-04', '1.00e-04'], loss: 0.172372
[2023-10-18 18:57:49,975][INFO][clas_trainer:133] - train epoch: 12 [53408/53460 (100%)], lr: ['1.00e-04', '1.00e-04'], loss: 0.003183
[2023-10-18 18:58:04,862][INFO][clas_trainer:63] - [epoch  12] execution time: 106.56s	metrics:
[2023-10-18 18:58:04,862][INFO][clas_evaluator:99] - dataset: earlystopping, avg f1-score: 0.6560
[2023-10-18 18:58:04,918][INFO][base_model:51] - snapshot saved to ./models/exp002a-m351-base_fe_clas-2023-10-17_13-13-53-final.pth
[2023-10-18 18:58:14,501][INFO][clas_trainer:133] - train epoch: 13 [5312/53460 (10%)], lr: ['1.00e-04', '1.00e-04'], loss: 0.043738
[2023-10-18 18:58:23,697][INFO][clas_trainer:133] - train epoch: 13 [10656/53460 (20%)], lr: ['1.00e-04', '1.00e-04'], loss: 0.098363
[2023-10-18 18:58:32,891][INFO][clas_trainer:133] - train epoch: 13 [16000/53460 (30%)], lr: ['1.00e-04', '1.00e-04'], loss: 0.020639
[2023-10-18 18:58:41,737][INFO][clas_trainer:133] - train epoch: 13 [21344/53460 (40%)], lr: ['1.00e-04', '1.00e-04'], loss: 0.010464
[2023-10-18 18:58:50,693][INFO][clas_trainer:133] - train epoch: 13 [26688/53460 (50%)], lr: ['1.00e-04', '1.00e-04'], loss: 0.003469
[2023-10-18 18:58:59,589][INFO][clas_trainer:133] - train epoch: 13 [32032/53460 (60%)], lr: ['1.00e-04', '1.00e-04'], loss: 0.033759
[2023-10-18 18:59:08,681][INFO][clas_trainer:133] - train epoch: 13 [37376/53460 (70%)], lr: ['1.00e-04', '1.00e-04'], loss: 0.057814
[2023-10-18 18:59:17,712][INFO][clas_trainer:133] - train epoch: 13 [42720/53460 (80%)], lr: ['1.00e-04', '1.00e-04'], loss: 0.006336
[2023-10-18 18:59:26,682][INFO][clas_trainer:133] - train epoch: 13 [48064/53460 (90%)], lr: ['1.00e-04', '1.00e-04'], loss: 0.002834
[2023-10-18 18:59:35,703][INFO][clas_trainer:133] - train epoch: 13 [53408/53460 (100%)], lr: ['1.00e-04', '1.00e-04'], loss: 0.008009
[2023-10-18 18:59:50,694][INFO][clas_trainer:63] - [epoch  13] execution time: 105.78s	metrics:
[2023-10-18 18:59:50,694][INFO][clas_evaluator:99] - dataset: earlystopping, avg f1-score: 0.6666
[2023-10-18 18:59:50,749][INFO][base_model:51] - snapshot saved to ./models/exp002a-m351-base_fe_clas-2023-10-17_13-13-53-final.pth
[2023-10-18 19:00:00,315][INFO][clas_trainer:133] - train epoch: 14 [5312/53460 (10%)], lr: ['1.00e-04', '1.00e-04'], loss: 0.000648
[2023-10-18 19:00:09,692][INFO][clas_trainer:133] - train epoch: 14 [10656/53460 (20%)], lr: ['1.00e-04', '1.00e-04'], loss: 0.023502
[2023-10-18 19:00:18,569][INFO][clas_trainer:133] - train epoch: 14 [16000/53460 (30%)], lr: ['1.00e-04', '1.00e-04'], loss: 0.018331
[2023-10-18 19:00:27,522][INFO][clas_trainer:133] - train epoch: 14 [21344/53460 (40%)], lr: ['1.00e-04', '1.00e-04'], loss: 0.056092
[2023-10-18 19:00:36,442][INFO][clas_trainer:133] - train epoch: 14 [26688/53460 (50%)], lr: ['1.00e-04', '1.00e-04'], loss: 0.155805
[2023-10-18 19:00:45,545][INFO][clas_trainer:133] - train epoch: 14 [32032/53460 (60%)], lr: ['1.00e-04', '1.00e-04'], loss: 0.020927
[2023-10-18 19:00:54,552][INFO][clas_trainer:133] - train epoch: 14 [37376/53460 (70%)], lr: ['1.00e-04', '1.00e-04'], loss: 0.030120
[2023-10-18 19:01:03,541][INFO][clas_trainer:133] - train epoch: 14 [42720/53460 (80%)], lr: ['1.00e-04', '1.00e-04'], loss: 0.006202
[2023-10-18 19:01:12,589][INFO][clas_trainer:133] - train epoch: 14 [48064/53460 (90%)], lr: ['1.00e-04', '1.00e-04'], loss: 0.004109
[2023-10-18 19:01:21,672][INFO][clas_trainer:133] - train epoch: 14 [53408/53460 (100%)], lr: ['1.00e-04', '1.00e-04'], loss: 0.004774
[2023-10-18 19:01:36,560][INFO][clas_trainer:63] - [epoch  14] execution time: 105.81s	metrics:
[2023-10-18 19:01:36,560][INFO][clas_evaluator:99] - dataset: earlystopping, avg f1-score: 0.6799
[2023-10-18 19:01:36,615][INFO][base_model:51] - snapshot saved to ./models/exp002a-m351-base_fe_clas-2023-10-17_13-13-53-final.pth
[2023-10-18 19:01:46,336][INFO][clas_trainer:133] - train epoch: 15 [5312/53460 (10%)], lr: ['1.00e-04', '1.00e-04'], loss: 0.024012
[2023-10-18 19:01:55,427][INFO][clas_trainer:133] - train epoch: 15 [10656/53460 (20%)], lr: ['1.00e-04', '1.00e-04'], loss: 0.008691
[2023-10-18 19:02:04,447][INFO][clas_trainer:133] - train epoch: 15 [16000/53460 (30%)], lr: ['1.00e-04', '1.00e-04'], loss: 0.000918
[2023-10-18 19:02:13,307][INFO][clas_trainer:133] - train epoch: 15 [21344/53460 (40%)], lr: ['1.00e-04', '1.00e-04'], loss: 0.001058
[2023-10-18 19:02:22,497][INFO][clas_trainer:133] - train epoch: 15 [26688/53460 (50%)], lr: ['1.00e-04', '1.00e-04'], loss: 0.048982
[2023-10-18 19:02:31,536][INFO][clas_trainer:133] - train epoch: 15 [32032/53460 (60%)], lr: ['1.00e-04', '1.00e-04'], loss: 0.017591
[2023-10-18 19:02:40,603][INFO][clas_trainer:133] - train epoch: 15 [37376/53460 (70%)], lr: ['1.00e-04', '1.00e-04'], loss: 0.011091
[2023-10-18 19:02:49,432][INFO][clas_trainer:133] - train epoch: 15 [42720/53460 (80%)], lr: ['1.00e-04', '1.00e-04'], loss: 0.073953
[2023-10-18 19:02:58,534][INFO][clas_trainer:133] - train epoch: 15 [48064/53460 (90%)], lr: ['1.00e-04', '1.00e-04'], loss: 0.222768
[2023-10-18 19:03:07,549][INFO][clas_trainer:133] - train epoch: 15 [53408/53460 (100%)], lr: ['1.00e-04', '1.00e-04'], loss: 0.018378
[2023-10-18 19:03:22,470][INFO][clas_trainer:63] - [epoch  15] execution time: 105.85s	metrics:
[2023-10-18 19:03:22,470][INFO][clas_evaluator:99] - dataset: earlystopping, avg f1-score: 0.6625
[2023-10-18 19:03:32,205][INFO][clas_trainer:133] - train epoch: 16 [5312/53460 (10%)], lr: ['1.00e-04', '1.00e-04'], loss: 0.006057
[2023-10-18 19:03:41,117][INFO][clas_trainer:133] - train epoch: 16 [10656/53460 (20%)], lr: ['1.00e-04', '1.00e-04'], loss: 0.039148
[2023-10-18 19:03:50,093][INFO][clas_trainer:133] - train epoch: 16 [16000/53460 (30%)], lr: ['1.00e-04', '1.00e-04'], loss: 0.015264
[2023-10-18 19:03:59,258][INFO][clas_trainer:133] - train epoch: 16 [21344/53460 (40%)], lr: ['1.00e-04', '1.00e-04'], loss: 0.063578
[2023-10-18 19:04:08,580][INFO][clas_trainer:133] - train epoch: 16 [26688/53460 (50%)], lr: ['1.00e-04', '1.00e-04'], loss: 0.005508
[2023-10-18 19:04:17,439][INFO][clas_trainer:133] - train epoch: 16 [32032/53460 (60%)], lr: ['1.00e-04', '1.00e-04'], loss: 0.002624
[2023-10-18 19:04:26,373][INFO][clas_trainer:133] - train epoch: 16 [37376/53460 (70%)], lr: ['1.00e-04', '1.00e-04'], loss: 0.002312
[2023-10-18 19:04:35,422][INFO][clas_trainer:133] - train epoch: 16 [42720/53460 (80%)], lr: ['1.00e-04', '1.00e-04'], loss: 0.061650
[2023-10-18 19:04:44,531][INFO][clas_trainer:133] - train epoch: 16 [48064/53460 (90%)], lr: ['1.00e-04', '1.00e-04'], loss: 0.004203
[2023-10-18 19:04:53,779][INFO][clas_trainer:133] - train epoch: 16 [53408/53460 (100%)], lr: ['1.00e-04', '1.00e-04'], loss: 0.023325
[2023-10-18 19:05:08,737][INFO][clas_trainer:63] - [epoch  16] execution time: 106.27s	metrics:
[2023-10-18 19:05:08,737][INFO][clas_evaluator:99] - dataset: earlystopping, avg f1-score: 0.6297
[2023-10-18 19:05:18,435][INFO][clas_trainer:133] - train epoch: 17 [5312/53460 (10%)], lr: ['1.00e-04', '1.00e-04'], loss: 0.075988
[2023-10-18 19:05:27,508][INFO][clas_trainer:133] - train epoch: 17 [10656/53460 (20%)], lr: ['1.00e-04', '1.00e-04'], loss: 0.003144
[2023-10-18 19:05:36,583][INFO][clas_trainer:133] - train epoch: 17 [16000/53460 (30%)], lr: ['1.00e-04', '1.00e-04'], loss: 0.012708
[2023-10-18 19:05:45,608][INFO][clas_trainer:133] - train epoch: 17 [21344/53460 (40%)], lr: ['1.00e-04', '1.00e-04'], loss: 0.059243
[2023-10-18 19:05:54,620][INFO][clas_trainer:133] - train epoch: 17 [26688/53460 (50%)], lr: ['1.00e-04', '1.00e-04'], loss: 0.000978
[2023-10-18 19:06:03,553][INFO][clas_trainer:133] - train epoch: 17 [32032/53460 (60%)], lr: ['1.00e-04', '1.00e-04'], loss: 0.004133
[2023-10-18 19:06:12,512][INFO][clas_trainer:133] - train epoch: 17 [37376/53460 (70%)], lr: ['1.00e-04', '1.00e-04'], loss: 0.005372
[2023-10-18 19:06:21,725][INFO][clas_trainer:133] - train epoch: 17 [42720/53460 (80%)], lr: ['1.00e-04', '1.00e-04'], loss: 0.014270
[2023-10-18 19:06:30,700][INFO][clas_trainer:133] - train epoch: 17 [48064/53460 (90%)], lr: ['1.00e-04', '1.00e-04'], loss: 0.060205
[2023-10-18 19:06:39,676][INFO][clas_trainer:133] - train epoch: 17 [53408/53460 (100%)], lr: ['1.00e-04', '1.00e-04'], loss: 0.003137
[2023-10-18 19:06:54,759][INFO][clas_trainer:63] - [epoch  17] execution time: 106.02s	metrics:
[2023-10-18 19:06:54,759][INFO][clas_evaluator:99] - dataset: earlystopping, avg f1-score: 0.6556
[2023-10-18 19:07:04,214][INFO][clas_trainer:133] - train epoch: 18 [5312/53460 (10%)], lr: ['1.00e-04', '1.00e-04'], loss: 0.000565
[2023-10-18 19:07:13,183][INFO][clas_trainer:133] - train epoch: 18 [10656/53460 (20%)], lr: ['1.00e-04', '1.00e-04'], loss: 0.003670
[2023-10-18 19:07:22,249][INFO][clas_trainer:133] - train epoch: 18 [16000/53460 (30%)], lr: ['1.00e-04', '1.00e-04'], loss: 0.000947
[2023-10-18 19:07:31,312][INFO][clas_trainer:133] - train epoch: 18 [21344/53460 (40%)], lr: ['1.00e-04', '1.00e-04'], loss: 0.004161
[2023-10-18 19:07:40,404][INFO][clas_trainer:133] - train epoch: 18 [26688/53460 (50%)], lr: ['1.00e-04', '1.00e-04'], loss: 0.002131
[2023-10-18 19:07:49,591][INFO][clas_trainer:133] - train epoch: 18 [32032/53460 (60%)], lr: ['1.00e-04', '1.00e-04'], loss: 0.004909
[2023-10-18 19:07:58,685][INFO][clas_trainer:133] - train epoch: 18 [37376/53460 (70%)], lr: ['1.00e-04', '1.00e-04'], loss: 0.000670
[2023-10-18 19:08:07,469][INFO][clas_trainer:133] - train epoch: 18 [42720/53460 (80%)], lr: ['1.00e-04', '1.00e-04'], loss: 0.001036
[2023-10-18 19:08:16,465][INFO][clas_trainer:133] - train epoch: 18 [48064/53460 (90%)], lr: ['1.00e-04', '1.00e-04'], loss: 0.001972
[2023-10-18 19:08:25,772][INFO][clas_trainer:133] - train epoch: 18 [53408/53460 (100%)], lr: ['1.00e-04', '1.00e-04'], loss: 0.005179
[2023-10-18 19:08:40,517][INFO][clas_trainer:63] - [epoch  18] execution time: 105.76s	metrics:
[2023-10-18 19:08:40,517][INFO][clas_evaluator:99] - dataset: earlystopping, avg f1-score: 0.6512
[2023-10-18 19:08:50,080][INFO][clas_trainer:133] - train epoch: 19 [5312/53460 (10%)], lr: ['1.00e-04', '1.00e-04'], loss: 0.001596
[2023-10-18 19:08:59,272][INFO][clas_trainer:133] - train epoch: 19 [10656/53460 (20%)], lr: ['1.00e-04', '1.00e-04'], loss: 0.006905
[2023-10-18 19:09:08,466][INFO][clas_trainer:133] - train epoch: 19 [16000/53460 (30%)], lr: ['1.00e-04', '1.00e-04'], loss: 0.011693
[2023-10-18 19:09:17,647][INFO][clas_trainer:133] - train epoch: 19 [21344/53460 (40%)], lr: ['1.00e-04', '1.00e-04'], loss: 0.003216
[2023-10-18 19:09:26,944][INFO][clas_trainer:133] - train epoch: 19 [26688/53460 (50%)], lr: ['1.00e-04', '1.00e-04'], loss: 0.010650
[2023-10-18 19:09:36,079][INFO][clas_trainer:133] - train epoch: 19 [32032/53460 (60%)], lr: ['1.00e-04', '1.00e-04'], loss: 0.000448
[2023-10-18 19:09:45,138][INFO][clas_trainer:133] - train epoch: 19 [37376/53460 (70%)], lr: ['1.00e-04', '1.00e-04'], loss: 0.016718
[2023-10-18 19:09:54,293][INFO][clas_trainer:133] - train epoch: 19 [42720/53460 (80%)], lr: ['1.00e-04', '1.00e-04'], loss: 0.013163
[2023-10-18 19:10:03,246][INFO][clas_trainer:133] - train epoch: 19 [48064/53460 (90%)], lr: ['1.00e-04', '1.00e-04'], loss: 0.002511
[2023-10-18 19:10:12,609][INFO][clas_trainer:133] - train epoch: 19 [53408/53460 (100%)], lr: ['1.00e-04', '1.00e-04'], loss: 0.006404
[2023-10-18 19:10:27,603][INFO][clas_trainer:63] - [epoch  19] execution time: 107.09s	metrics:
[2023-10-18 19:10:27,604][INFO][clas_evaluator:99] - dataset: earlystopping, avg f1-score: 0.6486
[2023-10-18 19:10:37,270][INFO][clas_trainer:133] - train epoch: 20 [5312/53460 (10%)], lr: ['1.00e-04', '1.00e-04'], loss: 0.045614
[2023-10-18 19:10:46,672][INFO][clas_trainer:133] - train epoch: 20 [10656/53460 (20%)], lr: ['1.00e-04', '1.00e-04'], loss: 0.004498
[2023-10-18 19:10:55,785][INFO][clas_trainer:133] - train epoch: 20 [16000/53460 (30%)], lr: ['1.00e-04', '1.00e-04'], loss: 0.004105
[2023-10-18 19:11:04,918][INFO][clas_trainer:133] - train epoch: 20 [21344/53460 (40%)], lr: ['1.00e-04', '1.00e-04'], loss: 0.001838
[2023-10-18 19:11:14,175][INFO][clas_trainer:133] - train epoch: 20 [26688/53460 (50%)], lr: ['1.00e-04', '1.00e-04'], loss: 0.000369
[2023-10-18 19:11:23,307][INFO][clas_trainer:133] - train epoch: 20 [32032/53460 (60%)], lr: ['1.00e-04', '1.00e-04'], loss: 0.002250
[2023-10-18 19:11:32,210][INFO][clas_trainer:133] - train epoch: 20 [37376/53460 (70%)], lr: ['1.00e-04', '1.00e-04'], loss: 0.001839
[2023-10-18 19:11:41,226][INFO][clas_trainer:133] - train epoch: 20 [42720/53460 (80%)], lr: ['1.00e-04', '1.00e-04'], loss: 0.004678
[2023-10-18 19:11:50,400][INFO][clas_trainer:133] - train epoch: 20 [48064/53460 (90%)], lr: ['1.00e-04', '1.00e-04'], loss: 0.000121
[2023-10-18 19:11:59,256][INFO][clas_trainer:133] - train epoch: 20 [53408/53460 (100%)], lr: ['1.00e-04', '1.00e-04'], loss: 0.012128
[2023-10-18 19:12:14,201][INFO][clas_trainer:63] - [epoch  20] execution time: 106.60s	metrics:
[2023-10-18 19:12:14,202][INFO][clas_evaluator:99] - dataset: earlystopping, avg f1-score: 0.6808
[2023-10-18 19:12:14,258][INFO][base_model:51] - snapshot saved to ./models/exp002a-m351-base_fe_clas-2023-10-17_13-13-53-final.pth
[2023-10-18 19:12:23,770][INFO][clas_trainer:133] - train epoch: 21 [5312/53460 (10%)], lr: ['1.00e-04', '1.00e-04'], loss: 0.020981
[2023-10-18 19:12:32,927][INFO][clas_trainer:133] - train epoch: 21 [10656/53460 (20%)], lr: ['1.00e-04', '1.00e-04'], loss: 0.003524
[2023-10-18 19:12:41,823][INFO][clas_trainer:133] - train epoch: 21 [16000/53460 (30%)], lr: ['1.00e-04', '1.00e-04'], loss: 0.002646
[2023-10-18 19:12:50,994][INFO][clas_trainer:133] - train epoch: 21 [21344/53460 (40%)], lr: ['1.00e-04', '1.00e-04'], loss: 0.001179
[2023-10-18 19:13:00,119][INFO][clas_trainer:133] - train epoch: 21 [26688/53460 (50%)], lr: ['1.00e-04', '1.00e-04'], loss: 0.048300
[2023-10-18 19:13:09,369][INFO][clas_trainer:133] - train epoch: 21 [32032/53460 (60%)], lr: ['1.00e-04', '1.00e-04'], loss: 0.000198
[2023-10-18 19:13:18,316][INFO][clas_trainer:133] - train epoch: 21 [37376/53460 (70%)], lr: ['1.00e-04', '1.00e-04'], loss: 0.000466
[2023-10-18 19:13:27,529][INFO][clas_trainer:133] - train epoch: 21 [42720/53460 (80%)], lr: ['1.00e-04', '1.00e-04'], loss: 0.000099
[2023-10-18 19:13:36,495][INFO][clas_trainer:133] - train epoch: 21 [48064/53460 (90%)], lr: ['1.00e-04', '1.00e-04'], loss: 0.002563
[2023-10-18 19:13:45,454][INFO][clas_trainer:133] - train epoch: 21 [53408/53460 (100%)], lr: ['1.00e-04', '1.00e-04'], loss: 0.004308
[2023-10-18 19:14:00,278][INFO][clas_trainer:63] - [epoch  21] execution time: 106.02s	metrics:
[2023-10-18 19:14:00,278][INFO][clas_evaluator:99] - dataset: earlystopping, avg f1-score: 0.7167
[2023-10-18 19:14:00,334][INFO][base_model:51] - snapshot saved to ./models/exp002a-m351-base_fe_clas-2023-10-17_13-13-53-final.pth
[2023-10-18 19:14:09,816][INFO][clas_trainer:133] - train epoch: 22 [5312/53460 (10%)], lr: ['1.00e-04', '1.00e-04'], loss: 0.000260
[2023-10-18 19:14:18,945][INFO][clas_trainer:133] - train epoch: 22 [10656/53460 (20%)], lr: ['1.00e-04', '1.00e-04'], loss: 0.010016
[2023-10-18 19:14:28,112][INFO][clas_trainer:133] - train epoch: 22 [16000/53460 (30%)], lr: ['1.00e-04', '1.00e-04'], loss: 0.001056
[2023-10-18 19:14:37,349][INFO][clas_trainer:133] - train epoch: 22 [21344/53460 (40%)], lr: ['1.00e-04', '1.00e-04'], loss: 0.002165
[2023-10-18 19:14:46,306][INFO][clas_trainer:133] - train epoch: 22 [26688/53460 (50%)], lr: ['1.00e-04', '1.00e-04'], loss: 0.054565
[2023-10-18 19:14:55,074][INFO][clas_trainer:133] - train epoch: 22 [32032/53460 (60%)], lr: ['1.00e-04', '1.00e-04'], loss: 0.003119
[2023-10-18 19:15:03,958][INFO][clas_trainer:133] - train epoch: 22 [37376/53460 (70%)], lr: ['1.00e-04', '1.00e-04'], loss: 0.005817
[2023-10-18 19:15:13,267][INFO][clas_trainer:133] - train epoch: 22 [42720/53460 (80%)], lr: ['1.00e-04', '1.00e-04'], loss: 0.011000
[2023-10-18 19:15:22,389][INFO][clas_trainer:133] - train epoch: 22 [48064/53460 (90%)], lr: ['1.00e-04', '1.00e-04'], loss: 0.001993
[2023-10-18 19:15:31,541][INFO][clas_trainer:133] - train epoch: 22 [53408/53460 (100%)], lr: ['1.00e-04', '1.00e-04'], loss: 0.002201
[2023-10-18 19:15:46,730][INFO][clas_trainer:63] - [epoch  22] execution time: 106.40s	metrics:
[2023-10-18 19:15:46,731][INFO][clas_evaluator:99] - dataset: earlystopping, avg f1-score: 0.6620
[2023-10-18 19:15:56,298][INFO][clas_trainer:133] - train epoch: 23 [5312/53460 (10%)], lr: ['1.00e-04', '1.00e-04'], loss: 0.069614
[2023-10-18 19:16:05,396][INFO][clas_trainer:133] - train epoch: 23 [10656/53460 (20%)], lr: ['1.00e-04', '1.00e-04'], loss: 0.118630
[2023-10-18 19:16:14,471][INFO][clas_trainer:133] - train epoch: 23 [16000/53460 (30%)], lr: ['1.00e-04', '1.00e-04'], loss: 0.000582
[2023-10-18 19:16:23,511][INFO][clas_trainer:133] - train epoch: 23 [21344/53460 (40%)], lr: ['1.00e-04', '1.00e-04'], loss: 0.004617
[2023-10-18 19:16:32,446][INFO][clas_trainer:133] - train epoch: 23 [26688/53460 (50%)], lr: ['1.00e-04', '1.00e-04'], loss: 0.003234
[2023-10-18 19:16:41,403][INFO][clas_trainer:133] - train epoch: 23 [32032/53460 (60%)], lr: ['1.00e-04', '1.00e-04'], loss: 0.002419
[2023-10-18 19:16:50,659][INFO][clas_trainer:133] - train epoch: 23 [37376/53460 (70%)], lr: ['1.00e-04', '1.00e-04'], loss: 0.000423
[2023-10-18 19:16:59,830][INFO][clas_trainer:133] - train epoch: 23 [42720/53460 (80%)], lr: ['1.00e-04', '1.00e-04'], loss: 0.027910
[2023-10-18 19:17:08,817][INFO][clas_trainer:133] - train epoch: 23 [48064/53460 (90%)], lr: ['1.00e-04', '1.00e-04'], loss: 0.002382
[2023-10-18 19:17:17,869][INFO][clas_trainer:133] - train epoch: 23 [53408/53460 (100%)], lr: ['1.00e-04', '1.00e-04'], loss: 0.013596
[2023-10-18 19:17:32,943][INFO][clas_trainer:63] - [epoch  23] execution time: 106.21s	metrics:
[2023-10-18 19:17:32,943][INFO][clas_evaluator:99] - dataset: earlystopping, avg f1-score: 0.6638
[2023-10-18 19:17:42,493][INFO][clas_trainer:133] - train epoch: 24 [5312/53460 (10%)], lr: ['1.00e-04', '1.00e-04'], loss: 0.075876
[2023-10-18 19:17:51,800][INFO][clas_trainer:133] - train epoch: 24 [10656/53460 (20%)], lr: ['1.00e-04', '1.00e-04'], loss: 0.000521
[2023-10-18 19:18:00,814][INFO][clas_trainer:133] - train epoch: 24 [16000/53460 (30%)], lr: ['1.00e-04', '1.00e-04'], loss: 0.042847
[2023-10-18 19:18:09,733][INFO][clas_trainer:133] - train epoch: 24 [21344/53460 (40%)], lr: ['1.00e-04', '1.00e-04'], loss: 0.006290
[2023-10-18 19:18:18,707][INFO][clas_trainer:133] - train epoch: 24 [26688/53460 (50%)], lr: ['1.00e-04', '1.00e-04'], loss: 0.002824
[2023-10-18 19:18:27,678][INFO][clas_trainer:133] - train epoch: 24 [32032/53460 (60%)], lr: ['1.00e-04', '1.00e-04'], loss: 0.000888
[2023-10-18 19:18:36,824][INFO][clas_trainer:133] - train epoch: 24 [37376/53460 (70%)], lr: ['1.00e-04', '1.00e-04'], loss: 0.001923
[2023-10-18 19:18:45,921][INFO][clas_trainer:133] - train epoch: 24 [42720/53460 (80%)], lr: ['1.00e-04', '1.00e-04'], loss: 0.000510
[2023-10-18 19:18:54,907][INFO][clas_trainer:133] - train epoch: 24 [48064/53460 (90%)], lr: ['1.00e-04', '1.00e-04'], loss: 0.002405
[2023-10-18 19:19:04,286][INFO][clas_trainer:133] - train epoch: 24 [53408/53460 (100%)], lr: ['1.00e-04', '1.00e-04'], loss: 0.004133
[2023-10-18 19:19:19,214][INFO][clas_trainer:63] - [epoch  24] execution time: 106.27s	metrics:
[2023-10-18 19:19:19,214][INFO][clas_evaluator:99] - dataset: earlystopping, avg f1-score: 0.6814
[2023-10-18 19:19:28,767][INFO][clas_trainer:133] - train epoch: 25 [5312/53460 (10%)], lr: ['1.00e-04', '1.00e-04'], loss: 0.002323
[2023-10-18 19:19:38,069][INFO][clas_trainer:133] - train epoch: 25 [10656/53460 (20%)], lr: ['1.00e-04', '1.00e-04'], loss: 0.006064
[2023-10-18 19:19:47,058][INFO][clas_trainer:133] - train epoch: 25 [16000/53460 (30%)], lr: ['1.00e-04', '1.00e-04'], loss: 0.001045
[2023-10-18 19:19:55,948][INFO][clas_trainer:133] - train epoch: 25 [21344/53460 (40%)], lr: ['1.00e-04', '1.00e-04'], loss: 0.003311
[2023-10-18 19:20:05,132][INFO][clas_trainer:133] - train epoch: 25 [26688/53460 (50%)], lr: ['1.00e-04', '1.00e-04'], loss: 0.000953
[2023-10-18 19:20:14,241][INFO][clas_trainer:133] - train epoch: 25 [32032/53460 (60%)], lr: ['1.00e-04', '1.00e-04'], loss: 0.002304
[2023-10-18 19:20:23,351][INFO][clas_trainer:133] - train epoch: 25 [37376/53460 (70%)], lr: ['1.00e-04', '1.00e-04'], loss: 0.001022
[2023-10-18 19:20:32,192][INFO][clas_trainer:133] - train epoch: 25 [42720/53460 (80%)], lr: ['1.00e-04', '1.00e-04'], loss: 0.016400
[2023-10-18 19:20:41,338][INFO][clas_trainer:133] - train epoch: 25 [48064/53460 (90%)], lr: ['1.00e-04', '1.00e-04'], loss: 0.001877
[2023-10-18 19:20:50,347][INFO][clas_trainer:133] - train epoch: 25 [53408/53460 (100%)], lr: ['1.00e-04', '1.00e-04'], loss: 0.002348
[2023-10-18 19:21:05,302][INFO][clas_trainer:63] - [epoch  25] execution time: 106.09s	metrics:
[2023-10-18 19:21:05,303][INFO][clas_evaluator:99] - dataset: earlystopping, avg f1-score: 0.7038
[2023-10-18 19:21:14,980][INFO][clas_trainer:133] - train epoch: 26 [5312/53460 (10%)], lr: ['1.00e-04', '1.00e-04'], loss: 0.000401
[2023-10-18 19:21:24,171][INFO][clas_trainer:133] - train epoch: 26 [10656/53460 (20%)], lr: ['1.00e-04', '1.00e-04'], loss: 0.004298
[2023-10-18 19:21:33,260][INFO][clas_trainer:133] - train epoch: 26 [16000/53460 (30%)], lr: ['1.00e-04', '1.00e-04'], loss: 0.000754
[2023-10-18 19:21:42,352][INFO][clas_trainer:133] - train epoch: 26 [21344/53460 (40%)], lr: ['1.00e-04', '1.00e-04'], loss: 0.001107
[2023-10-18 19:21:51,700][INFO][clas_trainer:133] - train epoch: 26 [26688/53460 (50%)], lr: ['1.00e-04', '1.00e-04'], loss: 0.006169
[2023-10-18 19:22:00,904][INFO][clas_trainer:133] - train epoch: 26 [32032/53460 (60%)], lr: ['1.00e-04', '1.00e-04'], loss: 0.003845
[2023-10-18 19:22:09,908][INFO][clas_trainer:133] - train epoch: 26 [37376/53460 (70%)], lr: ['1.00e-04', '1.00e-04'], loss: 0.001695
[2023-10-18 19:22:18,781][INFO][clas_trainer:133] - train epoch: 26 [42720/53460 (80%)], lr: ['1.00e-04', '1.00e-04'], loss: 0.005196
[2023-10-18 19:22:27,740][INFO][clas_trainer:133] - train epoch: 26 [48064/53460 (90%)], lr: ['1.00e-04', '1.00e-04'], loss: 0.000862
[2023-10-18 19:22:36,685][INFO][clas_trainer:133] - train epoch: 26 [53408/53460 (100%)], lr: ['1.00e-04', '1.00e-04'], loss: 0.061922
[2023-10-18 19:22:51,702][INFO][clas_trainer:63] - [epoch  26] execution time: 106.40s	metrics:
[2023-10-18 19:22:51,703][INFO][clas_evaluator:99] - dataset: earlystopping, avg f1-score: 0.6896
[2023-10-18 19:23:01,199][INFO][clas_trainer:133] - train epoch: 27 [5312/53460 (10%)], lr: ['1.00e-04', '1.00e-04'], loss: 0.006003
[2023-10-18 19:23:10,215][INFO][clas_trainer:133] - train epoch: 27 [10656/53460 (20%)], lr: ['1.00e-04', '1.00e-04'], loss: 0.004081
[2023-10-18 19:23:19,196][INFO][clas_trainer:133] - train epoch: 27 [16000/53460 (30%)], lr: ['1.00e-04', '1.00e-04'], loss: 0.004521
[2023-10-18 19:23:28,193][INFO][clas_trainer:133] - train epoch: 27 [21344/53460 (40%)], lr: ['1.00e-04', '1.00e-04'], loss: 0.032207
[2023-10-18 19:23:37,314][INFO][clas_trainer:133] - train epoch: 27 [26688/53460 (50%)], lr: ['1.00e-04', '1.00e-04'], loss: 0.001015
[2023-10-18 19:23:46,363][INFO][clas_trainer:133] - train epoch: 27 [32032/53460 (60%)], lr: ['1.00e-04', '1.00e-04'], loss: 0.001346
[2023-10-18 19:23:55,497][INFO][clas_trainer:133] - train epoch: 27 [37376/53460 (70%)], lr: ['1.00e-04', '1.00e-04'], loss: 0.006338
[2023-10-18 19:24:04,406][INFO][clas_trainer:133] - train epoch: 27 [42720/53460 (80%)], lr: ['1.00e-04', '1.00e-04'], loss: 0.005354
[2023-10-18 19:24:13,400][INFO][clas_trainer:133] - train epoch: 27 [48064/53460 (90%)], lr: ['1.00e-04', '1.00e-04'], loss: 0.006274
[2023-10-18 19:24:22,261][INFO][clas_trainer:133] - train epoch: 27 [53408/53460 (100%)], lr: ['1.00e-04', '1.00e-04'], loss: 0.005021
[2023-10-18 19:24:37,476][INFO][clas_trainer:63] - [epoch  27] execution time: 105.77s	metrics:
[2023-10-18 19:24:37,476][INFO][clas_evaluator:99] - dataset: earlystopping, avg f1-score: 0.6627
[2023-10-18 19:24:47,028][INFO][clas_trainer:133] - train epoch: 28 [5312/53460 (10%)], lr: ['1.00e-04', '1.00e-04'], loss: 0.000757
[2023-10-18 19:24:55,985][INFO][clas_trainer:133] - train epoch: 28 [10656/53460 (20%)], lr: ['1.00e-04', '1.00e-04'], loss: 0.001920
[2023-10-18 19:25:05,032][INFO][clas_trainer:133] - train epoch: 28 [16000/53460 (30%)], lr: ['1.00e-04', '1.00e-04'], loss: 0.006063
[2023-10-18 19:25:13,976][INFO][clas_trainer:133] - train epoch: 28 [21344/53460 (40%)], lr: ['1.00e-04', '1.00e-04'], loss: 0.000167
[2023-10-18 19:25:23,093][INFO][clas_trainer:133] - train epoch: 28 [26688/53460 (50%)], lr: ['1.00e-04', '1.00e-04'], loss: 0.000954
[2023-10-18 19:25:32,096][INFO][clas_trainer:133] - train epoch: 28 [32032/53460 (60%)], lr: ['1.00e-04', '1.00e-04'], loss: 0.004752
[2023-10-18 19:25:41,368][INFO][clas_trainer:133] - train epoch: 28 [37376/53460 (70%)], lr: ['1.00e-04', '1.00e-04'], loss: 0.004267
[2023-10-18 19:25:50,387][INFO][clas_trainer:133] - train epoch: 28 [42720/53460 (80%)], lr: ['1.00e-04', '1.00e-04'], loss: 0.000858
[2023-10-18 19:25:59,533][INFO][clas_trainer:133] - train epoch: 28 [48064/53460 (90%)], lr: ['1.00e-04', '1.00e-04'], loss: 0.003467
[2023-10-18 19:26:08,592][INFO][clas_trainer:133] - train epoch: 28 [53408/53460 (100%)], lr: ['1.00e-04', '1.00e-04'], loss: 0.003069
[2023-10-18 19:26:23,598][INFO][clas_trainer:63] - [epoch  28] execution time: 106.12s	metrics:
[2023-10-18 19:26:23,598][INFO][clas_evaluator:99] - dataset: earlystopping, avg f1-score: 0.6400
[2023-10-18 19:26:33,335][INFO][clas_trainer:133] - train epoch: 29 [5312/53460 (10%)], lr: ['1.00e-04', '1.00e-04'], loss: 0.000653
[2023-10-18 19:26:42,718][INFO][clas_trainer:133] - train epoch: 29 [10656/53460 (20%)], lr: ['1.00e-04', '1.00e-04'], loss: 0.001083
[2023-10-18 19:26:51,810][INFO][clas_trainer:133] - train epoch: 29 [16000/53460 (30%)], lr: ['1.00e-04', '1.00e-04'], loss: 0.034946
[2023-10-18 19:27:00,672][INFO][clas_trainer:133] - train epoch: 29 [21344/53460 (40%)], lr: ['1.00e-04', '1.00e-04'], loss: 0.004754
[2023-10-18 19:27:09,911][INFO][clas_trainer:133] - train epoch: 29 [26688/53460 (50%)], lr: ['1.00e-04', '1.00e-04'], loss: 0.007074
[2023-10-18 19:27:19,137][INFO][clas_trainer:133] - train epoch: 29 [32032/53460 (60%)], lr: ['1.00e-04', '1.00e-04'], loss: 0.001492
[2023-10-18 19:27:28,169][INFO][clas_trainer:133] - train epoch: 29 [37376/53460 (70%)], lr: ['1.00e-04', '1.00e-04'], loss: 0.000325
[2023-10-18 19:27:37,393][INFO][clas_trainer:133] - train epoch: 29 [42720/53460 (80%)], lr: ['1.00e-04', '1.00e-04'], loss: 0.001233
[2023-10-18 19:27:46,604][INFO][clas_trainer:133] - train epoch: 29 [48064/53460 (90%)], lr: ['1.00e-04', '1.00e-04'], loss: 0.008059
[2023-10-18 19:27:55,678][INFO][clas_trainer:133] - train epoch: 29 [53408/53460 (100%)], lr: ['1.00e-04', '1.00e-04'], loss: 0.003162
[2023-10-18 19:28:10,550][INFO][clas_trainer:63] - [epoch  29] execution time: 106.95s	metrics:
[2023-10-18 19:28:10,551][INFO][clas_evaluator:99] - dataset: earlystopping, avg f1-score: 0.6881
[2023-10-18 19:28:20,262][INFO][clas_trainer:133] - train epoch: 30 [5312/53460 (10%)], lr: ['1.00e-04', '1.00e-04'], loss: 0.005892
[2023-10-18 19:28:29,332][INFO][clas_trainer:133] - train epoch: 30 [10656/53460 (20%)], lr: ['1.00e-04', '1.00e-04'], loss: 0.006164
[2023-10-18 19:28:38,371][INFO][clas_trainer:133] - train epoch: 30 [16000/53460 (30%)], lr: ['1.00e-04', '1.00e-04'], loss: 0.003429
[2023-10-18 19:28:47,236][INFO][clas_trainer:133] - train epoch: 30 [21344/53460 (40%)], lr: ['1.00e-04', '1.00e-04'], loss: 0.007086
[2023-10-18 19:28:56,512][INFO][clas_trainer:133] - train epoch: 30 [26688/53460 (50%)], lr: ['1.00e-04', '1.00e-04'], loss: 0.017096
[2023-10-18 19:29:05,591][INFO][clas_trainer:133] - train epoch: 30 [32032/53460 (60%)], lr: ['1.00e-04', '1.00e-04'], loss: 0.004581
[2023-10-18 19:29:14,569][INFO][clas_trainer:133] - train epoch: 30 [37376/53460 (70%)], lr: ['1.00e-04', '1.00e-04'], loss: 0.000574
[2023-10-18 19:29:23,471][INFO][clas_trainer:133] - train epoch: 30 [42720/53460 (80%)], lr: ['1.00e-04', '1.00e-04'], loss: 0.002232
[2023-10-18 19:29:32,600][INFO][clas_trainer:133] - train epoch: 30 [48064/53460 (90%)], lr: ['1.00e-04', '1.00e-04'], loss: 0.003394
[2023-10-18 19:29:41,500][INFO][clas_trainer:133] - train epoch: 30 [53408/53460 (100%)], lr: ['1.00e-04', '1.00e-04'], loss: 0.001638
[2023-10-18 19:29:56,446][INFO][clas_trainer:63] - [epoch  30] execution time: 105.89s	metrics:
[2023-10-18 19:29:56,446][INFO][clas_evaluator:99] - dataset: earlystopping, avg f1-score: 0.6802
[2023-10-18 19:30:06,360][INFO][clas_trainer:133] - train epoch: 31 [5312/53460 (10%)], lr: ['1.00e-04', '1.00e-04'], loss: 0.000914
[2023-10-18 19:30:15,460][INFO][clas_trainer:133] - train epoch: 31 [10656/53460 (20%)], lr: ['1.00e-04', '1.00e-04'], loss: 0.006851
[2023-10-18 19:30:24,301][INFO][clas_trainer:133] - train epoch: 31 [16000/53460 (30%)], lr: ['1.00e-04', '1.00e-04'], loss: 0.001559
[2023-10-18 19:30:33,421][INFO][clas_trainer:133] - train epoch: 31 [21344/53460 (40%)], lr: ['1.00e-04', '1.00e-04'], loss: 0.006140
[2023-10-18 19:30:42,626][INFO][clas_trainer:133] - train epoch: 31 [26688/53460 (50%)], lr: ['1.00e-04', '1.00e-04'], loss: 0.001309
[2023-10-18 19:30:51,687][INFO][clas_trainer:133] - train epoch: 31 [32032/53460 (60%)], lr: ['1.00e-04', '1.00e-04'], loss: 0.013240
[2023-10-18 19:31:00,519][INFO][clas_trainer:133] - train epoch: 31 [37376/53460 (70%)], lr: ['1.00e-04', '1.00e-04'], loss: 0.001297
[2023-10-18 19:31:09,690][INFO][clas_trainer:133] - train epoch: 31 [42720/53460 (80%)], lr: ['1.00e-04', '1.00e-04'], loss: 0.004074
[2023-10-18 19:31:18,627][INFO][clas_trainer:133] - train epoch: 31 [48064/53460 (90%)], lr: ['1.00e-04', '1.00e-04'], loss: 0.006390
[2023-10-18 19:31:27,760][INFO][clas_trainer:133] - train epoch: 31 [53408/53460 (100%)], lr: ['1.00e-04', '1.00e-04'], loss: 0.001192
[2023-10-18 19:31:42,612][INFO][clas_trainer:63] - [epoch  31] execution time: 106.17s	metrics:
[2023-10-18 19:31:42,612][INFO][clas_evaluator:99] - dataset: earlystopping, avg f1-score: 0.6555
[2023-10-18 19:31:42,620][INFO][clas_trainer:79] - finished training
[2023-10-18 19:31:42,620][INFO][clas_trainer:80] - best model on epoch: 21 	f1-score: 0.7167
