[2023-10-13 19:50:02,822][INFO][train_downstream:29] - overrides:
hydra:
- hydra.mode=MULTIRUN
task:
- m_seed_path_sids={seeds:[8,8,8,8,8],path:"exp001b-m8-simple_multi_class-2023-10-12_18-34-48-final.pth",subject_ids:{dod_o_h:$\{data.dod_o_h.cv_5_fold.fold_4\}}}
- data.downstream.train_dataloader.dataset.data_reducer.n_subjects=10

[2023-10-13 19:50:05,694][INFO][data_loaders:39] - class distribution before data reduction:
# samples per subject
095d6e40-5f19-55b6-a0ec-6e0ad3793da0: 1192
0d79f4b1-e74f-5e87-8e42-f9dd7112ada5: 968
100df108-eb57-5eaa-a413-f7e4436a7895: 952
130f3f52-7d0a-551e-af61-2ee75455e5c9: 989
16450f5a-9b65-5536-85e1-93816c8b89eb: 816
18482adf-1144-54ca-9e35-27f65c43a105: 824
1da3544e-dc5c-5795-adc3-f5068959211f: 955
2159377e-ebf3-5565-9014-1e2ae69dc1d2: 907
2d01dc34-f36c-562e-b24a-d20dc798fdfc: 837
2e865ca9-e20f-5a6f-bd25-45d28cc9eab9: 950
30e8a05b-4cf1-5aa8-9ef7-28d6e2949ad5: 699
32556393-bb57-560a-99e8-e09885219647: 1106
37d0da97-9ae8-5413-b889-4e843ff35488: 1011
3dd35e7b-d7e2-516d-8a85-e0d58a59569f: 1093
3e842aa8-bcd9-521e-93a2-72124233fe2c: 620
40e25dd4-6087-5747-b9c2-4838ada86b15: 1076
47f45aa2-31c4-595b-bdb6-f1348bba062b: 1032
4b72b905-5521-5c57-b666-e20ff9bb195f: 868
4e3c4ac4-69e2-5347-a3b0-662c204d259d: 926
52fbe46b-206c-584a-9f4f-1eb308e07bac: 1064
5bf0f969-304c-581e-949c-50c108f62846: 947
5ddbc68c-1283-5c27-952b-d7f102291bc2: 1097
64959ac4-53b5-5868-a845-c7476e9fdf7b: 990
67fa8e29-6f4d-530e-9422-bbc3aca86ed0: 1046
6e2aa933-c51c-5a31-8c7b-83da8d076a12: 905
730aba3b-e310-5be0-9eed-7c3123466834: 1120
79e8a04e-0fdd-53ae-bedc-d49d08e29103: 918
7ab8ff5f-a77f-567d-9882-f8bee0c3c9bf: 989
7d778801-88e7-5086-ad1d-70f31a371876: 999
7f5237b1-2196-5c8a-9543-a5aa70210ef4: 931
844f68ba-265e-53e6-bf47-6c85d1804a7b: 957
90aef91a-252f-5ccc-a82e-78ea7ee9ca1f: 1089
a0c91989-530f-5117-80c1-2488dbed683c: 1017
a35a118e-e65e-5928-92a9-4354a6a0f4ce: 813
a65a9e69-cddf-5711-9a97-de8bfdeb08cc: 961
a79d1f0e-c133-5aa0-8268-cdcc05825f0f: 1046
aa160c78-6da3-5e05-8fc9-d6c13e9f97e0: 1010
ad47bc12-199c-5294-9cb8-4351bbbf7b5e: 893
b2d3ccdd-395c-5dd2-81d9-252bcfc0c337: 902
b3706da5-748b-5dd1-a552-f57e4456cdf6: 1041
b5d5785d-87ee-5078-b9b9-aac6abd4d8de: 918
bb474ab0-c2ce-573b-8acd-ef86b0fa26a2: 1142
c03e27b0-4cb5-584f-aaea-8f1e1ed6513c: 1121
c11c730f-0b6b-580b-af31-d8f0ebbbdfce: 917
c31a47f9-e400-5841-a22b-521c81042603: 986
c8110476-594c-533d-95bd-86147fccc987: 995
c985916d-46a5-5c3e-9d50-a5a91f460bac: 1024
cc3b4b63-4a6f-5f28-ac7e-62f83c271449: 1076
cebd3520-4e77-5222-a614-d2888e6afc2b: 1109
d3cadb78-cb8c-5a6e-885c-392e457c68b1: 982
d5181c33-a43b-5dfe-8ad7-0337facb092a: 977
e59c45e0-0c0c-565f-84a9-6cf0ec5ef6c1: 844
e6b7cbef-4c9d-5541-82e8-04810de0fb60: 819
e72505f1-21be-5d66-b620-cfcfa2d754bc: 973
f2a69bdc-ed51-5e3f-b102-6b3f7d392be0: 960
f66bc75e-778b-5037-af86-b5275cd4c79f: 865

# samples per stage
0: 9652
1: 2825
2: 26762
3: 6342
4: 8683
[2023-10-13 19:50:05,857][INFO][data_loaders:43] - class distribution after data reduction:
# samples per subject
0d79f4b1-e74f-5e87-8e42-f9dd7112ada5: 4840
37d0da97-9ae8-5413-b889-4e843ff35488: 5055
47f45aa2-31c4-595b-bdb6-f1348bba062b: 5160
64959ac4-53b5-5868-a845-c7476e9fdf7b: 4950
67fa8e29-6f4d-530e-9422-bbc3aca86ed0: 5230
6e2aa933-c51c-5a31-8c7b-83da8d076a12: 4525
730aba3b-e310-5be0-9eed-7c3123466834: 5600
a35a118e-e65e-5928-92a9-4354a6a0f4ce: 4065
cebd3520-4e77-5222-a614-d2888e6afc2b: 5545
f66bc75e-778b-5037-af86-b5275cd4c79f: 4325

# samples per stage
0: 11780
1: 3605
2: 19065
3: 7000
4: 7845
[2023-10-13 19:50:06,382][INFO][data_loaders:39] - class distribution before data reduction:
# samples per subject
0416d51f-5d69-5326-b74a-a2e31a96a1ef: 822
119f9726-eb4c-5a0e-a7bb-9e15256149a1: 932
1fa6c401-d819-50f5-8146-a0bb9e2b2516: 986
22bea84c-5d23-5e49-bc2d-9764f883955b: 1048
6a7503ac-ab3a-5d5b-b474-4b0fe37748dd: 1213
a30245e3-4a71-565f-9636-92e7d2e825fc: 1122
a4568951-bf87-5bbc-bc4f-28e93c360be6: 975
fc10ee0b-b863-511b-bce8-4dfa7af8ac3a: 910

# samples per stage
0: 1486
1: 461
2: 3828
3: 1026
4: 1207
[2023-10-13 19:50:06,405][INFO][data_loaders:43] - class distribution after data reduction:
# samples per subject
0416d51f-5d69-5326-b74a-a2e31a96a1ef: 822
119f9726-eb4c-5a0e-a7bb-9e15256149a1: 932
1fa6c401-d819-50f5-8146-a0bb9e2b2516: 986
22bea84c-5d23-5e49-bc2d-9764f883955b: 1048
6a7503ac-ab3a-5d5b-b474-4b0fe37748dd: 1213
a30245e3-4a71-565f-9636-92e7d2e825fc: 1122
a4568951-bf87-5bbc-bc4f-28e93c360be6: 975
fc10ee0b-b863-511b-bce8-4dfa7af8ac3a: 910

# samples per stage
0: 1486
1: 461
2: 3828
3: 1026
4: 1207
[2023-10-13 19:50:06,452][INFO][clas_trainer:49] - metrics before training (epoch 0):
[2023-10-13 19:50:32,572][INFO][clas_evaluator:99] - dataset: earlystopping, avg f1-score: 0.1294
[2023-10-13 19:50:44,217][INFO][clas_trainer:133] - train epoch: 1 [4896/49295 (10%)], lr: ['1.00e-04', '1.00e-04'], loss: 4.343712
[2023-10-13 19:50:54,620][INFO][clas_trainer:133] - train epoch: 1 [9824/49295 (20%)], lr: ['1.00e-04', '1.00e-04'], loss: 1.865720
[2023-10-13 19:51:05,467][INFO][clas_trainer:133] - train epoch: 1 [14752/49295 (30%)], lr: ['1.00e-04', '1.00e-04'], loss: 1.356351
[2023-10-13 19:51:16,386][INFO][clas_trainer:133] - train epoch: 1 [19680/49295 (40%)], lr: ['1.00e-04', '1.00e-04'], loss: 1.265236
[2023-10-13 19:51:26,699][INFO][clas_trainer:133] - train epoch: 1 [24608/49295 (50%)], lr: ['1.00e-04', '1.00e-04'], loss: 0.880428
[2023-10-13 19:51:37,407][INFO][clas_trainer:133] - train epoch: 1 [29536/49295 (60%)], lr: ['1.00e-04', '1.00e-04'], loss: 1.342523
[2023-10-13 19:51:48,080][INFO][clas_trainer:133] - train epoch: 1 [34464/49295 (70%)], lr: ['1.00e-04', '1.00e-04'], loss: 0.956912
[2023-10-13 19:51:58,481][INFO][clas_trainer:133] - train epoch: 1 [39392/49295 (80%)], lr: ['1.00e-04', '1.00e-04'], loss: 0.886052
[2023-10-13 19:52:09,501][INFO][clas_trainer:133] - train epoch: 1 [44320/49295 (90%)], lr: ['1.00e-04', '1.00e-04'], loss: 1.060470
[2023-10-13 19:52:20,014][INFO][clas_trainer:133] - train epoch: 1 [49248/49295 (100%)], lr: ['1.00e-04', '1.00e-04'], loss: 1.002181
[2023-10-13 19:52:37,920][INFO][clas_trainer:63] - [epoch   1] execution time: 125.35s	metrics:
[2023-10-13 19:52:37,920][INFO][clas_evaluator:99] - dataset: earlystopping, avg f1-score: 0.2409
[2023-10-13 19:52:37,979][INFO][base_model:51] - snapshot saved to /home/ngr/repos/sleep_freq-pretraining/models/exp001a-m50-base_fe_clas-2023-10-13_14-21-17-final.pth
[2023-10-13 19:52:50,010][INFO][clas_trainer:133] - train epoch: 2 [4896/49295 (10%)], lr: ['1.00e-04', '1.00e-04'], loss: 0.666220
[2023-10-13 19:53:01,164][INFO][clas_trainer:133] - train epoch: 2 [9824/49295 (20%)], lr: ['1.00e-04', '1.00e-04'], loss: 0.843564
[2023-10-13 19:53:12,504][INFO][clas_trainer:133] - train epoch: 2 [14752/49295 (30%)], lr: ['1.00e-04', '1.00e-04'], loss: 0.718805
[2023-10-13 19:53:22,961][INFO][clas_trainer:133] - train epoch: 2 [19680/49295 (40%)], lr: ['1.00e-04', '1.00e-04'], loss: 1.031887
[2023-10-13 19:53:33,995][INFO][clas_trainer:133] - train epoch: 2 [24608/49295 (50%)], lr: ['1.00e-04', '1.00e-04'], loss: 1.075019
[2023-10-13 19:53:44,406][INFO][clas_trainer:133] - train epoch: 2 [29536/49295 (60%)], lr: ['1.00e-04', '1.00e-04'], loss: 0.966709
[2023-10-13 19:53:55,087][INFO][clas_trainer:133] - train epoch: 2 [34464/49295 (70%)], lr: ['1.00e-04', '1.00e-04'], loss: 0.718177
[2023-10-13 19:54:05,844][INFO][clas_trainer:133] - train epoch: 2 [39392/49295 (80%)], lr: ['1.00e-04', '1.00e-04'], loss: 0.698261
[2023-10-13 19:54:17,098][INFO][clas_trainer:133] - train epoch: 2 [44320/49295 (90%)], lr: ['1.00e-04', '1.00e-04'], loss: 0.633528
[2023-10-13 19:54:27,724][INFO][clas_trainer:133] - train epoch: 2 [49248/49295 (100%)], lr: ['1.00e-04', '1.00e-04'], loss: 0.461175
[2023-10-13 19:54:45,562][INFO][clas_trainer:63] - [epoch   2] execution time: 127.58s	metrics:
[2023-10-13 19:54:45,562][INFO][clas_evaluator:99] - dataset: earlystopping, avg f1-score: 0.3716
[2023-10-13 19:54:45,624][INFO][base_model:51] - snapshot saved to /home/ngr/repos/sleep_freq-pretraining/models/exp001a-m50-base_fe_clas-2023-10-13_14-21-17-final.pth
[2023-10-13 19:54:57,102][INFO][clas_trainer:133] - train epoch: 3 [4896/49295 (10%)], lr: ['1.00e-04', '1.00e-04'], loss: 0.452917
[2023-10-13 19:55:07,824][INFO][clas_trainer:133] - train epoch: 3 [9824/49295 (20%)], lr: ['1.00e-04', '1.00e-04'], loss: 0.542179
[2023-10-13 19:55:18,155][INFO][clas_trainer:133] - train epoch: 3 [14752/49295 (30%)], lr: ['1.00e-04', '1.00e-04'], loss: 0.930291
[2023-10-13 19:55:28,300][INFO][clas_trainer:133] - train epoch: 3 [19680/49295 (40%)], lr: ['1.00e-04', '1.00e-04'], loss: 0.262968
[2023-10-13 19:55:38,648][INFO][clas_trainer:133] - train epoch: 3 [24608/49295 (50%)], lr: ['1.00e-04', '1.00e-04'], loss: 0.511350
[2023-10-13 19:55:48,745][INFO][clas_trainer:133] - train epoch: 3 [29536/49295 (60%)], lr: ['1.00e-04', '1.00e-04'], loss: 0.511830
[2023-10-13 19:55:59,005][INFO][clas_trainer:133] - train epoch: 3 [34464/49295 (70%)], lr: ['1.00e-04', '1.00e-04'], loss: 0.680819
[2023-10-13 19:56:09,400][INFO][clas_trainer:133] - train epoch: 3 [39392/49295 (80%)], lr: ['1.00e-04', '1.00e-04'], loss: 0.341473
[2023-10-13 19:56:19,861][INFO][clas_trainer:133] - train epoch: 3 [44320/49295 (90%)], lr: ['1.00e-04', '1.00e-04'], loss: 0.532311
[2023-10-13 19:56:30,410][INFO][clas_trainer:133] - train epoch: 3 [49248/49295 (100%)], lr: ['1.00e-04', '1.00e-04'], loss: 0.328607
[2023-10-13 19:56:48,893][INFO][clas_trainer:63] - [epoch   3] execution time: 123.27s	metrics:
[2023-10-13 19:56:48,893][INFO][clas_evaluator:99] - dataset: earlystopping, avg f1-score: 0.5862
[2023-10-13 19:56:48,951][INFO][base_model:51] - snapshot saved to /home/ngr/repos/sleep_freq-pretraining/models/exp001a-m50-base_fe_clas-2023-10-13_14-21-17-final.pth
[2023-10-13 19:57:01,673][INFO][clas_trainer:133] - train epoch: 4 [4896/49295 (10%)], lr: ['1.00e-04', '1.00e-04'], loss: 0.305059
[2023-10-13 19:57:12,131][INFO][clas_trainer:133] - train epoch: 4 [9824/49295 (20%)], lr: ['1.00e-04', '1.00e-04'], loss: 0.388905
[2023-10-13 19:57:22,612][INFO][clas_trainer:133] - train epoch: 4 [14752/49295 (30%)], lr: ['1.00e-04', '1.00e-04'], loss: 0.276267
[2023-10-13 19:57:33,436][INFO][clas_trainer:133] - train epoch: 4 [19680/49295 (40%)], lr: ['1.00e-04', '1.00e-04'], loss: 0.536889
[2023-10-13 19:57:44,171][INFO][clas_trainer:133] - train epoch: 4 [24608/49295 (50%)], lr: ['1.00e-04', '1.00e-04'], loss: 0.411671
[2023-10-13 19:57:54,535][INFO][clas_trainer:133] - train epoch: 4 [29536/49295 (60%)], lr: ['1.00e-04', '1.00e-04'], loss: 0.314521
[2023-10-13 19:58:04,833][INFO][clas_trainer:133] - train epoch: 4 [34464/49295 (70%)], lr: ['1.00e-04', '1.00e-04'], loss: 0.743793
[2023-10-13 19:58:16,137][INFO][clas_trainer:133] - train epoch: 4 [39392/49295 (80%)], lr: ['1.00e-04', '1.00e-04'], loss: 0.547863
[2023-10-13 19:58:26,646][INFO][clas_trainer:133] - train epoch: 4 [44320/49295 (90%)], lr: ['1.00e-04', '1.00e-04'], loss: 0.272689
[2023-10-13 19:58:37,549][INFO][clas_trainer:133] - train epoch: 4 [49248/49295 (100%)], lr: ['1.00e-04', '1.00e-04'], loss: 0.538690
[2023-10-13 19:58:56,319][INFO][clas_trainer:63] - [epoch   4] execution time: 127.37s	metrics:
[2023-10-13 19:58:56,319][INFO][clas_evaluator:99] - dataset: earlystopping, avg f1-score: 0.6420
[2023-10-13 19:58:56,382][INFO][base_model:51] - snapshot saved to /home/ngr/repos/sleep_freq-pretraining/models/exp001a-m50-base_fe_clas-2023-10-13_14-21-17-final.pth
[2023-10-13 19:59:08,909][INFO][clas_trainer:133] - train epoch: 5 [4896/49295 (10%)], lr: ['1.00e-04', '1.00e-04'], loss: 0.577800
[2023-10-13 19:59:19,613][INFO][clas_trainer:133] - train epoch: 5 [9824/49295 (20%)], lr: ['1.00e-04', '1.00e-04'], loss: 0.233984
[2023-10-13 19:59:30,332][INFO][clas_trainer:133] - train epoch: 5 [14752/49295 (30%)], lr: ['1.00e-04', '1.00e-04'], loss: 0.202957
[2023-10-13 19:59:40,714][INFO][clas_trainer:133] - train epoch: 5 [19680/49295 (40%)], lr: ['1.00e-04', '1.00e-04'], loss: 0.287024
[2023-10-13 19:59:51,054][INFO][clas_trainer:133] - train epoch: 5 [24608/49295 (50%)], lr: ['1.00e-04', '1.00e-04'], loss: 0.454535
[2023-10-13 20:00:01,768][INFO][clas_trainer:133] - train epoch: 5 [29536/49295 (60%)], lr: ['1.00e-04', '1.00e-04'], loss: 0.204379
[2023-10-13 20:00:12,600][INFO][clas_trainer:133] - train epoch: 5 [34464/49295 (70%)], lr: ['1.00e-04', '1.00e-04'], loss: 0.350635
[2023-10-13 20:00:22,885][INFO][clas_trainer:133] - train epoch: 5 [39392/49295 (80%)], lr: ['1.00e-04', '1.00e-04'], loss: 0.230936
[2023-10-13 20:00:33,882][INFO][clas_trainer:133] - train epoch: 5 [44320/49295 (90%)], lr: ['1.00e-04', '1.00e-04'], loss: 0.218850
[2023-10-13 20:00:44,992][INFO][clas_trainer:133] - train epoch: 5 [49248/49295 (100%)], lr: ['1.00e-04', '1.00e-04'], loss: 0.289398
[2023-10-13 20:01:02,844][INFO][clas_trainer:63] - [epoch   5] execution time: 126.46s	metrics:
[2023-10-13 20:01:02,845][INFO][clas_evaluator:99] - dataset: earlystopping, avg f1-score: 0.6857
[2023-10-13 20:01:02,903][INFO][base_model:51] - snapshot saved to /home/ngr/repos/sleep_freq-pretraining/models/exp001a-m50-base_fe_clas-2023-10-13_14-21-17-final.pth
[2023-10-13 20:01:14,493][INFO][clas_trainer:133] - train epoch: 6 [4896/49295 (10%)], lr: ['1.00e-04', '1.00e-04'], loss: 0.482950
[2023-10-13 20:01:25,134][INFO][clas_trainer:133] - train epoch: 6 [9824/49295 (20%)], lr: ['1.00e-04', '1.00e-04'], loss: 0.269872
[2023-10-13 20:01:35,871][INFO][clas_trainer:133] - train epoch: 6 [14752/49295 (30%)], lr: ['1.00e-04', '1.00e-04'], loss: 0.362452
[2023-10-13 20:01:46,930][INFO][clas_trainer:133] - train epoch: 6 [19680/49295 (40%)], lr: ['1.00e-04', '1.00e-04'], loss: 0.267670
[2023-10-13 20:01:57,812][INFO][clas_trainer:133] - train epoch: 6 [24608/49295 (50%)], lr: ['1.00e-04', '1.00e-04'], loss: 0.416603
[2023-10-13 20:02:08,666][INFO][clas_trainer:133] - train epoch: 6 [29536/49295 (60%)], lr: ['1.00e-04', '1.00e-04'], loss: 0.298458
[2023-10-13 20:02:19,080][INFO][clas_trainer:133] - train epoch: 6 [34464/49295 (70%)], lr: ['1.00e-04', '1.00e-04'], loss: 0.342620
[2023-10-13 20:02:29,100][INFO][clas_trainer:133] - train epoch: 6 [39392/49295 (80%)], lr: ['1.00e-04', '1.00e-04'], loss: 0.347447
[2023-10-13 20:02:39,713][INFO][clas_trainer:133] - train epoch: 6 [44320/49295 (90%)], lr: ['1.00e-04', '1.00e-04'], loss: 0.409194
[2023-10-13 20:02:50,867][INFO][clas_trainer:133] - train epoch: 6 [49248/49295 (100%)], lr: ['1.00e-04', '1.00e-04'], loss: 0.601656
[2023-10-13 20:03:08,754][INFO][clas_trainer:63] - [epoch   6] execution time: 125.85s	metrics:
[2023-10-13 20:03:08,754][INFO][clas_evaluator:99] - dataset: earlystopping, avg f1-score: 0.6768
[2023-10-13 20:03:20,832][INFO][clas_trainer:133] - train epoch: 7 [4896/49295 (10%)], lr: ['1.00e-04', '1.00e-04'], loss: 0.260234
[2023-10-13 20:03:31,526][INFO][clas_trainer:133] - train epoch: 7 [9824/49295 (20%)], lr: ['1.00e-04', '1.00e-04'], loss: 0.314653
[2023-10-13 20:03:41,868][INFO][clas_trainer:133] - train epoch: 7 [14752/49295 (30%)], lr: ['1.00e-04', '1.00e-04'], loss: 0.046949
[2023-10-13 20:03:52,096][INFO][clas_trainer:133] - train epoch: 7 [19680/49295 (40%)], lr: ['1.00e-04', '1.00e-04'], loss: 0.279582
[2023-10-13 20:04:02,470][INFO][clas_trainer:133] - train epoch: 7 [24608/49295 (50%)], lr: ['1.00e-04', '1.00e-04'], loss: 0.194358
[2023-10-13 20:04:13,283][INFO][clas_trainer:133] - train epoch: 7 [29536/49295 (60%)], lr: ['1.00e-04', '1.00e-04'], loss: 0.375739
[2023-10-13 20:04:23,486][INFO][clas_trainer:133] - train epoch: 7 [34464/49295 (70%)], lr: ['1.00e-04', '1.00e-04'], loss: 0.211849
[2023-10-13 20:04:34,150][INFO][clas_trainer:133] - train epoch: 7 [39392/49295 (80%)], lr: ['1.00e-04', '1.00e-04'], loss: 0.256608
[2023-10-13 20:04:44,508][INFO][clas_trainer:133] - train epoch: 7 [44320/49295 (90%)], lr: ['1.00e-04', '1.00e-04'], loss: 0.314536
[2023-10-13 20:04:55,017][INFO][clas_trainer:133] - train epoch: 7 [49248/49295 (100%)], lr: ['1.00e-04', '1.00e-04'], loss: 0.088307
[2023-10-13 20:05:13,250][INFO][clas_trainer:63] - [epoch   7] execution time: 124.50s	metrics:
[2023-10-13 20:05:13,250][INFO][clas_evaluator:99] - dataset: earlystopping, avg f1-score: 0.6724
[2023-10-13 20:05:24,933][INFO][clas_trainer:133] - train epoch: 8 [4896/49295 (10%)], lr: ['1.00e-04', '1.00e-04'], loss: 0.352380
[2023-10-13 20:05:34,963][INFO][clas_trainer:133] - train epoch: 8 [9824/49295 (20%)], lr: ['1.00e-04', '1.00e-04'], loss: 0.207871
[2023-10-13 20:05:45,157][INFO][clas_trainer:133] - train epoch: 8 [14752/49295 (30%)], lr: ['1.00e-04', '1.00e-04'], loss: 0.152442
[2023-10-13 20:05:54,952][INFO][clas_trainer:133] - train epoch: 8 [19680/49295 (40%)], lr: ['1.00e-04', '1.00e-04'], loss: 0.381623
[2023-10-13 20:06:04,739][INFO][clas_trainer:133] - train epoch: 8 [24608/49295 (50%)], lr: ['1.00e-04', '1.00e-04'], loss: 0.426094
[2023-10-13 20:06:15,030][INFO][clas_trainer:133] - train epoch: 8 [29536/49295 (60%)], lr: ['1.00e-04', '1.00e-04'], loss: 0.352661
[2023-10-13 20:06:25,008][INFO][clas_trainer:133] - train epoch: 8 [34464/49295 (70%)], lr: ['1.00e-04', '1.00e-04'], loss: 0.500983
[2023-10-13 20:06:35,323][INFO][clas_trainer:133] - train epoch: 8 [39392/49295 (80%)], lr: ['1.00e-04', '1.00e-04'], loss: 0.291099
[2023-10-13 20:06:45,517][INFO][clas_trainer:133] - train epoch: 8 [44320/49295 (90%)], lr: ['1.00e-04', '1.00e-04'], loss: 0.245150
[2023-10-13 20:06:56,015][INFO][clas_trainer:133] - train epoch: 8 [49248/49295 (100%)], lr: ['1.00e-04', '1.00e-04'], loss: 0.196209
[2023-10-13 20:07:14,153][INFO][clas_trainer:63] - [epoch   8] execution time: 120.90s	metrics:
[2023-10-13 20:07:14,154][INFO][clas_evaluator:99] - dataset: earlystopping, avg f1-score: 0.7206
[2023-10-13 20:07:14,214][INFO][base_model:51] - snapshot saved to /home/ngr/repos/sleep_freq-pretraining/models/exp001a-m50-base_fe_clas-2023-10-13_14-21-17-final.pth
[2023-10-13 20:07:25,767][INFO][clas_trainer:133] - train epoch: 9 [4896/49295 (10%)], lr: ['1.00e-04', '1.00e-04'], loss: 0.160277
[2023-10-13 20:07:36,268][INFO][clas_trainer:133] - train epoch: 9 [9824/49295 (20%)], lr: ['1.00e-04', '1.00e-04'], loss: 0.231126
[2023-10-13 20:07:46,846][INFO][clas_trainer:133] - train epoch: 9 [14752/49295 (30%)], lr: ['1.00e-04', '1.00e-04'], loss: 0.105636
[2023-10-13 20:07:56,947][INFO][clas_trainer:133] - train epoch: 9 [19680/49295 (40%)], lr: ['1.00e-04', '1.00e-04'], loss: 0.303250
[2023-10-13 20:08:07,527][INFO][clas_trainer:133] - train epoch: 9 [24608/49295 (50%)], lr: ['1.00e-04', '1.00e-04'], loss: 0.157809
[2023-10-13 20:08:17,383][INFO][clas_trainer:133] - train epoch: 9 [29536/49295 (60%)], lr: ['1.00e-04', '1.00e-04'], loss: 0.677436
[2023-10-13 20:08:27,636][INFO][clas_trainer:133] - train epoch: 9 [34464/49295 (70%)], lr: ['1.00e-04', '1.00e-04'], loss: 0.228793
[2023-10-13 20:08:38,066][INFO][clas_trainer:133] - train epoch: 9 [39392/49295 (80%)], lr: ['1.00e-04', '1.00e-04'], loss: 0.066386
[2023-10-13 20:08:47,851][INFO][clas_trainer:133] - train epoch: 9 [44320/49295 (90%)], lr: ['1.00e-04', '1.00e-04'], loss: 0.260190
[2023-10-13 20:08:58,088][INFO][clas_trainer:133] - train epoch: 9 [49248/49295 (100%)], lr: ['1.00e-04', '1.00e-04'], loss: 0.196573
[2023-10-13 20:09:15,918][INFO][clas_trainer:63] - [epoch   9] execution time: 121.70s	metrics:
[2023-10-13 20:09:15,918][INFO][clas_evaluator:99] - dataset: earlystopping, avg f1-score: 0.6765
[2023-10-13 20:09:27,750][INFO][clas_trainer:133] - train epoch: 10 [4896/49295 (10%)], lr: ['1.00e-04', '1.00e-04'], loss: 0.255641
[2023-10-13 20:09:37,952][INFO][clas_trainer:133] - train epoch: 10 [9824/49295 (20%)], lr: ['1.00e-04', '1.00e-04'], loss: 0.228761
[2023-10-13 20:09:48,276][INFO][clas_trainer:133] - train epoch: 10 [14752/49295 (30%)], lr: ['1.00e-04', '1.00e-04'], loss: 0.080330
[2023-10-13 20:09:58,658][INFO][clas_trainer:133] - train epoch: 10 [19680/49295 (40%)], lr: ['1.00e-04', '1.00e-04'], loss: 0.526700
[2023-10-13 20:10:09,251][INFO][clas_trainer:133] - train epoch: 10 [24608/49295 (50%)], lr: ['1.00e-04', '1.00e-04'], loss: 0.908776
[2023-10-13 20:10:19,042][INFO][clas_trainer:133] - train epoch: 10 [29536/49295 (60%)], lr: ['1.00e-04', '1.00e-04'], loss: 0.318439
[2023-10-13 20:10:29,358][INFO][clas_trainer:133] - train epoch: 10 [34464/49295 (70%)], lr: ['1.00e-04', '1.00e-04'], loss: 0.586357
[2023-10-13 20:10:39,950][INFO][clas_trainer:133] - train epoch: 10 [39392/49295 (80%)], lr: ['1.00e-04', '1.00e-04'], loss: 0.520598
[2023-10-13 20:10:50,613][INFO][clas_trainer:133] - train epoch: 10 [44320/49295 (90%)], lr: ['1.00e-04', '1.00e-04'], loss: 0.231747
[2023-10-13 20:11:00,858][INFO][clas_trainer:133] - train epoch: 10 [49248/49295 (100%)], lr: ['1.00e-04', '1.00e-04'], loss: 0.328645
[2023-10-13 20:11:18,904][INFO][clas_trainer:63] - [epoch  10] execution time: 122.99s	metrics:
[2023-10-13 20:11:18,904][INFO][clas_evaluator:99] - dataset: earlystopping, avg f1-score: 0.6942
[2023-10-13 20:11:29,961][INFO][clas_trainer:133] - train epoch: 11 [4896/49295 (10%)], lr: ['1.00e-04', '1.00e-04'], loss: 0.103723
[2023-10-13 20:11:39,846][INFO][clas_trainer:133] - train epoch: 11 [9824/49295 (20%)], lr: ['1.00e-04', '1.00e-04'], loss: 0.515778
[2023-10-13 20:11:50,775][INFO][clas_trainer:133] - train epoch: 11 [14752/49295 (30%)], lr: ['1.00e-04', '1.00e-04'], loss: 0.349470
[2023-10-13 20:12:01,492][INFO][clas_trainer:133] - train epoch: 11 [19680/49295 (40%)], lr: ['1.00e-04', '1.00e-04'], loss: 0.273455
[2023-10-13 20:12:12,431][INFO][clas_trainer:133] - train epoch: 11 [24608/49295 (50%)], lr: ['1.00e-04', '1.00e-04'], loss: 0.168260
[2023-10-13 20:12:23,176][INFO][clas_trainer:133] - train epoch: 11 [29536/49295 (60%)], lr: ['1.00e-04', '1.00e-04'], loss: 0.361164
[2023-10-13 20:12:33,888][INFO][clas_trainer:133] - train epoch: 11 [34464/49295 (70%)], lr: ['1.00e-04', '1.00e-04'], loss: 0.275839
[2023-10-13 20:12:44,309][INFO][clas_trainer:133] - train epoch: 11 [39392/49295 (80%)], lr: ['1.00e-04', '1.00e-04'], loss: 0.167601
[2023-10-13 20:12:55,413][INFO][clas_trainer:133] - train epoch: 11 [44320/49295 (90%)], lr: ['1.00e-04', '1.00e-04'], loss: 0.391017
[2023-10-13 20:13:05,974][INFO][clas_trainer:133] - train epoch: 11 [49248/49295 (100%)], lr: ['1.00e-04', '1.00e-04'], loss: 0.271949
[2023-10-13 20:13:24,458][INFO][clas_trainer:63] - [epoch  11] execution time: 125.55s	metrics:
[2023-10-13 20:13:24,458][INFO][clas_evaluator:99] - dataset: earlystopping, avg f1-score: 0.7376
[2023-10-13 20:13:24,572][INFO][base_model:51] - snapshot saved to /home/ngr/repos/sleep_freq-pretraining/models/exp001a-m50-base_fe_clas-2023-10-13_14-21-17-final.pth
[2023-10-13 20:13:36,389][INFO][clas_trainer:133] - train epoch: 12 [4896/49295 (10%)], lr: ['1.00e-04', '1.00e-04'], loss: 0.456106
[2023-10-13 20:13:46,237][INFO][clas_trainer:133] - train epoch: 12 [9824/49295 (20%)], lr: ['1.00e-04', '1.00e-04'], loss: 0.230841
[2023-10-13 20:13:56,765][INFO][clas_trainer:133] - train epoch: 12 [14752/49295 (30%)], lr: ['1.00e-04', '1.00e-04'], loss: 0.115431
[2023-10-13 20:14:07,351][INFO][clas_trainer:133] - train epoch: 12 [19680/49295 (40%)], lr: ['1.00e-04', '1.00e-04'], loss: 0.142679
[2023-10-13 20:14:17,547][INFO][clas_trainer:133] - train epoch: 12 [24608/49295 (50%)], lr: ['1.00e-04', '1.00e-04'], loss: 0.328754
[2023-10-13 20:14:27,765][INFO][clas_trainer:133] - train epoch: 12 [29536/49295 (60%)], lr: ['1.00e-04', '1.00e-04'], loss: 0.077714
[2023-10-13 20:14:37,960][INFO][clas_trainer:133] - train epoch: 12 [34464/49295 (70%)], lr: ['1.00e-04', '1.00e-04'], loss: 0.318066
[2023-10-13 20:14:47,890][INFO][clas_trainer:133] - train epoch: 12 [39392/49295 (80%)], lr: ['1.00e-04', '1.00e-04'], loss: 0.093525
[2023-10-13 20:14:57,669][INFO][clas_trainer:133] - train epoch: 12 [44320/49295 (90%)], lr: ['1.00e-04', '1.00e-04'], loss: 0.560113
[2023-10-13 20:15:08,050][INFO][clas_trainer:133] - train epoch: 12 [49248/49295 (100%)], lr: ['1.00e-04', '1.00e-04'], loss: 0.154057
[2023-10-13 20:15:25,923][INFO][clas_trainer:63] - [epoch  12] execution time: 121.35s	metrics:
[2023-10-13 20:15:25,923][INFO][clas_evaluator:99] - dataset: earlystopping, avg f1-score: 0.7527
[2023-10-13 20:15:25,981][INFO][base_model:51] - snapshot saved to /home/ngr/repos/sleep_freq-pretraining/models/exp001a-m50-base_fe_clas-2023-10-13_14-21-17-final.pth
[2023-10-13 20:15:37,681][INFO][clas_trainer:133] - train epoch: 13 [4896/49295 (10%)], lr: ['1.00e-04', '1.00e-04'], loss: 0.146506
[2023-10-13 20:15:48,264][INFO][clas_trainer:133] - train epoch: 13 [9824/49295 (20%)], lr: ['1.00e-04', '1.00e-04'], loss: 0.100967
[2023-10-13 20:15:58,584][INFO][clas_trainer:133] - train epoch: 13 [14752/49295 (30%)], lr: ['1.00e-04', '1.00e-04'], loss: 0.264026
[2023-10-13 20:16:09,409][INFO][clas_trainer:133] - train epoch: 13 [19680/49295 (40%)], lr: ['1.00e-04', '1.00e-04'], loss: 0.155329
[2023-10-13 20:16:19,722][INFO][clas_trainer:133] - train epoch: 13 [24608/49295 (50%)], lr: ['1.00e-04', '1.00e-04'], loss: 0.081212
[2023-10-13 20:16:29,946][INFO][clas_trainer:133] - train epoch: 13 [29536/49295 (60%)], lr: ['1.00e-04', '1.00e-04'], loss: 0.263272
[2023-10-13 20:16:39,681][INFO][clas_trainer:133] - train epoch: 13 [34464/49295 (70%)], lr: ['1.00e-04', '1.00e-04'], loss: 0.233573
[2023-10-13 20:16:49,584][INFO][clas_trainer:133] - train epoch: 13 [39392/49295 (80%)], lr: ['1.00e-04', '1.00e-04'], loss: 0.067906
[2023-10-13 20:17:00,083][INFO][clas_trainer:133] - train epoch: 13 [44320/49295 (90%)], lr: ['1.00e-04', '1.00e-04'], loss: 0.316835
[2023-10-13 20:17:10,487][INFO][clas_trainer:133] - train epoch: 13 [49248/49295 (100%)], lr: ['1.00e-04', '1.00e-04'], loss: 0.300260
[2023-10-13 20:17:28,773][INFO][clas_trainer:63] - [epoch  13] execution time: 122.79s	metrics:
[2023-10-13 20:17:28,773][INFO][clas_evaluator:99] - dataset: earlystopping, avg f1-score: 0.7569
[2023-10-13 20:17:28,831][INFO][base_model:51] - snapshot saved to /home/ngr/repos/sleep_freq-pretraining/models/exp001a-m50-base_fe_clas-2023-10-13_14-21-17-final.pth
[2023-10-13 20:17:40,589][INFO][clas_trainer:133] - train epoch: 14 [4896/49295 (10%)], lr: ['1.00e-04', '1.00e-04'], loss: 0.116572
[2023-10-13 20:17:50,920][INFO][clas_trainer:133] - train epoch: 14 [9824/49295 (20%)], lr: ['1.00e-04', '1.00e-04'], loss: 0.047060
[2023-10-13 20:18:00,899][INFO][clas_trainer:133] - train epoch: 14 [14752/49295 (30%)], lr: ['1.00e-04', '1.00e-04'], loss: 0.274034
[2023-10-13 20:18:11,076][INFO][clas_trainer:133] - train epoch: 14 [19680/49295 (40%)], lr: ['1.00e-04', '1.00e-04'], loss: 0.155929
[2023-10-13 20:18:21,232][INFO][clas_trainer:133] - train epoch: 14 [24608/49295 (50%)], lr: ['1.00e-04', '1.00e-04'], loss: 0.149564
[2023-10-13 20:18:31,624][INFO][clas_trainer:133] - train epoch: 14 [29536/49295 (60%)], lr: ['1.00e-04', '1.00e-04'], loss: 0.264537
[2023-10-13 20:18:42,193][INFO][clas_trainer:133] - train epoch: 14 [34464/49295 (70%)], lr: ['1.00e-04', '1.00e-04'], loss: 0.070439
[2023-10-13 20:18:52,623][INFO][clas_trainer:133] - train epoch: 14 [39392/49295 (80%)], lr: ['1.00e-04', '1.00e-04'], loss: 0.182393
[2023-10-13 20:19:02,939][INFO][clas_trainer:133] - train epoch: 14 [44320/49295 (90%)], lr: ['1.00e-04', '1.00e-04'], loss: 0.040884
[2023-10-13 20:19:13,468][INFO][clas_trainer:133] - train epoch: 14 [49248/49295 (100%)], lr: ['1.00e-04', '1.00e-04'], loss: 0.114042
[2023-10-13 20:19:32,494][INFO][clas_trainer:63] - [epoch  14] execution time: 123.66s	metrics:
[2023-10-13 20:19:32,495][INFO][clas_evaluator:99] - dataset: earlystopping, avg f1-score: 0.7697
[2023-10-13 20:19:32,551][INFO][base_model:51] - snapshot saved to /home/ngr/repos/sleep_freq-pretraining/models/exp001a-m50-base_fe_clas-2023-10-13_14-21-17-final.pth
[2023-10-13 20:19:44,638][INFO][clas_trainer:133] - train epoch: 15 [4896/49295 (10%)], lr: ['1.00e-04', '1.00e-04'], loss: 0.064817
[2023-10-13 20:19:55,755][INFO][clas_trainer:133] - train epoch: 15 [9824/49295 (20%)], lr: ['1.00e-04', '1.00e-04'], loss: 0.128137
[2023-10-13 20:20:06,944][INFO][clas_trainer:133] - train epoch: 15 [14752/49295 (30%)], lr: ['1.00e-04', '1.00e-04'], loss: 0.052988
[2023-10-13 20:20:17,658][INFO][clas_trainer:133] - train epoch: 15 [19680/49295 (40%)], lr: ['1.00e-04', '1.00e-04'], loss: 0.126592
[2023-10-13 20:20:27,634][INFO][clas_trainer:133] - train epoch: 15 [24608/49295 (50%)], lr: ['1.00e-04', '1.00e-04'], loss: 0.227439
[2023-10-13 20:20:38,101][INFO][clas_trainer:133] - train epoch: 15 [29536/49295 (60%)], lr: ['1.00e-04', '1.00e-04'], loss: 0.207518
[2023-10-13 20:20:48,518][INFO][clas_trainer:133] - train epoch: 15 [34464/49295 (70%)], lr: ['1.00e-04', '1.00e-04'], loss: 0.104141
[2023-10-13 20:20:59,108][INFO][clas_trainer:133] - train epoch: 15 [39392/49295 (80%)], lr: ['1.00e-04', '1.00e-04'], loss: 0.240801
[2023-10-13 20:21:09,605][INFO][clas_trainer:133] - train epoch: 15 [44320/49295 (90%)], lr: ['1.00e-04', '1.00e-04'], loss: 0.110275
[2023-10-13 20:21:20,013][INFO][clas_trainer:133] - train epoch: 15 [49248/49295 (100%)], lr: ['1.00e-04', '1.00e-04'], loss: 0.262673
[2023-10-13 20:21:38,160][INFO][clas_trainer:63] - [epoch  15] execution time: 125.61s	metrics:
[2023-10-13 20:21:38,161][INFO][clas_evaluator:99] - dataset: earlystopping, avg f1-score: 0.6633
[2023-10-13 20:21:49,360][INFO][clas_trainer:133] - train epoch: 16 [4896/49295 (10%)], lr: ['1.00e-04', '1.00e-04'], loss: 0.281561
[2023-10-13 20:21:59,755][INFO][clas_trainer:133] - train epoch: 16 [9824/49295 (20%)], lr: ['1.00e-04', '1.00e-04'], loss: 0.130847
[2023-10-13 20:22:10,292][INFO][clas_trainer:133] - train epoch: 16 [14752/49295 (30%)], lr: ['1.00e-04', '1.00e-04'], loss: 0.300493
[2023-10-13 20:22:20,951][INFO][clas_trainer:133] - train epoch: 16 [19680/49295 (40%)], lr: ['1.00e-04', '1.00e-04'], loss: 0.199590
[2023-10-13 20:22:31,149][INFO][clas_trainer:133] - train epoch: 16 [24608/49295 (50%)], lr: ['1.00e-04', '1.00e-04'], loss: 0.035334
[2023-10-13 20:22:41,761][INFO][clas_trainer:133] - train epoch: 16 [29536/49295 (60%)], lr: ['1.00e-04', '1.00e-04'], loss: 0.057846
[2023-10-13 20:22:51,715][INFO][clas_trainer:133] - train epoch: 16 [34464/49295 (70%)], lr: ['1.00e-04', '1.00e-04'], loss: 0.103407
[2023-10-13 20:23:02,197][INFO][clas_trainer:133] - train epoch: 16 [39392/49295 (80%)], lr: ['1.00e-04', '1.00e-04'], loss: 0.154549
[2023-10-13 20:23:12,436][INFO][clas_trainer:133] - train epoch: 16 [44320/49295 (90%)], lr: ['1.00e-04', '1.00e-04'], loss: 0.156998
[2023-10-13 20:23:22,369][INFO][clas_trainer:133] - train epoch: 16 [49248/49295 (100%)], lr: ['1.00e-04', '1.00e-04'], loss: 0.105335
[2023-10-13 20:23:39,965][INFO][clas_trainer:63] - [epoch  16] execution time: 121.80s	metrics:
[2023-10-13 20:23:39,965][INFO][clas_evaluator:99] - dataset: earlystopping, avg f1-score: 0.7518
[2023-10-13 20:23:52,093][INFO][clas_trainer:133] - train epoch: 17 [4896/49295 (10%)], lr: ['1.00e-04', '1.00e-04'], loss: 0.087525
[2023-10-13 20:24:02,564][INFO][clas_trainer:133] - train epoch: 17 [9824/49295 (20%)], lr: ['1.00e-04', '1.00e-04'], loss: 0.141563
[2023-10-13 20:24:13,025][INFO][clas_trainer:133] - train epoch: 17 [14752/49295 (30%)], lr: ['1.00e-04', '1.00e-04'], loss: 0.246936
[2023-10-13 20:24:24,017][INFO][clas_trainer:133] - train epoch: 17 [19680/49295 (40%)], lr: ['1.00e-04', '1.00e-04'], loss: 0.118326
[2023-10-13 20:24:34,627][INFO][clas_trainer:133] - train epoch: 17 [24608/49295 (50%)], lr: ['1.00e-04', '1.00e-04'], loss: 0.158820
[2023-10-13 20:24:44,913][INFO][clas_trainer:133] - train epoch: 17 [29536/49295 (60%)], lr: ['1.00e-04', '1.00e-04'], loss: 0.035039
[2023-10-13 20:24:55,774][INFO][clas_trainer:133] - train epoch: 17 [34464/49295 (70%)], lr: ['1.00e-04', '1.00e-04'], loss: 0.158267
[2023-10-13 20:25:06,345][INFO][clas_trainer:133] - train epoch: 17 [39392/49295 (80%)], lr: ['1.00e-04', '1.00e-04'], loss: 0.137732
[2023-10-13 20:25:17,205][INFO][clas_trainer:133] - train epoch: 17 [44320/49295 (90%)], lr: ['1.00e-04', '1.00e-04'], loss: 0.273467
[2023-10-13 20:25:28,294][INFO][clas_trainer:133] - train epoch: 17 [49248/49295 (100%)], lr: ['1.00e-04', '1.00e-04'], loss: 0.238893
[2023-10-13 20:25:46,834][INFO][clas_trainer:63] - [epoch  17] execution time: 126.87s	metrics:
[2023-10-13 20:25:46,834][INFO][clas_evaluator:99] - dataset: earlystopping, avg f1-score: 0.7464
[2023-10-13 20:25:57,129][INFO][clas_trainer:133] - train epoch: 18 [4896/49295 (10%)], lr: ['1.00e-04', '1.00e-04'], loss: 0.073021
[2023-10-13 20:26:07,433][INFO][clas_trainer:133] - train epoch: 18 [9824/49295 (20%)], lr: ['1.00e-04', '1.00e-04'], loss: 0.176337
[2023-10-13 20:26:17,745][INFO][clas_trainer:133] - train epoch: 18 [14752/49295 (30%)], lr: ['1.00e-04', '1.00e-04'], loss: 0.080618
[2023-10-13 20:26:28,209][INFO][clas_trainer:133] - train epoch: 18 [19680/49295 (40%)], lr: ['1.00e-04', '1.00e-04'], loss: 0.063563
[2023-10-13 20:26:38,567][INFO][clas_trainer:133] - train epoch: 18 [24608/49295 (50%)], lr: ['1.00e-04', '1.00e-04'], loss: 0.077942
[2023-10-13 20:26:49,168][INFO][clas_trainer:133] - train epoch: 18 [29536/49295 (60%)], lr: ['1.00e-04', '1.00e-04'], loss: 0.184366
[2023-10-13 20:26:59,311][INFO][clas_trainer:133] - train epoch: 18 [34464/49295 (70%)], lr: ['1.00e-04', '1.00e-04'], loss: 0.228378
[2023-10-13 20:27:09,131][INFO][clas_trainer:133] - train epoch: 18 [39392/49295 (80%)], lr: ['1.00e-04', '1.00e-04'], loss: 0.370537
[2023-10-13 20:27:19,570][INFO][clas_trainer:133] - train epoch: 18 [44320/49295 (90%)], lr: ['1.00e-04', '1.00e-04'], loss: 0.322964
[2023-10-13 20:27:29,715][INFO][clas_trainer:133] - train epoch: 18 [49248/49295 (100%)], lr: ['1.00e-04', '1.00e-04'], loss: 0.163471
[2023-10-13 20:27:47,348][INFO][clas_trainer:63] - [epoch  18] execution time: 120.51s	metrics:
[2023-10-13 20:27:47,348][INFO][clas_evaluator:99] - dataset: earlystopping, avg f1-score: 0.7629
[2023-10-13 20:27:59,181][INFO][clas_trainer:133] - train epoch: 19 [4896/49295 (10%)], lr: ['1.00e-04', '1.00e-04'], loss: 0.096325
[2023-10-13 20:28:08,929][INFO][clas_trainer:133] - train epoch: 19 [9824/49295 (20%)], lr: ['1.00e-04', '1.00e-04'], loss: 0.140796
[2023-10-13 20:28:18,975][INFO][clas_trainer:133] - train epoch: 19 [14752/49295 (30%)], lr: ['1.00e-04', '1.00e-04'], loss: 0.288367
[2023-10-13 20:28:29,093][INFO][clas_trainer:133] - train epoch: 19 [19680/49295 (40%)], lr: ['1.00e-04', '1.00e-04'], loss: 0.120692
[2023-10-13 20:28:39,364][INFO][clas_trainer:133] - train epoch: 19 [24608/49295 (50%)], lr: ['1.00e-04', '1.00e-04'], loss: 0.266515
[2023-10-13 20:28:49,181][INFO][clas_trainer:133] - train epoch: 19 [29536/49295 (60%)], lr: ['1.00e-04', '1.00e-04'], loss: 0.158347
[2023-10-13 20:28:59,586][INFO][clas_trainer:133] - train epoch: 19 [34464/49295 (70%)], lr: ['1.00e-04', '1.00e-04'], loss: 0.210609
[2023-10-13 20:29:09,573][INFO][clas_trainer:133] - train epoch: 19 [39392/49295 (80%)], lr: ['1.00e-04', '1.00e-04'], loss: 0.447670
[2023-10-13 20:29:19,855][INFO][clas_trainer:133] - train epoch: 19 [44320/49295 (90%)], lr: ['1.00e-04', '1.00e-04'], loss: 0.415441
[2023-10-13 20:29:30,094][INFO][clas_trainer:133] - train epoch: 19 [49248/49295 (100%)], lr: ['1.00e-04', '1.00e-04'], loss: 0.069080
[2023-10-13 20:29:47,742][INFO][clas_trainer:63] - [epoch  19] execution time: 120.39s	metrics:
[2023-10-13 20:29:47,742][INFO][clas_evaluator:99] - dataset: earlystopping, avg f1-score: 0.6848
[2023-10-13 20:29:58,883][INFO][clas_trainer:133] - train epoch: 20 [4896/49295 (10%)], lr: ['1.00e-04', '1.00e-04'], loss: 0.224175
[2023-10-13 20:30:08,973][INFO][clas_trainer:133] - train epoch: 20 [9824/49295 (20%)], lr: ['1.00e-04', '1.00e-04'], loss: 0.074993
[2023-10-13 20:30:19,045][INFO][clas_trainer:133] - train epoch: 20 [14752/49295 (30%)], lr: ['1.00e-04', '1.00e-04'], loss: 0.220308
[2023-10-13 20:30:29,052][INFO][clas_trainer:133] - train epoch: 20 [19680/49295 (40%)], lr: ['1.00e-04', '1.00e-04'], loss: 0.124861
[2023-10-13 20:30:39,268][INFO][clas_trainer:133] - train epoch: 20 [24608/49295 (50%)], lr: ['1.00e-04', '1.00e-04'], loss: 0.245867
[2023-10-13 20:30:49,062][INFO][clas_trainer:133] - train epoch: 20 [29536/49295 (60%)], lr: ['1.00e-04', '1.00e-04'], loss: 0.207515
[2023-10-13 20:30:58,757][INFO][clas_trainer:133] - train epoch: 20 [34464/49295 (70%)], lr: ['1.00e-04', '1.00e-04'], loss: 0.226992
[2023-10-13 20:31:08,462][INFO][clas_trainer:133] - train epoch: 20 [39392/49295 (80%)], lr: ['1.00e-04', '1.00e-04'], loss: 0.115733
[2023-10-13 20:31:18,308][INFO][clas_trainer:133] - train epoch: 20 [44320/49295 (90%)], lr: ['1.00e-04', '1.00e-04'], loss: 0.098654
[2023-10-13 20:31:27,956][INFO][clas_trainer:133] - train epoch: 20 [49248/49295 (100%)], lr: ['1.00e-04', '1.00e-04'], loss: 0.183594
[2023-10-13 20:31:45,789][INFO][clas_trainer:63] - [epoch  20] execution time: 118.05s	metrics:
[2023-10-13 20:31:45,789][INFO][clas_evaluator:99] - dataset: earlystopping, avg f1-score: 0.6917
[2023-10-13 20:31:56,727][INFO][clas_trainer:133] - train epoch: 21 [4896/49295 (10%)], lr: ['1.00e-04', '1.00e-04'], loss: 0.297818
[2023-10-13 20:32:07,018][INFO][clas_trainer:133] - train epoch: 21 [9824/49295 (20%)], lr: ['1.00e-04', '1.00e-04'], loss: 0.146918
[2023-10-13 20:32:17,462][INFO][clas_trainer:133] - train epoch: 21 [14752/49295 (30%)], lr: ['1.00e-04', '1.00e-04'], loss: 0.081947
[2023-10-13 20:32:27,917][INFO][clas_trainer:133] - train epoch: 21 [19680/49295 (40%)], lr: ['1.00e-04', '1.00e-04'], loss: 0.141702
[2023-10-13 20:32:38,268][INFO][clas_trainer:133] - train epoch: 21 [24608/49295 (50%)], lr: ['1.00e-04', '1.00e-04'], loss: 0.074350
[2023-10-13 20:32:48,598][INFO][clas_trainer:133] - train epoch: 21 [29536/49295 (60%)], lr: ['1.00e-04', '1.00e-04'], loss: 0.019386
[2023-10-13 20:32:58,768][INFO][clas_trainer:133] - train epoch: 21 [34464/49295 (70%)], lr: ['1.00e-04', '1.00e-04'], loss: 0.108432
[2023-10-13 20:33:08,486][INFO][clas_trainer:133] - train epoch: 21 [39392/49295 (80%)], lr: ['1.00e-04', '1.00e-04'], loss: 0.039241
[2023-10-13 20:33:18,091][INFO][clas_trainer:133] - train epoch: 21 [44320/49295 (90%)], lr: ['1.00e-04', '1.00e-04'], loss: 0.077169
[2023-10-13 20:33:28,237][INFO][clas_trainer:133] - train epoch: 21 [49248/49295 (100%)], lr: ['1.00e-04', '1.00e-04'], loss: 0.071175
[2023-10-13 20:33:45,278][INFO][clas_trainer:63] - [epoch  21] execution time: 119.49s	metrics:
[2023-10-13 20:33:45,278][INFO][clas_evaluator:99] - dataset: earlystopping, avg f1-score: 0.6837
[2023-10-13 20:33:56,018][INFO][clas_trainer:133] - train epoch: 22 [4896/49295 (10%)], lr: ['1.00e-04', '1.00e-04'], loss: 0.155213
[2023-10-13 20:34:06,012][INFO][clas_trainer:133] - train epoch: 22 [9824/49295 (20%)], lr: ['1.00e-04', '1.00e-04'], loss: 0.226887
[2023-10-13 20:34:15,697][INFO][clas_trainer:133] - train epoch: 22 [14752/49295 (30%)], lr: ['1.00e-04', '1.00e-04'], loss: 0.133134
[2023-10-13 20:34:25,531][INFO][clas_trainer:133] - train epoch: 22 [19680/49295 (40%)], lr: ['1.00e-04', '1.00e-04'], loss: 0.088691
[2023-10-13 20:34:35,593][INFO][clas_trainer:133] - train epoch: 22 [24608/49295 (50%)], lr: ['1.00e-04', '1.00e-04'], loss: 0.113254
[2023-10-13 20:34:45,733][INFO][clas_trainer:133] - train epoch: 22 [29536/49295 (60%)], lr: ['1.00e-04', '1.00e-04'], loss: 0.131065
[2023-10-13 20:34:55,771][INFO][clas_trainer:133] - train epoch: 22 [34464/49295 (70%)], lr: ['1.00e-04', '1.00e-04'], loss: 0.069150
[2023-10-13 20:35:06,254][INFO][clas_trainer:133] - train epoch: 22 [39392/49295 (80%)], lr: ['1.00e-04', '1.00e-04'], loss: 0.129855
[2023-10-13 20:35:16,255][INFO][clas_trainer:133] - train epoch: 22 [44320/49295 (90%)], lr: ['1.00e-04', '1.00e-04'], loss: 0.043629
[2023-10-13 20:35:26,222][INFO][clas_trainer:133] - train epoch: 22 [49248/49295 (100%)], lr: ['1.00e-04', '1.00e-04'], loss: 0.009983
[2023-10-13 20:35:44,038][INFO][clas_trainer:63] - [epoch  22] execution time: 118.76s	metrics:
[2023-10-13 20:35:44,039][INFO][clas_evaluator:99] - dataset: earlystopping, avg f1-score: 0.7134
[2023-10-13 20:35:56,151][INFO][clas_trainer:133] - train epoch: 23 [4896/49295 (10%)], lr: ['1.00e-04', '1.00e-04'], loss: 0.147412
[2023-10-13 20:36:06,467][INFO][clas_trainer:133] - train epoch: 23 [9824/49295 (20%)], lr: ['1.00e-04', '1.00e-04'], loss: 0.099254
[2023-10-13 20:36:17,109][INFO][clas_trainer:133] - train epoch: 23 [14752/49295 (30%)], lr: ['1.00e-04', '1.00e-04'], loss: 0.065248
[2023-10-13 20:36:27,154][INFO][clas_trainer:133] - train epoch: 23 [19680/49295 (40%)], lr: ['1.00e-04', '1.00e-04'], loss: 0.166915
[2023-10-13 20:36:37,265][INFO][clas_trainer:133] - train epoch: 23 [24608/49295 (50%)], lr: ['1.00e-04', '1.00e-04'], loss: 0.208492
[2023-10-13 20:36:47,093][INFO][clas_trainer:133] - train epoch: 23 [29536/49295 (60%)], lr: ['1.00e-04', '1.00e-04'], loss: 0.134098
[2023-10-13 20:36:57,694][INFO][clas_trainer:133] - train epoch: 23 [34464/49295 (70%)], lr: ['1.00e-04', '1.00e-04'], loss: 0.126060
[2023-10-13 20:37:07,482][INFO][clas_trainer:133] - train epoch: 23 [39392/49295 (80%)], lr: ['1.00e-04', '1.00e-04'], loss: 0.430648
[2023-10-13 20:37:17,600][INFO][clas_trainer:133] - train epoch: 23 [44320/49295 (90%)], lr: ['1.00e-04', '1.00e-04'], loss: 0.091174
[2023-10-13 20:37:27,413][INFO][clas_trainer:133] - train epoch: 23 [49248/49295 (100%)], lr: ['1.00e-04', '1.00e-04'], loss: 0.120877
[2023-10-13 20:37:46,198][INFO][clas_trainer:63] - [epoch  23] execution time: 122.16s	metrics:
[2023-10-13 20:37:46,199][INFO][clas_evaluator:99] - dataset: earlystopping, avg f1-score: 0.7647
[2023-10-13 20:37:57,412][INFO][clas_trainer:133] - train epoch: 24 [4896/49295 (10%)], lr: ['1.00e-04', '1.00e-04'], loss: 0.107182
[2023-10-13 20:38:07,250][INFO][clas_trainer:133] - train epoch: 24 [9824/49295 (20%)], lr: ['1.00e-04', '1.00e-04'], loss: 0.031455
[2023-10-13 20:38:17,433][INFO][clas_trainer:133] - train epoch: 24 [14752/49295 (30%)], lr: ['1.00e-04', '1.00e-04'], loss: 0.077658
[2023-10-13 20:38:27,070][INFO][clas_trainer:133] - train epoch: 24 [19680/49295 (40%)], lr: ['1.00e-04', '1.00e-04'], loss: 0.252428
[2023-10-13 20:38:37,462][INFO][clas_trainer:133] - train epoch: 24 [24608/49295 (50%)], lr: ['1.00e-04', '1.00e-04'], loss: 0.038592
[2023-10-13 20:38:47,564][INFO][clas_trainer:133] - train epoch: 24 [29536/49295 (60%)], lr: ['1.00e-04', '1.00e-04'], loss: 0.080636
[2023-10-13 20:38:57,985][INFO][clas_trainer:133] - train epoch: 24 [34464/49295 (70%)], lr: ['1.00e-04', '1.00e-04'], loss: 0.373566
[2023-10-13 20:39:07,706][INFO][clas_trainer:133] - train epoch: 24 [39392/49295 (80%)], lr: ['1.00e-04', '1.00e-04'], loss: 0.056018
[2023-10-13 20:39:17,777][INFO][clas_trainer:133] - train epoch: 24 [44320/49295 (90%)], lr: ['1.00e-04', '1.00e-04'], loss: 0.213835
[2023-10-13 20:39:27,984][INFO][clas_trainer:133] - train epoch: 24 [49248/49295 (100%)], lr: ['1.00e-04', '1.00e-04'], loss: 0.026924
[2023-10-13 20:39:45,960][INFO][clas_trainer:63] - [epoch  24] execution time: 119.76s	metrics:
[2023-10-13 20:39:45,960][INFO][clas_evaluator:99] - dataset: earlystopping, avg f1-score: 0.7052
[2023-10-13 20:39:45,967][INFO][clas_trainer:79] - finished training
[2023-10-13 20:39:45,967][INFO][clas_trainer:80] - best model on epoch: 14 	f1-score: 0.7697
