[2023-11-28 14:13:48,278][INFO][train_ssl:36] - overrides:
hydra:
- hydra.mode=RUN
task:
- seeds=[0,0,0,0,0]

[2023-11-28 14:14:04,457][INFO][freq_trainer:43] - metrics before training (epoch 0):
[2023-11-28 14:14:28,177][INFO][freq_evaluator:55] - dataset: train_ssl, acc: 0.000, hamming: 0.503
[2023-11-28 14:14:29,019][INFO][freq_evaluator:55] - dataset: valid_ssl, acc: 0.000, hamming: 0.507
[2023-11-28 14:14:31,709][INFO][freq_trainer:114] - train epoch: 1 [9920/100000 (10%)], lr: ['1.00e-04'], loss: 1.219604
[2023-11-28 14:14:34,298][INFO][freq_trainer:114] - train epoch: 1 [19904/100000 (20%)], lr: ['1.00e-04'], loss: 0.837004
[2023-11-28 14:14:36,694][INFO][freq_trainer:114] - train epoch: 1 [29888/100000 (30%)], lr: ['1.00e-04'], loss: 0.747127
[2023-11-28 14:14:39,183][INFO][freq_trainer:114] - train epoch: 1 [39872/100000 (40%)], lr: ['1.00e-04'], loss: 0.725122
[2023-11-28 14:14:41,520][INFO][freq_trainer:114] - train epoch: 1 [49856/100000 (50%)], lr: ['1.00e-04'], loss: 0.707766
[2023-11-28 14:14:43,965][INFO][freq_trainer:114] - train epoch: 1 [59840/100000 (60%)], lr: ['1.00e-04'], loss: 0.701603
[2023-11-28 14:14:46,435][INFO][freq_trainer:114] - train epoch: 1 [69824/100000 (70%)], lr: ['1.00e-04'], loss: 0.704053
[2023-11-28 14:14:48,826][INFO][freq_trainer:114] - train epoch: 1 [79808/100000 (80%)], lr: ['1.00e-04'], loss: 0.693813
[2023-11-28 14:14:51,316][INFO][freq_trainer:114] - train epoch: 1 [89792/100000 (90%)], lr: ['1.00e-04'], loss: 0.699694
[2023-11-28 14:14:53,649][INFO][freq_trainer:114] - train epoch: 1 [99776/100000 (100%)], lr: ['1.00e-04'], loss: 0.696147
[2023-11-28 14:15:18,949][INFO][freq_trainer:57] - [epoch   1] execution time: 49.93s	metrics:
[2023-11-28 14:15:18,949][INFO][freq_evaluator:55] - dataset: train_ssl, acc: 0.050, hamming: 0.525
[2023-11-28 14:15:18,949][INFO][freq_evaluator:55] - dataset: valid_ssl, acc: 0.056, hamming: 0.520
[2023-11-28 14:15:18,955][INFO][base_model:51] - snapshot saved to /home/niklas/repos/code/sleep_freq-pretraining/models/exp001b-simple_multi_class-2023-11-28_14-13-48-final.pth
[2023-11-28 14:15:21,884][INFO][freq_trainer:114] - train epoch: 2 [9920/100000 (10%)], lr: ['1.00e-04'], loss: 0.701853
[2023-11-28 14:15:24,287][INFO][freq_trainer:114] - train epoch: 2 [19904/100000 (20%)], lr: ['1.00e-04'], loss: 0.693311
[2023-11-28 14:15:26,778][INFO][freq_trainer:114] - train epoch: 2 [29888/100000 (30%)], lr: ['1.00e-04'], loss: 0.691238
[2023-11-28 14:15:29,226][INFO][freq_trainer:114] - train epoch: 2 [39872/100000 (40%)], lr: ['1.00e-04'], loss: 0.695080
[2023-11-28 14:15:31,697][INFO][freq_trainer:114] - train epoch: 2 [49856/100000 (50%)], lr: ['1.00e-04'], loss: 0.714778
[2023-11-28 14:15:34,164][INFO][freq_trainer:114] - train epoch: 2 [59840/100000 (60%)], lr: ['1.00e-04'], loss: 0.690571
[2023-11-28 14:15:36,691][INFO][freq_trainer:114] - train epoch: 2 [69824/100000 (70%)], lr: ['1.00e-04'], loss: 0.691907
[2023-11-28 14:15:39,077][INFO][freq_trainer:114] - train epoch: 2 [79808/100000 (80%)], lr: ['1.00e-04'], loss: 0.693681
[2023-11-28 14:15:41,708][INFO][freq_trainer:114] - train epoch: 2 [89792/100000 (90%)], lr: ['1.00e-04'], loss: 0.691628
[2023-11-28 14:15:44,269][INFO][freq_trainer:114] - train epoch: 2 [99776/100000 (100%)], lr: ['1.00e-04'], loss: 0.693354
[2023-11-28 14:16:12,303][INFO][freq_trainer:57] - [epoch   2] execution time: 53.35s	metrics:
[2023-11-28 14:16:12,303][INFO][freq_evaluator:55] - dataset: train_ssl, acc: 0.050, hamming: 0.525
[2023-11-28 14:16:12,303][INFO][freq_evaluator:55] - dataset: valid_ssl, acc: 0.056, hamming: 0.520
[2023-11-28 14:16:12,308][INFO][base_model:51] - snapshot saved to /home/niklas/repos/code/sleep_freq-pretraining/models/exp001b-simple_multi_class-2023-11-28_14-13-48-final.pth
[2023-11-28 14:16:15,182][INFO][freq_trainer:114] - train epoch: 3 [9920/100000 (10%)], lr: ['1.00e-04'], loss: 0.695889
[2023-11-28 14:16:17,784][INFO][freq_trainer:114] - train epoch: 3 [19904/100000 (20%)], lr: ['1.00e-04'], loss: 0.690971
[2023-11-28 14:16:20,395][INFO][freq_trainer:114] - train epoch: 3 [29888/100000 (30%)], lr: ['1.00e-04'], loss: 0.697798
[2023-11-28 14:16:22,997][INFO][freq_trainer:114] - train epoch: 3 [39872/100000 (40%)], lr: ['1.00e-04'], loss: 0.686910
[2023-11-28 14:16:25,525][INFO][freq_trainer:114] - train epoch: 3 [49856/100000 (50%)], lr: ['1.00e-04'], loss: 0.687577
[2023-11-28 14:16:27,971][INFO][freq_trainer:114] - train epoch: 3 [59840/100000 (60%)], lr: ['1.00e-04'], loss: 0.687233
[2023-11-28 14:16:30,414][INFO][freq_trainer:114] - train epoch: 3 [69824/100000 (70%)], lr: ['1.00e-04'], loss: 0.690179
[2023-11-28 14:16:32,872][INFO][freq_trainer:114] - train epoch: 3 [79808/100000 (80%)], lr: ['1.00e-04'], loss: 0.691138
[2023-11-28 14:16:35,277][INFO][freq_trainer:114] - train epoch: 3 [89792/100000 (90%)], lr: ['1.00e-04'], loss: 0.693798
[2023-11-28 14:16:37,671][INFO][freq_trainer:114] - train epoch: 3 [99776/100000 (100%)], lr: ['1.00e-04'], loss: 0.687859
[2023-11-28 14:17:03,204][INFO][freq_trainer:57] - [epoch   3] execution time: 50.90s	metrics:
[2023-11-28 14:17:03,204][INFO][freq_evaluator:55] - dataset: train_ssl, acc: 0.050, hamming: 0.525
[2023-11-28 14:17:03,205][INFO][freq_evaluator:55] - dataset: valid_ssl, acc: 0.056, hamming: 0.520
[2023-11-28 14:17:03,213][INFO][base_model:51] - snapshot saved to /home/niklas/repos/code/sleep_freq-pretraining/models/exp001b-simple_multi_class-2023-11-28_14-13-48-final.pth
[2023-11-28 14:17:06,221][INFO][freq_trainer:114] - train epoch: 4 [9920/100000 (10%)], lr: ['1.00e-04'], loss: 0.691237
[2023-11-28 14:17:08,915][INFO][freq_trainer:114] - train epoch: 4 [19904/100000 (20%)], lr: ['1.00e-04'], loss: 0.689901
[2023-11-28 14:17:11,858][INFO][freq_trainer:114] - train epoch: 4 [29888/100000 (30%)], lr: ['1.00e-04'], loss: 0.687629
[2023-11-28 14:17:14,573][INFO][freq_trainer:114] - train epoch: 4 [39872/100000 (40%)], lr: ['1.00e-04'], loss: 0.689280
[2023-11-28 14:17:17,106][INFO][freq_trainer:114] - train epoch: 4 [49856/100000 (50%)], lr: ['1.00e-04'], loss: 0.660085
[2023-11-28 14:17:19,669][INFO][freq_trainer:114] - train epoch: 4 [59840/100000 (60%)], lr: ['1.00e-04'], loss: 0.682417
[2023-11-28 14:17:22,169][INFO][freq_trainer:114] - train epoch: 4 [69824/100000 (70%)], lr: ['1.00e-04'], loss: 0.633599
[2023-11-28 14:17:24,688][INFO][freq_trainer:114] - train epoch: 4 [79808/100000 (80%)], lr: ['1.00e-04'], loss: 0.656227
[2023-11-28 14:17:27,260][INFO][freq_trainer:114] - train epoch: 4 [89792/100000 (90%)], lr: ['1.00e-04'], loss: 0.644680
[2023-11-28 14:17:29,645][INFO][freq_trainer:114] - train epoch: 4 [99776/100000 (100%)], lr: ['1.00e-04'], loss: 0.644036
[2023-11-28 14:17:56,039][INFO][freq_trainer:57] - [epoch   4] execution time: 52.83s	metrics:
[2023-11-28 14:17:56,040][INFO][freq_evaluator:55] - dataset: train_ssl, acc: 0.046, hamming: 0.613
[2023-11-28 14:17:56,040][INFO][freq_evaluator:55] - dataset: valid_ssl, acc: 0.051, hamming: 0.617
[2023-11-28 14:17:56,045][INFO][base_model:51] - snapshot saved to /home/niklas/repos/code/sleep_freq-pretraining/models/exp001b-simple_multi_class-2023-11-28_14-13-48-final.pth
[2023-11-28 14:17:58,811][INFO][freq_trainer:114] - train epoch: 5 [9920/100000 (10%)], lr: ['1.00e-04'], loss: 0.637500
[2023-11-28 14:18:01,188][INFO][freq_trainer:114] - train epoch: 5 [19904/100000 (20%)], lr: ['1.00e-04'], loss: 0.617033
[2023-11-28 14:18:03,597][INFO][freq_trainer:114] - train epoch: 5 [29888/100000 (30%)], lr: ['1.00e-04'], loss: 0.602222
[2023-11-28 14:18:05,901][INFO][freq_trainer:114] - train epoch: 5 [39872/100000 (40%)], lr: ['1.00e-04'], loss: 0.597211
[2023-11-28 14:18:08,240][INFO][freq_trainer:114] - train epoch: 5 [49856/100000 (50%)], lr: ['1.00e-04'], loss: 0.625574
[2023-11-28 14:18:10,720][INFO][freq_trainer:114] - train epoch: 5 [59840/100000 (60%)], lr: ['1.00e-04'], loss: 0.637448
[2023-11-28 14:18:13,213][INFO][freq_trainer:114] - train epoch: 5 [69824/100000 (70%)], lr: ['1.00e-04'], loss: 0.608462
[2023-11-28 14:18:15,736][INFO][freq_trainer:114] - train epoch: 5 [79808/100000 (80%)], lr: ['1.00e-04'], loss: 0.629649
[2023-11-28 14:18:18,403][INFO][freq_trainer:114] - train epoch: 5 [89792/100000 (90%)], lr: ['1.00e-04'], loss: 0.614729
[2023-11-28 14:18:20,743][INFO][freq_trainer:114] - train epoch: 5 [99776/100000 (100%)], lr: ['1.00e-04'], loss: 0.610365
[2023-11-28 14:18:46,550][INFO][freq_trainer:57] - [epoch   5] execution time: 50.51s	metrics:
[2023-11-28 14:18:46,551][INFO][freq_evaluator:55] - dataset: train_ssl, acc: 0.053, hamming: 0.721
[2023-11-28 14:18:46,551][INFO][freq_evaluator:55] - dataset: valid_ssl, acc: 0.057, hamming: 0.727
[2023-11-28 14:18:46,556][INFO][base_model:51] - snapshot saved to /home/niklas/repos/code/sleep_freq-pretraining/models/exp001b-simple_multi_class-2023-11-28_14-13-48-final.pth
[2023-11-28 14:18:49,652][INFO][freq_trainer:114] - train epoch: 6 [9920/100000 (10%)], lr: ['1.00e-04'], loss: 0.589328
[2023-11-28 14:18:52,085][INFO][freq_trainer:114] - train epoch: 6 [19904/100000 (20%)], lr: ['1.00e-04'], loss: 0.569225
[2023-11-28 14:18:54,490][INFO][freq_trainer:114] - train epoch: 6 [29888/100000 (30%)], lr: ['1.00e-04'], loss: 0.599478
[2023-11-28 14:18:57,064][INFO][freq_trainer:114] - train epoch: 6 [39872/100000 (40%)], lr: ['1.00e-04'], loss: 0.610507
[2023-11-28 14:18:59,475][INFO][freq_trainer:114] - train epoch: 6 [49856/100000 (50%)], lr: ['1.00e-04'], loss: 0.577951
[2023-11-28 14:19:01,779][INFO][freq_trainer:114] - train epoch: 6 [59840/100000 (60%)], lr: ['1.00e-04'], loss: 0.583857
[2023-11-28 14:19:04,256][INFO][freq_trainer:114] - train epoch: 6 [69824/100000 (70%)], lr: ['1.00e-04'], loss: 0.553618
[2023-11-28 14:19:06,774][INFO][freq_trainer:114] - train epoch: 6 [79808/100000 (80%)], lr: ['1.00e-04'], loss: 0.558055
[2023-11-28 14:19:09,298][INFO][freq_trainer:114] - train epoch: 6 [89792/100000 (90%)], lr: ['1.00e-04'], loss: 0.554690
[2023-11-28 14:19:11,660][INFO][freq_trainer:114] - train epoch: 6 [99776/100000 (100%)], lr: ['1.00e-04'], loss: 0.563831
[2023-11-28 14:19:37,480][INFO][freq_trainer:57] - [epoch   6] execution time: 50.92s	metrics:
[2023-11-28 14:19:37,480][INFO][freq_evaluator:55] - dataset: train_ssl, acc: 0.061, hamming: 0.744
[2023-11-28 14:19:37,480][INFO][freq_evaluator:55] - dataset: valid_ssl, acc: 0.067, hamming: 0.753
[2023-11-28 14:19:37,486][INFO][base_model:51] - snapshot saved to /home/niklas/repos/code/sleep_freq-pretraining/models/exp001b-simple_multi_class-2023-11-28_14-13-48-final.pth
[2023-11-28 14:19:40,555][INFO][freq_trainer:114] - train epoch: 7 [9920/100000 (10%)], lr: ['1.00e-04'], loss: 0.562617
[2023-11-28 14:19:43,155][INFO][freq_trainer:114] - train epoch: 7 [19904/100000 (20%)], lr: ['1.00e-04'], loss: 0.576672
[2023-11-28 14:19:46,046][INFO][freq_trainer:114] - train epoch: 7 [29888/100000 (30%)], lr: ['1.00e-04'], loss: 0.542643
[2023-11-28 14:19:48,840][INFO][freq_trainer:114] - train epoch: 7 [39872/100000 (40%)], lr: ['1.00e-04'], loss: 0.539456
[2023-11-28 14:19:51,529][INFO][freq_trainer:114] - train epoch: 7 [49856/100000 (50%)], lr: ['1.00e-04'], loss: 0.518862
[2023-11-28 14:19:54,178][INFO][freq_trainer:114] - train epoch: 7 [59840/100000 (60%)], lr: ['1.00e-04'], loss: 0.519029
[2023-11-28 14:19:56,875][INFO][freq_trainer:114] - train epoch: 7 [69824/100000 (70%)], lr: ['1.00e-04'], loss: 0.546833
[2023-11-28 14:19:59,356][INFO][freq_trainer:114] - train epoch: 7 [79808/100000 (80%)], lr: ['1.00e-04'], loss: 0.523615
[2023-11-28 14:20:01,924][INFO][freq_trainer:114] - train epoch: 7 [89792/100000 (90%)], lr: ['1.00e-04'], loss: 0.518773
[2023-11-28 14:20:04,210][INFO][freq_trainer:114] - train epoch: 7 [99776/100000 (100%)], lr: ['1.00e-04'], loss: 0.516310
[2023-11-28 14:20:30,201][INFO][freq_trainer:57] - [epoch   7] execution time: 52.72s	metrics:
[2023-11-28 14:20:30,202][INFO][freq_evaluator:55] - dataset: train_ssl, acc: 0.077, hamming: 0.771
[2023-11-28 14:20:30,202][INFO][freq_evaluator:55] - dataset: valid_ssl, acc: 0.085, hamming: 0.778
[2023-11-28 14:20:30,207][INFO][base_model:51] - snapshot saved to /home/niklas/repos/code/sleep_freq-pretraining/models/exp001b-simple_multi_class-2023-11-28_14-13-48-final.pth
[2023-11-28 14:20:33,434][INFO][freq_trainer:114] - train epoch: 8 [9920/100000 (10%)], lr: ['1.00e-04'], loss: 0.503188
[2023-11-28 14:20:35,864][INFO][freq_trainer:114] - train epoch: 8 [19904/100000 (20%)], lr: ['1.00e-04'], loss: 0.468026
[2023-11-28 14:20:38,553][INFO][freq_trainer:114] - train epoch: 8 [29888/100000 (30%)], lr: ['1.00e-04'], loss: 0.475726
[2023-11-28 14:20:41,234][INFO][freq_trainer:114] - train epoch: 8 [39872/100000 (40%)], lr: ['1.00e-04'], loss: 0.499306
[2023-11-28 14:20:43,835][INFO][freq_trainer:114] - train epoch: 8 [49856/100000 (50%)], lr: ['1.00e-04'], loss: 0.484793
[2023-11-28 14:20:46,202][INFO][freq_trainer:114] - train epoch: 8 [59840/100000 (60%)], lr: ['1.00e-04'], loss: 0.498570
[2023-11-28 14:20:48,524][INFO][freq_trainer:114] - train epoch: 8 [69824/100000 (70%)], lr: ['1.00e-04'], loss: 0.446314
[2023-11-28 14:20:50,911][INFO][freq_trainer:114] - train epoch: 8 [79808/100000 (80%)], lr: ['1.00e-04'], loss: 0.469217
[2023-11-28 14:20:53,346][INFO][freq_trainer:114] - train epoch: 8 [89792/100000 (90%)], lr: ['1.00e-04'], loss: 0.419617
[2023-11-28 14:20:55,649][INFO][freq_trainer:114] - train epoch: 8 [99776/100000 (100%)], lr: ['1.00e-04'], loss: 0.434786
[2023-11-28 14:21:21,268][INFO][freq_trainer:57] - [epoch   8] execution time: 51.06s	metrics:
[2023-11-28 14:21:21,268][INFO][freq_evaluator:55] - dataset: train_ssl, acc: 0.092, hamming: 0.797
[2023-11-28 14:21:21,268][INFO][freq_evaluator:55] - dataset: valid_ssl, acc: 0.109, hamming: 0.804
[2023-11-28 14:21:21,273][INFO][base_model:51] - snapshot saved to /home/niklas/repos/code/sleep_freq-pretraining/models/exp001b-simple_multi_class-2023-11-28_14-13-48-final.pth
[2023-11-28 14:21:24,130][INFO][freq_trainer:114] - train epoch: 9 [9920/100000 (10%)], lr: ['1.00e-04'], loss: 0.449655
[2023-11-28 14:21:26,540][INFO][freq_trainer:114] - train epoch: 9 [19904/100000 (20%)], lr: ['1.00e-04'], loss: 0.446504
[2023-11-28 14:21:28,988][INFO][freq_trainer:114] - train epoch: 9 [29888/100000 (30%)], lr: ['1.00e-04'], loss: 0.425550
[2023-11-28 14:21:31,493][INFO][freq_trainer:114] - train epoch: 9 [39872/100000 (40%)], lr: ['1.00e-04'], loss: 0.387960
[2023-11-28 14:21:33,961][INFO][freq_trainer:114] - train epoch: 9 [49856/100000 (50%)], lr: ['1.00e-04'], loss: 0.412454
[2023-11-28 14:21:36,403][INFO][freq_trainer:114] - train epoch: 9 [59840/100000 (60%)], lr: ['1.00e-04'], loss: 0.401616
[2023-11-28 14:21:39,011][INFO][freq_trainer:114] - train epoch: 9 [69824/100000 (70%)], lr: ['1.00e-04'], loss: 0.427020
[2023-11-28 14:21:41,389][INFO][freq_trainer:114] - train epoch: 9 [79808/100000 (80%)], lr: ['1.00e-04'], loss: 0.403671
[2023-11-28 14:21:43,887][INFO][freq_trainer:114] - train epoch: 9 [89792/100000 (90%)], lr: ['1.00e-04'], loss: 0.441128
[2023-11-28 14:21:46,247][INFO][freq_trainer:114] - train epoch: 9 [99776/100000 (100%)], lr: ['1.00e-04'], loss: 0.412055
[2023-11-28 14:22:13,358][INFO][freq_trainer:57] - [epoch   9] execution time: 52.09s	metrics:
[2023-11-28 14:22:13,358][INFO][freq_evaluator:55] - dataset: train_ssl, acc: 0.109, hamming: 0.820
[2023-11-28 14:22:13,358][INFO][freq_evaluator:55] - dataset: valid_ssl, acc: 0.130, hamming: 0.829
[2023-11-28 14:22:13,363][INFO][base_model:51] - snapshot saved to /home/niklas/repos/code/sleep_freq-pretraining/models/exp001b-simple_multi_class-2023-11-28_14-13-48-final.pth
[2023-11-28 14:22:16,192][INFO][freq_trainer:114] - train epoch: 10 [9920/100000 (10%)], lr: ['1.00e-04'], loss: 0.363911
[2023-11-28 14:22:18,539][INFO][freq_trainer:114] - train epoch: 10 [19904/100000 (20%)], lr: ['1.00e-04'], loss: 0.407170
[2023-11-28 14:22:20,821][INFO][freq_trainer:114] - train epoch: 10 [29888/100000 (30%)], lr: ['1.00e-04'], loss: 0.399543
[2023-11-28 14:22:23,241][INFO][freq_trainer:114] - train epoch: 10 [39872/100000 (40%)], lr: ['1.00e-04'], loss: 0.409415
[2023-11-28 14:22:25,527][INFO][freq_trainer:114] - train epoch: 10 [49856/100000 (50%)], lr: ['1.00e-04'], loss: 0.398477
[2023-11-28 14:22:27,984][INFO][freq_trainer:114] - train epoch: 10 [59840/100000 (60%)], lr: ['1.00e-04'], loss: 0.350601
[2023-11-28 14:22:30,403][INFO][freq_trainer:114] - train epoch: 10 [69824/100000 (70%)], lr: ['1.00e-04'], loss: 0.319522
[2023-11-28 14:22:32,788][INFO][freq_trainer:114] - train epoch: 10 [79808/100000 (80%)], lr: ['1.00e-04'], loss: 0.354511
[2023-11-28 14:22:35,305][INFO][freq_trainer:114] - train epoch: 10 [89792/100000 (90%)], lr: ['1.00e-04'], loss: 0.332209
[2023-11-28 14:22:37,723][INFO][freq_trainer:114] - train epoch: 10 [99776/100000 (100%)], lr: ['1.00e-04'], loss: 0.363537
[2023-11-28 14:23:06,096][INFO][freq_trainer:57] - [epoch  10] execution time: 52.73s	metrics:
[2023-11-28 14:23:06,096][INFO][freq_evaluator:55] - dataset: train_ssl, acc: 0.115, hamming: 0.843
[2023-11-28 14:23:06,096][INFO][freq_evaluator:55] - dataset: valid_ssl, acc: 0.132, hamming: 0.851
[2023-11-28 14:23:06,102][INFO][base_model:51] - snapshot saved to /home/niklas/repos/code/sleep_freq-pretraining/models/exp001b-simple_multi_class-2023-11-28_14-13-48-final.pth
[2023-11-28 14:23:08,961][INFO][freq_trainer:114] - train epoch: 11 [9920/100000 (10%)], lr: ['1.00e-04'], loss: 0.372591
[2023-11-28 14:23:11,336][INFO][freq_trainer:114] - train epoch: 11 [19904/100000 (20%)], lr: ['1.00e-04'], loss: 0.374270
[2023-11-28 14:23:14,032][INFO][freq_trainer:114] - train epoch: 11 [29888/100000 (30%)], lr: ['1.00e-04'], loss: 0.357312
[2023-11-28 14:23:16,712][INFO][freq_trainer:114] - train epoch: 11 [39872/100000 (40%)], lr: ['1.00e-04'], loss: 0.389568
[2023-11-28 14:23:19,657][INFO][freq_trainer:114] - train epoch: 11 [49856/100000 (50%)], lr: ['1.00e-04'], loss: 0.334782
[2023-11-28 14:23:22,474][INFO][freq_trainer:114] - train epoch: 11 [59840/100000 (60%)], lr: ['1.00e-04'], loss: 0.334409
[2023-11-28 14:23:25,260][INFO][freq_trainer:114] - train epoch: 11 [69824/100000 (70%)], lr: ['1.00e-04'], loss: 0.343751
[2023-11-28 14:23:27,753][INFO][freq_trainer:114] - train epoch: 11 [79808/100000 (80%)], lr: ['1.00e-04'], loss: 0.341749
[2023-11-28 14:23:30,612][INFO][freq_trainer:114] - train epoch: 11 [89792/100000 (90%)], lr: ['1.00e-04'], loss: 0.332088
[2023-11-28 14:23:33,246][INFO][freq_trainer:114] - train epoch: 11 [99776/100000 (100%)], lr: ['1.00e-04'], loss: 0.306923
[2023-11-28 14:24:01,931][INFO][freq_trainer:57] - [epoch  11] execution time: 55.83s	metrics:
[2023-11-28 14:24:01,931][INFO][freq_evaluator:55] - dataset: train_ssl, acc: 0.132, hamming: 0.855
[2023-11-28 14:24:01,931][INFO][freq_evaluator:55] - dataset: valid_ssl, acc: 0.148, hamming: 0.861
[2023-11-28 14:24:01,936][INFO][base_model:51] - snapshot saved to /home/niklas/repos/code/sleep_freq-pretraining/models/exp001b-simple_multi_class-2023-11-28_14-13-48-final.pth
[2023-11-28 14:24:04,880][INFO][freq_trainer:114] - train epoch: 12 [9920/100000 (10%)], lr: ['1.00e-04'], loss: 0.299575
[2023-11-28 14:24:07,261][INFO][freq_trainer:114] - train epoch: 12 [19904/100000 (20%)], lr: ['1.00e-04'], loss: 0.355214
[2023-11-28 14:24:09,734][INFO][freq_trainer:114] - train epoch: 12 [29888/100000 (30%)], lr: ['1.00e-04'], loss: 0.322491
[2023-11-28 14:24:12,303][INFO][freq_trainer:114] - train epoch: 12 [39872/100000 (40%)], lr: ['1.00e-04'], loss: 0.320964
[2023-11-28 14:24:14,854][INFO][freq_trainer:114] - train epoch: 12 [49856/100000 (50%)], lr: ['1.00e-04'], loss: 0.321764
[2023-11-28 14:24:17,459][INFO][freq_trainer:114] - train epoch: 12 [59840/100000 (60%)], lr: ['1.00e-04'], loss: 0.342355
[2023-11-28 14:24:20,416][INFO][freq_trainer:114] - train epoch: 12 [69824/100000 (70%)], lr: ['1.00e-04'], loss: 0.322062
[2023-11-28 14:24:23,093][INFO][freq_trainer:114] - train epoch: 12 [79808/100000 (80%)], lr: ['1.00e-04'], loss: 0.272534
[2023-11-28 14:24:26,016][INFO][freq_trainer:114] - train epoch: 12 [89792/100000 (90%)], lr: ['1.00e-04'], loss: 0.294686
[2023-11-28 14:24:28,672][INFO][freq_trainer:114] - train epoch: 12 [99776/100000 (100%)], lr: ['1.00e-04'], loss: 0.310564
[2023-11-28 14:24:53,895][INFO][freq_trainer:57] - [epoch  12] execution time: 51.96s	metrics:
[2023-11-28 14:24:53,895][INFO][freq_evaluator:55] - dataset: train_ssl, acc: 0.140, hamming: 0.861
[2023-11-28 14:24:53,895][INFO][freq_evaluator:55] - dataset: valid_ssl, acc: 0.155, hamming: 0.866
[2023-11-28 14:24:53,900][INFO][base_model:51] - snapshot saved to /home/niklas/repos/code/sleep_freq-pretraining/models/exp001b-simple_multi_class-2023-11-28_14-13-48-final.pth
[2023-11-28 14:24:56,973][INFO][freq_trainer:114] - train epoch: 13 [9920/100000 (10%)], lr: ['1.00e-04'], loss: 0.298538
[2023-11-28 14:24:59,419][INFO][freq_trainer:114] - train epoch: 13 [19904/100000 (20%)], lr: ['1.00e-04'], loss: 0.321917
[2023-11-28 14:25:02,024][INFO][freq_trainer:114] - train epoch: 13 [29888/100000 (30%)], lr: ['1.00e-04'], loss: 0.344030
[2023-11-28 14:25:04,874][INFO][freq_trainer:114] - train epoch: 13 [39872/100000 (40%)], lr: ['1.00e-04'], loss: 0.335953
[2023-11-28 14:25:08,048][INFO][freq_trainer:114] - train epoch: 13 [49856/100000 (50%)], lr: ['1.00e-04'], loss: 0.328412
[2023-11-28 14:25:11,068][INFO][freq_trainer:114] - train epoch: 13 [59840/100000 (60%)], lr: ['1.00e-04'], loss: 0.294259
[2023-11-28 14:25:13,844][INFO][freq_trainer:114] - train epoch: 13 [69824/100000 (70%)], lr: ['1.00e-04'], loss: 0.312600
[2023-11-28 14:25:16,354][INFO][freq_trainer:114] - train epoch: 13 [79808/100000 (80%)], lr: ['1.00e-04'], loss: 0.282563
[2023-11-28 14:25:18,956][INFO][freq_trainer:114] - train epoch: 13 [89792/100000 (90%)], lr: ['1.00e-04'], loss: 0.300011
[2023-11-28 14:25:21,542][INFO][freq_trainer:114] - train epoch: 13 [99776/100000 (100%)], lr: ['1.00e-04'], loss: 0.338577
[2023-11-28 14:25:47,407][INFO][freq_trainer:57] - [epoch  13] execution time: 53.51s	metrics:
[2023-11-28 14:25:47,408][INFO][freq_evaluator:55] - dataset: train_ssl, acc: 0.142, hamming: 0.868
[2023-11-28 14:25:47,408][INFO][freq_evaluator:55] - dataset: valid_ssl, acc: 0.152, hamming: 0.873
[2023-11-28 14:25:47,412][INFO][base_model:51] - snapshot saved to /home/niklas/repos/code/sleep_freq-pretraining/models/exp001b-simple_multi_class-2023-11-28_14-13-48-final.pth
[2023-11-28 14:25:50,196][INFO][freq_trainer:114] - train epoch: 14 [9920/100000 (10%)], lr: ['1.00e-04'], loss: 0.301145
[2023-11-28 14:25:52,472][INFO][freq_trainer:114] - train epoch: 14 [19904/100000 (20%)], lr: ['1.00e-04'], loss: 0.278699
[2023-11-28 14:25:54,883][INFO][freq_trainer:114] - train epoch: 14 [29888/100000 (30%)], lr: ['1.00e-04'], loss: 0.278889
[2023-11-28 14:25:57,149][INFO][freq_trainer:114] - train epoch: 14 [39872/100000 (40%)], lr: ['1.00e-04'], loss: 0.312497
[2023-11-28 14:25:59,476][INFO][freq_trainer:114] - train epoch: 14 [49856/100000 (50%)], lr: ['1.00e-04'], loss: 0.294733
[2023-11-28 14:26:01,871][INFO][freq_trainer:114] - train epoch: 14 [59840/100000 (60%)], lr: ['1.00e-04'], loss: 0.311587
[2023-11-28 14:26:04,226][INFO][freq_trainer:114] - train epoch: 14 [69824/100000 (70%)], lr: ['1.00e-04'], loss: 0.298904
[2023-11-28 14:26:06,593][INFO][freq_trainer:114] - train epoch: 14 [79808/100000 (80%)], lr: ['1.00e-04'], loss: 0.276764
[2023-11-28 14:26:09,180][INFO][freq_trainer:114] - train epoch: 14 [89792/100000 (90%)], lr: ['1.00e-04'], loss: 0.283603
[2023-11-28 14:26:11,476][INFO][freq_trainer:114] - train epoch: 14 [99776/100000 (100%)], lr: ['1.00e-04'], loss: 0.260977
[2023-11-28 14:26:38,471][INFO][freq_trainer:57] - [epoch  14] execution time: 51.06s	metrics:
[2023-11-28 14:26:38,472][INFO][freq_evaluator:55] - dataset: train_ssl, acc: 0.155, hamming: 0.875
[2023-11-28 14:26:38,472][INFO][freq_evaluator:55] - dataset: valid_ssl, acc: 0.164, hamming: 0.880
[2023-11-28 14:26:38,477][INFO][base_model:51] - snapshot saved to /home/niklas/repos/code/sleep_freq-pretraining/models/exp001b-simple_multi_class-2023-11-28_14-13-48-final.pth
[2023-11-28 14:26:41,239][INFO][freq_trainer:114] - train epoch: 15 [9920/100000 (10%)], lr: ['1.00e-04'], loss: 0.305284
[2023-11-28 14:26:43,931][INFO][freq_trainer:114] - train epoch: 15 [19904/100000 (20%)], lr: ['1.00e-04'], loss: 0.268626
[2023-11-28 14:26:46,291][INFO][freq_trainer:114] - train epoch: 15 [29888/100000 (30%)], lr: ['1.00e-04'], loss: 0.272719
[2023-11-28 14:26:48,730][INFO][freq_trainer:114] - train epoch: 15 [39872/100000 (40%)], lr: ['1.00e-04'], loss: 0.284489
[2023-11-28 14:26:51,301][INFO][freq_trainer:114] - train epoch: 15 [49856/100000 (50%)], lr: ['1.00e-04'], loss: 0.260065
[2023-11-28 14:26:53,867][INFO][freq_trainer:114] - train epoch: 15 [59840/100000 (60%)], lr: ['1.00e-04'], loss: 0.304038
[2023-11-28 14:26:56,310][INFO][freq_trainer:114] - train epoch: 15 [69824/100000 (70%)], lr: ['1.00e-04'], loss: 0.262125
[2023-11-28 14:26:58,790][INFO][freq_trainer:114] - train epoch: 15 [79808/100000 (80%)], lr: ['1.00e-04'], loss: 0.289815
[2023-11-28 14:27:01,209][INFO][freq_trainer:114] - train epoch: 15 [89792/100000 (90%)], lr: ['1.00e-04'], loss: 0.276559
[2023-11-28 14:27:03,530][INFO][freq_trainer:114] - train epoch: 15 [99776/100000 (100%)], lr: ['1.00e-04'], loss: 0.259265
[2023-11-28 14:27:29,495][INFO][freq_trainer:57] - [epoch  15] execution time: 51.02s	metrics:
[2023-11-28 14:27:29,495][INFO][freq_evaluator:55] - dataset: train_ssl, acc: 0.163, hamming: 0.881
[2023-11-28 14:27:29,495][INFO][freq_evaluator:55] - dataset: valid_ssl, acc: 0.174, hamming: 0.885
[2023-11-28 14:27:29,500][INFO][base_model:51] - snapshot saved to /home/niklas/repos/code/sleep_freq-pretraining/models/exp001b-simple_multi_class-2023-11-28_14-13-48-final.pth
[2023-11-28 14:27:32,404][INFO][freq_trainer:114] - train epoch: 16 [9920/100000 (10%)], lr: ['1.00e-04'], loss: 0.269510
[2023-11-28 14:27:34,654][INFO][freq_trainer:114] - train epoch: 16 [19904/100000 (20%)], lr: ['1.00e-04'], loss: 0.252284
[2023-11-28 14:27:37,254][INFO][freq_trainer:114] - train epoch: 16 [29888/100000 (30%)], lr: ['1.00e-04'], loss: 0.266751
[2023-11-28 14:27:39,793][INFO][freq_trainer:114] - train epoch: 16 [39872/100000 (40%)], lr: ['1.00e-04'], loss: 0.296081
[2023-11-28 14:27:42,632][INFO][freq_trainer:114] - train epoch: 16 [49856/100000 (50%)], lr: ['1.00e-04'], loss: 0.289013
[2023-11-28 14:27:45,496][INFO][freq_trainer:114] - train epoch: 16 [59840/100000 (60%)], lr: ['1.00e-04'], loss: 0.286721
[2023-11-28 14:27:47,975][INFO][freq_trainer:114] - train epoch: 16 [69824/100000 (70%)], lr: ['1.00e-04'], loss: 0.277468
[2023-11-28 14:27:50,351][INFO][freq_trainer:114] - train epoch: 16 [79808/100000 (80%)], lr: ['1.00e-04'], loss: 0.262662
[2023-11-28 14:27:52,770][INFO][freq_trainer:114] - train epoch: 16 [89792/100000 (90%)], lr: ['1.00e-04'], loss: 0.254035
[2023-11-28 14:27:55,132][INFO][freq_trainer:114] - train epoch: 16 [99776/100000 (100%)], lr: ['1.00e-04'], loss: 0.317145
[2023-11-28 14:28:21,390][INFO][freq_trainer:57] - [epoch  16] execution time: 51.89s	metrics:
[2023-11-28 14:28:21,390][INFO][freq_evaluator:55] - dataset: train_ssl, acc: 0.169, hamming: 0.886
[2023-11-28 14:28:21,390][INFO][freq_evaluator:55] - dataset: valid_ssl, acc: 0.178, hamming: 0.891
[2023-11-28 14:28:21,395][INFO][base_model:51] - snapshot saved to /home/niklas/repos/code/sleep_freq-pretraining/models/exp001b-simple_multi_class-2023-11-28_14-13-48-final.pth
[2023-11-28 14:28:24,135][INFO][freq_trainer:114] - train epoch: 17 [9920/100000 (10%)], lr: ['1.00e-04'], loss: 0.282573
[2023-11-28 14:28:26,777][INFO][freq_trainer:114] - train epoch: 17 [19904/100000 (20%)], lr: ['1.00e-04'], loss: 0.247388
[2023-11-28 14:28:29,340][INFO][freq_trainer:114] - train epoch: 17 [29888/100000 (30%)], lr: ['1.00e-04'], loss: 0.256606
[2023-11-28 14:28:31,659][INFO][freq_trainer:114] - train epoch: 17 [39872/100000 (40%)], lr: ['1.00e-04'], loss: 0.250484
[2023-11-28 14:28:34,397][INFO][freq_trainer:114] - train epoch: 17 [49856/100000 (50%)], lr: ['1.00e-04'], loss: 0.288222
[2023-11-28 14:28:36,944][INFO][freq_trainer:114] - train epoch: 17 [59840/100000 (60%)], lr: ['1.00e-04'], loss: 0.266504
[2023-11-28 14:28:39,292][INFO][freq_trainer:114] - train epoch: 17 [69824/100000 (70%)], lr: ['1.00e-04'], loss: 0.272816
[2023-11-28 14:28:41,878][INFO][freq_trainer:114] - train epoch: 17 [79808/100000 (80%)], lr: ['1.00e-04'], loss: 0.230495
[2023-11-28 14:28:44,386][INFO][freq_trainer:114] - train epoch: 17 [89792/100000 (90%)], lr: ['1.00e-04'], loss: 0.258217
[2023-11-28 14:28:46,778][INFO][freq_trainer:114] - train epoch: 17 [99776/100000 (100%)], lr: ['1.00e-04'], loss: 0.256810
[2023-11-28 14:29:12,281][INFO][freq_trainer:57] - [epoch  17] execution time: 50.89s	metrics:
[2023-11-28 14:29:12,281][INFO][freq_evaluator:55] - dataset: train_ssl, acc: 0.173, hamming: 0.889
[2023-11-28 14:29:12,281][INFO][freq_evaluator:55] - dataset: valid_ssl, acc: 0.183, hamming: 0.893
[2023-11-28 14:29:12,286][INFO][base_model:51] - snapshot saved to /home/niklas/repos/code/sleep_freq-pretraining/models/exp001b-simple_multi_class-2023-11-28_14-13-48-final.pth
[2023-11-28 14:29:15,150][INFO][freq_trainer:114] - train epoch: 18 [9920/100000 (10%)], lr: ['1.00e-04'], loss: 0.250225
[2023-11-28 14:29:18,185][INFO][freq_trainer:114] - train epoch: 18 [19904/100000 (20%)], lr: ['1.00e-04'], loss: 0.231965
[2023-11-28 14:29:21,079][INFO][freq_trainer:114] - train epoch: 18 [29888/100000 (30%)], lr: ['1.00e-04'], loss: 0.254328
[2023-11-28 14:29:23,864][INFO][freq_trainer:114] - train epoch: 18 [39872/100000 (40%)], lr: ['1.00e-04'], loss: 0.272653
[2023-11-28 14:29:26,541][INFO][freq_trainer:114] - train epoch: 18 [49856/100000 (50%)], lr: ['1.00e-04'], loss: 0.222124
[2023-11-28 14:29:28,946][INFO][freq_trainer:114] - train epoch: 18 [59840/100000 (60%)], lr: ['1.00e-04'], loss: 0.247645
[2023-11-28 14:29:31,588][INFO][freq_trainer:114] - train epoch: 18 [69824/100000 (70%)], lr: ['1.00e-04'], loss: 0.261109
[2023-11-28 14:29:34,190][INFO][freq_trainer:114] - train epoch: 18 [79808/100000 (80%)], lr: ['1.00e-04'], loss: 0.271659
[2023-11-28 14:29:36,675][INFO][freq_trainer:114] - train epoch: 18 [89792/100000 (90%)], lr: ['1.00e-04'], loss: 0.238696
[2023-11-28 14:29:39,021][INFO][freq_trainer:114] - train epoch: 18 [99776/100000 (100%)], lr: ['1.00e-04'], loss: 0.249436
[2023-11-28 14:30:04,240][INFO][freq_trainer:57] - [epoch  18] execution time: 51.95s	metrics:
[2023-11-28 14:30:04,241][INFO][freq_evaluator:55] - dataset: train_ssl, acc: 0.182, hamming: 0.892
[2023-11-28 14:30:04,241][INFO][freq_evaluator:55] - dataset: valid_ssl, acc: 0.187, hamming: 0.896
[2023-11-28 14:30:04,245][INFO][base_model:51] - snapshot saved to /home/niklas/repos/code/sleep_freq-pretraining/models/exp001b-simple_multi_class-2023-11-28_14-13-48-final.pth
[2023-11-28 14:30:07,009][INFO][freq_trainer:114] - train epoch: 19 [9920/100000 (10%)], lr: ['1.00e-04'], loss: 0.264305
[2023-11-28 14:30:09,401][INFO][freq_trainer:114] - train epoch: 19 [19904/100000 (20%)], lr: ['1.00e-04'], loss: 0.232336
[2023-11-28 14:30:11,785][INFO][freq_trainer:114] - train epoch: 19 [29888/100000 (30%)], lr: ['1.00e-04'], loss: 0.207751
[2023-11-28 14:30:14,110][INFO][freq_trainer:114] - train epoch: 19 [39872/100000 (40%)], lr: ['1.00e-04'], loss: 0.227175
[2023-11-28 14:30:16,518][INFO][freq_trainer:114] - train epoch: 19 [49856/100000 (50%)], lr: ['1.00e-04'], loss: 0.274366
[2023-11-28 14:30:18,979][INFO][freq_trainer:114] - train epoch: 19 [59840/100000 (60%)], lr: ['1.00e-04'], loss: 0.252147
[2023-11-28 14:30:21,364][INFO][freq_trainer:114] - train epoch: 19 [69824/100000 (70%)], lr: ['1.00e-04'], loss: 0.233624
[2023-11-28 14:30:23,743][INFO][freq_trainer:114] - train epoch: 19 [79808/100000 (80%)], lr: ['1.00e-04'], loss: 0.254117
[2023-11-28 14:30:26,192][INFO][freq_trainer:114] - train epoch: 19 [89792/100000 (90%)], lr: ['1.00e-04'], loss: 0.228933
[2023-11-28 14:30:28,507][INFO][freq_trainer:114] - train epoch: 19 [99776/100000 (100%)], lr: ['1.00e-04'], loss: 0.199698
[2023-11-28 14:30:54,511][INFO][freq_trainer:57] - [epoch  19] execution time: 50.26s	metrics:
[2023-11-28 14:30:54,511][INFO][freq_evaluator:55] - dataset: train_ssl, acc: 0.185, hamming: 0.895
[2023-11-28 14:30:54,511][INFO][freq_evaluator:55] - dataset: valid_ssl, acc: 0.192, hamming: 0.900
[2023-11-28 14:30:54,518][INFO][base_model:51] - snapshot saved to /home/niklas/repos/code/sleep_freq-pretraining/models/exp001b-simple_multi_class-2023-11-28_14-13-48-final.pth
[2023-11-28 14:30:57,345][INFO][freq_trainer:114] - train epoch: 20 [9920/100000 (10%)], lr: ['1.00e-04'], loss: 0.244583
[2023-11-28 14:30:59,743][INFO][freq_trainer:114] - train epoch: 20 [19904/100000 (20%)], lr: ['1.00e-04'], loss: 0.276412
[2023-11-28 14:31:02,076][INFO][freq_trainer:114] - train epoch: 20 [29888/100000 (30%)], lr: ['1.00e-04'], loss: 0.230982
[2023-11-28 14:31:04,411][INFO][freq_trainer:114] - train epoch: 20 [39872/100000 (40%)], lr: ['1.00e-04'], loss: 0.221485
[2023-11-28 14:31:06,648][INFO][freq_trainer:114] - train epoch: 20 [49856/100000 (50%)], lr: ['1.00e-04'], loss: 0.215232
[2023-11-28 14:31:08,963][INFO][freq_trainer:114] - train epoch: 20 [59840/100000 (60%)], lr: ['1.00e-04'], loss: 0.249410
[2023-11-28 14:31:11,438][INFO][freq_trainer:114] - train epoch: 20 [69824/100000 (70%)], lr: ['1.00e-04'], loss: 0.253651
[2023-11-28 14:31:13,785][INFO][freq_trainer:114] - train epoch: 20 [79808/100000 (80%)], lr: ['1.00e-04'], loss: 0.246753
[2023-11-28 14:31:16,306][INFO][freq_trainer:114] - train epoch: 20 [89792/100000 (90%)], lr: ['1.00e-04'], loss: 0.246001
[2023-11-28 14:31:18,631][INFO][freq_trainer:114] - train epoch: 20 [99776/100000 (100%)], lr: ['1.00e-04'], loss: 0.242352
[2023-11-28 14:31:45,654][INFO][freq_trainer:57] - [epoch  20] execution time: 51.14s	metrics:
[2023-11-28 14:31:45,654][INFO][freq_evaluator:55] - dataset: train_ssl, acc: 0.187, hamming: 0.897
[2023-11-28 14:31:45,654][INFO][freq_evaluator:55] - dataset: valid_ssl, acc: 0.194, hamming: 0.901
[2023-11-28 14:31:45,659][INFO][base_model:51] - snapshot saved to /home/niklas/repos/code/sleep_freq-pretraining/models/exp001b-simple_multi_class-2023-11-28_14-13-48-final.pth
[2023-11-28 14:31:45,660][INFO][freq_trainer:67] - finished training
