[2024-10-04 00:38:42,426][INFO][fine-tune:25] - Using GPU 7
[2024-10-04 00:38:42,431][INFO][fine-tune:35] - overrides:
hydra:
- hydra.launcher.n_jobs=40
- hydra.mode=MULTIRUN
task:
- m_seed_path_sids={seeds:[4,4,4,4,4],path:"exp006b-m4-simple_multi_class-2024-09-20_13-58-02-final.pth",subject_ids:{isruc:$\{data.isruc.cv_5_fold.fold_5\}}}
- data.downstream.train_dataloader.dataset.data_reducer.n_epochs=900
- data.downstream.train_dataloader.dataset.data_reducer.n_subjects=4
- general.gpus=[4,5,6,7]

[2024-10-04 00:38:49,011][INFO][data_loaders:39] - class distribution before data reduction:
# samples per subject
sg1-10-1: 842
sg1-11-1: 997
sg1-14-1: 906
sg1-15-1: 786
sg1-18-1: 999
sg1-19-1: 828
sg1-2-1: 964
sg1-20-1: 950
sg1-22-1: 849
sg1-23-1: 892
sg1-25-1: 921
sg1-26-1: 1062
sg1-27-1: 918
sg1-28-1: 882
sg1-29-1: 912
sg1-3-1: 943
sg1-31-1: 877
sg1-32-1: 1010
sg1-33-1: 920
sg1-34-1: 871
sg1-39-1: 900
sg1-40-1: 875
sg1-43-1: 747
sg1-44-1: 932
sg1-46-1: 863
sg1-47-1: 838
sg1-48-1: 981
sg1-49-1: 793
sg1-5-1: 875
sg1-51-1: 856
sg1-52-1: 912
sg1-53-1: 910
sg1-54-1: 814
sg1-56-1: 956
sg1-58-1: 965
sg1-59-1: 942
sg1-6-1: 897
sg1-60-1: 916
sg1-61-1: 852
sg1-62-1: 864
sg1-63-1: 954
sg1-64-1: 892
sg1-66-1: 845
sg1-68-1: 956
sg1-69-1: 815
sg1-7-1: 933
sg1-71-1: 829
sg1-72-1: 872
sg1-73-1: 997
sg1-74-1: 897
sg1-75-1: 898
sg1-76-1: 850
sg1-77-1: 805
sg1-78-1: 894
sg1-80-1: 889
sg1-81-1: 911
sg1-82-1: 882
sg1-83-1: 925
sg1-86-1: 964
sg1-88-1: 1002
sg1-89-1: 1036
sg1-9-1: 969
sg1-90-1: 933
sg1-92-1: 877
sg1-93-1: 870
sg1-94-1: 846
sg1-95-1: 865
sg1-96-1: 858
sg1-97-1: 912
sg1-98-1: 899
sg2-1-1: 933
sg2-1-2: 787
sg2-2-1: 851
sg2-2-2: 869
sg2-4-1: 932
sg2-4-2: 899
sg2-5-1: 815
sg2-5-2: 879
sg2-6-1: 965
sg2-6-2: 1014
sg2-7-1: 942
sg2-7-2: 899
sg2-8-1: 815
sg2-8-2: 923
sg3-1-1: 954
sg3-10-1: 796
sg3-2-1: 941
sg3-3-1: 824
sg3-4-1: 794
sg3-5-1: 944
sg3-6-1: 853
sg3-9-1: 969

# samples per stage
0: 18268
1: 11319
2: 26640
3: 15950
4: 10513
[2024-10-04 00:38:49,488][INFO][data_loaders:43] - class distribution after data reduction:
# samples per subject
sg1-39-1: 20384
sg1-9-1: 22022
sg1-93-1: 18564
sg1-97-1: 20930

# samples per stage
0: 14014
1: 12922
2: 27391
3: 15743
4: 11830
[2024-10-04 00:38:49,512][INFO][base_pretraining_fe:55] - Loading model from exp006b-m4-simple_multi_class-2024-09-20_13-58-02-final.pth
[2024-10-04 00:38:49,952][INFO][data_loaders:39] - class distribution before data reduction:
# samples per subject
sg1-21-1: 1054
sg1-24-1: 830
sg1-30-1: 882
sg1-4-1: 963
sg1-41-1: 974
sg1-55-1: 879
sg1-79-1: 880
sg1-87-1: 926

# samples per stage
0: 1418
1: 795
2: 2616
3: 1318
4: 1241
[2024-10-04 00:38:49,973][INFO][data_loaders:43] - class distribution after data reduction:
# samples per subject
sg1-21-1: 1054
sg1-24-1: 830
sg1-30-1: 882
sg1-4-1: 963
sg1-41-1: 974
sg1-55-1: 879
sg1-79-1: 880
sg1-87-1: 926

# samples per stage
0: 1418
1: 795
2: 2616
3: 1318
4: 1241
[2024-10-04 00:38:49,993][INFO][clas_trainer:49] - metrics before training (epoch 0):
[2024-10-04 00:39:21,349][INFO][clas_evaluator:132] - dataset: earlystopping, avg f1-score: 0.1561
[2024-10-04 00:39:53,429][INFO][clas_trainer:133] - train epoch: 1 [8160/81900 (10%)], lr: ['1.00e-04', '1.00e-04'], loss: 0.622798
[2024-10-04 00:40:24,030][INFO][clas_trainer:133] - train epoch: 1 [16352/81900 (20%)], lr: ['1.00e-04', '1.00e-04'], loss: 0.493103
[2024-10-04 00:40:54,950][INFO][clas_trainer:133] - train epoch: 1 [24544/81900 (30%)], lr: ['1.00e-04', '1.00e-04'], loss: 0.542293
[2024-10-04 00:41:24,888][INFO][clas_trainer:133] - train epoch: 1 [32736/81900 (40%)], lr: ['1.00e-04', '1.00e-04'], loss: 0.893588
[2024-10-04 00:41:55,103][INFO][clas_trainer:133] - train epoch: 1 [40928/81900 (50%)], lr: ['1.00e-04', '1.00e-04'], loss: 0.350737
[2024-10-04 00:42:25,576][INFO][clas_trainer:133] - train epoch: 1 [49120/81900 (60%)], lr: ['1.00e-04', '1.00e-04'], loss: 0.282382
[2024-10-04 00:42:56,105][INFO][clas_trainer:133] - train epoch: 1 [57312/81900 (70%)], lr: ['1.00e-04', '1.00e-04'], loss: 0.459156
[2024-10-04 00:43:26,643][INFO][clas_trainer:133] - train epoch: 1 [65504/81900 (80%)], lr: ['1.00e-04', '1.00e-04'], loss: 0.092726
[2024-10-04 00:43:57,201][INFO][clas_trainer:133] - train epoch: 1 [73696/81900 (90%)], lr: ['1.00e-04', '1.00e-04'], loss: 0.283955
[2024-10-04 00:44:27,118][INFO][clas_trainer:133] - train epoch: 1 [30708/81900 (100%)], lr: ['1.00e-04', '1.00e-04'], loss: 0.211218
[2024-10-04 00:45:00,007][INFO][clas_trainer:63] - [epoch   1] execution time: 338.66s	metrics:
[2024-10-04 00:45:00,008][INFO][clas_evaluator:132] - dataset: earlystopping, avg f1-score: 0.6954
[2024-10-04 00:45:00,045][INFO][base_model:51] - snapshot saved to XXX/frequency-pretraining/models/exp006c-m123-base_fe_clas-2024-10-03_20-03-43-final.pth
[2024-10-04 00:45:31,757][INFO][clas_trainer:133] - train epoch: 2 [8160/81900 (10%)], lr: ['1.00e-04', '1.00e-04'], loss: 0.320456
[2024-10-04 00:46:02,060][INFO][clas_trainer:133] - train epoch: 2 [16352/81900 (20%)], lr: ['1.00e-04', '1.00e-04'], loss: 0.151336
[2024-10-04 00:46:32,788][INFO][clas_trainer:133] - train epoch: 2 [24544/81900 (30%)], lr: ['1.00e-04', '1.00e-04'], loss: 0.500094
[2024-10-04 00:47:03,051][INFO][clas_trainer:133] - train epoch: 2 [32736/81900 (40%)], lr: ['1.00e-04', '1.00e-04'], loss: 0.210929
[2024-10-04 00:47:33,169][INFO][clas_trainer:133] - train epoch: 2 [40928/81900 (50%)], lr: ['1.00e-04', '1.00e-04'], loss: 0.191839
[2024-10-04 00:48:03,526][INFO][clas_trainer:133] - train epoch: 2 [49120/81900 (60%)], lr: ['1.00e-04', '1.00e-04'], loss: 0.204583
[2024-10-04 00:48:33,610][INFO][clas_trainer:133] - train epoch: 2 [57312/81900 (70%)], lr: ['1.00e-04', '1.00e-04'], loss: 0.144515
[2024-10-04 00:49:04,020][INFO][clas_trainer:133] - train epoch: 2 [65504/81900 (80%)], lr: ['1.00e-04', '1.00e-04'], loss: 0.208528
[2024-10-04 00:49:34,315][INFO][clas_trainer:133] - train epoch: 2 [73696/81900 (90%)], lr: ['1.00e-04', '1.00e-04'], loss: 0.185236
[2024-10-04 00:50:04,210][INFO][clas_trainer:133] - train epoch: 2 [30708/81900 (100%)], lr: ['1.00e-04', '1.00e-04'], loss: 0.255290
[2024-10-04 00:50:37,068][INFO][clas_trainer:63] - [epoch   2] execution time: 337.02s	metrics:
[2024-10-04 00:50:37,068][INFO][clas_evaluator:132] - dataset: earlystopping, avg f1-score: 0.6924
[2024-10-04 00:51:08,292][INFO][clas_trainer:133] - train epoch: 3 [8160/81900 (10%)], lr: ['1.00e-04', '1.00e-04'], loss: 0.031439
[2024-10-04 00:51:38,501][INFO][clas_trainer:133] - train epoch: 3 [16352/81900 (20%)], lr: ['1.00e-04', '1.00e-04'], loss: 0.036627
[2024-10-04 00:52:09,111][INFO][clas_trainer:133] - train epoch: 3 [24544/81900 (30%)], lr: ['1.00e-04', '1.00e-04'], loss: 0.023732
[2024-10-04 00:52:38,605][INFO][clas_trainer:133] - train epoch: 3 [32736/81900 (40%)], lr: ['1.00e-04', '1.00e-04'], loss: 0.043124
[2024-10-04 00:53:08,473][INFO][clas_trainer:133] - train epoch: 3 [40928/81900 (50%)], lr: ['1.00e-04', '1.00e-04'], loss: 0.021710
[2024-10-04 00:53:38,364][INFO][clas_trainer:133] - train epoch: 3 [49120/81900 (60%)], lr: ['1.00e-04', '1.00e-04'], loss: 0.124840
[2024-10-04 00:54:08,199][INFO][clas_trainer:133] - train epoch: 3 [57312/81900 (70%)], lr: ['1.00e-04', '1.00e-04'], loss: 0.112333
[2024-10-04 00:54:38,671][INFO][clas_trainer:133] - train epoch: 3 [65504/81900 (80%)], lr: ['1.00e-04', '1.00e-04'], loss: 0.018199
[2024-10-04 00:55:08,636][INFO][clas_trainer:133] - train epoch: 3 [73696/81900 (90%)], lr: ['1.00e-04', '1.00e-04'], loss: 0.018505
[2024-10-04 00:55:37,687][INFO][clas_trainer:133] - train epoch: 3 [30708/81900 (100%)], lr: ['1.00e-04', '1.00e-04'], loss: 0.005249
[2024-10-04 00:56:08,917][INFO][clas_trainer:63] - [epoch   3] execution time: 331.85s	metrics:
[2024-10-04 00:56:08,918][INFO][clas_evaluator:132] - dataset: earlystopping, avg f1-score: 0.6973
[2024-10-04 00:56:08,969][INFO][base_model:51] - snapshot saved to XXX/frequency-pretraining/models/exp006c-m123-base_fe_clas-2024-10-03_20-03-43-final.pth
[2024-10-04 00:56:40,307][INFO][clas_trainer:133] - train epoch: 4 [8160/81900 (10%)], lr: ['1.00e-04', '1.00e-04'], loss: 0.049908
[2024-10-04 00:57:10,568][INFO][clas_trainer:133] - train epoch: 4 [16352/81900 (20%)], lr: ['1.00e-04', '1.00e-04'], loss: 0.026758
[2024-10-04 00:57:40,383][INFO][clas_trainer:133] - train epoch: 4 [24544/81900 (30%)], lr: ['1.00e-04', '1.00e-04'], loss: 0.056242
[2024-10-04 00:58:10,094][INFO][clas_trainer:133] - train epoch: 4 [32736/81900 (40%)], lr: ['1.00e-04', '1.00e-04'], loss: 0.121750
[2024-10-04 00:58:40,308][INFO][clas_trainer:133] - train epoch: 4 [40928/81900 (50%)], lr: ['1.00e-04', '1.00e-04'], loss: 0.049814
[2024-10-04 00:59:09,332][INFO][clas_trainer:133] - train epoch: 4 [49120/81900 (60%)], lr: ['1.00e-04', '1.00e-04'], loss: 0.022686
[2024-10-04 00:59:37,950][INFO][clas_trainer:133] - train epoch: 4 [57312/81900 (70%)], lr: ['1.00e-04', '1.00e-04'], loss: 0.001047
[2024-10-04 01:00:06,745][INFO][clas_trainer:133] - train epoch: 4 [65504/81900 (80%)], lr: ['1.00e-04', '1.00e-04'], loss: 0.008537
[2024-10-04 01:00:35,455][INFO][clas_trainer:133] - train epoch: 4 [73696/81900 (90%)], lr: ['1.00e-04', '1.00e-04'], loss: 0.010000
[2024-10-04 01:01:03,858][INFO][clas_trainer:133] - train epoch: 4 [30708/81900 (100%)], lr: ['1.00e-04', '1.00e-04'], loss: 0.004651
[2024-10-04 01:01:36,010][INFO][clas_trainer:63] - [epoch   4] execution time: 327.04s	metrics:
[2024-10-04 01:01:36,010][INFO][clas_evaluator:132] - dataset: earlystopping, avg f1-score: 0.6969
[2024-10-04 01:02:06,519][INFO][clas_trainer:133] - train epoch: 5 [8160/81900 (10%)], lr: ['1.00e-04', '1.00e-04'], loss: 0.006249
[2024-10-04 01:02:35,568][INFO][clas_trainer:133] - train epoch: 5 [16352/81900 (20%)], lr: ['1.00e-04', '1.00e-04'], loss: 0.008352
[2024-10-04 01:03:03,494][INFO][clas_trainer:133] - train epoch: 5 [24544/81900 (30%)], lr: ['1.00e-04', '1.00e-04'], loss: 0.007406
[2024-10-04 01:03:32,041][INFO][clas_trainer:133] - train epoch: 5 [32736/81900 (40%)], lr: ['1.00e-04', '1.00e-04'], loss: 0.024283
[2024-10-04 01:04:00,188][INFO][clas_trainer:133] - train epoch: 5 [40928/81900 (50%)], lr: ['1.00e-04', '1.00e-04'], loss: 0.003883
[2024-10-04 01:04:29,288][INFO][clas_trainer:133] - train epoch: 5 [49120/81900 (60%)], lr: ['1.00e-04', '1.00e-04'], loss: 0.001679
[2024-10-04 01:04:56,500][INFO][clas_trainer:133] - train epoch: 5 [57312/81900 (70%)], lr: ['1.00e-04', '1.00e-04'], loss: 0.134966
[2024-10-04 01:05:25,058][INFO][clas_trainer:133] - train epoch: 5 [65504/81900 (80%)], lr: ['1.00e-04', '1.00e-04'], loss: 0.023254
[2024-10-04 01:05:53,954][INFO][clas_trainer:133] - train epoch: 5 [73696/81900 (90%)], lr: ['1.00e-04', '1.00e-04'], loss: 0.039382
[2024-10-04 01:06:21,211][INFO][clas_trainer:133] - train epoch: 5 [30708/81900 (100%)], lr: ['1.00e-04', '1.00e-04'], loss: 0.023410
[2024-10-04 01:06:50,467][INFO][clas_trainer:63] - [epoch   5] execution time: 314.46s	metrics:
[2024-10-04 01:06:50,468][INFO][clas_evaluator:132] - dataset: earlystopping, avg f1-score: 0.6630
[2024-10-04 01:07:19,280][INFO][clas_trainer:133] - train epoch: 6 [8160/81900 (10%)], lr: ['1.00e-04', '1.00e-04'], loss: 0.006536
[2024-10-04 01:07:47,351][INFO][clas_trainer:133] - train epoch: 6 [16352/81900 (20%)], lr: ['1.00e-04', '1.00e-04'], loss: 0.001010
[2024-10-04 01:08:15,072][INFO][clas_trainer:133] - train epoch: 6 [24544/81900 (30%)], lr: ['1.00e-04', '1.00e-04'], loss: 0.017073
[2024-10-04 01:08:43,057][INFO][clas_trainer:133] - train epoch: 6 [32736/81900 (40%)], lr: ['1.00e-04', '1.00e-04'], loss: 0.035703
[2024-10-04 01:09:11,010][INFO][clas_trainer:133] - train epoch: 6 [40928/81900 (50%)], lr: ['1.00e-04', '1.00e-04'], loss: 0.003684
[2024-10-04 01:09:38,643][INFO][clas_trainer:133] - train epoch: 6 [49120/81900 (60%)], lr: ['1.00e-04', '1.00e-04'], loss: 0.020522
[2024-10-04 01:10:07,075][INFO][clas_trainer:133] - train epoch: 6 [57312/81900 (70%)], lr: ['1.00e-04', '1.00e-04'], loss: 0.015462
[2024-10-04 01:10:34,664][INFO][clas_trainer:133] - train epoch: 6 [65504/81900 (80%)], lr: ['1.00e-04', '1.00e-04'], loss: 0.001422
[2024-10-04 01:11:03,032][INFO][clas_trainer:133] - train epoch: 6 [73696/81900 (90%)], lr: ['1.00e-04', '1.00e-04'], loss: 0.000298
[2024-10-04 01:11:31,151][INFO][clas_trainer:133] - train epoch: 6 [30708/81900 (100%)], lr: ['1.00e-04', '1.00e-04'], loss: 0.168375
[2024-10-04 01:12:00,233][INFO][clas_trainer:63] - [epoch   6] execution time: 309.76s	metrics:
[2024-10-04 01:12:00,234][INFO][clas_evaluator:132] - dataset: earlystopping, avg f1-score: 0.6633
[2024-10-04 01:12:29,277][INFO][clas_trainer:133] - train epoch: 7 [8160/81900 (10%)], lr: ['1.00e-04', '1.00e-04'], loss: 0.003569
[2024-10-04 01:12:56,553][INFO][clas_trainer:133] - train epoch: 7 [16352/81900 (20%)], lr: ['1.00e-04', '1.00e-04'], loss: 0.013584
[2024-10-04 01:13:23,681][INFO][clas_trainer:133] - train epoch: 7 [24544/81900 (30%)], lr: ['1.00e-04', '1.00e-04'], loss: 0.109350
[2024-10-04 01:13:51,686][INFO][clas_trainer:133] - train epoch: 7 [32736/81900 (40%)], lr: ['1.00e-04', '1.00e-04'], loss: 0.001380
[2024-10-04 01:14:19,483][INFO][clas_trainer:133] - train epoch: 7 [40928/81900 (50%)], lr: ['1.00e-04', '1.00e-04'], loss: 0.001023
[2024-10-04 01:14:47,056][INFO][clas_trainer:133] - train epoch: 7 [49120/81900 (60%)], lr: ['1.00e-04', '1.00e-04'], loss: 0.003933
[2024-10-04 01:15:14,434][INFO][clas_trainer:133] - train epoch: 7 [57312/81900 (70%)], lr: ['1.00e-04', '1.00e-04'], loss: 0.001566
[2024-10-04 01:15:41,988][INFO][clas_trainer:133] - train epoch: 7 [65504/81900 (80%)], lr: ['1.00e-04', '1.00e-04'], loss: 0.034933
[2024-10-04 01:16:10,170][INFO][clas_trainer:133] - train epoch: 7 [73696/81900 (90%)], lr: ['1.00e-04', '1.00e-04'], loss: 0.001254
[2024-10-04 01:16:38,015][INFO][clas_trainer:133] - train epoch: 7 [30708/81900 (100%)], lr: ['1.00e-04', '1.00e-04'], loss: 0.001649
[2024-10-04 01:17:06,770][INFO][clas_trainer:63] - [epoch   7] execution time: 306.54s	metrics:
[2024-10-04 01:17:06,771][INFO][clas_evaluator:132] - dataset: earlystopping, avg f1-score: 0.6831
[2024-10-04 01:17:35,254][INFO][clas_trainer:133] - train epoch: 8 [8160/81900 (10%)], lr: ['1.00e-04', '1.00e-04'], loss: 0.003995
[2024-10-04 01:18:02,844][INFO][clas_trainer:133] - train epoch: 8 [16352/81900 (20%)], lr: ['1.00e-04', '1.00e-04'], loss: 0.006261
[2024-10-04 01:18:29,486][INFO][clas_trainer:133] - train epoch: 8 [24544/81900 (30%)], lr: ['1.00e-04', '1.00e-04'], loss: 0.003576
[2024-10-04 01:18:57,428][INFO][clas_trainer:133] - train epoch: 8 [32736/81900 (40%)], lr: ['1.00e-04', '1.00e-04'], loss: 0.003942
[2024-10-04 01:19:24,001][INFO][clas_trainer:133] - train epoch: 8 [40928/81900 (50%)], lr: ['1.00e-04', '1.00e-04'], loss: 0.000147
[2024-10-04 01:19:51,257][INFO][clas_trainer:133] - train epoch: 8 [49120/81900 (60%)], lr: ['1.00e-04', '1.00e-04'], loss: 0.004634
[2024-10-04 01:20:18,062][INFO][clas_trainer:133] - train epoch: 8 [57312/81900 (70%)], lr: ['1.00e-04', '1.00e-04'], loss: 0.001410
[2024-10-04 01:20:44,828][INFO][clas_trainer:133] - train epoch: 8 [65504/81900 (80%)], lr: ['1.00e-04', '1.00e-04'], loss: 0.006960
[2024-10-04 01:21:12,835][INFO][clas_trainer:133] - train epoch: 8 [73696/81900 (90%)], lr: ['1.00e-04', '1.00e-04'], loss: 0.002880
[2024-10-04 01:21:40,337][INFO][clas_trainer:133] - train epoch: 8 [30708/81900 (100%)], lr: ['1.00e-04', '1.00e-04'], loss: 0.439673
[2024-10-04 01:22:08,427][INFO][clas_trainer:63] - [epoch   8] execution time: 301.66s	metrics:
[2024-10-04 01:22:08,428][INFO][clas_evaluator:132] - dataset: earlystopping, avg f1-score: 0.6795
[2024-10-04 01:22:36,436][INFO][clas_trainer:133] - train epoch: 9 [8160/81900 (10%)], lr: ['1.00e-04', '1.00e-04'], loss: 0.001274
[2024-10-04 01:23:04,164][INFO][clas_trainer:133] - train epoch: 9 [16352/81900 (20%)], lr: ['1.00e-04', '1.00e-04'], loss: 0.008065
[2024-10-04 01:23:31,039][INFO][clas_trainer:133] - train epoch: 9 [24544/81900 (30%)], lr: ['1.00e-04', '1.00e-04'], loss: 0.144795
[2024-10-04 01:23:58,099][INFO][clas_trainer:133] - train epoch: 9 [32736/81900 (40%)], lr: ['1.00e-04', '1.00e-04'], loss: 0.008880
[2024-10-04 01:24:24,730][INFO][clas_trainer:133] - train epoch: 9 [40928/81900 (50%)], lr: ['1.00e-04', '1.00e-04'], loss: 0.001380
[2024-10-04 01:24:51,161][INFO][clas_trainer:133] - train epoch: 9 [49120/81900 (60%)], lr: ['1.00e-04', '1.00e-04'], loss: 0.003464
[2024-10-04 01:25:17,277][INFO][clas_trainer:133] - train epoch: 9 [57312/81900 (70%)], lr: ['1.00e-04', '1.00e-04'], loss: 0.018295
[2024-10-04 01:25:43,688][INFO][clas_trainer:133] - train epoch: 9 [65504/81900 (80%)], lr: ['1.00e-04', '1.00e-04'], loss: 0.015268
[2024-10-04 01:26:11,120][INFO][clas_trainer:133] - train epoch: 9 [73696/81900 (90%)], lr: ['1.00e-04', '1.00e-04'], loss: 0.001707
[2024-10-04 01:26:37,796][INFO][clas_trainer:133] - train epoch: 9 [30708/81900 (100%)], lr: ['1.00e-04', '1.00e-04'], loss: 0.165588
[2024-10-04 01:27:06,213][INFO][clas_trainer:63] - [epoch   9] execution time: 297.79s	metrics:
[2024-10-04 01:27:06,214][INFO][clas_evaluator:132] - dataset: earlystopping, avg f1-score: 0.6605
[2024-10-04 01:27:33,185][INFO][clas_trainer:133] - train epoch: 10 [8160/81900 (10%)], lr: ['1.00e-04', '1.00e-04'], loss: 0.007612
[2024-10-04 01:27:59,451][INFO][clas_trainer:133] - train epoch: 10 [16352/81900 (20%)], lr: ['1.00e-04', '1.00e-04'], loss: 0.008635
[2024-10-04 01:28:26,593][INFO][clas_trainer:133] - train epoch: 10 [24544/81900 (30%)], lr: ['1.00e-04', '1.00e-04'], loss: 0.008603
[2024-10-04 01:28:54,122][INFO][clas_trainer:133] - train epoch: 10 [32736/81900 (40%)], lr: ['1.00e-04', '1.00e-04'], loss: 0.007650
[2024-10-04 01:29:20,964][INFO][clas_trainer:133] - train epoch: 10 [40928/81900 (50%)], lr: ['1.00e-04', '1.00e-04'], loss: 0.000806
[2024-10-04 01:29:47,120][INFO][clas_trainer:133] - train epoch: 10 [49120/81900 (60%)], lr: ['1.00e-04', '1.00e-04'], loss: 0.000935
[2024-10-04 01:30:12,593][INFO][clas_trainer:133] - train epoch: 10 [57312/81900 (70%)], lr: ['1.00e-04', '1.00e-04'], loss: 0.001103
[2024-10-04 01:30:39,081][INFO][clas_trainer:133] - train epoch: 10 [65504/81900 (80%)], lr: ['1.00e-04', '1.00e-04'], loss: 0.072292
[2024-10-04 01:31:05,653][INFO][clas_trainer:133] - train epoch: 10 [73696/81900 (90%)], lr: ['1.00e-04', '1.00e-04'], loss: 0.000746
[2024-10-04 01:31:32,469][INFO][clas_trainer:133] - train epoch: 10 [30708/81900 (100%)], lr: ['1.00e-04', '1.00e-04'], loss: 0.000854
[2024-10-04 01:32:00,826][INFO][clas_trainer:63] - [epoch  10] execution time: 294.61s	metrics:
[2024-10-04 01:32:00,827][INFO][clas_evaluator:132] - dataset: earlystopping, avg f1-score: 0.6830
[2024-10-04 01:32:27,795][INFO][clas_trainer:133] - train epoch: 11 [8160/81900 (10%)], lr: ['1.00e-04', '1.00e-04'], loss: 0.022284
[2024-10-04 01:32:53,697][INFO][clas_trainer:133] - train epoch: 11 [16352/81900 (20%)], lr: ['1.00e-04', '1.00e-04'], loss: 0.009688
[2024-10-04 01:33:19,384][INFO][clas_trainer:133] - train epoch: 11 [24544/81900 (30%)], lr: ['1.00e-04', '1.00e-04'], loss: 0.005807
[2024-10-04 01:33:44,046][INFO][clas_trainer:133] - train epoch: 11 [32736/81900 (40%)], lr: ['1.00e-04', '1.00e-04'], loss: 0.003698
[2024-10-04 01:34:09,079][INFO][clas_trainer:133] - train epoch: 11 [40928/81900 (50%)], lr: ['1.00e-04', '1.00e-04'], loss: 0.057509
[2024-10-04 01:34:34,493][INFO][clas_trainer:133] - train epoch: 11 [49120/81900 (60%)], lr: ['1.00e-04', '1.00e-04'], loss: 0.013619
[2024-10-04 01:35:00,546][INFO][clas_trainer:133] - train epoch: 11 [57312/81900 (70%)], lr: ['1.00e-04', '1.00e-04'], loss: 0.014529
[2024-10-04 01:35:26,852][INFO][clas_trainer:133] - train epoch: 11 [65504/81900 (80%)], lr: ['1.00e-04', '1.00e-04'], loss: 0.068169
[2024-10-04 01:35:53,043][INFO][clas_trainer:133] - train epoch: 11 [73696/81900 (90%)], lr: ['1.00e-04', '1.00e-04'], loss: 0.015679
[2024-10-04 01:36:19,274][INFO][clas_trainer:133] - train epoch: 11 [30708/81900 (100%)], lr: ['1.00e-04', '1.00e-04'], loss: 0.073116
[2024-10-04 01:36:46,467][INFO][clas_trainer:63] - [epoch  11] execution time: 285.64s	metrics:
[2024-10-04 01:36:46,468][INFO][clas_evaluator:132] - dataset: earlystopping, avg f1-score: 0.6621
[2024-10-04 01:37:14,037][INFO][clas_trainer:133] - train epoch: 12 [8160/81900 (10%)], lr: ['1.00e-04', '1.00e-04'], loss: 0.000970
[2024-10-04 01:37:40,488][INFO][clas_trainer:133] - train epoch: 12 [16352/81900 (20%)], lr: ['1.00e-04', '1.00e-04'], loss: 0.001303
[2024-10-04 01:38:05,317][INFO][clas_trainer:133] - train epoch: 12 [24544/81900 (30%)], lr: ['1.00e-04', '1.00e-04'], loss: 0.001454
[2024-10-04 01:38:31,518][INFO][clas_trainer:133] - train epoch: 12 [32736/81900 (40%)], lr: ['1.00e-04', '1.00e-04'], loss: 0.004039
[2024-10-04 01:38:57,837][INFO][clas_trainer:133] - train epoch: 12 [40928/81900 (50%)], lr: ['1.00e-04', '1.00e-04'], loss: 0.001075
[2024-10-04 01:39:23,971][INFO][clas_trainer:133] - train epoch: 12 [49120/81900 (60%)], lr: ['1.00e-04', '1.00e-04'], loss: 0.000505
[2024-10-04 01:39:49,743][INFO][clas_trainer:133] - train epoch: 12 [57312/81900 (70%)], lr: ['1.00e-04', '1.00e-04'], loss: 0.000967
[2024-10-04 01:40:15,049][INFO][clas_trainer:133] - train epoch: 12 [65504/81900 (80%)], lr: ['1.00e-04', '1.00e-04'], loss: 0.004261
[2024-10-04 01:40:42,192][INFO][clas_trainer:133] - train epoch: 12 [73696/81900 (90%)], lr: ['1.00e-04', '1.00e-04'], loss: 0.000342
[2024-10-04 01:41:07,411][INFO][clas_trainer:133] - train epoch: 12 [30708/81900 (100%)], lr: ['1.00e-04', '1.00e-04'], loss: 0.001430
[2024-10-04 01:41:34,401][INFO][clas_trainer:63] - [epoch  12] execution time: 287.93s	metrics:
[2024-10-04 01:41:34,402][INFO][clas_evaluator:132] - dataset: earlystopping, avg f1-score: 0.6734
[2024-10-04 01:42:02,627][INFO][clas_trainer:133] - train epoch: 13 [8160/81900 (10%)], lr: ['1.00e-04', '1.00e-04'], loss: 0.003444
[2024-10-04 01:42:28,254][INFO][clas_trainer:133] - train epoch: 13 [16352/81900 (20%)], lr: ['1.00e-04', '1.00e-04'], loss: 0.004907
[2024-10-04 01:42:54,653][INFO][clas_trainer:133] - train epoch: 13 [24544/81900 (30%)], lr: ['1.00e-04', '1.00e-04'], loss: 0.000729
[2024-10-04 01:43:20,973][INFO][clas_trainer:133] - train epoch: 13 [32736/81900 (40%)], lr: ['1.00e-04', '1.00e-04'], loss: 0.002717
[2024-10-04 01:43:46,339][INFO][clas_trainer:133] - train epoch: 13 [40928/81900 (50%)], lr: ['1.00e-04', '1.00e-04'], loss: 0.020768
[2024-10-04 01:44:12,136][INFO][clas_trainer:133] - train epoch: 13 [49120/81900 (60%)], lr: ['1.00e-04', '1.00e-04'], loss: 0.002526
[2024-10-04 01:44:39,105][INFO][clas_trainer:133] - train epoch: 13 [57312/81900 (70%)], lr: ['1.00e-04', '1.00e-04'], loss: 0.002022
[2024-10-04 01:45:05,579][INFO][clas_trainer:133] - train epoch: 13 [65504/81900 (80%)], lr: ['1.00e-04', '1.00e-04'], loss: 0.004630
[2024-10-04 01:45:31,531][INFO][clas_trainer:133] - train epoch: 13 [73696/81900 (90%)], lr: ['1.00e-04', '1.00e-04'], loss: 0.000455
[2024-10-04 01:45:56,888][INFO][clas_trainer:133] - train epoch: 13 [30708/81900 (100%)], lr: ['1.00e-04', '1.00e-04'], loss: 0.000486
[2024-10-04 01:46:23,351][INFO][clas_trainer:63] - [epoch  13] execution time: 288.95s	metrics:
[2024-10-04 01:46:23,352][INFO][clas_evaluator:132] - dataset: earlystopping, avg f1-score: 0.6848
[2024-10-04 01:46:23,359][INFO][clas_trainer:79] - finished training
[2024-10-04 01:46:23,359][INFO][clas_trainer:80] - best model on epoch: 3 	f1-score: 0.6973
