[2024-10-04 18:39:16,032][INFO][fine-tune:25] - Using GPU 3
[2024-10-04 18:39:16,037][INFO][fine-tune:35] - overrides:
hydra:
- hydra.launcher.n_jobs=40
- hydra.mode=MULTIRUN
task:
- m_seed_path_sids={seeds:[11,11,11,11,11],path:"exp005b-m11-simple_multi_class-2024-09-20_13-57-42-final.pth",subject_ids:{sleepedfx:$\{data.sleepedfx.cv_5_fold.fold_2\}}}
- data.downstream.train_dataloader.dataset.data_reducer.n_epochs=-1
- data.downstream.train_dataloader.dataset.data_reducer.n_subjects=5
- general.gpus=[0,1,2,3]

[2024-10-04 18:39:23,328][INFO][data_loaders:39] - class distribution before data reduction:
# samples per subject
SC4001E0: 841
SC4002E0: 1127
SC4011E0: 1103
SC4012E0: 1186
SC4041E0: 1235
SC4042E0: 1200
SC4081E0: 1134
SC4082E0: 1054
SC4101E0: 1104
SC4102E0: 1092
SC4121E0: 1052
SC4122E0: 977
SC4141E0: 1004
SC4142E0: 952
SC4151E0: 952
SC4152E0: 1762
SC4161E0: 1144
SC4162E0: 1003
SC4171E0: 1002
SC4172E0: 1773
SC4181E0: 964
SC4182E0: 920
SC4191E0: 1535
SC4192E0: 1274
SC4211E0: 1578
SC4212E0: 808
SC4221E0: 1099
SC4222E0: 1108
SC4231E0: 904
SC4232E0: 1729
SC4241E0: 1673
SC4242E0: 1775
SC4251E0: 972
SC4252E0: 1020
SC4261F0: 1597
SC4262F0: 980
SC4301E0: 929
SC4302E0: 854
SC4311E0: 1054
SC4312E0: 1181
SC4321E0: 1560
SC4322E0: 1021
SC4351F0: 976
SC4352F0: 963
SC4362F0: 824
SC4371F0: 918
SC4372F0: 1509
SC4381F0: 1776
SC4382F0: 1871
SC4431E0: 699
SC4432E0: 962
SC4441E0: 1195
SC4442E0: 1092
SC4451F0: 1208
SC4452F0: 1166
SC4471F0: 1187
SC4472F0: 2161
SC4481F0: 2027
SC4482F0: 1910
SC4491G0: 1101
SC4492G0: 1040
SC4511E0: 1087
SC4512E0: 954
SC4522E0: 997
SC4531E0: 1096
SC4532E0: 1056
SC4551F0: 1047
SC4552F0: 1090
SC4561F0: 1237
SC4562F0: 1148
SC4571F0: 1236
SC4572F0: 1095
SC4581G0: 1095
SC4582G0: 1175
SC4591G0: 1840
SC4592G0: 1231
SC4601E0: 1349
SC4602E0: 2043
SC4611E0: 1652
SC4612E0: 1062
SC4621E0: 1445
SC4622E0: 1823
SC4631E0: 1063
SC4632E0: 1107
SC4651E0: 2644
SC4652E0: 1929
SC4661E0: 2026
SC4662E0: 1994
SC4671G0: 1968
SC4672G0: 1021
SC4701E0: 1717
SC4702E0: 1515
SC4711E0: 1413
SC4712E0: 1241
SC4721E0: 1031
SC4722E0: 1130
SC4731E0: 2667
SC4732E0: 2318
SC4751E0: 2044
SC4752E0: 1049
SC4771G0: 1325
SC4772G0: 1324
SC4801G0: 1241
SC4802G0: 1229
SC4821G0: 1704
SC4822G0: 1366

# samples per stage
0: 47716
1: 16230
2: 47884
3: 9066
4: 17745
[2024-10-04 18:39:24,139][INFO][data_loaders:43] - class distribution after data reduction:
# samples per subject
SC4301E0: 21367
SC4431E0: 16077
SC4472F0: 49703
SC4492G0: 23920
SC4672G0: 23483

# samples per stage
0: 56166
1: 16169
2: 42366
3: 7176
4: 12673
[2024-10-04 18:39:24,155][INFO][base_pretraining_fe:55] - Loading model from exp005b-m11-simple_multi_class-2024-09-20_13-57-42-final.pth
[2024-10-04 18:39:25,189][INFO][data_loaders:39] - class distribution before data reduction:
# samples per subject
SC4021E0: 1025
SC4022E0: 1009
SC4071E0: 976
SC4072E0: 1273
SC4111E0: 928
SC4112E0: 802
SC4401E0: 1064
SC4402E0: 1072
SC4421E0: 785
SC4422E0: 884
SC4461F0: 983
SC4462F0: 1022
SC4761E0: 1683
SC4762E0: 2662
SC4811G0: 1293
SC4812G0: 1183

# samples per stage
0: 6086
1: 1760
2: 6497
3: 1549
4: 2752
[2024-10-04 18:39:25,266][INFO][data_loaders:43] - class distribution after data reduction:
# samples per subject
SC4021E0: 1025
SC4022E0: 1009
SC4071E0: 976
SC4072E0: 1273
SC4111E0: 928
SC4112E0: 802
SC4401E0: 1064
SC4402E0: 1072
SC4421E0: 785
SC4422E0: 884
SC4461F0: 983
SC4462F0: 1022
SC4761E0: 1683
SC4762E0: 2662
SC4811G0: 1293
SC4812G0: 1183

# samples per stage
0: 6086
1: 1760
2: 6497
3: 1549
4: 2752
[2024-10-04 18:39:25,301][INFO][clas_trainer:49] - metrics before training (epoch 0):
[2024-10-04 18:40:20,237][INFO][clas_evaluator:132] - dataset: earlystopping, avg f1-score: 0.0821
[2024-10-04 18:41:02,749][INFO][clas_trainer:133] - train epoch: 1 [13408/134550 (10%)], lr: ['1.00e-04', '1.00e-04'], loss: 1.218804
[2024-10-04 18:41:42,941][INFO][clas_trainer:133] - train epoch: 1 [26848/134550 (20%)], lr: ['1.00e-04', '1.00e-04'], loss: 0.820019
[2024-10-04 18:42:23,307][INFO][clas_trainer:133] - train epoch: 1 [40288/134550 (30%)], lr: ['1.00e-04', '1.00e-04'], loss: 0.482810
[2024-10-04 18:43:04,240][INFO][clas_trainer:133] - train epoch: 1 [53728/134550 (40%)], lr: ['1.00e-04', '1.00e-04'], loss: 1.229349
[2024-10-04 18:43:43,935][INFO][clas_trainer:133] - train epoch: 1 [67168/134550 (50%)], lr: ['1.00e-04', '1.00e-04'], loss: 0.358393
[2024-10-04 18:44:23,943][INFO][clas_trainer:133] - train epoch: 1 [80608/134550 (60%)], lr: ['1.00e-04', '1.00e-04'], loss: 0.221497
[2024-10-04 18:45:00,795][INFO][clas_trainer:133] - train epoch: 1 [94048/134550 (70%)], lr: ['1.00e-04', '1.00e-04'], loss: 0.457281
[2024-10-04 18:45:37,845][INFO][clas_trainer:133] - train epoch: 1 [107488/134550 (80%)], lr: ['1.00e-04', '1.00e-04'], loss: 0.326173
[2024-10-04 18:46:18,293][INFO][clas_trainer:133] - train epoch: 1 [120928/134550 (90%)], lr: ['1.00e-04', '1.00e-04'], loss: 0.303493
[2024-10-04 18:46:56,203][INFO][clas_trainer:133] - train epoch: 1 [134368/134550 (100%)], lr: ['1.00e-04', '1.00e-04'], loss: 0.433862
[2024-10-04 18:47:53,381][INFO][clas_trainer:63] - [epoch   1] execution time: 453.14s	metrics:
[2024-10-04 18:47:53,381][INFO][clas_evaluator:132] - dataset: earlystopping, avg f1-score: 0.7191
[2024-10-04 18:47:53,411][INFO][base_model:51] - snapshot saved to XXX/frequency-pretraining/models/exp005c-m279-base_fe_clas-2024-10-04_03-09-39-final.pth
[2024-10-04 18:48:35,142][INFO][clas_trainer:133] - train epoch: 2 [13408/134550 (10%)], lr: ['1.00e-04', '1.00e-04'], loss: 0.177359
[2024-10-04 18:49:14,682][INFO][clas_trainer:133] - train epoch: 2 [26848/134550 (20%)], lr: ['1.00e-04', '1.00e-04'], loss: 0.187090
[2024-10-04 18:49:54,452][INFO][clas_trainer:133] - train epoch: 2 [40288/134550 (30%)], lr: ['1.00e-04', '1.00e-04'], loss: 0.352877
[2024-10-04 18:50:35,587][INFO][clas_trainer:133] - train epoch: 2 [53728/134550 (40%)], lr: ['1.00e-04', '1.00e-04'], loss: 0.121144
[2024-10-04 18:51:18,036][INFO][clas_trainer:133] - train epoch: 2 [67168/134550 (50%)], lr: ['1.00e-04', '1.00e-04'], loss: 0.111968
[2024-10-04 18:51:58,013][INFO][clas_trainer:133] - train epoch: 2 [80608/134550 (60%)], lr: ['1.00e-04', '1.00e-04'], loss: 0.302203
[2024-10-04 18:52:36,269][INFO][clas_trainer:133] - train epoch: 2 [94048/134550 (70%)], lr: ['1.00e-04', '1.00e-04'], loss: 0.166879
[2024-10-04 18:53:15,513][INFO][clas_trainer:133] - train epoch: 2 [107488/134550 (80%)], lr: ['1.00e-04', '1.00e-04'], loss: 0.107098
[2024-10-04 18:53:54,518][INFO][clas_trainer:133] - train epoch: 2 [120928/134550 (90%)], lr: ['1.00e-04', '1.00e-04'], loss: 0.191793
[2024-10-04 18:54:35,475][INFO][clas_trainer:133] - train epoch: 2 [134368/134550 (100%)], lr: ['1.00e-04', '1.00e-04'], loss: 0.093735
[2024-10-04 18:55:33,261][INFO][clas_trainer:63] - [epoch   2] execution time: 459.85s	metrics:
[2024-10-04 18:55:33,262][INFO][clas_evaluator:132] - dataset: earlystopping, avg f1-score: 0.7256
[2024-10-04 18:55:33,302][INFO][base_model:51] - snapshot saved to XXX/frequency-pretraining/models/exp005c-m279-base_fe_clas-2024-10-04_03-09-39-final.pth
[2024-10-04 18:56:15,406][INFO][clas_trainer:133] - train epoch: 3 [13408/134550 (10%)], lr: ['1.00e-04', '1.00e-04'], loss: 0.046499
[2024-10-04 18:56:52,589][INFO][clas_trainer:133] - train epoch: 3 [26848/134550 (20%)], lr: ['1.00e-04', '1.00e-04'], loss: 0.193045
[2024-10-04 18:57:30,659][INFO][clas_trainer:133] - train epoch: 3 [40288/134550 (30%)], lr: ['1.00e-04', '1.00e-04'], loss: 0.089514
[2024-10-04 18:58:08,519][INFO][clas_trainer:133] - train epoch: 3 [53728/134550 (40%)], lr: ['1.00e-04', '1.00e-04'], loss: 0.242737
[2024-10-04 18:58:46,812][INFO][clas_trainer:133] - train epoch: 3 [67168/134550 (50%)], lr: ['1.00e-04', '1.00e-04'], loss: 0.368484
[2024-10-04 18:59:23,844][INFO][clas_trainer:133] - train epoch: 3 [80608/134550 (60%)], lr: ['1.00e-04', '1.00e-04'], loss: 0.166298
[2024-10-04 19:00:01,414][INFO][clas_trainer:133] - train epoch: 3 [94048/134550 (70%)], lr: ['1.00e-04', '1.00e-04'], loss: 0.084046
[2024-10-04 19:00:37,427][INFO][clas_trainer:133] - train epoch: 3 [107488/134550 (80%)], lr: ['1.00e-04', '1.00e-04'], loss: 0.097551
[2024-10-04 19:01:17,294][INFO][clas_trainer:133] - train epoch: 3 [120928/134550 (90%)], lr: ['1.00e-04', '1.00e-04'], loss: 0.233007
[2024-10-04 19:01:56,942][INFO][clas_trainer:133] - train epoch: 3 [134368/134550 (100%)], lr: ['1.00e-04', '1.00e-04'], loss: 0.131308
[2024-10-04 19:02:55,215][INFO][clas_trainer:63] - [epoch   3] execution time: 441.91s	metrics:
[2024-10-04 19:02:55,216][INFO][clas_evaluator:132] - dataset: earlystopping, avg f1-score: 0.7240
[2024-10-04 19:03:33,317][INFO][clas_trainer:133] - train epoch: 4 [13408/134550 (10%)], lr: ['1.00e-04', '1.00e-04'], loss: 0.062796
[2024-10-04 19:04:12,570][INFO][clas_trainer:133] - train epoch: 4 [26848/134550 (20%)], lr: ['1.00e-04', '1.00e-04'], loss: 0.096973
[2024-10-04 19:04:51,791][INFO][clas_trainer:133] - train epoch: 4 [40288/134550 (30%)], lr: ['1.00e-04', '1.00e-04'], loss: 0.279298
[2024-10-04 19:05:31,044][INFO][clas_trainer:133] - train epoch: 4 [53728/134550 (40%)], lr: ['1.00e-04', '1.00e-04'], loss: 0.119897
[2024-10-04 19:06:10,735][INFO][clas_trainer:133] - train epoch: 4 [67168/134550 (50%)], lr: ['1.00e-04', '1.00e-04'], loss: 0.185626
[2024-10-04 19:06:49,396][INFO][clas_trainer:133] - train epoch: 4 [80608/134550 (60%)], lr: ['1.00e-04', '1.00e-04'], loss: 0.040632
[2024-10-04 19:07:27,567][INFO][clas_trainer:133] - train epoch: 4 [94048/134550 (70%)], lr: ['1.00e-04', '1.00e-04'], loss: 0.202696
[2024-10-04 19:08:06,637][INFO][clas_trainer:133] - train epoch: 4 [107488/134550 (80%)], lr: ['1.00e-04', '1.00e-04'], loss: 0.013751
[2024-10-04 19:08:45,443][INFO][clas_trainer:133] - train epoch: 4 [120928/134550 (90%)], lr: ['1.00e-04', '1.00e-04'], loss: 0.021281
[2024-10-04 19:09:24,102][INFO][clas_trainer:133] - train epoch: 4 [134368/134550 (100%)], lr: ['1.00e-04', '1.00e-04'], loss: 0.038323
[2024-10-04 19:10:20,887][INFO][clas_trainer:63] - [epoch   4] execution time: 445.67s	metrics:
[2024-10-04 19:10:20,888][INFO][clas_evaluator:132] - dataset: earlystopping, avg f1-score: 0.7134
[2024-10-04 19:11:03,103][INFO][clas_trainer:133] - train epoch: 5 [13408/134550 (10%)], lr: ['1.00e-04', '1.00e-04'], loss: 0.043772
[2024-10-04 19:11:44,375][INFO][clas_trainer:133] - train epoch: 5 [26848/134550 (20%)], lr: ['1.00e-04', '1.00e-04'], loss: 0.071921
[2024-10-04 19:12:24,932][INFO][clas_trainer:133] - train epoch: 5 [40288/134550 (30%)], lr: ['1.00e-04', '1.00e-04'], loss: 0.203609
[2024-10-04 19:13:04,637][INFO][clas_trainer:133] - train epoch: 5 [53728/134550 (40%)], lr: ['1.00e-04', '1.00e-04'], loss: 0.032499
[2024-10-04 19:13:44,515][INFO][clas_trainer:133] - train epoch: 5 [67168/134550 (50%)], lr: ['1.00e-04', '1.00e-04'], loss: 0.015672
[2024-10-04 19:14:24,803][INFO][clas_trainer:133] - train epoch: 5 [80608/134550 (60%)], lr: ['1.00e-04', '1.00e-04'], loss: 0.157586
[2024-10-04 19:15:03,140][INFO][clas_trainer:133] - train epoch: 5 [94048/134550 (70%)], lr: ['1.00e-04', '1.00e-04'], loss: 0.174518
[2024-10-04 19:15:40,927][INFO][clas_trainer:133] - train epoch: 5 [107488/134550 (80%)], lr: ['1.00e-04', '1.00e-04'], loss: 0.015658
[2024-10-04 19:16:21,594][INFO][clas_trainer:133] - train epoch: 5 [120928/134550 (90%)], lr: ['1.00e-04', '1.00e-04'], loss: 0.083951
[2024-10-04 19:17:02,659][INFO][clas_trainer:133] - train epoch: 5 [134368/134550 (100%)], lr: ['1.00e-04', '1.00e-04'], loss: 0.185203
[2024-10-04 19:18:00,868][INFO][clas_trainer:63] - [epoch   5] execution time: 459.98s	metrics:
[2024-10-04 19:18:00,868][INFO][clas_evaluator:132] - dataset: earlystopping, avg f1-score: 0.7092
[2024-10-04 19:18:40,705][INFO][clas_trainer:133] - train epoch: 6 [13408/134550 (10%)], lr: ['1.00e-04', '1.00e-04'], loss: 0.096110
[2024-10-04 19:19:19,682][INFO][clas_trainer:133] - train epoch: 6 [26848/134550 (20%)], lr: ['1.00e-04', '1.00e-04'], loss: 0.048926
[2024-10-04 19:19:59,471][INFO][clas_trainer:133] - train epoch: 6 [40288/134550 (30%)], lr: ['1.00e-04', '1.00e-04'], loss: 0.007998
[2024-10-04 19:20:40,430][INFO][clas_trainer:133] - train epoch: 6 [53728/134550 (40%)], lr: ['1.00e-04', '1.00e-04'], loss: 0.034306
[2024-10-04 19:21:20,755][INFO][clas_trainer:133] - train epoch: 6 [67168/134550 (50%)], lr: ['1.00e-04', '1.00e-04'], loss: 0.058039
[2024-10-04 19:22:01,594][INFO][clas_trainer:133] - train epoch: 6 [80608/134550 (60%)], lr: ['1.00e-04', '1.00e-04'], loss: 0.041467
[2024-10-04 19:22:40,703][INFO][clas_trainer:133] - train epoch: 6 [94048/134550 (70%)], lr: ['1.00e-04', '1.00e-04'], loss: 0.048469
[2024-10-04 19:23:19,465][INFO][clas_trainer:133] - train epoch: 6 [107488/134550 (80%)], lr: ['1.00e-04', '1.00e-04'], loss: 0.028942
[2024-10-04 19:23:59,323][INFO][clas_trainer:133] - train epoch: 6 [120928/134550 (90%)], lr: ['1.00e-04', '1.00e-04'], loss: 0.015217
[2024-10-04 19:24:38,862][INFO][clas_trainer:133] - train epoch: 6 [134368/134550 (100%)], lr: ['1.00e-04', '1.00e-04'], loss: 0.017254
[2024-10-04 19:25:32,576][INFO][clas_trainer:63] - [epoch   6] execution time: 451.71s	metrics:
[2024-10-04 19:25:32,577][INFO][clas_evaluator:132] - dataset: earlystopping, avg f1-score: 0.7153
[2024-10-04 19:26:11,993][INFO][clas_trainer:133] - train epoch: 7 [13408/134550 (10%)], lr: ['1.00e-04', '1.00e-04'], loss: 0.071521
[2024-10-04 19:26:49,872][INFO][clas_trainer:133] - train epoch: 7 [26848/134550 (20%)], lr: ['1.00e-04', '1.00e-04'], loss: 0.034112
[2024-10-04 19:27:29,344][INFO][clas_trainer:133] - train epoch: 7 [40288/134550 (30%)], lr: ['1.00e-04', '1.00e-04'], loss: 0.061773
[2024-10-04 19:28:08,288][INFO][clas_trainer:133] - train epoch: 7 [53728/134550 (40%)], lr: ['1.00e-04', '1.00e-04'], loss: 0.174767
[2024-10-04 19:28:48,549][INFO][clas_trainer:133] - train epoch: 7 [67168/134550 (50%)], lr: ['1.00e-04', '1.00e-04'], loss: 0.066218
[2024-10-04 19:29:27,932][INFO][clas_trainer:133] - train epoch: 7 [80608/134550 (60%)], lr: ['1.00e-04', '1.00e-04'], loss: 0.027350
[2024-10-04 19:30:06,119][INFO][clas_trainer:133] - train epoch: 7 [94048/134550 (70%)], lr: ['1.00e-04', '1.00e-04'], loss: 0.008055
[2024-10-04 19:30:44,310][INFO][clas_trainer:133] - train epoch: 7 [107488/134550 (80%)], lr: ['1.00e-04', '1.00e-04'], loss: 0.039221
[2024-10-04 19:31:21,904][INFO][clas_trainer:133] - train epoch: 7 [120928/134550 (90%)], lr: ['1.00e-04', '1.00e-04'], loss: 0.021127
[2024-10-04 19:32:00,297][INFO][clas_trainer:133] - train epoch: 7 [134368/134550 (100%)], lr: ['1.00e-04', '1.00e-04'], loss: 0.108826
[2024-10-04 19:32:55,830][INFO][clas_trainer:63] - [epoch   7] execution time: 443.25s	metrics:
[2024-10-04 19:32:55,831][INFO][clas_evaluator:132] - dataset: earlystopping, avg f1-score: 0.7281
[2024-10-04 19:32:55,859][INFO][base_model:51] - snapshot saved to XXX/frequency-pretraining/models/exp005c-m279-base_fe_clas-2024-10-04_03-09-39-final.pth
[2024-10-04 19:33:35,335][INFO][clas_trainer:133] - train epoch: 8 [13408/134550 (10%)], lr: ['1.00e-04', '1.00e-04'], loss: 0.031549
[2024-10-04 19:34:13,587][INFO][clas_trainer:133] - train epoch: 8 [26848/134550 (20%)], lr: ['1.00e-04', '1.00e-04'], loss: 0.046845
[2024-10-04 19:34:54,060][INFO][clas_trainer:133] - train epoch: 8 [40288/134550 (30%)], lr: ['1.00e-04', '1.00e-04'], loss: 0.130278
[2024-10-04 19:35:32,537][INFO][clas_trainer:133] - train epoch: 8 [53728/134550 (40%)], lr: ['1.00e-04', '1.00e-04'], loss: 0.003439
[2024-10-04 19:36:10,449][INFO][clas_trainer:133] - train epoch: 8 [67168/134550 (50%)], lr: ['1.00e-04', '1.00e-04'], loss: 0.011132
[2024-10-04 19:36:48,416][INFO][clas_trainer:133] - train epoch: 8 [80608/134550 (60%)], lr: ['1.00e-04', '1.00e-04'], loss: 0.004047
[2024-10-04 19:37:29,184][INFO][clas_trainer:133] - train epoch: 8 [94048/134550 (70%)], lr: ['1.00e-04', '1.00e-04'], loss: 0.016761
[2024-10-04 19:38:06,837][INFO][clas_trainer:133] - train epoch: 8 [107488/134550 (80%)], lr: ['1.00e-04', '1.00e-04'], loss: 0.005034
[2024-10-04 19:38:44,918][INFO][clas_trainer:133] - train epoch: 8 [120928/134550 (90%)], lr: ['1.00e-04', '1.00e-04'], loss: 0.084435
[2024-10-04 19:39:23,560][INFO][clas_trainer:133] - train epoch: 8 [134368/134550 (100%)], lr: ['1.00e-04', '1.00e-04'], loss: 0.092640
[2024-10-04 19:40:17,936][INFO][clas_trainer:63] - [epoch   8] execution time: 442.08s	metrics:
[2024-10-04 19:40:17,937][INFO][clas_evaluator:132] - dataset: earlystopping, avg f1-score: 0.7235
[2024-10-04 19:40:58,558][INFO][clas_trainer:133] - train epoch: 9 [13408/134550 (10%)], lr: ['1.00e-04', '1.00e-04'], loss: 0.143576
[2024-10-04 19:41:37,507][INFO][clas_trainer:133] - train epoch: 9 [26848/134550 (20%)], lr: ['1.00e-04', '1.00e-04'], loss: 0.016145
[2024-10-04 19:42:15,171][INFO][clas_trainer:133] - train epoch: 9 [40288/134550 (30%)], lr: ['1.00e-04', '1.00e-04'], loss: 0.006106
[2024-10-04 19:42:56,628][INFO][clas_trainer:133] - train epoch: 9 [53728/134550 (40%)], lr: ['1.00e-04', '1.00e-04'], loss: 0.123738
[2024-10-04 19:43:37,933][INFO][clas_trainer:133] - train epoch: 9 [67168/134550 (50%)], lr: ['1.00e-04', '1.00e-04'], loss: 0.433379
[2024-10-04 19:44:17,617][INFO][clas_trainer:133] - train epoch: 9 [80608/134550 (60%)], lr: ['1.00e-04', '1.00e-04'], loss: 0.019208
[2024-10-04 19:44:57,990][INFO][clas_trainer:133] - train epoch: 9 [94048/134550 (70%)], lr: ['1.00e-04', '1.00e-04'], loss: 0.057048
[2024-10-04 19:45:35,210][INFO][clas_trainer:133] - train epoch: 9 [107488/134550 (80%)], lr: ['1.00e-04', '1.00e-04'], loss: 0.013103
[2024-10-04 19:46:15,359][INFO][clas_trainer:133] - train epoch: 9 [120928/134550 (90%)], lr: ['1.00e-04', '1.00e-04'], loss: 0.028072
[2024-10-04 19:46:52,820][INFO][clas_trainer:133] - train epoch: 9 [134368/134550 (100%)], lr: ['1.00e-04', '1.00e-04'], loss: 0.097614
[2024-10-04 19:47:47,592][INFO][clas_trainer:63] - [epoch   9] execution time: 449.65s	metrics:
[2024-10-04 19:47:47,593][INFO][clas_evaluator:132] - dataset: earlystopping, avg f1-score: 0.7080
[2024-10-04 19:48:27,358][INFO][clas_trainer:133] - train epoch: 10 [13408/134550 (10%)], lr: ['1.00e-04', '1.00e-04'], loss: 0.011437
[2024-10-04 19:49:05,812][INFO][clas_trainer:133] - train epoch: 10 [26848/134550 (20%)], lr: ['1.00e-04', '1.00e-04'], loss: 0.057465
[2024-10-04 19:49:45,342][INFO][clas_trainer:133] - train epoch: 10 [40288/134550 (30%)], lr: ['1.00e-04', '1.00e-04'], loss: 0.009105
[2024-10-04 19:50:24,806][INFO][clas_trainer:133] - train epoch: 10 [53728/134550 (40%)], lr: ['1.00e-04', '1.00e-04'], loss: 0.034335
[2024-10-04 19:51:03,788][INFO][clas_trainer:133] - train epoch: 10 [67168/134550 (50%)], lr: ['1.00e-04', '1.00e-04'], loss: 0.056408
[2024-10-04 19:51:41,131][INFO][clas_trainer:133] - train epoch: 10 [80608/134550 (60%)], lr: ['1.00e-04', '1.00e-04'], loss: 0.081341
[2024-10-04 19:52:21,181][INFO][clas_trainer:133] - train epoch: 10 [94048/134550 (70%)], lr: ['1.00e-04', '1.00e-04'], loss: 0.011609
[2024-10-04 19:53:00,366][INFO][clas_trainer:133] - train epoch: 10 [107488/134550 (80%)], lr: ['1.00e-04', '1.00e-04'], loss: 0.086510
[2024-10-04 19:53:39,871][INFO][clas_trainer:133] - train epoch: 10 [120928/134550 (90%)], lr: ['1.00e-04', '1.00e-04'], loss: 0.007101
[2024-10-04 19:54:17,027][INFO][clas_trainer:133] - train epoch: 10 [134368/134550 (100%)], lr: ['1.00e-04', '1.00e-04'], loss: 0.127122
[2024-10-04 19:55:12,152][INFO][clas_trainer:63] - [epoch  10] execution time: 444.56s	metrics:
[2024-10-04 19:55:12,153][INFO][clas_evaluator:132] - dataset: earlystopping, avg f1-score: 0.7131
[2024-10-04 19:55:54,480][INFO][clas_trainer:133] - train epoch: 11 [13408/134550 (10%)], lr: ['1.00e-04', '1.00e-04'], loss: 0.014948
[2024-10-04 19:56:34,165][INFO][clas_trainer:133] - train epoch: 11 [26848/134550 (20%)], lr: ['1.00e-04', '1.00e-04'], loss: 0.012538
[2024-10-04 19:57:14,266][INFO][clas_trainer:133] - train epoch: 11 [40288/134550 (30%)], lr: ['1.00e-04', '1.00e-04'], loss: 0.000505
[2024-10-04 19:57:53,338][INFO][clas_trainer:133] - train epoch: 11 [53728/134550 (40%)], lr: ['1.00e-04', '1.00e-04'], loss: 0.019645
[2024-10-04 19:58:33,329][INFO][clas_trainer:133] - train epoch: 11 [67168/134550 (50%)], lr: ['1.00e-04', '1.00e-04'], loss: 0.019679
[2024-10-04 19:59:12,513][INFO][clas_trainer:133] - train epoch: 11 [80608/134550 (60%)], lr: ['1.00e-04', '1.00e-04'], loss: 0.015781
[2024-10-04 19:59:50,277][INFO][clas_trainer:133] - train epoch: 11 [94048/134550 (70%)], lr: ['1.00e-04', '1.00e-04'], loss: 0.119532
[2024-10-04 20:00:29,163][INFO][clas_trainer:133] - train epoch: 11 [107488/134550 (80%)], lr: ['1.00e-04', '1.00e-04'], loss: 0.041268
[2024-10-04 20:01:07,609][INFO][clas_trainer:133] - train epoch: 11 [120928/134550 (90%)], lr: ['1.00e-04', '1.00e-04'], loss: 0.002278
[2024-10-04 20:01:46,167][INFO][clas_trainer:133] - train epoch: 11 [134368/134550 (100%)], lr: ['1.00e-04', '1.00e-04'], loss: 0.007690
[2024-10-04 20:02:41,954][INFO][clas_trainer:63] - [epoch  11] execution time: 449.80s	metrics:
[2024-10-04 20:02:41,955][INFO][clas_evaluator:132] - dataset: earlystopping, avg f1-score: 0.7095
[2024-10-04 20:03:23,374][INFO][clas_trainer:133] - train epoch: 12 [13408/134550 (10%)], lr: ['1.00e-04', '1.00e-04'], loss: 0.086720
[2024-10-04 20:04:00,712][INFO][clas_trainer:133] - train epoch: 12 [26848/134550 (20%)], lr: ['1.00e-04', '1.00e-04'], loss: 0.010637
[2024-10-04 20:04:38,803][INFO][clas_trainer:133] - train epoch: 12 [40288/134550 (30%)], lr: ['1.00e-04', '1.00e-04'], loss: 0.004701
[2024-10-04 20:05:16,887][INFO][clas_trainer:133] - train epoch: 12 [53728/134550 (40%)], lr: ['1.00e-04', '1.00e-04'], loss: 0.055746
[2024-10-04 20:05:54,236][INFO][clas_trainer:133] - train epoch: 12 [67168/134550 (50%)], lr: ['1.00e-04', '1.00e-04'], loss: 0.012601
[2024-10-04 20:06:32,921][INFO][clas_trainer:133] - train epoch: 12 [80608/134550 (60%)], lr: ['1.00e-04', '1.00e-04'], loss: 0.019141
[2024-10-04 20:07:09,825][INFO][clas_trainer:133] - train epoch: 12 [94048/134550 (70%)], lr: ['1.00e-04', '1.00e-04'], loss: 0.100084
[2024-10-04 20:07:47,764][INFO][clas_trainer:133] - train epoch: 12 [107488/134550 (80%)], lr: ['1.00e-04', '1.00e-04'], loss: 0.060587
[2024-10-04 20:08:27,569][INFO][clas_trainer:133] - train epoch: 12 [120928/134550 (90%)], lr: ['1.00e-04', '1.00e-04'], loss: 0.047933
[2024-10-04 20:09:05,527][INFO][clas_trainer:133] - train epoch: 12 [134368/134550 (100%)], lr: ['1.00e-04', '1.00e-04'], loss: 0.006359
[2024-10-04 20:09:58,931][INFO][clas_trainer:63] - [epoch  12] execution time: 436.98s	metrics:
[2024-10-04 20:09:58,932][INFO][clas_evaluator:132] - dataset: earlystopping, avg f1-score: 0.7086
[2024-10-04 20:10:36,141][INFO][clas_trainer:133] - train epoch: 13 [13408/134550 (10%)], lr: ['1.00e-04', '1.00e-04'], loss: 0.028567
[2024-10-04 20:11:15,140][INFO][clas_trainer:133] - train epoch: 13 [26848/134550 (20%)], lr: ['1.00e-04', '1.00e-04'], loss: 0.008486
[2024-10-04 20:11:53,209][INFO][clas_trainer:133] - train epoch: 13 [40288/134550 (30%)], lr: ['1.00e-04', '1.00e-04'], loss: 0.009540
[2024-10-04 20:12:31,091][INFO][clas_trainer:133] - train epoch: 13 [53728/134550 (40%)], lr: ['1.00e-04', '1.00e-04'], loss: 0.056586
[2024-10-04 20:13:11,592][INFO][clas_trainer:133] - train epoch: 13 [67168/134550 (50%)], lr: ['1.00e-04', '1.00e-04'], loss: 0.012486
[2024-10-04 20:13:49,812][INFO][clas_trainer:133] - train epoch: 13 [80608/134550 (60%)], lr: ['1.00e-04', '1.00e-04'], loss: 0.015530
[2024-10-04 20:14:26,426][INFO][clas_trainer:133] - train epoch: 13 [94048/134550 (70%)], lr: ['1.00e-04', '1.00e-04'], loss: 0.018053
[2024-10-04 20:15:04,653][INFO][clas_trainer:133] - train epoch: 13 [107488/134550 (80%)], lr: ['1.00e-04', '1.00e-04'], loss: 0.016922
[2024-10-04 20:15:42,580][INFO][clas_trainer:133] - train epoch: 13 [120928/134550 (90%)], lr: ['1.00e-04', '1.00e-04'], loss: 0.011272
[2024-10-04 20:16:22,652][INFO][clas_trainer:133] - train epoch: 13 [134368/134550 (100%)], lr: ['1.00e-04', '1.00e-04'], loss: 0.018120
[2024-10-04 20:17:21,393][INFO][clas_trainer:63] - [epoch  13] execution time: 442.46s	metrics:
[2024-10-04 20:17:21,394][INFO][clas_evaluator:132] - dataset: earlystopping, avg f1-score: 0.7204
[2024-10-04 20:18:02,796][INFO][clas_trainer:133] - train epoch: 14 [13408/134550 (10%)], lr: ['1.00e-04', '1.00e-04'], loss: 0.005836
[2024-10-04 20:18:40,896][INFO][clas_trainer:133] - train epoch: 14 [26848/134550 (20%)], lr: ['1.00e-04', '1.00e-04'], loss: 0.001146
[2024-10-04 20:19:17,161][INFO][clas_trainer:133] - train epoch: 14 [40288/134550 (30%)], lr: ['1.00e-04', '1.00e-04'], loss: 0.003711
[2024-10-04 20:19:54,744][INFO][clas_trainer:133] - train epoch: 14 [53728/134550 (40%)], lr: ['1.00e-04', '1.00e-04'], loss: 0.105950
[2024-10-04 20:20:33,264][INFO][clas_trainer:133] - train epoch: 14 [67168/134550 (50%)], lr: ['1.00e-04', '1.00e-04'], loss: 0.117782
[2024-10-04 20:21:12,347][INFO][clas_trainer:133] - train epoch: 14 [80608/134550 (60%)], lr: ['1.00e-04', '1.00e-04'], loss: 0.002674
[2024-10-04 20:21:49,876][INFO][clas_trainer:133] - train epoch: 14 [94048/134550 (70%)], lr: ['1.00e-04', '1.00e-04'], loss: 0.022284
[2024-10-04 20:22:27,234][INFO][clas_trainer:133] - train epoch: 14 [107488/134550 (80%)], lr: ['1.00e-04', '1.00e-04'], loss: 0.001277
[2024-10-04 20:23:07,146][INFO][clas_trainer:133] - train epoch: 14 [120928/134550 (90%)], lr: ['1.00e-04', '1.00e-04'], loss: 0.010104
[2024-10-04 20:23:44,479][INFO][clas_trainer:133] - train epoch: 14 [134368/134550 (100%)], lr: ['1.00e-04', '1.00e-04'], loss: 0.054848
[2024-10-04 20:24:39,251][INFO][clas_trainer:63] - [epoch  14] execution time: 437.86s	metrics:
[2024-10-04 20:24:39,252][INFO][clas_evaluator:132] - dataset: earlystopping, avg f1-score: 0.7057
[2024-10-04 20:25:19,859][INFO][clas_trainer:133] - train epoch: 15 [13408/134550 (10%)], lr: ['1.00e-04', '1.00e-04'], loss: 0.005891
[2024-10-04 20:25:59,197][INFO][clas_trainer:133] - train epoch: 15 [26848/134550 (20%)], lr: ['1.00e-04', '1.00e-04'], loss: 0.072959
[2024-10-04 20:26:36,397][INFO][clas_trainer:133] - train epoch: 15 [40288/134550 (30%)], lr: ['1.00e-04', '1.00e-04'], loss: 0.001701
[2024-10-04 20:27:14,142][INFO][clas_trainer:133] - train epoch: 15 [53728/134550 (40%)], lr: ['1.00e-04', '1.00e-04'], loss: 0.000983
[2024-10-04 20:27:54,420][INFO][clas_trainer:133] - train epoch: 15 [67168/134550 (50%)], lr: ['1.00e-04', '1.00e-04'], loss: 0.002071
[2024-10-04 20:28:34,653][INFO][clas_trainer:133] - train epoch: 15 [80608/134550 (60%)], lr: ['1.00e-04', '1.00e-04'], loss: 0.003385
[2024-10-04 20:29:13,774][INFO][clas_trainer:133] - train epoch: 15 [94048/134550 (70%)], lr: ['1.00e-04', '1.00e-04'], loss: 0.096680
[2024-10-04 20:29:53,180][INFO][clas_trainer:133] - train epoch: 15 [107488/134550 (80%)], lr: ['1.00e-04', '1.00e-04'], loss: 0.010825
[2024-10-04 20:30:32,014][INFO][clas_trainer:133] - train epoch: 15 [120928/134550 (90%)], lr: ['1.00e-04', '1.00e-04'], loss: 0.009797
[2024-10-04 20:31:10,851][INFO][clas_trainer:133] - train epoch: 15 [134368/134550 (100%)], lr: ['1.00e-04', '1.00e-04'], loss: 0.015492
[2024-10-04 20:32:06,087][INFO][clas_trainer:63] - [epoch  15] execution time: 446.83s	metrics:
[2024-10-04 20:32:06,088][INFO][clas_evaluator:132] - dataset: earlystopping, avg f1-score: 0.7211
[2024-10-04 20:32:45,640][INFO][clas_trainer:133] - train epoch: 16 [13408/134550 (10%)], lr: ['1.00e-04', '1.00e-04'], loss: 0.003664
[2024-10-04 20:33:23,840][INFO][clas_trainer:133] - train epoch: 16 [26848/134550 (20%)], lr: ['1.00e-04', '1.00e-04'], loss: 0.005293
[2024-10-04 20:34:00,222][INFO][clas_trainer:133] - train epoch: 16 [40288/134550 (30%)], lr: ['1.00e-04', '1.00e-04'], loss: 0.001119
[2024-10-04 20:34:37,101][INFO][clas_trainer:133] - train epoch: 16 [53728/134550 (40%)], lr: ['1.00e-04', '1.00e-04'], loss: 0.021246
[2024-10-04 20:35:13,896][INFO][clas_trainer:133] - train epoch: 16 [67168/134550 (50%)], lr: ['1.00e-04', '1.00e-04'], loss: 0.018407
[2024-10-04 20:35:50,356][INFO][clas_trainer:133] - train epoch: 16 [80608/134550 (60%)], lr: ['1.00e-04', '1.00e-04'], loss: 0.001089
[2024-10-04 20:36:28,925][INFO][clas_trainer:133] - train epoch: 16 [94048/134550 (70%)], lr: ['1.00e-04', '1.00e-04'], loss: 0.040282
[2024-10-04 20:37:06,405][INFO][clas_trainer:133] - train epoch: 16 [107488/134550 (80%)], lr: ['1.00e-04', '1.00e-04'], loss: 0.018719
[2024-10-04 20:37:43,637][INFO][clas_trainer:133] - train epoch: 16 [120928/134550 (90%)], lr: ['1.00e-04', '1.00e-04'], loss: 0.024805
[2024-10-04 20:38:21,087][INFO][clas_trainer:133] - train epoch: 16 [134368/134550 (100%)], lr: ['1.00e-04', '1.00e-04'], loss: 0.011152
[2024-10-04 20:39:13,233][INFO][clas_trainer:63] - [epoch  16] execution time: 427.15s	metrics:
[2024-10-04 20:39:13,233][INFO][clas_evaluator:132] - dataset: earlystopping, avg f1-score: 0.7043
[2024-10-04 20:39:51,987][INFO][clas_trainer:133] - train epoch: 17 [13408/134550 (10%)], lr: ['1.00e-04', '1.00e-04'], loss: 0.001627
[2024-10-04 20:40:31,339][INFO][clas_trainer:133] - train epoch: 17 [26848/134550 (20%)], lr: ['1.00e-04', '1.00e-04'], loss: 0.052806
[2024-10-04 20:41:08,435][INFO][clas_trainer:133] - train epoch: 17 [40288/134550 (30%)], lr: ['1.00e-04', '1.00e-04'], loss: 0.010137
[2024-10-04 20:41:46,229][INFO][clas_trainer:133] - train epoch: 17 [53728/134550 (40%)], lr: ['1.00e-04', '1.00e-04'], loss: 0.030774
[2024-10-04 20:42:25,179][INFO][clas_trainer:133] - train epoch: 17 [67168/134550 (50%)], lr: ['1.00e-04', '1.00e-04'], loss: 0.003417
[2024-10-04 20:43:03,154][INFO][clas_trainer:133] - train epoch: 17 [80608/134550 (60%)], lr: ['1.00e-04', '1.00e-04'], loss: 0.003357
[2024-10-04 20:43:40,990][INFO][clas_trainer:133] - train epoch: 17 [94048/134550 (70%)], lr: ['1.00e-04', '1.00e-04'], loss: 0.031385
[2024-10-04 20:44:18,843][INFO][clas_trainer:133] - train epoch: 17 [107488/134550 (80%)], lr: ['1.00e-04', '1.00e-04'], loss: 0.022050
[2024-10-04 20:44:57,246][INFO][clas_trainer:133] - train epoch: 17 [120928/134550 (90%)], lr: ['1.00e-04', '1.00e-04'], loss: 0.005118
[2024-10-04 20:45:35,758][INFO][clas_trainer:133] - train epoch: 17 [134368/134550 (100%)], lr: ['1.00e-04', '1.00e-04'], loss: 0.010130
[2024-10-04 20:46:29,679][INFO][clas_trainer:63] - [epoch  17] execution time: 436.45s	metrics:
[2024-10-04 20:46:29,680][INFO][clas_evaluator:132] - dataset: earlystopping, avg f1-score: 0.7137
[2024-10-04 20:46:29,688][INFO][clas_trainer:79] - finished training
[2024-10-04 20:46:29,688][INFO][clas_trainer:80] - best model on epoch: 7 	f1-score: 0.7281
