[2023-10-17 18:37:01,554][INFO][fine-tune:29] - overrides:
hydra:
- hydra.mode=MULTIRUN
task:
- m_seed_path_sids={seeds:[4,4,4,4,4],path:"exp004b-m4-simple_multi_class-2023-10-17_12-41-35-final.pth",subject_ids:{dod_o_h:$\{data.dod_o_h.cv_5_fold.fold_5\}}}
- data.downstream.train_dataloader.dataset.data_reducer.n_epochs=50
- data.downstream.train_dataloader.dataset.data_reducer.n_subjects=4

[2023-10-17 18:37:03,561][INFO][data_loaders:39] - class distribution before data reduction:
# samples per subject
02fb158a-a658-51ee-89cf-1e1dc2ebfde1: 861
03341d0d-5927-5838-8a5f-1b8ef39d8f57: 1063
039ce8ad-a7fa-5272-a3e3-1f4bfebdd087: 915
095d6e40-5f19-55b6-a0ec-6e0ad3793da0: 1192
0d79f4b1-e74f-5e87-8e42-f9dd7112ada5: 968
100df108-eb57-5eaa-a413-f7e4436a7895: 952
14c012bd-65b0-56f5-bc74-2dffcea69837: 969
16450f5a-9b65-5536-85e1-93816c8b89eb: 816
18482adf-1144-54ca-9e35-27f65c43a105: 824
18ede714-aba3-5ad8-bb1a-18fc9b1c4192: 995
1da3544e-dc5c-5795-adc3-f5068959211f: 955
2159377e-ebf3-5565-9014-1e2ae69dc1d2: 907
2e865ca9-e20f-5a6f-bd25-45d28cc9eab9: 950
32556393-bb57-560a-99e8-e09885219647: 1106
37d0da97-9ae8-5413-b889-4e843ff35488: 1011
3dd35e7b-d7e2-516d-8a85-e0d58a59569f: 1093
3e842aa8-bcd9-521e-93a2-72124233fe2c: 620
40e25dd4-6087-5747-b9c2-4838ada86b15: 1076
47f45aa2-31c4-595b-bdb6-f1348bba062b: 1032
4b72b905-5521-5c57-b666-e20ff9bb195f: 868
4e3c4ac4-69e2-5347-a3b0-662c204d259d: 926
5b94ec8a-c34d-5e45-84d1-bec2ea965609: 1090
5bf0f969-304c-581e-949c-50c108f62846: 947
67fa8e29-6f4d-530e-9422-bbc3aca86ed0: 1046
6e2aa933-c51c-5a31-8c7b-83da8d076a12: 905
730aba3b-e310-5be0-9eed-7c3123466834: 1120
742f1592-627c-54eb-bbb5-ccd55ffae33a: 975
769df255-2284-50b3-8917-2155c759fbbd: 929
79e8a04e-0fdd-53ae-bedc-d49d08e29103: 918
7d778801-88e7-5086-ad1d-70f31a371876: 999
83c1394e-9c69-5c11-9102-9ff8d59b1cfd: 1011
844f68ba-265e-53e6-bf47-6c85d1804a7b: 957
90aef91a-252f-5ccc-a82e-78ea7ee9ca1f: 1089
a0c91989-530f-5117-80c1-2488dbed683c: 1017
a25b2296-343b-53f6-8792-ada2669d466e: 1008
a6254c8a-f1b2-5736-b601-18245dd5e0a5: 1084
a65a9e69-cddf-5711-9a97-de8bfdeb08cc: 961
a79d1f0e-c133-5aa0-8268-cdcc05825f0f: 1046
aa160c78-6da3-5e05-8fc9-d6c13e9f97e0: 1010
aadc9e0c-b7c3-5a47-851d-f21971d10935: 969
ad47bc12-199c-5294-9cb8-4351bbbf7b5e: 893
b2d3ccdd-395c-5dd2-81d9-252bcfc0c337: 902
b3706da5-748b-5dd1-a552-f57e4456cdf6: 1041
b5d5785d-87ee-5078-b9b9-aac6abd4d8de: 918
bb474ab0-c2ce-573b-8acd-ef86b0fa26a2: 1142
c03e27b0-4cb5-584f-aaea-8f1e1ed6513c: 1121
c11c730f-0b6b-580b-af31-d8f0ebbbdfce: 917
c31a47f9-e400-5841-a22b-521c81042603: 986
c8110476-594c-533d-95bd-86147fccc987: 995
c985916d-46a5-5c3e-9d50-a5a91f460bac: 1024
cebd3520-4e77-5222-a614-d2888e6afc2b: 1109
d5181c33-a43b-5dfe-8ad7-0337facb092a: 977
e59c45e0-0c0c-565f-84a9-6cf0ec5ef6c1: 844
e6b7cbef-4c9d-5541-82e8-04810de0fb60: 819
e8ec8ec4-dc48-50ce-985a-a06d87861030: 975
eb95076c-c470-56a4-b788-ace310f061c6: 965

# samples per stage
0: 9856
1: 3075
2: 26718
3: 5997
4: 9162
[2023-10-17 18:37:03,729][INFO][data_loaders:43] - class distribution after data reduction:
# samples per subject
0d79f4b1-e74f-5e87-8e42-f9dd7112ada5: 7672
4e3c4ac4-69e2-5347-a3b0-662c204d259d: 20824
6e2aa933-c51c-5a31-8c7b-83da8d076a12: 13152
e8ec8ec4-dc48-50ce-985a-a06d87861030: 13152

# samples per stage
0: 17536
1: 1096
2: 27400
3: 2192
4: 6576
[2023-10-17 18:37:03,741][INFO][base_pretraining_fe:55] - Loading model from exp004b-m4-simple_multi_class-2023-10-17_12-41-35-final.pth
[2023-10-17 18:37:04,030][INFO][data_loaders:39] - class distribution before data reduction:
# samples per subject
0416d51f-5d69-5326-b74a-a2e31a96a1ef: 822
1fa6c401-d819-50f5-8146-a0bb9e2b2516: 986
22bea84c-5d23-5e49-bc2d-9764f883955b: 1048
25a6b2b0-4d09-561b-82c6-f09bb271d3be: 1063
a30245e3-4a71-565f-9636-92e7d2e825fc: 1122
a4568951-bf87-5bbc-bc4f-28e93c360be6: 975
b3534fa3-7676-50dc-8412-07f0eff4f7a9: 757
fc10ee0b-b863-511b-bce8-4dfa7af8ac3a: 910

# samples per stage
0: 1458
1: 408
2: 3702
3: 1050
4: 1065
[2023-10-17 18:37:04,050][INFO][data_loaders:43] - class distribution after data reduction:
# samples per subject
0416d51f-5d69-5326-b74a-a2e31a96a1ef: 822
1fa6c401-d819-50f5-8146-a0bb9e2b2516: 986
22bea84c-5d23-5e49-bc2d-9764f883955b: 1048
25a6b2b0-4d09-561b-82c6-f09bb271d3be: 1063
a30245e3-4a71-565f-9636-92e7d2e825fc: 1122
a4568951-bf87-5bbc-bc4f-28e93c360be6: 975
b3534fa3-7676-50dc-8412-07f0eff4f7a9: 757
fc10ee0b-b863-511b-bce8-4dfa7af8ac3a: 910

# samples per stage
0: 1458
1: 408
2: 3702
3: 1050
4: 1065
[2023-10-17 18:37:04,058][INFO][clas_trainer:49] - metrics before training (epoch 0):
[2023-10-17 18:37:20,902][INFO][clas_evaluator:99] - dataset: earlystopping, avg f1-score: 0.0377
[2023-10-17 18:37:32,452][INFO][clas_trainer:133] - train epoch: 1 [5440/54800 (10%)], lr: ['1.00e-04', '1.00e-04'], loss: 0.164541
[2023-10-17 18:37:43,263][INFO][clas_trainer:133] - train epoch: 1 [10912/54800 (20%)], lr: ['1.00e-04', '1.00e-04'], loss: 0.009860
[2023-10-17 18:37:54,259][INFO][clas_trainer:133] - train epoch: 1 [16384/54800 (30%)], lr: ['1.00e-04', '1.00e-04'], loss: 0.043335
[2023-10-17 18:38:05,169][INFO][clas_trainer:133] - train epoch: 1 [21856/54800 (40%)], lr: ['1.00e-04', '1.00e-04'], loss: 0.003824
[2023-10-17 18:38:15,930][INFO][clas_trainer:133] - train epoch: 1 [27328/54800 (50%)], lr: ['1.00e-04', '1.00e-04'], loss: 0.001885
[2023-10-17 18:38:27,356][INFO][clas_trainer:133] - train epoch: 1 [32800/54800 (60%)], lr: ['1.00e-04', '1.00e-04'], loss: 0.026031
[2023-10-17 18:38:38,438][INFO][clas_trainer:133] - train epoch: 1 [38272/54800 (70%)], lr: ['1.00e-04', '1.00e-04'], loss: 0.001471
[2023-10-17 18:38:49,466][INFO][clas_trainer:133] - train epoch: 1 [43744/54800 (80%)], lr: ['1.00e-04', '1.00e-04'], loss: 0.003000
[2023-10-17 18:39:00,799][INFO][clas_trainer:133] - train epoch: 1 [49216/54800 (90%)], lr: ['1.00e-04', '1.00e-04'], loss: 0.000445
[2023-10-17 18:39:11,417][INFO][clas_trainer:133] - train epoch: 1 [54688/54800 (100%)], lr: ['1.00e-04', '1.00e-04'], loss: 0.000104
[2023-10-17 18:39:29,261][INFO][clas_trainer:63] - [epoch   1] execution time: 128.36s	metrics:
[2023-10-17 18:39:29,261][INFO][clas_evaluator:99] - dataset: earlystopping, avg f1-score: 0.5045
[2023-10-17 18:39:29,319][INFO][base_model:51] - snapshot saved to XXX/frequency-pretraining/models/exp004c-m108-base_fe_clas-2023-10-17_13-14-37-final.pth
[2023-10-17 18:39:40,751][INFO][clas_trainer:133] - train epoch: 2 [5440/54800 (10%)], lr: ['1.00e-04', '1.00e-04'], loss: 0.000745
[2023-10-17 18:39:52,167][INFO][clas_trainer:133] - train epoch: 2 [10912/54800 (20%)], lr: ['1.00e-04', '1.00e-04'], loss: 0.017774
[2023-10-17 18:40:03,482][INFO][clas_trainer:133] - train epoch: 2 [16384/54800 (30%)], lr: ['1.00e-04', '1.00e-04'], loss: 0.000912
[2023-10-17 18:40:14,581][INFO][clas_trainer:133] - train epoch: 2 [21856/54800 (40%)], lr: ['1.00e-04', '1.00e-04'], loss: 0.000121
[2023-10-17 18:40:25,611][INFO][clas_trainer:133] - train epoch: 2 [27328/54800 (50%)], lr: ['1.00e-04', '1.00e-04'], loss: 0.001140
[2023-10-17 18:40:36,578][INFO][clas_trainer:133] - train epoch: 2 [32800/54800 (60%)], lr: ['1.00e-04', '1.00e-04'], loss: 0.000026
[2023-10-17 18:40:47,266][INFO][clas_trainer:133] - train epoch: 2 [38272/54800 (70%)], lr: ['1.00e-04', '1.00e-04'], loss: 0.000070
[2023-10-17 18:40:58,252][INFO][clas_trainer:133] - train epoch: 2 [43744/54800 (80%)], lr: ['1.00e-04', '1.00e-04'], loss: 0.000026
[2023-10-17 18:41:09,355][INFO][clas_trainer:133] - train epoch: 2 [49216/54800 (90%)], lr: ['1.00e-04', '1.00e-04'], loss: 0.062645
[2023-10-17 18:41:20,319][INFO][clas_trainer:133] - train epoch: 2 [54688/54800 (100%)], lr: ['1.00e-04', '1.00e-04'], loss: 0.014313
[2023-10-17 18:41:37,558][INFO][clas_trainer:63] - [epoch   2] execution time: 128.24s	metrics:
[2023-10-17 18:41:37,558][INFO][clas_evaluator:99] - dataset: earlystopping, avg f1-score: 0.4944
[2023-10-17 18:41:49,550][INFO][clas_trainer:133] - train epoch: 3 [5440/54800 (10%)], lr: ['1.00e-04', '1.00e-04'], loss: 0.000866
[2023-10-17 18:42:00,747][INFO][clas_trainer:133] - train epoch: 3 [10912/54800 (20%)], lr: ['1.00e-04', '1.00e-04'], loss: 0.002294
[2023-10-17 18:42:11,879][INFO][clas_trainer:133] - train epoch: 3 [16384/54800 (30%)], lr: ['1.00e-04', '1.00e-04'], loss: 0.000015
[2023-10-17 18:42:23,466][INFO][clas_trainer:133] - train epoch: 3 [21856/54800 (40%)], lr: ['1.00e-04', '1.00e-04'], loss: 0.002737
[2023-10-17 18:42:34,675][INFO][clas_trainer:133] - train epoch: 3 [27328/54800 (50%)], lr: ['1.00e-04', '1.00e-04'], loss: 0.000024
[2023-10-17 18:42:45,579][INFO][clas_trainer:133] - train epoch: 3 [32800/54800 (60%)], lr: ['1.00e-04', '1.00e-04'], loss: 0.000011
[2023-10-17 18:42:56,760][INFO][clas_trainer:133] - train epoch: 3 [38272/54800 (70%)], lr: ['1.00e-04', '1.00e-04'], loss: 0.017209
[2023-10-17 18:43:07,513][INFO][clas_trainer:133] - train epoch: 3 [43744/54800 (80%)], lr: ['1.00e-04', '1.00e-04'], loss: 0.000659
[2023-10-17 18:43:18,774][INFO][clas_trainer:133] - train epoch: 3 [49216/54800 (90%)], lr: ['1.00e-04', '1.00e-04'], loss: 0.000015
[2023-10-17 18:43:29,860][INFO][clas_trainer:133] - train epoch: 3 [54688/54800 (100%)], lr: ['1.00e-04', '1.00e-04'], loss: 0.000135
[2023-10-17 18:43:47,222][INFO][clas_trainer:63] - [epoch   3] execution time: 129.66s	metrics:
[2023-10-17 18:43:47,222][INFO][clas_evaluator:99] - dataset: earlystopping, avg f1-score: 0.4998
[2023-10-17 18:43:58,856][INFO][clas_trainer:133] - train epoch: 4 [5440/54800 (10%)], lr: ['1.00e-04', '1.00e-04'], loss: 0.001424
[2023-10-17 18:44:10,005][INFO][clas_trainer:133] - train epoch: 4 [10912/54800 (20%)], lr: ['1.00e-04', '1.00e-04'], loss: 0.000232
[2023-10-17 18:44:21,497][INFO][clas_trainer:133] - train epoch: 4 [16384/54800 (30%)], lr: ['1.00e-04', '1.00e-04'], loss: 0.000139
[2023-10-17 18:44:32,593][INFO][clas_trainer:133] - train epoch: 4 [21856/54800 (40%)], lr: ['1.00e-04', '1.00e-04'], loss: 0.000116
[2023-10-17 18:44:43,395][INFO][clas_trainer:133] - train epoch: 4 [27328/54800 (50%)], lr: ['1.00e-04', '1.00e-04'], loss: 0.000035
[2023-10-17 18:44:54,118][INFO][clas_trainer:133] - train epoch: 4 [32800/54800 (60%)], lr: ['1.00e-04', '1.00e-04'], loss: 0.000985
[2023-10-17 18:45:05,027][INFO][clas_trainer:133] - train epoch: 4 [38272/54800 (70%)], lr: ['1.00e-04', '1.00e-04'], loss: 0.000555
[2023-10-17 18:45:16,080][INFO][clas_trainer:133] - train epoch: 4 [43744/54800 (80%)], lr: ['1.00e-04', '1.00e-04'], loss: 0.000406
[2023-10-17 18:45:27,140][INFO][clas_trainer:133] - train epoch: 4 [49216/54800 (90%)], lr: ['1.00e-04', '1.00e-04'], loss: 0.278119
[2023-10-17 18:45:38,280][INFO][clas_trainer:133] - train epoch: 4 [54688/54800 (100%)], lr: ['1.00e-04', '1.00e-04'], loss: 0.000031
[2023-10-17 18:45:56,116][INFO][clas_trainer:63] - [epoch   4] execution time: 128.89s	metrics:
[2023-10-17 18:45:56,117][INFO][clas_evaluator:99] - dataset: earlystopping, avg f1-score: 0.5217
[2023-10-17 18:45:56,181][INFO][base_model:51] - snapshot saved to XXX/frequency-pretraining/models/exp004c-m108-base_fe_clas-2023-10-17_13-14-37-final.pth
[2023-10-17 18:46:07,985][INFO][clas_trainer:133] - train epoch: 5 [5440/54800 (10%)], lr: ['1.00e-04', '1.00e-04'], loss: 0.000185
[2023-10-17 18:46:19,261][INFO][clas_trainer:133] - train epoch: 5 [10912/54800 (20%)], lr: ['1.00e-04', '1.00e-04'], loss: 0.000036
[2023-10-17 18:46:30,261][INFO][clas_trainer:133] - train epoch: 5 [16384/54800 (30%)], lr: ['1.00e-04', '1.00e-04'], loss: 0.000035
[2023-10-17 18:46:41,245][INFO][clas_trainer:133] - train epoch: 5 [21856/54800 (40%)], lr: ['1.00e-04', '1.00e-04'], loss: 0.000260
[2023-10-17 18:46:52,489][INFO][clas_trainer:133] - train epoch: 5 [27328/54800 (50%)], lr: ['1.00e-04', '1.00e-04'], loss: 0.000194
[2023-10-17 18:47:03,415][INFO][clas_trainer:133] - train epoch: 5 [32800/54800 (60%)], lr: ['1.00e-04', '1.00e-04'], loss: 0.000013
[2023-10-17 18:47:14,041][INFO][clas_trainer:133] - train epoch: 5 [38272/54800 (70%)], lr: ['1.00e-04', '1.00e-04'], loss: 0.000027
[2023-10-17 18:47:25,378][INFO][clas_trainer:133] - train epoch: 5 [43744/54800 (80%)], lr: ['1.00e-04', '1.00e-04'], loss: 0.000083
[2023-10-17 18:47:36,467][INFO][clas_trainer:133] - train epoch: 5 [49216/54800 (90%)], lr: ['1.00e-04', '1.00e-04'], loss: 0.000914
[2023-10-17 18:47:47,268][INFO][clas_trainer:133] - train epoch: 5 [54688/54800 (100%)], lr: ['1.00e-04', '1.00e-04'], loss: 0.000112
[2023-10-17 18:48:04,931][INFO][clas_trainer:63] - [epoch   5] execution time: 128.75s	metrics:
[2023-10-17 18:48:04,932][INFO][clas_evaluator:99] - dataset: earlystopping, avg f1-score: 0.4742
[2023-10-17 18:48:16,663][INFO][clas_trainer:133] - train epoch: 6 [5440/54800 (10%)], lr: ['1.00e-04', '1.00e-04'], loss: 0.000601
[2023-10-17 18:48:27,680][INFO][clas_trainer:133] - train epoch: 6 [10912/54800 (20%)], lr: ['1.00e-04', '1.00e-04'], loss: 0.000042
[2023-10-17 18:48:38,876][INFO][clas_trainer:133] - train epoch: 6 [16384/54800 (30%)], lr: ['1.00e-04', '1.00e-04'], loss: 0.000021
[2023-10-17 18:48:49,675][INFO][clas_trainer:133] - train epoch: 6 [21856/54800 (40%)], lr: ['1.00e-04', '1.00e-04'], loss: 0.000046
[2023-10-17 18:49:00,844][INFO][clas_trainer:133] - train epoch: 6 [27328/54800 (50%)], lr: ['1.00e-04', '1.00e-04'], loss: 0.001026
[2023-10-17 18:49:11,972][INFO][clas_trainer:133] - train epoch: 6 [32800/54800 (60%)], lr: ['1.00e-04', '1.00e-04'], loss: 0.000200
[2023-10-17 18:49:22,880][INFO][clas_trainer:133] - train epoch: 6 [38272/54800 (70%)], lr: ['1.00e-04', '1.00e-04'], loss: 0.000309
[2023-10-17 18:49:33,989][INFO][clas_trainer:133] - train epoch: 6 [43744/54800 (80%)], lr: ['1.00e-04', '1.00e-04'], loss: 0.000393
[2023-10-17 18:49:45,133][INFO][clas_trainer:133] - train epoch: 6 [49216/54800 (90%)], lr: ['1.00e-04', '1.00e-04'], loss: 0.000178
[2023-10-17 18:49:55,887][INFO][clas_trainer:133] - train epoch: 6 [54688/54800 (100%)], lr: ['1.00e-04', '1.00e-04'], loss: 0.000134
[2023-10-17 18:50:13,358][INFO][clas_trainer:63] - [epoch   6] execution time: 128.43s	metrics:
[2023-10-17 18:50:13,359][INFO][clas_evaluator:99] - dataset: earlystopping, avg f1-score: 0.5057
[2023-10-17 18:50:24,937][INFO][clas_trainer:133] - train epoch: 7 [5440/54800 (10%)], lr: ['1.00e-04', '1.00e-04'], loss: 0.000094
[2023-10-17 18:50:36,038][INFO][clas_trainer:133] - train epoch: 7 [10912/54800 (20%)], lr: ['1.00e-04', '1.00e-04'], loss: 0.000206
[2023-10-17 18:50:46,854][INFO][clas_trainer:133] - train epoch: 7 [16384/54800 (30%)], lr: ['1.00e-04', '1.00e-04'], loss: 0.000410
[2023-10-17 18:50:58,279][INFO][clas_trainer:133] - train epoch: 7 [21856/54800 (40%)], lr: ['1.00e-04', '1.00e-04'], loss: 0.000689
[2023-10-17 18:51:09,651][INFO][clas_trainer:133] - train epoch: 7 [27328/54800 (50%)], lr: ['1.00e-04', '1.00e-04'], loss: 0.004722
[2023-10-17 18:51:20,711][INFO][clas_trainer:133] - train epoch: 7 [32800/54800 (60%)], lr: ['1.00e-04', '1.00e-04'], loss: 0.000051
[2023-10-17 18:51:31,400][INFO][clas_trainer:133] - train epoch: 7 [38272/54800 (70%)], lr: ['1.00e-04', '1.00e-04'], loss: 0.000571
[2023-10-17 18:51:42,791][INFO][clas_trainer:133] - train epoch: 7 [43744/54800 (80%)], lr: ['1.00e-04', '1.00e-04'], loss: 0.003131
[2023-10-17 18:51:54,269][INFO][clas_trainer:133] - train epoch: 7 [49216/54800 (90%)], lr: ['1.00e-04', '1.00e-04'], loss: 0.000185
[2023-10-17 18:52:05,172][INFO][clas_trainer:133] - train epoch: 7 [54688/54800 (100%)], lr: ['1.00e-04', '1.00e-04'], loss: 0.007116
[2023-10-17 18:52:23,049][INFO][clas_trainer:63] - [epoch   7] execution time: 129.69s	metrics:
[2023-10-17 18:52:23,049][INFO][clas_evaluator:99] - dataset: earlystopping, avg f1-score: 0.4360
[2023-10-17 18:52:34,671][INFO][clas_trainer:133] - train epoch: 8 [5440/54800 (10%)], lr: ['1.00e-04', '1.00e-04'], loss: 0.000106
[2023-10-17 18:52:45,995][INFO][clas_trainer:133] - train epoch: 8 [10912/54800 (20%)], lr: ['1.00e-04', '1.00e-04'], loss: 0.000283
[2023-10-17 18:52:57,605][INFO][clas_trainer:133] - train epoch: 8 [16384/54800 (30%)], lr: ['1.00e-04', '1.00e-04'], loss: 0.000094
[2023-10-17 18:53:08,994][INFO][clas_trainer:133] - train epoch: 8 [21856/54800 (40%)], lr: ['1.00e-04', '1.00e-04'], loss: 0.000110
[2023-10-17 18:53:19,972][INFO][clas_trainer:133] - train epoch: 8 [27328/54800 (50%)], lr: ['1.00e-04', '1.00e-04'], loss: 0.000639
[2023-10-17 18:53:31,050][INFO][clas_trainer:133] - train epoch: 8 [32800/54800 (60%)], lr: ['1.00e-04', '1.00e-04'], loss: 0.000151
[2023-10-17 18:53:41,766][INFO][clas_trainer:133] - train epoch: 8 [38272/54800 (70%)], lr: ['1.00e-04', '1.00e-04'], loss: 0.000235
[2023-10-17 18:53:52,870][INFO][clas_trainer:133] - train epoch: 8 [43744/54800 (80%)], lr: ['1.00e-04', '1.00e-04'], loss: 0.000470
[2023-10-17 18:54:03,973][INFO][clas_trainer:133] - train epoch: 8 [49216/54800 (90%)], lr: ['1.00e-04', '1.00e-04'], loss: 0.000072
[2023-10-17 18:54:14,513][INFO][clas_trainer:133] - train epoch: 8 [54688/54800 (100%)], lr: ['1.00e-04', '1.00e-04'], loss: 0.002398
[2023-10-17 18:54:32,234][INFO][clas_trainer:63] - [epoch   8] execution time: 129.18s	metrics:
[2023-10-17 18:54:32,234][INFO][clas_evaluator:99] - dataset: earlystopping, avg f1-score: 0.4955
[2023-10-17 18:54:44,274][INFO][clas_trainer:133] - train epoch: 9 [5440/54800 (10%)], lr: ['1.00e-04', '1.00e-04'], loss: 0.000514
[2023-10-17 18:54:55,381][INFO][clas_trainer:133] - train epoch: 9 [10912/54800 (20%)], lr: ['1.00e-04', '1.00e-04'], loss: 0.000327
[2023-10-17 18:55:06,549][INFO][clas_trainer:133] - train epoch: 9 [16384/54800 (30%)], lr: ['1.00e-04', '1.00e-04'], loss: 0.000444
[2023-10-17 18:55:17,508][INFO][clas_trainer:133] - train epoch: 9 [21856/54800 (40%)], lr: ['1.00e-04', '1.00e-04'], loss: 0.000446
[2023-10-17 18:55:28,459][INFO][clas_trainer:133] - train epoch: 9 [27328/54800 (50%)], lr: ['1.00e-04', '1.00e-04'], loss: 0.000157
[2023-10-17 18:55:39,333][INFO][clas_trainer:133] - train epoch: 9 [32800/54800 (60%)], lr: ['1.00e-04', '1.00e-04'], loss: 0.000097
[2023-10-17 18:55:50,202][INFO][clas_trainer:133] - train epoch: 9 [38272/54800 (70%)], lr: ['1.00e-04', '1.00e-04'], loss: 0.000769
[2023-10-17 18:56:01,334][INFO][clas_trainer:133] - train epoch: 9 [43744/54800 (80%)], lr: ['1.00e-04', '1.00e-04'], loss: 0.119331
[2023-10-17 18:56:12,510][INFO][clas_trainer:133] - train epoch: 9 [49216/54800 (90%)], lr: ['1.00e-04', '1.00e-04'], loss: 0.000346
[2023-10-17 18:56:23,293][INFO][clas_trainer:133] - train epoch: 9 [54688/54800 (100%)], lr: ['1.00e-04', '1.00e-04'], loss: 0.000220
[2023-10-17 18:56:40,955][INFO][clas_trainer:63] - [epoch   9] execution time: 128.72s	metrics:
[2023-10-17 18:56:40,956][INFO][clas_evaluator:99] - dataset: earlystopping, avg f1-score: 0.4793
[2023-10-17 18:56:52,529][INFO][clas_trainer:133] - train epoch: 10 [5440/54800 (10%)], lr: ['1.00e-04', '1.00e-04'], loss: 0.000225
[2023-10-17 18:57:03,942][INFO][clas_trainer:133] - train epoch: 10 [10912/54800 (20%)], lr: ['1.00e-04', '1.00e-04'], loss: 0.000320
[2023-10-17 18:57:15,063][INFO][clas_trainer:133] - train epoch: 10 [16384/54800 (30%)], lr: ['1.00e-04', '1.00e-04'], loss: 0.000311
[2023-10-17 18:57:26,154][INFO][clas_trainer:133] - train epoch: 10 [21856/54800 (40%)], lr: ['1.00e-04', '1.00e-04'], loss: 0.001647
[2023-10-17 18:57:37,330][INFO][clas_trainer:133] - train epoch: 10 [27328/54800 (50%)], lr: ['1.00e-04', '1.00e-04'], loss: 0.000435
[2023-10-17 18:57:48,305][INFO][clas_trainer:133] - train epoch: 10 [32800/54800 (60%)], lr: ['1.00e-04', '1.00e-04'], loss: 0.000645
[2023-10-17 18:57:59,219][INFO][clas_trainer:133] - train epoch: 10 [38272/54800 (70%)], lr: ['1.00e-04', '1.00e-04'], loss: 0.000513
[2023-10-17 18:58:10,337][INFO][clas_trainer:133] - train epoch: 10 [43744/54800 (80%)], lr: ['1.00e-04', '1.00e-04'], loss: 0.000225
[2023-10-17 18:58:21,376][INFO][clas_trainer:133] - train epoch: 10 [49216/54800 (90%)], lr: ['1.00e-04', '1.00e-04'], loss: 0.000873
[2023-10-17 18:58:32,341][INFO][clas_trainer:133] - train epoch: 10 [54688/54800 (100%)], lr: ['1.00e-04', '1.00e-04'], loss: 0.000843
[2023-10-17 18:58:49,540][INFO][clas_trainer:63] - [epoch  10] execution time: 128.58s	metrics:
[2023-10-17 18:58:49,540][INFO][clas_evaluator:99] - dataset: earlystopping, avg f1-score: 0.4366
[2023-10-17 18:59:01,013][INFO][clas_trainer:133] - train epoch: 11 [5440/54800 (10%)], lr: ['1.00e-04', '1.00e-04'], loss: 0.000446
[2023-10-17 18:59:11,573][INFO][clas_trainer:133] - train epoch: 11 [10912/54800 (20%)], lr: ['1.00e-04', '1.00e-04'], loss: 0.000361
[2023-10-17 18:59:22,335][INFO][clas_trainer:133] - train epoch: 11 [16384/54800 (30%)], lr: ['1.00e-04', '1.00e-04'], loss: 0.000288
[2023-10-17 18:59:33,567][INFO][clas_trainer:133] - train epoch: 11 [21856/54800 (40%)], lr: ['1.00e-04', '1.00e-04'], loss: 0.000334
[2023-10-17 18:59:44,768][INFO][clas_trainer:133] - train epoch: 11 [27328/54800 (50%)], lr: ['1.00e-04', '1.00e-04'], loss: 0.000307
[2023-10-17 18:59:55,760][INFO][clas_trainer:133] - train epoch: 11 [32800/54800 (60%)], lr: ['1.00e-04', '1.00e-04'], loss: 0.000549
[2023-10-17 19:00:06,832][INFO][clas_trainer:133] - train epoch: 11 [38272/54800 (70%)], lr: ['1.00e-04', '1.00e-04'], loss: 0.000306
[2023-10-17 19:00:18,103][INFO][clas_trainer:133] - train epoch: 11 [43744/54800 (80%)], lr: ['1.00e-04', '1.00e-04'], loss: 0.000839
[2023-10-17 19:00:29,032][INFO][clas_trainer:133] - train epoch: 11 [49216/54800 (90%)], lr: ['1.00e-04', '1.00e-04'], loss: 0.000556
[2023-10-17 19:00:39,888][INFO][clas_trainer:133] - train epoch: 11 [54688/54800 (100%)], lr: ['1.00e-04', '1.00e-04'], loss: 0.000519
[2023-10-17 19:00:57,215][INFO][clas_trainer:63] - [epoch  11] execution time: 127.68s	metrics:
[2023-10-17 19:00:57,215][INFO][clas_evaluator:99] - dataset: earlystopping, avg f1-score: 0.4081
[2023-10-17 19:01:08,583][INFO][clas_trainer:133] - train epoch: 12 [5440/54800 (10%)], lr: ['1.00e-04', '1.00e-04'], loss: 0.001729
[2023-10-17 19:01:19,605][INFO][clas_trainer:133] - train epoch: 12 [10912/54800 (20%)], lr: ['1.00e-04', '1.00e-04'], loss: 0.000530
[2023-10-17 19:01:30,128][INFO][clas_trainer:133] - train epoch: 12 [16384/54800 (30%)], lr: ['1.00e-04', '1.00e-04'], loss: 0.001128
[2023-10-17 19:01:40,705][INFO][clas_trainer:133] - train epoch: 12 [21856/54800 (40%)], lr: ['1.00e-04', '1.00e-04'], loss: 0.003007
[2023-10-17 19:01:51,830][INFO][clas_trainer:133] - train epoch: 12 [27328/54800 (50%)], lr: ['1.00e-04', '1.00e-04'], loss: 0.000824
[2023-10-17 19:02:02,578][INFO][clas_trainer:133] - train epoch: 12 [32800/54800 (60%)], lr: ['1.00e-04', '1.00e-04'], loss: 0.000445
[2023-10-17 19:02:13,045][INFO][clas_trainer:133] - train epoch: 12 [38272/54800 (70%)], lr: ['1.00e-04', '1.00e-04'], loss: 0.001413
[2023-10-17 19:02:24,175][INFO][clas_trainer:133] - train epoch: 12 [43744/54800 (80%)], lr: ['1.00e-04', '1.00e-04'], loss: 0.000212
[2023-10-17 19:02:35,392][INFO][clas_trainer:133] - train epoch: 12 [49216/54800 (90%)], lr: ['1.00e-04', '1.00e-04'], loss: 0.001007
[2023-10-17 19:02:46,422][INFO][clas_trainer:133] - train epoch: 12 [54688/54800 (100%)], lr: ['1.00e-04', '1.00e-04'], loss: 0.001484
[2023-10-17 19:03:03,559][INFO][clas_trainer:63] - [epoch  12] execution time: 126.34s	metrics:
[2023-10-17 19:03:03,559][INFO][clas_evaluator:99] - dataset: earlystopping, avg f1-score: 0.4706
[2023-10-17 19:03:15,214][INFO][clas_trainer:133] - train epoch: 13 [5440/54800 (10%)], lr: ['1.00e-04', '1.00e-04'], loss: 0.000242
[2023-10-17 19:03:26,361][INFO][clas_trainer:133] - train epoch: 13 [10912/54800 (20%)], lr: ['1.00e-04', '1.00e-04'], loss: 0.000308
[2023-10-17 19:03:37,218][INFO][clas_trainer:133] - train epoch: 13 [16384/54800 (30%)], lr: ['1.00e-04', '1.00e-04'], loss: 0.001590
[2023-10-17 19:03:47,789][INFO][clas_trainer:133] - train epoch: 13 [21856/54800 (40%)], lr: ['1.00e-04', '1.00e-04'], loss: 0.000879
[2023-10-17 19:03:58,982][INFO][clas_trainer:133] - train epoch: 13 [27328/54800 (50%)], lr: ['1.00e-04', '1.00e-04'], loss: 0.001701
[2023-10-17 19:04:09,651][INFO][clas_trainer:133] - train epoch: 13 [32800/54800 (60%)], lr: ['1.00e-04', '1.00e-04'], loss: 0.000981
[2023-10-17 19:04:20,455][INFO][clas_trainer:133] - train epoch: 13 [38272/54800 (70%)], lr: ['1.00e-04', '1.00e-04'], loss: 0.000577
[2023-10-17 19:04:31,428][INFO][clas_trainer:133] - train epoch: 13 [43744/54800 (80%)], lr: ['1.00e-04', '1.00e-04'], loss: 0.000708
[2023-10-17 19:04:42,182][INFO][clas_trainer:133] - train epoch: 13 [49216/54800 (90%)], lr: ['1.00e-04', '1.00e-04'], loss: 0.001112
[2023-10-17 19:04:52,835][INFO][clas_trainer:133] - train epoch: 13 [54688/54800 (100%)], lr: ['1.00e-04', '1.00e-04'], loss: 0.000631
[2023-10-17 19:05:10,112][INFO][clas_trainer:63] - [epoch  13] execution time: 126.55s	metrics:
[2023-10-17 19:05:10,112][INFO][clas_evaluator:99] - dataset: earlystopping, avg f1-score: 0.4337
[2023-10-17 19:05:21,553][INFO][clas_trainer:133] - train epoch: 14 [5440/54800 (10%)], lr: ['1.00e-04', '1.00e-04'], loss: 0.000960
[2023-10-17 19:05:32,521][INFO][clas_trainer:133] - train epoch: 14 [10912/54800 (20%)], lr: ['1.00e-04', '1.00e-04'], loss: 0.000350
[2023-10-17 19:05:43,758][INFO][clas_trainer:133] - train epoch: 14 [16384/54800 (30%)], lr: ['1.00e-04', '1.00e-04'], loss: 0.000808
[2023-10-17 19:05:54,809][INFO][clas_trainer:133] - train epoch: 14 [21856/54800 (40%)], lr: ['1.00e-04', '1.00e-04'], loss: 0.000484
[2023-10-17 19:06:05,628][INFO][clas_trainer:133] - train epoch: 14 [27328/54800 (50%)], lr: ['1.00e-04', '1.00e-04'], loss: 0.001049
[2023-10-17 19:06:16,555][INFO][clas_trainer:133] - train epoch: 14 [32800/54800 (60%)], lr: ['1.00e-04', '1.00e-04'], loss: 0.000881
[2023-10-17 19:06:27,096][INFO][clas_trainer:133] - train epoch: 14 [38272/54800 (70%)], lr: ['1.00e-04', '1.00e-04'], loss: 0.000505
[2023-10-17 19:06:37,780][INFO][clas_trainer:133] - train epoch: 14 [43744/54800 (80%)], lr: ['1.00e-04', '1.00e-04'], loss: 0.000465
[2023-10-17 19:06:48,783][INFO][clas_trainer:133] - train epoch: 14 [49216/54800 (90%)], lr: ['1.00e-04', '1.00e-04'], loss: 0.000765
[2023-10-17 19:06:59,394][INFO][clas_trainer:133] - train epoch: 14 [54688/54800 (100%)], lr: ['1.00e-04', '1.00e-04'], loss: 0.000399
[2023-10-17 19:07:16,185][INFO][clas_trainer:63] - [epoch  14] execution time: 126.07s	metrics:
[2023-10-17 19:07:16,185][INFO][clas_evaluator:99] - dataset: earlystopping, avg f1-score: 0.4021
[2023-10-17 19:07:16,191][INFO][clas_trainer:79] - finished training
[2023-10-17 19:07:16,191][INFO][clas_trainer:80] - best model on epoch: 4 	f1-score: 0.5217
