[2024-10-03 21:06:51,289][INFO][fine-tune:25] - Using GPU 0
[2024-10-03 21:06:51,295][INFO][fine-tune:35] - overrides:
hydra:
- hydra.launcher.n_jobs=40
- hydra.mode=MULTIRUN
task:
- m_seed_path_sids={seeds:[14,14,14,14,14],path:"exp005b-m14-simple_multi_class-2024-09-20_13-57-42-final.pth",subject_ids:{sleepedfx:$\{data.sleepedfx.cv_5_fold.fold_5\}}}
- data.downstream.train_dataloader.dataset.data_reducer.n_epochs=50
- data.downstream.train_dataloader.dataset.data_reducer.n_subjects=2
- general.gpus=[0,1,2,3]

[2024-10-03 21:07:01,748][INFO][data_loaders:39] - class distribution before data reduction:
# samples per subject
SC4001E0: 841
SC4002E0: 1127
SC4031E0: 952
SC4032E0: 911
SC4041E0: 1235
SC4042E0: 1200
SC4051E0: 672
SC4052E0: 1246
SC4061E0: 843
SC4062E0: 1016
SC4091E0: 1132
SC4092E0: 1105
SC4101E0: 1104
SC4102E0: 1092
SC4131E0: 1028
SC4161E0: 1144
SC4162E0: 1003
SC4171E0: 1002
SC4172E0: 1773
SC4181E0: 964
SC4182E0: 920
SC4191E0: 1535
SC4192E0: 1274
SC4201E0: 1022
SC4202E0: 1021
SC4211E0: 1578
SC4212E0: 808
SC4231E0: 904
SC4232E0: 1729
SC4241E0: 1673
SC4242E0: 1775
SC4251E0: 972
SC4252E0: 1020
SC4261F0: 1597
SC4262F0: 980
SC4271F0: 1052
SC4272F0: 1090
SC4281G0: 1127
SC4282G0: 1070
SC4301E0: 929
SC4302E0: 854
SC4311E0: 1054
SC4312E0: 1181
SC4341F0: 1501
SC4342F0: 1582
SC4351F0: 976
SC4352F0: 963
SC4362F0: 824
SC4371F0: 918
SC4372F0: 1509
SC4381F0: 1776
SC4382F0: 1871
SC4411E0: 1078
SC4412E0: 924
SC4431E0: 699
SC4432E0: 962
SC4441E0: 1195
SC4442E0: 1092
SC4451F0: 1208
SC4452F0: 1166
SC4471F0: 1187
SC4472F0: 2161
SC4481F0: 2027
SC4482F0: 1910
SC4501E0: 1326
SC4502E0: 1103
SC4511E0: 1087
SC4512E0: 954
SC4531E0: 1096
SC4532E0: 1056
SC4541F0: 1716
SC4542F0: 1148
SC4551F0: 1047
SC4552F0: 1090
SC4571F0: 1236
SC4572F0: 1095
SC4581G0: 1095
SC4582G0: 1175
SC4591G0: 1840
SC4592G0: 1231
SC4601E0: 1349
SC4602E0: 2043
SC4611E0: 1652
SC4612E0: 1062
SC4631E0: 1063
SC4632E0: 1107
SC4641E0: 1271
SC4642E0: 2049
SC4651E0: 2644
SC4652E0: 1929
SC4661E0: 2026
SC4662E0: 1994
SC4671G0: 1968
SC4672G0: 1021
SC4711E0: 1413
SC4712E0: 1241
SC4721E0: 1031
SC4722E0: 1130
SC4731E0: 2667
SC4732E0: 2318
SC4741E0: 2210
SC4742E0: 1063
SC4751E0: 2044
SC4752E0: 1049
SC4801G0: 1241
SC4802G0: 1229
SC4821G0: 1704
SC4822G0: 1366

# samples per stage
0: 48433
1: 15210
2: 49564
3: 9064
4: 17992
[2024-10-03 21:07:02,961][INFO][data_loaders:43] - class distribution after data reduction:
# samples per subject
SC4531E0: 64515
SC4611E0: 75735

# samples per stage
0: 50490
1: 14025
2: 42075
3: 14025
4: 19635
[2024-10-03 21:07:04,242][INFO][data_loaders:39] - class distribution before data reduction:
# samples per subject
SC4071E0: 976
SC4072E0: 1273
SC4111E0: 928
SC4112E0: 802
SC4291G0: 1131
SC4292G0: 1605
SC4331F0: 1888
SC4332F0: 1312
SC4401E0: 1064
SC4402E0: 1072
SC4421E0: 785
SC4422E0: 884
SC4461F0: 983
SC4462F0: 1022
SC4811G0: 1293
SC4812G0: 1183

# samples per stage
0: 5392
1: 1727
2: 6842
3: 1558
4: 2682
[2024-10-03 21:07:04,334][INFO][data_loaders:43] - class distribution after data reduction:
# samples per subject
SC4071E0: 976
SC4072E0: 1273
SC4111E0: 928
SC4112E0: 802
SC4291G0: 1131
SC4292G0: 1605
SC4331F0: 1888
SC4332F0: 1312
SC4401E0: 1064
SC4402E0: 1072
SC4421E0: 785
SC4422E0: 884
SC4461F0: 983
SC4462F0: 1022
SC4811G0: 1293
SC4812G0: 1183

# samples per stage
0: 5392
1: 1727
2: 6842
3: 1558
4: 2682
[2024-10-03 21:07:04,362][INFO][clas_trainer:49] - metrics before training (epoch 0):
[2024-10-03 21:08:35,472][INFO][clas_evaluator:132] - dataset: earlystopping, avg f1-score: 0.1211
[2024-10-03 21:09:47,648][INFO][clas_trainer:133] - train epoch: 1 [13984/140250 (10%)], lr: ['1.00e-04', '1.00e-04'], loss: 0.773633
[2024-10-03 21:10:55,165][INFO][clas_trainer:133] - train epoch: 1 [28000/140250 (20%)], lr: ['1.00e-04', '1.00e-04'], loss: 0.517121
[2024-10-03 21:12:05,367][INFO][clas_trainer:133] - train epoch: 1 [42016/140250 (30%)], lr: ['1.00e-04', '1.00e-04'], loss: 0.058517
[2024-10-03 21:13:16,158][INFO][clas_trainer:133] - train epoch: 1 [56032/140250 (40%)], lr: ['1.00e-04', '1.00e-04'], loss: 0.156646
[2024-10-03 21:14:28,313][INFO][clas_trainer:133] - train epoch: 1 [70048/140250 (50%)], lr: ['1.00e-04', '1.00e-04'], loss: 0.035736
[2024-10-03 21:15:43,225][INFO][clas_trainer:133] - train epoch: 1 [84064/140250 (60%)], lr: ['1.00e-04', '1.00e-04'], loss: 0.104964
[2024-10-03 21:16:49,902][INFO][clas_trainer:133] - train epoch: 1 [98080/140250 (70%)], lr: ['1.00e-04', '1.00e-04'], loss: 0.010763
[2024-10-03 21:17:58,497][INFO][clas_trainer:133] - train epoch: 1 [112096/140250 (80%)], lr: ['1.00e-04', '1.00e-04'], loss: 0.008351
[2024-10-03 21:19:09,090][INFO][clas_trainer:133] - train epoch: 1 [126112/140250 (90%)], lr: ['1.00e-04', '1.00e-04'], loss: 0.000494
[2024-10-03 21:20:20,047][INFO][clas_trainer:133] - train epoch: 1 [140128/140250 (100%)], lr: ['1.00e-04', '1.00e-04'], loss: 0.015407
[2024-10-03 21:21:53,441][INFO][clas_trainer:63] - [epoch   1] execution time: 797.97s	metrics:
[2024-10-03 21:21:53,442][INFO][clas_evaluator:132] - dataset: earlystopping, avg f1-score: 0.3727
[2024-10-03 21:21:53,476][INFO][base_model:51] - snapshot saved to XXX/frequency-pretraining/models/exp005a-m356-base_fe_clas-2024-10-02_10-52-09-final.pth
[2024-10-03 21:23:10,970][INFO][clas_trainer:133] - train epoch: 2 [13984/140250 (10%)], lr: ['1.00e-04', '1.00e-04'], loss: 0.000081
[2024-10-03 21:24:17,528][INFO][clas_trainer:133] - train epoch: 2 [28000/140250 (20%)], lr: ['1.00e-04', '1.00e-04'], loss: 0.000923
[2024-10-03 21:25:21,266][INFO][clas_trainer:133] - train epoch: 2 [42016/140250 (30%)], lr: ['1.00e-04', '1.00e-04'], loss: 0.000089
[2024-10-03 21:26:26,711][INFO][clas_trainer:133] - train epoch: 2 [56032/140250 (40%)], lr: ['1.00e-04', '1.00e-04'], loss: 0.016754
[2024-10-03 21:27:31,464][INFO][clas_trainer:133] - train epoch: 2 [70048/140250 (50%)], lr: ['1.00e-04', '1.00e-04'], loss: 0.000407
[2024-10-03 21:28:38,163][INFO][clas_trainer:133] - train epoch: 2 [84064/140250 (60%)], lr: ['1.00e-04', '1.00e-04'], loss: 0.002984
[2024-10-03 21:29:44,035][INFO][clas_trainer:133] - train epoch: 2 [98080/140250 (70%)], lr: ['1.00e-04', '1.00e-04'], loss: 0.001445
[2024-10-03 21:30:48,994][INFO][clas_trainer:133] - train epoch: 2 [112096/140250 (80%)], lr: ['1.00e-04', '1.00e-04'], loss: 0.000257
[2024-10-03 21:31:50,943][INFO][clas_trainer:133] - train epoch: 2 [126112/140250 (90%)], lr: ['1.00e-04', '1.00e-04'], loss: 0.000265
[2024-10-03 21:32:54,639][INFO][clas_trainer:133] - train epoch: 2 [140128/140250 (100%)], lr: ['1.00e-04', '1.00e-04'], loss: 0.000046
[2024-10-03 21:34:19,040][INFO][clas_trainer:63] - [epoch   2] execution time: 745.56s	metrics:
[2024-10-03 21:34:19,041][INFO][clas_evaluator:132] - dataset: earlystopping, avg f1-score: 0.4170
[2024-10-03 21:34:19,084][INFO][base_model:51] - snapshot saved to XXX/frequency-pretraining/models/exp005a-m356-base_fe_clas-2024-10-02_10-52-09-final.pth
[2024-10-03 21:35:25,206][INFO][clas_trainer:133] - train epoch: 3 [13984/140250 (10%)], lr: ['1.00e-04', '1.00e-04'], loss: 0.000064
[2024-10-03 21:36:31,970][INFO][clas_trainer:133] - train epoch: 3 [28000/140250 (20%)], lr: ['1.00e-04', '1.00e-04'], loss: 0.010573
[2024-10-03 21:37:37,336][INFO][clas_trainer:133] - train epoch: 3 [42016/140250 (30%)], lr: ['1.00e-04', '1.00e-04'], loss: 0.000182
[2024-10-03 21:38:43,853][INFO][clas_trainer:133] - train epoch: 3 [56032/140250 (40%)], lr: ['1.00e-04', '1.00e-04'], loss: 0.000628
[2024-10-03 21:39:47,662][INFO][clas_trainer:133] - train epoch: 3 [70048/140250 (50%)], lr: ['1.00e-04', '1.00e-04'], loss: 0.000048
[2024-10-03 21:40:55,268][INFO][clas_trainer:133] - train epoch: 3 [84064/140250 (60%)], lr: ['1.00e-04', '1.00e-04'], loss: 0.000221
[2024-10-03 21:42:02,723][INFO][clas_trainer:133] - train epoch: 3 [98080/140250 (70%)], lr: ['1.00e-04', '1.00e-04'], loss: 0.000187
[2024-10-03 21:43:10,516][INFO][clas_trainer:133] - train epoch: 3 [112096/140250 (80%)], lr: ['1.00e-04', '1.00e-04'], loss: 0.006850
[2024-10-03 21:44:15,685][INFO][clas_trainer:133] - train epoch: 3 [126112/140250 (90%)], lr: ['1.00e-04', '1.00e-04'], loss: 0.000024
[2024-10-03 21:45:21,556][INFO][clas_trainer:133] - train epoch: 3 [140128/140250 (100%)], lr: ['1.00e-04', '1.00e-04'], loss: 0.000102
[2024-10-03 21:46:47,116][INFO][clas_trainer:63] - [epoch   3] execution time: 748.03s	metrics:
[2024-10-03 21:46:47,117][INFO][clas_evaluator:132] - dataset: earlystopping, avg f1-score: 0.4869
[2024-10-03 21:46:47,158][INFO][base_model:51] - snapshot saved to XXX/frequency-pretraining/models/exp005a-m356-base_fe_clas-2024-10-02_10-52-09-final.pth
[2024-10-03 21:47:55,233][INFO][clas_trainer:133] - train epoch: 4 [13984/140250 (10%)], lr: ['1.00e-04', '1.00e-04'], loss: 0.000124
[2024-10-03 21:49:02,293][INFO][clas_trainer:133] - train epoch: 4 [28000/140250 (20%)], lr: ['1.00e-04', '1.00e-04'], loss: 0.000046
[2024-10-03 21:50:07,218][INFO][clas_trainer:133] - train epoch: 4 [42016/140250 (30%)], lr: ['1.00e-04', '1.00e-04'], loss: 0.000348
[2024-10-03 21:51:10,582][INFO][clas_trainer:133] - train epoch: 4 [56032/140250 (40%)], lr: ['1.00e-04', '1.00e-04'], loss: 0.000350
[2024-10-03 21:52:16,481][INFO][clas_trainer:133] - train epoch: 4 [70048/140250 (50%)], lr: ['1.00e-04', '1.00e-04'], loss: 0.000072
[2024-10-03 21:53:18,384][INFO][clas_trainer:133] - train epoch: 4 [84064/140250 (60%)], lr: ['1.00e-04', '1.00e-04'], loss: 0.000655
[2024-10-03 21:54:21,426][INFO][clas_trainer:133] - train epoch: 4 [98080/140250 (70%)], lr: ['1.00e-04', '1.00e-04'], loss: 0.000231
[2024-10-03 21:55:25,147][INFO][clas_trainer:133] - train epoch: 4 [112096/140250 (80%)], lr: ['1.00e-04', '1.00e-04'], loss: 0.000310
[2024-10-03 21:56:30,170][INFO][clas_trainer:133] - train epoch: 4 [126112/140250 (90%)], lr: ['1.00e-04', '1.00e-04'], loss: 0.000165
[2024-10-03 21:57:34,738][INFO][clas_trainer:133] - train epoch: 4 [140128/140250 (100%)], lr: ['1.00e-04', '1.00e-04'], loss: 0.000496
[2024-10-03 21:59:02,836][INFO][clas_trainer:63] - [epoch   4] execution time: 735.68s	metrics:
[2024-10-03 21:59:02,837][INFO][clas_evaluator:132] - dataset: earlystopping, avg f1-score: 0.5133
[2024-10-03 21:59:02,880][INFO][base_model:51] - snapshot saved to XXX/frequency-pretraining/models/exp005a-m356-base_fe_clas-2024-10-02_10-52-09-final.pth
[2024-10-03 22:00:13,018][INFO][clas_trainer:133] - train epoch: 5 [13984/140250 (10%)], lr: ['1.00e-04', '1.00e-04'], loss: 0.000965
[2024-10-03 22:01:14,500][INFO][clas_trainer:133] - train epoch: 5 [28000/140250 (20%)], lr: ['1.00e-04', '1.00e-04'], loss: 0.001815
[2024-10-03 22:02:17,632][INFO][clas_trainer:133] - train epoch: 5 [42016/140250 (30%)], lr: ['1.00e-04', '1.00e-04'], loss: 0.000364
[2024-10-03 22:03:20,688][INFO][clas_trainer:133] - train epoch: 5 [56032/140250 (40%)], lr: ['1.00e-04', '1.00e-04'], loss: 0.000206
[2024-10-03 22:04:23,213][INFO][clas_trainer:133] - train epoch: 5 [70048/140250 (50%)], lr: ['1.00e-04', '1.00e-04'], loss: 0.000464
[2024-10-03 22:05:24,486][INFO][clas_trainer:133] - train epoch: 5 [84064/140250 (60%)], lr: ['1.00e-04', '1.00e-04'], loss: 0.000301
[2024-10-03 22:06:23,090][INFO][clas_trainer:133] - train epoch: 5 [98080/140250 (70%)], lr: ['1.00e-04', '1.00e-04'], loss: 0.001153
[2024-10-03 22:07:25,409][INFO][clas_trainer:133] - train epoch: 5 [112096/140250 (80%)], lr: ['1.00e-04', '1.00e-04'], loss: 0.000705
[2024-10-03 22:08:24,684][INFO][clas_trainer:133] - train epoch: 5 [126112/140250 (90%)], lr: ['1.00e-04', '1.00e-04'], loss: 0.000467
[2024-10-03 22:09:26,945][INFO][clas_trainer:133] - train epoch: 5 [140128/140250 (100%)], lr: ['1.00e-04', '1.00e-04'], loss: 0.001339
[2024-10-03 22:10:59,980][INFO][clas_trainer:63] - [epoch   5] execution time: 717.10s	metrics:
[2024-10-03 22:10:59,981][INFO][clas_evaluator:132] - dataset: earlystopping, avg f1-score: 0.4539
[2024-10-03 22:12:07,187][INFO][clas_trainer:133] - train epoch: 6 [13984/140250 (10%)], lr: ['1.00e-04', '1.00e-04'], loss: 0.000513
[2024-10-03 22:13:15,629][INFO][clas_trainer:133] - train epoch: 6 [28000/140250 (20%)], lr: ['1.00e-04', '1.00e-04'], loss: 0.000497
[2024-10-03 22:14:19,955][INFO][clas_trainer:133] - train epoch: 6 [42016/140250 (30%)], lr: ['1.00e-04', '1.00e-04'], loss: 0.000785
[2024-10-03 22:15:23,288][INFO][clas_trainer:133] - train epoch: 6 [56032/140250 (40%)], lr: ['1.00e-04', '1.00e-04'], loss: 0.000607
[2024-10-03 22:16:27,600][INFO][clas_trainer:133] - train epoch: 6 [70048/140250 (50%)], lr: ['1.00e-04', '1.00e-04'], loss: 0.001009
[2024-10-03 22:17:32,932][INFO][clas_trainer:133] - train epoch: 6 [84064/140250 (60%)], lr: ['1.00e-04', '1.00e-04'], loss: 0.000912
[2024-10-03 22:18:40,407][INFO][clas_trainer:133] - train epoch: 6 [98080/140250 (70%)], lr: ['1.00e-04', '1.00e-04'], loss: 0.000666
[2024-10-03 22:19:49,062][INFO][clas_trainer:133] - train epoch: 6 [112096/140250 (80%)], lr: ['1.00e-04', '1.00e-04'], loss: 0.000959
[2024-10-03 22:20:52,419][INFO][clas_trainer:133] - train epoch: 6 [126112/140250 (90%)], lr: ['1.00e-04', '1.00e-04'], loss: 0.001187
[2024-10-03 22:21:55,460][INFO][clas_trainer:133] - train epoch: 6 [140128/140250 (100%)], lr: ['1.00e-04', '1.00e-04'], loss: 0.001072
[2024-10-03 22:23:39,670][INFO][clas_trainer:63] - [epoch   6] execution time: 759.69s	metrics:
[2024-10-03 22:23:39,671][INFO][clas_evaluator:132] - dataset: earlystopping, avg f1-score: 0.4503
[2024-10-03 22:24:44,991][INFO][clas_trainer:133] - train epoch: 7 [13984/140250 (10%)], lr: ['1.00e-04', '1.00e-04'], loss: 0.000667
[2024-10-03 22:25:49,122][INFO][clas_trainer:133] - train epoch: 7 [28000/140250 (20%)], lr: ['1.00e-04', '1.00e-04'], loss: 0.001453
[2024-10-03 22:26:56,320][INFO][clas_trainer:133] - train epoch: 7 [42016/140250 (30%)], lr: ['1.00e-04', '1.00e-04'], loss: 0.000658
[2024-10-03 22:28:04,268][INFO][clas_trainer:133] - train epoch: 7 [56032/140250 (40%)], lr: ['1.00e-04', '1.00e-04'], loss: 0.000453
[2024-10-03 22:29:16,778][INFO][clas_trainer:133] - train epoch: 7 [70048/140250 (50%)], lr: ['1.00e-04', '1.00e-04'], loss: 0.000769
[2024-10-03 22:30:23,869][INFO][clas_trainer:133] - train epoch: 7 [84064/140250 (60%)], lr: ['1.00e-04', '1.00e-04'], loss: 0.000578
[2024-10-03 22:31:30,815][INFO][clas_trainer:133] - train epoch: 7 [98080/140250 (70%)], lr: ['1.00e-04', '1.00e-04'], loss: 0.000312
[2024-10-03 22:32:39,324][INFO][clas_trainer:133] - train epoch: 7 [112096/140250 (80%)], lr: ['1.00e-04', '1.00e-04'], loss: 0.000497
[2024-10-03 22:33:46,544][INFO][clas_trainer:133] - train epoch: 7 [126112/140250 (90%)], lr: ['1.00e-04', '1.00e-04'], loss: 0.000729
[2024-10-03 22:34:52,700][INFO][clas_trainer:133] - train epoch: 7 [140128/140250 (100%)], lr: ['1.00e-04', '1.00e-04'], loss: 0.000238
[2024-10-03 22:36:20,991][INFO][clas_trainer:63] - [epoch   7] execution time: 761.32s	metrics:
[2024-10-03 22:36:20,992][INFO][clas_evaluator:132] - dataset: earlystopping, avg f1-score: 0.4376
[2024-10-03 22:37:26,587][INFO][clas_trainer:133] - train epoch: 8 [13984/140250 (10%)], lr: ['1.00e-04', '1.00e-04'], loss: 0.000687
[2024-10-03 22:38:32,741][INFO][clas_trainer:133] - train epoch: 8 [28000/140250 (20%)], lr: ['1.00e-04', '1.00e-04'], loss: 0.001047
[2024-10-03 22:39:34,265][INFO][clas_trainer:133] - train epoch: 8 [42016/140250 (30%)], lr: ['1.00e-04', '1.00e-04'], loss: 0.000546
[2024-10-03 22:40:35,289][INFO][clas_trainer:133] - train epoch: 8 [56032/140250 (40%)], lr: ['1.00e-04', '1.00e-04'], loss: 0.000327
[2024-10-03 22:41:34,820][INFO][clas_trainer:133] - train epoch: 8 [70048/140250 (50%)], lr: ['1.00e-04', '1.00e-04'], loss: 0.001234
[2024-10-03 22:42:33,581][INFO][clas_trainer:133] - train epoch: 8 [84064/140250 (60%)], lr: ['1.00e-04', '1.00e-04'], loss: 0.000732
[2024-10-03 22:43:39,298][INFO][clas_trainer:133] - train epoch: 8 [98080/140250 (70%)], lr: ['1.00e-04', '1.00e-04'], loss: 0.000973
[2024-10-03 22:44:53,702][INFO][clas_trainer:133] - train epoch: 8 [112096/140250 (80%)], lr: ['1.00e-04', '1.00e-04'], loss: 0.000631
[2024-10-03 22:46:04,340][INFO][clas_trainer:133] - train epoch: 8 [126112/140250 (90%)], lr: ['1.00e-04', '1.00e-04'], loss: 0.000479
[2024-10-03 22:47:07,820][INFO][clas_trainer:133] - train epoch: 8 [140128/140250 (100%)], lr: ['1.00e-04', '1.00e-04'], loss: 0.000736
[2024-10-03 22:48:31,602][INFO][clas_trainer:63] - [epoch   8] execution time: 730.61s	metrics:
[2024-10-03 22:48:31,603][INFO][clas_evaluator:132] - dataset: earlystopping, avg f1-score: 0.3898
[2024-10-03 22:49:33,488][INFO][clas_trainer:133] - train epoch: 9 [13984/140250 (10%)], lr: ['1.00e-04', '1.00e-04'], loss: 0.000450
[2024-10-03 22:50:31,645][INFO][clas_trainer:133] - train epoch: 9 [28000/140250 (20%)], lr: ['1.00e-04', '1.00e-04'], loss: 0.000568
[2024-10-03 22:51:34,277][INFO][clas_trainer:133] - train epoch: 9 [42016/140250 (30%)], lr: ['1.00e-04', '1.00e-04'], loss: 0.000743
[2024-10-03 22:52:33,807][INFO][clas_trainer:133] - train epoch: 9 [56032/140250 (40%)], lr: ['1.00e-04', '1.00e-04'], loss: 0.000352
[2024-10-03 22:53:36,064][INFO][clas_trainer:133] - train epoch: 9 [70048/140250 (50%)], lr: ['1.00e-04', '1.00e-04'], loss: 0.000807
[2024-10-03 22:54:37,642][INFO][clas_trainer:133] - train epoch: 9 [84064/140250 (60%)], lr: ['1.00e-04', '1.00e-04'], loss: 0.000492
[2024-10-03 22:55:37,624][INFO][clas_trainer:133] - train epoch: 9 [98080/140250 (70%)], lr: ['1.00e-04', '1.00e-04'], loss: 0.000467
[2024-10-03 22:56:39,444][INFO][clas_trainer:133] - train epoch: 9 [112096/140250 (80%)], lr: ['1.00e-04', '1.00e-04'], loss: 0.000762
[2024-10-03 22:57:40,524][INFO][clas_trainer:133] - train epoch: 9 [126112/140250 (90%)], lr: ['1.00e-04', '1.00e-04'], loss: 0.001079
[2024-10-03 22:58:40,009][INFO][clas_trainer:133] - train epoch: 9 [140128/140250 (100%)], lr: ['1.00e-04', '1.00e-04'], loss: 0.000506
[2024-10-03 23:00:00,978][INFO][clas_trainer:63] - [epoch   9] execution time: 689.37s	metrics:
[2024-10-03 23:00:00,978][INFO][clas_evaluator:132] - dataset: earlystopping, avg f1-score: 0.3684
[2024-10-03 23:01:02,820][INFO][clas_trainer:133] - train epoch: 10 [13984/140250 (10%)], lr: ['1.00e-04', '1.00e-04'], loss: 0.000449
[2024-10-03 23:02:01,448][INFO][clas_trainer:133] - train epoch: 10 [28000/140250 (20%)], lr: ['1.00e-04', '1.00e-04'], loss: 0.000379
[2024-10-03 23:02:57,872][INFO][clas_trainer:133] - train epoch: 10 [42016/140250 (30%)], lr: ['1.00e-04', '1.00e-04'], loss: 0.000661
[2024-10-03 23:03:56,850][INFO][clas_trainer:133] - train epoch: 10 [56032/140250 (40%)], lr: ['1.00e-04', '1.00e-04'], loss: 0.001190
[2024-10-03 23:04:55,692][INFO][clas_trainer:133] - train epoch: 10 [70048/140250 (50%)], lr: ['1.00e-04', '1.00e-04'], loss: 0.000745
[2024-10-03 23:05:58,012][INFO][clas_trainer:133] - train epoch: 10 [84064/140250 (60%)], lr: ['1.00e-04', '1.00e-04'], loss: 0.000662
[2024-10-03 23:06:58,499][INFO][clas_trainer:133] - train epoch: 10 [98080/140250 (70%)], lr: ['1.00e-04', '1.00e-04'], loss: 0.001243
[2024-10-03 23:08:00,438][INFO][clas_trainer:133] - train epoch: 10 [112096/140250 (80%)], lr: ['1.00e-04', '1.00e-04'], loss: 0.000472
[2024-10-03 23:09:04,362][INFO][clas_trainer:133] - train epoch: 10 [126112/140250 (90%)], lr: ['1.00e-04', '1.00e-04'], loss: 0.000580
[2024-10-03 23:10:03,135][INFO][clas_trainer:133] - train epoch: 10 [140128/140250 (100%)], lr: ['1.00e-04', '1.00e-04'], loss: 0.000447
[2024-10-03 23:11:22,904][INFO][clas_trainer:63] - [epoch  10] execution time: 681.93s	metrics:
[2024-10-03 23:11:22,905][INFO][clas_evaluator:132] - dataset: earlystopping, avg f1-score: 0.3541
[2024-10-03 23:12:24,097][INFO][clas_trainer:133] - train epoch: 11 [13984/140250 (10%)], lr: ['1.00e-04', '1.00e-04'], loss: 0.000608
[2024-10-03 23:13:27,017][INFO][clas_trainer:133] - train epoch: 11 [28000/140250 (20%)], lr: ['1.00e-04', '1.00e-04'], loss: 0.001185
[2024-10-03 23:14:25,856][INFO][clas_trainer:133] - train epoch: 11 [42016/140250 (30%)], lr: ['1.00e-04', '1.00e-04'], loss: 0.000806
[2024-10-03 23:15:22,367][INFO][clas_trainer:133] - train epoch: 11 [56032/140250 (40%)], lr: ['1.00e-04', '1.00e-04'], loss: 0.000547
[2024-10-03 23:16:18,088][INFO][clas_trainer:133] - train epoch: 11 [70048/140250 (50%)], lr: ['1.00e-04', '1.00e-04'], loss: 0.000623
[2024-10-03 23:17:15,842][INFO][clas_trainer:133] - train epoch: 11 [84064/140250 (60%)], lr: ['1.00e-04', '1.00e-04'], loss: 0.000716
[2024-10-03 23:18:12,012][INFO][clas_trainer:133] - train epoch: 11 [98080/140250 (70%)], lr: ['1.00e-04', '1.00e-04'], loss: 0.000542
[2024-10-03 23:19:07,567][INFO][clas_trainer:133] - train epoch: 11 [112096/140250 (80%)], lr: ['1.00e-04', '1.00e-04'], loss: 0.000707
[2024-10-03 23:20:03,428][INFO][clas_trainer:133] - train epoch: 11 [126112/140250 (90%)], lr: ['1.00e-04', '1.00e-04'], loss: 0.000930
[2024-10-03 23:21:01,858][INFO][clas_trainer:133] - train epoch: 11 [140128/140250 (100%)], lr: ['1.00e-04', '1.00e-04'], loss: 0.000734
[2024-10-03 23:22:22,198][INFO][clas_trainer:63] - [epoch  11] execution time: 659.29s	metrics:
[2024-10-03 23:22:22,199][INFO][clas_evaluator:132] - dataset: earlystopping, avg f1-score: 0.3548
[2024-10-03 23:23:21,216][INFO][clas_trainer:133] - train epoch: 12 [13984/140250 (10%)], lr: ['1.00e-04', '1.00e-04'], loss: 0.000425
[2024-10-03 23:24:16,906][INFO][clas_trainer:133] - train epoch: 12 [28000/140250 (20%)], lr: ['1.00e-04', '1.00e-04'], loss: 0.000547
[2024-10-03 23:25:12,744][INFO][clas_trainer:133] - train epoch: 12 [42016/140250 (30%)], lr: ['1.00e-04', '1.00e-04'], loss: 0.000527
[2024-10-03 23:26:10,140][INFO][clas_trainer:133] - train epoch: 12 [56032/140250 (40%)], lr: ['1.00e-04', '1.00e-04'], loss: 0.000391
[2024-10-03 23:27:07,048][INFO][clas_trainer:133] - train epoch: 12 [70048/140250 (50%)], lr: ['1.00e-04', '1.00e-04'], loss: 0.000383
[2024-10-03 23:28:02,677][INFO][clas_trainer:133] - train epoch: 12 [84064/140250 (60%)], lr: ['1.00e-04', '1.00e-04'], loss: 0.000450
[2024-10-03 23:28:58,261][INFO][clas_trainer:133] - train epoch: 12 [98080/140250 (70%)], lr: ['1.00e-04', '1.00e-04'], loss: 0.000528
[2024-10-03 23:29:54,426][INFO][clas_trainer:133] - train epoch: 12 [112096/140250 (80%)], lr: ['1.00e-04', '1.00e-04'], loss: 0.000311
[2024-10-03 23:30:52,674][INFO][clas_trainer:133] - train epoch: 12 [126112/140250 (90%)], lr: ['1.00e-04', '1.00e-04'], loss: 0.001170
[2024-10-03 23:31:50,755][INFO][clas_trainer:133] - train epoch: 12 [140128/140250 (100%)], lr: ['1.00e-04', '1.00e-04'], loss: 0.000564
[2024-10-03 23:33:10,607][INFO][clas_trainer:63] - [epoch  12] execution time: 648.41s	metrics:
[2024-10-03 23:33:10,608][INFO][clas_evaluator:132] - dataset: earlystopping, avg f1-score: 0.3903
[2024-10-03 23:34:08,054][INFO][clas_trainer:133] - train epoch: 13 [13984/140250 (10%)], lr: ['1.00e-04', '1.00e-04'], loss: 0.000518
[2024-10-03 23:35:07,040][INFO][clas_trainer:133] - train epoch: 13 [28000/140250 (20%)], lr: ['1.00e-04', '1.00e-04'], loss: 0.000606
[2024-10-03 23:36:05,684][INFO][clas_trainer:133] - train epoch: 13 [42016/140250 (30%)], lr: ['1.00e-04', '1.00e-04'], loss: 0.000992
[2024-10-03 23:37:03,164][INFO][clas_trainer:133] - train epoch: 13 [56032/140250 (40%)], lr: ['1.00e-04', '1.00e-04'], loss: 0.001994
[2024-10-03 23:38:00,322][INFO][clas_trainer:133] - train epoch: 13 [70048/140250 (50%)], lr: ['1.00e-04', '1.00e-04'], loss: 0.000369
[2024-10-03 23:38:56,545][INFO][clas_trainer:133] - train epoch: 13 [84064/140250 (60%)], lr: ['1.00e-04', '1.00e-04'], loss: 0.000558
[2024-10-03 23:39:53,332][INFO][clas_trainer:133] - train epoch: 13 [98080/140250 (70%)], lr: ['1.00e-04', '1.00e-04'], loss: 0.000359
[2024-10-03 23:40:48,335][INFO][clas_trainer:133] - train epoch: 13 [112096/140250 (80%)], lr: ['1.00e-04', '1.00e-04'], loss: 0.001386
[2024-10-03 23:41:44,131][INFO][clas_trainer:133] - train epoch: 13 [126112/140250 (90%)], lr: ['1.00e-04', '1.00e-04'], loss: 0.000703
[2024-10-03 23:42:39,844][INFO][clas_trainer:133] - train epoch: 13 [140128/140250 (100%)], lr: ['1.00e-04', '1.00e-04'], loss: 0.000402
[2024-10-03 23:43:55,674][INFO][clas_trainer:63] - [epoch  13] execution time: 645.07s	metrics:
[2024-10-03 23:43:55,675][INFO][clas_evaluator:132] - dataset: earlystopping, avg f1-score: 0.3991
[2024-10-03 23:44:54,174][INFO][clas_trainer:133] - train epoch: 14 [13984/140250 (10%)], lr: ['1.00e-04', '1.00e-04'], loss: 0.000530
[2024-10-03 23:45:50,941][INFO][clas_trainer:133] - train epoch: 14 [28000/140250 (20%)], lr: ['1.00e-04', '1.00e-04'], loss: 0.000473
[2024-10-03 23:46:47,943][INFO][clas_trainer:133] - train epoch: 14 [42016/140250 (30%)], lr: ['1.00e-04', '1.00e-04'], loss: 0.000498
[2024-10-03 23:47:46,498][INFO][clas_trainer:133] - train epoch: 14 [56032/140250 (40%)], lr: ['1.00e-04', '1.00e-04'], loss: 0.000450
[2024-10-03 23:48:43,611][INFO][clas_trainer:133] - train epoch: 14 [70048/140250 (50%)], lr: ['1.00e-04', '1.00e-04'], loss: 0.000721
[2024-10-03 23:49:38,271][INFO][clas_trainer:133] - train epoch: 14 [84064/140250 (60%)], lr: ['1.00e-04', '1.00e-04'], loss: 0.001361
[2024-10-03 23:50:33,925][INFO][clas_trainer:133] - train epoch: 14 [98080/140250 (70%)], lr: ['1.00e-04', '1.00e-04'], loss: 0.000684
[2024-10-03 23:51:28,982][INFO][clas_trainer:133] - train epoch: 14 [112096/140250 (80%)], lr: ['1.00e-04', '1.00e-04'], loss: 0.000576
[2024-10-03 23:52:25,137][INFO][clas_trainer:133] - train epoch: 14 [126112/140250 (90%)], lr: ['1.00e-04', '1.00e-04'], loss: 0.000789
[2024-10-03 23:53:19,455][INFO][clas_trainer:133] - train epoch: 14 [140128/140250 (100%)], lr: ['1.00e-04', '1.00e-04'], loss: 0.000473
[2024-10-03 23:54:35,732][INFO][clas_trainer:63] - [epoch  14] execution time: 640.06s	metrics:
[2024-10-03 23:54:35,733][INFO][clas_evaluator:132] - dataset: earlystopping, avg f1-score: 0.3658
[2024-10-03 23:54:35,739][INFO][clas_trainer:79] - finished training
[2024-10-03 23:54:35,740][INFO][clas_trainer:80] - best model on epoch: 4 	f1-score: 0.5133
