[2023-11-11 15:58:14,743][INFO][pretrain_and_fine-tune:25] - Using GPU 3
[2023-11-11 15:58:14,746][INFO][pretrain_and_fine-tune:35] - overrides:
hydra:
- hydra.launcher.n_jobs=20
- hydra.mode=MULTIRUN
task:
- m_seed_path_sids={seeds:[12,12,12,12,12],subject_ids:{dod_o_h:$\{data.dod_o_h.cv_5_fold.fold_3\}}}
- data.pretraining.log_bins=False
- general.gpus=[2,3]

[2023-11-11 15:58:37,291][INFO][freq_trainer:43] - metrics before training (epoch 0):
[2023-11-11 15:58:38,856][INFO][freq_evaluator:47] - dataset: valid_pretraining, acc: 0.000, hamming: 0.492
[2023-11-11 15:58:45,101][INFO][freq_trainer:114] - train epoch: 1 [9920/100000 (10%)], lr: ['1.00e-04'], loss: 1.322607
[2023-11-11 15:58:50,708][INFO][freq_trainer:114] - train epoch: 1 [19904/100000 (20%)], lr: ['1.00e-04'], loss: 0.830904
[2023-11-11 15:58:56,378][INFO][freq_trainer:114] - train epoch: 1 [29888/100000 (30%)], lr: ['1.00e-04'], loss: 0.729363
[2023-11-11 15:59:02,058][INFO][freq_trainer:114] - train epoch: 1 [39872/100000 (40%)], lr: ['1.00e-04'], loss: 0.713774
[2023-11-11 15:59:07,600][INFO][freq_trainer:114] - train epoch: 1 [49856/100000 (50%)], lr: ['1.00e-04'], loss: 0.694269
[2023-11-11 15:59:13,134][INFO][freq_trainer:114] - train epoch: 1 [59840/100000 (60%)], lr: ['1.00e-04'], loss: 0.699878
[2023-11-11 15:59:18,674][INFO][freq_trainer:114] - train epoch: 1 [69824/100000 (70%)], lr: ['1.00e-04'], loss: 0.706219
[2023-11-11 15:59:24,725][INFO][freq_trainer:114] - train epoch: 1 [79808/100000 (80%)], lr: ['1.00e-04'], loss: 0.701627
[2023-11-11 15:59:30,397][INFO][freq_trainer:114] - train epoch: 1 [89792/100000 (90%)], lr: ['1.00e-04'], loss: 0.700280
[2023-11-11 15:59:35,956][INFO][freq_trainer:114] - train epoch: 1 [99776/100000 (100%)], lr: ['1.00e-04'], loss: 0.700384
[2023-11-11 15:59:38,267][INFO][freq_trainer:57] - [epoch   1] execution time: 59.41s	metrics:
[2023-11-11 15:59:38,268][INFO][freq_evaluator:47] - dataset: valid_pretraining, acc: 0.000, hamming: 0.480
[2023-11-11 15:59:38,298][INFO][base_model:51] - snapshot saved to ./models/exp007b-m25-simple_multi_class-2023-11-11_14-36-23-final.pth
[2023-11-11 15:59:44,282][INFO][freq_trainer:114] - train epoch: 2 [9920/100000 (10%)], lr: ['1.00e-04'], loss: 0.697938
[2023-11-11 15:59:49,755][INFO][freq_trainer:114] - train epoch: 2 [19904/100000 (20%)], lr: ['1.00e-04'], loss: 0.696653
[2023-11-11 15:59:55,402][INFO][freq_trainer:114] - train epoch: 2 [29888/100000 (30%)], lr: ['1.00e-04'], loss: 0.691428
[2023-11-11 16:00:00,932][INFO][freq_trainer:114] - train epoch: 2 [39872/100000 (40%)], lr: ['1.00e-04'], loss: 0.692082
[2023-11-11 16:00:06,627][INFO][freq_trainer:114] - train epoch: 2 [49856/100000 (50%)], lr: ['1.00e-04'], loss: 0.691620
[2023-11-11 16:00:12,265][INFO][freq_trainer:114] - train epoch: 2 [59840/100000 (60%)], lr: ['1.00e-04'], loss: 0.689768
[2023-11-11 16:00:17,926][INFO][freq_trainer:114] - train epoch: 2 [69824/100000 (70%)], lr: ['1.00e-04'], loss: 0.692742
[2023-11-11 16:00:23,454][INFO][freq_trainer:114] - train epoch: 2 [79808/100000 (80%)], lr: ['1.00e-04'], loss: 0.690622
[2023-11-11 16:00:29,139][INFO][freq_trainer:114] - train epoch: 2 [89792/100000 (90%)], lr: ['1.00e-04'], loss: 0.688686
[2023-11-11 16:00:34,848][INFO][freq_trainer:114] - train epoch: 2 [99776/100000 (100%)], lr: ['1.00e-04'], loss: 0.694539
[2023-11-11 16:00:37,023][INFO][freq_trainer:57] - [epoch   2] execution time: 58.73s	metrics:
[2023-11-11 16:00:37,024][INFO][freq_evaluator:47] - dataset: valid_pretraining, acc: 0.000, hamming: 0.480
[2023-11-11 16:00:37,053][INFO][base_model:51] - snapshot saved to ./models/exp007b-m25-simple_multi_class-2023-11-11_14-36-23-final.pth
[2023-11-11 16:00:43,185][INFO][freq_trainer:114] - train epoch: 3 [9920/100000 (10%)], lr: ['1.00e-04'], loss: 0.696072
[2023-11-11 16:00:48,929][INFO][freq_trainer:114] - train epoch: 3 [19904/100000 (20%)], lr: ['1.00e-04'], loss: 0.693580
[2023-11-11 16:00:54,654][INFO][freq_trainer:114] - train epoch: 3 [29888/100000 (30%)], lr: ['1.00e-04'], loss: 0.687714
[2023-11-11 16:01:00,238][INFO][freq_trainer:114] - train epoch: 3 [39872/100000 (40%)], lr: ['1.00e-04'], loss: 0.689730
[2023-11-11 16:01:05,946][INFO][freq_trainer:114] - train epoch: 3 [49856/100000 (50%)], lr: ['1.00e-04'], loss: 0.695696
[2023-11-11 16:01:11,667][INFO][freq_trainer:114] - train epoch: 3 [59840/100000 (60%)], lr: ['1.00e-04'], loss: 0.694131
[2023-11-11 16:01:17,296][INFO][freq_trainer:114] - train epoch: 3 [69824/100000 (70%)], lr: ['1.00e-04'], loss: 0.692835
[2023-11-11 16:01:22,844][INFO][freq_trainer:114] - train epoch: 3 [79808/100000 (80%)], lr: ['1.00e-04'], loss: 0.695722
[2023-11-11 16:01:28,538][INFO][freq_trainer:114] - train epoch: 3 [89792/100000 (90%)], lr: ['1.00e-04'], loss: 0.692261
[2023-11-11 16:01:34,248][INFO][freq_trainer:114] - train epoch: 3 [99776/100000 (100%)], lr: ['1.00e-04'], loss: 0.695588
[2023-11-11 16:01:36,537][INFO][freq_trainer:57] - [epoch   3] execution time: 59.48s	metrics:
[2023-11-11 16:01:36,538][INFO][freq_evaluator:47] - dataset: valid_pretraining, acc: 0.000, hamming: 0.480
[2023-11-11 16:01:36,749][INFO][base_model:51] - snapshot saved to ./models/exp007b-m25-simple_multi_class-2023-11-11_14-36-23-final.pth
[2023-11-11 16:01:42,959][INFO][freq_trainer:114] - train epoch: 4 [9920/100000 (10%)], lr: ['1.00e-04'], loss: 0.690386
[2023-11-11 16:01:48,530][INFO][freq_trainer:114] - train epoch: 4 [19904/100000 (20%)], lr: ['1.00e-04'], loss: 0.694055
[2023-11-11 16:01:53,905][INFO][freq_trainer:114] - train epoch: 4 [29888/100000 (30%)], lr: ['1.00e-04'], loss: 0.691102
[2023-11-11 16:01:59,702][INFO][freq_trainer:114] - train epoch: 4 [39872/100000 (40%)], lr: ['1.00e-04'], loss: 0.684878
[2023-11-11 16:02:05,360][INFO][freq_trainer:114] - train epoch: 4 [49856/100000 (50%)], lr: ['1.00e-04'], loss: 0.692686
[2023-11-11 16:02:11,073][INFO][freq_trainer:114] - train epoch: 4 [59840/100000 (60%)], lr: ['1.00e-04'], loss: 0.692427
[2023-11-11 16:02:16,713][INFO][freq_trainer:114] - train epoch: 4 [69824/100000 (70%)], lr: ['1.00e-04'], loss: 0.692148
[2023-11-11 16:02:22,301][INFO][freq_trainer:114] - train epoch: 4 [79808/100000 (80%)], lr: ['1.00e-04'], loss: 0.692322
[2023-11-11 16:02:27,998][INFO][freq_trainer:114] - train epoch: 4 [89792/100000 (90%)], lr: ['1.00e-04'], loss: 0.694251
[2023-11-11 16:02:33,655][INFO][freq_trainer:114] - train epoch: 4 [99776/100000 (100%)], lr: ['1.00e-04'], loss: 0.693457
[2023-11-11 16:02:35,904][INFO][freq_trainer:57] - [epoch   4] execution time: 59.15s	metrics:
[2023-11-11 16:02:35,904][INFO][freq_evaluator:47] - dataset: valid_pretraining, acc: 0.000, hamming: 0.480
[2023-11-11 16:02:35,933][INFO][base_model:51] - snapshot saved to ./models/exp007b-m25-simple_multi_class-2023-11-11_14-36-23-final.pth
[2023-11-11 16:02:42,299][INFO][freq_trainer:114] - train epoch: 5 [9920/100000 (10%)], lr: ['1.00e-04'], loss: 0.685968
[2023-11-11 16:02:47,935][INFO][freq_trainer:114] - train epoch: 5 [19904/100000 (20%)], lr: ['1.00e-04'], loss: 0.694197
[2023-11-11 16:02:53,700][INFO][freq_trainer:114] - train epoch: 5 [29888/100000 (30%)], lr: ['1.00e-04'], loss: 0.695058
[2023-11-11 16:02:59,279][INFO][freq_trainer:114] - train epoch: 5 [39872/100000 (40%)], lr: ['1.00e-04'], loss: 0.693255
[2023-11-11 16:03:04,928][INFO][freq_trainer:114] - train epoch: 5 [49856/100000 (50%)], lr: ['1.00e-04'], loss: 0.688229
[2023-11-11 16:03:10,424][INFO][freq_trainer:114] - train epoch: 5 [59840/100000 (60%)], lr: ['1.00e-04'], loss: 0.689562
[2023-11-11 16:03:16,151][INFO][freq_trainer:114] - train epoch: 5 [69824/100000 (70%)], lr: ['1.00e-04'], loss: 0.693829
[2023-11-11 16:03:21,799][INFO][freq_trainer:114] - train epoch: 5 [79808/100000 (80%)], lr: ['1.00e-04'], loss: 0.691603
[2023-11-11 16:03:27,283][INFO][freq_trainer:114] - train epoch: 5 [89792/100000 (90%)], lr: ['1.00e-04'], loss: 0.684968
[2023-11-11 16:03:32,726][INFO][freq_trainer:114] - train epoch: 5 [99776/100000 (100%)], lr: ['1.00e-04'], loss: 0.693482
[2023-11-11 16:03:34,817][INFO][freq_trainer:57] - [epoch   5] execution time: 58.88s	metrics:
[2023-11-11 16:03:34,818][INFO][freq_evaluator:47] - dataset: valid_pretraining, acc: 0.000, hamming: 0.480
[2023-11-11 16:03:34,846][INFO][base_model:51] - snapshot saved to ./models/exp007b-m25-simple_multi_class-2023-11-11_14-36-23-final.pth
[2023-11-11 16:03:40,961][INFO][freq_trainer:114] - train epoch: 6 [9920/100000 (10%)], lr: ['1.00e-04'], loss: 0.688810
[2023-11-11 16:03:46,545][INFO][freq_trainer:114] - train epoch: 6 [19904/100000 (20%)], lr: ['1.00e-04'], loss: 0.697317
[2023-11-11 16:03:52,344][INFO][freq_trainer:114] - train epoch: 6 [29888/100000 (30%)], lr: ['1.00e-04'], loss: 0.698431
[2023-11-11 16:03:57,963][INFO][freq_trainer:114] - train epoch: 6 [39872/100000 (40%)], lr: ['1.00e-04'], loss: 0.687205
[2023-11-11 16:04:03,592][INFO][freq_trainer:114] - train epoch: 6 [49856/100000 (50%)], lr: ['1.00e-04'], loss: 0.693446
[2023-11-11 16:04:09,423][INFO][freq_trainer:114] - train epoch: 6 [59840/100000 (60%)], lr: ['1.00e-04'], loss: 0.697185
[2023-11-11 16:04:15,132][INFO][freq_trainer:114] - train epoch: 6 [69824/100000 (70%)], lr: ['1.00e-04'], loss: 0.689726
[2023-11-11 16:04:20,795][INFO][freq_trainer:114] - train epoch: 6 [79808/100000 (80%)], lr: ['1.00e-04'], loss: 0.695841
[2023-11-11 16:04:26,477][INFO][freq_trainer:114] - train epoch: 6 [89792/100000 (90%)], lr: ['1.00e-04'], loss: 0.695193
[2023-11-11 16:04:32,047][INFO][freq_trainer:114] - train epoch: 6 [99776/100000 (100%)], lr: ['1.00e-04'], loss: 0.696504
[2023-11-11 16:04:34,261][INFO][freq_trainer:57] - [epoch   6] execution time: 59.41s	metrics:
[2023-11-11 16:04:34,262][INFO][freq_evaluator:47] - dataset: valid_pretraining, acc: 0.000, hamming: 0.480
[2023-11-11 16:04:34,290][INFO][base_model:51] - snapshot saved to ./models/exp007b-m25-simple_multi_class-2023-11-11_14-36-23-final.pth
[2023-11-11 16:04:40,356][INFO][freq_trainer:114] - train epoch: 7 [9920/100000 (10%)], lr: ['1.00e-04'], loss: 0.692293
[2023-11-11 16:04:46,234][INFO][freq_trainer:114] - train epoch: 7 [19904/100000 (20%)], lr: ['1.00e-04'], loss: 0.692781
[2023-11-11 16:04:52,086][INFO][freq_trainer:114] - train epoch: 7 [29888/100000 (30%)], lr: ['1.00e-04'], loss: 0.691832
[2023-11-11 16:04:57,776][INFO][freq_trainer:114] - train epoch: 7 [39872/100000 (40%)], lr: ['1.00e-04'], loss: 0.690558
[2023-11-11 16:05:03,722][INFO][freq_trainer:114] - train epoch: 7 [49856/100000 (50%)], lr: ['1.00e-04'], loss: 0.686937
[2023-11-11 16:05:09,411][INFO][freq_trainer:114] - train epoch: 7 [59840/100000 (60%)], lr: ['1.00e-04'], loss: 0.694264
[2023-11-11 16:05:15,215][INFO][freq_trainer:114] - train epoch: 7 [69824/100000 (70%)], lr: ['1.00e-04'], loss: 0.695329
[2023-11-11 16:05:20,992][INFO][freq_trainer:114] - train epoch: 7 [79808/100000 (80%)], lr: ['1.00e-04'], loss: 0.691504
[2023-11-11 16:05:26,543][INFO][freq_trainer:114] - train epoch: 7 [89792/100000 (90%)], lr: ['1.00e-04'], loss: 0.685167
[2023-11-11 16:05:32,375][INFO][freq_trainer:114] - train epoch: 7 [99776/100000 (100%)], lr: ['1.00e-04'], loss: 0.663840
[2023-11-11 16:05:34,513][INFO][freq_trainer:57] - [epoch   7] execution time: 60.22s	metrics:
[2023-11-11 16:05:34,514][INFO][freq_evaluator:47] - dataset: valid_pretraining, acc: 0.000, hamming: 0.476
[2023-11-11 16:05:34,543][INFO][base_model:51] - snapshot saved to ./models/exp007b-m25-simple_multi_class-2023-11-11_14-36-23-final.pth
[2023-11-11 16:05:40,722][INFO][freq_trainer:114] - train epoch: 8 [9920/100000 (10%)], lr: ['1.00e-04'], loss: 0.696767
[2023-11-11 16:05:46,383][INFO][freq_trainer:114] - train epoch: 8 [19904/100000 (20%)], lr: ['1.00e-04'], loss: 0.670142
[2023-11-11 16:05:51,873][INFO][freq_trainer:114] - train epoch: 8 [29888/100000 (30%)], lr: ['1.00e-04'], loss: 0.622136
[2023-11-11 16:05:57,475][INFO][freq_trainer:114] - train epoch: 8 [39872/100000 (40%)], lr: ['1.00e-04'], loss: 0.612575
[2023-11-11 16:06:03,007][INFO][freq_trainer:114] - train epoch: 8 [49856/100000 (50%)], lr: ['1.00e-04'], loss: 0.634625
[2023-11-11 16:06:08,909][INFO][freq_trainer:114] - train epoch: 8 [59840/100000 (60%)], lr: ['1.00e-04'], loss: 0.645782
[2023-11-11 16:06:14,739][INFO][freq_trainer:114] - train epoch: 8 [69824/100000 (70%)], lr: ['1.00e-04'], loss: 0.604285
[2023-11-11 16:06:20,409][INFO][freq_trainer:114] - train epoch: 8 [79808/100000 (80%)], lr: ['1.00e-04'], loss: 0.631352
[2023-11-11 16:06:26,270][INFO][freq_trainer:114] - train epoch: 8 [89792/100000 (90%)], lr: ['1.00e-04'], loss: 0.608585
[2023-11-11 16:06:31,770][INFO][freq_trainer:114] - train epoch: 8 [99776/100000 (100%)], lr: ['1.00e-04'], loss: 0.581187
[2023-11-11 16:06:34,037][INFO][freq_trainer:57] - [epoch   8] execution time: 59.49s	metrics:
[2023-11-11 16:06:34,038][INFO][freq_evaluator:47] - dataset: valid_pretraining, acc: 0.005, hamming: 0.487
[2023-11-11 16:06:34,066][INFO][base_model:51] - snapshot saved to ./models/exp007b-m25-simple_multi_class-2023-11-11_14-36-23-final.pth
[2023-11-11 16:06:40,437][INFO][freq_trainer:114] - train epoch: 9 [9920/100000 (10%)], lr: ['1.00e-04'], loss: 0.578764
[2023-11-11 16:06:45,944][INFO][freq_trainer:114] - train epoch: 9 [19904/100000 (20%)], lr: ['1.00e-04'], loss: 0.591747
[2023-11-11 16:06:51,407][INFO][freq_trainer:114] - train epoch: 9 [29888/100000 (30%)], lr: ['1.00e-04'], loss: 0.585599
[2023-11-11 16:06:56,985][INFO][freq_trainer:114] - train epoch: 9 [39872/100000 (40%)], lr: ['1.00e-04'], loss: 0.559751
[2023-11-11 16:07:02,379][INFO][freq_trainer:114] - train epoch: 9 [49856/100000 (50%)], lr: ['1.00e-04'], loss: 0.537444
[2023-11-11 16:07:07,819][INFO][freq_trainer:114] - train epoch: 9 [59840/100000 (60%)], lr: ['1.00e-04'], loss: 0.571516
[2023-11-11 16:07:13,461][INFO][freq_trainer:114] - train epoch: 9 [69824/100000 (70%)], lr: ['1.00e-04'], loss: 0.576900
[2023-11-11 16:07:19,101][INFO][freq_trainer:114] - train epoch: 9 [79808/100000 (80%)], lr: ['1.00e-04'], loss: 0.500322
[2023-11-11 16:07:24,632][INFO][freq_trainer:114] - train epoch: 9 [89792/100000 (90%)], lr: ['1.00e-04'], loss: 0.459640
[2023-11-11 16:07:30,155][INFO][freq_trainer:114] - train epoch: 9 [99776/100000 (100%)], lr: ['1.00e-04'], loss: 0.484905
[2023-11-11 16:07:32,381][INFO][freq_trainer:57] - [epoch   9] execution time: 58.31s	metrics:
[2023-11-11 16:07:32,381][INFO][freq_evaluator:47] - dataset: valid_pretraining, acc: 0.005, hamming: 0.475
[2023-11-11 16:07:32,410][INFO][base_model:51] - snapshot saved to ./models/exp007b-m25-simple_multi_class-2023-11-11_14-36-23-final.pth
[2023-11-11 16:07:38,689][INFO][freq_trainer:114] - train epoch: 10 [9920/100000 (10%)], lr: ['1.00e-04'], loss: 0.465924
[2023-11-11 16:07:44,336][INFO][freq_trainer:114] - train epoch: 10 [19904/100000 (20%)], lr: ['1.00e-04'], loss: 0.475313
[2023-11-11 16:07:50,426][INFO][freq_trainer:114] - train epoch: 10 [29888/100000 (30%)], lr: ['1.00e-04'], loss: 0.453209
[2023-11-11 16:07:56,160][INFO][freq_trainer:114] - train epoch: 10 [39872/100000 (40%)], lr: ['1.00e-04'], loss: 0.411989
[2023-11-11 16:08:01,873][INFO][freq_trainer:114] - train epoch: 10 [49856/100000 (50%)], lr: ['1.00e-04'], loss: 0.446192
[2023-11-11 16:08:07,439][INFO][freq_trainer:114] - train epoch: 10 [59840/100000 (60%)], lr: ['1.00e-04'], loss: 0.432444
[2023-11-11 16:08:13,109][INFO][freq_trainer:114] - train epoch: 10 [69824/100000 (70%)], lr: ['1.00e-04'], loss: 0.373065
[2023-11-11 16:08:18,533][INFO][freq_trainer:114] - train epoch: 10 [79808/100000 (80%)], lr: ['1.00e-04'], loss: 0.406339
[2023-11-11 16:08:23,973][INFO][freq_trainer:114] - train epoch: 10 [89792/100000 (90%)], lr: ['1.00e-04'], loss: 0.351190
[2023-11-11 16:08:29,408][INFO][freq_trainer:114] - train epoch: 10 [99776/100000 (100%)], lr: ['1.00e-04'], loss: 0.361086
[2023-11-11 16:08:31,523][INFO][freq_trainer:57] - [epoch  10] execution time: 59.11s	metrics:
[2023-11-11 16:08:31,523][INFO][freq_evaluator:47] - dataset: valid_pretraining, acc: 0.005, hamming: 0.484
[2023-11-11 16:08:31,555][INFO][base_model:51] - snapshot saved to ./models/exp007b-m25-simple_multi_class-2023-11-11_14-36-23-final.pth
[2023-11-11 16:08:37,352][INFO][freq_trainer:114] - train epoch: 11 [9920/100000 (10%)], lr: ['1.00e-04'], loss: 0.400858
[2023-11-11 16:08:42,793][INFO][freq_trainer:114] - train epoch: 11 [19904/100000 (20%)], lr: ['1.00e-04'], loss: 0.365494
[2023-11-11 16:08:48,223][INFO][freq_trainer:114] - train epoch: 11 [29888/100000 (30%)], lr: ['1.00e-04'], loss: 0.352654
[2023-11-11 16:08:53,596][INFO][freq_trainer:114] - train epoch: 11 [39872/100000 (40%)], lr: ['1.00e-04'], loss: 0.372811
[2023-11-11 16:08:58,768][INFO][freq_trainer:114] - train epoch: 11 [49856/100000 (50%)], lr: ['1.00e-04'], loss: 0.326522
[2023-11-11 16:09:03,829][INFO][freq_trainer:114] - train epoch: 11 [59840/100000 (60%)], lr: ['1.00e-04'], loss: 0.322045
[2023-11-11 16:09:09,098][INFO][freq_trainer:114] - train epoch: 11 [69824/100000 (70%)], lr: ['1.00e-04'], loss: 0.304093
[2023-11-11 16:09:14,313][INFO][freq_trainer:114] - train epoch: 11 [79808/100000 (80%)], lr: ['1.00e-04'], loss: 0.339862
[2023-11-11 16:09:19,650][INFO][freq_trainer:114] - train epoch: 11 [89792/100000 (90%)], lr: ['1.00e-04'], loss: 0.266457
[2023-11-11 16:09:24,946][INFO][freq_trainer:114] - train epoch: 11 [99776/100000 (100%)], lr: ['1.00e-04'], loss: 0.281516
[2023-11-11 16:09:27,239][INFO][freq_trainer:57] - [epoch  11] execution time: 55.68s	metrics:
[2023-11-11 16:09:27,240][INFO][freq_evaluator:47] - dataset: valid_pretraining, acc: 0.005, hamming: 0.498
[2023-11-11 16:09:27,271][INFO][base_model:51] - snapshot saved to ./models/exp007b-m25-simple_multi_class-2023-11-11_14-36-23-final.pth
[2023-11-11 16:09:33,126][INFO][freq_trainer:114] - train epoch: 12 [9920/100000 (10%)], lr: ['1.00e-04'], loss: 0.279825
[2023-11-11 16:09:38,419][INFO][freq_trainer:114] - train epoch: 12 [19904/100000 (20%)], lr: ['1.00e-04'], loss: 0.300840
[2023-11-11 16:09:43,652][INFO][freq_trainer:114] - train epoch: 12 [29888/100000 (30%)], lr: ['1.00e-04'], loss: 0.307299
[2023-11-11 16:09:48,940][INFO][freq_trainer:114] - train epoch: 12 [39872/100000 (40%)], lr: ['1.00e-04'], loss: 0.314790
[2023-11-11 16:09:54,101][INFO][freq_trainer:114] - train epoch: 12 [49856/100000 (50%)], lr: ['1.00e-04'], loss: 0.295935
[2023-11-11 16:09:59,570][INFO][freq_trainer:114] - train epoch: 12 [59840/100000 (60%)], lr: ['1.00e-04'], loss: 0.295868
[2023-11-11 16:10:04,559][INFO][freq_trainer:114] - train epoch: 12 [69824/100000 (70%)], lr: ['1.00e-04'], loss: 0.254400
[2023-11-11 16:10:09,691][INFO][freq_trainer:114] - train epoch: 12 [79808/100000 (80%)], lr: ['1.00e-04'], loss: 0.281804
[2023-11-11 16:10:14,915][INFO][freq_trainer:114] - train epoch: 12 [89792/100000 (90%)], lr: ['1.00e-04'], loss: 0.244437
[2023-11-11 16:10:20,085][INFO][freq_trainer:114] - train epoch: 12 [99776/100000 (100%)], lr: ['1.00e-04'], loss: 0.264416
[2023-11-11 16:10:22,237][INFO][freq_trainer:57] - [epoch  12] execution time: 54.97s	metrics:
[2023-11-11 16:10:22,237][INFO][freq_evaluator:47] - dataset: valid_pretraining, acc: 0.005, hamming: 0.502
[2023-11-11 16:10:22,266][INFO][base_model:51] - snapshot saved to ./models/exp007b-m25-simple_multi_class-2023-11-11_14-36-23-final.pth
[2023-11-11 16:10:27,923][INFO][freq_trainer:114] - train epoch: 13 [9920/100000 (10%)], lr: ['1.00e-04'], loss: 0.238216
[2023-11-11 16:10:33,284][INFO][freq_trainer:114] - train epoch: 13 [19904/100000 (20%)], lr: ['1.00e-04'], loss: 0.259593
[2023-11-11 16:10:38,478][INFO][freq_trainer:114] - train epoch: 13 [29888/100000 (30%)], lr: ['1.00e-04'], loss: 0.223121
[2023-11-11 16:10:43,684][INFO][freq_trainer:114] - train epoch: 13 [39872/100000 (40%)], lr: ['1.00e-04'], loss: 0.222420
[2023-11-11 16:10:48,787][INFO][freq_trainer:114] - train epoch: 13 [49856/100000 (50%)], lr: ['1.00e-04'], loss: 0.212915
[2023-11-11 16:10:53,994][INFO][freq_trainer:114] - train epoch: 13 [59840/100000 (60%)], lr: ['1.00e-04'], loss: 0.236007
[2023-11-11 16:10:59,094][INFO][freq_trainer:114] - train epoch: 13 [69824/100000 (70%)], lr: ['1.00e-04'], loss: 0.221506
[2023-11-11 16:11:04,284][INFO][freq_trainer:114] - train epoch: 13 [79808/100000 (80%)], lr: ['1.00e-04'], loss: 0.200754
[2023-11-11 16:11:09,501][INFO][freq_trainer:114] - train epoch: 13 [89792/100000 (90%)], lr: ['1.00e-04'], loss: 0.222833
[2023-11-11 16:11:14,634][INFO][freq_trainer:114] - train epoch: 13 [99776/100000 (100%)], lr: ['1.00e-04'], loss: 0.214649
[2023-11-11 16:11:16,786][INFO][freq_trainer:57] - [epoch  13] execution time: 54.52s	metrics:
[2023-11-11 16:11:16,787][INFO][freq_evaluator:47] - dataset: valid_pretraining, acc: 0.005, hamming: 0.514
[2023-11-11 16:11:16,814][INFO][base_model:51] - snapshot saved to ./models/exp007b-m25-simple_multi_class-2023-11-11_14-36-23-final.pth
[2023-11-11 16:11:22,359][INFO][freq_trainer:114] - train epoch: 14 [9920/100000 (10%)], lr: ['1.00e-04'], loss: 0.179433
[2023-11-11 16:11:27,438][INFO][freq_trainer:114] - train epoch: 14 [19904/100000 (20%)], lr: ['1.00e-04'], loss: 0.158477
[2023-11-11 16:11:32,647][INFO][freq_trainer:114] - train epoch: 14 [29888/100000 (30%)], lr: ['1.00e-04'], loss: 0.173654
[2023-11-11 16:11:37,719][INFO][freq_trainer:114] - train epoch: 14 [39872/100000 (40%)], lr: ['1.00e-04'], loss: 0.161828
[2023-11-11 16:11:42,998][INFO][freq_trainer:114] - train epoch: 14 [49856/100000 (50%)], lr: ['1.00e-04'], loss: 0.155676
[2023-11-11 16:11:48,157][INFO][freq_trainer:114] - train epoch: 14 [59840/100000 (60%)], lr: ['1.00e-04'], loss: 0.148641
[2023-11-11 16:11:53,319][INFO][freq_trainer:114] - train epoch: 14 [69824/100000 (70%)], lr: ['1.00e-04'], loss: 0.177345
[2023-11-11 16:11:58,597][INFO][freq_trainer:114] - train epoch: 14 [79808/100000 (80%)], lr: ['1.00e-04'], loss: 0.180823
[2023-11-11 16:12:03,857][INFO][freq_trainer:114] - train epoch: 14 [89792/100000 (90%)], lr: ['1.00e-04'], loss: 0.158849
[2023-11-11 16:12:08,909][INFO][freq_trainer:114] - train epoch: 14 [99776/100000 (100%)], lr: ['1.00e-04'], loss: 0.138502
[2023-11-11 16:12:10,898][INFO][freq_trainer:57] - [epoch  14] execution time: 54.08s	metrics:
[2023-11-11 16:12:10,898][INFO][freq_evaluator:47] - dataset: valid_pretraining, acc: 0.005, hamming: 0.515
[2023-11-11 16:12:10,926][INFO][base_model:51] - snapshot saved to ./models/exp007b-m25-simple_multi_class-2023-11-11_14-36-23-final.pth
[2023-11-11 16:12:16,602][INFO][freq_trainer:114] - train epoch: 15 [9920/100000 (10%)], lr: ['1.00e-04'], loss: 0.137060
[2023-11-11 16:12:21,794][INFO][freq_trainer:114] - train epoch: 15 [19904/100000 (20%)], lr: ['1.00e-04'], loss: 0.140840
[2023-11-11 16:12:26,871][INFO][freq_trainer:114] - train epoch: 15 [29888/100000 (30%)], lr: ['1.00e-04'], loss: 0.134622
[2023-11-11 16:12:31,912][INFO][freq_trainer:114] - train epoch: 15 [39872/100000 (40%)], lr: ['1.00e-04'], loss: 0.136069
[2023-11-11 16:12:37,102][INFO][freq_trainer:114] - train epoch: 15 [49856/100000 (50%)], lr: ['1.00e-04'], loss: 0.140120
[2023-11-11 16:12:42,150][INFO][freq_trainer:114] - train epoch: 15 [59840/100000 (60%)], lr: ['1.00e-04'], loss: 0.143500
[2023-11-11 16:12:47,475][INFO][freq_trainer:114] - train epoch: 15 [69824/100000 (70%)], lr: ['1.00e-04'], loss: 0.118472
[2023-11-11 16:12:52,729][INFO][freq_trainer:114] - train epoch: 15 [79808/100000 (80%)], lr: ['1.00e-04'], loss: 0.125918
[2023-11-11 16:12:57,800][INFO][freq_trainer:114] - train epoch: 15 [89792/100000 (90%)], lr: ['1.00e-04'], loss: 0.127388
[2023-11-11 16:13:02,939][INFO][freq_trainer:114] - train epoch: 15 [99776/100000 (100%)], lr: ['1.00e-04'], loss: 0.122775
[2023-11-11 16:13:05,006][INFO][freq_trainer:57] - [epoch  15] execution time: 54.08s	metrics:
[2023-11-11 16:13:05,006][INFO][freq_evaluator:47] - dataset: valid_pretraining, acc: 0.005, hamming: 0.518
[2023-11-11 16:13:05,035][INFO][base_model:51] - snapshot saved to ./models/exp007b-m25-simple_multi_class-2023-11-11_14-36-23-final.pth
[2023-11-11 16:13:10,571][INFO][freq_trainer:114] - train epoch: 16 [9920/100000 (10%)], lr: ['1.00e-04'], loss: 0.153224
[2023-11-11 16:13:15,689][INFO][freq_trainer:114] - train epoch: 16 [19904/100000 (20%)], lr: ['1.00e-04'], loss: 0.124254
[2023-11-11 16:13:20,808][INFO][freq_trainer:114] - train epoch: 16 [29888/100000 (30%)], lr: ['1.00e-04'], loss: 0.118990
[2023-11-11 16:13:25,984][INFO][freq_trainer:114] - train epoch: 16 [39872/100000 (40%)], lr: ['1.00e-04'], loss: 0.125196
[2023-11-11 16:13:31,078][INFO][freq_trainer:114] - train epoch: 16 [49856/100000 (50%)], lr: ['1.00e-04'], loss: 0.113892
[2023-11-11 16:13:36,183][INFO][freq_trainer:114] - train epoch: 16 [59840/100000 (60%)], lr: ['1.00e-04'], loss: 0.089358
[2023-11-11 16:13:41,356][INFO][freq_trainer:114] - train epoch: 16 [69824/100000 (70%)], lr: ['1.00e-04'], loss: 0.094012
[2023-11-11 16:13:46,415][INFO][freq_trainer:114] - train epoch: 16 [79808/100000 (80%)], lr: ['1.00e-04'], loss: 0.097609
[2023-11-11 16:13:51,522][INFO][freq_trainer:114] - train epoch: 16 [89792/100000 (90%)], lr: ['1.00e-04'], loss: 0.096951
[2023-11-11 16:13:56,717][INFO][freq_trainer:114] - train epoch: 16 [99776/100000 (100%)], lr: ['1.00e-04'], loss: 0.106478
[2023-11-11 16:13:58,836][INFO][freq_trainer:57] - [epoch  16] execution time: 53.80s	metrics:
[2023-11-11 16:13:58,836][INFO][freq_evaluator:47] - dataset: valid_pretraining, acc: 0.005, hamming: 0.519
[2023-11-11 16:13:58,869][INFO][base_model:51] - snapshot saved to ./models/exp007b-m25-simple_multi_class-2023-11-11_14-36-23-final.pth
[2023-11-11 16:14:04,579][INFO][freq_trainer:114] - train epoch: 17 [9920/100000 (10%)], lr: ['1.00e-04'], loss: 0.102940
[2023-11-11 16:14:09,773][INFO][freq_trainer:114] - train epoch: 17 [19904/100000 (20%)], lr: ['1.00e-04'], loss: 0.086827
[2023-11-11 16:14:14,842][INFO][freq_trainer:114] - train epoch: 17 [29888/100000 (30%)], lr: ['1.00e-04'], loss: 0.078561
[2023-11-11 16:14:19,789][INFO][freq_trainer:114] - train epoch: 17 [39872/100000 (40%)], lr: ['1.00e-04'], loss: 0.104991
[2023-11-11 16:14:24,742][INFO][freq_trainer:114] - train epoch: 17 [49856/100000 (50%)], lr: ['1.00e-04'], loss: 0.070030
[2023-11-11 16:14:29,778][INFO][freq_trainer:114] - train epoch: 17 [59840/100000 (60%)], lr: ['1.00e-04'], loss: 0.097762
[2023-11-11 16:14:34,727][INFO][freq_trainer:114] - train epoch: 17 [69824/100000 (70%)], lr: ['1.00e-04'], loss: 0.070089
[2023-11-11 16:14:39,576][INFO][freq_trainer:114] - train epoch: 17 [79808/100000 (80%)], lr: ['1.00e-04'], loss: 0.072274
[2023-11-11 16:14:44,408][INFO][freq_trainer:114] - train epoch: 17 [89792/100000 (90%)], lr: ['1.00e-04'], loss: 0.087580
[2023-11-11 16:14:49,490][INFO][freq_trainer:114] - train epoch: 17 [99776/100000 (100%)], lr: ['1.00e-04'], loss: 0.066177
[2023-11-11 16:14:51,451][INFO][freq_trainer:57] - [epoch  17] execution time: 52.58s	metrics:
[2023-11-11 16:14:51,451][INFO][freq_evaluator:47] - dataset: valid_pretraining, acc: 0.005, hamming: 0.520
[2023-11-11 16:14:51,478][INFO][base_model:51] - snapshot saved to ./models/exp007b-m25-simple_multi_class-2023-11-11_14-36-23-final.pth
[2023-11-11 16:14:56,837][INFO][freq_trainer:114] - train epoch: 18 [9920/100000 (10%)], lr: ['1.00e-04'], loss: 0.080199
[2023-11-11 16:15:01,978][INFO][freq_trainer:114] - train epoch: 18 [19904/100000 (20%)], lr: ['1.00e-04'], loss: 0.092963
[2023-11-11 16:15:07,091][INFO][freq_trainer:114] - train epoch: 18 [29888/100000 (30%)], lr: ['1.00e-04'], loss: 0.059737
[2023-11-11 16:15:11,993][INFO][freq_trainer:114] - train epoch: 18 [39872/100000 (40%)], lr: ['1.00e-04'], loss: 0.065290
[2023-11-11 16:15:16,861][INFO][freq_trainer:114] - train epoch: 18 [49856/100000 (50%)], lr: ['1.00e-04'], loss: 0.081524
[2023-11-11 16:15:21,730][INFO][freq_trainer:114] - train epoch: 18 [59840/100000 (60%)], lr: ['1.00e-04'], loss: 0.060808
[2023-11-11 16:15:26,451][INFO][freq_trainer:114] - train epoch: 18 [69824/100000 (70%)], lr: ['1.00e-04'], loss: 0.069722
[2023-11-11 16:15:31,284][INFO][freq_trainer:114] - train epoch: 18 [79808/100000 (80%)], lr: ['1.00e-04'], loss: 0.060921
[2023-11-11 16:15:36,211][INFO][freq_trainer:114] - train epoch: 18 [89792/100000 (90%)], lr: ['1.00e-04'], loss: 0.083306
[2023-11-11 16:15:41,251][INFO][freq_trainer:114] - train epoch: 18 [99776/100000 (100%)], lr: ['1.00e-04'], loss: 0.067242
[2023-11-11 16:15:43,185][INFO][freq_trainer:57] - [epoch  18] execution time: 51.71s	metrics:
[2023-11-11 16:15:43,185][INFO][freq_evaluator:47] - dataset: valid_pretraining, acc: 0.005, hamming: 0.515
[2023-11-11 16:15:43,213][INFO][base_model:51] - snapshot saved to ./models/exp007b-m25-simple_multi_class-2023-11-11_14-36-23-final.pth
[2023-11-11 16:15:48,467][INFO][freq_trainer:114] - train epoch: 19 [9920/100000 (10%)], lr: ['1.00e-04'], loss: 0.070931
[2023-11-11 16:15:53,349][INFO][freq_trainer:114] - train epoch: 19 [19904/100000 (20%)], lr: ['1.00e-04'], loss: 0.085790
[2023-11-11 16:15:58,293][INFO][freq_trainer:114] - train epoch: 19 [29888/100000 (30%)], lr: ['1.00e-04'], loss: 0.061522
[2023-11-11 16:16:03,135][INFO][freq_trainer:114] - train epoch: 19 [39872/100000 (40%)], lr: ['1.00e-04'], loss: 0.077355
[2023-11-11 16:16:08,011][INFO][freq_trainer:114] - train epoch: 19 [49856/100000 (50%)], lr: ['1.00e-04'], loss: 0.060736
[2023-11-11 16:16:12,846][INFO][freq_trainer:114] - train epoch: 19 [59840/100000 (60%)], lr: ['1.00e-04'], loss: 0.047083
[2023-11-11 16:16:17,992][INFO][freq_trainer:114] - train epoch: 19 [69824/100000 (70%)], lr: ['1.00e-04'], loss: 0.072364
[2023-11-11 16:16:22,873][INFO][freq_trainer:114] - train epoch: 19 [79808/100000 (80%)], lr: ['1.00e-04'], loss: 0.052059
[2023-11-11 16:16:27,718][INFO][freq_trainer:114] - train epoch: 19 [89792/100000 (90%)], lr: ['1.00e-04'], loss: 0.050497
[2023-11-11 16:16:32,572][INFO][freq_trainer:114] - train epoch: 19 [99776/100000 (100%)], lr: ['1.00e-04'], loss: 0.081050
[2023-11-11 16:16:34,589][INFO][freq_trainer:57] - [epoch  19] execution time: 51.38s	metrics:
[2023-11-11 16:16:34,589][INFO][freq_evaluator:47] - dataset: valid_pretraining, acc: 0.005, hamming: 0.519
[2023-11-11 16:16:34,617][INFO][base_model:51] - snapshot saved to ./models/exp007b-m25-simple_multi_class-2023-11-11_14-36-23-final.pth
[2023-11-11 16:16:39,726][INFO][freq_trainer:114] - train epoch: 20 [9920/100000 (10%)], lr: ['1.00e-04'], loss: 0.050949
[2023-11-11 16:16:44,582][INFO][freq_trainer:114] - train epoch: 20 [19904/100000 (20%)], lr: ['1.00e-04'], loss: 0.064008
[2023-11-11 16:16:49,540][INFO][freq_trainer:114] - train epoch: 20 [29888/100000 (30%)], lr: ['1.00e-04'], loss: 0.072556
[2023-11-11 16:16:54,346][INFO][freq_trainer:114] - train epoch: 20 [39872/100000 (40%)], lr: ['1.00e-04'], loss: 0.063612
[2023-11-11 16:16:59,118][INFO][freq_trainer:114] - train epoch: 20 [49856/100000 (50%)], lr: ['1.00e-04'], loss: 0.080260
[2023-11-11 16:17:03,972][INFO][freq_trainer:114] - train epoch: 20 [59840/100000 (60%)], lr: ['1.00e-04'], loss: 0.051746
[2023-11-11 16:17:08,682][INFO][freq_trainer:114] - train epoch: 20 [69824/100000 (70%)], lr: ['1.00e-04'], loss: 0.069147
[2023-11-11 16:17:13,467][INFO][freq_trainer:114] - train epoch: 20 [79808/100000 (80%)], lr: ['1.00e-04'], loss: 0.039674
[2023-11-11 16:17:18,212][INFO][freq_trainer:114] - train epoch: 20 [89792/100000 (90%)], lr: ['1.00e-04'], loss: 0.053427
[2023-11-11 16:17:23,066][INFO][freq_trainer:114] - train epoch: 20 [99776/100000 (100%)], lr: ['1.00e-04'], loss: 0.053548
[2023-11-11 16:17:24,994][INFO][freq_trainer:57] - [epoch  20] execution time: 50.38s	metrics:
[2023-11-11 16:17:24,994][INFO][freq_evaluator:47] - dataset: valid_pretraining, acc: 0.005, hamming: 0.519
[2023-11-11 16:17:25,022][INFO][base_model:51] - snapshot saved to ./models/exp007b-m25-simple_multi_class-2023-11-11_14-36-23-final.pth
[2023-11-11 16:17:25,024][INFO][freq_trainer:67] - finished training
[2023-11-11 16:17:27,498][INFO][data_loaders:39] - class distribution before data reduction:
# samples per subject
02fb158a-a658-51ee-89cf-1e1dc2ebfde1: 861
03341d0d-5927-5838-8a5f-1b8ef39d8f57: 1063
039ce8ad-a7fa-5272-a3e3-1f4bfebdd087: 915
095d6e40-5f19-55b6-a0ec-6e0ad3793da0: 1192
100df108-eb57-5eaa-a413-f7e4436a7895: 952
130f3f52-7d0a-551e-af61-2ee75455e5c9: 989
14c012bd-65b0-56f5-bc74-2dffcea69837: 969
16450f5a-9b65-5536-85e1-93816c8b89eb: 816
18ede714-aba3-5ad8-bb1a-18fc9b1c4192: 995
2159377e-ebf3-5565-9014-1e2ae69dc1d2: 907
2d01dc34-f36c-562e-b24a-d20dc798fdfc: 837
30e8a05b-4cf1-5aa8-9ef7-28d6e2949ad5: 699
37d0da97-9ae8-5413-b889-4e843ff35488: 1011
40e25dd4-6087-5747-b9c2-4838ada86b15: 1076
47f45aa2-31c4-595b-bdb6-f1348bba062b: 1032
4b72b905-5521-5c57-b666-e20ff9bb195f: 868
4e3c4ac4-69e2-5347-a3b0-662c204d259d: 926
52fbe46b-206c-584a-9f4f-1eb308e07bac: 1064
5b94ec8a-c34d-5e45-84d1-bec2ea965609: 1090
5bf0f969-304c-581e-949c-50c108f62846: 947
5ddbc68c-1283-5c27-952b-d7f102291bc2: 1097
64959ac4-53b5-5868-a845-c7476e9fdf7b: 990
742f1592-627c-54eb-bbb5-ccd55ffae33a: 975
769df255-2284-50b3-8917-2155c759fbbd: 929
79e8a04e-0fdd-53ae-bedc-d49d08e29103: 918
7ab8ff5f-a77f-567d-9882-f8bee0c3c9bf: 989
7d778801-88e7-5086-ad1d-70f31a371876: 999
7f5237b1-2196-5c8a-9543-a5aa70210ef4: 931
83c1394e-9c69-5c11-9102-9ff8d59b1cfd: 1011
844f68ba-265e-53e6-bf47-6c85d1804a7b: 957
a0c91989-530f-5117-80c1-2488dbed683c: 1017
a25b2296-343b-53f6-8792-ada2669d466e: 1008
a35a118e-e65e-5928-92a9-4354a6a0f4ce: 813
a6254c8a-f1b2-5736-b601-18245dd5e0a5: 1084
a79d1f0e-c133-5aa0-8268-cdcc05825f0f: 1046
aa160c78-6da3-5e05-8fc9-d6c13e9f97e0: 1010
aadc9e0c-b7c3-5a47-851d-f21971d10935: 969
ad47bc12-199c-5294-9cb8-4351bbbf7b5e: 893
b2d3ccdd-395c-5dd2-81d9-252bcfc0c337: 902
b3706da5-748b-5dd1-a552-f57e4456cdf6: 1041
b5d5785d-87ee-5078-b9b9-aac6abd4d8de: 918
bb474ab0-c2ce-573b-8acd-ef86b0fa26a2: 1142
c03e27b0-4cb5-584f-aaea-8f1e1ed6513c: 1121
c11c730f-0b6b-580b-af31-d8f0ebbbdfce: 917
c31a47f9-e400-5841-a22b-521c81042603: 986
c985916d-46a5-5c3e-9d50-a5a91f460bac: 1024
cc3b4b63-4a6f-5f28-ac7e-62f83c271449: 1076
cebd3520-4e77-5222-a614-d2888e6afc2b: 1109
d3cadb78-cb8c-5a6e-885c-392e457c68b1: 982
d5181c33-a43b-5dfe-8ad7-0337facb092a: 977
e59c45e0-0c0c-565f-84a9-6cf0ec5ef6c1: 844
e72505f1-21be-5d66-b620-cfcfa2d754bc: 973
e8ec8ec4-dc48-50ce-985a-a06d87861030: 975
eb95076c-c470-56a4-b788-ace310f061c6: 965
f2a69bdc-ed51-5e3f-b102-6b3f7d392be0: 960
f66bc75e-778b-5037-af86-b5275cd4c79f: 865

# samples per stage
0: 9349
1: 2953
2: 26829
3: 6330
4: 9161
[2023-11-11 16:17:27,635][INFO][data_loaders:43] - class distribution after data reduction:
# samples per subject
02fb158a-a658-51ee-89cf-1e1dc2ebfde1: 861
03341d0d-5927-5838-8a5f-1b8ef39d8f57: 1063
039ce8ad-a7fa-5272-a3e3-1f4bfebdd087: 915
095d6e40-5f19-55b6-a0ec-6e0ad3793da0: 1192
100df108-eb57-5eaa-a413-f7e4436a7895: 952
130f3f52-7d0a-551e-af61-2ee75455e5c9: 989
14c012bd-65b0-56f5-bc74-2dffcea69837: 969
16450f5a-9b65-5536-85e1-93816c8b89eb: 816
18ede714-aba3-5ad8-bb1a-18fc9b1c4192: 995
2159377e-ebf3-5565-9014-1e2ae69dc1d2: 907
2d01dc34-f36c-562e-b24a-d20dc798fdfc: 837
30e8a05b-4cf1-5aa8-9ef7-28d6e2949ad5: 699
37d0da97-9ae8-5413-b889-4e843ff35488: 1011
40e25dd4-6087-5747-b9c2-4838ada86b15: 1076
47f45aa2-31c4-595b-bdb6-f1348bba062b: 1032
4b72b905-5521-5c57-b666-e20ff9bb195f: 868
4e3c4ac4-69e2-5347-a3b0-662c204d259d: 926
52fbe46b-206c-584a-9f4f-1eb308e07bac: 1064
5b94ec8a-c34d-5e45-84d1-bec2ea965609: 1090
5bf0f969-304c-581e-949c-50c108f62846: 947
5ddbc68c-1283-5c27-952b-d7f102291bc2: 1097
64959ac4-53b5-5868-a845-c7476e9fdf7b: 990
742f1592-627c-54eb-bbb5-ccd55ffae33a: 975
769df255-2284-50b3-8917-2155c759fbbd: 929
79e8a04e-0fdd-53ae-bedc-d49d08e29103: 918
7ab8ff5f-a77f-567d-9882-f8bee0c3c9bf: 989
7d778801-88e7-5086-ad1d-70f31a371876: 999
7f5237b1-2196-5c8a-9543-a5aa70210ef4: 931
83c1394e-9c69-5c11-9102-9ff8d59b1cfd: 1011
844f68ba-265e-53e6-bf47-6c85d1804a7b: 957
a0c91989-530f-5117-80c1-2488dbed683c: 1017
a25b2296-343b-53f6-8792-ada2669d466e: 1008
a35a118e-e65e-5928-92a9-4354a6a0f4ce: 813
a6254c8a-f1b2-5736-b601-18245dd5e0a5: 1084
a79d1f0e-c133-5aa0-8268-cdcc05825f0f: 1046
aa160c78-6da3-5e05-8fc9-d6c13e9f97e0: 1010
aadc9e0c-b7c3-5a47-851d-f21971d10935: 969
ad47bc12-199c-5294-9cb8-4351bbbf7b5e: 893
b2d3ccdd-395c-5dd2-81d9-252bcfc0c337: 902
b3706da5-748b-5dd1-a552-f57e4456cdf6: 1041
b5d5785d-87ee-5078-b9b9-aac6abd4d8de: 918
bb474ab0-c2ce-573b-8acd-ef86b0fa26a2: 1142
c03e27b0-4cb5-584f-aaea-8f1e1ed6513c: 1121
c11c730f-0b6b-580b-af31-d8f0ebbbdfce: 917
c31a47f9-e400-5841-a22b-521c81042603: 986
c985916d-46a5-5c3e-9d50-a5a91f460bac: 1024
cc3b4b63-4a6f-5f28-ac7e-62f83c271449: 1076
cebd3520-4e77-5222-a614-d2888e6afc2b: 1109
d3cadb78-cb8c-5a6e-885c-392e457c68b1: 982
d5181c33-a43b-5dfe-8ad7-0337facb092a: 977
e59c45e0-0c0c-565f-84a9-6cf0ec5ef6c1: 844
e72505f1-21be-5d66-b620-cfcfa2d754bc: 973
e8ec8ec4-dc48-50ce-985a-a06d87861030: 975
eb95076c-c470-56a4-b788-ace310f061c6: 965
f2a69bdc-ed51-5e3f-b102-6b3f7d392be0: 960
f66bc75e-778b-5037-af86-b5275cd4c79f: 865

# samples per stage
0: 9349
1: 2953
2: 26829
3: 6330
4: 9161
[2023-11-11 16:17:27,648][INFO][base_pretraining_fe:55] - Loading model from ./models/exp007b-m25-simple_multi_class-2023-11-11_14-36-23-final.pth
[2023-11-11 16:17:27,930][INFO][data_loaders:39] - class distribution before data reduction:
# samples per subject
119f9726-eb4c-5a0e-a7bb-9e15256149a1: 932
1fa6c401-d819-50f5-8146-a0bb9e2b2516: 986
22bea84c-5d23-5e49-bc2d-9764f883955b: 1048
25a6b2b0-4d09-561b-82c6-f09bb271d3be: 1063
6a7503ac-ab3a-5d5b-b474-4b0fe37748dd: 1213
a4568951-bf87-5bbc-bc4f-28e93c360be6: 975
b3534fa3-7676-50dc-8412-07f0eff4f7a9: 757
fc10ee0b-b863-511b-bce8-4dfa7af8ac3a: 910

# samples per stage
0: 1488
1: 471
2: 3840
3: 919
4: 1166
[2023-11-11 16:17:27,948][INFO][data_loaders:43] - class distribution after data reduction:
# samples per subject
119f9726-eb4c-5a0e-a7bb-9e15256149a1: 932
1fa6c401-d819-50f5-8146-a0bb9e2b2516: 986
22bea84c-5d23-5e49-bc2d-9764f883955b: 1048
25a6b2b0-4d09-561b-82c6-f09bb271d3be: 1063
6a7503ac-ab3a-5d5b-b474-4b0fe37748dd: 1213
a4568951-bf87-5bbc-bc4f-28e93c360be6: 975
b3534fa3-7676-50dc-8412-07f0eff4f7a9: 757
fc10ee0b-b863-511b-bce8-4dfa7af8ac3a: 910

# samples per stage
0: 1488
1: 471
2: 3840
3: 919
4: 1166
[2023-11-11 16:17:27,968][INFO][clas_trainer:49] - metrics before training (epoch 0):
[2023-11-11 16:17:43,189][INFO][clas_evaluator:99] - dataset: earlystopping, avg f1-score: 0.1358
[2023-11-11 16:17:53,442][INFO][clas_trainer:133] - train epoch: 1 [5408/54622 (10%)], lr: ['1.00e-04', '1.00e-04'], loss: 1.091147
[2023-11-11 16:18:02,966][INFO][clas_trainer:133] - train epoch: 1 [10848/54622 (20%)], lr: ['1.00e-04', '1.00e-04'], loss: 1.199397
[2023-11-11 16:18:12,582][INFO][clas_trainer:133] - train epoch: 1 [16288/54622 (30%)], lr: ['1.00e-04', '1.00e-04'], loss: 0.954216
[2023-11-11 16:18:21,885][INFO][clas_trainer:133] - train epoch: 1 [21728/54622 (40%)], lr: ['1.00e-04', '1.00e-04'], loss: 0.639065
[2023-11-11 16:18:31,570][INFO][clas_trainer:133] - train epoch: 1 [27168/54622 (50%)], lr: ['1.00e-04', '1.00e-04'], loss: 0.900149
[2023-11-11 16:18:40,980][INFO][clas_trainer:133] - train epoch: 1 [32608/54622 (60%)], lr: ['1.00e-04', '1.00e-04'], loss: 0.638366
[2023-11-11 16:18:50,619][INFO][clas_trainer:133] - train epoch: 1 [38048/54622 (70%)], lr: ['1.00e-04', '1.00e-04'], loss: 1.081233
[2023-11-11 16:19:00,213][INFO][clas_trainer:133] - train epoch: 1 [43488/54622 (80%)], lr: ['1.00e-04', '1.00e-04'], loss: 0.832693
[2023-11-11 16:19:09,848][INFO][clas_trainer:133] - train epoch: 1 [48928/54622 (90%)], lr: ['1.00e-04', '1.00e-04'], loss: 0.415529
[2023-11-11 16:19:19,244][INFO][clas_trainer:133] - train epoch: 1 [54368/54622 (100%)], lr: ['1.00e-04', '1.00e-04'], loss: 0.254613
[2023-11-11 16:19:35,256][INFO][clas_trainer:63] - [epoch   1] execution time: 112.07s	metrics:
[2023-11-11 16:19:35,256][INFO][clas_evaluator:99] - dataset: earlystopping, avg f1-score: 0.6917
[2023-11-11 16:19:35,311][INFO][base_model:51] - snapshot saved to ./models/exp007b-m25-base_fe_clas-2023-11-11_14-36-23-final.pth
[2023-11-11 16:19:45,489][INFO][clas_trainer:133] - train epoch: 2 [5408/54622 (10%)], lr: ['1.00e-04', '1.00e-04'], loss: 0.612490
[2023-11-11 16:19:55,007][INFO][clas_trainer:133] - train epoch: 2 [10848/54622 (20%)], lr: ['1.00e-04', '1.00e-04'], loss: 0.363567
[2023-11-11 16:20:04,721][INFO][clas_trainer:133] - train epoch: 2 [16288/54622 (30%)], lr: ['1.00e-04', '1.00e-04'], loss: 0.668812
[2023-11-11 16:20:14,333][INFO][clas_trainer:133] - train epoch: 2 [21728/54622 (40%)], lr: ['1.00e-04', '1.00e-04'], loss: 0.598672
[2023-11-11 16:20:23,854][INFO][clas_trainer:133] - train epoch: 2 [27168/54622 (50%)], lr: ['1.00e-04', '1.00e-04'], loss: 0.379217
[2023-11-11 16:20:33,382][INFO][clas_trainer:133] - train epoch: 2 [32608/54622 (60%)], lr: ['1.00e-04', '1.00e-04'], loss: 0.457827
[2023-11-11 16:20:43,127][INFO][clas_trainer:133] - train epoch: 2 [38048/54622 (70%)], lr: ['1.00e-04', '1.00e-04'], loss: 0.512745
[2023-11-11 16:20:52,550][INFO][clas_trainer:133] - train epoch: 2 [43488/54622 (80%)], lr: ['1.00e-04', '1.00e-04'], loss: 1.067296
[2023-11-11 16:21:02,012][INFO][clas_trainer:133] - train epoch: 2 [48928/54622 (90%)], lr: ['1.00e-04', '1.00e-04'], loss: 0.371324
[2023-11-11 16:21:11,443][INFO][clas_trainer:133] - train epoch: 2 [54368/54622 (100%)], lr: ['1.00e-04', '1.00e-04'], loss: 0.471514
[2023-11-11 16:21:27,407][INFO][clas_trainer:63] - [epoch   2] execution time: 112.10s	metrics:
[2023-11-11 16:21:27,408][INFO][clas_evaluator:99] - dataset: earlystopping, avg f1-score: 0.7377
[2023-11-11 16:21:27,463][INFO][base_model:51] - snapshot saved to ./models/exp007b-m25-base_fe_clas-2023-11-11_14-36-23-final.pth
[2023-11-11 16:21:37,571][INFO][clas_trainer:133] - train epoch: 3 [5408/54622 (10%)], lr: ['1.00e-04', '1.00e-04'], loss: 0.932330
[2023-11-11 16:21:47,233][INFO][clas_trainer:133] - train epoch: 3 [10848/54622 (20%)], lr: ['1.00e-04', '1.00e-04'], loss: 0.556564
[2023-11-11 16:21:56,778][INFO][clas_trainer:133] - train epoch: 3 [16288/54622 (30%)], lr: ['1.00e-04', '1.00e-04'], loss: 0.520200
[2023-11-11 16:22:06,238][INFO][clas_trainer:133] - train epoch: 3 [21728/54622 (40%)], lr: ['1.00e-04', '1.00e-04'], loss: 0.512141
[2023-11-11 16:22:15,775][INFO][clas_trainer:133] - train epoch: 3 [27168/54622 (50%)], lr: ['1.00e-04', '1.00e-04'], loss: 0.368093
[2023-11-11 16:22:25,704][INFO][clas_trainer:133] - train epoch: 3 [32608/54622 (60%)], lr: ['1.00e-04', '1.00e-04'], loss: 0.664950
[2023-11-11 16:22:35,245][INFO][clas_trainer:133] - train epoch: 3 [38048/54622 (70%)], lr: ['1.00e-04', '1.00e-04'], loss: 0.534099
[2023-11-11 16:22:44,759][INFO][clas_trainer:133] - train epoch: 3 [43488/54622 (80%)], lr: ['1.00e-04', '1.00e-04'], loss: 0.507179
[2023-11-11 16:22:54,339][INFO][clas_trainer:133] - train epoch: 3 [48928/54622 (90%)], lr: ['1.00e-04', '1.00e-04'], loss: 0.155500
[2023-11-11 16:23:03,917][INFO][clas_trainer:133] - train epoch: 3 [54368/54622 (100%)], lr: ['1.00e-04', '1.00e-04'], loss: 0.288789
[2023-11-11 16:23:19,838][INFO][clas_trainer:63] - [epoch   3] execution time: 112.37s	metrics:
[2023-11-11 16:23:19,838][INFO][clas_evaluator:99] - dataset: earlystopping, avg f1-score: 0.7327
[2023-11-11 16:23:30,017][INFO][clas_trainer:133] - train epoch: 4 [5408/54622 (10%)], lr: ['1.00e-04', '1.00e-04'], loss: 0.489889
[2023-11-11 16:23:39,262][INFO][clas_trainer:133] - train epoch: 4 [10848/54622 (20%)], lr: ['1.00e-04', '1.00e-04'], loss: 0.333393
[2023-11-11 16:23:48,593][INFO][clas_trainer:133] - train epoch: 4 [16288/54622 (30%)], lr: ['1.00e-04', '1.00e-04'], loss: 0.454187
[2023-11-11 16:23:57,812][INFO][clas_trainer:133] - train epoch: 4 [21728/54622 (40%)], lr: ['1.00e-04', '1.00e-04'], loss: 0.351381
[2023-11-11 16:24:07,307][INFO][clas_trainer:133] - train epoch: 4 [27168/54622 (50%)], lr: ['1.00e-04', '1.00e-04'], loss: 0.435365
[2023-11-11 16:24:16,550][INFO][clas_trainer:133] - train epoch: 4 [32608/54622 (60%)], lr: ['1.00e-04', '1.00e-04'], loss: 0.642014
[2023-11-11 16:24:25,966][INFO][clas_trainer:133] - train epoch: 4 [38048/54622 (70%)], lr: ['1.00e-04', '1.00e-04'], loss: 0.299550
[2023-11-11 16:24:35,511][INFO][clas_trainer:133] - train epoch: 4 [43488/54622 (80%)], lr: ['1.00e-04', '1.00e-04'], loss: 0.128649
[2023-11-11 16:24:44,721][INFO][clas_trainer:133] - train epoch: 4 [48928/54622 (90%)], lr: ['1.00e-04', '1.00e-04'], loss: 0.519691
[2023-11-11 16:24:53,995][INFO][clas_trainer:133] - train epoch: 4 [54368/54622 (100%)], lr: ['1.00e-04', '1.00e-04'], loss: 0.545074
[2023-11-11 16:25:09,605][INFO][clas_trainer:63] - [epoch   4] execution time: 109.77s	metrics:
[2023-11-11 16:25:09,606][INFO][clas_evaluator:99] - dataset: earlystopping, avg f1-score: 0.7578
[2023-11-11 16:25:09,717][INFO][base_model:51] - snapshot saved to ./models/exp007b-m25-base_fe_clas-2023-11-11_14-36-23-final.pth
[2023-11-11 16:25:19,483][INFO][clas_trainer:133] - train epoch: 5 [5408/54622 (10%)], lr: ['1.00e-04', '1.00e-04'], loss: 0.413966
[2023-11-11 16:25:28,843][INFO][clas_trainer:133] - train epoch: 5 [10848/54622 (20%)], lr: ['1.00e-04', '1.00e-04'], loss: 0.519788
[2023-11-11 16:25:37,974][INFO][clas_trainer:133] - train epoch: 5 [16288/54622 (30%)], lr: ['1.00e-04', '1.00e-04'], loss: 0.366076
[2023-11-11 16:25:47,648][INFO][clas_trainer:133] - train epoch: 5 [21728/54622 (40%)], lr: ['1.00e-04', '1.00e-04'], loss: 0.318489
[2023-11-11 16:25:56,832][INFO][clas_trainer:133] - train epoch: 5 [27168/54622 (50%)], lr: ['1.00e-04', '1.00e-04'], loss: 0.241211
[2023-11-11 16:26:06,239][INFO][clas_trainer:133] - train epoch: 5 [32608/54622 (60%)], lr: ['1.00e-04', '1.00e-04'], loss: 0.128202
[2023-11-11 16:26:15,464][INFO][clas_trainer:133] - train epoch: 5 [38048/54622 (70%)], lr: ['1.00e-04', '1.00e-04'], loss: 0.381626
[2023-11-11 16:26:24,656][INFO][clas_trainer:133] - train epoch: 5 [43488/54622 (80%)], lr: ['1.00e-04', '1.00e-04'], loss: 0.421723
[2023-11-11 16:26:33,835][INFO][clas_trainer:133] - train epoch: 5 [48928/54622 (90%)], lr: ['1.00e-04', '1.00e-04'], loss: 0.508000
[2023-11-11 16:26:42,885][INFO][clas_trainer:133] - train epoch: 5 [54368/54622 (100%)], lr: ['1.00e-04', '1.00e-04'], loss: 0.853480
[2023-11-11 16:26:58,562][INFO][clas_trainer:63] - [epoch   5] execution time: 108.85s	metrics:
[2023-11-11 16:26:58,563][INFO][clas_evaluator:99] - dataset: earlystopping, avg f1-score: 0.7757
[2023-11-11 16:26:58,618][INFO][base_model:51] - snapshot saved to ./models/exp007b-m25-base_fe_clas-2023-11-11_14-36-23-final.pth
[2023-11-11 16:27:08,553][INFO][clas_trainer:133] - train epoch: 6 [5408/54622 (10%)], lr: ['1.00e-04', '1.00e-04'], loss: 0.105126
[2023-11-11 16:27:17,954][INFO][clas_trainer:133] - train epoch: 6 [10848/54622 (20%)], lr: ['1.00e-04', '1.00e-04'], loss: 0.427378
[2023-11-11 16:27:27,277][INFO][clas_trainer:133] - train epoch: 6 [16288/54622 (30%)], lr: ['1.00e-04', '1.00e-04'], loss: 0.171608
[2023-11-11 16:27:36,741][INFO][clas_trainer:133] - train epoch: 6 [21728/54622 (40%)], lr: ['1.00e-04', '1.00e-04'], loss: 0.333255
[2023-11-11 16:27:45,823][INFO][clas_trainer:133] - train epoch: 6 [27168/54622 (50%)], lr: ['1.00e-04', '1.00e-04'], loss: 0.104489
[2023-11-11 16:27:55,348][INFO][clas_trainer:133] - train epoch: 6 [32608/54622 (60%)], lr: ['1.00e-04', '1.00e-04'], loss: 0.465413
[2023-11-11 16:28:04,546][INFO][clas_trainer:133] - train epoch: 6 [38048/54622 (70%)], lr: ['1.00e-04', '1.00e-04'], loss: 0.310454
[2023-11-11 16:28:13,873][INFO][clas_trainer:133] - train epoch: 6 [43488/54622 (80%)], lr: ['1.00e-04', '1.00e-04'], loss: 0.267500
[2023-11-11 16:28:23,110][INFO][clas_trainer:133] - train epoch: 6 [48928/54622 (90%)], lr: ['1.00e-04', '1.00e-04'], loss: 0.418071
[2023-11-11 16:28:32,441][INFO][clas_trainer:133] - train epoch: 6 [54368/54622 (100%)], lr: ['1.00e-04', '1.00e-04'], loss: 0.432955
[2023-11-11 16:28:47,913][INFO][clas_trainer:63] - [epoch   6] execution time: 109.29s	metrics:
[2023-11-11 16:28:47,913][INFO][clas_evaluator:99] - dataset: earlystopping, avg f1-score: 0.7791
[2023-11-11 16:28:47,970][INFO][base_model:51] - snapshot saved to ./models/exp007b-m25-base_fe_clas-2023-11-11_14-36-23-final.pth
[2023-11-11 16:28:57,766][INFO][clas_trainer:133] - train epoch: 7 [5408/54622 (10%)], lr: ['1.00e-04', '1.00e-04'], loss: 0.156438
[2023-11-11 16:29:07,100][INFO][clas_trainer:133] - train epoch: 7 [10848/54622 (20%)], lr: ['1.00e-04', '1.00e-04'], loss: 0.447338
[2023-11-11 16:29:16,309][INFO][clas_trainer:133] - train epoch: 7 [16288/54622 (30%)], lr: ['1.00e-04', '1.00e-04'], loss: 0.222760
[2023-11-11 16:29:25,560][INFO][clas_trainer:133] - train epoch: 7 [21728/54622 (40%)], lr: ['1.00e-04', '1.00e-04'], loss: 0.323871
[2023-11-11 16:29:34,940][INFO][clas_trainer:133] - train epoch: 7 [27168/54622 (50%)], lr: ['1.00e-04', '1.00e-04'], loss: 0.326917
[2023-11-11 16:29:44,335][INFO][clas_trainer:133] - train epoch: 7 [32608/54622 (60%)], lr: ['1.00e-04', '1.00e-04'], loss: 0.228638
[2023-11-11 16:29:53,450][INFO][clas_trainer:133] - train epoch: 7 [38048/54622 (70%)], lr: ['1.00e-04', '1.00e-04'], loss: 0.362860
[2023-11-11 16:30:02,981][INFO][clas_trainer:133] - train epoch: 7 [43488/54622 (80%)], lr: ['1.00e-04', '1.00e-04'], loss: 0.349783
[2023-11-11 16:30:12,322][INFO][clas_trainer:133] - train epoch: 7 [48928/54622 (90%)], lr: ['1.00e-04', '1.00e-04'], loss: 0.245296
[2023-11-11 16:30:21,629][INFO][clas_trainer:133] - train epoch: 7 [54368/54622 (100%)], lr: ['1.00e-04', '1.00e-04'], loss: 0.078047
[2023-11-11 16:30:37,078][INFO][clas_trainer:63] - [epoch   7] execution time: 109.11s	metrics:
[2023-11-11 16:30:37,078][INFO][clas_evaluator:99] - dataset: earlystopping, avg f1-score: 0.7893
[2023-11-11 16:30:37,134][INFO][base_model:51] - snapshot saved to ./models/exp007b-m25-base_fe_clas-2023-11-11_14-36-23-final.pth
[2023-11-11 16:30:47,083][INFO][clas_trainer:133] - train epoch: 8 [5408/54622 (10%)], lr: ['1.00e-04', '1.00e-04'], loss: 0.186504
[2023-11-11 16:30:56,353][INFO][clas_trainer:133] - train epoch: 8 [10848/54622 (20%)], lr: ['1.00e-04', '1.00e-04'], loss: 0.346927
[2023-11-11 16:31:05,735][INFO][clas_trainer:133] - train epoch: 8 [16288/54622 (30%)], lr: ['1.00e-04', '1.00e-04'], loss: 0.288546
[2023-11-11 16:31:15,130][INFO][clas_trainer:133] - train epoch: 8 [21728/54622 (40%)], lr: ['1.00e-04', '1.00e-04'], loss: 0.210155
[2023-11-11 16:31:24,472][INFO][clas_trainer:133] - train epoch: 8 [27168/54622 (50%)], lr: ['1.00e-04', '1.00e-04'], loss: 0.246238
[2023-11-11 16:31:33,629][INFO][clas_trainer:133] - train epoch: 8 [32608/54622 (60%)], lr: ['1.00e-04', '1.00e-04'], loss: 0.180303
[2023-11-11 16:31:42,958][INFO][clas_trainer:133] - train epoch: 8 [38048/54622 (70%)], lr: ['1.00e-04', '1.00e-04'], loss: 0.374771
[2023-11-11 16:31:52,360][INFO][clas_trainer:133] - train epoch: 8 [43488/54622 (80%)], lr: ['1.00e-04', '1.00e-04'], loss: 0.396962
[2023-11-11 16:32:01,666][INFO][clas_trainer:133] - train epoch: 8 [48928/54622 (90%)], lr: ['1.00e-04', '1.00e-04'], loss: 0.295353
[2023-11-11 16:32:10,775][INFO][clas_trainer:133] - train epoch: 8 [54368/54622 (100%)], lr: ['1.00e-04', '1.00e-04'], loss: 0.366579
[2023-11-11 16:32:26,675][INFO][clas_trainer:63] - [epoch   8] execution time: 109.54s	metrics:
[2023-11-11 16:32:26,676][INFO][clas_evaluator:99] - dataset: earlystopping, avg f1-score: 0.7658
[2023-11-11 16:32:36,589][INFO][clas_trainer:133] - train epoch: 9 [5408/54622 (10%)], lr: ['1.00e-04', '1.00e-04'], loss: 0.299545
[2023-11-11 16:32:45,915][INFO][clas_trainer:133] - train epoch: 9 [10848/54622 (20%)], lr: ['1.00e-04', '1.00e-04'], loss: 0.382554
[2023-11-11 16:32:55,556][INFO][clas_trainer:133] - train epoch: 9 [16288/54622 (30%)], lr: ['1.00e-04', '1.00e-04'], loss: 0.335842
[2023-11-11 16:33:04,806][INFO][clas_trainer:133] - train epoch: 9 [21728/54622 (40%)], lr: ['1.00e-04', '1.00e-04'], loss: 0.582068
[2023-11-11 16:33:14,230][INFO][clas_trainer:133] - train epoch: 9 [27168/54622 (50%)], lr: ['1.00e-04', '1.00e-04'], loss: 0.148035
[2023-11-11 16:33:23,463][INFO][clas_trainer:133] - train epoch: 9 [32608/54622 (60%)], lr: ['1.00e-04', '1.00e-04'], loss: 0.141295
[2023-11-11 16:33:32,978][INFO][clas_trainer:133] - train epoch: 9 [38048/54622 (70%)], lr: ['1.00e-04', '1.00e-04'], loss: 0.398332
[2023-11-11 16:33:42,103][INFO][clas_trainer:133] - train epoch: 9 [43488/54622 (80%)], lr: ['1.00e-04', '1.00e-04'], loss: 0.382728
[2023-11-11 16:33:51,462][INFO][clas_trainer:133] - train epoch: 9 [48928/54622 (90%)], lr: ['1.00e-04', '1.00e-04'], loss: 0.330697
[2023-11-11 16:34:00,924][INFO][clas_trainer:133] - train epoch: 9 [54368/54622 (100%)], lr: ['1.00e-04', '1.00e-04'], loss: 0.365600
[2023-11-11 16:34:16,393][INFO][clas_trainer:63] - [epoch   9] execution time: 109.72s	metrics:
[2023-11-11 16:34:16,393][INFO][clas_evaluator:99] - dataset: earlystopping, avg f1-score: 0.7972
[2023-11-11 16:34:16,449][INFO][base_model:51] - snapshot saved to ./models/exp007b-m25-base_fe_clas-2023-11-11_14-36-23-final.pth
[2023-11-11 16:34:26,189][INFO][clas_trainer:133] - train epoch: 10 [5408/54622 (10%)], lr: ['1.00e-04', '1.00e-04'], loss: 0.406172
[2023-11-11 16:34:35,739][INFO][clas_trainer:133] - train epoch: 10 [10848/54622 (20%)], lr: ['1.00e-04', '1.00e-04'], loss: 0.280892
[2023-11-11 16:34:44,860][INFO][clas_trainer:133] - train epoch: 10 [16288/54622 (30%)], lr: ['1.00e-04', '1.00e-04'], loss: 0.138424
[2023-11-11 16:34:54,151][INFO][clas_trainer:133] - train epoch: 10 [21728/54622 (40%)], lr: ['1.00e-04', '1.00e-04'], loss: 0.152861
[2023-11-11 16:35:03,599][INFO][clas_trainer:133] - train epoch: 10 [27168/54622 (50%)], lr: ['1.00e-04', '1.00e-04'], loss: 0.430567
[2023-11-11 16:35:12,976][INFO][clas_trainer:133] - train epoch: 10 [32608/54622 (60%)], lr: ['1.00e-04', '1.00e-04'], loss: 0.475172
[2023-11-11 16:35:22,357][INFO][clas_trainer:133] - train epoch: 10 [38048/54622 (70%)], lr: ['1.00e-04', '1.00e-04'], loss: 0.122369
[2023-11-11 16:35:31,523][INFO][clas_trainer:133] - train epoch: 10 [43488/54622 (80%)], lr: ['1.00e-04', '1.00e-04'], loss: 0.221954
[2023-11-11 16:35:40,986][INFO][clas_trainer:133] - train epoch: 10 [48928/54622 (90%)], lr: ['1.00e-04', '1.00e-04'], loss: 0.252795
[2023-11-11 16:35:50,067][INFO][clas_trainer:133] - train epoch: 10 [54368/54622 (100%)], lr: ['1.00e-04', '1.00e-04'], loss: 0.345440
[2023-11-11 16:36:05,674][INFO][clas_trainer:63] - [epoch  10] execution time: 109.23s	metrics:
[2023-11-11 16:36:05,675][INFO][clas_evaluator:99] - dataset: earlystopping, avg f1-score: 0.7893
[2023-11-11 16:36:15,678][INFO][clas_trainer:133] - train epoch: 11 [5408/54622 (10%)], lr: ['1.00e-04', '1.00e-04'], loss: 0.362239
[2023-11-11 16:36:24,864][INFO][clas_trainer:133] - train epoch: 11 [10848/54622 (20%)], lr: ['1.00e-04', '1.00e-04'], loss: 0.517323
[2023-11-11 16:36:34,212][INFO][clas_trainer:133] - train epoch: 11 [16288/54622 (30%)], lr: ['1.00e-04', '1.00e-04'], loss: 0.179504
[2023-11-11 16:36:43,374][INFO][clas_trainer:133] - train epoch: 11 [21728/54622 (40%)], lr: ['1.00e-04', '1.00e-04'], loss: 0.230736
[2023-11-11 16:36:52,894][INFO][clas_trainer:133] - train epoch: 11 [27168/54622 (50%)], lr: ['1.00e-04', '1.00e-04'], loss: 0.214272
[2023-11-11 16:37:01,919][INFO][clas_trainer:133] - train epoch: 11 [32608/54622 (60%)], lr: ['1.00e-04', '1.00e-04'], loss: 0.222308
[2023-11-11 16:37:11,174][INFO][clas_trainer:133] - train epoch: 11 [38048/54622 (70%)], lr: ['1.00e-04', '1.00e-04'], loss: 0.357203
[2023-11-11 16:37:20,430][INFO][clas_trainer:133] - train epoch: 11 [43488/54622 (80%)], lr: ['1.00e-04', '1.00e-04'], loss: 0.390983
[2023-11-11 16:37:29,550][INFO][clas_trainer:133] - train epoch: 11 [48928/54622 (90%)], lr: ['1.00e-04', '1.00e-04'], loss: 0.196512
[2023-11-11 16:37:38,860][INFO][clas_trainer:133] - train epoch: 11 [54368/54622 (100%)], lr: ['1.00e-04', '1.00e-04'], loss: 0.081339
[2023-11-11 16:37:54,574][INFO][clas_trainer:63] - [epoch  11] execution time: 108.90s	metrics:
[2023-11-11 16:37:54,575][INFO][clas_evaluator:99] - dataset: earlystopping, avg f1-score: 0.7927
[2023-11-11 16:38:04,494][INFO][clas_trainer:133] - train epoch: 12 [5408/54622 (10%)], lr: ['1.00e-04', '1.00e-04'], loss: 0.076693
[2023-11-11 16:38:13,674][INFO][clas_trainer:133] - train epoch: 12 [10848/54622 (20%)], lr: ['1.00e-04', '1.00e-04'], loss: 0.134629
[2023-11-11 16:38:22,853][INFO][clas_trainer:133] - train epoch: 12 [16288/54622 (30%)], lr: ['1.00e-04', '1.00e-04'], loss: 0.240093
[2023-11-11 16:38:32,166][INFO][clas_trainer:133] - train epoch: 12 [21728/54622 (40%)], lr: ['1.00e-04', '1.00e-04'], loss: 0.283661
[2023-11-11 16:38:41,440][INFO][clas_trainer:133] - train epoch: 12 [27168/54622 (50%)], lr: ['1.00e-04', '1.00e-04'], loss: 0.160910
[2023-11-11 16:38:50,472][INFO][clas_trainer:133] - train epoch: 12 [32608/54622 (60%)], lr: ['1.00e-04', '1.00e-04'], loss: 0.164999
[2023-11-11 16:38:59,691][INFO][clas_trainer:133] - train epoch: 12 [38048/54622 (70%)], lr: ['1.00e-04', '1.00e-04'], loss: 0.318800
[2023-11-11 16:39:09,169][INFO][clas_trainer:133] - train epoch: 12 [43488/54622 (80%)], lr: ['1.00e-04', '1.00e-04'], loss: 0.163223
[2023-11-11 16:39:18,333][INFO][clas_trainer:133] - train epoch: 12 [48928/54622 (90%)], lr: ['1.00e-04', '1.00e-04'], loss: 0.128237
[2023-11-11 16:39:27,572][INFO][clas_trainer:133] - train epoch: 12 [54368/54622 (100%)], lr: ['1.00e-04', '1.00e-04'], loss: 0.216134
[2023-11-11 16:39:43,304][INFO][clas_trainer:63] - [epoch  12] execution time: 108.73s	metrics:
[2023-11-11 16:39:43,304][INFO][clas_evaluator:99] - dataset: earlystopping, avg f1-score: 0.7769
[2023-11-11 16:39:53,001][INFO][clas_trainer:133] - train epoch: 13 [5408/54622 (10%)], lr: ['1.00e-04', '1.00e-04'], loss: 0.209067
[2023-11-11 16:40:02,194][INFO][clas_trainer:133] - train epoch: 13 [10848/54622 (20%)], lr: ['1.00e-04', '1.00e-04'], loss: 0.314923
[2023-11-11 16:40:11,430][INFO][clas_trainer:133] - train epoch: 13 [16288/54622 (30%)], lr: ['1.00e-04', '1.00e-04'], loss: 0.348167
[2023-11-11 16:40:20,683][INFO][clas_trainer:133] - train epoch: 13 [21728/54622 (40%)], lr: ['1.00e-04', '1.00e-04'], loss: 0.513568
[2023-11-11 16:40:30,026][INFO][clas_trainer:133] - train epoch: 13 [27168/54622 (50%)], lr: ['1.00e-04', '1.00e-04'], loss: 0.205601
[2023-11-11 16:40:39,420][INFO][clas_trainer:133] - train epoch: 13 [32608/54622 (60%)], lr: ['1.00e-04', '1.00e-04'], loss: 0.326244
[2023-11-11 16:40:48,838][INFO][clas_trainer:133] - train epoch: 13 [38048/54622 (70%)], lr: ['1.00e-04', '1.00e-04'], loss: 0.165677
[2023-11-11 16:40:58,085][INFO][clas_trainer:133] - train epoch: 13 [43488/54622 (80%)], lr: ['1.00e-04', '1.00e-04'], loss: 0.136852
[2023-11-11 16:41:07,355][INFO][clas_trainer:133] - train epoch: 13 [48928/54622 (90%)], lr: ['1.00e-04', '1.00e-04'], loss: 0.268908
[2023-11-11 16:41:16,752][INFO][clas_trainer:133] - train epoch: 13 [54368/54622 (100%)], lr: ['1.00e-04', '1.00e-04'], loss: 0.229489
[2023-11-11 16:41:32,256][INFO][clas_trainer:63] - [epoch  13] execution time: 108.95s	metrics:
[2023-11-11 16:41:32,256][INFO][clas_evaluator:99] - dataset: earlystopping, avg f1-score: 0.7901
[2023-11-11 16:41:42,017][INFO][clas_trainer:133] - train epoch: 14 [5408/54622 (10%)], lr: ['1.00e-04', '1.00e-04'], loss: 0.247036
[2023-11-11 16:41:51,208][INFO][clas_trainer:133] - train epoch: 14 [10848/54622 (20%)], lr: ['1.00e-04', '1.00e-04'], loss: 0.503787
[2023-11-11 16:42:00,328][INFO][clas_trainer:133] - train epoch: 14 [16288/54622 (30%)], lr: ['1.00e-04', '1.00e-04'], loss: 0.406399
[2023-11-11 16:42:09,262][INFO][clas_trainer:133] - train epoch: 14 [21728/54622 (40%)], lr: ['1.00e-04', '1.00e-04'], loss: 0.103623
[2023-11-11 16:42:18,540][INFO][clas_trainer:133] - train epoch: 14 [27168/54622 (50%)], lr: ['1.00e-04', '1.00e-04'], loss: 0.258858
[2023-11-11 16:42:27,645][INFO][clas_trainer:133] - train epoch: 14 [32608/54622 (60%)], lr: ['1.00e-04', '1.00e-04'], loss: 0.356315
[2023-11-11 16:42:36,741][INFO][clas_trainer:133] - train epoch: 14 [38048/54622 (70%)], lr: ['1.00e-04', '1.00e-04'], loss: 0.198180
[2023-11-11 16:42:45,962][INFO][clas_trainer:133] - train epoch: 14 [43488/54622 (80%)], lr: ['1.00e-04', '1.00e-04'], loss: 0.298131
[2023-11-11 16:42:55,265][INFO][clas_trainer:133] - train epoch: 14 [48928/54622 (90%)], lr: ['1.00e-04', '1.00e-04'], loss: 0.232050
[2023-11-11 16:43:04,455][INFO][clas_trainer:133] - train epoch: 14 [54368/54622 (100%)], lr: ['1.00e-04', '1.00e-04'], loss: 0.523898
[2023-11-11 16:43:19,931][INFO][clas_trainer:63] - [epoch  14] execution time: 107.68s	metrics:
[2023-11-11 16:43:19,932][INFO][clas_evaluator:99] - dataset: earlystopping, avg f1-score: 0.7963
[2023-11-11 16:43:29,883][INFO][clas_trainer:133] - train epoch: 15 [5408/54622 (10%)], lr: ['1.00e-04', '1.00e-04'], loss: 0.140280
[2023-11-11 16:43:39,121][INFO][clas_trainer:133] - train epoch: 15 [10848/54622 (20%)], lr: ['1.00e-04', '1.00e-04'], loss: 0.244077
[2023-11-11 16:43:48,320][INFO][clas_trainer:133] - train epoch: 15 [16288/54622 (30%)], lr: ['1.00e-04', '1.00e-04'], loss: 0.304604
[2023-11-11 16:43:57,570][INFO][clas_trainer:133] - train epoch: 15 [21728/54622 (40%)], lr: ['1.00e-04', '1.00e-04'], loss: 0.226142
[2023-11-11 16:44:06,915][INFO][clas_trainer:133] - train epoch: 15 [27168/54622 (50%)], lr: ['1.00e-04', '1.00e-04'], loss: 0.309330
[2023-11-11 16:44:16,149][INFO][clas_trainer:133] - train epoch: 15 [32608/54622 (60%)], lr: ['1.00e-04', '1.00e-04'], loss: 0.171543
[2023-11-11 16:44:25,225][INFO][clas_trainer:133] - train epoch: 15 [38048/54622 (70%)], lr: ['1.00e-04', '1.00e-04'], loss: 0.149425
[2023-11-11 16:44:34,598][INFO][clas_trainer:133] - train epoch: 15 [43488/54622 (80%)], lr: ['1.00e-04', '1.00e-04'], loss: 0.287678
[2023-11-11 16:44:43,593][INFO][clas_trainer:133] - train epoch: 15 [48928/54622 (90%)], lr: ['1.00e-04', '1.00e-04'], loss: 0.109743
[2023-11-11 16:44:52,752][INFO][clas_trainer:133] - train epoch: 15 [54368/54622 (100%)], lr: ['1.00e-04', '1.00e-04'], loss: 0.101359
[2023-11-11 16:45:08,447][INFO][clas_trainer:63] - [epoch  15] execution time: 108.52s	metrics:
[2023-11-11 16:45:08,447][INFO][clas_evaluator:99] - dataset: earlystopping, avg f1-score: 0.8028
[2023-11-11 16:45:08,504][INFO][base_model:51] - snapshot saved to ./models/exp007b-m25-base_fe_clas-2023-11-11_14-36-23-final.pth
[2023-11-11 16:45:18,207][INFO][clas_trainer:133] - train epoch: 16 [5408/54622 (10%)], lr: ['1.00e-04', '1.00e-04'], loss: 0.332344
[2023-11-11 16:45:27,262][INFO][clas_trainer:133] - train epoch: 16 [10848/54622 (20%)], lr: ['1.00e-04', '1.00e-04'], loss: 0.281608
[2023-11-11 16:45:36,327][INFO][clas_trainer:133] - train epoch: 16 [16288/54622 (30%)], lr: ['1.00e-04', '1.00e-04'], loss: 0.109405
[2023-11-11 16:45:45,426][INFO][clas_trainer:133] - train epoch: 16 [21728/54622 (40%)], lr: ['1.00e-04', '1.00e-04'], loss: 0.102167
[2023-11-11 16:45:54,424][INFO][clas_trainer:133] - train epoch: 16 [27168/54622 (50%)], lr: ['1.00e-04', '1.00e-04'], loss: 0.177806
[2023-11-11 16:46:03,457][INFO][clas_trainer:133] - train epoch: 16 [32608/54622 (60%)], lr: ['1.00e-04', '1.00e-04'], loss: 0.606210
[2023-11-11 16:46:12,868][INFO][clas_trainer:133] - train epoch: 16 [38048/54622 (70%)], lr: ['1.00e-04', '1.00e-04'], loss: 0.387856
[2023-11-11 16:46:21,812][INFO][clas_trainer:133] - train epoch: 16 [43488/54622 (80%)], lr: ['1.00e-04', '1.00e-04'], loss: 0.447984
[2023-11-11 16:46:30,950][INFO][clas_trainer:133] - train epoch: 16 [48928/54622 (90%)], lr: ['1.00e-04', '1.00e-04'], loss: 0.282334
[2023-11-11 16:46:39,855][INFO][clas_trainer:133] - train epoch: 16 [54368/54622 (100%)], lr: ['1.00e-04', '1.00e-04'], loss: 0.285079
[2023-11-11 16:46:55,606][INFO][clas_trainer:63] - [epoch  16] execution time: 107.10s	metrics:
[2023-11-11 16:46:55,606][INFO][clas_evaluator:99] - dataset: earlystopping, avg f1-score: 0.8010
[2023-11-11 16:47:05,229][INFO][clas_trainer:133] - train epoch: 17 [5408/54622 (10%)], lr: ['1.00e-04', '1.00e-04'], loss: 0.407922
[2023-11-11 16:47:14,322][INFO][clas_trainer:133] - train epoch: 17 [10848/54622 (20%)], lr: ['1.00e-04', '1.00e-04'], loss: 0.193050
[2023-11-11 16:47:23,630][INFO][clas_trainer:133] - train epoch: 17 [16288/54622 (30%)], lr: ['1.00e-04', '1.00e-04'], loss: 0.286237
[2023-11-11 16:47:32,642][INFO][clas_trainer:133] - train epoch: 17 [21728/54622 (40%)], lr: ['1.00e-04', '1.00e-04'], loss: 0.212506
[2023-11-11 16:47:41,686][INFO][clas_trainer:133] - train epoch: 17 [27168/54622 (50%)], lr: ['1.00e-04', '1.00e-04'], loss: 0.259535
[2023-11-11 16:47:50,930][INFO][clas_trainer:133] - train epoch: 17 [32608/54622 (60%)], lr: ['1.00e-04', '1.00e-04'], loss: 0.233285
[2023-11-11 16:48:00,088][INFO][clas_trainer:133] - train epoch: 17 [38048/54622 (70%)], lr: ['1.00e-04', '1.00e-04'], loss: 0.316214
[2023-11-11 16:48:09,152][INFO][clas_trainer:133] - train epoch: 17 [43488/54622 (80%)], lr: ['1.00e-04', '1.00e-04'], loss: 0.360640
[2023-11-11 16:48:18,416][INFO][clas_trainer:133] - train epoch: 17 [48928/54622 (90%)], lr: ['1.00e-04', '1.00e-04'], loss: 0.378181
[2023-11-11 16:48:27,850][INFO][clas_trainer:133] - train epoch: 17 [54368/54622 (100%)], lr: ['1.00e-04', '1.00e-04'], loss: 0.141314
[2023-11-11 16:48:43,267][INFO][clas_trainer:63] - [epoch  17] execution time: 107.66s	metrics:
[2023-11-11 16:48:43,267][INFO][clas_evaluator:99] - dataset: earlystopping, avg f1-score: 0.7885
[2023-11-11 16:48:52,964][INFO][clas_trainer:133] - train epoch: 18 [5408/54622 (10%)], lr: ['1.00e-04', '1.00e-04'], loss: 0.173542
[2023-11-11 16:49:02,281][INFO][clas_trainer:133] - train epoch: 18 [10848/54622 (20%)], lr: ['1.00e-04', '1.00e-04'], loss: 0.236569
[2023-11-11 16:49:11,401][INFO][clas_trainer:133] - train epoch: 18 [16288/54622 (30%)], lr: ['1.00e-04', '1.00e-04'], loss: 0.242164
[2023-11-11 16:49:20,345][INFO][clas_trainer:133] - train epoch: 18 [21728/54622 (40%)], lr: ['1.00e-04', '1.00e-04'], loss: 0.240804
[2023-11-11 16:49:29,418][INFO][clas_trainer:133] - train epoch: 18 [27168/54622 (50%)], lr: ['1.00e-04', '1.00e-04'], loss: 0.258965
[2023-11-11 16:49:38,564][INFO][clas_trainer:133] - train epoch: 18 [32608/54622 (60%)], lr: ['1.00e-04', '1.00e-04'], loss: 0.131234
[2023-11-11 16:49:47,631][INFO][clas_trainer:133] - train epoch: 18 [38048/54622 (70%)], lr: ['1.00e-04', '1.00e-04'], loss: 0.109503
[2023-11-11 16:49:56,682][INFO][clas_trainer:133] - train epoch: 18 [43488/54622 (80%)], lr: ['1.00e-04', '1.00e-04'], loss: 0.372523
[2023-11-11 16:50:05,768][INFO][clas_trainer:133] - train epoch: 18 [48928/54622 (90%)], lr: ['1.00e-04', '1.00e-04'], loss: 0.271719
[2023-11-11 16:50:14,896][INFO][clas_trainer:133] - train epoch: 18 [54368/54622 (100%)], lr: ['1.00e-04', '1.00e-04'], loss: 0.209588
[2023-11-11 16:50:30,095][INFO][clas_trainer:63] - [epoch  18] execution time: 106.83s	metrics:
[2023-11-11 16:50:30,096][INFO][clas_evaluator:99] - dataset: earlystopping, avg f1-score: 0.8105
[2023-11-11 16:50:30,151][INFO][base_model:51] - snapshot saved to ./models/exp007b-m25-base_fe_clas-2023-11-11_14-36-23-final.pth
[2023-11-11 16:50:39,847][INFO][clas_trainer:133] - train epoch: 19 [5408/54622 (10%)], lr: ['1.00e-04', '1.00e-04'], loss: 0.249106
[2023-11-11 16:50:48,798][INFO][clas_trainer:133] - train epoch: 19 [10848/54622 (20%)], lr: ['1.00e-04', '1.00e-04'], loss: 0.157430
[2023-11-11 16:50:57,867][INFO][clas_trainer:133] - train epoch: 19 [16288/54622 (30%)], lr: ['1.00e-04', '1.00e-04'], loss: 0.392566
[2023-11-11 16:51:06,799][INFO][clas_trainer:133] - train epoch: 19 [21728/54622 (40%)], lr: ['1.00e-04', '1.00e-04'], loss: 0.269247
[2023-11-11 16:51:16,058][INFO][clas_trainer:133] - train epoch: 19 [27168/54622 (50%)], lr: ['1.00e-04', '1.00e-04'], loss: 0.444271
[2023-11-11 16:51:25,040][INFO][clas_trainer:133] - train epoch: 19 [32608/54622 (60%)], lr: ['1.00e-04', '1.00e-04'], loss: 0.189980
[2023-11-11 16:51:34,076][INFO][clas_trainer:133] - train epoch: 19 [38048/54622 (70%)], lr: ['1.00e-04', '1.00e-04'], loss: 0.092823
[2023-11-11 16:51:42,907][INFO][clas_trainer:133] - train epoch: 19 [43488/54622 (80%)], lr: ['1.00e-04', '1.00e-04'], loss: 0.587059
[2023-11-11 16:51:52,082][INFO][clas_trainer:133] - train epoch: 19 [48928/54622 (90%)], lr: ['1.00e-04', '1.00e-04'], loss: 0.217539
[2023-11-11 16:52:01,053][INFO][clas_trainer:133] - train epoch: 19 [54368/54622 (100%)], lr: ['1.00e-04', '1.00e-04'], loss: 0.180458
[2023-11-11 16:52:16,183][INFO][clas_trainer:63] - [epoch  19] execution time: 106.03s	metrics:
[2023-11-11 16:52:16,183][INFO][clas_evaluator:99] - dataset: earlystopping, avg f1-score: 0.8042
[2023-11-11 16:52:25,935][INFO][clas_trainer:133] - train epoch: 20 [5408/54622 (10%)], lr: ['1.00e-04', '1.00e-04'], loss: 0.131358
[2023-11-11 16:52:34,878][INFO][clas_trainer:133] - train epoch: 20 [10848/54622 (20%)], lr: ['1.00e-04', '1.00e-04'], loss: 0.103044
[2023-11-11 16:52:43,976][INFO][clas_trainer:133] - train epoch: 20 [16288/54622 (30%)], lr: ['1.00e-04', '1.00e-04'], loss: 0.322959
[2023-11-11 16:52:52,922][INFO][clas_trainer:133] - train epoch: 20 [21728/54622 (40%)], lr: ['1.00e-04', '1.00e-04'], loss: 0.329836
[2023-11-11 16:53:02,150][INFO][clas_trainer:133] - train epoch: 20 [27168/54622 (50%)], lr: ['1.00e-04', '1.00e-04'], loss: 0.141035
[2023-11-11 16:53:11,051][INFO][clas_trainer:133] - train epoch: 20 [32608/54622 (60%)], lr: ['1.00e-04', '1.00e-04'], loss: 0.159557
[2023-11-11 16:53:20,115][INFO][clas_trainer:133] - train epoch: 20 [38048/54622 (70%)], lr: ['1.00e-04', '1.00e-04'], loss: 0.227990
[2023-11-11 16:53:29,189][INFO][clas_trainer:133] - train epoch: 20 [43488/54622 (80%)], lr: ['1.00e-04', '1.00e-04'], loss: 0.255550
[2023-11-11 16:53:38,224][INFO][clas_trainer:133] - train epoch: 20 [48928/54622 (90%)], lr: ['1.00e-04', '1.00e-04'], loss: 0.206477
[2023-11-11 16:53:47,091][INFO][clas_trainer:133] - train epoch: 20 [54368/54622 (100%)], lr: ['1.00e-04', '1.00e-04'], loss: 0.073474
[2023-11-11 16:54:02,530][INFO][clas_trainer:63] - [epoch  20] execution time: 106.35s	metrics:
[2023-11-11 16:54:02,531][INFO][clas_evaluator:99] - dataset: earlystopping, avg f1-score: 0.7916
[2023-11-11 16:54:12,041][INFO][clas_trainer:133] - train epoch: 21 [5408/54622 (10%)], lr: ['1.00e-04', '1.00e-04'], loss: 0.204848
[2023-11-11 16:54:20,951][INFO][clas_trainer:133] - train epoch: 21 [10848/54622 (20%)], lr: ['1.00e-04', '1.00e-04'], loss: 0.324662
[2023-11-11 16:54:30,026][INFO][clas_trainer:133] - train epoch: 21 [16288/54622 (30%)], lr: ['1.00e-04', '1.00e-04'], loss: 0.178545
[2023-11-11 16:54:39,020][INFO][clas_trainer:133] - train epoch: 21 [21728/54622 (40%)], lr: ['1.00e-04', '1.00e-04'], loss: 0.217675
[2023-11-11 16:54:48,039][INFO][clas_trainer:133] - train epoch: 21 [27168/54622 (50%)], lr: ['1.00e-04', '1.00e-04'], loss: 0.338042
[2023-11-11 16:54:56,916][INFO][clas_trainer:133] - train epoch: 21 [32608/54622 (60%)], lr: ['1.00e-04', '1.00e-04'], loss: 0.106279
[2023-11-11 16:55:06,080][INFO][clas_trainer:133] - train epoch: 21 [38048/54622 (70%)], lr: ['1.00e-04', '1.00e-04'], loss: 0.292454
[2023-11-11 16:55:14,981][INFO][clas_trainer:133] - train epoch: 21 [43488/54622 (80%)], lr: ['1.00e-04', '1.00e-04'], loss: 0.127894
[2023-11-11 16:55:23,895][INFO][clas_trainer:133] - train epoch: 21 [48928/54622 (90%)], lr: ['1.00e-04', '1.00e-04'], loss: 0.138024
[2023-11-11 16:55:32,848][INFO][clas_trainer:133] - train epoch: 21 [54368/54622 (100%)], lr: ['1.00e-04', '1.00e-04'], loss: 0.289492
[2023-11-11 16:55:48,196][INFO][clas_trainer:63] - [epoch  21] execution time: 105.66s	metrics:
[2023-11-11 16:55:48,196][INFO][clas_evaluator:99] - dataset: earlystopping, avg f1-score: 0.7867
[2023-11-11 16:55:57,831][INFO][clas_trainer:133] - train epoch: 22 [5408/54622 (10%)], lr: ['1.00e-04', '1.00e-04'], loss: 0.237562
[2023-11-11 16:56:06,739][INFO][clas_trainer:133] - train epoch: 22 [10848/54622 (20%)], lr: ['1.00e-04', '1.00e-04'], loss: 0.138829
[2023-11-11 16:56:15,983][INFO][clas_trainer:133] - train epoch: 22 [16288/54622 (30%)], lr: ['1.00e-04', '1.00e-04'], loss: 0.205567
[2023-11-11 16:56:24,891][INFO][clas_trainer:133] - train epoch: 22 [21728/54622 (40%)], lr: ['1.00e-04', '1.00e-04'], loss: 0.031266
[2023-11-11 16:56:33,960][INFO][clas_trainer:133] - train epoch: 22 [27168/54622 (50%)], lr: ['1.00e-04', '1.00e-04'], loss: 0.092945
[2023-11-11 16:56:42,772][INFO][clas_trainer:133] - train epoch: 22 [32608/54622 (60%)], lr: ['1.00e-04', '1.00e-04'], loss: 0.396973
[2023-11-11 16:56:51,931][INFO][clas_trainer:133] - train epoch: 22 [38048/54622 (70%)], lr: ['1.00e-04', '1.00e-04'], loss: 0.157187
[2023-11-11 16:57:00,773][INFO][clas_trainer:133] - train epoch: 22 [43488/54622 (80%)], lr: ['1.00e-04', '1.00e-04'], loss: 0.164101
[2023-11-11 16:57:09,729][INFO][clas_trainer:133] - train epoch: 22 [48928/54622 (90%)], lr: ['1.00e-04', '1.00e-04'], loss: 0.246522
[2023-11-11 16:57:18,798][INFO][clas_trainer:133] - train epoch: 22 [54368/54622 (100%)], lr: ['1.00e-04', '1.00e-04'], loss: 0.454328
[2023-11-11 16:57:33,869][INFO][clas_trainer:63] - [epoch  22] execution time: 105.67s	metrics:
[2023-11-11 16:57:33,869][INFO][clas_evaluator:99] - dataset: earlystopping, avg f1-score: 0.7862
[2023-11-11 16:57:43,417][INFO][clas_trainer:133] - train epoch: 23 [5408/54622 (10%)], lr: ['1.00e-04', '1.00e-04'], loss: 0.348414
[2023-11-11 16:57:52,515][INFO][clas_trainer:133] - train epoch: 23 [10848/54622 (20%)], lr: ['1.00e-04', '1.00e-04'], loss: 0.115475
[2023-11-11 16:58:01,546][INFO][clas_trainer:133] - train epoch: 23 [16288/54622 (30%)], lr: ['1.00e-04', '1.00e-04'], loss: 0.330102
[2023-11-11 16:58:10,376][INFO][clas_trainer:133] - train epoch: 23 [21728/54622 (40%)], lr: ['1.00e-04', '1.00e-04'], loss: 0.261351
[2023-11-11 16:58:19,337][INFO][clas_trainer:133] - train epoch: 23 [27168/54622 (50%)], lr: ['1.00e-04', '1.00e-04'], loss: 0.211306
[2023-11-11 16:58:28,474][INFO][clas_trainer:133] - train epoch: 23 [32608/54622 (60%)], lr: ['1.00e-04', '1.00e-04'], loss: 0.205972
[2023-11-11 16:58:37,307][INFO][clas_trainer:133] - train epoch: 23 [38048/54622 (70%)], lr: ['1.00e-04', '1.00e-04'], loss: 0.299857
[2023-11-11 16:58:46,302][INFO][clas_trainer:133] - train epoch: 23 [43488/54622 (80%)], lr: ['1.00e-04', '1.00e-04'], loss: 0.115992
[2023-11-11 16:58:55,178][INFO][clas_trainer:133] - train epoch: 23 [48928/54622 (90%)], lr: ['1.00e-04', '1.00e-04'], loss: 0.367126
[2023-11-11 16:59:04,318][INFO][clas_trainer:133] - train epoch: 23 [54368/54622 (100%)], lr: ['1.00e-04', '1.00e-04'], loss: 0.299583
[2023-11-11 16:59:19,437][INFO][clas_trainer:63] - [epoch  23] execution time: 105.57s	metrics:
[2023-11-11 16:59:19,437][INFO][clas_evaluator:99] - dataset: earlystopping, avg f1-score: 0.7896
[2023-11-11 16:59:28,995][INFO][clas_trainer:133] - train epoch: 24 [5408/54622 (10%)], lr: ['1.00e-04', '1.00e-04'], loss: 0.120949
[2023-11-11 16:59:38,102][INFO][clas_trainer:133] - train epoch: 24 [10848/54622 (20%)], lr: ['1.00e-04', '1.00e-04'], loss: 0.161200
[2023-11-11 16:59:47,087][INFO][clas_trainer:133] - train epoch: 24 [16288/54622 (30%)], lr: ['1.00e-04', '1.00e-04'], loss: 0.169769
[2023-11-11 16:59:55,937][INFO][clas_trainer:133] - train epoch: 24 [21728/54622 (40%)], lr: ['1.00e-04', '1.00e-04'], loss: 0.090919
[2023-11-11 17:00:04,926][INFO][clas_trainer:133] - train epoch: 24 [27168/54622 (50%)], lr: ['1.00e-04', '1.00e-04'], loss: 0.122822
[2023-11-11 17:00:14,007][INFO][clas_trainer:133] - train epoch: 24 [32608/54622 (60%)], lr: ['1.00e-04', '1.00e-04'], loss: 0.128222
[2023-11-11 17:00:22,862][INFO][clas_trainer:133] - train epoch: 24 [38048/54622 (70%)], lr: ['1.00e-04', '1.00e-04'], loss: 0.279042
[2023-11-11 17:00:31,810][INFO][clas_trainer:133] - train epoch: 24 [43488/54622 (80%)], lr: ['1.00e-04', '1.00e-04'], loss: 0.193374
[2023-11-11 17:00:40,847][INFO][clas_trainer:133] - train epoch: 24 [48928/54622 (90%)], lr: ['1.00e-04', '1.00e-04'], loss: 0.253511
[2023-11-11 17:00:49,781][INFO][clas_trainer:133] - train epoch: 24 [54368/54622 (100%)], lr: ['1.00e-04', '1.00e-04'], loss: 0.157470
[2023-11-11 17:01:04,905][INFO][clas_trainer:63] - [epoch  24] execution time: 105.47s	metrics:
[2023-11-11 17:01:04,905][INFO][clas_evaluator:99] - dataset: earlystopping, avg f1-score: 0.7662
[2023-11-11 17:01:14,558][INFO][clas_trainer:133] - train epoch: 25 [5408/54622 (10%)], lr: ['1.00e-04', '1.00e-04'], loss: 0.250930
[2023-11-11 17:01:23,446][INFO][clas_trainer:133] - train epoch: 25 [10848/54622 (20%)], lr: ['1.00e-04', '1.00e-04'], loss: 0.460883
[2023-11-11 17:01:32,485][INFO][clas_trainer:133] - train epoch: 25 [16288/54622 (30%)], lr: ['1.00e-04', '1.00e-04'], loss: 0.206643
[2023-11-11 17:01:41,379][INFO][clas_trainer:133] - train epoch: 25 [21728/54622 (40%)], lr: ['1.00e-04', '1.00e-04'], loss: 0.390911
[2023-11-11 17:01:50,564][INFO][clas_trainer:133] - train epoch: 25 [27168/54622 (50%)], lr: ['1.00e-04', '1.00e-04'], loss: 0.603050
[2023-11-11 17:01:59,367][INFO][clas_trainer:133] - train epoch: 25 [32608/54622 (60%)], lr: ['1.00e-04', '1.00e-04'], loss: 0.288922
[2023-11-11 17:02:08,350][INFO][clas_trainer:133] - train epoch: 25 [38048/54622 (70%)], lr: ['1.00e-04', '1.00e-04'], loss: 0.461913
[2023-11-11 17:02:17,157][INFO][clas_trainer:133] - train epoch: 25 [43488/54622 (80%)], lr: ['1.00e-04', '1.00e-04'], loss: 0.339044
[2023-11-11 17:02:26,276][INFO][clas_trainer:133] - train epoch: 25 [48928/54622 (90%)], lr: ['1.00e-04', '1.00e-04'], loss: 0.306673
[2023-11-11 17:02:35,130][INFO][clas_trainer:133] - train epoch: 25 [54368/54622 (100%)], lr: ['1.00e-04', '1.00e-04'], loss: 0.096116
[2023-11-11 17:02:50,269][INFO][clas_trainer:63] - [epoch  25] execution time: 105.36s	metrics:
[2023-11-11 17:02:50,269][INFO][clas_evaluator:99] - dataset: earlystopping, avg f1-score: 0.7808
[2023-11-11 17:02:59,920][INFO][clas_trainer:133] - train epoch: 26 [5408/54622 (10%)], lr: ['1.00e-04', '1.00e-04'], loss: 0.138941
[2023-11-11 17:03:09,015][INFO][clas_trainer:133] - train epoch: 26 [10848/54622 (20%)], lr: ['1.00e-04', '1.00e-04'], loss: 0.218795
[2023-11-11 17:03:17,834][INFO][clas_trainer:133] - train epoch: 26 [16288/54622 (30%)], lr: ['1.00e-04', '1.00e-04'], loss: 0.274779
[2023-11-11 17:03:27,024][INFO][clas_trainer:133] - train epoch: 26 [21728/54622 (40%)], lr: ['1.00e-04', '1.00e-04'], loss: 0.171190
[2023-11-11 17:03:35,856][INFO][clas_trainer:133] - train epoch: 26 [27168/54622 (50%)], lr: ['1.00e-04', '1.00e-04'], loss: 0.346384
[2023-11-11 17:03:44,843][INFO][clas_trainer:133] - train epoch: 26 [32608/54622 (60%)], lr: ['1.00e-04', '1.00e-04'], loss: 0.184780
[2023-11-11 17:03:53,689][INFO][clas_trainer:133] - train epoch: 26 [38048/54622 (70%)], lr: ['1.00e-04', '1.00e-04'], loss: 0.089511
[2023-11-11 17:04:02,895][INFO][clas_trainer:133] - train epoch: 26 [43488/54622 (80%)], lr: ['1.00e-04', '1.00e-04'], loss: 0.169342
[2023-11-11 17:04:11,733][INFO][clas_trainer:133] - train epoch: 26 [48928/54622 (90%)], lr: ['1.00e-04', '1.00e-04'], loss: 0.229291
[2023-11-11 17:04:20,750][INFO][clas_trainer:133] - train epoch: 26 [54368/54622 (100%)], lr: ['1.00e-04', '1.00e-04'], loss: 0.232890
[2023-11-11 17:04:36,045][INFO][clas_trainer:63] - [epoch  26] execution time: 105.78s	metrics:
[2023-11-11 17:04:36,045][INFO][clas_evaluator:99] - dataset: earlystopping, avg f1-score: 0.7863
[2023-11-11 17:04:45,518][INFO][clas_trainer:133] - train epoch: 27 [5408/54622 (10%)], lr: ['1.00e-04', '1.00e-04'], loss: 0.208764
[2023-11-11 17:04:54,736][INFO][clas_trainer:133] - train epoch: 27 [10848/54622 (20%)], lr: ['1.00e-04', '1.00e-04'], loss: 0.265750
[2023-11-11 17:05:03,597][INFO][clas_trainer:133] - train epoch: 27 [16288/54622 (30%)], lr: ['1.00e-04', '1.00e-04'], loss: 0.500052
[2023-11-11 17:05:12,755][INFO][clas_trainer:133] - train epoch: 27 [21728/54622 (40%)], lr: ['1.00e-04', '1.00e-04'], loss: 0.270820
[2023-11-11 17:05:21,710][INFO][clas_trainer:133] - train epoch: 27 [27168/54622 (50%)], lr: ['1.00e-04', '1.00e-04'], loss: 0.350137
[2023-11-11 17:05:30,601][INFO][clas_trainer:133] - train epoch: 27 [32608/54622 (60%)], lr: ['1.00e-04', '1.00e-04'], loss: 0.464803
[2023-11-11 17:05:39,867][INFO][clas_trainer:133] - train epoch: 27 [38048/54622 (70%)], lr: ['1.00e-04', '1.00e-04'], loss: 0.487593
[2023-11-11 17:05:48,745][INFO][clas_trainer:133] - train epoch: 27 [43488/54622 (80%)], lr: ['1.00e-04', '1.00e-04'], loss: 0.179307
[2023-11-11 17:05:57,771][INFO][clas_trainer:133] - train epoch: 27 [48928/54622 (90%)], lr: ['1.00e-04', '1.00e-04'], loss: 0.104724
[2023-11-11 17:06:06,674][INFO][clas_trainer:133] - train epoch: 27 [54368/54622 (100%)], lr: ['1.00e-04', '1.00e-04'], loss: 0.061043
[2023-11-11 17:06:21,925][INFO][clas_trainer:63] - [epoch  27] execution time: 105.88s	metrics:
[2023-11-11 17:06:21,925][INFO][clas_evaluator:99] - dataset: earlystopping, avg f1-score: 0.7641
[2023-11-11 17:06:31,423][INFO][clas_trainer:133] - train epoch: 28 [5408/54622 (10%)], lr: ['1.00e-04', '1.00e-04'], loss: 0.341005
[2023-11-11 17:06:40,501][INFO][clas_trainer:133] - train epoch: 28 [10848/54622 (20%)], lr: ['1.00e-04', '1.00e-04'], loss: 0.074343
[2023-11-11 17:06:49,563][INFO][clas_trainer:133] - train epoch: 28 [16288/54622 (30%)], lr: ['1.00e-04', '1.00e-04'], loss: 0.166782
[2023-11-11 17:06:58,548][INFO][clas_trainer:133] - train epoch: 28 [21728/54622 (40%)], lr: ['1.00e-04', '1.00e-04'], loss: 0.203058
[2023-11-11 17:07:07,348][INFO][clas_trainer:133] - train epoch: 28 [27168/54622 (50%)], lr: ['1.00e-04', '1.00e-04'], loss: 0.159915
[2023-11-11 17:07:16,348][INFO][clas_trainer:133] - train epoch: 28 [32608/54622 (60%)], lr: ['1.00e-04', '1.00e-04'], loss: 0.165873
[2023-11-11 17:07:25,452][INFO][clas_trainer:133] - train epoch: 28 [38048/54622 (70%)], lr: ['1.00e-04', '1.00e-04'], loss: 0.260316
[2023-11-11 17:07:34,486][INFO][clas_trainer:133] - train epoch: 28 [43488/54622 (80%)], lr: ['1.00e-04', '1.00e-04'], loss: 0.118356
[2023-11-11 17:07:43,292][INFO][clas_trainer:133] - train epoch: 28 [48928/54622 (90%)], lr: ['1.00e-04', '1.00e-04'], loss: 0.235423
[2023-11-11 17:07:52,453][INFO][clas_trainer:133] - train epoch: 28 [54368/54622 (100%)], lr: ['1.00e-04', '1.00e-04'], loss: 0.416775
[2023-11-11 17:08:07,401][INFO][clas_trainer:63] - [epoch  28] execution time: 105.48s	metrics:
[2023-11-11 17:08:07,401][INFO][clas_evaluator:99] - dataset: earlystopping, avg f1-score: 0.7920
[2023-11-11 17:08:07,410][INFO][clas_trainer:79] - finished training
[2023-11-11 17:08:07,410][INFO][clas_trainer:80] - best model on epoch: 18 	f1-score: 0.8105
