[2024-10-01 18:25:49,645][INFO][fine-tune:25] - Using GPU 3
[2024-10-01 18:25:49,647][INFO][fine-tune:35] - overrides:
hydra:
- hydra.launcher.n_jobs=20
- hydra.mode=MULTIRUN
task:
- m_seed_path_sids={seeds:[3,3,3,3,3],path:"exp003b-m3-simple_multi_class-2024-09-17_19-35-00-final.pth",subject_ids:{isruc:$\{data.isruc.cv_5_fold.fold_4\}}}
- data.downstream.train_dataloader.dataset.data_reducer.n_subjects=-1
- general.gpus=[3,4,5]

[2024-10-01 18:25:55,567][INFO][data_loaders:39] - class distribution before data reduction:
# samples per subject
sg1-1-1: 880
sg1-10-1: 842
sg1-12-1: 850
sg1-13-1: 882
sg1-14-1: 906
sg1-15-1: 786
sg1-16-1: 883
sg1-17-1: 851
sg1-18-1: 999
sg1-19-1: 828
sg1-2-1: 964
sg1-20-1: 950
sg1-23-1: 892
sg1-25-1: 921
sg1-26-1: 1062
sg1-27-1: 918
sg1-3-1: 943
sg1-31-1: 877
sg1-32-1: 1010
sg1-33-1: 920
sg1-34-1: 871
sg1-35-1: 788
sg1-36-1: 987
sg1-37-1: 806
sg1-38-1: 932
sg1-42-1: 812
sg1-43-1: 747
sg1-45-1: 906
sg1-47-1: 838
sg1-48-1: 981
sg1-5-1: 875
sg1-50-1: 905
sg1-52-1: 912
sg1-53-1: 910
sg1-54-1: 814
sg1-56-1: 956
sg1-58-1: 965
sg1-59-1: 942
sg1-60-1: 916
sg1-62-1: 864
sg1-63-1: 954
sg1-65-1: 1014
sg1-66-1: 845
sg1-67-1: 862
sg1-69-1: 815
sg1-7-1: 933
sg1-73-1: 997
sg1-74-1: 897
sg1-75-1: 898
sg1-76-1: 850
sg1-77-1: 805
sg1-78-1: 894
sg1-80-1: 889
sg1-81-1: 911
sg1-82-1: 882
sg1-83-1: 925
sg1-84-1: 963
sg1-85-1: 896
sg1-86-1: 964
sg1-88-1: 1002
sg1-89-1: 1036
sg1-9-1: 969
sg1-90-1: 933
sg1-91-1: 990
sg1-93-1: 870
sg1-94-1: 846
sg1-96-1: 858
sg1-97-1: 912
sg1-98-1: 899
sg1-99-1: 835
sg2-2-1: 851
sg2-2-2: 869
sg2-3-1: 871
sg2-3-2: 813
sg2-4-1: 932
sg2-4-2: 899
sg2-5-1: 815
sg2-5-2: 879
sg2-6-1: 965
sg2-6-2: 1014
sg2-7-1: 942
sg2-7-2: 899
sg2-8-1: 815
sg2-8-2: 923
sg3-1-1: 954
sg3-10-1: 796
sg3-2-1: 941
sg3-3-1: 824
sg3-5-1: 944
sg3-7-1: 814
sg3-8-1: 1000
sg3-9-1: 969

# samples per stage
0: 17791
1: 11049
2: 26746
3: 16219
4: 11159
[2024-10-01 18:25:55,744][INFO][data_loaders:43] - class distribution after data reduction:
# samples per subject
sg1-1-1: 880
sg1-10-1: 842
sg1-12-1: 850
sg1-13-1: 882
sg1-14-1: 906
sg1-15-1: 786
sg1-16-1: 883
sg1-17-1: 851
sg1-18-1: 999
sg1-19-1: 828
sg1-2-1: 964
sg1-20-1: 950
sg1-23-1: 892
sg1-25-1: 921
sg1-26-1: 1062
sg1-27-1: 918
sg1-3-1: 943
sg1-31-1: 877
sg1-32-1: 1010
sg1-33-1: 920
sg1-34-1: 871
sg1-35-1: 788
sg1-36-1: 987
sg1-37-1: 806
sg1-38-1: 932
sg1-42-1: 812
sg1-43-1: 747
sg1-45-1: 906
sg1-47-1: 838
sg1-48-1: 981
sg1-5-1: 875
sg1-50-1: 905
sg1-52-1: 912
sg1-53-1: 910
sg1-54-1: 814
sg1-56-1: 956
sg1-58-1: 965
sg1-59-1: 942
sg1-60-1: 916
sg1-62-1: 864
sg1-63-1: 954
sg1-65-1: 1014
sg1-66-1: 845
sg1-67-1: 862
sg1-69-1: 815
sg1-7-1: 933
sg1-73-1: 997
sg1-74-1: 897
sg1-75-1: 898
sg1-76-1: 850
sg1-77-1: 805
sg1-78-1: 894
sg1-80-1: 889
sg1-81-1: 911
sg1-82-1: 882
sg1-83-1: 925
sg1-84-1: 963
sg1-85-1: 896
sg1-86-1: 964
sg1-88-1: 1002
sg1-89-1: 1036
sg1-9-1: 969
sg1-90-1: 933
sg1-91-1: 990
sg1-93-1: 870
sg1-94-1: 846
sg1-96-1: 858
sg1-97-1: 912
sg1-98-1: 899
sg1-99-1: 835
sg2-2-1: 851
sg2-2-2: 869
sg2-3-1: 871
sg2-3-2: 813
sg2-4-1: 932
sg2-4-2: 899
sg2-5-1: 815
sg2-5-2: 879
sg2-6-1: 965
sg2-6-2: 1014
sg2-7-1: 942
sg2-7-2: 899
sg2-8-1: 815
sg2-8-2: 923
sg3-1-1: 954
sg3-10-1: 796
sg3-2-1: 941
sg3-3-1: 824
sg3-5-1: 944
sg3-7-1: 814
sg3-8-1: 1000
sg3-9-1: 969

# samples per stage
0: 17791
1: 11049
2: 26746
3: 16219
4: 11159
[2024-10-01 18:25:55,765][INFO][base_pretraining_fe:55] - Loading model from exp003b-m3-simple_multi_class-2024-09-17_19-35-00-final.pth
[2024-10-01 18:26:01,514][INFO][data_loaders:39] - class distribution before data reduction:
# samples per subject
sg1-21-1: 1054
sg1-24-1: 830
sg1-4-1: 963
sg1-41-1: 974
sg1-55-1: 879
sg1-57-1: 1007
sg1-70-1: 893
sg1-79-1: 880

# samples per stage
0: 1377
1: 875
2: 2457
3: 1543
4: 1228
[2024-10-01 18:26:01,522][INFO][data_loaders:43] - class distribution after data reduction:
# samples per subject
sg1-21-1: 1054
sg1-24-1: 830
sg1-4-1: 963
sg1-41-1: 974
sg1-55-1: 879
sg1-57-1: 1007
sg1-70-1: 893
sg1-79-1: 880

# samples per stage
0: 1377
1: 875
2: 2457
3: 1543
4: 1228
[2024-10-01 18:26:02,154][INFO][clas_trainer:49] - metrics before training (epoch 0):
[2024-10-01 18:26:18,103][INFO][clas_evaluator:132] - dataset: earlystopping, avg f1-score: 0.0948
[2024-10-01 18:26:35,059][INFO][clas_trainer:133] - train epoch: 1 [8256/82964 (10%)], lr: ['1.00e-04'], loss: 1.243708
[2024-10-01 18:26:51,656][INFO][clas_trainer:133] - train epoch: 1 [16544/82964 (20%)], lr: ['1.00e-04'], loss: 1.124972
[2024-10-01 18:27:07,853][INFO][clas_trainer:133] - train epoch: 1 [24832/82964 (30%)], lr: ['1.00e-04'], loss: 0.864817
[2024-10-01 18:27:23,733][INFO][clas_trainer:133] - train epoch: 1 [33120/82964 (40%)], lr: ['1.00e-04'], loss: 0.707505
[2024-10-01 18:27:39,284][INFO][clas_trainer:133] - train epoch: 1 [41408/82964 (50%)], lr: ['1.00e-04'], loss: 0.802854
[2024-10-01 18:27:54,750][INFO][clas_trainer:133] - train epoch: 1 [49696/82964 (60%)], lr: ['1.00e-04'], loss: 0.362073
[2024-10-01 18:28:10,563][INFO][clas_trainer:133] - train epoch: 1 [57984/82964 (70%)], lr: ['1.00e-04'], loss: 0.739702
[2024-10-01 18:28:26,949][INFO][clas_trainer:133] - train epoch: 1 [66272/82964 (80%)], lr: ['1.00e-04'], loss: 0.906537
[2024-10-01 18:28:43,489][INFO][clas_trainer:133] - train epoch: 1 [74560/82964 (90%)], lr: ['1.00e-04'], loss: 0.690171
[2024-10-01 18:28:59,639][INFO][clas_trainer:133] - train epoch: 1 [82848/82964 (100%)], lr: ['1.00e-04'], loss: 0.619938
[2024-10-01 18:29:16,349][INFO][clas_trainer:63] - [epoch   1] execution time: 178.25s	metrics:
[2024-10-01 18:29:16,350][INFO][clas_evaluator:132] - dataset: earlystopping, avg f1-score: 0.7356
[2024-10-01 18:29:16,374][INFO][base_model:51] - snapshot saved to XXX/frequency-pretraining/models/exp003b-m3-base_fe_clas-2024-10-01_18-25-45-final.pth
[2024-10-01 18:29:32,672][INFO][clas_trainer:133] - train epoch: 2 [8256/82964 (10%)], lr: ['1.00e-04'], loss: 0.745126
[2024-10-01 18:29:48,586][INFO][clas_trainer:133] - train epoch: 2 [16544/82964 (20%)], lr: ['1.00e-04'], loss: 0.754587
[2024-10-01 18:30:04,138][INFO][clas_trainer:133] - train epoch: 2 [24832/82964 (30%)], lr: ['1.00e-04'], loss: 0.499399
[2024-10-01 18:30:19,650][INFO][clas_trainer:133] - train epoch: 2 [33120/82964 (40%)], lr: ['1.00e-04'], loss: 0.637432
[2024-10-01 18:30:35,004][INFO][clas_trainer:133] - train epoch: 2 [41408/82964 (50%)], lr: ['1.00e-04'], loss: 0.613356
[2024-10-01 18:30:50,187][INFO][clas_trainer:133] - train epoch: 2 [49696/82964 (60%)], lr: ['1.00e-04'], loss: 0.867406
[2024-10-01 18:31:05,376][INFO][clas_trainer:133] - train epoch: 2 [57984/82964 (70%)], lr: ['1.00e-04'], loss: 0.642065
[2024-10-01 18:31:20,727][INFO][clas_trainer:133] - train epoch: 2 [66272/82964 (80%)], lr: ['1.00e-04'], loss: 1.060160
[2024-10-01 18:31:36,040][INFO][clas_trainer:133] - train epoch: 2 [74560/82964 (90%)], lr: ['1.00e-04'], loss: 0.449511
[2024-10-01 18:31:51,287][INFO][clas_trainer:133] - train epoch: 2 [82848/82964 (100%)], lr: ['1.00e-04'], loss: 0.507724
[2024-10-01 18:32:08,170][INFO][clas_trainer:63] - [epoch   2] execution time: 171.80s	metrics:
[2024-10-01 18:32:08,171][INFO][clas_evaluator:132] - dataset: earlystopping, avg f1-score: 0.7477
[2024-10-01 18:32:08,196][INFO][base_model:51] - snapshot saved to XXX/frequency-pretraining/models/exp003b-m3-base_fe_clas-2024-10-01_18-25-45-final.pth
[2024-10-01 18:32:24,117][INFO][clas_trainer:133] - train epoch: 3 [8256/82964 (10%)], lr: ['1.00e-04'], loss: 0.495511
[2024-10-01 18:32:39,537][INFO][clas_trainer:133] - train epoch: 3 [16544/82964 (20%)], lr: ['1.00e-04'], loss: 0.814091
[2024-10-01 18:32:54,879][INFO][clas_trainer:133] - train epoch: 3 [24832/82964 (30%)], lr: ['1.00e-04'], loss: 0.495543
[2024-10-01 18:33:10,190][INFO][clas_trainer:133] - train epoch: 3 [33120/82964 (40%)], lr: ['1.00e-04'], loss: 0.788461
[2024-10-01 18:33:25,351][INFO][clas_trainer:133] - train epoch: 3 [41408/82964 (50%)], lr: ['1.00e-04'], loss: 0.404672
[2024-10-01 18:33:40,794][INFO][clas_trainer:133] - train epoch: 3 [49696/82964 (60%)], lr: ['1.00e-04'], loss: 0.627371
[2024-10-01 18:33:56,078][INFO][clas_trainer:133] - train epoch: 3 [57984/82964 (70%)], lr: ['1.00e-04'], loss: 0.523226
[2024-10-01 18:34:11,793][INFO][clas_trainer:133] - train epoch: 3 [66272/82964 (80%)], lr: ['1.00e-04'], loss: 0.585919
[2024-10-01 18:34:27,593][INFO][clas_trainer:133] - train epoch: 3 [74560/82964 (90%)], lr: ['1.00e-04'], loss: 0.333304
[2024-10-01 18:34:42,977][INFO][clas_trainer:133] - train epoch: 3 [82848/82964 (100%)], lr: ['1.00e-04'], loss: 0.640261
[2024-10-01 18:34:59,848][INFO][clas_trainer:63] - [epoch   3] execution time: 171.65s	metrics:
[2024-10-01 18:34:59,849][INFO][clas_evaluator:132] - dataset: earlystopping, avg f1-score: 0.7263
[2024-10-01 18:35:15,947][INFO][clas_trainer:133] - train epoch: 4 [8256/82964 (10%)], lr: ['1.00e-04'], loss: 0.511713
[2024-10-01 18:35:31,399][INFO][clas_trainer:133] - train epoch: 4 [16544/82964 (20%)], lr: ['1.00e-04'], loss: 0.755100
[2024-10-01 18:35:46,567][INFO][clas_trainer:133] - train epoch: 4 [24832/82964 (30%)], lr: ['1.00e-04'], loss: 0.621805
[2024-10-01 18:36:01,796][INFO][clas_trainer:133] - train epoch: 4 [33120/82964 (40%)], lr: ['1.00e-04'], loss: 0.650661
[2024-10-01 18:36:17,125][INFO][clas_trainer:133] - train epoch: 4 [41408/82964 (50%)], lr: ['1.00e-04'], loss: 0.508424
[2024-10-01 18:36:32,549][INFO][clas_trainer:133] - train epoch: 4 [49696/82964 (60%)], lr: ['1.00e-04'], loss: 0.617036
[2024-10-01 18:36:48,194][INFO][clas_trainer:133] - train epoch: 4 [57984/82964 (70%)], lr: ['1.00e-04'], loss: 0.726330
[2024-10-01 18:37:03,777][INFO][clas_trainer:133] - train epoch: 4 [66272/82964 (80%)], lr: ['1.00e-04'], loss: 0.540889
[2024-10-01 18:37:19,312][INFO][clas_trainer:133] - train epoch: 4 [74560/82964 (90%)], lr: ['1.00e-04'], loss: 0.388670
[2024-10-01 18:37:35,063][INFO][clas_trainer:133] - train epoch: 4 [82848/82964 (100%)], lr: ['1.00e-04'], loss: 0.488677
[2024-10-01 18:37:52,467][INFO][clas_trainer:63] - [epoch   4] execution time: 172.62s	metrics:
[2024-10-01 18:37:52,467][INFO][clas_evaluator:132] - dataset: earlystopping, avg f1-score: 0.7516
[2024-10-01 18:37:52,491][INFO][base_model:51] - snapshot saved to XXX/frequency-pretraining/models/exp003b-m3-base_fe_clas-2024-10-01_18-25-45-final.pth
[2024-10-01 18:38:08,859][INFO][clas_trainer:133] - train epoch: 5 [8256/82964 (10%)], lr: ['1.00e-04'], loss: 0.626325
[2024-10-01 18:38:24,600][INFO][clas_trainer:133] - train epoch: 5 [16544/82964 (20%)], lr: ['1.00e-04'], loss: 0.472486
[2024-10-01 18:38:40,329][INFO][clas_trainer:133] - train epoch: 5 [24832/82964 (30%)], lr: ['1.00e-04'], loss: 0.583498
[2024-10-01 18:38:55,694][INFO][clas_trainer:133] - train epoch: 5 [33120/82964 (40%)], lr: ['1.00e-04'], loss: 0.310749
[2024-10-01 18:39:11,149][INFO][clas_trainer:133] - train epoch: 5 [41408/82964 (50%)], lr: ['1.00e-04'], loss: 0.692845
[2024-10-01 18:39:26,952][INFO][clas_trainer:133] - train epoch: 5 [49696/82964 (60%)], lr: ['1.00e-04'], loss: 0.556602
[2024-10-01 18:39:42,607][INFO][clas_trainer:133] - train epoch: 5 [57984/82964 (70%)], lr: ['1.00e-04'], loss: 0.479154
[2024-10-01 18:39:58,303][INFO][clas_trainer:133] - train epoch: 5 [66272/82964 (80%)], lr: ['1.00e-04'], loss: 0.474111
[2024-10-01 18:40:14,244][INFO][clas_trainer:133] - train epoch: 5 [74560/82964 (90%)], lr: ['1.00e-04'], loss: 0.784822
[2024-10-01 18:40:29,877][INFO][clas_trainer:133] - train epoch: 5 [82848/82964 (100%)], lr: ['1.00e-04'], loss: 0.784547
[2024-10-01 18:40:47,177][INFO][clas_trainer:63] - [epoch   5] execution time: 174.69s	metrics:
[2024-10-01 18:40:47,178][INFO][clas_evaluator:132] - dataset: earlystopping, avg f1-score: 0.7634
[2024-10-01 18:40:47,202][INFO][base_model:51] - snapshot saved to XXX/frequency-pretraining/models/exp003b-m3-base_fe_clas-2024-10-01_18-25-45-final.pth
[2024-10-01 18:41:03,243][INFO][clas_trainer:133] - train epoch: 6 [8256/82964 (10%)], lr: ['1.00e-04'], loss: 0.465009
[2024-10-01 18:41:18,605][INFO][clas_trainer:133] - train epoch: 6 [16544/82964 (20%)], lr: ['1.00e-04'], loss: 0.599571
[2024-10-01 18:41:33,999][INFO][clas_trainer:133] - train epoch: 6 [24832/82964 (30%)], lr: ['1.00e-04'], loss: 0.507581
[2024-10-01 18:41:49,166][INFO][clas_trainer:133] - train epoch: 6 [33120/82964 (40%)], lr: ['1.00e-04'], loss: 0.577056
[2024-10-01 18:42:04,830][INFO][clas_trainer:133] - train epoch: 6 [41408/82964 (50%)], lr: ['1.00e-04'], loss: 0.543464
[2024-10-01 18:42:20,243][INFO][clas_trainer:133] - train epoch: 6 [49696/82964 (60%)], lr: ['1.00e-04'], loss: 0.586622
[2024-10-01 18:42:35,805][INFO][clas_trainer:133] - train epoch: 6 [57984/82964 (70%)], lr: ['1.00e-04'], loss: 0.539657
[2024-10-01 18:42:51,108][INFO][clas_trainer:133] - train epoch: 6 [66272/82964 (80%)], lr: ['1.00e-04'], loss: 0.505957
[2024-10-01 18:43:06,479][INFO][clas_trainer:133] - train epoch: 6 [74560/82964 (90%)], lr: ['1.00e-04'], loss: 0.593578
[2024-10-01 18:43:21,741][INFO][clas_trainer:133] - train epoch: 6 [82848/82964 (100%)], lr: ['1.00e-04'], loss: 0.517160
[2024-10-01 18:43:39,306][INFO][clas_trainer:63] - [epoch   6] execution time: 172.10s	metrics:
[2024-10-01 18:43:39,307][INFO][clas_evaluator:132] - dataset: earlystopping, avg f1-score: 0.7617
[2024-10-01 18:43:58,804][INFO][clas_trainer:133] - train epoch: 7 [8256/82964 (10%)], lr: ['1.00e-04'], loss: 0.451007
[2024-10-01 18:44:17,925][INFO][clas_trainer:133] - train epoch: 7 [16544/82964 (20%)], lr: ['1.00e-04'], loss: 0.874405
[2024-10-01 18:44:36,674][INFO][clas_trainer:133] - train epoch: 7 [24832/82964 (30%)], lr: ['1.00e-04'], loss: 0.612933
[2024-10-01 18:44:55,647][INFO][clas_trainer:133] - train epoch: 7 [33120/82964 (40%)], lr: ['1.00e-04'], loss: 0.530284
[2024-10-01 18:45:14,866][INFO][clas_trainer:133] - train epoch: 7 [41408/82964 (50%)], lr: ['1.00e-04'], loss: 0.710214
[2024-10-01 18:45:33,474][INFO][clas_trainer:133] - train epoch: 7 [49696/82964 (60%)], lr: ['1.00e-04'], loss: 0.785952
[2024-10-01 18:45:52,520][INFO][clas_trainer:133] - train epoch: 7 [57984/82964 (70%)], lr: ['1.00e-04'], loss: 0.511363
[2024-10-01 18:46:11,705][INFO][clas_trainer:133] - train epoch: 7 [66272/82964 (80%)], lr: ['1.00e-04'], loss: 0.448476
[2024-10-01 18:46:30,746][INFO][clas_trainer:133] - train epoch: 7 [74560/82964 (90%)], lr: ['1.00e-04'], loss: 0.555602
[2024-10-01 18:46:49,771][INFO][clas_trainer:133] - train epoch: 7 [82848/82964 (100%)], lr: ['1.00e-04'], loss: 0.583085
[2024-10-01 18:47:11,364][INFO][clas_trainer:63] - [epoch   7] execution time: 212.06s	metrics:
[2024-10-01 18:47:11,364][INFO][clas_evaluator:132] - dataset: earlystopping, avg f1-score: 0.7552
[2024-10-01 18:47:31,106][INFO][clas_trainer:133] - train epoch: 8 [8256/82964 (10%)], lr: ['1.00e-04'], loss: 0.793346
[2024-10-01 18:47:49,653][INFO][clas_trainer:133] - train epoch: 8 [16544/82964 (20%)], lr: ['1.00e-04'], loss: 0.426169
[2024-10-01 18:48:08,716][INFO][clas_trainer:133] - train epoch: 8 [24832/82964 (30%)], lr: ['1.00e-04'], loss: 0.493493
[2024-10-01 18:48:27,472][INFO][clas_trainer:133] - train epoch: 8 [33120/82964 (40%)], lr: ['1.00e-04'], loss: 0.490427
[2024-10-01 18:48:46,311][INFO][clas_trainer:133] - train epoch: 8 [41408/82964 (50%)], lr: ['1.00e-04'], loss: 0.449162
[2024-10-01 18:49:05,141][INFO][clas_trainer:133] - train epoch: 8 [49696/82964 (60%)], lr: ['1.00e-04'], loss: 0.657278
[2024-10-01 18:49:24,085][INFO][clas_trainer:133] - train epoch: 8 [57984/82964 (70%)], lr: ['1.00e-04'], loss: 0.699121
[2024-10-01 18:49:42,937][INFO][clas_trainer:133] - train epoch: 8 [66272/82964 (80%)], lr: ['1.00e-04'], loss: 0.623444
[2024-10-01 18:50:01,505][INFO][clas_trainer:133] - train epoch: 8 [74560/82964 (90%)], lr: ['1.00e-04'], loss: 0.615392
[2024-10-01 18:50:20,103][INFO][clas_trainer:133] - train epoch: 8 [82848/82964 (100%)], lr: ['1.00e-04'], loss: 0.488452
[2024-10-01 18:50:40,667][INFO][clas_trainer:63] - [epoch   8] execution time: 209.30s	metrics:
[2024-10-01 18:50:40,668][INFO][clas_evaluator:132] - dataset: earlystopping, avg f1-score: 0.7695
[2024-10-01 18:50:40,701][INFO][base_model:51] - snapshot saved to XXX/frequency-pretraining/models/exp003b-m3-base_fe_clas-2024-10-01_18-25-45-final.pth
[2024-10-01 18:51:00,628][INFO][clas_trainer:133] - train epoch: 9 [8256/82964 (10%)], lr: ['1.00e-04'], loss: 0.364065
[2024-10-01 18:51:20,883][INFO][clas_trainer:133] - train epoch: 9 [16544/82964 (20%)], lr: ['1.00e-04'], loss: 0.398645
[2024-10-01 18:51:41,434][INFO][clas_trainer:133] - train epoch: 9 [24832/82964 (30%)], lr: ['1.00e-04'], loss: 0.465609
[2024-10-01 18:52:01,544][INFO][clas_trainer:133] - train epoch: 9 [33120/82964 (40%)], lr: ['1.00e-04'], loss: 0.911316
[2024-10-01 18:52:21,755][INFO][clas_trainer:133] - train epoch: 9 [41408/82964 (50%)], lr: ['1.00e-04'], loss: 0.556293
[2024-10-01 18:52:43,169][INFO][clas_trainer:133] - train epoch: 9 [49696/82964 (60%)], lr: ['1.00e-04'], loss: 0.315447
[2024-10-01 18:53:04,116][INFO][clas_trainer:133] - train epoch: 9 [57984/82964 (70%)], lr: ['1.00e-04'], loss: 0.482515
[2024-10-01 18:53:24,334][INFO][clas_trainer:133] - train epoch: 9 [66272/82964 (80%)], lr: ['1.00e-04'], loss: 0.735153
[2024-10-01 18:53:43,732][INFO][clas_trainer:133] - train epoch: 9 [74560/82964 (90%)], lr: ['1.00e-04'], loss: 0.814171
[2024-10-01 18:54:03,734][INFO][clas_trainer:133] - train epoch: 9 [82848/82964 (100%)], lr: ['1.00e-04'], loss: 0.573649
[2024-10-01 18:54:25,159][INFO][clas_trainer:63] - [epoch   9] execution time: 224.46s	metrics:
[2024-10-01 18:54:25,160][INFO][clas_evaluator:132] - dataset: earlystopping, avg f1-score: 0.7569
[2024-10-01 18:54:45,606][INFO][clas_trainer:133] - train epoch: 10 [8256/82964 (10%)], lr: ['1.00e-04'], loss: 0.395131
[2024-10-01 18:55:04,898][INFO][clas_trainer:133] - train epoch: 10 [16544/82964 (20%)], lr: ['1.00e-04'], loss: 0.554824
[2024-10-01 18:55:24,333][INFO][clas_trainer:133] - train epoch: 10 [24832/82964 (30%)], lr: ['1.00e-04'], loss: 0.518481
[2024-10-01 18:55:43,704][INFO][clas_trainer:133] - train epoch: 10 [33120/82964 (40%)], lr: ['1.00e-04'], loss: 0.401949
[2024-10-01 18:56:03,740][INFO][clas_trainer:133] - train epoch: 10 [41408/82964 (50%)], lr: ['1.00e-04'], loss: 0.481580
[2024-10-01 18:56:22,704][INFO][clas_trainer:133] - train epoch: 10 [49696/82964 (60%)], lr: ['1.00e-04'], loss: 0.629846
[2024-10-01 18:56:42,009][INFO][clas_trainer:133] - train epoch: 10 [57984/82964 (70%)], lr: ['1.00e-04'], loss: 0.687558
[2024-10-01 18:57:01,698][INFO][clas_trainer:133] - train epoch: 10 [66272/82964 (80%)], lr: ['1.00e-04'], loss: 0.603335
[2024-10-01 18:57:21,286][INFO][clas_trainer:133] - train epoch: 10 [74560/82964 (90%)], lr: ['1.00e-04'], loss: 0.877799
[2024-10-01 18:57:40,235][INFO][clas_trainer:133] - train epoch: 10 [82848/82964 (100%)], lr: ['1.00e-04'], loss: 0.618015
[2024-10-01 18:58:02,211][INFO][clas_trainer:63] - [epoch  10] execution time: 217.05s	metrics:
[2024-10-01 18:58:02,211][INFO][clas_evaluator:132] - dataset: earlystopping, avg f1-score: 0.7648
[2024-10-01 18:58:22,817][INFO][clas_trainer:133] - train epoch: 11 [8256/82964 (10%)], lr: ['1.00e-04'], loss: 0.471442
[2024-10-01 18:58:42,695][INFO][clas_trainer:133] - train epoch: 11 [16544/82964 (20%)], lr: ['1.00e-04'], loss: 0.581230
[2024-10-01 18:59:02,987][INFO][clas_trainer:133] - train epoch: 11 [24832/82964 (30%)], lr: ['1.00e-04'], loss: 0.547866
[2024-10-01 18:59:22,374][INFO][clas_trainer:133] - train epoch: 11 [33120/82964 (40%)], lr: ['1.00e-04'], loss: 0.445507
[2024-10-01 18:59:42,067][INFO][clas_trainer:133] - train epoch: 11 [41408/82964 (50%)], lr: ['1.00e-04'], loss: 0.554317
[2024-10-01 19:00:01,443][INFO][clas_trainer:133] - train epoch: 11 [49696/82964 (60%)], lr: ['1.00e-04'], loss: 0.361965
[2024-10-01 19:00:20,832][INFO][clas_trainer:133] - train epoch: 11 [57984/82964 (70%)], lr: ['1.00e-04'], loss: 0.399891
[2024-10-01 19:00:39,847][INFO][clas_trainer:133] - train epoch: 11 [66272/82964 (80%)], lr: ['1.00e-04'], loss: 0.681396
[2024-10-01 19:00:59,130][INFO][clas_trainer:133] - train epoch: 11 [74560/82964 (90%)], lr: ['1.00e-04'], loss: 1.056176
[2024-10-01 19:01:18,383][INFO][clas_trainer:133] - train epoch: 11 [82848/82964 (100%)], lr: ['1.00e-04'], loss: 0.374676
[2024-10-01 19:01:39,399][INFO][clas_trainer:63] - [epoch  11] execution time: 217.19s	metrics:
[2024-10-01 19:01:39,400][INFO][clas_evaluator:132] - dataset: earlystopping, avg f1-score: 0.7642
[2024-10-01 19:01:59,688][INFO][clas_trainer:133] - train epoch: 12 [8256/82964 (10%)], lr: ['1.00e-04'], loss: 0.364641
[2024-10-01 19:02:18,311][INFO][clas_trainer:133] - train epoch: 12 [16544/82964 (20%)], lr: ['1.00e-04'], loss: 0.615793
[2024-10-01 19:02:37,131][INFO][clas_trainer:133] - train epoch: 12 [24832/82964 (30%)], lr: ['1.00e-04'], loss: 0.470990
[2024-10-01 19:02:56,232][INFO][clas_trainer:133] - train epoch: 12 [33120/82964 (40%)], lr: ['1.00e-04'], loss: 0.354698
[2024-10-01 19:03:15,433][INFO][clas_trainer:133] - train epoch: 12 [41408/82964 (50%)], lr: ['1.00e-04'], loss: 0.427024
[2024-10-01 19:03:34,229][INFO][clas_trainer:133] - train epoch: 12 [49696/82964 (60%)], lr: ['1.00e-04'], loss: 0.466018
[2024-10-01 19:03:52,971][INFO][clas_trainer:133] - train epoch: 12 [57984/82964 (70%)], lr: ['1.00e-04'], loss: 0.483039
[2024-10-01 19:04:12,082][INFO][clas_trainer:133] - train epoch: 12 [66272/82964 (80%)], lr: ['1.00e-04'], loss: 0.586783
[2024-10-01 19:04:31,484][INFO][clas_trainer:133] - train epoch: 12 [74560/82964 (90%)], lr: ['1.00e-04'], loss: 0.585775
[2024-10-01 19:04:50,589][INFO][clas_trainer:133] - train epoch: 12 [82848/82964 (100%)], lr: ['1.00e-04'], loss: 0.560386
[2024-10-01 19:05:12,916][INFO][clas_trainer:63] - [epoch  12] execution time: 213.52s	metrics:
[2024-10-01 19:05:12,916][INFO][clas_evaluator:132] - dataset: earlystopping, avg f1-score: 0.7717
[2024-10-01 19:05:12,945][INFO][base_model:51] - snapshot saved to XXX/frequency-pretraining/models/exp003b-m3-base_fe_clas-2024-10-01_18-25-45-final.pth
[2024-10-01 19:05:33,339][INFO][clas_trainer:133] - train epoch: 13 [8256/82964 (10%)], lr: ['1.00e-04'], loss: 0.532964
[2024-10-01 19:05:52,261][INFO][clas_trainer:133] - train epoch: 13 [16544/82964 (20%)], lr: ['1.00e-04'], loss: 0.319229
[2024-10-01 19:06:11,148][INFO][clas_trainer:133] - train epoch: 13 [24832/82964 (30%)], lr: ['1.00e-04'], loss: 0.674111
[2024-10-01 19:06:30,454][INFO][clas_trainer:133] - train epoch: 13 [33120/82964 (40%)], lr: ['1.00e-04'], loss: 0.711166
[2024-10-01 19:06:49,459][INFO][clas_trainer:133] - train epoch: 13 [41408/82964 (50%)], lr: ['1.00e-04'], loss: 0.647897
[2024-10-01 19:07:08,306][INFO][clas_trainer:133] - train epoch: 13 [49696/82964 (60%)], lr: ['1.00e-04'], loss: 0.432058
[2024-10-01 19:07:27,182][INFO][clas_trainer:133] - train epoch: 13 [57984/82964 (70%)], lr: ['1.00e-04'], loss: 0.580835
[2024-10-01 19:07:45,803][INFO][clas_trainer:133] - train epoch: 13 [66272/82964 (80%)], lr: ['1.00e-04'], loss: 0.471699
[2024-10-01 19:08:04,709][INFO][clas_trainer:133] - train epoch: 13 [74560/82964 (90%)], lr: ['1.00e-04'], loss: 0.582513
[2024-10-01 19:08:23,241][INFO][clas_trainer:133] - train epoch: 13 [82848/82964 (100%)], lr: ['1.00e-04'], loss: 0.543737
[2024-10-01 19:08:43,553][INFO][clas_trainer:63] - [epoch  13] execution time: 210.61s	metrics:
[2024-10-01 19:08:43,553][INFO][clas_evaluator:132] - dataset: earlystopping, avg f1-score: 0.7522
[2024-10-01 19:09:03,351][INFO][clas_trainer:133] - train epoch: 14 [8256/82964 (10%)], lr: ['1.00e-04'], loss: 0.732194
[2024-10-01 19:09:22,268][INFO][clas_trainer:133] - train epoch: 14 [16544/82964 (20%)], lr: ['1.00e-04'], loss: 0.500561
[2024-10-01 19:09:40,920][INFO][clas_trainer:133] - train epoch: 14 [24832/82964 (30%)], lr: ['1.00e-04'], loss: 0.239986
[2024-10-01 19:10:00,165][INFO][clas_trainer:133] - train epoch: 14 [33120/82964 (40%)], lr: ['1.00e-04'], loss: 0.386446
[2024-10-01 19:10:19,921][INFO][clas_trainer:133] - train epoch: 14 [41408/82964 (50%)], lr: ['1.00e-04'], loss: 0.680549
[2024-10-01 19:10:39,307][INFO][clas_trainer:133] - train epoch: 14 [49696/82964 (60%)], lr: ['1.00e-04'], loss: 0.350233
[2024-10-01 19:10:58,313][INFO][clas_trainer:133] - train epoch: 14 [57984/82964 (70%)], lr: ['1.00e-04'], loss: 0.645754
[2024-10-01 19:11:17,194][INFO][clas_trainer:133] - train epoch: 14 [66272/82964 (80%)], lr: ['1.00e-04'], loss: 0.657080
[2024-10-01 19:11:35,890][INFO][clas_trainer:133] - train epoch: 14 [74560/82964 (90%)], lr: ['1.00e-04'], loss: 0.465435
[2024-10-01 19:11:54,602][INFO][clas_trainer:133] - train epoch: 14 [82848/82964 (100%)], lr: ['1.00e-04'], loss: 0.660932
[2024-10-01 19:12:16,346][INFO][clas_trainer:63] - [epoch  14] execution time: 212.79s	metrics:
[2024-10-01 19:12:16,346][INFO][clas_evaluator:132] - dataset: earlystopping, avg f1-score: 0.7667
[2024-10-01 19:12:36,697][INFO][clas_trainer:133] - train epoch: 15 [8256/82964 (10%)], lr: ['1.00e-04'], loss: 0.573517
[2024-10-01 19:12:55,644][INFO][clas_trainer:133] - train epoch: 15 [16544/82964 (20%)], lr: ['1.00e-04'], loss: 0.361546
[2024-10-01 19:13:14,756][INFO][clas_trainer:133] - train epoch: 15 [24832/82964 (30%)], lr: ['1.00e-04'], loss: 0.327948
[2024-10-01 19:13:34,279][INFO][clas_trainer:133] - train epoch: 15 [33120/82964 (40%)], lr: ['1.00e-04'], loss: 0.633472
[2024-10-01 19:13:53,830][INFO][clas_trainer:133] - train epoch: 15 [41408/82964 (50%)], lr: ['1.00e-04'], loss: 0.355176
[2024-10-01 19:14:12,224][INFO][clas_trainer:133] - train epoch: 15 [49696/82964 (60%)], lr: ['1.00e-04'], loss: 0.481555
[2024-10-01 19:14:30,646][INFO][clas_trainer:133] - train epoch: 15 [57984/82964 (70%)], lr: ['1.00e-04'], loss: 0.568853
[2024-10-01 19:14:49,895][INFO][clas_trainer:133] - train epoch: 15 [66272/82964 (80%)], lr: ['1.00e-04'], loss: 0.716681
[2024-10-01 19:15:08,360][INFO][clas_trainer:133] - train epoch: 15 [74560/82964 (90%)], lr: ['1.00e-04'], loss: 0.560023
[2024-10-01 19:15:27,193][INFO][clas_trainer:133] - train epoch: 15 [82848/82964 (100%)], lr: ['1.00e-04'], loss: 0.558569
[2024-10-01 19:15:48,478][INFO][clas_trainer:63] - [epoch  15] execution time: 212.13s	metrics:
[2024-10-01 19:15:48,479][INFO][clas_evaluator:132] - dataset: earlystopping, avg f1-score: 0.7687
[2024-10-01 19:16:08,818][INFO][clas_trainer:133] - train epoch: 16 [8256/82964 (10%)], lr: ['1.00e-04'], loss: 0.409157
[2024-10-01 19:16:27,692][INFO][clas_trainer:133] - train epoch: 16 [16544/82964 (20%)], lr: ['1.00e-04'], loss: 0.486382
[2024-10-01 19:16:46,296][INFO][clas_trainer:133] - train epoch: 16 [24832/82964 (30%)], lr: ['1.00e-04'], loss: 0.828101
[2024-10-01 19:17:05,152][INFO][clas_trainer:133] - train epoch: 16 [33120/82964 (40%)], lr: ['1.00e-04'], loss: 0.577063
[2024-10-01 19:17:23,947][INFO][clas_trainer:133] - train epoch: 16 [41408/82964 (50%)], lr: ['1.00e-04'], loss: 0.509248
[2024-10-01 19:17:42,044][INFO][clas_trainer:133] - train epoch: 16 [49696/82964 (60%)], lr: ['1.00e-04'], loss: 0.521984
[2024-10-01 19:18:00,864][INFO][clas_trainer:133] - train epoch: 16 [57984/82964 (70%)], lr: ['1.00e-04'], loss: 0.439391
[2024-10-01 19:18:19,693][INFO][clas_trainer:133] - train epoch: 16 [66272/82964 (80%)], lr: ['1.00e-04'], loss: 0.402001
[2024-10-01 19:18:38,526][INFO][clas_trainer:133] - train epoch: 16 [74560/82964 (90%)], lr: ['1.00e-04'], loss: 0.498978
[2024-10-01 19:18:57,059][INFO][clas_trainer:133] - train epoch: 16 [82848/82964 (100%)], lr: ['1.00e-04'], loss: 0.407588
[2024-10-01 19:19:18,212][INFO][clas_trainer:63] - [epoch  16] execution time: 209.73s	metrics:
[2024-10-01 19:19:18,212][INFO][clas_evaluator:132] - dataset: earlystopping, avg f1-score: 0.7761
[2024-10-01 19:19:18,240][INFO][base_model:51] - snapshot saved to XXX/frequency-pretraining/models/exp003b-m3-base_fe_clas-2024-10-01_18-25-45-final.pth
[2024-10-01 19:19:38,297][INFO][clas_trainer:133] - train epoch: 17 [8256/82964 (10%)], lr: ['1.00e-04'], loss: 0.390909
[2024-10-01 19:19:57,681][INFO][clas_trainer:133] - train epoch: 17 [16544/82964 (20%)], lr: ['1.00e-04'], loss: 0.584764
[2024-10-01 19:20:16,689][INFO][clas_trainer:133] - train epoch: 17 [24832/82964 (30%)], lr: ['1.00e-04'], loss: 0.463587
[2024-10-01 19:20:35,679][INFO][clas_trainer:133] - train epoch: 17 [33120/82964 (40%)], lr: ['1.00e-04'], loss: 0.849710
[2024-10-01 19:20:54,149][INFO][clas_trainer:133] - train epoch: 17 [41408/82964 (50%)], lr: ['1.00e-04'], loss: 0.275035
[2024-10-01 19:21:13,058][INFO][clas_trainer:133] - train epoch: 17 [49696/82964 (60%)], lr: ['1.00e-04'], loss: 0.359244
[2024-10-01 19:21:31,777][INFO][clas_trainer:133] - train epoch: 17 [57984/82964 (70%)], lr: ['1.00e-04'], loss: 0.516283
[2024-10-01 19:21:50,463][INFO][clas_trainer:133] - train epoch: 17 [66272/82964 (80%)], lr: ['1.00e-04'], loss: 0.648348
[2024-10-01 19:22:09,525][INFO][clas_trainer:133] - train epoch: 17 [74560/82964 (90%)], lr: ['1.00e-04'], loss: 0.333243
[2024-10-01 19:22:28,102][INFO][clas_trainer:133] - train epoch: 17 [82848/82964 (100%)], lr: ['1.00e-04'], loss: 0.428479
[2024-10-01 19:22:49,128][INFO][clas_trainer:63] - [epoch  17] execution time: 210.89s	metrics:
[2024-10-01 19:22:49,129][INFO][clas_evaluator:132] - dataset: earlystopping, avg f1-score: 0.7618
[2024-10-01 19:23:08,370][INFO][clas_trainer:133] - train epoch: 18 [8256/82964 (10%)], lr: ['1.00e-04'], loss: 0.491690
[2024-10-01 19:23:26,961][INFO][clas_trainer:133] - train epoch: 18 [16544/82964 (20%)], lr: ['1.00e-04'], loss: 0.212829
[2024-10-01 19:23:46,065][INFO][clas_trainer:133] - train epoch: 18 [24832/82964 (30%)], lr: ['1.00e-04'], loss: 0.479481
[2024-10-01 19:24:04,765][INFO][clas_trainer:133] - train epoch: 18 [33120/82964 (40%)], lr: ['1.00e-04'], loss: 0.486664
[2024-10-01 19:24:23,256][INFO][clas_trainer:133] - train epoch: 18 [41408/82964 (50%)], lr: ['1.00e-04'], loss: 0.395529
[2024-10-01 19:24:41,839][INFO][clas_trainer:133] - train epoch: 18 [49696/82964 (60%)], lr: ['1.00e-04'], loss: 0.673639
[2024-10-01 19:25:00,625][INFO][clas_trainer:133] - train epoch: 18 [57984/82964 (70%)], lr: ['1.00e-04'], loss: 0.530814
[2024-10-01 19:25:19,601][INFO][clas_trainer:133] - train epoch: 18 [66272/82964 (80%)], lr: ['1.00e-04'], loss: 0.594272
[2024-10-01 19:25:38,306][INFO][clas_trainer:133] - train epoch: 18 [74560/82964 (90%)], lr: ['1.00e-04'], loss: 0.506087
[2024-10-01 19:25:56,931][INFO][clas_trainer:133] - train epoch: 18 [82848/82964 (100%)], lr: ['1.00e-04'], loss: 0.313680
[2024-10-01 19:26:16,984][INFO][clas_trainer:63] - [epoch  18] execution time: 207.86s	metrics:
[2024-10-01 19:26:16,985][INFO][clas_evaluator:132] - dataset: earlystopping, avg f1-score: 0.7572
[2024-10-01 19:26:36,639][INFO][clas_trainer:133] - train epoch: 19 [8256/82964 (10%)], lr: ['1.00e-04'], loss: 0.683856
[2024-10-01 19:26:54,998][INFO][clas_trainer:133] - train epoch: 19 [16544/82964 (20%)], lr: ['1.00e-04'], loss: 0.293637
[2024-10-01 19:27:13,462][INFO][clas_trainer:133] - train epoch: 19 [24832/82964 (30%)], lr: ['1.00e-04'], loss: 0.238912
[2024-10-01 19:27:32,062][INFO][clas_trainer:133] - train epoch: 19 [33120/82964 (40%)], lr: ['1.00e-04'], loss: 0.465586
[2024-10-01 19:27:51,494][INFO][clas_trainer:133] - train epoch: 19 [41408/82964 (50%)], lr: ['1.00e-04'], loss: 0.953007
[2024-10-01 19:28:10,265][INFO][clas_trainer:133] - train epoch: 19 [49696/82964 (60%)], lr: ['1.00e-04'], loss: 0.468478
[2024-10-01 19:28:29,050][INFO][clas_trainer:133] - train epoch: 19 [57984/82964 (70%)], lr: ['1.00e-04'], loss: 0.349920
[2024-10-01 19:28:47,407][INFO][clas_trainer:133] - train epoch: 19 [66272/82964 (80%)], lr: ['1.00e-04'], loss: 0.244830
[2024-10-01 19:29:05,860][INFO][clas_trainer:133] - train epoch: 19 [74560/82964 (90%)], lr: ['1.00e-04'], loss: 0.421105
[2024-10-01 19:29:24,239][INFO][clas_trainer:133] - train epoch: 19 [82848/82964 (100%)], lr: ['1.00e-04'], loss: 0.430845
[2024-10-01 19:29:44,152][INFO][clas_trainer:63] - [epoch  19] execution time: 207.17s	metrics:
[2024-10-01 19:29:44,153][INFO][clas_evaluator:132] - dataset: earlystopping, avg f1-score: 0.7704
[2024-10-01 19:30:03,739][INFO][clas_trainer:133] - train epoch: 20 [8256/82964 (10%)], lr: ['1.00e-04'], loss: 0.533249
[2024-10-01 19:30:21,993][INFO][clas_trainer:133] - train epoch: 20 [16544/82964 (20%)], lr: ['1.00e-04'], loss: 0.396270
[2024-10-01 19:30:40,173][INFO][clas_trainer:133] - train epoch: 20 [24832/82964 (30%)], lr: ['1.00e-04'], loss: 0.534874
[2024-10-01 19:30:58,513][INFO][clas_trainer:133] - train epoch: 20 [33120/82964 (40%)], lr: ['1.00e-04'], loss: 0.565497
[2024-10-01 19:31:16,786][INFO][clas_trainer:133] - train epoch: 20 [41408/82964 (50%)], lr: ['1.00e-04'], loss: 0.572338
[2024-10-01 19:31:35,183][INFO][clas_trainer:133] - train epoch: 20 [49696/82964 (60%)], lr: ['1.00e-04'], loss: 0.535953
[2024-10-01 19:31:52,874][INFO][clas_trainer:133] - train epoch: 20 [57984/82964 (70%)], lr: ['1.00e-04'], loss: 0.562737
[2024-10-01 19:32:11,254][INFO][clas_trainer:133] - train epoch: 20 [66272/82964 (80%)], lr: ['1.00e-04'], loss: 0.357662
[2024-10-01 19:32:29,281][INFO][clas_trainer:133] - train epoch: 20 [74560/82964 (90%)], lr: ['1.00e-04'], loss: 0.504834
[2024-10-01 19:32:47,478][INFO][clas_trainer:133] - train epoch: 20 [82848/82964 (100%)], lr: ['1.00e-04'], loss: 0.617542
[2024-10-01 19:33:07,360][INFO][clas_trainer:63] - [epoch  20] execution time: 203.21s	metrics:
[2024-10-01 19:33:07,360][INFO][clas_evaluator:132] - dataset: earlystopping, avg f1-score: 0.7577
[2024-10-01 19:33:26,452][INFO][clas_trainer:133] - train epoch: 21 [8256/82964 (10%)], lr: ['1.00e-04'], loss: 0.357981
[2024-10-01 19:33:44,952][INFO][clas_trainer:133] - train epoch: 21 [16544/82964 (20%)], lr: ['1.00e-04'], loss: 0.538350
[2024-10-01 19:34:03,488][INFO][clas_trainer:133] - train epoch: 21 [24832/82964 (30%)], lr: ['1.00e-04'], loss: 0.346782
[2024-10-01 19:34:22,360][INFO][clas_trainer:133] - train epoch: 21 [33120/82964 (40%)], lr: ['1.00e-04'], loss: 0.891417
[2024-10-01 19:34:41,209][INFO][clas_trainer:133] - train epoch: 21 [41408/82964 (50%)], lr: ['1.00e-04'], loss: 0.816574
[2024-10-01 19:34:59,713][INFO][clas_trainer:133] - train epoch: 21 [49696/82964 (60%)], lr: ['1.00e-04'], loss: 0.469299
[2024-10-01 19:35:17,958][INFO][clas_trainer:133] - train epoch: 21 [57984/82964 (70%)], lr: ['1.00e-04'], loss: 0.283750
[2024-10-01 19:35:36,157][INFO][clas_trainer:133] - train epoch: 21 [66272/82964 (80%)], lr: ['1.00e-04'], loss: 0.319787
[2024-10-01 19:35:54,510][INFO][clas_trainer:133] - train epoch: 21 [74560/82964 (90%)], lr: ['1.00e-04'], loss: 0.347209
[2024-10-01 19:36:12,391][INFO][clas_trainer:133] - train epoch: 21 [82848/82964 (100%)], lr: ['1.00e-04'], loss: 0.556992
[2024-10-01 19:36:32,471][INFO][clas_trainer:63] - [epoch  21] execution time: 205.11s	metrics:
[2024-10-01 19:36:32,471][INFO][clas_evaluator:132] - dataset: earlystopping, avg f1-score: 0.7613
[2024-10-01 19:36:51,025][INFO][clas_trainer:133] - train epoch: 22 [8256/82964 (10%)], lr: ['1.00e-04'], loss: 0.337917
[2024-10-01 19:37:08,843][INFO][clas_trainer:133] - train epoch: 22 [16544/82964 (20%)], lr: ['1.00e-04'], loss: 0.589626
[2024-10-01 19:37:26,948][INFO][clas_trainer:133] - train epoch: 22 [24832/82964 (30%)], lr: ['1.00e-04'], loss: 0.558812
[2024-10-01 19:37:44,437][INFO][clas_trainer:133] - train epoch: 22 [33120/82964 (40%)], lr: ['1.00e-04'], loss: 0.380043
[2024-10-01 19:38:01,980][INFO][clas_trainer:133] - train epoch: 22 [41408/82964 (50%)], lr: ['1.00e-04'], loss: 0.475542
[2024-10-01 19:38:19,338][INFO][clas_trainer:133] - train epoch: 22 [49696/82964 (60%)], lr: ['1.00e-04'], loss: 0.613073
[2024-10-01 19:38:37,035][INFO][clas_trainer:133] - train epoch: 22 [57984/82964 (70%)], lr: ['1.00e-04'], loss: 0.433101
[2024-10-01 19:38:55,098][INFO][clas_trainer:133] - train epoch: 22 [66272/82964 (80%)], lr: ['1.00e-04'], loss: 0.434530
[2024-10-01 19:39:13,504][INFO][clas_trainer:133] - train epoch: 22 [74560/82964 (90%)], lr: ['1.00e-04'], loss: 0.638304
[2024-10-01 19:39:30,951][INFO][clas_trainer:133] - train epoch: 22 [82848/82964 (100%)], lr: ['1.00e-04'], loss: 0.652715
[2024-10-01 19:39:50,565][INFO][clas_trainer:63] - [epoch  22] execution time: 198.09s	metrics:
[2024-10-01 19:39:50,565][INFO][clas_evaluator:132] - dataset: earlystopping, avg f1-score: 0.7684
[2024-10-01 19:40:08,926][INFO][clas_trainer:133] - train epoch: 23 [8256/82964 (10%)], lr: ['1.00e-04'], loss: 0.613328
[2024-10-01 19:40:26,405][INFO][clas_trainer:133] - train epoch: 23 [16544/82964 (20%)], lr: ['1.00e-04'], loss: 0.451905
[2024-10-01 19:40:43,871][INFO][clas_trainer:133] - train epoch: 23 [24832/82964 (30%)], lr: ['1.00e-04'], loss: 0.591712
[2024-10-01 19:41:01,283][INFO][clas_trainer:133] - train epoch: 23 [33120/82964 (40%)], lr: ['1.00e-04'], loss: 0.366123
[2024-10-01 19:41:18,682][INFO][clas_trainer:133] - train epoch: 23 [41408/82964 (50%)], lr: ['1.00e-04'], loss: 0.397969
[2024-10-01 19:41:36,037][INFO][clas_trainer:133] - train epoch: 23 [49696/82964 (60%)], lr: ['1.00e-04'], loss: 0.457068
[2024-10-01 19:41:53,334][INFO][clas_trainer:133] - train epoch: 23 [57984/82964 (70%)], lr: ['1.00e-04'], loss: 0.507047
[2024-10-01 19:42:10,459][INFO][clas_trainer:133] - train epoch: 23 [66272/82964 (80%)], lr: ['1.00e-04'], loss: 0.384175
[2024-10-01 19:42:27,839][INFO][clas_trainer:133] - train epoch: 23 [74560/82964 (90%)], lr: ['1.00e-04'], loss: 0.491953
[2024-10-01 19:42:44,875][INFO][clas_trainer:133] - train epoch: 23 [82848/82964 (100%)], lr: ['1.00e-04'], loss: 0.343000
[2024-10-01 19:43:04,028][INFO][clas_trainer:63] - [epoch  23] execution time: 193.46s	metrics:
[2024-10-01 19:43:04,029][INFO][clas_evaluator:132] - dataset: earlystopping, avg f1-score: 0.7553
[2024-10-01 19:43:22,104][INFO][clas_trainer:133] - train epoch: 24 [8256/82964 (10%)], lr: ['1.00e-04'], loss: 0.450465
[2024-10-01 19:43:39,729][INFO][clas_trainer:133] - train epoch: 24 [16544/82964 (20%)], lr: ['1.00e-04'], loss: 0.503879
[2024-10-01 19:43:56,995][INFO][clas_trainer:133] - train epoch: 24 [24832/82964 (30%)], lr: ['1.00e-04'], loss: 0.592589
[2024-10-01 19:44:14,396][INFO][clas_trainer:133] - train epoch: 24 [33120/82964 (40%)], lr: ['1.00e-04'], loss: 0.545926
[2024-10-01 19:44:31,788][INFO][clas_trainer:133] - train epoch: 24 [41408/82964 (50%)], lr: ['1.00e-04'], loss: 0.615784
[2024-10-01 19:44:49,745][INFO][clas_trainer:133] - train epoch: 24 [49696/82964 (60%)], lr: ['1.00e-04'], loss: 0.459786
[2024-10-01 19:45:07,190][INFO][clas_trainer:133] - train epoch: 24 [57984/82964 (70%)], lr: ['1.00e-04'], loss: 0.371954
[2024-10-01 19:45:24,538][INFO][clas_trainer:133] - train epoch: 24 [66272/82964 (80%)], lr: ['1.00e-04'], loss: 0.306130
[2024-10-01 19:45:42,470][INFO][clas_trainer:133] - train epoch: 24 [74560/82964 (90%)], lr: ['1.00e-04'], loss: 0.208572
[2024-10-01 19:46:00,086][INFO][clas_trainer:133] - train epoch: 24 [82848/82964 (100%)], lr: ['1.00e-04'], loss: 0.616296
[2024-10-01 19:46:18,678][INFO][clas_trainer:63] - [epoch  24] execution time: 194.65s	metrics:
[2024-10-01 19:46:18,678][INFO][clas_evaluator:132] - dataset: earlystopping, avg f1-score: 0.7790
[2024-10-01 19:46:18,705][INFO][base_model:51] - snapshot saved to XXX/frequency-pretraining/models/exp003b-m3-base_fe_clas-2024-10-01_18-25-45-final.pth
[2024-10-01 19:46:36,631][INFO][clas_trainer:133] - train epoch: 25 [8256/82964 (10%)], lr: ['1.00e-04'], loss: 0.447327
[2024-10-01 19:46:53,585][INFO][clas_trainer:133] - train epoch: 25 [16544/82964 (20%)], lr: ['1.00e-04'], loss: 0.425438
[2024-10-01 19:47:10,801][INFO][clas_trainer:133] - train epoch: 25 [24832/82964 (30%)], lr: ['1.00e-04'], loss: 0.468417
[2024-10-01 19:47:28,009][INFO][clas_trainer:133] - train epoch: 25 [33120/82964 (40%)], lr: ['1.00e-04'], loss: 0.394564
[2024-10-01 19:47:45,179][INFO][clas_trainer:133] - train epoch: 25 [41408/82964 (50%)], lr: ['1.00e-04'], loss: 0.540668
[2024-10-01 19:48:02,358][INFO][clas_trainer:133] - train epoch: 25 [49696/82964 (60%)], lr: ['1.00e-04'], loss: 0.319284
[2024-10-01 19:48:19,583][INFO][clas_trainer:133] - train epoch: 25 [57984/82964 (70%)], lr: ['1.00e-04'], loss: 0.421525
[2024-10-01 19:48:36,509][INFO][clas_trainer:133] - train epoch: 25 [66272/82964 (80%)], lr: ['1.00e-04'], loss: 0.462657
[2024-10-01 19:48:53,342][INFO][clas_trainer:133] - train epoch: 25 [74560/82964 (90%)], lr: ['1.00e-04'], loss: 0.345176
[2024-10-01 19:49:10,300][INFO][clas_trainer:133] - train epoch: 25 [82848/82964 (100%)], lr: ['1.00e-04'], loss: 0.448988
[2024-10-01 19:49:29,037][INFO][clas_trainer:63] - [epoch  25] execution time: 190.33s	metrics:
[2024-10-01 19:49:29,037][INFO][clas_evaluator:132] - dataset: earlystopping, avg f1-score: 0.7613
[2024-10-01 19:49:46,709][INFO][clas_trainer:133] - train epoch: 26 [8256/82964 (10%)], lr: ['1.00e-04'], loss: 0.459973
[2024-10-01 19:50:04,386][INFO][clas_trainer:133] - train epoch: 26 [16544/82964 (20%)], lr: ['1.00e-04'], loss: 0.353598
[2024-10-01 19:50:21,833][INFO][clas_trainer:133] - train epoch: 26 [24832/82964 (30%)], lr: ['1.00e-04'], loss: 0.387190
[2024-10-01 19:50:39,680][INFO][clas_trainer:133] - train epoch: 26 [33120/82964 (40%)], lr: ['1.00e-04'], loss: 0.473262
[2024-10-01 19:50:56,716][INFO][clas_trainer:133] - train epoch: 26 [41408/82964 (50%)], lr: ['1.00e-04'], loss: 0.259764
[2024-10-01 19:51:13,992][INFO][clas_trainer:133] - train epoch: 26 [49696/82964 (60%)], lr: ['1.00e-04'], loss: 0.416117
[2024-10-01 19:51:31,084][INFO][clas_trainer:133] - train epoch: 26 [57984/82964 (70%)], lr: ['1.00e-04'], loss: 0.507058
[2024-10-01 19:51:48,285][INFO][clas_trainer:133] - train epoch: 26 [66272/82964 (80%)], lr: ['1.00e-04'], loss: 0.457593
[2024-10-01 19:52:05,567][INFO][clas_trainer:133] - train epoch: 26 [74560/82964 (90%)], lr: ['1.00e-04'], loss: 0.432481
[2024-10-01 19:52:22,591][INFO][clas_trainer:133] - train epoch: 26 [82848/82964 (100%)], lr: ['1.00e-04'], loss: 0.419498
[2024-10-01 19:52:41,549][INFO][clas_trainer:63] - [epoch  26] execution time: 192.51s	metrics:
[2024-10-01 19:52:41,550][INFO][clas_evaluator:132] - dataset: earlystopping, avg f1-score: 0.7649
[2024-10-01 19:52:59,459][INFO][clas_trainer:133] - train epoch: 27 [8256/82964 (10%)], lr: ['1.00e-04'], loss: 0.462175
[2024-10-01 19:53:16,122][INFO][clas_trainer:133] - train epoch: 27 [16544/82964 (20%)], lr: ['1.00e-04'], loss: 0.393908
[2024-10-01 19:53:32,726][INFO][clas_trainer:133] - train epoch: 27 [24832/82964 (30%)], lr: ['1.00e-04'], loss: 0.503923
[2024-10-01 19:53:49,720][INFO][clas_trainer:133] - train epoch: 27 [33120/82964 (40%)], lr: ['1.00e-04'], loss: 0.307994
[2024-10-01 19:54:06,527][INFO][clas_trainer:133] - train epoch: 27 [41408/82964 (50%)], lr: ['1.00e-04'], loss: 0.344309
[2024-10-01 19:54:23,227][INFO][clas_trainer:133] - train epoch: 27 [49696/82964 (60%)], lr: ['1.00e-04'], loss: 0.610121
[2024-10-01 19:54:39,991][INFO][clas_trainer:133] - train epoch: 27 [57984/82964 (70%)], lr: ['1.00e-04'], loss: 0.241318
[2024-10-01 19:54:56,641][INFO][clas_trainer:133] - train epoch: 27 [66272/82964 (80%)], lr: ['1.00e-04'], loss: 0.543358
[2024-10-01 19:55:13,567][INFO][clas_trainer:133] - train epoch: 27 [74560/82964 (90%)], lr: ['1.00e-04'], loss: 0.458395
[2024-10-01 19:55:30,158][INFO][clas_trainer:133] - train epoch: 27 [82848/82964 (100%)], lr: ['1.00e-04'], loss: 0.412524
[2024-10-01 19:55:48,383][INFO][clas_trainer:63] - [epoch  27] execution time: 186.83s	metrics:
[2024-10-01 19:55:48,384][INFO][clas_evaluator:132] - dataset: earlystopping, avg f1-score: 0.7653
[2024-10-01 19:56:06,069][INFO][clas_trainer:133] - train epoch: 28 [8256/82964 (10%)], lr: ['1.00e-04'], loss: 0.344358
[2024-10-01 19:56:22,939][INFO][clas_trainer:133] - train epoch: 28 [16544/82964 (20%)], lr: ['1.00e-04'], loss: 0.526746
[2024-10-01 19:56:39,716][INFO][clas_trainer:133] - train epoch: 28 [24832/82964 (30%)], lr: ['1.00e-04'], loss: 0.461989
[2024-10-01 19:56:56,492][INFO][clas_trainer:133] - train epoch: 28 [33120/82964 (40%)], lr: ['1.00e-04'], loss: 0.405379
[2024-10-01 19:57:13,261][INFO][clas_trainer:133] - train epoch: 28 [41408/82964 (50%)], lr: ['1.00e-04'], loss: 0.338135
[2024-10-01 19:57:30,196][INFO][clas_trainer:133] - train epoch: 28 [49696/82964 (60%)], lr: ['1.00e-04'], loss: 0.403561
[2024-10-01 19:57:47,696][INFO][clas_trainer:133] - train epoch: 28 [57984/82964 (70%)], lr: ['1.00e-04'], loss: 0.584657
[2024-10-01 19:58:05,400][INFO][clas_trainer:133] - train epoch: 28 [66272/82964 (80%)], lr: ['1.00e-04'], loss: 0.339167
[2024-10-01 19:58:23,162][INFO][clas_trainer:133] - train epoch: 28 [74560/82964 (90%)], lr: ['1.00e-04'], loss: 0.392810
[2024-10-01 19:58:40,181][INFO][clas_trainer:133] - train epoch: 28 [82848/82964 (100%)], lr: ['1.00e-04'], loss: 0.589189
[2024-10-01 19:58:58,548][INFO][clas_trainer:63] - [epoch  28] execution time: 190.16s	metrics:
[2024-10-01 19:58:58,548][INFO][clas_evaluator:132] - dataset: earlystopping, avg f1-score: 0.7489
[2024-10-01 19:59:15,959][INFO][clas_trainer:133] - train epoch: 29 [8256/82964 (10%)], lr: ['1.00e-04'], loss: 0.422090
[2024-10-01 19:59:32,665][INFO][clas_trainer:133] - train epoch: 29 [16544/82964 (20%)], lr: ['1.00e-04'], loss: 0.367883
[2024-10-01 19:59:49,714][INFO][clas_trainer:133] - train epoch: 29 [24832/82964 (30%)], lr: ['1.00e-04'], loss: 0.375483
[2024-10-01 20:00:06,667][INFO][clas_trainer:133] - train epoch: 29 [33120/82964 (40%)], lr: ['1.00e-04'], loss: 0.556847
[2024-10-01 20:00:23,455][INFO][clas_trainer:133] - train epoch: 29 [41408/82964 (50%)], lr: ['1.00e-04'], loss: 0.447552
[2024-10-01 20:00:40,050][INFO][clas_trainer:133] - train epoch: 29 [49696/82964 (60%)], lr: ['1.00e-04'], loss: 0.256724
[2024-10-01 20:00:56,711][INFO][clas_trainer:133] - train epoch: 29 [57984/82964 (70%)], lr: ['1.00e-04'], loss: 0.484108
[2024-10-01 20:01:13,378][INFO][clas_trainer:133] - train epoch: 29 [66272/82964 (80%)], lr: ['1.00e-04'], loss: 0.450684
[2024-10-01 20:01:29,974][INFO][clas_trainer:133] - train epoch: 29 [74560/82964 (90%)], lr: ['1.00e-04'], loss: 0.463421
[2024-10-01 20:01:46,287][INFO][clas_trainer:133] - train epoch: 29 [82848/82964 (100%)], lr: ['1.00e-04'], loss: 0.451296
[2024-10-01 20:02:04,587][INFO][clas_trainer:63] - [epoch  29] execution time: 186.04s	metrics:
[2024-10-01 20:02:04,587][INFO][clas_evaluator:132] - dataset: earlystopping, avg f1-score: 0.7351
[2024-10-01 20:02:22,094][INFO][clas_trainer:133] - train epoch: 30 [8256/82964 (10%)], lr: ['1.00e-04'], loss: 0.388159
[2024-10-01 20:02:39,070][INFO][clas_trainer:133] - train epoch: 30 [16544/82964 (20%)], lr: ['1.00e-04'], loss: 0.452054
[2024-10-01 20:02:55,644][INFO][clas_trainer:133] - train epoch: 30 [24832/82964 (30%)], lr: ['1.00e-04'], loss: 0.548018
[2024-10-01 20:03:12,539][INFO][clas_trainer:133] - train epoch: 30 [33120/82964 (40%)], lr: ['1.00e-04'], loss: 0.446816
[2024-10-01 20:03:29,670][INFO][clas_trainer:133] - train epoch: 30 [41408/82964 (50%)], lr: ['1.00e-04'], loss: 0.231718
[2024-10-01 20:03:46,335][INFO][clas_trainer:133] - train epoch: 30 [49696/82964 (60%)], lr: ['1.00e-04'], loss: 0.426715
[2024-10-01 20:04:03,013][INFO][clas_trainer:133] - train epoch: 30 [57984/82964 (70%)], lr: ['1.00e-04'], loss: 0.763827
[2024-10-01 20:04:19,682][INFO][clas_trainer:133] - train epoch: 30 [66272/82964 (80%)], lr: ['1.00e-04'], loss: 0.477818
[2024-10-01 20:04:36,242][INFO][clas_trainer:133] - train epoch: 30 [74560/82964 (90%)], lr: ['1.00e-04'], loss: 0.262204
[2024-10-01 20:04:52,702][INFO][clas_trainer:133] - train epoch: 30 [82848/82964 (100%)], lr: ['1.00e-04'], loss: 0.450706
[2024-10-01 20:05:10,077][INFO][clas_trainer:63] - [epoch  30] execution time: 185.49s	metrics:
[2024-10-01 20:05:10,077][INFO][clas_evaluator:132] - dataset: earlystopping, avg f1-score: 0.7675
[2024-10-01 20:05:26,953][INFO][clas_trainer:133] - train epoch: 31 [8256/82964 (10%)], lr: ['1.00e-04'], loss: 0.430388
[2024-10-01 20:05:43,471][INFO][clas_trainer:133] - train epoch: 31 [16544/82964 (20%)], lr: ['1.00e-04'], loss: 0.403121
[2024-10-01 20:05:59,682][INFO][clas_trainer:133] - train epoch: 31 [24832/82964 (30%)], lr: ['1.00e-04'], loss: 0.335461
[2024-10-01 20:06:16,076][INFO][clas_trainer:133] - train epoch: 31 [33120/82964 (40%)], lr: ['1.00e-04'], loss: 0.402574
[2024-10-01 20:06:32,416][INFO][clas_trainer:133] - train epoch: 31 [41408/82964 (50%)], lr: ['1.00e-04'], loss: 0.345879
[2024-10-01 20:06:48,703][INFO][clas_trainer:133] - train epoch: 31 [49696/82964 (60%)], lr: ['1.00e-04'], loss: 0.113961
[2024-10-01 20:07:05,186][INFO][clas_trainer:133] - train epoch: 31 [57984/82964 (70%)], lr: ['1.00e-04'], loss: 0.511314
[2024-10-01 20:07:21,234][INFO][clas_trainer:133] - train epoch: 31 [66272/82964 (80%)], lr: ['1.00e-04'], loss: 0.272590
[2024-10-01 20:07:36,894][INFO][clas_trainer:133] - train epoch: 31 [74560/82964 (90%)], lr: ['1.00e-04'], loss: 0.399151
[2024-10-01 20:07:53,149][INFO][clas_trainer:133] - train epoch: 31 [82848/82964 (100%)], lr: ['1.00e-04'], loss: 0.461562
[2024-10-01 20:08:10,547][INFO][clas_trainer:63] - [epoch  31] execution time: 180.47s	metrics:
[2024-10-01 20:08:10,548][INFO][clas_evaluator:132] - dataset: earlystopping, avg f1-score: 0.7629
[2024-10-01 20:08:27,146][INFO][clas_trainer:133] - train epoch: 32 [8256/82964 (10%)], lr: ['1.00e-04'], loss: 0.217477
[2024-10-01 20:08:43,785][INFO][clas_trainer:133] - train epoch: 32 [16544/82964 (20%)], lr: ['1.00e-04'], loss: 0.363078
[2024-10-01 20:09:00,174][INFO][clas_trainer:133] - train epoch: 32 [24832/82964 (30%)], lr: ['1.00e-04'], loss: 0.788605
[2024-10-01 20:09:16,120][INFO][clas_trainer:133] - train epoch: 32 [33120/82964 (40%)], lr: ['1.00e-04'], loss: 0.588380
[2024-10-01 20:09:32,527][INFO][clas_trainer:133] - train epoch: 32 [41408/82964 (50%)], lr: ['1.00e-04'], loss: 0.400101
[2024-10-01 20:09:48,862][INFO][clas_trainer:133] - train epoch: 32 [49696/82964 (60%)], lr: ['1.00e-04'], loss: 0.529671
[2024-10-01 20:10:05,114][INFO][clas_trainer:133] - train epoch: 32 [57984/82964 (70%)], lr: ['1.00e-04'], loss: 0.289990
[2024-10-01 20:10:20,944][INFO][clas_trainer:133] - train epoch: 32 [66272/82964 (80%)], lr: ['1.00e-04'], loss: 0.366437
[2024-10-01 20:10:37,000][INFO][clas_trainer:133] - train epoch: 32 [74560/82964 (90%)], lr: ['1.00e-04'], loss: 0.336602
[2024-10-01 20:10:52,616][INFO][clas_trainer:133] - train epoch: 32 [82848/82964 (100%)], lr: ['1.00e-04'], loss: 0.400228
[2024-10-01 20:11:10,081][INFO][clas_trainer:63] - [epoch  32] execution time: 179.53s	metrics:
[2024-10-01 20:11:10,082][INFO][clas_evaluator:132] - dataset: earlystopping, avg f1-score: 0.7468
[2024-10-01 20:11:26,432][INFO][clas_trainer:133] - train epoch: 33 [8256/82964 (10%)], lr: ['1.00e-04'], loss: 0.411937
[2024-10-01 20:11:42,429][INFO][clas_trainer:133] - train epoch: 33 [16544/82964 (20%)], lr: ['1.00e-04'], loss: 0.281988
[2024-10-01 20:11:58,220][INFO][clas_trainer:133] - train epoch: 33 [24832/82964 (30%)], lr: ['1.00e-04'], loss: 0.425279
[2024-10-01 20:12:13,590][INFO][clas_trainer:133] - train epoch: 33 [33120/82964 (40%)], lr: ['1.00e-04'], loss: 0.640368
[2024-10-01 20:12:29,263][INFO][clas_trainer:133] - train epoch: 33 [41408/82964 (50%)], lr: ['1.00e-04'], loss: 0.511696
[2024-10-01 20:12:44,990][INFO][clas_trainer:133] - train epoch: 33 [49696/82964 (60%)], lr: ['1.00e-04'], loss: 0.335332
[2024-10-01 20:13:00,751][INFO][clas_trainer:133] - train epoch: 33 [57984/82964 (70%)], lr: ['1.00e-04'], loss: 0.501388
[2024-10-01 20:13:16,332][INFO][clas_trainer:133] - train epoch: 33 [66272/82964 (80%)], lr: ['1.00e-04'], loss: 0.480718
[2024-10-01 20:13:32,100][INFO][clas_trainer:133] - train epoch: 33 [74560/82964 (90%)], lr: ['1.00e-04'], loss: 0.428023
[2024-10-01 20:13:47,965][INFO][clas_trainer:133] - train epoch: 33 [82848/82964 (100%)], lr: ['1.00e-04'], loss: 0.501076
[2024-10-01 20:14:04,899][INFO][clas_trainer:63] - [epoch  33] execution time: 174.82s	metrics:
[2024-10-01 20:14:04,900][INFO][clas_evaluator:132] - dataset: earlystopping, avg f1-score: 0.7694
[2024-10-01 20:14:21,162][INFO][clas_trainer:133] - train epoch: 34 [8256/82964 (10%)], lr: ['1.00e-04'], loss: 0.373025
[2024-10-01 20:14:36,547][INFO][clas_trainer:133] - train epoch: 34 [16544/82964 (20%)], lr: ['1.00e-04'], loss: 0.288108
[2024-10-01 20:14:51,968][INFO][clas_trainer:133] - train epoch: 34 [24832/82964 (30%)], lr: ['1.00e-04'], loss: 0.248619
[2024-10-01 20:15:07,864][INFO][clas_trainer:133] - train epoch: 34 [33120/82964 (40%)], lr: ['1.00e-04'], loss: 0.233277
[2024-10-01 20:15:23,536][INFO][clas_trainer:133] - train epoch: 34 [41408/82964 (50%)], lr: ['1.00e-04'], loss: 0.342897
[2024-10-01 20:15:39,080][INFO][clas_trainer:133] - train epoch: 34 [49696/82964 (60%)], lr: ['1.00e-04'], loss: 0.453657
[2024-10-01 20:15:54,572][INFO][clas_trainer:133] - train epoch: 34 [57984/82964 (70%)], lr: ['1.00e-04'], loss: 0.495444
[2024-10-01 20:16:10,322][INFO][clas_trainer:133] - train epoch: 34 [66272/82964 (80%)], lr: ['1.00e-04'], loss: 0.222905
[2024-10-01 20:16:25,883][INFO][clas_trainer:133] - train epoch: 34 [74560/82964 (90%)], lr: ['1.00e-04'], loss: 0.290020
[2024-10-01 20:16:41,392][INFO][clas_trainer:133] - train epoch: 34 [82848/82964 (100%)], lr: ['1.00e-04'], loss: 0.363451
[2024-10-01 20:16:58,155][INFO][clas_trainer:63] - [epoch  34] execution time: 173.26s	metrics:
[2024-10-01 20:16:58,155][INFO][clas_evaluator:132] - dataset: earlystopping, avg f1-score: 0.7473
[2024-10-01 20:16:58,162][INFO][clas_trainer:79] - finished training
[2024-10-01 20:16:58,162][INFO][clas_trainer:80] - best model on epoch: 24 	f1-score: 0.7790
