[2024-10-04 10:23:34,878][INFO][fine-tune:25] - Using GPU 7
[2024-10-04 10:23:34,884][INFO][fine-tune:35] - overrides:
hydra:
- hydra.launcher.n_jobs=40
- hydra.mode=MULTIRUN
task:
- m_seed_path_sids={seeds:[14,14,14,14,14],path:"exp006b-m14-simple_multi_class-2024-09-20_13-58-02-final.pth",subject_ids:{isruc:$\{data.isruc.cv_5_fold.fold_5\}}}
- data.downstream.train_dataloader.dataset.data_reducer.n_epochs=340
- data.downstream.train_dataloader.dataset.data_reducer.n_subjects=3
- general.gpus=[4,5,6,7]

[2024-10-04 10:23:40,981][INFO][data_loaders:39] - class distribution before data reduction:
# samples per subject
sg1-10-1: 842
sg1-11-1: 997
sg1-14-1: 906
sg1-15-1: 786
sg1-18-1: 999
sg1-19-1: 828
sg1-2-1: 964
sg1-20-1: 950
sg1-22-1: 849
sg1-23-1: 892
sg1-25-1: 921
sg1-26-1: 1062
sg1-27-1: 918
sg1-28-1: 882
sg1-29-1: 912
sg1-3-1: 943
sg1-31-1: 877
sg1-32-1: 1010
sg1-33-1: 920
sg1-34-1: 871
sg1-39-1: 900
sg1-40-1: 875
sg1-43-1: 747
sg1-44-1: 932
sg1-46-1: 863
sg1-47-1: 838
sg1-48-1: 981
sg1-49-1: 793
sg1-5-1: 875
sg1-51-1: 856
sg1-52-1: 912
sg1-53-1: 910
sg1-54-1: 814
sg1-56-1: 956
sg1-58-1: 965
sg1-59-1: 942
sg1-6-1: 897
sg1-60-1: 916
sg1-61-1: 852
sg1-62-1: 864
sg1-63-1: 954
sg1-64-1: 892
sg1-66-1: 845
sg1-68-1: 956
sg1-69-1: 815
sg1-7-1: 933
sg1-71-1: 829
sg1-72-1: 872
sg1-73-1: 997
sg1-74-1: 897
sg1-75-1: 898
sg1-76-1: 850
sg1-77-1: 805
sg1-78-1: 894
sg1-80-1: 889
sg1-81-1: 911
sg1-82-1: 882
sg1-83-1: 925
sg1-86-1: 964
sg1-88-1: 1002
sg1-89-1: 1036
sg1-9-1: 969
sg1-90-1: 933
sg1-92-1: 877
sg1-93-1: 870
sg1-94-1: 846
sg1-95-1: 865
sg1-96-1: 858
sg1-97-1: 912
sg1-98-1: 899
sg2-1-1: 933
sg2-1-2: 787
sg2-2-1: 851
sg2-2-2: 869
sg2-4-1: 932
sg2-4-2: 899
sg2-5-1: 815
sg2-5-2: 879
sg2-6-1: 965
sg2-6-2: 1014
sg2-7-1: 942
sg2-7-2: 899
sg2-8-1: 815
sg2-8-2: 923
sg3-1-1: 954
sg3-10-1: 796
sg3-2-1: 941
sg3-3-1: 824
sg3-4-1: 794
sg3-5-1: 944
sg3-6-1: 853
sg3-9-1: 969

# samples per stage
0: 18268
1: 11319
2: 26640
3: 15950
4: 10513
[2024-10-04 10:23:41,469][INFO][data_loaders:43] - class distribution after data reduction:
# samples per subject
sg1-32-1: 31347
sg1-47-1: 28917
sg1-61-1: 22356

# samples per stage
0: 13608
1: 16767
2: 28431
3: 13851
4: 9963
[2024-10-04 10:23:41,501][INFO][base_pretraining_fe:55] - Loading model from exp006b-m14-simple_multi_class-2024-09-20_13-58-02-final.pth
[2024-10-04 10:23:41,979][INFO][data_loaders:39] - class distribution before data reduction:
# samples per subject
sg1-21-1: 1054
sg1-24-1: 830
sg1-30-1: 882
sg1-4-1: 963
sg1-41-1: 974
sg1-55-1: 879
sg1-79-1: 880
sg1-87-1: 926

# samples per stage
0: 1418
1: 795
2: 2616
3: 1318
4: 1241
[2024-10-04 10:23:42,000][INFO][data_loaders:43] - class distribution after data reduction:
# samples per subject
sg1-21-1: 1054
sg1-24-1: 830
sg1-30-1: 882
sg1-4-1: 963
sg1-41-1: 974
sg1-55-1: 879
sg1-79-1: 880
sg1-87-1: 926

# samples per stage
0: 1418
1: 795
2: 2616
3: 1318
4: 1241
[2024-10-04 10:23:42,027][INFO][clas_trainer:49] - metrics before training (epoch 0):
[2024-10-04 10:24:22,279][INFO][clas_evaluator:132] - dataset: earlystopping, avg f1-score: 0.1068
[2024-10-04 10:25:03,237][INFO][clas_trainer:133] - train epoch: 1 [8224/82620 (10%)], lr: ['1.00e-04', '1.00e-04'], loss: 1.049232
[2024-10-04 10:25:44,176][INFO][clas_trainer:133] - train epoch: 1 [16480/82620 (20%)], lr: ['1.00e-04', '1.00e-04'], loss: 0.667907
[2024-10-04 10:26:25,720][INFO][clas_trainer:133] - train epoch: 1 [24736/82620 (30%)], lr: ['1.00e-04', '1.00e-04'], loss: 0.753911
[2024-10-04 10:27:06,043][INFO][clas_trainer:133] - train epoch: 1 [32992/82620 (40%)], lr: ['1.00e-04', '1.00e-04'], loss: 0.406823
[2024-10-04 10:27:49,539][INFO][clas_trainer:133] - train epoch: 1 [41248/82620 (50%)], lr: ['1.00e-04', '1.00e-04'], loss: 0.511335
[2024-10-04 10:28:32,947][INFO][clas_trainer:133] - train epoch: 1 [49504/82620 (60%)], lr: ['1.00e-04', '1.00e-04'], loss: 0.183371
[2024-10-04 10:29:14,797][INFO][clas_trainer:133] - train epoch: 1 [57760/82620 (70%)], lr: ['1.00e-04', '1.00e-04'], loss: 0.023380
[2024-10-04 10:29:56,289][INFO][clas_trainer:133] - train epoch: 1 [66016/82620 (80%)], lr: ['1.00e-04', '1.00e-04'], loss: 0.067361
[2024-10-04 10:30:40,879][INFO][clas_trainer:133] - train epoch: 1 [74272/82620 (90%)], lr: ['1.00e-04', '1.00e-04'], loss: 0.057597
[2024-10-04 10:31:23,361][INFO][clas_trainer:133] - train epoch: 1 [82528/82620 (100%)], lr: ['1.00e-04', '1.00e-04'], loss: 0.045215
[2024-10-04 10:32:04,866][INFO][clas_trainer:63] - [epoch   1] execution time: 462.59s	metrics:
[2024-10-04 10:32:04,867][INFO][clas_evaluator:132] - dataset: earlystopping, avg f1-score: 0.6935
[2024-10-04 10:32:04,910][INFO][base_model:51] - snapshot saved to XXX/frequency-pretraining/models/exp006c-m367-base_fe_clas-2024-10-03_20-03-43-final.pth
[2024-10-04 10:32:48,411][INFO][clas_trainer:133] - train epoch: 2 [8224/82620 (10%)], lr: ['1.00e-04', '1.00e-04'], loss: 0.006282
[2024-10-04 10:33:30,554][INFO][clas_trainer:133] - train epoch: 2 [16480/82620 (20%)], lr: ['1.00e-04', '1.00e-04'], loss: 0.092153
[2024-10-04 10:34:14,783][INFO][clas_trainer:133] - train epoch: 2 [24736/82620 (30%)], lr: ['1.00e-04', '1.00e-04'], loss: 0.019063
[2024-10-04 10:34:58,757][INFO][clas_trainer:133] - train epoch: 2 [32992/82620 (40%)], lr: ['1.00e-04', '1.00e-04'], loss: 0.008982
[2024-10-04 10:35:42,529][INFO][clas_trainer:133] - train epoch: 2 [41248/82620 (50%)], lr: ['1.00e-04', '1.00e-04'], loss: 0.030404
[2024-10-04 10:36:23,682][INFO][clas_trainer:133] - train epoch: 2 [49504/82620 (60%)], lr: ['1.00e-04', '1.00e-04'], loss: 0.004770
[2024-10-04 10:37:05,928][INFO][clas_trainer:133] - train epoch: 2 [57760/82620 (70%)], lr: ['1.00e-04', '1.00e-04'], loss: 0.002517
[2024-10-04 10:37:48,747][INFO][clas_trainer:133] - train epoch: 2 [66016/82620 (80%)], lr: ['1.00e-04', '1.00e-04'], loss: 0.026019
[2024-10-04 10:38:31,407][INFO][clas_trainer:133] - train epoch: 2 [74272/82620 (90%)], lr: ['1.00e-04', '1.00e-04'], loss: 0.001628
[2024-10-04 10:39:10,940][INFO][clas_trainer:133] - train epoch: 2 [82528/82620 (100%)], lr: ['1.00e-04', '1.00e-04'], loss: 0.013458
[2024-10-04 10:39:51,812][INFO][clas_trainer:63] - [epoch   2] execution time: 466.90s	metrics:
[2024-10-04 10:39:51,813][INFO][clas_evaluator:132] - dataset: earlystopping, avg f1-score: 0.6994
[2024-10-04 10:39:51,855][INFO][base_model:51] - snapshot saved to XXX/frequency-pretraining/models/exp006c-m367-base_fe_clas-2024-10-03_20-03-43-final.pth
[2024-10-04 10:40:36,099][INFO][clas_trainer:133] - train epoch: 3 [8224/82620 (10%)], lr: ['1.00e-04', '1.00e-04'], loss: 0.008221
[2024-10-04 10:41:17,713][INFO][clas_trainer:133] - train epoch: 3 [16480/82620 (20%)], lr: ['1.00e-04', '1.00e-04'], loss: 0.003595
[2024-10-04 10:41:58,568][INFO][clas_trainer:133] - train epoch: 3 [24736/82620 (30%)], lr: ['1.00e-04', '1.00e-04'], loss: 0.000734
[2024-10-04 10:42:41,884][INFO][clas_trainer:133] - train epoch: 3 [32992/82620 (40%)], lr: ['1.00e-04', '1.00e-04'], loss: 0.073919
[2024-10-04 10:43:23,454][INFO][clas_trainer:133] - train epoch: 3 [41248/82620 (50%)], lr: ['1.00e-04', '1.00e-04'], loss: 0.001043
[2024-10-04 10:44:04,421][INFO][clas_trainer:133] - train epoch: 3 [49504/82620 (60%)], lr: ['1.00e-04', '1.00e-04'], loss: 0.008779
[2024-10-04 10:44:45,105][INFO][clas_trainer:133] - train epoch: 3 [57760/82620 (70%)], lr: ['1.00e-04', '1.00e-04'], loss: 0.024186
[2024-10-04 10:45:23,566][INFO][clas_trainer:133] - train epoch: 3 [66016/82620 (80%)], lr: ['1.00e-04', '1.00e-04'], loss: 0.001207
[2024-10-04 10:46:00,282][INFO][clas_trainer:133] - train epoch: 3 [74272/82620 (90%)], lr: ['1.00e-04', '1.00e-04'], loss: 0.000279
[2024-10-04 10:46:37,726][INFO][clas_trainer:133] - train epoch: 3 [82528/82620 (100%)], lr: ['1.00e-04', '1.00e-04'], loss: 0.001584
[2024-10-04 10:47:17,772][INFO][clas_trainer:63] - [epoch   3] execution time: 445.92s	metrics:
[2024-10-04 10:47:17,773][INFO][clas_evaluator:132] - dataset: earlystopping, avg f1-score: 0.6901
[2024-10-04 10:48:01,643][INFO][clas_trainer:133] - train epoch: 4 [8224/82620 (10%)], lr: ['1.00e-04', '1.00e-04'], loss: 0.002264
[2024-10-04 10:48:42,963][INFO][clas_trainer:133] - train epoch: 4 [16480/82620 (20%)], lr: ['1.00e-04', '1.00e-04'], loss: 0.003685
[2024-10-04 10:49:24,128][INFO][clas_trainer:133] - train epoch: 4 [24736/82620 (30%)], lr: ['1.00e-04', '1.00e-04'], loss: 0.004352
[2024-10-04 10:50:06,753][INFO][clas_trainer:133] - train epoch: 4 [32992/82620 (40%)], lr: ['1.00e-04', '1.00e-04'], loss: 0.000207
[2024-10-04 10:50:45,880][INFO][clas_trainer:133] - train epoch: 4 [41248/82620 (50%)], lr: ['1.00e-04', '1.00e-04'], loss: 0.000234
[2024-10-04 10:51:24,654][INFO][clas_trainer:133] - train epoch: 4 [49504/82620 (60%)], lr: ['1.00e-04', '1.00e-04'], loss: 0.013518
[2024-10-04 10:52:04,030][INFO][clas_trainer:133] - train epoch: 4 [57760/82620 (70%)], lr: ['1.00e-04', '1.00e-04'], loss: 0.000295
[2024-10-04 10:52:43,680][INFO][clas_trainer:133] - train epoch: 4 [66016/82620 (80%)], lr: ['1.00e-04', '1.00e-04'], loss: 0.000237
[2024-10-04 10:53:22,808][INFO][clas_trainer:133] - train epoch: 4 [74272/82620 (90%)], lr: ['1.00e-04', '1.00e-04'], loss: 0.000388
[2024-10-04 10:54:02,796][INFO][clas_trainer:133] - train epoch: 4 [82528/82620 (100%)], lr: ['1.00e-04', '1.00e-04'], loss: 0.000772
[2024-10-04 10:54:40,733][INFO][clas_trainer:63] - [epoch   4] execution time: 442.96s	metrics:
[2024-10-04 10:54:40,734][INFO][clas_evaluator:132] - dataset: earlystopping, avg f1-score: 0.7109
[2024-10-04 10:54:40,779][INFO][base_model:51] - snapshot saved to XXX/frequency-pretraining/models/exp006c-m367-base_fe_clas-2024-10-03_20-03-43-final.pth
[2024-10-04 10:55:21,155][INFO][clas_trainer:133] - train epoch: 5 [8224/82620 (10%)], lr: ['1.00e-04', '1.00e-04'], loss: 0.000114
[2024-10-04 10:56:00,924][INFO][clas_trainer:133] - train epoch: 5 [16480/82620 (20%)], lr: ['1.00e-04', '1.00e-04'], loss: 0.033094
[2024-10-04 10:56:39,328][INFO][clas_trainer:133] - train epoch: 5 [24736/82620 (30%)], lr: ['1.00e-04', '1.00e-04'], loss: 0.000414
[2024-10-04 10:57:16,387][INFO][clas_trainer:133] - train epoch: 5 [32992/82620 (40%)], lr: ['1.00e-04', '1.00e-04'], loss: 0.000352
[2024-10-04 10:57:53,627][INFO][clas_trainer:133] - train epoch: 5 [41248/82620 (50%)], lr: ['1.00e-04', '1.00e-04'], loss: 0.000570
[2024-10-04 10:58:28,267][INFO][clas_trainer:133] - train epoch: 5 [49504/82620 (60%)], lr: ['1.00e-04', '1.00e-04'], loss: 0.000256
[2024-10-04 10:59:02,587][INFO][clas_trainer:133] - train epoch: 5 [57760/82620 (70%)], lr: ['1.00e-04', '1.00e-04'], loss: 0.003457
[2024-10-04 10:59:37,252][INFO][clas_trainer:133] - train epoch: 5 [66016/82620 (80%)], lr: ['1.00e-04', '1.00e-04'], loss: 0.001269
[2024-10-04 11:00:14,225][INFO][clas_trainer:133] - train epoch: 5 [74272/82620 (90%)], lr: ['1.00e-04', '1.00e-04'], loss: 0.004126
[2024-10-04 11:00:50,806][INFO][clas_trainer:133] - train epoch: 5 [82528/82620 (100%)], lr: ['1.00e-04', '1.00e-04'], loss: 0.000696
[2024-10-04 11:01:27,442][INFO][clas_trainer:63] - [epoch   5] execution time: 406.66s	metrics:
[2024-10-04 11:01:27,443][INFO][clas_evaluator:132] - dataset: earlystopping, avg f1-score: 0.6935
[2024-10-04 11:02:02,915][INFO][clas_trainer:133] - train epoch: 6 [8224/82620 (10%)], lr: ['1.00e-04', '1.00e-04'], loss: 0.005901
[2024-10-04 11:02:38,583][INFO][clas_trainer:133] - train epoch: 6 [16480/82620 (20%)], lr: ['1.00e-04', '1.00e-04'], loss: 0.001191
[2024-10-04 11:03:13,895][INFO][clas_trainer:133] - train epoch: 6 [24736/82620 (30%)], lr: ['1.00e-04', '1.00e-04'], loss: 0.004799
[2024-10-04 11:03:49,339][INFO][clas_trainer:133] - train epoch: 6 [32992/82620 (40%)], lr: ['1.00e-04', '1.00e-04'], loss: 0.000587
[2024-10-04 11:04:24,987][INFO][clas_trainer:133] - train epoch: 6 [41248/82620 (50%)], lr: ['1.00e-04', '1.00e-04'], loss: 0.000867
[2024-10-04 11:05:00,459][INFO][clas_trainer:133] - train epoch: 6 [49504/82620 (60%)], lr: ['1.00e-04', '1.00e-04'], loss: 0.002419
[2024-10-04 11:05:35,346][INFO][clas_trainer:133] - train epoch: 6 [57760/82620 (70%)], lr: ['1.00e-04', '1.00e-04'], loss: 0.001188
[2024-10-04 11:06:09,274][INFO][clas_trainer:133] - train epoch: 6 [66016/82620 (80%)], lr: ['1.00e-04', '1.00e-04'], loss: 0.019467
[2024-10-04 11:06:43,440][INFO][clas_trainer:133] - train epoch: 6 [74272/82620 (90%)], lr: ['1.00e-04', '1.00e-04'], loss: 0.019356
[2024-10-04 11:07:17,342][INFO][clas_trainer:133] - train epoch: 6 [82528/82620 (100%)], lr: ['1.00e-04', '1.00e-04'], loss: 0.000057
[2024-10-04 11:07:52,543][INFO][clas_trainer:63] - [epoch   6] execution time: 385.10s	metrics:
[2024-10-04 11:07:52,544][INFO][clas_evaluator:132] - dataset: earlystopping, avg f1-score: 0.7055
[2024-10-04 11:08:27,029][INFO][clas_trainer:133] - train epoch: 7 [8224/82620 (10%)], lr: ['1.00e-04', '1.00e-04'], loss: 0.017198
[2024-10-04 11:09:00,452][INFO][clas_trainer:133] - train epoch: 7 [16480/82620 (20%)], lr: ['1.00e-04', '1.00e-04'], loss: 0.001528
[2024-10-04 11:09:32,964][INFO][clas_trainer:133] - train epoch: 7 [24736/82620 (30%)], lr: ['1.00e-04', '1.00e-04'], loss: 0.006597
[2024-10-04 11:10:05,214][INFO][clas_trainer:133] - train epoch: 7 [32992/82620 (40%)], lr: ['1.00e-04', '1.00e-04'], loss: 0.001570
[2024-10-04 11:10:37,115][INFO][clas_trainer:133] - train epoch: 7 [41248/82620 (50%)], lr: ['1.00e-04', '1.00e-04'], loss: 0.006818
[2024-10-04 11:11:09,972][INFO][clas_trainer:133] - train epoch: 7 [49504/82620 (60%)], lr: ['1.00e-04', '1.00e-04'], loss: 0.000540
[2024-10-04 11:11:43,298][INFO][clas_trainer:133] - train epoch: 7 [57760/82620 (70%)], lr: ['1.00e-04', '1.00e-04'], loss: 0.000616
[2024-10-04 11:12:16,677][INFO][clas_trainer:133] - train epoch: 7 [66016/82620 (80%)], lr: ['1.00e-04', '1.00e-04'], loss: 0.000467
[2024-10-04 11:12:49,739][INFO][clas_trainer:133] - train epoch: 7 [74272/82620 (90%)], lr: ['1.00e-04', '1.00e-04'], loss: 0.001624
[2024-10-04 11:13:22,376][INFO][clas_trainer:133] - train epoch: 7 [82528/82620 (100%)], lr: ['1.00e-04', '1.00e-04'], loss: 0.000596
[2024-10-04 11:13:57,349][INFO][clas_trainer:63] - [epoch   7] execution time: 364.80s	metrics:
[2024-10-04 11:13:57,349][INFO][clas_evaluator:132] - dataset: earlystopping, avg f1-score: 0.6920
[2024-10-04 11:14:31,298][INFO][clas_trainer:133] - train epoch: 8 [8224/82620 (10%)], lr: ['1.00e-04', '1.00e-04'], loss: 0.000231
[2024-10-04 11:15:03,728][INFO][clas_trainer:133] - train epoch: 8 [16480/82620 (20%)], lr: ['1.00e-04', '1.00e-04'], loss: 0.013313
[2024-10-04 11:15:36,935][INFO][clas_trainer:133] - train epoch: 8 [24736/82620 (30%)], lr: ['1.00e-04', '1.00e-04'], loss: 0.000598
[2024-10-04 11:16:10,144][INFO][clas_trainer:133] - train epoch: 8 [32992/82620 (40%)], lr: ['1.00e-04', '1.00e-04'], loss: 0.003565
[2024-10-04 11:16:43,825][INFO][clas_trainer:133] - train epoch: 8 [41248/82620 (50%)], lr: ['1.00e-04', '1.00e-04'], loss: 0.003132
[2024-10-04 11:17:17,531][INFO][clas_trainer:133] - train epoch: 8 [49504/82620 (60%)], lr: ['1.00e-04', '1.00e-04'], loss: 0.001017
[2024-10-04 11:17:50,858][INFO][clas_trainer:133] - train epoch: 8 [57760/82620 (70%)], lr: ['1.00e-04', '1.00e-04'], loss: 0.000749
[2024-10-04 11:18:24,061][INFO][clas_trainer:133] - train epoch: 8 [66016/82620 (80%)], lr: ['1.00e-04', '1.00e-04'], loss: 0.000067
[2024-10-04 11:18:57,375][INFO][clas_trainer:133] - train epoch: 8 [74272/82620 (90%)], lr: ['1.00e-04', '1.00e-04'], loss: 0.000281
[2024-10-04 11:19:30,567][INFO][clas_trainer:133] - train epoch: 8 [82528/82620 (100%)], lr: ['1.00e-04', '1.00e-04'], loss: 0.000224
[2024-10-04 11:20:06,231][INFO][clas_trainer:63] - [epoch   8] execution time: 368.88s	metrics:
[2024-10-04 11:20:06,231][INFO][clas_evaluator:132] - dataset: earlystopping, avg f1-score: 0.6766
[2024-10-04 11:20:40,812][INFO][clas_trainer:133] - train epoch: 9 [8224/82620 (10%)], lr: ['1.00e-04', '1.00e-04'], loss: 0.002361
[2024-10-04 11:21:14,234][INFO][clas_trainer:133] - train epoch: 9 [16480/82620 (20%)], lr: ['1.00e-04', '1.00e-04'], loss: 0.000235
[2024-10-04 11:21:47,164][INFO][clas_trainer:133] - train epoch: 9 [24736/82620 (30%)], lr: ['1.00e-04', '1.00e-04'], loss: 0.005722
[2024-10-04 11:22:19,687][INFO][clas_trainer:133] - train epoch: 9 [32992/82620 (40%)], lr: ['1.00e-04', '1.00e-04'], loss: 0.005150
[2024-10-04 11:22:52,655][INFO][clas_trainer:133] - train epoch: 9 [41248/82620 (50%)], lr: ['1.00e-04', '1.00e-04'], loss: 0.000457
[2024-10-04 11:23:25,643][INFO][clas_trainer:133] - train epoch: 9 [49504/82620 (60%)], lr: ['1.00e-04', '1.00e-04'], loss: 0.000114
[2024-10-04 11:23:58,431][INFO][clas_trainer:133] - train epoch: 9 [57760/82620 (70%)], lr: ['1.00e-04', '1.00e-04'], loss: 0.000232
[2024-10-04 11:24:31,446][INFO][clas_trainer:133] - train epoch: 9 [66016/82620 (80%)], lr: ['1.00e-04', '1.00e-04'], loss: 0.079116
[2024-10-04 11:25:03,411][INFO][clas_trainer:133] - train epoch: 9 [74272/82620 (90%)], lr: ['1.00e-04', '1.00e-04'], loss: 0.024402
[2024-10-04 11:25:35,581][INFO][clas_trainer:133] - train epoch: 9 [82528/82620 (100%)], lr: ['1.00e-04', '1.00e-04'], loss: 0.005309
[2024-10-04 11:26:10,153][INFO][clas_trainer:63] - [epoch   9] execution time: 363.92s	metrics:
[2024-10-04 11:26:10,155][INFO][clas_evaluator:132] - dataset: earlystopping, avg f1-score: 0.6475
[2024-10-04 11:26:43,038][INFO][clas_trainer:133] - train epoch: 10 [8224/82620 (10%)], lr: ['1.00e-04', '1.00e-04'], loss: 0.010649
[2024-10-04 11:27:15,471][INFO][clas_trainer:133] - train epoch: 10 [16480/82620 (20%)], lr: ['1.00e-04', '1.00e-04'], loss: 0.009410
[2024-10-04 11:27:48,710][INFO][clas_trainer:133] - train epoch: 10 [24736/82620 (30%)], lr: ['1.00e-04', '1.00e-04'], loss: 0.002864
[2024-10-04 11:28:21,222][INFO][clas_trainer:133] - train epoch: 10 [32992/82620 (40%)], lr: ['1.00e-04', '1.00e-04'], loss: 0.004028
[2024-10-04 11:28:54,201][INFO][clas_trainer:133] - train epoch: 10 [41248/82620 (50%)], lr: ['1.00e-04', '1.00e-04'], loss: 0.000683
[2024-10-04 11:29:27,014][INFO][clas_trainer:133] - train epoch: 10 [49504/82620 (60%)], lr: ['1.00e-04', '1.00e-04'], loss: 0.001870
[2024-10-04 11:29:59,790][INFO][clas_trainer:133] - train epoch: 10 [57760/82620 (70%)], lr: ['1.00e-04', '1.00e-04'], loss: 0.001208
[2024-10-04 11:30:32,920][INFO][clas_trainer:133] - train epoch: 10 [66016/82620 (80%)], lr: ['1.00e-04', '1.00e-04'], loss: 0.000431
[2024-10-04 11:31:06,048][INFO][clas_trainer:133] - train epoch: 10 [74272/82620 (90%)], lr: ['1.00e-04', '1.00e-04'], loss: 0.000313
[2024-10-04 11:31:38,744][INFO][clas_trainer:133] - train epoch: 10 [82528/82620 (100%)], lr: ['1.00e-04', '1.00e-04'], loss: 0.000695
[2024-10-04 11:32:12,382][INFO][clas_trainer:63] - [epoch  10] execution time: 362.23s	metrics:
[2024-10-04 11:32:12,383][INFO][clas_evaluator:132] - dataset: earlystopping, avg f1-score: 0.6790
[2024-10-04 11:32:45,453][INFO][clas_trainer:133] - train epoch: 11 [8224/82620 (10%)], lr: ['1.00e-04', '1.00e-04'], loss: 0.000234
[2024-10-04 11:33:17,139][INFO][clas_trainer:133] - train epoch: 11 [16480/82620 (20%)], lr: ['1.00e-04', '1.00e-04'], loss: 0.019131
[2024-10-04 11:33:48,870][INFO][clas_trainer:133] - train epoch: 11 [24736/82620 (30%)], lr: ['1.00e-04', '1.00e-04'], loss: 0.001534
[2024-10-04 11:34:20,106][INFO][clas_trainer:133] - train epoch: 11 [32992/82620 (40%)], lr: ['1.00e-04', '1.00e-04'], loss: 0.002743
[2024-10-04 11:34:51,936][INFO][clas_trainer:133] - train epoch: 11 [41248/82620 (50%)], lr: ['1.00e-04', '1.00e-04'], loss: 0.022162
[2024-10-04 11:35:23,735][INFO][clas_trainer:133] - train epoch: 11 [49504/82620 (60%)], lr: ['1.00e-04', '1.00e-04'], loss: 0.002975
[2024-10-04 11:35:55,753][INFO][clas_trainer:133] - train epoch: 11 [57760/82620 (70%)], lr: ['1.00e-04', '1.00e-04'], loss: 0.003400
[2024-10-04 11:36:27,920][INFO][clas_trainer:133] - train epoch: 11 [66016/82620 (80%)], lr: ['1.00e-04', '1.00e-04'], loss: 0.004462
[2024-10-04 11:37:00,215][INFO][clas_trainer:133] - train epoch: 11 [74272/82620 (90%)], lr: ['1.00e-04', '1.00e-04'], loss: 0.001459
[2024-10-04 11:37:32,031][INFO][clas_trainer:133] - train epoch: 11 [82528/82620 (100%)], lr: ['1.00e-04', '1.00e-04'], loss: 0.001579
[2024-10-04 11:38:05,514][INFO][clas_trainer:63] - [epoch  11] execution time: 353.13s	metrics:
[2024-10-04 11:38:05,515][INFO][clas_evaluator:132] - dataset: earlystopping, avg f1-score: 0.6747
[2024-10-04 11:38:38,230][INFO][clas_trainer:133] - train epoch: 12 [8224/82620 (10%)], lr: ['1.00e-04', '1.00e-04'], loss: 0.000398
[2024-10-04 11:39:10,277][INFO][clas_trainer:133] - train epoch: 12 [16480/82620 (20%)], lr: ['1.00e-04', '1.00e-04'], loss: 0.001568
[2024-10-04 11:39:42,257][INFO][clas_trainer:133] - train epoch: 12 [24736/82620 (30%)], lr: ['1.00e-04', '1.00e-04'], loss: 0.001523
[2024-10-04 11:40:12,700][INFO][clas_trainer:133] - train epoch: 12 [32992/82620 (40%)], lr: ['1.00e-04', '1.00e-04'], loss: 0.000176
[2024-10-04 11:40:43,691][INFO][clas_trainer:133] - train epoch: 12 [41248/82620 (50%)], lr: ['1.00e-04', '1.00e-04'], loss: 0.003793
[2024-10-04 11:41:13,838][INFO][clas_trainer:133] - train epoch: 12 [49504/82620 (60%)], lr: ['1.00e-04', '1.00e-04'], loss: 0.006264
[2024-10-04 11:41:44,467][INFO][clas_trainer:133] - train epoch: 12 [57760/82620 (70%)], lr: ['1.00e-04', '1.00e-04'], loss: 0.000943
[2024-10-04 11:42:15,105][INFO][clas_trainer:133] - train epoch: 12 [66016/82620 (80%)], lr: ['1.00e-04', '1.00e-04'], loss: 0.000291
[2024-10-04 11:42:45,413][INFO][clas_trainer:133] - train epoch: 12 [74272/82620 (90%)], lr: ['1.00e-04', '1.00e-04'], loss: 0.000673
[2024-10-04 11:43:15,607][INFO][clas_trainer:133] - train epoch: 12 [82528/82620 (100%)], lr: ['1.00e-04', '1.00e-04'], loss: 0.001018
[2024-10-04 11:43:48,757][INFO][clas_trainer:63] - [epoch  12] execution time: 343.24s	metrics:
[2024-10-04 11:43:48,757][INFO][clas_evaluator:132] - dataset: earlystopping, avg f1-score: 0.6945
[2024-10-04 11:44:19,944][INFO][clas_trainer:133] - train epoch: 13 [8224/82620 (10%)], lr: ['1.00e-04', '1.00e-04'], loss: 0.001973
[2024-10-04 11:44:49,642][INFO][clas_trainer:133] - train epoch: 13 [16480/82620 (20%)], lr: ['1.00e-04', '1.00e-04'], loss: 0.000646
[2024-10-04 11:45:18,228][INFO][clas_trainer:133] - train epoch: 13 [24736/82620 (30%)], lr: ['1.00e-04', '1.00e-04'], loss: 0.000778
[2024-10-04 11:45:46,762][INFO][clas_trainer:133] - train epoch: 13 [32992/82620 (40%)], lr: ['1.00e-04', '1.00e-04'], loss: 0.001117
[2024-10-04 11:46:16,132][INFO][clas_trainer:133] - train epoch: 13 [41248/82620 (50%)], lr: ['1.00e-04', '1.00e-04'], loss: 0.000959
[2024-10-04 11:46:45,140][INFO][clas_trainer:133] - train epoch: 13 [49504/82620 (60%)], lr: ['1.00e-04', '1.00e-04'], loss: 0.003026
[2024-10-04 11:47:12,715][INFO][clas_trainer:133] - train epoch: 13 [57760/82620 (70%)], lr: ['1.00e-04', '1.00e-04'], loss: 0.018188
[2024-10-04 11:47:41,049][INFO][clas_trainer:133] - train epoch: 13 [66016/82620 (80%)], lr: ['1.00e-04', '1.00e-04'], loss: 0.001538
[2024-10-04 11:48:08,810][INFO][clas_trainer:133] - train epoch: 13 [74272/82620 (90%)], lr: ['1.00e-04', '1.00e-04'], loss: 0.001744
[2024-10-04 11:48:37,110][INFO][clas_trainer:133] - train epoch: 13 [82528/82620 (100%)], lr: ['1.00e-04', '1.00e-04'], loss: 0.001222
[2024-10-04 11:49:07,377][INFO][clas_trainer:63] - [epoch  13] execution time: 318.62s	metrics:
[2024-10-04 11:49:07,377][INFO][clas_evaluator:132] - dataset: earlystopping, avg f1-score: 0.7028
[2024-10-04 11:49:36,745][INFO][clas_trainer:133] - train epoch: 14 [8224/82620 (10%)], lr: ['1.00e-04', '1.00e-04'], loss: 0.000321
[2024-10-04 11:50:04,388][INFO][clas_trainer:133] - train epoch: 14 [16480/82620 (20%)], lr: ['1.00e-04', '1.00e-04'], loss: 0.007379
[2024-10-04 11:50:32,715][INFO][clas_trainer:133] - train epoch: 14 [24736/82620 (30%)], lr: ['1.00e-04', '1.00e-04'], loss: 0.001901
[2024-10-04 11:51:01,399][INFO][clas_trainer:133] - train epoch: 14 [32992/82620 (40%)], lr: ['1.00e-04', '1.00e-04'], loss: 0.001661
[2024-10-04 11:51:29,839][INFO][clas_trainer:133] - train epoch: 14 [41248/82620 (50%)], lr: ['1.00e-04', '1.00e-04'], loss: 0.001287
[2024-10-04 11:51:58,056][INFO][clas_trainer:133] - train epoch: 14 [49504/82620 (60%)], lr: ['1.00e-04', '1.00e-04'], loss: 0.005179
[2024-10-04 11:52:25,543][INFO][clas_trainer:133] - train epoch: 14 [57760/82620 (70%)], lr: ['1.00e-04', '1.00e-04'], loss: 0.001892
[2024-10-04 11:52:52,386][INFO][clas_trainer:133] - train epoch: 14 [66016/82620 (80%)], lr: ['1.00e-04', '1.00e-04'], loss: 0.000392
[2024-10-04 11:53:19,117][INFO][clas_trainer:133] - train epoch: 14 [74272/82620 (90%)], lr: ['1.00e-04', '1.00e-04'], loss: 0.002463
[2024-10-04 11:53:46,119][INFO][clas_trainer:133] - train epoch: 14 [82528/82620 (100%)], lr: ['1.00e-04', '1.00e-04'], loss: 0.006117
[2024-10-04 11:54:14,260][INFO][clas_trainer:63] - [epoch  14] execution time: 306.88s	metrics:
[2024-10-04 11:54:14,261][INFO][clas_evaluator:132] - dataset: earlystopping, avg f1-score: 0.6252
[2024-10-04 11:54:14,268][INFO][clas_trainer:79] - finished training
[2024-10-04 11:54:14,268][INFO][clas_trainer:80] - best model on epoch: 4 	f1-score: 0.7109
