[2024-10-02 10:53:39,069][INFO][fine-tune:25] - Using GPU 4
[2024-10-02 10:53:39,072][INFO][fine-tune:35] - overrides:
hydra:
- hydra.launcher.n_jobs=40
- hydra.mode=MULTIRUN
task:
- m_seed_path_sids={seeds:[1,1,1,1,1],path:"exp006b-m1-simple_multi_class-2024-09-20_13-58-02-final.pth",subject_ids:{isruc:$\{data.isruc.cv_5_fold.fold_2\}}}
- data.downstream.train_dataloader.dataset.data_reducer.n_epochs=-1
- data.downstream.train_dataloader.dataset.data_reducer.n_subjects=4
- general.gpus=[4,5,6,7]

[2024-10-02 10:53:44,369][INFO][data_loaders:39] - class distribution before data reduction:
# samples per subject
sg1-1-1: 880
sg1-10-1: 842
sg1-11-1: 997
sg1-12-1: 850
sg1-13-1: 882
sg1-14-1: 906
sg1-16-1: 883
sg1-17-1: 851
sg1-19-1: 828
sg1-20-1: 950
sg1-22-1: 849
sg1-23-1: 892
sg1-26-1: 1062
sg1-28-1: 882
sg1-29-1: 912
sg1-3-1: 943
sg1-31-1: 877
sg1-32-1: 1010
sg1-33-1: 920
sg1-34-1: 871
sg1-35-1: 788
sg1-36-1: 987
sg1-37-1: 806
sg1-38-1: 932
sg1-39-1: 900
sg1-40-1: 875
sg1-42-1: 812
sg1-43-1: 747
sg1-44-1: 932
sg1-45-1: 906
sg1-46-1: 863
sg1-48-1: 981
sg1-49-1: 793
sg1-5-1: 875
sg1-50-1: 905
sg1-51-1: 856
sg1-52-1: 912
sg1-53-1: 910
sg1-54-1: 814
sg1-59-1: 942
sg1-6-1: 897
sg1-61-1: 852
sg1-62-1: 864
sg1-63-1: 954
sg1-64-1: 892
sg1-65-1: 1014
sg1-66-1: 845
sg1-67-1: 862
sg1-68-1: 956
sg1-69-1: 815
sg1-71-1: 829
sg1-72-1: 872
sg1-74-1: 897
sg1-76-1: 850
sg1-77-1: 805
sg1-78-1: 894
sg1-80-1: 889
sg1-81-1: 911
sg1-83-1: 925
sg1-84-1: 963
sg1-85-1: 896
sg1-86-1: 964
sg1-88-1: 1002
sg1-9-1: 969
sg1-90-1: 933
sg1-91-1: 990
sg1-92-1: 877
sg1-95-1: 865
sg1-97-1: 912
sg1-99-1: 835
sg2-1-1: 933
sg2-1-2: 787
sg2-3-1: 871
sg2-3-2: 813
sg2-4-1: 932
sg2-4-2: 899
sg2-6-1: 965
sg2-6-2: 1014
sg2-7-1: 942
sg2-7-2: 899
sg2-8-1: 815
sg2-8-2: 923
sg3-10-1: 796
sg3-2-1: 941
sg3-3-1: 824
sg3-4-1: 794
sg3-6-1: 853
sg3-7-1: 814
sg3-8-1: 1000
sg3-9-1: 969

# samples per stage
0: 18096
1: 10902
2: 25149
3: 15812
4: 10477
[2024-10-02 10:53:44,586][INFO][data_loaders:43] - class distribution after data reduction:
# samples per subject
sg1-17-1: 18722
sg1-28-1: 19404
sg1-38-1: 20504
sg2-4-1: 20504

# samples per stage
0: 14542
1: 15488
2: 24684
3: 9328
4: 15092
[2024-10-02 10:53:44,877][INFO][data_loaders:39] - class distribution before data reduction:
# samples per subject
sg1-21-1: 1054
sg1-24-1: 830
sg1-30-1: 882
sg1-4-1: 963
sg1-55-1: 879
sg1-57-1: 1007
sg1-70-1: 893
sg1-87-1: 926

# samples per stage
0: 1560
1: 831
2: 2431
3: 1417
4: 1195
[2024-10-02 10:53:44,885][INFO][data_loaders:43] - class distribution after data reduction:
# samples per subject
sg1-21-1: 1054
sg1-24-1: 830
sg1-30-1: 882
sg1-4-1: 963
sg1-55-1: 879
sg1-57-1: 1007
sg1-70-1: 893
sg1-87-1: 926

# samples per stage
0: 1560
1: 831
2: 2431
3: 1417
4: 1195
[2024-10-02 10:54:11,977][INFO][clas_trainer:49] - metrics before training (epoch 0):
[2024-10-02 10:54:55,174][INFO][clas_evaluator:132] - dataset: earlystopping, avg f1-score: 0.0986
[2024-10-02 10:55:31,460][INFO][clas_trainer:133] - train epoch: 1 [7872/79134 (10%)], lr: ['1.00e-04', '1.00e-04'], loss: 1.922209
[2024-10-02 10:56:08,487][INFO][clas_trainer:133] - train epoch: 1 [15776/79134 (20%)], lr: ['1.00e-04', '1.00e-04'], loss: 1.787226
[2024-10-02 10:56:45,223][INFO][clas_trainer:133] - train epoch: 1 [23680/79134 (30%)], lr: ['1.00e-04', '1.00e-04'], loss: 1.353691
[2024-10-02 10:57:23,348][INFO][clas_trainer:133] - train epoch: 1 [31584/79134 (40%)], lr: ['1.00e-04', '1.00e-04'], loss: 1.276962
[2024-10-02 10:58:02,693][INFO][clas_trainer:133] - train epoch: 1 [39488/79134 (50%)], lr: ['1.00e-04', '1.00e-04'], loss: 1.098155
[2024-10-02 10:58:41,755][INFO][clas_trainer:133] - train epoch: 1 [47392/79134 (60%)], lr: ['1.00e-04', '1.00e-04'], loss: 0.823878
[2024-10-02 10:59:19,216][INFO][clas_trainer:133] - train epoch: 1 [55296/79134 (70%)], lr: ['1.00e-04', '1.00e-04'], loss: 0.499402
[2024-10-02 10:59:56,893][INFO][clas_trainer:133] - train epoch: 1 [63200/79134 (80%)], lr: ['1.00e-04', '1.00e-04'], loss: 0.531686
[2024-10-02 11:00:35,667][INFO][clas_trainer:133] - train epoch: 1 [71104/79134 (90%)], lr: ['1.00e-04', '1.00e-04'], loss: 0.908565
[2024-10-02 11:01:12,099][INFO][clas_trainer:133] - train epoch: 1 [79008/79134 (100%)], lr: ['1.00e-04', '1.00e-04'], loss: 0.727519
[2024-10-02 11:01:51,574][INFO][clas_trainer:63] - [epoch   1] execution time: 416.40s	metrics:
[2024-10-02 11:01:51,575][INFO][clas_evaluator:132] - dataset: earlystopping, avg f1-score: 0.4311
[2024-10-02 11:01:51,613][INFO][base_model:51] - snapshot saved to XXX/frequency-pretraining/models/exp006a-m28-base_fe_clas-2024-10-02_10-52-14-final.pth
[2024-10-02 11:02:31,409][INFO][clas_trainer:133] - train epoch: 2 [7872/79134 (10%)], lr: ['1.00e-04', '1.00e-04'], loss: 0.642306
[2024-10-02 11:03:07,187][INFO][clas_trainer:133] - train epoch: 2 [15776/79134 (20%)], lr: ['1.00e-04', '1.00e-04'], loss: 0.666508
[2024-10-02 11:03:41,520][INFO][clas_trainer:133] - train epoch: 2 [23680/79134 (30%)], lr: ['1.00e-04', '1.00e-04'], loss: 0.917510
[2024-10-02 11:04:16,819][INFO][clas_trainer:133] - train epoch: 2 [31584/79134 (40%)], lr: ['1.00e-04', '1.00e-04'], loss: 0.657119
[2024-10-02 11:04:51,880][INFO][clas_trainer:133] - train epoch: 2 [39488/79134 (50%)], lr: ['1.00e-04', '1.00e-04'], loss: 0.536444
[2024-10-02 11:05:27,984][INFO][clas_trainer:133] - train epoch: 2 [47392/79134 (60%)], lr: ['1.00e-04', '1.00e-04'], loss: 0.657389
[2024-10-02 11:06:02,783][INFO][clas_trainer:133] - train epoch: 2 [55296/79134 (70%)], lr: ['1.00e-04', '1.00e-04'], loss: 0.352158
[2024-10-02 11:06:35,008][INFO][clas_trainer:133] - train epoch: 2 [63200/79134 (80%)], lr: ['1.00e-04', '1.00e-04'], loss: 0.445255
[2024-10-02 11:07:09,856][INFO][clas_trainer:133] - train epoch: 2 [71104/79134 (90%)], lr: ['1.00e-04', '1.00e-04'], loss: 0.348137
[2024-10-02 11:07:44,686][INFO][clas_trainer:133] - train epoch: 2 [79008/79134 (100%)], lr: ['1.00e-04', '1.00e-04'], loss: 0.779714
[2024-10-02 11:08:24,968][INFO][clas_trainer:63] - [epoch   2] execution time: 393.35s	metrics:
[2024-10-02 11:08:24,969][INFO][clas_evaluator:132] - dataset: earlystopping, avg f1-score: 0.5551
[2024-10-02 11:08:25,048][INFO][base_model:51] - snapshot saved to XXX/frequency-pretraining/models/exp006a-m28-base_fe_clas-2024-10-02_10-52-14-final.pth
[2024-10-02 11:09:06,566][INFO][clas_trainer:133] - train epoch: 3 [7872/79134 (10%)], lr: ['1.00e-04', '1.00e-04'], loss: 0.303594
[2024-10-02 11:09:45,301][INFO][clas_trainer:133] - train epoch: 3 [15776/79134 (20%)], lr: ['1.00e-04', '1.00e-04'], loss: 0.328264
[2024-10-02 11:10:23,058][INFO][clas_trainer:133] - train epoch: 3 [23680/79134 (30%)], lr: ['1.00e-04', '1.00e-04'], loss: 0.216136
[2024-10-02 11:10:56,779][INFO][clas_trainer:133] - train epoch: 3 [31584/79134 (40%)], lr: ['1.00e-04', '1.00e-04'], loss: 0.393077
[2024-10-02 11:11:32,721][INFO][clas_trainer:133] - train epoch: 3 [39488/79134 (50%)], lr: ['1.00e-04', '1.00e-04'], loss: 0.524031
[2024-10-02 11:12:08,600][INFO][clas_trainer:133] - train epoch: 3 [47392/79134 (60%)], lr: ['1.00e-04', '1.00e-04'], loss: 0.336519
[2024-10-02 11:12:45,360][INFO][clas_trainer:133] - train epoch: 3 [55296/79134 (70%)], lr: ['1.00e-04', '1.00e-04'], loss: 0.393180
[2024-10-02 11:13:23,694][INFO][clas_trainer:133] - train epoch: 3 [63200/79134 (80%)], lr: ['1.00e-04', '1.00e-04'], loss: 0.515229
[2024-10-02 11:14:01,089][INFO][clas_trainer:133] - train epoch: 3 [71104/79134 (90%)], lr: ['1.00e-04', '1.00e-04'], loss: 0.128143
[2024-10-02 11:14:39,924][INFO][clas_trainer:133] - train epoch: 3 [79008/79134 (100%)], lr: ['1.00e-04', '1.00e-04'], loss: 0.494504
[2024-10-02 11:15:20,718][INFO][clas_trainer:63] - [epoch   3] execution time: 415.66s	metrics:
[2024-10-02 11:15:20,719][INFO][clas_evaluator:132] - dataset: earlystopping, avg f1-score: 0.6209
[2024-10-02 11:15:20,761][INFO][base_model:51] - snapshot saved to XXX/frequency-pretraining/models/exp006a-m28-base_fe_clas-2024-10-02_10-52-14-final.pth
[2024-10-02 11:16:01,554][INFO][clas_trainer:133] - train epoch: 4 [7872/79134 (10%)], lr: ['1.00e-04', '1.00e-04'], loss: 0.420284
[2024-10-02 11:16:41,805][INFO][clas_trainer:133] - train epoch: 4 [15776/79134 (20%)], lr: ['1.00e-04', '1.00e-04'], loss: 0.334146
[2024-10-02 11:17:21,342][INFO][clas_trainer:133] - train epoch: 4 [23680/79134 (30%)], lr: ['1.00e-04', '1.00e-04'], loss: 0.530303
[2024-10-02 11:17:59,667][INFO][clas_trainer:133] - train epoch: 4 [31584/79134 (40%)], lr: ['1.00e-04', '1.00e-04'], loss: 0.511247
[2024-10-02 11:18:36,554][INFO][clas_trainer:133] - train epoch: 4 [39488/79134 (50%)], lr: ['1.00e-04', '1.00e-04'], loss: 0.212076
[2024-10-02 11:19:13,939][INFO][clas_trainer:133] - train epoch: 4 [47392/79134 (60%)], lr: ['1.00e-04', '1.00e-04'], loss: 0.289462
[2024-10-02 11:19:51,263][INFO][clas_trainer:133] - train epoch: 4 [55296/79134 (70%)], lr: ['1.00e-04', '1.00e-04'], loss: 0.239202
[2024-10-02 11:20:27,327][INFO][clas_trainer:133] - train epoch: 4 [63200/79134 (80%)], lr: ['1.00e-04', '1.00e-04'], loss: 0.388614
[2024-10-02 11:21:04,436][INFO][clas_trainer:133] - train epoch: 4 [71104/79134 (90%)], lr: ['1.00e-04', '1.00e-04'], loss: 0.337452
[2024-10-02 11:21:44,232][INFO][clas_trainer:133] - train epoch: 4 [79008/79134 (100%)], lr: ['1.00e-04', '1.00e-04'], loss: 0.268367
[2024-10-02 11:22:28,015][INFO][clas_trainer:63] - [epoch   4] execution time: 427.25s	metrics:
[2024-10-02 11:22:28,016][INFO][clas_evaluator:132] - dataset: earlystopping, avg f1-score: 0.6589
[2024-10-02 11:22:28,103][INFO][base_model:51] - snapshot saved to XXX/frequency-pretraining/models/exp006a-m28-base_fe_clas-2024-10-02_10-52-14-final.pth
[2024-10-02 11:23:10,753][INFO][clas_trainer:133] - train epoch: 5 [7872/79134 (10%)], lr: ['1.00e-04', '1.00e-04'], loss: 0.517593
[2024-10-02 11:23:51,752][INFO][clas_trainer:133] - train epoch: 5 [15776/79134 (20%)], lr: ['1.00e-04', '1.00e-04'], loss: 0.478240
[2024-10-02 11:24:31,727][INFO][clas_trainer:133] - train epoch: 5 [23680/79134 (30%)], lr: ['1.00e-04', '1.00e-04'], loss: 0.442162
[2024-10-02 11:25:18,163][INFO][clas_trainer:133] - train epoch: 5 [31584/79134 (40%)], lr: ['1.00e-04', '1.00e-04'], loss: 0.231280
[2024-10-02 11:25:58,975][INFO][clas_trainer:133] - train epoch: 5 [39488/79134 (50%)], lr: ['1.00e-04', '1.00e-04'], loss: 0.076201
[2024-10-02 11:26:40,788][INFO][clas_trainer:133] - train epoch: 5 [47392/79134 (60%)], lr: ['1.00e-04', '1.00e-04'], loss: 0.191277
[2024-10-02 11:27:21,330][INFO][clas_trainer:133] - train epoch: 5 [55296/79134 (70%)], lr: ['1.00e-04', '1.00e-04'], loss: 0.127998
[2024-10-02 11:28:03,492][INFO][clas_trainer:133] - train epoch: 5 [63200/79134 (80%)], lr: ['1.00e-04', '1.00e-04'], loss: 0.147245
[2024-10-02 11:28:45,699][INFO][clas_trainer:133] - train epoch: 5 [71104/79134 (90%)], lr: ['1.00e-04', '1.00e-04'], loss: 0.091919
[2024-10-02 11:29:29,412][INFO][clas_trainer:133] - train epoch: 5 [79008/79134 (100%)], lr: ['1.00e-04', '1.00e-04'], loss: 0.175605
[2024-10-02 11:30:14,675][INFO][clas_trainer:63] - [epoch   5] execution time: 466.57s	metrics:
[2024-10-02 11:30:14,676][INFO][clas_evaluator:132] - dataset: earlystopping, avg f1-score: 0.6934
[2024-10-02 11:30:14,725][INFO][base_model:51] - snapshot saved to XXX/frequency-pretraining/models/exp006a-m28-base_fe_clas-2024-10-02_10-52-14-final.pth
[2024-10-02 11:30:57,403][INFO][clas_trainer:133] - train epoch: 6 [7872/79134 (10%)], lr: ['1.00e-04', '1.00e-04'], loss: 0.320170
[2024-10-02 11:31:39,630][INFO][clas_trainer:133] - train epoch: 6 [15776/79134 (20%)], lr: ['1.00e-04', '1.00e-04'], loss: 0.120537
[2024-10-02 11:32:21,162][INFO][clas_trainer:133] - train epoch: 6 [23680/79134 (30%)], lr: ['1.00e-04', '1.00e-04'], loss: 0.105362
[2024-10-02 11:33:00,388][INFO][clas_trainer:133] - train epoch: 6 [31584/79134 (40%)], lr: ['1.00e-04', '1.00e-04'], loss: 0.313312
[2024-10-02 11:33:37,057][INFO][clas_trainer:133] - train epoch: 6 [39488/79134 (50%)], lr: ['1.00e-04', '1.00e-04'], loss: 0.089892
[2024-10-02 11:34:10,580][INFO][clas_trainer:133] - train epoch: 6 [47392/79134 (60%)], lr: ['1.00e-04', '1.00e-04'], loss: 0.138029
[2024-10-02 11:34:45,404][INFO][clas_trainer:133] - train epoch: 6 [55296/79134 (70%)], lr: ['1.00e-04', '1.00e-04'], loss: 0.079021
[2024-10-02 11:35:22,086][INFO][clas_trainer:133] - train epoch: 6 [63200/79134 (80%)], lr: ['1.00e-04', '1.00e-04'], loss: 0.129137
[2024-10-02 11:36:00,282][INFO][clas_trainer:133] - train epoch: 6 [71104/79134 (90%)], lr: ['1.00e-04', '1.00e-04'], loss: 0.249315
[2024-10-02 11:36:33,831][INFO][clas_trainer:133] - train epoch: 6 [79008/79134 (100%)], lr: ['1.00e-04', '1.00e-04'], loss: 0.188064
[2024-10-02 11:37:12,287][INFO][clas_trainer:63] - [epoch   6] execution time: 417.56s	metrics:
[2024-10-02 11:37:12,288][INFO][clas_evaluator:132] - dataset: earlystopping, avg f1-score: 0.6764
[2024-10-02 11:37:47,582][INFO][clas_trainer:133] - train epoch: 7 [7872/79134 (10%)], lr: ['1.00e-04', '1.00e-04'], loss: 0.100665
[2024-10-02 11:38:22,827][INFO][clas_trainer:133] - train epoch: 7 [15776/79134 (20%)], lr: ['1.00e-04', '1.00e-04'], loss: 0.048929
[2024-10-02 11:38:58,680][INFO][clas_trainer:133] - train epoch: 7 [23680/79134 (30%)], lr: ['1.00e-04', '1.00e-04'], loss: 0.203555
[2024-10-02 11:39:35,806][INFO][clas_trainer:133] - train epoch: 7 [31584/79134 (40%)], lr: ['1.00e-04', '1.00e-04'], loss: 0.088292
[2024-10-02 11:40:13,995][INFO][clas_trainer:133] - train epoch: 7 [39488/79134 (50%)], lr: ['1.00e-04', '1.00e-04'], loss: 0.068214
[2024-10-02 11:40:54,254][INFO][clas_trainer:133] - train epoch: 7 [47392/79134 (60%)], lr: ['1.00e-04', '1.00e-04'], loss: 0.103155
[2024-10-02 11:41:32,870][INFO][clas_trainer:133] - train epoch: 7 [55296/79134 (70%)], lr: ['1.00e-04', '1.00e-04'], loss: 0.178344
[2024-10-02 11:42:08,743][INFO][clas_trainer:133] - train epoch: 7 [63200/79134 (80%)], lr: ['1.00e-04', '1.00e-04'], loss: 0.096640
[2024-10-02 11:42:45,761][INFO][clas_trainer:133] - train epoch: 7 [71104/79134 (90%)], lr: ['1.00e-04', '1.00e-04'], loss: 0.079074
[2024-10-02 11:43:22,771][INFO][clas_trainer:133] - train epoch: 7 [79008/79134 (100%)], lr: ['1.00e-04', '1.00e-04'], loss: 0.065795
[2024-10-02 11:44:02,968][INFO][clas_trainer:63] - [epoch   7] execution time: 410.68s	metrics:
[2024-10-02 11:44:02,969][INFO][clas_evaluator:132] - dataset: earlystopping, avg f1-score: 0.6770
[2024-10-02 11:44:41,270][INFO][clas_trainer:133] - train epoch: 8 [7872/79134 (10%)], lr: ['1.00e-04', '1.00e-04'], loss: 0.175194
[2024-10-02 11:45:20,255][INFO][clas_trainer:133] - train epoch: 8 [15776/79134 (20%)], lr: ['1.00e-04', '1.00e-04'], loss: 0.124795
[2024-10-02 11:45:59,569][INFO][clas_trainer:133] - train epoch: 8 [23680/79134 (30%)], lr: ['1.00e-04', '1.00e-04'], loss: 0.186235
[2024-10-02 11:46:35,420][INFO][clas_trainer:133] - train epoch: 8 [31584/79134 (40%)], lr: ['1.00e-04', '1.00e-04'], loss: 0.081573
[2024-10-02 11:47:10,414][INFO][clas_trainer:133] - train epoch: 8 [39488/79134 (50%)], lr: ['1.00e-04', '1.00e-04'], loss: 0.469732
[2024-10-02 11:47:49,529][INFO][clas_trainer:133] - train epoch: 8 [47392/79134 (60%)], lr: ['1.00e-04', '1.00e-04'], loss: 0.208840
[2024-10-02 11:48:28,680][INFO][clas_trainer:133] - train epoch: 8 [55296/79134 (70%)], lr: ['1.00e-04', '1.00e-04'], loss: 0.109620
[2024-10-02 11:49:06,710][INFO][clas_trainer:133] - train epoch: 8 [63200/79134 (80%)], lr: ['1.00e-04', '1.00e-04'], loss: 0.109755
[2024-10-02 11:49:45,192][INFO][clas_trainer:133] - train epoch: 8 [71104/79134 (90%)], lr: ['1.00e-04', '1.00e-04'], loss: 0.039856
[2024-10-02 11:50:22,939][INFO][clas_trainer:133] - train epoch: 8 [79008/79134 (100%)], lr: ['1.00e-04', '1.00e-04'], loss: 0.267177
[2024-10-02 11:51:03,394][INFO][clas_trainer:63] - [epoch   8] execution time: 420.43s	metrics:
[2024-10-02 11:51:03,395][INFO][clas_evaluator:132] - dataset: earlystopping, avg f1-score: 0.6637
[2024-10-02 11:51:40,044][INFO][clas_trainer:133] - train epoch: 9 [7872/79134 (10%)], lr: ['1.00e-04', '1.00e-04'], loss: 0.252265
[2024-10-02 11:52:16,584][INFO][clas_trainer:133] - train epoch: 9 [15776/79134 (20%)], lr: ['1.00e-04', '1.00e-04'], loss: 0.133618
[2024-10-02 11:52:52,231][INFO][clas_trainer:133] - train epoch: 9 [23680/79134 (30%)], lr: ['1.00e-04', '1.00e-04'], loss: 0.018782
[2024-10-02 11:53:28,899][INFO][clas_trainer:133] - train epoch: 9 [31584/79134 (40%)], lr: ['1.00e-04', '1.00e-04'], loss: 0.128414
[2024-10-02 11:54:03,441][INFO][clas_trainer:133] - train epoch: 9 [39488/79134 (50%)], lr: ['1.00e-04', '1.00e-04'], loss: 0.173162
[2024-10-02 11:54:38,373][INFO][clas_trainer:133] - train epoch: 9 [47392/79134 (60%)], lr: ['1.00e-04', '1.00e-04'], loss: 0.276953
[2024-10-02 11:55:14,400][INFO][clas_trainer:133] - train epoch: 9 [55296/79134 (70%)], lr: ['1.00e-04', '1.00e-04'], loss: 0.203998
[2024-10-02 11:55:50,919][INFO][clas_trainer:133] - train epoch: 9 [63200/79134 (80%)], lr: ['1.00e-04', '1.00e-04'], loss: 0.032128
[2024-10-02 11:56:27,637][INFO][clas_trainer:133] - train epoch: 9 [71104/79134 (90%)], lr: ['1.00e-04', '1.00e-04'], loss: 0.162287
[2024-10-02 11:57:05,389][INFO][clas_trainer:133] - train epoch: 9 [79008/79134 (100%)], lr: ['1.00e-04', '1.00e-04'], loss: 0.020960
[2024-10-02 11:57:45,252][INFO][clas_trainer:63] - [epoch   9] execution time: 401.86s	metrics:
[2024-10-02 11:57:45,253][INFO][clas_evaluator:132] - dataset: earlystopping, avg f1-score: 0.6970
[2024-10-02 11:57:45,296][INFO][base_model:51] - snapshot saved to XXX/frequency-pretraining/models/exp006a-m28-base_fe_clas-2024-10-02_10-52-14-final.pth
[2024-10-02 11:58:22,910][INFO][clas_trainer:133] - train epoch: 10 [7872/79134 (10%)], lr: ['1.00e-04', '1.00e-04'], loss: 0.128401
[2024-10-02 11:59:00,110][INFO][clas_trainer:133] - train epoch: 10 [15776/79134 (20%)], lr: ['1.00e-04', '1.00e-04'], loss: 0.093365
[2024-10-02 11:59:33,193][INFO][clas_trainer:133] - train epoch: 10 [23680/79134 (30%)], lr: ['1.00e-04', '1.00e-04'], loss: 0.088409
[2024-10-02 12:00:08,682][INFO][clas_trainer:133] - train epoch: 10 [31584/79134 (40%)], lr: ['1.00e-04', '1.00e-04'], loss: 0.109457
[2024-10-02 12:00:46,807][INFO][clas_trainer:133] - train epoch: 10 [39488/79134 (50%)], lr: ['1.00e-04', '1.00e-04'], loss: 0.054308
[2024-10-02 12:01:24,599][INFO][clas_trainer:133] - train epoch: 10 [47392/79134 (60%)], lr: ['1.00e-04', '1.00e-04'], loss: 0.069182
[2024-10-02 12:02:01,120][INFO][clas_trainer:133] - train epoch: 10 [55296/79134 (70%)], lr: ['1.00e-04', '1.00e-04'], loss: 0.025428
[2024-10-02 12:02:38,108][INFO][clas_trainer:133] - train epoch: 10 [63200/79134 (80%)], lr: ['1.00e-04', '1.00e-04'], loss: 0.023080
[2024-10-02 12:03:15,210][INFO][clas_trainer:133] - train epoch: 10 [71104/79134 (90%)], lr: ['1.00e-04', '1.00e-04'], loss: 0.249474
[2024-10-02 12:03:52,922][INFO][clas_trainer:133] - train epoch: 10 [79008/79134 (100%)], lr: ['1.00e-04', '1.00e-04'], loss: 0.035981
[2024-10-02 12:04:32,630][INFO][clas_trainer:63] - [epoch  10] execution time: 407.33s	metrics:
[2024-10-02 12:04:32,631][INFO][clas_evaluator:132] - dataset: earlystopping, avg f1-score: 0.6510
[2024-10-02 12:05:10,638][INFO][clas_trainer:133] - train epoch: 11 [7872/79134 (10%)], lr: ['1.00e-04', '1.00e-04'], loss: 0.022173
[2024-10-02 12:05:45,417][INFO][clas_trainer:133] - train epoch: 11 [15776/79134 (20%)], lr: ['1.00e-04', '1.00e-04'], loss: 0.009723
[2024-10-02 12:06:19,156][INFO][clas_trainer:133] - train epoch: 11 [23680/79134 (30%)], lr: ['1.00e-04', '1.00e-04'], loss: 0.028994
[2024-10-02 12:06:56,155][INFO][clas_trainer:133] - train epoch: 11 [31584/79134 (40%)], lr: ['1.00e-04', '1.00e-04'], loss: 0.253008
[2024-10-02 12:07:30,192][INFO][clas_trainer:133] - train epoch: 11 [39488/79134 (50%)], lr: ['1.00e-04', '1.00e-04'], loss: 0.009194
[2024-10-02 12:08:06,315][INFO][clas_trainer:133] - train epoch: 11 [47392/79134 (60%)], lr: ['1.00e-04', '1.00e-04'], loss: 0.052924
[2024-10-02 12:08:39,871][INFO][clas_trainer:133] - train epoch: 11 [55296/79134 (70%)], lr: ['1.00e-04', '1.00e-04'], loss: 0.040925
[2024-10-02 12:09:14,403][INFO][clas_trainer:133] - train epoch: 11 [63200/79134 (80%)], lr: ['1.00e-04', '1.00e-04'], loss: 0.003673
[2024-10-02 12:09:49,957][INFO][clas_trainer:133] - train epoch: 11 [71104/79134 (90%)], lr: ['1.00e-04', '1.00e-04'], loss: 0.052637
[2024-10-02 12:10:26,028][INFO][clas_trainer:133] - train epoch: 11 [79008/79134 (100%)], lr: ['1.00e-04', '1.00e-04'], loss: 0.032753
[2024-10-02 12:11:04,172][INFO][clas_trainer:63] - [epoch  11] execution time: 391.54s	metrics:
[2024-10-02 12:11:04,173][INFO][clas_evaluator:132] - dataset: earlystopping, avg f1-score: 0.6757
[2024-10-02 12:11:42,887][INFO][clas_trainer:133] - train epoch: 12 [7872/79134 (10%)], lr: ['1.00e-04', '1.00e-04'], loss: 0.013265
[2024-10-02 12:12:20,623][INFO][clas_trainer:133] - train epoch: 12 [15776/79134 (20%)], lr: ['1.00e-04', '1.00e-04'], loss: 0.008838
[2024-10-02 12:12:56,956][INFO][clas_trainer:133] - train epoch: 12 [23680/79134 (30%)], lr: ['1.00e-04', '1.00e-04'], loss: 0.008518
[2024-10-02 12:13:31,489][INFO][clas_trainer:133] - train epoch: 12 [31584/79134 (40%)], lr: ['1.00e-04', '1.00e-04'], loss: 0.056532
[2024-10-02 12:14:08,540][INFO][clas_trainer:133] - train epoch: 12 [39488/79134 (50%)], lr: ['1.00e-04', '1.00e-04'], loss: 0.010733
[2024-10-02 12:14:45,662][INFO][clas_trainer:133] - train epoch: 12 [47392/79134 (60%)], lr: ['1.00e-04', '1.00e-04'], loss: 0.042597
[2024-10-02 12:15:20,764][INFO][clas_trainer:133] - train epoch: 12 [55296/79134 (70%)], lr: ['1.00e-04', '1.00e-04'], loss: 0.009716
[2024-10-02 12:15:58,020][INFO][clas_trainer:133] - train epoch: 12 [63200/79134 (80%)], lr: ['1.00e-04', '1.00e-04'], loss: 0.025834
[2024-10-02 12:16:33,245][INFO][clas_trainer:133] - train epoch: 12 [71104/79134 (90%)], lr: ['1.00e-04', '1.00e-04'], loss: 0.011911
[2024-10-02 12:17:09,621][INFO][clas_trainer:133] - train epoch: 12 [79008/79134 (100%)], lr: ['1.00e-04', '1.00e-04'], loss: 0.008943
[2024-10-02 12:17:48,433][INFO][clas_trainer:63] - [epoch  12] execution time: 404.26s	metrics:
[2024-10-02 12:17:48,434][INFO][clas_evaluator:132] - dataset: earlystopping, avg f1-score: 0.6902
[2024-10-02 12:18:25,488][INFO][clas_trainer:133] - train epoch: 13 [7872/79134 (10%)], lr: ['1.00e-04', '1.00e-04'], loss: 0.007380
[2024-10-02 12:19:01,214][INFO][clas_trainer:133] - train epoch: 13 [15776/79134 (20%)], lr: ['1.00e-04', '1.00e-04'], loss: 0.040724
[2024-10-02 12:19:37,345][INFO][clas_trainer:133] - train epoch: 13 [23680/79134 (30%)], lr: ['1.00e-04', '1.00e-04'], loss: 0.157283
[2024-10-02 12:20:14,881][INFO][clas_trainer:133] - train epoch: 13 [31584/79134 (40%)], lr: ['1.00e-04', '1.00e-04'], loss: 0.026872
[2024-10-02 12:20:53,812][INFO][clas_trainer:133] - train epoch: 13 [39488/79134 (50%)], lr: ['1.00e-04', '1.00e-04'], loss: 0.212348
[2024-10-02 12:21:29,532][INFO][clas_trainer:133] - train epoch: 13 [47392/79134 (60%)], lr: ['1.00e-04', '1.00e-04'], loss: 0.008402
[2024-10-02 12:22:05,972][INFO][clas_trainer:133] - train epoch: 13 [55296/79134 (70%)], lr: ['1.00e-04', '1.00e-04'], loss: 0.006373
[2024-10-02 12:22:43,088][INFO][clas_trainer:133] - train epoch: 13 [63200/79134 (80%)], lr: ['1.00e-04', '1.00e-04'], loss: 0.009073
[2024-10-02 12:23:18,698][INFO][clas_trainer:133] - train epoch: 13 [71104/79134 (90%)], lr: ['1.00e-04', '1.00e-04'], loss: 0.007496
[2024-10-02 12:23:55,772][INFO][clas_trainer:133] - train epoch: 13 [79008/79134 (100%)], lr: ['1.00e-04', '1.00e-04'], loss: 0.121109
[2024-10-02 12:24:35,138][INFO][clas_trainer:63] - [epoch  13] execution time: 406.70s	metrics:
[2024-10-02 12:24:35,139][INFO][clas_evaluator:132] - dataset: earlystopping, avg f1-score: 0.6671
[2024-10-02 12:25:12,127][INFO][clas_trainer:133] - train epoch: 14 [7872/79134 (10%)], lr: ['1.00e-04', '1.00e-04'], loss: 0.160270
[2024-10-02 12:25:48,195][INFO][clas_trainer:133] - train epoch: 14 [15776/79134 (20%)], lr: ['1.00e-04', '1.00e-04'], loss: 0.027397
[2024-10-02 12:26:23,874][INFO][clas_trainer:133] - train epoch: 14 [23680/79134 (30%)], lr: ['1.00e-04', '1.00e-04'], loss: 0.004326
[2024-10-02 12:27:01,866][INFO][clas_trainer:133] - train epoch: 14 [31584/79134 (40%)], lr: ['1.00e-04', '1.00e-04'], loss: 0.017768
[2024-10-02 12:27:37,189][INFO][clas_trainer:133] - train epoch: 14 [39488/79134 (50%)], lr: ['1.00e-04', '1.00e-04'], loss: 0.013442
[2024-10-02 12:28:14,090][INFO][clas_trainer:133] - train epoch: 14 [47392/79134 (60%)], lr: ['1.00e-04', '1.00e-04'], loss: 0.027059
[2024-10-02 12:28:50,894][INFO][clas_trainer:133] - train epoch: 14 [55296/79134 (70%)], lr: ['1.00e-04', '1.00e-04'], loss: 0.021414
[2024-10-02 12:29:28,590][INFO][clas_trainer:133] - train epoch: 14 [63200/79134 (80%)], lr: ['1.00e-04', '1.00e-04'], loss: 0.030266
[2024-10-02 12:30:03,942][INFO][clas_trainer:133] - train epoch: 14 [71104/79134 (90%)], lr: ['1.00e-04', '1.00e-04'], loss: 0.022091
[2024-10-02 12:30:40,565][INFO][clas_trainer:133] - train epoch: 14 [79008/79134 (100%)], lr: ['1.00e-04', '1.00e-04'], loss: 0.003781
[2024-10-02 12:31:17,264][INFO][clas_trainer:63] - [epoch  14] execution time: 402.12s	metrics:
[2024-10-02 12:31:17,265][INFO][clas_evaluator:132] - dataset: earlystopping, avg f1-score: 0.6570
[2024-10-02 12:31:55,688][INFO][clas_trainer:133] - train epoch: 15 [7872/79134 (10%)], lr: ['1.00e-04', '1.00e-04'], loss: 0.028603
[2024-10-02 12:32:30,893][INFO][clas_trainer:133] - train epoch: 15 [15776/79134 (20%)], lr: ['1.00e-04', '1.00e-04'], loss: 0.013958
[2024-10-02 12:33:08,401][INFO][clas_trainer:133] - train epoch: 15 [23680/79134 (30%)], lr: ['1.00e-04', '1.00e-04'], loss: 0.005129
[2024-10-02 12:33:44,989][INFO][clas_trainer:133] - train epoch: 15 [31584/79134 (40%)], lr: ['1.00e-04', '1.00e-04'], loss: 0.035419
[2024-10-02 12:34:24,348][INFO][clas_trainer:133] - train epoch: 15 [39488/79134 (50%)], lr: ['1.00e-04', '1.00e-04'], loss: 0.057007
[2024-10-02 12:35:04,313][INFO][clas_trainer:133] - train epoch: 15 [47392/79134 (60%)], lr: ['1.00e-04', '1.00e-04'], loss: 0.115193
[2024-10-02 12:35:41,189][INFO][clas_trainer:133] - train epoch: 15 [55296/79134 (70%)], lr: ['1.00e-04', '1.00e-04'], loss: 0.012218
[2024-10-02 12:36:19,412][INFO][clas_trainer:133] - train epoch: 15 [63200/79134 (80%)], lr: ['1.00e-04', '1.00e-04'], loss: 0.010099
[2024-10-02 12:36:54,877][INFO][clas_trainer:133] - train epoch: 15 [71104/79134 (90%)], lr: ['1.00e-04', '1.00e-04'], loss: 0.070953
[2024-10-02 12:37:30,962][INFO][clas_trainer:133] - train epoch: 15 [79008/79134 (100%)], lr: ['1.00e-04', '1.00e-04'], loss: 0.022808
[2024-10-02 12:38:09,503][INFO][clas_trainer:63] - [epoch  15] execution time: 412.24s	metrics:
[2024-10-02 12:38:09,504][INFO][clas_evaluator:132] - dataset: earlystopping, avg f1-score: 0.6592
[2024-10-02 12:38:45,976][INFO][clas_trainer:133] - train epoch: 16 [7872/79134 (10%)], lr: ['1.00e-04', '1.00e-04'], loss: 0.011667
[2024-10-02 12:39:22,735][INFO][clas_trainer:133] - train epoch: 16 [15776/79134 (20%)], lr: ['1.00e-04', '1.00e-04'], loss: 0.028860
[2024-10-02 12:39:59,752][INFO][clas_trainer:133] - train epoch: 16 [23680/79134 (30%)], lr: ['1.00e-04', '1.00e-04'], loss: 0.027667
[2024-10-02 12:40:38,447][INFO][clas_trainer:133] - train epoch: 16 [31584/79134 (40%)], lr: ['1.00e-04', '1.00e-04'], loss: 0.001920
[2024-10-02 12:41:15,556][INFO][clas_trainer:133] - train epoch: 16 [39488/79134 (50%)], lr: ['1.00e-04', '1.00e-04'], loss: 0.044063
[2024-10-02 12:41:52,984][INFO][clas_trainer:133] - train epoch: 16 [47392/79134 (60%)], lr: ['1.00e-04', '1.00e-04'], loss: 0.057679
[2024-10-02 12:42:29,484][INFO][clas_trainer:133] - train epoch: 16 [55296/79134 (70%)], lr: ['1.00e-04', '1.00e-04'], loss: 0.066896
[2024-10-02 12:43:04,646][INFO][clas_trainer:133] - train epoch: 16 [63200/79134 (80%)], lr: ['1.00e-04', '1.00e-04'], loss: 0.004366
[2024-10-02 12:43:40,723][INFO][clas_trainer:133] - train epoch: 16 [71104/79134 (90%)], lr: ['1.00e-04', '1.00e-04'], loss: 0.023222
[2024-10-02 12:44:16,416][INFO][clas_trainer:133] - train epoch: 16 [79008/79134 (100%)], lr: ['1.00e-04', '1.00e-04'], loss: 0.117231
[2024-10-02 12:44:53,007][INFO][clas_trainer:63] - [epoch  16] execution time: 403.50s	metrics:
[2024-10-02 12:44:53,008][INFO][clas_evaluator:132] - dataset: earlystopping, avg f1-score: 0.7263
[2024-10-02 12:44:53,050][INFO][base_model:51] - snapshot saved to XXX/frequency-pretraining/models/exp006a-m28-base_fe_clas-2024-10-02_10-52-14-final.pth
[2024-10-02 12:45:30,221][INFO][clas_trainer:133] - train epoch: 17 [7872/79134 (10%)], lr: ['1.00e-04', '1.00e-04'], loss: 0.096504
[2024-10-02 12:46:06,284][INFO][clas_trainer:133] - train epoch: 17 [15776/79134 (20%)], lr: ['1.00e-04', '1.00e-04'], loss: 0.027421
[2024-10-02 12:46:45,440][INFO][clas_trainer:133] - train epoch: 17 [23680/79134 (30%)], lr: ['1.00e-04', '1.00e-04'], loss: 0.023736
[2024-10-02 12:47:22,397][INFO][clas_trainer:133] - train epoch: 17 [31584/79134 (40%)], lr: ['1.00e-04', '1.00e-04'], loss: 0.063481
[2024-10-02 12:47:58,410][INFO][clas_trainer:133] - train epoch: 17 [39488/79134 (50%)], lr: ['1.00e-04', '1.00e-04'], loss: 0.100318
[2024-10-02 12:48:37,544][INFO][clas_trainer:133] - train epoch: 17 [47392/79134 (60%)], lr: ['1.00e-04', '1.00e-04'], loss: 0.005016
[2024-10-02 12:49:14,659][INFO][clas_trainer:133] - train epoch: 17 [55296/79134 (70%)], lr: ['1.00e-04', '1.00e-04'], loss: 0.030136
[2024-10-02 12:49:49,303][INFO][clas_trainer:133] - train epoch: 17 [63200/79134 (80%)], lr: ['1.00e-04', '1.00e-04'], loss: 0.001535
[2024-10-02 12:50:25,226][INFO][clas_trainer:133] - train epoch: 17 [71104/79134 (90%)], lr: ['1.00e-04', '1.00e-04'], loss: 0.103997
[2024-10-02 12:51:01,258][INFO][clas_trainer:133] - train epoch: 17 [79008/79134 (100%)], lr: ['1.00e-04', '1.00e-04'], loss: 0.133881
[2024-10-02 12:51:39,063][INFO][clas_trainer:63] - [epoch  17] execution time: 406.01s	metrics:
[2024-10-02 12:51:39,064][INFO][clas_evaluator:132] - dataset: earlystopping, avg f1-score: 0.7322
[2024-10-02 12:51:39,105][INFO][base_model:51] - snapshot saved to XXX/frequency-pretraining/models/exp006a-m28-base_fe_clas-2024-10-02_10-52-14-final.pth
[2024-10-02 12:52:16,734][INFO][clas_trainer:133] - train epoch: 18 [7872/79134 (10%)], lr: ['1.00e-04', '1.00e-04'], loss: 0.023712
[2024-10-02 12:52:53,661][INFO][clas_trainer:133] - train epoch: 18 [15776/79134 (20%)], lr: ['1.00e-04', '1.00e-04'], loss: 0.004626
[2024-10-02 12:53:29,283][INFO][clas_trainer:133] - train epoch: 18 [23680/79134 (30%)], lr: ['1.00e-04', '1.00e-04'], loss: 0.019677
[2024-10-02 12:54:05,472][INFO][clas_trainer:133] - train epoch: 18 [31584/79134 (40%)], lr: ['1.00e-04', '1.00e-04'], loss: 0.003317
[2024-10-02 12:54:42,475][INFO][clas_trainer:133] - train epoch: 18 [39488/79134 (50%)], lr: ['1.00e-04', '1.00e-04'], loss: 0.008694
[2024-10-02 12:55:18,136][INFO][clas_trainer:133] - train epoch: 18 [47392/79134 (60%)], lr: ['1.00e-04', '1.00e-04'], loss: 0.004928
[2024-10-02 12:55:53,902][INFO][clas_trainer:133] - train epoch: 18 [55296/79134 (70%)], lr: ['1.00e-04', '1.00e-04'], loss: 0.011950
[2024-10-02 12:56:28,991][INFO][clas_trainer:133] - train epoch: 18 [63200/79134 (80%)], lr: ['1.00e-04', '1.00e-04'], loss: 0.000557
[2024-10-02 12:57:06,911][INFO][clas_trainer:133] - train epoch: 18 [71104/79134 (90%)], lr: ['1.00e-04', '1.00e-04'], loss: 0.005705
[2024-10-02 12:57:42,488][INFO][clas_trainer:133] - train epoch: 18 [79008/79134 (100%)], lr: ['1.00e-04', '1.00e-04'], loss: 0.019330
[2024-10-02 12:58:20,287][INFO][clas_trainer:63] - [epoch  18] execution time: 401.18s	metrics:
[2024-10-02 12:58:20,288][INFO][clas_evaluator:132] - dataset: earlystopping, avg f1-score: 0.7208
[2024-10-02 12:58:58,172][INFO][clas_trainer:133] - train epoch: 19 [7872/79134 (10%)], lr: ['1.00e-04', '1.00e-04'], loss: 0.006073
[2024-10-02 12:59:33,878][INFO][clas_trainer:133] - train epoch: 19 [15776/79134 (20%)], lr: ['1.00e-04', '1.00e-04'], loss: 0.047902
[2024-10-02 13:00:11,321][INFO][clas_trainer:133] - train epoch: 19 [23680/79134 (30%)], lr: ['1.00e-04', '1.00e-04'], loss: 0.011351
[2024-10-02 13:00:49,661][INFO][clas_trainer:133] - train epoch: 19 [31584/79134 (40%)], lr: ['1.00e-04', '1.00e-04'], loss: 0.020429
[2024-10-02 13:01:26,393][INFO][clas_trainer:133] - train epoch: 19 [39488/79134 (50%)], lr: ['1.00e-04', '1.00e-04'], loss: 0.012524
[2024-10-02 13:02:01,682][INFO][clas_trainer:133] - train epoch: 19 [47392/79134 (60%)], lr: ['1.00e-04', '1.00e-04'], loss: 0.021726
[2024-10-02 13:02:37,707][INFO][clas_trainer:133] - train epoch: 19 [55296/79134 (70%)], lr: ['1.00e-04', '1.00e-04'], loss: 0.036712
[2024-10-02 13:03:15,041][INFO][clas_trainer:133] - train epoch: 19 [63200/79134 (80%)], lr: ['1.00e-04', '1.00e-04'], loss: 0.005004
[2024-10-02 13:03:52,062][INFO][clas_trainer:133] - train epoch: 19 [71104/79134 (90%)], lr: ['1.00e-04', '1.00e-04'], loss: 0.165906
[2024-10-02 13:04:27,905][INFO][clas_trainer:133] - train epoch: 19 [79008/79134 (100%)], lr: ['1.00e-04', '1.00e-04'], loss: 0.008430
[2024-10-02 13:05:07,423][INFO][clas_trainer:63] - [epoch  19] execution time: 407.13s	metrics:
[2024-10-02 13:05:07,423][INFO][clas_evaluator:132] - dataset: earlystopping, avg f1-score: 0.6991
[2024-10-02 13:05:45,417][INFO][clas_trainer:133] - train epoch: 20 [7872/79134 (10%)], lr: ['1.00e-04', '1.00e-04'], loss: 0.002946
[2024-10-02 13:06:21,555][INFO][clas_trainer:133] - train epoch: 20 [15776/79134 (20%)], lr: ['1.00e-04', '1.00e-04'], loss: 0.036321
[2024-10-02 13:06:59,618][INFO][clas_trainer:133] - train epoch: 20 [23680/79134 (30%)], lr: ['1.00e-04', '1.00e-04'], loss: 0.008068
[2024-10-02 13:07:38,414][INFO][clas_trainer:133] - train epoch: 20 [31584/79134 (40%)], lr: ['1.00e-04', '1.00e-04'], loss: 0.034602
[2024-10-02 13:08:15,861][INFO][clas_trainer:133] - train epoch: 20 [39488/79134 (50%)], lr: ['1.00e-04', '1.00e-04'], loss: 0.014698
[2024-10-02 13:08:51,647][INFO][clas_trainer:133] - train epoch: 20 [47392/79134 (60%)], lr: ['1.00e-04', '1.00e-04'], loss: 0.015246
[2024-10-02 13:09:26,429][INFO][clas_trainer:133] - train epoch: 20 [55296/79134 (70%)], lr: ['1.00e-04', '1.00e-04'], loss: 0.011470
[2024-10-02 13:10:02,624][INFO][clas_trainer:133] - train epoch: 20 [63200/79134 (80%)], lr: ['1.00e-04', '1.00e-04'], loss: 0.004995
[2024-10-02 13:10:39,197][INFO][clas_trainer:133] - train epoch: 20 [71104/79134 (90%)], lr: ['1.00e-04', '1.00e-04'], loss: 0.056352
[2024-10-02 13:11:15,712][INFO][clas_trainer:133] - train epoch: 20 [79008/79134 (100%)], lr: ['1.00e-04', '1.00e-04'], loss: 0.004013
[2024-10-02 13:11:54,324][INFO][clas_trainer:63] - [epoch  20] execution time: 406.90s	metrics:
[2024-10-02 13:11:54,324][INFO][clas_evaluator:132] - dataset: earlystopping, avg f1-score: 0.7048
[2024-10-02 13:12:29,962][INFO][clas_trainer:133] - train epoch: 21 [7872/79134 (10%)], lr: ['1.00e-04', '1.00e-04'], loss: 0.005178
[2024-10-02 13:13:04,809][INFO][clas_trainer:133] - train epoch: 21 [15776/79134 (20%)], lr: ['1.00e-04', '1.00e-04'], loss: 0.001084
[2024-10-02 13:13:42,290][INFO][clas_trainer:133] - train epoch: 21 [23680/79134 (30%)], lr: ['1.00e-04', '1.00e-04'], loss: 0.006588
[2024-10-02 13:14:18,571][INFO][clas_trainer:133] - train epoch: 21 [31584/79134 (40%)], lr: ['1.00e-04', '1.00e-04'], loss: 0.015418
[2024-10-02 13:14:55,375][INFO][clas_trainer:133] - train epoch: 21 [39488/79134 (50%)], lr: ['1.00e-04', '1.00e-04'], loss: 0.000968
[2024-10-02 13:15:33,742][INFO][clas_trainer:133] - train epoch: 21 [47392/79134 (60%)], lr: ['1.00e-04', '1.00e-04'], loss: 0.078552
[2024-10-02 13:16:11,120][INFO][clas_trainer:133] - train epoch: 21 [55296/79134 (70%)], lr: ['1.00e-04', '1.00e-04'], loss: 0.002632
[2024-10-02 13:16:49,627][INFO][clas_trainer:133] - train epoch: 21 [63200/79134 (80%)], lr: ['1.00e-04', '1.00e-04'], loss: 0.005463
[2024-10-02 13:17:27,716][INFO][clas_trainer:133] - train epoch: 21 [71104/79134 (90%)], lr: ['1.00e-04', '1.00e-04'], loss: 0.001592
[2024-10-02 13:18:05,310][INFO][clas_trainer:133] - train epoch: 21 [79008/79134 (100%)], lr: ['1.00e-04', '1.00e-04'], loss: 0.021631
[2024-10-02 13:18:44,863][INFO][clas_trainer:63] - [epoch  21] execution time: 410.54s	metrics:
[2024-10-02 13:18:44,864][INFO][clas_evaluator:132] - dataset: earlystopping, avg f1-score: 0.6625
[2024-10-02 13:19:24,548][INFO][clas_trainer:133] - train epoch: 22 [7872/79134 (10%)], lr: ['1.00e-04', '1.00e-04'], loss: 0.011215
[2024-10-02 13:20:01,494][INFO][clas_trainer:133] - train epoch: 22 [15776/79134 (20%)], lr: ['1.00e-04', '1.00e-04'], loss: 0.002407
[2024-10-02 13:20:40,753][INFO][clas_trainer:133] - train epoch: 22 [23680/79134 (30%)], lr: ['1.00e-04', '1.00e-04'], loss: 0.103416
[2024-10-02 13:21:19,071][INFO][clas_trainer:133] - train epoch: 22 [31584/79134 (40%)], lr: ['1.00e-04', '1.00e-04'], loss: 0.004101
[2024-10-02 13:21:58,703][INFO][clas_trainer:133] - train epoch: 22 [39488/79134 (50%)], lr: ['1.00e-04', '1.00e-04'], loss: 0.025518
[2024-10-02 13:22:38,088][INFO][clas_trainer:133] - train epoch: 22 [47392/79134 (60%)], lr: ['1.00e-04', '1.00e-04'], loss: 0.005203
[2024-10-02 13:23:15,715][INFO][clas_trainer:133] - train epoch: 22 [55296/79134 (70%)], lr: ['1.00e-04', '1.00e-04'], loss: 0.097092
[2024-10-02 13:23:54,082][INFO][clas_trainer:133] - train epoch: 22 [63200/79134 (80%)], lr: ['1.00e-04', '1.00e-04'], loss: 0.057509
[2024-10-02 13:24:31,970][INFO][clas_trainer:133] - train epoch: 22 [71104/79134 (90%)], lr: ['1.00e-04', '1.00e-04'], loss: 0.001389
[2024-10-02 13:25:09,178][INFO][clas_trainer:133] - train epoch: 22 [79008/79134 (100%)], lr: ['1.00e-04', '1.00e-04'], loss: 0.007721
[2024-10-02 13:25:48,898][INFO][clas_trainer:63] - [epoch  22] execution time: 424.03s	metrics:
[2024-10-02 13:25:48,899][INFO][clas_evaluator:132] - dataset: earlystopping, avg f1-score: 0.7157
[2024-10-02 13:26:25,543][INFO][clas_trainer:133] - train epoch: 23 [7872/79134 (10%)], lr: ['1.00e-04', '1.00e-04'], loss: 0.001408
[2024-10-02 13:27:01,974][INFO][clas_trainer:133] - train epoch: 23 [15776/79134 (20%)], lr: ['1.00e-04', '1.00e-04'], loss: 0.009430
[2024-10-02 13:27:39,057][INFO][clas_trainer:133] - train epoch: 23 [23680/79134 (30%)], lr: ['1.00e-04', '1.00e-04'], loss: 0.000612
[2024-10-02 13:28:15,773][INFO][clas_trainer:133] - train epoch: 23 [31584/79134 (40%)], lr: ['1.00e-04', '1.00e-04'], loss: 0.005738
[2024-10-02 13:28:52,425][INFO][clas_trainer:133] - train epoch: 23 [39488/79134 (50%)], lr: ['1.00e-04', '1.00e-04'], loss: 0.009278
[2024-10-02 13:29:29,170][INFO][clas_trainer:133] - train epoch: 23 [47392/79134 (60%)], lr: ['1.00e-04', '1.00e-04'], loss: 0.001610
[2024-10-02 13:30:05,213][INFO][clas_trainer:133] - train epoch: 23 [55296/79134 (70%)], lr: ['1.00e-04', '1.00e-04'], loss: 0.047004
[2024-10-02 13:30:44,302][INFO][clas_trainer:133] - train epoch: 23 [63200/79134 (80%)], lr: ['1.00e-04', '1.00e-04'], loss: 0.071467
[2024-10-02 13:31:22,548][INFO][clas_trainer:133] - train epoch: 23 [71104/79134 (90%)], lr: ['1.00e-04', '1.00e-04'], loss: 0.007230
[2024-10-02 13:31:59,886][INFO][clas_trainer:133] - train epoch: 23 [79008/79134 (100%)], lr: ['1.00e-04', '1.00e-04'], loss: 0.005574
[2024-10-02 13:32:38,979][INFO][clas_trainer:63] - [epoch  23] execution time: 410.08s	metrics:
[2024-10-02 13:32:38,979][INFO][clas_evaluator:132] - dataset: earlystopping, avg f1-score: 0.7304
[2024-10-02 13:33:14,315][INFO][clas_trainer:133] - train epoch: 24 [7872/79134 (10%)], lr: ['1.00e-04', '1.00e-04'], loss: 0.002856
[2024-10-02 13:33:47,922][INFO][clas_trainer:133] - train epoch: 24 [15776/79134 (20%)], lr: ['1.00e-04', '1.00e-04'], loss: 0.004501
[2024-10-02 13:34:21,774][INFO][clas_trainer:133] - train epoch: 24 [23680/79134 (30%)], lr: ['1.00e-04', '1.00e-04'], loss: 0.030348
[2024-10-02 13:34:54,982][INFO][clas_trainer:133] - train epoch: 24 [31584/79134 (40%)], lr: ['1.00e-04', '1.00e-04'], loss: 0.005847
[2024-10-02 13:35:27,889][INFO][clas_trainer:133] - train epoch: 24 [39488/79134 (50%)], lr: ['1.00e-04', '1.00e-04'], loss: 0.008433
[2024-10-02 13:36:01,320][INFO][clas_trainer:133] - train epoch: 24 [47392/79134 (60%)], lr: ['1.00e-04', '1.00e-04'], loss: 0.005070
[2024-10-02 13:36:34,768][INFO][clas_trainer:133] - train epoch: 24 [55296/79134 (70%)], lr: ['1.00e-04', '1.00e-04'], loss: 0.002677
[2024-10-02 13:37:07,931][INFO][clas_trainer:133] - train epoch: 24 [63200/79134 (80%)], lr: ['1.00e-04', '1.00e-04'], loss: 0.003764
[2024-10-02 13:37:41,563][INFO][clas_trainer:133] - train epoch: 24 [71104/79134 (90%)], lr: ['1.00e-04', '1.00e-04'], loss: 0.019028
[2024-10-02 13:38:15,722][INFO][clas_trainer:133] - train epoch: 24 [79008/79134 (100%)], lr: ['1.00e-04', '1.00e-04'], loss: 0.004344
[2024-10-02 13:38:54,613][INFO][clas_trainer:63] - [epoch  24] execution time: 375.63s	metrics:
[2024-10-02 13:38:54,614][INFO][clas_evaluator:132] - dataset: earlystopping, avg f1-score: 0.7190
[2024-10-02 13:39:29,444][INFO][clas_trainer:133] - train epoch: 25 [7872/79134 (10%)], lr: ['1.00e-04', '1.00e-04'], loss: 0.001715
[2024-10-02 13:40:03,180][INFO][clas_trainer:133] - train epoch: 25 [15776/79134 (20%)], lr: ['1.00e-04', '1.00e-04'], loss: 0.010673
[2024-10-02 13:40:35,756][INFO][clas_trainer:133] - train epoch: 25 [23680/79134 (30%)], lr: ['1.00e-04', '1.00e-04'], loss: 0.007415
[2024-10-02 13:41:08,161][INFO][clas_trainer:133] - train epoch: 25 [31584/79134 (40%)], lr: ['1.00e-04', '1.00e-04'], loss: 0.002145
[2024-10-02 13:41:42,425][INFO][clas_trainer:133] - train epoch: 25 [39488/79134 (50%)], lr: ['1.00e-04', '1.00e-04'], loss: 0.003218
[2024-10-02 13:42:18,530][INFO][clas_trainer:133] - train epoch: 25 [47392/79134 (60%)], lr: ['1.00e-04', '1.00e-04'], loss: 0.001130
[2024-10-02 13:42:54,524][INFO][clas_trainer:133] - train epoch: 25 [55296/79134 (70%)], lr: ['1.00e-04', '1.00e-04'], loss: 0.003395
[2024-10-02 13:43:30,436][INFO][clas_trainer:133] - train epoch: 25 [63200/79134 (80%)], lr: ['1.00e-04', '1.00e-04'], loss: 0.019488
[2024-10-02 13:44:07,508][INFO][clas_trainer:133] - train epoch: 25 [71104/79134 (90%)], lr: ['1.00e-04', '1.00e-04'], loss: 0.031329
[2024-10-02 13:44:42,983][INFO][clas_trainer:133] - train epoch: 25 [79008/79134 (100%)], lr: ['1.00e-04', '1.00e-04'], loss: 0.001569
[2024-10-02 13:45:21,254][INFO][clas_trainer:63] - [epoch  25] execution time: 386.64s	metrics:
[2024-10-02 13:45:21,254][INFO][clas_evaluator:132] - dataset: earlystopping, avg f1-score: 0.7212
[2024-10-02 13:45:59,164][INFO][clas_trainer:133] - train epoch: 26 [7872/79134 (10%)], lr: ['1.00e-04', '1.00e-04'], loss: 0.028811
[2024-10-02 13:46:34,474][INFO][clas_trainer:133] - train epoch: 26 [15776/79134 (20%)], lr: ['1.00e-04', '1.00e-04'], loss: 0.000345
[2024-10-02 13:47:12,223][INFO][clas_trainer:133] - train epoch: 26 [23680/79134 (30%)], lr: ['1.00e-04', '1.00e-04'], loss: 0.006340
[2024-10-02 13:47:49,284][INFO][clas_trainer:133] - train epoch: 26 [31584/79134 (40%)], lr: ['1.00e-04', '1.00e-04'], loss: 0.007800
[2024-10-02 13:48:25,295][INFO][clas_trainer:133] - train epoch: 26 [39488/79134 (50%)], lr: ['1.00e-04', '1.00e-04'], loss: 0.005914
[2024-10-02 13:49:01,270][INFO][clas_trainer:133] - train epoch: 26 [47392/79134 (60%)], lr: ['1.00e-04', '1.00e-04'], loss: 0.000953
[2024-10-02 13:49:37,609][INFO][clas_trainer:133] - train epoch: 26 [55296/79134 (70%)], lr: ['1.00e-04', '1.00e-04'], loss: 0.000914
[2024-10-02 13:50:12,473][INFO][clas_trainer:133] - train epoch: 26 [63200/79134 (80%)], lr: ['1.00e-04', '1.00e-04'], loss: 0.001534
[2024-10-02 13:50:43,739][INFO][clas_trainer:133] - train epoch: 26 [71104/79134 (90%)], lr: ['1.00e-04', '1.00e-04'], loss: 0.067649
[2024-10-02 13:51:15,587][INFO][clas_trainer:133] - train epoch: 26 [79008/79134 (100%)], lr: ['1.00e-04', '1.00e-04'], loss: 0.001660
[2024-10-02 13:51:51,926][INFO][clas_trainer:63] - [epoch  26] execution time: 390.67s	metrics:
[2024-10-02 13:51:51,927][INFO][clas_evaluator:132] - dataset: earlystopping, avg f1-score: 0.6910
[2024-10-02 13:52:26,955][INFO][clas_trainer:133] - train epoch: 27 [7872/79134 (10%)], lr: ['1.00e-04', '1.00e-04'], loss: 0.009103
[2024-10-02 13:53:00,756][INFO][clas_trainer:133] - train epoch: 27 [15776/79134 (20%)], lr: ['1.00e-04', '1.00e-04'], loss: 0.001209
[2024-10-02 13:53:34,135][INFO][clas_trainer:133] - train epoch: 27 [23680/79134 (30%)], lr: ['1.00e-04', '1.00e-04'], loss: 0.011474
[2024-10-02 13:54:07,661][INFO][clas_trainer:133] - train epoch: 27 [31584/79134 (40%)], lr: ['1.00e-04', '1.00e-04'], loss: 0.003071
[2024-10-02 13:54:41,944][INFO][clas_trainer:133] - train epoch: 27 [39488/79134 (50%)], lr: ['1.00e-04', '1.00e-04'], loss: 0.017990
[2024-10-02 13:55:17,167][INFO][clas_trainer:133] - train epoch: 27 [47392/79134 (60%)], lr: ['1.00e-04', '1.00e-04'], loss: 0.010520
[2024-10-02 13:55:51,549][INFO][clas_trainer:133] - train epoch: 27 [55296/79134 (70%)], lr: ['1.00e-04', '1.00e-04'], loss: 0.005508
[2024-10-02 13:56:28,031][INFO][clas_trainer:133] - train epoch: 27 [63200/79134 (80%)], lr: ['1.00e-04', '1.00e-04'], loss: 0.010468
[2024-10-02 13:57:04,590][INFO][clas_trainer:133] - train epoch: 27 [71104/79134 (90%)], lr: ['1.00e-04', '1.00e-04'], loss: 0.004949
[2024-10-02 13:57:40,106][INFO][clas_trainer:133] - train epoch: 27 [79008/79134 (100%)], lr: ['1.00e-04', '1.00e-04'], loss: 0.006612
[2024-10-02 13:58:19,695][INFO][clas_trainer:63] - [epoch  27] execution time: 387.77s	metrics:
[2024-10-02 13:58:19,696][INFO][clas_evaluator:132] - dataset: earlystopping, avg f1-score: 0.7096
[2024-10-02 13:58:19,707][INFO][clas_trainer:79] - finished training
[2024-10-02 13:58:19,707][INFO][clas_trainer:80] - best model on epoch: 17 	f1-score: 0.7322
