[2024-03-02 03:43:16,607][INFO][fine-tune:33] - Using GPU 0
[2024-03-02 03:43:16,610][INFO][fine-tune:43] - overrides:
hydra:
- hydra.launcher.n_jobs=10
- hydra.mode=MULTIRUN
task:
- m_seed_path_sids={seeds:[6,6,6,6,6],path:"exp001b-m6-simple_multi_class-2024-03-01_15-35-58-final.pth",subject_ids:{dod_o_h:$\{data.dod_o_h.cv_5_fold.fold_2\}}}
- data.downstream.train_dataloader.dataset.data_reducer.n_subjects=56
- general.gpus=[0]

[2024-03-02 03:43:23,757][INFO][data_loaders:71] - class distribution before data reduction:
# samples per subject
02fb158a-a658-51ee-89cf-1e1dc2ebfde1: 861
03341d0d-5927-5838-8a5f-1b8ef39d8f57: 1063
039ce8ad-a7fa-5272-a3e3-1f4bfebdd087: 915
0d79f4b1-e74f-5e87-8e42-f9dd7112ada5: 968
100df108-eb57-5eaa-a413-f7e4436a7895: 952
130f3f52-7d0a-551e-af61-2ee75455e5c9: 989
14c012bd-65b0-56f5-bc74-2dffcea69837: 969
16450f5a-9b65-5536-85e1-93816c8b89eb: 816
18482adf-1144-54ca-9e35-27f65c43a105: 824
18ede714-aba3-5ad8-bb1a-18fc9b1c4192: 995
1da3544e-dc5c-5795-adc3-f5068959211f: 955
2159377e-ebf3-5565-9014-1e2ae69dc1d2: 907
2d01dc34-f36c-562e-b24a-d20dc798fdfc: 837
2e865ca9-e20f-5a6f-bd25-45d28cc9eab9: 950
30e8a05b-4cf1-5aa8-9ef7-28d6e2949ad5: 699
32556393-bb57-560a-99e8-e09885219647: 1106
3dd35e7b-d7e2-516d-8a85-e0d58a59569f: 1093
3e842aa8-bcd9-521e-93a2-72124233fe2c: 620
4b72b905-5521-5c57-b666-e20ff9bb195f: 868
4e3c4ac4-69e2-5347-a3b0-662c204d259d: 926
52fbe46b-206c-584a-9f4f-1eb308e07bac: 1064
5b94ec8a-c34d-5e45-84d1-bec2ea965609: 1090
5bf0f969-304c-581e-949c-50c108f62846: 947
5ddbc68c-1283-5c27-952b-d7f102291bc2: 1097
64959ac4-53b5-5868-a845-c7476e9fdf7b: 990
67fa8e29-6f4d-530e-9422-bbc3aca86ed0: 1046
6e2aa933-c51c-5a31-8c7b-83da8d076a12: 905
730aba3b-e310-5be0-9eed-7c3123466834: 1120
742f1592-627c-54eb-bbb5-ccd55ffae33a: 975
769df255-2284-50b3-8917-2155c759fbbd: 929
79e8a04e-0fdd-53ae-bedc-d49d08e29103: 918
7ab8ff5f-a77f-567d-9882-f8bee0c3c9bf: 989
7d778801-88e7-5086-ad1d-70f31a371876: 999
7f5237b1-2196-5c8a-9543-a5aa70210ef4: 931
83c1394e-9c69-5c11-9102-9ff8d59b1cfd: 1011
844f68ba-265e-53e6-bf47-6c85d1804a7b: 957
90aef91a-252f-5ccc-a82e-78ea7ee9ca1f: 1089
a25b2296-343b-53f6-8792-ada2669d466e: 1008
a35a118e-e65e-5928-92a9-4354a6a0f4ce: 813
a6254c8a-f1b2-5736-b601-18245dd5e0a5: 1084
a65a9e69-cddf-5711-9a97-de8bfdeb08cc: 961
a79d1f0e-c133-5aa0-8268-cdcc05825f0f: 1046
aadc9e0c-b7c3-5a47-851d-f21971d10935: 969
b2d3ccdd-395c-5dd2-81d9-252bcfc0c337: 902
b3706da5-748b-5dd1-a552-f57e4456cdf6: 1041
b5d5785d-87ee-5078-b9b9-aac6abd4d8de: 918
c8110476-594c-533d-95bd-86147fccc987: 995
cc3b4b63-4a6f-5f28-ac7e-62f83c271449: 1076
d3cadb78-cb8c-5a6e-885c-392e457c68b1: 982
d5181c33-a43b-5dfe-8ad7-0337facb092a: 977
e6b7cbef-4c9d-5541-82e8-04810de0fb60: 819
e72505f1-21be-5d66-b620-cfcfa2d754bc: 973
e8ec8ec4-dc48-50ce-985a-a06d87861030: 975
eb95076c-c470-56a4-b788-ace310f061c6: 965
f2a69bdc-ed51-5e3f-b102-6b3f7d392be0: 960
f66bc75e-778b-5037-af86-b5275cd4c79f: 865

# samples per stage
0: 9109
1: 2878
2: 26255
3: 6343
4: 9114
[2024-03-02 03:43:23,904][INFO][data_loaders:77] - class distribution after data reduction:
# samples per subject
02fb158a-a658-51ee-89cf-1e1dc2ebfde1: 861
03341d0d-5927-5838-8a5f-1b8ef39d8f57: 1063
039ce8ad-a7fa-5272-a3e3-1f4bfebdd087: 915
0d79f4b1-e74f-5e87-8e42-f9dd7112ada5: 968
100df108-eb57-5eaa-a413-f7e4436a7895: 952
130f3f52-7d0a-551e-af61-2ee75455e5c9: 989
14c012bd-65b0-56f5-bc74-2dffcea69837: 969
16450f5a-9b65-5536-85e1-93816c8b89eb: 816
18482adf-1144-54ca-9e35-27f65c43a105: 824
18ede714-aba3-5ad8-bb1a-18fc9b1c4192: 995
1da3544e-dc5c-5795-adc3-f5068959211f: 955
2159377e-ebf3-5565-9014-1e2ae69dc1d2: 907
2d01dc34-f36c-562e-b24a-d20dc798fdfc: 837
2e865ca9-e20f-5a6f-bd25-45d28cc9eab9: 950
30e8a05b-4cf1-5aa8-9ef7-28d6e2949ad5: 699
32556393-bb57-560a-99e8-e09885219647: 1106
3dd35e7b-d7e2-516d-8a85-e0d58a59569f: 1093
3e842aa8-bcd9-521e-93a2-72124233fe2c: 620
4b72b905-5521-5c57-b666-e20ff9bb195f: 868
4e3c4ac4-69e2-5347-a3b0-662c204d259d: 926
52fbe46b-206c-584a-9f4f-1eb308e07bac: 1064
5b94ec8a-c34d-5e45-84d1-bec2ea965609: 1090
5bf0f969-304c-581e-949c-50c108f62846: 947
5ddbc68c-1283-5c27-952b-d7f102291bc2: 1097
64959ac4-53b5-5868-a845-c7476e9fdf7b: 990
67fa8e29-6f4d-530e-9422-bbc3aca86ed0: 1046
6e2aa933-c51c-5a31-8c7b-83da8d076a12: 905
730aba3b-e310-5be0-9eed-7c3123466834: 1120
742f1592-627c-54eb-bbb5-ccd55ffae33a: 975
769df255-2284-50b3-8917-2155c759fbbd: 929
79e8a04e-0fdd-53ae-bedc-d49d08e29103: 918
7ab8ff5f-a77f-567d-9882-f8bee0c3c9bf: 989
7d778801-88e7-5086-ad1d-70f31a371876: 999
7f5237b1-2196-5c8a-9543-a5aa70210ef4: 931
83c1394e-9c69-5c11-9102-9ff8d59b1cfd: 1011
844f68ba-265e-53e6-bf47-6c85d1804a7b: 957
90aef91a-252f-5ccc-a82e-78ea7ee9ca1f: 1089
a25b2296-343b-53f6-8792-ada2669d466e: 1008
a35a118e-e65e-5928-92a9-4354a6a0f4ce: 813
a6254c8a-f1b2-5736-b601-18245dd5e0a5: 1084
a65a9e69-cddf-5711-9a97-de8bfdeb08cc: 961
a79d1f0e-c133-5aa0-8268-cdcc05825f0f: 1046
aadc9e0c-b7c3-5a47-851d-f21971d10935: 969
b2d3ccdd-395c-5dd2-81d9-252bcfc0c337: 902
b3706da5-748b-5dd1-a552-f57e4456cdf6: 1041
b5d5785d-87ee-5078-b9b9-aac6abd4d8de: 918
c8110476-594c-533d-95bd-86147fccc987: 995
cc3b4b63-4a6f-5f28-ac7e-62f83c271449: 1076
d3cadb78-cb8c-5a6e-885c-392e457c68b1: 982
d5181c33-a43b-5dfe-8ad7-0337facb092a: 977
e6b7cbef-4c9d-5541-82e8-04810de0fb60: 819
e72505f1-21be-5d66-b620-cfcfa2d754bc: 973
e8ec8ec4-dc48-50ce-985a-a06d87861030: 975
eb95076c-c470-56a4-b788-ace310f061c6: 965
f2a69bdc-ed51-5e3f-b102-6b3f7d392be0: 960
f66bc75e-778b-5037-af86-b5275cd4c79f: 865

# samples per stage
0: 9109
1: 2878
2: 26255
3: 6343
4: 9114
[2024-03-02 03:43:23,926][INFO][base_pret_fe:84] - Loading model from exp001b-m6-simple_multi_class-2024-03-01_15-35-58-final.pth
[2024-03-02 03:43:24,926][INFO][data_loaders:71] - class distribution before data reduction:
# samples per subject
0416d51f-5d69-5326-b74a-a2e31a96a1ef: 822
119f9726-eb4c-5a0e-a7bb-9e15256149a1: 932
1fa6c401-d819-50f5-8146-a0bb9e2b2516: 986
22bea84c-5d23-5e49-bc2d-9764f883955b: 1048
25a6b2b0-4d09-561b-82c6-f09bb271d3be: 1063
6a7503ac-ab3a-5d5b-b474-4b0fe37748dd: 1213
a30245e3-4a71-565f-9636-92e7d2e825fc: 1122
b3534fa3-7676-50dc-8412-07f0eff4f7a9: 757

# samples per stage
0: 1372
1: 412
2: 3945
3: 905
4: 1309
[2024-03-02 03:43:24,952][INFO][data_loaders:77] - class distribution after data reduction:
# samples per subject
0416d51f-5d69-5326-b74a-a2e31a96a1ef: 822
119f9726-eb4c-5a0e-a7bb-9e15256149a1: 932
1fa6c401-d819-50f5-8146-a0bb9e2b2516: 986
22bea84c-5d23-5e49-bc2d-9764f883955b: 1048
25a6b2b0-4d09-561b-82c6-f09bb271d3be: 1063
6a7503ac-ab3a-5d5b-b474-4b0fe37748dd: 1213
a30245e3-4a71-565f-9636-92e7d2e825fc: 1122
b3534fa3-7676-50dc-8412-07f0eff4f7a9: 757

# samples per stage
0: 1372
1: 412
2: 3945
3: 905
4: 1309
[2024-03-02 03:43:25,068][INFO][clas_trainer:82] - metrics before training (epoch 0):
[2024-03-02 03:43:29,220][INFO][clas_evaluator:69] - dataset: earlystopping, avg f1-score: 0.2639
[2024-03-02 03:43:36,230][INFO][clas_trainer:180] - train epoch: 1 [5312/53699 (10%)], lr: ['1.00e-04', '1.00e-04'], loss: 0.975670
[2024-03-02 03:43:42,565][INFO][clas_trainer:180] - train epoch: 1 [10656/53699 (20%)], lr: ['1.00e-04', '1.00e-04'], loss: 1.003353
[2024-03-02 03:43:48,371][INFO][clas_trainer:180] - train epoch: 1 [16000/53699 (30%)], lr: ['1.00e-04', '1.00e-04'], loss: 0.591966
[2024-03-02 03:43:54,631][INFO][clas_trainer:180] - train epoch: 1 [21344/53699 (40%)], lr: ['1.00e-04', '1.00e-04'], loss: 0.891117
[2024-03-02 03:44:00,809][INFO][clas_trainer:180] - train epoch: 1 [26688/53699 (50%)], lr: ['1.00e-04', '1.00e-04'], loss: 0.416391
[2024-03-02 03:44:07,481][INFO][clas_trainer:180] - train epoch: 1 [32032/53699 (60%)], lr: ['1.00e-04', '1.00e-04'], loss: 0.432747
[2024-03-02 03:44:13,702][INFO][clas_trainer:180] - train epoch: 1 [37376/53699 (70%)], lr: ['1.00e-04', '1.00e-04'], loss: 0.708068
[2024-03-02 03:44:19,887][INFO][clas_trainer:180] - train epoch: 1 [42720/53699 (80%)], lr: ['1.00e-04', '1.00e-04'], loss: 0.625642
[2024-03-02 03:44:26,035][INFO][clas_trainer:180] - train epoch: 1 [48064/53699 (89%)], lr: ['1.00e-04', '1.00e-04'], loss: 0.454485
[2024-03-02 03:44:32,105][INFO][clas_trainer:180] - train epoch: 1 [53408/53699 (99%)], lr: ['1.00e-04', '1.00e-04'], loss: 0.818779
[2024-03-02 03:44:37,369][INFO][clas_trainer:96] - [epoch   1] execution time: 68.15s	metrics:
[2024-03-02 03:44:37,369][INFO][clas_evaluator:69] - dataset: earlystopping, avg f1-score: 0.7445
[2024-03-02 03:44:37,399][INFO][base_model:70] - snapshot saved to /home/users/grieger/repos/frequency-pretraining/models/exp001c-m36-base_fe_clas-2024-03-02_02-28-25-final.pth
[2024-03-02 03:44:44,440][INFO][clas_trainer:180] - train epoch: 2 [5312/53699 (10%)], lr: ['1.00e-04', '1.00e-04'], loss: 0.393876
[2024-03-02 03:44:50,758][INFO][clas_trainer:180] - train epoch: 2 [10656/53699 (20%)], lr: ['1.00e-04', '1.00e-04'], loss: 0.570979
[2024-03-02 03:44:57,269][INFO][clas_trainer:180] - train epoch: 2 [16000/53699 (30%)], lr: ['1.00e-04', '1.00e-04'], loss: 0.470068
[2024-03-02 03:45:04,142][INFO][clas_trainer:180] - train epoch: 2 [21344/53699 (40%)], lr: ['1.00e-04', '1.00e-04'], loss: 0.660041
[2024-03-02 03:45:10,715][INFO][clas_trainer:180] - train epoch: 2 [26688/53699 (50%)], lr: ['1.00e-04', '1.00e-04'], loss: 0.215340
[2024-03-02 03:45:16,615][INFO][clas_trainer:180] - train epoch: 2 [32032/53699 (60%)], lr: ['1.00e-04', '1.00e-04'], loss: 0.265328
[2024-03-02 03:45:23,023][INFO][clas_trainer:180] - train epoch: 2 [37376/53699 (70%)], lr: ['1.00e-04', '1.00e-04'], loss: 0.228749
[2024-03-02 03:45:29,272][INFO][clas_trainer:180] - train epoch: 2 [42720/53699 (80%)], lr: ['1.00e-04', '1.00e-04'], loss: 0.475844
[2024-03-02 03:45:35,422][INFO][clas_trainer:180] - train epoch: 2 [48064/53699 (89%)], lr: ['1.00e-04', '1.00e-04'], loss: 0.310710
[2024-03-02 03:45:41,549][INFO][clas_trainer:180] - train epoch: 2 [53408/53699 (99%)], lr: ['1.00e-04', '1.00e-04'], loss: 0.422358
[2024-03-02 03:45:46,535][INFO][clas_trainer:96] - [epoch   2] execution time: 69.14s	metrics:
[2024-03-02 03:45:46,535][INFO][clas_evaluator:69] - dataset: earlystopping, avg f1-score: 0.7758
[2024-03-02 03:45:46,567][INFO][base_model:70] - snapshot saved to /home/users/grieger/repos/frequency-pretraining/models/exp001c-m36-base_fe_clas-2024-03-02_02-28-25-final.pth
[2024-03-02 03:45:53,492][INFO][clas_trainer:180] - train epoch: 3 [5312/53699 (10%)], lr: ['1.00e-04', '1.00e-04'], loss: 0.490664
[2024-03-02 03:45:59,606][INFO][clas_trainer:180] - train epoch: 3 [10656/53699 (20%)], lr: ['1.00e-04', '1.00e-04'], loss: 0.422067
[2024-03-02 03:46:05,888][INFO][clas_trainer:180] - train epoch: 3 [16000/53699 (30%)], lr: ['1.00e-04', '1.00e-04'], loss: 0.660138
[2024-03-02 03:46:12,271][INFO][clas_trainer:180] - train epoch: 3 [21344/53699 (40%)], lr: ['1.00e-04', '1.00e-04'], loss: 0.400228
[2024-03-02 03:46:18,548][INFO][clas_trainer:180] - train epoch: 3 [26688/53699 (50%)], lr: ['1.00e-04', '1.00e-04'], loss: 0.294550
[2024-03-02 03:46:25,034][INFO][clas_trainer:180] - train epoch: 3 [32032/53699 (60%)], lr: ['1.00e-04', '1.00e-04'], loss: 0.281386
[2024-03-02 03:46:31,336][INFO][clas_trainer:180] - train epoch: 3 [37376/53699 (70%)], lr: ['1.00e-04', '1.00e-04'], loss: 0.396407
[2024-03-02 03:46:37,596][INFO][clas_trainer:180] - train epoch: 3 [42720/53699 (80%)], lr: ['1.00e-04', '1.00e-04'], loss: 0.355017
[2024-03-02 03:46:43,895][INFO][clas_trainer:180] - train epoch: 3 [48064/53699 (89%)], lr: ['1.00e-04', '1.00e-04'], loss: 0.582525
[2024-03-02 03:46:49,803][INFO][clas_trainer:180] - train epoch: 3 [53408/53699 (99%)], lr: ['1.00e-04', '1.00e-04'], loss: 0.415505
[2024-03-02 03:46:55,427][INFO][clas_trainer:96] - [epoch   3] execution time: 68.86s	metrics:
[2024-03-02 03:46:55,428][INFO][clas_evaluator:69] - dataset: earlystopping, avg f1-score: 0.7747
[2024-03-02 03:47:02,175][INFO][clas_trainer:180] - train epoch: 4 [5312/53699 (10%)], lr: ['1.00e-04', '1.00e-04'], loss: 0.193320
[2024-03-02 03:47:08,257][INFO][clas_trainer:180] - train epoch: 4 [10656/53699 (20%)], lr: ['1.00e-04', '1.00e-04'], loss: 0.322062
[2024-03-02 03:47:14,490][INFO][clas_trainer:180] - train epoch: 4 [16000/53699 (30%)], lr: ['1.00e-04', '1.00e-04'], loss: 0.229648
[2024-03-02 03:47:20,742][INFO][clas_trainer:180] - train epoch: 4 [21344/53699 (40%)], lr: ['1.00e-04', '1.00e-04'], loss: 0.275156
[2024-03-02 03:47:26,952][INFO][clas_trainer:180] - train epoch: 4 [26688/53699 (50%)], lr: ['1.00e-04', '1.00e-04'], loss: 0.853343
[2024-03-02 03:47:33,209][INFO][clas_trainer:180] - train epoch: 4 [32032/53699 (60%)], lr: ['1.00e-04', '1.00e-04'], loss: 0.216542
[2024-03-02 03:47:39,464][INFO][clas_trainer:180] - train epoch: 4 [37376/53699 (70%)], lr: ['1.00e-04', '1.00e-04'], loss: 0.391727
[2024-03-02 03:47:47,192][INFO][clas_trainer:180] - train epoch: 4 [42720/53699 (80%)], lr: ['1.00e-04', '1.00e-04'], loss: 0.532424
[2024-03-02 03:47:53,228][INFO][clas_trainer:180] - train epoch: 4 [48064/53699 (89%)], lr: ['1.00e-04', '1.00e-04'], loss: 0.320669
[2024-03-02 03:47:59,320][INFO][clas_trainer:180] - train epoch: 4 [53408/53699 (99%)], lr: ['1.00e-04', '1.00e-04'], loss: 0.353174
[2024-03-02 03:48:05,244][INFO][clas_trainer:96] - [epoch   4] execution time: 69.82s	metrics:
[2024-03-02 03:48:05,245][INFO][clas_evaluator:69] - dataset: earlystopping, avg f1-score: 0.8039
[2024-03-02 03:48:05,293][INFO][base_model:70] - snapshot saved to /home/users/grieger/repos/frequency-pretraining/models/exp001c-m36-base_fe_clas-2024-03-02_02-28-25-final.pth
[2024-03-02 03:48:12,350][INFO][clas_trainer:180] - train epoch: 5 [5312/53699 (10%)], lr: ['1.00e-04', '1.00e-04'], loss: 0.400639
[2024-03-02 03:48:18,429][INFO][clas_trainer:180] - train epoch: 5 [10656/53699 (20%)], lr: ['1.00e-04', '1.00e-04'], loss: 0.441696
[2024-03-02 03:48:24,690][INFO][clas_trainer:180] - train epoch: 5 [16000/53699 (30%)], lr: ['1.00e-04', '1.00e-04'], loss: 0.200465
[2024-03-02 03:48:31,071][INFO][clas_trainer:180] - train epoch: 5 [21344/53699 (40%)], lr: ['1.00e-04', '1.00e-04'], loss: 0.260971
[2024-03-02 03:48:37,322][INFO][clas_trainer:180] - train epoch: 5 [26688/53699 (50%)], lr: ['1.00e-04', '1.00e-04'], loss: 0.576132
[2024-03-02 03:48:43,571][INFO][clas_trainer:180] - train epoch: 5 [32032/53699 (60%)], lr: ['1.00e-04', '1.00e-04'], loss: 0.402987
[2024-03-02 03:48:50,496][INFO][clas_trainer:180] - train epoch: 5 [37376/53699 (70%)], lr: ['1.00e-04', '1.00e-04'], loss: 0.190676
[2024-03-02 03:48:57,191][INFO][clas_trainer:180] - train epoch: 5 [42720/53699 (80%)], lr: ['1.00e-04', '1.00e-04'], loss: 0.590890
[2024-03-02 03:49:03,879][INFO][clas_trainer:180] - train epoch: 5 [48064/53699 (89%)], lr: ['1.00e-04', '1.00e-04'], loss: 0.257445
[2024-03-02 03:49:10,460][INFO][clas_trainer:180] - train epoch: 5 [53408/53699 (99%)], lr: ['1.00e-04', '1.00e-04'], loss: 0.150761
[2024-03-02 03:49:16,527][INFO][clas_trainer:96] - [epoch   5] execution time: 71.23s	metrics:
[2024-03-02 03:49:16,534][INFO][clas_evaluator:69] - dataset: earlystopping, avg f1-score: 0.8195
[2024-03-02 03:49:16,571][INFO][base_model:70] - snapshot saved to /home/users/grieger/repos/frequency-pretraining/models/exp001c-m36-base_fe_clas-2024-03-02_02-28-25-final.pth
[2024-03-02 03:49:23,884][INFO][clas_trainer:180] - train epoch: 6 [5312/53699 (10%)], lr: ['1.00e-04', '1.00e-04'], loss: 0.687955
[2024-03-02 03:49:30,135][INFO][clas_trainer:180] - train epoch: 6 [10656/53699 (20%)], lr: ['1.00e-04', '1.00e-04'], loss: 0.387726
[2024-03-02 03:49:36,606][INFO][clas_trainer:180] - train epoch: 6 [16000/53699 (30%)], lr: ['1.00e-04', '1.00e-04'], loss: 0.127802
[2024-03-02 03:49:42,868][INFO][clas_trainer:180] - train epoch: 6 [21344/53699 (40%)], lr: ['1.00e-04', '1.00e-04'], loss: 0.326610
[2024-03-02 03:49:49,069][INFO][clas_trainer:180] - train epoch: 6 [26688/53699 (50%)], lr: ['1.00e-04', '1.00e-04'], loss: 0.405430
[2024-03-02 03:49:55,347][INFO][clas_trainer:180] - train epoch: 6 [32032/53699 (60%)], lr: ['1.00e-04', '1.00e-04'], loss: 0.352018
[2024-03-02 03:50:01,636][INFO][clas_trainer:180] - train epoch: 6 [37376/53699 (70%)], lr: ['1.00e-04', '1.00e-04'], loss: 0.351747
[2024-03-02 03:50:08,025][INFO][clas_trainer:180] - train epoch: 6 [42720/53699 (80%)], lr: ['1.00e-04', '1.00e-04'], loss: 0.230435
[2024-03-02 03:50:14,388][INFO][clas_trainer:180] - train epoch: 6 [48064/53699 (89%)], lr: ['1.00e-04', '1.00e-04'], loss: 0.192442
[2024-03-02 03:50:20,775][INFO][clas_trainer:180] - train epoch: 6 [53408/53699 (99%)], lr: ['1.00e-04', '1.00e-04'], loss: 0.404772
[2024-03-02 03:50:25,326][INFO][clas_trainer:96] - [epoch   6] execution time: 68.75s	metrics:
[2024-03-02 03:50:25,327][INFO][clas_evaluator:69] - dataset: earlystopping, avg f1-score: 0.8039
[2024-03-02 03:50:32,558][INFO][clas_trainer:180] - train epoch: 7 [5312/53699 (10%)], lr: ['1.00e-04', '1.00e-04'], loss: 0.580178
[2024-03-02 03:50:38,822][INFO][clas_trainer:180] - train epoch: 7 [10656/53699 (20%)], lr: ['1.00e-04', '1.00e-04'], loss: 0.237772
[2024-03-02 03:50:46,238][INFO][clas_trainer:180] - train epoch: 7 [16000/53699 (30%)], lr: ['1.00e-04', '1.00e-04'], loss: 0.366253
[2024-03-02 03:50:52,380][INFO][clas_trainer:180] - train epoch: 7 [21344/53699 (40%)], lr: ['1.00e-04', '1.00e-04'], loss: 0.404484
[2024-03-02 03:50:58,613][INFO][clas_trainer:180] - train epoch: 7 [26688/53699 (50%)], lr: ['1.00e-04', '1.00e-04'], loss: 0.226234
[2024-03-02 03:51:05,040][INFO][clas_trainer:180] - train epoch: 7 [32032/53699 (60%)], lr: ['1.00e-04', '1.00e-04'], loss: 0.141821
[2024-03-02 03:51:11,200][INFO][clas_trainer:180] - train epoch: 7 [37376/53699 (70%)], lr: ['1.00e-04', '1.00e-04'], loss: 0.276918
[2024-03-02 03:51:17,428][INFO][clas_trainer:180] - train epoch: 7 [42720/53699 (80%)], lr: ['1.00e-04', '1.00e-04'], loss: 0.201934
[2024-03-02 03:51:23,753][INFO][clas_trainer:180] - train epoch: 7 [48064/53699 (89%)], lr: ['1.00e-04', '1.00e-04'], loss: 0.164348
[2024-03-02 03:51:30,028][INFO][clas_trainer:180] - train epoch: 7 [53408/53699 (99%)], lr: ['1.00e-04', '1.00e-04'], loss: 0.228810
[2024-03-02 03:51:35,964][INFO][clas_trainer:96] - [epoch   7] execution time: 70.64s	metrics:
[2024-03-02 03:51:35,964][INFO][clas_evaluator:69] - dataset: earlystopping, avg f1-score: 0.8083
[2024-03-02 03:51:43,706][INFO][clas_trainer:180] - train epoch: 8 [5312/53699 (10%)], lr: ['1.00e-04', '1.00e-04'], loss: 0.142110
[2024-03-02 03:51:51,087][INFO][clas_trainer:180] - train epoch: 8 [10656/53699 (20%)], lr: ['1.00e-04', '1.00e-04'], loss: 0.359410
[2024-03-02 03:51:58,207][INFO][clas_trainer:180] - train epoch: 8 [16000/53699 (30%)], lr: ['1.00e-04', '1.00e-04'], loss: 0.199072
[2024-03-02 03:52:05,180][INFO][clas_trainer:180] - train epoch: 8 [21344/53699 (40%)], lr: ['1.00e-04', '1.00e-04'], loss: 0.145962
[2024-03-02 03:52:11,190][INFO][clas_trainer:180] - train epoch: 8 [26688/53699 (50%)], lr: ['1.00e-04', '1.00e-04'], loss: 0.345911
[2024-03-02 03:52:17,391][INFO][clas_trainer:180] - train epoch: 8 [32032/53699 (60%)], lr: ['1.00e-04', '1.00e-04'], loss: 0.186516
[2024-03-02 03:52:24,469][INFO][clas_trainer:180] - train epoch: 8 [37376/53699 (70%)], lr: ['1.00e-04', '1.00e-04'], loss: 0.419491
[2024-03-02 03:52:31,600][INFO][clas_trainer:180] - train epoch: 8 [42720/53699 (80%)], lr: ['1.00e-04', '1.00e-04'], loss: 0.356584
[2024-03-02 03:52:38,600][INFO][clas_trainer:180] - train epoch: 8 [48064/53699 (89%)], lr: ['1.00e-04', '1.00e-04'], loss: 0.278411
[2024-03-02 03:52:45,977][INFO][clas_trainer:180] - train epoch: 8 [53408/53699 (99%)], lr: ['1.00e-04', '1.00e-04'], loss: 0.309042
[2024-03-02 03:52:52,277][INFO][clas_trainer:96] - [epoch   8] execution time: 76.31s	metrics:
[2024-03-02 03:52:52,278][INFO][clas_evaluator:69] - dataset: earlystopping, avg f1-score: 0.8165
[2024-03-02 03:52:59,976][INFO][clas_trainer:180] - train epoch: 9 [5312/53699 (10%)], lr: ['1.00e-04', '1.00e-04'], loss: 0.156990
[2024-03-02 03:53:06,964][INFO][clas_trainer:180] - train epoch: 9 [10656/53699 (20%)], lr: ['1.00e-04', '1.00e-04'], loss: 0.293807
[2024-03-02 03:53:12,901][INFO][clas_trainer:180] - train epoch: 9 [16000/53699 (30%)], lr: ['1.00e-04', '1.00e-04'], loss: 0.138580
[2024-03-02 03:53:18,783][INFO][clas_trainer:180] - train epoch: 9 [21344/53699 (40%)], lr: ['1.00e-04', '1.00e-04'], loss: 0.469002
[2024-03-02 03:53:24,991][INFO][clas_trainer:180] - train epoch: 9 [26688/53699 (50%)], lr: ['1.00e-04', '1.00e-04'], loss: 0.209524
[2024-03-02 03:53:30,871][INFO][clas_trainer:180] - train epoch: 9 [32032/53699 (60%)], lr: ['1.00e-04', '1.00e-04'], loss: 0.199149
[2024-03-02 03:53:37,899][INFO][clas_trainer:180] - train epoch: 9 [37376/53699 (70%)], lr: ['1.00e-04', '1.00e-04'], loss: 0.159667
[2024-03-02 03:53:43,521][INFO][clas_trainer:180] - train epoch: 9 [42720/53699 (80%)], lr: ['1.00e-04', '1.00e-04'], loss: 0.263951
[2024-03-02 03:53:49,216][INFO][clas_trainer:180] - train epoch: 9 [48064/53699 (89%)], lr: ['1.00e-04', '1.00e-04'], loss: 0.139975
[2024-03-02 03:53:54,744][INFO][clas_trainer:180] - train epoch: 9 [53408/53699 (99%)], lr: ['1.00e-04', '1.00e-04'], loss: 0.369185
[2024-03-02 03:53:59,700][INFO][clas_trainer:96] - [epoch   9] execution time: 67.42s	metrics:
[2024-03-02 03:53:59,701][INFO][clas_evaluator:69] - dataset: earlystopping, avg f1-score: 0.8106
[2024-03-02 03:54:06,687][INFO][clas_trainer:180] - train epoch: 10 [5312/53699 (10%)], lr: ['1.00e-04', '1.00e-04'], loss: 0.249633
[2024-03-02 03:54:13,091][INFO][clas_trainer:180] - train epoch: 10 [10656/53699 (20%)], lr: ['1.00e-04', '1.00e-04'], loss: 0.214674
[2024-03-02 03:54:19,341][INFO][clas_trainer:180] - train epoch: 10 [16000/53699 (30%)], lr: ['1.00e-04', '1.00e-04'], loss: 0.237139
[2024-03-02 03:54:25,765][INFO][clas_trainer:180] - train epoch: 10 [21344/53699 (40%)], lr: ['1.00e-04', '1.00e-04'], loss: 0.256609
[2024-03-02 03:54:32,256][INFO][clas_trainer:180] - train epoch: 10 [26688/53699 (50%)], lr: ['1.00e-04', '1.00e-04'], loss: 0.209826
[2024-03-02 03:54:38,274][INFO][clas_trainer:180] - train epoch: 10 [32032/53699 (60%)], lr: ['1.00e-04', '1.00e-04'], loss: 0.156373
[2024-03-02 03:54:43,886][INFO][clas_trainer:180] - train epoch: 10 [37376/53699 (70%)], lr: ['1.00e-04', '1.00e-04'], loss: 0.406139
[2024-03-02 03:54:49,110][INFO][clas_trainer:180] - train epoch: 10 [42720/53699 (80%)], lr: ['1.00e-04', '1.00e-04'], loss: 0.362572
[2024-03-02 03:54:54,830][INFO][clas_trainer:180] - train epoch: 10 [48064/53699 (89%)], lr: ['1.00e-04', '1.00e-04'], loss: 0.066066
[2024-03-02 03:55:01,181][INFO][clas_trainer:180] - train epoch: 10 [53408/53699 (99%)], lr: ['1.00e-04', '1.00e-04'], loss: 0.210261
[2024-03-02 03:55:06,136][INFO][clas_trainer:96] - [epoch  10] execution time: 66.43s	metrics:
[2024-03-02 03:55:06,136][INFO][clas_evaluator:69] - dataset: earlystopping, avg f1-score: 0.8017
[2024-03-02 03:55:13,497][INFO][clas_trainer:180] - train epoch: 11 [5312/53699 (10%)], lr: ['1.00e-04', '1.00e-04'], loss: 0.265174
[2024-03-02 03:55:19,660][INFO][clas_trainer:180] - train epoch: 11 [10656/53699 (20%)], lr: ['1.00e-04', '1.00e-04'], loss: 0.358666
[2024-03-02 03:55:25,946][INFO][clas_trainer:180] - train epoch: 11 [16000/53699 (30%)], lr: ['1.00e-04', '1.00e-04'], loss: 0.284047
[2024-03-02 03:55:32,322][INFO][clas_trainer:180] - train epoch: 11 [21344/53699 (40%)], lr: ['1.00e-04', '1.00e-04'], loss: 0.297528
[2024-03-02 03:55:38,725][INFO][clas_trainer:180] - train epoch: 11 [26688/53699 (50%)], lr: ['1.00e-04', '1.00e-04'], loss: 0.478466
[2024-03-02 03:55:44,995][INFO][clas_trainer:180] - train epoch: 11 [32032/53699 (60%)], lr: ['1.00e-04', '1.00e-04'], loss: 0.296021
[2024-03-02 03:55:51,658][INFO][clas_trainer:180] - train epoch: 11 [37376/53699 (70%)], lr: ['1.00e-04', '1.00e-04'], loss: 0.247924
[2024-03-02 03:55:57,449][INFO][clas_trainer:180] - train epoch: 11 [42720/53699 (80%)], lr: ['1.00e-04', '1.00e-04'], loss: 0.476417
[2024-03-02 03:56:03,673][INFO][clas_trainer:180] - train epoch: 11 [48064/53699 (89%)], lr: ['1.00e-04', '1.00e-04'], loss: 0.217394
[2024-03-02 03:56:09,826][INFO][clas_trainer:180] - train epoch: 11 [53408/53699 (99%)], lr: ['1.00e-04', '1.00e-04'], loss: 0.274804
[2024-03-02 03:56:15,229][INFO][clas_trainer:96] - [epoch  11] execution time: 69.09s	metrics:
[2024-03-02 03:56:15,229][INFO][clas_evaluator:69] - dataset: earlystopping, avg f1-score: 0.8239
[2024-03-02 03:56:15,260][INFO][base_model:70] - snapshot saved to /home/users/grieger/repos/frequency-pretraining/models/exp001c-m36-base_fe_clas-2024-03-02_02-28-25-final.pth
[2024-03-02 03:56:22,190][INFO][clas_trainer:180] - train epoch: 12 [5312/53699 (10%)], lr: ['1.00e-04', '1.00e-04'], loss: 0.232174
[2024-03-02 03:56:28,158][INFO][clas_trainer:180] - train epoch: 12 [10656/53699 (20%)], lr: ['1.00e-04', '1.00e-04'], loss: 0.438996
[2024-03-02 03:56:34,240][INFO][clas_trainer:180] - train epoch: 12 [16000/53699 (30%)], lr: ['1.00e-04', '1.00e-04'], loss: 0.408542
[2024-03-02 03:56:40,644][INFO][clas_trainer:180] - train epoch: 12 [21344/53699 (40%)], lr: ['1.00e-04', '1.00e-04'], loss: 0.300593
[2024-03-02 03:56:47,035][INFO][clas_trainer:180] - train epoch: 12 [26688/53699 (50%)], lr: ['1.00e-04', '1.00e-04'], loss: 0.180389
[2024-03-02 03:56:52,956][INFO][clas_trainer:180] - train epoch: 12 [32032/53699 (60%)], lr: ['1.00e-04', '1.00e-04'], loss: 0.387453
[2024-03-02 03:56:59,124][INFO][clas_trainer:180] - train epoch: 12 [37376/53699 (70%)], lr: ['1.00e-04', '1.00e-04'], loss: 0.263454
[2024-03-02 03:57:06,387][INFO][clas_trainer:180] - train epoch: 12 [42720/53699 (80%)], lr: ['1.00e-04', '1.00e-04'], loss: 0.355559
[2024-03-02 03:57:14,028][INFO][clas_trainer:180] - train epoch: 12 [48064/53699 (89%)], lr: ['1.00e-04', '1.00e-04'], loss: 0.296965
[2024-03-02 03:57:21,628][INFO][clas_trainer:180] - train epoch: 12 [53408/53699 (99%)], lr: ['1.00e-04', '1.00e-04'], loss: 0.065162
[2024-03-02 03:57:28,136][INFO][clas_trainer:96] - [epoch  12] execution time: 72.88s	metrics:
[2024-03-02 03:57:28,137][INFO][clas_evaluator:69] - dataset: earlystopping, avg f1-score: 0.8065
[2024-03-02 03:57:35,921][INFO][clas_trainer:180] - train epoch: 13 [5312/53699 (10%)], lr: ['1.00e-04', '1.00e-04'], loss: 0.479730
[2024-03-02 03:57:43,020][INFO][clas_trainer:180] - train epoch: 13 [10656/53699 (20%)], lr: ['1.00e-04', '1.00e-04'], loss: 0.450426
[2024-03-02 03:57:50,330][INFO][clas_trainer:180] - train epoch: 13 [16000/53699 (30%)], lr: ['1.00e-04', '1.00e-04'], loss: 0.427825
[2024-03-02 03:57:57,588][INFO][clas_trainer:180] - train epoch: 13 [21344/53699 (40%)], lr: ['1.00e-04', '1.00e-04'], loss: 0.867638
[2024-03-02 03:58:04,333][INFO][clas_trainer:180] - train epoch: 13 [26688/53699 (50%)], lr: ['1.00e-04', '1.00e-04'], loss: 0.215217
[2024-03-02 03:58:10,947][INFO][clas_trainer:180] - train epoch: 13 [32032/53699 (60%)], lr: ['1.00e-04', '1.00e-04'], loss: 0.239295
[2024-03-02 03:58:18,063][INFO][clas_trainer:180] - train epoch: 13 [37376/53699 (70%)], lr: ['1.00e-04', '1.00e-04'], loss: 0.112579
[2024-03-02 03:58:24,977][INFO][clas_trainer:180] - train epoch: 13 [42720/53699 (80%)], lr: ['1.00e-04', '1.00e-04'], loss: 0.351218
[2024-03-02 03:58:31,333][INFO][clas_trainer:180] - train epoch: 13 [48064/53699 (89%)], lr: ['1.00e-04', '1.00e-04'], loss: 0.294131
[2024-03-02 03:58:37,514][INFO][clas_trainer:180] - train epoch: 13 [53408/53699 (99%)], lr: ['1.00e-04', '1.00e-04'], loss: 0.294891
[2024-03-02 03:58:42,235][INFO][clas_trainer:96] - [epoch  13] execution time: 74.10s	metrics:
[2024-03-02 03:58:42,236][INFO][clas_evaluator:69] - dataset: earlystopping, avg f1-score: 0.8066
[2024-03-02 03:58:48,947][INFO][clas_trainer:180] - train epoch: 14 [5312/53699 (10%)], lr: ['1.00e-04', '1.00e-04'], loss: 0.468577
[2024-03-02 03:58:55,159][INFO][clas_trainer:180] - train epoch: 14 [10656/53699 (20%)], lr: ['1.00e-04', '1.00e-04'], loss: 0.289270
[2024-03-02 03:59:01,534][INFO][clas_trainer:180] - train epoch: 14 [16000/53699 (30%)], lr: ['1.00e-04', '1.00e-04'], loss: 0.242393
[2024-03-02 03:59:07,573][INFO][clas_trainer:180] - train epoch: 14 [21344/53699 (40%)], lr: ['1.00e-04', '1.00e-04'], loss: 0.243985
[2024-03-02 03:59:13,620][INFO][clas_trainer:180] - train epoch: 14 [26688/53699 (50%)], lr: ['1.00e-04', '1.00e-04'], loss: 0.696491
[2024-03-02 03:59:19,792][INFO][clas_trainer:180] - train epoch: 14 [32032/53699 (60%)], lr: ['1.00e-04', '1.00e-04'], loss: 0.203673
[2024-03-02 03:59:26,251][INFO][clas_trainer:180] - train epoch: 14 [37376/53699 (70%)], lr: ['1.00e-04', '1.00e-04'], loss: 0.386164
[2024-03-02 03:59:32,787][INFO][clas_trainer:180] - train epoch: 14 [42720/53699 (80%)], lr: ['1.00e-04', '1.00e-04'], loss: 0.473527
[2024-03-02 03:59:38,917][INFO][clas_trainer:180] - train epoch: 14 [48064/53699 (89%)], lr: ['1.00e-04', '1.00e-04'], loss: 0.398565
[2024-03-02 03:59:45,011][INFO][clas_trainer:180] - train epoch: 14 [53408/53699 (99%)], lr: ['1.00e-04', '1.00e-04'], loss: 0.353185
[2024-03-02 03:59:50,998][INFO][clas_trainer:96] - [epoch  14] execution time: 68.76s	metrics:
[2024-03-02 03:59:50,999][INFO][clas_evaluator:69] - dataset: earlystopping, avg f1-score: 0.8125
[2024-03-02 03:59:58,442][INFO][clas_trainer:180] - train epoch: 15 [5312/53699 (10%)], lr: ['1.00e-04', '1.00e-04'], loss: 0.477764
[2024-03-02 04:00:04,974][INFO][clas_trainer:180] - train epoch: 15 [10656/53699 (20%)], lr: ['1.00e-04', '1.00e-04'], loss: 0.077336
[2024-03-02 04:00:11,412][INFO][clas_trainer:180] - train epoch: 15 [16000/53699 (30%)], lr: ['1.00e-04', '1.00e-04'], loss: 0.286389
[2024-03-02 04:00:17,580][INFO][clas_trainer:180] - train epoch: 15 [21344/53699 (40%)], lr: ['1.00e-04', '1.00e-04'], loss: 0.342076
[2024-03-02 04:00:23,799][INFO][clas_trainer:180] - train epoch: 15 [26688/53699 (50%)], lr: ['1.00e-04', '1.00e-04'], loss: 0.067393
[2024-03-02 04:00:30,305][INFO][clas_trainer:180] - train epoch: 15 [32032/53699 (60%)], lr: ['1.00e-04', '1.00e-04'], loss: 0.281020
[2024-03-02 04:00:36,824][INFO][clas_trainer:180] - train epoch: 15 [37376/53699 (70%)], lr: ['1.00e-04', '1.00e-04'], loss: 0.334003
[2024-03-02 04:00:43,166][INFO][clas_trainer:180] - train epoch: 15 [42720/53699 (80%)], lr: ['1.00e-04', '1.00e-04'], loss: 0.210883
[2024-03-02 04:00:49,734][INFO][clas_trainer:180] - train epoch: 15 [48064/53699 (89%)], lr: ['1.00e-04', '1.00e-04'], loss: 0.342576
[2024-03-02 04:00:55,890][INFO][clas_trainer:180] - train epoch: 15 [53408/53699 (99%)], lr: ['1.00e-04', '1.00e-04'], loss: 0.256957
[2024-03-02 04:01:01,061][INFO][clas_trainer:96] - [epoch  15] execution time: 70.06s	metrics:
[2024-03-02 04:01:01,061][INFO][clas_evaluator:69] - dataset: earlystopping, avg f1-score: 0.8118
[2024-03-02 04:01:08,189][INFO][clas_trainer:180] - train epoch: 16 [5312/53699 (10%)], lr: ['1.00e-04', '1.00e-04'], loss: 0.134038
[2024-03-02 04:01:14,680][INFO][clas_trainer:180] - train epoch: 16 [10656/53699 (20%)], lr: ['1.00e-04', '1.00e-04'], loss: 0.129315
[2024-03-02 04:01:20,856][INFO][clas_trainer:180] - train epoch: 16 [16000/53699 (30%)], lr: ['1.00e-04', '1.00e-04'], loss: 0.254846
[2024-03-02 04:01:27,037][INFO][clas_trainer:180] - train epoch: 16 [21344/53699 (40%)], lr: ['1.00e-04', '1.00e-04'], loss: 0.439742
[2024-03-02 04:01:33,225][INFO][clas_trainer:180] - train epoch: 16 [26688/53699 (50%)], lr: ['1.00e-04', '1.00e-04'], loss: 0.426959
[2024-03-02 04:01:39,854][INFO][clas_trainer:180] - train epoch: 16 [32032/53699 (60%)], lr: ['1.00e-04', '1.00e-04'], loss: 0.229728
[2024-03-02 04:01:46,270][INFO][clas_trainer:180] - train epoch: 16 [37376/53699 (70%)], lr: ['1.00e-04', '1.00e-04'], loss: 0.298479
[2024-03-02 04:01:52,352][INFO][clas_trainer:180] - train epoch: 16 [42720/53699 (80%)], lr: ['1.00e-04', '1.00e-04'], loss: 0.173971
[2024-03-02 04:01:58,345][INFO][clas_trainer:180] - train epoch: 16 [48064/53699 (89%)], lr: ['1.00e-04', '1.00e-04'], loss: 0.168589
[2024-03-02 04:02:04,578][INFO][clas_trainer:180] - train epoch: 16 [53408/53699 (99%)], lr: ['1.00e-04', '1.00e-04'], loss: 0.102872
[2024-03-02 04:02:09,699][INFO][clas_trainer:96] - [epoch  16] execution time: 68.64s	metrics:
[2024-03-02 04:02:09,700][INFO][clas_evaluator:69] - dataset: earlystopping, avg f1-score: 0.8144
[2024-03-02 04:02:17,104][INFO][clas_trainer:180] - train epoch: 17 [5312/53699 (10%)], lr: ['1.00e-04', '1.00e-04'], loss: 0.270945
[2024-03-02 04:02:23,423][INFO][clas_trainer:180] - train epoch: 17 [10656/53699 (20%)], lr: ['1.00e-04', '1.00e-04'], loss: 0.320583
[2024-03-02 04:02:29,765][INFO][clas_trainer:180] - train epoch: 17 [16000/53699 (30%)], lr: ['1.00e-04', '1.00e-04'], loss: 0.435906
[2024-03-02 04:02:36,670][INFO][clas_trainer:180] - train epoch: 17 [21344/53699 (40%)], lr: ['1.00e-04', '1.00e-04'], loss: 0.345483
[2024-03-02 04:02:44,018][INFO][clas_trainer:180] - train epoch: 17 [26688/53699 (50%)], lr: ['1.00e-04', '1.00e-04'], loss: 0.663079
[2024-03-02 04:02:51,271][INFO][clas_trainer:180] - train epoch: 17 [32032/53699 (60%)], lr: ['1.00e-04', '1.00e-04'], loss: 0.461581
[2024-03-02 04:02:58,719][INFO][clas_trainer:180] - train epoch: 17 [37376/53699 (70%)], lr: ['1.00e-04', '1.00e-04'], loss: 0.309575
[2024-03-02 04:03:05,804][INFO][clas_trainer:180] - train epoch: 17 [42720/53699 (80%)], lr: ['1.00e-04', '1.00e-04'], loss: 0.307024
[2024-03-02 04:03:12,186][INFO][clas_trainer:180] - train epoch: 17 [48064/53699 (89%)], lr: ['1.00e-04', '1.00e-04'], loss: 0.265477
[2024-03-02 04:03:18,701][INFO][clas_trainer:180] - train epoch: 17 [53408/53699 (99%)], lr: ['1.00e-04', '1.00e-04'], loss: 0.113275
[2024-03-02 04:03:24,082][INFO][clas_trainer:96] - [epoch  17] execution time: 74.38s	metrics:
[2024-03-02 04:03:24,083][INFO][clas_evaluator:69] - dataset: earlystopping, avg f1-score: 0.8233
[2024-03-02 04:03:31,128][INFO][clas_trainer:180] - train epoch: 18 [5312/53699 (10%)], lr: ['1.00e-04', '1.00e-04'], loss: 0.250619
[2024-03-02 04:03:36,623][INFO][clas_trainer:180] - train epoch: 18 [10656/53699 (20%)], lr: ['1.00e-04', '1.00e-04'], loss: 0.239895
[2024-03-02 04:03:42,336][INFO][clas_trainer:180] - train epoch: 18 [16000/53699 (30%)], lr: ['1.00e-04', '1.00e-04'], loss: 0.179778
[2024-03-02 04:03:48,360][INFO][clas_trainer:180] - train epoch: 18 [21344/53699 (40%)], lr: ['1.00e-04', '1.00e-04'], loss: 0.284441
[2024-03-02 04:03:54,638][INFO][clas_trainer:180] - train epoch: 18 [26688/53699 (50%)], lr: ['1.00e-04', '1.00e-04'], loss: 0.359242
[2024-03-02 04:04:00,950][INFO][clas_trainer:180] - train epoch: 18 [32032/53699 (60%)], lr: ['1.00e-04', '1.00e-04'], loss: 0.330421
[2024-03-02 04:04:07,262][INFO][clas_trainer:180] - train epoch: 18 [37376/53699 (70%)], lr: ['1.00e-04', '1.00e-04'], loss: 0.168632
[2024-03-02 04:04:13,148][INFO][clas_trainer:180] - train epoch: 18 [42720/53699 (80%)], lr: ['1.00e-04', '1.00e-04'], loss: 0.410713
[2024-03-02 04:04:19,529][INFO][clas_trainer:180] - train epoch: 18 [48064/53699 (89%)], lr: ['1.00e-04', '1.00e-04'], loss: 0.200608
[2024-03-02 04:04:26,887][INFO][clas_trainer:180] - train epoch: 18 [53408/53699 (99%)], lr: ['1.00e-04', '1.00e-04'], loss: 0.491860
[2024-03-02 04:04:32,295][INFO][clas_trainer:96] - [epoch  18] execution time: 68.21s	metrics:
[2024-03-02 04:04:32,296][INFO][clas_evaluator:69] - dataset: earlystopping, avg f1-score: 0.8098
[2024-03-02 04:04:39,022][INFO][clas_trainer:180] - train epoch: 19 [5312/53699 (10%)], lr: ['1.00e-04', '1.00e-04'], loss: 0.410455
[2024-03-02 04:04:45,357][INFO][clas_trainer:180] - train epoch: 19 [10656/53699 (20%)], lr: ['1.00e-04', '1.00e-04'], loss: 0.208094
[2024-03-02 04:04:51,251][INFO][clas_trainer:180] - train epoch: 19 [16000/53699 (30%)], lr: ['1.00e-04', '1.00e-04'], loss: 0.117199
[2024-03-02 04:04:57,348][INFO][clas_trainer:180] - train epoch: 19 [21344/53699 (40%)], lr: ['1.00e-04', '1.00e-04'], loss: 0.405714
[2024-03-02 04:05:03,698][INFO][clas_trainer:180] - train epoch: 19 [26688/53699 (50%)], lr: ['1.00e-04', '1.00e-04'], loss: 0.271460
[2024-03-02 04:05:10,237][INFO][clas_trainer:180] - train epoch: 19 [32032/53699 (60%)], lr: ['1.00e-04', '1.00e-04'], loss: 0.203286
[2024-03-02 04:05:16,547][INFO][clas_trainer:180] - train epoch: 19 [37376/53699 (70%)], lr: ['1.00e-04', '1.00e-04'], loss: 0.312015
[2024-03-02 04:05:22,837][INFO][clas_trainer:180] - train epoch: 19 [42720/53699 (80%)], lr: ['1.00e-04', '1.00e-04'], loss: 0.193727
[2024-03-02 04:05:29,155][INFO][clas_trainer:180] - train epoch: 19 [48064/53699 (89%)], lr: ['1.00e-04', '1.00e-04'], loss: 0.231535
[2024-03-02 04:05:35,430][INFO][clas_trainer:180] - train epoch: 19 [53408/53699 (99%)], lr: ['1.00e-04', '1.00e-04'], loss: 0.412379
[2024-03-02 04:05:40,606][INFO][clas_trainer:96] - [epoch  19] execution time: 68.31s	metrics:
[2024-03-02 04:05:40,607][INFO][clas_evaluator:69] - dataset: earlystopping, avg f1-score: 0.8198
[2024-03-02 04:05:47,550][INFO][clas_trainer:180] - train epoch: 20 [5312/53699 (10%)], lr: ['1.00e-04', '1.00e-04'], loss: 0.211159
[2024-03-02 04:05:53,355][INFO][clas_trainer:180] - train epoch: 20 [10656/53699 (20%)], lr: ['1.00e-04', '1.00e-04'], loss: 0.369996
[2024-03-02 04:05:58,446][INFO][clas_trainer:180] - train epoch: 20 [16000/53699 (30%)], lr: ['1.00e-04', '1.00e-04'], loss: 0.163067
[2024-03-02 04:06:03,782][INFO][clas_trainer:180] - train epoch: 20 [21344/53699 (40%)], lr: ['1.00e-04', '1.00e-04'], loss: 0.459199
[2024-03-02 04:06:09,837][INFO][clas_trainer:180] - train epoch: 20 [26688/53699 (50%)], lr: ['1.00e-04', '1.00e-04'], loss: 0.413016
[2024-03-02 04:06:16,251][INFO][clas_trainer:180] - train epoch: 20 [32032/53699 (60%)], lr: ['1.00e-04', '1.00e-04'], loss: 0.165549
[2024-03-02 04:06:22,553][INFO][clas_trainer:180] - train epoch: 20 [37376/53699 (70%)], lr: ['1.00e-04', '1.00e-04'], loss: 0.158929
[2024-03-02 04:06:28,736][INFO][clas_trainer:180] - train epoch: 20 [42720/53699 (80%)], lr: ['1.00e-04', '1.00e-04'], loss: 0.218742
[2024-03-02 04:06:35,267][INFO][clas_trainer:180] - train epoch: 20 [48064/53699 (89%)], lr: ['1.00e-04', '1.00e-04'], loss: 0.211067
[2024-03-02 04:06:41,714][INFO][clas_trainer:180] - train epoch: 20 [53408/53699 (99%)], lr: ['1.00e-04', '1.00e-04'], loss: 0.189642
[2024-03-02 04:06:47,128][INFO][clas_trainer:96] - [epoch  20] execution time: 66.52s	metrics:
[2024-03-02 04:06:47,129][INFO][clas_evaluator:69] - dataset: earlystopping, avg f1-score: 0.8339
[2024-03-02 04:06:47,189][INFO][base_model:70] - snapshot saved to /home/users/grieger/repos/frequency-pretraining/models/exp001c-m36-base_fe_clas-2024-03-02_02-28-25-final.pth
[2024-03-02 04:06:54,706][INFO][clas_trainer:180] - train epoch: 21 [5312/53699 (10%)], lr: ['1.00e-04', '1.00e-04'], loss: 0.323475
[2024-03-02 04:07:02,329][INFO][clas_trainer:180] - train epoch: 21 [10656/53699 (20%)], lr: ['1.00e-04', '1.00e-04'], loss: 0.338048
[2024-03-02 04:07:08,320][INFO][clas_trainer:180] - train epoch: 21 [16000/53699 (30%)], lr: ['1.00e-04', '1.00e-04'], loss: 0.132006
[2024-03-02 04:07:14,097][INFO][clas_trainer:180] - train epoch: 21 [21344/53699 (40%)], lr: ['1.00e-04', '1.00e-04'], loss: 0.243136
[2024-03-02 04:07:20,156][INFO][clas_trainer:180] - train epoch: 21 [26688/53699 (50%)], lr: ['1.00e-04', '1.00e-04'], loss: 0.299338
[2024-03-02 04:07:26,268][INFO][clas_trainer:180] - train epoch: 21 [32032/53699 (60%)], lr: ['1.00e-04', '1.00e-04'], loss: 0.139169
[2024-03-02 04:07:33,054][INFO][clas_trainer:180] - train epoch: 21 [37376/53699 (70%)], lr: ['1.00e-04', '1.00e-04'], loss: 0.246971
[2024-03-02 04:07:39,374][INFO][clas_trainer:180] - train epoch: 21 [42720/53699 (80%)], lr: ['1.00e-04', '1.00e-04'], loss: 0.303901
[2024-03-02 04:07:45,985][INFO][clas_trainer:180] - train epoch: 21 [48064/53699 (89%)], lr: ['1.00e-04', '1.00e-04'], loss: 0.199123
[2024-03-02 04:07:52,236][INFO][clas_trainer:180] - train epoch: 21 [53408/53699 (99%)], lr: ['1.00e-04', '1.00e-04'], loss: 0.317336
[2024-03-02 04:07:57,594][INFO][clas_trainer:96] - [epoch  21] execution time: 70.40s	metrics:
[2024-03-02 04:07:57,594][INFO][clas_evaluator:69] - dataset: earlystopping, avg f1-score: 0.8132
[2024-03-02 04:08:05,318][INFO][clas_trainer:180] - train epoch: 22 [5312/53699 (10%)], lr: ['1.00e-04', '1.00e-04'], loss: 0.257226
[2024-03-02 04:08:11,815][INFO][clas_trainer:180] - train epoch: 22 [10656/53699 (20%)], lr: ['1.00e-04', '1.00e-04'], loss: 0.177057
[2024-03-02 04:08:17,845][INFO][clas_trainer:180] - train epoch: 22 [16000/53699 (30%)], lr: ['1.00e-04', '1.00e-04'], loss: 0.404184
[2024-03-02 04:08:23,817][INFO][clas_trainer:180] - train epoch: 22 [21344/53699 (40%)], lr: ['1.00e-04', '1.00e-04'], loss: 0.237943
[2024-03-02 04:08:30,228][INFO][clas_trainer:180] - train epoch: 22 [26688/53699 (50%)], lr: ['1.00e-04', '1.00e-04'], loss: 0.194154
[2024-03-02 04:08:37,029][INFO][clas_trainer:180] - train epoch: 22 [32032/53699 (60%)], lr: ['1.00e-04', '1.00e-04'], loss: 0.121511
[2024-03-02 04:08:43,793][INFO][clas_trainer:180] - train epoch: 22 [37376/53699 (70%)], lr: ['1.00e-04', '1.00e-04'], loss: 0.242440
[2024-03-02 04:08:50,805][INFO][clas_trainer:180] - train epoch: 22 [42720/53699 (80%)], lr: ['1.00e-04', '1.00e-04'], loss: 0.113485
[2024-03-02 04:08:57,250][INFO][clas_trainer:180] - train epoch: 22 [48064/53699 (89%)], lr: ['1.00e-04', '1.00e-04'], loss: 0.238364
[2024-03-02 04:09:03,640][INFO][clas_trainer:180] - train epoch: 22 [53408/53699 (99%)], lr: ['1.00e-04', '1.00e-04'], loss: 0.212556
[2024-03-02 04:09:08,828][INFO][clas_trainer:96] - [epoch  22] execution time: 71.23s	metrics:
[2024-03-02 04:09:08,828][INFO][clas_evaluator:69] - dataset: earlystopping, avg f1-score: 0.8144
[2024-03-02 04:09:16,599][INFO][clas_trainer:180] - train epoch: 23 [5312/53699 (10%)], lr: ['1.00e-04', '1.00e-04'], loss: 0.206588
[2024-03-02 04:09:23,023][INFO][clas_trainer:180] - train epoch: 23 [10656/53699 (20%)], lr: ['1.00e-04', '1.00e-04'], loss: 0.148733
[2024-03-02 04:09:29,168][INFO][clas_trainer:180] - train epoch: 23 [16000/53699 (30%)], lr: ['1.00e-04', '1.00e-04'], loss: 0.203407
[2024-03-02 04:09:35,129][INFO][clas_trainer:180] - train epoch: 23 [21344/53699 (40%)], lr: ['1.00e-04', '1.00e-04'], loss: 0.155405
[2024-03-02 04:09:41,319][INFO][clas_trainer:180] - train epoch: 23 [26688/53699 (50%)], lr: ['1.00e-04', '1.00e-04'], loss: 0.265286
[2024-03-02 04:09:47,537][INFO][clas_trainer:180] - train epoch: 23 [32032/53699 (60%)], lr: ['1.00e-04', '1.00e-04'], loss: 0.263207
[2024-03-02 04:09:53,730][INFO][clas_trainer:180] - train epoch: 23 [37376/53699 (70%)], lr: ['1.00e-04', '1.00e-04'], loss: 0.206188
[2024-03-02 04:10:00,092][INFO][clas_trainer:180] - train epoch: 23 [42720/53699 (80%)], lr: ['1.00e-04', '1.00e-04'], loss: 0.143084
[2024-03-02 04:10:06,273][INFO][clas_trainer:180] - train epoch: 23 [48064/53699 (89%)], lr: ['1.00e-04', '1.00e-04'], loss: 0.169748
[2024-03-02 04:10:12,160][INFO][clas_trainer:180] - train epoch: 23 [53408/53699 (99%)], lr: ['1.00e-04', '1.00e-04'], loss: 0.349739
[2024-03-02 04:10:16,891][INFO][clas_trainer:96] - [epoch  23] execution time: 68.06s	metrics:
[2024-03-02 04:10:16,891][INFO][clas_evaluator:69] - dataset: earlystopping, avg f1-score: 0.8131
[2024-03-02 04:10:23,897][INFO][clas_trainer:180] - train epoch: 24 [5312/53699 (10%)], lr: ['1.00e-04', '1.00e-04'], loss: 0.297510
[2024-03-02 04:10:30,315][INFO][clas_trainer:180] - train epoch: 24 [10656/53699 (20%)], lr: ['1.00e-04', '1.00e-04'], loss: 0.192756
[2024-03-02 04:10:36,185][INFO][clas_trainer:180] - train epoch: 24 [16000/53699 (30%)], lr: ['1.00e-04', '1.00e-04'], loss: 0.309402
[2024-03-02 04:10:42,255][INFO][clas_trainer:180] - train epoch: 24 [21344/53699 (40%)], lr: ['1.00e-04', '1.00e-04'], loss: 0.136423
[2024-03-02 04:10:48,479][INFO][clas_trainer:180] - train epoch: 24 [26688/53699 (50%)], lr: ['1.00e-04', '1.00e-04'], loss: 0.098141
[2024-03-02 04:10:54,712][INFO][clas_trainer:180] - train epoch: 24 [32032/53699 (60%)], lr: ['1.00e-04', '1.00e-04'], loss: 0.255524
[2024-03-02 04:11:00,826][INFO][clas_trainer:180] - train epoch: 24 [37376/53699 (70%)], lr: ['1.00e-04', '1.00e-04'], loss: 0.383659
[2024-03-02 04:11:06,909][INFO][clas_trainer:180] - train epoch: 24 [42720/53699 (80%)], lr: ['1.00e-04', '1.00e-04'], loss: 0.292378
[2024-03-02 04:11:12,950][INFO][clas_trainer:180] - train epoch: 24 [48064/53699 (89%)], lr: ['1.00e-04', '1.00e-04'], loss: 0.309811
[2024-03-02 04:11:18,743][INFO][clas_trainer:180] - train epoch: 24 [53408/53699 (99%)], lr: ['1.00e-04', '1.00e-04'], loss: 0.329946
[2024-03-02 04:11:23,650][INFO][clas_trainer:96] - [epoch  24] execution time: 66.76s	metrics:
[2024-03-02 04:11:23,650][INFO][clas_evaluator:69] - dataset: earlystopping, avg f1-score: 0.8136
[2024-03-02 04:11:30,594][INFO][clas_trainer:180] - train epoch: 25 [5312/53699 (10%)], lr: ['1.00e-04', '1.00e-04'], loss: 0.158889
[2024-03-02 04:11:36,673][INFO][clas_trainer:180] - train epoch: 25 [10656/53699 (20%)], lr: ['1.00e-04', '1.00e-04'], loss: 0.225722
[2024-03-02 04:11:42,820][INFO][clas_trainer:180] - train epoch: 25 [16000/53699 (30%)], lr: ['1.00e-04', '1.00e-04'], loss: 0.166308
[2024-03-02 04:11:48,832][INFO][clas_trainer:180] - train epoch: 25 [21344/53699 (40%)], lr: ['1.00e-04', '1.00e-04'], loss: 0.352630
[2024-03-02 04:11:55,118][INFO][clas_trainer:180] - train epoch: 25 [26688/53699 (50%)], lr: ['1.00e-04', '1.00e-04'], loss: 0.166343
[2024-03-02 04:12:01,452][INFO][clas_trainer:180] - train epoch: 25 [32032/53699 (60%)], lr: ['1.00e-04', '1.00e-04'], loss: 0.194632
[2024-03-02 04:12:07,679][INFO][clas_trainer:180] - train epoch: 25 [37376/53699 (70%)], lr: ['1.00e-04', '1.00e-04'], loss: 0.095109
[2024-03-02 04:12:14,442][INFO][clas_trainer:180] - train epoch: 25 [42720/53699 (80%)], lr: ['1.00e-04', '1.00e-04'], loss: 0.294680
[2024-03-02 04:12:21,013][INFO][clas_trainer:180] - train epoch: 25 [48064/53699 (89%)], lr: ['1.00e-04', '1.00e-04'], loss: 0.114893
[2024-03-02 04:12:26,640][INFO][clas_trainer:180] - train epoch: 25 [53408/53699 (99%)], lr: ['1.00e-04', '1.00e-04'], loss: 0.119570
[2024-03-02 04:12:32,972][INFO][clas_trainer:96] - [epoch  25] execution time: 69.32s	metrics:
[2024-03-02 04:12:32,973][INFO][clas_evaluator:69] - dataset: earlystopping, avg f1-score: 0.8295
[2024-03-02 04:12:41,173][INFO][clas_trainer:180] - train epoch: 26 [5312/53699 (10%)], lr: ['1.00e-04', '1.00e-04'], loss: 0.086534
[2024-03-02 04:12:47,623][INFO][clas_trainer:180] - train epoch: 26 [10656/53699 (20%)], lr: ['1.00e-04', '1.00e-04'], loss: 0.166221
[2024-03-02 04:12:53,428][INFO][clas_trainer:180] - train epoch: 26 [16000/53699 (30%)], lr: ['1.00e-04', '1.00e-04'], loss: 0.146385
[2024-03-02 04:12:59,271][INFO][clas_trainer:180] - train epoch: 26 [21344/53699 (40%)], lr: ['1.00e-04', '1.00e-04'], loss: 0.302091
[2024-03-02 04:13:05,920][INFO][clas_trainer:180] - train epoch: 26 [26688/53699 (50%)], lr: ['1.00e-04', '1.00e-04'], loss: 0.359822
[2024-03-02 04:13:12,071][INFO][clas_trainer:180] - train epoch: 26 [32032/53699 (60%)], lr: ['1.00e-04', '1.00e-04'], loss: 0.060858
[2024-03-02 04:13:18,311][INFO][clas_trainer:180] - train epoch: 26 [37376/53699 (70%)], lr: ['1.00e-04', '1.00e-04'], loss: 0.089434
[2024-03-02 04:13:24,491][INFO][clas_trainer:180] - train epoch: 26 [42720/53699 (80%)], lr: ['1.00e-04', '1.00e-04'], loss: 0.198093
[2024-03-02 04:13:30,834][INFO][clas_trainer:180] - train epoch: 26 [48064/53699 (89%)], lr: ['1.00e-04', '1.00e-04'], loss: 0.287939
[2024-03-02 04:13:36,926][INFO][clas_trainer:180] - train epoch: 26 [53408/53699 (99%)], lr: ['1.00e-04', '1.00e-04'], loss: 0.358912
[2024-03-02 04:13:42,014][INFO][clas_trainer:96] - [epoch  26] execution time: 69.04s	metrics:
[2024-03-02 04:13:42,015][INFO][clas_evaluator:69] - dataset: earlystopping, avg f1-score: 0.8119
[2024-03-02 04:13:49,017][INFO][clas_trainer:180] - train epoch: 27 [5312/53699 (10%)], lr: ['1.00e-04', '1.00e-04'], loss: 0.190935
[2024-03-02 04:13:55,369][INFO][clas_trainer:180] - train epoch: 27 [10656/53699 (20%)], lr: ['1.00e-04', '1.00e-04'], loss: 0.400903
[2024-03-02 04:14:01,610][INFO][clas_trainer:180] - train epoch: 27 [16000/53699 (30%)], lr: ['1.00e-04', '1.00e-04'], loss: 0.216781
[2024-03-02 04:14:07,498][INFO][clas_trainer:180] - train epoch: 27 [21344/53699 (40%)], lr: ['1.00e-04', '1.00e-04'], loss: 0.325315
[2024-03-02 04:14:13,686][INFO][clas_trainer:180] - train epoch: 27 [26688/53699 (50%)], lr: ['1.00e-04', '1.00e-04'], loss: 0.348666
[2024-03-02 04:14:20,001][INFO][clas_trainer:180] - train epoch: 27 [32032/53699 (60%)], lr: ['1.00e-04', '1.00e-04'], loss: 0.171669
[2024-03-02 04:14:26,394][INFO][clas_trainer:180] - train epoch: 27 [37376/53699 (70%)], lr: ['1.00e-04', '1.00e-04'], loss: 0.139581
[2024-03-02 04:14:32,520][INFO][clas_trainer:180] - train epoch: 27 [42720/53699 (80%)], lr: ['1.00e-04', '1.00e-04'], loss: 0.176581
[2024-03-02 04:14:38,462][INFO][clas_trainer:180] - train epoch: 27 [48064/53699 (89%)], lr: ['1.00e-04', '1.00e-04'], loss: 0.372308
[2024-03-02 04:14:44,734][INFO][clas_trainer:180] - train epoch: 27 [53408/53699 (99%)], lr: ['1.00e-04', '1.00e-04'], loss: 0.154353
[2024-03-02 04:14:50,456][INFO][clas_trainer:96] - [epoch  27] execution time: 68.44s	metrics:
[2024-03-02 04:14:50,457][INFO][clas_evaluator:69] - dataset: earlystopping, avg f1-score: 0.8201
[2024-03-02 04:14:57,708][INFO][clas_trainer:180] - train epoch: 28 [5312/53699 (10%)], lr: ['1.00e-04', '1.00e-04'], loss: 0.200205
[2024-03-02 04:15:03,944][INFO][clas_trainer:180] - train epoch: 28 [10656/53699 (20%)], lr: ['1.00e-04', '1.00e-04'], loss: 0.237707
[2024-03-02 04:15:09,712][INFO][clas_trainer:180] - train epoch: 28 [16000/53699 (30%)], lr: ['1.00e-04', '1.00e-04'], loss: 0.350459
[2024-03-02 04:15:15,957][INFO][clas_trainer:180] - train epoch: 28 [21344/53699 (40%)], lr: ['1.00e-04', '1.00e-04'], loss: 0.402580
[2024-03-02 04:15:22,331][INFO][clas_trainer:180] - train epoch: 28 [26688/53699 (50%)], lr: ['1.00e-04', '1.00e-04'], loss: 0.408270
[2024-03-02 04:15:28,784][INFO][clas_trainer:180] - train epoch: 28 [32032/53699 (60%)], lr: ['1.00e-04', '1.00e-04'], loss: 0.284112
[2024-03-02 04:15:34,857][INFO][clas_trainer:180] - train epoch: 28 [37376/53699 (70%)], lr: ['1.00e-04', '1.00e-04'], loss: 0.209762
[2024-03-02 04:15:41,068][INFO][clas_trainer:180] - train epoch: 28 [42720/53699 (80%)], lr: ['1.00e-04', '1.00e-04'], loss: 0.363178
[2024-03-02 04:15:47,122][INFO][clas_trainer:180] - train epoch: 28 [48064/53699 (89%)], lr: ['1.00e-04', '1.00e-04'], loss: 0.247508
[2024-03-02 04:15:53,415][INFO][clas_trainer:180] - train epoch: 28 [53408/53699 (99%)], lr: ['1.00e-04', '1.00e-04'], loss: 0.210951
[2024-03-02 04:15:58,464][INFO][clas_trainer:96] - [epoch  28] execution time: 68.01s	metrics:
[2024-03-02 04:15:58,465][INFO][clas_evaluator:69] - dataset: earlystopping, avg f1-score: 0.8212
[2024-03-02 04:16:05,338][INFO][clas_trainer:180] - train epoch: 29 [5312/53699 (10%)], lr: ['1.00e-04', '1.00e-04'], loss: 0.368737
[2024-03-02 04:16:11,789][INFO][clas_trainer:180] - train epoch: 29 [10656/53699 (20%)], lr: ['1.00e-04', '1.00e-04'], loss: 0.202086
[2024-03-02 04:16:17,985][INFO][clas_trainer:180] - train epoch: 29 [16000/53699 (30%)], lr: ['1.00e-04', '1.00e-04'], loss: 0.101465
[2024-03-02 04:16:24,138][INFO][clas_trainer:180] - train epoch: 29 [21344/53699 (40%)], lr: ['1.00e-04', '1.00e-04'], loss: 0.287969
[2024-03-02 04:16:30,546][INFO][clas_trainer:180] - train epoch: 29 [26688/53699 (50%)], lr: ['1.00e-04', '1.00e-04'], loss: 0.151642
[2024-03-02 04:16:36,987][INFO][clas_trainer:180] - train epoch: 29 [32032/53699 (60%)], lr: ['1.00e-04', '1.00e-04'], loss: 0.241131
[2024-03-02 04:16:43,210][INFO][clas_trainer:180] - train epoch: 29 [37376/53699 (70%)], lr: ['1.00e-04', '1.00e-04'], loss: 0.153968
[2024-03-02 04:16:49,264][INFO][clas_trainer:180] - train epoch: 29 [42720/53699 (80%)], lr: ['1.00e-04', '1.00e-04'], loss: 0.168033
[2024-03-02 04:16:55,752][INFO][clas_trainer:180] - train epoch: 29 [48064/53699 (89%)], lr: ['1.00e-04', '1.00e-04'], loss: 0.143084
[2024-03-02 04:17:02,292][INFO][clas_trainer:180] - train epoch: 29 [53408/53699 (99%)], lr: ['1.00e-04', '1.00e-04'], loss: 0.134867
[2024-03-02 04:17:07,630][INFO][clas_trainer:96] - [epoch  29] execution time: 69.16s	metrics:
[2024-03-02 04:17:07,630][INFO][clas_evaluator:69] - dataset: earlystopping, avg f1-score: 0.8057
[2024-03-02 04:17:15,102][INFO][clas_trainer:180] - train epoch: 30 [5312/53699 (10%)], lr: ['1.00e-04', '1.00e-04'], loss: 0.196716
[2024-03-02 04:17:21,617][INFO][clas_trainer:180] - train epoch: 30 [10656/53699 (20%)], lr: ['1.00e-04', '1.00e-04'], loss: 0.113540
[2024-03-02 04:17:27,869][INFO][clas_trainer:180] - train epoch: 30 [16000/53699 (30%)], lr: ['1.00e-04', '1.00e-04'], loss: 0.247454
[2024-03-02 04:17:33,582][INFO][clas_trainer:180] - train epoch: 30 [21344/53699 (40%)], lr: ['1.00e-04', '1.00e-04'], loss: 0.131078
[2024-03-02 04:17:39,318][INFO][clas_trainer:180] - train epoch: 30 [26688/53699 (50%)], lr: ['1.00e-04', '1.00e-04'], loss: 0.156168
[2024-03-02 04:17:45,334][INFO][clas_trainer:180] - train epoch: 30 [32032/53699 (60%)], lr: ['1.00e-04', '1.00e-04'], loss: 0.049543
[2024-03-02 04:17:51,579][INFO][clas_trainer:180] - train epoch: 30 [37376/53699 (70%)], lr: ['1.00e-04', '1.00e-04'], loss: 0.200133
[2024-03-02 04:17:57,572][INFO][clas_trainer:180] - train epoch: 30 [42720/53699 (80%)], lr: ['1.00e-04', '1.00e-04'], loss: 0.265761
[2024-03-02 04:18:03,739][INFO][clas_trainer:180] - train epoch: 30 [48064/53699 (89%)], lr: ['1.00e-04', '1.00e-04'], loss: 0.231674
[2024-03-02 04:18:09,625][INFO][clas_trainer:180] - train epoch: 30 [53408/53699 (99%)], lr: ['1.00e-04', '1.00e-04'], loss: 0.188765
[2024-03-02 04:18:15,340][INFO][clas_trainer:96] - [epoch  30] execution time: 67.71s	metrics:
[2024-03-02 04:18:15,341][INFO][clas_evaluator:69] - dataset: earlystopping, avg f1-score: 0.8109
[2024-03-02 04:18:15,354][INFO][clas_trainer:115] - finished training
[2024-03-02 04:18:15,355][INFO][clas_trainer:116] - best model on epoch: 20 	f1-score: 0.8339
