[2023-10-13 15:02:23,980][INFO][fine-tune:29] - overrides:
hydra:
- hydra.mode=MULTIRUN
task:
- m_seed_path_sids={seeds:[2,2,2,2,2],path:"exp001b-m2-simple_multi_class-2023-10-12_18-34-48-final.pth",subject_ids:{dod_o_h:$\{data.dod_o_h.cv_5_fold.fold_3\}}}
- data.downstream.train_dataloader.dataset.data_reducer.n_subjects=56

[2023-10-13 15:02:25,901][INFO][data_loaders:39] - class distribution before data reduction:
# samples per subject
02fb158a-a658-51ee-89cf-1e1dc2ebfde1: 861
03341d0d-5927-5838-8a5f-1b8ef39d8f57: 1063
039ce8ad-a7fa-5272-a3e3-1f4bfebdd087: 915
095d6e40-5f19-55b6-a0ec-6e0ad3793da0: 1192
100df108-eb57-5eaa-a413-f7e4436a7895: 952
130f3f52-7d0a-551e-af61-2ee75455e5c9: 989
14c012bd-65b0-56f5-bc74-2dffcea69837: 969
16450f5a-9b65-5536-85e1-93816c8b89eb: 816
18ede714-aba3-5ad8-bb1a-18fc9b1c4192: 995
2159377e-ebf3-5565-9014-1e2ae69dc1d2: 907
2d01dc34-f36c-562e-b24a-d20dc798fdfc: 837
30e8a05b-4cf1-5aa8-9ef7-28d6e2949ad5: 699
37d0da97-9ae8-5413-b889-4e843ff35488: 1011
40e25dd4-6087-5747-b9c2-4838ada86b15: 1076
47f45aa2-31c4-595b-bdb6-f1348bba062b: 1032
4b72b905-5521-5c57-b666-e20ff9bb195f: 868
4e3c4ac4-69e2-5347-a3b0-662c204d259d: 926
52fbe46b-206c-584a-9f4f-1eb308e07bac: 1064
5b94ec8a-c34d-5e45-84d1-bec2ea965609: 1090
5bf0f969-304c-581e-949c-50c108f62846: 947
5ddbc68c-1283-5c27-952b-d7f102291bc2: 1097
64959ac4-53b5-5868-a845-c7476e9fdf7b: 990
742f1592-627c-54eb-bbb5-ccd55ffae33a: 975
769df255-2284-50b3-8917-2155c759fbbd: 929
79e8a04e-0fdd-53ae-bedc-d49d08e29103: 918
7ab8ff5f-a77f-567d-9882-f8bee0c3c9bf: 989
7d778801-88e7-5086-ad1d-70f31a371876: 999
7f5237b1-2196-5c8a-9543-a5aa70210ef4: 931
83c1394e-9c69-5c11-9102-9ff8d59b1cfd: 1011
844f68ba-265e-53e6-bf47-6c85d1804a7b: 957
a0c91989-530f-5117-80c1-2488dbed683c: 1017
a25b2296-343b-53f6-8792-ada2669d466e: 1008
a35a118e-e65e-5928-92a9-4354a6a0f4ce: 813
a6254c8a-f1b2-5736-b601-18245dd5e0a5: 1084
a79d1f0e-c133-5aa0-8268-cdcc05825f0f: 1046
aa160c78-6da3-5e05-8fc9-d6c13e9f97e0: 1010
aadc9e0c-b7c3-5a47-851d-f21971d10935: 969
ad47bc12-199c-5294-9cb8-4351bbbf7b5e: 893
b2d3ccdd-395c-5dd2-81d9-252bcfc0c337: 902
b3706da5-748b-5dd1-a552-f57e4456cdf6: 1041
b5d5785d-87ee-5078-b9b9-aac6abd4d8de: 918
bb474ab0-c2ce-573b-8acd-ef86b0fa26a2: 1142
c03e27b0-4cb5-584f-aaea-8f1e1ed6513c: 1121
c11c730f-0b6b-580b-af31-d8f0ebbbdfce: 917
c31a47f9-e400-5841-a22b-521c81042603: 986
c985916d-46a5-5c3e-9d50-a5a91f460bac: 1024
cc3b4b63-4a6f-5f28-ac7e-62f83c271449: 1076
cebd3520-4e77-5222-a614-d2888e6afc2b: 1109
d3cadb78-cb8c-5a6e-885c-392e457c68b1: 982
d5181c33-a43b-5dfe-8ad7-0337facb092a: 977
e59c45e0-0c0c-565f-84a9-6cf0ec5ef6c1: 844
e72505f1-21be-5d66-b620-cfcfa2d754bc: 973
e8ec8ec4-dc48-50ce-985a-a06d87861030: 975
eb95076c-c470-56a4-b788-ace310f061c6: 965
f2a69bdc-ed51-5e3f-b102-6b3f7d392be0: 960
f66bc75e-778b-5037-af86-b5275cd4c79f: 865

# samples per stage
0: 9349
1: 2953
2: 26829
3: 6330
4: 9161
[2023-10-13 15:02:26,034][INFO][data_loaders:43] - class distribution after data reduction:
# samples per subject
02fb158a-a658-51ee-89cf-1e1dc2ebfde1: 861
03341d0d-5927-5838-8a5f-1b8ef39d8f57: 1063
039ce8ad-a7fa-5272-a3e3-1f4bfebdd087: 915
095d6e40-5f19-55b6-a0ec-6e0ad3793da0: 1192
100df108-eb57-5eaa-a413-f7e4436a7895: 952
130f3f52-7d0a-551e-af61-2ee75455e5c9: 989
14c012bd-65b0-56f5-bc74-2dffcea69837: 969
16450f5a-9b65-5536-85e1-93816c8b89eb: 816
18ede714-aba3-5ad8-bb1a-18fc9b1c4192: 995
2159377e-ebf3-5565-9014-1e2ae69dc1d2: 907
2d01dc34-f36c-562e-b24a-d20dc798fdfc: 837
30e8a05b-4cf1-5aa8-9ef7-28d6e2949ad5: 699
37d0da97-9ae8-5413-b889-4e843ff35488: 1011
40e25dd4-6087-5747-b9c2-4838ada86b15: 1076
47f45aa2-31c4-595b-bdb6-f1348bba062b: 1032
4b72b905-5521-5c57-b666-e20ff9bb195f: 868
4e3c4ac4-69e2-5347-a3b0-662c204d259d: 926
52fbe46b-206c-584a-9f4f-1eb308e07bac: 1064
5b94ec8a-c34d-5e45-84d1-bec2ea965609: 1090
5bf0f969-304c-581e-949c-50c108f62846: 947
5ddbc68c-1283-5c27-952b-d7f102291bc2: 1097
64959ac4-53b5-5868-a845-c7476e9fdf7b: 990
742f1592-627c-54eb-bbb5-ccd55ffae33a: 975
769df255-2284-50b3-8917-2155c759fbbd: 929
79e8a04e-0fdd-53ae-bedc-d49d08e29103: 918
7ab8ff5f-a77f-567d-9882-f8bee0c3c9bf: 989
7d778801-88e7-5086-ad1d-70f31a371876: 999
7f5237b1-2196-5c8a-9543-a5aa70210ef4: 931
83c1394e-9c69-5c11-9102-9ff8d59b1cfd: 1011
844f68ba-265e-53e6-bf47-6c85d1804a7b: 957
a0c91989-530f-5117-80c1-2488dbed683c: 1017
a25b2296-343b-53f6-8792-ada2669d466e: 1008
a35a118e-e65e-5928-92a9-4354a6a0f4ce: 813
a6254c8a-f1b2-5736-b601-18245dd5e0a5: 1084
a79d1f0e-c133-5aa0-8268-cdcc05825f0f: 1046
aa160c78-6da3-5e05-8fc9-d6c13e9f97e0: 1010
aadc9e0c-b7c3-5a47-851d-f21971d10935: 969
ad47bc12-199c-5294-9cb8-4351bbbf7b5e: 893
b2d3ccdd-395c-5dd2-81d9-252bcfc0c337: 902
b3706da5-748b-5dd1-a552-f57e4456cdf6: 1041
b5d5785d-87ee-5078-b9b9-aac6abd4d8de: 918
bb474ab0-c2ce-573b-8acd-ef86b0fa26a2: 1142
c03e27b0-4cb5-584f-aaea-8f1e1ed6513c: 1121
c11c730f-0b6b-580b-af31-d8f0ebbbdfce: 917
c31a47f9-e400-5841-a22b-521c81042603: 986
c985916d-46a5-5c3e-9d50-a5a91f460bac: 1024
cc3b4b63-4a6f-5f28-ac7e-62f83c271449: 1076
cebd3520-4e77-5222-a614-d2888e6afc2b: 1109
d3cadb78-cb8c-5a6e-885c-392e457c68b1: 982
d5181c33-a43b-5dfe-8ad7-0337facb092a: 977
e59c45e0-0c0c-565f-84a9-6cf0ec5ef6c1: 844
e72505f1-21be-5d66-b620-cfcfa2d754bc: 973
e8ec8ec4-dc48-50ce-985a-a06d87861030: 975
eb95076c-c470-56a4-b788-ace310f061c6: 965
f2a69bdc-ed51-5e3f-b102-6b3f7d392be0: 960
f66bc75e-778b-5037-af86-b5275cd4c79f: 865

# samples per stage
0: 9349
1: 2953
2: 26829
3: 6330
4: 9161
[2023-10-13 15:02:26,313][INFO][data_loaders:39] - class distribution before data reduction:
# samples per subject
119f9726-eb4c-5a0e-a7bb-9e15256149a1: 932
1fa6c401-d819-50f5-8146-a0bb9e2b2516: 986
22bea84c-5d23-5e49-bc2d-9764f883955b: 1048
25a6b2b0-4d09-561b-82c6-f09bb271d3be: 1063
6a7503ac-ab3a-5d5b-b474-4b0fe37748dd: 1213
a4568951-bf87-5bbc-bc4f-28e93c360be6: 975
b3534fa3-7676-50dc-8412-07f0eff4f7a9: 757
fc10ee0b-b863-511b-bce8-4dfa7af8ac3a: 910

# samples per stage
0: 1488
1: 471
2: 3840
3: 919
4: 1166
[2023-10-13 15:02:26,423][INFO][data_loaders:43] - class distribution after data reduction:
# samples per subject
119f9726-eb4c-5a0e-a7bb-9e15256149a1: 932
1fa6c401-d819-50f5-8146-a0bb9e2b2516: 986
22bea84c-5d23-5e49-bc2d-9764f883955b: 1048
25a6b2b0-4d09-561b-82c6-f09bb271d3be: 1063
6a7503ac-ab3a-5d5b-b474-4b0fe37748dd: 1213
a4568951-bf87-5bbc-bc4f-28e93c360be6: 975
b3534fa3-7676-50dc-8412-07f0eff4f7a9: 757
fc10ee0b-b863-511b-bce8-4dfa7af8ac3a: 910

# samples per stage
0: 1488
1: 471
2: 3840
3: 919
4: 1166
[2023-10-13 15:02:26,441][INFO][clas_trainer:49] - metrics before training (epoch 0):
[2023-10-13 15:02:41,321][INFO][clas_evaluator:99] - dataset: earlystopping, avg f1-score: 0.1310
[2023-10-13 15:02:51,169][INFO][clas_trainer:133] - train epoch: 1 [5408/54622 (10%)], lr: ['1.00e-04', '1.00e-04'], loss: 2.691448
[2023-10-13 15:03:00,723][INFO][clas_trainer:133] - train epoch: 1 [10848/54622 (20%)], lr: ['1.00e-04', '1.00e-04'], loss: 1.685760
[2023-10-13 15:03:09,873][INFO][clas_trainer:133] - train epoch: 1 [16288/54622 (30%)], lr: ['1.00e-04', '1.00e-04'], loss: 1.192537
[2023-10-13 15:03:19,095][INFO][clas_trainer:133] - train epoch: 1 [21728/54622 (40%)], lr: ['1.00e-04', '1.00e-04'], loss: 1.470555
[2023-10-13 15:03:28,429][INFO][clas_trainer:133] - train epoch: 1 [27168/54622 (50%)], lr: ['1.00e-04', '1.00e-04'], loss: 1.202788
[2023-10-13 15:03:38,053][INFO][clas_trainer:133] - train epoch: 1 [32608/54622 (60%)], lr: ['1.00e-04', '1.00e-04'], loss: 0.953279
[2023-10-13 15:03:47,247][INFO][clas_trainer:133] - train epoch: 1 [38048/54622 (70%)], lr: ['1.00e-04', '1.00e-04'], loss: 1.097888
[2023-10-13 15:03:56,776][INFO][clas_trainer:133] - train epoch: 1 [43488/54622 (80%)], lr: ['1.00e-04', '1.00e-04'], loss: 1.050290
[2023-10-13 15:04:06,125][INFO][clas_trainer:133] - train epoch: 1 [48928/54622 (90%)], lr: ['1.00e-04', '1.00e-04'], loss: 0.874277
[2023-10-13 15:04:15,498][INFO][clas_trainer:133] - train epoch: 1 [54368/54622 (100%)], lr: ['1.00e-04', '1.00e-04'], loss: 0.934094
[2023-10-13 15:04:31,066][INFO][clas_trainer:63] - [epoch   1] execution time: 109.74s	metrics:
[2023-10-13 15:04:31,066][INFO][clas_evaluator:99] - dataset: earlystopping, avg f1-score: 0.4118
[2023-10-13 15:04:31,121][INFO][base_model:51] - snapshot saved to ./models/exp001a-m12-base_fe_clas-2023-10-13_14-21-17-final.pth
[2023-10-13 15:04:40,929][INFO][clas_trainer:133] - train epoch: 2 [5408/54622 (10%)], lr: ['1.00e-04', '1.00e-04'], loss: 0.975277
[2023-10-13 15:04:50,228][INFO][clas_trainer:133] - train epoch: 2 [10848/54622 (20%)], lr: ['1.00e-04', '1.00e-04'], loss: 0.715711
[2023-10-13 15:04:59,500][INFO][clas_trainer:133] - train epoch: 2 [16288/54622 (30%)], lr: ['1.00e-04', '1.00e-04'], loss: 0.679485
[2023-10-13 15:05:08,965][INFO][clas_trainer:133] - train epoch: 2 [21728/54622 (40%)], lr: ['1.00e-04', '1.00e-04'], loss: 0.783133
[2023-10-13 15:05:18,271][INFO][clas_trainer:133] - train epoch: 2 [27168/54622 (50%)], lr: ['1.00e-04', '1.00e-04'], loss: 0.715581
[2023-10-13 15:16:59,865][INFO][clas_trainer:133] - train epoch: 2 [32608/54622 (60%)], lr: ['1.00e-04', '1.00e-04'], loss: 0.568316
[2023-10-13 15:17:09,102][INFO][clas_trainer:133] - train epoch: 2 [38048/54622 (70%)], lr: ['1.00e-04', '1.00e-04'], loss: 0.890681
[2023-10-13 15:17:18,509][INFO][clas_trainer:133] - train epoch: 2 [43488/54622 (80%)], lr: ['1.00e-04', '1.00e-04'], loss: 0.747107
[2023-10-13 15:17:27,677][INFO][clas_trainer:133] - train epoch: 2 [48928/54622 (90%)], lr: ['1.00e-04', '1.00e-04'], loss: 0.437411
[2023-10-13 15:17:36,910][INFO][clas_trainer:133] - train epoch: 2 [54368/54622 (100%)], lr: ['1.00e-04', '1.00e-04'], loss: 0.648476
[2023-10-13 15:17:52,321][INFO][clas_trainer:63] - [epoch   2] execution time: 801.20s	metrics:
[2023-10-13 15:17:52,321][INFO][clas_evaluator:99] - dataset: earlystopping, avg f1-score: 0.5558
[2023-10-13 15:17:52,377][INFO][base_model:51] - snapshot saved to ./models/exp001a-m12-base_fe_clas-2023-10-13_14-21-17-final.pth
[2023-10-13 15:18:02,096][INFO][clas_trainer:133] - train epoch: 3 [5408/54622 (10%)], lr: ['1.00e-04', '1.00e-04'], loss: 0.713847
[2023-10-13 15:18:11,384][INFO][clas_trainer:133] - train epoch: 3 [10848/54622 (20%)], lr: ['1.00e-04', '1.00e-04'], loss: 0.550614
[2023-10-13 15:18:20,916][INFO][clas_trainer:133] - train epoch: 3 [16288/54622 (30%)], lr: ['1.00e-04', '1.00e-04'], loss: 0.653493
[2023-10-13 15:18:30,217][INFO][clas_trainer:133] - train epoch: 3 [21728/54622 (40%)], lr: ['1.00e-04', '1.00e-04'], loss: 0.457000
[2023-10-13 15:18:39,775][INFO][clas_trainer:133] - train epoch: 3 [27168/54622 (50%)], lr: ['1.00e-04', '1.00e-04'], loss: 0.678645
[2023-10-13 15:18:49,270][INFO][clas_trainer:133] - train epoch: 3 [32608/54622 (60%)], lr: ['1.00e-04', '1.00e-04'], loss: 0.610855
[2023-10-13 15:18:58,534][INFO][clas_trainer:133] - train epoch: 3 [38048/54622 (70%)], lr: ['1.00e-04', '1.00e-04'], loss: 0.738487
[2023-10-13 15:19:07,952][INFO][clas_trainer:133] - train epoch: 3 [43488/54622 (80%)], lr: ['1.00e-04', '1.00e-04'], loss: 0.591509
[2023-10-13 15:19:17,170][INFO][clas_trainer:133] - train epoch: 3 [48928/54622 (90%)], lr: ['1.00e-04', '1.00e-04'], loss: 0.712013
[2023-10-13 15:19:26,480][INFO][clas_trainer:133] - train epoch: 3 [54368/54622 (100%)], lr: ['1.00e-04', '1.00e-04'], loss: 0.646204
[2023-10-13 15:19:42,050][INFO][clas_trainer:63] - [epoch   3] execution time: 109.67s	metrics:
[2023-10-13 15:19:42,051][INFO][clas_evaluator:99] - dataset: earlystopping, avg f1-score: 0.6653
[2023-10-13 15:19:42,108][INFO][base_model:51] - snapshot saved to ./models/exp001a-m12-base_fe_clas-2023-10-13_14-21-17-final.pth
[2023-10-13 15:19:52,004][INFO][clas_trainer:133] - train epoch: 4 [5408/54622 (10%)], lr: ['1.00e-04', '1.00e-04'], loss: 0.382911
[2023-10-13 15:20:01,358][INFO][clas_trainer:133] - train epoch: 4 [10848/54622 (20%)], lr: ['1.00e-04', '1.00e-04'], loss: 0.413327
[2023-10-13 15:20:10,507][INFO][clas_trainer:133] - train epoch: 4 [16288/54622 (30%)], lr: ['1.00e-04', '1.00e-04'], loss: 0.786554
[2023-10-13 15:20:19,987][INFO][clas_trainer:133] - train epoch: 4 [21728/54622 (40%)], lr: ['1.00e-04', '1.00e-04'], loss: 0.250529
[2023-10-13 15:20:29,256][INFO][clas_trainer:133] - train epoch: 4 [27168/54622 (50%)], lr: ['1.00e-04', '1.00e-04'], loss: 0.378190
[2023-10-13 15:20:38,944][INFO][clas_trainer:133] - train epoch: 4 [32608/54622 (60%)], lr: ['1.00e-04', '1.00e-04'], loss: 0.721608
[2023-10-13 15:20:48,235][INFO][clas_trainer:133] - train epoch: 4 [38048/54622 (70%)], lr: ['1.00e-04', '1.00e-04'], loss: 0.686699
[2023-10-13 15:20:57,648][INFO][clas_trainer:133] - train epoch: 4 [43488/54622 (80%)], lr: ['1.00e-04', '1.00e-04'], loss: 0.373512
[2023-10-13 15:21:06,959][INFO][clas_trainer:133] - train epoch: 4 [48928/54622 (90%)], lr: ['1.00e-04', '1.00e-04'], loss: 0.602049
[2023-10-13 15:21:16,180][INFO][clas_trainer:133] - train epoch: 4 [54368/54622 (100%)], lr: ['1.00e-04', '1.00e-04'], loss: 0.413580
[2023-10-13 15:21:31,440][INFO][clas_trainer:63] - [epoch   4] execution time: 109.33s	metrics:
[2023-10-13 15:21:31,440][INFO][clas_evaluator:99] - dataset: earlystopping, avg f1-score: 0.7133
[2023-10-13 15:21:31,496][INFO][base_model:51] - snapshot saved to ./models/exp001a-m12-base_fe_clas-2023-10-13_14-21-17-final.pth
[2023-10-13 15:21:41,494][INFO][clas_trainer:133] - train epoch: 5 [5408/54622 (10%)], lr: ['1.00e-04', '1.00e-04'], loss: 0.297554
[2023-10-13 15:21:50,862][INFO][clas_trainer:133] - train epoch: 5 [10848/54622 (20%)], lr: ['1.00e-04', '1.00e-04'], loss: 0.535299
[2023-10-13 15:22:00,436][INFO][clas_trainer:133] - train epoch: 5 [16288/54622 (30%)], lr: ['1.00e-04', '1.00e-04'], loss: 0.413101
[2023-10-13 15:22:09,557][INFO][clas_trainer:133] - train epoch: 5 [21728/54622 (40%)], lr: ['1.00e-04', '1.00e-04'], loss: 0.203548
[2023-10-13 15:22:19,196][INFO][clas_trainer:133] - train epoch: 5 [27168/54622 (50%)], lr: ['1.00e-04', '1.00e-04'], loss: 0.333586
[2023-10-13 15:22:28,374][INFO][clas_trainer:133] - train epoch: 5 [32608/54622 (60%)], lr: ['1.00e-04', '1.00e-04'], loss: 0.495658
[2023-10-13 15:22:37,587][INFO][clas_trainer:133] - train epoch: 5 [38048/54622 (70%)], lr: ['1.00e-04', '1.00e-04'], loss: 0.621895
[2023-10-13 15:22:47,070][INFO][clas_trainer:133] - train epoch: 5 [43488/54622 (80%)], lr: ['1.00e-04', '1.00e-04'], loss: 0.342523
[2023-10-13 15:22:56,305][INFO][clas_trainer:133] - train epoch: 5 [48928/54622 (90%)], lr: ['1.00e-04', '1.00e-04'], loss: 0.396245
[2023-10-13 15:23:05,483][INFO][clas_trainer:133] - train epoch: 5 [54368/54622 (100%)], lr: ['1.00e-04', '1.00e-04'], loss: 0.367083
[2023-10-13 15:23:21,148][INFO][clas_trainer:63] - [epoch   5] execution time: 109.65s	metrics:
[2023-10-13 15:23:21,148][INFO][clas_evaluator:99] - dataset: earlystopping, avg f1-score: 0.7543
[2023-10-13 15:23:21,205][INFO][base_model:51] - snapshot saved to ./models/exp001a-m12-base_fe_clas-2023-10-13_14-21-17-final.pth
[2023-10-13 15:23:31,152][INFO][clas_trainer:133] - train epoch: 6 [5408/54622 (10%)], lr: ['1.00e-04', '1.00e-04'], loss: 0.791156
[2023-10-13 15:23:40,431][INFO][clas_trainer:133] - train epoch: 6 [10848/54622 (20%)], lr: ['1.00e-04', '1.00e-04'], loss: 0.449656
[2023-10-13 15:23:49,626][INFO][clas_trainer:133] - train epoch: 6 [16288/54622 (30%)], lr: ['1.00e-04', '1.00e-04'], loss: 0.529993
[2023-10-13 15:23:59,082][INFO][clas_trainer:133] - train epoch: 6 [21728/54622 (40%)], lr: ['1.00e-04', '1.00e-04'], loss: 0.177690
[2023-10-13 15:24:08,296][INFO][clas_trainer:133] - train epoch: 6 [27168/54622 (50%)], lr: ['1.00e-04', '1.00e-04'], loss: 0.235018
[2023-10-13 15:24:17,474][INFO][clas_trainer:133] - train epoch: 6 [32608/54622 (60%)], lr: ['1.00e-04', '1.00e-04'], loss: 0.299678
[2023-10-13 15:24:26,735][INFO][clas_trainer:133] - train epoch: 6 [38048/54622 (70%)], lr: ['1.00e-04', '1.00e-04'], loss: 0.411892
[2023-10-13 15:24:36,105][INFO][clas_trainer:133] - train epoch: 6 [43488/54622 (80%)], lr: ['1.00e-04', '1.00e-04'], loss: 0.254859
[2023-10-13 15:24:45,084][INFO][clas_trainer:133] - train epoch: 6 [48928/54622 (90%)], lr: ['1.00e-04', '1.00e-04'], loss: 0.518428
[2023-10-13 15:24:54,340][INFO][clas_trainer:133] - train epoch: 6 [54368/54622 (100%)], lr: ['1.00e-04', '1.00e-04'], loss: 0.213676
[2023-10-13 15:25:09,897][INFO][clas_trainer:63] - [epoch   6] execution time: 108.69s	metrics:
[2023-10-13 15:25:09,897][INFO][clas_evaluator:99] - dataset: earlystopping, avg f1-score: 0.7338
[2023-10-13 15:25:19,784][INFO][clas_trainer:133] - train epoch: 7 [5408/54622 (10%)], lr: ['1.00e-04', '1.00e-04'], loss: 0.532112
[2023-10-13 15:25:29,231][INFO][clas_trainer:133] - train epoch: 7 [10848/54622 (20%)], lr: ['1.00e-04', '1.00e-04'], loss: 0.422175
[2023-10-13 15:25:38,736][INFO][clas_trainer:133] - train epoch: 7 [16288/54622 (30%)], lr: ['1.00e-04', '1.00e-04'], loss: 0.296557
[2023-10-13 15:25:47,916][INFO][clas_trainer:133] - train epoch: 7 [21728/54622 (40%)], lr: ['1.00e-04', '1.00e-04'], loss: 0.455504
[2023-10-13 15:25:57,188][INFO][clas_trainer:133] - train epoch: 7 [27168/54622 (50%)], lr: ['1.00e-04', '1.00e-04'], loss: 0.268194
[2023-10-13 15:26:06,649][INFO][clas_trainer:133] - train epoch: 7 [32608/54622 (60%)], lr: ['1.00e-04', '1.00e-04'], loss: 0.542234
[2023-10-13 15:26:15,852][INFO][clas_trainer:133] - train epoch: 7 [38048/54622 (70%)], lr: ['1.00e-04', '1.00e-04'], loss: 0.527233
[2023-10-13 15:26:25,023][INFO][clas_trainer:133] - train epoch: 7 [43488/54622 (80%)], lr: ['1.00e-04', '1.00e-04'], loss: 0.355410
[2023-10-13 15:26:34,244][INFO][clas_trainer:133] - train epoch: 7 [48928/54622 (90%)], lr: ['1.00e-04', '1.00e-04'], loss: 0.380856
[2023-10-13 15:26:43,763][INFO][clas_trainer:133] - train epoch: 7 [54368/54622 (100%)], lr: ['1.00e-04', '1.00e-04'], loss: 0.576836
[2023-10-13 15:26:59,497][INFO][clas_trainer:63] - [epoch   7] execution time: 109.60s	metrics:
[2023-10-13 15:26:59,497][INFO][clas_evaluator:99] - dataset: earlystopping, avg f1-score: 0.7577
[2023-10-13 15:26:59,553][INFO][base_model:51] - snapshot saved to ./models/exp001a-m12-base_fe_clas-2023-10-13_14-21-17-final.pth
[2023-10-13 15:27:09,669][INFO][clas_trainer:133] - train epoch: 8 [5408/54622 (10%)], lr: ['1.00e-04', '1.00e-04'], loss: 0.410643
[2023-10-13 15:27:19,453][INFO][clas_trainer:133] - train epoch: 8 [10848/54622 (20%)], lr: ['1.00e-04', '1.00e-04'], loss: 0.416263
[2023-10-13 15:27:28,781][INFO][clas_trainer:133] - train epoch: 8 [16288/54622 (30%)], lr: ['1.00e-04', '1.00e-04'], loss: 0.206527
[2023-10-13 15:27:38,015][INFO][clas_trainer:133] - train epoch: 8 [21728/54622 (40%)], lr: ['1.00e-04', '1.00e-04'], loss: 0.587648
[2023-10-13 15:27:47,424][INFO][clas_trainer:133] - train epoch: 8 [27168/54622 (50%)], lr: ['1.00e-04', '1.00e-04'], loss: 0.434529
[2023-10-13 15:27:56,850][INFO][clas_trainer:133] - train epoch: 8 [32608/54622 (60%)], lr: ['1.00e-04', '1.00e-04'], loss: 0.518896
[2023-10-13 15:28:06,250][INFO][clas_trainer:133] - train epoch: 8 [38048/54622 (70%)], lr: ['1.00e-04', '1.00e-04'], loss: 0.544680
[2023-10-13 15:28:15,723][INFO][clas_trainer:133] - train epoch: 8 [43488/54622 (80%)], lr: ['1.00e-04', '1.00e-04'], loss: 0.276849
[2023-10-13 15:28:24,915][INFO][clas_trainer:133] - train epoch: 8 [48928/54622 (90%)], lr: ['1.00e-04', '1.00e-04'], loss: 0.483723
[2023-10-13 15:28:34,094][INFO][clas_trainer:133] - train epoch: 8 [54368/54622 (100%)], lr: ['1.00e-04', '1.00e-04'], loss: 0.386094
[2023-10-13 15:28:50,207][INFO][clas_trainer:63] - [epoch   8] execution time: 110.65s	metrics:
[2023-10-13 15:28:50,207][INFO][clas_evaluator:99] - dataset: earlystopping, avg f1-score: 0.7908
[2023-10-13 15:28:50,265][INFO][base_model:51] - snapshot saved to ./models/exp001a-m12-base_fe_clas-2023-10-13_14-21-17-final.pth
[2023-10-13 15:29:00,221][INFO][clas_trainer:133] - train epoch: 9 [5408/54622 (10%)], lr: ['1.00e-04', '1.00e-04'], loss: 0.140238
[2023-10-13 15:29:09,555][INFO][clas_trainer:133] - train epoch: 9 [10848/54622 (20%)], lr: ['1.00e-04', '1.00e-04'], loss: 0.170741
[2023-10-13 15:29:18,884][INFO][clas_trainer:133] - train epoch: 9 [16288/54622 (30%)], lr: ['1.00e-04', '1.00e-04'], loss: 0.468918
[2023-10-13 15:29:28,344][INFO][clas_trainer:133] - train epoch: 9 [21728/54622 (40%)], lr: ['1.00e-04', '1.00e-04'], loss: 0.234949
[2023-10-13 15:29:37,497][INFO][clas_trainer:133] - train epoch: 9 [27168/54622 (50%)], lr: ['1.00e-04', '1.00e-04'], loss: 0.786716
[2023-10-13 15:29:46,677][INFO][clas_trainer:133] - train epoch: 9 [32608/54622 (60%)], lr: ['1.00e-04', '1.00e-04'], loss: 0.274050
[2023-10-13 15:29:56,215][INFO][clas_trainer:133] - train epoch: 9 [38048/54622 (70%)], lr: ['1.00e-04', '1.00e-04'], loss: 0.302804
[2023-10-13 15:30:05,705][INFO][clas_trainer:133] - train epoch: 9 [43488/54622 (80%)], lr: ['1.00e-04', '1.00e-04'], loss: 0.327304
[2023-10-13 15:30:14,991][INFO][clas_trainer:133] - train epoch: 9 [48928/54622 (90%)], lr: ['1.00e-04', '1.00e-04'], loss: 0.307875
[2023-10-13 15:30:24,049][INFO][clas_trainer:133] - train epoch: 9 [54368/54622 (100%)], lr: ['1.00e-04', '1.00e-04'], loss: 0.420507
[2023-10-13 15:30:39,546][INFO][clas_trainer:63] - [epoch   9] execution time: 109.28s	metrics:
[2023-10-13 15:30:39,546][INFO][clas_evaluator:99] - dataset: earlystopping, avg f1-score: 0.7739
[2023-10-13 15:30:49,228][INFO][clas_trainer:133] - train epoch: 10 [5408/54622 (10%)], lr: ['1.00e-04', '1.00e-04'], loss: 0.166001
[2023-10-13 15:30:58,572][INFO][clas_trainer:133] - train epoch: 10 [10848/54622 (20%)], lr: ['1.00e-04', '1.00e-04'], loss: 0.244979
[2023-10-13 15:31:07,860][INFO][clas_trainer:133] - train epoch: 10 [16288/54622 (30%)], lr: ['1.00e-04', '1.00e-04'], loss: 0.474944
[2023-10-13 15:31:17,034][INFO][clas_trainer:133] - train epoch: 10 [21728/54622 (40%)], lr: ['1.00e-04', '1.00e-04'], loss: 0.348785
[2023-10-13 15:31:26,490][INFO][clas_trainer:133] - train epoch: 10 [27168/54622 (50%)], lr: ['1.00e-04', '1.00e-04'], loss: 0.348585
[2023-10-13 15:31:35,597][INFO][clas_trainer:133] - train epoch: 10 [32608/54622 (60%)], lr: ['1.00e-04', '1.00e-04'], loss: 0.286188
[2023-10-13 15:31:44,957][INFO][clas_trainer:133] - train epoch: 10 [38048/54622 (70%)], lr: ['1.00e-04', '1.00e-04'], loss: 0.318742
[2023-10-13 15:31:53,960][INFO][clas_trainer:133] - train epoch: 10 [43488/54622 (80%)], lr: ['1.00e-04', '1.00e-04'], loss: 0.351865
[2023-10-13 15:32:03,333][INFO][clas_trainer:133] - train epoch: 10 [48928/54622 (90%)], lr: ['1.00e-04', '1.00e-04'], loss: 0.379962
[2023-10-13 15:32:12,762][INFO][clas_trainer:133] - train epoch: 10 [54368/54622 (100%)], lr: ['1.00e-04', '1.00e-04'], loss: 0.182835
[2023-10-13 15:32:28,037][INFO][clas_trainer:63] - [epoch  10] execution time: 108.49s	metrics:
[2023-10-13 15:32:28,037][INFO][clas_evaluator:99] - dataset: earlystopping, avg f1-score: 0.7980
[2023-10-13 15:32:28,095][INFO][base_model:51] - snapshot saved to ./models/exp001a-m12-base_fe_clas-2023-10-13_14-21-17-final.pth
[2023-10-13 15:32:37,768][INFO][clas_trainer:133] - train epoch: 11 [5408/54622 (10%)], lr: ['1.00e-04', '1.00e-04'], loss: 0.406369
[2023-10-13 15:32:47,296][INFO][clas_trainer:133] - train epoch: 11 [10848/54622 (20%)], lr: ['1.00e-04', '1.00e-04'], loss: 0.307542
[2023-10-13 15:32:56,567][INFO][clas_trainer:133] - train epoch: 11 [16288/54622 (30%)], lr: ['1.00e-04', '1.00e-04'], loss: 0.419780
[2023-10-13 15:33:05,623][INFO][clas_trainer:133] - train epoch: 11 [21728/54622 (40%)], lr: ['1.00e-04', '1.00e-04'], loss: 0.221343
[2023-10-13 15:33:15,145][INFO][clas_trainer:133] - train epoch: 11 [27168/54622 (50%)], lr: ['1.00e-04', '1.00e-04'], loss: 0.209200
[2023-10-13 15:33:24,244][INFO][clas_trainer:133] - train epoch: 11 [32608/54622 (60%)], lr: ['1.00e-04', '1.00e-04'], loss: 0.429196
[2023-10-13 15:33:33,438][INFO][clas_trainer:133] - train epoch: 11 [38048/54622 (70%)], lr: ['1.00e-04', '1.00e-04'], loss: 0.140907
[2023-10-13 15:33:42,646][INFO][clas_trainer:133] - train epoch: 11 [43488/54622 (80%)], lr: ['1.00e-04', '1.00e-04'], loss: 0.169390
[2023-10-13 15:33:52,114][INFO][clas_trainer:133] - train epoch: 11 [48928/54622 (90%)], lr: ['1.00e-04', '1.00e-04'], loss: 0.312777
[2023-10-13 15:34:01,116][INFO][clas_trainer:133] - train epoch: 11 [54368/54622 (100%)], lr: ['1.00e-04', '1.00e-04'], loss: 0.526318
[2023-10-13 15:34:16,279][INFO][clas_trainer:63] - [epoch  11] execution time: 108.18s	metrics:
[2023-10-13 15:34:16,279][INFO][clas_evaluator:99] - dataset: earlystopping, avg f1-score: 0.7998
[2023-10-13 15:34:16,336][INFO][base_model:51] - snapshot saved to ./models/exp001a-m12-base_fe_clas-2023-10-13_14-21-17-final.pth
[2023-10-13 15:34:26,193][INFO][clas_trainer:133] - train epoch: 12 [5408/54622 (10%)], lr: ['1.00e-04', '1.00e-04'], loss: 0.368278
[2023-10-13 15:34:35,444][INFO][clas_trainer:133] - train epoch: 12 [10848/54622 (20%)], lr: ['1.00e-04', '1.00e-04'], loss: 0.290067
[2023-10-13 15:34:44,714][INFO][clas_trainer:133] - train epoch: 12 [16288/54622 (30%)], lr: ['1.00e-04', '1.00e-04'], loss: 0.438366
[2023-10-13 15:34:53,904][INFO][clas_trainer:133] - train epoch: 12 [21728/54622 (40%)], lr: ['1.00e-04', '1.00e-04'], loss: 0.146965
[2023-10-13 15:35:03,099][INFO][clas_trainer:133] - train epoch: 12 [27168/54622 (50%)], lr: ['1.00e-04', '1.00e-04'], loss: 0.292427
[2023-10-13 15:35:12,277][INFO][clas_trainer:133] - train epoch: 12 [32608/54622 (60%)], lr: ['1.00e-04', '1.00e-04'], loss: 0.288120
[2023-10-13 15:35:21,680][INFO][clas_trainer:133] - train epoch: 12 [38048/54622 (70%)], lr: ['1.00e-04', '1.00e-04'], loss: 0.459155
[2023-10-13 15:35:30,991][INFO][clas_trainer:133] - train epoch: 12 [43488/54622 (80%)], lr: ['1.00e-04', '1.00e-04'], loss: 0.468161
[2023-10-13 15:35:40,170][INFO][clas_trainer:133] - train epoch: 12 [48928/54622 (90%)], lr: ['1.00e-04', '1.00e-04'], loss: 0.344904
[2023-10-13 15:35:49,088][INFO][clas_trainer:133] - train epoch: 12 [54368/54622 (100%)], lr: ['1.00e-04', '1.00e-04'], loss: 0.379797
[2023-10-13 15:36:04,620][INFO][clas_trainer:63] - [epoch  12] execution time: 108.28s	metrics:
[2023-10-13 15:36:04,620][INFO][clas_evaluator:99] - dataset: earlystopping, avg f1-score: 0.7992
[2023-10-13 15:36:14,357][INFO][clas_trainer:133] - train epoch: 13 [5408/54622 (10%)], lr: ['1.00e-04', '1.00e-04'], loss: 0.179050
[2023-10-13 15:36:23,613][INFO][clas_trainer:133] - train epoch: 13 [10848/54622 (20%)], lr: ['1.00e-04', '1.00e-04'], loss: 0.264382
[2023-10-13 15:36:32,805][INFO][clas_trainer:133] - train epoch: 13 [16288/54622 (30%)], lr: ['1.00e-04', '1.00e-04'], loss: 0.290148
[2023-10-13 15:36:42,374][INFO][clas_trainer:133] - train epoch: 13 [21728/54622 (40%)], lr: ['1.00e-04', '1.00e-04'], loss: 0.287882
[2023-10-13 15:36:51,535][INFO][clas_trainer:133] - train epoch: 13 [27168/54622 (50%)], lr: ['1.00e-04', '1.00e-04'], loss: 0.318215
[2023-10-13 15:37:00,738][INFO][clas_trainer:133] - train epoch: 13 [32608/54622 (60%)], lr: ['1.00e-04', '1.00e-04'], loss: 0.262610
[2023-10-13 15:37:10,022][INFO][clas_trainer:133] - train epoch: 13 [38048/54622 (70%)], lr: ['1.00e-04', '1.00e-04'], loss: 0.109377
[2023-10-13 15:37:19,284][INFO][clas_trainer:133] - train epoch: 13 [43488/54622 (80%)], lr: ['1.00e-04', '1.00e-04'], loss: 0.714446
[2023-10-13 15:37:28,359][INFO][clas_trainer:133] - train epoch: 13 [48928/54622 (90%)], lr: ['1.00e-04', '1.00e-04'], loss: 0.467703
[2023-10-13 15:37:37,636][INFO][clas_trainer:133] - train epoch: 13 [54368/54622 (100%)], lr: ['1.00e-04', '1.00e-04'], loss: 0.184589
[2023-10-13 15:37:53,160][INFO][clas_trainer:63] - [epoch  13] execution time: 108.54s	metrics:
[2023-10-13 15:37:53,160][INFO][clas_evaluator:99] - dataset: earlystopping, avg f1-score: 0.8019
[2023-10-13 15:37:53,216][INFO][base_model:51] - snapshot saved to ./models/exp001a-m12-base_fe_clas-2023-10-13_14-21-17-final.pth
[2023-10-13 15:38:03,143][INFO][clas_trainer:133] - train epoch: 14 [5408/54622 (10%)], lr: ['1.00e-04', '1.00e-04'], loss: 0.350917
[2023-10-13 15:38:12,491][INFO][clas_trainer:133] - train epoch: 14 [10848/54622 (20%)], lr: ['1.00e-04', '1.00e-04'], loss: 0.152160
[2023-10-13 15:38:21,925][INFO][clas_trainer:133] - train epoch: 14 [16288/54622 (30%)], lr: ['1.00e-04', '1.00e-04'], loss: 0.576175
[2023-10-13 15:38:31,036][INFO][clas_trainer:133] - train epoch: 14 [21728/54622 (40%)], lr: ['1.00e-04', '1.00e-04'], loss: 0.463035
[2023-10-13 15:38:40,187][INFO][clas_trainer:133] - train epoch: 14 [27168/54622 (50%)], lr: ['1.00e-04', '1.00e-04'], loss: 0.392598
[2023-10-13 15:38:49,323][INFO][clas_trainer:133] - train epoch: 14 [32608/54622 (60%)], lr: ['1.00e-04', '1.00e-04'], loss: 0.360114
[2023-10-13 15:38:58,603][INFO][clas_trainer:133] - train epoch: 14 [38048/54622 (70%)], lr: ['1.00e-04', '1.00e-04'], loss: 0.153414
[2023-10-13 15:39:07,916][INFO][clas_trainer:133] - train epoch: 14 [43488/54622 (80%)], lr: ['1.00e-04', '1.00e-04'], loss: 0.287215
[2023-10-13 15:39:16,995][INFO][clas_trainer:133] - train epoch: 14 [48928/54622 (90%)], lr: ['1.00e-04', '1.00e-04'], loss: 0.123267
[2023-10-13 15:39:26,273][INFO][clas_trainer:133] - train epoch: 14 [54368/54622 (100%)], lr: ['1.00e-04', '1.00e-04'], loss: 0.208690
[2023-10-13 15:39:41,484][INFO][clas_trainer:63] - [epoch  14] execution time: 108.27s	metrics:
[2023-10-13 15:39:41,484][INFO][clas_evaluator:99] - dataset: earlystopping, avg f1-score: 0.8110
[2023-10-13 15:39:41,542][INFO][base_model:51] - snapshot saved to ./models/exp001a-m12-base_fe_clas-2023-10-13_14-21-17-final.pth
[2023-10-13 15:39:51,256][INFO][clas_trainer:133] - train epoch: 15 [5408/54622 (10%)], lr: ['1.00e-04', '1.00e-04'], loss: 0.185061
[2023-10-13 15:40:00,598][INFO][clas_trainer:133] - train epoch: 15 [10848/54622 (20%)], lr: ['1.00e-04', '1.00e-04'], loss: 0.221556
[2023-10-13 15:40:09,914][INFO][clas_trainer:133] - train epoch: 15 [16288/54622 (30%)], lr: ['1.00e-04', '1.00e-04'], loss: 0.313578
[2023-10-13 15:40:19,259][INFO][clas_trainer:133] - train epoch: 15 [21728/54622 (40%)], lr: ['1.00e-04', '1.00e-04'], loss: 0.355394
[2023-10-13 15:40:28,707][INFO][clas_trainer:133] - train epoch: 15 [27168/54622 (50%)], lr: ['1.00e-04', '1.00e-04'], loss: 0.372326
[2023-10-13 15:40:37,783][INFO][clas_trainer:133] - train epoch: 15 [32608/54622 (60%)], lr: ['1.00e-04', '1.00e-04'], loss: 0.462929
[2023-10-13 15:40:47,146][INFO][clas_trainer:133] - train epoch: 15 [38048/54622 (70%)], lr: ['1.00e-04', '1.00e-04'], loss: 0.370293
[2023-10-13 15:40:56,257][INFO][clas_trainer:133] - train epoch: 15 [43488/54622 (80%)], lr: ['1.00e-04', '1.00e-04'], loss: 0.315100
[2023-10-13 15:41:05,723][INFO][clas_trainer:133] - train epoch: 15 [48928/54622 (90%)], lr: ['1.00e-04', '1.00e-04'], loss: 0.468526
[2023-10-13 15:41:15,282][INFO][clas_trainer:133] - train epoch: 15 [54368/54622 (100%)], lr: ['1.00e-04', '1.00e-04'], loss: 0.151362
[2023-10-13 15:41:30,219][INFO][clas_trainer:63] - [epoch  15] execution time: 108.68s	metrics:
[2023-10-13 15:41:30,219][INFO][clas_evaluator:99] - dataset: earlystopping, avg f1-score: 0.8077
[2023-10-13 15:41:40,134][INFO][clas_trainer:133] - train epoch: 16 [5408/54622 (10%)], lr: ['1.00e-04', '1.00e-04'], loss: 0.437477
[2023-10-13 15:41:49,333][INFO][clas_trainer:133] - train epoch: 16 [10848/54622 (20%)], lr: ['1.00e-04', '1.00e-04'], loss: 0.233587
[2023-10-13 15:41:58,493][INFO][clas_trainer:133] - train epoch: 16 [16288/54622 (30%)], lr: ['1.00e-04', '1.00e-04'], loss: 0.451568
[2023-10-13 15:42:07,935][INFO][clas_trainer:133] - train epoch: 16 [21728/54622 (40%)], lr: ['1.00e-04', '1.00e-04'], loss: 0.312180
[2023-10-13 15:42:17,257][INFO][clas_trainer:133] - train epoch: 16 [27168/54622 (50%)], lr: ['1.00e-04', '1.00e-04'], loss: 0.214031
[2023-10-13 15:42:26,188][INFO][clas_trainer:133] - train epoch: 16 [32608/54622 (60%)], lr: ['1.00e-04', '1.00e-04'], loss: 0.303263
[2023-10-13 15:42:35,516][INFO][clas_trainer:133] - train epoch: 16 [38048/54622 (70%)], lr: ['1.00e-04', '1.00e-04'], loss: 0.409525
[2023-10-13 15:42:44,759][INFO][clas_trainer:133] - train epoch: 16 [43488/54622 (80%)], lr: ['1.00e-04', '1.00e-04'], loss: 0.327733
[2023-10-13 15:42:54,395][INFO][clas_trainer:133] - train epoch: 16 [48928/54622 (90%)], lr: ['1.00e-04', '1.00e-04'], loss: 0.176445
[2023-10-13 15:43:03,622][INFO][clas_trainer:133] - train epoch: 16 [54368/54622 (100%)], lr: ['1.00e-04', '1.00e-04'], loss: 0.193456
[2023-10-13 15:43:19,122][INFO][clas_trainer:63] - [epoch  16] execution time: 108.90s	metrics:
[2023-10-13 15:43:19,122][INFO][clas_evaluator:99] - dataset: earlystopping, avg f1-score: 0.8000
[2023-10-13 15:43:28,870][INFO][clas_trainer:133] - train epoch: 17 [5408/54622 (10%)], lr: ['1.00e-04', '1.00e-04'], loss: 0.457485
[2023-10-13 15:43:38,151][INFO][clas_trainer:133] - train epoch: 17 [10848/54622 (20%)], lr: ['1.00e-04', '1.00e-04'], loss: 0.162325
[2023-10-13 15:43:47,724][INFO][clas_trainer:133] - train epoch: 17 [16288/54622 (30%)], lr: ['1.00e-04', '1.00e-04'], loss: 0.249067
[2023-10-13 15:43:56,839][INFO][clas_trainer:133] - train epoch: 17 [21728/54622 (40%)], lr: ['1.00e-04', '1.00e-04'], loss: 0.323614
[2023-10-13 15:44:06,120][INFO][clas_trainer:133] - train epoch: 17 [27168/54622 (50%)], lr: ['1.00e-04', '1.00e-04'], loss: 0.462345
[2023-10-13 15:44:15,599][INFO][clas_trainer:133] - train epoch: 17 [32608/54622 (60%)], lr: ['1.00e-04', '1.00e-04'], loss: 0.291792
[2023-10-13 15:44:24,972][INFO][clas_trainer:133] - train epoch: 17 [38048/54622 (70%)], lr: ['1.00e-04', '1.00e-04'], loss: 0.544129
[2023-10-13 15:44:34,012][INFO][clas_trainer:133] - train epoch: 17 [43488/54622 (80%)], lr: ['1.00e-04', '1.00e-04'], loss: 0.204038
[2023-10-13 15:44:43,226][INFO][clas_trainer:133] - train epoch: 17 [48928/54622 (90%)], lr: ['1.00e-04', '1.00e-04'], loss: 0.215170
[2023-10-13 15:44:52,465][INFO][clas_trainer:133] - train epoch: 17 [54368/54622 (100%)], lr: ['1.00e-04', '1.00e-04'], loss: 0.446946
[2023-10-13 15:45:07,673][INFO][clas_trainer:63] - [epoch  17] execution time: 108.55s	metrics:
[2023-10-13 15:45:07,673][INFO][clas_evaluator:99] - dataset: earlystopping, avg f1-score: 0.7869
[2023-10-13 15:45:17,571][INFO][clas_trainer:133] - train epoch: 18 [5408/54622 (10%)], lr: ['1.00e-04', '1.00e-04'], loss: 0.546961
[2023-10-13 15:45:27,022][INFO][clas_trainer:133] - train epoch: 18 [10848/54622 (20%)], lr: ['1.00e-04', '1.00e-04'], loss: 0.176720
[2023-10-13 15:45:36,284][INFO][clas_trainer:133] - train epoch: 18 [16288/54622 (30%)], lr: ['1.00e-04', '1.00e-04'], loss: 0.286205
[2023-10-13 15:45:45,459][INFO][clas_trainer:133] - train epoch: 18 [21728/54622 (40%)], lr: ['1.00e-04', '1.00e-04'], loss: 0.196280
[2023-10-13 15:45:54,852][INFO][clas_trainer:133] - train epoch: 18 [27168/54622 (50%)], lr: ['1.00e-04', '1.00e-04'], loss: 0.045587
[2023-10-13 15:46:04,097][INFO][clas_trainer:133] - train epoch: 18 [32608/54622 (60%)], lr: ['1.00e-04', '1.00e-04'], loss: 0.565750
[2023-10-13 15:46:13,288][INFO][clas_trainer:133] - train epoch: 18 [38048/54622 (70%)], lr: ['1.00e-04', '1.00e-04'], loss: 0.131366
[2023-10-13 15:46:22,468][INFO][clas_trainer:133] - train epoch: 18 [43488/54622 (80%)], lr: ['1.00e-04', '1.00e-04'], loss: 0.133346
[2023-10-13 15:46:31,862][INFO][clas_trainer:133] - train epoch: 18 [48928/54622 (90%)], lr: ['1.00e-04', '1.00e-04'], loss: 0.248153
[2023-10-13 15:46:40,832][INFO][clas_trainer:133] - train epoch: 18 [54368/54622 (100%)], lr: ['1.00e-04', '1.00e-04'], loss: 0.198940
[2023-10-13 15:46:56,015][INFO][clas_trainer:63] - [epoch  18] execution time: 108.34s	metrics:
[2023-10-13 15:46:56,015][INFO][clas_evaluator:99] - dataset: earlystopping, avg f1-score: 0.7782
[2023-10-13 15:47:05,784][INFO][clas_trainer:133] - train epoch: 19 [5408/54622 (10%)], lr: ['1.00e-04', '1.00e-04'], loss: 0.191415
[2023-10-13 15:47:15,074][INFO][clas_trainer:133] - train epoch: 19 [10848/54622 (20%)], lr: ['1.00e-04', '1.00e-04'], loss: 0.180751
[2023-10-13 15:47:24,390][INFO][clas_trainer:133] - train epoch: 19 [16288/54622 (30%)], lr: ['1.00e-04', '1.00e-04'], loss: 0.270287
[2023-10-13 15:47:33,745][INFO][clas_trainer:133] - train epoch: 19 [21728/54622 (40%)], lr: ['1.00e-04', '1.00e-04'], loss: 0.257279
[2023-10-13 15:47:43,105][INFO][clas_trainer:133] - train epoch: 19 [27168/54622 (50%)], lr: ['1.00e-04', '1.00e-04'], loss: 0.188577
[2023-10-13 15:47:52,196][INFO][clas_trainer:133] - train epoch: 19 [32608/54622 (60%)], lr: ['1.00e-04', '1.00e-04'], loss: 0.214429
[2023-10-13 15:48:01,331][INFO][clas_trainer:133] - train epoch: 19 [38048/54622 (70%)], lr: ['1.00e-04', '1.00e-04'], loss: 0.153155
[2023-10-13 15:48:10,652][INFO][clas_trainer:133] - train epoch: 19 [43488/54622 (80%)], lr: ['1.00e-04', '1.00e-04'], loss: 0.359863
[2023-10-13 15:48:19,590][INFO][clas_trainer:133] - train epoch: 19 [48928/54622 (90%)], lr: ['1.00e-04', '1.00e-04'], loss: 0.176684
[2023-10-13 15:48:29,175][INFO][clas_trainer:133] - train epoch: 19 [54368/54622 (100%)], lr: ['1.00e-04', '1.00e-04'], loss: 0.192879
[2023-10-13 15:48:44,321][INFO][clas_trainer:63] - [epoch  19] execution time: 108.31s	metrics:
[2023-10-13 15:48:44,321][INFO][clas_evaluator:99] - dataset: earlystopping, avg f1-score: 0.7688
[2023-10-13 15:48:53,914][INFO][clas_trainer:133] - train epoch: 20 [5408/54622 (10%)], lr: ['1.00e-04', '1.00e-04'], loss: 0.218020
[2023-10-13 15:49:03,063][INFO][clas_trainer:133] - train epoch: 20 [10848/54622 (20%)], lr: ['1.00e-04', '1.00e-04'], loss: 0.346404
[2023-10-13 15:49:12,101][INFO][clas_trainer:133] - train epoch: 20 [16288/54622 (30%)], lr: ['1.00e-04', '1.00e-04'], loss: 0.292823
[2023-10-13 15:49:21,594][INFO][clas_trainer:133] - train epoch: 20 [21728/54622 (40%)], lr: ['1.00e-04', '1.00e-04'], loss: 0.227827
[2023-10-13 15:49:30,720][INFO][clas_trainer:133] - train epoch: 20 [27168/54622 (50%)], lr: ['1.00e-04', '1.00e-04'], loss: 0.304744
[2023-10-13 15:49:39,750][INFO][clas_trainer:133] - train epoch: 20 [32608/54622 (60%)], lr: ['1.00e-04', '1.00e-04'], loss: 0.425536
[2023-10-13 15:49:48,957][INFO][clas_trainer:133] - train epoch: 20 [38048/54622 (70%)], lr: ['1.00e-04', '1.00e-04'], loss: 0.295519
[2023-10-13 15:49:58,171][INFO][clas_trainer:133] - train epoch: 20 [43488/54622 (80%)], lr: ['1.00e-04', '1.00e-04'], loss: 0.260002
[2023-10-13 15:50:07,309][INFO][clas_trainer:133] - train epoch: 20 [48928/54622 (90%)], lr: ['1.00e-04', '1.00e-04'], loss: 0.198285
[2023-10-13 15:50:16,627][INFO][clas_trainer:133] - train epoch: 20 [54368/54622 (100%)], lr: ['1.00e-04', '1.00e-04'], loss: 0.261128
[2023-10-13 15:50:31,963][INFO][clas_trainer:63] - [epoch  20] execution time: 107.64s	metrics:
[2023-10-13 15:50:31,963][INFO][clas_evaluator:99] - dataset: earlystopping, avg f1-score: 0.8113
[2023-10-13 15:50:32,021][INFO][base_model:51] - snapshot saved to ./models/exp001a-m12-base_fe_clas-2023-10-13_14-21-17-final.pth
[2023-10-13 15:50:41,730][INFO][clas_trainer:133] - train epoch: 21 [5408/54622 (10%)], lr: ['1.00e-04', '1.00e-04'], loss: 0.425077
[2023-10-13 15:50:50,849][INFO][clas_trainer:133] - train epoch: 21 [10848/54622 (20%)], lr: ['1.00e-04', '1.00e-04'], loss: 0.487244
[2023-10-13 15:51:00,297][INFO][clas_trainer:133] - train epoch: 21 [16288/54622 (30%)], lr: ['1.00e-04', '1.00e-04'], loss: 0.327242
[2023-10-13 15:51:09,370][INFO][clas_trainer:133] - train epoch: 21 [21728/54622 (40%)], lr: ['1.00e-04', '1.00e-04'], loss: 0.383655
[2023-10-13 15:51:18,669][INFO][clas_trainer:133] - train epoch: 21 [27168/54622 (50%)], lr: ['1.00e-04', '1.00e-04'], loss: 0.304732
[2023-10-13 15:51:27,587][INFO][clas_trainer:133] - train epoch: 21 [32608/54622 (60%)], lr: ['1.00e-04', '1.00e-04'], loss: 0.197991
[2023-10-13 15:51:36,886][INFO][clas_trainer:133] - train epoch: 21 [38048/54622 (70%)], lr: ['1.00e-04', '1.00e-04'], loss: 0.343709
[2023-10-13 15:51:45,978][INFO][clas_trainer:133] - train epoch: 21 [43488/54622 (80%)], lr: ['1.00e-04', '1.00e-04'], loss: 0.440877
[2023-10-13 15:51:54,942][INFO][clas_trainer:133] - train epoch: 21 [48928/54622 (90%)], lr: ['1.00e-04', '1.00e-04'], loss: 0.511677
[2023-10-13 15:52:04,369][INFO][clas_trainer:133] - train epoch: 21 [54368/54622 (100%)], lr: ['1.00e-04', '1.00e-04'], loss: 0.267968
[2023-10-13 15:52:19,434][INFO][clas_trainer:63] - [epoch  21] execution time: 107.41s	metrics:
[2023-10-13 15:52:19,434][INFO][clas_evaluator:99] - dataset: earlystopping, avg f1-score: 0.8015
[2023-10-13 15:52:29,113][INFO][clas_trainer:133] - train epoch: 22 [5408/54622 (10%)], lr: ['1.00e-04', '1.00e-04'], loss: 0.397517
[2023-10-13 15:52:38,342][INFO][clas_trainer:133] - train epoch: 22 [10848/54622 (20%)], lr: ['1.00e-04', '1.00e-04'], loss: 0.351522
[2023-10-13 15:52:47,487][INFO][clas_trainer:133] - train epoch: 22 [16288/54622 (30%)], lr: ['1.00e-04', '1.00e-04'], loss: 0.476352
[2023-10-13 15:52:56,675][INFO][clas_trainer:133] - train epoch: 22 [21728/54622 (40%)], lr: ['1.00e-04', '1.00e-04'], loss: 0.440589
[2023-10-13 15:53:05,869][INFO][clas_trainer:133] - train epoch: 22 [27168/54622 (50%)], lr: ['1.00e-04', '1.00e-04'], loss: 0.166762
[2023-10-13 15:53:15,118][INFO][clas_trainer:133] - train epoch: 22 [32608/54622 (60%)], lr: ['1.00e-04', '1.00e-04'], loss: 0.245495
[2023-10-13 15:53:24,260][INFO][clas_trainer:133] - train epoch: 22 [38048/54622 (70%)], lr: ['1.00e-04', '1.00e-04'], loss: 0.211112
[2023-10-13 15:53:33,359][INFO][clas_trainer:133] - train epoch: 22 [43488/54622 (80%)], lr: ['1.00e-04', '1.00e-04'], loss: 0.341000
[2023-10-13 15:53:42,542][INFO][clas_trainer:133] - train epoch: 22 [48928/54622 (90%)], lr: ['1.00e-04', '1.00e-04'], loss: 0.297234
[2023-10-13 15:53:51,634][INFO][clas_trainer:133] - train epoch: 22 [54368/54622 (100%)], lr: ['1.00e-04', '1.00e-04'], loss: 0.467184
[2023-10-13 15:54:06,869][INFO][clas_trainer:63] - [epoch  22] execution time: 107.44s	metrics:
[2023-10-13 15:54:06,870][INFO][clas_evaluator:99] - dataset: earlystopping, avg f1-score: 0.7892
[2023-10-13 15:54:16,697][INFO][clas_trainer:133] - train epoch: 23 [5408/54622 (10%)], lr: ['1.00e-04', '1.00e-04'], loss: 0.181920
[2023-10-13 15:54:26,091][INFO][clas_trainer:133] - train epoch: 23 [10848/54622 (20%)], lr: ['1.00e-04', '1.00e-04'], loss: 0.086111
[2023-10-13 15:54:35,157][INFO][clas_trainer:133] - train epoch: 23 [16288/54622 (30%)], lr: ['1.00e-04', '1.00e-04'], loss: 0.270385
[2023-10-13 15:54:44,104][INFO][clas_trainer:133] - train epoch: 23 [21728/54622 (40%)], lr: ['1.00e-04', '1.00e-04'], loss: 0.139702
[2023-10-13 15:54:53,347][INFO][clas_trainer:133] - train epoch: 23 [27168/54622 (50%)], lr: ['1.00e-04', '1.00e-04'], loss: 0.234108
[2023-10-13 15:55:02,377][INFO][clas_trainer:133] - train epoch: 23 [32608/54622 (60%)], lr: ['1.00e-04', '1.00e-04'], loss: 0.238187
[2023-10-13 15:55:11,516][INFO][clas_trainer:133] - train epoch: 23 [38048/54622 (70%)], lr: ['1.00e-04', '1.00e-04'], loss: 0.378083
[2023-10-13 15:55:20,664][INFO][clas_trainer:133] - train epoch: 23 [43488/54622 (80%)], lr: ['1.00e-04', '1.00e-04'], loss: 0.262836
[2023-10-13 15:55:30,060][INFO][clas_trainer:133] - train epoch: 23 [48928/54622 (90%)], lr: ['1.00e-04', '1.00e-04'], loss: 0.163636
[2023-10-13 15:55:38,919][INFO][clas_trainer:133] - train epoch: 23 [54368/54622 (100%)], lr: ['1.00e-04', '1.00e-04'], loss: 0.141257
[2023-10-13 15:55:53,999][INFO][clas_trainer:63] - [epoch  23] execution time: 107.13s	metrics:
[2023-10-13 15:55:53,999][INFO][clas_evaluator:99] - dataset: earlystopping, avg f1-score: 0.7782
[2023-10-13 15:56:03,802][INFO][clas_trainer:133] - train epoch: 24 [5408/54622 (10%)], lr: ['1.00e-04', '1.00e-04'], loss: 0.287419
[2023-10-13 15:56:12,844][INFO][clas_trainer:133] - train epoch: 24 [10848/54622 (20%)], lr: ['1.00e-04', '1.00e-04'], loss: 0.360800
[2023-10-13 15:56:22,011][INFO][clas_trainer:133] - train epoch: 24 [16288/54622 (30%)], lr: ['1.00e-04', '1.00e-04'], loss: 0.301653
[2023-10-13 15:56:31,173][INFO][clas_trainer:133] - train epoch: 24 [21728/54622 (40%)], lr: ['1.00e-04', '1.00e-04'], loss: 0.111164
[2023-10-13 15:56:40,322][INFO][clas_trainer:133] - train epoch: 24 [27168/54622 (50%)], lr: ['1.00e-04', '1.00e-04'], loss: 0.225278
[2023-10-13 15:56:49,416][INFO][clas_trainer:133] - train epoch: 24 [32608/54622 (60%)], lr: ['1.00e-04', '1.00e-04'], loss: 0.218457
[2023-10-13 15:56:58,588][INFO][clas_trainer:133] - train epoch: 24 [38048/54622 (70%)], lr: ['1.00e-04', '1.00e-04'], loss: 0.383048
[2023-10-13 15:57:07,704][INFO][clas_trainer:133] - train epoch: 24 [43488/54622 (80%)], lr: ['1.00e-04', '1.00e-04'], loss: 0.145355
[2023-10-13 15:57:16,759][INFO][clas_trainer:133] - train epoch: 24 [48928/54622 (90%)], lr: ['1.00e-04', '1.00e-04'], loss: 0.093758
[2023-10-13 15:57:25,797][INFO][clas_trainer:133] - train epoch: 24 [54368/54622 (100%)], lr: ['1.00e-04', '1.00e-04'], loss: 0.482887
[2023-10-13 15:57:41,278][INFO][clas_trainer:63] - [epoch  24] execution time: 107.28s	metrics:
[2023-10-13 15:57:41,278][INFO][clas_evaluator:99] - dataset: earlystopping, avg f1-score: 0.8204
[2023-10-13 15:57:41,336][INFO][base_model:51] - snapshot saved to ./models/exp001a-m12-base_fe_clas-2023-10-13_14-21-17-final.pth
[2023-10-13 15:57:50,964][INFO][clas_trainer:133] - train epoch: 25 [5408/54622 (10%)], lr: ['1.00e-04', '1.00e-04'], loss: 0.243588
[2023-10-13 15:58:00,068][INFO][clas_trainer:133] - train epoch: 25 [10848/54622 (20%)], lr: ['1.00e-04', '1.00e-04'], loss: 0.140766
[2023-10-13 15:58:09,119][INFO][clas_trainer:133] - train epoch: 25 [16288/54622 (30%)], lr: ['1.00e-04', '1.00e-04'], loss: 0.058275
[2023-10-13 15:58:18,259][INFO][clas_trainer:133] - train epoch: 25 [21728/54622 (40%)], lr: ['1.00e-04', '1.00e-04'], loss: 0.279429
[2023-10-13 15:58:27,492][INFO][clas_trainer:133] - train epoch: 25 [27168/54622 (50%)], lr: ['1.00e-04', '1.00e-04'], loss: 0.257923
[2023-10-13 15:58:36,439][INFO][clas_trainer:133] - train epoch: 25 [32608/54622 (60%)], lr: ['1.00e-04', '1.00e-04'], loss: 0.169252
[2023-10-13 15:58:45,729][INFO][clas_trainer:133] - train epoch: 25 [38048/54622 (70%)], lr: ['1.00e-04', '1.00e-04'], loss: 0.212692
[2023-10-13 15:58:54,691][INFO][clas_trainer:133] - train epoch: 25 [43488/54622 (80%)], lr: ['1.00e-04', '1.00e-04'], loss: 0.096687
[2023-10-13 15:59:03,771][INFO][clas_trainer:133] - train epoch: 25 [48928/54622 (90%)], lr: ['1.00e-04', '1.00e-04'], loss: 0.191397
[2023-10-13 15:59:12,727][INFO][clas_trainer:133] - train epoch: 25 [54368/54622 (100%)], lr: ['1.00e-04', '1.00e-04'], loss: 0.218555
[2023-10-13 15:59:28,148][INFO][clas_trainer:63] - [epoch  25] execution time: 106.81s	metrics:
[2023-10-13 15:59:28,149][INFO][clas_evaluator:99] - dataset: earlystopping, avg f1-score: 0.7718
[2023-10-13 15:59:37,836][INFO][clas_trainer:133] - train epoch: 26 [5408/54622 (10%)], lr: ['1.00e-04', '1.00e-04'], loss: 0.203813
[2023-10-13 15:59:46,992][INFO][clas_trainer:133] - train epoch: 26 [10848/54622 (20%)], lr: ['1.00e-04', '1.00e-04'], loss: 0.378227
[2023-10-13 15:59:56,127][INFO][clas_trainer:133] - train epoch: 26 [16288/54622 (30%)], lr: ['1.00e-04', '1.00e-04'], loss: 0.285717
[2023-10-13 16:00:05,457][INFO][clas_trainer:133] - train epoch: 26 [21728/54622 (40%)], lr: ['1.00e-04', '1.00e-04'], loss: 0.259576
[2023-10-13 16:00:14,358][INFO][clas_trainer:133] - train epoch: 26 [27168/54622 (50%)], lr: ['1.00e-04', '1.00e-04'], loss: 0.167638
[2023-10-13 16:00:23,545][INFO][clas_trainer:133] - train epoch: 26 [32608/54622 (60%)], lr: ['1.00e-04', '1.00e-04'], loss: 0.418044
[2023-10-13 16:00:32,675][INFO][clas_trainer:133] - train epoch: 26 [38048/54622 (70%)], lr: ['1.00e-04', '1.00e-04'], loss: 0.272201
[2023-10-13 16:00:41,905][INFO][clas_trainer:133] - train epoch: 26 [43488/54622 (80%)], lr: ['1.00e-04', '1.00e-04'], loss: 0.136616
[2023-10-13 16:00:50,841][INFO][clas_trainer:133] - train epoch: 26 [48928/54622 (90%)], lr: ['1.00e-04', '1.00e-04'], loss: 0.196140
[2023-10-13 16:01:00,187][INFO][clas_trainer:133] - train epoch: 26 [54368/54622 (100%)], lr: ['1.00e-04', '1.00e-04'], loss: 0.305853
[2023-10-13 16:01:15,540][INFO][clas_trainer:63] - [epoch  26] execution time: 107.39s	metrics:
[2023-10-13 16:01:15,541][INFO][clas_evaluator:99] - dataset: earlystopping, avg f1-score: 0.8149
[2023-10-13 16:01:25,227][INFO][clas_trainer:133] - train epoch: 27 [5408/54622 (10%)], lr: ['1.00e-04', '1.00e-04'], loss: 0.125936
[2023-10-13 16:01:34,493][INFO][clas_trainer:133] - train epoch: 27 [10848/54622 (20%)], lr: ['1.00e-04', '1.00e-04'], loss: 0.457152
[2023-10-13 16:01:43,532][INFO][clas_trainer:133] - train epoch: 27 [16288/54622 (30%)], lr: ['1.00e-04', '1.00e-04'], loss: 0.650094
[2023-10-13 16:01:52,532][INFO][clas_trainer:133] - train epoch: 27 [21728/54622 (40%)], lr: ['1.00e-04', '1.00e-04'], loss: 0.351590
[2023-10-13 16:02:01,709][INFO][clas_trainer:133] - train epoch: 27 [27168/54622 (50%)], lr: ['1.00e-04', '1.00e-04'], loss: 0.137965
[2023-10-13 16:02:10,731][INFO][clas_trainer:133] - train epoch: 27 [32608/54622 (60%)], lr: ['1.00e-04', '1.00e-04'], loss: 0.706762
[2023-10-13 16:02:19,580][INFO][clas_trainer:133] - train epoch: 27 [38048/54622 (70%)], lr: ['1.00e-04', '1.00e-04'], loss: 0.198079
[2023-10-13 16:02:28,683][INFO][clas_trainer:133] - train epoch: 27 [43488/54622 (80%)], lr: ['1.00e-04', '1.00e-04'], loss: 0.191860
[2023-10-13 16:02:37,822][INFO][clas_trainer:133] - train epoch: 27 [48928/54622 (90%)], lr: ['1.00e-04', '1.00e-04'], loss: 0.151201
[2023-10-13 16:02:46,791][INFO][clas_trainer:133] - train epoch: 27 [54368/54622 (100%)], lr: ['1.00e-04', '1.00e-04'], loss: 0.195012
[2023-10-13 16:03:01,814][INFO][clas_trainer:63] - [epoch  27] execution time: 106.27s	metrics:
[2023-10-13 16:03:01,815][INFO][clas_evaluator:99] - dataset: earlystopping, avg f1-score: 0.8130
[2023-10-13 16:03:11,579][INFO][clas_trainer:133] - train epoch: 28 [5408/54622 (10%)], lr: ['1.00e-04', '1.00e-04'], loss: 0.279273
[2023-10-13 16:03:20,739][INFO][clas_trainer:133] - train epoch: 28 [10848/54622 (20%)], lr: ['1.00e-04', '1.00e-04'], loss: 0.127616
[2023-10-13 16:03:29,731][INFO][clas_trainer:133] - train epoch: 28 [16288/54622 (30%)], lr: ['1.00e-04', '1.00e-04'], loss: 0.188916
[2023-10-13 16:03:38,727][INFO][clas_trainer:133] - train epoch: 28 [21728/54622 (40%)], lr: ['1.00e-04', '1.00e-04'], loss: 0.195390
[2023-10-13 16:03:47,779][INFO][clas_trainer:133] - train epoch: 28 [27168/54622 (50%)], lr: ['1.00e-04', '1.00e-04'], loss: 0.350255
[2023-10-13 16:03:56,809][INFO][clas_trainer:133] - train epoch: 28 [32608/54622 (60%)], lr: ['1.00e-04', '1.00e-04'], loss: 0.179960
[2023-10-13 16:04:05,806][INFO][clas_trainer:133] - train epoch: 28 [38048/54622 (70%)], lr: ['1.00e-04', '1.00e-04'], loss: 0.250686
[2023-10-13 16:04:14,998][INFO][clas_trainer:133] - train epoch: 28 [43488/54622 (80%)], lr: ['1.00e-04', '1.00e-04'], loss: 0.147145
[2023-10-13 16:04:24,184][INFO][clas_trainer:133] - train epoch: 28 [48928/54622 (90%)], lr: ['1.00e-04', '1.00e-04'], loss: 0.281463
[2023-10-13 16:04:33,256][INFO][clas_trainer:133] - train epoch: 28 [54368/54622 (100%)], lr: ['1.00e-04', '1.00e-04'], loss: 0.196588
[2023-10-13 16:04:48,315][INFO][clas_trainer:63] - [epoch  28] execution time: 106.50s	metrics:
[2023-10-13 16:04:48,315][INFO][clas_evaluator:99] - dataset: earlystopping, avg f1-score: 0.7894
[2023-10-13 16:04:58,121][INFO][clas_trainer:133] - train epoch: 29 [5408/54622 (10%)], lr: ['1.00e-04', '1.00e-04'], loss: 0.203998
[2023-10-13 16:05:07,233][INFO][clas_trainer:133] - train epoch: 29 [10848/54622 (20%)], lr: ['1.00e-04', '1.00e-04'], loss: 0.191594
[2023-10-13 16:05:16,210][INFO][clas_trainer:133] - train epoch: 29 [16288/54622 (30%)], lr: ['1.00e-04', '1.00e-04'], loss: 0.263500
[2023-10-13 16:05:25,380][INFO][clas_trainer:133] - train epoch: 29 [21728/54622 (40%)], lr: ['1.00e-04', '1.00e-04'], loss: 0.260402
[2023-10-13 16:05:34,298][INFO][clas_trainer:133] - train epoch: 29 [27168/54622 (50%)], lr: ['1.00e-04', '1.00e-04'], loss: 0.277672
[2023-10-13 16:05:43,565][INFO][clas_trainer:133] - train epoch: 29 [32608/54622 (60%)], lr: ['1.00e-04', '1.00e-04'], loss: 0.159737
[2023-10-13 16:05:52,619][INFO][clas_trainer:133] - train epoch: 29 [38048/54622 (70%)], lr: ['1.00e-04', '1.00e-04'], loss: 0.353807
[2023-10-13 16:06:01,955][INFO][clas_trainer:133] - train epoch: 29 [43488/54622 (80%)], lr: ['1.00e-04', '1.00e-04'], loss: 0.055948
[2023-10-13 16:06:10,885][INFO][clas_trainer:133] - train epoch: 29 [48928/54622 (90%)], lr: ['1.00e-04', '1.00e-04'], loss: 0.265699
[2023-10-13 16:06:19,916][INFO][clas_trainer:133] - train epoch: 29 [54368/54622 (100%)], lr: ['1.00e-04', '1.00e-04'], loss: 0.351212
[2023-10-13 16:06:35,243][INFO][clas_trainer:63] - [epoch  29] execution time: 106.93s	metrics:
[2023-10-13 16:06:35,243][INFO][clas_evaluator:99] - dataset: earlystopping, avg f1-score: 0.7889
[2023-10-13 16:06:44,991][INFO][clas_trainer:133] - train epoch: 30 [5408/54622 (10%)], lr: ['1.00e-04', '1.00e-04'], loss: 0.096602
[2023-10-13 16:06:53,969][INFO][clas_trainer:133] - train epoch: 30 [10848/54622 (20%)], lr: ['1.00e-04', '1.00e-04'], loss: 0.192246
[2023-10-13 16:07:03,325][INFO][clas_trainer:133] - train epoch: 30 [16288/54622 (30%)], lr: ['1.00e-04', '1.00e-04'], loss: 0.165514
[2023-10-13 16:07:12,281][INFO][clas_trainer:133] - train epoch: 30 [21728/54622 (40%)], lr: ['1.00e-04', '1.00e-04'], loss: 0.402981
[2023-10-13 16:07:21,421][INFO][clas_trainer:133] - train epoch: 30 [27168/54622 (50%)], lr: ['1.00e-04', '1.00e-04'], loss: 0.168080
[2023-10-13 16:07:30,587][INFO][clas_trainer:133] - train epoch: 30 [32608/54622 (60%)], lr: ['1.00e-04', '1.00e-04'], loss: 0.201325
[2023-10-13 16:07:39,771][INFO][clas_trainer:133] - train epoch: 30 [38048/54622 (70%)], lr: ['1.00e-04', '1.00e-04'], loss: 0.092749
[2023-10-13 16:07:48,830][INFO][clas_trainer:133] - train epoch: 30 [43488/54622 (80%)], lr: ['1.00e-04', '1.00e-04'], loss: 0.155233
[2023-10-13 16:07:57,983][INFO][clas_trainer:133] - train epoch: 30 [48928/54622 (90%)], lr: ['1.00e-04', '1.00e-04'], loss: 0.342619
[2023-10-13 16:08:06,840][INFO][clas_trainer:133] - train epoch: 30 [54368/54622 (100%)], lr: ['1.00e-04', '1.00e-04'], loss: 0.251069
[2023-10-13 16:08:22,264][INFO][clas_trainer:63] - [epoch  30] execution time: 107.02s	metrics:
[2023-10-13 16:08:22,264][INFO][clas_evaluator:99] - dataset: earlystopping, avg f1-score: 0.7930
[2023-10-13 16:08:32,020][INFO][clas_trainer:133] - train epoch: 31 [5408/54622 (10%)], lr: ['1.00e-04', '1.00e-04'], loss: 0.137979
[2023-10-13 16:08:41,301][INFO][clas_trainer:133] - train epoch: 31 [10848/54622 (20%)], lr: ['1.00e-04', '1.00e-04'], loss: 0.155488
[2023-10-13 16:08:50,306][INFO][clas_trainer:133] - train epoch: 31 [16288/54622 (30%)], lr: ['1.00e-04', '1.00e-04'], loss: 0.263405
[2023-10-13 16:08:59,360][INFO][clas_trainer:133] - train epoch: 31 [21728/54622 (40%)], lr: ['1.00e-04', '1.00e-04'], loss: 0.189829
[2023-10-13 16:09:08,568][INFO][clas_trainer:133] - train epoch: 31 [27168/54622 (50%)], lr: ['1.00e-04', '1.00e-04'], loss: 0.263363
[2023-10-13 16:09:18,052][INFO][clas_trainer:133] - train epoch: 31 [32608/54622 (60%)], lr: ['1.00e-04', '1.00e-04'], loss: 0.166326
[2023-10-13 16:09:27,158][INFO][clas_trainer:133] - train epoch: 31 [38048/54622 (70%)], lr: ['1.00e-04', '1.00e-04'], loss: 0.226952
[2023-10-13 16:09:36,425][INFO][clas_trainer:133] - train epoch: 31 [43488/54622 (80%)], lr: ['1.00e-04', '1.00e-04'], loss: 0.116548
[2023-10-13 16:09:45,516][INFO][clas_trainer:133] - train epoch: 31 [48928/54622 (90%)], lr: ['1.00e-04', '1.00e-04'], loss: 0.113064
[2023-10-13 16:09:54,731][INFO][clas_trainer:133] - train epoch: 31 [54368/54622 (100%)], lr: ['1.00e-04', '1.00e-04'], loss: 0.198192
[2023-10-13 16:10:09,857][INFO][clas_trainer:63] - [epoch  31] execution time: 107.59s	metrics:
[2023-10-13 16:10:09,857][INFO][clas_evaluator:99] - dataset: earlystopping, avg f1-score: 0.7833
[2023-10-13 16:10:19,570][INFO][clas_trainer:133] - train epoch: 32 [5408/54622 (10%)], lr: ['1.00e-04', '1.00e-04'], loss: 0.125752
[2023-10-13 16:10:28,952][INFO][clas_trainer:133] - train epoch: 32 [10848/54622 (20%)], lr: ['1.00e-04', '1.00e-04'], loss: 0.252192
[2023-10-13 16:10:38,179][INFO][clas_trainer:133] - train epoch: 32 [16288/54622 (30%)], lr: ['1.00e-04', '1.00e-04'], loss: 0.291216
[2023-10-13 16:10:47,294][INFO][clas_trainer:133] - train epoch: 32 [21728/54622 (40%)], lr: ['1.00e-04', '1.00e-04'], loss: 0.428586
[2023-10-13 16:10:56,606][INFO][clas_trainer:133] - train epoch: 32 [27168/54622 (50%)], lr: ['1.00e-04', '1.00e-04'], loss: 0.084316
[2023-10-13 16:11:05,562][INFO][clas_trainer:133] - train epoch: 32 [32608/54622 (60%)], lr: ['1.00e-04', '1.00e-04'], loss: 0.285603
[2023-10-13 16:11:14,671][INFO][clas_trainer:133] - train epoch: 32 [38048/54622 (70%)], lr: ['1.00e-04', '1.00e-04'], loss: 0.201523
[2023-10-13 16:11:23,737][INFO][clas_trainer:133] - train epoch: 32 [43488/54622 (80%)], lr: ['1.00e-04', '1.00e-04'], loss: 0.293242
[2023-10-13 16:11:33,008][INFO][clas_trainer:133] - train epoch: 32 [48928/54622 (90%)], lr: ['1.00e-04', '1.00e-04'], loss: 0.215159
[2023-10-13 16:11:42,069][INFO][clas_trainer:133] - train epoch: 32 [54368/54622 (100%)], lr: ['1.00e-04', '1.00e-04'], loss: 0.340978
[2023-10-13 16:11:57,246][INFO][clas_trainer:63] - [epoch  32] execution time: 107.39s	metrics:
[2023-10-13 16:11:57,247][INFO][clas_evaluator:99] - dataset: earlystopping, avg f1-score: 0.7836
[2023-10-13 16:12:07,169][INFO][clas_trainer:133] - train epoch: 33 [5408/54622 (10%)], lr: ['1.00e-04', '1.00e-04'], loss: 0.148598
[2023-10-13 16:12:16,390][INFO][clas_trainer:133] - train epoch: 33 [10848/54622 (20%)], lr: ['1.00e-04', '1.00e-04'], loss: 0.141488
[2023-10-13 16:12:25,563][INFO][clas_trainer:133] - train epoch: 33 [16288/54622 (30%)], lr: ['1.00e-04', '1.00e-04'], loss: 0.144874
[2023-10-13 16:12:35,072][INFO][clas_trainer:133] - train epoch: 33 [21728/54622 (40%)], lr: ['1.00e-04', '1.00e-04'], loss: 0.166941
[2023-10-13 16:12:44,120][INFO][clas_trainer:133] - train epoch: 33 [27168/54622 (50%)], lr: ['1.00e-04', '1.00e-04'], loss: 0.068898
[2023-10-13 16:12:53,181][INFO][clas_trainer:133] - train epoch: 33 [32608/54622 (60%)], lr: ['1.00e-04', '1.00e-04'], loss: 0.273759
[2023-10-13 16:13:02,284][INFO][clas_trainer:133] - train epoch: 33 [38048/54622 (70%)], lr: ['1.00e-04', '1.00e-04'], loss: 0.243128
[2023-10-13 16:13:11,521][INFO][clas_trainer:133] - train epoch: 33 [43488/54622 (80%)], lr: ['1.00e-04', '1.00e-04'], loss: 0.310705
[2023-10-13 16:13:20,687][INFO][clas_trainer:133] - train epoch: 33 [48928/54622 (90%)], lr: ['1.00e-04', '1.00e-04'], loss: 0.178128
[2023-10-13 16:13:29,589][INFO][clas_trainer:133] - train epoch: 33 [54368/54622 (100%)], lr: ['1.00e-04', '1.00e-04'], loss: 0.176772
[2023-10-13 16:13:44,786][INFO][clas_trainer:63] - [epoch  33] execution time: 107.54s	metrics:
[2023-10-13 16:13:44,786][INFO][clas_evaluator:99] - dataset: earlystopping, avg f1-score: 0.8119
[2023-10-13 16:13:54,386][INFO][clas_trainer:133] - train epoch: 34 [5408/54622 (10%)], lr: ['1.00e-04', '1.00e-04'], loss: 0.333796
[2023-10-13 16:14:03,465][INFO][clas_trainer:133] - train epoch: 34 [10848/54622 (20%)], lr: ['1.00e-04', '1.00e-04'], loss: 0.268495
[2023-10-13 16:14:12,736][INFO][clas_trainer:133] - train epoch: 34 [16288/54622 (30%)], lr: ['1.00e-04', '1.00e-04'], loss: 0.088782
[2023-10-13 16:14:21,893][INFO][clas_trainer:133] - train epoch: 34 [21728/54622 (40%)], lr: ['1.00e-04', '1.00e-04'], loss: 0.167695
[2023-10-13 16:14:31,021][INFO][clas_trainer:133] - train epoch: 34 [27168/54622 (50%)], lr: ['1.00e-04', '1.00e-04'], loss: 0.137914
[2023-10-13 16:14:40,074][INFO][clas_trainer:133] - train epoch: 34 [32608/54622 (60%)], lr: ['1.00e-04', '1.00e-04'], loss: 0.370912
[2023-10-13 16:14:49,351][INFO][clas_trainer:133] - train epoch: 34 [38048/54622 (70%)], lr: ['1.00e-04', '1.00e-04'], loss: 0.109278
[2023-10-13 16:14:58,355][INFO][clas_trainer:133] - train epoch: 34 [43488/54622 (80%)], lr: ['1.00e-04', '1.00e-04'], loss: 0.127694
[2023-10-13 16:15:07,325][INFO][clas_trainer:133] - train epoch: 34 [48928/54622 (90%)], lr: ['1.00e-04', '1.00e-04'], loss: 0.325487
[2023-10-13 16:15:16,483][INFO][clas_trainer:133] - train epoch: 34 [54368/54622 (100%)], lr: ['1.00e-04', '1.00e-04'], loss: 0.196767
[2023-10-13 16:15:31,576][INFO][clas_trainer:63] - [epoch  34] execution time: 106.79s	metrics:
[2023-10-13 16:15:31,576][INFO][clas_evaluator:99] - dataset: earlystopping, avg f1-score: 0.7796
[2023-10-13 16:15:31,584][INFO][clas_trainer:79] - finished training
[2023-10-13 16:15:31,585][INFO][clas_trainer:80] - best model on epoch: 24 	f1-score: 0.8204
