[2024-10-02 14:10:12,506][INFO][fine-tune:25] - Using GPU 4
[2024-10-02 14:10:12,519][INFO][fine-tune:35] - overrides:
hydra:
- hydra.launcher.n_jobs=40
- hydra.mode=MULTIRUN
task:
- m_seed_path_sids={seeds:[2,2,2,2,2],path:"exp006b-m2-simple_multi_class-2024-09-20_13-58-02-final.pth",subject_ids:{isruc:$\{data.isruc.cv_5_fold.fold_3\}}}
- data.downstream.train_dataloader.dataset.data_reducer.n_epochs=130
- data.downstream.train_dataloader.dataset.data_reducer.n_subjects=5
- general.gpus=[4,5,6,7]

[2024-10-02 14:10:20,131][INFO][data_loaders:39] - class distribution before data reduction:
# samples per subject
sg1-1-1: 880
sg1-10-1: 842
sg1-11-1: 997
sg1-12-1: 850
sg1-13-1: 882
sg1-14-1: 906
sg1-15-1: 786
sg1-16-1: 883
sg1-17-1: 851
sg1-18-1: 999
sg1-19-1: 828
sg1-2-1: 964
sg1-22-1: 849
sg1-25-1: 921
sg1-27-1: 918
sg1-28-1: 882
sg1-29-1: 912
sg1-3-1: 943
sg1-31-1: 877
sg1-33-1: 920
sg1-35-1: 788
sg1-36-1: 987
sg1-37-1: 806
sg1-38-1: 932
sg1-39-1: 900
sg1-40-1: 875
sg1-42-1: 812
sg1-44-1: 932
sg1-45-1: 906
sg1-46-1: 863
sg1-47-1: 838
sg1-48-1: 981
sg1-49-1: 793
sg1-50-1: 905
sg1-51-1: 856
sg1-52-1: 912
sg1-56-1: 956
sg1-58-1: 965
sg1-6-1: 897
sg1-60-1: 916
sg1-61-1: 852
sg1-62-1: 864
sg1-63-1: 954
sg1-64-1: 892
sg1-65-1: 1014
sg1-66-1: 845
sg1-67-1: 862
sg1-68-1: 956
sg1-7-1: 933
sg1-71-1: 829
sg1-72-1: 872
sg1-73-1: 997
sg1-74-1: 897
sg1-75-1: 898
sg1-77-1: 805
sg1-80-1: 889
sg1-81-1: 911
sg1-82-1: 882
sg1-84-1: 963
sg1-85-1: 896
sg1-89-1: 1036
sg1-9-1: 969
sg1-90-1: 933
sg1-91-1: 990
sg1-92-1: 877
sg1-93-1: 870
sg1-94-1: 846
sg1-95-1: 865
sg1-96-1: 858
sg1-97-1: 912
sg1-98-1: 899
sg1-99-1: 835
sg2-1-1: 933
sg2-1-2: 787
sg2-2-1: 851
sg2-2-2: 869
sg2-3-1: 871
sg2-3-2: 813
sg2-4-1: 932
sg2-4-2: 899
sg2-5-1: 815
sg2-5-2: 879
sg2-6-1: 965
sg2-6-2: 1014
sg3-1-1: 954
sg3-3-1: 824
sg3-4-1: 794
sg3-5-1: 944
sg3-6-1: 853
sg3-7-1: 814
sg3-8-1: 1000
sg3-9-1: 969

# samples per stage
0: 19741
1: 11033
2: 25330
3: 15646
4: 10641
[2024-10-02 14:10:20,743][INFO][data_loaders:43] - class distribution after data reduction:
# samples per subject
sg1-19-1: 22155
sg1-35-1: 10761
sg1-73-1: 22788
sg1-93-1: 10128
sg1-94-1: 16458

# samples per stage
0: 22788
1: 13926
2: 24687
3: 12660
4: 8229
[2024-10-02 14:10:21,239][INFO][data_loaders:39] - class distribution before data reduction:
# samples per subject
sg1-30-1: 882
sg1-4-1: 963
sg1-41-1: 974
sg1-55-1: 879
sg1-57-1: 1007
sg1-70-1: 893
sg1-79-1: 880
sg1-87-1: 926

# samples per stage
0: 1251
1: 841
2: 2721
3: 1520
4: 1071
[2024-10-02 14:10:21,257][INFO][data_loaders:43] - class distribution after data reduction:
# samples per subject
sg1-30-1: 882
sg1-4-1: 963
sg1-41-1: 974
sg1-55-1: 879
sg1-57-1: 1007
sg1-70-1: 893
sg1-79-1: 880
sg1-87-1: 926

# samples per stage
0: 1251
1: 841
2: 2721
3: 1520
4: 1071
[2024-10-02 14:10:21,297][INFO][clas_trainer:49] - metrics before training (epoch 0):
[2024-10-02 14:11:02,234][INFO][clas_evaluator:132] - dataset: earlystopping, avg f1-score: 0.1075
[2024-10-02 14:11:48,119][INFO][clas_trainer:133] - train epoch: 1 [8192/82290 (10%)], lr: ['1.00e-04', '1.00e-04'], loss: 2.044520
[2024-10-02 14:12:35,024][INFO][clas_trainer:133] - train epoch: 1 [16416/82290 (20%)], lr: ['1.00e-04', '1.00e-04'], loss: 1.522323
[2024-10-02 14:13:20,754][INFO][clas_trainer:133] - train epoch: 1 [24640/82290 (30%)], lr: ['1.00e-04', '1.00e-04'], loss: 1.257759
[2024-10-02 14:14:04,484][INFO][clas_trainer:133] - train epoch: 1 [32864/82290 (40%)], lr: ['1.00e-04', '1.00e-04'], loss: 0.892326
[2024-10-02 14:14:47,901][INFO][clas_trainer:133] - train epoch: 1 [41088/82290 (50%)], lr: ['1.00e-04', '1.00e-04'], loss: 0.720236
[2024-10-02 14:15:27,439][INFO][clas_trainer:133] - train epoch: 1 [49312/82290 (60%)], lr: ['1.00e-04', '1.00e-04'], loss: 0.494655
[2024-10-02 14:16:09,202][INFO][clas_trainer:133] - train epoch: 1 [57536/82290 (70%)], lr: ['1.00e-04', '1.00e-04'], loss: 0.359343
[2024-10-02 14:16:49,680][INFO][clas_trainer:133] - train epoch: 1 [65760/82290 (80%)], lr: ['1.00e-04', '1.00e-04'], loss: 0.362811
[2024-10-02 14:17:31,359][INFO][clas_trainer:133] - train epoch: 1 [73984/82290 (90%)], lr: ['1.00e-04', '1.00e-04'], loss: 0.422254
[2024-10-02 14:18:15,997][INFO][clas_trainer:133] - train epoch: 1 [82208/82290 (100%)], lr: ['1.00e-04', '1.00e-04'], loss: 0.172518
[2024-10-02 14:18:55,439][INFO][clas_trainer:63] - [epoch   1] execution time: 473.20s	metrics:
[2024-10-02 14:18:55,439][INFO][clas_evaluator:132] - dataset: earlystopping, avg f1-score: 0.4130
[2024-10-02 14:18:55,487][INFO][base_model:51] - snapshot saved to XXX/frequency-pretraining/models/exp006a-m64-base_fe_clas-2024-10-02_10-52-14-final.pth
[2024-10-02 14:19:38,379][INFO][clas_trainer:133] - train epoch: 2 [8192/82290 (10%)], lr: ['1.00e-04', '1.00e-04'], loss: 0.110826
[2024-10-02 14:20:22,391][INFO][clas_trainer:133] - train epoch: 2 [16416/82290 (20%)], lr: ['1.00e-04', '1.00e-04'], loss: 0.132786
[2024-10-02 14:21:02,918][INFO][clas_trainer:133] - train epoch: 2 [24640/82290 (30%)], lr: ['1.00e-04', '1.00e-04'], loss: 0.030451
[2024-10-02 14:21:40,443][INFO][clas_trainer:133] - train epoch: 2 [32864/82290 (40%)], lr: ['1.00e-04', '1.00e-04'], loss: 0.019909
[2024-10-02 14:22:21,743][INFO][clas_trainer:133] - train epoch: 2 [41088/82290 (50%)], lr: ['1.00e-04', '1.00e-04'], loss: 0.051105
[2024-10-02 14:23:04,112][INFO][clas_trainer:133] - train epoch: 2 [49312/82290 (60%)], lr: ['1.00e-04', '1.00e-04'], loss: 0.043416
[2024-10-02 14:23:45,574][INFO][clas_trainer:133] - train epoch: 2 [57536/82290 (70%)], lr: ['1.00e-04', '1.00e-04'], loss: 0.016857
[2024-10-02 14:24:29,592][INFO][clas_trainer:133] - train epoch: 2 [65760/82290 (80%)], lr: ['1.00e-04', '1.00e-04'], loss: 0.009770
[2024-10-02 14:25:11,782][INFO][clas_trainer:133] - train epoch: 2 [73984/82290 (90%)], lr: ['1.00e-04', '1.00e-04'], loss: 0.001938
[2024-10-02 14:25:53,000][INFO][clas_trainer:133] - train epoch: 2 [82208/82290 (100%)], lr: ['1.00e-04', '1.00e-04'], loss: 0.003060
[2024-10-02 14:26:38,132][INFO][clas_trainer:63] - [epoch   2] execution time: 462.64s	metrics:
[2024-10-02 14:26:38,133][INFO][clas_evaluator:132] - dataset: earlystopping, avg f1-score: 0.4453
[2024-10-02 14:26:38,175][INFO][base_model:51] - snapshot saved to XXX/frequency-pretraining/models/exp006a-m64-base_fe_clas-2024-10-02_10-52-14-final.pth
[2024-10-02 14:27:22,887][INFO][clas_trainer:133] - train epoch: 3 [8192/82290 (10%)], lr: ['1.00e-04', '1.00e-04'], loss: 0.002652
[2024-10-02 14:28:05,541][INFO][clas_trainer:133] - train epoch: 3 [16416/82290 (20%)], lr: ['1.00e-04', '1.00e-04'], loss: 0.021145
[2024-10-02 14:28:49,645][INFO][clas_trainer:133] - train epoch: 3 [24640/82290 (30%)], lr: ['1.00e-04', '1.00e-04'], loss: 0.020998
[2024-10-02 14:29:30,804][INFO][clas_trainer:133] - train epoch: 3 [32864/82290 (40%)], lr: ['1.00e-04', '1.00e-04'], loss: 0.000389
[2024-10-02 14:30:11,995][INFO][clas_trainer:133] - train epoch: 3 [41088/82290 (50%)], lr: ['1.00e-04', '1.00e-04'], loss: 0.043231
[2024-10-02 14:30:56,129][INFO][clas_trainer:133] - train epoch: 3 [49312/82290 (60%)], lr: ['1.00e-04', '1.00e-04'], loss: 0.051888
[2024-10-02 14:31:39,277][INFO][clas_trainer:133] - train epoch: 3 [57536/82290 (70%)], lr: ['1.00e-04', '1.00e-04'], loss: 0.000998
[2024-10-02 14:32:24,615][INFO][clas_trainer:133] - train epoch: 3 [65760/82290 (80%)], lr: ['1.00e-04', '1.00e-04'], loss: 0.000109
[2024-10-02 14:33:08,148][INFO][clas_trainer:133] - train epoch: 3 [73984/82290 (90%)], lr: ['1.00e-04', '1.00e-04'], loss: 0.001911
[2024-10-02 14:33:50,747][INFO][clas_trainer:133] - train epoch: 3 [82208/82290 (100%)], lr: ['1.00e-04', '1.00e-04'], loss: 0.013083
[2024-10-02 14:34:36,670][INFO][clas_trainer:63] - [epoch   3] execution time: 478.49s	metrics:
[2024-10-02 14:34:36,671][INFO][clas_evaluator:132] - dataset: earlystopping, avg f1-score: 0.4546
[2024-10-02 14:34:36,760][INFO][base_model:51] - snapshot saved to XXX/frequency-pretraining/models/exp006a-m64-base_fe_clas-2024-10-02_10-52-14-final.pth
[2024-10-02 14:35:22,477][INFO][clas_trainer:133] - train epoch: 4 [8192/82290 (10%)], lr: ['1.00e-04', '1.00e-04'], loss: 0.000205
[2024-10-02 14:36:05,626][INFO][clas_trainer:133] - train epoch: 4 [16416/82290 (20%)], lr: ['1.00e-04', '1.00e-04'], loss: 0.000237
[2024-10-02 14:36:50,907][INFO][clas_trainer:133] - train epoch: 4 [24640/82290 (30%)], lr: ['1.00e-04', '1.00e-04'], loss: 0.003016
[2024-10-02 14:37:36,309][INFO][clas_trainer:133] - train epoch: 4 [32864/82290 (40%)], lr: ['1.00e-04', '1.00e-04'], loss: 0.002865
[2024-10-02 14:38:22,872][INFO][clas_trainer:133] - train epoch: 4 [41088/82290 (50%)], lr: ['1.00e-04', '1.00e-04'], loss: 0.000142
[2024-10-02 14:39:09,341][INFO][clas_trainer:133] - train epoch: 4 [49312/82290 (60%)], lr: ['1.00e-04', '1.00e-04'], loss: 0.012274
[2024-10-02 14:39:57,214][INFO][clas_trainer:133] - train epoch: 4 [57536/82290 (70%)], lr: ['1.00e-04', '1.00e-04'], loss: 0.002697
[2024-10-02 14:40:42,421][INFO][clas_trainer:133] - train epoch: 4 [65760/82290 (80%)], lr: ['1.00e-04', '1.00e-04'], loss: 0.000572
[2024-10-02 14:41:29,058][INFO][clas_trainer:133] - train epoch: 4 [73984/82290 (90%)], lr: ['1.00e-04', '1.00e-04'], loss: 0.000153
[2024-10-02 14:42:13,806][INFO][clas_trainer:133] - train epoch: 4 [82208/82290 (100%)], lr: ['1.00e-04', '1.00e-04'], loss: 0.000100
[2024-10-02 14:42:58,429][INFO][clas_trainer:63] - [epoch   4] execution time: 501.67s	metrics:
[2024-10-02 14:42:58,430][INFO][clas_evaluator:132] - dataset: earlystopping, avg f1-score: 0.4728
[2024-10-02 14:42:58,472][INFO][base_model:51] - snapshot saved to XXX/frequency-pretraining/models/exp006a-m64-base_fe_clas-2024-10-02_10-52-14-final.pth
[2024-10-02 14:43:39,246][INFO][clas_trainer:133] - train epoch: 5 [8192/82290 (10%)], lr: ['1.00e-04', '1.00e-04'], loss: 0.004517
[2024-10-02 14:44:17,838][INFO][clas_trainer:133] - train epoch: 5 [16416/82290 (20%)], lr: ['1.00e-04', '1.00e-04'], loss: 0.000044
[2024-10-02 14:44:57,454][INFO][clas_trainer:133] - train epoch: 5 [24640/82290 (30%)], lr: ['1.00e-04', '1.00e-04'], loss: 0.000188
[2024-10-02 14:45:39,650][INFO][clas_trainer:133] - train epoch: 5 [32864/82290 (40%)], lr: ['1.00e-04', '1.00e-04'], loss: 0.000328
[2024-10-02 14:46:19,657][INFO][clas_trainer:133] - train epoch: 5 [41088/82290 (50%)], lr: ['1.00e-04', '1.00e-04'], loss: 0.002011
[2024-10-02 14:47:00,405][INFO][clas_trainer:133] - train epoch: 5 [49312/82290 (60%)], lr: ['1.00e-04', '1.00e-04'], loss: 0.000425
[2024-10-02 14:47:38,650][INFO][clas_trainer:133] - train epoch: 5 [57536/82290 (70%)], lr: ['1.00e-04', '1.00e-04'], loss: 0.000051
[2024-10-02 14:48:18,723][INFO][clas_trainer:133] - train epoch: 5 [65760/82290 (80%)], lr: ['1.00e-04', '1.00e-04'], loss: 0.000146
[2024-10-02 14:48:58,029][INFO][clas_trainer:133] - train epoch: 5 [73984/82290 (90%)], lr: ['1.00e-04', '1.00e-04'], loss: 0.000806
[2024-10-02 14:49:37,619][INFO][clas_trainer:133] - train epoch: 5 [82208/82290 (100%)], lr: ['1.00e-04', '1.00e-04'], loss: 0.002545
[2024-10-02 14:50:19,113][INFO][clas_trainer:63] - [epoch   5] execution time: 440.64s	metrics:
[2024-10-02 14:50:19,113][INFO][clas_evaluator:132] - dataset: earlystopping, avg f1-score: 0.4491
[2024-10-02 14:51:00,883][INFO][clas_trainer:133] - train epoch: 6 [8192/82290 (10%)], lr: ['1.00e-04', '1.00e-04'], loss: 0.002966
[2024-10-02 14:51:37,287][INFO][clas_trainer:133] - train epoch: 6 [16416/82290 (20%)], lr: ['1.00e-04', '1.00e-04'], loss: 0.000874
[2024-10-02 14:52:16,533][INFO][clas_trainer:133] - train epoch: 6 [24640/82290 (30%)], lr: ['1.00e-04', '1.00e-04'], loss: 0.001429
[2024-10-02 14:52:58,679][INFO][clas_trainer:133] - train epoch: 6 [32864/82290 (40%)], lr: ['1.00e-04', '1.00e-04'], loss: 0.000875
[2024-10-02 14:53:38,888][INFO][clas_trainer:133] - train epoch: 6 [41088/82290 (50%)], lr: ['1.00e-04', '1.00e-04'], loss: 0.000026
[2024-10-02 14:54:18,875][INFO][clas_trainer:133] - train epoch: 6 [49312/82290 (60%)], lr: ['1.00e-04', '1.00e-04'], loss: 0.086071
[2024-10-02 14:55:00,766][INFO][clas_trainer:133] - train epoch: 6 [57536/82290 (70%)], lr: ['1.00e-04', '1.00e-04'], loss: 0.000715
[2024-10-02 14:55:43,822][INFO][clas_trainer:133] - train epoch: 6 [65760/82290 (80%)], lr: ['1.00e-04', '1.00e-04'], loss: 0.000188
[2024-10-02 14:56:21,890][INFO][clas_trainer:133] - train epoch: 6 [73984/82290 (90%)], lr: ['1.00e-04', '1.00e-04'], loss: 0.002214
[2024-10-02 14:57:00,654][INFO][clas_trainer:133] - train epoch: 6 [82208/82290 (100%)], lr: ['1.00e-04', '1.00e-04'], loss: 0.000155
[2024-10-02 14:57:41,889][INFO][clas_trainer:63] - [epoch   6] execution time: 442.78s	metrics:
[2024-10-02 14:57:41,890][INFO][clas_evaluator:132] - dataset: earlystopping, avg f1-score: 0.5149
[2024-10-02 14:57:41,934][INFO][base_model:51] - snapshot saved to XXX/frequency-pretraining/models/exp006a-m64-base_fe_clas-2024-10-02_10-52-14-final.pth
[2024-10-02 14:58:25,716][INFO][clas_trainer:133] - train epoch: 7 [8192/82290 (10%)], lr: ['1.00e-04', '1.00e-04'], loss: 0.004523
[2024-10-02 14:59:10,042][INFO][clas_trainer:133] - train epoch: 7 [16416/82290 (20%)], lr: ['1.00e-04', '1.00e-04'], loss: 0.002498
[2024-10-02 14:59:50,885][INFO][clas_trainer:133] - train epoch: 7 [24640/82290 (30%)], lr: ['1.00e-04', '1.00e-04'], loss: 0.001060
[2024-10-02 15:00:34,302][INFO][clas_trainer:133] - train epoch: 7 [32864/82290 (40%)], lr: ['1.00e-04', '1.00e-04'], loss: 0.000385
[2024-10-02 15:01:18,118][INFO][clas_trainer:133] - train epoch: 7 [41088/82290 (50%)], lr: ['1.00e-04', '1.00e-04'], loss: 0.000378
[2024-10-02 15:02:02,227][INFO][clas_trainer:133] - train epoch: 7 [49312/82290 (60%)], lr: ['1.00e-04', '1.00e-04'], loss: 0.000119
[2024-10-02 15:02:47,899][INFO][clas_trainer:133] - train epoch: 7 [57536/82290 (70%)], lr: ['1.00e-04', '1.00e-04'], loss: 0.000065
[2024-10-02 15:03:31,661][INFO][clas_trainer:133] - train epoch: 7 [65760/82290 (80%)], lr: ['1.00e-04', '1.00e-04'], loss: 0.000747
[2024-10-02 15:04:15,650][INFO][clas_trainer:133] - train epoch: 7 [73984/82290 (90%)], lr: ['1.00e-04', '1.00e-04'], loss: 0.000673
[2024-10-02 15:04:58,313][INFO][clas_trainer:133] - train epoch: 7 [82208/82290 (100%)], lr: ['1.00e-04', '1.00e-04'], loss: 0.000557
[2024-10-02 15:05:40,119][INFO][clas_trainer:63] - [epoch   7] execution time: 478.18s	metrics:
[2024-10-02 15:05:40,120][INFO][clas_evaluator:132] - dataset: earlystopping, avg f1-score: 0.5280
[2024-10-02 15:05:40,160][INFO][base_model:51] - snapshot saved to XXX/frequency-pretraining/models/exp006a-m64-base_fe_clas-2024-10-02_10-52-14-final.pth
[2024-10-02 15:06:23,559][INFO][clas_trainer:133] - train epoch: 8 [8192/82290 (10%)], lr: ['1.00e-04', '1.00e-04'], loss: 0.000167
[2024-10-02 15:07:07,652][INFO][clas_trainer:133] - train epoch: 8 [16416/82290 (20%)], lr: ['1.00e-04', '1.00e-04'], loss: 0.000514
[2024-10-02 15:07:51,657][INFO][clas_trainer:133] - train epoch: 8 [24640/82290 (30%)], lr: ['1.00e-04', '1.00e-04'], loss: 0.000526
[2024-10-02 15:08:37,861][INFO][clas_trainer:133] - train epoch: 8 [32864/82290 (40%)], lr: ['1.00e-04', '1.00e-04'], loss: 0.000487
[2024-10-02 15:09:24,244][INFO][clas_trainer:133] - train epoch: 8 [41088/82290 (50%)], lr: ['1.00e-04', '1.00e-04'], loss: 0.000502
[2024-10-02 15:10:09,757][INFO][clas_trainer:133] - train epoch: 8 [49312/82290 (60%)], lr: ['1.00e-04', '1.00e-04'], loss: 0.000647
[2024-10-02 15:10:54,806][INFO][clas_trainer:133] - train epoch: 8 [57536/82290 (70%)], lr: ['1.00e-04', '1.00e-04'], loss: 0.000392
[2024-10-02 15:11:38,812][INFO][clas_trainer:133] - train epoch: 8 [65760/82290 (80%)], lr: ['1.00e-04', '1.00e-04'], loss: 0.003897
[2024-10-02 15:12:20,745][INFO][clas_trainer:133] - train epoch: 8 [73984/82290 (90%)], lr: ['1.00e-04', '1.00e-04'], loss: 0.003902
[2024-10-02 15:13:01,728][INFO][clas_trainer:133] - train epoch: 8 [82208/82290 (100%)], lr: ['1.00e-04', '1.00e-04'], loss: 0.000246
[2024-10-02 15:13:39,494][INFO][clas_trainer:63] - [epoch   8] execution time: 479.33s	metrics:
[2024-10-02 15:13:39,494][INFO][clas_evaluator:132] - dataset: earlystopping, avg f1-score: 0.5205
[2024-10-02 15:14:19,005][INFO][clas_trainer:133] - train epoch: 9 [8192/82290 (10%)], lr: ['1.00e-04', '1.00e-04'], loss: 0.000309
[2024-10-02 15:15:00,767][INFO][clas_trainer:133] - train epoch: 9 [16416/82290 (20%)], lr: ['1.00e-04', '1.00e-04'], loss: 0.000932
[2024-10-02 15:15:39,802][INFO][clas_trainer:133] - train epoch: 9 [24640/82290 (30%)], lr: ['1.00e-04', '1.00e-04'], loss: 0.007704
[2024-10-02 15:16:20,008][INFO][clas_trainer:133] - train epoch: 9 [32864/82290 (40%)], lr: ['1.00e-04', '1.00e-04'], loss: 0.000650
[2024-10-02 15:16:59,906][INFO][clas_trainer:133] - train epoch: 9 [41088/82290 (50%)], lr: ['1.00e-04', '1.00e-04'], loss: 0.000658
[2024-10-02 15:17:38,790][INFO][clas_trainer:133] - train epoch: 9 [49312/82290 (60%)], lr: ['1.00e-04', '1.00e-04'], loss: 0.002290
[2024-10-02 15:18:16,060][INFO][clas_trainer:133] - train epoch: 9 [57536/82290 (70%)], lr: ['1.00e-04', '1.00e-04'], loss: 0.000453
[2024-10-02 15:18:54,698][INFO][clas_trainer:133] - train epoch: 9 [65760/82290 (80%)], lr: ['1.00e-04', '1.00e-04'], loss: 0.001308
[2024-10-02 15:19:32,540][INFO][clas_trainer:133] - train epoch: 9 [73984/82290 (90%)], lr: ['1.00e-04', '1.00e-04'], loss: 0.000583
[2024-10-02 15:20:09,072][INFO][clas_trainer:133] - train epoch: 9 [82208/82290 (100%)], lr: ['1.00e-04', '1.00e-04'], loss: 0.133437
[2024-10-02 15:20:48,054][INFO][clas_trainer:63] - [epoch   9] execution time: 428.56s	metrics:
[2024-10-02 15:20:48,056][INFO][clas_evaluator:132] - dataset: earlystopping, avg f1-score: 0.4754
[2024-10-02 15:21:27,933][INFO][clas_trainer:133] - train epoch: 10 [8192/82290 (10%)], lr: ['1.00e-04', '1.00e-04'], loss: 0.000835
[2024-10-02 15:22:09,263][INFO][clas_trainer:133] - train epoch: 10 [16416/82290 (20%)], lr: ['1.00e-04', '1.00e-04'], loss: 0.024361
[2024-10-02 15:22:50,302][INFO][clas_trainer:133] - train epoch: 10 [24640/82290 (30%)], lr: ['1.00e-04', '1.00e-04'], loss: 0.000670
[2024-10-02 15:23:32,263][INFO][clas_trainer:133] - train epoch: 10 [32864/82290 (40%)], lr: ['1.00e-04', '1.00e-04'], loss: 0.001281
[2024-10-02 15:24:13,552][INFO][clas_trainer:133] - train epoch: 10 [41088/82290 (50%)], lr: ['1.00e-04', '1.00e-04'], loss: 0.000423
[2024-10-02 15:24:57,327][INFO][clas_trainer:133] - train epoch: 10 [49312/82290 (60%)], lr: ['1.00e-04', '1.00e-04'], loss: 0.000308
[2024-10-02 15:25:39,969][INFO][clas_trainer:133] - train epoch: 10 [57536/82290 (70%)], lr: ['1.00e-04', '1.00e-04'], loss: 0.001055
[2024-10-02 15:26:23,612][INFO][clas_trainer:133] - train epoch: 10 [65760/82290 (80%)], lr: ['1.00e-04', '1.00e-04'], loss: 0.001238
[2024-10-02 15:27:05,671][INFO][clas_trainer:133] - train epoch: 10 [73984/82290 (90%)], lr: ['1.00e-04', '1.00e-04'], loss: 0.000383
[2024-10-02 15:27:48,460][INFO][clas_trainer:133] - train epoch: 10 [82208/82290 (100%)], lr: ['1.00e-04', '1.00e-04'], loss: 0.000252
[2024-10-02 15:28:32,286][INFO][clas_trainer:63] - [epoch  10] execution time: 464.23s	metrics:
[2024-10-02 15:28:32,287][INFO][clas_evaluator:132] - dataset: earlystopping, avg f1-score: 0.5371
[2024-10-02 15:28:32,357][INFO][base_model:51] - snapshot saved to XXX/frequency-pretraining/models/exp006a-m64-base_fe_clas-2024-10-02_10-52-14-final.pth
[2024-10-02 15:29:22,059][INFO][clas_trainer:133] - train epoch: 11 [8192/82290 (10%)], lr: ['1.00e-04', '1.00e-04'], loss: 0.000240
[2024-10-02 15:30:04,958][INFO][clas_trainer:133] - train epoch: 11 [16416/82290 (20%)], lr: ['1.00e-04', '1.00e-04'], loss: 0.000502
[2024-10-02 15:30:51,324][INFO][clas_trainer:133] - train epoch: 11 [24640/82290 (30%)], lr: ['1.00e-04', '1.00e-04'], loss: 0.000729
[2024-10-02 15:31:36,260][INFO][clas_trainer:133] - train epoch: 11 [32864/82290 (40%)], lr: ['1.00e-04', '1.00e-04'], loss: 0.000349
[2024-10-02 15:32:20,758][INFO][clas_trainer:133] - train epoch: 11 [41088/82290 (50%)], lr: ['1.00e-04', '1.00e-04'], loss: 0.000505
[2024-10-02 15:33:03,699][INFO][clas_trainer:133] - train epoch: 11 [49312/82290 (60%)], lr: ['1.00e-04', '1.00e-04'], loss: 0.000327
[2024-10-02 15:33:48,466][INFO][clas_trainer:133] - train epoch: 11 [57536/82290 (70%)], lr: ['1.00e-04', '1.00e-04'], loss: 0.001027
[2024-10-02 15:34:30,414][INFO][clas_trainer:133] - train epoch: 11 [65760/82290 (80%)], lr: ['1.00e-04', '1.00e-04'], loss: 0.000965
[2024-10-02 15:35:12,532][INFO][clas_trainer:133] - train epoch: 11 [73984/82290 (90%)], lr: ['1.00e-04', '1.00e-04'], loss: 0.000519
[2024-10-02 15:35:55,963][INFO][clas_trainer:133] - train epoch: 11 [82208/82290 (100%)], lr: ['1.00e-04', '1.00e-04'], loss: 0.000444
[2024-10-02 15:36:40,306][INFO][clas_trainer:63] - [epoch  11] execution time: 487.95s	metrics:
[2024-10-02 15:36:40,307][INFO][clas_evaluator:132] - dataset: earlystopping, avg f1-score: 0.5269
[2024-10-02 15:37:25,455][INFO][clas_trainer:133] - train epoch: 12 [8192/82290 (10%)], lr: ['1.00e-04', '1.00e-04'], loss: 0.001541
[2024-10-02 15:38:08,148][INFO][clas_trainer:133] - train epoch: 12 [16416/82290 (20%)], lr: ['1.00e-04', '1.00e-04'], loss: 0.001904
[2024-10-02 15:38:51,748][INFO][clas_trainer:133] - train epoch: 12 [24640/82290 (30%)], lr: ['1.00e-04', '1.00e-04'], loss: 0.000292
[2024-10-02 15:39:35,457][INFO][clas_trainer:133] - train epoch: 12 [32864/82290 (40%)], lr: ['1.00e-04', '1.00e-04'], loss: 0.001157
[2024-10-02 15:40:18,048][INFO][clas_trainer:133] - train epoch: 12 [41088/82290 (50%)], lr: ['1.00e-04', '1.00e-04'], loss: 0.001118
[2024-10-02 15:41:01,388][INFO][clas_trainer:133] - train epoch: 12 [49312/82290 (60%)], lr: ['1.00e-04', '1.00e-04'], loss: 0.000785
[2024-10-02 15:41:42,124][INFO][clas_trainer:133] - train epoch: 12 [57536/82290 (70%)], lr: ['1.00e-04', '1.00e-04'], loss: 0.000629
[2024-10-02 15:42:23,584][INFO][clas_trainer:133] - train epoch: 12 [65760/82290 (80%)], lr: ['1.00e-04', '1.00e-04'], loss: 0.000742
[2024-10-02 15:43:07,348][INFO][clas_trainer:133] - train epoch: 12 [73984/82290 (90%)], lr: ['1.00e-04', '1.00e-04'], loss: 0.001196
[2024-10-02 15:43:48,790][INFO][clas_trainer:133] - train epoch: 12 [82208/82290 (100%)], lr: ['1.00e-04', '1.00e-04'], loss: 0.008634
[2024-10-02 15:44:31,286][INFO][clas_trainer:63] - [epoch  12] execution time: 470.98s	metrics:
[2024-10-02 15:44:31,287][INFO][clas_evaluator:132] - dataset: earlystopping, avg f1-score: 0.5887
[2024-10-02 15:44:31,329][INFO][base_model:51] - snapshot saved to XXX/frequency-pretraining/models/exp006a-m64-base_fe_clas-2024-10-02_10-52-14-final.pth
[2024-10-02 15:45:13,669][INFO][clas_trainer:133] - train epoch: 13 [8192/82290 (10%)], lr: ['1.00e-04', '1.00e-04'], loss: 0.002468
[2024-10-02 15:45:55,934][INFO][clas_trainer:133] - train epoch: 13 [16416/82290 (20%)], lr: ['1.00e-04', '1.00e-04'], loss: 0.000534
[2024-10-02 15:46:39,002][INFO][clas_trainer:133] - train epoch: 13 [24640/82290 (30%)], lr: ['1.00e-04', '1.00e-04'], loss: 0.002628
[2024-10-02 15:47:19,685][INFO][clas_trainer:133] - train epoch: 13 [32864/82290 (40%)], lr: ['1.00e-04', '1.00e-04'], loss: 0.000762
[2024-10-02 15:48:05,388][INFO][clas_trainer:133] - train epoch: 13 [41088/82290 (50%)], lr: ['1.00e-04', '1.00e-04'], loss: 0.001572
[2024-10-02 15:48:51,847][INFO][clas_trainer:133] - train epoch: 13 [49312/82290 (60%)], lr: ['1.00e-04', '1.00e-04'], loss: 0.000417
[2024-10-02 15:49:35,680][INFO][clas_trainer:133] - train epoch: 13 [57536/82290 (70%)], lr: ['1.00e-04', '1.00e-04'], loss: 0.001506
[2024-10-02 15:50:20,556][INFO][clas_trainer:133] - train epoch: 13 [65760/82290 (80%)], lr: ['1.00e-04', '1.00e-04'], loss: 0.000589
[2024-10-02 15:51:02,901][INFO][clas_trainer:133] - train epoch: 13 [73984/82290 (90%)], lr: ['1.00e-04', '1.00e-04'], loss: 0.001432
[2024-10-02 15:51:45,257][INFO][clas_trainer:133] - train epoch: 13 [82208/82290 (100%)], lr: ['1.00e-04', '1.00e-04'], loss: 0.000632
[2024-10-02 15:52:29,553][INFO][clas_trainer:63] - [epoch  13] execution time: 478.22s	metrics:
[2024-10-02 15:52:29,554][INFO][clas_evaluator:132] - dataset: earlystopping, avg f1-score: 0.5780
[2024-10-02 15:53:13,834][INFO][clas_trainer:133] - train epoch: 14 [8192/82290 (10%)], lr: ['1.00e-04', '1.00e-04'], loss: 0.000470
[2024-10-02 15:53:54,425][INFO][clas_trainer:133] - train epoch: 14 [16416/82290 (20%)], lr: ['1.00e-04', '1.00e-04'], loss: 0.000620
[2024-10-02 15:54:36,860][INFO][clas_trainer:133] - train epoch: 14 [24640/82290 (30%)], lr: ['1.00e-04', '1.00e-04'], loss: 0.000639
[2024-10-02 15:55:19,816][INFO][clas_trainer:133] - train epoch: 14 [32864/82290 (40%)], lr: ['1.00e-04', '1.00e-04'], loss: 0.000737
[2024-10-02 15:56:02,464][INFO][clas_trainer:133] - train epoch: 14 [41088/82290 (50%)], lr: ['1.00e-04', '1.00e-04'], loss: 0.003306
[2024-10-02 15:56:44,104][INFO][clas_trainer:133] - train epoch: 14 [49312/82290 (60%)], lr: ['1.00e-04', '1.00e-04'], loss: 0.001191
[2024-10-02 15:57:27,795][INFO][clas_trainer:133] - train epoch: 14 [57536/82290 (70%)], lr: ['1.00e-04', '1.00e-04'], loss: 0.000484
[2024-10-02 15:58:09,215][INFO][clas_trainer:133] - train epoch: 14 [65760/82290 (80%)], lr: ['1.00e-04', '1.00e-04'], loss: 0.001068
[2024-10-02 15:58:50,758][INFO][clas_trainer:133] - train epoch: 14 [73984/82290 (90%)], lr: ['1.00e-04', '1.00e-04'], loss: 0.000619
[2024-10-02 15:59:36,213][INFO][clas_trainer:133] - train epoch: 14 [82208/82290 (100%)], lr: ['1.00e-04', '1.00e-04'], loss: 0.000875
[2024-10-02 16:00:17,163][INFO][clas_trainer:63] - [epoch  14] execution time: 467.61s	metrics:
[2024-10-02 16:00:17,164][INFO][clas_evaluator:132] - dataset: earlystopping, avg f1-score: 0.5778
[2024-10-02 16:01:00,413][INFO][clas_trainer:133] - train epoch: 15 [8192/82290 (10%)], lr: ['1.00e-04', '1.00e-04'], loss: 0.002598
[2024-10-02 16:01:43,445][INFO][clas_trainer:133] - train epoch: 15 [16416/82290 (20%)], lr: ['1.00e-04', '1.00e-04'], loss: 0.000774
[2024-10-02 16:02:27,081][INFO][clas_trainer:133] - train epoch: 15 [24640/82290 (30%)], lr: ['1.00e-04', '1.00e-04'], loss: 0.000560
[2024-10-02 16:03:10,342][INFO][clas_trainer:133] - train epoch: 15 [32864/82290 (40%)], lr: ['1.00e-04', '1.00e-04'], loss: 0.001642
[2024-10-02 16:03:53,425][INFO][clas_trainer:133] - train epoch: 15 [41088/82290 (50%)], lr: ['1.00e-04', '1.00e-04'], loss: 0.000976
[2024-10-02 16:04:35,907][INFO][clas_trainer:133] - train epoch: 15 [49312/82290 (60%)], lr: ['1.00e-04', '1.00e-04'], loss: 0.000631
[2024-10-02 16:05:16,629][INFO][clas_trainer:133] - train epoch: 15 [57536/82290 (70%)], lr: ['1.00e-04', '1.00e-04'], loss: 0.001216
[2024-10-02 16:06:00,197][INFO][clas_trainer:133] - train epoch: 15 [65760/82290 (80%)], lr: ['1.00e-04', '1.00e-04'], loss: 0.001154
[2024-10-02 16:06:43,216][INFO][clas_trainer:133] - train epoch: 15 [73984/82290 (90%)], lr: ['1.00e-04', '1.00e-04'], loss: 0.000551
[2024-10-02 16:07:24,814][INFO][clas_trainer:133] - train epoch: 15 [82208/82290 (100%)], lr: ['1.00e-04', '1.00e-04'], loss: 0.000602
[2024-10-02 16:08:06,534][INFO][clas_trainer:63] - [epoch  15] execution time: 469.37s	metrics:
[2024-10-02 16:08:06,534][INFO][clas_evaluator:132] - dataset: earlystopping, avg f1-score: 0.5632
[2024-10-02 16:08:50,091][INFO][clas_trainer:133] - train epoch: 16 [8192/82290 (10%)], lr: ['1.00e-04', '1.00e-04'], loss: 0.000536
[2024-10-02 16:09:34,919][INFO][clas_trainer:133] - train epoch: 16 [16416/82290 (20%)], lr: ['1.00e-04', '1.00e-04'], loss: 0.001100
[2024-10-02 16:10:15,538][INFO][clas_trainer:133] - train epoch: 16 [24640/82290 (30%)], lr: ['1.00e-04', '1.00e-04'], loss: 0.001143
[2024-10-02 16:10:56,175][INFO][clas_trainer:133] - train epoch: 16 [32864/82290 (40%)], lr: ['1.00e-04', '1.00e-04'], loss: 0.000524
[2024-10-02 16:11:38,360][INFO][clas_trainer:133] - train epoch: 16 [41088/82290 (50%)], lr: ['1.00e-04', '1.00e-04'], loss: 0.000545
[2024-10-02 16:12:20,697][INFO][clas_trainer:133] - train epoch: 16 [49312/82290 (60%)], lr: ['1.00e-04', '1.00e-04'], loss: 0.000572
[2024-10-02 16:13:01,732][INFO][clas_trainer:133] - train epoch: 16 [57536/82290 (70%)], lr: ['1.00e-04', '1.00e-04'], loss: 0.000795
[2024-10-02 16:13:41,885][INFO][clas_trainer:133] - train epoch: 16 [65760/82290 (80%)], lr: ['1.00e-04', '1.00e-04'], loss: 0.000712
[2024-10-02 16:14:23,428][INFO][clas_trainer:133] - train epoch: 16 [73984/82290 (90%)], lr: ['1.00e-04', '1.00e-04'], loss: 0.005152
[2024-10-02 16:15:07,157][INFO][clas_trainer:133] - train epoch: 16 [82208/82290 (100%)], lr: ['1.00e-04', '1.00e-04'], loss: 0.001080
[2024-10-02 16:15:48,424][INFO][clas_trainer:63] - [epoch  16] execution time: 461.89s	metrics:
[2024-10-02 16:15:48,425][INFO][clas_evaluator:132] - dataset: earlystopping, avg f1-score: 0.6009
[2024-10-02 16:15:48,465][INFO][base_model:51] - snapshot saved to XXX/frequency-pretraining/models/exp006a-m64-base_fe_clas-2024-10-02_10-52-14-final.pth
[2024-10-02 16:16:30,790][INFO][clas_trainer:133] - train epoch: 17 [8192/82290 (10%)], lr: ['1.00e-04', '1.00e-04'], loss: 0.001015
[2024-10-02 16:17:12,703][INFO][clas_trainer:133] - train epoch: 17 [16416/82290 (20%)], lr: ['1.00e-04', '1.00e-04'], loss: 0.001197
[2024-10-02 16:17:56,174][INFO][clas_trainer:133] - train epoch: 17 [24640/82290 (30%)], lr: ['1.00e-04', '1.00e-04'], loss: 0.001721
[2024-10-02 16:18:38,376][INFO][clas_trainer:133] - train epoch: 17 [32864/82290 (40%)], lr: ['1.00e-04', '1.00e-04'], loss: 0.000819
[2024-10-02 16:19:20,814][INFO][clas_trainer:133] - train epoch: 17 [41088/82290 (50%)], lr: ['1.00e-04', '1.00e-04'], loss: 0.001681
[2024-10-02 16:20:05,169][INFO][clas_trainer:133] - train epoch: 17 [49312/82290 (60%)], lr: ['1.00e-04', '1.00e-04'], loss: 0.001056
[2024-10-02 16:20:47,571][INFO][clas_trainer:133] - train epoch: 17 [57536/82290 (70%)], lr: ['1.00e-04', '1.00e-04'], loss: 0.001044
[2024-10-02 16:21:28,393][INFO][clas_trainer:133] - train epoch: 17 [65760/82290 (80%)], lr: ['1.00e-04', '1.00e-04'], loss: 0.000891
[2024-10-02 16:22:10,315][INFO][clas_trainer:133] - train epoch: 17 [73984/82290 (90%)], lr: ['1.00e-04', '1.00e-04'], loss: 0.000921
[2024-10-02 16:22:53,490][INFO][clas_trainer:133] - train epoch: 17 [82208/82290 (100%)], lr: ['1.00e-04', '1.00e-04'], loss: 0.001116
[2024-10-02 16:23:33,141][INFO][clas_trainer:63] - [epoch  17] execution time: 464.67s	metrics:
[2024-10-02 16:23:33,142][INFO][clas_evaluator:132] - dataset: earlystopping, avg f1-score: 0.5855
[2024-10-02 16:24:14,271][INFO][clas_trainer:133] - train epoch: 18 [8192/82290 (10%)], lr: ['1.00e-04', '1.00e-04'], loss: 0.001217
[2024-10-02 16:24:55,565][INFO][clas_trainer:133] - train epoch: 18 [16416/82290 (20%)], lr: ['1.00e-04', '1.00e-04'], loss: 0.000487
[2024-10-02 16:25:37,313][INFO][clas_trainer:133] - train epoch: 18 [24640/82290 (30%)], lr: ['1.00e-04', '1.00e-04'], loss: 0.022771
[2024-10-02 16:26:22,303][INFO][clas_trainer:133] - train epoch: 18 [32864/82290 (40%)], lr: ['1.00e-04', '1.00e-04'], loss: 0.000549
[2024-10-02 16:27:05,936][INFO][clas_trainer:133] - train epoch: 18 [41088/82290 (50%)], lr: ['1.00e-04', '1.00e-04'], loss: 0.000406
[2024-10-02 16:27:48,868][INFO][clas_trainer:133] - train epoch: 18 [49312/82290 (60%)], lr: ['1.00e-04', '1.00e-04'], loss: 0.000473
[2024-10-02 16:28:29,964][INFO][clas_trainer:133] - train epoch: 18 [57536/82290 (70%)], lr: ['1.00e-04', '1.00e-04'], loss: 0.000821
[2024-10-02 16:29:11,930][INFO][clas_trainer:133] - train epoch: 18 [65760/82290 (80%)], lr: ['1.00e-04', '1.00e-04'], loss: 0.001523
[2024-10-02 16:29:53,050][INFO][clas_trainer:133] - train epoch: 18 [73984/82290 (90%)], lr: ['1.00e-04', '1.00e-04'], loss: 0.004063
[2024-10-02 16:30:33,346][INFO][clas_trainer:133] - train epoch: 18 [82208/82290 (100%)], lr: ['1.00e-04', '1.00e-04'], loss: 0.000820
[2024-10-02 16:31:14,483][INFO][clas_trainer:63] - [epoch  18] execution time: 461.34s	metrics:
[2024-10-02 16:31:14,484][INFO][clas_evaluator:132] - dataset: earlystopping, avg f1-score: 0.6147
[2024-10-02 16:31:14,523][INFO][base_model:51] - snapshot saved to XXX/frequency-pretraining/models/exp006a-m64-base_fe_clas-2024-10-02_10-52-14-final.pth
[2024-10-02 16:32:00,610][INFO][clas_trainer:133] - train epoch: 19 [8192/82290 (10%)], lr: ['1.00e-04', '1.00e-04'], loss: 0.000597
[2024-10-02 16:32:42,590][INFO][clas_trainer:133] - train epoch: 19 [16416/82290 (20%)], lr: ['1.00e-04', '1.00e-04'], loss: 0.000853
[2024-10-02 16:33:24,201][INFO][clas_trainer:133] - train epoch: 19 [24640/82290 (30%)], lr: ['1.00e-04', '1.00e-04'], loss: 0.001131
[2024-10-02 16:34:06,508][INFO][clas_trainer:133] - train epoch: 19 [32864/82290 (40%)], lr: ['1.00e-04', '1.00e-04'], loss: 0.000711
[2024-10-02 16:34:47,303][INFO][clas_trainer:133] - train epoch: 19 [41088/82290 (50%)], lr: ['1.00e-04', '1.00e-04'], loss: 0.000840
[2024-10-02 16:35:29,270][INFO][clas_trainer:133] - train epoch: 19 [49312/82290 (60%)], lr: ['1.00e-04', '1.00e-04'], loss: 0.000994
[2024-10-02 16:36:10,058][INFO][clas_trainer:133] - train epoch: 19 [57536/82290 (70%)], lr: ['1.00e-04', '1.00e-04'], loss: 0.000598
[2024-10-02 16:36:51,863][INFO][clas_trainer:133] - train epoch: 19 [65760/82290 (80%)], lr: ['1.00e-04', '1.00e-04'], loss: 0.000709
[2024-10-02 16:37:33,544][INFO][clas_trainer:133] - train epoch: 19 [73984/82290 (90%)], lr: ['1.00e-04', '1.00e-04'], loss: 0.000796
[2024-10-02 16:38:15,483][INFO][clas_trainer:133] - train epoch: 19 [82208/82290 (100%)], lr: ['1.00e-04', '1.00e-04'], loss: 0.000767
[2024-10-02 16:38:57,628][INFO][clas_trainer:63] - [epoch  19] execution time: 463.11s	metrics:
[2024-10-02 16:38:57,629][INFO][clas_evaluator:132] - dataset: earlystopping, avg f1-score: 0.5957
[2024-10-02 16:39:40,915][INFO][clas_trainer:133] - train epoch: 20 [8192/82290 (10%)], lr: ['1.00e-04', '1.00e-04'], loss: 0.000891
[2024-10-02 16:40:21,751][INFO][clas_trainer:133] - train epoch: 20 [16416/82290 (20%)], lr: ['1.00e-04', '1.00e-04'], loss: 0.000472
[2024-10-02 16:41:04,806][INFO][clas_trainer:133] - train epoch: 20 [24640/82290 (30%)], lr: ['1.00e-04', '1.00e-04'], loss: 0.000914
[2024-10-02 16:41:46,541][INFO][clas_trainer:133] - train epoch: 20 [32864/82290 (40%)], lr: ['1.00e-04', '1.00e-04'], loss: 0.000658
[2024-10-02 16:42:29,364][INFO][clas_trainer:133] - train epoch: 20 [41088/82290 (50%)], lr: ['1.00e-04', '1.00e-04'], loss: 0.000885
[2024-10-02 16:43:10,014][INFO][clas_trainer:133] - train epoch: 20 [49312/82290 (60%)], lr: ['1.00e-04', '1.00e-04'], loss: 0.002613
[2024-10-02 16:43:55,337][INFO][clas_trainer:133] - train epoch: 20 [57536/82290 (70%)], lr: ['1.00e-04', '1.00e-04'], loss: 0.000689
[2024-10-02 16:44:38,433][INFO][clas_trainer:133] - train epoch: 20 [65760/82290 (80%)], lr: ['1.00e-04', '1.00e-04'], loss: 0.000918
[2024-10-02 16:45:23,779][INFO][clas_trainer:133] - train epoch: 20 [73984/82290 (90%)], lr: ['1.00e-04', '1.00e-04'], loss: 0.000504
[2024-10-02 16:46:05,648][INFO][clas_trainer:133] - train epoch: 20 [82208/82290 (100%)], lr: ['1.00e-04', '1.00e-04'], loss: 0.000783
[2024-10-02 16:46:47,030][INFO][clas_trainer:63] - [epoch  20] execution time: 469.40s	metrics:
[2024-10-02 16:46:47,031][INFO][clas_evaluator:132] - dataset: earlystopping, avg f1-score: 0.6341
[2024-10-02 16:46:47,074][INFO][base_model:51] - snapshot saved to XXX/frequency-pretraining/models/exp006a-m64-base_fe_clas-2024-10-02_10-52-14-final.pth
[2024-10-02 16:47:29,479][INFO][clas_trainer:133] - train epoch: 21 [8192/82290 (10%)], lr: ['1.00e-04', '1.00e-04'], loss: 0.000738
[2024-10-02 16:48:13,419][INFO][clas_trainer:133] - train epoch: 21 [16416/82290 (20%)], lr: ['1.00e-04', '1.00e-04'], loss: 0.000363
[2024-10-02 16:48:54,612][INFO][clas_trainer:133] - train epoch: 21 [24640/82290 (30%)], lr: ['1.00e-04', '1.00e-04'], loss: 0.001055
[2024-10-02 16:49:38,890][INFO][clas_trainer:133] - train epoch: 21 [32864/82290 (40%)], lr: ['1.00e-04', '1.00e-04'], loss: 0.000619
[2024-10-02 16:50:24,067][INFO][clas_trainer:133] - train epoch: 21 [41088/82290 (50%)], lr: ['1.00e-04', '1.00e-04'], loss: 0.000733
[2024-10-02 16:51:06,549][INFO][clas_trainer:133] - train epoch: 21 [49312/82290 (60%)], lr: ['1.00e-04', '1.00e-04'], loss: 0.000547
[2024-10-02 16:51:47,327][INFO][clas_trainer:133] - train epoch: 21 [57536/82290 (70%)], lr: ['1.00e-04', '1.00e-04'], loss: 0.000609
[2024-10-02 16:52:31,134][INFO][clas_trainer:133] - train epoch: 21 [65760/82290 (80%)], lr: ['1.00e-04', '1.00e-04'], loss: 0.000712
[2024-10-02 16:53:15,897][INFO][clas_trainer:133] - train epoch: 21 [73984/82290 (90%)], lr: ['1.00e-04', '1.00e-04'], loss: 0.000510
[2024-10-02 16:53:58,685][INFO][clas_trainer:133] - train epoch: 21 [82208/82290 (100%)], lr: ['1.00e-04', '1.00e-04'], loss: 0.000832
[2024-10-02 16:54:39,940][INFO][clas_trainer:63] - [epoch  21] execution time: 472.87s	metrics:
[2024-10-02 16:54:39,941][INFO][clas_evaluator:132] - dataset: earlystopping, avg f1-score: 0.6157
[2024-10-02 16:55:25,060][INFO][clas_trainer:133] - train epoch: 22 [8192/82290 (10%)], lr: ['1.00e-04', '1.00e-04'], loss: 0.000907
[2024-10-02 16:56:06,805][INFO][clas_trainer:133] - train epoch: 22 [16416/82290 (20%)], lr: ['1.00e-04', '1.00e-04'], loss: 0.000581
[2024-10-02 16:56:48,598][INFO][clas_trainer:133] - train epoch: 22 [24640/82290 (30%)], lr: ['1.00e-04', '1.00e-04'], loss: 0.001051
[2024-10-02 16:57:29,748][INFO][clas_trainer:133] - train epoch: 22 [32864/82290 (40%)], lr: ['1.00e-04', '1.00e-04'], loss: 0.002569
[2024-10-02 16:58:12,426][INFO][clas_trainer:133] - train epoch: 22 [41088/82290 (50%)], lr: ['1.00e-04', '1.00e-04'], loss: 0.001805
[2024-10-02 16:58:54,084][INFO][clas_trainer:133] - train epoch: 22 [49312/82290 (60%)], lr: ['1.00e-04', '1.00e-04'], loss: 0.000517
[2024-10-02 16:59:37,597][INFO][clas_trainer:133] - train epoch: 22 [57536/82290 (70%)], lr: ['1.00e-04', '1.00e-04'], loss: 0.002354
[2024-10-02 17:00:19,580][INFO][clas_trainer:133] - train epoch: 22 [65760/82290 (80%)], lr: ['1.00e-04', '1.00e-04'], loss: 0.000595
[2024-10-02 17:01:00,825][INFO][clas_trainer:133] - train epoch: 22 [73984/82290 (90%)], lr: ['1.00e-04', '1.00e-04'], loss: 0.000823
[2024-10-02 17:01:41,947][INFO][clas_trainer:133] - train epoch: 22 [82208/82290 (100%)], lr: ['1.00e-04', '1.00e-04'], loss: 0.000770
[2024-10-02 17:02:24,539][INFO][clas_trainer:63] - [epoch  22] execution time: 464.60s	metrics:
[2024-10-02 17:02:24,540][INFO][clas_evaluator:132] - dataset: earlystopping, avg f1-score: 0.6375
[2024-10-02 17:02:24,586][INFO][base_model:51] - snapshot saved to XXX/frequency-pretraining/models/exp006a-m64-base_fe_clas-2024-10-02_10-52-14-final.pth
[2024-10-02 17:03:08,798][INFO][clas_trainer:133] - train epoch: 23 [8192/82290 (10%)], lr: ['1.00e-04', '1.00e-04'], loss: 0.000642
[2024-10-02 17:03:51,764][INFO][clas_trainer:133] - train epoch: 23 [16416/82290 (20%)], lr: ['1.00e-04', '1.00e-04'], loss: 0.000587
[2024-10-02 17:04:33,152][INFO][clas_trainer:133] - train epoch: 23 [24640/82290 (30%)], lr: ['1.00e-04', '1.00e-04'], loss: 0.001288
[2024-10-02 17:05:16,800][INFO][clas_trainer:133] - train epoch: 23 [32864/82290 (40%)], lr: ['1.00e-04', '1.00e-04'], loss: 0.000378
[2024-10-02 17:05:58,319][INFO][clas_trainer:133] - train epoch: 23 [41088/82290 (50%)], lr: ['1.00e-04', '1.00e-04'], loss: 0.001258
[2024-10-02 17:06:39,284][INFO][clas_trainer:133] - train epoch: 23 [49312/82290 (60%)], lr: ['1.00e-04', '1.00e-04'], loss: 0.000706
[2024-10-02 17:07:22,793][INFO][clas_trainer:133] - train epoch: 23 [57536/82290 (70%)], lr: ['1.00e-04', '1.00e-04'], loss: 0.000596
[2024-10-02 17:08:07,849][INFO][clas_trainer:133] - train epoch: 23 [65760/82290 (80%)], lr: ['1.00e-04', '1.00e-04'], loss: 0.000594
[2024-10-02 17:08:47,584][INFO][clas_trainer:133] - train epoch: 23 [73984/82290 (90%)], lr: ['1.00e-04', '1.00e-04'], loss: 0.001270
[2024-10-02 17:09:29,237][INFO][clas_trainer:133] - train epoch: 23 [82208/82290 (100%)], lr: ['1.00e-04', '1.00e-04'], loss: 0.003741
[2024-10-02 17:10:11,334][INFO][clas_trainer:63] - [epoch  23] execution time: 466.75s	metrics:
[2024-10-02 17:10:11,336][INFO][clas_evaluator:132] - dataset: earlystopping, avg f1-score: 0.5900
[2024-10-02 17:10:55,627][INFO][clas_trainer:133] - train epoch: 24 [8192/82290 (10%)], lr: ['1.00e-04', '1.00e-04'], loss: 0.000840
[2024-10-02 17:11:38,873][INFO][clas_trainer:133] - train epoch: 24 [16416/82290 (20%)], lr: ['1.00e-04', '1.00e-04'], loss: 0.000961
[2024-10-02 17:12:21,555][INFO][clas_trainer:133] - train epoch: 24 [24640/82290 (30%)], lr: ['1.00e-04', '1.00e-04'], loss: 0.000561
[2024-10-02 17:13:03,591][INFO][clas_trainer:133] - train epoch: 24 [32864/82290 (40%)], lr: ['1.00e-04', '1.00e-04'], loss: 0.000357
[2024-10-02 17:13:46,818][INFO][clas_trainer:133] - train epoch: 24 [41088/82290 (50%)], lr: ['1.00e-04', '1.00e-04'], loss: 0.001590
[2024-10-02 17:14:29,542][INFO][clas_trainer:133] - train epoch: 24 [49312/82290 (60%)], lr: ['1.00e-04', '1.00e-04'], loss: 0.000695
[2024-10-02 17:15:11,888][INFO][clas_trainer:133] - train epoch: 24 [57536/82290 (70%)], lr: ['1.00e-04', '1.00e-04'], loss: 0.000855
[2024-10-02 17:15:58,564][INFO][clas_trainer:133] - train epoch: 24 [65760/82290 (80%)], lr: ['1.00e-04', '1.00e-04'], loss: 0.002121
[2024-10-02 17:16:41,703][INFO][clas_trainer:133] - train epoch: 24 [73984/82290 (90%)], lr: ['1.00e-04', '1.00e-04'], loss: 0.000393
[2024-10-02 17:17:22,776][INFO][clas_trainer:133] - train epoch: 24 [82208/82290 (100%)], lr: ['1.00e-04', '1.00e-04'], loss: 0.000546
[2024-10-02 17:18:03,347][INFO][clas_trainer:63] - [epoch  24] execution time: 472.01s	metrics:
[2024-10-02 17:18:03,348][INFO][clas_evaluator:132] - dataset: earlystopping, avg f1-score: 0.6209
[2024-10-02 17:18:46,743][INFO][clas_trainer:133] - train epoch: 25 [8192/82290 (10%)], lr: ['1.00e-04', '1.00e-04'], loss: 0.001002
[2024-10-02 17:19:30,452][INFO][clas_trainer:133] - train epoch: 25 [16416/82290 (20%)], lr: ['1.00e-04', '1.00e-04'], loss: 0.000478
[2024-10-02 17:20:10,594][INFO][clas_trainer:133] - train epoch: 25 [24640/82290 (30%)], lr: ['1.00e-04', '1.00e-04'], loss: 0.001501
[2024-10-02 17:20:53,187][INFO][clas_trainer:133] - train epoch: 25 [32864/82290 (40%)], lr: ['1.00e-04', '1.00e-04'], loss: 0.000306
[2024-10-02 17:21:34,658][INFO][clas_trainer:133] - train epoch: 25 [41088/82290 (50%)], lr: ['1.00e-04', '1.00e-04'], loss: 0.000304
[2024-10-02 17:22:18,359][INFO][clas_trainer:133] - train epoch: 25 [49312/82290 (60%)], lr: ['1.00e-04', '1.00e-04'], loss: 0.000768
[2024-10-02 17:23:01,446][INFO][clas_trainer:133] - train epoch: 25 [57536/82290 (70%)], lr: ['1.00e-04', '1.00e-04'], loss: 0.001636
[2024-10-02 17:23:49,995][INFO][clas_trainer:133] - train epoch: 25 [65760/82290 (80%)], lr: ['1.00e-04', '1.00e-04'], loss: 0.000381
[2024-10-02 17:24:33,711][INFO][clas_trainer:133] - train epoch: 25 [73984/82290 (90%)], lr: ['1.00e-04', '1.00e-04'], loss: 0.003872
[2024-10-02 17:25:14,122][INFO][clas_trainer:133] - train epoch: 25 [82208/82290 (100%)], lr: ['1.00e-04', '1.00e-04'], loss: 0.000847
[2024-10-02 17:25:56,206][INFO][clas_trainer:63] - [epoch  25] execution time: 472.86s	metrics:
[2024-10-02 17:25:56,211][INFO][clas_evaluator:132] - dataset: earlystopping, avg f1-score: 0.6294
[2024-10-02 17:26:41,272][INFO][clas_trainer:133] - train epoch: 26 [8192/82290 (10%)], lr: ['1.00e-04', '1.00e-04'], loss: 0.000942
[2024-10-02 17:27:26,719][INFO][clas_trainer:133] - train epoch: 26 [16416/82290 (20%)], lr: ['1.00e-04', '1.00e-04'], loss: 0.000700
[2024-10-02 17:28:10,265][INFO][clas_trainer:133] - train epoch: 26 [24640/82290 (30%)], lr: ['1.00e-04', '1.00e-04'], loss: 0.000946
[2024-10-02 17:28:55,871][INFO][clas_trainer:133] - train epoch: 26 [32864/82290 (40%)], lr: ['1.00e-04', '1.00e-04'], loss: 0.000744
[2024-10-02 17:29:38,166][INFO][clas_trainer:133] - train epoch: 26 [41088/82290 (50%)], lr: ['1.00e-04', '1.00e-04'], loss: 0.000916
[2024-10-02 17:30:23,584][INFO][clas_trainer:133] - train epoch: 26 [49312/82290 (60%)], lr: ['1.00e-04', '1.00e-04'], loss: 0.000986
[2024-10-02 17:31:10,544][INFO][clas_trainer:133] - train epoch: 26 [57536/82290 (70%)], lr: ['1.00e-04', '1.00e-04'], loss: 0.000713
[2024-10-02 17:31:55,841][INFO][clas_trainer:133] - train epoch: 26 [65760/82290 (80%)], lr: ['1.00e-04', '1.00e-04'], loss: 0.000683
[2024-10-02 17:32:35,779][INFO][clas_trainer:133] - train epoch: 26 [73984/82290 (90%)], lr: ['1.00e-04', '1.00e-04'], loss: 0.000607
[2024-10-02 17:33:16,258][INFO][clas_trainer:133] - train epoch: 26 [82208/82290 (100%)], lr: ['1.00e-04', '1.00e-04'], loss: 0.000462
[2024-10-02 17:33:57,675][INFO][clas_trainer:63] - [epoch  26] execution time: 481.46s	metrics:
[2024-10-02 17:33:57,676][INFO][clas_evaluator:132] - dataset: earlystopping, avg f1-score: 0.5928
[2024-10-02 17:34:40,743][INFO][clas_trainer:133] - train epoch: 27 [8192/82290 (10%)], lr: ['1.00e-04', '1.00e-04'], loss: 0.000545
[2024-10-02 17:35:20,957][INFO][clas_trainer:133] - train epoch: 27 [16416/82290 (20%)], lr: ['1.00e-04', '1.00e-04'], loss: 0.001030
[2024-10-02 17:36:03,118][INFO][clas_trainer:133] - train epoch: 27 [24640/82290 (30%)], lr: ['1.00e-04', '1.00e-04'], loss: 0.000479
[2024-10-02 17:36:46,762][INFO][clas_trainer:133] - train epoch: 27 [32864/82290 (40%)], lr: ['1.00e-04', '1.00e-04'], loss: 0.000529
[2024-10-02 17:37:28,239][INFO][clas_trainer:133] - train epoch: 27 [41088/82290 (50%)], lr: ['1.00e-04', '1.00e-04'], loss: 0.000437
[2024-10-02 17:38:08,534][INFO][clas_trainer:133] - train epoch: 27 [49312/82290 (60%)], lr: ['1.00e-04', '1.00e-04'], loss: 0.000980
[2024-10-02 17:38:47,170][INFO][clas_trainer:133] - train epoch: 27 [57536/82290 (70%)], lr: ['1.00e-04', '1.00e-04'], loss: 0.000743
[2024-10-02 17:39:24,922][INFO][clas_trainer:133] - train epoch: 27 [65760/82290 (80%)], lr: ['1.00e-04', '1.00e-04'], loss: 0.009236
[2024-10-02 17:40:02,759][INFO][clas_trainer:133] - train epoch: 27 [73984/82290 (90%)], lr: ['1.00e-04', '1.00e-04'], loss: 0.001257
[2024-10-02 17:40:46,640][INFO][clas_trainer:133] - train epoch: 27 [82208/82290 (100%)], lr: ['1.00e-04', '1.00e-04'], loss: 0.000508
[2024-10-02 17:41:29,359][INFO][clas_trainer:63] - [epoch  27] execution time: 451.68s	metrics:
[2024-10-02 17:41:29,360][INFO][clas_evaluator:132] - dataset: earlystopping, avg f1-score: 0.6169
[2024-10-02 17:42:14,088][INFO][clas_trainer:133] - train epoch: 28 [8192/82290 (10%)], lr: ['1.00e-04', '1.00e-04'], loss: 0.001171
[2024-10-02 17:42:57,066][INFO][clas_trainer:133] - train epoch: 28 [16416/82290 (20%)], lr: ['1.00e-04', '1.00e-04'], loss: 0.000918
[2024-10-02 17:43:38,247][INFO][clas_trainer:133] - train epoch: 28 [24640/82290 (30%)], lr: ['1.00e-04', '1.00e-04'], loss: 0.001033
[2024-10-02 17:44:19,383][INFO][clas_trainer:133] - train epoch: 28 [32864/82290 (40%)], lr: ['1.00e-04', '1.00e-04'], loss: 0.000649
[2024-10-02 17:45:01,264][INFO][clas_trainer:133] - train epoch: 28 [41088/82290 (50%)], lr: ['1.00e-04', '1.00e-04'], loss: 0.000614
[2024-10-02 17:45:44,809][INFO][clas_trainer:133] - train epoch: 28 [49312/82290 (60%)], lr: ['1.00e-04', '1.00e-04'], loss: 0.000609
[2024-10-02 17:46:26,512][INFO][clas_trainer:133] - train epoch: 28 [57536/82290 (70%)], lr: ['1.00e-04', '1.00e-04'], loss: 0.000580
[2024-10-02 17:47:08,718][INFO][clas_trainer:133] - train epoch: 28 [65760/82290 (80%)], lr: ['1.00e-04', '1.00e-04'], loss: 0.000557
[2024-10-02 17:47:51,351][INFO][clas_trainer:133] - train epoch: 28 [73984/82290 (90%)], lr: ['1.00e-04', '1.00e-04'], loss: 0.000347
[2024-10-02 17:48:34,190][INFO][clas_trainer:133] - train epoch: 28 [82208/82290 (100%)], lr: ['1.00e-04', '1.00e-04'], loss: 0.001385
[2024-10-02 17:49:16,424][INFO][clas_trainer:63] - [epoch  28] execution time: 467.06s	metrics:
[2024-10-02 17:49:16,425][INFO][clas_evaluator:132] - dataset: earlystopping, avg f1-score: 0.5909
[2024-10-02 17:50:00,492][INFO][clas_trainer:133] - train epoch: 29 [8192/82290 (10%)], lr: ['1.00e-04', '1.00e-04'], loss: 0.000711
[2024-10-02 17:50:41,504][INFO][clas_trainer:133] - train epoch: 29 [16416/82290 (20%)], lr: ['1.00e-04', '1.00e-04'], loss: 0.000502
[2024-10-02 17:51:23,843][INFO][clas_trainer:133] - train epoch: 29 [24640/82290 (30%)], lr: ['1.00e-04', '1.00e-04'], loss: 0.000590
[2024-10-02 17:52:04,640][INFO][clas_trainer:133] - train epoch: 29 [32864/82290 (40%)], lr: ['1.00e-04', '1.00e-04'], loss: 0.001087
[2024-10-02 17:52:44,350][INFO][clas_trainer:133] - train epoch: 29 [41088/82290 (50%)], lr: ['1.00e-04', '1.00e-04'], loss: 0.000767
[2024-10-02 17:53:26,606][INFO][clas_trainer:133] - train epoch: 29 [49312/82290 (60%)], lr: ['1.00e-04', '1.00e-04'], loss: 0.000732
[2024-10-02 17:54:13,309][INFO][clas_trainer:133] - train epoch: 29 [57536/82290 (70%)], lr: ['1.00e-04', '1.00e-04'], loss: 0.000989
[2024-10-02 17:54:57,210][INFO][clas_trainer:133] - train epoch: 29 [65760/82290 (80%)], lr: ['1.00e-04', '1.00e-04'], loss: 0.000961
[2024-10-02 17:55:43,895][INFO][clas_trainer:133] - train epoch: 29 [73984/82290 (90%)], lr: ['1.00e-04', '1.00e-04'], loss: 0.000460
[2024-10-02 17:56:28,745][INFO][clas_trainer:133] - train epoch: 29 [82208/82290 (100%)], lr: ['1.00e-04', '1.00e-04'], loss: 0.000834
[2024-10-02 17:57:14,539][INFO][clas_trainer:63] - [epoch  29] execution time: 478.11s	metrics:
[2024-10-02 17:57:14,540][INFO][clas_evaluator:132] - dataset: earlystopping, avg f1-score: 0.5564
[2024-10-02 17:58:00,962][INFO][clas_trainer:133] - train epoch: 30 [8192/82290 (10%)], lr: ['1.00e-04', '1.00e-04'], loss: 0.000635
[2024-10-02 17:58:42,902][INFO][clas_trainer:133] - train epoch: 30 [16416/82290 (20%)], lr: ['1.00e-04', '1.00e-04'], loss: 0.000472
[2024-10-02 17:59:25,901][INFO][clas_trainer:133] - train epoch: 30 [24640/82290 (30%)], lr: ['1.00e-04', '1.00e-04'], loss: 0.001823
[2024-10-02 18:00:10,604][INFO][clas_trainer:133] - train epoch: 30 [32864/82290 (40%)], lr: ['1.00e-04', '1.00e-04'], loss: 0.001629
[2024-10-02 18:00:53,322][INFO][clas_trainer:133] - train epoch: 30 [41088/82290 (50%)], lr: ['1.00e-04', '1.00e-04'], loss: 0.001241
[2024-10-02 18:01:39,445][INFO][clas_trainer:133] - train epoch: 30 [49312/82290 (60%)], lr: ['1.00e-04', '1.00e-04'], loss: 0.000886
[2024-10-02 18:02:24,712][INFO][clas_trainer:133] - train epoch: 30 [57536/82290 (70%)], lr: ['1.00e-04', '1.00e-04'], loss: 0.001694
[2024-10-02 18:03:12,017][INFO][clas_trainer:133] - train epoch: 30 [65760/82290 (80%)], lr: ['1.00e-04', '1.00e-04'], loss: 0.000915
[2024-10-02 18:03:57,946][INFO][clas_trainer:133] - train epoch: 30 [73984/82290 (90%)], lr: ['1.00e-04', '1.00e-04'], loss: 0.001355
[2024-10-02 18:04:43,843][INFO][clas_trainer:133] - train epoch: 30 [82208/82290 (100%)], lr: ['1.00e-04', '1.00e-04'], loss: 0.000928
[2024-10-02 18:05:27,892][INFO][clas_trainer:63] - [epoch  30] execution time: 493.35s	metrics:
[2024-10-02 18:05:27,893][INFO][clas_evaluator:132] - dataset: earlystopping, avg f1-score: 0.6258
[2024-10-02 18:06:13,411][INFO][clas_trainer:133] - train epoch: 31 [8192/82290 (10%)], lr: ['1.00e-04', '1.00e-04'], loss: 0.000651
[2024-10-02 18:06:57,504][INFO][clas_trainer:133] - train epoch: 31 [16416/82290 (20%)], lr: ['1.00e-04', '1.00e-04'], loss: 0.000499
[2024-10-02 18:07:41,062][INFO][clas_trainer:133] - train epoch: 31 [24640/82290 (30%)], lr: ['1.00e-04', '1.00e-04'], loss: 0.001028
[2024-10-02 18:08:21,909][INFO][clas_trainer:133] - train epoch: 31 [32864/82290 (40%)], lr: ['1.00e-04', '1.00e-04'], loss: 0.000687
[2024-10-02 18:09:06,615][INFO][clas_trainer:133] - train epoch: 31 [41088/82290 (50%)], lr: ['1.00e-04', '1.00e-04'], loss: 0.001733
[2024-10-02 18:09:48,319][INFO][clas_trainer:133] - train epoch: 31 [49312/82290 (60%)], lr: ['1.00e-04', '1.00e-04'], loss: 0.001038
[2024-10-02 18:10:30,379][INFO][clas_trainer:133] - train epoch: 31 [57536/82290 (70%)], lr: ['1.00e-04', '1.00e-04'], loss: 0.000874
[2024-10-02 18:11:12,693][INFO][clas_trainer:133] - train epoch: 31 [65760/82290 (80%)], lr: ['1.00e-04', '1.00e-04'], loss: 0.000853
[2024-10-02 18:11:54,568][INFO][clas_trainer:133] - train epoch: 31 [73984/82290 (90%)], lr: ['1.00e-04', '1.00e-04'], loss: 0.000615
[2024-10-02 18:12:37,514][INFO][clas_trainer:133] - train epoch: 31 [82208/82290 (100%)], lr: ['1.00e-04', '1.00e-04'], loss: 0.000851
[2024-10-02 18:13:20,515][INFO][clas_trainer:63] - [epoch  31] execution time: 472.62s	metrics:
[2024-10-02 18:13:20,516][INFO][clas_evaluator:132] - dataset: earlystopping, avg f1-score: 0.5769
[2024-10-02 18:14:04,898][INFO][clas_trainer:133] - train epoch: 32 [8192/82290 (10%)], lr: ['1.00e-04', '1.00e-04'], loss: 0.000741
[2024-10-02 18:14:49,072][INFO][clas_trainer:133] - train epoch: 32 [16416/82290 (20%)], lr: ['1.00e-04', '1.00e-04'], loss: 0.000760
[2024-10-02 18:15:32,077][INFO][clas_trainer:133] - train epoch: 32 [24640/82290 (30%)], lr: ['1.00e-04', '1.00e-04'], loss: 0.000844
[2024-10-02 18:16:14,154][INFO][clas_trainer:133] - train epoch: 32 [32864/82290 (40%)], lr: ['1.00e-04', '1.00e-04'], loss: 0.001106
[2024-10-02 18:16:58,351][INFO][clas_trainer:133] - train epoch: 32 [41088/82290 (50%)], lr: ['1.00e-04', '1.00e-04'], loss: 0.000729
[2024-10-02 18:17:42,874][INFO][clas_trainer:133] - train epoch: 32 [49312/82290 (60%)], lr: ['1.00e-04', '1.00e-04'], loss: 0.000509
[2024-10-02 18:18:24,495][INFO][clas_trainer:133] - train epoch: 32 [57536/82290 (70%)], lr: ['1.00e-04', '1.00e-04'], loss: 0.000759
[2024-10-02 18:19:06,653][INFO][clas_trainer:133] - train epoch: 32 [65760/82290 (80%)], lr: ['1.00e-04', '1.00e-04'], loss: 0.000564
[2024-10-02 18:19:48,309][INFO][clas_trainer:133] - train epoch: 32 [73984/82290 (90%)], lr: ['1.00e-04', '1.00e-04'], loss: 0.001194
[2024-10-02 18:20:30,567][INFO][clas_trainer:133] - train epoch: 32 [82208/82290 (100%)], lr: ['1.00e-04', '1.00e-04'], loss: 0.001089
[2024-10-02 18:21:14,169][INFO][clas_trainer:63] - [epoch  32] execution time: 473.65s	metrics:
[2024-10-02 18:21:14,170][INFO][clas_evaluator:132] - dataset: earlystopping, avg f1-score: 0.5583
[2024-10-02 18:21:14,183][INFO][clas_trainer:79] - finished training
[2024-10-02 18:21:14,183][INFO][clas_trainer:80] - best model on epoch: 22 	f1-score: 0.6375
