[2024-10-02 23:13:37,296][INFO][fine-tune:25] - Using GPU 6
[2024-10-02 23:13:37,301][INFO][fine-tune:35] - overrides:
hydra:
- hydra.launcher.n_jobs=40
- hydra.mode=MULTIRUN
task:
- m_seed_path_sids={seeds:[7,7,7,7,7],path:"exp006b-m7-simple_multi_class-2024-09-20_13-58-02-final.pth",subject_ids:{isruc:$\{data.isruc.cv_5_fold.fold_3\}}}
- data.downstream.train_dataloader.dataset.data_reducer.n_epochs=-1
- data.downstream.train_dataloader.dataset.data_reducer.n_subjects=4
- general.gpus=[4,5,6,7]

[2024-10-02 23:13:42,831][INFO][data_loaders:39] - class distribution before data reduction:
# samples per subject
sg1-1-1: 880
sg1-10-1: 842
sg1-11-1: 997
sg1-12-1: 850
sg1-13-1: 882
sg1-14-1: 906
sg1-15-1: 786
sg1-16-1: 883
sg1-17-1: 851
sg1-18-1: 999
sg1-19-1: 828
sg1-2-1: 964
sg1-22-1: 849
sg1-25-1: 921
sg1-27-1: 918
sg1-28-1: 882
sg1-29-1: 912
sg1-3-1: 943
sg1-31-1: 877
sg1-33-1: 920
sg1-35-1: 788
sg1-36-1: 987
sg1-37-1: 806
sg1-38-1: 932
sg1-39-1: 900
sg1-40-1: 875
sg1-42-1: 812
sg1-44-1: 932
sg1-45-1: 906
sg1-46-1: 863
sg1-47-1: 838
sg1-48-1: 981
sg1-49-1: 793
sg1-50-1: 905
sg1-51-1: 856
sg1-52-1: 912
sg1-56-1: 956
sg1-58-1: 965
sg1-6-1: 897
sg1-60-1: 916
sg1-61-1: 852
sg1-62-1: 864
sg1-63-1: 954
sg1-64-1: 892
sg1-65-1: 1014
sg1-66-1: 845
sg1-67-1: 862
sg1-68-1: 956
sg1-7-1: 933
sg1-71-1: 829
sg1-72-1: 872
sg1-73-1: 997
sg1-74-1: 897
sg1-75-1: 898
sg1-77-1: 805
sg1-80-1: 889
sg1-81-1: 911
sg1-82-1: 882
sg1-84-1: 963
sg1-85-1: 896
sg1-89-1: 1036
sg1-9-1: 969
sg1-90-1: 933
sg1-91-1: 990
sg1-92-1: 877
sg1-93-1: 870
sg1-94-1: 846
sg1-95-1: 865
sg1-96-1: 858
sg1-97-1: 912
sg1-98-1: 899
sg1-99-1: 835
sg2-1-1: 933
sg2-1-2: 787
sg2-2-1: 851
sg2-2-2: 869
sg2-3-1: 871
sg2-3-2: 813
sg2-4-1: 932
sg2-4-2: 899
sg2-5-1: 815
sg2-5-2: 879
sg2-6-1: 965
sg2-6-2: 1014
sg3-1-1: 954
sg3-3-1: 824
sg3-4-1: 794
sg3-5-1: 944
sg3-6-1: 853
sg3-7-1: 814
sg3-8-1: 1000
sg3-9-1: 969

# samples per stage
0: 19741
1: 11033
2: 25330
3: 15646
4: 10641
[2024-10-02 23:13:43,302][INFO][data_loaders:43] - class distribution after data reduction:
# samples per subject
sg1-2-1: 22172
sg1-47-1: 19274
sg1-85-1: 20608
sg2-3-1: 20033

# samples per stage
0: 16997
1: 12213
2: 28635
3: 14789
4: 9453
[2024-10-02 23:13:43,837][INFO][data_loaders:39] - class distribution before data reduction:
# samples per subject
sg1-30-1: 882
sg1-4-1: 963
sg1-41-1: 974
sg1-55-1: 879
sg1-57-1: 1007
sg1-70-1: 893
sg1-79-1: 880
sg1-87-1: 926

# samples per stage
0: 1251
1: 841
2: 2721
3: 1520
4: 1071
[2024-10-02 23:13:43,857][INFO][data_loaders:43] - class distribution after data reduction:
# samples per subject
sg1-30-1: 882
sg1-4-1: 963
sg1-41-1: 974
sg1-55-1: 879
sg1-57-1: 1007
sg1-70-1: 893
sg1-79-1: 880
sg1-87-1: 926

# samples per stage
0: 1251
1: 841
2: 2721
3: 1520
4: 1071
[2024-10-02 23:13:43,891][INFO][clas_trainer:49] - metrics before training (epoch 0):
[2024-10-02 23:14:19,145][INFO][clas_evaluator:132] - dataset: earlystopping, avg f1-score: 0.1075
[2024-10-02 23:14:53,995][INFO][clas_trainer:133] - train epoch: 1 [8160/82087 (10%)], lr: ['1.00e-04', '1.00e-04'], loss: 2.276498
[2024-10-02 23:15:28,072][INFO][clas_trainer:133] - train epoch: 1 [16352/82087 (20%)], lr: ['1.00e-04', '1.00e-04'], loss: 1.579632
[2024-10-02 23:16:02,101][INFO][clas_trainer:133] - train epoch: 1 [24544/82087 (30%)], lr: ['1.00e-04', '1.00e-04'], loss: 1.578996
[2024-10-02 23:16:36,255][INFO][clas_trainer:133] - train epoch: 1 [32736/82087 (40%)], lr: ['1.00e-04', '1.00e-04'], loss: 1.246451
[2024-10-02 23:17:09,855][INFO][clas_trainer:133] - train epoch: 1 [40928/82087 (50%)], lr: ['1.00e-04', '1.00e-04'], loss: 1.256086
[2024-10-02 23:17:43,917][INFO][clas_trainer:133] - train epoch: 1 [49120/82087 (60%)], lr: ['1.00e-04', '1.00e-04'], loss: 0.906783
[2024-10-02 23:18:20,019][INFO][clas_trainer:133] - train epoch: 1 [57312/82087 (70%)], lr: ['1.00e-04', '1.00e-04'], loss: 0.862592
[2024-10-02 23:18:56,867][INFO][clas_trainer:133] - train epoch: 1 [65504/82087 (80%)], lr: ['1.00e-04', '1.00e-04'], loss: 0.974123
[2024-10-02 23:19:31,426][INFO][clas_trainer:133] - train epoch: 1 [73696/82087 (90%)], lr: ['1.00e-04', '1.00e-04'], loss: 0.953341
[2024-10-02 23:20:06,962][INFO][clas_trainer:133] - train epoch: 1 [81888/82087 (100%)], lr: ['1.00e-04', '1.00e-04'], loss: 0.542827
[2024-10-02 23:20:42,284][INFO][clas_trainer:63] - [epoch   1] execution time: 383.14s	metrics:
[2024-10-02 23:20:42,284][INFO][clas_evaluator:132] - dataset: earlystopping, avg f1-score: 0.5122
[2024-10-02 23:20:42,323][INFO][base_model:51] - snapshot saved to XXX/frequency-pretraining/models/exp006a-m178-base_fe_clas-2024-10-02_10-52-14-final.pth
[2024-10-02 23:21:17,330][INFO][clas_trainer:133] - train epoch: 2 [8160/82087 (10%)], lr: ['1.00e-04', '1.00e-04'], loss: 0.612285
[2024-10-02 23:21:50,528][INFO][clas_trainer:133] - train epoch: 2 [16352/82087 (20%)], lr: ['1.00e-04', '1.00e-04'], loss: 0.497261
[2024-10-02 23:22:24,818][INFO][clas_trainer:133] - train epoch: 2 [24544/82087 (30%)], lr: ['1.00e-04', '1.00e-04'], loss: 0.843118
[2024-10-02 23:23:00,104][INFO][clas_trainer:133] - train epoch: 2 [32736/82087 (40%)], lr: ['1.00e-04', '1.00e-04'], loss: 0.739376
[2024-10-02 23:23:34,063][INFO][clas_trainer:133] - train epoch: 2 [40928/82087 (50%)], lr: ['1.00e-04', '1.00e-04'], loss: 0.413238
[2024-10-02 23:24:10,081][INFO][clas_trainer:133] - train epoch: 2 [49120/82087 (60%)], lr: ['1.00e-04', '1.00e-04'], loss: 0.292648
[2024-10-02 23:24:46,248][INFO][clas_trainer:133] - train epoch: 2 [57312/82087 (70%)], lr: ['1.00e-04', '1.00e-04'], loss: 0.336604
[2024-10-02 23:25:22,922][INFO][clas_trainer:133] - train epoch: 2 [65504/82087 (80%)], lr: ['1.00e-04', '1.00e-04'], loss: 0.270340
[2024-10-02 23:25:57,888][INFO][clas_trainer:133] - train epoch: 2 [73696/82087 (90%)], lr: ['1.00e-04', '1.00e-04'], loss: 0.402286
[2024-10-02 23:26:32,234][INFO][clas_trainer:133] - train epoch: 2 [81888/82087 (100%)], lr: ['1.00e-04', '1.00e-04'], loss: 0.469306
[2024-10-02 23:27:07,048][INFO][clas_trainer:63] - [epoch   2] execution time: 384.72s	metrics:
[2024-10-02 23:27:07,049][INFO][clas_evaluator:132] - dataset: earlystopping, avg f1-score: 0.6537
[2024-10-02 23:27:07,089][INFO][base_model:51] - snapshot saved to XXX/frequency-pretraining/models/exp006a-m178-base_fe_clas-2024-10-02_10-52-14-final.pth
[2024-10-02 23:27:41,600][INFO][clas_trainer:133] - train epoch: 3 [8160/82087 (10%)], lr: ['1.00e-04', '1.00e-04'], loss: 0.293282
[2024-10-02 23:28:15,548][INFO][clas_trainer:133] - train epoch: 3 [16352/82087 (20%)], lr: ['1.00e-04', '1.00e-04'], loss: 0.840547
[2024-10-02 23:28:48,376][INFO][clas_trainer:133] - train epoch: 3 [24544/82087 (30%)], lr: ['1.00e-04', '1.00e-04'], loss: 0.248841
[2024-10-02 23:29:22,826][INFO][clas_trainer:133] - train epoch: 3 [32736/82087 (40%)], lr: ['1.00e-04', '1.00e-04'], loss: 0.263951
[2024-10-02 23:29:56,938][INFO][clas_trainer:133] - train epoch: 3 [40928/82087 (50%)], lr: ['1.00e-04', '1.00e-04'], loss: 0.429633
[2024-10-02 23:30:30,610][INFO][clas_trainer:133] - train epoch: 3 [49120/82087 (60%)], lr: ['1.00e-04', '1.00e-04'], loss: 0.373627
[2024-10-02 23:31:03,666][INFO][clas_trainer:133] - train epoch: 3 [57312/82087 (70%)], lr: ['1.00e-04', '1.00e-04'], loss: 0.249046
[2024-10-02 23:31:38,460][INFO][clas_trainer:133] - train epoch: 3 [65504/82087 (80%)], lr: ['1.00e-04', '1.00e-04'], loss: 0.462022
[2024-10-02 23:32:14,542][INFO][clas_trainer:133] - train epoch: 3 [73696/82087 (90%)], lr: ['1.00e-04', '1.00e-04'], loss: 0.442333
[2024-10-02 23:32:47,372][INFO][clas_trainer:133] - train epoch: 3 [81888/82087 (100%)], lr: ['1.00e-04', '1.00e-04'], loss: 0.230109
[2024-10-02 23:33:23,684][INFO][clas_trainer:63] - [epoch   3] execution time: 376.59s	metrics:
[2024-10-02 23:33:23,685][INFO][clas_evaluator:132] - dataset: earlystopping, avg f1-score: 0.7412
[2024-10-02 23:33:23,727][INFO][base_model:51] - snapshot saved to XXX/frequency-pretraining/models/exp006a-m178-base_fe_clas-2024-10-02_10-52-14-final.pth
[2024-10-02 23:34:00,354][INFO][clas_trainer:133] - train epoch: 4 [8160/82087 (10%)], lr: ['1.00e-04', '1.00e-04'], loss: 0.196707
[2024-10-02 23:34:34,911][INFO][clas_trainer:133] - train epoch: 4 [16352/82087 (20%)], lr: ['1.00e-04', '1.00e-04'], loss: 0.237111
[2024-10-02 23:35:13,414][INFO][clas_trainer:133] - train epoch: 4 [24544/82087 (30%)], lr: ['1.00e-04', '1.00e-04'], loss: 0.321251
[2024-10-02 23:35:49,709][INFO][clas_trainer:133] - train epoch: 4 [32736/82087 (40%)], lr: ['1.00e-04', '1.00e-04'], loss: 0.533127
[2024-10-02 23:36:25,250][INFO][clas_trainer:133] - train epoch: 4 [40928/82087 (50%)], lr: ['1.00e-04', '1.00e-04'], loss: 0.197149
[2024-10-02 23:37:01,865][INFO][clas_trainer:133] - train epoch: 4 [49120/82087 (60%)], lr: ['1.00e-04', '1.00e-04'], loss: 0.114735
[2024-10-02 23:37:39,096][INFO][clas_trainer:133] - train epoch: 4 [57312/82087 (70%)], lr: ['1.00e-04', '1.00e-04'], loss: 0.280060
[2024-10-02 23:38:14,644][INFO][clas_trainer:133] - train epoch: 4 [65504/82087 (80%)], lr: ['1.00e-04', '1.00e-04'], loss: 0.209711
[2024-10-02 23:38:49,226][INFO][clas_trainer:133] - train epoch: 4 [73696/82087 (90%)], lr: ['1.00e-04', '1.00e-04'], loss: 0.397320
[2024-10-02 23:39:22,157][INFO][clas_trainer:133] - train epoch: 4 [81888/82087 (100%)], lr: ['1.00e-04', '1.00e-04'], loss: 0.413245
[2024-10-02 23:39:57,551][INFO][clas_trainer:63] - [epoch   4] execution time: 393.82s	metrics:
[2024-10-02 23:39:57,551][INFO][clas_evaluator:132] - dataset: earlystopping, avg f1-score: 0.7476
[2024-10-02 23:39:57,589][INFO][base_model:51] - snapshot saved to XXX/frequency-pretraining/models/exp006a-m178-base_fe_clas-2024-10-02_10-52-14-final.pth
[2024-10-02 23:40:34,204][INFO][clas_trainer:133] - train epoch: 5 [8160/82087 (10%)], lr: ['1.00e-04', '1.00e-04'], loss: 0.222279
[2024-10-02 23:41:08,655][INFO][clas_trainer:133] - train epoch: 5 [16352/82087 (20%)], lr: ['1.00e-04', '1.00e-04'], loss: 0.194691
[2024-10-02 23:41:44,585][INFO][clas_trainer:133] - train epoch: 5 [24544/82087 (30%)], lr: ['1.00e-04', '1.00e-04'], loss: 0.205338
[2024-10-02 23:42:18,374][INFO][clas_trainer:133] - train epoch: 5 [32736/82087 (40%)], lr: ['1.00e-04', '1.00e-04'], loss: 0.101884
[2024-10-02 23:42:50,732][INFO][clas_trainer:133] - train epoch: 5 [40928/82087 (50%)], lr: ['1.00e-04', '1.00e-04'], loss: 0.120885
[2024-10-02 23:43:23,104][INFO][clas_trainer:133] - train epoch: 5 [49120/82087 (60%)], lr: ['1.00e-04', '1.00e-04'], loss: 0.400523
[2024-10-02 23:43:57,291][INFO][clas_trainer:133] - train epoch: 5 [57312/82087 (70%)], lr: ['1.00e-04', '1.00e-04'], loss: 0.185615
[2024-10-02 23:44:31,773][INFO][clas_trainer:133] - train epoch: 5 [65504/82087 (80%)], lr: ['1.00e-04', '1.00e-04'], loss: 0.233523
[2024-10-02 23:45:09,076][INFO][clas_trainer:133] - train epoch: 5 [73696/82087 (90%)], lr: ['1.00e-04', '1.00e-04'], loss: 0.282302
[2024-10-02 23:45:43,758][INFO][clas_trainer:133] - train epoch: 5 [81888/82087 (100%)], lr: ['1.00e-04', '1.00e-04'], loss: 0.396421
[2024-10-02 23:46:19,839][INFO][clas_trainer:63] - [epoch   5] execution time: 382.25s	metrics:
[2024-10-02 23:46:19,840][INFO][clas_evaluator:132] - dataset: earlystopping, avg f1-score: 0.7685
[2024-10-02 23:46:19,882][INFO][base_model:51] - snapshot saved to XXX/frequency-pretraining/models/exp006a-m178-base_fe_clas-2024-10-02_10-52-14-final.pth
[2024-10-02 23:47:01,345][INFO][clas_trainer:133] - train epoch: 6 [8160/82087 (10%)], lr: ['1.00e-04', '1.00e-04'], loss: 0.291310
[2024-10-02 23:47:39,106][INFO][clas_trainer:133] - train epoch: 6 [16352/82087 (20%)], lr: ['1.00e-04', '1.00e-04'], loss: 0.213659
[2024-10-02 23:48:18,967][INFO][clas_trainer:133] - train epoch: 6 [24544/82087 (30%)], lr: ['1.00e-04', '1.00e-04'], loss: 0.467892
[2024-10-02 23:49:01,251][INFO][clas_trainer:133] - train epoch: 6 [32736/82087 (40%)], lr: ['1.00e-04', '1.00e-04'], loss: 0.221667
[2024-10-02 23:49:40,889][INFO][clas_trainer:133] - train epoch: 6 [40928/82087 (50%)], lr: ['1.00e-04', '1.00e-04'], loss: 0.173931
[2024-10-02 23:50:16,555][INFO][clas_trainer:133] - train epoch: 6 [49120/82087 (60%)], lr: ['1.00e-04', '1.00e-04'], loss: 0.169217
[2024-10-02 23:50:50,654][INFO][clas_trainer:133] - train epoch: 6 [57312/82087 (70%)], lr: ['1.00e-04', '1.00e-04'], loss: 0.367308
[2024-10-02 23:51:24,986][INFO][clas_trainer:133] - train epoch: 6 [65504/82087 (80%)], lr: ['1.00e-04', '1.00e-04'], loss: 0.227577
[2024-10-02 23:52:00,972][INFO][clas_trainer:133] - train epoch: 6 [73696/82087 (90%)], lr: ['1.00e-04', '1.00e-04'], loss: 0.177337
[2024-10-02 23:52:36,759][INFO][clas_trainer:133] - train epoch: 6 [81888/82087 (100%)], lr: ['1.00e-04', '1.00e-04'], loss: 0.148025
[2024-10-02 23:53:13,554][INFO][clas_trainer:63] - [epoch   6] execution time: 413.67s	metrics:
[2024-10-02 23:53:13,555][INFO][clas_evaluator:132] - dataset: earlystopping, avg f1-score: 0.7554
[2024-10-02 23:53:52,147][INFO][clas_trainer:133] - train epoch: 7 [8160/82087 (10%)], lr: ['1.00e-04', '1.00e-04'], loss: 0.188416
[2024-10-02 23:54:26,508][INFO][clas_trainer:133] - train epoch: 7 [16352/82087 (20%)], lr: ['1.00e-04', '1.00e-04'], loss: 0.092370
[2024-10-02 23:55:00,229][INFO][clas_trainer:133] - train epoch: 7 [24544/82087 (30%)], lr: ['1.00e-04', '1.00e-04'], loss: 0.055731
[2024-10-02 23:55:32,951][INFO][clas_trainer:133] - train epoch: 7 [32736/82087 (40%)], lr: ['1.00e-04', '1.00e-04'], loss: 0.177502
[2024-10-02 23:56:05,571][INFO][clas_trainer:133] - train epoch: 7 [40928/82087 (50%)], lr: ['1.00e-04', '1.00e-04'], loss: 0.066615
[2024-10-02 23:56:39,689][INFO][clas_trainer:133] - train epoch: 7 [49120/82087 (60%)], lr: ['1.00e-04', '1.00e-04'], loss: 0.248080
[2024-10-02 23:57:14,731][INFO][clas_trainer:133] - train epoch: 7 [57312/82087 (70%)], lr: ['1.00e-04', '1.00e-04'], loss: 0.122891
[2024-10-02 23:57:49,347][INFO][clas_trainer:133] - train epoch: 7 [65504/82087 (80%)], lr: ['1.00e-04', '1.00e-04'], loss: 0.050280
[2024-10-02 23:58:24,330][INFO][clas_trainer:133] - train epoch: 7 [73696/82087 (90%)], lr: ['1.00e-04', '1.00e-04'], loss: 0.042941
[2024-10-02 23:58:59,645][INFO][clas_trainer:133] - train epoch: 7 [81888/82087 (100%)], lr: ['1.00e-04', '1.00e-04'], loss: 0.154495
[2024-10-02 23:59:34,820][INFO][clas_trainer:63] - [epoch   7] execution time: 381.26s	metrics:
[2024-10-02 23:59:34,820][INFO][clas_evaluator:132] - dataset: earlystopping, avg f1-score: 0.7627
[2024-10-03 00:00:10,009][INFO][clas_trainer:133] - train epoch: 8 [8160/82087 (10%)], lr: ['1.00e-04', '1.00e-04'], loss: 0.331270
[2024-10-03 00:00:44,501][INFO][clas_trainer:133] - train epoch: 8 [16352/82087 (20%)], lr: ['1.00e-04', '1.00e-04'], loss: 0.150574
[2024-10-03 00:01:20,144][INFO][clas_trainer:133] - train epoch: 8 [24544/82087 (30%)], lr: ['1.00e-04', '1.00e-04'], loss: 0.317050
[2024-10-03 00:01:54,670][INFO][clas_trainer:133] - train epoch: 8 [32736/82087 (40%)], lr: ['1.00e-04', '1.00e-04'], loss: 0.093937
[2024-10-03 00:02:28,278][INFO][clas_trainer:133] - train epoch: 8 [40928/82087 (50%)], lr: ['1.00e-04', '1.00e-04'], loss: 0.338198
[2024-10-03 00:03:00,289][INFO][clas_trainer:133] - train epoch: 8 [49120/82087 (60%)], lr: ['1.00e-04', '1.00e-04'], loss: 0.089406
[2024-10-03 00:03:32,821][INFO][clas_trainer:133] - train epoch: 8 [57312/82087 (70%)], lr: ['1.00e-04', '1.00e-04'], loss: 0.058094
[2024-10-03 00:04:05,406][INFO][clas_trainer:133] - train epoch: 8 [65504/82087 (80%)], lr: ['1.00e-04', '1.00e-04'], loss: 0.101785
[2024-10-03 00:04:36,986][INFO][clas_trainer:133] - train epoch: 8 [73696/82087 (90%)], lr: ['1.00e-04', '1.00e-04'], loss: 0.156594
[2024-10-03 00:05:09,060][INFO][clas_trainer:133] - train epoch: 8 [81888/82087 (100%)], lr: ['1.00e-04', '1.00e-04'], loss: 0.022499
[2024-10-03 00:05:43,932][INFO][clas_trainer:63] - [epoch   8] execution time: 369.11s	metrics:
[2024-10-03 00:05:43,933][INFO][clas_evaluator:132] - dataset: earlystopping, avg f1-score: 0.7593
[2024-10-03 00:06:19,362][INFO][clas_trainer:133] - train epoch: 9 [8160/82087 (10%)], lr: ['1.00e-04', '1.00e-04'], loss: 0.066930
[2024-10-03 00:06:57,070][INFO][clas_trainer:133] - train epoch: 9 [16352/82087 (20%)], lr: ['1.00e-04', '1.00e-04'], loss: 0.056183
[2024-10-03 00:07:34,559][INFO][clas_trainer:133] - train epoch: 9 [24544/82087 (30%)], lr: ['1.00e-04', '1.00e-04'], loss: 0.121024
[2024-10-03 00:08:09,569][INFO][clas_trainer:133] - train epoch: 9 [32736/82087 (40%)], lr: ['1.00e-04', '1.00e-04'], loss: 0.378716
[2024-10-03 00:08:45,971][INFO][clas_trainer:133] - train epoch: 9 [40928/82087 (50%)], lr: ['1.00e-04', '1.00e-04'], loss: 0.112754
[2024-10-03 00:09:20,497][INFO][clas_trainer:133] - train epoch: 9 [49120/82087 (60%)], lr: ['1.00e-04', '1.00e-04'], loss: 0.098893
[2024-10-03 00:09:56,802][INFO][clas_trainer:133] - train epoch: 9 [57312/82087 (70%)], lr: ['1.00e-04', '1.00e-04'], loss: 0.248360
[2024-10-03 00:10:32,180][INFO][clas_trainer:133] - train epoch: 9 [65504/82087 (80%)], lr: ['1.00e-04', '1.00e-04'], loss: 0.074965
[2024-10-03 00:11:07,369][INFO][clas_trainer:133] - train epoch: 9 [73696/82087 (90%)], lr: ['1.00e-04', '1.00e-04'], loss: 0.061227
[2024-10-03 00:11:42,817][INFO][clas_trainer:133] - train epoch: 9 [81888/82087 (100%)], lr: ['1.00e-04', '1.00e-04'], loss: 0.036101
[2024-10-03 00:12:20,758][INFO][clas_trainer:63] - [epoch   9] execution time: 396.82s	metrics:
[2024-10-03 00:12:20,759][INFO][clas_evaluator:132] - dataset: earlystopping, avg f1-score: 0.7602
[2024-10-03 00:12:55,269][INFO][clas_trainer:133] - train epoch: 10 [8160/82087 (10%)], lr: ['1.00e-04', '1.00e-04'], loss: 0.188553
[2024-10-03 00:13:27,514][INFO][clas_trainer:133] - train epoch: 10 [16352/82087 (20%)], lr: ['1.00e-04', '1.00e-04'], loss: 0.241990
[2024-10-03 00:14:00,079][INFO][clas_trainer:133] - train epoch: 10 [24544/82087 (30%)], lr: ['1.00e-04', '1.00e-04'], loss: 0.097600
[2024-10-03 00:14:32,691][INFO][clas_trainer:133] - train epoch: 10 [32736/82087 (40%)], lr: ['1.00e-04', '1.00e-04'], loss: 0.397354
[2024-10-03 00:15:05,774][INFO][clas_trainer:133] - train epoch: 10 [40928/82087 (50%)], lr: ['1.00e-04', '1.00e-04'], loss: 0.063803
[2024-10-03 00:15:39,553][INFO][clas_trainer:133] - train epoch: 10 [49120/82087 (60%)], lr: ['1.00e-04', '1.00e-04'], loss: 0.066193
[2024-10-03 00:16:14,493][INFO][clas_trainer:133] - train epoch: 10 [57312/82087 (70%)], lr: ['1.00e-04', '1.00e-04'], loss: 0.134411
[2024-10-03 00:16:48,651][INFO][clas_trainer:133] - train epoch: 10 [65504/82087 (80%)], lr: ['1.00e-04', '1.00e-04'], loss: 0.044682
[2024-10-03 00:17:23,585][INFO][clas_trainer:133] - train epoch: 10 [73696/82087 (90%)], lr: ['1.00e-04', '1.00e-04'], loss: 0.168718
[2024-10-03 00:17:57,957][INFO][clas_trainer:133] - train epoch: 10 [81888/82087 (100%)], lr: ['1.00e-04', '1.00e-04'], loss: 0.058377
[2024-10-03 00:18:34,712][INFO][clas_trainer:63] - [epoch  10] execution time: 373.95s	metrics:
[2024-10-03 00:18:34,713][INFO][clas_evaluator:132] - dataset: earlystopping, avg f1-score: 0.7551
[2024-10-03 00:19:11,498][INFO][clas_trainer:133] - train epoch: 11 [8160/82087 (10%)], lr: ['1.00e-04', '1.00e-04'], loss: 0.040684
[2024-10-03 00:19:47,286][INFO][clas_trainer:133] - train epoch: 11 [16352/82087 (20%)], lr: ['1.00e-04', '1.00e-04'], loss: 0.022476
[2024-10-03 00:20:20,297][INFO][clas_trainer:133] - train epoch: 11 [24544/82087 (30%)], lr: ['1.00e-04', '1.00e-04'], loss: 0.018634
[2024-10-03 00:20:53,000][INFO][clas_trainer:133] - train epoch: 11 [32736/82087 (40%)], lr: ['1.00e-04', '1.00e-04'], loss: 0.048746
[2024-10-03 00:21:25,301][INFO][clas_trainer:133] - train epoch: 11 [40928/82087 (50%)], lr: ['1.00e-04', '1.00e-04'], loss: 0.118312
[2024-10-03 00:21:58,989][INFO][clas_trainer:133] - train epoch: 11 [49120/82087 (60%)], lr: ['1.00e-04', '1.00e-04'], loss: 0.024787
[2024-10-03 00:22:32,263][INFO][clas_trainer:133] - train epoch: 11 [57312/82087 (70%)], lr: ['1.00e-04', '1.00e-04'], loss: 0.013739
[2024-10-03 00:23:05,361][INFO][clas_trainer:133] - train epoch: 11 [65504/82087 (80%)], lr: ['1.00e-04', '1.00e-04'], loss: 0.097198
[2024-10-03 00:23:38,891][INFO][clas_trainer:133] - train epoch: 11 [73696/82087 (90%)], lr: ['1.00e-04', '1.00e-04'], loss: 0.055426
[2024-10-03 00:24:15,224][INFO][clas_trainer:133] - train epoch: 11 [81888/82087 (100%)], lr: ['1.00e-04', '1.00e-04'], loss: 0.086312
[2024-10-03 00:24:52,032][INFO][clas_trainer:63] - [epoch  11] execution time: 377.32s	metrics:
[2024-10-03 00:24:52,032][INFO][clas_evaluator:132] - dataset: earlystopping, avg f1-score: 0.7564
[2024-10-03 00:25:29,208][INFO][clas_trainer:133] - train epoch: 12 [8160/82087 (10%)], lr: ['1.00e-04', '1.00e-04'], loss: 0.015779
[2024-10-03 00:26:05,902][INFO][clas_trainer:133] - train epoch: 12 [16352/82087 (20%)], lr: ['1.00e-04', '1.00e-04'], loss: 0.010037
[2024-10-03 00:26:40,128][INFO][clas_trainer:133] - train epoch: 12 [24544/82087 (30%)], lr: ['1.00e-04', '1.00e-04'], loss: 0.217424
[2024-10-03 00:27:14,591][INFO][clas_trainer:133] - train epoch: 12 [32736/82087 (40%)], lr: ['1.00e-04', '1.00e-04'], loss: 0.142831
[2024-10-03 00:27:49,103][INFO][clas_trainer:133] - train epoch: 12 [40928/82087 (50%)], lr: ['1.00e-04', '1.00e-04'], loss: 0.007485
[2024-10-03 00:28:24,834][INFO][clas_trainer:133] - train epoch: 12 [49120/82087 (60%)], lr: ['1.00e-04', '1.00e-04'], loss: 0.188301
[2024-10-03 00:29:01,332][INFO][clas_trainer:133] - train epoch: 12 [57312/82087 (70%)], lr: ['1.00e-04', '1.00e-04'], loss: 0.009328
[2024-10-03 00:29:37,112][INFO][clas_trainer:133] - train epoch: 12 [65504/82087 (80%)], lr: ['1.00e-04', '1.00e-04'], loss: 0.028965
[2024-10-03 00:30:11,792][INFO][clas_trainer:133] - train epoch: 12 [73696/82087 (90%)], lr: ['1.00e-04', '1.00e-04'], loss: 0.061885
[2024-10-03 00:30:45,977][INFO][clas_trainer:133] - train epoch: 12 [81888/82087 (100%)], lr: ['1.00e-04', '1.00e-04'], loss: 0.017977
[2024-10-03 00:31:21,854][INFO][clas_trainer:63] - [epoch  12] execution time: 389.82s	metrics:
[2024-10-03 00:31:21,854][INFO][clas_evaluator:132] - dataset: earlystopping, avg f1-score: 0.7344
[2024-10-03 00:31:57,630][INFO][clas_trainer:133] - train epoch: 13 [8160/82087 (10%)], lr: ['1.00e-04', '1.00e-04'], loss: 0.073506
[2024-10-03 00:32:32,872][INFO][clas_trainer:133] - train epoch: 13 [16352/82087 (20%)], lr: ['1.00e-04', '1.00e-04'], loss: 0.011955
[2024-10-03 00:33:07,423][INFO][clas_trainer:133] - train epoch: 13 [24544/82087 (30%)], lr: ['1.00e-04', '1.00e-04'], loss: 0.066919
[2024-10-03 00:33:42,806][INFO][clas_trainer:133] - train epoch: 13 [32736/82087 (40%)], lr: ['1.00e-04', '1.00e-04'], loss: 0.077628
[2024-10-03 00:34:17,207][INFO][clas_trainer:133] - train epoch: 13 [40928/82087 (50%)], lr: ['1.00e-04', '1.00e-04'], loss: 0.010337
[2024-10-03 00:34:51,654][INFO][clas_trainer:133] - train epoch: 13 [49120/82087 (60%)], lr: ['1.00e-04', '1.00e-04'], loss: 0.102093
[2024-10-03 00:35:26,999][INFO][clas_trainer:133] - train epoch: 13 [57312/82087 (70%)], lr: ['1.00e-04', '1.00e-04'], loss: 0.021634
[2024-10-03 00:36:01,052][INFO][clas_trainer:133] - train epoch: 13 [65504/82087 (80%)], lr: ['1.00e-04', '1.00e-04'], loss: 0.032207
[2024-10-03 00:36:35,289][INFO][clas_trainer:133] - train epoch: 13 [73696/82087 (90%)], lr: ['1.00e-04', '1.00e-04'], loss: 0.012250
[2024-10-03 00:37:09,785][INFO][clas_trainer:133] - train epoch: 13 [81888/82087 (100%)], lr: ['1.00e-04', '1.00e-04'], loss: 0.008966
[2024-10-03 00:37:46,022][INFO][clas_trainer:63] - [epoch  13] execution time: 384.17s	metrics:
[2024-10-03 00:37:46,023][INFO][clas_evaluator:132] - dataset: earlystopping, avg f1-score: 0.7614
[2024-10-03 00:38:22,380][INFO][clas_trainer:133] - train epoch: 14 [8160/82087 (10%)], lr: ['1.00e-04', '1.00e-04'], loss: 0.005899
[2024-10-03 00:38:59,130][INFO][clas_trainer:133] - train epoch: 14 [16352/82087 (20%)], lr: ['1.00e-04', '1.00e-04'], loss: 0.056341
[2024-10-03 00:39:35,651][INFO][clas_trainer:133] - train epoch: 14 [24544/82087 (30%)], lr: ['1.00e-04', '1.00e-04'], loss: 0.004037
[2024-10-03 00:40:11,326][INFO][clas_trainer:133] - train epoch: 14 [32736/82087 (40%)], lr: ['1.00e-04', '1.00e-04'], loss: 0.032753
[2024-10-03 00:40:46,336][INFO][clas_trainer:133] - train epoch: 14 [40928/82087 (50%)], lr: ['1.00e-04', '1.00e-04'], loss: 0.007613
[2024-10-03 00:41:22,154][INFO][clas_trainer:133] - train epoch: 14 [49120/82087 (60%)], lr: ['1.00e-04', '1.00e-04'], loss: 0.081087
[2024-10-03 00:41:56,604][INFO][clas_trainer:133] - train epoch: 14 [57312/82087 (70%)], lr: ['1.00e-04', '1.00e-04'], loss: 0.014659
[2024-10-03 00:42:31,392][INFO][clas_trainer:133] - train epoch: 14 [65504/82087 (80%)], lr: ['1.00e-04', '1.00e-04'], loss: 0.002768
[2024-10-03 00:43:04,581][INFO][clas_trainer:133] - train epoch: 14 [73696/82087 (90%)], lr: ['1.00e-04', '1.00e-04'], loss: 0.003409
[2024-10-03 00:43:38,496][INFO][clas_trainer:133] - train epoch: 14 [81888/82087 (100%)], lr: ['1.00e-04', '1.00e-04'], loss: 0.010168
[2024-10-03 00:44:13,980][INFO][clas_trainer:63] - [epoch  14] execution time: 387.96s	metrics:
[2024-10-03 00:44:13,981][INFO][clas_evaluator:132] - dataset: earlystopping, avg f1-score: 0.7558
[2024-10-03 00:44:49,903][INFO][clas_trainer:133] - train epoch: 15 [8160/82087 (10%)], lr: ['1.00e-04', '1.00e-04'], loss: 0.009703
[2024-10-03 00:45:24,042][INFO][clas_trainer:133] - train epoch: 15 [16352/82087 (20%)], lr: ['1.00e-04', '1.00e-04'], loss: 0.180825
[2024-10-03 00:45:57,971][INFO][clas_trainer:133] - train epoch: 15 [24544/82087 (30%)], lr: ['1.00e-04', '1.00e-04'], loss: 0.005684
[2024-10-03 00:46:30,385][INFO][clas_trainer:133] - train epoch: 15 [32736/82087 (40%)], lr: ['1.00e-04', '1.00e-04'], loss: 0.134144
[2024-10-03 00:47:02,703][INFO][clas_trainer:133] - train epoch: 15 [40928/82087 (50%)], lr: ['1.00e-04', '1.00e-04'], loss: 0.068814
[2024-10-03 00:47:38,623][INFO][clas_trainer:133] - train epoch: 15 [49120/82087 (60%)], lr: ['1.00e-04', '1.00e-04'], loss: 0.014617
[2024-10-03 00:48:11,786][INFO][clas_trainer:133] - train epoch: 15 [57312/82087 (70%)], lr: ['1.00e-04', '1.00e-04'], loss: 0.002505
[2024-10-03 00:48:46,960][INFO][clas_trainer:133] - train epoch: 15 [65504/82087 (80%)], lr: ['1.00e-04', '1.00e-04'], loss: 0.074960
[2024-10-03 00:49:22,252][INFO][clas_trainer:133] - train epoch: 15 [73696/82087 (90%)], lr: ['1.00e-04', '1.00e-04'], loss: 0.029108
[2024-10-03 00:50:01,085][INFO][clas_trainer:133] - train epoch: 15 [81888/82087 (100%)], lr: ['1.00e-04', '1.00e-04'], loss: 0.009505
[2024-10-03 00:50:38,284][INFO][clas_trainer:63] - [epoch  15] execution time: 384.30s	metrics:
[2024-10-03 00:50:38,285][INFO][clas_evaluator:132] - dataset: earlystopping, avg f1-score: 0.7622
[2024-10-03 00:50:38,292][INFO][clas_trainer:79] - finished training
[2024-10-03 00:50:38,293][INFO][clas_trainer:80] - best model on epoch: 5 	f1-score: 0.7685
