[2024-10-02 18:53:39,750][INFO][fine-tune:25] - Using GPU 5
[2024-10-02 18:53:39,755][INFO][fine-tune:35] - overrides:
hydra:
- hydra.launcher.n_jobs=40
- hydra.mode=MULTIRUN
task:
- m_seed_path_sids={seeds:[4,4,4,4,4],path:"exp006b-m4-simple_multi_class-2024-09-20_13-58-02-final.pth",subject_ids:{isruc:$\{data.isruc.cv_5_fold.fold_5\}}}
- data.downstream.train_dataloader.dataset.data_reducer.n_epochs=900
- data.downstream.train_dataloader.dataset.data_reducer.n_subjects=2
- general.gpus=[4,5,6,7]

[2024-10-02 18:53:46,903][INFO][data_loaders:39] - class distribution before data reduction:
# samples per subject
sg1-10-1: 842
sg1-11-1: 997
sg1-14-1: 906
sg1-15-1: 786
sg1-18-1: 999
sg1-19-1: 828
sg1-2-1: 964
sg1-20-1: 950
sg1-22-1: 849
sg1-23-1: 892
sg1-25-1: 921
sg1-26-1: 1062
sg1-27-1: 918
sg1-28-1: 882
sg1-29-1: 912
sg1-3-1: 943
sg1-31-1: 877
sg1-32-1: 1010
sg1-33-1: 920
sg1-34-1: 871
sg1-39-1: 900
sg1-40-1: 875
sg1-43-1: 747
sg1-44-1: 932
sg1-46-1: 863
sg1-47-1: 838
sg1-48-1: 981
sg1-49-1: 793
sg1-5-1: 875
sg1-51-1: 856
sg1-52-1: 912
sg1-53-1: 910
sg1-54-1: 814
sg1-56-1: 956
sg1-58-1: 965
sg1-59-1: 942
sg1-6-1: 897
sg1-60-1: 916
sg1-61-1: 852
sg1-62-1: 864
sg1-63-1: 954
sg1-64-1: 892
sg1-66-1: 845
sg1-68-1: 956
sg1-69-1: 815
sg1-7-1: 933
sg1-71-1: 829
sg1-72-1: 872
sg1-73-1: 997
sg1-74-1: 897
sg1-75-1: 898
sg1-76-1: 850
sg1-77-1: 805
sg1-78-1: 894
sg1-80-1: 889
sg1-81-1: 911
sg1-82-1: 882
sg1-83-1: 925
sg1-86-1: 964
sg1-88-1: 1002
sg1-89-1: 1036
sg1-9-1: 969
sg1-90-1: 933
sg1-92-1: 877
sg1-93-1: 870
sg1-94-1: 846
sg1-95-1: 865
sg1-96-1: 858
sg1-97-1: 912
sg1-98-1: 899
sg2-1-1: 933
sg2-1-2: 787
sg2-2-1: 851
sg2-2-2: 869
sg2-4-1: 932
sg2-4-2: 899
sg2-5-1: 815
sg2-5-2: 879
sg2-6-1: 965
sg2-6-2: 1014
sg2-7-1: 942
sg2-7-2: 899
sg2-8-1: 815
sg2-8-2: 923
sg3-1-1: 954
sg3-10-1: 796
sg3-2-1: 941
sg3-3-1: 824
sg3-4-1: 794
sg3-5-1: 944
sg3-6-1: 853
sg3-9-1: 969

# samples per stage
0: 18268
1: 11319
2: 26640
3: 15950
4: 10513
[2024-10-02 18:53:47,544][INFO][data_loaders:43] - class distribution after data reduction:
# samples per subject
sg1-39-1: 40222
sg1-9-1: 41678

# samples per stage
0: 19656
1: 14469
2: 25298
3: 11830
4: 10647
[2024-10-02 18:53:48,123][INFO][data_loaders:39] - class distribution before data reduction:
# samples per subject
sg1-21-1: 1054
sg1-24-1: 830
sg1-30-1: 882
sg1-4-1: 963
sg1-41-1: 974
sg1-55-1: 879
sg1-79-1: 880
sg1-87-1: 926

# samples per stage
0: 1418
1: 795
2: 2616
3: 1318
4: 1241
[2024-10-02 18:53:48,144][INFO][data_loaders:43] - class distribution after data reduction:
# samples per subject
sg1-21-1: 1054
sg1-24-1: 830
sg1-30-1: 882
sg1-4-1: 963
sg1-41-1: 974
sg1-55-1: 879
sg1-79-1: 880
sg1-87-1: 926

# samples per stage
0: 1418
1: 795
2: 2616
3: 1318
4: 1241
[2024-10-02 18:53:48,161][INFO][clas_trainer:49] - metrics before training (epoch 0):
[2024-10-02 18:54:32,432][INFO][clas_evaluator:132] - dataset: earlystopping, avg f1-score: 0.1217
[2024-10-02 18:55:18,721][INFO][clas_trainer:133] - train epoch: 1 [8160/81900 (10%)], lr: ['1.00e-04', '1.00e-04'], loss: 1.946592
[2024-10-02 18:56:05,968][INFO][clas_trainer:133] - train epoch: 1 [16352/81900 (20%)], lr: ['1.00e-04', '1.00e-04'], loss: 2.092479
[2024-10-02 18:56:52,622][INFO][clas_trainer:133] - train epoch: 1 [24544/81900 (30%)], lr: ['1.00e-04', '1.00e-04'], loss: 1.128505
[2024-10-02 18:57:43,351][INFO][clas_trainer:133] - train epoch: 1 [32736/81900 (40%)], lr: ['1.00e-04', '1.00e-04'], loss: 1.332679
[2024-10-02 18:58:34,690][INFO][clas_trainer:133] - train epoch: 1 [40928/81900 (50%)], lr: ['1.00e-04', '1.00e-04'], loss: 1.355761
[2024-10-02 18:59:22,146][INFO][clas_trainer:133] - train epoch: 1 [49120/81900 (60%)], lr: ['1.00e-04', '1.00e-04'], loss: 1.191738
[2024-10-02 19:00:06,667][INFO][clas_trainer:133] - train epoch: 1 [57312/81900 (70%)], lr: ['1.00e-04', '1.00e-04'], loss: 0.710544
[2024-10-02 19:00:50,935][INFO][clas_trainer:133] - train epoch: 1 [65504/81900 (80%)], lr: ['1.00e-04', '1.00e-04'], loss: 0.932837
[2024-10-02 19:01:36,438][INFO][clas_trainer:133] - train epoch: 1 [73696/81900 (90%)], lr: ['1.00e-04', '1.00e-04'], loss: 1.313521
[2024-10-02 19:02:22,110][INFO][clas_trainer:133] - train epoch: 1 [30708/81900 (100%)], lr: ['1.00e-04', '1.00e-04'], loss: 1.949378
[2024-10-02 19:03:07,062][INFO][clas_trainer:63] - [epoch   1] execution time: 514.63s	metrics:
[2024-10-02 19:03:07,062][INFO][clas_evaluator:132] - dataset: earlystopping, avg f1-score: 0.3202
[2024-10-02 19:03:07,104][INFO][base_model:51] - snapshot saved to XXX/frequency-pretraining/models/exp006a-m121-base_fe_clas-2024-10-02_10-52-14-final.pth
[2024-10-02 19:03:52,624][INFO][clas_trainer:133] - train epoch: 2 [8160/81900 (10%)], lr: ['1.00e-04', '1.00e-04'], loss: 0.613635
[2024-10-02 19:04:36,770][INFO][clas_trainer:133] - train epoch: 2 [16352/81900 (20%)], lr: ['1.00e-04', '1.00e-04'], loss: 0.669481
[2024-10-02 19:05:21,091][INFO][clas_trainer:133] - train epoch: 2 [24544/81900 (30%)], lr: ['1.00e-04', '1.00e-04'], loss: 0.700989
[2024-10-02 19:06:07,785][INFO][clas_trainer:133] - train epoch: 2 [32736/81900 (40%)], lr: ['1.00e-04', '1.00e-04'], loss: 0.487910
[2024-10-02 19:06:55,728][INFO][clas_trainer:133] - train epoch: 2 [40928/81900 (50%)], lr: ['1.00e-04', '1.00e-04'], loss: 0.526940
[2024-10-02 19:07:40,035][INFO][clas_trainer:133] - train epoch: 2 [49120/81900 (60%)], lr: ['1.00e-04', '1.00e-04'], loss: 0.751471
[2024-10-02 19:08:23,101][INFO][clas_trainer:133] - train epoch: 2 [57312/81900 (70%)], lr: ['1.00e-04', '1.00e-04'], loss: 0.306126
[2024-10-02 19:09:08,898][INFO][clas_trainer:133] - train epoch: 2 [65504/81900 (80%)], lr: ['1.00e-04', '1.00e-04'], loss: 0.245347
[2024-10-02 19:09:50,945][INFO][clas_trainer:133] - train epoch: 2 [73696/81900 (90%)], lr: ['1.00e-04', '1.00e-04'], loss: 0.365711
[2024-10-02 19:10:31,755][INFO][clas_trainer:133] - train epoch: 2 [30708/81900 (100%)], lr: ['1.00e-04', '1.00e-04'], loss: 0.266206
[2024-10-02 19:11:13,645][INFO][clas_trainer:63] - [epoch   2] execution time: 486.54s	metrics:
[2024-10-02 19:11:13,646][INFO][clas_evaluator:132] - dataset: earlystopping, avg f1-score: 0.4847
[2024-10-02 19:11:13,687][INFO][base_model:51] - snapshot saved to XXX/frequency-pretraining/models/exp006a-m121-base_fe_clas-2024-10-02_10-52-14-final.pth
[2024-10-02 19:11:58,841][INFO][clas_trainer:133] - train epoch: 3 [8160/81900 (10%)], lr: ['1.00e-04', '1.00e-04'], loss: 0.150796
[2024-10-02 19:12:40,894][INFO][clas_trainer:133] - train epoch: 3 [16352/81900 (20%)], lr: ['1.00e-04', '1.00e-04'], loss: 0.386304
[2024-10-02 19:13:23,728][INFO][clas_trainer:133] - train epoch: 3 [24544/81900 (30%)], lr: ['1.00e-04', '1.00e-04'], loss: 0.244146
[2024-10-02 19:14:06,213][INFO][clas_trainer:133] - train epoch: 3 [32736/81900 (40%)], lr: ['1.00e-04', '1.00e-04'], loss: 0.192373
[2024-10-02 19:14:50,810][INFO][clas_trainer:133] - train epoch: 3 [40928/81900 (50%)], lr: ['1.00e-04', '1.00e-04'], loss: 0.304028
[2024-10-02 19:15:35,963][INFO][clas_trainer:133] - train epoch: 3 [49120/81900 (60%)], lr: ['1.00e-04', '1.00e-04'], loss: 0.195398
[2024-10-02 19:16:20,709][INFO][clas_trainer:133] - train epoch: 3 [57312/81900 (70%)], lr: ['1.00e-04', '1.00e-04'], loss: 0.127180
[2024-10-02 19:17:04,754][INFO][clas_trainer:133] - train epoch: 3 [65504/81900 (80%)], lr: ['1.00e-04', '1.00e-04'], loss: 0.402181
[2024-10-02 19:17:50,526][INFO][clas_trainer:133] - train epoch: 3 [73696/81900 (90%)], lr: ['1.00e-04', '1.00e-04'], loss: 0.086362
[2024-10-02 19:18:35,314][INFO][clas_trainer:133] - train epoch: 3 [30708/81900 (100%)], lr: ['1.00e-04', '1.00e-04'], loss: 0.180871
[2024-10-02 19:19:15,919][INFO][clas_trainer:63] - [epoch   3] execution time: 482.23s	metrics:
[2024-10-02 19:19:15,920][INFO][clas_evaluator:132] - dataset: earlystopping, avg f1-score: 0.5542
[2024-10-02 19:19:15,961][INFO][base_model:51] - snapshot saved to XXX/frequency-pretraining/models/exp006a-m121-base_fe_clas-2024-10-02_10-52-14-final.pth
[2024-10-02 19:20:02,612][INFO][clas_trainer:133] - train epoch: 4 [8160/81900 (10%)], lr: ['1.00e-04', '1.00e-04'], loss: 0.118164
[2024-10-02 19:20:47,689][INFO][clas_trainer:133] - train epoch: 4 [16352/81900 (20%)], lr: ['1.00e-04', '1.00e-04'], loss: 0.055246
[2024-10-02 19:21:37,311][INFO][clas_trainer:133] - train epoch: 4 [24544/81900 (30%)], lr: ['1.00e-04', '1.00e-04'], loss: 0.117709
[2024-10-02 19:22:24,344][INFO][clas_trainer:133] - train epoch: 4 [32736/81900 (40%)], lr: ['1.00e-04', '1.00e-04'], loss: 0.175470
[2024-10-02 19:23:10,061][INFO][clas_trainer:133] - train epoch: 4 [40928/81900 (50%)], lr: ['1.00e-04', '1.00e-04'], loss: 0.122312
[2024-10-02 19:23:59,513][INFO][clas_trainer:133] - train epoch: 4 [49120/81900 (60%)], lr: ['1.00e-04', '1.00e-04'], loss: 0.190301
[2024-10-02 19:24:44,711][INFO][clas_trainer:133] - train epoch: 4 [57312/81900 (70%)], lr: ['1.00e-04', '1.00e-04'], loss: 0.335855
[2024-10-02 19:25:28,334][INFO][clas_trainer:133] - train epoch: 4 [65504/81900 (80%)], lr: ['1.00e-04', '1.00e-04'], loss: 0.169035
[2024-10-02 19:26:17,219][INFO][clas_trainer:133] - train epoch: 4 [73696/81900 (90%)], lr: ['1.00e-04', '1.00e-04'], loss: 0.201017
[2024-10-02 19:27:02,052][INFO][clas_trainer:133] - train epoch: 4 [30708/81900 (100%)], lr: ['1.00e-04', '1.00e-04'], loss: 0.090711
[2024-10-02 19:27:46,590][INFO][clas_trainer:63] - [epoch   4] execution time: 510.63s	metrics:
[2024-10-02 19:27:46,590][INFO][clas_evaluator:132] - dataset: earlystopping, avg f1-score: 0.5904
[2024-10-02 19:27:46,631][INFO][base_model:51] - snapshot saved to XXX/frequency-pretraining/models/exp006a-m121-base_fe_clas-2024-10-02_10-52-14-final.pth
[2024-10-02 19:28:36,766][INFO][clas_trainer:133] - train epoch: 5 [8160/81900 (10%)], lr: ['1.00e-04', '1.00e-04'], loss: 0.147643
[2024-10-02 19:29:25,643][INFO][clas_trainer:133] - train epoch: 5 [16352/81900 (20%)], lr: ['1.00e-04', '1.00e-04'], loss: 0.072349
[2024-10-02 19:30:13,314][INFO][clas_trainer:133] - train epoch: 5 [24544/81900 (30%)], lr: ['1.00e-04', '1.00e-04'], loss: 0.184062
[2024-10-02 19:31:00,818][INFO][clas_trainer:133] - train epoch: 5 [32736/81900 (40%)], lr: ['1.00e-04', '1.00e-04'], loss: 0.312917
[2024-10-02 19:31:52,376][INFO][clas_trainer:133] - train epoch: 5 [40928/81900 (50%)], lr: ['1.00e-04', '1.00e-04'], loss: 0.088339
[2024-10-02 19:32:42,045][INFO][clas_trainer:133] - train epoch: 5 [49120/81900 (60%)], lr: ['1.00e-04', '1.00e-04'], loss: 0.418212
[2024-10-02 19:33:30,786][INFO][clas_trainer:133] - train epoch: 5 [57312/81900 (70%)], lr: ['1.00e-04', '1.00e-04'], loss: 0.221707
[2024-10-02 19:34:16,961][INFO][clas_trainer:133] - train epoch: 5 [65504/81900 (80%)], lr: ['1.00e-04', '1.00e-04'], loss: 0.021280
[2024-10-02 19:35:02,326][INFO][clas_trainer:133] - train epoch: 5 [73696/81900 (90%)], lr: ['1.00e-04', '1.00e-04'], loss: 0.174147
[2024-10-02 19:35:50,879][INFO][clas_trainer:133] - train epoch: 5 [30708/81900 (100%)], lr: ['1.00e-04', '1.00e-04'], loss: 0.060100
[2024-10-02 19:36:38,692][INFO][clas_trainer:63] - [epoch   5] execution time: 532.06s	metrics:
[2024-10-02 19:36:38,693][INFO][clas_evaluator:132] - dataset: earlystopping, avg f1-score: 0.6118
[2024-10-02 19:36:38,743][INFO][base_model:51] - snapshot saved to XXX/frequency-pretraining/models/exp006a-m121-base_fe_clas-2024-10-02_10-52-14-final.pth
[2024-10-02 19:37:25,984][INFO][clas_trainer:133] - train epoch: 6 [8160/81900 (10%)], lr: ['1.00e-04', '1.00e-04'], loss: 0.084409
[2024-10-02 19:38:14,626][INFO][clas_trainer:133] - train epoch: 6 [16352/81900 (20%)], lr: ['1.00e-04', '1.00e-04'], loss: 0.035141
[2024-10-02 19:39:00,517][INFO][clas_trainer:133] - train epoch: 6 [24544/81900 (30%)], lr: ['1.00e-04', '1.00e-04'], loss: 0.072454
[2024-10-02 19:39:48,930][INFO][clas_trainer:133] - train epoch: 6 [32736/81900 (40%)], lr: ['1.00e-04', '1.00e-04'], loss: 0.092793
[2024-10-02 19:40:36,141][INFO][clas_trainer:133] - train epoch: 6 [40928/81900 (50%)], lr: ['1.00e-04', '1.00e-04'], loss: 0.007872
[2024-10-02 19:41:19,761][INFO][clas_trainer:133] - train epoch: 6 [49120/81900 (60%)], lr: ['1.00e-04', '1.00e-04'], loss: 0.095716
[2024-10-02 19:42:06,480][INFO][clas_trainer:133] - train epoch: 6 [57312/81900 (70%)], lr: ['1.00e-04', '1.00e-04'], loss: 0.068499
[2024-10-02 19:42:52,023][INFO][clas_trainer:133] - train epoch: 6 [65504/81900 (80%)], lr: ['1.00e-04', '1.00e-04'], loss: 0.063628
[2024-10-02 19:43:40,783][INFO][clas_trainer:133] - train epoch: 6 [73696/81900 (90%)], lr: ['1.00e-04', '1.00e-04'], loss: 0.040380
[2024-10-02 19:44:27,122][INFO][clas_trainer:133] - train epoch: 6 [30708/81900 (100%)], lr: ['1.00e-04', '1.00e-04'], loss: 0.105976
[2024-10-02 19:45:11,003][INFO][clas_trainer:63] - [epoch   6] execution time: 512.26s	metrics:
[2024-10-02 19:45:11,004][INFO][clas_evaluator:132] - dataset: earlystopping, avg f1-score: 0.6328
[2024-10-02 19:45:11,045][INFO][base_model:51] - snapshot saved to XXX/frequency-pretraining/models/exp006a-m121-base_fe_clas-2024-10-02_10-52-14-final.pth
[2024-10-02 19:45:59,660][INFO][clas_trainer:133] - train epoch: 7 [8160/81900 (10%)], lr: ['1.00e-04', '1.00e-04'], loss: 0.035600
[2024-10-02 19:46:48,721][INFO][clas_trainer:133] - train epoch: 7 [16352/81900 (20%)], lr: ['1.00e-04', '1.00e-04'], loss: 0.061072
[2024-10-02 19:47:34,875][INFO][clas_trainer:133] - train epoch: 7 [24544/81900 (30%)], lr: ['1.00e-04', '1.00e-04'], loss: 0.092178
[2024-10-02 19:48:22,006][INFO][clas_trainer:133] - train epoch: 7 [32736/81900 (40%)], lr: ['1.00e-04', '1.00e-04'], loss: 0.013342
[2024-10-02 19:49:07,761][INFO][clas_trainer:133] - train epoch: 7 [40928/81900 (50%)], lr: ['1.00e-04', '1.00e-04'], loss: 0.039794
[2024-10-02 19:49:54,253][INFO][clas_trainer:133] - train epoch: 7 [49120/81900 (60%)], lr: ['1.00e-04', '1.00e-04'], loss: 0.006996
[2024-10-02 19:50:38,733][INFO][clas_trainer:133] - train epoch: 7 [57312/81900 (70%)], lr: ['1.00e-04', '1.00e-04'], loss: 0.119324
[2024-10-02 19:51:26,810][INFO][clas_trainer:133] - train epoch: 7 [65504/81900 (80%)], lr: ['1.00e-04', '1.00e-04'], loss: 0.030980
[2024-10-02 19:52:13,625][INFO][clas_trainer:133] - train epoch: 7 [73696/81900 (90%)], lr: ['1.00e-04', '1.00e-04'], loss: 0.033133
[2024-10-02 19:53:01,955][INFO][clas_trainer:133] - train epoch: 7 [30708/81900 (100%)], lr: ['1.00e-04', '1.00e-04'], loss: 0.013037
[2024-10-02 19:53:47,342][INFO][clas_trainer:63] - [epoch   7] execution time: 516.30s	metrics:
[2024-10-02 19:53:47,343][INFO][clas_evaluator:132] - dataset: earlystopping, avg f1-score: 0.6834
[2024-10-02 19:53:47,385][INFO][base_model:51] - snapshot saved to XXX/frequency-pretraining/models/exp006a-m121-base_fe_clas-2024-10-02_10-52-14-final.pth
[2024-10-02 19:54:38,144][INFO][clas_trainer:133] - train epoch: 8 [8160/81900 (10%)], lr: ['1.00e-04', '1.00e-04'], loss: 0.014523
[2024-10-02 19:55:25,342][INFO][clas_trainer:133] - train epoch: 8 [16352/81900 (20%)], lr: ['1.00e-04', '1.00e-04'], loss: 0.042087
[2024-10-02 19:56:11,562][INFO][clas_trainer:133] - train epoch: 8 [24544/81900 (30%)], lr: ['1.00e-04', '1.00e-04'], loss: 0.012680
[2024-10-02 19:56:58,761][INFO][clas_trainer:133] - train epoch: 8 [32736/81900 (40%)], lr: ['1.00e-04', '1.00e-04'], loss: 0.004646
[2024-10-02 19:57:45,218][INFO][clas_trainer:133] - train epoch: 8 [40928/81900 (50%)], lr: ['1.00e-04', '1.00e-04'], loss: 0.007037
[2024-10-02 19:58:30,984][INFO][clas_trainer:133] - train epoch: 8 [49120/81900 (60%)], lr: ['1.00e-04', '1.00e-04'], loss: 0.166886
[2024-10-02 19:59:19,579][INFO][clas_trainer:133] - train epoch: 8 [57312/81900 (70%)], lr: ['1.00e-04', '1.00e-04'], loss: 0.028861
[2024-10-02 20:00:06,931][INFO][clas_trainer:133] - train epoch: 8 [65504/81900 (80%)], lr: ['1.00e-04', '1.00e-04'], loss: 0.022805
[2024-10-02 20:00:53,068][INFO][clas_trainer:133] - train epoch: 8 [73696/81900 (90%)], lr: ['1.00e-04', '1.00e-04'], loss: 0.070838
[2024-10-02 20:01:38,655][INFO][clas_trainer:133] - train epoch: 8 [30708/81900 (100%)], lr: ['1.00e-04', '1.00e-04'], loss: 0.050658
[2024-10-02 20:02:24,388][INFO][clas_trainer:63] - [epoch   8] execution time: 517.00s	metrics:
[2024-10-02 20:02:24,389][INFO][clas_evaluator:132] - dataset: earlystopping, avg f1-score: 0.6302
[2024-10-02 20:03:13,500][INFO][clas_trainer:133] - train epoch: 9 [8160/81900 (10%)], lr: ['1.00e-04', '1.00e-04'], loss: 0.002047
[2024-10-02 20:04:00,090][INFO][clas_trainer:133] - train epoch: 9 [16352/81900 (20%)], lr: ['1.00e-04', '1.00e-04'], loss: 0.013758
[2024-10-02 20:04:47,774][INFO][clas_trainer:133] - train epoch: 9 [24544/81900 (30%)], lr: ['1.00e-04', '1.00e-04'], loss: 0.016740
[2024-10-02 20:05:34,036][INFO][clas_trainer:133] - train epoch: 9 [32736/81900 (40%)], lr: ['1.00e-04', '1.00e-04'], loss: 0.023604
[2024-10-02 20:06:22,280][INFO][clas_trainer:133] - train epoch: 9 [40928/81900 (50%)], lr: ['1.00e-04', '1.00e-04'], loss: 0.022415
[2024-10-02 20:07:07,893][INFO][clas_trainer:133] - train epoch: 9 [49120/81900 (60%)], lr: ['1.00e-04', '1.00e-04'], loss: 0.001149
[2024-10-02 20:07:53,147][INFO][clas_trainer:133] - train epoch: 9 [57312/81900 (70%)], lr: ['1.00e-04', '1.00e-04'], loss: 0.001874
[2024-10-02 20:08:39,562][INFO][clas_trainer:133] - train epoch: 9 [65504/81900 (80%)], lr: ['1.00e-04', '1.00e-04'], loss: 0.036630
[2024-10-02 20:09:27,421][INFO][clas_trainer:133] - train epoch: 9 [73696/81900 (90%)], lr: ['1.00e-04', '1.00e-04'], loss: 0.002321
[2024-10-02 20:10:14,088][INFO][clas_trainer:133] - train epoch: 9 [30708/81900 (100%)], lr: ['1.00e-04', '1.00e-04'], loss: 0.000350
[2024-10-02 20:11:01,053][INFO][clas_trainer:63] - [epoch   9] execution time: 516.66s	metrics:
[2024-10-02 20:11:01,054][INFO][clas_evaluator:132] - dataset: earlystopping, avg f1-score: 0.6315
[2024-10-02 20:11:48,529][INFO][clas_trainer:133] - train epoch: 10 [8160/81900 (10%)], lr: ['1.00e-04', '1.00e-04'], loss: 0.093250
[2024-10-02 20:12:34,334][INFO][clas_trainer:133] - train epoch: 10 [16352/81900 (20%)], lr: ['1.00e-04', '1.00e-04'], loss: 0.073300
[2024-10-02 20:13:21,559][INFO][clas_trainer:133] - train epoch: 10 [24544/81900 (30%)], lr: ['1.00e-04', '1.00e-04'], loss: 0.000521
[2024-10-02 20:14:07,517][INFO][clas_trainer:133] - train epoch: 10 [32736/81900 (40%)], lr: ['1.00e-04', '1.00e-04'], loss: 0.048935
[2024-10-02 20:14:54,189][INFO][clas_trainer:133] - train epoch: 10 [40928/81900 (50%)], lr: ['1.00e-04', '1.00e-04'], loss: 0.018186
[2024-10-02 20:15:42,670][INFO][clas_trainer:133] - train epoch: 10 [49120/81900 (60%)], lr: ['1.00e-04', '1.00e-04'], loss: 0.005446
[2024-10-02 20:16:28,121][INFO][clas_trainer:133] - train epoch: 10 [57312/81900 (70%)], lr: ['1.00e-04', '1.00e-04'], loss: 0.126050
[2024-10-02 20:17:14,532][INFO][clas_trainer:133] - train epoch: 10 [65504/81900 (80%)], lr: ['1.00e-04', '1.00e-04'], loss: 0.011492
[2024-10-02 20:18:01,751][INFO][clas_trainer:133] - train epoch: 10 [73696/81900 (90%)], lr: ['1.00e-04', '1.00e-04'], loss: 0.020919
[2024-10-02 20:18:46,595][INFO][clas_trainer:133] - train epoch: 10 [30708/81900 (100%)], lr: ['1.00e-04', '1.00e-04'], loss: 0.001354
[2024-10-02 20:19:33,195][INFO][clas_trainer:63] - [epoch  10] execution time: 512.13s	metrics:
[2024-10-02 20:19:33,196][INFO][clas_evaluator:132] - dataset: earlystopping, avg f1-score: 0.6183
[2024-10-02 20:20:19,747][INFO][clas_trainer:133] - train epoch: 11 [8160/81900 (10%)], lr: ['1.00e-04', '1.00e-04'], loss: 0.135756
[2024-10-02 20:21:06,762][INFO][clas_trainer:133] - train epoch: 11 [16352/81900 (20%)], lr: ['1.00e-04', '1.00e-04'], loss: 0.002155
[2024-10-02 20:21:52,468][INFO][clas_trainer:133] - train epoch: 11 [24544/81900 (30%)], lr: ['1.00e-04', '1.00e-04'], loss: 0.002120
[2024-10-02 20:22:41,295][INFO][clas_trainer:133] - train epoch: 11 [32736/81900 (40%)], lr: ['1.00e-04', '1.00e-04'], loss: 0.002278
[2024-10-02 20:23:24,154][INFO][clas_trainer:133] - train epoch: 11 [40928/81900 (50%)], lr: ['1.00e-04', '1.00e-04'], loss: 0.014961
[2024-10-02 20:24:07,698][INFO][clas_trainer:133] - train epoch: 11 [49120/81900 (60%)], lr: ['1.00e-04', '1.00e-04'], loss: 0.003013
[2024-10-02 20:24:54,011][INFO][clas_trainer:133] - train epoch: 11 [57312/81900 (70%)], lr: ['1.00e-04', '1.00e-04'], loss: 0.065852
[2024-10-02 20:25:39,139][INFO][clas_trainer:133] - train epoch: 11 [65504/81900 (80%)], lr: ['1.00e-04', '1.00e-04'], loss: 0.045640
[2024-10-02 20:26:26,379][INFO][clas_trainer:133] - train epoch: 11 [73696/81900 (90%)], lr: ['1.00e-04', '1.00e-04'], loss: 0.009010
[2024-10-02 20:27:10,623][INFO][clas_trainer:133] - train epoch: 11 [30708/81900 (100%)], lr: ['1.00e-04', '1.00e-04'], loss: 0.003691
[2024-10-02 20:27:54,956][INFO][clas_trainer:63] - [epoch  11] execution time: 501.76s	metrics:
[2024-10-02 20:27:54,957][INFO][clas_evaluator:132] - dataset: earlystopping, avg f1-score: 0.6417
[2024-10-02 20:28:43,222][INFO][clas_trainer:133] - train epoch: 12 [8160/81900 (10%)], lr: ['1.00e-04', '1.00e-04'], loss: 0.032656
[2024-10-02 20:29:26,932][INFO][clas_trainer:133] - train epoch: 12 [16352/81900 (20%)], lr: ['1.00e-04', '1.00e-04'], loss: 0.049413
[2024-10-02 20:30:10,822][INFO][clas_trainer:133] - train epoch: 12 [24544/81900 (30%)], lr: ['1.00e-04', '1.00e-04'], loss: 0.004298
[2024-10-02 20:30:55,183][INFO][clas_trainer:133] - train epoch: 12 [32736/81900 (40%)], lr: ['1.00e-04', '1.00e-04'], loss: 0.021868
[2024-10-02 20:31:37,118][INFO][clas_trainer:133] - train epoch: 12 [40928/81900 (50%)], lr: ['1.00e-04', '1.00e-04'], loss: 0.005976
[2024-10-02 20:32:22,241][INFO][clas_trainer:133] - train epoch: 12 [49120/81900 (60%)], lr: ['1.00e-04', '1.00e-04'], loss: 0.003539
[2024-10-02 20:33:07,255][INFO][clas_trainer:133] - train epoch: 12 [57312/81900 (70%)], lr: ['1.00e-04', '1.00e-04'], loss: 0.001415
[2024-10-02 20:33:51,478][INFO][clas_trainer:133] - train epoch: 12 [65504/81900 (80%)], lr: ['1.00e-04', '1.00e-04'], loss: 0.071928
[2024-10-02 20:34:36,453][INFO][clas_trainer:133] - train epoch: 12 [73696/81900 (90%)], lr: ['1.00e-04', '1.00e-04'], loss: 0.033358
[2024-10-02 20:35:19,084][INFO][clas_trainer:133] - train epoch: 12 [30708/81900 (100%)], lr: ['1.00e-04', '1.00e-04'], loss: 0.000915
[2024-10-02 20:36:02,229][INFO][clas_trainer:63] - [epoch  12] execution time: 487.27s	metrics:
[2024-10-02 20:36:02,230][INFO][clas_evaluator:132] - dataset: earlystopping, avg f1-score: 0.6708
[2024-10-02 20:36:50,955][INFO][clas_trainer:133] - train epoch: 13 [8160/81900 (10%)], lr: ['1.00e-04', '1.00e-04'], loss: 0.001295
[2024-10-02 20:37:37,907][INFO][clas_trainer:133] - train epoch: 13 [16352/81900 (20%)], lr: ['1.00e-04', '1.00e-04'], loss: 0.124050
[2024-10-02 20:38:24,240][INFO][clas_trainer:133] - train epoch: 13 [24544/81900 (30%)], lr: ['1.00e-04', '1.00e-04'], loss: 0.001653
[2024-10-02 20:39:10,867][INFO][clas_trainer:133] - train epoch: 13 [32736/81900 (40%)], lr: ['1.00e-04', '1.00e-04'], loss: 0.004330
[2024-10-02 20:39:56,648][INFO][clas_trainer:133] - train epoch: 13 [40928/81900 (50%)], lr: ['1.00e-04', '1.00e-04'], loss: 0.000795
[2024-10-02 20:40:41,977][INFO][clas_trainer:133] - train epoch: 13 [49120/81900 (60%)], lr: ['1.00e-04', '1.00e-04'], loss: 0.111187
[2024-10-02 20:41:29,543][INFO][clas_trainer:133] - train epoch: 13 [57312/81900 (70%)], lr: ['1.00e-04', '1.00e-04'], loss: 0.004346
[2024-10-02 20:42:18,010][INFO][clas_trainer:133] - train epoch: 13 [65504/81900 (80%)], lr: ['1.00e-04', '1.00e-04'], loss: 0.004688
[2024-10-02 20:43:06,672][INFO][clas_trainer:133] - train epoch: 13 [73696/81900 (90%)], lr: ['1.00e-04', '1.00e-04'], loss: 0.000405
[2024-10-02 20:43:54,664][INFO][clas_trainer:133] - train epoch: 13 [30708/81900 (100%)], lr: ['1.00e-04', '1.00e-04'], loss: 0.008228
[2024-10-02 20:44:42,590][INFO][clas_trainer:63] - [epoch  13] execution time: 520.36s	metrics:
[2024-10-02 20:44:42,591][INFO][clas_evaluator:132] - dataset: earlystopping, avg f1-score: 0.6340
[2024-10-02 20:45:29,239][INFO][clas_trainer:133] - train epoch: 14 [8160/81900 (10%)], lr: ['1.00e-04', '1.00e-04'], loss: 0.000375
[2024-10-02 20:46:16,900][INFO][clas_trainer:133] - train epoch: 14 [16352/81900 (20%)], lr: ['1.00e-04', '1.00e-04'], loss: 0.001503
[2024-10-02 20:47:01,961][INFO][clas_trainer:133] - train epoch: 14 [24544/81900 (30%)], lr: ['1.00e-04', '1.00e-04'], loss: 0.002597
[2024-10-02 20:47:47,979][INFO][clas_trainer:133] - train epoch: 14 [32736/81900 (40%)], lr: ['1.00e-04', '1.00e-04'], loss: 0.093936
[2024-10-02 20:48:34,628][INFO][clas_trainer:133] - train epoch: 14 [40928/81900 (50%)], lr: ['1.00e-04', '1.00e-04'], loss: 0.000336
[2024-10-02 20:49:21,857][INFO][clas_trainer:133] - train epoch: 14 [49120/81900 (60%)], lr: ['1.00e-04', '1.00e-04'], loss: 0.000974
[2024-10-02 20:50:09,417][INFO][clas_trainer:133] - train epoch: 14 [57312/81900 (70%)], lr: ['1.00e-04', '1.00e-04'], loss: 0.001926
[2024-10-02 20:50:57,129][INFO][clas_trainer:133] - train epoch: 14 [65504/81900 (80%)], lr: ['1.00e-04', '1.00e-04'], loss: 0.000720
[2024-10-02 20:51:46,691][INFO][clas_trainer:133] - train epoch: 14 [73696/81900 (90%)], lr: ['1.00e-04', '1.00e-04'], loss: 0.000656
[2024-10-02 20:52:32,819][INFO][clas_trainer:133] - train epoch: 14 [30708/81900 (100%)], lr: ['1.00e-04', '1.00e-04'], loss: 0.291214
[2024-10-02 20:53:20,972][INFO][clas_trainer:63] - [epoch  14] execution time: 518.38s	metrics:
[2024-10-02 20:53:20,972][INFO][clas_evaluator:132] - dataset: earlystopping, avg f1-score: 0.6733
[2024-10-02 20:54:13,244][INFO][clas_trainer:133] - train epoch: 15 [8160/81900 (10%)], lr: ['1.00e-04', '1.00e-04'], loss: 0.011594
[2024-10-02 20:55:01,663][INFO][clas_trainer:133] - train epoch: 15 [16352/81900 (20%)], lr: ['1.00e-04', '1.00e-04'], loss: 0.010075
[2024-10-02 20:55:51,315][INFO][clas_trainer:133] - train epoch: 15 [24544/81900 (30%)], lr: ['1.00e-04', '1.00e-04'], loss: 0.064382
[2024-10-02 20:56:38,710][INFO][clas_trainer:133] - train epoch: 15 [32736/81900 (40%)], lr: ['1.00e-04', '1.00e-04'], loss: 0.003598
[2024-10-02 20:57:26,645][INFO][clas_trainer:133] - train epoch: 15 [40928/81900 (50%)], lr: ['1.00e-04', '1.00e-04'], loss: 0.000415
[2024-10-02 20:58:14,937][INFO][clas_trainer:133] - train epoch: 15 [49120/81900 (60%)], lr: ['1.00e-04', '1.00e-04'], loss: 0.026397
[2024-10-02 20:59:03,336][INFO][clas_trainer:133] - train epoch: 15 [57312/81900 (70%)], lr: ['1.00e-04', '1.00e-04'], loss: 0.013271
[2024-10-02 20:59:53,641][INFO][clas_trainer:133] - train epoch: 15 [65504/81900 (80%)], lr: ['1.00e-04', '1.00e-04'], loss: 0.001721
[2024-10-02 21:00:42,198][INFO][clas_trainer:133] - train epoch: 15 [73696/81900 (90%)], lr: ['1.00e-04', '1.00e-04'], loss: 0.001783
[2024-10-02 21:01:30,279][INFO][clas_trainer:133] - train epoch: 15 [30708/81900 (100%)], lr: ['1.00e-04', '1.00e-04'], loss: 0.001860
[2024-10-02 21:02:19,061][INFO][clas_trainer:63] - [epoch  15] execution time: 538.09s	metrics:
[2024-10-02 21:02:19,062][INFO][clas_evaluator:132] - dataset: earlystopping, avg f1-score: 0.6607
[2024-10-02 21:03:05,660][INFO][clas_trainer:133] - train epoch: 16 [8160/81900 (10%)], lr: ['1.00e-04', '1.00e-04'], loss: 0.002802
[2024-10-02 21:03:50,672][INFO][clas_trainer:133] - train epoch: 16 [16352/81900 (20%)], lr: ['1.00e-04', '1.00e-04'], loss: 0.010674
[2024-10-02 21:04:38,637][INFO][clas_trainer:133] - train epoch: 16 [24544/81900 (30%)], lr: ['1.00e-04', '1.00e-04'], loss: 0.002882
[2024-10-02 21:05:24,356][INFO][clas_trainer:133] - train epoch: 16 [32736/81900 (40%)], lr: ['1.00e-04', '1.00e-04'], loss: 0.002169
[2024-10-02 21:06:11,067][INFO][clas_trainer:133] - train epoch: 16 [40928/81900 (50%)], lr: ['1.00e-04', '1.00e-04'], loss: 0.000558
[2024-10-02 21:06:56,739][INFO][clas_trainer:133] - train epoch: 16 [49120/81900 (60%)], lr: ['1.00e-04', '1.00e-04'], loss: 0.017048
[2024-10-02 21:07:45,096][INFO][clas_trainer:133] - train epoch: 16 [57312/81900 (70%)], lr: ['1.00e-04', '1.00e-04'], loss: 0.000334
[2024-10-02 21:08:31,069][INFO][clas_trainer:133] - train epoch: 16 [65504/81900 (80%)], lr: ['1.00e-04', '1.00e-04'], loss: 0.006977
[2024-10-02 21:09:15,633][INFO][clas_trainer:133] - train epoch: 16 [73696/81900 (90%)], lr: ['1.00e-04', '1.00e-04'], loss: 0.002069
[2024-10-02 21:10:01,467][INFO][clas_trainer:133] - train epoch: 16 [30708/81900 (100%)], lr: ['1.00e-04', '1.00e-04'], loss: 0.072211
[2024-10-02 21:10:47,901][INFO][clas_trainer:63] - [epoch  16] execution time: 508.84s	metrics:
[2024-10-02 21:10:47,902][INFO][clas_evaluator:132] - dataset: earlystopping, avg f1-score: 0.6779
[2024-10-02 21:11:34,593][INFO][clas_trainer:133] - train epoch: 17 [8160/81900 (10%)], lr: ['1.00e-04', '1.00e-04'], loss: 0.001713
[2024-10-02 21:12:20,896][INFO][clas_trainer:133] - train epoch: 17 [16352/81900 (20%)], lr: ['1.00e-04', '1.00e-04'], loss: 0.013266
[2024-10-02 21:13:07,853][INFO][clas_trainer:133] - train epoch: 17 [24544/81900 (30%)], lr: ['1.00e-04', '1.00e-04'], loss: 0.000717
[2024-10-02 21:13:55,735][INFO][clas_trainer:133] - train epoch: 17 [32736/81900 (40%)], lr: ['1.00e-04', '1.00e-04'], loss: 0.007707
[2024-10-02 21:14:42,516][INFO][clas_trainer:133] - train epoch: 17 [40928/81900 (50%)], lr: ['1.00e-04', '1.00e-04'], loss: 0.011790
[2024-10-02 21:15:26,839][INFO][clas_trainer:133] - train epoch: 17 [49120/81900 (60%)], lr: ['1.00e-04', '1.00e-04'], loss: 0.000190
[2024-10-02 21:16:13,299][INFO][clas_trainer:133] - train epoch: 17 [57312/81900 (70%)], lr: ['1.00e-04', '1.00e-04'], loss: 0.000927
[2024-10-02 21:16:57,355][INFO][clas_trainer:133] - train epoch: 17 [65504/81900 (80%)], lr: ['1.00e-04', '1.00e-04'], loss: 0.131692
[2024-10-02 21:17:43,788][INFO][clas_trainer:133] - train epoch: 17 [73696/81900 (90%)], lr: ['1.00e-04', '1.00e-04'], loss: 0.013853
[2024-10-02 21:18:32,237][INFO][clas_trainer:133] - train epoch: 17 [30708/81900 (100%)], lr: ['1.00e-04', '1.00e-04'], loss: 0.001030
[2024-10-02 21:19:21,037][INFO][clas_trainer:63] - [epoch  17] execution time: 513.14s	metrics:
[2024-10-02 21:19:21,038][INFO][clas_evaluator:132] - dataset: earlystopping, avg f1-score: 0.6700
[2024-10-02 21:19:21,058][INFO][clas_trainer:79] - finished training
[2024-10-02 21:19:21,058][INFO][clas_trainer:80] - best model on epoch: 7 	f1-score: 0.6834
