[2023-10-17 22:18:37,341][INFO][fine-tune:29] - overrides:
hydra:
- hydra.mode=MULTIRUN
task:
- m_seed_path_sids={seeds:[7,7,7,7,7],path:"exp004b-m7-simple_multi_class-2023-10-17_12-41-35-final.pth",subject_ids:{dod_o_h:$\{data.dod_o_h.cv_5_fold.fold_3\}}}
- data.downstream.train_dataloader.dataset.data_reducer.n_epochs=130
- data.downstream.train_dataloader.dataset.data_reducer.n_subjects=3

[2023-10-17 22:18:39,288][INFO][data_loaders:39] - class distribution before data reduction:
# samples per subject
02fb158a-a658-51ee-89cf-1e1dc2ebfde1: 861
03341d0d-5927-5838-8a5f-1b8ef39d8f57: 1063
039ce8ad-a7fa-5272-a3e3-1f4bfebdd087: 915
095d6e40-5f19-55b6-a0ec-6e0ad3793da0: 1192
100df108-eb57-5eaa-a413-f7e4436a7895: 952
130f3f52-7d0a-551e-af61-2ee75455e5c9: 989
14c012bd-65b0-56f5-bc74-2dffcea69837: 969
16450f5a-9b65-5536-85e1-93816c8b89eb: 816
18ede714-aba3-5ad8-bb1a-18fc9b1c4192: 995
2159377e-ebf3-5565-9014-1e2ae69dc1d2: 907
2d01dc34-f36c-562e-b24a-d20dc798fdfc: 837
30e8a05b-4cf1-5aa8-9ef7-28d6e2949ad5: 699
37d0da97-9ae8-5413-b889-4e843ff35488: 1011
40e25dd4-6087-5747-b9c2-4838ada86b15: 1076
47f45aa2-31c4-595b-bdb6-f1348bba062b: 1032
4b72b905-5521-5c57-b666-e20ff9bb195f: 868
4e3c4ac4-69e2-5347-a3b0-662c204d259d: 926
52fbe46b-206c-584a-9f4f-1eb308e07bac: 1064
5b94ec8a-c34d-5e45-84d1-bec2ea965609: 1090
5bf0f969-304c-581e-949c-50c108f62846: 947
5ddbc68c-1283-5c27-952b-d7f102291bc2: 1097
64959ac4-53b5-5868-a845-c7476e9fdf7b: 990
742f1592-627c-54eb-bbb5-ccd55ffae33a: 975
769df255-2284-50b3-8917-2155c759fbbd: 929
79e8a04e-0fdd-53ae-bedc-d49d08e29103: 918
7ab8ff5f-a77f-567d-9882-f8bee0c3c9bf: 989
7d778801-88e7-5086-ad1d-70f31a371876: 999
7f5237b1-2196-5c8a-9543-a5aa70210ef4: 931
83c1394e-9c69-5c11-9102-9ff8d59b1cfd: 1011
844f68ba-265e-53e6-bf47-6c85d1804a7b: 957
a0c91989-530f-5117-80c1-2488dbed683c: 1017
a25b2296-343b-53f6-8792-ada2669d466e: 1008
a35a118e-e65e-5928-92a9-4354a6a0f4ce: 813
a6254c8a-f1b2-5736-b601-18245dd5e0a5: 1084
a79d1f0e-c133-5aa0-8268-cdcc05825f0f: 1046
aa160c78-6da3-5e05-8fc9-d6c13e9f97e0: 1010
aadc9e0c-b7c3-5a47-851d-f21971d10935: 969
ad47bc12-199c-5294-9cb8-4351bbbf7b5e: 893
b2d3ccdd-395c-5dd2-81d9-252bcfc0c337: 902
b3706da5-748b-5dd1-a552-f57e4456cdf6: 1041
b5d5785d-87ee-5078-b9b9-aac6abd4d8de: 918
bb474ab0-c2ce-573b-8acd-ef86b0fa26a2: 1142
c03e27b0-4cb5-584f-aaea-8f1e1ed6513c: 1121
c11c730f-0b6b-580b-af31-d8f0ebbbdfce: 917
c31a47f9-e400-5841-a22b-521c81042603: 986
c985916d-46a5-5c3e-9d50-a5a91f460bac: 1024
cc3b4b63-4a6f-5f28-ac7e-62f83c271449: 1076
cebd3520-4e77-5222-a614-d2888e6afc2b: 1109
d3cadb78-cb8c-5a6e-885c-392e457c68b1: 982
d5181c33-a43b-5dfe-8ad7-0337facb092a: 977
e59c45e0-0c0c-565f-84a9-6cf0ec5ef6c1: 844
e72505f1-21be-5d66-b620-cfcfa2d754bc: 973
e8ec8ec4-dc48-50ce-985a-a06d87861030: 975
eb95076c-c470-56a4-b788-ace310f061c6: 965
f2a69bdc-ed51-5e3f-b102-6b3f7d392be0: 960
f66bc75e-778b-5037-af86-b5275cd4c79f: 865

# samples per stage
0: 9349
1: 2953
2: 26829
3: 6330
4: 9161
[2023-10-17 22:18:39,456][INFO][data_loaders:43] - class distribution after data reduction:
# samples per subject
5b94ec8a-c34d-5e45-84d1-bec2ea965609: 18900
5ddbc68c-1283-5c27-952b-d7f102291bc2: 22680
a35a118e-e65e-5928-92a9-4354a6a0f4ce: 13020

# samples per stage
0: 3780
1: 2100
2: 30240
3: 6300
4: 12180
[2023-10-17 22:18:39,469][INFO][base_pretraining_fe:55] - Loading model from exp004b-m7-simple_multi_class-2023-10-17_12-41-35-final.pth
[2023-10-17 22:18:39,810][INFO][data_loaders:39] - class distribution before data reduction:
# samples per subject
119f9726-eb4c-5a0e-a7bb-9e15256149a1: 932
1fa6c401-d819-50f5-8146-a0bb9e2b2516: 986
22bea84c-5d23-5e49-bc2d-9764f883955b: 1048
25a6b2b0-4d09-561b-82c6-f09bb271d3be: 1063
6a7503ac-ab3a-5d5b-b474-4b0fe37748dd: 1213
a4568951-bf87-5bbc-bc4f-28e93c360be6: 975
b3534fa3-7676-50dc-8412-07f0eff4f7a9: 757
fc10ee0b-b863-511b-bce8-4dfa7af8ac3a: 910

# samples per stage
0: 1488
1: 471
2: 3840
3: 919
4: 1166
[2023-10-17 22:18:39,829][INFO][data_loaders:43] - class distribution after data reduction:
# samples per subject
119f9726-eb4c-5a0e-a7bb-9e15256149a1: 932
1fa6c401-d819-50f5-8146-a0bb9e2b2516: 986
22bea84c-5d23-5e49-bc2d-9764f883955b: 1048
25a6b2b0-4d09-561b-82c6-f09bb271d3be: 1063
6a7503ac-ab3a-5d5b-b474-4b0fe37748dd: 1213
a4568951-bf87-5bbc-bc4f-28e93c360be6: 975
b3534fa3-7676-50dc-8412-07f0eff4f7a9: 757
fc10ee0b-b863-511b-bce8-4dfa7af8ac3a: 910

# samples per stage
0: 1488
1: 471
2: 3840
3: 919
4: 1166
[2023-10-17 22:18:39,837][INFO][clas_trainer:49] - metrics before training (epoch 0):
[2023-10-17 22:18:56,135][INFO][clas_evaluator:99] - dataset: earlystopping, avg f1-score: 0.2073
[2023-10-17 22:19:07,335][INFO][clas_trainer:133] - train epoch: 1 [5408/54600 (10%)], lr: ['1.00e-04', '1.00e-04'], loss: 1.117123
[2023-10-17 22:19:17,709][INFO][clas_trainer:133] - train epoch: 1 [10848/54600 (20%)], lr: ['1.00e-04', '1.00e-04'], loss: 0.209211
[2023-10-17 22:19:28,189][INFO][clas_trainer:133] - train epoch: 1 [16288/54600 (30%)], lr: ['1.00e-04', '1.00e-04'], loss: 0.049651
[2023-10-17 22:19:38,810][INFO][clas_trainer:133] - train epoch: 1 [21728/54600 (40%)], lr: ['1.00e-04', '1.00e-04'], loss: 0.012479
[2023-10-17 22:19:49,404][INFO][clas_trainer:133] - train epoch: 1 [27168/54600 (50%)], lr: ['1.00e-04', '1.00e-04'], loss: 0.006500
[2023-10-17 22:19:59,936][INFO][clas_trainer:133] - train epoch: 1 [32608/54600 (60%)], lr: ['1.00e-04', '1.00e-04'], loss: 0.074551
[2023-10-17 22:20:10,588][INFO][clas_trainer:133] - train epoch: 1 [38048/54600 (70%)], lr: ['1.00e-04', '1.00e-04'], loss: 0.009445
[2023-10-17 22:20:20,996][INFO][clas_trainer:133] - train epoch: 1 [43488/54600 (80%)], lr: ['1.00e-04', '1.00e-04'], loss: 0.003802
[2023-10-17 22:20:31,539][INFO][clas_trainer:133] - train epoch: 1 [48928/54600 (90%)], lr: ['1.00e-04', '1.00e-04'], loss: 0.068098
[2023-10-17 22:20:42,482][INFO][clas_trainer:133] - train epoch: 1 [54368/54600 (100%)], lr: ['1.00e-04', '1.00e-04'], loss: 0.019424
[2023-10-17 22:20:59,698][INFO][clas_trainer:63] - [epoch   1] execution time: 123.56s	metrics:
[2023-10-17 22:20:59,699][INFO][clas_evaluator:99] - dataset: earlystopping, avg f1-score: 0.5371
[2023-10-17 22:20:59,754][INFO][base_model:51] - snapshot saved to XXX/frequency-pretraining/models/exp004c-m187-base_fe_clas-2023-10-17_13-14-37-final.pth
[2023-10-17 22:21:11,047][INFO][clas_trainer:133] - train epoch: 2 [5408/54600 (10%)], lr: ['1.00e-04', '1.00e-04'], loss: 0.016730
[2023-10-17 22:21:21,499][INFO][clas_trainer:133] - train epoch: 2 [10848/54600 (20%)], lr: ['1.00e-04', '1.00e-04'], loss: 0.003701
[2023-10-17 22:21:31,878][INFO][clas_trainer:133] - train epoch: 2 [16288/54600 (30%)], lr: ['1.00e-04', '1.00e-04'], loss: 0.012863
[2023-10-17 22:21:42,478][INFO][clas_trainer:133] - train epoch: 2 [21728/54600 (40%)], lr: ['1.00e-04', '1.00e-04'], loss: 0.001720
[2023-10-17 22:21:52,943][INFO][clas_trainer:133] - train epoch: 2 [27168/54600 (50%)], lr: ['1.00e-04', '1.00e-04'], loss: 0.026170
[2023-10-17 22:22:03,532][INFO][clas_trainer:133] - train epoch: 2 [32608/54600 (60%)], lr: ['1.00e-04', '1.00e-04'], loss: 0.000120
[2023-10-17 22:22:14,303][INFO][clas_trainer:133] - train epoch: 2 [38048/54600 (70%)], lr: ['1.00e-04', '1.00e-04'], loss: 0.003890
[2023-10-17 22:22:24,730][INFO][clas_trainer:133] - train epoch: 2 [43488/54600 (80%)], lr: ['1.00e-04', '1.00e-04'], loss: 0.000734
[2023-10-17 22:22:35,384][INFO][clas_trainer:133] - train epoch: 2 [48928/54600 (90%)], lr: ['1.00e-04', '1.00e-04'], loss: 0.000497
[2023-10-17 22:22:46,020][INFO][clas_trainer:133] - train epoch: 2 [54368/54600 (100%)], lr: ['1.00e-04', '1.00e-04'], loss: 0.000029
[2023-10-17 22:23:03,317][INFO][clas_trainer:63] - [epoch   2] execution time: 123.56s	metrics:
[2023-10-17 22:23:03,317][INFO][clas_evaluator:99] - dataset: earlystopping, avg f1-score: 0.5426
[2023-10-17 22:23:03,375][INFO][base_model:51] - snapshot saved to XXX/frequency-pretraining/models/exp004c-m187-base_fe_clas-2023-10-17_13-14-37-final.pth
[2023-10-17 22:23:14,289][INFO][clas_trainer:133] - train epoch: 3 [5408/54600 (10%)], lr: ['1.00e-04', '1.00e-04'], loss: 0.000050
[2023-10-17 22:23:25,369][INFO][clas_trainer:133] - train epoch: 3 [10848/54600 (20%)], lr: ['1.00e-04', '1.00e-04'], loss: 0.001178
[2023-10-17 22:23:35,950][INFO][clas_trainer:133] - train epoch: 3 [16288/54600 (30%)], lr: ['1.00e-04', '1.00e-04'], loss: 0.000526
[2023-10-17 22:23:46,234][INFO][clas_trainer:133] - train epoch: 3 [21728/54600 (40%)], lr: ['1.00e-04', '1.00e-04'], loss: 0.000276
[2023-10-17 22:23:57,009][INFO][clas_trainer:133] - train epoch: 3 [27168/54600 (50%)], lr: ['1.00e-04', '1.00e-04'], loss: 0.001076
[2023-10-17 22:24:07,663][INFO][clas_trainer:133] - train epoch: 3 [32608/54600 (60%)], lr: ['1.00e-04', '1.00e-04'], loss: 0.000181
[2023-10-17 22:24:18,441][INFO][clas_trainer:133] - train epoch: 3 [38048/54600 (70%)], lr: ['1.00e-04', '1.00e-04'], loss: 0.000184
[2023-10-17 22:24:29,231][INFO][clas_trainer:133] - train epoch: 3 [43488/54600 (80%)], lr: ['1.00e-04', '1.00e-04'], loss: 0.000468
[2023-10-17 22:24:39,710][INFO][clas_trainer:133] - train epoch: 3 [48928/54600 (90%)], lr: ['1.00e-04', '1.00e-04'], loss: 0.006003
[2023-10-17 22:24:50,652][INFO][clas_trainer:133] - train epoch: 3 [54368/54600 (100%)], lr: ['1.00e-04', '1.00e-04'], loss: 0.001228
[2023-10-17 22:25:07,852][INFO][clas_trainer:63] - [epoch   3] execution time: 124.48s	metrics:
[2023-10-17 22:25:07,852][INFO][clas_evaluator:99] - dataset: earlystopping, avg f1-score: 0.5117
[2023-10-17 22:25:19,001][INFO][clas_trainer:133] - train epoch: 4 [5408/54600 (10%)], lr: ['1.00e-04', '1.00e-04'], loss: 0.002131
[2023-10-17 22:25:29,630][INFO][clas_trainer:133] - train epoch: 4 [10848/54600 (20%)], lr: ['1.00e-04', '1.00e-04'], loss: 0.003453
[2023-10-17 22:25:40,430][INFO][clas_trainer:133] - train epoch: 4 [16288/54600 (30%)], lr: ['1.00e-04', '1.00e-04'], loss: 0.014664
[2023-10-17 22:25:50,951][INFO][clas_trainer:133] - train epoch: 4 [21728/54600 (40%)], lr: ['1.00e-04', '1.00e-04'], loss: 0.009445
[2023-10-17 22:26:01,530][INFO][clas_trainer:133] - train epoch: 4 [27168/54600 (50%)], lr: ['1.00e-04', '1.00e-04'], loss: 0.000214
[2023-10-17 22:26:12,199][INFO][clas_trainer:133] - train epoch: 4 [32608/54600 (60%)], lr: ['1.00e-04', '1.00e-04'], loss: 0.000025
[2023-10-17 22:26:22,731][INFO][clas_trainer:133] - train epoch: 4 [38048/54600 (70%)], lr: ['1.00e-04', '1.00e-04'], loss: 0.006701
[2023-10-17 22:26:32,995][INFO][clas_trainer:133] - train epoch: 4 [43488/54600 (80%)], lr: ['1.00e-04', '1.00e-04'], loss: 0.005749
[2023-10-17 22:26:43,673][INFO][clas_trainer:133] - train epoch: 4 [48928/54600 (90%)], lr: ['1.00e-04', '1.00e-04'], loss: 0.003889
[2023-10-17 22:26:54,365][INFO][clas_trainer:133] - train epoch: 4 [54368/54600 (100%)], lr: ['1.00e-04', '1.00e-04'], loss: 0.000038
[2023-10-17 22:27:11,685][INFO][clas_trainer:63] - [epoch   4] execution time: 123.83s	metrics:
[2023-10-17 22:27:11,685][INFO][clas_evaluator:99] - dataset: earlystopping, avg f1-score: 0.5084
[2023-10-17 22:27:22,817][INFO][clas_trainer:133] - train epoch: 5 [5408/54600 (10%)], lr: ['1.00e-04', '1.00e-04'], loss: 0.002976
[2023-10-17 22:27:33,378][INFO][clas_trainer:133] - train epoch: 5 [10848/54600 (20%)], lr: ['1.00e-04', '1.00e-04'], loss: 0.000114
[2023-10-17 22:27:43,819][INFO][clas_trainer:133] - train epoch: 5 [16288/54600 (30%)], lr: ['1.00e-04', '1.00e-04'], loss: 0.000162
[2023-10-17 22:27:54,334][INFO][clas_trainer:133] - train epoch: 5 [21728/54600 (40%)], lr: ['1.00e-04', '1.00e-04'], loss: 0.000054
[2023-10-17 22:28:05,006][INFO][clas_trainer:133] - train epoch: 5 [27168/54600 (50%)], lr: ['1.00e-04', '1.00e-04'], loss: 0.000397
[2023-10-17 22:28:15,458][INFO][clas_trainer:133] - train epoch: 5 [32608/54600 (60%)], lr: ['1.00e-04', '1.00e-04'], loss: 0.000452
[2023-10-17 22:28:26,209][INFO][clas_trainer:133] - train epoch: 5 [38048/54600 (70%)], lr: ['1.00e-04', '1.00e-04'], loss: 0.000853
[2023-10-17 22:28:36,538][INFO][clas_trainer:133] - train epoch: 5 [43488/54600 (80%)], lr: ['1.00e-04', '1.00e-04'], loss: 0.000100
[2023-10-17 22:28:47,008][INFO][clas_trainer:133] - train epoch: 5 [48928/54600 (90%)], lr: ['1.00e-04', '1.00e-04'], loss: 0.000816
[2023-10-17 22:28:57,488][INFO][clas_trainer:133] - train epoch: 5 [54368/54600 (100%)], lr: ['1.00e-04', '1.00e-04'], loss: 0.028291
[2023-10-17 22:29:14,969][INFO][clas_trainer:63] - [epoch   5] execution time: 123.28s	metrics:
[2023-10-17 22:29:14,970][INFO][clas_evaluator:99] - dataset: earlystopping, avg f1-score: 0.4191
[2023-10-17 22:29:25,850][INFO][clas_trainer:133] - train epoch: 6 [5408/54600 (10%)], lr: ['1.00e-04', '1.00e-04'], loss: 0.001946
[2023-10-17 22:29:36,630][INFO][clas_trainer:133] - train epoch: 6 [10848/54600 (20%)], lr: ['1.00e-04', '1.00e-04'], loss: 0.000055
[2023-10-17 22:29:47,045][INFO][clas_trainer:133] - train epoch: 6 [16288/54600 (30%)], lr: ['1.00e-04', '1.00e-04'], loss: 0.000003
[2023-10-17 22:29:57,666][INFO][clas_trainer:133] - train epoch: 6 [21728/54600 (40%)], lr: ['1.00e-04', '1.00e-04'], loss: 0.000640
[2023-10-17 22:30:08,417][INFO][clas_trainer:133] - train epoch: 6 [27168/54600 (50%)], lr: ['1.00e-04', '1.00e-04'], loss: 0.000119
[2023-10-17 22:30:19,099][INFO][clas_trainer:133] - train epoch: 6 [32608/54600 (60%)], lr: ['1.00e-04', '1.00e-04'], loss: 0.000106
[2023-10-17 22:30:29,353][INFO][clas_trainer:133] - train epoch: 6 [38048/54600 (70%)], lr: ['1.00e-04', '1.00e-04'], loss: 0.000537
[2023-10-17 22:30:40,144][INFO][clas_trainer:133] - train epoch: 6 [43488/54600 (80%)], lr: ['1.00e-04', '1.00e-04'], loss: 0.000297
[2023-10-17 22:30:50,626][INFO][clas_trainer:133] - train epoch: 6 [48928/54600 (90%)], lr: ['1.00e-04', '1.00e-04'], loss: 0.000026
[2023-10-17 22:31:01,271][INFO][clas_trainer:133] - train epoch: 6 [54368/54600 (100%)], lr: ['1.00e-04', '1.00e-04'], loss: 0.003300
[2023-10-17 22:31:18,607][INFO][clas_trainer:63] - [epoch   6] execution time: 123.64s	metrics:
[2023-10-17 22:31:18,607][INFO][clas_evaluator:99] - dataset: earlystopping, avg f1-score: 0.4767
[2023-10-17 22:31:29,541][INFO][clas_trainer:133] - train epoch: 7 [5408/54600 (10%)], lr: ['1.00e-04', '1.00e-04'], loss: 0.000061
[2023-10-17 22:31:40,364][INFO][clas_trainer:133] - train epoch: 7 [10848/54600 (20%)], lr: ['1.00e-04', '1.00e-04'], loss: 0.000168
[2023-10-17 22:31:51,024][INFO][clas_trainer:133] - train epoch: 7 [16288/54600 (30%)], lr: ['1.00e-04', '1.00e-04'], loss: 0.000271
[2023-10-17 22:32:01,246][INFO][clas_trainer:133] - train epoch: 7 [21728/54600 (40%)], lr: ['1.00e-04', '1.00e-04'], loss: 0.000132
[2023-10-17 22:32:11,867][INFO][clas_trainer:133] - train epoch: 7 [27168/54600 (50%)], lr: ['1.00e-04', '1.00e-04'], loss: 0.002624
[2023-10-17 22:32:22,632][INFO][clas_trainer:133] - train epoch: 7 [32608/54600 (60%)], lr: ['1.00e-04', '1.00e-04'], loss: 0.000291
[2023-10-17 22:32:33,105][INFO][clas_trainer:133] - train epoch: 7 [38048/54600 (70%)], lr: ['1.00e-04', '1.00e-04'], loss: 0.000183
[2023-10-17 22:32:43,332][INFO][clas_trainer:133] - train epoch: 7 [43488/54600 (80%)], lr: ['1.00e-04', '1.00e-04'], loss: 0.000111
[2023-10-17 22:32:54,105][INFO][clas_trainer:133] - train epoch: 7 [48928/54600 (90%)], lr: ['1.00e-04', '1.00e-04'], loss: 0.000128
[2023-10-17 22:33:04,435][INFO][clas_trainer:133] - train epoch: 7 [54368/54600 (100%)], lr: ['1.00e-04', '1.00e-04'], loss: 0.000575
[2023-10-17 22:33:21,873][INFO][clas_trainer:63] - [epoch   7] execution time: 123.27s	metrics:
[2023-10-17 22:33:21,873][INFO][clas_evaluator:99] - dataset: earlystopping, avg f1-score: 0.5092
[2023-10-17 22:33:32,883][INFO][clas_trainer:133] - train epoch: 8 [5408/54600 (10%)], lr: ['1.00e-04', '1.00e-04'], loss: 0.000072
[2023-10-17 22:33:43,496][INFO][clas_trainer:133] - train epoch: 8 [10848/54600 (20%)], lr: ['1.00e-04', '1.00e-04'], loss: 0.000984
[2023-10-17 22:33:53,950][INFO][clas_trainer:133] - train epoch: 8 [16288/54600 (30%)], lr: ['1.00e-04', '1.00e-04'], loss: 0.000253
[2023-10-17 22:34:04,878][INFO][clas_trainer:133] - train epoch: 8 [21728/54600 (40%)], lr: ['1.00e-04', '1.00e-04'], loss: 0.000101
[2023-10-17 22:34:15,570][INFO][clas_trainer:133] - train epoch: 8 [27168/54600 (50%)], lr: ['1.00e-04', '1.00e-04'], loss: 0.000078
[2023-10-17 22:34:26,170][INFO][clas_trainer:133] - train epoch: 8 [32608/54600 (60%)], lr: ['1.00e-04', '1.00e-04'], loss: 0.001031
[2023-10-17 22:34:36,795][INFO][clas_trainer:133] - train epoch: 8 [38048/54600 (70%)], lr: ['1.00e-04', '1.00e-04'], loss: 0.000120
[2023-10-17 22:34:47,255][INFO][clas_trainer:133] - train epoch: 8 [43488/54600 (80%)], lr: ['1.00e-04', '1.00e-04'], loss: 0.000524
[2023-10-17 22:34:57,635][INFO][clas_trainer:133] - train epoch: 8 [48928/54600 (90%)], lr: ['1.00e-04', '1.00e-04'], loss: 0.000080
[2023-10-17 22:35:08,632][INFO][clas_trainer:133] - train epoch: 8 [54368/54600 (100%)], lr: ['1.00e-04', '1.00e-04'], loss: 0.013326
[2023-10-17 22:35:25,961][INFO][clas_trainer:63] - [epoch   8] execution time: 124.09s	metrics:
[2023-10-17 22:35:25,961][INFO][clas_evaluator:99] - dataset: earlystopping, avg f1-score: 0.4736
[2023-10-17 22:35:37,078][INFO][clas_trainer:133] - train epoch: 9 [5408/54600 (10%)], lr: ['1.00e-04', '1.00e-04'], loss: 0.000421
[2023-10-17 22:35:47,568][INFO][clas_trainer:133] - train epoch: 9 [10848/54600 (20%)], lr: ['1.00e-04', '1.00e-04'], loss: 0.000757
[2023-10-17 22:35:58,094][INFO][clas_trainer:133] - train epoch: 9 [16288/54600 (30%)], lr: ['1.00e-04', '1.00e-04'], loss: 0.000250
[2023-10-17 22:36:08,780][INFO][clas_trainer:133] - train epoch: 9 [21728/54600 (40%)], lr: ['1.00e-04', '1.00e-04'], loss: 0.000456
[2023-10-17 22:36:19,286][INFO][clas_trainer:133] - train epoch: 9 [27168/54600 (50%)], lr: ['1.00e-04', '1.00e-04'], loss: 0.031006
[2023-10-17 22:36:29,699][INFO][clas_trainer:133] - train epoch: 9 [32608/54600 (60%)], lr: ['1.00e-04', '1.00e-04'], loss: 0.000218
[2023-10-17 22:36:40,583][INFO][clas_trainer:133] - train epoch: 9 [38048/54600 (70%)], lr: ['1.00e-04', '1.00e-04'], loss: 0.000242
[2023-10-17 22:36:51,154][INFO][clas_trainer:133] - train epoch: 9 [43488/54600 (80%)], lr: ['1.00e-04', '1.00e-04'], loss: 0.000861
[2023-10-17 22:37:01,431][INFO][clas_trainer:133] - train epoch: 9 [48928/54600 (90%)], lr: ['1.00e-04', '1.00e-04'], loss: 0.000374
[2023-10-17 22:37:11,928][INFO][clas_trainer:133] - train epoch: 9 [54368/54600 (100%)], lr: ['1.00e-04', '1.00e-04'], loss: 0.000514
[2023-10-17 22:37:29,033][INFO][clas_trainer:63] - [epoch   9] execution time: 123.07s	metrics:
[2023-10-17 22:37:29,033][INFO][clas_evaluator:99] - dataset: earlystopping, avg f1-score: 0.4836
[2023-10-17 22:37:40,096][INFO][clas_trainer:133] - train epoch: 10 [5408/54600 (10%)], lr: ['1.00e-04', '1.00e-04'], loss: 0.000297
[2023-10-17 22:37:50,883][INFO][clas_trainer:133] - train epoch: 10 [10848/54600 (20%)], lr: ['1.00e-04', '1.00e-04'], loss: 0.000594
[2023-10-17 22:38:01,342][INFO][clas_trainer:133] - train epoch: 10 [16288/54600 (30%)], lr: ['1.00e-04', '1.00e-04'], loss: 0.019845
[2023-10-17 22:38:11,846][INFO][clas_trainer:133] - train epoch: 10 [21728/54600 (40%)], lr: ['1.00e-04', '1.00e-04'], loss: 0.000319
[2023-10-17 22:38:22,644][INFO][clas_trainer:133] - train epoch: 10 [27168/54600 (50%)], lr: ['1.00e-04', '1.00e-04'], loss: 0.001240
[2023-10-17 22:38:33,036][INFO][clas_trainer:133] - train epoch: 10 [32608/54600 (60%)], lr: ['1.00e-04', '1.00e-04'], loss: 0.000237
[2023-10-17 22:38:43,633][INFO][clas_trainer:133] - train epoch: 10 [38048/54600 (70%)], lr: ['1.00e-04', '1.00e-04'], loss: 0.000729
[2023-10-17 22:38:54,313][INFO][clas_trainer:133] - train epoch: 10 [43488/54600 (80%)], lr: ['1.00e-04', '1.00e-04'], loss: 0.001185
[2023-10-17 22:39:04,649][INFO][clas_trainer:133] - train epoch: 10 [48928/54600 (90%)], lr: ['1.00e-04', '1.00e-04'], loss: 0.000398
[2023-10-17 22:39:15,164][INFO][clas_trainer:133] - train epoch: 10 [54368/54600 (100%)], lr: ['1.00e-04', '1.00e-04'], loss: 0.000260
[2023-10-17 22:39:32,432][INFO][clas_trainer:63] - [epoch  10] execution time: 123.40s	metrics:
[2023-10-17 22:39:32,432][INFO][clas_evaluator:99] - dataset: earlystopping, avg f1-score: 0.4089
[2023-10-17 22:39:43,333][INFO][clas_trainer:133] - train epoch: 11 [5408/54600 (10%)], lr: ['1.00e-04', '1.00e-04'], loss: 0.000977
[2023-10-17 22:39:53,823][INFO][clas_trainer:133] - train epoch: 11 [10848/54600 (20%)], lr: ['1.00e-04', '1.00e-04'], loss: 0.000686
[2023-10-17 22:40:04,528][INFO][clas_trainer:133] - train epoch: 11 [16288/54600 (30%)], lr: ['1.00e-04', '1.00e-04'], loss: 0.000418
[2023-10-17 22:40:15,052][INFO][clas_trainer:133] - train epoch: 11 [21728/54600 (40%)], lr: ['1.00e-04', '1.00e-04'], loss: 0.000397
[2023-10-17 22:40:25,621][INFO][clas_trainer:133] - train epoch: 11 [27168/54600 (50%)], lr: ['1.00e-04', '1.00e-04'], loss: 0.000456
[2023-10-17 22:40:36,204][INFO][clas_trainer:133] - train epoch: 11 [32608/54600 (60%)], lr: ['1.00e-04', '1.00e-04'], loss: 0.004192
[2023-10-17 22:40:46,729][INFO][clas_trainer:133] - train epoch: 11 [38048/54600 (70%)], lr: ['1.00e-04', '1.00e-04'], loss: 0.000468
[2023-10-17 22:40:57,241][INFO][clas_trainer:133] - train epoch: 11 [43488/54600 (80%)], lr: ['1.00e-04', '1.00e-04'], loss: 0.001486
[2023-10-17 22:41:07,681][INFO][clas_trainer:133] - train epoch: 11 [48928/54600 (90%)], lr: ['1.00e-04', '1.00e-04'], loss: 0.000482
[2023-10-17 22:41:18,306][INFO][clas_trainer:133] - train epoch: 11 [54368/54600 (100%)], lr: ['1.00e-04', '1.00e-04'], loss: 0.006755
[2023-10-17 22:41:35,633][INFO][clas_trainer:63] - [epoch  11] execution time: 123.20s	metrics:
[2023-10-17 22:41:35,633][INFO][clas_evaluator:99] - dataset: earlystopping, avg f1-score: 0.4572
[2023-10-17 22:41:46,684][INFO][clas_trainer:133] - train epoch: 12 [5408/54600 (10%)], lr: ['1.00e-04', '1.00e-04'], loss: 0.000742
[2023-10-17 22:41:57,240][INFO][clas_trainer:133] - train epoch: 12 [10848/54600 (20%)], lr: ['1.00e-04', '1.00e-04'], loss: 0.000614
[2023-10-17 22:42:07,956][INFO][clas_trainer:133] - train epoch: 12 [16288/54600 (30%)], lr: ['1.00e-04', '1.00e-04'], loss: 0.000799
[2023-10-17 22:42:18,526][INFO][clas_trainer:133] - train epoch: 12 [21728/54600 (40%)], lr: ['1.00e-04', '1.00e-04'], loss: 0.001281
[2023-10-17 22:42:29,072][INFO][clas_trainer:133] - train epoch: 12 [27168/54600 (50%)], lr: ['1.00e-04', '1.00e-04'], loss: 0.000283
[2023-10-17 22:42:39,493][INFO][clas_trainer:133] - train epoch: 12 [32608/54600 (60%)], lr: ['1.00e-04', '1.00e-04'], loss: 0.000487
[2023-10-17 22:42:50,187][INFO][clas_trainer:133] - train epoch: 12 [38048/54600 (70%)], lr: ['1.00e-04', '1.00e-04'], loss: 0.000959
[2023-10-17 22:43:00,585][INFO][clas_trainer:133] - train epoch: 12 [43488/54600 (80%)], lr: ['1.00e-04', '1.00e-04'], loss: 0.000660
[2023-10-17 22:43:11,068][INFO][clas_trainer:133] - train epoch: 12 [48928/54600 (90%)], lr: ['1.00e-04', '1.00e-04'], loss: 0.013004
[2023-10-17 22:43:21,672][INFO][clas_trainer:133] - train epoch: 12 [54368/54600 (100%)], lr: ['1.00e-04', '1.00e-04'], loss: 0.000260
[2023-10-17 22:43:39,086][INFO][clas_trainer:63] - [epoch  12] execution time: 123.45s	metrics:
[2023-10-17 22:43:39,087][INFO][clas_evaluator:99] - dataset: earlystopping, avg f1-score: 0.4002
[2023-10-17 22:43:39,093][INFO][clas_trainer:79] - finished training
[2023-10-17 22:43:39,093][INFO][clas_trainer:80] - best model on epoch: 2 	f1-score: 0.5426
