[2024-03-01 15:36:16,137][INFO][pretrain:34] - Using GPU 0
[2024-03-01 15:36:16,141][INFO][pretrain:44] - overrides:
hydra:
- hydra.launcher.n_jobs=10
- hydra.mode=MULTIRUN
task:
- seeds=[4,4,4,4,4]
- general.gpus=[0]

[2024-03-01 15:37:02,423][INFO][freq_trainer:76] - metrics before training (epoch 0):
[2024-03-01 15:37:05,130][INFO][freq_evaluator:61] - dataset: valid_pretraining, acc: 0.000, hamming: 0.495
[2024-03-01 15:37:17,079][INFO][freq_trainer:154] - train epoch: 1 [9920/100000 (10%)], lr: ['1.00e-04'], loss: 1.254660
[2024-03-01 15:37:31,316][INFO][freq_trainer:154] - train epoch: 1 [19904/100000 (20%)], lr: ['1.00e-04'], loss: 0.809779
[2024-03-01 15:37:43,660][INFO][freq_trainer:154] - train epoch: 1 [29888/100000 (30%)], lr: ['1.00e-04'], loss: 0.736959
[2024-03-01 15:37:54,968][INFO][freq_trainer:154] - train epoch: 1 [39872/100000 (40%)], lr: ['1.00e-04'], loss: 0.732764
[2024-03-01 15:38:05,745][INFO][freq_trainer:154] - train epoch: 1 [49856/100000 (50%)], lr: ['1.00e-04'], loss: 0.723927
[2024-03-01 15:38:16,322][INFO][freq_trainer:154] - train epoch: 1 [59840/100000 (60%)], lr: ['1.00e-04'], loss: 0.697831
[2024-03-01 15:38:27,051][INFO][freq_trainer:154] - train epoch: 1 [69824/100000 (70%)], lr: ['1.00e-04'], loss: 0.696947
[2024-03-01 15:38:37,768][INFO][freq_trainer:154] - train epoch: 1 [79808/100000 (80%)], lr: ['1.00e-04'], loss: 0.699660
[2024-03-01 15:38:48,406][INFO][freq_trainer:154] - train epoch: 1 [89792/100000 (90%)], lr: ['1.00e-04'], loss: 0.691923
[2024-03-01 15:38:59,318][INFO][freq_trainer:154] - train epoch: 1 [99776/100000 (100%)], lr: ['1.00e-04'], loss: 0.698532
[2024-03-01 15:39:02,992][INFO][freq_trainer:90] - [epoch   1] execution time: 117.86s	metrics:
[2024-03-01 15:39:02,993][INFO][freq_evaluator:61] - dataset: valid_pretraining, acc: 0.054, hamming: 0.538
[2024-03-01 15:39:03,016][INFO][base_model:70] - snapshot saved to /home/users/grieger/repos/frequency-pretraining/models/exp001b-m4-simple_multi_class-2024-03-01_15-35-58-final.pth
[2024-03-01 15:39:13,879][INFO][freq_trainer:154] - train epoch: 2 [9920/100000 (10%)], lr: ['1.00e-04'], loss: 0.691322
[2024-03-01 15:39:24,994][INFO][freq_trainer:154] - train epoch: 2 [19904/100000 (20%)], lr: ['1.00e-04'], loss: 0.690111
[2024-03-01 15:39:35,634][INFO][freq_trainer:154] - train epoch: 2 [29888/100000 (30%)], lr: ['1.00e-04'], loss: 0.692094
[2024-03-01 15:39:43,803][INFO][freq_trainer:154] - train epoch: 2 [39872/100000 (40%)], lr: ['1.00e-04'], loss: 0.689901
[2024-03-01 15:39:55,441][INFO][freq_trainer:154] - train epoch: 2 [49856/100000 (50%)], lr: ['1.00e-04'], loss: 0.693755
[2024-03-01 15:40:10,853][INFO][freq_trainer:154] - train epoch: 2 [59840/100000 (60%)], lr: ['1.00e-04'], loss: 0.693388
[2024-03-01 15:40:24,164][INFO][freq_trainer:154] - train epoch: 2 [69824/100000 (70%)], lr: ['1.00e-04'], loss: 0.692213
[2024-03-01 15:40:34,773][INFO][freq_trainer:154] - train epoch: 2 [79808/100000 (80%)], lr: ['1.00e-04'], loss: 0.699363
[2024-03-01 15:40:45,432][INFO][freq_trainer:154] - train epoch: 2 [89792/100000 (90%)], lr: ['1.00e-04'], loss: 0.693047
[2024-03-01 15:40:55,599][INFO][freq_trainer:154] - train epoch: 2 [99776/100000 (100%)], lr: ['1.00e-04'], loss: 0.692976
[2024-03-01 15:40:59,016][INFO][freq_trainer:90] - [epoch   2] execution time: 116.00s	metrics:
[2024-03-01 15:40:59,017][INFO][freq_evaluator:61] - dataset: valid_pretraining, acc: 0.054, hamming: 0.538
[2024-03-01 15:40:59,040][INFO][base_model:70] - snapshot saved to /home/users/grieger/repos/frequency-pretraining/models/exp001b-m4-simple_multi_class-2024-03-01_15-35-58-final.pth
[2024-03-01 15:41:10,085][INFO][freq_trainer:154] - train epoch: 3 [9920/100000 (10%)], lr: ['1.00e-04'], loss: 0.694914
[2024-03-01 15:41:20,318][INFO][freq_trainer:154] - train epoch: 3 [19904/100000 (20%)], lr: ['1.00e-04'], loss: 0.692475
[2024-03-01 15:41:30,935][INFO][freq_trainer:154] - train epoch: 3 [29888/100000 (30%)], lr: ['1.00e-04'], loss: 0.694612
[2024-03-01 15:41:42,045][INFO][freq_trainer:154] - train epoch: 3 [39872/100000 (40%)], lr: ['1.00e-04'], loss: 0.691210
[2024-03-01 15:41:52,416][INFO][freq_trainer:154] - train epoch: 3 [49856/100000 (50%)], lr: ['1.00e-04'], loss: 0.688393
[2024-03-01 15:42:02,647][INFO][freq_trainer:154] - train epoch: 3 [59840/100000 (60%)], lr: ['1.00e-04'], loss: 0.683437
[2024-03-01 15:42:13,158][INFO][freq_trainer:154] - train epoch: 3 [69824/100000 (70%)], lr: ['1.00e-04'], loss: 0.688676
[2024-03-01 15:42:22,749][INFO][freq_trainer:154] - train epoch: 3 [79808/100000 (80%)], lr: ['1.00e-04'], loss: 0.690983
[2024-03-01 15:42:32,321][INFO][freq_trainer:154] - train epoch: 3 [89792/100000 (90%)], lr: ['1.00e-04'], loss: 0.690890
[2024-03-01 15:42:43,721][INFO][freq_trainer:154] - train epoch: 3 [99776/100000 (100%)], lr: ['1.00e-04'], loss: 0.692375
[2024-03-01 15:42:48,241][INFO][freq_trainer:90] - [epoch   3] execution time: 109.20s	metrics:
[2024-03-01 15:42:48,242][INFO][freq_evaluator:61] - dataset: valid_pretraining, acc: 0.054, hamming: 0.538
[2024-03-01 15:42:48,275][INFO][base_model:70] - snapshot saved to /home/users/grieger/repos/frequency-pretraining/models/exp001b-m4-simple_multi_class-2024-03-01_15-35-58-final.pth
[2024-03-01 15:43:00,449][INFO][freq_trainer:154] - train epoch: 4 [9920/100000 (10%)], lr: ['1.00e-04'], loss: 0.692819
[2024-03-01 15:43:12,337][INFO][freq_trainer:154] - train epoch: 4 [19904/100000 (20%)], lr: ['1.00e-04'], loss: 0.694882
[2024-03-01 15:43:22,557][INFO][freq_trainer:154] - train epoch: 4 [29888/100000 (30%)], lr: ['1.00e-04'], loss: 0.688811
[2024-03-01 15:43:33,059][INFO][freq_trainer:154] - train epoch: 4 [39872/100000 (40%)], lr: ['1.00e-04'], loss: 0.694107
[2024-03-01 15:43:43,738][INFO][freq_trainer:154] - train epoch: 4 [49856/100000 (50%)], lr: ['1.00e-04'], loss: 0.688466
[2024-03-01 15:43:54,240][INFO][freq_trainer:154] - train epoch: 4 [59840/100000 (60%)], lr: ['1.00e-04'], loss: 0.692403
[2024-03-01 15:44:04,482][INFO][freq_trainer:154] - train epoch: 4 [69824/100000 (70%)], lr: ['1.00e-04'], loss: 0.695852
[2024-03-01 15:44:15,042][INFO][freq_trainer:154] - train epoch: 4 [79808/100000 (80%)], lr: ['1.00e-04'], loss: 0.693653
[2024-03-01 15:44:25,499][INFO][freq_trainer:154] - train epoch: 4 [89792/100000 (90%)], lr: ['1.00e-04'], loss: 0.697321
[2024-03-01 15:44:35,893][INFO][freq_trainer:154] - train epoch: 4 [99776/100000 (100%)], lr: ['1.00e-04'], loss: 0.690607
[2024-03-01 15:44:39,640][INFO][freq_trainer:90] - [epoch   4] execution time: 111.36s	metrics:
[2024-03-01 15:44:39,641][INFO][freq_evaluator:61] - dataset: valid_pretraining, acc: 0.054, hamming: 0.538
[2024-03-01 15:44:39,690][INFO][base_model:70] - snapshot saved to /home/users/grieger/repos/frequency-pretraining/models/exp001b-m4-simple_multi_class-2024-03-01_15-35-58-final.pth
[2024-03-01 15:44:50,355][INFO][freq_trainer:154] - train epoch: 5 [9920/100000 (10%)], lr: ['1.00e-04'], loss: 0.689037
[2024-03-01 15:45:00,656][INFO][freq_trainer:154] - train epoch: 5 [19904/100000 (20%)], lr: ['1.00e-04'], loss: 0.692495
[2024-03-01 15:45:09,442][INFO][freq_trainer:154] - train epoch: 5 [29888/100000 (30%)], lr: ['1.00e-04'], loss: 0.689468
[2024-03-01 15:45:19,961][INFO][freq_trainer:154] - train epoch: 5 [39872/100000 (40%)], lr: ['1.00e-04'], loss: 0.695410
[2024-03-01 15:45:34,400][INFO][freq_trainer:154] - train epoch: 5 [49856/100000 (50%)], lr: ['1.00e-04'], loss: 0.687907
[2024-03-01 15:45:49,418][INFO][freq_trainer:154] - train epoch: 5 [59840/100000 (60%)], lr: ['1.00e-04'], loss: 0.693568
[2024-03-01 15:45:59,515][INFO][freq_trainer:154] - train epoch: 5 [69824/100000 (70%)], lr: ['1.00e-04'], loss: 0.697085
[2024-03-01 15:46:10,003][INFO][freq_trainer:154] - train epoch: 5 [79808/100000 (80%)], lr: ['1.00e-04'], loss: 0.688428
[2024-03-01 15:46:20,168][INFO][freq_trainer:154] - train epoch: 5 [89792/100000 (90%)], lr: ['1.00e-04'], loss: 0.694056
[2024-03-01 15:46:30,467][INFO][freq_trainer:154] - train epoch: 5 [99776/100000 (100%)], lr: ['1.00e-04'], loss: 0.688810
[2024-03-01 15:46:34,135][INFO][freq_trainer:90] - [epoch   5] execution time: 114.44s	metrics:
[2024-03-01 15:46:34,135][INFO][freq_evaluator:61] - dataset: valid_pretraining, acc: 0.054, hamming: 0.538
[2024-03-01 15:46:34,150][INFO][base_model:70] - snapshot saved to /home/users/grieger/repos/frequency-pretraining/models/exp001b-m4-simple_multi_class-2024-03-01_15-35-58-final.pth
[2024-03-01 15:46:45,121][INFO][freq_trainer:154] - train epoch: 6 [9920/100000 (10%)], lr: ['1.00e-04'], loss: 0.688334
[2024-03-01 15:46:55,490][INFO][freq_trainer:154] - train epoch: 6 [19904/100000 (20%)], lr: ['1.00e-04'], loss: 0.691505
[2024-03-01 15:47:06,457][INFO][freq_trainer:154] - train epoch: 6 [29888/100000 (30%)], lr: ['1.00e-04'], loss: 0.685697
[2024-03-01 15:47:17,059][INFO][freq_trainer:154] - train epoch: 6 [39872/100000 (40%)], lr: ['1.00e-04'], loss: 0.685727
[2024-03-01 15:47:27,479][INFO][freq_trainer:154] - train epoch: 6 [49856/100000 (50%)], lr: ['1.00e-04'], loss: 0.695455
[2024-03-01 15:47:38,217][INFO][freq_trainer:154] - train epoch: 6 [59840/100000 (60%)], lr: ['1.00e-04'], loss: 0.694976
[2024-03-01 15:47:48,876][INFO][freq_trainer:154] - train epoch: 6 [69824/100000 (70%)], lr: ['1.00e-04'], loss: 0.693279
[2024-03-01 15:47:56,418][INFO][freq_trainer:154] - train epoch: 6 [79808/100000 (80%)], lr: ['1.00e-04'], loss: 0.697445
[2024-03-01 15:48:10,570][INFO][freq_trainer:154] - train epoch: 6 [89792/100000 (90%)], lr: ['1.00e-04'], loss: 0.692455
[2024-03-01 15:48:22,709][INFO][freq_trainer:154] - train epoch: 6 [99776/100000 (100%)], lr: ['1.00e-04'], loss: 0.691347
[2024-03-01 15:48:26,328][INFO][freq_trainer:90] - [epoch   6] execution time: 112.18s	metrics:
[2024-03-01 15:48:26,328][INFO][freq_evaluator:61] - dataset: valid_pretraining, acc: 0.054, hamming: 0.538
[2024-03-01 15:48:26,353][INFO][base_model:70] - snapshot saved to /home/users/grieger/repos/frequency-pretraining/models/exp001b-m4-simple_multi_class-2024-03-01_15-35-58-final.pth
[2024-03-01 15:48:37,977][INFO][freq_trainer:154] - train epoch: 7 [9920/100000 (10%)], lr: ['1.00e-04'], loss: 0.692627
[2024-03-01 15:48:48,292][INFO][freq_trainer:154] - train epoch: 7 [19904/100000 (20%)], lr: ['1.00e-04'], loss: 0.689611
[2024-03-01 15:48:58,816][INFO][freq_trainer:154] - train epoch: 7 [29888/100000 (30%)], lr: ['1.00e-04'], loss: 0.694414
[2024-03-01 15:49:09,838][INFO][freq_trainer:154] - train epoch: 7 [39872/100000 (40%)], lr: ['1.00e-04'], loss: 0.700078
[2024-03-01 15:49:20,588][INFO][freq_trainer:154] - train epoch: 7 [49856/100000 (50%)], lr: ['1.00e-04'], loss: 0.686510
[2024-03-01 15:49:30,942][INFO][freq_trainer:154] - train epoch: 7 [59840/100000 (60%)], lr: ['1.00e-04'], loss: 0.693948
[2024-03-01 15:49:41,449][INFO][freq_trainer:154] - train epoch: 7 [69824/100000 (70%)], lr: ['1.00e-04'], loss: 0.682137
[2024-03-01 15:49:52,272][INFO][freq_trainer:154] - train epoch: 7 [79808/100000 (80%)], lr: ['1.00e-04'], loss: 0.674187
[2024-03-01 15:50:02,741][INFO][freq_trainer:154] - train epoch: 7 [89792/100000 (90%)], lr: ['1.00e-04'], loss: 0.668818
[2024-03-01 15:50:12,924][INFO][freq_trainer:154] - train epoch: 7 [99776/100000 (100%)], lr: ['1.00e-04'], loss: 0.638018
[2024-03-01 15:50:16,533][INFO][freq_trainer:90] - [epoch   7] execution time: 110.18s	metrics:
[2024-03-01 15:50:16,533][INFO][freq_evaluator:61] - dataset: valid_pretraining, acc: 0.054, hamming: 0.620
[2024-03-01 15:50:16,554][INFO][base_model:70] - snapshot saved to /home/users/grieger/repos/frequency-pretraining/models/exp001b-m4-simple_multi_class-2024-03-01_15-35-58-final.pth
[2024-03-01 15:50:27,255][INFO][freq_trainer:154] - train epoch: 8 [9920/100000 (10%)], lr: ['1.00e-04'], loss: 0.651412
[2024-03-01 15:50:36,286][INFO][freq_trainer:154] - train epoch: 8 [19904/100000 (20%)], lr: ['1.00e-04'], loss: 0.659211
[2024-03-01 15:50:46,783][INFO][freq_trainer:154] - train epoch: 8 [29888/100000 (30%)], lr: ['1.00e-04'], loss: 0.626799
[2024-03-01 15:51:00,142][INFO][freq_trainer:154] - train epoch: 8 [39872/100000 (40%)], lr: ['1.00e-04'], loss: 0.621502
[2024-03-01 15:51:15,236][INFO][freq_trainer:154] - train epoch: 8 [49856/100000 (50%)], lr: ['1.00e-04'], loss: 0.617086
[2024-03-01 15:51:26,636][INFO][freq_trainer:154] - train epoch: 8 [59840/100000 (60%)], lr: ['1.00e-04'], loss: 0.603327
[2024-03-01 15:51:37,502][INFO][freq_trainer:154] - train epoch: 8 [69824/100000 (70%)], lr: ['1.00e-04'], loss: 0.599737
[2024-03-01 15:51:48,258][INFO][freq_trainer:154] - train epoch: 8 [79808/100000 (80%)], lr: ['1.00e-04'], loss: 0.592909
[2024-03-01 15:51:58,962][INFO][freq_trainer:154] - train epoch: 8 [89792/100000 (90%)], lr: ['1.00e-04'], loss: 0.556216
[2024-03-01 15:52:09,405][INFO][freq_trainer:154] - train epoch: 8 [99776/100000 (100%)], lr: ['1.00e-04'], loss: 0.576555
[2024-03-01 15:52:12,764][INFO][freq_trainer:90] - [epoch   8] execution time: 116.21s	metrics:
[2024-03-01 15:52:12,765][INFO][freq_evaluator:61] - dataset: valid_pretraining, acc: 0.065, hamming: 0.725
[2024-03-01 15:52:12,790][INFO][base_model:70] - snapshot saved to /home/users/grieger/repos/frequency-pretraining/models/exp001b-m4-simple_multi_class-2024-03-01_15-35-58-final.pth
[2024-03-01 15:52:23,780][INFO][freq_trainer:154] - train epoch: 9 [9920/100000 (10%)], lr: ['1.00e-04'], loss: 0.596888
[2024-03-01 15:52:34,470][INFO][freq_trainer:154] - train epoch: 9 [19904/100000 (20%)], lr: ['1.00e-04'], loss: 0.586125
[2024-03-01 15:52:45,276][INFO][freq_trainer:154] - train epoch: 9 [29888/100000 (30%)], lr: ['1.00e-04'], loss: 0.552283
[2024-03-01 15:52:56,241][INFO][freq_trainer:154] - train epoch: 9 [39872/100000 (40%)], lr: ['1.00e-04'], loss: 0.558829
[2024-03-01 15:53:06,584][INFO][freq_trainer:154] - train epoch: 9 [49856/100000 (50%)], lr: ['1.00e-04'], loss: 0.547162
[2024-03-01 15:53:17,045][INFO][freq_trainer:154] - train epoch: 9 [59840/100000 (60%)], lr: ['1.00e-04'], loss: 0.574985
[2024-03-01 15:53:25,293][INFO][freq_trainer:154] - train epoch: 9 [69824/100000 (70%)], lr: ['1.00e-04'], loss: 0.523197
[2024-03-01 15:53:37,484][INFO][freq_trainer:154] - train epoch: 9 [79808/100000 (80%)], lr: ['1.00e-04'], loss: 0.524115
[2024-03-01 15:53:51,304][INFO][freq_trainer:154] - train epoch: 9 [89792/100000 (90%)], lr: ['1.00e-04'], loss: 0.544632
[2024-03-01 15:54:03,955][INFO][freq_trainer:154] - train epoch: 9 [99776/100000 (100%)], lr: ['1.00e-04'], loss: 0.533379
[2024-03-01 15:54:07,344][INFO][freq_trainer:90] - [epoch   9] execution time: 114.55s	metrics:
[2024-03-01 15:54:07,345][INFO][freq_evaluator:61] - dataset: valid_pretraining, acc: 0.031, hamming: 0.747
[2024-03-01 15:54:07,373][INFO][base_model:70] - snapshot saved to /home/users/grieger/repos/frequency-pretraining/models/exp001b-m4-simple_multi_class-2024-03-01_15-35-58-final.pth
[2024-03-01 15:54:18,000][INFO][freq_trainer:154] - train epoch: 10 [9920/100000 (10%)], lr: ['1.00e-04'], loss: 0.498850
[2024-03-01 15:54:28,547][INFO][freq_trainer:154] - train epoch: 10 [19904/100000 (20%)], lr: ['1.00e-04'], loss: 0.488045
[2024-03-01 15:54:38,890][INFO][freq_trainer:154] - train epoch: 10 [29888/100000 (30%)], lr: ['1.00e-04'], loss: 0.489515
[2024-03-01 15:54:49,866][INFO][freq_trainer:154] - train epoch: 10 [39872/100000 (40%)], lr: ['1.00e-04'], loss: 0.498641
[2024-03-01 15:55:00,115][INFO][freq_trainer:154] - train epoch: 10 [49856/100000 (50%)], lr: ['1.00e-04'], loss: 0.404341
[2024-03-01 15:55:10,334][INFO][freq_trainer:154] - train epoch: 10 [59840/100000 (60%)], lr: ['1.00e-04'], loss: 0.439377
[2024-03-01 15:55:20,576][INFO][freq_trainer:154] - train epoch: 10 [69824/100000 (70%)], lr: ['1.00e-04'], loss: 0.490826
[2024-03-01 15:55:30,937][INFO][freq_trainer:154] - train epoch: 10 [79808/100000 (80%)], lr: ['1.00e-04'], loss: 0.460252
[2024-03-01 15:55:41,329][INFO][freq_trainer:154] - train epoch: 10 [89792/100000 (90%)], lr: ['1.00e-04'], loss: 0.439227
[2024-03-01 15:55:51,771][INFO][freq_trainer:154] - train epoch: 10 [99776/100000 (100%)], lr: ['1.00e-04'], loss: 0.425173
[2024-03-01 15:55:55,359][INFO][freq_trainer:90] - [epoch  10] execution time: 107.98s	metrics:
[2024-03-01 15:55:55,359][INFO][freq_evaluator:61] - dataset: valid_pretraining, acc: 0.101, hamming: 0.797
[2024-03-01 15:55:55,376][INFO][base_model:70] - snapshot saved to /home/users/grieger/repos/frequency-pretraining/models/exp001b-m4-simple_multi_class-2024-03-01_15-35-58-final.pth
[2024-03-01 15:56:05,651][INFO][freq_trainer:154] - train epoch: 11 [9920/100000 (10%)], lr: ['1.00e-04'], loss: 0.475649
[2024-03-01 15:56:17,047][INFO][freq_trainer:154] - train epoch: 11 [19904/100000 (20%)], lr: ['1.00e-04'], loss: 0.419127
[2024-03-01 15:56:33,122][INFO][freq_trainer:154] - train epoch: 11 [29888/100000 (30%)], lr: ['1.00e-04'], loss: 0.444457
[2024-03-01 15:56:46,774][INFO][freq_trainer:154] - train epoch: 11 [39872/100000 (40%)], lr: ['1.00e-04'], loss: 0.425706
[2024-03-01 15:56:57,253][INFO][freq_trainer:154] - train epoch: 11 [49856/100000 (50%)], lr: ['1.00e-04'], loss: 0.409074
[2024-03-01 15:57:07,754][INFO][freq_trainer:154] - train epoch: 11 [59840/100000 (60%)], lr: ['1.00e-04'], loss: 0.401266
[2024-03-01 15:57:18,183][INFO][freq_trainer:154] - train epoch: 11 [69824/100000 (70%)], lr: ['1.00e-04'], loss: 0.384690
[2024-03-01 15:57:28,476][INFO][freq_trainer:154] - train epoch: 11 [79808/100000 (80%)], lr: ['1.00e-04'], loss: 0.398839
[2024-03-01 15:57:38,897][INFO][freq_trainer:154] - train epoch: 11 [89792/100000 (90%)], lr: ['1.00e-04'], loss: 0.354467
[2024-03-01 15:57:49,328][INFO][freq_trainer:154] - train epoch: 11 [99776/100000 (100%)], lr: ['1.00e-04'], loss: 0.391425
[2024-03-01 15:57:52,410][INFO][freq_trainer:90] - [epoch  11] execution time: 117.03s	metrics:
[2024-03-01 15:57:52,411][INFO][freq_evaluator:61] - dataset: valid_pretraining, acc: 0.110, hamming: 0.823
[2024-03-01 15:57:52,436][INFO][base_model:70] - snapshot saved to /home/users/grieger/repos/frequency-pretraining/models/exp001b-m4-simple_multi_class-2024-03-01_15-35-58-final.pth
[2024-03-01 15:58:03,621][INFO][freq_trainer:154] - train epoch: 12 [9920/100000 (10%)], lr: ['1.00e-04'], loss: 0.412500
[2024-03-01 15:58:14,542][INFO][freq_trainer:154] - train epoch: 12 [19904/100000 (20%)], lr: ['1.00e-04'], loss: 0.401707
[2024-03-01 15:58:25,257][INFO][freq_trainer:154] - train epoch: 12 [29888/100000 (30%)], lr: ['1.00e-04'], loss: 0.416291
[2024-03-01 15:58:36,301][INFO][freq_trainer:154] - train epoch: 12 [39872/100000 (40%)], lr: ['1.00e-04'], loss: 0.416805
[2024-03-01 15:58:45,711][INFO][freq_trainer:154] - train epoch: 12 [49856/100000 (50%)], lr: ['1.00e-04'], loss: 0.373544
[2024-03-01 15:58:56,011][INFO][freq_trainer:154] - train epoch: 12 [59840/100000 (60%)], lr: ['1.00e-04'], loss: 0.385965
[2024-03-01 15:59:11,525][INFO][freq_trainer:154] - train epoch: 12 [69824/100000 (70%)], lr: ['1.00e-04'], loss: 0.372893
[2024-03-01 15:59:25,729][INFO][freq_trainer:154] - train epoch: 12 [79808/100000 (80%)], lr: ['1.00e-04'], loss: 0.374634
[2024-03-01 15:59:36,167][INFO][freq_trainer:154] - train epoch: 12 [89792/100000 (90%)], lr: ['1.00e-04'], loss: 0.396391
[2024-03-01 15:59:46,695][INFO][freq_trainer:154] - train epoch: 12 [99776/100000 (100%)], lr: ['1.00e-04'], loss: 0.418920
[2024-03-01 15:59:50,110][INFO][freq_trainer:90] - [epoch  12] execution time: 117.67s	metrics:
[2024-03-01 15:59:50,110][INFO][freq_evaluator:61] - dataset: valid_pretraining, acc: 0.131, hamming: 0.851
[2024-03-01 15:59:50,129][INFO][base_model:70] - snapshot saved to /home/users/grieger/repos/frequency-pretraining/models/exp001b-m4-simple_multi_class-2024-03-01_15-35-58-final.pth
[2024-03-01 16:00:01,133][INFO][freq_trainer:154] - train epoch: 13 [9920/100000 (10%)], lr: ['1.00e-04'], loss: 0.401317
[2024-03-01 16:00:11,724][INFO][freq_trainer:154] - train epoch: 13 [19904/100000 (20%)], lr: ['1.00e-04'], loss: 0.360582
[2024-03-01 16:00:22,403][INFO][freq_trainer:154] - train epoch: 13 [29888/100000 (30%)], lr: ['1.00e-04'], loss: 0.347846
[2024-03-01 16:00:32,835][INFO][freq_trainer:154] - train epoch: 13 [39872/100000 (40%)], lr: ['1.00e-04'], loss: 0.338629
[2024-03-01 16:00:43,186][INFO][freq_trainer:154] - train epoch: 13 [49856/100000 (50%)], lr: ['1.00e-04'], loss: 0.351941
[2024-03-01 16:00:54,042][INFO][freq_trainer:154] - train epoch: 13 [59840/100000 (60%)], lr: ['1.00e-04'], loss: 0.321209
[2024-03-01 16:01:04,698][INFO][freq_trainer:154] - train epoch: 13 [69824/100000 (70%)], lr: ['1.00e-04'], loss: 0.293326
[2024-03-01 16:01:14,819][INFO][freq_trainer:154] - train epoch: 13 [79808/100000 (80%)], lr: ['1.00e-04'], loss: 0.359341
[2024-03-01 16:01:25,170][INFO][freq_trainer:154] - train epoch: 13 [89792/100000 (90%)], lr: ['1.00e-04'], loss: 0.305129
[2024-03-01 16:01:32,787][INFO][freq_trainer:154] - train epoch: 13 [99776/100000 (100%)], lr: ['1.00e-04'], loss: 0.324784
[2024-03-01 16:01:35,799][INFO][freq_trainer:90] - [epoch  13] execution time: 105.67s	metrics:
[2024-03-01 16:01:35,799][INFO][freq_evaluator:61] - dataset: valid_pretraining, acc: 0.145, hamming: 0.872
[2024-03-01 16:01:35,815][INFO][base_model:70] - snapshot saved to /home/users/grieger/repos/frequency-pretraining/models/exp001b-m4-simple_multi_class-2024-03-01_15-35-58-final.pth
[2024-03-01 16:01:50,760][INFO][freq_trainer:154] - train epoch: 14 [9920/100000 (10%)], lr: ['1.00e-04'], loss: 0.294370
[2024-03-01 16:02:05,350][INFO][freq_trainer:154] - train epoch: 14 [19904/100000 (20%)], lr: ['1.00e-04'], loss: 0.337417
[2024-03-01 16:02:17,951][INFO][freq_trainer:154] - train epoch: 14 [29888/100000 (30%)], lr: ['1.00e-04'], loss: 0.302104
[2024-03-01 16:02:28,528][INFO][freq_trainer:154] - train epoch: 14 [39872/100000 (40%)], lr: ['1.00e-04'], loss: 0.301223
[2024-03-01 16:02:38,775][INFO][freq_trainer:154] - train epoch: 14 [49856/100000 (50%)], lr: ['1.00e-04'], loss: 0.278139
[2024-03-01 16:02:49,877][INFO][freq_trainer:154] - train epoch: 14 [59840/100000 (60%)], lr: ['1.00e-04'], loss: 0.315747
[2024-03-01 16:03:00,282][INFO][freq_trainer:154] - train epoch: 14 [69824/100000 (70%)], lr: ['1.00e-04'], loss: 0.290976
[2024-03-01 16:03:10,994][INFO][freq_trainer:154] - train epoch: 14 [79808/100000 (80%)], lr: ['1.00e-04'], loss: 0.288055
[2024-03-01 16:03:20,904][INFO][freq_trainer:154] - train epoch: 14 [89792/100000 (90%)], lr: ['1.00e-04'], loss: 0.275882
[2024-03-01 16:03:31,251][INFO][freq_trainer:154] - train epoch: 14 [99776/100000 (100%)], lr: ['1.00e-04'], loss: 0.267989
[2024-03-01 16:03:34,473][INFO][freq_trainer:90] - [epoch  14] execution time: 118.66s	metrics:
[2024-03-01 16:03:34,474][INFO][freq_evaluator:61] - dataset: valid_pretraining, acc: 0.152, hamming: 0.885
[2024-03-01 16:03:34,499][INFO][base_model:70] - snapshot saved to /home/users/grieger/repos/frequency-pretraining/models/exp001b-m4-simple_multi_class-2024-03-01_15-35-58-final.pth
[2024-03-01 16:03:45,106][INFO][freq_trainer:154] - train epoch: 15 [9920/100000 (10%)], lr: ['1.00e-04'], loss: 0.292697
[2024-03-01 16:03:55,611][INFO][freq_trainer:154] - train epoch: 15 [19904/100000 (20%)], lr: ['1.00e-04'], loss: 0.334532
[2024-03-01 16:04:06,144][INFO][freq_trainer:154] - train epoch: 15 [29888/100000 (30%)], lr: ['1.00e-04'], loss: 0.278681
[2024-03-01 16:04:15,690][INFO][freq_trainer:154] - train epoch: 15 [39872/100000 (40%)], lr: ['1.00e-04'], loss: 0.276092
[2024-03-01 16:04:26,104][INFO][freq_trainer:154] - train epoch: 15 [49856/100000 (50%)], lr: ['1.00e-04'], loss: 0.260393
[2024-03-01 16:04:40,048][INFO][freq_trainer:154] - train epoch: 15 [59840/100000 (60%)], lr: ['1.00e-04'], loss: 0.246116
[2024-03-01 16:04:53,710][INFO][freq_trainer:154] - train epoch: 15 [69824/100000 (70%)], lr: ['1.00e-04'], loss: 0.279864
[2024-03-01 16:05:03,525][INFO][freq_trainer:154] - train epoch: 15 [79808/100000 (80%)], lr: ['1.00e-04'], loss: 0.235728
[2024-03-01 16:05:14,049][INFO][freq_trainer:154] - train epoch: 15 [89792/100000 (90%)], lr: ['1.00e-04'], loss: 0.249369
[2024-03-01 16:05:24,222][INFO][freq_trainer:154] - train epoch: 15 [99776/100000 (100%)], lr: ['1.00e-04'], loss: 0.240448
[2024-03-01 16:05:27,451][INFO][freq_trainer:90] - [epoch  15] execution time: 112.95s	metrics:
[2024-03-01 16:05:27,452][INFO][freq_evaluator:61] - dataset: valid_pretraining, acc: 0.175, hamming: 0.893
[2024-03-01 16:05:27,475][INFO][base_model:70] - snapshot saved to /home/users/grieger/repos/frequency-pretraining/models/exp001b-m4-simple_multi_class-2024-03-01_15-35-58-final.pth
[2024-03-01 16:05:37,744][INFO][freq_trainer:154] - train epoch: 16 [9920/100000 (10%)], lr: ['1.00e-04'], loss: 0.292853
[2024-03-01 16:05:48,580][INFO][freq_trainer:154] - train epoch: 16 [19904/100000 (20%)], lr: ['1.00e-04'], loss: 0.252242
[2024-03-01 16:05:58,877][INFO][freq_trainer:154] - train epoch: 16 [29888/100000 (30%)], lr: ['1.00e-04'], loss: 0.265906
[2024-03-01 16:06:09,129][INFO][freq_trainer:154] - train epoch: 16 [39872/100000 (40%)], lr: ['1.00e-04'], loss: 0.273374
[2024-03-01 16:06:20,056][INFO][freq_trainer:154] - train epoch: 16 [49856/100000 (50%)], lr: ['1.00e-04'], loss: 0.239921
[2024-03-01 16:06:30,334][INFO][freq_trainer:154] - train epoch: 16 [59840/100000 (60%)], lr: ['1.00e-04'], loss: 0.251436
[2024-03-01 16:06:40,294][INFO][freq_trainer:154] - train epoch: 16 [69824/100000 (70%)], lr: ['1.00e-04'], loss: 0.250507
[2024-03-01 16:06:50,597][INFO][freq_trainer:154] - train epoch: 16 [79808/100000 (80%)], lr: ['1.00e-04'], loss: 0.269087
[2024-03-01 16:06:58,997][INFO][freq_trainer:154] - train epoch: 16 [89792/100000 (90%)], lr: ['1.00e-04'], loss: 0.234610
[2024-03-01 16:07:09,358][INFO][freq_trainer:154] - train epoch: 16 [99776/100000 (100%)], lr: ['1.00e-04'], loss: 0.246795
[2024-03-01 16:07:12,586][INFO][freq_trainer:90] - [epoch  16] execution time: 105.11s	metrics:
[2024-03-01 16:07:12,587][INFO][freq_evaluator:61] - dataset: valid_pretraining, acc: 0.196, hamming: 0.901
[2024-03-01 16:07:12,616][INFO][base_model:70] - snapshot saved to /home/users/grieger/repos/frequency-pretraining/models/exp001b-m4-simple_multi_class-2024-03-01_15-35-58-final.pth
[2024-03-01 16:07:26,071][INFO][freq_trainer:154] - train epoch: 17 [9920/100000 (10%)], lr: ['1.00e-04'], loss: 0.238282
[2024-03-01 16:07:41,634][INFO][freq_trainer:154] - train epoch: 17 [19904/100000 (20%)], lr: ['1.00e-04'], loss: 0.257855
[2024-03-01 16:07:52,388][INFO][freq_trainer:154] - train epoch: 17 [29888/100000 (30%)], lr: ['1.00e-04'], loss: 0.250545
[2024-03-01 16:08:02,511][INFO][freq_trainer:154] - train epoch: 17 [39872/100000 (40%)], lr: ['1.00e-04'], loss: 0.218013
[2024-03-01 16:08:13,125][INFO][freq_trainer:154] - train epoch: 17 [49856/100000 (50%)], lr: ['1.00e-04'], loss: 0.242039
[2024-03-01 16:08:23,359][INFO][freq_trainer:154] - train epoch: 17 [59840/100000 (60%)], lr: ['1.00e-04'], loss: 0.262848
[2024-03-01 16:08:33,847][INFO][freq_trainer:154] - train epoch: 17 [69824/100000 (70%)], lr: ['1.00e-04'], loss: 0.252937
[2024-03-01 16:08:43,501][INFO][freq_trainer:154] - train epoch: 17 [79808/100000 (80%)], lr: ['1.00e-04'], loss: 0.235427
[2024-03-01 16:08:53,985][INFO][freq_trainer:154] - train epoch: 17 [89792/100000 (90%)], lr: ['1.00e-04'], loss: 0.265444
[2024-03-01 16:09:03,932][INFO][freq_trainer:154] - train epoch: 17 [99776/100000 (100%)], lr: ['1.00e-04'], loss: 0.243463
[2024-03-01 16:09:06,980][INFO][freq_trainer:90] - [epoch  17] execution time: 114.36s	metrics:
[2024-03-01 16:09:06,981][INFO][freq_evaluator:61] - dataset: valid_pretraining, acc: 0.208, hamming: 0.904
[2024-03-01 16:09:07,008][INFO][base_model:70] - snapshot saved to /home/users/grieger/repos/frequency-pretraining/models/exp001b-m4-simple_multi_class-2024-03-01_15-35-58-final.pth
[2024-03-01 16:09:17,939][INFO][freq_trainer:154] - train epoch: 18 [9920/100000 (10%)], lr: ['1.00e-04'], loss: 0.213545
[2024-03-01 16:09:28,526][INFO][freq_trainer:154] - train epoch: 18 [19904/100000 (20%)], lr: ['1.00e-04'], loss: 0.226059
[2024-03-01 16:09:39,335][INFO][freq_trainer:154] - train epoch: 18 [29888/100000 (30%)], lr: ['1.00e-04'], loss: 0.241544
[2024-03-01 16:09:47,779][INFO][freq_trainer:154] - train epoch: 18 [39872/100000 (40%)], lr: ['1.00e-04'], loss: 0.264861
[2024-03-01 16:10:01,213][INFO][freq_trainer:154] - train epoch: 18 [49856/100000 (50%)], lr: ['1.00e-04'], loss: 0.206260
[2024-03-01 16:10:15,830][INFO][freq_trainer:154] - train epoch: 18 [59840/100000 (60%)], lr: ['1.00e-04'], loss: 0.227179
[2024-03-01 16:10:29,244][INFO][freq_trainer:154] - train epoch: 18 [69824/100000 (70%)], lr: ['1.00e-04'], loss: 0.225905
[2024-03-01 16:10:40,388][INFO][freq_trainer:154] - train epoch: 18 [79808/100000 (80%)], lr: ['1.00e-04'], loss: 0.209679
[2024-03-01 16:10:51,230][INFO][freq_trainer:154] - train epoch: 18 [89792/100000 (90%)], lr: ['1.00e-04'], loss: 0.223186
[2024-03-01 16:11:01,889][INFO][freq_trainer:154] - train epoch: 18 [99776/100000 (100%)], lr: ['1.00e-04'], loss: 0.250365
[2024-03-01 16:11:05,072][INFO][freq_trainer:90] - [epoch  18] execution time: 118.06s	metrics:
[2024-03-01 16:11:05,073][INFO][freq_evaluator:61] - dataset: valid_pretraining, acc: 0.201, hamming: 0.905
[2024-03-01 16:11:05,091][INFO][base_model:70] - snapshot saved to /home/users/grieger/repos/frequency-pretraining/models/exp001b-m4-simple_multi_class-2024-03-01_15-35-58-final.pth
[2024-03-01 16:11:16,137][INFO][freq_trainer:154] - train epoch: 19 [9920/100000 (10%)], lr: ['1.00e-04'], loss: 0.216240
[2024-03-01 16:11:26,751][INFO][freq_trainer:154] - train epoch: 19 [19904/100000 (20%)], lr: ['1.00e-04'], loss: 0.242824
[2024-03-01 16:11:37,482][INFO][freq_trainer:154] - train epoch: 19 [29888/100000 (30%)], lr: ['1.00e-04'], loss: 0.244810
[2024-03-01 16:11:48,093][INFO][freq_trainer:154] - train epoch: 19 [39872/100000 (40%)], lr: ['1.00e-04'], loss: 0.227744
[2024-03-01 16:11:58,904][INFO][freq_trainer:154] - train epoch: 19 [49856/100000 (50%)], lr: ['1.00e-04'], loss: 0.255147
[2024-03-01 16:12:09,443][INFO][freq_trainer:154] - train epoch: 19 [59840/100000 (60%)], lr: ['1.00e-04'], loss: 0.239682
[2024-03-01 16:12:19,477][INFO][freq_trainer:154] - train epoch: 19 [69824/100000 (70%)], lr: ['1.00e-04'], loss: 0.241619
[2024-03-01 16:12:28,812][INFO][freq_trainer:154] - train epoch: 19 [79808/100000 (80%)], lr: ['1.00e-04'], loss: 0.222391
[2024-03-01 16:12:38,834][INFO][freq_trainer:154] - train epoch: 19 [89792/100000 (90%)], lr: ['1.00e-04'], loss: 0.257096
[2024-03-01 16:12:51,641][INFO][freq_trainer:154] - train epoch: 19 [99776/100000 (100%)], lr: ['1.00e-04'], loss: 0.206840
[2024-03-01 16:12:55,178][INFO][freq_trainer:90] - [epoch  19] execution time: 110.09s	metrics:
[2024-03-01 16:12:55,179][INFO][freq_evaluator:61] - dataset: valid_pretraining, acc: 0.209, hamming: 0.906
[2024-03-01 16:12:55,207][INFO][base_model:70] - snapshot saved to /home/users/grieger/repos/frequency-pretraining/models/exp001b-m4-simple_multi_class-2024-03-01_15-35-58-final.pth
[2024-03-01 16:13:11,520][INFO][freq_trainer:154] - train epoch: 20 [9920/100000 (10%)], lr: ['1.00e-04'], loss: 0.203460
[2024-03-01 16:13:23,381][INFO][freq_trainer:154] - train epoch: 20 [19904/100000 (20%)], lr: ['1.00e-04'], loss: 0.220594
[2024-03-01 16:13:34,193][INFO][freq_trainer:154] - train epoch: 20 [29888/100000 (30%)], lr: ['1.00e-04'], loss: 0.214005
[2024-03-01 16:13:45,018][INFO][freq_trainer:154] - train epoch: 20 [39872/100000 (40%)], lr: ['1.00e-04'], loss: 0.221578
[2024-03-01 16:13:55,470][INFO][freq_trainer:154] - train epoch: 20 [49856/100000 (50%)], lr: ['1.00e-04'], loss: 0.243317
[2024-03-01 16:14:05,648][INFO][freq_trainer:154] - train epoch: 20 [59840/100000 (60%)], lr: ['1.00e-04'], loss: 0.219681
[2024-03-01 16:14:15,785][INFO][freq_trainer:154] - train epoch: 20 [69824/100000 (70%)], lr: ['1.00e-04'], loss: 0.254338
[2024-03-01 16:14:25,700][INFO][freq_trainer:154] - train epoch: 20 [79808/100000 (80%)], lr: ['1.00e-04'], loss: 0.228050
[2024-03-01 16:14:35,908][INFO][freq_trainer:154] - train epoch: 20 [89792/100000 (90%)], lr: ['1.00e-04'], loss: 0.200966
[2024-03-01 16:14:45,532][INFO][freq_trainer:154] - train epoch: 20 [99776/100000 (100%)], lr: ['1.00e-04'], loss: 0.206561
[2024-03-01 16:14:48,654][INFO][freq_trainer:90] - [epoch  20] execution time: 113.45s	metrics:
[2024-03-01 16:14:48,655][INFO][freq_evaluator:61] - dataset: valid_pretraining, acc: 0.217, hamming: 0.908
[2024-03-01 16:14:48,687][INFO][base_model:70] - snapshot saved to /home/users/grieger/repos/frequency-pretraining/models/exp001b-m4-simple_multi_class-2024-03-01_15-35-58-final.pth
[2024-03-01 16:14:48,690][INFO][freq_trainer:103] - finished training
