[2024-03-02 08:10:29,222][INFO][fine-tune:33] - Using GPU 0
[2024-03-02 08:10:29,226][INFO][fine-tune:43] - overrides:
hydra:
- hydra.launcher.n_jobs=10
- hydra.mode=MULTIRUN
task:
- m_seed_path_sids={seeds:[14,14,14,14,14],path:"exp001b-m14-simple_multi_class-2024-03-01_15-35-58-final.pth",subject_ids:{dod_o_h:$\{data.dod_o_h.cv_5_fold.fold_5\}}}
- data.downstream.train_dataloader.dataset.data_reducer.n_subjects=25
- general.gpus=[0]

[2024-03-02 08:10:36,690][INFO][data_loaders:71] - class distribution before data reduction:
# samples per subject
02fb158a-a658-51ee-89cf-1e1dc2ebfde1: 861
03341d0d-5927-5838-8a5f-1b8ef39d8f57: 1063
039ce8ad-a7fa-5272-a3e3-1f4bfebdd087: 915
095d6e40-5f19-55b6-a0ec-6e0ad3793da0: 1192
0d79f4b1-e74f-5e87-8e42-f9dd7112ada5: 968
100df108-eb57-5eaa-a413-f7e4436a7895: 952
14c012bd-65b0-56f5-bc74-2dffcea69837: 969
16450f5a-9b65-5536-85e1-93816c8b89eb: 816
18482adf-1144-54ca-9e35-27f65c43a105: 824
18ede714-aba3-5ad8-bb1a-18fc9b1c4192: 995
1da3544e-dc5c-5795-adc3-f5068959211f: 955
2159377e-ebf3-5565-9014-1e2ae69dc1d2: 907
2e865ca9-e20f-5a6f-bd25-45d28cc9eab9: 950
32556393-bb57-560a-99e8-e09885219647: 1106
37d0da97-9ae8-5413-b889-4e843ff35488: 1011
3dd35e7b-d7e2-516d-8a85-e0d58a59569f: 1093
3e842aa8-bcd9-521e-93a2-72124233fe2c: 620
40e25dd4-6087-5747-b9c2-4838ada86b15: 1076
47f45aa2-31c4-595b-bdb6-f1348bba062b: 1032
4b72b905-5521-5c57-b666-e20ff9bb195f: 868
4e3c4ac4-69e2-5347-a3b0-662c204d259d: 926
5b94ec8a-c34d-5e45-84d1-bec2ea965609: 1090
5bf0f969-304c-581e-949c-50c108f62846: 947
67fa8e29-6f4d-530e-9422-bbc3aca86ed0: 1046
6e2aa933-c51c-5a31-8c7b-83da8d076a12: 905
730aba3b-e310-5be0-9eed-7c3123466834: 1120
742f1592-627c-54eb-bbb5-ccd55ffae33a: 975
769df255-2284-50b3-8917-2155c759fbbd: 929
79e8a04e-0fdd-53ae-bedc-d49d08e29103: 918
7d778801-88e7-5086-ad1d-70f31a371876: 999
83c1394e-9c69-5c11-9102-9ff8d59b1cfd: 1011
844f68ba-265e-53e6-bf47-6c85d1804a7b: 957
90aef91a-252f-5ccc-a82e-78ea7ee9ca1f: 1089
a0c91989-530f-5117-80c1-2488dbed683c: 1017
a25b2296-343b-53f6-8792-ada2669d466e: 1008
a6254c8a-f1b2-5736-b601-18245dd5e0a5: 1084
a65a9e69-cddf-5711-9a97-de8bfdeb08cc: 961
a79d1f0e-c133-5aa0-8268-cdcc05825f0f: 1046
aa160c78-6da3-5e05-8fc9-d6c13e9f97e0: 1010
aadc9e0c-b7c3-5a47-851d-f21971d10935: 969
ad47bc12-199c-5294-9cb8-4351bbbf7b5e: 893
b2d3ccdd-395c-5dd2-81d9-252bcfc0c337: 902
b3706da5-748b-5dd1-a552-f57e4456cdf6: 1041
b5d5785d-87ee-5078-b9b9-aac6abd4d8de: 918
bb474ab0-c2ce-573b-8acd-ef86b0fa26a2: 1142
c03e27b0-4cb5-584f-aaea-8f1e1ed6513c: 1121
c11c730f-0b6b-580b-af31-d8f0ebbbdfce: 917
c31a47f9-e400-5841-a22b-521c81042603: 986
c8110476-594c-533d-95bd-86147fccc987: 995
c985916d-46a5-5c3e-9d50-a5a91f460bac: 1024
cebd3520-4e77-5222-a614-d2888e6afc2b: 1109
d5181c33-a43b-5dfe-8ad7-0337facb092a: 977
e59c45e0-0c0c-565f-84a9-6cf0ec5ef6c1: 844
e6b7cbef-4c9d-5541-82e8-04810de0fb60: 819
e8ec8ec4-dc48-50ce-985a-a06d87861030: 975
eb95076c-c470-56a4-b788-ace310f061c6: 965

# samples per stage
0: 9856
1: 3075
2: 26718
3: 5997
4: 9162
[2024-03-02 08:10:36,937][INFO][data_loaders:77] - class distribution after data reduction:
# samples per subject
03341d0d-5927-5838-8a5f-1b8ef39d8f57: 2126
039ce8ad-a7fa-5272-a3e3-1f4bfebdd087: 1830
14c012bd-65b0-56f5-bc74-2dffcea69837: 1938
18482adf-1144-54ca-9e35-27f65c43a105: 1648
18ede714-aba3-5ad8-bb1a-18fc9b1c4192: 1990
2159377e-ebf3-5565-9014-1e2ae69dc1d2: 1814
37d0da97-9ae8-5413-b889-4e843ff35488: 2022
47f45aa2-31c4-595b-bdb6-f1348bba062b: 2064
4b72b905-5521-5c57-b666-e20ff9bb195f: 1736
5b94ec8a-c34d-5e45-84d1-bec2ea965609: 2180
83c1394e-9c69-5c11-9102-9ff8d59b1cfd: 2022
844f68ba-265e-53e6-bf47-6c85d1804a7b: 1914
a0c91989-530f-5117-80c1-2488dbed683c: 2034
a25b2296-343b-53f6-8792-ada2669d466e: 2016
a6254c8a-f1b2-5736-b601-18245dd5e0a5: 2168
a65a9e69-cddf-5711-9a97-de8bfdeb08cc: 1922
a79d1f0e-c133-5aa0-8268-cdcc05825f0f: 2092
b2d3ccdd-395c-5dd2-81d9-252bcfc0c337: 1804
bb474ab0-c2ce-573b-8acd-ef86b0fa26a2: 2284
c11c730f-0b6b-580b-af31-d8f0ebbbdfce: 1834
c8110476-594c-533d-95bd-86147fccc987: 1990
c985916d-46a5-5c3e-9d50-a5a91f460bac: 2048
d5181c33-a43b-5dfe-8ad7-0337facb092a: 1954
e6b7cbef-4c9d-5541-82e8-04810de0fb60: 1638
eb95076c-c470-56a4-b788-ace310f061c6: 1930

# samples per stage
0: 8506
1: 2740
2: 23724
3: 5510
4: 8518
[2024-03-02 08:10:37,768][INFO][data_loaders:71] - class distribution before data reduction:
# samples per subject
0416d51f-5d69-5326-b74a-a2e31a96a1ef: 822
1fa6c401-d819-50f5-8146-a0bb9e2b2516: 986
22bea84c-5d23-5e49-bc2d-9764f883955b: 1048
25a6b2b0-4d09-561b-82c6-f09bb271d3be: 1063
a30245e3-4a71-565f-9636-92e7d2e825fc: 1122
a4568951-bf87-5bbc-bc4f-28e93c360be6: 975
b3534fa3-7676-50dc-8412-07f0eff4f7a9: 757
fc10ee0b-b863-511b-bce8-4dfa7af8ac3a: 910

# samples per stage
0: 1458
1: 408
2: 3702
3: 1050
4: 1065
[2024-03-02 08:10:37,809][INFO][data_loaders:77] - class distribution after data reduction:
# samples per subject
0416d51f-5d69-5326-b74a-a2e31a96a1ef: 822
1fa6c401-d819-50f5-8146-a0bb9e2b2516: 986
22bea84c-5d23-5e49-bc2d-9764f883955b: 1048
25a6b2b0-4d09-561b-82c6-f09bb271d3be: 1063
a30245e3-4a71-565f-9636-92e7d2e825fc: 1122
a4568951-bf87-5bbc-bc4f-28e93c360be6: 975
b3534fa3-7676-50dc-8412-07f0eff4f7a9: 757
fc10ee0b-b863-511b-bce8-4dfa7af8ac3a: 910

# samples per stage
0: 1458
1: 408
2: 3702
3: 1050
4: 1065
[2024-03-02 08:10:37,833][INFO][clas_trainer:82] - metrics before training (epoch 0):
[2024-03-02 08:10:41,887][INFO][clas_evaluator:69] - dataset: earlystopping, avg f1-score: 0.1049
[2024-03-02 08:10:46,371][INFO][clas_trainer:180] - train epoch: 1 [4864/48998 (10%)], lr: ['1.00e-04'], loss: 1.451657
[2024-03-02 08:10:50,464][INFO][clas_trainer:180] - train epoch: 1 [9760/48998 (20%)], lr: ['1.00e-04'], loss: 1.244920
[2024-03-02 08:10:54,700][INFO][clas_trainer:180] - train epoch: 1 [14656/48998 (30%)], lr: ['1.00e-04'], loss: 1.051542
[2024-03-02 08:10:59,156][INFO][clas_trainer:180] - train epoch: 1 [19552/48998 (40%)], lr: ['1.00e-04'], loss: 1.352072
[2024-03-02 08:11:03,228][INFO][clas_trainer:180] - train epoch: 1 [24448/48998 (50%)], lr: ['1.00e-04'], loss: 1.455320
[2024-03-02 08:11:07,392][INFO][clas_trainer:180] - train epoch: 1 [29344/48998 (60%)], lr: ['1.00e-04'], loss: 1.106044
[2024-03-02 08:11:11,764][INFO][clas_trainer:180] - train epoch: 1 [34240/48998 (70%)], lr: ['1.00e-04'], loss: 0.860309
[2024-03-02 08:11:15,871][INFO][clas_trainer:180] - train epoch: 1 [39136/48998 (80%)], lr: ['1.00e-04'], loss: 0.970251
[2024-03-02 08:11:19,873][INFO][clas_trainer:180] - train epoch: 1 [44032/48998 (90%)], lr: ['1.00e-04'], loss: 1.285419
[2024-03-02 08:11:23,970][INFO][clas_trainer:180] - train epoch: 1 [48928/48998 (100%)], lr: ['1.00e-04'], loss: 1.161443
[2024-03-02 08:11:28,024][INFO][clas_trainer:96] - [epoch   1] execution time: 46.14s	metrics:
[2024-03-02 08:11:28,025][INFO][clas_evaluator:69] - dataset: earlystopping, avg f1-score: 0.5381
[2024-03-02 08:11:28,056][INFO][base_model:70] - snapshot saved to /home/users/grieger/repos/frequency-pretraining/models/exp001d-m85-base_fe_clas-2024-03-02_05-56-44-final.pth
[2024-03-02 08:11:32,712][INFO][clas_trainer:180] - train epoch: 2 [4864/48998 (10%)], lr: ['1.00e-04'], loss: 0.896259
[2024-03-02 08:11:36,961][INFO][clas_trainer:180] - train epoch: 2 [9760/48998 (20%)], lr: ['1.00e-04'], loss: 0.687691
[2024-03-02 08:11:40,925][INFO][clas_trainer:180] - train epoch: 2 [14656/48998 (30%)], lr: ['1.00e-04'], loss: 1.268799
[2024-03-02 08:11:44,839][INFO][clas_trainer:180] - train epoch: 2 [19552/48998 (40%)], lr: ['1.00e-04'], loss: 0.789262
[2024-03-02 08:11:48,735][INFO][clas_trainer:180] - train epoch: 2 [24448/48998 (50%)], lr: ['1.00e-04'], loss: 1.088103
[2024-03-02 08:11:52,877][INFO][clas_trainer:180] - train epoch: 2 [29344/48998 (60%)], lr: ['1.00e-04'], loss: 0.703164
[2024-03-02 08:11:56,924][INFO][clas_trainer:180] - train epoch: 2 [34240/48998 (70%)], lr: ['1.00e-04'], loss: 0.574829
[2024-03-02 08:12:00,850][INFO][clas_trainer:180] - train epoch: 2 [39136/48998 (80%)], lr: ['1.00e-04'], loss: 1.031919
[2024-03-02 08:12:04,844][INFO][clas_trainer:180] - train epoch: 2 [44032/48998 (90%)], lr: ['1.00e-04'], loss: 0.843957
[2024-03-02 08:12:08,767][INFO][clas_trainer:180] - train epoch: 2 [48928/48998 (100%)], lr: ['1.00e-04'], loss: 1.105812
[2024-03-02 08:12:12,564][INFO][clas_trainer:96] - [epoch   2] execution time: 44.51s	metrics:
[2024-03-02 08:12:12,564][INFO][clas_evaluator:69] - dataset: earlystopping, avg f1-score: 0.5751
[2024-03-02 08:12:12,591][INFO][base_model:70] - snapshot saved to /home/users/grieger/repos/frequency-pretraining/models/exp001d-m85-base_fe_clas-2024-03-02_05-56-44-final.pth
[2024-03-02 08:12:17,030][INFO][clas_trainer:180] - train epoch: 3 [4864/48998 (10%)], lr: ['1.00e-04'], loss: 0.832895
[2024-03-02 08:12:20,973][INFO][clas_trainer:180] - train epoch: 3 [9760/48998 (20%)], lr: ['1.00e-04'], loss: 0.738643
[2024-03-02 08:12:24,982][INFO][clas_trainer:180] - train epoch: 3 [14656/48998 (30%)], lr: ['1.00e-04'], loss: 0.862578
[2024-03-02 08:12:28,851][INFO][clas_trainer:180] - train epoch: 3 [19552/48998 (40%)], lr: ['1.00e-04'], loss: 0.665231
[2024-03-02 08:12:32,727][INFO][clas_trainer:180] - train epoch: 3 [24448/48998 (50%)], lr: ['1.00e-04'], loss: 0.865376
[2024-03-02 08:12:36,987][INFO][clas_trainer:180] - train epoch: 3 [29344/48998 (60%)], lr: ['1.00e-04'], loss: 0.826513
[2024-03-02 08:12:41,298][INFO][clas_trainer:180] - train epoch: 3 [34240/48998 (70%)], lr: ['1.00e-04'], loss: 0.943708
[2024-03-02 08:12:45,495][INFO][clas_trainer:180] - train epoch: 3 [39136/48998 (80%)], lr: ['1.00e-04'], loss: 0.750331
[2024-03-02 08:12:49,962][INFO][clas_trainer:180] - train epoch: 3 [44032/48998 (90%)], lr: ['1.00e-04'], loss: 0.626925
[2024-03-02 08:12:54,071][INFO][clas_trainer:180] - train epoch: 3 [48928/48998 (100%)], lr: ['1.00e-04'], loss: 0.700507
[2024-03-02 08:12:58,145][INFO][clas_trainer:96] - [epoch   3] execution time: 45.55s	metrics:
[2024-03-02 08:12:58,146][INFO][clas_evaluator:69] - dataset: earlystopping, avg f1-score: 0.5737
[2024-03-02 08:13:02,640][INFO][clas_trainer:180] - train epoch: 4 [4864/48998 (10%)], lr: ['1.00e-04'], loss: 0.561142
[2024-03-02 08:13:06,676][INFO][clas_trainer:180] - train epoch: 4 [9760/48998 (20%)], lr: ['1.00e-04'], loss: 0.484427
[2024-03-02 08:13:10,814][INFO][clas_trainer:180] - train epoch: 4 [14656/48998 (30%)], lr: ['1.00e-04'], loss: 0.533031
[2024-03-02 08:13:15,263][INFO][clas_trainer:180] - train epoch: 4 [19552/48998 (40%)], lr: ['1.00e-04'], loss: 0.900171
[2024-03-02 08:13:19,225][INFO][clas_trainer:180] - train epoch: 4 [24448/48998 (50%)], lr: ['1.00e-04'], loss: 0.551923
[2024-03-02 08:13:23,375][INFO][clas_trainer:180] - train epoch: 4 [29344/48998 (60%)], lr: ['1.00e-04'], loss: 0.503462
[2024-03-02 08:13:27,591][INFO][clas_trainer:180] - train epoch: 4 [34240/48998 (70%)], lr: ['1.00e-04'], loss: 0.614725
[2024-03-02 08:13:31,730][INFO][clas_trainer:180] - train epoch: 4 [39136/48998 (80%)], lr: ['1.00e-04'], loss: 1.036730
[2024-03-02 08:13:35,929][INFO][clas_trainer:180] - train epoch: 4 [44032/48998 (90%)], lr: ['1.00e-04'], loss: 0.726760
[2024-03-02 08:13:39,967][INFO][clas_trainer:180] - train epoch: 4 [48928/48998 (100%)], lr: ['1.00e-04'], loss: 0.696444
[2024-03-02 08:13:44,205][INFO][clas_trainer:96] - [epoch   4] execution time: 46.06s	metrics:
[2024-03-02 08:13:44,206][INFO][clas_evaluator:69] - dataset: earlystopping, avg f1-score: 0.5835
[2024-03-02 08:13:44,235][INFO][base_model:70] - snapshot saved to /home/users/grieger/repos/frequency-pretraining/models/exp001d-m85-base_fe_clas-2024-03-02_05-56-44-final.pth
[2024-03-02 08:13:48,785][INFO][clas_trainer:180] - train epoch: 5 [4864/48998 (10%)], lr: ['1.00e-04'], loss: 0.657731
[2024-03-02 08:13:52,859][INFO][clas_trainer:180] - train epoch: 5 [9760/48998 (20%)], lr: ['1.00e-04'], loss: 0.602307
[2024-03-02 08:13:57,022][INFO][clas_trainer:180] - train epoch: 5 [14656/48998 (30%)], lr: ['1.00e-04'], loss: 0.558534
[2024-03-02 08:14:01,512][INFO][clas_trainer:180] - train epoch: 5 [19552/48998 (40%)], lr: ['1.00e-04'], loss: 0.657958
[2024-03-02 08:14:05,516][INFO][clas_trainer:180] - train epoch: 5 [24448/48998 (50%)], lr: ['1.00e-04'], loss: 0.784317
[2024-03-02 08:14:09,649][INFO][clas_trainer:180] - train epoch: 5 [29344/48998 (60%)], lr: ['1.00e-04'], loss: 0.533727
[2024-03-02 08:14:13,712][INFO][clas_trainer:180] - train epoch: 5 [34240/48998 (70%)], lr: ['1.00e-04'], loss: 0.496299
[2024-03-02 08:14:17,748][INFO][clas_trainer:180] - train epoch: 5 [39136/48998 (80%)], lr: ['1.00e-04'], loss: 0.622115
[2024-03-02 08:14:22,111][INFO][clas_trainer:180] - train epoch: 5 [44032/48998 (90%)], lr: ['1.00e-04'], loss: 0.592525
[2024-03-02 08:14:26,270][INFO][clas_trainer:180] - train epoch: 5 [48928/48998 (100%)], lr: ['1.00e-04'], loss: 0.886804
[2024-03-02 08:14:29,729][INFO][clas_trainer:96] - [epoch   5] execution time: 45.49s	metrics:
[2024-03-02 08:14:29,729][INFO][clas_evaluator:69] - dataset: earlystopping, avg f1-score: 0.5760
[2024-03-02 08:14:34,115][INFO][clas_trainer:180] - train epoch: 6 [4864/48998 (10%)], lr: ['1.00e-04'], loss: 0.501862
[2024-03-02 08:14:38,557][INFO][clas_trainer:180] - train epoch: 6 [9760/48998 (20%)], lr: ['1.00e-04'], loss: 0.734621
[2024-03-02 08:14:42,516][INFO][clas_trainer:180] - train epoch: 6 [14656/48998 (30%)], lr: ['1.00e-04'], loss: 0.644750
[2024-03-02 08:14:46,361][INFO][clas_trainer:180] - train epoch: 6 [19552/48998 (40%)], lr: ['1.00e-04'], loss: 0.589235
[2024-03-02 08:14:50,404][INFO][clas_trainer:180] - train epoch: 6 [24448/48998 (50%)], lr: ['1.00e-04'], loss: 0.580543
[2024-03-02 08:14:54,536][INFO][clas_trainer:180] - train epoch: 6 [29344/48998 (60%)], lr: ['1.00e-04'], loss: 0.524947
[2024-03-02 08:14:58,770][INFO][clas_trainer:180] - train epoch: 6 [34240/48998 (70%)], lr: ['1.00e-04'], loss: 0.695904
[2024-03-02 08:15:03,009][INFO][clas_trainer:180] - train epoch: 6 [39136/48998 (80%)], lr: ['1.00e-04'], loss: 0.520928
[2024-03-02 08:15:07,159][INFO][clas_trainer:180] - train epoch: 6 [44032/48998 (90%)], lr: ['1.00e-04'], loss: 0.708970
[2024-03-02 08:15:11,211][INFO][clas_trainer:180] - train epoch: 6 [48928/48998 (100%)], lr: ['1.00e-04'], loss: 0.467664
[2024-03-02 08:15:15,070][INFO][clas_trainer:96] - [epoch   6] execution time: 45.34s	metrics:
[2024-03-02 08:15:15,071][INFO][clas_evaluator:69] - dataset: earlystopping, avg f1-score: 0.5970
[2024-03-02 08:15:15,107][INFO][base_model:70] - snapshot saved to /home/users/grieger/repos/frequency-pretraining/models/exp001d-m85-base_fe_clas-2024-03-02_05-56-44-final.pth
[2024-03-02 08:15:19,161][INFO][clas_trainer:180] - train epoch: 7 [4864/48998 (10%)], lr: ['1.00e-04'], loss: 0.490975
[2024-03-02 08:15:22,976][INFO][clas_trainer:180] - train epoch: 7 [9760/48998 (20%)], lr: ['1.00e-04'], loss: 0.581676
[2024-03-02 08:15:26,506][INFO][clas_trainer:180] - train epoch: 7 [14656/48998 (30%)], lr: ['1.00e-04'], loss: 0.646807
[2024-03-02 08:15:30,145][INFO][clas_trainer:180] - train epoch: 7 [19552/48998 (40%)], lr: ['1.00e-04'], loss: 0.652312
[2024-03-02 08:15:34,056][INFO][clas_trainer:180] - train epoch: 7 [24448/48998 (50%)], lr: ['1.00e-04'], loss: 0.767558
[2024-03-02 08:15:38,163][INFO][clas_trainer:180] - train epoch: 7 [29344/48998 (60%)], lr: ['1.00e-04'], loss: 0.453250
[2024-03-02 08:15:42,489][INFO][clas_trainer:180] - train epoch: 7 [34240/48998 (70%)], lr: ['1.00e-04'], loss: 0.417809
[2024-03-02 08:15:46,561][INFO][clas_trainer:180] - train epoch: 7 [39136/48998 (80%)], lr: ['1.00e-04'], loss: 0.742607
[2024-03-02 08:15:50,727][INFO][clas_trainer:180] - train epoch: 7 [44032/48998 (90%)], lr: ['1.00e-04'], loss: 0.664076
[2024-03-02 08:15:54,663][INFO][clas_trainer:180] - train epoch: 7 [48928/48998 (100%)], lr: ['1.00e-04'], loss: 0.464243
[2024-03-02 08:15:58,549][INFO][clas_trainer:96] - [epoch   7] execution time: 43.44s	metrics:
[2024-03-02 08:15:58,550][INFO][clas_evaluator:69] - dataset: earlystopping, avg f1-score: 0.5915
[2024-03-02 08:16:03,012][INFO][clas_trainer:180] - train epoch: 8 [4864/48998 (10%)], lr: ['1.00e-04'], loss: 0.352025
[2024-03-02 08:16:07,123][INFO][clas_trainer:180] - train epoch: 8 [9760/48998 (20%)], lr: ['1.00e-04'], loss: 0.455611
[2024-03-02 08:16:11,445][INFO][clas_trainer:180] - train epoch: 8 [14656/48998 (30%)], lr: ['1.00e-04'], loss: 0.489360
[2024-03-02 08:16:15,626][INFO][clas_trainer:180] - train epoch: 8 [19552/48998 (40%)], lr: ['1.00e-04'], loss: 0.684235
[2024-03-02 08:16:19,836][INFO][clas_trainer:180] - train epoch: 8 [24448/48998 (50%)], lr: ['1.00e-04'], loss: 1.105210
[2024-03-02 08:16:24,224][INFO][clas_trainer:180] - train epoch: 8 [29344/48998 (60%)], lr: ['1.00e-04'], loss: 0.367429
[2024-03-02 08:16:28,348][INFO][clas_trainer:180] - train epoch: 8 [34240/48998 (70%)], lr: ['1.00e-04'], loss: 0.871888
[2024-03-02 08:16:32,458][INFO][clas_trainer:180] - train epoch: 8 [39136/48998 (80%)], lr: ['1.00e-04'], loss: 0.410935
[2024-03-02 08:16:36,847][INFO][clas_trainer:180] - train epoch: 8 [44032/48998 (90%)], lr: ['1.00e-04'], loss: 0.394237
[2024-03-02 08:16:40,931][INFO][clas_trainer:180] - train epoch: 8 [48928/48998 (100%)], lr: ['1.00e-04'], loss: 0.540484
[2024-03-02 08:16:45,156][INFO][clas_trainer:96] - [epoch   8] execution time: 46.61s	metrics:
[2024-03-02 08:16:45,157][INFO][clas_evaluator:69] - dataset: earlystopping, avg f1-score: 0.5921
[2024-03-02 08:16:49,904][INFO][clas_trainer:180] - train epoch: 9 [4864/48998 (10%)], lr: ['1.00e-04'], loss: 0.552943
[2024-03-02 08:16:54,011][INFO][clas_trainer:180] - train epoch: 9 [9760/48998 (20%)], lr: ['1.00e-04'], loss: 0.895901
[2024-03-02 08:16:58,062][INFO][clas_trainer:180] - train epoch: 9 [14656/48998 (30%)], lr: ['1.00e-04'], loss: 0.547498
[2024-03-02 08:17:02,325][INFO][clas_trainer:180] - train epoch: 9 [19552/48998 (40%)], lr: ['1.00e-04'], loss: 0.743526
[2024-03-02 08:17:06,426][INFO][clas_trainer:180] - train epoch: 9 [24448/48998 (50%)], lr: ['1.00e-04'], loss: 0.378953
[2024-03-02 08:17:10,814][INFO][clas_trainer:180] - train epoch: 9 [29344/48998 (60%)], lr: ['1.00e-04'], loss: 0.480510
[2024-03-02 08:17:14,765][INFO][clas_trainer:180] - train epoch: 9 [34240/48998 (70%)], lr: ['1.00e-04'], loss: 0.613820
[2024-03-02 08:17:18,623][INFO][clas_trainer:180] - train epoch: 9 [39136/48998 (80%)], lr: ['1.00e-04'], loss: 0.418820
[2024-03-02 08:17:23,215][INFO][clas_trainer:180] - train epoch: 9 [44032/48998 (90%)], lr: ['1.00e-04'], loss: 0.560265
[2024-03-02 08:17:27,477][INFO][clas_trainer:180] - train epoch: 9 [48928/48998 (100%)], lr: ['1.00e-04'], loss: 0.649750
[2024-03-02 08:17:31,636][INFO][clas_trainer:96] - [epoch   9] execution time: 46.48s	metrics:
[2024-03-02 08:17:31,637][INFO][clas_evaluator:69] - dataset: earlystopping, avg f1-score: 0.5926
[2024-03-02 08:17:35,818][INFO][clas_trainer:180] - train epoch: 10 [4864/48998 (10%)], lr: ['1.00e-04'], loss: 0.368511
[2024-03-02 08:17:39,776][INFO][clas_trainer:180] - train epoch: 10 [9760/48998 (20%)], lr: ['1.00e-04'], loss: 0.469519
[2024-03-02 08:17:43,753][INFO][clas_trainer:180] - train epoch: 10 [14656/48998 (30%)], lr: ['1.00e-04'], loss: 0.458864
[2024-03-02 08:17:47,730][INFO][clas_trainer:180] - train epoch: 10 [19552/48998 (40%)], lr: ['1.00e-04'], loss: 0.710858
[2024-03-02 08:17:51,888][INFO][clas_trainer:180] - train epoch: 10 [24448/48998 (50%)], lr: ['1.00e-04'], loss: 0.439320
[2024-03-02 08:17:56,011][INFO][clas_trainer:180] - train epoch: 10 [29344/48998 (60%)], lr: ['1.00e-04'], loss: 0.398453
[2024-03-02 08:17:59,894][INFO][clas_trainer:180] - train epoch: 10 [34240/48998 (70%)], lr: ['1.00e-04'], loss: 0.790128
[2024-03-02 08:18:03,540][INFO][clas_trainer:180] - train epoch: 10 [39136/48998 (80%)], lr: ['1.00e-04'], loss: 0.267511
[2024-03-02 08:18:07,564][INFO][clas_trainer:180] - train epoch: 10 [44032/48998 (90%)], lr: ['1.00e-04'], loss: 0.362922
[2024-03-02 08:18:11,580][INFO][clas_trainer:180] - train epoch: 10 [48928/48998 (100%)], lr: ['1.00e-04'], loss: 0.651661
[2024-03-02 08:18:16,116][INFO][clas_trainer:96] - [epoch  10] execution time: 44.48s	metrics:
[2024-03-02 08:18:16,116][INFO][clas_evaluator:69] - dataset: earlystopping, avg f1-score: 0.5964
[2024-03-02 08:18:20,425][INFO][clas_trainer:180] - train epoch: 11 [4864/48998 (10%)], lr: ['1.00e-04'], loss: 0.629808
[2024-03-02 08:18:24,901][INFO][clas_trainer:180] - train epoch: 11 [9760/48998 (20%)], lr: ['1.00e-04'], loss: 0.731471
[2024-03-02 08:18:29,499][INFO][clas_trainer:180] - train epoch: 11 [14656/48998 (30%)], lr: ['1.00e-04'], loss: 0.509918
[2024-03-02 08:18:33,943][INFO][clas_trainer:180] - train epoch: 11 [19552/48998 (40%)], lr: ['1.00e-04'], loss: 0.883296
[2024-03-02 08:18:38,373][INFO][clas_trainer:180] - train epoch: 11 [24448/48998 (50%)], lr: ['1.00e-04'], loss: 0.383547
[2024-03-02 08:18:42,500][INFO][clas_trainer:180] - train epoch: 11 [29344/48998 (60%)], lr: ['1.00e-04'], loss: 0.501428
[2024-03-02 08:18:47,030][INFO][clas_trainer:180] - train epoch: 11 [34240/48998 (70%)], lr: ['1.00e-04'], loss: 0.711684
[2024-03-02 08:18:51,186][INFO][clas_trainer:180] - train epoch: 11 [39136/48998 (80%)], lr: ['1.00e-04'], loss: 0.543971
[2024-03-02 08:18:55,517][INFO][clas_trainer:180] - train epoch: 11 [44032/48998 (90%)], lr: ['1.00e-04'], loss: 0.447944
[2024-03-02 08:18:59,859][INFO][clas_trainer:180] - train epoch: 11 [48928/48998 (100%)], lr: ['1.00e-04'], loss: 0.495951
[2024-03-02 08:19:03,902][INFO][clas_trainer:96] - [epoch  11] execution time: 47.79s	metrics:
[2024-03-02 08:19:03,903][INFO][clas_evaluator:69] - dataset: earlystopping, avg f1-score: 0.6127
[2024-03-02 08:19:03,937][INFO][base_model:70] - snapshot saved to /home/users/grieger/repos/frequency-pretraining/models/exp001d-m85-base_fe_clas-2024-03-02_05-56-44-final.pth
[2024-03-02 08:19:08,279][INFO][clas_trainer:180] - train epoch: 12 [4864/48998 (10%)], lr: ['1.00e-04'], loss: 0.377209
[2024-03-02 08:19:12,654][INFO][clas_trainer:180] - train epoch: 12 [9760/48998 (20%)], lr: ['1.00e-04'], loss: 0.879266
[2024-03-02 08:19:17,450][INFO][clas_trainer:180] - train epoch: 12 [14656/48998 (30%)], lr: ['1.00e-04'], loss: 0.779233
[2024-03-02 08:19:21,368][INFO][clas_trainer:180] - train epoch: 12 [19552/48998 (40%)], lr: ['1.00e-04'], loss: 0.601479
[2024-03-02 08:19:25,378][INFO][clas_trainer:180] - train epoch: 12 [24448/48998 (50%)], lr: ['1.00e-04'], loss: 0.312369
[2024-03-02 08:19:29,617][INFO][clas_trainer:180] - train epoch: 12 [29344/48998 (60%)], lr: ['1.00e-04'], loss: 0.472294
[2024-03-02 08:19:33,866][INFO][clas_trainer:180] - train epoch: 12 [34240/48998 (70%)], lr: ['1.00e-04'], loss: 0.659919
[2024-03-02 08:19:38,012][INFO][clas_trainer:180] - train epoch: 12 [39136/48998 (80%)], lr: ['1.00e-04'], loss: 0.735049
[2024-03-02 08:19:42,103][INFO][clas_trainer:180] - train epoch: 12 [44032/48998 (90%)], lr: ['1.00e-04'], loss: 0.457974
[2024-03-02 08:19:46,327][INFO][clas_trainer:180] - train epoch: 12 [48928/48998 (100%)], lr: ['1.00e-04'], loss: 0.765400
[2024-03-02 08:19:50,694][INFO][clas_trainer:96] - [epoch  12] execution time: 46.76s	metrics:
[2024-03-02 08:19:50,695][INFO][clas_evaluator:69] - dataset: earlystopping, avg f1-score: 0.6005
[2024-03-02 08:19:55,151][INFO][clas_trainer:180] - train epoch: 13 [4864/48998 (10%)], lr: ['1.00e-04'], loss: 0.562347
[2024-03-02 08:19:58,789][INFO][clas_trainer:180] - train epoch: 13 [9760/48998 (20%)], lr: ['1.00e-04'], loss: 0.571823
[2024-03-02 08:20:03,047][INFO][clas_trainer:180] - train epoch: 13 [14656/48998 (30%)], lr: ['1.00e-04'], loss: 0.485781
[2024-03-02 08:20:06,832][INFO][clas_trainer:180] - train epoch: 13 [19552/48998 (40%)], lr: ['1.00e-04'], loss: 0.406598
[2024-03-02 08:20:10,598][INFO][clas_trainer:180] - train epoch: 13 [24448/48998 (50%)], lr: ['1.00e-04'], loss: 0.643643
[2024-03-02 08:20:14,260][INFO][clas_trainer:180] - train epoch: 13 [29344/48998 (60%)], lr: ['1.00e-04'], loss: 0.678528
[2024-03-02 08:20:18,054][INFO][clas_trainer:180] - train epoch: 13 [34240/48998 (70%)], lr: ['1.00e-04'], loss: 0.423270
[2024-03-02 08:20:22,452][INFO][clas_trainer:180] - train epoch: 13 [39136/48998 (80%)], lr: ['1.00e-04'], loss: 0.625351
[2024-03-02 08:20:26,059][INFO][clas_trainer:180] - train epoch: 13 [44032/48998 (90%)], lr: ['1.00e-04'], loss: 0.468307
[2024-03-02 08:20:29,832][INFO][clas_trainer:180] - train epoch: 13 [48928/48998 (100%)], lr: ['1.00e-04'], loss: 0.270518
[2024-03-02 08:20:34,108][INFO][clas_trainer:96] - [epoch  13] execution time: 43.41s	metrics:
[2024-03-02 08:20:34,109][INFO][clas_evaluator:69] - dataset: earlystopping, avg f1-score: 0.5977
[2024-03-02 08:20:38,059][INFO][clas_trainer:180] - train epoch: 14 [4864/48998 (10%)], lr: ['1.00e-04'], loss: 0.330269
[2024-03-02 08:20:41,662][INFO][clas_trainer:180] - train epoch: 14 [9760/48998 (20%)], lr: ['1.00e-04'], loss: 0.389545
[2024-03-02 08:20:45,190][INFO][clas_trainer:180] - train epoch: 14 [14656/48998 (30%)], lr: ['1.00e-04'], loss: 0.552153
[2024-03-02 08:20:48,598][INFO][clas_trainer:180] - train epoch: 14 [19552/48998 (40%)], lr: ['1.00e-04'], loss: 0.446556
[2024-03-02 08:20:52,316][INFO][clas_trainer:180] - train epoch: 14 [24448/48998 (50%)], lr: ['1.00e-04'], loss: 0.314204
[2024-03-02 08:20:55,815][INFO][clas_trainer:180] - train epoch: 14 [29344/48998 (60%)], lr: ['1.00e-04'], loss: 0.587277
[2024-03-02 08:20:59,213][INFO][clas_trainer:180] - train epoch: 14 [34240/48998 (70%)], lr: ['1.00e-04'], loss: 0.501566
[2024-03-02 08:21:02,803][INFO][clas_trainer:180] - train epoch: 14 [39136/48998 (80%)], lr: ['1.00e-04'], loss: 0.362703
[2024-03-02 08:21:06,617][INFO][clas_trainer:180] - train epoch: 14 [44032/48998 (90%)], lr: ['1.00e-04'], loss: 0.504910
[2024-03-02 08:21:10,189][INFO][clas_trainer:180] - train epoch: 14 [48928/48998 (100%)], lr: ['1.00e-04'], loss: 0.478862
[2024-03-02 08:21:13,815][INFO][clas_trainer:96] - [epoch  14] execution time: 39.71s	metrics:
[2024-03-02 08:21:13,815][INFO][clas_evaluator:69] - dataset: earlystopping, avg f1-score: 0.5977
[2024-03-02 08:21:17,896][INFO][clas_trainer:180] - train epoch: 15 [4864/48998 (10%)], lr: ['1.00e-04'], loss: 0.228258
[2024-03-02 08:21:21,625][INFO][clas_trainer:180] - train epoch: 15 [9760/48998 (20%)], lr: ['1.00e-04'], loss: 0.361186
[2024-03-02 08:21:25,202][INFO][clas_trainer:180] - train epoch: 15 [14656/48998 (30%)], lr: ['1.00e-04'], loss: 0.617378
[2024-03-02 08:21:28,493][INFO][clas_trainer:180] - train epoch: 15 [19552/48998 (40%)], lr: ['1.00e-04'], loss: 0.624291
[2024-03-02 08:21:32,155][INFO][clas_trainer:180] - train epoch: 15 [24448/48998 (50%)], lr: ['1.00e-04'], loss: 0.197479
[2024-03-02 08:21:35,817][INFO][clas_trainer:180] - train epoch: 15 [29344/48998 (60%)], lr: ['1.00e-04'], loss: 0.533115
[2024-03-02 08:21:39,211][INFO][clas_trainer:180] - train epoch: 15 [34240/48998 (70%)], lr: ['1.00e-04'], loss: 0.359150
[2024-03-02 08:21:42,521][INFO][clas_trainer:180] - train epoch: 15 [39136/48998 (80%)], lr: ['1.00e-04'], loss: 0.533898
[2024-03-02 08:21:46,158][INFO][clas_trainer:180] - train epoch: 15 [44032/48998 (90%)], lr: ['1.00e-04'], loss: 0.412142
[2024-03-02 08:21:49,601][INFO][clas_trainer:180] - train epoch: 15 [48928/48998 (100%)], lr: ['1.00e-04'], loss: 0.334652
[2024-03-02 08:21:53,204][INFO][clas_trainer:96] - [epoch  15] execution time: 39.39s	metrics:
[2024-03-02 08:21:53,204][INFO][clas_evaluator:69] - dataset: earlystopping, avg f1-score: 0.6217
[2024-03-02 08:21:53,237][INFO][base_model:70] - snapshot saved to /home/users/grieger/repos/frequency-pretraining/models/exp001d-m85-base_fe_clas-2024-03-02_05-56-44-final.pth
[2024-03-02 08:21:57,085][INFO][clas_trainer:180] - train epoch: 16 [4864/48998 (10%)], lr: ['1.00e-04'], loss: 0.435537
[2024-03-02 08:22:00,926][INFO][clas_trainer:180] - train epoch: 16 [9760/48998 (20%)], lr: ['1.00e-04'], loss: 0.338079
[2024-03-02 08:22:04,536][INFO][clas_trainer:180] - train epoch: 16 [14656/48998 (30%)], lr: ['1.00e-04'], loss: 0.471750
[2024-03-02 08:22:08,489][INFO][clas_trainer:180] - train epoch: 16 [19552/48998 (40%)], lr: ['1.00e-04'], loss: 0.510069
[2024-03-02 08:22:12,118][INFO][clas_trainer:180] - train epoch: 16 [24448/48998 (50%)], lr: ['1.00e-04'], loss: 0.553861
[2024-03-02 08:22:15,442][INFO][clas_trainer:180] - train epoch: 16 [29344/48998 (60%)], lr: ['1.00e-04'], loss: 0.414067
[2024-03-02 08:22:19,183][INFO][clas_trainer:180] - train epoch: 16 [34240/48998 (70%)], lr: ['1.00e-04'], loss: 0.420786
[2024-03-02 08:22:22,697][INFO][clas_trainer:180] - train epoch: 16 [39136/48998 (80%)], lr: ['1.00e-04'], loss: 0.351053
[2024-03-02 08:22:26,124][INFO][clas_trainer:180] - train epoch: 16 [44032/48998 (90%)], lr: ['1.00e-04'], loss: 0.251690
[2024-03-02 08:22:29,748][INFO][clas_trainer:180] - train epoch: 16 [48928/48998 (100%)], lr: ['1.00e-04'], loss: 0.521144
[2024-03-02 08:22:33,554][INFO][clas_trainer:96] - [epoch  16] execution time: 40.32s	metrics:
[2024-03-02 08:22:33,554][INFO][clas_evaluator:69] - dataset: earlystopping, avg f1-score: 0.6020
[2024-03-02 08:22:37,281][INFO][clas_trainer:180] - train epoch: 17 [4864/48998 (10%)], lr: ['1.00e-04'], loss: 0.573777
[2024-03-02 08:22:41,077][INFO][clas_trainer:180] - train epoch: 17 [9760/48998 (20%)], lr: ['1.00e-04'], loss: 0.461130
[2024-03-02 08:22:44,550][INFO][clas_trainer:180] - train epoch: 17 [14656/48998 (30%)], lr: ['1.00e-04'], loss: 0.575040
[2024-03-02 08:22:48,186][INFO][clas_trainer:180] - train epoch: 17 [19552/48998 (40%)], lr: ['1.00e-04'], loss: 0.483012
[2024-03-02 08:22:51,505][INFO][clas_trainer:180] - train epoch: 17 [24448/48998 (50%)], lr: ['1.00e-04'], loss: 0.380881
[2024-03-02 08:22:54,808][INFO][clas_trainer:180] - train epoch: 17 [29344/48998 (60%)], lr: ['1.00e-04'], loss: 0.216410
[2024-03-02 08:22:58,371][INFO][clas_trainer:180] - train epoch: 17 [34240/48998 (70%)], lr: ['1.00e-04'], loss: 0.276591
[2024-03-02 08:23:01,871][INFO][clas_trainer:180] - train epoch: 17 [39136/48998 (80%)], lr: ['1.00e-04'], loss: 0.407677
[2024-03-02 08:23:05,179][INFO][clas_trainer:180] - train epoch: 17 [44032/48998 (90%)], lr: ['1.00e-04'], loss: 0.580952
[2024-03-02 08:23:08,580][INFO][clas_trainer:180] - train epoch: 17 [48928/48998 (100%)], lr: ['1.00e-04'], loss: 0.518795
[2024-03-02 08:23:12,342][INFO][clas_trainer:96] - [epoch  17] execution time: 38.79s	metrics:
[2024-03-02 08:23:12,343][INFO][clas_evaluator:69] - dataset: earlystopping, avg f1-score: 0.5902
[2024-03-02 08:23:16,257][INFO][clas_trainer:180] - train epoch: 18 [4864/48998 (10%)], lr: ['1.00e-04'], loss: 0.464250
[2024-03-02 08:23:20,081][INFO][clas_trainer:180] - train epoch: 18 [9760/48998 (20%)], lr: ['1.00e-04'], loss: 0.528308
[2024-03-02 08:23:23,446][INFO][clas_trainer:180] - train epoch: 18 [14656/48998 (30%)], lr: ['1.00e-04'], loss: 0.479533
[2024-03-02 08:23:27,381][INFO][clas_trainer:180] - train epoch: 18 [19552/48998 (40%)], lr: ['1.00e-04'], loss: 0.639585
[2024-03-02 08:23:30,800][INFO][clas_trainer:180] - train epoch: 18 [24448/48998 (50%)], lr: ['1.00e-04'], loss: 0.533955
[2024-03-02 08:23:34,154][INFO][clas_trainer:180] - train epoch: 18 [29344/48998 (60%)], lr: ['1.00e-04'], loss: 0.683179
[2024-03-02 08:23:37,466][INFO][clas_trainer:180] - train epoch: 18 [34240/48998 (70%)], lr: ['1.00e-04'], loss: 0.365898
[2024-03-02 08:23:40,741][INFO][clas_trainer:180] - train epoch: 18 [39136/48998 (80%)], lr: ['1.00e-04'], loss: 0.367177
[2024-03-02 08:23:44,157][INFO][clas_trainer:180] - train epoch: 18 [44032/48998 (90%)], lr: ['1.00e-04'], loss: 0.342726
[2024-03-02 08:23:47,424][INFO][clas_trainer:180] - train epoch: 18 [48928/48998 (100%)], lr: ['1.00e-04'], loss: 0.400642
[2024-03-02 08:23:50,918][INFO][clas_trainer:96] - [epoch  18] execution time: 38.58s	metrics:
[2024-03-02 08:23:50,918][INFO][clas_evaluator:69] - dataset: earlystopping, avg f1-score: 0.6012
[2024-03-02 08:23:54,801][INFO][clas_trainer:180] - train epoch: 19 [4864/48998 (10%)], lr: ['1.00e-04'], loss: 0.212276
[2024-03-02 08:23:58,129][INFO][clas_trainer:180] - train epoch: 19 [9760/48998 (20%)], lr: ['1.00e-04'], loss: 0.462779
[2024-03-02 08:24:01,577][INFO][clas_trainer:180] - train epoch: 19 [14656/48998 (30%)], lr: ['1.00e-04'], loss: 0.491016
[2024-03-02 08:24:05,134][INFO][clas_trainer:180] - train epoch: 19 [19552/48998 (40%)], lr: ['1.00e-04'], loss: 0.530159
[2024-03-02 08:24:08,805][INFO][clas_trainer:180] - train epoch: 19 [24448/48998 (50%)], lr: ['1.00e-04'], loss: 0.352491
[2024-03-02 08:24:12,081][INFO][clas_trainer:180] - train epoch: 19 [29344/48998 (60%)], lr: ['1.00e-04'], loss: 0.364877
[2024-03-02 08:24:15,537][INFO][clas_trainer:180] - train epoch: 19 [34240/48998 (70%)], lr: ['1.00e-04'], loss: 0.524357
[2024-03-02 08:24:18,715][INFO][clas_trainer:180] - train epoch: 19 [39136/48998 (80%)], lr: ['1.00e-04'], loss: 0.327881
[2024-03-02 08:24:21,950][INFO][clas_trainer:180] - train epoch: 19 [44032/48998 (90%)], lr: ['1.00e-04'], loss: 0.358615
[2024-03-02 08:24:25,300][INFO][clas_trainer:180] - train epoch: 19 [48928/48998 (100%)], lr: ['1.00e-04'], loss: 0.367729
[2024-03-02 08:24:29,087][INFO][clas_trainer:96] - [epoch  19] execution time: 38.17s	metrics:
[2024-03-02 08:24:29,088][INFO][clas_evaluator:69] - dataset: earlystopping, avg f1-score: 0.6124
[2024-03-02 08:24:33,135][INFO][clas_trainer:180] - train epoch: 20 [4864/48998 (10%)], lr: ['1.00e-04'], loss: 0.265560
[2024-03-02 08:24:36,735][INFO][clas_trainer:180] - train epoch: 20 [9760/48998 (20%)], lr: ['1.00e-04'], loss: 0.708993
[2024-03-02 08:24:40,213][INFO][clas_trainer:180] - train epoch: 20 [14656/48998 (30%)], lr: ['1.00e-04'], loss: 0.309276
[2024-03-02 08:24:43,460][INFO][clas_trainer:180] - train epoch: 20 [19552/48998 (40%)], lr: ['1.00e-04'], loss: 0.631229
[2024-03-02 08:24:46,735][INFO][clas_trainer:180] - train epoch: 20 [24448/48998 (50%)], lr: ['1.00e-04'], loss: 0.458438
[2024-03-02 08:24:50,211][INFO][clas_trainer:180] - train epoch: 20 [29344/48998 (60%)], lr: ['1.00e-04'], loss: 0.405631
[2024-03-02 08:24:53,459][INFO][clas_trainer:180] - train epoch: 20 [34240/48998 (70%)], lr: ['1.00e-04'], loss: 0.386173
[2024-03-02 08:24:56,596][INFO][clas_trainer:180] - train epoch: 20 [39136/48998 (80%)], lr: ['1.00e-04'], loss: 0.364650
[2024-03-02 08:24:59,713][INFO][clas_trainer:180] - train epoch: 20 [44032/48998 (90%)], lr: ['1.00e-04'], loss: 0.546561
[2024-03-02 08:25:02,862][INFO][clas_trainer:180] - train epoch: 20 [48928/48998 (100%)], lr: ['1.00e-04'], loss: 0.445650
[2024-03-02 08:25:06,288][INFO][clas_trainer:96] - [epoch  20] execution time: 37.20s	metrics:
[2024-03-02 08:25:06,289][INFO][clas_evaluator:69] - dataset: earlystopping, avg f1-score: 0.6002
[2024-03-02 08:25:09,934][INFO][clas_trainer:180] - train epoch: 21 [4864/48998 (10%)], lr: ['1.00e-04'], loss: 0.309397
[2024-03-02 08:25:13,048][INFO][clas_trainer:180] - train epoch: 21 [9760/48998 (20%)], lr: ['1.00e-04'], loss: 0.247618
[2024-03-02 08:25:15,912][INFO][clas_trainer:180] - train epoch: 21 [14656/48998 (30%)], lr: ['1.00e-04'], loss: 0.486599
[2024-03-02 08:25:18,958][INFO][clas_trainer:180] - train epoch: 21 [19552/48998 (40%)], lr: ['1.00e-04'], loss: 0.590771
[2024-03-02 08:25:21,872][INFO][clas_trainer:180] - train epoch: 21 [24448/48998 (50%)], lr: ['1.00e-04'], loss: 0.351037
[2024-03-02 08:25:24,784][INFO][clas_trainer:180] - train epoch: 21 [29344/48998 (60%)], lr: ['1.00e-04'], loss: 0.785024
[2024-03-02 08:25:27,791][INFO][clas_trainer:180] - train epoch: 21 [34240/48998 (70%)], lr: ['1.00e-04'], loss: 0.445683
[2024-03-02 08:25:31,577][INFO][clas_trainer:180] - train epoch: 21 [39136/48998 (80%)], lr: ['1.00e-04'], loss: 0.308217
[2024-03-02 08:25:35,251][INFO][clas_trainer:180] - train epoch: 21 [44032/48998 (90%)], lr: ['1.00e-04'], loss: 0.584423
[2024-03-02 08:25:38,799][INFO][clas_trainer:180] - train epoch: 21 [48928/48998 (100%)], lr: ['1.00e-04'], loss: 0.327029
[2024-03-02 08:25:42,606][INFO][clas_trainer:96] - [epoch  21] execution time: 36.32s	metrics:
[2024-03-02 08:25:42,607][INFO][clas_evaluator:69] - dataset: earlystopping, avg f1-score: 0.6186
[2024-03-02 08:25:45,787][INFO][clas_trainer:180] - train epoch: 22 [4864/48998 (10%)], lr: ['1.00e-04'], loss: 0.679393
[2024-03-02 08:25:48,524][INFO][clas_trainer:180] - train epoch: 22 [9760/48998 (20%)], lr: ['1.00e-04'], loss: 0.694361
[2024-03-02 08:25:51,266][INFO][clas_trainer:180] - train epoch: 22 [14656/48998 (30%)], lr: ['1.00e-04'], loss: 0.296894
[2024-03-02 08:25:54,043][INFO][clas_trainer:180] - train epoch: 22 [19552/48998 (40%)], lr: ['1.00e-04'], loss: 0.351859
[2024-03-02 08:25:56,742][INFO][clas_trainer:180] - train epoch: 22 [24448/48998 (50%)], lr: ['1.00e-04'], loss: 0.351218
[2024-03-02 08:25:59,414][INFO][clas_trainer:180] - train epoch: 22 [29344/48998 (60%)], lr: ['1.00e-04'], loss: 0.487301
[2024-03-02 08:26:02,054][INFO][clas_trainer:180] - train epoch: 22 [34240/48998 (70%)], lr: ['1.00e-04'], loss: 0.382317
[2024-03-02 08:26:04,829][INFO][clas_trainer:180] - train epoch: 22 [39136/48998 (80%)], lr: ['1.00e-04'], loss: 0.449011
[2024-03-02 08:26:07,545][INFO][clas_trainer:180] - train epoch: 22 [44032/48998 (90%)], lr: ['1.00e-04'], loss: 0.648632
[2024-03-02 08:26:10,406][INFO][clas_trainer:180] - train epoch: 22 [48928/48998 (100%)], lr: ['1.00e-04'], loss: 0.507543
[2024-03-02 08:26:13,630][INFO][clas_trainer:96] - [epoch  22] execution time: 31.02s	metrics:
[2024-03-02 08:26:13,631][INFO][clas_evaluator:69] - dataset: earlystopping, avg f1-score: 0.6154
[2024-03-02 08:26:16,721][INFO][clas_trainer:180] - train epoch: 23 [4864/48998 (10%)], lr: ['1.00e-04'], loss: 0.281871
[2024-03-02 08:26:19,600][INFO][clas_trainer:180] - train epoch: 23 [9760/48998 (20%)], lr: ['1.00e-04'], loss: 0.308378
[2024-03-02 08:26:22,650][INFO][clas_trainer:180] - train epoch: 23 [14656/48998 (30%)], lr: ['1.00e-04'], loss: 0.613522
[2024-03-02 08:26:25,689][INFO][clas_trainer:180] - train epoch: 23 [19552/48998 (40%)], lr: ['1.00e-04'], loss: 0.507439
[2024-03-02 08:26:28,319][INFO][clas_trainer:180] - train epoch: 23 [24448/48998 (50%)], lr: ['1.00e-04'], loss: 0.444792
[2024-03-02 08:26:31,059][INFO][clas_trainer:180] - train epoch: 23 [29344/48998 (60%)], lr: ['1.00e-04'], loss: 0.458119
[2024-03-02 08:26:33,894][INFO][clas_trainer:180] - train epoch: 23 [34240/48998 (70%)], lr: ['1.00e-04'], loss: 0.380674
[2024-03-02 08:26:36,757][INFO][clas_trainer:180] - train epoch: 23 [39136/48998 (80%)], lr: ['1.00e-04'], loss: 0.377659
[2024-03-02 08:26:39,579][INFO][clas_trainer:180] - train epoch: 23 [44032/48998 (90%)], lr: ['1.00e-04'], loss: 0.780819
[2024-03-02 08:26:42,405][INFO][clas_trainer:180] - train epoch: 23 [48928/48998 (100%)], lr: ['1.00e-04'], loss: 0.521636
[2024-03-02 08:26:45,991][INFO][clas_trainer:96] - [epoch  23] execution time: 32.36s	metrics:
[2024-03-02 08:26:45,992][INFO][clas_evaluator:69] - dataset: earlystopping, avg f1-score: 0.6047
[2024-03-02 08:26:49,338][INFO][clas_trainer:180] - train epoch: 24 [4864/48998 (10%)], lr: ['1.00e-04'], loss: 0.260125
[2024-03-02 08:26:52,234][INFO][clas_trainer:180] - train epoch: 24 [9760/48998 (20%)], lr: ['1.00e-04'], loss: 0.407507
[2024-03-02 08:26:55,010][INFO][clas_trainer:180] - train epoch: 24 [14656/48998 (30%)], lr: ['1.00e-04'], loss: 0.447547
[2024-03-02 08:26:58,110][INFO][clas_trainer:180] - train epoch: 24 [19552/48998 (40%)], lr: ['1.00e-04'], loss: 0.329968
[2024-03-02 08:27:01,206][INFO][clas_trainer:180] - train epoch: 24 [24448/48998 (50%)], lr: ['1.00e-04'], loss: 0.647869
[2024-03-02 08:27:03,990][INFO][clas_trainer:180] - train epoch: 24 [29344/48998 (60%)], lr: ['1.00e-04'], loss: 0.398481
[2024-03-02 08:27:07,172][INFO][clas_trainer:180] - train epoch: 24 [34240/48998 (70%)], lr: ['1.00e-04'], loss: 0.545282
[2024-03-02 08:27:09,748][INFO][clas_trainer:180] - train epoch: 24 [39136/48998 (80%)], lr: ['1.00e-04'], loss: 0.292927
[2024-03-02 08:27:12,504][INFO][clas_trainer:180] - train epoch: 24 [44032/48998 (90%)], lr: ['1.00e-04'], loss: 0.218432
[2024-03-02 08:27:15,124][INFO][clas_trainer:180] - train epoch: 24 [48928/48998 (100%)], lr: ['1.00e-04'], loss: 0.475397
[2024-03-02 08:27:18,410][INFO][clas_trainer:96] - [epoch  24] execution time: 32.42s	metrics:
[2024-03-02 08:27:18,410][INFO][clas_evaluator:69] - dataset: earlystopping, avg f1-score: 0.5980
[2024-03-02 08:27:21,402][INFO][clas_trainer:180] - train epoch: 25 [4864/48998 (10%)], lr: ['1.00e-04'], loss: 0.233577
[2024-03-02 08:27:24,418][INFO][clas_trainer:180] - train epoch: 25 [9760/48998 (20%)], lr: ['1.00e-04'], loss: 0.484415
[2024-03-02 08:27:27,175][INFO][clas_trainer:180] - train epoch: 25 [14656/48998 (30%)], lr: ['1.00e-04'], loss: 0.543506
[2024-03-02 08:27:29,916][INFO][clas_trainer:180] - train epoch: 25 [19552/48998 (40%)], lr: ['1.00e-04'], loss: 0.265555
[2024-03-02 08:27:32,765][INFO][clas_trainer:180] - train epoch: 25 [24448/48998 (50%)], lr: ['1.00e-04'], loss: 0.417052
[2024-03-02 08:27:35,847][INFO][clas_trainer:180] - train epoch: 25 [29344/48998 (60%)], lr: ['1.00e-04'], loss: 0.286173
[2024-03-02 08:27:38,812][INFO][clas_trainer:180] - train epoch: 25 [34240/48998 (70%)], lr: ['1.00e-04'], loss: 0.254036
[2024-03-02 08:27:41,705][INFO][clas_trainer:180] - train epoch: 25 [39136/48998 (80%)], lr: ['1.00e-04'], loss: 0.598320
[2024-03-02 08:27:44,252][INFO][clas_trainer:180] - train epoch: 25 [44032/48998 (90%)], lr: ['1.00e-04'], loss: 0.418786
[2024-03-02 08:27:47,011][INFO][clas_trainer:180] - train epoch: 25 [48928/48998 (100%)], lr: ['1.00e-04'], loss: 0.506165
[2024-03-02 08:27:49,802][INFO][clas_trainer:96] - [epoch  25] execution time: 31.39s	metrics:
[2024-03-02 08:27:49,803][INFO][clas_evaluator:69] - dataset: earlystopping, avg f1-score: 0.6007
[2024-03-02 08:27:49,825][INFO][clas_trainer:115] - finished training
[2024-03-02 08:27:49,825][INFO][clas_trainer:116] - best model on epoch: 15 	f1-score: 0.6217
