[2024-10-04 08:09:17,475][INFO][fine-tune:25] - Using GPU 5
[2024-10-04 08:09:17,480][INFO][fine-tune:35] - overrides:
hydra:
- hydra.launcher.n_jobs=40
- hydra.mode=MULTIRUN
task:
- m_seed_path_sids={seeds:[12,12,12,12,12],path:"exp006b-m12-simple_multi_class-2024-09-20_13-58-02-final.pth",subject_ids:{isruc:$\{data.isruc.cv_5_fold.fold_3\}}}
- data.downstream.train_dataloader.dataset.data_reducer.n_epochs=340
- data.downstream.train_dataloader.dataset.data_reducer.n_subjects=3
- general.gpus=[4,5,6,7]

[2024-10-04 08:09:23,965][INFO][data_loaders:39] - class distribution before data reduction:
# samples per subject
sg1-1-1: 880
sg1-10-1: 842
sg1-11-1: 997
sg1-12-1: 850
sg1-13-1: 882
sg1-14-1: 906
sg1-15-1: 786
sg1-16-1: 883
sg1-17-1: 851
sg1-18-1: 999
sg1-19-1: 828
sg1-2-1: 964
sg1-22-1: 849
sg1-25-1: 921
sg1-27-1: 918
sg1-28-1: 882
sg1-29-1: 912
sg1-3-1: 943
sg1-31-1: 877
sg1-33-1: 920
sg1-35-1: 788
sg1-36-1: 987
sg1-37-1: 806
sg1-38-1: 932
sg1-39-1: 900
sg1-40-1: 875
sg1-42-1: 812
sg1-44-1: 932
sg1-45-1: 906
sg1-46-1: 863
sg1-47-1: 838
sg1-48-1: 981
sg1-49-1: 793
sg1-50-1: 905
sg1-51-1: 856
sg1-52-1: 912
sg1-56-1: 956
sg1-58-1: 965
sg1-6-1: 897
sg1-60-1: 916
sg1-61-1: 852
sg1-62-1: 864
sg1-63-1: 954
sg1-64-1: 892
sg1-65-1: 1014
sg1-66-1: 845
sg1-67-1: 862
sg1-68-1: 956
sg1-7-1: 933
sg1-71-1: 829
sg1-72-1: 872
sg1-73-1: 997
sg1-74-1: 897
sg1-75-1: 898
sg1-77-1: 805
sg1-80-1: 889
sg1-81-1: 911
sg1-82-1: 882
sg1-84-1: 963
sg1-85-1: 896
sg1-89-1: 1036
sg1-9-1: 969
sg1-90-1: 933
sg1-91-1: 990
sg1-92-1: 877
sg1-93-1: 870
sg1-94-1: 846
sg1-95-1: 865
sg1-96-1: 858
sg1-97-1: 912
sg1-98-1: 899
sg1-99-1: 835
sg2-1-1: 933
sg2-1-2: 787
sg2-2-1: 851
sg2-2-2: 869
sg2-3-1: 871
sg2-3-2: 813
sg2-4-1: 932
sg2-4-2: 899
sg2-5-1: 815
sg2-5-2: 879
sg2-6-1: 965
sg2-6-2: 1014
sg3-1-1: 954
sg3-3-1: 824
sg3-4-1: 794
sg3-5-1: 944
sg3-6-1: 853
sg3-7-1: 814
sg3-8-1: 1000
sg3-9-1: 969

# samples per stage
0: 19741
1: 11033
2: 25330
3: 15646
4: 10641
[2024-10-04 08:09:24,510][INFO][data_loaders:43] - class distribution after data reduction:
# samples per subject
sg1-17-1: 25410
sg1-80-1: 27588
sg1-90-1: 29282

# samples per stage
0: 17424
1: 13310
2: 31460
3: 12584
4: 7502
[2024-10-04 08:09:24,560][INFO][base_pretraining_fe:55] - Loading model from exp006b-m12-simple_multi_class-2024-09-20_13-58-02-final.pth
[2024-10-04 08:09:25,105][INFO][data_loaders:39] - class distribution before data reduction:
# samples per subject
sg1-30-1: 882
sg1-4-1: 963
sg1-41-1: 974
sg1-55-1: 879
sg1-57-1: 1007
sg1-70-1: 893
sg1-79-1: 880
sg1-87-1: 926

# samples per stage
0: 1251
1: 841
2: 2721
3: 1520
4: 1071
[2024-10-04 08:09:25,128][INFO][data_loaders:43] - class distribution after data reduction:
# samples per subject
sg1-30-1: 882
sg1-4-1: 963
sg1-41-1: 974
sg1-55-1: 879
sg1-57-1: 1007
sg1-70-1: 893
sg1-79-1: 880
sg1-87-1: 926

# samples per stage
0: 1251
1: 841
2: 2721
3: 1520
4: 1071
[2024-10-04 08:09:25,160][INFO][clas_trainer:49] - metrics before training (epoch 0):
[2024-10-04 08:10:06,712][INFO][clas_evaluator:132] - dataset: earlystopping, avg f1-score: 0.1967
[2024-10-04 08:10:52,198][INFO][clas_trainer:133] - train epoch: 1 [8192/82280 (10%)], lr: ['1.00e-04', '1.00e-04'], loss: 0.750032
[2024-10-04 08:11:37,563][INFO][clas_trainer:133] - train epoch: 1 [16416/82280 (20%)], lr: ['1.00e-04', '1.00e-04'], loss: 0.549841
[2024-10-04 08:12:22,555][INFO][clas_trainer:133] - train epoch: 1 [24640/82280 (30%)], lr: ['1.00e-04', '1.00e-04'], loss: 0.357277
[2024-10-04 08:13:06,367][INFO][clas_trainer:133] - train epoch: 1 [32864/82280 (40%)], lr: ['1.00e-04', '1.00e-04'], loss: 0.182276
[2024-10-04 08:13:50,378][INFO][clas_trainer:133] - train epoch: 1 [41088/82280 (50%)], lr: ['1.00e-04', '1.00e-04'], loss: 0.096983
[2024-10-04 08:14:37,044][INFO][clas_trainer:133] - train epoch: 1 [49312/82280 (60%)], lr: ['1.00e-04', '1.00e-04'], loss: 0.156984
[2024-10-04 08:15:18,623][INFO][clas_trainer:133] - train epoch: 1 [57536/82280 (70%)], lr: ['1.00e-04', '1.00e-04'], loss: 0.128349
[2024-10-04 08:16:02,008][INFO][clas_trainer:133] - train epoch: 1 [65760/82280 (80%)], lr: ['1.00e-04', '1.00e-04'], loss: 0.034429
[2024-10-04 08:16:50,166][INFO][clas_trainer:133] - train epoch: 1 [73984/82280 (90%)], lr: ['1.00e-04', '1.00e-04'], loss: 0.069639
[2024-10-04 08:17:31,581][INFO][clas_trainer:133] - train epoch: 1 [82208/82280 (100%)], lr: ['1.00e-04', '1.00e-04'], loss: 0.225863
[2024-10-04 08:18:12,813][INFO][clas_trainer:63] - [epoch   1] execution time: 486.10s	metrics:
[2024-10-04 08:18:12,814][INFO][clas_evaluator:132] - dataset: earlystopping, avg f1-score: 0.7432
[2024-10-04 08:18:12,855][INFO][base_model:51] - snapshot saved to XXX/frequency-pretraining/models/exp006c-m317-base_fe_clas-2024-10-03_20-03-43-final.pth
[2024-10-04 08:18:57,125][INFO][clas_trainer:133] - train epoch: 2 [8192/82280 (10%)], lr: ['1.00e-04', '1.00e-04'], loss: 0.012155
[2024-10-04 08:19:40,569][INFO][clas_trainer:133] - train epoch: 2 [16416/82280 (20%)], lr: ['1.00e-04', '1.00e-04'], loss: 0.025610
[2024-10-04 08:20:21,786][INFO][clas_trainer:133] - train epoch: 2 [24640/82280 (30%)], lr: ['1.00e-04', '1.00e-04'], loss: 0.029843
[2024-10-04 08:21:04,749][INFO][clas_trainer:133] - train epoch: 2 [32864/82280 (40%)], lr: ['1.00e-04', '1.00e-04'], loss: 0.023030
[2024-10-04 08:21:47,695][INFO][clas_trainer:133] - train epoch: 2 [41088/82280 (50%)], lr: ['1.00e-04', '1.00e-04'], loss: 0.060576
[2024-10-04 08:22:27,538][INFO][clas_trainer:133] - train epoch: 2 [49312/82280 (60%)], lr: ['1.00e-04', '1.00e-04'], loss: 0.007629
[2024-10-04 08:23:09,825][INFO][clas_trainer:133] - train epoch: 2 [57536/82280 (70%)], lr: ['1.00e-04', '1.00e-04'], loss: 0.004645
[2024-10-04 08:23:52,548][INFO][clas_trainer:133] - train epoch: 2 [65760/82280 (80%)], lr: ['1.00e-04', '1.00e-04'], loss: 0.011631
[2024-10-04 08:24:35,506][INFO][clas_trainer:133] - train epoch: 2 [73984/82280 (90%)], lr: ['1.00e-04', '1.00e-04'], loss: 0.003120
[2024-10-04 08:25:19,089][INFO][clas_trainer:133] - train epoch: 2 [82208/82280 (100%)], lr: ['1.00e-04', '1.00e-04'], loss: 0.030074
[2024-10-04 08:26:11,351][INFO][clas_trainer:63] - [epoch   2] execution time: 478.49s	metrics:
[2024-10-04 08:26:11,351][INFO][clas_evaluator:132] - dataset: earlystopping, avg f1-score: 0.7387
[2024-10-04 08:26:57,562][INFO][clas_trainer:133] - train epoch: 3 [8192/82280 (10%)], lr: ['1.00e-04', '1.00e-04'], loss: 0.008487
[2024-10-04 08:27:40,853][INFO][clas_trainer:133] - train epoch: 3 [16416/82280 (20%)], lr: ['1.00e-04', '1.00e-04'], loss: 0.000623
[2024-10-04 08:28:24,221][INFO][clas_trainer:133] - train epoch: 3 [24640/82280 (30%)], lr: ['1.00e-04', '1.00e-04'], loss: 0.001508
[2024-10-04 08:29:07,997][INFO][clas_trainer:133] - train epoch: 3 [32864/82280 (40%)], lr: ['1.00e-04', '1.00e-04'], loss: 0.000092
[2024-10-04 08:29:53,205][INFO][clas_trainer:133] - train epoch: 3 [41088/82280 (50%)], lr: ['1.00e-04', '1.00e-04'], loss: 0.001518
[2024-10-04 08:30:32,927][INFO][clas_trainer:133] - train epoch: 3 [49312/82280 (60%)], lr: ['1.00e-04', '1.00e-04'], loss: 0.002559
[2024-10-04 08:31:15,402][INFO][clas_trainer:133] - train epoch: 3 [57536/82280 (70%)], lr: ['1.00e-04', '1.00e-04'], loss: 0.000316
[2024-10-04 08:31:57,449][INFO][clas_trainer:133] - train epoch: 3 [65760/82280 (80%)], lr: ['1.00e-04', '1.00e-04'], loss: 0.001471
[2024-10-04 08:32:41,292][INFO][clas_trainer:133] - train epoch: 3 [73984/82280 (90%)], lr: ['1.00e-04', '1.00e-04'], loss: 0.007397
[2024-10-04 08:33:25,903][INFO][clas_trainer:133] - train epoch: 3 [82208/82280 (100%)], lr: ['1.00e-04', '1.00e-04'], loss: 0.078294
[2024-10-04 08:34:10,820][INFO][clas_trainer:63] - [epoch   3] execution time: 479.47s	metrics:
[2024-10-04 08:34:10,822][INFO][clas_evaluator:132] - dataset: earlystopping, avg f1-score: 0.7404
[2024-10-04 08:34:56,632][INFO][clas_trainer:133] - train epoch: 4 [8192/82280 (10%)], lr: ['1.00e-04', '1.00e-04'], loss: 0.001810
[2024-10-04 08:35:40,506][INFO][clas_trainer:133] - train epoch: 4 [16416/82280 (20%)], lr: ['1.00e-04', '1.00e-04'], loss: 0.000477
[2024-10-04 08:36:22,680][INFO][clas_trainer:133] - train epoch: 4 [24640/82280 (30%)], lr: ['1.00e-04', '1.00e-04'], loss: 0.001480
[2024-10-04 08:37:06,273][INFO][clas_trainer:133] - train epoch: 4 [32864/82280 (40%)], lr: ['1.00e-04', '1.00e-04'], loss: 0.001837
[2024-10-04 08:37:50,653][INFO][clas_trainer:133] - train epoch: 4 [41088/82280 (50%)], lr: ['1.00e-04', '1.00e-04'], loss: 0.002636
[2024-10-04 08:38:35,548][INFO][clas_trainer:133] - train epoch: 4 [49312/82280 (60%)], lr: ['1.00e-04', '1.00e-04'], loss: 0.000023
[2024-10-04 08:39:21,981][INFO][clas_trainer:133] - train epoch: 4 [57536/82280 (70%)], lr: ['1.00e-04', '1.00e-04'], loss: 0.000984
[2024-10-04 08:40:08,233][INFO][clas_trainer:133] - train epoch: 4 [65760/82280 (80%)], lr: ['1.00e-04', '1.00e-04'], loss: 0.000687
[2024-10-04 08:40:54,239][INFO][clas_trainer:133] - train epoch: 4 [73984/82280 (90%)], lr: ['1.00e-04', '1.00e-04'], loss: 0.012875
[2024-10-04 08:41:39,128][INFO][clas_trainer:133] - train epoch: 4 [82208/82280 (100%)], lr: ['1.00e-04', '1.00e-04'], loss: 0.000453
[2024-10-04 08:42:26,537][INFO][clas_trainer:63] - [epoch   4] execution time: 495.72s	metrics:
[2024-10-04 08:42:26,538][INFO][clas_evaluator:132] - dataset: earlystopping, avg f1-score: 0.7244
[2024-10-04 08:43:16,274][INFO][clas_trainer:133] - train epoch: 5 [8192/82280 (10%)], lr: ['1.00e-04', '1.00e-04'], loss: 0.000037
[2024-10-04 08:43:59,766][INFO][clas_trainer:133] - train epoch: 5 [16416/82280 (20%)], lr: ['1.00e-04', '1.00e-04'], loss: 0.092382
[2024-10-04 08:44:42,299][INFO][clas_trainer:133] - train epoch: 5 [24640/82280 (30%)], lr: ['1.00e-04', '1.00e-04'], loss: 0.000317
[2024-10-04 08:45:24,125][INFO][clas_trainer:133] - train epoch: 5 [32864/82280 (40%)], lr: ['1.00e-04', '1.00e-04'], loss: 0.000341
[2024-10-04 08:46:05,336][INFO][clas_trainer:133] - train epoch: 5 [41088/82280 (50%)], lr: ['1.00e-04', '1.00e-04'], loss: 0.000618
[2024-10-04 08:46:48,121][INFO][clas_trainer:133] - train epoch: 5 [49312/82280 (60%)], lr: ['1.00e-04', '1.00e-04'], loss: 0.001103
[2024-10-04 08:47:30,980][INFO][clas_trainer:133] - train epoch: 5 [57536/82280 (70%)], lr: ['1.00e-04', '1.00e-04'], loss: 0.000124
[2024-10-04 08:48:13,714][INFO][clas_trainer:133] - train epoch: 5 [65760/82280 (80%)], lr: ['1.00e-04', '1.00e-04'], loss: 0.006211
[2024-10-04 08:48:56,402][INFO][clas_trainer:133] - train epoch: 5 [73984/82280 (90%)], lr: ['1.00e-04', '1.00e-04'], loss: 0.051899
[2024-10-04 08:49:39,000][INFO][clas_trainer:133] - train epoch: 5 [82208/82280 (100%)], lr: ['1.00e-04', '1.00e-04'], loss: 0.000098
[2024-10-04 08:50:20,713][INFO][clas_trainer:63] - [epoch   5] execution time: 474.17s	metrics:
[2024-10-04 08:50:20,713][INFO][clas_evaluator:132] - dataset: earlystopping, avg f1-score: 0.7278
[2024-10-04 08:51:05,331][INFO][clas_trainer:133] - train epoch: 6 [8192/82280 (10%)], lr: ['1.00e-04', '1.00e-04'], loss: 0.013122
[2024-10-04 08:51:49,965][INFO][clas_trainer:133] - train epoch: 6 [16416/82280 (20%)], lr: ['1.00e-04', '1.00e-04'], loss: 0.049319
[2024-10-04 08:52:34,298][INFO][clas_trainer:133] - train epoch: 6 [24640/82280 (30%)], lr: ['1.00e-04', '1.00e-04'], loss: 0.000206
[2024-10-04 08:53:22,402][INFO][clas_trainer:133] - train epoch: 6 [32864/82280 (40%)], lr: ['1.00e-04', '1.00e-04'], loss: 0.001627
[2024-10-04 08:54:09,221][INFO][clas_trainer:133] - train epoch: 6 [41088/82280 (50%)], lr: ['1.00e-04', '1.00e-04'], loss: 0.020787
[2024-10-04 08:54:52,257][INFO][clas_trainer:133] - train epoch: 6 [49312/82280 (60%)], lr: ['1.00e-04', '1.00e-04'], loss: 0.000387
[2024-10-04 08:55:35,863][INFO][clas_trainer:133] - train epoch: 6 [57536/82280 (70%)], lr: ['1.00e-04', '1.00e-04'], loss: 0.000331
[2024-10-04 08:56:18,879][INFO][clas_trainer:133] - train epoch: 6 [65760/82280 (80%)], lr: ['1.00e-04', '1.00e-04'], loss: 0.000993
[2024-10-04 08:57:02,160][INFO][clas_trainer:133] - train epoch: 6 [73984/82280 (90%)], lr: ['1.00e-04', '1.00e-04'], loss: 0.001126
[2024-10-04 08:57:45,052][INFO][clas_trainer:133] - train epoch: 6 [82208/82280 (100%)], lr: ['1.00e-04', '1.00e-04'], loss: 0.002841
[2024-10-04 08:58:30,303][INFO][clas_trainer:63] - [epoch   6] execution time: 489.59s	metrics:
[2024-10-04 08:58:30,303][INFO][clas_evaluator:132] - dataset: earlystopping, avg f1-score: 0.7242
[2024-10-04 08:59:16,154][INFO][clas_trainer:133] - train epoch: 7 [8192/82280 (10%)], lr: ['1.00e-04', '1.00e-04'], loss: 0.000983
[2024-10-04 09:00:01,152][INFO][clas_trainer:133] - train epoch: 7 [16416/82280 (20%)], lr: ['1.00e-04', '1.00e-04'], loss: 0.000730
[2024-10-04 09:00:42,773][INFO][clas_trainer:133] - train epoch: 7 [24640/82280 (30%)], lr: ['1.00e-04', '1.00e-04'], loss: 0.000365
[2024-10-04 09:01:27,132][INFO][clas_trainer:133] - train epoch: 7 [32864/82280 (40%)], lr: ['1.00e-04', '1.00e-04'], loss: 0.001750
[2024-10-04 09:02:09,341][INFO][clas_trainer:133] - train epoch: 7 [41088/82280 (50%)], lr: ['1.00e-04', '1.00e-04'], loss: 0.001265
[2024-10-04 09:02:51,774][INFO][clas_trainer:133] - train epoch: 7 [49312/82280 (60%)], lr: ['1.00e-04', '1.00e-04'], loss: 0.006691
[2024-10-04 09:03:33,597][INFO][clas_trainer:133] - train epoch: 7 [57536/82280 (70%)], lr: ['1.00e-04', '1.00e-04'], loss: 0.001909
[2024-10-04 09:04:16,463][INFO][clas_trainer:133] - train epoch: 7 [65760/82280 (80%)], lr: ['1.00e-04', '1.00e-04'], loss: 0.009737
[2024-10-04 09:04:58,732][INFO][clas_trainer:133] - train epoch: 7 [73984/82280 (90%)], lr: ['1.00e-04', '1.00e-04'], loss: 0.002584
[2024-10-04 09:05:42,190][INFO][clas_trainer:133] - train epoch: 7 [82208/82280 (100%)], lr: ['1.00e-04', '1.00e-04'], loss: 0.005333
[2024-10-04 09:06:26,872][INFO][clas_trainer:63] - [epoch   7] execution time: 476.57s	metrics:
[2024-10-04 09:06:26,872][INFO][clas_evaluator:132] - dataset: earlystopping, avg f1-score: 0.7333
[2024-10-04 09:07:10,011][INFO][clas_trainer:133] - train epoch: 8 [8192/82280 (10%)], lr: ['1.00e-04', '1.00e-04'], loss: 0.001124
[2024-10-04 09:07:50,110][INFO][clas_trainer:133] - train epoch: 8 [16416/82280 (20%)], lr: ['1.00e-04', '1.00e-04'], loss: 0.002502
[2024-10-04 09:08:34,397][INFO][clas_trainer:133] - train epoch: 8 [24640/82280 (30%)], lr: ['1.00e-04', '1.00e-04'], loss: 0.000161
[2024-10-04 09:09:19,086][INFO][clas_trainer:133] - train epoch: 8 [32864/82280 (40%)], lr: ['1.00e-04', '1.00e-04'], loss: 0.001003
[2024-10-04 09:10:00,227][INFO][clas_trainer:133] - train epoch: 8 [41088/82280 (50%)], lr: ['1.00e-04', '1.00e-04'], loss: 0.004523
[2024-10-04 09:10:44,350][INFO][clas_trainer:133] - train epoch: 8 [49312/82280 (60%)], lr: ['1.00e-04', '1.00e-04'], loss: 0.002115
[2024-10-04 09:11:25,240][INFO][clas_trainer:133] - train epoch: 8 [57536/82280 (70%)], lr: ['1.00e-04', '1.00e-04'], loss: 0.000352
[2024-10-04 09:12:06,784][INFO][clas_trainer:133] - train epoch: 8 [65760/82280 (80%)], lr: ['1.00e-04', '1.00e-04'], loss: 0.001783
[2024-10-04 09:12:48,240][INFO][clas_trainer:133] - train epoch: 8 [73984/82280 (90%)], lr: ['1.00e-04', '1.00e-04'], loss: 0.000230
[2024-10-04 09:13:29,849][INFO][clas_trainer:133] - train epoch: 8 [82208/82280 (100%)], lr: ['1.00e-04', '1.00e-04'], loss: 0.001302
[2024-10-04 09:14:09,509][INFO][clas_trainer:63] - [epoch   8] execution time: 462.63s	metrics:
[2024-10-04 09:14:09,510][INFO][clas_evaluator:132] - dataset: earlystopping, avg f1-score: 0.7228
[2024-10-04 09:14:51,024][INFO][clas_trainer:133] - train epoch: 9 [8192/82280 (10%)], lr: ['1.00e-04', '1.00e-04'], loss: 0.000522
[2024-10-04 09:15:32,460][INFO][clas_trainer:133] - train epoch: 9 [16416/82280 (20%)], lr: ['1.00e-04', '1.00e-04'], loss: 0.000558
[2024-10-04 09:16:12,196][INFO][clas_trainer:133] - train epoch: 9 [24640/82280 (30%)], lr: ['1.00e-04', '1.00e-04'], loss: 0.000480
[2024-10-04 09:16:54,031][INFO][clas_trainer:133] - train epoch: 9 [32864/82280 (40%)], lr: ['1.00e-04', '1.00e-04'], loss: 0.000226
[2024-10-04 09:17:36,645][INFO][clas_trainer:133] - train epoch: 9 [41088/82280 (50%)], lr: ['1.00e-04', '1.00e-04'], loss: 0.000766
[2024-10-04 09:18:18,351][INFO][clas_trainer:133] - train epoch: 9 [49312/82280 (60%)], lr: ['1.00e-04', '1.00e-04'], loss: 0.000614
[2024-10-04 09:19:01,320][INFO][clas_trainer:133] - train epoch: 9 [57536/82280 (70%)], lr: ['1.00e-04', '1.00e-04'], loss: 0.004805
[2024-10-04 09:19:44,655][INFO][clas_trainer:133] - train epoch: 9 [65760/82280 (80%)], lr: ['1.00e-04', '1.00e-04'], loss: 0.002413
[2024-10-04 09:20:25,676][INFO][clas_trainer:133] - train epoch: 9 [73984/82280 (90%)], lr: ['1.00e-04', '1.00e-04'], loss: 0.001092
[2024-10-04 09:21:09,045][INFO][clas_trainer:133] - train epoch: 9 [82208/82280 (100%)], lr: ['1.00e-04', '1.00e-04'], loss: 0.000503
[2024-10-04 09:21:51,886][INFO][clas_trainer:63] - [epoch   9] execution time: 462.38s	metrics:
[2024-10-04 09:21:51,887][INFO][clas_evaluator:132] - dataset: earlystopping, avg f1-score: 0.7243
[2024-10-04 09:22:34,720][INFO][clas_trainer:133] - train epoch: 10 [8192/82280 (10%)], lr: ['1.00e-04', '1.00e-04'], loss: 0.000388
[2024-10-04 09:23:16,511][INFO][clas_trainer:133] - train epoch: 10 [16416/82280 (20%)], lr: ['1.00e-04', '1.00e-04'], loss: 0.002918
[2024-10-04 09:24:00,645][INFO][clas_trainer:133] - train epoch: 10 [24640/82280 (30%)], lr: ['1.00e-04', '1.00e-04'], loss: 0.000974
[2024-10-04 09:24:43,838][INFO][clas_trainer:133] - train epoch: 10 [32864/82280 (40%)], lr: ['1.00e-04', '1.00e-04'], loss: 0.000795
[2024-10-04 09:25:27,329][INFO][clas_trainer:133] - train epoch: 10 [41088/82280 (50%)], lr: ['1.00e-04', '1.00e-04'], loss: 0.002149
[2024-10-04 09:26:11,491][INFO][clas_trainer:133] - train epoch: 10 [49312/82280 (60%)], lr: ['1.00e-04', '1.00e-04'], loss: 0.000431
[2024-10-04 09:26:53,594][INFO][clas_trainer:133] - train epoch: 10 [57536/82280 (70%)], lr: ['1.00e-04', '1.00e-04'], loss: 0.001328
[2024-10-04 09:27:36,187][INFO][clas_trainer:133] - train epoch: 10 [65760/82280 (80%)], lr: ['1.00e-04', '1.00e-04'], loss: 0.003701
[2024-10-04 09:28:17,536][INFO][clas_trainer:133] - train epoch: 10 [73984/82280 (90%)], lr: ['1.00e-04', '1.00e-04'], loss: 0.007944
[2024-10-04 09:28:59,593][INFO][clas_trainer:133] - train epoch: 10 [82208/82280 (100%)], lr: ['1.00e-04', '1.00e-04'], loss: 0.003463
[2024-10-04 09:29:43,566][INFO][clas_trainer:63] - [epoch  10] execution time: 471.68s	metrics:
[2024-10-04 09:29:43,566][INFO][clas_evaluator:132] - dataset: earlystopping, avg f1-score: 0.7085
[2024-10-04 09:30:23,449][INFO][clas_trainer:133] - train epoch: 11 [8192/82280 (10%)], lr: ['1.00e-04', '1.00e-04'], loss: 0.000317
[2024-10-04 09:31:04,297][INFO][clas_trainer:133] - train epoch: 11 [16416/82280 (20%)], lr: ['1.00e-04', '1.00e-04'], loss: 0.004193
[2024-10-04 09:31:45,377][INFO][clas_trainer:133] - train epoch: 11 [24640/82280 (30%)], lr: ['1.00e-04', '1.00e-04'], loss: 0.001296
[2024-10-04 09:32:26,440][INFO][clas_trainer:133] - train epoch: 11 [32864/82280 (40%)], lr: ['1.00e-04', '1.00e-04'], loss: 0.000764
[2024-10-04 09:33:06,689][INFO][clas_trainer:133] - train epoch: 11 [41088/82280 (50%)], lr: ['1.00e-04', '1.00e-04'], loss: 0.004765
[2024-10-04 09:33:46,464][INFO][clas_trainer:133] - train epoch: 11 [49312/82280 (60%)], lr: ['1.00e-04', '1.00e-04'], loss: 0.001193
[2024-10-04 09:34:25,368][INFO][clas_trainer:133] - train epoch: 11 [57536/82280 (70%)], lr: ['1.00e-04', '1.00e-04'], loss: 0.000965
[2024-10-04 09:35:03,575][INFO][clas_trainer:133] - train epoch: 11 [65760/82280 (80%)], lr: ['1.00e-04', '1.00e-04'], loss: 0.118446
[2024-10-04 09:35:43,320][INFO][clas_trainer:133] - train epoch: 11 [73984/82280 (90%)], lr: ['1.00e-04', '1.00e-04'], loss: 0.000222
[2024-10-04 09:36:24,621][INFO][clas_trainer:133] - train epoch: 11 [82208/82280 (100%)], lr: ['1.00e-04', '1.00e-04'], loss: 0.005753
[2024-10-04 09:37:07,393][INFO][clas_trainer:63] - [epoch  11] execution time: 443.83s	metrics:
[2024-10-04 09:37:07,393][INFO][clas_evaluator:132] - dataset: earlystopping, avg f1-score: 0.7222
[2024-10-04 09:37:07,399][INFO][clas_trainer:79] - finished training
[2024-10-04 09:37:07,400][INFO][clas_trainer:80] - best model on epoch: 1 	f1-score: 0.7432
