[2023-10-13 18:30:23,626][INFO][train_downstream:29] - overrides:
hydra:
- hydra.mode=MULTIRUN
task:
- m_seed_path_sids={seeds:[6,6,6,6,6],path:"exp001b-m6-simple_multi_class-2023-10-12_18-34-48-final.pth",subject_ids:{dod_o_h:$\{data.dod_o_h.cv_5_fold.fold_2\}}}
- data.downstream.train_dataloader.dataset.data_reducer.n_subjects=5

[2023-10-13 18:30:26,474][INFO][data_loaders:39] - class distribution before data reduction:
# samples per subject
02fb158a-a658-51ee-89cf-1e1dc2ebfde1: 861
03341d0d-5927-5838-8a5f-1b8ef39d8f57: 1063
039ce8ad-a7fa-5272-a3e3-1f4bfebdd087: 915
0d79f4b1-e74f-5e87-8e42-f9dd7112ada5: 968
100df108-eb57-5eaa-a413-f7e4436a7895: 952
130f3f52-7d0a-551e-af61-2ee75455e5c9: 989
14c012bd-65b0-56f5-bc74-2dffcea69837: 969
16450f5a-9b65-5536-85e1-93816c8b89eb: 816
18482adf-1144-54ca-9e35-27f65c43a105: 824
18ede714-aba3-5ad8-bb1a-18fc9b1c4192: 995
1da3544e-dc5c-5795-adc3-f5068959211f: 955
2159377e-ebf3-5565-9014-1e2ae69dc1d2: 907
2d01dc34-f36c-562e-b24a-d20dc798fdfc: 837
2e865ca9-e20f-5a6f-bd25-45d28cc9eab9: 950
30e8a05b-4cf1-5aa8-9ef7-28d6e2949ad5: 699
32556393-bb57-560a-99e8-e09885219647: 1106
3dd35e7b-d7e2-516d-8a85-e0d58a59569f: 1093
3e842aa8-bcd9-521e-93a2-72124233fe2c: 620
4b72b905-5521-5c57-b666-e20ff9bb195f: 868
4e3c4ac4-69e2-5347-a3b0-662c204d259d: 926
52fbe46b-206c-584a-9f4f-1eb308e07bac: 1064
5b94ec8a-c34d-5e45-84d1-bec2ea965609: 1090
5bf0f969-304c-581e-949c-50c108f62846: 947
5ddbc68c-1283-5c27-952b-d7f102291bc2: 1097
64959ac4-53b5-5868-a845-c7476e9fdf7b: 990
67fa8e29-6f4d-530e-9422-bbc3aca86ed0: 1046
6e2aa933-c51c-5a31-8c7b-83da8d076a12: 905
730aba3b-e310-5be0-9eed-7c3123466834: 1120
742f1592-627c-54eb-bbb5-ccd55ffae33a: 975
769df255-2284-50b3-8917-2155c759fbbd: 929
79e8a04e-0fdd-53ae-bedc-d49d08e29103: 918
7ab8ff5f-a77f-567d-9882-f8bee0c3c9bf: 989
7d778801-88e7-5086-ad1d-70f31a371876: 999
7f5237b1-2196-5c8a-9543-a5aa70210ef4: 931
83c1394e-9c69-5c11-9102-9ff8d59b1cfd: 1011
844f68ba-265e-53e6-bf47-6c85d1804a7b: 957
90aef91a-252f-5ccc-a82e-78ea7ee9ca1f: 1089
a25b2296-343b-53f6-8792-ada2669d466e: 1008
a35a118e-e65e-5928-92a9-4354a6a0f4ce: 813
a6254c8a-f1b2-5736-b601-18245dd5e0a5: 1084
a65a9e69-cddf-5711-9a97-de8bfdeb08cc: 961
a79d1f0e-c133-5aa0-8268-cdcc05825f0f: 1046
aadc9e0c-b7c3-5a47-851d-f21971d10935: 969
b2d3ccdd-395c-5dd2-81d9-252bcfc0c337: 902
b3706da5-748b-5dd1-a552-f57e4456cdf6: 1041
b5d5785d-87ee-5078-b9b9-aac6abd4d8de: 918
c8110476-594c-533d-95bd-86147fccc987: 995
cc3b4b63-4a6f-5f28-ac7e-62f83c271449: 1076
d3cadb78-cb8c-5a6e-885c-392e457c68b1: 982
d5181c33-a43b-5dfe-8ad7-0337facb092a: 977
e6b7cbef-4c9d-5541-82e8-04810de0fb60: 819
e72505f1-21be-5d66-b620-cfcfa2d754bc: 973
e8ec8ec4-dc48-50ce-985a-a06d87861030: 975
eb95076c-c470-56a4-b788-ace310f061c6: 965
f2a69bdc-ed51-5e3f-b102-6b3f7d392be0: 960
f66bc75e-778b-5037-af86-b5275cd4c79f: 865

# samples per stage
0: 9109
1: 2878
2: 26255
3: 6343
4: 9114
[2023-10-13 18:30:26,701][INFO][data_loaders:43] - class distribution after data reduction:
# samples per subject
16450f5a-9b65-5536-85e1-93816c8b89eb: 9792
30e8a05b-4cf1-5aa8-9ef7-28d6e2949ad5: 8388
e6b7cbef-4c9d-5541-82e8-04810de0fb60: 9828
eb95076c-c470-56a4-b788-ace310f061c6: 11580
f66bc75e-778b-5037-af86-b5275cd4c79f: 10380

# samples per stage
0: 15852
1: 3072
2: 20340
3: 6444
4: 4260
[2023-10-13 18:30:27,179][INFO][data_loaders:39] - class distribution before data reduction:
# samples per subject
0416d51f-5d69-5326-b74a-a2e31a96a1ef: 822
119f9726-eb4c-5a0e-a7bb-9e15256149a1: 932
1fa6c401-d819-50f5-8146-a0bb9e2b2516: 986
22bea84c-5d23-5e49-bc2d-9764f883955b: 1048
25a6b2b0-4d09-561b-82c6-f09bb271d3be: 1063
6a7503ac-ab3a-5d5b-b474-4b0fe37748dd: 1213
a30245e3-4a71-565f-9636-92e7d2e825fc: 1122
b3534fa3-7676-50dc-8412-07f0eff4f7a9: 757

# samples per stage
0: 1372
1: 412
2: 3945
3: 905
4: 1309
[2023-10-13 18:30:27,219][INFO][data_loaders:43] - class distribution after data reduction:
# samples per subject
0416d51f-5d69-5326-b74a-a2e31a96a1ef: 822
119f9726-eb4c-5a0e-a7bb-9e15256149a1: 932
1fa6c401-d819-50f5-8146-a0bb9e2b2516: 986
22bea84c-5d23-5e49-bc2d-9764f883955b: 1048
25a6b2b0-4d09-561b-82c6-f09bb271d3be: 1063
6a7503ac-ab3a-5d5b-b474-4b0fe37748dd: 1213
a30245e3-4a71-565f-9636-92e7d2e825fc: 1122
b3534fa3-7676-50dc-8412-07f0eff4f7a9: 757

# samples per stage
0: 1372
1: 412
2: 3945
3: 905
4: 1309
[2023-10-13 18:30:27,233][INFO][clas_trainer:49] - metrics before training (epoch 0):
[2023-10-13 18:30:55,877][INFO][clas_evaluator:99] - dataset: earlystopping, avg f1-score: 0.0590
[2023-10-13 18:31:13,612][INFO][clas_trainer:133] - train epoch: 1 [4960/49968 (10%)], lr: ['1.00e-04', '1.00e-04'], loss: 1.726329
[2023-10-13 18:31:30,830][INFO][clas_trainer:133] - train epoch: 1 [9952/49968 (20%)], lr: ['1.00e-04', '1.00e-04'], loss: 1.978117
[2023-10-13 18:31:47,964][INFO][clas_trainer:133] - train epoch: 1 [14944/49968 (30%)], lr: ['1.00e-04', '1.00e-04'], loss: 1.218033
[2023-10-13 18:32:04,932][INFO][clas_trainer:133] - train epoch: 1 [19936/49968 (40%)], lr: ['1.00e-04', '1.00e-04'], loss: 1.318396
[2023-10-13 18:32:21,299][INFO][clas_trainer:133] - train epoch: 1 [24928/49968 (50%)], lr: ['1.00e-04', '1.00e-04'], loss: 1.117506
[2023-10-13 18:32:38,396][INFO][clas_trainer:133] - train epoch: 1 [29920/49968 (60%)], lr: ['1.00e-04', '1.00e-04'], loss: 1.455796
[2023-10-13 18:32:54,944][INFO][clas_trainer:133] - train epoch: 1 [34912/49968 (70%)], lr: ['1.00e-04', '1.00e-04'], loss: 1.017031
[2023-10-13 18:33:11,090][INFO][clas_trainer:133] - train epoch: 1 [39904/49968 (80%)], lr: ['1.00e-04', '1.00e-04'], loss: 0.848544
[2023-10-13 18:33:26,755][INFO][clas_trainer:133] - train epoch: 1 [44896/49968 (90%)], lr: ['1.00e-04', '1.00e-04'], loss: 1.211104
[2023-10-13 18:33:43,699][INFO][clas_trainer:133] - train epoch: 1 [49888/49968 (100%)], lr: ['1.00e-04', '1.00e-04'], loss: 0.684001
[2023-10-13 18:34:13,457][INFO][clas_trainer:63] - [epoch   1] execution time: 197.58s	metrics:
[2023-10-13 18:34:13,458][INFO][clas_evaluator:99] - dataset: earlystopping, avg f1-score: 0.3518
[2023-10-13 18:34:13,527][INFO][base_model:51] - snapshot saved to /home/ngr/repos/sleep_freq-pretraining/models/exp001a-m39-base_fe_clas-2023-10-13_14-21-17-final.pth
[2023-10-13 18:34:30,917][INFO][clas_trainer:133] - train epoch: 2 [4960/49968 (10%)], lr: ['1.00e-04', '1.00e-04'], loss: 0.635475
[2023-10-13 18:34:47,698][INFO][clas_trainer:133] - train epoch: 2 [9952/49968 (20%)], lr: ['1.00e-04', '1.00e-04'], loss: 0.802179
[2023-10-13 18:35:04,461][INFO][clas_trainer:133] - train epoch: 2 [14944/49968 (30%)], lr: ['1.00e-04', '1.00e-04'], loss: 0.830395
[2023-10-13 18:35:21,388][INFO][clas_trainer:133] - train epoch: 2 [19936/49968 (40%)], lr: ['1.00e-04', '1.00e-04'], loss: 0.751862
[2023-10-13 18:35:38,451][INFO][clas_trainer:133] - train epoch: 2 [24928/49968 (50%)], lr: ['1.00e-04', '1.00e-04'], loss: 0.237176
[2023-10-13 18:35:56,160][INFO][clas_trainer:133] - train epoch: 2 [29920/49968 (60%)], lr: ['1.00e-04', '1.00e-04'], loss: 0.411222
[2023-10-13 18:36:13,353][INFO][clas_trainer:133] - train epoch: 2 [34912/49968 (70%)], lr: ['1.00e-04', '1.00e-04'], loss: 0.144714
[2023-10-13 18:36:30,127][INFO][clas_trainer:133] - train epoch: 2 [39904/49968 (80%)], lr: ['1.00e-04', '1.00e-04'], loss: 0.365439
[2023-10-13 18:36:46,244][INFO][clas_trainer:133] - train epoch: 2 [44896/49968 (90%)], lr: ['1.00e-04', '1.00e-04'], loss: 0.529541
[2023-10-13 18:37:02,677][INFO][clas_trainer:133] - train epoch: 2 [49888/49968 (100%)], lr: ['1.00e-04', '1.00e-04'], loss: 0.284336
[2023-10-13 18:37:31,681][INFO][clas_trainer:63] - [epoch   2] execution time: 198.15s	metrics:
[2023-10-13 18:37:31,682][INFO][clas_evaluator:99] - dataset: earlystopping, avg f1-score: 0.3636
[2023-10-13 18:37:31,750][INFO][base_model:51] - snapshot saved to /home/ngr/repos/sleep_freq-pretraining/models/exp001a-m39-base_fe_clas-2023-10-13_14-21-17-final.pth
[2023-10-13 18:37:49,020][INFO][clas_trainer:133] - train epoch: 3 [4960/49968 (10%)], lr: ['1.00e-04', '1.00e-04'], loss: 0.220029
[2023-10-13 18:38:05,815][INFO][clas_trainer:133] - train epoch: 3 [9952/49968 (20%)], lr: ['1.00e-04', '1.00e-04'], loss: 0.435166
[2023-10-13 18:38:22,514][INFO][clas_trainer:133] - train epoch: 3 [14944/49968 (30%)], lr: ['1.00e-04', '1.00e-04'], loss: 0.391586
[2023-10-13 18:38:38,961][INFO][clas_trainer:133] - train epoch: 3 [19936/49968 (40%)], lr: ['1.00e-04', '1.00e-04'], loss: 0.267659
[2023-10-13 18:38:55,233][INFO][clas_trainer:133] - train epoch: 3 [24928/49968 (50%)], lr: ['1.00e-04', '1.00e-04'], loss: 0.196741
[2023-10-13 18:39:12,195][INFO][clas_trainer:133] - train epoch: 3 [29920/49968 (60%)], lr: ['1.00e-04', '1.00e-04'], loss: 0.290063
[2023-10-13 18:39:28,395][INFO][clas_trainer:133] - train epoch: 3 [34912/49968 (70%)], lr: ['1.00e-04', '1.00e-04'], loss: 0.330532
[2023-10-13 18:39:45,380][INFO][clas_trainer:133] - train epoch: 3 [39904/49968 (80%)], lr: ['1.00e-04', '1.00e-04'], loss: 0.200422
[2023-10-13 18:40:01,199][INFO][clas_trainer:133] - train epoch: 3 [44896/49968 (90%)], lr: ['1.00e-04', '1.00e-04'], loss: 0.366905
[2023-10-13 18:40:18,067][INFO][clas_trainer:133] - train epoch: 3 [49888/49968 (100%)], lr: ['1.00e-04', '1.00e-04'], loss: 0.556258
[2023-10-13 18:40:46,020][INFO][clas_trainer:63] - [epoch   3] execution time: 194.27s	metrics:
[2023-10-13 18:40:46,021][INFO][clas_evaluator:99] - dataset: earlystopping, avg f1-score: 0.3570
[2023-10-13 18:41:02,856][INFO][clas_trainer:133] - train epoch: 4 [4960/49968 (10%)], lr: ['1.00e-04', '1.00e-04'], loss: 0.390424
[2023-10-13 18:41:20,092][INFO][clas_trainer:133] - train epoch: 4 [9952/49968 (20%)], lr: ['1.00e-04', '1.00e-04'], loss: 0.234893
[2023-10-13 18:41:36,521][INFO][clas_trainer:133] - train epoch: 4 [14944/49968 (30%)], lr: ['1.00e-04', '1.00e-04'], loss: 0.161362
[2023-10-13 18:41:53,434][INFO][clas_trainer:133] - train epoch: 4 [19936/49968 (40%)], lr: ['1.00e-04', '1.00e-04'], loss: 0.214400
[2023-10-13 18:42:10,010][INFO][clas_trainer:133] - train epoch: 4 [24928/49968 (50%)], lr: ['1.00e-04', '1.00e-04'], loss: 0.278706
[2023-10-13 18:42:26,948][INFO][clas_trainer:133] - train epoch: 4 [29920/49968 (60%)], lr: ['1.00e-04', '1.00e-04'], loss: 0.187094
[2023-10-13 18:42:44,368][INFO][clas_trainer:133] - train epoch: 4 [34912/49968 (70%)], lr: ['1.00e-04', '1.00e-04'], loss: 0.152954
[2023-10-13 18:43:02,243][INFO][clas_trainer:133] - train epoch: 4 [39904/49968 (80%)], lr: ['1.00e-04', '1.00e-04'], loss: 0.118361
[2023-10-13 18:43:18,415][INFO][clas_trainer:133] - train epoch: 4 [44896/49968 (90%)], lr: ['1.00e-04', '1.00e-04'], loss: 0.218190
[2023-10-13 18:43:35,225][INFO][clas_trainer:133] - train epoch: 4 [49888/49968 (100%)], lr: ['1.00e-04', '1.00e-04'], loss: 0.212713
[2023-10-13 18:44:03,365][INFO][clas_trainer:63] - [epoch   4] execution time: 197.34s	metrics:
[2023-10-13 18:44:03,365][INFO][clas_evaluator:99] - dataset: earlystopping, avg f1-score: 0.4156
[2023-10-13 18:44:03,434][INFO][base_model:51] - snapshot saved to /home/ngr/repos/sleep_freq-pretraining/models/exp001a-m39-base_fe_clas-2023-10-13_14-21-17-final.pth
[2023-10-13 18:44:20,536][INFO][clas_trainer:133] - train epoch: 5 [4960/49968 (10%)], lr: ['1.00e-04', '1.00e-04'], loss: 0.412468
[2023-10-13 18:44:37,034][INFO][clas_trainer:133] - train epoch: 5 [9952/49968 (20%)], lr: ['1.00e-04', '1.00e-04'], loss: 0.329348
[2023-10-13 18:44:52,643][INFO][clas_trainer:133] - train epoch: 5 [14944/49968 (30%)], lr: ['1.00e-04', '1.00e-04'], loss: 0.100644
[2023-10-13 18:45:09,053][INFO][clas_trainer:133] - train epoch: 5 [19936/49968 (40%)], lr: ['1.00e-04', '1.00e-04'], loss: 0.070036
[2023-10-13 18:45:25,880][INFO][clas_trainer:133] - train epoch: 5 [24928/49968 (50%)], lr: ['1.00e-04', '1.00e-04'], loss: 0.176017
[2023-10-13 18:45:42,545][INFO][clas_trainer:133] - train epoch: 5 [29920/49968 (60%)], lr: ['1.00e-04', '1.00e-04'], loss: 0.348001
[2023-10-13 18:45:59,640][INFO][clas_trainer:133] - train epoch: 5 [34912/49968 (70%)], lr: ['1.00e-04', '1.00e-04'], loss: 0.274972
[2023-10-13 18:46:16,528][INFO][clas_trainer:133] - train epoch: 5 [39904/49968 (80%)], lr: ['1.00e-04', '1.00e-04'], loss: 0.222905
[2023-10-13 18:46:32,596][INFO][clas_trainer:133] - train epoch: 5 [44896/49968 (90%)], lr: ['1.00e-04', '1.00e-04'], loss: 0.140982
[2023-10-13 18:46:49,099][INFO][clas_trainer:133] - train epoch: 5 [49888/49968 (100%)], lr: ['1.00e-04', '1.00e-04'], loss: 0.158033
[2023-10-13 18:47:16,949][INFO][clas_trainer:63] - [epoch   5] execution time: 193.52s	metrics:
[2023-10-13 18:47:16,950][INFO][clas_evaluator:99] - dataset: earlystopping, avg f1-score: 0.4308
[2023-10-13 18:47:17,013][INFO][base_model:51] - snapshot saved to /home/ngr/repos/sleep_freq-pretraining/models/exp001a-m39-base_fe_clas-2023-10-13_14-21-17-final.pth
[2023-10-13 18:47:34,522][INFO][clas_trainer:133] - train epoch: 6 [4960/49968 (10%)], lr: ['1.00e-04', '1.00e-04'], loss: 0.493087
[2023-10-13 18:47:50,907][INFO][clas_trainer:133] - train epoch: 6 [9952/49968 (20%)], lr: ['1.00e-04', '1.00e-04'], loss: 0.032589
[2023-10-13 18:48:08,572][INFO][clas_trainer:133] - train epoch: 6 [14944/49968 (30%)], lr: ['1.00e-04', '1.00e-04'], loss: 0.223995
[2023-10-13 18:48:25,237][INFO][clas_trainer:133] - train epoch: 6 [19936/49968 (40%)], lr: ['1.00e-04', '1.00e-04'], loss: 0.263568
[2023-10-13 18:48:41,459][INFO][clas_trainer:133] - train epoch: 6 [24928/49968 (50%)], lr: ['1.00e-04', '1.00e-04'], loss: 0.510213
[2023-10-13 18:48:57,822][INFO][clas_trainer:133] - train epoch: 6 [29920/49968 (60%)], lr: ['1.00e-04', '1.00e-04'], loss: 0.095379
[2023-10-13 18:49:14,739][INFO][clas_trainer:133] - train epoch: 6 [34912/49968 (70%)], lr: ['1.00e-04', '1.00e-04'], loss: 0.129012
[2023-10-13 18:49:31,684][INFO][clas_trainer:133] - train epoch: 6 [39904/49968 (80%)], lr: ['1.00e-04', '1.00e-04'], loss: 0.094851
[2023-10-13 18:49:48,567][INFO][clas_trainer:133] - train epoch: 6 [44896/49968 (90%)], lr: ['1.00e-04', '1.00e-04'], loss: 0.242132
[2023-10-13 18:50:05,093][INFO][clas_trainer:133] - train epoch: 6 [49888/49968 (100%)], lr: ['1.00e-04', '1.00e-04'], loss: 0.145220
[2023-10-13 18:50:33,685][INFO][clas_trainer:63] - [epoch   6] execution time: 196.67s	metrics:
[2023-10-13 18:50:33,685][INFO][clas_evaluator:99] - dataset: earlystopping, avg f1-score: 0.5076
[2023-10-13 18:50:33,750][INFO][base_model:51] - snapshot saved to /home/ngr/repos/sleep_freq-pretraining/models/exp001a-m39-base_fe_clas-2023-10-13_14-21-17-final.pth
[2023-10-13 18:50:51,037][INFO][clas_trainer:133] - train epoch: 7 [4960/49968 (10%)], lr: ['1.00e-04', '1.00e-04'], loss: 0.211553
[2023-10-13 18:51:07,576][INFO][clas_trainer:133] - train epoch: 7 [9952/49968 (20%)], lr: ['1.00e-04', '1.00e-04'], loss: 0.172630
[2023-10-13 18:51:24,373][INFO][clas_trainer:133] - train epoch: 7 [14944/49968 (30%)], lr: ['1.00e-04', '1.00e-04'], loss: 0.030026
[2023-10-13 18:51:40,499][INFO][clas_trainer:133] - train epoch: 7 [19936/49968 (40%)], lr: ['1.00e-04', '1.00e-04'], loss: 0.125701
[2023-10-13 18:51:56,028][INFO][clas_trainer:133] - train epoch: 7 [24928/49968 (50%)], lr: ['1.00e-04', '1.00e-04'], loss: 0.406321
[2023-10-13 18:52:12,406][INFO][clas_trainer:133] - train epoch: 7 [29920/49968 (60%)], lr: ['1.00e-04', '1.00e-04'], loss: 0.185442
[2023-10-13 18:52:28,800][INFO][clas_trainer:133] - train epoch: 7 [34912/49968 (70%)], lr: ['1.00e-04', '1.00e-04'], loss: 0.065063
[2023-10-13 18:52:45,395][INFO][clas_trainer:133] - train epoch: 7 [39904/49968 (80%)], lr: ['1.00e-04', '1.00e-04'], loss: 0.110887
[2023-10-13 18:53:02,058][INFO][clas_trainer:133] - train epoch: 7 [44896/49968 (90%)], lr: ['1.00e-04', '1.00e-04'], loss: 0.204338
[2023-10-13 18:53:19,421][INFO][clas_trainer:133] - train epoch: 7 [49888/49968 (100%)], lr: ['1.00e-04', '1.00e-04'], loss: 0.270246
[2023-10-13 18:53:48,866][INFO][clas_trainer:63] - [epoch   7] execution time: 195.12s	metrics:
[2023-10-13 18:53:48,866][INFO][clas_evaluator:99] - dataset: earlystopping, avg f1-score: 0.4416
[2023-10-13 18:54:05,782][INFO][clas_trainer:133] - train epoch: 8 [4960/49968 (10%)], lr: ['1.00e-04', '1.00e-04'], loss: 0.155838
[2023-10-13 18:54:22,183][INFO][clas_trainer:133] - train epoch: 8 [9952/49968 (20%)], lr: ['1.00e-04', '1.00e-04'], loss: 0.238330
[2023-10-13 18:54:37,921][INFO][clas_trainer:133] - train epoch: 8 [14944/49968 (30%)], lr: ['1.00e-04', '1.00e-04'], loss: 0.049847
[2023-10-13 18:54:54,618][INFO][clas_trainer:133] - train epoch: 8 [19936/49968 (40%)], lr: ['1.00e-04', '1.00e-04'], loss: 0.206062
[2023-10-13 18:55:11,276][INFO][clas_trainer:133] - train epoch: 8 [24928/49968 (50%)], lr: ['1.00e-04', '1.00e-04'], loss: 0.210422
[2023-10-13 18:55:27,697][INFO][clas_trainer:133] - train epoch: 8 [29920/49968 (60%)], lr: ['1.00e-04', '1.00e-04'], loss: 0.313021
[2023-10-13 18:55:44,023][INFO][clas_trainer:133] - train epoch: 8 [34912/49968 (70%)], lr: ['1.00e-04', '1.00e-04'], loss: 0.039034
[2023-10-13 18:56:01,046][INFO][clas_trainer:133] - train epoch: 8 [39904/49968 (80%)], lr: ['1.00e-04', '1.00e-04'], loss: 0.092844
[2023-10-13 18:56:17,566][INFO][clas_trainer:133] - train epoch: 8 [44896/49968 (90%)], lr: ['1.00e-04', '1.00e-04'], loss: 0.219707
[2023-10-13 18:56:34,241][INFO][clas_trainer:133] - train epoch: 8 [49888/49968 (100%)], lr: ['1.00e-04', '1.00e-04'], loss: 0.181383
[2023-10-13 18:57:03,117][INFO][clas_trainer:63] - [epoch   8] execution time: 194.25s	metrics:
[2023-10-13 18:57:03,117][INFO][clas_evaluator:99] - dataset: earlystopping, avg f1-score: 0.4908
[2023-10-13 18:57:20,735][INFO][clas_trainer:133] - train epoch: 9 [4960/49968 (10%)], lr: ['1.00e-04', '1.00e-04'], loss: 0.097528
[2023-10-13 18:57:38,048][INFO][clas_trainer:133] - train epoch: 9 [9952/49968 (20%)], lr: ['1.00e-04', '1.00e-04'], loss: 0.290220
[2023-10-13 18:57:54,821][INFO][clas_trainer:133] - train epoch: 9 [14944/49968 (30%)], lr: ['1.00e-04', '1.00e-04'], loss: 0.099064
[2023-10-13 18:58:11,896][INFO][clas_trainer:133] - train epoch: 9 [19936/49968 (40%)], lr: ['1.00e-04', '1.00e-04'], loss: 0.027439
[2023-10-13 18:58:28,722][INFO][clas_trainer:133] - train epoch: 9 [24928/49968 (50%)], lr: ['1.00e-04', '1.00e-04'], loss: 0.098814
[2023-10-13 18:58:46,033][INFO][clas_trainer:133] - train epoch: 9 [29920/49968 (60%)], lr: ['1.00e-04', '1.00e-04'], loss: 0.074807
[2023-10-13 18:59:01,975][INFO][clas_trainer:133] - train epoch: 9 [34912/49968 (70%)], lr: ['1.00e-04', '1.00e-04'], loss: 0.187990
[2023-10-13 18:59:18,508][INFO][clas_trainer:133] - train epoch: 9 [39904/49968 (80%)], lr: ['1.00e-04', '1.00e-04'], loss: 0.171641
[2023-10-13 18:59:34,682][INFO][clas_trainer:133] - train epoch: 9 [44896/49968 (90%)], lr: ['1.00e-04', '1.00e-04'], loss: 0.110928
[2023-10-13 18:59:51,077][INFO][clas_trainer:133] - train epoch: 9 [49888/49968 (100%)], lr: ['1.00e-04', '1.00e-04'], loss: 0.062541
[2023-10-13 19:00:20,611][INFO][clas_trainer:63] - [epoch   9] execution time: 197.49s	metrics:
[2023-10-13 19:00:20,611][INFO][clas_evaluator:99] - dataset: earlystopping, avg f1-score: 0.4809
[2023-10-13 19:00:39,439][INFO][clas_trainer:133] - train epoch: 10 [4960/49968 (10%)], lr: ['1.00e-04', '1.00e-04'], loss: 0.156579
[2023-10-13 19:00:56,822][INFO][clas_trainer:133] - train epoch: 10 [9952/49968 (20%)], lr: ['1.00e-04', '1.00e-04'], loss: 0.046298
[2023-10-13 19:01:13,684][INFO][clas_trainer:133] - train epoch: 10 [14944/49968 (30%)], lr: ['1.00e-04', '1.00e-04'], loss: 0.366828
[2023-10-13 19:01:30,510][INFO][clas_trainer:133] - train epoch: 10 [19936/49968 (40%)], lr: ['1.00e-04', '1.00e-04'], loss: 0.163862
[2023-10-13 19:01:47,868][INFO][clas_trainer:133] - train epoch: 10 [24928/49968 (50%)], lr: ['1.00e-04', '1.00e-04'], loss: 0.235952
[2023-10-13 19:02:03,869][INFO][clas_trainer:133] - train epoch: 10 [29920/49968 (60%)], lr: ['1.00e-04', '1.00e-04'], loss: 0.167131
[2023-10-13 19:02:20,314][INFO][clas_trainer:133] - train epoch: 10 [34912/49968 (70%)], lr: ['1.00e-04', '1.00e-04'], loss: 0.175680
[2023-10-13 19:02:36,688][INFO][clas_trainer:133] - train epoch: 10 [39904/49968 (80%)], lr: ['1.00e-04', '1.00e-04'], loss: 0.253482
[2023-10-13 19:02:53,759][INFO][clas_trainer:133] - train epoch: 10 [44896/49968 (90%)], lr: ['1.00e-04', '1.00e-04'], loss: 0.057880
[2023-10-13 19:03:10,843][INFO][clas_trainer:133] - train epoch: 10 [49888/49968 (100%)], lr: ['1.00e-04', '1.00e-04'], loss: 0.049184
[2023-10-13 19:03:38,396][INFO][clas_trainer:63] - [epoch  10] execution time: 197.78s	metrics:
[2023-10-13 19:03:38,397][INFO][clas_evaluator:99] - dataset: earlystopping, avg f1-score: 0.5072
[2023-10-13 19:03:55,854][INFO][clas_trainer:133] - train epoch: 11 [4960/49968 (10%)], lr: ['1.00e-04', '1.00e-04'], loss: 0.197650
[2023-10-13 19:04:11,885][INFO][clas_trainer:133] - train epoch: 11 [9952/49968 (20%)], lr: ['1.00e-04', '1.00e-04'], loss: 0.022501
[2023-10-13 19:04:28,642][INFO][clas_trainer:133] - train epoch: 11 [14944/49968 (30%)], lr: ['1.00e-04', '1.00e-04'], loss: 0.094693
[2023-10-13 19:04:44,411][INFO][clas_trainer:133] - train epoch: 11 [19936/49968 (40%)], lr: ['1.00e-04', '1.00e-04'], loss: 0.036480
[2023-10-13 19:05:00,015][INFO][clas_trainer:133] - train epoch: 11 [24928/49968 (50%)], lr: ['1.00e-04', '1.00e-04'], loss: 0.141623
[2023-10-13 19:05:16,004][INFO][clas_trainer:133] - train epoch: 11 [29920/49968 (60%)], lr: ['1.00e-04', '1.00e-04'], loss: 0.303861
[2023-10-13 19:05:33,124][INFO][clas_trainer:133] - train epoch: 11 [34912/49968 (70%)], lr: ['1.00e-04', '1.00e-04'], loss: 0.092139
[2023-10-13 19:05:49,127][INFO][clas_trainer:133] - train epoch: 11 [39904/49968 (80%)], lr: ['1.00e-04', '1.00e-04'], loss: 0.047773
[2023-10-13 19:06:05,601][INFO][clas_trainer:133] - train epoch: 11 [44896/49968 (90%)], lr: ['1.00e-04', '1.00e-04'], loss: 0.093894
[2023-10-13 19:06:22,046][INFO][clas_trainer:133] - train epoch: 11 [49888/49968 (100%)], lr: ['1.00e-04', '1.00e-04'], loss: 0.122299
[2023-10-13 19:06:49,142][INFO][clas_trainer:63] - [epoch  11] execution time: 190.75s	metrics:
[2023-10-13 19:06:49,143][INFO][clas_evaluator:99] - dataset: earlystopping, avg f1-score: 0.5186
[2023-10-13 19:06:49,210][INFO][base_model:51] - snapshot saved to /home/ngr/repos/sleep_freq-pretraining/models/exp001a-m39-base_fe_clas-2023-10-13_14-21-17-final.pth
[2023-10-13 19:07:06,080][INFO][clas_trainer:133] - train epoch: 12 [4960/49968 (10%)], lr: ['1.00e-04', '1.00e-04'], loss: 0.187722
[2023-10-13 19:07:22,607][INFO][clas_trainer:133] - train epoch: 12 [9952/49968 (20%)], lr: ['1.00e-04', '1.00e-04'], loss: 0.060032
[2023-10-13 19:07:39,469][INFO][clas_trainer:133] - train epoch: 12 [14944/49968 (30%)], lr: ['1.00e-04', '1.00e-04'], loss: 0.285723
[2023-10-13 19:07:56,554][INFO][clas_trainer:133] - train epoch: 12 [19936/49968 (40%)], lr: ['1.00e-04', '1.00e-04'], loss: 0.191136
[2023-10-13 19:08:13,428][INFO][clas_trainer:133] - train epoch: 12 [24928/49968 (50%)], lr: ['1.00e-04', '1.00e-04'], loss: 0.174414
[2023-10-13 19:08:29,859][INFO][clas_trainer:133] - train epoch: 12 [29920/49968 (60%)], lr: ['1.00e-04', '1.00e-04'], loss: 0.242750
[2023-10-13 19:08:45,444][INFO][clas_trainer:133] - train epoch: 12 [34912/49968 (70%)], lr: ['1.00e-04', '1.00e-04'], loss: 0.054394
[2023-10-13 19:09:02,114][INFO][clas_trainer:133] - train epoch: 12 [39904/49968 (80%)], lr: ['1.00e-04', '1.00e-04'], loss: 0.042032
[2023-10-13 19:09:19,084][INFO][clas_trainer:133] - train epoch: 12 [44896/49968 (90%)], lr: ['1.00e-04', '1.00e-04'], loss: 0.081929
[2023-10-13 19:09:35,187][INFO][clas_trainer:133] - train epoch: 12 [49888/49968 (100%)], lr: ['1.00e-04', '1.00e-04'], loss: 0.010674
[2023-10-13 19:10:04,150][INFO][clas_trainer:63] - [epoch  12] execution time: 194.94s	metrics:
[2023-10-13 19:10:04,151][INFO][clas_evaluator:99] - dataset: earlystopping, avg f1-score: 0.5023
[2023-10-13 19:10:22,151][INFO][clas_trainer:133] - train epoch: 13 [4960/49968 (10%)], lr: ['1.00e-04', '1.00e-04'], loss: 0.036804
[2023-10-13 19:10:38,612][INFO][clas_trainer:133] - train epoch: 13 [9952/49968 (20%)], lr: ['1.00e-04', '1.00e-04'], loss: 0.097716
[2023-10-13 19:10:55,436][INFO][clas_trainer:133] - train epoch: 13 [14944/49968 (30%)], lr: ['1.00e-04', '1.00e-04'], loss: 0.039361
[2023-10-13 19:11:11,682][INFO][clas_trainer:133] - train epoch: 13 [19936/49968 (40%)], lr: ['1.00e-04', '1.00e-04'], loss: 0.126948
[2023-10-13 19:11:27,472][INFO][clas_trainer:133] - train epoch: 13 [24928/49968 (50%)], lr: ['1.00e-04', '1.00e-04'], loss: 0.061521
[2023-10-13 19:11:43,448][INFO][clas_trainer:133] - train epoch: 13 [29920/49968 (60%)], lr: ['1.00e-04', '1.00e-04'], loss: 0.122541
[2023-10-13 19:11:59,954][INFO][clas_trainer:133] - train epoch: 13 [34912/49968 (70%)], lr: ['1.00e-04', '1.00e-04'], loss: 0.210773
[2023-10-13 19:12:16,703][INFO][clas_trainer:133] - train epoch: 13 [39904/49968 (80%)], lr: ['1.00e-04', '1.00e-04'], loss: 0.059912
[2023-10-13 19:12:33,101][INFO][clas_trainer:133] - train epoch: 13 [44896/49968 (90%)], lr: ['1.00e-04', '1.00e-04'], loss: 0.027251
[2023-10-13 19:12:50,584][INFO][clas_trainer:133] - train epoch: 13 [49888/49968 (100%)], lr: ['1.00e-04', '1.00e-04'], loss: 0.137259
[2023-10-13 19:13:19,522][INFO][clas_trainer:63] - [epoch  13] execution time: 195.37s	metrics:
[2023-10-13 19:13:19,523][INFO][clas_evaluator:99] - dataset: earlystopping, avg f1-score: 0.5311
[2023-10-13 19:13:19,589][INFO][base_model:51] - snapshot saved to /home/ngr/repos/sleep_freq-pretraining/models/exp001a-m39-base_fe_clas-2023-10-13_14-21-17-final.pth
[2023-10-13 19:13:36,705][INFO][clas_trainer:133] - train epoch: 14 [4960/49968 (10%)], lr: ['1.00e-04', '1.00e-04'], loss: 0.144205
[2023-10-13 19:13:53,086][INFO][clas_trainer:133] - train epoch: 14 [9952/49968 (20%)], lr: ['1.00e-04', '1.00e-04'], loss: 0.070055
[2023-10-13 19:14:09,334][INFO][clas_trainer:133] - train epoch: 14 [14944/49968 (30%)], lr: ['1.00e-04', '1.00e-04'], loss: 0.089846
[2023-10-13 19:14:25,957][INFO][clas_trainer:133] - train epoch: 14 [19936/49968 (40%)], lr: ['1.00e-04', '1.00e-04'], loss: 0.035030
[2023-10-13 19:14:42,424][INFO][clas_trainer:133] - train epoch: 14 [24928/49968 (50%)], lr: ['1.00e-04', '1.00e-04'], loss: 0.062512
[2023-10-13 19:14:58,870][INFO][clas_trainer:133] - train epoch: 14 [29920/49968 (60%)], lr: ['1.00e-04', '1.00e-04'], loss: 0.054765
[2023-10-13 19:15:14,900][INFO][clas_trainer:133] - train epoch: 14 [34912/49968 (70%)], lr: ['1.00e-04', '1.00e-04'], loss: 0.035098
[2023-10-13 19:15:32,075][INFO][clas_trainer:133] - train epoch: 14 [39904/49968 (80%)], lr: ['1.00e-04', '1.00e-04'], loss: 0.025069
[2023-10-13 19:15:48,414][INFO][clas_trainer:133] - train epoch: 14 [44896/49968 (90%)], lr: ['1.00e-04', '1.00e-04'], loss: 0.145526
[2023-10-13 19:16:04,203][INFO][clas_trainer:133] - train epoch: 14 [49888/49968 (100%)], lr: ['1.00e-04', '1.00e-04'], loss: 0.114378
[2023-10-13 19:16:32,230][INFO][clas_trainer:63] - [epoch  14] execution time: 192.64s	metrics:
[2023-10-13 19:16:32,231][INFO][clas_evaluator:99] - dataset: earlystopping, avg f1-score: 0.5378
[2023-10-13 19:16:32,298][INFO][base_model:51] - snapshot saved to /home/ngr/repos/sleep_freq-pretraining/models/exp001a-m39-base_fe_clas-2023-10-13_14-21-17-final.pth
[2023-10-13 19:16:49,913][INFO][clas_trainer:133] - train epoch: 15 [4960/49968 (10%)], lr: ['1.00e-04', '1.00e-04'], loss: 0.003383
[2023-10-13 19:17:07,043][INFO][clas_trainer:133] - train epoch: 15 [9952/49968 (20%)], lr: ['1.00e-04', '1.00e-04'], loss: 0.036486
[2023-10-13 19:17:23,492][INFO][clas_trainer:133] - train epoch: 15 [14944/49968 (30%)], lr: ['1.00e-04', '1.00e-04'], loss: 0.012618
[2023-10-13 19:17:40,200][INFO][clas_trainer:133] - train epoch: 15 [19936/49968 (40%)], lr: ['1.00e-04', '1.00e-04'], loss: 0.348155
[2023-10-13 19:17:56,658][INFO][clas_trainer:133] - train epoch: 15 [24928/49968 (50%)], lr: ['1.00e-04', '1.00e-04'], loss: 0.017649
[2023-10-13 19:18:13,397][INFO][clas_trainer:133] - train epoch: 15 [29920/49968 (60%)], lr: ['1.00e-04', '1.00e-04'], loss: 0.070566
[2023-10-13 19:18:30,064][INFO][clas_trainer:133] - train epoch: 15 [34912/49968 (70%)], lr: ['1.00e-04', '1.00e-04'], loss: 0.194628
[2023-10-13 19:18:45,984][INFO][clas_trainer:133] - train epoch: 15 [39904/49968 (80%)], lr: ['1.00e-04', '1.00e-04'], loss: 0.110608
[2023-10-13 19:19:03,034][INFO][clas_trainer:133] - train epoch: 15 [44896/49968 (90%)], lr: ['1.00e-04', '1.00e-04'], loss: 0.123634
[2023-10-13 19:19:20,117][INFO][clas_trainer:133] - train epoch: 15 [49888/49968 (100%)], lr: ['1.00e-04', '1.00e-04'], loss: 0.226679
[2023-10-13 19:19:48,973][INFO][clas_trainer:63] - [epoch  15] execution time: 196.67s	metrics:
[2023-10-13 19:19:48,974][INFO][clas_evaluator:99] - dataset: earlystopping, avg f1-score: 0.5732
[2023-10-13 19:19:49,040][INFO][base_model:51] - snapshot saved to /home/ngr/repos/sleep_freq-pretraining/models/exp001a-m39-base_fe_clas-2023-10-13_14-21-17-final.pth
[2023-10-13 19:20:06,293][INFO][clas_trainer:133] - train epoch: 16 [4960/49968 (10%)], lr: ['1.00e-04', '1.00e-04'], loss: 0.143351
[2023-10-13 19:20:22,641][INFO][clas_trainer:133] - train epoch: 16 [9952/49968 (20%)], lr: ['1.00e-04', '1.00e-04'], loss: 0.051604
[2023-10-13 19:20:39,096][INFO][clas_trainer:133] - train epoch: 16 [14944/49968 (30%)], lr: ['1.00e-04', '1.00e-04'], loss: 0.047216
[2023-10-13 19:20:56,333][INFO][clas_trainer:133] - train epoch: 16 [19936/49968 (40%)], lr: ['1.00e-04', '1.00e-04'], loss: 0.114347
[2023-10-13 19:21:12,422][INFO][clas_trainer:133] - train epoch: 16 [24928/49968 (50%)], lr: ['1.00e-04', '1.00e-04'], loss: 0.068134
[2023-10-13 19:21:29,196][INFO][clas_trainer:133] - train epoch: 16 [29920/49968 (60%)], lr: ['1.00e-04', '1.00e-04'], loss: 0.175723
[2023-10-13 19:21:45,721][INFO][clas_trainer:133] - train epoch: 16 [34912/49968 (70%)], lr: ['1.00e-04', '1.00e-04'], loss: 0.040608
[2023-10-13 19:22:01,567][INFO][clas_trainer:133] - train epoch: 16 [39904/49968 (80%)], lr: ['1.00e-04', '1.00e-04'], loss: 0.081736
[2023-10-13 19:22:17,527][INFO][clas_trainer:133] - train epoch: 16 [44896/49968 (90%)], lr: ['1.00e-04', '1.00e-04'], loss: 0.010498
[2023-10-13 19:22:33,966][INFO][clas_trainer:133] - train epoch: 16 [49888/49968 (100%)], lr: ['1.00e-04', '1.00e-04'], loss: 0.027640
[2023-10-13 19:23:02,347][INFO][clas_trainer:63] - [epoch  16] execution time: 193.31s	metrics:
[2023-10-13 19:23:02,347][INFO][clas_evaluator:99] - dataset: earlystopping, avg f1-score: 0.5839
[2023-10-13 19:23:02,443][INFO][base_model:51] - snapshot saved to /home/ngr/repos/sleep_freq-pretraining/models/exp001a-m39-base_fe_clas-2023-10-13_14-21-17-final.pth
[2023-10-13 19:23:19,821][INFO][clas_trainer:133] - train epoch: 17 [4960/49968 (10%)], lr: ['1.00e-04', '1.00e-04'], loss: 0.071454
[2023-10-13 19:23:36,768][INFO][clas_trainer:133] - train epoch: 17 [9952/49968 (20%)], lr: ['1.00e-04', '1.00e-04'], loss: 0.013500
[2023-10-13 19:23:53,430][INFO][clas_trainer:133] - train epoch: 17 [14944/49968 (30%)], lr: ['1.00e-04', '1.00e-04'], loss: 0.005221
[2023-10-13 19:24:10,193][INFO][clas_trainer:133] - train epoch: 17 [19936/49968 (40%)], lr: ['1.00e-04', '1.00e-04'], loss: 0.082190
[2023-10-13 19:24:26,570][INFO][clas_trainer:133] - train epoch: 17 [24928/49968 (50%)], lr: ['1.00e-04', '1.00e-04'], loss: 0.038251
[2023-10-13 19:24:43,186][INFO][clas_trainer:133] - train epoch: 17 [29920/49968 (60%)], lr: ['1.00e-04', '1.00e-04'], loss: 0.006445
[2023-10-13 19:24:59,933][INFO][clas_trainer:133] - train epoch: 17 [34912/49968 (70%)], lr: ['1.00e-04', '1.00e-04'], loss: 0.047794
[2023-10-13 19:25:15,891][INFO][clas_trainer:133] - train epoch: 17 [39904/49968 (80%)], lr: ['1.00e-04', '1.00e-04'], loss: 0.029780
[2023-10-13 19:25:32,356][INFO][clas_trainer:133] - train epoch: 17 [44896/49968 (90%)], lr: ['1.00e-04', '1.00e-04'], loss: 0.047282
[2023-10-13 19:25:49,382][INFO][clas_trainer:133] - train epoch: 17 [49888/49968 (100%)], lr: ['1.00e-04', '1.00e-04'], loss: 0.030479
[2023-10-13 19:26:18,911][INFO][clas_trainer:63] - [epoch  17] execution time: 196.47s	metrics:
[2023-10-13 19:26:18,911][INFO][clas_evaluator:99] - dataset: earlystopping, avg f1-score: 0.5854
[2023-10-13 19:26:18,973][INFO][base_model:51] - snapshot saved to /home/ngr/repos/sleep_freq-pretraining/models/exp001a-m39-base_fe_clas-2023-10-13_14-21-17-final.pth
[2023-10-13 19:26:36,315][INFO][clas_trainer:133] - train epoch: 18 [4960/49968 (10%)], lr: ['1.00e-04', '1.00e-04'], loss: 0.015292
[2023-10-13 19:26:52,062][INFO][clas_trainer:133] - train epoch: 18 [9952/49968 (20%)], lr: ['1.00e-04', '1.00e-04'], loss: 0.094192
[2023-10-13 19:27:08,474][INFO][clas_trainer:133] - train epoch: 18 [14944/49968 (30%)], lr: ['1.00e-04', '1.00e-04'], loss: 0.036093
[2023-10-13 19:27:24,309][INFO][clas_trainer:133] - train epoch: 18 [19936/49968 (40%)], lr: ['1.00e-04', '1.00e-04'], loss: 0.040065
[2023-10-13 19:27:40,669][INFO][clas_trainer:133] - train epoch: 18 [24928/49968 (50%)], lr: ['1.00e-04', '1.00e-04'], loss: 0.012754
[2023-10-13 19:27:57,586][INFO][clas_trainer:133] - train epoch: 18 [29920/49968 (60%)], lr: ['1.00e-04', '1.00e-04'], loss: 0.021316
[2023-10-13 19:28:15,471][INFO][clas_trainer:133] - train epoch: 18 [34912/49968 (70%)], lr: ['1.00e-04', '1.00e-04'], loss: 0.138132
[2023-10-13 19:28:32,867][INFO][clas_trainer:133] - train epoch: 18 [39904/49968 (80%)], lr: ['1.00e-04', '1.00e-04'], loss: 0.018574
[2023-10-13 19:28:48,490][INFO][clas_trainer:133] - train epoch: 18 [44896/49968 (90%)], lr: ['1.00e-04', '1.00e-04'], loss: 0.009735
[2023-10-13 19:29:04,905][INFO][clas_trainer:133] - train epoch: 18 [49888/49968 (100%)], lr: ['1.00e-04', '1.00e-04'], loss: 0.014512
[2023-10-13 19:29:34,509][INFO][clas_trainer:63] - [epoch  18] execution time: 195.54s	metrics:
[2023-10-13 19:29:34,510][INFO][clas_evaluator:99] - dataset: earlystopping, avg f1-score: 0.5748
[2023-10-13 19:29:51,760][INFO][clas_trainer:133] - train epoch: 19 [4960/49968 (10%)], lr: ['1.00e-04', '1.00e-04'], loss: 0.040988
[2023-10-13 19:30:08,149][INFO][clas_trainer:133] - train epoch: 19 [9952/49968 (20%)], lr: ['1.00e-04', '1.00e-04'], loss: 0.017717
[2023-10-13 19:30:25,528][INFO][clas_trainer:133] - train epoch: 19 [14944/49968 (30%)], lr: ['1.00e-04', '1.00e-04'], loss: 0.056368
[2023-10-13 19:30:42,041][INFO][clas_trainer:133] - train epoch: 19 [19936/49968 (40%)], lr: ['1.00e-04', '1.00e-04'], loss: 0.063163
[2023-10-13 19:30:58,402][INFO][clas_trainer:133] - train epoch: 19 [24928/49968 (50%)], lr: ['1.00e-04', '1.00e-04'], loss: 0.090610
[2023-10-13 19:31:15,753][INFO][clas_trainer:133] - train epoch: 19 [29920/49968 (60%)], lr: ['1.00e-04', '1.00e-04'], loss: 0.001525
[2023-10-13 19:31:31,976][INFO][clas_trainer:133] - train epoch: 19 [34912/49968 (70%)], lr: ['1.00e-04', '1.00e-04'], loss: 0.049764
[2023-10-13 19:31:48,340][INFO][clas_trainer:133] - train epoch: 19 [39904/49968 (80%)], lr: ['1.00e-04', '1.00e-04'], loss: 0.090999
[2023-10-13 19:32:04,606][INFO][clas_trainer:133] - train epoch: 19 [44896/49968 (90%)], lr: ['1.00e-04', '1.00e-04'], loss: 0.063160
[2023-10-13 19:32:20,894][INFO][clas_trainer:133] - train epoch: 19 [49888/49968 (100%)], lr: ['1.00e-04', '1.00e-04'], loss: 0.013835
[2023-10-13 19:32:49,725][INFO][clas_trainer:63] - [epoch  19] execution time: 195.21s	metrics:
[2023-10-13 19:32:49,725][INFO][clas_evaluator:99] - dataset: earlystopping, avg f1-score: 0.5308
[2023-10-13 19:33:06,653][INFO][clas_trainer:133] - train epoch: 20 [4960/49968 (10%)], lr: ['1.00e-04', '1.00e-04'], loss: 0.103857
[2023-10-13 19:33:23,635][INFO][clas_trainer:133] - train epoch: 20 [9952/49968 (20%)], lr: ['1.00e-04', '1.00e-04'], loss: 0.011373
[2023-10-13 19:33:39,879][INFO][clas_trainer:133] - train epoch: 20 [14944/49968 (30%)], lr: ['1.00e-04', '1.00e-04'], loss: 0.036550
[2023-10-13 19:33:55,953][INFO][clas_trainer:133] - train epoch: 20 [19936/49968 (40%)], lr: ['1.00e-04', '1.00e-04'], loss: 0.011996
[2023-10-13 19:34:11,730][INFO][clas_trainer:133] - train epoch: 20 [24928/49968 (50%)], lr: ['1.00e-04', '1.00e-04'], loss: 0.089727
[2023-10-13 19:34:28,269][INFO][clas_trainer:133] - train epoch: 20 [29920/49968 (60%)], lr: ['1.00e-04', '1.00e-04'], loss: 0.110402
[2023-10-13 19:34:44,639][INFO][clas_trainer:133] - train epoch: 20 [34912/49968 (70%)], lr: ['1.00e-04', '1.00e-04'], loss: 0.060192
[2023-10-13 19:35:00,760][INFO][clas_trainer:133] - train epoch: 20 [39904/49968 (80%)], lr: ['1.00e-04', '1.00e-04'], loss: 0.027879
[2023-10-13 19:35:16,541][INFO][clas_trainer:133] - train epoch: 20 [44896/49968 (90%)], lr: ['1.00e-04', '1.00e-04'], loss: 0.100102
[2023-10-13 19:35:32,876][INFO][clas_trainer:133] - train epoch: 20 [49888/49968 (100%)], lr: ['1.00e-04', '1.00e-04'], loss: 0.016479
[2023-10-13 19:36:01,273][INFO][clas_trainer:63] - [epoch  20] execution time: 191.55s	metrics:
[2023-10-13 19:36:01,274][INFO][clas_evaluator:99] - dataset: earlystopping, avg f1-score: 0.5457
[2023-10-13 19:36:19,118][INFO][clas_trainer:133] - train epoch: 21 [4960/49968 (10%)], lr: ['1.00e-04', '1.00e-04'], loss: 0.001464
[2023-10-13 19:36:36,227][INFO][clas_trainer:133] - train epoch: 21 [9952/49968 (20%)], lr: ['1.00e-04', '1.00e-04'], loss: 0.044596
[2023-10-13 19:36:52,746][INFO][clas_trainer:133] - train epoch: 21 [14944/49968 (30%)], lr: ['1.00e-04', '1.00e-04'], loss: 0.127282
[2023-10-13 19:37:08,078][INFO][clas_trainer:133] - train epoch: 21 [19936/49968 (40%)], lr: ['1.00e-04', '1.00e-04'], loss: 0.007150
[2023-10-13 19:37:23,836][INFO][clas_trainer:133] - train epoch: 21 [24928/49968 (50%)], lr: ['1.00e-04', '1.00e-04'], loss: 0.062585
[2023-10-13 19:37:40,235][INFO][clas_trainer:133] - train epoch: 21 [29920/49968 (60%)], lr: ['1.00e-04', '1.00e-04'], loss: 0.080328
[2023-10-13 19:37:56,374][INFO][clas_trainer:133] - train epoch: 21 [34912/49968 (70%)], lr: ['1.00e-04', '1.00e-04'], loss: 0.005132
[2023-10-13 19:38:12,637][INFO][clas_trainer:133] - train epoch: 21 [39904/49968 (80%)], lr: ['1.00e-04', '1.00e-04'], loss: 0.013692
[2023-10-13 19:38:29,087][INFO][clas_trainer:133] - train epoch: 21 [44896/49968 (90%)], lr: ['1.00e-04', '1.00e-04'], loss: 0.037738
[2023-10-13 19:38:45,922][INFO][clas_trainer:133] - train epoch: 21 [49888/49968 (100%)], lr: ['1.00e-04', '1.00e-04'], loss: 0.003770
[2023-10-13 19:39:13,667][INFO][clas_trainer:63] - [epoch  21] execution time: 192.39s	metrics:
[2023-10-13 19:39:13,667][INFO][clas_evaluator:99] - dataset: earlystopping, avg f1-score: 0.5469
[2023-10-13 19:39:30,863][INFO][clas_trainer:133] - train epoch: 22 [4960/49968 (10%)], lr: ['1.00e-04', '1.00e-04'], loss: 0.050537
[2023-10-13 19:39:45,875][INFO][clas_trainer:133] - train epoch: 22 [9952/49968 (20%)], lr: ['1.00e-04', '1.00e-04'], loss: 0.019323
[2023-10-13 19:40:01,841][INFO][clas_trainer:133] - train epoch: 22 [14944/49968 (30%)], lr: ['1.00e-04', '1.00e-04'], loss: 0.025241
[2023-10-13 19:40:18,088][INFO][clas_trainer:133] - train epoch: 22 [19936/49968 (40%)], lr: ['1.00e-04', '1.00e-04'], loss: 0.030037
[2023-10-13 19:40:33,923][INFO][clas_trainer:133] - train epoch: 22 [24928/49968 (50%)], lr: ['1.00e-04', '1.00e-04'], loss: 0.226546
[2023-10-13 19:40:50,781][INFO][clas_trainer:133] - train epoch: 22 [29920/49968 (60%)], lr: ['1.00e-04', '1.00e-04'], loss: 0.131013
[2023-10-13 19:41:06,650][INFO][clas_trainer:133] - train epoch: 22 [34912/49968 (70%)], lr: ['1.00e-04', '1.00e-04'], loss: 0.024964
[2023-10-13 19:41:22,743][INFO][clas_trainer:133] - train epoch: 22 [39904/49968 (80%)], lr: ['1.00e-04', '1.00e-04'], loss: 0.007355
[2023-10-13 19:41:39,221][INFO][clas_trainer:133] - train epoch: 22 [44896/49968 (90%)], lr: ['1.00e-04', '1.00e-04'], loss: 0.042387
[2023-10-13 19:41:55,558][INFO][clas_trainer:133] - train epoch: 22 [49888/49968 (100%)], lr: ['1.00e-04', '1.00e-04'], loss: 0.007760
[2023-10-13 19:42:24,943][INFO][clas_trainer:63] - [epoch  22] execution time: 191.28s	metrics:
[2023-10-13 19:42:24,943][INFO][clas_evaluator:99] - dataset: earlystopping, avg f1-score: 0.5965
[2023-10-13 19:42:25,009][INFO][base_model:51] - snapshot saved to /home/ngr/repos/sleep_freq-pretraining/models/exp001a-m39-base_fe_clas-2023-10-13_14-21-17-final.pth
[2023-10-13 19:42:42,162][INFO][clas_trainer:133] - train epoch: 23 [4960/49968 (10%)], lr: ['1.00e-04', '1.00e-04'], loss: 0.042613
[2023-10-13 19:42:58,945][INFO][clas_trainer:133] - train epoch: 23 [9952/49968 (20%)], lr: ['1.00e-04', '1.00e-04'], loss: 0.015802
[2023-10-13 19:43:14,754][INFO][clas_trainer:133] - train epoch: 23 [14944/49968 (30%)], lr: ['1.00e-04', '1.00e-04'], loss: 0.094206
[2023-10-13 19:43:31,932][INFO][clas_trainer:133] - train epoch: 23 [19936/49968 (40%)], lr: ['1.00e-04', '1.00e-04'], loss: 0.003455
[2023-10-13 19:43:48,488][INFO][clas_trainer:133] - train epoch: 23 [24928/49968 (50%)], lr: ['1.00e-04', '1.00e-04'], loss: 0.002393
[2023-10-13 19:44:04,930][INFO][clas_trainer:133] - train epoch: 23 [29920/49968 (60%)], lr: ['1.00e-04', '1.00e-04'], loss: 0.003831
[2023-10-13 19:44:20,850][INFO][clas_trainer:133] - train epoch: 23 [34912/49968 (70%)], lr: ['1.00e-04', '1.00e-04'], loss: 0.006721
[2023-10-13 19:44:36,645][INFO][clas_trainer:133] - train epoch: 23 [39904/49968 (80%)], lr: ['1.00e-04', '1.00e-04'], loss: 0.010703
[2023-10-13 19:44:52,732][INFO][clas_trainer:133] - train epoch: 23 [44896/49968 (90%)], lr: ['1.00e-04', '1.00e-04'], loss: 0.042942
[2023-10-13 19:45:08,845][INFO][clas_trainer:133] - train epoch: 23 [49888/49968 (100%)], lr: ['1.00e-04', '1.00e-04'], loss: 0.012440
[2023-10-13 19:45:37,833][INFO][clas_trainer:63] - [epoch  23] execution time: 192.82s	metrics:
[2023-10-13 19:45:37,834][INFO][clas_evaluator:99] - dataset: earlystopping, avg f1-score: 0.5822
[2023-10-13 19:45:55,125][INFO][clas_trainer:133] - train epoch: 24 [4960/49968 (10%)], lr: ['1.00e-04', '1.00e-04'], loss: 0.017137
[2023-10-13 19:46:11,660][INFO][clas_trainer:133] - train epoch: 24 [9952/49968 (20%)], lr: ['1.00e-04', '1.00e-04'], loss: 0.019469
[2023-10-13 19:46:27,786][INFO][clas_trainer:133] - train epoch: 24 [14944/49968 (30%)], lr: ['1.00e-04', '1.00e-04'], loss: 0.013741
[2023-10-13 19:46:44,122][INFO][clas_trainer:133] - train epoch: 24 [19936/49968 (40%)], lr: ['1.00e-04', '1.00e-04'], loss: 0.128334
[2023-10-13 19:47:01,626][INFO][clas_trainer:133] - train epoch: 24 [24928/49968 (50%)], lr: ['1.00e-04', '1.00e-04'], loss: 0.052609
[2023-10-13 19:47:17,384][INFO][clas_trainer:133] - train epoch: 24 [29920/49968 (60%)], lr: ['1.00e-04', '1.00e-04'], loss: 0.061521
[2023-10-13 19:47:33,849][INFO][clas_trainer:133] - train epoch: 24 [34912/49968 (70%)], lr: ['1.00e-04', '1.00e-04'], loss: 0.013061
[2023-10-13 19:47:50,152][INFO][clas_trainer:133] - train epoch: 24 [39904/49968 (80%)], lr: ['1.00e-04', '1.00e-04'], loss: 0.083112
[2023-10-13 19:48:06,120][INFO][clas_trainer:133] - train epoch: 24 [44896/49968 (90%)], lr: ['1.00e-04', '1.00e-04'], loss: 0.004199
[2023-10-13 19:48:22,994][INFO][clas_trainer:133] - train epoch: 24 [49888/49968 (100%)], lr: ['1.00e-04', '1.00e-04'], loss: 0.046826
[2023-10-13 19:48:51,828][INFO][clas_trainer:63] - [epoch  24] execution time: 193.99s	metrics:
[2023-10-13 19:48:51,828][INFO][clas_evaluator:99] - dataset: earlystopping, avg f1-score: 0.5899
[2023-10-13 19:49:09,502][INFO][clas_trainer:133] - train epoch: 25 [4960/49968 (10%)], lr: ['1.00e-04', '1.00e-04'], loss: 0.002128
[2023-10-13 19:49:25,755][INFO][clas_trainer:133] - train epoch: 25 [9952/49968 (20%)], lr: ['1.00e-04', '1.00e-04'], loss: 0.020145
[2023-10-13 19:49:41,554][INFO][clas_trainer:133] - train epoch: 25 [14944/49968 (30%)], lr: ['1.00e-04', '1.00e-04'], loss: 0.007868
[2023-10-13 19:49:58,442][INFO][clas_trainer:133] - train epoch: 25 [19936/49968 (40%)], lr: ['1.00e-04', '1.00e-04'], loss: 0.004048
[2023-10-13 19:50:15,104][INFO][clas_trainer:133] - train epoch: 25 [24928/49968 (50%)], lr: ['1.00e-04', '1.00e-04'], loss: 0.027957
[2023-10-13 19:50:31,644][INFO][clas_trainer:133] - train epoch: 25 [29920/49968 (60%)], lr: ['1.00e-04', '1.00e-04'], loss: 0.023385
[2023-10-13 19:50:48,583][INFO][clas_trainer:133] - train epoch: 25 [34912/49968 (70%)], lr: ['1.00e-04', '1.00e-04'], loss: 0.031299
[2023-10-13 19:51:05,298][INFO][clas_trainer:133] - train epoch: 25 [39904/49968 (80%)], lr: ['1.00e-04', '1.00e-04'], loss: 0.005623
[2023-10-13 19:51:21,110][INFO][clas_trainer:133] - train epoch: 25 [44896/49968 (90%)], lr: ['1.00e-04', '1.00e-04'], loss: 0.004443
[2023-10-13 19:51:36,813][INFO][clas_trainer:133] - train epoch: 25 [49888/49968 (100%)], lr: ['1.00e-04', '1.00e-04'], loss: 0.030168
[2023-10-13 19:52:05,392][INFO][clas_trainer:63] - [epoch  25] execution time: 193.56s	metrics:
[2023-10-13 19:52:05,393][INFO][clas_evaluator:99] - dataset: earlystopping, avg f1-score: 0.5936
[2023-10-13 19:52:22,485][INFO][clas_trainer:133] - train epoch: 26 [4960/49968 (10%)], lr: ['1.00e-04', '1.00e-04'], loss: 0.000516
[2023-10-13 19:52:39,503][INFO][clas_trainer:133] - train epoch: 26 [9952/49968 (20%)], lr: ['1.00e-04', '1.00e-04'], loss: 0.004166
[2023-10-13 19:52:55,968][INFO][clas_trainer:133] - train epoch: 26 [14944/49968 (30%)], lr: ['1.00e-04', '1.00e-04'], loss: 0.000967
[2023-10-13 19:53:12,185][INFO][clas_trainer:133] - train epoch: 26 [19936/49968 (40%)], lr: ['1.00e-04', '1.00e-04'], loss: 0.004502
[2023-10-13 19:53:27,959][INFO][clas_trainer:133] - train epoch: 26 [24928/49968 (50%)], lr: ['1.00e-04', '1.00e-04'], loss: 0.067644
[2023-10-13 19:53:44,262][INFO][clas_trainer:133] - train epoch: 26 [29920/49968 (60%)], lr: ['1.00e-04', '1.00e-04'], loss: 0.015110
[2023-10-13 19:54:00,206][INFO][clas_trainer:133] - train epoch: 26 [34912/49968 (70%)], lr: ['1.00e-04', '1.00e-04'], loss: 0.005922
[2023-10-13 19:54:15,758][INFO][clas_trainer:133] - train epoch: 26 [39904/49968 (80%)], lr: ['1.00e-04', '1.00e-04'], loss: 0.002663
[2023-10-13 19:54:32,040][INFO][clas_trainer:133] - train epoch: 26 [44896/49968 (90%)], lr: ['1.00e-04', '1.00e-04'], loss: 0.047183
[2023-10-13 19:54:48,466][INFO][clas_trainer:133] - train epoch: 26 [49888/49968 (100%)], lr: ['1.00e-04', '1.00e-04'], loss: 0.004535
[2023-10-13 19:55:16,337][INFO][clas_trainer:63] - [epoch  26] execution time: 190.94s	metrics:
[2023-10-13 19:55:16,338][INFO][clas_evaluator:99] - dataset: earlystopping, avg f1-score: 0.5950
[2023-10-13 19:55:34,023][INFO][clas_trainer:133] - train epoch: 27 [4960/49968 (10%)], lr: ['1.00e-04', '1.00e-04'], loss: 0.000448
[2023-10-13 19:55:50,420][INFO][clas_trainer:133] - train epoch: 27 [9952/49968 (20%)], lr: ['1.00e-04', '1.00e-04'], loss: 0.044044
[2023-10-13 19:56:06,529][INFO][clas_trainer:133] - train epoch: 27 [14944/49968 (30%)], lr: ['1.00e-04', '1.00e-04'], loss: 0.029076
[2023-10-13 19:56:22,200][INFO][clas_trainer:133] - train epoch: 27 [19936/49968 (40%)], lr: ['1.00e-04', '1.00e-04'], loss: 0.001120
[2023-10-13 19:56:38,071][INFO][clas_trainer:133] - train epoch: 27 [24928/49968 (50%)], lr: ['1.00e-04', '1.00e-04'], loss: 0.010238
[2023-10-13 19:56:54,240][INFO][clas_trainer:133] - train epoch: 27 [29920/49968 (60%)], lr: ['1.00e-04', '1.00e-04'], loss: 0.002818
[2023-10-13 19:57:10,216][INFO][clas_trainer:133] - train epoch: 27 [34912/49968 (70%)], lr: ['1.00e-04', '1.00e-04'], loss: 0.011879
[2023-10-13 19:57:26,611][INFO][clas_trainer:133] - train epoch: 27 [39904/49968 (80%)], lr: ['1.00e-04', '1.00e-04'], loss: 0.002501
[2023-10-13 19:57:43,111][INFO][clas_trainer:133] - train epoch: 27 [44896/49968 (90%)], lr: ['1.00e-04', '1.00e-04'], loss: 0.023509
[2023-10-13 19:57:59,897][INFO][clas_trainer:133] - train epoch: 27 [49888/49968 (100%)], lr: ['1.00e-04', '1.00e-04'], loss: 0.009075
[2023-10-13 19:58:28,336][INFO][clas_trainer:63] - [epoch  27] execution time: 192.00s	metrics:
[2023-10-13 19:58:28,336][INFO][clas_evaluator:99] - dataset: earlystopping, avg f1-score: 0.5761
[2023-10-13 19:58:44,701][INFO][clas_trainer:133] - train epoch: 28 [4960/49968 (10%)], lr: ['1.00e-04', '1.00e-04'], loss: 0.012118
[2023-10-13 19:59:00,866][INFO][clas_trainer:133] - train epoch: 28 [9952/49968 (20%)], lr: ['1.00e-04', '1.00e-04'], loss: 0.013428
[2023-10-13 19:59:16,916][INFO][clas_trainer:133] - train epoch: 28 [14944/49968 (30%)], lr: ['1.00e-04', '1.00e-04'], loss: 0.001519
[2023-10-13 19:59:33,388][INFO][clas_trainer:133] - train epoch: 28 [19936/49968 (40%)], lr: ['1.00e-04', '1.00e-04'], loss: 0.003537
[2023-10-13 19:59:49,497][INFO][clas_trainer:133] - train epoch: 28 [24928/49968 (50%)], lr: ['1.00e-04', '1.00e-04'], loss: 0.030793
[2023-10-13 20:00:06,705][INFO][clas_trainer:133] - train epoch: 28 [29920/49968 (60%)], lr: ['1.00e-04', '1.00e-04'], loss: 0.004049
[2023-10-13 20:00:23,056][INFO][clas_trainer:133] - train epoch: 28 [34912/49968 (70%)], lr: ['1.00e-04', '1.00e-04'], loss: 0.000788
[2023-10-13 20:00:39,135][INFO][clas_trainer:133] - train epoch: 28 [39904/49968 (80%)], lr: ['1.00e-04', '1.00e-04'], loss: 0.004110
[2023-10-13 20:00:55,717][INFO][clas_trainer:133] - train epoch: 28 [44896/49968 (90%)], lr: ['1.00e-04', '1.00e-04'], loss: 0.012981
[2023-10-13 20:01:12,724][INFO][clas_trainer:133] - train epoch: 28 [49888/49968 (100%)], lr: ['1.00e-04', '1.00e-04'], loss: 0.006891
[2023-10-13 20:01:40,163][INFO][clas_trainer:63] - [epoch  28] execution time: 191.83s	metrics:
[2023-10-13 20:01:40,163][INFO][clas_evaluator:99] - dataset: earlystopping, avg f1-score: 0.6029
[2023-10-13 20:01:40,225][INFO][base_model:51] - snapshot saved to /home/ngr/repos/sleep_freq-pretraining/models/exp001a-m39-base_fe_clas-2023-10-13_14-21-17-final.pth
[2023-10-13 20:01:56,945][INFO][clas_trainer:133] - train epoch: 29 [4960/49968 (10%)], lr: ['1.00e-04', '1.00e-04'], loss: 0.075817
[2023-10-13 20:02:13,709][INFO][clas_trainer:133] - train epoch: 29 [9952/49968 (20%)], lr: ['1.00e-04', '1.00e-04'], loss: 0.004518
[2023-10-13 20:02:30,887][INFO][clas_trainer:133] - train epoch: 29 [14944/49968 (30%)], lr: ['1.00e-04', '1.00e-04'], loss: 0.011750
[2023-10-13 20:02:47,564][INFO][clas_trainer:133] - train epoch: 29 [19936/49968 (40%)], lr: ['1.00e-04', '1.00e-04'], loss: 0.011728
[2023-10-13 20:03:03,435][INFO][clas_trainer:133] - train epoch: 29 [24928/49968 (50%)], lr: ['1.00e-04', '1.00e-04'], loss: 0.001531
[2023-10-13 20:03:19,621][INFO][clas_trainer:133] - train epoch: 29 [29920/49968 (60%)], lr: ['1.00e-04', '1.00e-04'], loss: 0.002007
[2023-10-13 20:03:35,836][INFO][clas_trainer:133] - train epoch: 29 [34912/49968 (70%)], lr: ['1.00e-04', '1.00e-04'], loss: 0.048342
[2023-10-13 20:03:52,061][INFO][clas_trainer:133] - train epoch: 29 [39904/49968 (80%)], lr: ['1.00e-04', '1.00e-04'], loss: 0.097059
[2023-10-13 20:04:08,424][INFO][clas_trainer:133] - train epoch: 29 [44896/49968 (90%)], lr: ['1.00e-04', '1.00e-04'], loss: 0.002222
[2023-10-13 20:04:25,552][INFO][clas_trainer:133] - train epoch: 29 [49888/49968 (100%)], lr: ['1.00e-04', '1.00e-04'], loss: 0.042713
[2023-10-13 20:04:53,659][INFO][clas_trainer:63] - [epoch  29] execution time: 193.43s	metrics:
[2023-10-13 20:04:53,660][INFO][clas_evaluator:99] - dataset: earlystopping, avg f1-score: 0.6120
[2023-10-13 20:04:53,726][INFO][base_model:51] - snapshot saved to /home/ngr/repos/sleep_freq-pretraining/models/exp001a-m39-base_fe_clas-2023-10-13_14-21-17-final.pth
[2023-10-13 20:05:10,801][INFO][clas_trainer:133] - train epoch: 30 [4960/49968 (10%)], lr: ['1.00e-04', '1.00e-04'], loss: 0.006324
[2023-10-13 20:05:27,232][INFO][clas_trainer:133] - train epoch: 30 [9952/49968 (20%)], lr: ['1.00e-04', '1.00e-04'], loss: 0.005952
[2023-10-13 20:05:43,798][INFO][clas_trainer:133] - train epoch: 30 [14944/49968 (30%)], lr: ['1.00e-04', '1.00e-04'], loss: 0.052078
[2023-10-13 20:06:00,238][INFO][clas_trainer:133] - train epoch: 30 [19936/49968 (40%)], lr: ['1.00e-04', '1.00e-04'], loss: 0.001102
[2023-10-13 20:06:17,036][INFO][clas_trainer:133] - train epoch: 30 [24928/49968 (50%)], lr: ['1.00e-04', '1.00e-04'], loss: 0.029838
[2023-10-13 20:06:33,635][INFO][clas_trainer:133] - train epoch: 30 [29920/49968 (60%)], lr: ['1.00e-04', '1.00e-04'], loss: 0.004562
[2023-10-13 20:06:50,287][INFO][clas_trainer:133] - train epoch: 30 [34912/49968 (70%)], lr: ['1.00e-04', '1.00e-04'], loss: 0.007821
[2023-10-13 20:07:06,801][INFO][clas_trainer:133] - train epoch: 30 [39904/49968 (80%)], lr: ['1.00e-04', '1.00e-04'], loss: 0.012722
[2023-10-13 20:07:23,101][INFO][clas_trainer:133] - train epoch: 30 [44896/49968 (90%)], lr: ['1.00e-04', '1.00e-04'], loss: 0.000939
[2023-10-13 20:07:39,220][INFO][clas_trainer:133] - train epoch: 30 [49888/49968 (100%)], lr: ['1.00e-04', '1.00e-04'], loss: 0.034350
[2023-10-13 20:08:06,422][INFO][clas_trainer:63] - [epoch  30] execution time: 192.70s	metrics:
[2023-10-13 20:08:06,423][INFO][clas_evaluator:99] - dataset: earlystopping, avg f1-score: 0.6138
[2023-10-13 20:08:06,490][INFO][base_model:51] - snapshot saved to /home/ngr/repos/sleep_freq-pretraining/models/exp001a-m39-base_fe_clas-2023-10-13_14-21-17-final.pth
[2023-10-13 20:08:23,590][INFO][clas_trainer:133] - train epoch: 31 [4960/49968 (10%)], lr: ['1.00e-04', '1.00e-04'], loss: 0.002413
[2023-10-13 20:08:39,952][INFO][clas_trainer:133] - train epoch: 31 [9952/49968 (20%)], lr: ['1.00e-04', '1.00e-04'], loss: 0.078097
[2023-10-13 20:08:56,768][INFO][clas_trainer:133] - train epoch: 31 [14944/49968 (30%)], lr: ['1.00e-04', '1.00e-04'], loss: 0.005224
[2023-10-13 20:09:14,000][INFO][clas_trainer:133] - train epoch: 31 [19936/49968 (40%)], lr: ['1.00e-04', '1.00e-04'], loss: 0.036262
[2023-10-13 20:09:30,428][INFO][clas_trainer:133] - train epoch: 31 [24928/49968 (50%)], lr: ['1.00e-04', '1.00e-04'], loss: 0.001060
[2023-10-13 20:09:46,542][INFO][clas_trainer:133] - train epoch: 31 [29920/49968 (60%)], lr: ['1.00e-04', '1.00e-04'], loss: 0.011488
[2023-10-13 20:10:02,837][INFO][clas_trainer:133] - train epoch: 31 [34912/49968 (70%)], lr: ['1.00e-04', '1.00e-04'], loss: 0.005612
[2023-10-13 20:10:19,063][INFO][clas_trainer:133] - train epoch: 31 [39904/49968 (80%)], lr: ['1.00e-04', '1.00e-04'], loss: 0.000611
[2023-10-13 20:10:35,849][INFO][clas_trainer:133] - train epoch: 31 [44896/49968 (90%)], lr: ['1.00e-04', '1.00e-04'], loss: 0.162800
[2023-10-13 20:10:52,564][INFO][clas_trainer:133] - train epoch: 31 [49888/49968 (100%)], lr: ['1.00e-04', '1.00e-04'], loss: 0.011426
[2023-10-13 20:11:21,269][INFO][clas_trainer:63] - [epoch  31] execution time: 194.78s	metrics:
[2023-10-13 20:11:21,270][INFO][clas_evaluator:99] - dataset: earlystopping, avg f1-score: 0.6123
[2023-10-13 20:11:38,912][INFO][clas_trainer:133] - train epoch: 32 [4960/49968 (10%)], lr: ['1.00e-04', '1.00e-04'], loss: 0.008068
[2023-10-13 20:11:55,297][INFO][clas_trainer:133] - train epoch: 32 [9952/49968 (20%)], lr: ['1.00e-04', '1.00e-04'], loss: 0.005431
[2023-10-13 20:12:10,659][INFO][clas_trainer:133] - train epoch: 32 [14944/49968 (30%)], lr: ['1.00e-04', '1.00e-04'], loss: 0.001653
[2023-10-13 20:12:27,026][INFO][clas_trainer:133] - train epoch: 32 [19936/49968 (40%)], lr: ['1.00e-04', '1.00e-04'], loss: 0.004603
[2023-10-13 20:12:43,339][INFO][clas_trainer:133] - train epoch: 32 [24928/49968 (50%)], lr: ['1.00e-04', '1.00e-04'], loss: 0.003668
[2023-10-13 20:12:59,630][INFO][clas_trainer:133] - train epoch: 32 [29920/49968 (60%)], lr: ['1.00e-04', '1.00e-04'], loss: 0.015804
[2023-10-13 20:13:16,677][INFO][clas_trainer:133] - train epoch: 32 [34912/49968 (70%)], lr: ['1.00e-04', '1.00e-04'], loss: 0.005758
[2023-10-13 20:13:32,831][INFO][clas_trainer:133] - train epoch: 32 [39904/49968 (80%)], lr: ['1.00e-04', '1.00e-04'], loss: 0.004789
[2023-10-13 20:13:49,726][INFO][clas_trainer:133] - train epoch: 32 [44896/49968 (90%)], lr: ['1.00e-04', '1.00e-04'], loss: 0.060022
[2023-10-13 20:14:06,343][INFO][clas_trainer:133] - train epoch: 32 [49888/49968 (100%)], lr: ['1.00e-04', '1.00e-04'], loss: 0.007005
[2023-10-13 20:14:34,841][INFO][clas_trainer:63] - [epoch  32] execution time: 193.57s	metrics:
[2023-10-13 20:14:34,841][INFO][clas_evaluator:99] - dataset: earlystopping, avg f1-score: 0.6129
[2023-10-13 20:14:52,633][INFO][clas_trainer:133] - train epoch: 33 [4960/49968 (10%)], lr: ['1.00e-04', '1.00e-04'], loss: 0.033468
[2023-10-13 20:15:09,290][INFO][clas_trainer:133] - train epoch: 33 [9952/49968 (20%)], lr: ['1.00e-04', '1.00e-04'], loss: 0.001327
[2023-10-13 20:15:26,311][INFO][clas_trainer:133] - train epoch: 33 [14944/49968 (30%)], lr: ['1.00e-04', '1.00e-04'], loss: 0.000234
[2023-10-13 20:15:42,829][INFO][clas_trainer:133] - train epoch: 33 [19936/49968 (40%)], lr: ['1.00e-04', '1.00e-04'], loss: 0.002048
[2023-10-13 20:15:59,971][INFO][clas_trainer:133] - train epoch: 33 [24928/49968 (50%)], lr: ['1.00e-04', '1.00e-04'], loss: 0.003440
[2023-10-13 20:16:15,922][INFO][clas_trainer:133] - train epoch: 33 [29920/49968 (60%)], lr: ['1.00e-04', '1.00e-04'], loss: 0.002102
[2023-10-13 20:16:32,559][INFO][clas_trainer:133] - train epoch: 33 [34912/49968 (70%)], lr: ['1.00e-04', '1.00e-04'], loss: 0.005014
[2023-10-13 20:16:49,525][INFO][clas_trainer:133] - train epoch: 33 [39904/49968 (80%)], lr: ['1.00e-04', '1.00e-04'], loss: 0.003037
[2023-10-13 20:17:05,948][INFO][clas_trainer:133] - train epoch: 33 [44896/49968 (90%)], lr: ['1.00e-04', '1.00e-04'], loss: 0.002618
[2023-10-13 20:17:22,287][INFO][clas_trainer:133] - train epoch: 33 [49888/49968 (100%)], lr: ['1.00e-04', '1.00e-04'], loss: 0.000257
[2023-10-13 20:17:50,367][INFO][clas_trainer:63] - [epoch  33] execution time: 195.53s	metrics:
[2023-10-13 20:17:50,367][INFO][clas_evaluator:99] - dataset: earlystopping, avg f1-score: 0.5988
[2023-10-13 20:18:08,360][INFO][clas_trainer:133] - train epoch: 34 [4960/49968 (10%)], lr: ['1.00e-04', '1.00e-04'], loss: 0.002443
[2023-10-13 20:18:25,598][INFO][clas_trainer:133] - train epoch: 34 [9952/49968 (20%)], lr: ['1.00e-04', '1.00e-04'], loss: 0.001712
[2023-10-13 20:18:41,889][INFO][clas_trainer:133] - train epoch: 34 [14944/49968 (30%)], lr: ['1.00e-04', '1.00e-04'], loss: 0.007200
[2023-10-13 20:18:57,651][INFO][clas_trainer:133] - train epoch: 34 [19936/49968 (40%)], lr: ['1.00e-04', '1.00e-04'], loss: 0.000532
[2023-10-13 20:19:13,792][INFO][clas_trainer:133] - train epoch: 34 [24928/49968 (50%)], lr: ['1.00e-04', '1.00e-04'], loss: 0.004189
[2023-10-13 20:19:29,708][INFO][clas_trainer:133] - train epoch: 34 [29920/49968 (60%)], lr: ['1.00e-04', '1.00e-04'], loss: 0.032770
[2023-10-13 20:19:45,999][INFO][clas_trainer:133] - train epoch: 34 [34912/49968 (70%)], lr: ['1.00e-04', '1.00e-04'], loss: 0.006001
[2023-10-13 20:20:02,283][INFO][clas_trainer:133] - train epoch: 34 [39904/49968 (80%)], lr: ['1.00e-04', '1.00e-04'], loss: 0.003846
[2023-10-13 20:20:18,431][INFO][clas_trainer:133] - train epoch: 34 [44896/49968 (90%)], lr: ['1.00e-04', '1.00e-04'], loss: 0.003610
[2023-10-13 20:20:34,820][INFO][clas_trainer:133] - train epoch: 34 [49888/49968 (100%)], lr: ['1.00e-04', '1.00e-04'], loss: 0.001903
[2023-10-13 20:21:03,169][INFO][clas_trainer:63] - [epoch  34] execution time: 192.80s	metrics:
[2023-10-13 20:21:03,170][INFO][clas_evaluator:99] - dataset: earlystopping, avg f1-score: 0.6151
[2023-10-13 20:21:03,236][INFO][base_model:51] - snapshot saved to /home/ngr/repos/sleep_freq-pretraining/models/exp001a-m39-base_fe_clas-2023-10-13_14-21-17-final.pth
[2023-10-13 20:21:20,626][INFO][clas_trainer:133] - train epoch: 35 [4960/49968 (10%)], lr: ['1.00e-04', '1.00e-04'], loss: 0.005096
[2023-10-13 20:21:36,872][INFO][clas_trainer:133] - train epoch: 35 [9952/49968 (20%)], lr: ['1.00e-04', '1.00e-04'], loss: 0.041581
[2023-10-13 20:21:53,296][INFO][clas_trainer:133] - train epoch: 35 [14944/49968 (30%)], lr: ['1.00e-04', '1.00e-04'], loss: 0.003295
[2023-10-13 20:22:09,479][INFO][clas_trainer:133] - train epoch: 35 [19936/49968 (40%)], lr: ['1.00e-04', '1.00e-04'], loss: 0.005370
[2023-10-13 20:22:25,318][INFO][clas_trainer:133] - train epoch: 35 [24928/49968 (50%)], lr: ['1.00e-04', '1.00e-04'], loss: 0.001831
[2023-10-13 20:22:41,860][INFO][clas_trainer:133] - train epoch: 35 [29920/49968 (60%)], lr: ['1.00e-04', '1.00e-04'], loss: 0.001190
[2023-10-13 20:22:57,915][INFO][clas_trainer:133] - train epoch: 35 [34912/49968 (70%)], lr: ['1.00e-04', '1.00e-04'], loss: 0.001726
[2023-10-13 20:23:14,636][INFO][clas_trainer:133] - train epoch: 35 [39904/49968 (80%)], lr: ['1.00e-04', '1.00e-04'], loss: 0.004364
[2023-10-13 20:23:30,273][INFO][clas_trainer:133] - train epoch: 35 [44896/49968 (90%)], lr: ['1.00e-04', '1.00e-04'], loss: 0.041149
[2023-10-13 20:23:46,673][INFO][clas_trainer:133] - train epoch: 35 [49888/49968 (100%)], lr: ['1.00e-04', '1.00e-04'], loss: 0.010370
[2023-10-13 20:24:13,997][INFO][clas_trainer:63] - [epoch  35] execution time: 190.76s	metrics:
[2023-10-13 20:24:13,998][INFO][clas_evaluator:99] - dataset: earlystopping, avg f1-score: 0.5933
[2023-10-13 20:24:31,390][INFO][clas_trainer:133] - train epoch: 36 [4960/49968 (10%)], lr: ['1.00e-04', '1.00e-04'], loss: 0.021671
[2023-10-13 20:24:47,492][INFO][clas_trainer:133] - train epoch: 36 [9952/49968 (20%)], lr: ['1.00e-04', '1.00e-04'], loss: 0.000861
[2023-10-13 20:25:04,514][INFO][clas_trainer:133] - train epoch: 36 [14944/49968 (30%)], lr: ['1.00e-04', '1.00e-04'], loss: 0.002984
[2023-10-13 20:25:20,461][INFO][clas_trainer:133] - train epoch: 36 [19936/49968 (40%)], lr: ['1.00e-04', '1.00e-04'], loss: 0.032064
[2023-10-13 20:25:36,460][INFO][clas_trainer:133] - train epoch: 36 [24928/49968 (50%)], lr: ['1.00e-04', '1.00e-04'], loss: 0.002449
[2023-10-13 20:25:52,841][INFO][clas_trainer:133] - train epoch: 36 [29920/49968 (60%)], lr: ['1.00e-04', '1.00e-04'], loss: 0.003057
[2023-10-13 20:26:09,401][INFO][clas_trainer:133] - train epoch: 36 [34912/49968 (70%)], lr: ['1.00e-04', '1.00e-04'], loss: 0.007632
[2023-10-13 20:26:25,997][INFO][clas_trainer:133] - train epoch: 36 [39904/49968 (80%)], lr: ['1.00e-04', '1.00e-04'], loss: 0.027569
[2023-10-13 20:26:42,281][INFO][clas_trainer:133] - train epoch: 36 [44896/49968 (90%)], lr: ['1.00e-04', '1.00e-04'], loss: 0.000204
[2023-10-13 20:26:58,200][INFO][clas_trainer:133] - train epoch: 36 [49888/49968 (100%)], lr: ['1.00e-04', '1.00e-04'], loss: 0.002641
[2023-10-13 20:27:26,128][INFO][clas_trainer:63] - [epoch  36] execution time: 192.13s	metrics:
[2023-10-13 20:27:26,129][INFO][clas_evaluator:99] - dataset: earlystopping, avg f1-score: 0.6205
[2023-10-13 20:27:26,195][INFO][base_model:51] - snapshot saved to /home/ngr/repos/sleep_freq-pretraining/models/exp001a-m39-base_fe_clas-2023-10-13_14-21-17-final.pth
[2023-10-13 20:27:44,349][INFO][clas_trainer:133] - train epoch: 37 [4960/49968 (10%)], lr: ['1.00e-04', '1.00e-04'], loss: 0.003754
[2023-10-13 20:28:00,626][INFO][clas_trainer:133] - train epoch: 37 [9952/49968 (20%)], lr: ['1.00e-04', '1.00e-04'], loss: 0.000268
[2023-10-13 20:28:17,636][INFO][clas_trainer:133] - train epoch: 37 [14944/49968 (30%)], lr: ['1.00e-04', '1.00e-04'], loss: 0.011459
[2023-10-13 20:28:34,055][INFO][clas_trainer:133] - train epoch: 37 [19936/49968 (40%)], lr: ['1.00e-04', '1.00e-04'], loss: 0.004943
[2023-10-13 20:28:50,380][INFO][clas_trainer:133] - train epoch: 37 [24928/49968 (50%)], lr: ['1.00e-04', '1.00e-04'], loss: 0.005300
[2023-10-13 20:29:07,007][INFO][clas_trainer:133] - train epoch: 37 [29920/49968 (60%)], lr: ['1.00e-04', '1.00e-04'], loss: 0.010073
[2023-10-13 20:29:24,353][INFO][clas_trainer:133] - train epoch: 37 [34912/49968 (70%)], lr: ['1.00e-04', '1.00e-04'], loss: 0.005561
[2023-10-13 20:29:40,821][INFO][clas_trainer:133] - train epoch: 37 [39904/49968 (80%)], lr: ['1.00e-04', '1.00e-04'], loss: 0.019295
[2023-10-13 20:29:57,470][INFO][clas_trainer:133] - train epoch: 37 [44896/49968 (90%)], lr: ['1.00e-04', '1.00e-04'], loss: 0.031849
[2023-10-13 20:30:13,725][INFO][clas_trainer:133] - train epoch: 37 [49888/49968 (100%)], lr: ['1.00e-04', '1.00e-04'], loss: 0.003190
[2023-10-13 20:30:42,756][INFO][clas_trainer:63] - [epoch  37] execution time: 196.56s	metrics:
[2023-10-13 20:30:42,757][INFO][clas_evaluator:99] - dataset: earlystopping, avg f1-score: 0.5918
[2023-10-13 20:31:00,644][INFO][clas_trainer:133] - train epoch: 38 [4960/49968 (10%)], lr: ['1.00e-04', '1.00e-04'], loss: 0.005542
[2023-10-13 20:31:17,264][INFO][clas_trainer:133] - train epoch: 38 [9952/49968 (20%)], lr: ['1.00e-04', '1.00e-04'], loss: 0.001822
[2023-10-13 20:31:34,639][INFO][clas_trainer:133] - train epoch: 38 [14944/49968 (30%)], lr: ['1.00e-04', '1.00e-04'], loss: 0.005046
[2023-10-13 20:31:51,081][INFO][clas_trainer:133] - train epoch: 38 [19936/49968 (40%)], lr: ['1.00e-04', '1.00e-04'], loss: 0.004476
[2023-10-13 20:32:07,765][INFO][clas_trainer:133] - train epoch: 38 [24928/49968 (50%)], lr: ['1.00e-04', '1.00e-04'], loss: 0.003520
[2023-10-13 20:32:23,939][INFO][clas_trainer:133] - train epoch: 38 [29920/49968 (60%)], lr: ['1.00e-04', '1.00e-04'], loss: 0.006110
[2023-10-13 20:32:40,242][INFO][clas_trainer:133] - train epoch: 38 [34912/49968 (70%)], lr: ['1.00e-04', '1.00e-04'], loss: 0.001140
[2023-10-13 20:32:56,295][INFO][clas_trainer:133] - train epoch: 38 [39904/49968 (80%)], lr: ['1.00e-04', '1.00e-04'], loss: 0.005339
[2023-10-13 20:33:12,835][INFO][clas_trainer:133] - train epoch: 38 [44896/49968 (90%)], lr: ['1.00e-04', '1.00e-04'], loss: 0.008057
[2023-10-13 20:33:30,040][INFO][clas_trainer:133] - train epoch: 38 [49888/49968 (100%)], lr: ['1.00e-04', '1.00e-04'], loss: 0.030186
[2023-10-13 20:33:59,847][INFO][clas_trainer:63] - [epoch  38] execution time: 197.09s	metrics:
[2023-10-13 20:33:59,848][INFO][clas_evaluator:99] - dataset: earlystopping, avg f1-score: 0.6232
[2023-10-13 20:33:59,914][INFO][base_model:51] - snapshot saved to /home/ngr/repos/sleep_freq-pretraining/models/exp001a-m39-base_fe_clas-2023-10-13_14-21-17-final.pth
[2023-10-13 20:34:17,267][INFO][clas_trainer:133] - train epoch: 39 [4960/49968 (10%)], lr: ['1.00e-04', '1.00e-04'], loss: 0.001572
[2023-10-13 20:34:34,124][INFO][clas_trainer:133] - train epoch: 39 [9952/49968 (20%)], lr: ['1.00e-04', '1.00e-04'], loss: 0.004880
[2023-10-13 20:34:50,264][INFO][clas_trainer:133] - train epoch: 39 [14944/49968 (30%)], lr: ['1.00e-04', '1.00e-04'], loss: 0.005210
[2023-10-13 20:35:06,711][INFO][clas_trainer:133] - train epoch: 39 [19936/49968 (40%)], lr: ['1.00e-04', '1.00e-04'], loss: 0.008449
[2023-10-13 20:35:23,687][INFO][clas_trainer:133] - train epoch: 39 [24928/49968 (50%)], lr: ['1.00e-04', '1.00e-04'], loss: 0.000646
[2023-10-13 20:35:40,954][INFO][clas_trainer:133] - train epoch: 39 [29920/49968 (60%)], lr: ['1.00e-04', '1.00e-04'], loss: 0.000653
[2023-10-13 20:35:57,313][INFO][clas_trainer:133] - train epoch: 39 [34912/49968 (70%)], lr: ['1.00e-04', '1.00e-04'], loss: 0.000589
[2023-10-13 20:36:13,597][INFO][clas_trainer:133] - train epoch: 39 [39904/49968 (80%)], lr: ['1.00e-04', '1.00e-04'], loss: 0.002078
[2023-10-13 20:36:29,809][INFO][clas_trainer:133] - train epoch: 39 [44896/49968 (90%)], lr: ['1.00e-04', '1.00e-04'], loss: 0.041613
[2023-10-13 20:36:46,613][INFO][clas_trainer:133] - train epoch: 39 [49888/49968 (100%)], lr: ['1.00e-04', '1.00e-04'], loss: 0.001349
[2023-10-13 20:37:14,991][INFO][clas_trainer:63] - [epoch  39] execution time: 195.08s	metrics:
[2023-10-13 20:37:14,992][INFO][clas_evaluator:99] - dataset: earlystopping, avg f1-score: 0.6214
[2023-10-13 20:37:32,817][INFO][clas_trainer:133] - train epoch: 40 [4960/49968 (10%)], lr: ['1.00e-04', '1.00e-04'], loss: 0.109058
[2023-10-13 20:37:49,498][INFO][clas_trainer:133] - train epoch: 40 [9952/49968 (20%)], lr: ['1.00e-04', '1.00e-04'], loss: 0.013717
[2023-10-13 20:38:06,639][INFO][clas_trainer:133] - train epoch: 40 [14944/49968 (30%)], lr: ['1.00e-04', '1.00e-04'], loss: 0.002694
[2023-10-13 20:38:22,768][INFO][clas_trainer:133] - train epoch: 40 [19936/49968 (40%)], lr: ['1.00e-04', '1.00e-04'], loss: 0.002703
[2023-10-13 20:38:39,610][INFO][clas_trainer:133] - train epoch: 40 [24928/49968 (50%)], lr: ['1.00e-04', '1.00e-04'], loss: 0.005361
[2023-10-13 20:38:56,175][INFO][clas_trainer:133] - train epoch: 40 [29920/49968 (60%)], lr: ['1.00e-04', '1.00e-04'], loss: 0.026366
[2023-10-13 20:39:12,571][INFO][clas_trainer:133] - train epoch: 40 [34912/49968 (70%)], lr: ['1.00e-04', '1.00e-04'], loss: 0.004804
[2023-10-13 20:39:28,973][INFO][clas_trainer:133] - train epoch: 40 [39904/49968 (80%)], lr: ['1.00e-04', '1.00e-04'], loss: 0.008968
[2023-10-13 20:39:46,168][INFO][clas_trainer:133] - train epoch: 40 [44896/49968 (90%)], lr: ['1.00e-04', '1.00e-04'], loss: 0.001982
[2023-10-13 20:40:02,808][INFO][clas_trainer:133] - train epoch: 40 [49888/49968 (100%)], lr: ['1.00e-04', '1.00e-04'], loss: 0.111938
[2023-10-13 20:40:31,851][INFO][clas_trainer:63] - [epoch  40] execution time: 196.86s	metrics:
[2023-10-13 20:40:31,851][INFO][clas_evaluator:99] - dataset: earlystopping, avg f1-score: 0.6372
[2023-10-13 20:40:31,915][INFO][base_model:51] - snapshot saved to /home/ngr/repos/sleep_freq-pretraining/models/exp001a-m39-base_fe_clas-2023-10-13_14-21-17-final.pth
[2023-10-13 20:40:49,973][INFO][clas_trainer:133] - train epoch: 41 [4960/49968 (10%)], lr: ['1.00e-04', '1.00e-04'], loss: 0.015389
[2023-10-13 20:41:06,724][INFO][clas_trainer:133] - train epoch: 41 [9952/49968 (20%)], lr: ['1.00e-04', '1.00e-04'], loss: 0.000685
[2023-10-13 20:41:22,806][INFO][clas_trainer:133] - train epoch: 41 [14944/49968 (30%)], lr: ['1.00e-04', '1.00e-04'], loss: 0.038590
[2023-10-13 20:41:38,782][INFO][clas_trainer:133] - train epoch: 41 [19936/49968 (40%)], lr: ['1.00e-04', '1.00e-04'], loss: 0.003844
[2023-10-13 20:41:55,118][INFO][clas_trainer:133] - train epoch: 41 [24928/49968 (50%)], lr: ['1.00e-04', '1.00e-04'], loss: 0.003041
[2023-10-13 20:42:11,678][INFO][clas_trainer:133] - train epoch: 41 [29920/49968 (60%)], lr: ['1.00e-04', '1.00e-04'], loss: 0.007223
[2023-10-13 20:42:27,523][INFO][clas_trainer:133] - train epoch: 41 [34912/49968 (70%)], lr: ['1.00e-04', '1.00e-04'], loss: 0.013026
[2023-10-13 20:42:44,829][INFO][clas_trainer:133] - train epoch: 41 [39904/49968 (80%)], lr: ['1.00e-04', '1.00e-04'], loss: 0.004382
[2023-10-13 20:43:01,274][INFO][clas_trainer:133] - train epoch: 41 [44896/49968 (90%)], lr: ['1.00e-04', '1.00e-04'], loss: 0.000662
[2023-10-13 20:43:18,142][INFO][clas_trainer:133] - train epoch: 41 [49888/49968 (100%)], lr: ['1.00e-04', '1.00e-04'], loss: 0.173974
[2023-10-13 20:43:46,607][INFO][clas_trainer:63] - [epoch  41] execution time: 194.69s	metrics:
[2023-10-13 20:43:46,607][INFO][clas_evaluator:99] - dataset: earlystopping, avg f1-score: 0.6154
[2023-10-13 20:44:03,980][INFO][clas_trainer:133] - train epoch: 42 [4960/49968 (10%)], lr: ['1.00e-04', '1.00e-04'], loss: 0.000435
[2023-10-13 20:44:20,105][INFO][clas_trainer:133] - train epoch: 42 [9952/49968 (20%)], lr: ['1.00e-04', '1.00e-04'], loss: 0.009677
[2023-10-13 20:44:36,795][INFO][clas_trainer:133] - train epoch: 42 [14944/49968 (30%)], lr: ['1.00e-04', '1.00e-04'], loss: 0.002970
[2023-10-13 20:44:52,972][INFO][clas_trainer:133] - train epoch: 42 [19936/49968 (40%)], lr: ['1.00e-04', '1.00e-04'], loss: 0.013079
[2023-10-13 20:45:10,302][INFO][clas_trainer:133] - train epoch: 42 [24928/49968 (50%)], lr: ['1.00e-04', '1.00e-04'], loss: 0.094990
[2023-10-13 20:45:26,528][INFO][clas_trainer:133] - train epoch: 42 [29920/49968 (60%)], lr: ['1.00e-04', '1.00e-04'], loss: 0.014946
[2023-10-13 20:45:43,405][INFO][clas_trainer:133] - train epoch: 42 [34912/49968 (70%)], lr: ['1.00e-04', '1.00e-04'], loss: 0.001348
[2023-10-13 20:45:59,931][INFO][clas_trainer:133] - train epoch: 42 [39904/49968 (80%)], lr: ['1.00e-04', '1.00e-04'], loss: 0.018822
[2023-10-13 20:46:15,785][INFO][clas_trainer:133] - train epoch: 42 [44896/49968 (90%)], lr: ['1.00e-04', '1.00e-04'], loss: 0.149939
[2023-10-13 20:46:32,106][INFO][clas_trainer:133] - train epoch: 42 [49888/49968 (100%)], lr: ['1.00e-04', '1.00e-04'], loss: 0.001685
[2023-10-13 20:47:00,806][INFO][clas_trainer:63] - [epoch  42] execution time: 194.20s	metrics:
[2023-10-13 20:47:00,806][INFO][clas_evaluator:99] - dataset: earlystopping, avg f1-score: 0.5945
[2023-10-13 20:47:18,240][INFO][clas_trainer:133] - train epoch: 43 [4960/49968 (10%)], lr: ['1.00e-04', '1.00e-04'], loss: 0.001394
[2023-10-13 20:47:34,550][INFO][clas_trainer:133] - train epoch: 43 [9952/49968 (20%)], lr: ['1.00e-04', '1.00e-04'], loss: 0.009916
[2023-10-13 20:47:51,604][INFO][clas_trainer:133] - train epoch: 43 [14944/49968 (30%)], lr: ['1.00e-04', '1.00e-04'], loss: 0.002614
[2023-10-13 20:48:07,634][INFO][clas_trainer:133] - train epoch: 43 [19936/49968 (40%)], lr: ['1.00e-04', '1.00e-04'], loss: 0.000533
[2023-10-13 20:48:24,266][INFO][clas_trainer:133] - train epoch: 43 [24928/49968 (50%)], lr: ['1.00e-04', '1.00e-04'], loss: 0.002440
[2023-10-13 20:48:40,614][INFO][clas_trainer:133] - train epoch: 43 [29920/49968 (60%)], lr: ['1.00e-04', '1.00e-04'], loss: 0.006467
[2023-10-13 20:48:57,282][INFO][clas_trainer:133] - train epoch: 43 [34912/49968 (70%)], lr: ['1.00e-04', '1.00e-04'], loss: 0.000884
[2023-10-13 20:49:13,812][INFO][clas_trainer:133] - train epoch: 43 [39904/49968 (80%)], lr: ['1.00e-04', '1.00e-04'], loss: 0.031027
[2023-10-13 20:49:29,588][INFO][clas_trainer:133] - train epoch: 43 [44896/49968 (90%)], lr: ['1.00e-04', '1.00e-04'], loss: 0.001159
[2023-10-13 20:49:45,588][INFO][clas_trainer:133] - train epoch: 43 [49888/49968 (100%)], lr: ['1.00e-04', '1.00e-04'], loss: 0.004972
[2023-10-13 20:50:14,757][INFO][clas_trainer:63] - [epoch  43] execution time: 193.95s	metrics:
[2023-10-13 20:50:14,757][INFO][clas_evaluator:99] - dataset: earlystopping, avg f1-score: 0.6193
[2023-10-13 20:50:31,420][INFO][clas_trainer:133] - train epoch: 44 [4960/49968 (10%)], lr: ['1.00e-04', '1.00e-04'], loss: 0.002615
[2023-10-13 20:50:48,201][INFO][clas_trainer:133] - train epoch: 44 [9952/49968 (20%)], lr: ['1.00e-04', '1.00e-04'], loss: 0.070010
[2023-10-13 20:51:03,844][INFO][clas_trainer:133] - train epoch: 44 [14944/49968 (30%)], lr: ['1.00e-04', '1.00e-04'], loss: 0.093583
[2023-10-13 20:51:20,531][INFO][clas_trainer:133] - train epoch: 44 [19936/49968 (40%)], lr: ['1.00e-04', '1.00e-04'], loss: 0.000364
[2023-10-13 20:51:36,288][INFO][clas_trainer:133] - train epoch: 44 [24928/49968 (50%)], lr: ['1.00e-04', '1.00e-04'], loss: 0.151759
[2023-10-13 20:51:52,487][INFO][clas_trainer:133] - train epoch: 44 [29920/49968 (60%)], lr: ['1.00e-04', '1.00e-04'], loss: 0.009512
[2023-10-13 20:52:09,215][INFO][clas_trainer:133] - train epoch: 44 [34912/49968 (70%)], lr: ['1.00e-04', '1.00e-04'], loss: 0.007724
[2023-10-13 20:52:26,326][INFO][clas_trainer:133] - train epoch: 44 [39904/49968 (80%)], lr: ['1.00e-04', '1.00e-04'], loss: 0.004001
[2023-10-13 20:52:42,824][INFO][clas_trainer:133] - train epoch: 44 [44896/49968 (90%)], lr: ['1.00e-04', '1.00e-04'], loss: 0.018599
[2023-10-13 20:52:59,968][INFO][clas_trainer:133] - train epoch: 44 [49888/49968 (100%)], lr: ['1.00e-04', '1.00e-04'], loss: 0.001234
[2023-10-13 20:53:28,775][INFO][clas_trainer:63] - [epoch  44] execution time: 194.02s	metrics:
[2023-10-13 20:53:28,776][INFO][clas_evaluator:99] - dataset: earlystopping, avg f1-score: 0.6297
[2023-10-13 20:53:46,540][INFO][clas_trainer:133] - train epoch: 45 [4960/49968 (10%)], lr: ['1.00e-04', '1.00e-04'], loss: 0.001614
[2023-10-13 20:54:03,504][INFO][clas_trainer:133] - train epoch: 45 [9952/49968 (20%)], lr: ['1.00e-04', '1.00e-04'], loss: 0.001386
[2023-10-13 20:54:20,391][INFO][clas_trainer:133] - train epoch: 45 [14944/49968 (30%)], lr: ['1.00e-04', '1.00e-04'], loss: 0.002688
[2023-10-13 20:54:36,906][INFO][clas_trainer:133] - train epoch: 45 [19936/49968 (40%)], lr: ['1.00e-04', '1.00e-04'], loss: 0.001984
[2023-10-13 20:54:52,707][INFO][clas_trainer:133] - train epoch: 45 [24928/49968 (50%)], lr: ['1.00e-04', '1.00e-04'], loss: 0.024951
[2023-10-13 20:55:09,017][INFO][clas_trainer:133] - train epoch: 45 [29920/49968 (60%)], lr: ['1.00e-04', '1.00e-04'], loss: 0.001690
[2023-10-13 20:55:25,030][INFO][clas_trainer:133] - train epoch: 45 [34912/49968 (70%)], lr: ['1.00e-04', '1.00e-04'], loss: 0.004938
[2023-10-13 20:55:41,007][INFO][clas_trainer:133] - train epoch: 45 [39904/49968 (80%)], lr: ['1.00e-04', '1.00e-04'], loss: 0.000991
[2023-10-13 20:55:57,780][INFO][clas_trainer:133] - train epoch: 45 [44896/49968 (90%)], lr: ['1.00e-04', '1.00e-04'], loss: 0.010570
[2023-10-13 20:56:13,887][INFO][clas_trainer:133] - train epoch: 45 [49888/49968 (100%)], lr: ['1.00e-04', '1.00e-04'], loss: 0.001853
[2023-10-13 20:56:42,156][INFO][clas_trainer:63] - [epoch  45] execution time: 193.38s	metrics:
[2023-10-13 20:56:42,156][INFO][clas_evaluator:99] - dataset: earlystopping, avg f1-score: 0.6580
[2023-10-13 20:56:42,222][INFO][base_model:51] - snapshot saved to /home/ngr/repos/sleep_freq-pretraining/models/exp001a-m39-base_fe_clas-2023-10-13_14-21-17-final.pth
[2023-10-13 20:56:59,915][INFO][clas_trainer:133] - train epoch: 46 [4960/49968 (10%)], lr: ['1.00e-04', '1.00e-04'], loss: 0.002674
[2023-10-13 20:57:15,764][INFO][clas_trainer:133] - train epoch: 46 [9952/49968 (20%)], lr: ['1.00e-04', '1.00e-04'], loss: 0.002674
[2023-10-13 20:57:32,624][INFO][clas_trainer:133] - train epoch: 46 [14944/49968 (30%)], lr: ['1.00e-04', '1.00e-04'], loss: 0.010070
[2023-10-13 20:57:48,286][INFO][clas_trainer:133] - train epoch: 46 [19936/49968 (40%)], lr: ['1.00e-04', '1.00e-04'], loss: 0.002355
[2023-10-13 20:58:04,298][INFO][clas_trainer:133] - train epoch: 46 [24928/49968 (50%)], lr: ['1.00e-04', '1.00e-04'], loss: 0.014709
[2023-10-13 20:58:19,954][INFO][clas_trainer:133] - train epoch: 46 [29920/49968 (60%)], lr: ['1.00e-04', '1.00e-04'], loss: 0.007246
[2023-10-13 20:58:36,379][INFO][clas_trainer:133] - train epoch: 46 [34912/49968 (70%)], lr: ['1.00e-04', '1.00e-04'], loss: 0.001576
[2023-10-13 20:58:52,984][INFO][clas_trainer:133] - train epoch: 46 [39904/49968 (80%)], lr: ['1.00e-04', '1.00e-04'], loss: 0.002353
[2023-10-13 20:59:09,583][INFO][clas_trainer:133] - train epoch: 46 [44896/49968 (90%)], lr: ['1.00e-04', '1.00e-04'], loss: 0.005943
[2023-10-13 20:59:26,321][INFO][clas_trainer:133] - train epoch: 46 [49888/49968 (100%)], lr: ['1.00e-04', '1.00e-04'], loss: 0.001373
[2023-10-13 20:59:55,387][INFO][clas_trainer:63] - [epoch  46] execution time: 193.16s	metrics:
[2023-10-13 20:59:55,388][INFO][clas_evaluator:99] - dataset: earlystopping, avg f1-score: 0.6114
[2023-10-13 21:00:13,539][INFO][clas_trainer:133] - train epoch: 47 [4960/49968 (10%)], lr: ['1.00e-04', '1.00e-04'], loss: 0.007197
[2023-10-13 21:00:29,348][INFO][clas_trainer:133] - train epoch: 47 [9952/49968 (20%)], lr: ['1.00e-04', '1.00e-04'], loss: 0.033069
[2023-10-13 21:00:45,495][INFO][clas_trainer:133] - train epoch: 47 [14944/49968 (30%)], lr: ['1.00e-04', '1.00e-04'], loss: 0.016609
[2023-10-13 21:01:01,828][INFO][clas_trainer:133] - train epoch: 47 [19936/49968 (40%)], lr: ['1.00e-04', '1.00e-04'], loss: 0.008006
[2023-10-13 21:01:18,842][INFO][clas_trainer:133] - train epoch: 47 [24928/49968 (50%)], lr: ['1.00e-04', '1.00e-04'], loss: 0.057386
[2023-10-13 21:01:35,308][INFO][clas_trainer:133] - train epoch: 47 [29920/49968 (60%)], lr: ['1.00e-04', '1.00e-04'], loss: 0.050613
[2023-10-13 21:01:51,512][INFO][clas_trainer:133] - train epoch: 47 [34912/49968 (70%)], lr: ['1.00e-04', '1.00e-04'], loss: 0.037720
[2023-10-13 21:02:07,690][INFO][clas_trainer:133] - train epoch: 47 [39904/49968 (80%)], lr: ['1.00e-04', '1.00e-04'], loss: 0.004015
[2023-10-13 21:02:23,751][INFO][clas_trainer:133] - train epoch: 47 [44896/49968 (90%)], lr: ['1.00e-04', '1.00e-04'], loss: 0.003989
[2023-10-13 21:02:41,209][INFO][clas_trainer:133] - train epoch: 47 [49888/49968 (100%)], lr: ['1.00e-04', '1.00e-04'], loss: 0.039737
[2023-10-13 21:03:09,797][INFO][clas_trainer:63] - [epoch  47] execution time: 194.41s	metrics:
[2023-10-13 21:03:09,797][INFO][clas_evaluator:99] - dataset: earlystopping, avg f1-score: 0.6137
[2023-10-13 21:03:26,493][INFO][clas_trainer:133] - train epoch: 48 [4960/49968 (10%)], lr: ['1.00e-04', '1.00e-04'], loss: 0.008005
[2023-10-13 21:03:43,123][INFO][clas_trainer:133] - train epoch: 48 [9952/49968 (20%)], lr: ['1.00e-04', '1.00e-04'], loss: 0.013160
[2023-10-13 21:03:58,984][INFO][clas_trainer:133] - train epoch: 48 [14944/49968 (30%)], lr: ['1.00e-04', '1.00e-04'], loss: 0.001873
[2023-10-13 21:04:15,033][INFO][clas_trainer:133] - train epoch: 48 [19936/49968 (40%)], lr: ['1.00e-04', '1.00e-04'], loss: 0.064369
[2023-10-13 21:04:31,737][INFO][clas_trainer:133] - train epoch: 48 [24928/49968 (50%)], lr: ['1.00e-04', '1.00e-04'], loss: 0.001658
[2023-10-13 21:04:48,284][INFO][clas_trainer:133] - train epoch: 48 [29920/49968 (60%)], lr: ['1.00e-04', '1.00e-04'], loss: 0.000555
[2023-10-13 21:05:04,614][INFO][clas_trainer:133] - train epoch: 48 [34912/49968 (70%)], lr: ['1.00e-04', '1.00e-04'], loss: 0.019169
[2023-10-13 21:05:21,120][INFO][clas_trainer:133] - train epoch: 48 [39904/49968 (80%)], lr: ['1.00e-04', '1.00e-04'], loss: 0.000342
[2023-10-13 21:05:36,496][INFO][clas_trainer:133] - train epoch: 48 [44896/49968 (90%)], lr: ['1.00e-04', '1.00e-04'], loss: 0.000685
[2023-10-13 21:05:52,849][INFO][clas_trainer:133] - train epoch: 48 [49888/49968 (100%)], lr: ['1.00e-04', '1.00e-04'], loss: 0.000967
[2023-10-13 21:06:21,589][INFO][clas_trainer:63] - [epoch  48] execution time: 191.79s	metrics:
[2023-10-13 21:06:21,589][INFO][clas_evaluator:99] - dataset: earlystopping, avg f1-score: 0.6194
[2023-10-13 21:06:38,499][INFO][clas_trainer:133] - train epoch: 49 [4960/49968 (10%)], lr: ['1.00e-04', '1.00e-04'], loss: 0.005140
[2023-10-13 21:06:55,289][INFO][clas_trainer:133] - train epoch: 49 [9952/49968 (20%)], lr: ['1.00e-04', '1.00e-04'], loss: 0.079484
[2023-10-13 21:07:11,624][INFO][clas_trainer:133] - train epoch: 49 [14944/49968 (30%)], lr: ['1.00e-04', '1.00e-04'], loss: 0.004133
[2023-10-13 21:07:27,785][INFO][clas_trainer:133] - train epoch: 49 [19936/49968 (40%)], lr: ['1.00e-04', '1.00e-04'], loss: 0.012126
[2023-10-13 21:07:45,021][INFO][clas_trainer:133] - train epoch: 49 [24928/49968 (50%)], lr: ['1.00e-04', '1.00e-04'], loss: 0.037236
[2023-10-13 21:08:01,499][INFO][clas_trainer:133] - train epoch: 49 [29920/49968 (60%)], lr: ['1.00e-04', '1.00e-04'], loss: 0.019364
[2023-10-13 21:08:18,211][INFO][clas_trainer:133] - train epoch: 49 [34912/49968 (70%)], lr: ['1.00e-04', '1.00e-04'], loss: 0.012848
[2023-10-13 21:08:34,854][INFO][clas_trainer:133] - train epoch: 49 [39904/49968 (80%)], lr: ['1.00e-04', '1.00e-04'], loss: 0.001156
[2023-10-13 21:08:51,926][INFO][clas_trainer:133] - train epoch: 49 [44896/49968 (90%)], lr: ['1.00e-04', '1.00e-04'], loss: 0.001728
[2023-10-13 21:09:08,662][INFO][clas_trainer:133] - train epoch: 49 [49888/49968 (100%)], lr: ['1.00e-04', '1.00e-04'], loss: 0.001674
[2023-10-13 21:09:36,953][INFO][clas_trainer:63] - [epoch  49] execution time: 195.36s	metrics:
[2023-10-13 21:09:36,953][INFO][clas_evaluator:99] - dataset: earlystopping, avg f1-score: 0.6348
[2023-10-13 21:09:54,461][INFO][clas_trainer:133] - train epoch: 50 [4960/49968 (10%)], lr: ['1.00e-04', '1.00e-04'], loss: 0.009141
[2023-10-13 21:10:10,457][INFO][clas_trainer:133] - train epoch: 50 [9952/49968 (20%)], lr: ['1.00e-04', '1.00e-04'], loss: 0.004689
[2023-10-13 21:10:27,661][INFO][clas_trainer:133] - train epoch: 50 [14944/49968 (30%)], lr: ['1.00e-04', '1.00e-04'], loss: 0.000691
[2023-10-13 21:10:44,495][INFO][clas_trainer:133] - train epoch: 50 [19936/49968 (40%)], lr: ['1.00e-04', '1.00e-04'], loss: 0.003486
[2023-10-13 21:11:01,097][INFO][clas_trainer:133] - train epoch: 50 [24928/49968 (50%)], lr: ['1.00e-04', '1.00e-04'], loss: 0.022163
[2023-10-13 21:11:17,579][INFO][clas_trainer:133] - train epoch: 50 [29920/49968 (60%)], lr: ['1.00e-04', '1.00e-04'], loss: 0.016742
[2023-10-13 21:11:34,449][INFO][clas_trainer:133] - train epoch: 50 [34912/49968 (70%)], lr: ['1.00e-04', '1.00e-04'], loss: 0.002620
[2023-10-13 21:11:50,567][INFO][clas_trainer:133] - train epoch: 50 [39904/49968 (80%)], lr: ['1.00e-04', '1.00e-04'], loss: 0.000796
[2023-10-13 21:12:06,467][INFO][clas_trainer:133] - train epoch: 50 [44896/49968 (90%)], lr: ['1.00e-04', '1.00e-04'], loss: 0.001541
[2023-10-13 21:12:22,134][INFO][clas_trainer:133] - train epoch: 50 [49888/49968 (100%)], lr: ['1.00e-04', '1.00e-04'], loss: 0.006200
[2023-10-13 21:12:51,005][INFO][clas_trainer:63] - [epoch  50] execution time: 194.05s	metrics:
[2023-10-13 21:12:51,005][INFO][clas_evaluator:99] - dataset: earlystopping, avg f1-score: 0.5937
[2023-10-13 21:12:51,020][INFO][clas_trainer:79] - finished training
[2023-10-13 21:12:51,020][INFO][clas_trainer:80] - best model on epoch: 45 	f1-score: 0.6580
