[2023-11-11 07:58:14,953][INFO][pretrain_and_fine-tune:25] - Using GPU 3
[2023-11-11 07:58:14,957][INFO][pretrain_and_fine-tune:35] - overrides:
hydra:
- hydra.launcher.n_jobs=20
- hydra.mode=MULTIRUN
task:
- m_seed_path_sids={seeds:[12,12,12,12,12],subject_ids:{dod_o_h:$\{data.dod_o_h.cv_5_fold.fold_3\}}}
- data.pretraining.train_dataloader.dataset.n_samples=1000000
- general.gpus=[2,3]

[2023-11-11 08:02:27,402][INFO][freq_trainer:43] - metrics before training (epoch 0):
[2023-11-11 08:02:29,979][INFO][freq_evaluator:47] - dataset: valid_pretraining, acc: 0.000, hamming: 0.492
[2023-11-11 08:03:45,009][INFO][freq_trainer:114] - train epoch: 1 [99904/1000000 (10%)], lr: ['1.00e-04'], loss: 0.693066
[2023-11-11 08:04:52,574][INFO][freq_trainer:114] - train epoch: 1 [199872/1000000 (20%)], lr: ['1.00e-04'], loss: 0.688093
[2023-11-11 08:06:12,109][INFO][freq_trainer:114] - train epoch: 1 [299840/1000000 (30%)], lr: ['1.00e-04'], loss: 0.694930
[2023-11-11 08:07:32,883][INFO][freq_trainer:114] - train epoch: 1 [399808/1000000 (40%)], lr: ['1.00e-04'], loss: 0.690325
[2023-11-11 08:09:05,699][INFO][freq_trainer:114] - train epoch: 1 [499776/1000000 (50%)], lr: ['1.00e-04'], loss: 0.684063
[2023-11-11 08:10:21,637][INFO][freq_trainer:114] - train epoch: 1 [599744/1000000 (60%)], lr: ['1.00e-04'], loss: 0.665998
[2023-11-11 08:11:45,032][INFO][freq_trainer:114] - train epoch: 1 [699712/1000000 (70%)], lr: ['1.00e-04'], loss: 0.567899
[2023-11-11 08:13:30,390][INFO][freq_trainer:114] - train epoch: 1 [799680/1000000 (80%)], lr: ['1.00e-04'], loss: 0.552882
[2023-11-11 08:15:33,053][INFO][freq_trainer:114] - train epoch: 1 [899648/1000000 (90%)], lr: ['1.00e-04'], loss: 0.473441
[2023-11-11 08:17:50,303][INFO][freq_trainer:114] - train epoch: 1 [999616/1000000 (100%)], lr: ['1.00e-04'], loss: 0.417839
[2023-11-11 08:17:58,762][INFO][freq_trainer:57] - [epoch   1] execution time: 928.78s	metrics:
[2023-11-11 08:17:58,762][INFO][freq_evaluator:47] - dataset: valid_pretraining, acc: 0.102, hamming: 0.819
[2023-11-11 08:17:58,797][INFO][base_model:51] - snapshot saved to ./models/exp007b-m51-simple_multi_class-2023-11-11_03-11-14-final.pth
[2023-11-11 08:19:08,828][INFO][freq_trainer:114] - train epoch: 2 [99904/1000000 (10%)], lr: ['1.00e-04'], loss: 0.404421
[2023-11-11 08:20:18,786][INFO][freq_trainer:114] - train epoch: 2 [199872/1000000 (20%)], lr: ['1.00e-04'], loss: 0.311561
[2023-11-11 08:21:28,318][INFO][freq_trainer:114] - train epoch: 2 [299840/1000000 (30%)], lr: ['1.00e-04'], loss: 0.291769
[2023-11-11 08:22:40,998][INFO][freq_trainer:114] - train epoch: 2 [399808/1000000 (40%)], lr: ['1.00e-04'], loss: 0.261038
[2023-11-11 08:24:04,053][INFO][freq_trainer:114] - train epoch: 2 [499776/1000000 (50%)], lr: ['1.00e-04'], loss: 0.266987
[2023-11-11 08:25:27,101][INFO][freq_trainer:114] - train epoch: 2 [599744/1000000 (60%)], lr: ['1.00e-04'], loss: 0.254105
[2023-11-11 08:26:50,002][INFO][freq_trainer:114] - train epoch: 2 [699712/1000000 (70%)], lr: ['1.00e-04'], loss: 0.255869
[2023-11-11 08:28:35,070][INFO][freq_trainer:114] - train epoch: 2 [799680/1000000 (80%)], lr: ['1.00e-04'], loss: 0.250706
[2023-11-11 08:30:31,458][INFO][freq_trainer:114] - train epoch: 2 [899648/1000000 (90%)], lr: ['1.00e-04'], loss: 0.230650
[2023-11-11 08:32:26,108][INFO][freq_trainer:114] - train epoch: 2 [999616/1000000 (100%)], lr: ['1.00e-04'], loss: 0.226443
[2023-11-11 08:32:34,422][INFO][freq_trainer:57] - [epoch   2] execution time: 875.62s	metrics:
[2023-11-11 08:32:34,422][INFO][freq_evaluator:47] - dataset: valid_pretraining, acc: 0.192, hamming: 0.907
[2023-11-11 08:32:34,456][INFO][base_model:51] - snapshot saved to ./models/exp007b-m51-simple_multi_class-2023-11-11_03-11-14-final.pth
[2023-11-11 08:33:40,001][INFO][freq_trainer:114] - train epoch: 3 [99904/1000000 (10%)], lr: ['1.00e-04'], loss: 0.187219
[2023-11-11 08:34:42,645][INFO][freq_trainer:114] - train epoch: 3 [199872/1000000 (20%)], lr: ['1.00e-04'], loss: 0.185666
[2023-11-11 08:35:42,508][INFO][freq_trainer:114] - train epoch: 3 [299840/1000000 (30%)], lr: ['1.00e-04'], loss: 0.216371
[2023-11-11 08:36:42,425][INFO][freq_trainer:114] - train epoch: 3 [399808/1000000 (40%)], lr: ['1.00e-04'], loss: 0.188049
[2023-11-11 08:37:45,789][INFO][freq_trainer:114] - train epoch: 3 [499776/1000000 (50%)], lr: ['1.00e-04'], loss: 0.198843
[2023-11-11 08:38:58,679][INFO][freq_trainer:114] - train epoch: 3 [599744/1000000 (60%)], lr: ['1.00e-04'], loss: 0.221576
[2023-11-11 08:40:13,010][INFO][freq_trainer:114] - train epoch: 3 [699712/1000000 (70%)], lr: ['1.00e-04'], loss: 0.200037
[2023-11-11 08:41:40,038][INFO][freq_trainer:114] - train epoch: 3 [799680/1000000 (80%)], lr: ['1.00e-04'], loss: 0.211643
[2023-11-11 08:43:26,200][INFO][freq_trainer:114] - train epoch: 3 [899648/1000000 (90%)], lr: ['1.00e-04'], loss: 0.209556
[2023-11-11 08:45:25,817][INFO][freq_trainer:114] - train epoch: 3 [999616/1000000 (100%)], lr: ['1.00e-04'], loss: 0.194023
[2023-11-11 08:45:33,521][INFO][freq_trainer:57] - [epoch   3] execution time: 779.06s	metrics:
[2023-11-11 08:45:33,521][INFO][freq_evaluator:47] - dataset: valid_pretraining, acc: 0.228, hamming: 0.916
[2023-11-11 08:45:33,549][INFO][base_model:51] - snapshot saved to ./models/exp007b-m51-simple_multi_class-2023-11-11_03-11-14-final.pth
[2023-11-11 08:46:37,707][INFO][freq_trainer:114] - train epoch: 4 [99904/1000000 (10%)], lr: ['1.00e-04'], loss: 0.203969
[2023-11-11 08:47:42,238][INFO][freq_trainer:114] - train epoch: 4 [199872/1000000 (20%)], lr: ['1.00e-04'], loss: 0.207816
[2023-11-11 08:48:47,679][INFO][freq_trainer:114] - train epoch: 4 [299840/1000000 (30%)], lr: ['1.00e-04'], loss: 0.176370
[2023-11-11 08:49:55,677][INFO][freq_trainer:114] - train epoch: 4 [399808/1000000 (40%)], lr: ['1.00e-04'], loss: 0.189475
[2023-11-11 08:51:02,216][INFO][freq_trainer:114] - train epoch: 4 [499776/1000000 (50%)], lr: ['1.00e-04'], loss: 0.168459
[2023-11-11 08:52:10,588][INFO][freq_trainer:114] - train epoch: 4 [599744/1000000 (60%)], lr: ['1.00e-04'], loss: 0.187840
[2023-11-11 08:54:06,645][INFO][freq_trainer:114] - train epoch: 4 [699712/1000000 (70%)], lr: ['1.00e-04'], loss: 0.200628
[2023-11-11 08:56:49,638][INFO][freq_trainer:114] - train epoch: 4 [799680/1000000 (80%)], lr: ['1.00e-04'], loss: 0.195501
[2023-11-11 08:59:51,636][INFO][freq_trainer:114] - train epoch: 4 [899648/1000000 (90%)], lr: ['1.00e-04'], loss: 0.178493
[2023-11-11 09:02:39,451][INFO][freq_trainer:114] - train epoch: 4 [999616/1000000 (100%)], lr: ['1.00e-04'], loss: 0.177044
[2023-11-11 09:02:48,447][INFO][freq_trainer:57] - [epoch   4] execution time: 1034.90s	metrics:
[2023-11-11 09:02:48,448][INFO][freq_evaluator:47] - dataset: valid_pretraining, acc: 0.239, hamming: 0.919
[2023-11-11 09:02:48,481][INFO][base_model:51] - snapshot saved to ./models/exp007b-m51-simple_multi_class-2023-11-11_03-11-14-final.pth
[2023-11-11 09:03:51,704][INFO][freq_trainer:114] - train epoch: 5 [99904/1000000 (10%)], lr: ['1.00e-04'], loss: 0.193906
[2023-11-11 09:04:51,554][INFO][freq_trainer:114] - train epoch: 5 [199872/1000000 (20%)], lr: ['1.00e-04'], loss: 0.209438
[2023-11-11 09:05:58,612][INFO][freq_trainer:114] - train epoch: 5 [299840/1000000 (30%)], lr: ['1.00e-04'], loss: 0.194740
[2023-11-11 09:07:10,483][INFO][freq_trainer:114] - train epoch: 5 [399808/1000000 (40%)], lr: ['1.00e-04'], loss: 0.236411
[2023-11-11 09:08:24,195][INFO][freq_trainer:114] - train epoch: 5 [499776/1000000 (50%)], lr: ['1.00e-04'], loss: 0.163168
[2023-11-11 09:09:39,136][INFO][freq_trainer:114] - train epoch: 5 [599744/1000000 (60%)], lr: ['1.00e-04'], loss: 0.176709
[2023-11-11 09:11:06,222][INFO][freq_trainer:114] - train epoch: 5 [699712/1000000 (70%)], lr: ['1.00e-04'], loss: 0.183308
[2023-11-11 09:12:44,117][INFO][freq_trainer:114] - train epoch: 5 [799680/1000000 (80%)], lr: ['1.00e-04'], loss: 0.166607
[2023-11-11 09:14:38,066][INFO][freq_trainer:114] - train epoch: 5 [899648/1000000 (90%)], lr: ['1.00e-04'], loss: 0.189904
[2023-11-11 09:16:45,131][INFO][freq_trainer:114] - train epoch: 5 [999616/1000000 (100%)], lr: ['1.00e-04'], loss: 0.156674
[2023-11-11 09:16:52,680][INFO][freq_trainer:57] - [epoch   5] execution time: 844.20s	metrics:
[2023-11-11 09:16:52,680][INFO][freq_evaluator:47] - dataset: valid_pretraining, acc: 0.254, hamming: 0.923
[2023-11-11 09:16:52,712][INFO][base_model:51] - snapshot saved to ./models/exp007b-m51-simple_multi_class-2023-11-11_03-11-14-final.pth
[2023-11-11 09:17:51,571][INFO][freq_trainer:114] - train epoch: 6 [99904/1000000 (10%)], lr: ['1.00e-04'], loss: 0.178745
[2023-11-11 09:18:51,041][INFO][freq_trainer:114] - train epoch: 6 [199872/1000000 (20%)], lr: ['1.00e-04'], loss: 0.173053
[2023-11-11 09:19:53,006][INFO][freq_trainer:114] - train epoch: 6 [299840/1000000 (30%)], lr: ['1.00e-04'], loss: 0.171026
[2023-11-11 09:20:59,488][INFO][freq_trainer:114] - train epoch: 6 [399808/1000000 (40%)], lr: ['1.00e-04'], loss: 0.168088
[2023-11-11 09:22:18,576][INFO][freq_trainer:114] - train epoch: 6 [499776/1000000 (50%)], lr: ['1.00e-04'], loss: 0.176585
[2023-11-11 09:23:50,113][INFO][freq_trainer:114] - train epoch: 6 [599744/1000000 (60%)], lr: ['1.00e-04'], loss: 0.176765
[2023-11-11 09:25:42,576][INFO][freq_trainer:114] - train epoch: 6 [699712/1000000 (70%)], lr: ['1.00e-04'], loss: 0.168484
[2023-11-11 09:28:15,734][INFO][freq_trainer:114] - train epoch: 6 [799680/1000000 (80%)], lr: ['1.00e-04'], loss: 0.173145
[2023-11-11 09:31:25,781][INFO][freq_trainer:114] - train epoch: 6 [899648/1000000 (90%)], lr: ['1.00e-04'], loss: 0.174052
[2023-11-11 09:33:46,491][INFO][freq_trainer:114] - train epoch: 6 [999616/1000000 (100%)], lr: ['1.00e-04'], loss: 0.162472
[2023-11-11 09:33:54,740][INFO][freq_trainer:57] - [epoch   6] execution time: 1022.03s	metrics:
[2023-11-11 09:33:54,741][INFO][freq_evaluator:47] - dataset: valid_pretraining, acc: 0.263, hamming: 0.925
[2023-11-11 09:33:54,775][INFO][base_model:51] - snapshot saved to ./models/exp007b-m51-simple_multi_class-2023-11-11_03-11-14-final.pth
[2023-11-11 09:34:56,593][INFO][freq_trainer:114] - train epoch: 7 [99904/1000000 (10%)], lr: ['1.00e-04'], loss: 0.151091
[2023-11-11 09:35:56,592][INFO][freq_trainer:114] - train epoch: 7 [199872/1000000 (20%)], lr: ['1.00e-04'], loss: 0.167616
[2023-11-11 09:36:58,917][INFO][freq_trainer:114] - train epoch: 7 [299840/1000000 (30%)], lr: ['1.00e-04'], loss: 0.168613
[2023-11-11 09:38:08,216][INFO][freq_trainer:114] - train epoch: 7 [399808/1000000 (40%)], lr: ['1.00e-04'], loss: 0.188351
[2023-11-11 09:39:36,326][INFO][freq_trainer:114] - train epoch: 7 [499776/1000000 (50%)], lr: ['1.00e-04'], loss: 0.186982
[2023-11-11 09:41:14,094][INFO][freq_trainer:114] - train epoch: 7 [599744/1000000 (60%)], lr: ['1.00e-04'], loss: 0.179231
[2023-11-11 09:43:13,227][INFO][freq_trainer:114] - train epoch: 7 [699712/1000000 (70%)], lr: ['1.00e-04'], loss: 0.137322
[2023-11-11 09:45:58,586][INFO][freq_trainer:114] - train epoch: 7 [799680/1000000 (80%)], lr: ['1.00e-04'], loss: 0.179743
[2023-11-11 09:48:38,748][INFO][freq_trainer:114] - train epoch: 7 [899648/1000000 (90%)], lr: ['1.00e-04'], loss: 0.183146
[2023-11-11 09:51:22,052][INFO][freq_trainer:114] - train epoch: 7 [999616/1000000 (100%)], lr: ['1.00e-04'], loss: 0.182057
[2023-11-11 09:51:30,605][INFO][freq_trainer:57] - [epoch   7] execution time: 1055.83s	metrics:
[2023-11-11 09:51:30,606][INFO][freq_evaluator:47] - dataset: valid_pretraining, acc: 0.270, hamming: 0.926
[2023-11-11 09:51:30,636][INFO][base_model:51] - snapshot saved to ./models/exp007b-m51-simple_multi_class-2023-11-11_03-11-14-final.pth
[2023-11-11 09:52:33,276][INFO][freq_trainer:114] - train epoch: 8 [99904/1000000 (10%)], lr: ['1.00e-04'], loss: 0.164555
[2023-11-11 09:53:36,923][INFO][freq_trainer:114] - train epoch: 8 [199872/1000000 (20%)], lr: ['1.00e-04'], loss: 0.228012
[2023-11-11 09:54:43,610][INFO][freq_trainer:114] - train epoch: 8 [299840/1000000 (30%)], lr: ['1.00e-04'], loss: 0.168296
[2023-11-11 09:55:53,677][INFO][freq_trainer:114] - train epoch: 8 [399808/1000000 (40%)], lr: ['1.00e-04'], loss: 0.156388
[2023-11-11 09:57:11,978][INFO][freq_trainer:114] - train epoch: 8 [499776/1000000 (50%)], lr: ['1.00e-04'], loss: 0.173118
[2023-11-11 09:58:47,563][INFO][freq_trainer:114] - train epoch: 8 [599744/1000000 (60%)], lr: ['1.00e-04'], loss: 0.176586
[2023-11-11 10:00:44,752][INFO][freq_trainer:114] - train epoch: 8 [699712/1000000 (70%)], lr: ['1.00e-04'], loss: 0.164422
[2023-11-11 10:02:43,764][INFO][freq_trainer:114] - train epoch: 8 [799680/1000000 (80%)], lr: ['1.00e-04'], loss: 0.147973
[2023-11-11 10:04:55,642][INFO][freq_trainer:114] - train epoch: 8 [899648/1000000 (90%)], lr: ['1.00e-04'], loss: 0.140532
[2023-11-11 10:07:49,343][INFO][freq_trainer:114] - train epoch: 8 [999616/1000000 (100%)], lr: ['1.00e-04'], loss: 0.167786
[2023-11-11 10:07:58,161][INFO][freq_trainer:57] - [epoch   8] execution time: 987.53s	metrics:
[2023-11-11 10:07:58,162][INFO][freq_evaluator:47] - dataset: valid_pretraining, acc: 0.283, hamming: 0.928
[2023-11-11 10:07:58,191][INFO][base_model:51] - snapshot saved to ./models/exp007b-m51-simple_multi_class-2023-11-11_03-11-14-final.pth
[2023-11-11 10:09:02,543][INFO][freq_trainer:114] - train epoch: 9 [99904/1000000 (10%)], lr: ['1.00e-04'], loss: 0.158982
[2023-11-11 10:10:06,004][INFO][freq_trainer:114] - train epoch: 9 [199872/1000000 (20%)], lr: ['1.00e-04'], loss: 0.166580
[2023-11-11 10:11:09,194][INFO][freq_trainer:114] - train epoch: 9 [299840/1000000 (30%)], lr: ['1.00e-04'], loss: 0.161088
[2023-11-11 10:12:17,758][INFO][freq_trainer:114] - train epoch: 9 [399808/1000000 (40%)], lr: ['1.00e-04'], loss: 0.152927
[2023-11-11 10:13:36,466][INFO][freq_trainer:114] - train epoch: 9 [499776/1000000 (50%)], lr: ['1.00e-04'], loss: 0.188689
[2023-11-11 10:15:18,413][INFO][freq_trainer:114] - train epoch: 9 [599744/1000000 (60%)], lr: ['1.00e-04'], loss: 0.197170
[2023-11-11 10:17:18,929][INFO][freq_trainer:114] - train epoch: 9 [699712/1000000 (70%)], lr: ['1.00e-04'], loss: 0.174864
[2023-11-11 10:19:18,343][INFO][freq_trainer:114] - train epoch: 9 [799680/1000000 (80%)], lr: ['1.00e-04'], loss: 0.156296
[2023-11-11 10:22:40,471][INFO][freq_trainer:114] - train epoch: 9 [899648/1000000 (90%)], lr: ['1.00e-04'], loss: 0.148113
[2023-11-11 10:24:45,784][INFO][freq_trainer:114] - train epoch: 9 [999616/1000000 (100%)], lr: ['1.00e-04'], loss: 0.180993
[2023-11-11 10:24:52,326][INFO][freq_trainer:57] - [epoch   9] execution time: 1014.13s	metrics:
[2023-11-11 10:24:52,326][INFO][freq_evaluator:47] - dataset: valid_pretraining, acc: 0.293, hamming: 0.928
[2023-11-11 10:24:52,355][INFO][base_model:51] - snapshot saved to ./models/exp007b-m51-simple_multi_class-2023-11-11_03-11-14-final.pth
[2023-11-11 10:25:43,042][INFO][freq_trainer:114] - train epoch: 10 [99904/1000000 (10%)], lr: ['1.00e-04'], loss: 0.144213
[2023-11-11 10:26:33,489][INFO][freq_trainer:114] - train epoch: 10 [199872/1000000 (20%)], lr: ['1.00e-04'], loss: 0.174544
[2023-11-11 10:27:24,562][INFO][freq_trainer:114] - train epoch: 10 [299840/1000000 (30%)], lr: ['1.00e-04'], loss: 0.163886
[2023-11-11 10:28:22,986][INFO][freq_trainer:114] - train epoch: 10 [399808/1000000 (40%)], lr: ['1.00e-04'], loss: 0.184161
[2023-11-11 10:29:28,876][INFO][freq_trainer:114] - train epoch: 10 [499776/1000000 (50%)], lr: ['1.00e-04'], loss: 0.147032
[2023-11-11 10:30:45,704][INFO][freq_trainer:114] - train epoch: 10 [599744/1000000 (60%)], lr: ['1.00e-04'], loss: 0.185559
[2023-11-11 10:32:12,649][INFO][freq_trainer:114] - train epoch: 10 [699712/1000000 (70%)], lr: ['1.00e-04'], loss: 0.179739
[2023-11-11 10:33:46,200][INFO][freq_trainer:114] - train epoch: 10 [799680/1000000 (80%)], lr: ['1.00e-04'], loss: 0.141172
[2023-11-11 10:36:01,296][INFO][freq_trainer:114] - train epoch: 10 [899648/1000000 (90%)], lr: ['1.00e-04'], loss: 0.177725
[2023-11-11 10:39:37,656][INFO][freq_trainer:114] - train epoch: 10 [999616/1000000 (100%)], lr: ['1.00e-04'], loss: 0.169777
[2023-11-11 10:39:46,834][INFO][freq_trainer:57] - [epoch  10] execution time: 894.48s	metrics:
[2023-11-11 10:39:46,835][INFO][freq_evaluator:47] - dataset: valid_pretraining, acc: 0.291, hamming: 0.929
[2023-11-11 10:39:46,864][INFO][base_model:51] - snapshot saved to ./models/exp007b-m51-simple_multi_class-2023-11-11_03-11-14-final.pth
[2023-11-11 10:40:39,640][INFO][freq_trainer:114] - train epoch: 11 [99904/1000000 (10%)], lr: ['1.00e-04'], loss: 0.142312
[2023-11-11 10:41:30,587][INFO][freq_trainer:114] - train epoch: 11 [199872/1000000 (20%)], lr: ['1.00e-04'], loss: 0.179561
[2023-11-11 10:42:47,451][INFO][freq_trainer:114] - train epoch: 11 [299840/1000000 (30%)], lr: ['1.00e-04'], loss: 0.167455
[2023-11-11 10:44:28,894][INFO][freq_trainer:114] - train epoch: 11 [399808/1000000 (40%)], lr: ['1.00e-04'], loss: 0.148616
[2023-11-11 10:46:11,762][INFO][freq_trainer:114] - train epoch: 11 [499776/1000000 (50%)], lr: ['1.00e-04'], loss: 0.164219
[2023-11-11 10:47:51,129][INFO][freq_trainer:114] - train epoch: 11 [599744/1000000 (60%)], lr: ['1.00e-04'], loss: 0.162763
[2023-11-11 10:49:12,787][INFO][freq_trainer:114] - train epoch: 11 [699712/1000000 (70%)], lr: ['1.00e-04'], loss: 0.166442
[2023-11-11 10:51:09,005][INFO][freq_trainer:114] - train epoch: 11 [799680/1000000 (80%)], lr: ['1.00e-04'], loss: 0.163883
[2023-11-11 10:53:15,657][INFO][freq_trainer:114] - train epoch: 11 [899648/1000000 (90%)], lr: ['1.00e-04'], loss: 0.134037
[2023-11-11 10:55:43,212][INFO][freq_trainer:114] - train epoch: 11 [999616/1000000 (100%)], lr: ['1.00e-04'], loss: 0.134670
[2023-11-11 10:55:50,985][INFO][freq_trainer:57] - [epoch  11] execution time: 964.12s	metrics:
[2023-11-11 10:55:50,986][INFO][freq_evaluator:47] - dataset: valid_pretraining, acc: 0.335, hamming: 0.934
[2023-11-11 10:55:51,014][INFO][base_model:51] - snapshot saved to ./models/exp007b-m51-simple_multi_class-2023-11-11_03-11-14-final.pth
[2023-11-11 10:56:43,104][INFO][freq_trainer:114] - train epoch: 12 [99904/1000000 (10%)], lr: ['1.00e-04'], loss: 0.144767
[2023-11-11 10:57:34,429][INFO][freq_trainer:114] - train epoch: 12 [199872/1000000 (20%)], lr: ['1.00e-04'], loss: 0.147607
[2023-11-11 10:58:43,844][INFO][freq_trainer:114] - train epoch: 12 [299840/1000000 (30%)], lr: ['1.00e-04'], loss: 0.178075
[2023-11-11 11:00:12,247][INFO][freq_trainer:114] - train epoch: 12 [399808/1000000 (40%)], lr: ['1.00e-04'], loss: 0.157785
[2023-11-11 11:01:39,131][INFO][freq_trainer:114] - train epoch: 12 [499776/1000000 (50%)], lr: ['1.00e-04'], loss: 0.180679
[2023-11-11 11:03:03,279][INFO][freq_trainer:114] - train epoch: 12 [599744/1000000 (60%)], lr: ['1.00e-04'], loss: 0.161534
[2023-11-11 11:04:24,850][INFO][freq_trainer:114] - train epoch: 12 [699712/1000000 (70%)], lr: ['1.00e-04'], loss: 0.160687
[2023-11-11 11:05:45,024][INFO][freq_trainer:114] - train epoch: 12 [799680/1000000 (80%)], lr: ['1.00e-04'], loss: 0.158981
[2023-11-11 11:07:12,551][INFO][freq_trainer:114] - train epoch: 12 [899648/1000000 (90%)], lr: ['1.00e-04'], loss: 0.165034
[2023-11-11 11:09:32,233][INFO][freq_trainer:114] - train epoch: 12 [999616/1000000 (100%)], lr: ['1.00e-04'], loss: 0.177148
[2023-11-11 11:09:39,802][INFO][freq_trainer:57] - [epoch  12] execution time: 828.79s	metrics:
[2023-11-11 11:09:39,803][INFO][freq_evaluator:47] - dataset: valid_pretraining, acc: 0.347, hamming: 0.937
[2023-11-11 11:09:39,837][INFO][base_model:51] - snapshot saved to ./models/exp007b-m51-simple_multi_class-2023-11-11_03-11-14-final.pth
[2023-11-11 11:10:30,779][INFO][freq_trainer:114] - train epoch: 13 [99904/1000000 (10%)], lr: ['1.00e-04'], loss: 0.140650
[2023-11-11 11:11:21,344][INFO][freq_trainer:114] - train epoch: 13 [199872/1000000 (20%)], lr: ['1.00e-04'], loss: 0.183051
[2023-11-11 11:12:13,269][INFO][freq_trainer:114] - train epoch: 13 [299840/1000000 (30%)], lr: ['1.00e-04'], loss: 0.142184
[2023-11-11 11:13:05,189][INFO][freq_trainer:114] - train epoch: 13 [399808/1000000 (40%)], lr: ['1.00e-04'], loss: 0.168155
[2023-11-11 11:14:04,684][INFO][freq_trainer:114] - train epoch: 13 [499776/1000000 (50%)], lr: ['1.00e-04'], loss: 0.170092
[2023-11-11 11:15:46,840][INFO][freq_trainer:114] - train epoch: 13 [599744/1000000 (60%)], lr: ['1.00e-04'], loss: 0.141700
[2023-11-11 11:17:48,726][INFO][freq_trainer:114] - train epoch: 13 [699712/1000000 (70%)], lr: ['1.00e-04'], loss: 0.176452
[2023-11-11 11:19:37,135][INFO][freq_trainer:114] - train epoch: 13 [799680/1000000 (80%)], lr: ['1.00e-04'], loss: 0.172399
[2023-11-11 11:21:02,773][INFO][freq_trainer:114] - train epoch: 13 [899648/1000000 (90%)], lr: ['1.00e-04'], loss: 0.145671
[2023-11-11 11:22:37,758][INFO][freq_trainer:114] - train epoch: 13 [999616/1000000 (100%)], lr: ['1.00e-04'], loss: 0.154038
[2023-11-11 11:22:44,893][INFO][freq_trainer:57] - [epoch  13] execution time: 785.06s	metrics:
[2023-11-11 11:22:44,893][INFO][freq_evaluator:47] - dataset: valid_pretraining, acc: 0.352, hamming: 0.938
[2023-11-11 11:22:44,922][INFO][base_model:51] - snapshot saved to ./models/exp007b-m51-simple_multi_class-2023-11-11_03-11-14-final.pth
[2023-11-11 11:23:37,735][INFO][freq_trainer:114] - train epoch: 14 [99904/1000000 (10%)], lr: ['1.00e-04'], loss: 0.135529
[2023-11-11 11:24:29,688][INFO][freq_trainer:114] - train epoch: 14 [199872/1000000 (20%)], lr: ['1.00e-04'], loss: 0.160902
[2023-11-11 11:25:22,008][INFO][freq_trainer:114] - train epoch: 14 [299840/1000000 (30%)], lr: ['1.00e-04'], loss: 0.163926
[2023-11-11 11:26:14,317][INFO][freq_trainer:114] - train epoch: 14 [399808/1000000 (40%)], lr: ['1.00e-04'], loss: 0.159663
[2023-11-11 11:27:07,313][INFO][freq_trainer:114] - train epoch: 14 [499776/1000000 (50%)], lr: ['1.00e-04'], loss: 0.162310
[2023-11-11 11:28:06,242][INFO][freq_trainer:114] - train epoch: 14 [599744/1000000 (60%)], lr: ['1.00e-04'], loss: 0.145104
[2023-11-11 11:29:14,314][INFO][freq_trainer:114] - train epoch: 14 [699712/1000000 (70%)], lr: ['1.00e-04'], loss: 0.173925
[2023-11-11 11:30:35,910][INFO][freq_trainer:114] - train epoch: 14 [799680/1000000 (80%)], lr: ['1.00e-04'], loss: 0.138377
[2023-11-11 11:33:02,681][INFO][freq_trainer:114] - train epoch: 14 [899648/1000000 (90%)], lr: ['1.00e-04'], loss: 0.165379
[2023-11-11 11:34:35,651][INFO][freq_trainer:114] - train epoch: 14 [999616/1000000 (100%)], lr: ['1.00e-04'], loss: 0.147441
[2023-11-11 11:34:42,222][INFO][freq_trainer:57] - [epoch  14] execution time: 717.30s	metrics:
[2023-11-11 11:34:42,223][INFO][freq_evaluator:47] - dataset: valid_pretraining, acc: 0.368, hamming: 0.940
[2023-11-11 11:34:42,250][INFO][base_model:51] - snapshot saved to ./models/exp007b-m51-simple_multi_class-2023-11-11_03-11-14-final.pth
[2023-11-11 11:35:31,581][INFO][freq_trainer:114] - train epoch: 15 [99904/1000000 (10%)], lr: ['1.00e-04'], loss: 0.157751
[2023-11-11 11:36:19,886][INFO][freq_trainer:114] - train epoch: 15 [199872/1000000 (20%)], lr: ['1.00e-04'], loss: 0.123245
[2023-11-11 11:37:09,423][INFO][freq_trainer:114] - train epoch: 15 [299840/1000000 (30%)], lr: ['1.00e-04'], loss: 0.158176
[2023-11-11 11:37:59,826][INFO][freq_trainer:114] - train epoch: 15 [399808/1000000 (40%)], lr: ['1.00e-04'], loss: 0.134626
[2023-11-11 11:38:52,531][INFO][freq_trainer:114] - train epoch: 15 [499776/1000000 (50%)], lr: ['1.00e-04'], loss: 0.146443
[2023-11-11 11:39:53,947][INFO][freq_trainer:114] - train epoch: 15 [599744/1000000 (60%)], lr: ['1.00e-04'], loss: 0.159576
[2023-11-11 11:41:11,507][INFO][freq_trainer:114] - train epoch: 15 [699712/1000000 (70%)], lr: ['1.00e-04'], loss: 0.151454
[2023-11-11 11:42:39,015][INFO][freq_trainer:114] - train epoch: 15 [799680/1000000 (80%)], lr: ['1.00e-04'], loss: 0.152476
[2023-11-11 11:44:06,450][INFO][freq_trainer:114] - train epoch: 15 [899648/1000000 (90%)], lr: ['1.00e-04'], loss: 0.157042
[2023-11-11 11:45:39,246][INFO][freq_trainer:114] - train epoch: 15 [999616/1000000 (100%)], lr: ['1.00e-04'], loss: 0.154127
[2023-11-11 11:45:45,868][INFO][freq_trainer:57] - [epoch  15] execution time: 663.62s	metrics:
[2023-11-11 11:45:45,868][INFO][freq_evaluator:47] - dataset: valid_pretraining, acc: 0.358, hamming: 0.938
[2023-11-11 11:45:45,897][INFO][base_model:51] - snapshot saved to ./models/exp007b-m51-simple_multi_class-2023-11-11_03-11-14-final.pth
[2023-11-11 11:46:37,901][INFO][freq_trainer:114] - train epoch: 16 [99904/1000000 (10%)], lr: ['1.00e-04'], loss: 0.151139
[2023-11-11 11:47:28,373][INFO][freq_trainer:114] - train epoch: 16 [199872/1000000 (20%)], lr: ['1.00e-04'], loss: 0.159854
[2023-11-11 11:48:18,269][INFO][freq_trainer:114] - train epoch: 16 [299840/1000000 (30%)], lr: ['1.00e-04'], loss: 0.157525
[2023-11-11 11:49:09,265][INFO][freq_trainer:114] - train epoch: 16 [399808/1000000 (40%)], lr: ['1.00e-04'], loss: 0.144150
[2023-11-11 11:50:00,450][INFO][freq_trainer:114] - train epoch: 16 [499776/1000000 (50%)], lr: ['1.00e-04'], loss: 0.128628
[2023-11-11 11:50:58,412][INFO][freq_trainer:114] - train epoch: 16 [599744/1000000 (60%)], lr: ['1.00e-04'], loss: 0.140047
[2023-11-11 11:52:04,356][INFO][freq_trainer:114] - train epoch: 16 [699712/1000000 (70%)], lr: ['1.00e-04'], loss: 0.156481
[2023-11-11 11:53:17,494][INFO][freq_trainer:114] - train epoch: 16 [799680/1000000 (80%)], lr: ['1.00e-04'], loss: 0.148530
[2023-11-11 11:54:38,876][INFO][freq_trainer:114] - train epoch: 16 [899648/1000000 (90%)], lr: ['1.00e-04'], loss: 0.146553
[2023-11-11 11:56:08,375][INFO][freq_trainer:114] - train epoch: 16 [999616/1000000 (100%)], lr: ['1.00e-04'], loss: 0.165161
[2023-11-11 11:56:14,852][INFO][freq_trainer:57] - [epoch  16] execution time: 628.96s	metrics:
[2023-11-11 11:56:14,852][INFO][freq_evaluator:47] - dataset: valid_pretraining, acc: 0.371, hamming: 0.942
[2023-11-11 11:56:14,881][INFO][base_model:51] - snapshot saved to ./models/exp007b-m51-simple_multi_class-2023-11-11_03-11-14-final.pth
[2023-11-11 11:57:05,299][INFO][freq_trainer:114] - train epoch: 17 [99904/1000000 (10%)], lr: ['1.00e-04'], loss: 0.139942
[2023-11-11 11:57:54,305][INFO][freq_trainer:114] - train epoch: 17 [199872/1000000 (20%)], lr: ['1.00e-04'], loss: 0.158800
[2023-11-11 11:58:43,437][INFO][freq_trainer:114] - train epoch: 17 [299840/1000000 (30%)], lr: ['1.00e-04'], loss: 0.168898
[2023-11-11 11:59:32,517][INFO][freq_trainer:114] - train epoch: 17 [399808/1000000 (40%)], lr: ['1.00e-04'], loss: 0.146440
[2023-11-11 12:00:23,653][INFO][freq_trainer:114] - train epoch: 17 [499776/1000000 (50%)], lr: ['1.00e-04'], loss: 0.151878
[2023-11-11 12:01:21,000][INFO][freq_trainer:114] - train epoch: 17 [599744/1000000 (60%)], lr: ['1.00e-04'], loss: 0.146515
[2023-11-11 12:02:26,114][INFO][freq_trainer:114] - train epoch: 17 [699712/1000000 (70%)], lr: ['1.00e-04'], loss: 0.151455
[2023-11-11 12:03:39,038][INFO][freq_trainer:114] - train epoch: 17 [799680/1000000 (80%)], lr: ['1.00e-04'], loss: 0.166681
[2023-11-11 12:04:59,312][INFO][freq_trainer:114] - train epoch: 17 [899648/1000000 (90%)], lr: ['1.00e-04'], loss: 0.134705
[2023-11-11 12:06:26,534][INFO][freq_trainer:114] - train epoch: 17 [999616/1000000 (100%)], lr: ['1.00e-04'], loss: 0.148085
[2023-11-11 12:06:32,903][INFO][freq_trainer:57] - [epoch  17] execution time: 618.02s	metrics:
[2023-11-11 12:06:32,903][INFO][freq_evaluator:47] - dataset: valid_pretraining, acc: 0.396, hamming: 0.943
[2023-11-11 12:06:32,934][INFO][base_model:51] - snapshot saved to ./models/exp007b-m51-simple_multi_class-2023-11-11_03-11-14-final.pth
[2023-11-11 12:07:22,142][INFO][freq_trainer:114] - train epoch: 18 [99904/1000000 (10%)], lr: ['1.00e-04'], loss: 0.133696
[2023-11-11 12:08:10,337][INFO][freq_trainer:114] - train epoch: 18 [199872/1000000 (20%)], lr: ['1.00e-04'], loss: 0.165772
[2023-11-11 12:08:58,557][INFO][freq_trainer:114] - train epoch: 18 [299840/1000000 (30%)], lr: ['1.00e-04'], loss: 0.126505
[2023-11-11 12:09:47,377][INFO][freq_trainer:114] - train epoch: 18 [399808/1000000 (40%)], lr: ['1.00e-04'], loss: 0.137827
[2023-11-11 12:10:37,594][INFO][freq_trainer:114] - train epoch: 18 [499776/1000000 (50%)], lr: ['1.00e-04'], loss: 0.139679
[2023-11-11 12:11:34,100][INFO][freq_trainer:114] - train epoch: 18 [599744/1000000 (60%)], lr: ['1.00e-04'], loss: 0.152080
[2023-11-11 12:12:39,900][INFO][freq_trainer:114] - train epoch: 18 [699712/1000000 (70%)], lr: ['1.00e-04'], loss: 0.161473
[2023-11-11 12:13:51,885][INFO][freq_trainer:114] - train epoch: 18 [799680/1000000 (80%)], lr: ['1.00e-04'], loss: 0.134102
[2023-11-11 12:15:11,098][INFO][freq_trainer:114] - train epoch: 18 [899648/1000000 (90%)], lr: ['1.00e-04'], loss: 0.138313
[2023-11-11 12:16:39,549][INFO][freq_trainer:114] - train epoch: 18 [999616/1000000 (100%)], lr: ['1.00e-04'], loss: 0.116880
[2023-11-11 12:16:45,715][INFO][freq_trainer:57] - [epoch  18] execution time: 612.78s	metrics:
[2023-11-11 12:16:45,715][INFO][freq_evaluator:47] - dataset: valid_pretraining, acc: 0.388, hamming: 0.941
[2023-11-11 12:16:45,743][INFO][base_model:51] - snapshot saved to ./models/exp007b-m51-simple_multi_class-2023-11-11_03-11-14-final.pth
[2023-11-11 12:17:32,941][INFO][freq_trainer:114] - train epoch: 19 [99904/1000000 (10%)], lr: ['1.00e-04'], loss: 0.152326
[2023-11-11 12:18:18,948][INFO][freq_trainer:114] - train epoch: 19 [199872/1000000 (20%)], lr: ['1.00e-04'], loss: 0.153755
[2023-11-11 12:19:04,657][INFO][freq_trainer:114] - train epoch: 19 [299840/1000000 (30%)], lr: ['1.00e-04'], loss: 0.156456
[2023-11-11 12:19:50,708][INFO][freq_trainer:114] - train epoch: 19 [399808/1000000 (40%)], lr: ['1.00e-04'], loss: 0.144726
[2023-11-11 12:20:39,598][INFO][freq_trainer:114] - train epoch: 19 [499776/1000000 (50%)], lr: ['1.00e-04'], loss: 0.146541
[2023-11-11 12:21:35,003][INFO][freq_trainer:114] - train epoch: 19 [599744/1000000 (60%)], lr: ['1.00e-04'], loss: 0.148665
[2023-11-11 12:22:39,178][INFO][freq_trainer:114] - train epoch: 19 [699712/1000000 (70%)], lr: ['1.00e-04'], loss: 0.143549
[2023-11-11 12:23:50,371][INFO][freq_trainer:114] - train epoch: 19 [799680/1000000 (80%)], lr: ['1.00e-04'], loss: 0.126952
[2023-11-11 12:25:09,696][INFO][freq_trainer:114] - train epoch: 19 [899648/1000000 (90%)], lr: ['1.00e-04'], loss: 0.142705
[2023-11-11 12:26:36,365][INFO][freq_trainer:114] - train epoch: 19 [999616/1000000 (100%)], lr: ['1.00e-04'], loss: 0.156625
[2023-11-11 12:26:42,810][INFO][freq_trainer:57] - [epoch  19] execution time: 597.07s	metrics:
[2023-11-11 12:26:42,810][INFO][freq_evaluator:47] - dataset: valid_pretraining, acc: 0.379, hamming: 0.943
[2023-11-11 12:26:42,839][INFO][base_model:51] - snapshot saved to ./models/exp007b-m51-simple_multi_class-2023-11-11_03-11-14-final.pth
[2023-11-11 12:27:30,024][INFO][freq_trainer:114] - train epoch: 20 [99904/1000000 (10%)], lr: ['1.00e-04'], loss: 0.136081
[2023-11-11 12:28:15,837][INFO][freq_trainer:114] - train epoch: 20 [199872/1000000 (20%)], lr: ['1.00e-04'], loss: 0.147516
[2023-11-11 12:29:03,493][INFO][freq_trainer:114] - train epoch: 20 [299840/1000000 (30%)], lr: ['1.00e-04'], loss: 0.139864
[2023-11-11 12:29:57,858][INFO][freq_trainer:114] - train epoch: 20 [399808/1000000 (40%)], lr: ['1.00e-04'], loss: 0.144491
[2023-11-11 12:31:02,690][INFO][freq_trainer:114] - train epoch: 20 [499776/1000000 (50%)], lr: ['1.00e-04'], loss: 0.186206
[2023-11-11 12:32:10,781][INFO][freq_trainer:114] - train epoch: 20 [599744/1000000 (60%)], lr: ['1.00e-04'], loss: 0.122935
[2023-11-11 12:33:19,158][INFO][freq_trainer:114] - train epoch: 20 [699712/1000000 (70%)], lr: ['1.00e-04'], loss: 0.145297
[2023-11-11 12:34:52,333][INFO][freq_trainer:114] - train epoch: 20 [799680/1000000 (80%)], lr: ['1.00e-04'], loss: 0.149769
[2023-11-11 12:36:43,834][INFO][freq_trainer:114] - train epoch: 20 [899648/1000000 (90%)], lr: ['1.00e-04'], loss: 0.132649
[2023-11-11 12:39:11,603][INFO][freq_trainer:114] - train epoch: 20 [999616/1000000 (100%)], lr: ['1.00e-04'], loss: 0.195570
[2023-11-11 12:39:18,934][INFO][freq_trainer:57] - [epoch  20] execution time: 756.09s	metrics:
[2023-11-11 12:39:18,934][INFO][freq_evaluator:47] - dataset: valid_pretraining, acc: 0.402, hamming: 0.944
[2023-11-11 12:39:18,962][INFO][base_model:51] - snapshot saved to ./models/exp007b-m51-simple_multi_class-2023-11-11_03-11-14-final.pth
[2023-11-11 12:39:18,965][INFO][freq_trainer:67] - finished training
[2023-11-11 12:39:21,278][INFO][data_loaders:39] - class distribution before data reduction:
# samples per subject
02fb158a-a658-51ee-89cf-1e1dc2ebfde1: 861
03341d0d-5927-5838-8a5f-1b8ef39d8f57: 1063
039ce8ad-a7fa-5272-a3e3-1f4bfebdd087: 915
095d6e40-5f19-55b6-a0ec-6e0ad3793da0: 1192
100df108-eb57-5eaa-a413-f7e4436a7895: 952
130f3f52-7d0a-551e-af61-2ee75455e5c9: 989
14c012bd-65b0-56f5-bc74-2dffcea69837: 969
16450f5a-9b65-5536-85e1-93816c8b89eb: 816
18ede714-aba3-5ad8-bb1a-18fc9b1c4192: 995
2159377e-ebf3-5565-9014-1e2ae69dc1d2: 907
2d01dc34-f36c-562e-b24a-d20dc798fdfc: 837
30e8a05b-4cf1-5aa8-9ef7-28d6e2949ad5: 699
37d0da97-9ae8-5413-b889-4e843ff35488: 1011
40e25dd4-6087-5747-b9c2-4838ada86b15: 1076
47f45aa2-31c4-595b-bdb6-f1348bba062b: 1032
4b72b905-5521-5c57-b666-e20ff9bb195f: 868
4e3c4ac4-69e2-5347-a3b0-662c204d259d: 926
52fbe46b-206c-584a-9f4f-1eb308e07bac: 1064
5b94ec8a-c34d-5e45-84d1-bec2ea965609: 1090
5bf0f969-304c-581e-949c-50c108f62846: 947
5ddbc68c-1283-5c27-952b-d7f102291bc2: 1097
64959ac4-53b5-5868-a845-c7476e9fdf7b: 990
742f1592-627c-54eb-bbb5-ccd55ffae33a: 975
769df255-2284-50b3-8917-2155c759fbbd: 929
79e8a04e-0fdd-53ae-bedc-d49d08e29103: 918
7ab8ff5f-a77f-567d-9882-f8bee0c3c9bf: 989
7d778801-88e7-5086-ad1d-70f31a371876: 999
7f5237b1-2196-5c8a-9543-a5aa70210ef4: 931
83c1394e-9c69-5c11-9102-9ff8d59b1cfd: 1011
844f68ba-265e-53e6-bf47-6c85d1804a7b: 957
a0c91989-530f-5117-80c1-2488dbed683c: 1017
a25b2296-343b-53f6-8792-ada2669d466e: 1008
a35a118e-e65e-5928-92a9-4354a6a0f4ce: 813
a6254c8a-f1b2-5736-b601-18245dd5e0a5: 1084
a79d1f0e-c133-5aa0-8268-cdcc05825f0f: 1046
aa160c78-6da3-5e05-8fc9-d6c13e9f97e0: 1010
aadc9e0c-b7c3-5a47-851d-f21971d10935: 969
ad47bc12-199c-5294-9cb8-4351bbbf7b5e: 893
b2d3ccdd-395c-5dd2-81d9-252bcfc0c337: 902
b3706da5-748b-5dd1-a552-f57e4456cdf6: 1041
b5d5785d-87ee-5078-b9b9-aac6abd4d8de: 918
bb474ab0-c2ce-573b-8acd-ef86b0fa26a2: 1142
c03e27b0-4cb5-584f-aaea-8f1e1ed6513c: 1121
c11c730f-0b6b-580b-af31-d8f0ebbbdfce: 917
c31a47f9-e400-5841-a22b-521c81042603: 986
c985916d-46a5-5c3e-9d50-a5a91f460bac: 1024
cc3b4b63-4a6f-5f28-ac7e-62f83c271449: 1076
cebd3520-4e77-5222-a614-d2888e6afc2b: 1109
d3cadb78-cb8c-5a6e-885c-392e457c68b1: 982
d5181c33-a43b-5dfe-8ad7-0337facb092a: 977
e59c45e0-0c0c-565f-84a9-6cf0ec5ef6c1: 844
e72505f1-21be-5d66-b620-cfcfa2d754bc: 973
e8ec8ec4-dc48-50ce-985a-a06d87861030: 975
eb95076c-c470-56a4-b788-ace310f061c6: 965
f2a69bdc-ed51-5e3f-b102-6b3f7d392be0: 960
f66bc75e-778b-5037-af86-b5275cd4c79f: 865

# samples per stage
0: 9349
1: 2953
2: 26829
3: 6330
4: 9161
[2023-11-11 12:39:21,427][INFO][data_loaders:43] - class distribution after data reduction:
# samples per subject
02fb158a-a658-51ee-89cf-1e1dc2ebfde1: 861
03341d0d-5927-5838-8a5f-1b8ef39d8f57: 1063
039ce8ad-a7fa-5272-a3e3-1f4bfebdd087: 915
095d6e40-5f19-55b6-a0ec-6e0ad3793da0: 1192
100df108-eb57-5eaa-a413-f7e4436a7895: 952
130f3f52-7d0a-551e-af61-2ee75455e5c9: 989
14c012bd-65b0-56f5-bc74-2dffcea69837: 969
16450f5a-9b65-5536-85e1-93816c8b89eb: 816
18ede714-aba3-5ad8-bb1a-18fc9b1c4192: 995
2159377e-ebf3-5565-9014-1e2ae69dc1d2: 907
2d01dc34-f36c-562e-b24a-d20dc798fdfc: 837
30e8a05b-4cf1-5aa8-9ef7-28d6e2949ad5: 699
37d0da97-9ae8-5413-b889-4e843ff35488: 1011
40e25dd4-6087-5747-b9c2-4838ada86b15: 1076
47f45aa2-31c4-595b-bdb6-f1348bba062b: 1032
4b72b905-5521-5c57-b666-e20ff9bb195f: 868
4e3c4ac4-69e2-5347-a3b0-662c204d259d: 926
52fbe46b-206c-584a-9f4f-1eb308e07bac: 1064
5b94ec8a-c34d-5e45-84d1-bec2ea965609: 1090
5bf0f969-304c-581e-949c-50c108f62846: 947
5ddbc68c-1283-5c27-952b-d7f102291bc2: 1097
64959ac4-53b5-5868-a845-c7476e9fdf7b: 990
742f1592-627c-54eb-bbb5-ccd55ffae33a: 975
769df255-2284-50b3-8917-2155c759fbbd: 929
79e8a04e-0fdd-53ae-bedc-d49d08e29103: 918
7ab8ff5f-a77f-567d-9882-f8bee0c3c9bf: 989
7d778801-88e7-5086-ad1d-70f31a371876: 999
7f5237b1-2196-5c8a-9543-a5aa70210ef4: 931
83c1394e-9c69-5c11-9102-9ff8d59b1cfd: 1011
844f68ba-265e-53e6-bf47-6c85d1804a7b: 957
a0c91989-530f-5117-80c1-2488dbed683c: 1017
a25b2296-343b-53f6-8792-ada2669d466e: 1008
a35a118e-e65e-5928-92a9-4354a6a0f4ce: 813
a6254c8a-f1b2-5736-b601-18245dd5e0a5: 1084
a79d1f0e-c133-5aa0-8268-cdcc05825f0f: 1046
aa160c78-6da3-5e05-8fc9-d6c13e9f97e0: 1010
aadc9e0c-b7c3-5a47-851d-f21971d10935: 969
ad47bc12-199c-5294-9cb8-4351bbbf7b5e: 893
b2d3ccdd-395c-5dd2-81d9-252bcfc0c337: 902
b3706da5-748b-5dd1-a552-f57e4456cdf6: 1041
b5d5785d-87ee-5078-b9b9-aac6abd4d8de: 918
bb474ab0-c2ce-573b-8acd-ef86b0fa26a2: 1142
c03e27b0-4cb5-584f-aaea-8f1e1ed6513c: 1121
c11c730f-0b6b-580b-af31-d8f0ebbbdfce: 917
c31a47f9-e400-5841-a22b-521c81042603: 986
c985916d-46a5-5c3e-9d50-a5a91f460bac: 1024
cc3b4b63-4a6f-5f28-ac7e-62f83c271449: 1076
cebd3520-4e77-5222-a614-d2888e6afc2b: 1109
d3cadb78-cb8c-5a6e-885c-392e457c68b1: 982
d5181c33-a43b-5dfe-8ad7-0337facb092a: 977
e59c45e0-0c0c-565f-84a9-6cf0ec5ef6c1: 844
e72505f1-21be-5d66-b620-cfcfa2d754bc: 973
e8ec8ec4-dc48-50ce-985a-a06d87861030: 975
eb95076c-c470-56a4-b788-ace310f061c6: 965
f2a69bdc-ed51-5e3f-b102-6b3f7d392be0: 960
f66bc75e-778b-5037-af86-b5275cd4c79f: 865

# samples per stage
0: 9349
1: 2953
2: 26829
3: 6330
4: 9161
[2023-11-11 12:39:21,441][INFO][base_pretraining_fe:55] - Loading model from ./models/exp007b-m51-simple_multi_class-2023-11-11_03-11-14-final.pth
[2023-11-11 12:39:21,805][INFO][data_loaders:39] - class distribution before data reduction:
# samples per subject
119f9726-eb4c-5a0e-a7bb-9e15256149a1: 932
1fa6c401-d819-50f5-8146-a0bb9e2b2516: 986
22bea84c-5d23-5e49-bc2d-9764f883955b: 1048
25a6b2b0-4d09-561b-82c6-f09bb271d3be: 1063
6a7503ac-ab3a-5d5b-b474-4b0fe37748dd: 1213
a4568951-bf87-5bbc-bc4f-28e93c360be6: 975
b3534fa3-7676-50dc-8412-07f0eff4f7a9: 757
fc10ee0b-b863-511b-bce8-4dfa7af8ac3a: 910

# samples per stage
0: 1488
1: 471
2: 3840
3: 919
4: 1166
[2023-11-11 12:39:21,822][INFO][data_loaders:43] - class distribution after data reduction:
# samples per subject
119f9726-eb4c-5a0e-a7bb-9e15256149a1: 932
1fa6c401-d819-50f5-8146-a0bb9e2b2516: 986
22bea84c-5d23-5e49-bc2d-9764f883955b: 1048
25a6b2b0-4d09-561b-82c6-f09bb271d3be: 1063
6a7503ac-ab3a-5d5b-b474-4b0fe37748dd: 1213
a4568951-bf87-5bbc-bc4f-28e93c360be6: 975
b3534fa3-7676-50dc-8412-07f0eff4f7a9: 757
fc10ee0b-b863-511b-bce8-4dfa7af8ac3a: 910

# samples per stage
0: 1488
1: 471
2: 3840
3: 919
4: 1166
[2023-11-11 12:39:21,833][INFO][clas_trainer:49] - metrics before training (epoch 0):
[2023-11-11 12:39:37,955][INFO][clas_evaluator:99] - dataset: earlystopping, avg f1-score: 0.1535
[2023-11-11 12:39:48,397][INFO][clas_trainer:133] - train epoch: 1 [5408/54622 (10%)], lr: ['1.00e-04', '1.00e-04'], loss: 1.839361
[2023-11-11 12:39:57,584][INFO][clas_trainer:133] - train epoch: 1 [10848/54622 (20%)], lr: ['1.00e-04', '1.00e-04'], loss: 0.783798
[2023-11-11 12:40:07,124][INFO][clas_trainer:133] - train epoch: 1 [16288/54622 (30%)], lr: ['1.00e-04', '1.00e-04'], loss: 1.081454
[2023-11-11 12:40:16,400][INFO][clas_trainer:133] - train epoch: 1 [21728/54622 (40%)], lr: ['1.00e-04', '1.00e-04'], loss: 0.768573
[2023-11-11 12:40:25,543][INFO][clas_trainer:133] - train epoch: 1 [27168/54622 (50%)], lr: ['1.00e-04', '1.00e-04'], loss: 0.823320
[2023-11-11 12:40:34,684][INFO][clas_trainer:133] - train epoch: 1 [32608/54622 (60%)], lr: ['1.00e-04', '1.00e-04'], loss: 0.591401
[2023-11-11 12:40:43,969][INFO][clas_trainer:133] - train epoch: 1 [38048/54622 (70%)], lr: ['1.00e-04', '1.00e-04'], loss: 0.804787
[2023-11-11 12:40:53,289][INFO][clas_trainer:133] - train epoch: 1 [43488/54622 (80%)], lr: ['1.00e-04', '1.00e-04'], loss: 0.626078
[2023-11-11 12:41:02,415][INFO][clas_trainer:133] - train epoch: 1 [48928/54622 (90%)], lr: ['1.00e-04', '1.00e-04'], loss: 0.346259
[2023-11-11 12:41:11,925][INFO][clas_trainer:133] - train epoch: 1 [54368/54622 (100%)], lr: ['1.00e-04', '1.00e-04'], loss: 0.267506
[2023-11-11 12:41:28,211][INFO][clas_trainer:63] - [epoch   1] execution time: 110.26s	metrics:
[2023-11-11 12:41:28,211][INFO][clas_evaluator:99] - dataset: earlystopping, avg f1-score: 0.6911
[2023-11-11 12:41:28,269][INFO][base_model:51] - snapshot saved to ./models/exp007b-m51-base_fe_clas-2023-11-11_03-11-14-final.pth
[2023-11-11 12:41:38,466][INFO][clas_trainer:133] - train epoch: 2 [5408/54622 (10%)], lr: ['1.00e-04', '1.00e-04'], loss: 0.644883
[2023-11-11 12:41:47,846][INFO][clas_trainer:133] - train epoch: 2 [10848/54622 (20%)], lr: ['1.00e-04', '1.00e-04'], loss: 0.569971
[2023-11-11 12:41:57,223][INFO][clas_trainer:133] - train epoch: 2 [16288/54622 (30%)], lr: ['1.00e-04', '1.00e-04'], loss: 0.920364
[2023-11-11 12:42:06,447][INFO][clas_trainer:133] - train epoch: 2 [21728/54622 (40%)], lr: ['1.00e-04', '1.00e-04'], loss: 0.711673
[2023-11-11 12:42:15,904][INFO][clas_trainer:133] - train epoch: 2 [27168/54622 (50%)], lr: ['1.00e-04', '1.00e-04'], loss: 0.513598
[2023-11-11 12:42:25,259][INFO][clas_trainer:133] - train epoch: 2 [32608/54622 (60%)], lr: ['1.00e-04', '1.00e-04'], loss: 0.819815
[2023-11-11 12:42:34,776][INFO][clas_trainer:133] - train epoch: 2 [38048/54622 (70%)], lr: ['1.00e-04', '1.00e-04'], loss: 0.513133
[2023-11-11 12:42:44,342][INFO][clas_trainer:133] - train epoch: 2 [43488/54622 (80%)], lr: ['1.00e-04', '1.00e-04'], loss: 0.920829
[2023-11-11 12:42:53,898][INFO][clas_trainer:133] - train epoch: 2 [48928/54622 (90%)], lr: ['1.00e-04', '1.00e-04'], loss: 0.421890
[2023-11-11 12:43:03,288][INFO][clas_trainer:133] - train epoch: 2 [54368/54622 (100%)], lr: ['1.00e-04', '1.00e-04'], loss: 0.684362
[2023-11-11 12:43:20,351][INFO][clas_trainer:63] - [epoch   2] execution time: 112.08s	metrics:
[2023-11-11 12:43:20,352][INFO][clas_evaluator:99] - dataset: earlystopping, avg f1-score: 0.7284
[2023-11-11 12:43:20,409][INFO][base_model:51] - snapshot saved to ./models/exp007b-m51-base_fe_clas-2023-11-11_03-11-14-final.pth
[2023-11-11 12:43:31,014][INFO][clas_trainer:133] - train epoch: 3 [5408/54622 (10%)], lr: ['1.00e-04', '1.00e-04'], loss: 0.732165
[2023-11-11 12:43:40,434][INFO][clas_trainer:133] - train epoch: 3 [10848/54622 (20%)], lr: ['1.00e-04', '1.00e-04'], loss: 0.483776
[2023-11-11 12:43:50,283][INFO][clas_trainer:133] - train epoch: 3 [16288/54622 (30%)], lr: ['1.00e-04', '1.00e-04'], loss: 0.581793
[2023-11-11 12:43:59,898][INFO][clas_trainer:133] - train epoch: 3 [21728/54622 (40%)], lr: ['1.00e-04', '1.00e-04'], loss: 0.738883
[2023-11-11 12:44:09,387][INFO][clas_trainer:133] - train epoch: 3 [27168/54622 (50%)], lr: ['1.00e-04', '1.00e-04'], loss: 0.204270
[2023-11-11 12:44:18,523][INFO][clas_trainer:133] - train epoch: 3 [32608/54622 (60%)], lr: ['1.00e-04', '1.00e-04'], loss: 0.484536
[2023-11-11 12:44:27,756][INFO][clas_trainer:133] - train epoch: 3 [38048/54622 (70%)], lr: ['1.00e-04', '1.00e-04'], loss: 0.572332
[2023-11-11 12:44:37,225][INFO][clas_trainer:133] - train epoch: 3 [43488/54622 (80%)], lr: ['1.00e-04', '1.00e-04'], loss: 0.599690
[2023-11-11 12:44:46,495][INFO][clas_trainer:133] - train epoch: 3 [48928/54622 (90%)], lr: ['1.00e-04', '1.00e-04'], loss: 0.275494
[2023-11-11 12:44:55,801][INFO][clas_trainer:133] - train epoch: 3 [54368/54622 (100%)], lr: ['1.00e-04', '1.00e-04'], loss: 0.321821
[2023-11-11 12:45:12,120][INFO][clas_trainer:63] - [epoch   3] execution time: 111.71s	metrics:
[2023-11-11 12:45:12,121][INFO][clas_evaluator:99] - dataset: earlystopping, avg f1-score: 0.7254
[2023-11-11 12:45:22,398][INFO][clas_trainer:133] - train epoch: 4 [5408/54622 (10%)], lr: ['1.00e-04', '1.00e-04'], loss: 0.269828
[2023-11-11 12:45:31,509][INFO][clas_trainer:133] - train epoch: 4 [10848/54622 (20%)], lr: ['1.00e-04', '1.00e-04'], loss: 0.428016
[2023-11-11 12:45:40,868][INFO][clas_trainer:133] - train epoch: 4 [16288/54622 (30%)], lr: ['1.00e-04', '1.00e-04'], loss: 0.311369
[2023-11-11 12:45:50,113][INFO][clas_trainer:133] - train epoch: 4 [21728/54622 (40%)], lr: ['1.00e-04', '1.00e-04'], loss: 0.309919
[2023-11-11 12:45:59,349][INFO][clas_trainer:133] - train epoch: 4 [27168/54622 (50%)], lr: ['1.00e-04', '1.00e-04'], loss: 0.493773
[2023-11-11 12:46:08,515][INFO][clas_trainer:133] - train epoch: 4 [32608/54622 (60%)], lr: ['1.00e-04', '1.00e-04'], loss: 0.589911
[2023-11-11 12:46:17,874][INFO][clas_trainer:133] - train epoch: 4 [38048/54622 (70%)], lr: ['1.00e-04', '1.00e-04'], loss: 0.354905
[2023-11-11 12:46:27,019][INFO][clas_trainer:133] - train epoch: 4 [43488/54622 (80%)], lr: ['1.00e-04', '1.00e-04'], loss: 0.161124
[2023-11-11 12:46:36,297][INFO][clas_trainer:133] - train epoch: 4 [48928/54622 (90%)], lr: ['1.00e-04', '1.00e-04'], loss: 0.515691
[2023-11-11 12:46:45,420][INFO][clas_trainer:133] - train epoch: 4 [54368/54622 (100%)], lr: ['1.00e-04', '1.00e-04'], loss: 0.487288
[2023-11-11 12:47:01,574][INFO][clas_trainer:63] - [epoch   4] execution time: 109.45s	metrics:
[2023-11-11 12:47:01,574][INFO][clas_evaluator:99] - dataset: earlystopping, avg f1-score: 0.7390
[2023-11-11 12:47:01,633][INFO][base_model:51] - snapshot saved to ./models/exp007b-m51-base_fe_clas-2023-11-11_03-11-14-final.pth
[2023-11-11 12:47:11,747][INFO][clas_trainer:133] - train epoch: 5 [5408/54622 (10%)], lr: ['1.00e-04', '1.00e-04'], loss: 0.212859
[2023-11-11 12:47:21,091][INFO][clas_trainer:133] - train epoch: 5 [10848/54622 (20%)], lr: ['1.00e-04', '1.00e-04'], loss: 0.505354
[2023-11-11 12:47:30,465][INFO][clas_trainer:133] - train epoch: 5 [16288/54622 (30%)], lr: ['1.00e-04', '1.00e-04'], loss: 0.414618
[2023-11-11 12:47:39,698][INFO][clas_trainer:133] - train epoch: 5 [21728/54622 (40%)], lr: ['1.00e-04', '1.00e-04'], loss: 0.309820
[2023-11-11 12:47:49,013][INFO][clas_trainer:133] - train epoch: 5 [27168/54622 (50%)], lr: ['1.00e-04', '1.00e-04'], loss: 0.300010
[2023-11-11 12:47:58,465][INFO][clas_trainer:133] - train epoch: 5 [32608/54622 (60%)], lr: ['1.00e-04', '1.00e-04'], loss: 0.217665
[2023-11-11 12:48:07,766][INFO][clas_trainer:133] - train epoch: 5 [38048/54622 (70%)], lr: ['1.00e-04', '1.00e-04'], loss: 0.364311
[2023-11-11 12:48:17,201][INFO][clas_trainer:133] - train epoch: 5 [43488/54622 (80%)], lr: ['1.00e-04', '1.00e-04'], loss: 0.457203
[2023-11-11 12:48:26,468][INFO][clas_trainer:133] - train epoch: 5 [48928/54622 (90%)], lr: ['1.00e-04', '1.00e-04'], loss: 0.639362
[2023-11-11 12:48:36,120][INFO][clas_trainer:133] - train epoch: 5 [54368/54622 (100%)], lr: ['1.00e-04', '1.00e-04'], loss: 0.718909
[2023-11-11 12:48:52,098][INFO][clas_trainer:63] - [epoch   5] execution time: 110.46s	metrics:
[2023-11-11 12:48:52,098][INFO][clas_evaluator:99] - dataset: earlystopping, avg f1-score: 0.7476
[2023-11-11 12:48:52,159][INFO][base_model:51] - snapshot saved to ./models/exp007b-m51-base_fe_clas-2023-11-11_03-11-14-final.pth
[2023-11-11 12:49:02,288][INFO][clas_trainer:133] - train epoch: 6 [5408/54622 (10%)], lr: ['1.00e-04', '1.00e-04'], loss: 0.166214
[2023-11-11 12:49:11,386][INFO][clas_trainer:133] - train epoch: 6 [10848/54622 (20%)], lr: ['1.00e-04', '1.00e-04'], loss: 0.449041
[2023-11-11 12:49:20,520][INFO][clas_trainer:133] - train epoch: 6 [16288/54622 (30%)], lr: ['1.00e-04', '1.00e-04'], loss: 0.246873
[2023-11-11 12:49:29,478][INFO][clas_trainer:133] - train epoch: 6 [21728/54622 (40%)], lr: ['1.00e-04', '1.00e-04'], loss: 0.334377
[2023-11-11 12:49:38,765][INFO][clas_trainer:133] - train epoch: 6 [27168/54622 (50%)], lr: ['1.00e-04', '1.00e-04'], loss: 0.121282
[2023-11-11 12:49:47,735][INFO][clas_trainer:133] - train epoch: 6 [32608/54622 (60%)], lr: ['1.00e-04', '1.00e-04'], loss: 0.423663
[2023-11-11 12:49:56,828][INFO][clas_trainer:133] - train epoch: 6 [38048/54622 (70%)], lr: ['1.00e-04', '1.00e-04'], loss: 0.293187
[2023-11-11 12:50:05,757][INFO][clas_trainer:133] - train epoch: 6 [43488/54622 (80%)], lr: ['1.00e-04', '1.00e-04'], loss: 0.245897
[2023-11-11 12:50:15,018][INFO][clas_trainer:133] - train epoch: 6 [48928/54622 (90%)], lr: ['1.00e-04', '1.00e-04'], loss: 0.318055
[2023-11-11 12:50:23,889][INFO][clas_trainer:133] - train epoch: 6 [54368/54622 (100%)], lr: ['1.00e-04', '1.00e-04'], loss: 0.324259
[2023-11-11 12:50:39,692][INFO][clas_trainer:63] - [epoch   6] execution time: 107.53s	metrics:
[2023-11-11 12:50:39,692][INFO][clas_evaluator:99] - dataset: earlystopping, avg f1-score: 0.7500
[2023-11-11 12:50:39,750][INFO][base_model:51] - snapshot saved to ./models/exp007b-m51-base_fe_clas-2023-11-11_03-11-14-final.pth
[2023-11-11 12:50:49,864][INFO][clas_trainer:133] - train epoch: 7 [5408/54622 (10%)], lr: ['1.00e-04', '1.00e-04'], loss: 0.221866
[2023-11-11 12:50:58,901][INFO][clas_trainer:133] - train epoch: 7 [10848/54622 (20%)], lr: ['1.00e-04', '1.00e-04'], loss: 0.405293
[2023-11-11 12:51:08,083][INFO][clas_trainer:133] - train epoch: 7 [16288/54622 (30%)], lr: ['1.00e-04', '1.00e-04'], loss: 0.252915
[2023-11-11 12:51:17,276][INFO][clas_trainer:133] - train epoch: 7 [21728/54622 (40%)], lr: ['1.00e-04', '1.00e-04'], loss: 0.270183
[2023-11-11 12:51:26,413][INFO][clas_trainer:133] - train epoch: 7 [27168/54622 (50%)], lr: ['1.00e-04', '1.00e-04'], loss: 0.238422
[2023-11-11 12:51:35,382][INFO][clas_trainer:133] - train epoch: 7 [32608/54622 (60%)], lr: ['1.00e-04', '1.00e-04'], loss: 0.152376
[2023-11-11 12:51:44,509][INFO][clas_trainer:133] - train epoch: 7 [38048/54622 (70%)], lr: ['1.00e-04', '1.00e-04'], loss: 0.442252
[2023-11-11 12:51:53,573][INFO][clas_trainer:133] - train epoch: 7 [43488/54622 (80%)], lr: ['1.00e-04', '1.00e-04'], loss: 0.350065
[2023-11-11 12:52:02,654][INFO][clas_trainer:133] - train epoch: 7 [48928/54622 (90%)], lr: ['1.00e-04', '1.00e-04'], loss: 0.175739
[2023-11-11 12:52:11,561][INFO][clas_trainer:133] - train epoch: 7 [54368/54622 (100%)], lr: ['1.00e-04', '1.00e-04'], loss: 0.081654
[2023-11-11 12:52:27,478][INFO][clas_trainer:63] - [epoch   7] execution time: 107.73s	metrics:
[2023-11-11 12:52:27,478][INFO][clas_evaluator:99] - dataset: earlystopping, avg f1-score: 0.7715
[2023-11-11 12:52:27,535][INFO][base_model:51] - snapshot saved to ./models/exp007b-m51-base_fe_clas-2023-11-11_03-11-14-final.pth
[2023-11-11 12:52:37,431][INFO][clas_trainer:133] - train epoch: 8 [5408/54622 (10%)], lr: ['1.00e-04', '1.00e-04'], loss: 0.106212
[2023-11-11 12:52:46,477][INFO][clas_trainer:133] - train epoch: 8 [10848/54622 (20%)], lr: ['1.00e-04', '1.00e-04'], loss: 0.341057
[2023-11-11 12:52:55,617][INFO][clas_trainer:133] - train epoch: 8 [16288/54622 (30%)], lr: ['1.00e-04', '1.00e-04'], loss: 0.268712
[2023-11-11 12:53:04,893][INFO][clas_trainer:133] - train epoch: 8 [21728/54622 (40%)], lr: ['1.00e-04', '1.00e-04'], loss: 0.156193
[2023-11-11 12:53:13,884][INFO][clas_trainer:133] - train epoch: 8 [27168/54622 (50%)], lr: ['1.00e-04', '1.00e-04'], loss: 0.215742
[2023-11-11 12:53:23,028][INFO][clas_trainer:133] - train epoch: 8 [32608/54622 (60%)], lr: ['1.00e-04', '1.00e-04'], loss: 0.106794
[2023-11-11 12:53:32,171][INFO][clas_trainer:133] - train epoch: 8 [38048/54622 (70%)], lr: ['1.00e-04', '1.00e-04'], loss: 0.364264
[2023-11-11 12:53:41,347][INFO][clas_trainer:133] - train epoch: 8 [43488/54622 (80%)], lr: ['1.00e-04', '1.00e-04'], loss: 0.407353
[2023-11-11 12:53:50,397][INFO][clas_trainer:133] - train epoch: 8 [48928/54622 (90%)], lr: ['1.00e-04', '1.00e-04'], loss: 0.269485
[2023-11-11 12:53:59,471][INFO][clas_trainer:133] - train epoch: 8 [54368/54622 (100%)], lr: ['1.00e-04', '1.00e-04'], loss: 0.503843
[2023-11-11 12:54:15,353][INFO][clas_trainer:63] - [epoch   8] execution time: 107.82s	metrics:
[2023-11-11 12:54:15,353][INFO][clas_evaluator:99] - dataset: earlystopping, avg f1-score: 0.7493
[2023-11-11 12:54:25,274][INFO][clas_trainer:133] - train epoch: 9 [5408/54622 (10%)], lr: ['1.00e-04', '1.00e-04'], loss: 0.236839
[2023-11-11 12:54:34,325][INFO][clas_trainer:133] - train epoch: 9 [10848/54622 (20%)], lr: ['1.00e-04', '1.00e-04'], loss: 0.342984
[2023-11-11 12:54:43,718][INFO][clas_trainer:133] - train epoch: 9 [16288/54622 (30%)], lr: ['1.00e-04', '1.00e-04'], loss: 0.310826
[2023-11-11 12:54:52,737][INFO][clas_trainer:133] - train epoch: 9 [21728/54622 (40%)], lr: ['1.00e-04', '1.00e-04'], loss: 0.278708
[2023-11-11 12:55:01,859][INFO][clas_trainer:133] - train epoch: 9 [27168/54622 (50%)], lr: ['1.00e-04', '1.00e-04'], loss: 0.194254
[2023-11-11 12:55:10,942][INFO][clas_trainer:133] - train epoch: 9 [32608/54622 (60%)], lr: ['1.00e-04', '1.00e-04'], loss: 0.115864
[2023-11-11 12:55:20,040][INFO][clas_trainer:133] - train epoch: 9 [38048/54622 (70%)], lr: ['1.00e-04', '1.00e-04'], loss: 0.528673
[2023-11-11 12:55:29,026][INFO][clas_trainer:133] - train epoch: 9 [43488/54622 (80%)], lr: ['1.00e-04', '1.00e-04'], loss: 0.333492
[2023-11-11 12:55:38,084][INFO][clas_trainer:133] - train epoch: 9 [48928/54622 (90%)], lr: ['1.00e-04', '1.00e-04'], loss: 0.476453
[2023-11-11 12:55:47,174][INFO][clas_trainer:133] - train epoch: 9 [54368/54622 (100%)], lr: ['1.00e-04', '1.00e-04'], loss: 0.231147
[2023-11-11 12:56:02,924][INFO][clas_trainer:63] - [epoch   9] execution time: 107.57s	metrics:
[2023-11-11 12:56:02,924][INFO][clas_evaluator:99] - dataset: earlystopping, avg f1-score: 0.7721
[2023-11-11 12:56:02,982][INFO][base_model:51] - snapshot saved to ./models/exp007b-m51-base_fe_clas-2023-11-11_03-11-14-final.pth
[2023-11-11 12:56:12,892][INFO][clas_trainer:133] - train epoch: 10 [5408/54622 (10%)], lr: ['1.00e-04', '1.00e-04'], loss: 0.388797
[2023-11-11 12:56:22,156][INFO][clas_trainer:133] - train epoch: 10 [10848/54622 (20%)], lr: ['1.00e-04', '1.00e-04'], loss: 0.244091
[2023-11-11 12:56:31,400][INFO][clas_trainer:133] - train epoch: 10 [16288/54622 (30%)], lr: ['1.00e-04', '1.00e-04'], loss: 0.261512
[2023-11-11 12:56:40,432][INFO][clas_trainer:133] - train epoch: 10 [21728/54622 (40%)], lr: ['1.00e-04', '1.00e-04'], loss: 0.089557
[2023-11-11 12:56:49,524][INFO][clas_trainer:133] - train epoch: 10 [27168/54622 (50%)], lr: ['1.00e-04', '1.00e-04'], loss: 0.406003
[2023-11-11 12:56:58,627][INFO][clas_trainer:133] - train epoch: 10 [32608/54622 (60%)], lr: ['1.00e-04', '1.00e-04'], loss: 0.265647
[2023-11-11 12:57:07,691][INFO][clas_trainer:133] - train epoch: 10 [38048/54622 (70%)], lr: ['1.00e-04', '1.00e-04'], loss: 0.083446
[2023-11-11 12:57:16,701][INFO][clas_trainer:133] - train epoch: 10 [43488/54622 (80%)], lr: ['1.00e-04', '1.00e-04'], loss: 0.288733
[2023-11-11 12:57:25,821][INFO][clas_trainer:133] - train epoch: 10 [48928/54622 (90%)], lr: ['1.00e-04', '1.00e-04'], loss: 0.230304
[2023-11-11 12:57:34,926][INFO][clas_trainer:133] - train epoch: 10 [54368/54622 (100%)], lr: ['1.00e-04', '1.00e-04'], loss: 0.281695
[2023-11-11 12:57:50,686][INFO][clas_trainer:63] - [epoch  10] execution time: 107.70s	metrics:
[2023-11-11 12:57:50,686][INFO][clas_evaluator:99] - dataset: earlystopping, avg f1-score: 0.7685
[2023-11-11 12:58:00,720][INFO][clas_trainer:133] - train epoch: 11 [5408/54622 (10%)], lr: ['1.00e-04', '1.00e-04'], loss: 0.313943
[2023-11-11 12:58:09,933][INFO][clas_trainer:133] - train epoch: 11 [10848/54622 (20%)], lr: ['1.00e-04', '1.00e-04'], loss: 0.473460
[2023-11-11 12:58:19,172][INFO][clas_trainer:133] - train epoch: 11 [16288/54622 (30%)], lr: ['1.00e-04', '1.00e-04'], loss: 0.236047
[2023-11-11 12:58:28,140][INFO][clas_trainer:133] - train epoch: 11 [21728/54622 (40%)], lr: ['1.00e-04', '1.00e-04'], loss: 0.309190
[2023-11-11 12:58:37,367][INFO][clas_trainer:133] - train epoch: 11 [27168/54622 (50%)], lr: ['1.00e-04', '1.00e-04'], loss: 0.237401
[2023-11-11 12:58:46,307][INFO][clas_trainer:133] - train epoch: 11 [32608/54622 (60%)], lr: ['1.00e-04', '1.00e-04'], loss: 0.119347
[2023-11-11 12:58:55,337][INFO][clas_trainer:133] - train epoch: 11 [38048/54622 (70%)], lr: ['1.00e-04', '1.00e-04'], loss: 0.384257
[2023-11-11 12:59:04,547][INFO][clas_trainer:133] - train epoch: 11 [43488/54622 (80%)], lr: ['1.00e-04', '1.00e-04'], loss: 0.313117
[2023-11-11 12:59:13,554][INFO][clas_trainer:133] - train epoch: 11 [48928/54622 (90%)], lr: ['1.00e-04', '1.00e-04'], loss: 0.214711
[2023-11-11 12:59:22,650][INFO][clas_trainer:133] - train epoch: 11 [54368/54622 (100%)], lr: ['1.00e-04', '1.00e-04'], loss: 0.099172
[2023-11-11 12:59:38,576][INFO][clas_trainer:63] - [epoch  11] execution time: 107.89s	metrics:
[2023-11-11 12:59:38,576][INFO][clas_evaluator:99] - dataset: earlystopping, avg f1-score: 0.7434
[2023-11-11 12:59:48,467][INFO][clas_trainer:133] - train epoch: 12 [5408/54622 (10%)], lr: ['1.00e-04', '1.00e-04'], loss: 0.068343
[2023-11-11 12:59:57,551][INFO][clas_trainer:133] - train epoch: 12 [10848/54622 (20%)], lr: ['1.00e-04', '1.00e-04'], loss: 0.059164
[2023-11-11 13:00:06,822][INFO][clas_trainer:133] - train epoch: 12 [16288/54622 (30%)], lr: ['1.00e-04', '1.00e-04'], loss: 0.274994
[2023-11-11 13:00:16,038][INFO][clas_trainer:133] - train epoch: 12 [21728/54622 (40%)], lr: ['1.00e-04', '1.00e-04'], loss: 0.146674
[2023-11-11 13:00:25,260][INFO][clas_trainer:133] - train epoch: 12 [27168/54622 (50%)], lr: ['1.00e-04', '1.00e-04'], loss: 0.192536
[2023-11-11 13:00:34,262][INFO][clas_trainer:133] - train epoch: 12 [32608/54622 (60%)], lr: ['1.00e-04', '1.00e-04'], loss: 0.322847
[2023-11-11 13:00:43,605][INFO][clas_trainer:133] - train epoch: 12 [38048/54622 (70%)], lr: ['1.00e-04', '1.00e-04'], loss: 0.235513
[2023-11-11 13:00:52,563][INFO][clas_trainer:133] - train epoch: 12 [43488/54622 (80%)], lr: ['1.00e-04', '1.00e-04'], loss: 0.126062
[2023-11-11 13:01:01,705][INFO][clas_trainer:133] - train epoch: 12 [48928/54622 (90%)], lr: ['1.00e-04', '1.00e-04'], loss: 0.207116
[2023-11-11 13:01:10,667][INFO][clas_trainer:133] - train epoch: 12 [54368/54622 (100%)], lr: ['1.00e-04', '1.00e-04'], loss: 0.125866
[2023-11-11 13:01:26,707][INFO][clas_trainer:63] - [epoch  12] execution time: 108.13s	metrics:
[2023-11-11 13:01:26,707][INFO][clas_evaluator:99] - dataset: earlystopping, avg f1-score: 0.7480
[2023-11-11 13:01:36,654][INFO][clas_trainer:133] - train epoch: 13 [5408/54622 (10%)], lr: ['1.00e-04', '1.00e-04'], loss: 0.166034
[2023-11-11 13:01:45,725][INFO][clas_trainer:133] - train epoch: 13 [10848/54622 (20%)], lr: ['1.00e-04', '1.00e-04'], loss: 0.320946
[2023-11-11 13:01:55,045][INFO][clas_trainer:133] - train epoch: 13 [16288/54622 (30%)], lr: ['1.00e-04', '1.00e-04'], loss: 0.237247
[2023-11-11 13:02:04,029][INFO][clas_trainer:133] - train epoch: 13 [21728/54622 (40%)], lr: ['1.00e-04', '1.00e-04'], loss: 0.589372
[2023-11-11 13:02:13,205][INFO][clas_trainer:133] - train epoch: 13 [27168/54622 (50%)], lr: ['1.00e-04', '1.00e-04'], loss: 0.166640
[2023-11-11 13:02:22,194][INFO][clas_trainer:133] - train epoch: 13 [32608/54622 (60%)], lr: ['1.00e-04', '1.00e-04'], loss: 0.228001
[2023-11-11 13:02:31,478][INFO][clas_trainer:133] - train epoch: 13 [38048/54622 (70%)], lr: ['1.00e-04', '1.00e-04'], loss: 0.155942
[2023-11-11 13:02:40,464][INFO][clas_trainer:133] - train epoch: 13 [43488/54622 (80%)], lr: ['1.00e-04', '1.00e-04'], loss: 0.092684
[2023-11-11 13:02:49,555][INFO][clas_trainer:133] - train epoch: 13 [48928/54622 (90%)], lr: ['1.00e-04', '1.00e-04'], loss: 0.241691
[2023-11-11 13:02:58,664][INFO][clas_trainer:133] - train epoch: 13 [54368/54622 (100%)], lr: ['1.00e-04', '1.00e-04'], loss: 0.289447
[2023-11-11 13:03:14,334][INFO][clas_trainer:63] - [epoch  13] execution time: 107.63s	metrics:
[2023-11-11 13:03:14,335][INFO][clas_evaluator:99] - dataset: earlystopping, avg f1-score: 0.7887
[2023-11-11 13:03:14,596][INFO][base_model:51] - snapshot saved to ./models/exp007b-m51-base_fe_clas-2023-11-11_03-11-14-final.pth
[2023-11-11 13:03:24,462][INFO][clas_trainer:133] - train epoch: 14 [5408/54622 (10%)], lr: ['1.00e-04', '1.00e-04'], loss: 0.277110
[2023-11-11 13:03:33,679][INFO][clas_trainer:133] - train epoch: 14 [10848/54622 (20%)], lr: ['1.00e-04', '1.00e-04'], loss: 0.463914
[2023-11-11 13:03:42,866][INFO][clas_trainer:133] - train epoch: 14 [16288/54622 (30%)], lr: ['1.00e-04', '1.00e-04'], loss: 0.404772
[2023-11-11 13:03:51,846][INFO][clas_trainer:133] - train epoch: 14 [21728/54622 (40%)], lr: ['1.00e-04', '1.00e-04'], loss: 0.043763
[2023-11-11 13:04:01,009][INFO][clas_trainer:133] - train epoch: 14 [27168/54622 (50%)], lr: ['1.00e-04', '1.00e-04'], loss: 0.151687
[2023-11-11 13:04:10,139][INFO][clas_trainer:133] - train epoch: 14 [32608/54622 (60%)], lr: ['1.00e-04', '1.00e-04'], loss: 0.319707
[2023-11-11 13:04:19,262][INFO][clas_trainer:133] - train epoch: 14 [38048/54622 (70%)], lr: ['1.00e-04', '1.00e-04'], loss: 0.165416
[2023-11-11 13:04:28,245][INFO][clas_trainer:133] - train epoch: 14 [43488/54622 (80%)], lr: ['1.00e-04', '1.00e-04'], loss: 0.127346
[2023-11-11 13:04:37,499][INFO][clas_trainer:133] - train epoch: 14 [48928/54622 (90%)], lr: ['1.00e-04', '1.00e-04'], loss: 0.145431
[2023-11-11 13:04:46,509][INFO][clas_trainer:133] - train epoch: 14 [54368/54622 (100%)], lr: ['1.00e-04', '1.00e-04'], loss: 0.367143
[2023-11-11 13:05:02,526][INFO][clas_trainer:63] - [epoch  14] execution time: 107.93s	metrics:
[2023-11-11 13:05:02,526][INFO][clas_evaluator:99] - dataset: earlystopping, avg f1-score: 0.7685
[2023-11-11 13:05:12,596][INFO][clas_trainer:133] - train epoch: 15 [5408/54622 (10%)], lr: ['1.00e-04', '1.00e-04'], loss: 0.148683
[2023-11-11 13:05:21,928][INFO][clas_trainer:133] - train epoch: 15 [10848/54622 (20%)], lr: ['1.00e-04', '1.00e-04'], loss: 0.161948
[2023-11-11 13:05:31,147][INFO][clas_trainer:133] - train epoch: 15 [16288/54622 (30%)], lr: ['1.00e-04', '1.00e-04'], loss: 0.495797
[2023-11-11 13:05:40,502][INFO][clas_trainer:133] - train epoch: 15 [21728/54622 (40%)], lr: ['1.00e-04', '1.00e-04'], loss: 0.116887
[2023-11-11 13:05:49,677][INFO][clas_trainer:133] - train epoch: 15 [27168/54622 (50%)], lr: ['1.00e-04', '1.00e-04'], loss: 0.267629
[2023-11-11 13:05:58,756][INFO][clas_trainer:133] - train epoch: 15 [32608/54622 (60%)], lr: ['1.00e-04', '1.00e-04'], loss: 0.247937
[2023-11-11 13:06:07,710][INFO][clas_trainer:133] - train epoch: 15 [38048/54622 (70%)], lr: ['1.00e-04', '1.00e-04'], loss: 0.140704
[2023-11-11 13:06:16,943][INFO][clas_trainer:133] - train epoch: 15 [43488/54622 (80%)], lr: ['1.00e-04', '1.00e-04'], loss: 0.490564
[2023-11-11 13:06:25,901][INFO][clas_trainer:133] - train epoch: 15 [48928/54622 (90%)], lr: ['1.00e-04', '1.00e-04'], loss: 0.115375
[2023-11-11 13:06:34,943][INFO][clas_trainer:133] - train epoch: 15 [54368/54622 (100%)], lr: ['1.00e-04', '1.00e-04'], loss: 0.092860
[2023-11-11 13:06:50,912][INFO][clas_trainer:63] - [epoch  15] execution time: 108.39s	metrics:
[2023-11-11 13:06:50,912][INFO][clas_evaluator:99] - dataset: earlystopping, avg f1-score: 0.7560
[2023-11-11 13:07:00,801][INFO][clas_trainer:133] - train epoch: 16 [5408/54622 (10%)], lr: ['1.00e-04', '1.00e-04'], loss: 0.233516
[2023-11-11 13:07:09,842][INFO][clas_trainer:133] - train epoch: 16 [10848/54622 (20%)], lr: ['1.00e-04', '1.00e-04'], loss: 0.399485
[2023-11-11 13:07:18,961][INFO][clas_trainer:133] - train epoch: 16 [16288/54622 (30%)], lr: ['1.00e-04', '1.00e-04'], loss: 0.093315
[2023-11-11 13:07:28,082][INFO][clas_trainer:133] - train epoch: 16 [21728/54622 (40%)], lr: ['1.00e-04', '1.00e-04'], loss: 0.103890
[2023-11-11 13:07:37,177][INFO][clas_trainer:133] - train epoch: 16 [27168/54622 (50%)], lr: ['1.00e-04', '1.00e-04'], loss: 0.190586
[2023-11-11 13:07:46,142][INFO][clas_trainer:133] - train epoch: 16 [32608/54622 (60%)], lr: ['1.00e-04', '1.00e-04'], loss: 0.741997
[2023-11-11 13:07:55,257][INFO][clas_trainer:133] - train epoch: 16 [38048/54622 (70%)], lr: ['1.00e-04', '1.00e-04'], loss: 0.375376
[2023-11-11 13:08:04,330][INFO][clas_trainer:133] - train epoch: 16 [43488/54622 (80%)], lr: ['1.00e-04', '1.00e-04'], loss: 0.237903
[2023-11-11 13:08:13,419][INFO][clas_trainer:133] - train epoch: 16 [48928/54622 (90%)], lr: ['1.00e-04', '1.00e-04'], loss: 0.171349
[2023-11-11 13:08:22,242][INFO][clas_trainer:133] - train epoch: 16 [54368/54622 (100%)], lr: ['1.00e-04', '1.00e-04'], loss: 0.282391
[2023-11-11 13:08:38,344][INFO][clas_trainer:63] - [epoch  16] execution time: 107.43s	metrics:
[2023-11-11 13:08:38,344][INFO][clas_evaluator:99] - dataset: earlystopping, avg f1-score: 0.7461
[2023-11-11 13:08:48,213][INFO][clas_trainer:133] - train epoch: 17 [5408/54622 (10%)], lr: ['1.00e-04', '1.00e-04'], loss: 0.272022
[2023-11-11 13:08:57,248][INFO][clas_trainer:133] - train epoch: 17 [10848/54622 (20%)], lr: ['1.00e-04', '1.00e-04'], loss: 0.189650
[2023-11-11 13:09:06,532][INFO][clas_trainer:133] - train epoch: 17 [16288/54622 (30%)], lr: ['1.00e-04', '1.00e-04'], loss: 0.158770
[2023-11-11 13:09:15,467][INFO][clas_trainer:133] - train epoch: 17 [21728/54622 (40%)], lr: ['1.00e-04', '1.00e-04'], loss: 0.186436
[2023-11-11 13:09:24,678][INFO][clas_trainer:133] - train epoch: 17 [27168/54622 (50%)], lr: ['1.00e-04', '1.00e-04'], loss: 0.267088
[2023-11-11 13:09:33,996][INFO][clas_trainer:133] - train epoch: 17 [32608/54622 (60%)], lr: ['1.00e-04', '1.00e-04'], loss: 0.201360
[2023-11-11 13:09:43,197][INFO][clas_trainer:133] - train epoch: 17 [38048/54622 (70%)], lr: ['1.00e-04', '1.00e-04'], loss: 0.246036
[2023-11-11 13:09:53,330][INFO][clas_trainer:133] - train epoch: 17 [43488/54622 (80%)], lr: ['1.00e-04', '1.00e-04'], loss: 0.343563
[2023-11-11 13:10:04,316][INFO][clas_trainer:133] - train epoch: 17 [48928/54622 (90%)], lr: ['1.00e-04', '1.00e-04'], loss: 0.389078
[2023-11-11 13:10:15,585][INFO][clas_trainer:133] - train epoch: 17 [54368/54622 (100%)], lr: ['1.00e-04', '1.00e-04'], loss: 0.132921
[2023-11-11 13:10:34,995][INFO][clas_trainer:63] - [epoch  17] execution time: 116.65s	metrics:
[2023-11-11 13:10:34,995][INFO][clas_evaluator:99] - dataset: earlystopping, avg f1-score: 0.7653
[2023-11-11 13:10:47,590][INFO][clas_trainer:133] - train epoch: 18 [5408/54622 (10%)], lr: ['1.00e-04', '1.00e-04'], loss: 0.152741
[2023-11-11 13:11:00,009][INFO][clas_trainer:133] - train epoch: 18 [10848/54622 (20%)], lr: ['1.00e-04', '1.00e-04'], loss: 0.162268
[2023-11-11 13:11:12,067][INFO][clas_trainer:133] - train epoch: 18 [16288/54622 (30%)], lr: ['1.00e-04', '1.00e-04'], loss: 0.372842
[2023-11-11 13:11:24,513][INFO][clas_trainer:133] - train epoch: 18 [21728/54622 (40%)], lr: ['1.00e-04', '1.00e-04'], loss: 0.203231
[2023-11-11 13:11:36,548][INFO][clas_trainer:133] - train epoch: 18 [27168/54622 (50%)], lr: ['1.00e-04', '1.00e-04'], loss: 0.320280
[2023-11-11 13:11:48,711][INFO][clas_trainer:133] - train epoch: 18 [32608/54622 (60%)], lr: ['1.00e-04', '1.00e-04'], loss: 0.173873
[2023-11-11 13:12:00,794][INFO][clas_trainer:133] - train epoch: 18 [38048/54622 (70%)], lr: ['1.00e-04', '1.00e-04'], loss: 0.183072
[2023-11-11 13:12:12,970][INFO][clas_trainer:133] - train epoch: 18 [43488/54622 (80%)], lr: ['1.00e-04', '1.00e-04'], loss: 0.392520
[2023-11-11 13:12:24,881][INFO][clas_trainer:133] - train epoch: 18 [48928/54622 (90%)], lr: ['1.00e-04', '1.00e-04'], loss: 0.227955
[2023-11-11 13:12:37,765][INFO][clas_trainer:133] - train epoch: 18 [54368/54622 (100%)], lr: ['1.00e-04', '1.00e-04'], loss: 0.082587
[2023-11-11 13:12:58,464][INFO][clas_trainer:63] - [epoch  18] execution time: 143.47s	metrics:
[2023-11-11 13:12:58,465][INFO][clas_evaluator:99] - dataset: earlystopping, avg f1-score: 0.8001
[2023-11-11 13:12:58,523][INFO][base_model:51] - snapshot saved to ./models/exp007b-m51-base_fe_clas-2023-11-11_03-11-14-final.pth
[2023-11-11 13:13:11,867][INFO][clas_trainer:133] - train epoch: 19 [5408/54622 (10%)], lr: ['1.00e-04', '1.00e-04'], loss: 0.266700
[2023-11-11 13:13:24,805][INFO][clas_trainer:133] - train epoch: 19 [10848/54622 (20%)], lr: ['1.00e-04', '1.00e-04'], loss: 0.124435
[2023-11-11 13:13:37,871][INFO][clas_trainer:133] - train epoch: 19 [16288/54622 (30%)], lr: ['1.00e-04', '1.00e-04'], loss: 0.399878
[2023-11-11 13:13:50,366][INFO][clas_trainer:133] - train epoch: 19 [21728/54622 (40%)], lr: ['1.00e-04', '1.00e-04'], loss: 0.168266
[2023-11-11 13:14:03,156][INFO][clas_trainer:133] - train epoch: 19 [27168/54622 (50%)], lr: ['1.00e-04', '1.00e-04'], loss: 0.343332
[2023-11-11 13:14:15,866][INFO][clas_trainer:133] - train epoch: 19 [32608/54622 (60%)], lr: ['1.00e-04', '1.00e-04'], loss: 0.097214
[2023-11-11 13:14:28,006][INFO][clas_trainer:133] - train epoch: 19 [38048/54622 (70%)], lr: ['1.00e-04', '1.00e-04'], loss: 0.076682
[2023-11-11 13:14:40,365][INFO][clas_trainer:133] - train epoch: 19 [43488/54622 (80%)], lr: ['1.00e-04', '1.00e-04'], loss: 0.301048
[2023-11-11 13:14:52,572][INFO][clas_trainer:133] - train epoch: 19 [48928/54622 (90%)], lr: ['1.00e-04', '1.00e-04'], loss: 0.142730
[2023-11-11 13:15:05,444][INFO][clas_trainer:133] - train epoch: 19 [54368/54622 (100%)], lr: ['1.00e-04', '1.00e-04'], loss: 0.200531
[2023-11-11 13:15:26,325][INFO][clas_trainer:63] - [epoch  19] execution time: 147.80s	metrics:
[2023-11-11 13:15:26,325][INFO][clas_evaluator:99] - dataset: earlystopping, avg f1-score: 0.7725
[2023-11-11 13:15:39,428][INFO][clas_trainer:133] - train epoch: 20 [5408/54622 (10%)], lr: ['1.00e-04', '1.00e-04'], loss: 0.058713
[2023-11-11 13:15:51,566][INFO][clas_trainer:133] - train epoch: 20 [10848/54622 (20%)], lr: ['1.00e-04', '1.00e-04'], loss: 0.065099
[2023-11-11 13:16:03,975][INFO][clas_trainer:133] - train epoch: 20 [16288/54622 (30%)], lr: ['1.00e-04', '1.00e-04'], loss: 0.273222
[2023-11-11 13:16:16,252][INFO][clas_trainer:133] - train epoch: 20 [21728/54622 (40%)], lr: ['1.00e-04', '1.00e-04'], loss: 0.365402
[2023-11-11 13:16:29,113][INFO][clas_trainer:133] - train epoch: 20 [27168/54622 (50%)], lr: ['1.00e-04', '1.00e-04'], loss: 0.126342
[2023-11-11 13:16:41,148][INFO][clas_trainer:133] - train epoch: 20 [32608/54622 (60%)], lr: ['1.00e-04', '1.00e-04'], loss: 0.189654
[2023-11-11 13:16:53,622][INFO][clas_trainer:133] - train epoch: 20 [38048/54622 (70%)], lr: ['1.00e-04', '1.00e-04'], loss: 0.175416
[2023-11-11 13:17:06,179][INFO][clas_trainer:133] - train epoch: 20 [43488/54622 (80%)], lr: ['1.00e-04', '1.00e-04'], loss: 0.301261
[2023-11-11 13:17:18,873][INFO][clas_trainer:133] - train epoch: 20 [48928/54622 (90%)], lr: ['1.00e-04', '1.00e-04'], loss: 0.192177
[2023-11-11 13:17:31,158][INFO][clas_trainer:133] - train epoch: 20 [54368/54622 (100%)], lr: ['1.00e-04', '1.00e-04'], loss: 0.153569
[2023-11-11 13:17:51,904][INFO][clas_trainer:63] - [epoch  20] execution time: 145.58s	metrics:
[2023-11-11 13:17:51,905][INFO][clas_evaluator:99] - dataset: earlystopping, avg f1-score: 0.7843
[2023-11-11 13:18:05,255][INFO][clas_trainer:133] - train epoch: 21 [5408/54622 (10%)], lr: ['1.00e-04', '1.00e-04'], loss: 0.235323
[2023-11-11 13:18:17,542][INFO][clas_trainer:133] - train epoch: 21 [10848/54622 (20%)], lr: ['1.00e-04', '1.00e-04'], loss: 0.198722
[2023-11-11 13:18:30,251][INFO][clas_trainer:133] - train epoch: 21 [16288/54622 (30%)], lr: ['1.00e-04', '1.00e-04'], loss: 0.159917
[2023-11-11 13:18:42,989][INFO][clas_trainer:133] - train epoch: 21 [21728/54622 (40%)], lr: ['1.00e-04', '1.00e-04'], loss: 0.263379
[2023-11-11 13:18:55,696][INFO][clas_trainer:133] - train epoch: 21 [27168/54622 (50%)], lr: ['1.00e-04', '1.00e-04'], loss: 0.162898
[2023-11-11 13:19:08,057][INFO][clas_trainer:133] - train epoch: 21 [32608/54622 (60%)], lr: ['1.00e-04', '1.00e-04'], loss: 0.031051
[2023-11-11 13:19:20,743][INFO][clas_trainer:133] - train epoch: 21 [38048/54622 (70%)], lr: ['1.00e-04', '1.00e-04'], loss: 0.408672
[2023-11-11 13:19:32,946][INFO][clas_trainer:133] - train epoch: 21 [43488/54622 (80%)], lr: ['1.00e-04', '1.00e-04'], loss: 0.069844
[2023-11-11 13:19:45,143][INFO][clas_trainer:133] - train epoch: 21 [48928/54622 (90%)], lr: ['1.00e-04', '1.00e-04'], loss: 0.146910
[2023-11-11 13:19:57,836][INFO][clas_trainer:133] - train epoch: 21 [54368/54622 (100%)], lr: ['1.00e-04', '1.00e-04'], loss: 0.301586
[2023-11-11 13:20:19,742][INFO][clas_trainer:63] - [epoch  21] execution time: 147.84s	metrics:
[2023-11-11 13:20:19,742][INFO][clas_evaluator:99] - dataset: earlystopping, avg f1-score: 0.7822
[2023-11-11 13:20:33,587][INFO][clas_trainer:133] - train epoch: 22 [5408/54622 (10%)], lr: ['1.00e-04', '1.00e-04'], loss: 0.155889
[2023-11-11 13:20:45,716][INFO][clas_trainer:133] - train epoch: 22 [10848/54622 (20%)], lr: ['1.00e-04', '1.00e-04'], loss: 0.281419
[2023-11-11 13:20:58,804][INFO][clas_trainer:133] - train epoch: 22 [16288/54622 (30%)], lr: ['1.00e-04', '1.00e-04'], loss: 0.268640
[2023-11-11 13:21:11,319][INFO][clas_trainer:133] - train epoch: 22 [21728/54622 (40%)], lr: ['1.00e-04', '1.00e-04'], loss: 0.091737
[2023-11-11 13:21:23,730][INFO][clas_trainer:133] - train epoch: 22 [27168/54622 (50%)], lr: ['1.00e-04', '1.00e-04'], loss: 0.106556
[2023-11-11 13:21:36,258][INFO][clas_trainer:133] - train epoch: 22 [32608/54622 (60%)], lr: ['1.00e-04', '1.00e-04'], loss: 0.169605
[2023-11-11 13:21:48,255][INFO][clas_trainer:133] - train epoch: 22 [38048/54622 (70%)], lr: ['1.00e-04', '1.00e-04'], loss: 0.140443
[2023-11-11 13:22:00,532][INFO][clas_trainer:133] - train epoch: 22 [43488/54622 (80%)], lr: ['1.00e-04', '1.00e-04'], loss: 0.217666
[2023-11-11 13:22:12,657][INFO][clas_trainer:133] - train epoch: 22 [48928/54622 (90%)], lr: ['1.00e-04', '1.00e-04'], loss: 0.216967
[2023-11-11 13:22:24,579][INFO][clas_trainer:133] - train epoch: 22 [54368/54622 (100%)], lr: ['1.00e-04', '1.00e-04'], loss: 0.485340
[2023-11-11 13:22:45,306][INFO][clas_trainer:63] - [epoch  22] execution time: 145.56s	metrics:
[2023-11-11 13:22:45,307][INFO][clas_evaluator:99] - dataset: earlystopping, avg f1-score: 0.7735
[2023-11-11 13:22:58,500][INFO][clas_trainer:133] - train epoch: 23 [5408/54622 (10%)], lr: ['1.00e-04', '1.00e-04'], loss: 0.486101
[2023-11-11 13:23:10,801][INFO][clas_trainer:133] - train epoch: 23 [10848/54622 (20%)], lr: ['1.00e-04', '1.00e-04'], loss: 0.116001
[2023-11-11 13:23:23,026][INFO][clas_trainer:133] - train epoch: 23 [16288/54622 (30%)], lr: ['1.00e-04', '1.00e-04'], loss: 0.167216
[2023-11-11 13:23:35,155][INFO][clas_trainer:133] - train epoch: 23 [21728/54622 (40%)], lr: ['1.00e-04', '1.00e-04'], loss: 0.504487
[2023-11-11 13:23:47,321][INFO][clas_trainer:133] - train epoch: 23 [27168/54622 (50%)], lr: ['1.00e-04', '1.00e-04'], loss: 0.147335
[2023-11-11 13:23:59,670][INFO][clas_trainer:133] - train epoch: 23 [32608/54622 (60%)], lr: ['1.00e-04', '1.00e-04'], loss: 0.237688
[2023-11-11 13:24:12,149][INFO][clas_trainer:133] - train epoch: 23 [38048/54622 (70%)], lr: ['1.00e-04', '1.00e-04'], loss: 0.225031
[2023-11-11 13:24:24,445][INFO][clas_trainer:133] - train epoch: 23 [43488/54622 (80%)], lr: ['1.00e-04', '1.00e-04'], loss: 0.067797
[2023-11-11 13:24:36,758][INFO][clas_trainer:133] - train epoch: 23 [48928/54622 (90%)], lr: ['1.00e-04', '1.00e-04'], loss: 0.242338
[2023-11-11 13:24:49,369][INFO][clas_trainer:133] - train epoch: 23 [54368/54622 (100%)], lr: ['1.00e-04', '1.00e-04'], loss: 0.290443
[2023-11-11 13:25:10,696][INFO][clas_trainer:63] - [epoch  23] execution time: 145.39s	metrics:
[2023-11-11 13:25:10,697][INFO][clas_evaluator:99] - dataset: earlystopping, avg f1-score: 0.7792
[2023-11-11 13:25:23,677][INFO][clas_trainer:133] - train epoch: 24 [5408/54622 (10%)], lr: ['1.00e-04', '1.00e-04'], loss: 0.345813
[2023-11-11 13:25:35,986][INFO][clas_trainer:133] - train epoch: 24 [10848/54622 (20%)], lr: ['1.00e-04', '1.00e-04'], loss: 0.081692
[2023-11-11 13:25:48,374][INFO][clas_trainer:133] - train epoch: 24 [16288/54622 (30%)], lr: ['1.00e-04', '1.00e-04'], loss: 0.086267
[2023-11-11 13:26:00,620][INFO][clas_trainer:133] - train epoch: 24 [21728/54622 (40%)], lr: ['1.00e-04', '1.00e-04'], loss: 0.080261
[2023-11-11 13:26:13,123][INFO][clas_trainer:133] - train epoch: 24 [27168/54622 (50%)], lr: ['1.00e-04', '1.00e-04'], loss: 0.142381
[2023-11-11 13:26:25,514][INFO][clas_trainer:133] - train epoch: 24 [32608/54622 (60%)], lr: ['1.00e-04', '1.00e-04'], loss: 0.158846
[2023-11-11 13:26:37,848][INFO][clas_trainer:133] - train epoch: 24 [38048/54622 (70%)], lr: ['1.00e-04', '1.00e-04'], loss: 0.232739
[2023-11-11 13:26:49,854][INFO][clas_trainer:133] - train epoch: 24 [43488/54622 (80%)], lr: ['1.00e-04', '1.00e-04'], loss: 0.201175
[2023-11-11 13:27:02,188][INFO][clas_trainer:133] - train epoch: 24 [48928/54622 (90%)], lr: ['1.00e-04', '1.00e-04'], loss: 0.093271
[2023-11-11 13:27:14,417][INFO][clas_trainer:133] - train epoch: 24 [54368/54622 (100%)], lr: ['1.00e-04', '1.00e-04'], loss: 0.131529
[2023-11-11 13:27:35,161][INFO][clas_trainer:63] - [epoch  24] execution time: 144.46s	metrics:
[2023-11-11 13:27:35,161][INFO][clas_evaluator:99] - dataset: earlystopping, avg f1-score: 0.7630
[2023-11-11 13:27:48,542][INFO][clas_trainer:133] - train epoch: 25 [5408/54622 (10%)], lr: ['1.00e-04', '1.00e-04'], loss: 0.238670
[2023-11-11 13:28:00,676][INFO][clas_trainer:133] - train epoch: 25 [10848/54622 (20%)], lr: ['1.00e-04', '1.00e-04'], loss: 0.399789
[2023-11-11 13:28:13,292][INFO][clas_trainer:133] - train epoch: 25 [16288/54622 (30%)], lr: ['1.00e-04', '1.00e-04'], loss: 0.175411
[2023-11-11 13:28:25,719][INFO][clas_trainer:133] - train epoch: 25 [21728/54622 (40%)], lr: ['1.00e-04', '1.00e-04'], loss: 0.360630
[2023-11-11 13:28:37,978][INFO][clas_trainer:133] - train epoch: 25 [27168/54622 (50%)], lr: ['1.00e-04', '1.00e-04'], loss: 0.464301
[2023-11-11 13:28:50,247][INFO][clas_trainer:133] - train epoch: 25 [32608/54622 (60%)], lr: ['1.00e-04', '1.00e-04'], loss: 0.284051
[2023-11-11 13:29:02,404][INFO][clas_trainer:133] - train epoch: 25 [38048/54622 (70%)], lr: ['1.00e-04', '1.00e-04'], loss: 0.385170
[2023-11-11 13:29:14,803][INFO][clas_trainer:133] - train epoch: 25 [43488/54622 (80%)], lr: ['1.00e-04', '1.00e-04'], loss: 0.144134
[2023-11-11 13:29:27,272][INFO][clas_trainer:133] - train epoch: 25 [48928/54622 (90%)], lr: ['1.00e-04', '1.00e-04'], loss: 0.337111
[2023-11-11 13:29:39,471][INFO][clas_trainer:133] - train epoch: 25 [54368/54622 (100%)], lr: ['1.00e-04', '1.00e-04'], loss: 0.121799
[2023-11-11 13:30:00,410][INFO][clas_trainer:63] - [epoch  25] execution time: 145.25s	metrics:
[2023-11-11 13:30:00,410][INFO][clas_evaluator:99] - dataset: earlystopping, avg f1-score: 0.7357
[2023-11-11 13:30:14,317][INFO][clas_trainer:133] - train epoch: 26 [5408/54622 (10%)], lr: ['1.00e-04', '1.00e-04'], loss: 0.136029
[2023-11-11 13:30:26,633][INFO][clas_trainer:133] - train epoch: 26 [10848/54622 (20%)], lr: ['1.00e-04', '1.00e-04'], loss: 0.089923
[2023-11-11 13:30:39,311][INFO][clas_trainer:133] - train epoch: 26 [16288/54622 (30%)], lr: ['1.00e-04', '1.00e-04'], loss: 0.236156
[2023-11-11 13:30:51,543][INFO][clas_trainer:133] - train epoch: 26 [21728/54622 (40%)], lr: ['1.00e-04', '1.00e-04'], loss: 0.119148
[2023-11-11 13:31:03,631][INFO][clas_trainer:133] - train epoch: 26 [27168/54622 (50%)], lr: ['1.00e-04', '1.00e-04'], loss: 0.263454
[2023-11-11 13:31:15,942][INFO][clas_trainer:133] - train epoch: 26 [32608/54622 (60%)], lr: ['1.00e-04', '1.00e-04'], loss: 0.101475
[2023-11-11 13:31:28,169][INFO][clas_trainer:133] - train epoch: 26 [38048/54622 (70%)], lr: ['1.00e-04', '1.00e-04'], loss: 0.084495
[2023-11-11 13:31:40,221][INFO][clas_trainer:133] - train epoch: 26 [43488/54622 (80%)], lr: ['1.00e-04', '1.00e-04'], loss: 0.228857
[2023-11-11 13:31:52,449][INFO][clas_trainer:133] - train epoch: 26 [48928/54622 (90%)], lr: ['1.00e-04', '1.00e-04'], loss: 0.322431
[2023-11-11 13:32:04,380][INFO][clas_trainer:133] - train epoch: 26 [54368/54622 (100%)], lr: ['1.00e-04', '1.00e-04'], loss: 0.202559
[2023-11-11 13:32:24,943][INFO][clas_trainer:63] - [epoch  26] execution time: 144.53s	metrics:
[2023-11-11 13:32:24,944][INFO][clas_evaluator:99] - dataset: earlystopping, avg f1-score: 0.7937
[2023-11-11 13:32:38,346][INFO][clas_trainer:133] - train epoch: 27 [5408/54622 (10%)], lr: ['1.00e-04', '1.00e-04'], loss: 0.092102
[2023-11-11 13:32:50,856][INFO][clas_trainer:133] - train epoch: 27 [10848/54622 (20%)], lr: ['1.00e-04', '1.00e-04'], loss: 0.254520
[2023-11-11 13:33:02,904][INFO][clas_trainer:133] - train epoch: 27 [16288/54622 (30%)], lr: ['1.00e-04', '1.00e-04'], loss: 0.254748
[2023-11-11 13:33:15,005][INFO][clas_trainer:133] - train epoch: 27 [21728/54622 (40%)], lr: ['1.00e-04', '1.00e-04'], loss: 0.207686
[2023-11-11 13:33:27,238][INFO][clas_trainer:133] - train epoch: 27 [27168/54622 (50%)], lr: ['1.00e-04', '1.00e-04'], loss: 0.280784
[2023-11-11 13:33:39,508][INFO][clas_trainer:133] - train epoch: 27 [32608/54622 (60%)], lr: ['1.00e-04', '1.00e-04'], loss: 0.254006
[2023-11-11 13:33:51,719][INFO][clas_trainer:133] - train epoch: 27 [38048/54622 (70%)], lr: ['1.00e-04', '1.00e-04'], loss: 0.560867
[2023-11-11 13:34:03,634][INFO][clas_trainer:133] - train epoch: 27 [43488/54622 (80%)], lr: ['1.00e-04', '1.00e-04'], loss: 0.127508
[2023-11-11 13:34:15,665][INFO][clas_trainer:133] - train epoch: 27 [48928/54622 (90%)], lr: ['1.00e-04', '1.00e-04'], loss: 0.144662
[2023-11-11 13:34:27,530][INFO][clas_trainer:133] - train epoch: 27 [54368/54622 (100%)], lr: ['1.00e-04', '1.00e-04'], loss: 0.080873
[2023-11-11 13:34:48,025][INFO][clas_trainer:63] - [epoch  27] execution time: 143.08s	metrics:
[2023-11-11 13:34:48,025][INFO][clas_evaluator:99] - dataset: earlystopping, avg f1-score: 0.7653
[2023-11-11 13:35:01,566][INFO][clas_trainer:133] - train epoch: 28 [5408/54622 (10%)], lr: ['1.00e-04', '1.00e-04'], loss: 0.263310
[2023-11-11 13:35:13,816][INFO][clas_trainer:133] - train epoch: 28 [10848/54622 (20%)], lr: ['1.00e-04', '1.00e-04'], loss: 0.134429
[2023-11-11 13:35:25,736][INFO][clas_trainer:133] - train epoch: 28 [16288/54622 (30%)], lr: ['1.00e-04', '1.00e-04'], loss: 0.106658
[2023-11-11 13:35:37,992][INFO][clas_trainer:133] - train epoch: 28 [21728/54622 (40%)], lr: ['1.00e-04', '1.00e-04'], loss: 0.114497
[2023-11-11 13:35:50,091][INFO][clas_trainer:133] - train epoch: 28 [27168/54622 (50%)], lr: ['1.00e-04', '1.00e-04'], loss: 0.191866
[2023-11-11 13:36:02,358][INFO][clas_trainer:133] - train epoch: 28 [32608/54622 (60%)], lr: ['1.00e-04', '1.00e-04'], loss: 0.189853
[2023-11-11 13:36:14,530][INFO][clas_trainer:133] - train epoch: 28 [38048/54622 (70%)], lr: ['1.00e-04', '1.00e-04'], loss: 0.113794
[2023-11-11 13:36:26,360][INFO][clas_trainer:133] - train epoch: 28 [43488/54622 (80%)], lr: ['1.00e-04', '1.00e-04'], loss: 0.074746
[2023-11-11 13:36:38,810][INFO][clas_trainer:133] - train epoch: 28 [48928/54622 (90%)], lr: ['1.00e-04', '1.00e-04'], loss: 0.223754
[2023-11-11 13:36:50,817][INFO][clas_trainer:133] - train epoch: 28 [54368/54622 (100%)], lr: ['1.00e-04', '1.00e-04'], loss: 0.262215
[2023-11-11 13:37:11,457][INFO][clas_trainer:63] - [epoch  28] execution time: 143.43s	metrics:
[2023-11-11 13:37:11,458][INFO][clas_evaluator:99] - dataset: earlystopping, avg f1-score: 0.7776
[2023-11-11 13:37:11,466][INFO][clas_trainer:79] - finished training
[2023-11-11 13:37:11,466][INFO][clas_trainer:80] - best model on epoch: 18 	f1-score: 0.8001
