[2023-10-13 22:20:04,473][INFO][fine-tune:29] - overrides:
hydra:
- hydra.mode=MULTIRUN
task:
- m_seed_path_sids={seeds:[8,8,8,8,8],path:"exp001b-m8-simple_multi_class-2023-10-13_16-21-12-final.pth",subject_ids:{dod_o_h:$\{data.dod_o_h.cv_5_fold.fold_4\}}}
- data.downstream.train_dataloader.dataset.data_reducer.n_subjects=1

[2023-10-13 22:20:08,125][INFO][data_loaders:39] - class distribution before data reduction:
# samples per subject
095d6e40-5f19-55b6-a0ec-6e0ad3793da0: 1192
0d79f4b1-e74f-5e87-8e42-f9dd7112ada5: 968
100df108-eb57-5eaa-a413-f7e4436a7895: 952
130f3f52-7d0a-551e-af61-2ee75455e5c9: 989
16450f5a-9b65-5536-85e1-93816c8b89eb: 816
18482adf-1144-54ca-9e35-27f65c43a105: 824
1da3544e-dc5c-5795-adc3-f5068959211f: 955
2159377e-ebf3-5565-9014-1e2ae69dc1d2: 907
2d01dc34-f36c-562e-b24a-d20dc798fdfc: 837
2e865ca9-e20f-5a6f-bd25-45d28cc9eab9: 950
30e8a05b-4cf1-5aa8-9ef7-28d6e2949ad5: 699
32556393-bb57-560a-99e8-e09885219647: 1106
37d0da97-9ae8-5413-b889-4e843ff35488: 1011
3dd35e7b-d7e2-516d-8a85-e0d58a59569f: 1093
3e842aa8-bcd9-521e-93a2-72124233fe2c: 620
40e25dd4-6087-5747-b9c2-4838ada86b15: 1076
47f45aa2-31c4-595b-bdb6-f1348bba062b: 1032
4b72b905-5521-5c57-b666-e20ff9bb195f: 868
4e3c4ac4-69e2-5347-a3b0-662c204d259d: 926
52fbe46b-206c-584a-9f4f-1eb308e07bac: 1064
5bf0f969-304c-581e-949c-50c108f62846: 947
5ddbc68c-1283-5c27-952b-d7f102291bc2: 1097
64959ac4-53b5-5868-a845-c7476e9fdf7b: 990
67fa8e29-6f4d-530e-9422-bbc3aca86ed0: 1046
6e2aa933-c51c-5a31-8c7b-83da8d076a12: 905
730aba3b-e310-5be0-9eed-7c3123466834: 1120
79e8a04e-0fdd-53ae-bedc-d49d08e29103: 918
7ab8ff5f-a77f-567d-9882-f8bee0c3c9bf: 989
7d778801-88e7-5086-ad1d-70f31a371876: 999
7f5237b1-2196-5c8a-9543-a5aa70210ef4: 931
844f68ba-265e-53e6-bf47-6c85d1804a7b: 957
90aef91a-252f-5ccc-a82e-78ea7ee9ca1f: 1089
a0c91989-530f-5117-80c1-2488dbed683c: 1017
a35a118e-e65e-5928-92a9-4354a6a0f4ce: 813
a65a9e69-cddf-5711-9a97-de8bfdeb08cc: 961
a79d1f0e-c133-5aa0-8268-cdcc05825f0f: 1046
aa160c78-6da3-5e05-8fc9-d6c13e9f97e0: 1010
ad47bc12-199c-5294-9cb8-4351bbbf7b5e: 893
b2d3ccdd-395c-5dd2-81d9-252bcfc0c337: 902
b3706da5-748b-5dd1-a552-f57e4456cdf6: 1041
b5d5785d-87ee-5078-b9b9-aac6abd4d8de: 918
bb474ab0-c2ce-573b-8acd-ef86b0fa26a2: 1142
c03e27b0-4cb5-584f-aaea-8f1e1ed6513c: 1121
c11c730f-0b6b-580b-af31-d8f0ebbbdfce: 917
c31a47f9-e400-5841-a22b-521c81042603: 986
c8110476-594c-533d-95bd-86147fccc987: 995
c985916d-46a5-5c3e-9d50-a5a91f460bac: 1024
cc3b4b63-4a6f-5f28-ac7e-62f83c271449: 1076
cebd3520-4e77-5222-a614-d2888e6afc2b: 1109
d3cadb78-cb8c-5a6e-885c-392e457c68b1: 982
d5181c33-a43b-5dfe-8ad7-0337facb092a: 977
e59c45e0-0c0c-565f-84a9-6cf0ec5ef6c1: 844
e6b7cbef-4c9d-5541-82e8-04810de0fb60: 819
e72505f1-21be-5d66-b620-cfcfa2d754bc: 973
f2a69bdc-ed51-5e3f-b102-6b3f7d392be0: 960
f66bc75e-778b-5037-af86-b5275cd4c79f: 865

# samples per stage
0: 9652
1: 2825
2: 26762
3: 6342
4: 8683
[2023-10-13 22:20:08,448][INFO][data_loaders:43] - class distribution after data reduction:
# samples per subject
6e2aa933-c51c-5a31-8c7b-83da8d076a12: 53395

# samples per stage
0: 9322
1: 3304
2: 33571
3: 5664
4: 1534
[2023-10-13 22:20:08,473][INFO][base_pretraining_fe:55] - Loading model from exp001b-m8-simple_multi_class-2023-10-13_16-21-12-final.pth
[2023-10-13 22:20:09,007][INFO][data_loaders:39] - class distribution before data reduction:
# samples per subject
0416d51f-5d69-5326-b74a-a2e31a96a1ef: 822
119f9726-eb4c-5a0e-a7bb-9e15256149a1: 932
1fa6c401-d819-50f5-8146-a0bb9e2b2516: 986
22bea84c-5d23-5e49-bc2d-9764f883955b: 1048
6a7503ac-ab3a-5d5b-b474-4b0fe37748dd: 1213
a30245e3-4a71-565f-9636-92e7d2e825fc: 1122
a4568951-bf87-5bbc-bc4f-28e93c360be6: 975
fc10ee0b-b863-511b-bce8-4dfa7af8ac3a: 910

# samples per stage
0: 1486
1: 461
2: 3828
3: 1026
4: 1207
[2023-10-13 22:20:09,049][INFO][data_loaders:43] - class distribution after data reduction:
# samples per subject
0416d51f-5d69-5326-b74a-a2e31a96a1ef: 822
119f9726-eb4c-5a0e-a7bb-9e15256149a1: 932
1fa6c401-d819-50f5-8146-a0bb9e2b2516: 986
22bea84c-5d23-5e49-bc2d-9764f883955b: 1048
6a7503ac-ab3a-5d5b-b474-4b0fe37748dd: 1213
a30245e3-4a71-565f-9636-92e7d2e825fc: 1122
a4568951-bf87-5bbc-bc4f-28e93c360be6: 975
fc10ee0b-b863-511b-bce8-4dfa7af8ac3a: 910

# samples per stage
0: 1486
1: 461
2: 3828
3: 1026
4: 1207
[2023-10-13 22:20:09,062][INFO][clas_trainer:49] - metrics before training (epoch 0):
[2023-10-13 22:20:34,669][INFO][clas_evaluator:99] - dataset: earlystopping, avg f1-score: 0.0829
[2023-10-13 22:20:52,607][INFO][clas_trainer:133] - train epoch: 1 [5280/53395 (10%)], lr: ['1.00e-04'], loss: 0.375297
[2023-10-13 22:21:10,082][INFO][clas_trainer:133] - train epoch: 1 [10592/53395 (20%)], lr: ['1.00e-04'], loss: 0.394161
[2023-10-13 22:21:27,230][INFO][clas_trainer:133] - train epoch: 1 [15904/53395 (30%)], lr: ['1.00e-04'], loss: 0.294272
[2023-10-13 22:21:43,807][INFO][clas_trainer:133] - train epoch: 1 [21216/53395 (40%)], lr: ['1.00e-04'], loss: 0.379074
[2023-10-13 22:22:00,402][INFO][clas_trainer:133] - train epoch: 1 [26528/53395 (50%)], lr: ['1.00e-04'], loss: 0.051742
[2023-10-13 22:22:17,420][INFO][clas_trainer:133] - train epoch: 1 [31840/53395 (60%)], lr: ['1.00e-04'], loss: 0.119718
[2023-10-13 22:22:35,064][INFO][clas_trainer:133] - train epoch: 1 [37152/53395 (70%)], lr: ['1.00e-04'], loss: 0.101678
[2023-10-13 22:22:52,118][INFO][clas_trainer:133] - train epoch: 1 [42464/53395 (80%)], lr: ['1.00e-04'], loss: 0.137366
[2023-10-13 22:23:09,133][INFO][clas_trainer:133] - train epoch: 1 [47776/53395 (89%)], lr: ['1.00e-04'], loss: 0.062396
[2023-10-13 22:23:25,801][INFO][clas_trainer:133] - train epoch: 1 [53088/53395 (99%)], lr: ['1.00e-04'], loss: 0.054491
[2023-10-13 22:23:54,648][INFO][clas_trainer:63] - [epoch   1] execution time: 199.98s	metrics:
[2023-10-13 22:23:54,649][INFO][clas_evaluator:99] - dataset: earlystopping, avg f1-score: 0.4958
[2023-10-13 22:23:54,719][INFO][base_model:51] - snapshot saved to XXX/frequency-pretraining/models/exp001b-m53-base_fe_clas-2023-10-13_17-18-36-final.pth
[2023-10-13 22:24:13,094][INFO][clas_trainer:133] - train epoch: 2 [5280/53395 (10%)], lr: ['1.00e-04'], loss: 0.039596
[2023-10-13 22:24:30,410][INFO][clas_trainer:133] - train epoch: 2 [10592/53395 (20%)], lr: ['1.00e-04'], loss: 0.080999
[2023-10-13 22:24:47,073][INFO][clas_trainer:133] - train epoch: 2 [15904/53395 (30%)], lr: ['1.00e-04'], loss: 0.022314
[2023-10-13 22:25:03,589][INFO][clas_trainer:133] - train epoch: 2 [21216/53395 (40%)], lr: ['1.00e-04'], loss: 0.030379
[2023-10-13 22:25:21,319][INFO][clas_trainer:133] - train epoch: 2 [26528/53395 (50%)], lr: ['1.00e-04'], loss: 0.038155
[2023-10-13 22:25:37,662][INFO][clas_trainer:133] - train epoch: 2 [31840/53395 (60%)], lr: ['1.00e-04'], loss: 0.043385
[2023-10-13 22:25:54,467][INFO][clas_trainer:133] - train epoch: 2 [37152/53395 (70%)], lr: ['1.00e-04'], loss: 0.094847
[2023-10-13 22:26:11,740][INFO][clas_trainer:133] - train epoch: 2 [42464/53395 (80%)], lr: ['1.00e-04'], loss: 0.205409
[2023-10-13 22:26:28,284][INFO][clas_trainer:133] - train epoch: 2 [47776/53395 (89%)], lr: ['1.00e-04'], loss: 0.154444
[2023-10-13 22:26:44,885][INFO][clas_trainer:133] - train epoch: 2 [53088/53395 (99%)], lr: ['1.00e-04'], loss: 0.007712
[2023-10-13 22:27:13,555][INFO][clas_trainer:63] - [epoch   2] execution time: 198.84s	metrics:
[2023-10-13 22:27:13,556][INFO][clas_evaluator:99] - dataset: earlystopping, avg f1-score: 0.4827
[2023-10-13 22:27:30,871][INFO][clas_trainer:133] - train epoch: 3 [5280/53395 (10%)], lr: ['1.00e-04'], loss: 0.027880
[2023-10-13 22:27:47,888][INFO][clas_trainer:133] - train epoch: 3 [10592/53395 (20%)], lr: ['1.00e-04'], loss: 0.041916
[2023-10-13 22:28:05,166][INFO][clas_trainer:133] - train epoch: 3 [15904/53395 (30%)], lr: ['1.00e-04'], loss: 0.025290
[2023-10-13 22:28:22,216][INFO][clas_trainer:133] - train epoch: 3 [21216/53395 (40%)], lr: ['1.00e-04'], loss: 0.025308
[2023-10-13 22:28:38,991][INFO][clas_trainer:133] - train epoch: 3 [26528/53395 (50%)], lr: ['1.00e-04'], loss: 0.004559
[2023-10-13 22:28:55,134][INFO][clas_trainer:133] - train epoch: 3 [31840/53395 (60%)], lr: ['1.00e-04'], loss: 0.046136
[2023-10-13 22:29:13,128][INFO][clas_trainer:133] - train epoch: 3 [37152/53395 (70%)], lr: ['1.00e-04'], loss: 0.003292
[2023-10-13 22:29:30,365][INFO][clas_trainer:133] - train epoch: 3 [42464/53395 (80%)], lr: ['1.00e-04'], loss: 0.002311
[2023-10-13 22:29:47,280][INFO][clas_trainer:133] - train epoch: 3 [47776/53395 (89%)], lr: ['1.00e-04'], loss: 0.026235
[2023-10-13 22:30:03,976][INFO][clas_trainer:133] - train epoch: 3 [53088/53395 (99%)], lr: ['1.00e-04'], loss: 0.017724
[2023-10-13 22:30:32,567][INFO][clas_trainer:63] - [epoch   3] execution time: 199.01s	metrics:
[2023-10-13 22:30:32,568][INFO][clas_evaluator:99] - dataset: earlystopping, avg f1-score: 0.4676
[2023-10-13 22:30:51,585][INFO][clas_trainer:133] - train epoch: 4 [5280/53395 (10%)], lr: ['1.00e-04'], loss: 0.011951
[2023-10-13 22:31:08,218][INFO][clas_trainer:133] - train epoch: 4 [10592/53395 (20%)], lr: ['1.00e-04'], loss: 0.009505
[2023-10-13 22:31:25,221][INFO][clas_trainer:133] - train epoch: 4 [15904/53395 (30%)], lr: ['1.00e-04'], loss: 0.002897
[2023-10-13 22:31:42,165][INFO][clas_trainer:133] - train epoch: 4 [21216/53395 (40%)], lr: ['1.00e-04'], loss: 0.005956
[2023-10-13 22:31:59,231][INFO][clas_trainer:133] - train epoch: 4 [26528/53395 (50%)], lr: ['1.00e-04'], loss: 0.003020
[2023-10-13 22:32:15,663][INFO][clas_trainer:133] - train epoch: 4 [31840/53395 (60%)], lr: ['1.00e-04'], loss: 0.014729
[2023-10-13 22:32:32,958][INFO][clas_trainer:133] - train epoch: 4 [37152/53395 (70%)], lr: ['1.00e-04'], loss: 0.001843
[2023-10-13 22:32:49,682][INFO][clas_trainer:133] - train epoch: 4 [42464/53395 (80%)], lr: ['1.00e-04'], loss: 0.015459
[2023-10-13 22:33:05,907][INFO][clas_trainer:133] - train epoch: 4 [47776/53395 (89%)], lr: ['1.00e-04'], loss: 0.008967
[2023-10-13 22:33:22,127][INFO][clas_trainer:133] - train epoch: 4 [53088/53395 (99%)], lr: ['1.00e-04'], loss: 0.002524
[2023-10-13 22:33:50,404][INFO][clas_trainer:63] - [epoch   4] execution time: 197.84s	metrics:
[2023-10-13 22:33:50,404][INFO][clas_evaluator:99] - dataset: earlystopping, avg f1-score: 0.4776
[2023-10-13 22:34:04,373][INFO][clas_trainer:133] - train epoch: 5 [5280/53395 (10%)], lr: ['1.00e-04'], loss: 0.003414
[2023-10-13 22:34:16,463][INFO][clas_trainer:133] - train epoch: 5 [10592/53395 (20%)], lr: ['1.00e-04'], loss: 0.036017
[2023-10-13 22:34:28,283][INFO][clas_trainer:133] - train epoch: 5 [15904/53395 (30%)], lr: ['1.00e-04'], loss: 0.011942
[2023-10-13 22:34:40,305][INFO][clas_trainer:133] - train epoch: 5 [21216/53395 (40%)], lr: ['1.00e-04'], loss: 0.005093
[2023-10-13 22:34:52,501][INFO][clas_trainer:133] - train epoch: 5 [26528/53395 (50%)], lr: ['1.00e-04'], loss: 0.002902
[2023-10-13 22:35:04,583][INFO][clas_trainer:133] - train epoch: 5 [31840/53395 (60%)], lr: ['1.00e-04'], loss: 0.004936
[2023-10-13 22:35:16,573][INFO][clas_trainer:133] - train epoch: 5 [37152/53395 (70%)], lr: ['1.00e-04'], loss: 0.011470
[2023-10-13 22:35:28,875][INFO][clas_trainer:133] - train epoch: 5 [42464/53395 (80%)], lr: ['1.00e-04'], loss: 0.003720
[2023-10-13 22:35:40,590][INFO][clas_trainer:133] - train epoch: 5 [47776/53395 (89%)], lr: ['1.00e-04'], loss: 0.001235
[2023-10-13 22:35:52,565][INFO][clas_trainer:133] - train epoch: 5 [53088/53395 (99%)], lr: ['1.00e-04'], loss: 0.003757
[2023-10-13 22:36:13,834][INFO][clas_trainer:63] - [epoch   5] execution time: 143.43s	metrics:
[2023-10-13 22:36:13,835][INFO][clas_evaluator:99] - dataset: earlystopping, avg f1-score: 0.4712
[2023-10-13 22:36:28,022][INFO][clas_trainer:133] - train epoch: 6 [5280/53395 (10%)], lr: ['1.00e-04'], loss: 0.000542
[2023-10-13 22:36:40,158][INFO][clas_trainer:133] - train epoch: 6 [10592/53395 (20%)], lr: ['1.00e-04'], loss: 0.006152
[2023-10-13 22:36:52,417][INFO][clas_trainer:133] - train epoch: 6 [15904/53395 (30%)], lr: ['1.00e-04'], loss: 0.004034
[2023-10-13 22:37:04,591][INFO][clas_trainer:133] - train epoch: 6 [21216/53395 (40%)], lr: ['1.00e-04'], loss: 0.007534
[2023-10-13 22:37:16,214][INFO][clas_trainer:133] - train epoch: 6 [26528/53395 (50%)], lr: ['1.00e-04'], loss: 0.001755
[2023-10-13 22:37:27,655][INFO][clas_trainer:133] - train epoch: 6 [31840/53395 (60%)], lr: ['1.00e-04'], loss: 0.008613
[2023-10-13 22:37:39,261][INFO][clas_trainer:133] - train epoch: 6 [37152/53395 (70%)], lr: ['1.00e-04'], loss: 0.014420
[2023-10-13 22:37:50,835][INFO][clas_trainer:133] - train epoch: 6 [42464/53395 (80%)], lr: ['1.00e-04'], loss: 0.001797
[2023-10-13 22:38:02,187][INFO][clas_trainer:133] - train epoch: 6 [47776/53395 (89%)], lr: ['1.00e-04'], loss: 0.027533
[2023-10-13 22:38:13,792][INFO][clas_trainer:133] - train epoch: 6 [53088/53395 (99%)], lr: ['1.00e-04'], loss: 0.038392
[2023-10-13 22:38:41,147][INFO][clas_trainer:63] - [epoch   6] execution time: 147.31s	metrics:
[2023-10-13 22:38:41,147][INFO][clas_evaluator:99] - dataset: earlystopping, avg f1-score: 0.4640
[2023-10-13 22:38:57,945][INFO][clas_trainer:133] - train epoch: 7 [5280/53395 (10%)], lr: ['1.00e-04'], loss: 0.038179
[2023-10-13 22:39:14,480][INFO][clas_trainer:133] - train epoch: 7 [10592/53395 (20%)], lr: ['1.00e-04'], loss: 0.009316
[2023-10-13 22:39:32,008][INFO][clas_trainer:133] - train epoch: 7 [15904/53395 (30%)], lr: ['1.00e-04'], loss: 0.015144
[2023-10-13 22:39:49,189][INFO][clas_trainer:133] - train epoch: 7 [21216/53395 (40%)], lr: ['1.00e-04'], loss: 0.002214
[2023-10-13 22:40:05,282][INFO][clas_trainer:133] - train epoch: 7 [26528/53395 (50%)], lr: ['1.00e-04'], loss: 0.001821
[2023-10-13 22:40:21,703][INFO][clas_trainer:133] - train epoch: 7 [31840/53395 (60%)], lr: ['1.00e-04'], loss: 0.002730
[2023-10-13 22:40:38,788][INFO][clas_trainer:133] - train epoch: 7 [37152/53395 (70%)], lr: ['1.00e-04'], loss: 0.000929
[2023-10-13 22:40:55,510][INFO][clas_trainer:133] - train epoch: 7 [42464/53395 (80%)], lr: ['1.00e-04'], loss: 0.001596
[2023-10-13 22:41:12,129][INFO][clas_trainer:133] - train epoch: 7 [47776/53395 (89%)], lr: ['1.00e-04'], loss: 0.006861
[2023-10-13 22:41:28,639][INFO][clas_trainer:133] - train epoch: 7 [53088/53395 (99%)], lr: ['1.00e-04'], loss: 0.053957
[2023-10-13 22:41:57,080][INFO][clas_trainer:63] - [epoch   7] execution time: 195.93s	metrics:
[2023-10-13 22:41:57,080][INFO][clas_evaluator:99] - dataset: earlystopping, avg f1-score: 0.4710
[2023-10-13 22:42:14,234][INFO][clas_trainer:133] - train epoch: 8 [5280/53395 (10%)], lr: ['1.00e-04'], loss: 0.122461
[2023-10-13 22:42:31,572][INFO][clas_trainer:133] - train epoch: 8 [10592/53395 (20%)], lr: ['1.00e-04'], loss: 0.012136
[2023-10-13 22:42:49,001][INFO][clas_trainer:133] - train epoch: 8 [15904/53395 (30%)], lr: ['1.00e-04'], loss: 0.001232
[2023-10-13 22:43:05,626][INFO][clas_trainer:133] - train epoch: 8 [21216/53395 (40%)], lr: ['1.00e-04'], loss: 0.006289
[2023-10-13 22:43:22,487][INFO][clas_trainer:133] - train epoch: 8 [26528/53395 (50%)], lr: ['1.00e-04'], loss: 0.003658
[2023-10-13 22:43:39,794][INFO][clas_trainer:133] - train epoch: 8 [31840/53395 (60%)], lr: ['1.00e-04'], loss: 0.008683
[2023-10-13 22:43:55,666][INFO][clas_trainer:133] - train epoch: 8 [37152/53395 (70%)], lr: ['1.00e-04'], loss: 0.018263
[2023-10-13 22:44:12,959][INFO][clas_trainer:133] - train epoch: 8 [42464/53395 (80%)], lr: ['1.00e-04'], loss: 0.010996
[2023-10-13 22:44:29,762][INFO][clas_trainer:133] - train epoch: 8 [47776/53395 (89%)], lr: ['1.00e-04'], loss: 0.004136
[2023-10-13 22:44:46,563][INFO][clas_trainer:133] - train epoch: 8 [53088/53395 (99%)], lr: ['1.00e-04'], loss: 0.005867
[2023-10-13 22:45:13,644][INFO][clas_trainer:63] - [epoch   8] execution time: 196.56s	metrics:
[2023-10-13 22:45:13,644][INFO][clas_evaluator:99] - dataset: earlystopping, avg f1-score: 0.4622
[2023-10-13 22:45:31,311][INFO][clas_trainer:133] - train epoch: 9 [5280/53395 (10%)], lr: ['1.00e-04'], loss: 0.001363
[2023-10-13 22:45:48,746][INFO][clas_trainer:133] - train epoch: 9 [10592/53395 (20%)], lr: ['1.00e-04'], loss: 0.012435
[2023-10-13 22:46:05,274][INFO][clas_trainer:133] - train epoch: 9 [15904/53395 (30%)], lr: ['1.00e-04'], loss: 0.000499
[2023-10-13 22:46:22,265][INFO][clas_trainer:133] - train epoch: 9 [21216/53395 (40%)], lr: ['1.00e-04'], loss: 0.001384
[2023-10-13 22:46:39,439][INFO][clas_trainer:133] - train epoch: 9 [26528/53395 (50%)], lr: ['1.00e-04'], loss: 0.002241
[2023-10-13 22:46:56,433][INFO][clas_trainer:133] - train epoch: 9 [31840/53395 (60%)], lr: ['1.00e-04'], loss: 0.000812
[2023-10-13 22:47:12,394][INFO][clas_trainer:133] - train epoch: 9 [37152/53395 (70%)], lr: ['1.00e-04'], loss: 0.004317
[2023-10-13 22:47:28,441][INFO][clas_trainer:133] - train epoch: 9 [42464/53395 (80%)], lr: ['1.00e-04'], loss: 0.009385
[2023-10-13 22:47:44,366][INFO][clas_trainer:133] - train epoch: 9 [47776/53395 (89%)], lr: ['1.00e-04'], loss: 0.025253
[2023-10-13 22:48:00,688][INFO][clas_trainer:133] - train epoch: 9 [53088/53395 (99%)], lr: ['1.00e-04'], loss: 0.002196
[2023-10-13 22:48:29,509][INFO][clas_trainer:63] - [epoch   9] execution time: 195.86s	metrics:
[2023-10-13 22:48:29,510][INFO][clas_evaluator:99] - dataset: earlystopping, avg f1-score: 0.4500
[2023-10-13 22:48:47,362][INFO][clas_trainer:133] - train epoch: 10 [5280/53395 (10%)], lr: ['1.00e-04'], loss: 0.006618
[2023-10-13 22:49:04,238][INFO][clas_trainer:133] - train epoch: 10 [10592/53395 (20%)], lr: ['1.00e-04'], loss: 0.001713
[2023-10-13 22:49:21,577][INFO][clas_trainer:133] - train epoch: 10 [15904/53395 (30%)], lr: ['1.00e-04'], loss: 0.003174
[2023-10-13 22:49:37,223][INFO][clas_trainer:133] - train epoch: 10 [21216/53395 (40%)], lr: ['1.00e-04'], loss: 0.043712
[2023-10-13 22:49:53,208][INFO][clas_trainer:133] - train epoch: 10 [26528/53395 (50%)], lr: ['1.00e-04'], loss: 0.013769
[2023-10-13 22:50:09,410][INFO][clas_trainer:133] - train epoch: 10 [31840/53395 (60%)], lr: ['1.00e-04'], loss: 0.008899
[2023-10-13 22:50:25,974][INFO][clas_trainer:133] - train epoch: 10 [37152/53395 (70%)], lr: ['1.00e-04'], loss: 0.006943
[2023-10-13 22:50:42,832][INFO][clas_trainer:133] - train epoch: 10 [42464/53395 (80%)], lr: ['1.00e-04'], loss: 0.004710
[2023-10-13 22:51:00,058][INFO][clas_trainer:133] - train epoch: 10 [47776/53395 (89%)], lr: ['1.00e-04'], loss: 0.005698
[2023-10-13 22:51:16,701][INFO][clas_trainer:133] - train epoch: 10 [53088/53395 (99%)], lr: ['1.00e-04'], loss: 0.026208
[2023-10-13 22:51:44,253][INFO][clas_trainer:63] - [epoch  10] execution time: 194.74s	metrics:
[2023-10-13 22:51:44,254][INFO][clas_evaluator:99] - dataset: earlystopping, avg f1-score: 0.4667
[2023-10-13 22:52:01,983][INFO][clas_trainer:133] - train epoch: 11 [5280/53395 (10%)], lr: ['1.00e-04'], loss: 0.000969
[2023-10-13 22:52:19,120][INFO][clas_trainer:133] - train epoch: 11 [10592/53395 (20%)], lr: ['1.00e-04'], loss: 0.003220
[2023-10-13 22:52:35,378][INFO][clas_trainer:133] - train epoch: 11 [15904/53395 (30%)], lr: ['1.00e-04'], loss: 0.000486
[2023-10-13 22:52:52,622][INFO][clas_trainer:133] - train epoch: 11 [21216/53395 (40%)], lr: ['1.00e-04'], loss: 0.001118
[2023-10-13 22:53:09,604][INFO][clas_trainer:133] - train epoch: 11 [26528/53395 (50%)], lr: ['1.00e-04'], loss: 0.000965
[2023-10-13 22:53:26,538][INFO][clas_trainer:133] - train epoch: 11 [31840/53395 (60%)], lr: ['1.00e-04'], loss: 0.001045
[2023-10-13 22:53:42,821][INFO][clas_trainer:133] - train epoch: 11 [37152/53395 (70%)], lr: ['1.00e-04'], loss: 0.001244
[2023-10-13 22:53:59,299][INFO][clas_trainer:133] - train epoch: 11 [42464/53395 (80%)], lr: ['1.00e-04'], loss: 0.001371
[2023-10-13 22:54:16,497][INFO][clas_trainer:133] - train epoch: 11 [47776/53395 (89%)], lr: ['1.00e-04'], loss: 0.024471
[2023-10-13 22:54:32,630][INFO][clas_trainer:133] - train epoch: 11 [53088/53395 (99%)], lr: ['1.00e-04'], loss: 0.005396
[2023-10-13 22:55:00,010][INFO][clas_trainer:63] - [epoch  11] execution time: 195.76s	metrics:
[2023-10-13 22:55:00,011][INFO][clas_evaluator:99] - dataset: earlystopping, avg f1-score: 0.4690
[2023-10-13 22:55:00,019][INFO][clas_trainer:79] - finished training
[2023-10-13 22:55:00,019][INFO][clas_trainer:80] - best model on epoch: 1 	f1-score: 0.4958
