[2024-09-11 19:27:34,890][INFO][pretrain_and_fine-tune:26] - Using GPU 3
[2024-09-11 19:27:34,894][INFO][pretrain_and_fine-tune:36] - overrides:
hydra:
- hydra.launcher.n_jobs=20
- hydra.mode=MULTIRUN
task:
- m_seed_path_sids={seeds:[14,14,14,14,14],subject_ids:{dod_o_h:$\{data.dod_o_h.cv_5_fold.fold_5\}}}
- data.pretraining.train_dataloader.dataset.n_samples=1000
- +data.pretraining.train_dataloader.dataset.n_samples_per_epoch=100000
- data.downstream.train_dataloader.dataset.data_reducer._target_=base.data.data_reducer.SubjectWiseDataReducer
- +data.downstream.train_dataloader.dataset.data_reducer.n_subjects=1
- general.gpus=[3,4]

[2024-09-11 19:27:35,638][INFO][freq_trainer:43] - metrics before training (epoch 0):
[2024-09-11 19:27:38,156][INFO][freq_evaluator:47] - dataset: valid_pretraining, acc: 0.000, hamming: 0.507
[2024-09-11 19:27:46,403][INFO][freq_trainer:114] - train epoch: 1 [9920/100000 (10%)], lr: ['1.00e-04'], loss: 1.160827
[2024-09-11 19:27:54,591][INFO][freq_trainer:114] - train epoch: 1 [19904/100000 (20%)], lr: ['1.00e-04'], loss: 0.779747
[2024-09-11 19:28:03,417][INFO][freq_trainer:114] - train epoch: 1 [29888/100000 (30%)], lr: ['1.00e-04'], loss: 0.722181
[2024-09-11 19:28:11,478][INFO][freq_trainer:114] - train epoch: 1 [39872/100000 (40%)], lr: ['1.00e-04'], loss: 0.710281
[2024-09-11 19:28:20,217][INFO][freq_trainer:114] - train epoch: 1 [49856/100000 (50%)], lr: ['1.00e-04'], loss: 0.713240
[2024-09-11 19:28:28,706][INFO][freq_trainer:114] - train epoch: 1 [59840/100000 (60%)], lr: ['1.00e-04'], loss: 0.700581
[2024-09-11 19:28:37,415][INFO][freq_trainer:114] - train epoch: 1 [69824/100000 (70%)], lr: ['1.00e-04'], loss: 0.702437
[2024-09-11 19:28:45,962][INFO][freq_trainer:114] - train epoch: 1 [79808/100000 (80%)], lr: ['1.00e-04'], loss: 0.699602
[2024-09-11 19:28:54,580][INFO][freq_trainer:114] - train epoch: 1 [89792/100000 (90%)], lr: ['1.00e-04'], loss: 0.708188
[2024-09-11 19:29:02,944][INFO][freq_trainer:114] - train epoch: 1 [99776/100000 (100%)], lr: ['1.00e-04'], loss: 0.696574
[2024-09-11 19:29:06,441][INFO][freq_trainer:57] - [epoch   1] execution time: 88.28s	metrics:
[2024-09-11 19:29:06,442][INFO][freq_evaluator:47] - dataset: valid_pretraining, acc: 0.005, hamming: 0.518
[2024-09-11 19:29:06,456][INFO][base_model:51] - snapshot saved to XXX/frequency-pretraining/models/exp021b-m56-simple_multi_class-2024-09-11_16-55-09-final.pth
[2024-09-11 19:29:15,268][INFO][freq_trainer:114] - train epoch: 2 [9920/100000 (10%)], lr: ['1.00e-04'], loss: 0.695767
[2024-09-11 19:29:22,515][INFO][freq_trainer:114] - train epoch: 2 [19904/100000 (20%)], lr: ['1.00e-04'], loss: 0.694278
[2024-09-11 19:29:30,581][INFO][freq_trainer:114] - train epoch: 2 [29888/100000 (30%)], lr: ['1.00e-04'], loss: 0.694721
[2024-09-11 19:29:38,097][INFO][freq_trainer:114] - train epoch: 2 [39872/100000 (40%)], lr: ['1.00e-04'], loss: 0.694757
[2024-09-11 19:29:45,736][INFO][freq_trainer:114] - train epoch: 2 [49856/100000 (50%)], lr: ['1.00e-04'], loss: 0.695190
[2024-09-11 19:29:53,312][INFO][freq_trainer:114] - train epoch: 2 [59840/100000 (60%)], lr: ['1.00e-04'], loss: 0.697158
[2024-09-11 19:30:00,702][INFO][freq_trainer:114] - train epoch: 2 [69824/100000 (70%)], lr: ['1.00e-04'], loss: 0.692434
[2024-09-11 19:30:08,404][INFO][freq_trainer:114] - train epoch: 2 [79808/100000 (80%)], lr: ['1.00e-04'], loss: 0.697238
[2024-09-11 19:30:15,594][INFO][freq_trainer:114] - train epoch: 2 [89792/100000 (90%)], lr: ['1.00e-04'], loss: 0.694015
[2024-09-11 19:30:22,602][INFO][freq_trainer:114] - train epoch: 2 [99776/100000 (100%)], lr: ['1.00e-04'], loss: 0.691614
[2024-09-11 19:30:25,924][INFO][freq_trainer:57] - [epoch   2] execution time: 79.47s	metrics:
[2024-09-11 19:30:25,925][INFO][freq_evaluator:47] - dataset: valid_pretraining, acc: 0.005, hamming: 0.518
[2024-09-11 19:30:25,940][INFO][base_model:51] - snapshot saved to XXX/frequency-pretraining/models/exp021b-m56-simple_multi_class-2024-09-11_16-55-09-final.pth
[2024-09-11 19:30:34,540][INFO][freq_trainer:114] - train epoch: 3 [9920/100000 (10%)], lr: ['1.00e-04'], loss: 0.694058
[2024-09-11 19:30:43,095][INFO][freq_trainer:114] - train epoch: 3 [19904/100000 (20%)], lr: ['1.00e-04'], loss: 0.696978
[2024-09-11 19:30:51,373][INFO][freq_trainer:114] - train epoch: 3 [29888/100000 (30%)], lr: ['1.00e-04'], loss: 0.694800
[2024-09-11 19:30:59,445][INFO][freq_trainer:114] - train epoch: 3 [39872/100000 (40%)], lr: ['1.00e-04'], loss: 0.688508
[2024-09-11 19:31:06,588][INFO][freq_trainer:114] - train epoch: 3 [49856/100000 (50%)], lr: ['1.00e-04'], loss: 0.692252
[2024-09-11 19:31:14,481][INFO][freq_trainer:114] - train epoch: 3 [59840/100000 (60%)], lr: ['1.00e-04'], loss: 0.695684
[2024-09-11 19:31:23,559][INFO][freq_trainer:114] - train epoch: 3 [69824/100000 (70%)], lr: ['1.00e-04'], loss: 0.692169
[2024-09-11 19:31:31,119][INFO][freq_trainer:114] - train epoch: 3 [79808/100000 (80%)], lr: ['1.00e-04'], loss: 0.691298
[2024-09-11 19:31:39,753][INFO][freq_trainer:114] - train epoch: 3 [89792/100000 (90%)], lr: ['1.00e-04'], loss: 0.692869
[2024-09-11 19:31:48,057][INFO][freq_trainer:114] - train epoch: 3 [99776/100000 (100%)], lr: ['1.00e-04'], loss: 0.690604
[2024-09-11 19:31:51,051][INFO][freq_trainer:57] - [epoch   3] execution time: 85.11s	metrics:
[2024-09-11 19:31:51,051][INFO][freq_evaluator:47] - dataset: valid_pretraining, acc: 0.005, hamming: 0.518
[2024-09-11 19:31:51,065][INFO][base_model:51] - snapshot saved to XXX/frequency-pretraining/models/exp021b-m56-simple_multi_class-2024-09-11_16-55-09-final.pth
[2024-09-11 19:31:59,824][INFO][freq_trainer:114] - train epoch: 4 [9920/100000 (10%)], lr: ['1.00e-04'], loss: 0.688616
[2024-09-11 19:32:07,567][INFO][freq_trainer:114] - train epoch: 4 [19904/100000 (20%)], lr: ['1.00e-04'], loss: 0.693966
[2024-09-11 19:32:15,263][INFO][freq_trainer:114] - train epoch: 4 [29888/100000 (30%)], lr: ['1.00e-04'], loss: 0.694667
[2024-09-11 19:32:23,371][INFO][freq_trainer:114] - train epoch: 4 [39872/100000 (40%)], lr: ['1.00e-04'], loss: 0.693438
[2024-09-11 19:32:31,831][INFO][freq_trainer:114] - train epoch: 4 [49856/100000 (50%)], lr: ['1.00e-04'], loss: 0.691005
[2024-09-11 19:32:40,472][INFO][freq_trainer:114] - train epoch: 4 [59840/100000 (60%)], lr: ['1.00e-04'], loss: 0.691402
[2024-09-11 19:32:48,954][INFO][freq_trainer:114] - train epoch: 4 [69824/100000 (70%)], lr: ['1.00e-04'], loss: 0.690751
[2024-09-11 19:32:56,563][INFO][freq_trainer:114] - train epoch: 4 [79808/100000 (80%)], lr: ['1.00e-04'], loss: 0.690479
[2024-09-11 19:33:05,022][INFO][freq_trainer:114] - train epoch: 4 [89792/100000 (90%)], lr: ['1.00e-04'], loss: 0.693343
[2024-09-11 19:33:14,137][INFO][freq_trainer:114] - train epoch: 4 [99776/100000 (100%)], lr: ['1.00e-04'], loss: 0.691913
[2024-09-11 19:33:16,658][INFO][freq_trainer:57] - [epoch   4] execution time: 85.59s	metrics:
[2024-09-11 19:33:16,659][INFO][freq_evaluator:47] - dataset: valid_pretraining, acc: 0.005, hamming: 0.518
[2024-09-11 19:33:16,673][INFO][base_model:51] - snapshot saved to XXX/frequency-pretraining/models/exp021b-m56-simple_multi_class-2024-09-11_16-55-09-final.pth
[2024-09-11 19:33:25,440][INFO][freq_trainer:114] - train epoch: 5 [9920/100000 (10%)], lr: ['1.00e-04'], loss: 0.690629
[2024-09-11 19:33:32,704][INFO][freq_trainer:114] - train epoch: 5 [19904/100000 (20%)], lr: ['1.00e-04'], loss: 0.692698
[2024-09-11 19:33:40,830][INFO][freq_trainer:114] - train epoch: 5 [29888/100000 (30%)], lr: ['1.00e-04'], loss: 0.688833
[2024-09-11 19:33:49,314][INFO][freq_trainer:114] - train epoch: 5 [39872/100000 (40%)], lr: ['1.00e-04'], loss: 0.694435
[2024-09-11 19:33:57,247][INFO][freq_trainer:114] - train epoch: 5 [49856/100000 (50%)], lr: ['1.00e-04'], loss: 0.693592
[2024-09-11 19:34:05,726][INFO][freq_trainer:114] - train epoch: 5 [59840/100000 (60%)], lr: ['1.00e-04'], loss: 0.698063
[2024-09-11 19:34:13,665][INFO][freq_trainer:114] - train epoch: 5 [69824/100000 (70%)], lr: ['1.00e-04'], loss: 0.693060
[2024-09-11 19:34:21,907][INFO][freq_trainer:114] - train epoch: 5 [79808/100000 (80%)], lr: ['1.00e-04'], loss: 0.690143
[2024-09-11 19:34:30,592][INFO][freq_trainer:114] - train epoch: 5 [89792/100000 (90%)], lr: ['1.00e-04'], loss: 0.684654
[2024-09-11 19:34:38,367][INFO][freq_trainer:114] - train epoch: 5 [99776/100000 (100%)], lr: ['1.00e-04'], loss: 0.643925
[2024-09-11 19:34:41,259][INFO][freq_trainer:57] - [epoch   5] execution time: 84.59s	metrics:
[2024-09-11 19:34:41,260][INFO][freq_evaluator:47] - dataset: valid_pretraining, acc: 0.005, hamming: 0.583
[2024-09-11 19:34:41,274][INFO][base_model:51] - snapshot saved to XXX/frequency-pretraining/models/exp021b-m56-simple_multi_class-2024-09-11_16-55-09-final.pth
[2024-09-11 19:34:49,460][INFO][freq_trainer:114] - train epoch: 6 [9920/100000 (10%)], lr: ['1.00e-04'], loss: 0.612034
[2024-09-11 19:34:58,458][INFO][freq_trainer:114] - train epoch: 6 [19904/100000 (20%)], lr: ['1.00e-04'], loss: 0.645703
[2024-09-11 19:35:06,776][INFO][freq_trainer:114] - train epoch: 6 [29888/100000 (30%)], lr: ['1.00e-04'], loss: 0.639256
[2024-09-11 19:35:15,870][INFO][freq_trainer:114] - train epoch: 6 [39872/100000 (40%)], lr: ['1.00e-04'], loss: 0.614228
[2024-09-11 19:35:24,183][INFO][freq_trainer:114] - train epoch: 6 [49856/100000 (50%)], lr: ['1.00e-04'], loss: 0.609369
[2024-09-11 19:35:33,595][INFO][freq_trainer:114] - train epoch: 6 [59840/100000 (60%)], lr: ['1.00e-04'], loss: 0.638047
[2024-09-11 19:35:42,203][INFO][freq_trainer:114] - train epoch: 6 [69824/100000 (70%)], lr: ['1.00e-04'], loss: 0.572535
[2024-09-11 19:35:50,580][INFO][freq_trainer:114] - train epoch: 6 [79808/100000 (80%)], lr: ['1.00e-04'], loss: 0.617861
[2024-09-11 19:35:58,766][INFO][freq_trainer:114] - train epoch: 6 [89792/100000 (90%)], lr: ['1.00e-04'], loss: 0.608891
[2024-09-11 19:36:07,826][INFO][freq_trainer:114] - train epoch: 6 [99776/100000 (100%)], lr: ['1.00e-04'], loss: 0.588777
[2024-09-11 19:36:10,659][INFO][freq_trainer:57] - [epoch   6] execution time: 89.38s	metrics:
[2024-09-11 19:36:10,660][INFO][freq_evaluator:47] - dataset: valid_pretraining, acc: 0.068, hamming: 0.719
[2024-09-11 19:36:10,674][INFO][base_model:51] - snapshot saved to XXX/frequency-pretraining/models/exp021b-m56-simple_multi_class-2024-09-11_16-55-09-final.pth
[2024-09-11 19:36:20,321][INFO][freq_trainer:114] - train epoch: 7 [9920/100000 (10%)], lr: ['1.00e-04'], loss: 0.584046
[2024-09-11 19:36:28,665][INFO][freq_trainer:114] - train epoch: 7 [19904/100000 (20%)], lr: ['1.00e-04'], loss: 0.594422
[2024-09-11 19:36:37,626][INFO][freq_trainer:114] - train epoch: 7 [29888/100000 (30%)], lr: ['1.00e-04'], loss: 0.589414
[2024-09-11 19:36:45,834][INFO][freq_trainer:114] - train epoch: 7 [39872/100000 (40%)], lr: ['1.00e-04'], loss: 0.584725
[2024-09-11 19:36:54,003][INFO][freq_trainer:114] - train epoch: 7 [49856/100000 (50%)], lr: ['1.00e-04'], loss: 0.538742
[2024-09-11 19:37:02,768][INFO][freq_trainer:114] - train epoch: 7 [59840/100000 (60%)], lr: ['1.00e-04'], loss: 0.535690
[2024-09-11 19:37:11,142][INFO][freq_trainer:114] - train epoch: 7 [69824/100000 (70%)], lr: ['1.00e-04'], loss: 0.519024
[2024-09-11 19:37:19,961][INFO][freq_trainer:114] - train epoch: 7 [79808/100000 (80%)], lr: ['1.00e-04'], loss: 0.542126
[2024-09-11 19:37:28,790][INFO][freq_trainer:114] - train epoch: 7 [89792/100000 (90%)], lr: ['1.00e-04'], loss: 0.537596
[2024-09-11 19:37:36,833][INFO][freq_trainer:114] - train epoch: 7 [99776/100000 (100%)], lr: ['1.00e-04'], loss: 0.532453
[2024-09-11 19:37:39,617][INFO][freq_trainer:57] - [epoch   7] execution time: 88.94s	metrics:
[2024-09-11 19:37:39,617][INFO][freq_evaluator:47] - dataset: valid_pretraining, acc: 0.098, hamming: 0.767
[2024-09-11 19:37:39,632][INFO][base_model:51] - snapshot saved to XXX/frequency-pretraining/models/exp021b-m56-simple_multi_class-2024-09-11_16-55-09-final.pth
[2024-09-11 19:37:48,927][INFO][freq_trainer:114] - train epoch: 8 [9920/100000 (10%)], lr: ['1.00e-04'], loss: 0.552504
[2024-09-11 19:37:57,026][INFO][freq_trainer:114] - train epoch: 8 [19904/100000 (20%)], lr: ['1.00e-04'], loss: 0.526478
[2024-09-11 19:38:05,858][INFO][freq_trainer:114] - train epoch: 8 [29888/100000 (30%)], lr: ['1.00e-04'], loss: 0.508064
[2024-09-11 19:38:14,501][INFO][freq_trainer:114] - train epoch: 8 [39872/100000 (40%)], lr: ['1.00e-04'], loss: 0.499837
[2024-09-11 19:38:22,652][INFO][freq_trainer:114] - train epoch: 8 [49856/100000 (50%)], lr: ['1.00e-04'], loss: 0.521402
[2024-09-11 19:38:31,038][INFO][freq_trainer:114] - train epoch: 8 [59840/100000 (60%)], lr: ['1.00e-04'], loss: 0.485318
[2024-09-11 19:38:39,318][INFO][freq_trainer:114] - train epoch: 8 [69824/100000 (70%)], lr: ['1.00e-04'], loss: 0.447775
[2024-09-11 19:38:47,818][INFO][freq_trainer:114] - train epoch: 8 [79808/100000 (80%)], lr: ['1.00e-04'], loss: 0.459436
[2024-09-11 19:38:56,541][INFO][freq_trainer:114] - train epoch: 8 [89792/100000 (90%)], lr: ['1.00e-04'], loss: 0.444815
[2024-09-11 19:39:05,292][INFO][freq_trainer:114] - train epoch: 8 [99776/100000 (100%)], lr: ['1.00e-04'], loss: 0.441246
[2024-09-11 19:39:08,295][INFO][freq_trainer:57] - [epoch   8] execution time: 88.66s	metrics:
[2024-09-11 19:39:08,296][INFO][freq_evaluator:47] - dataset: valid_pretraining, acc: 0.058, hamming: 0.783
[2024-09-11 19:39:08,309][INFO][base_model:51] - snapshot saved to XXX/frequency-pretraining/models/exp021b-m56-simple_multi_class-2024-09-11_16-55-09-final.pth
[2024-09-11 19:39:17,309][INFO][freq_trainer:114] - train epoch: 9 [9920/100000 (10%)], lr: ['1.00e-04'], loss: 0.406604
[2024-09-11 19:39:24,615][INFO][freq_trainer:114] - train epoch: 9 [19904/100000 (20%)], lr: ['1.00e-04'], loss: 0.386755
[2024-09-11 19:39:32,069][INFO][freq_trainer:114] - train epoch: 9 [29888/100000 (30%)], lr: ['1.00e-04'], loss: 0.407288
[2024-09-11 19:39:39,695][INFO][freq_trainer:114] - train epoch: 9 [39872/100000 (40%)], lr: ['1.00e-04'], loss: 0.382940
[2024-09-11 19:39:47,239][INFO][freq_trainer:114] - train epoch: 9 [49856/100000 (50%)], lr: ['1.00e-04'], loss: 0.409610
[2024-09-11 19:39:54,225][INFO][freq_trainer:114] - train epoch: 9 [59840/100000 (60%)], lr: ['1.00e-04'], loss: 0.369830
[2024-09-11 19:40:01,610][INFO][freq_trainer:114] - train epoch: 9 [69824/100000 (70%)], lr: ['1.00e-04'], loss: 0.379126
[2024-09-11 19:40:09,644][INFO][freq_trainer:114] - train epoch: 9 [79808/100000 (80%)], lr: ['1.00e-04'], loss: 0.374552
[2024-09-11 19:40:17,464][INFO][freq_trainer:114] - train epoch: 9 [89792/100000 (90%)], lr: ['1.00e-04'], loss: 0.363866
[2024-09-11 19:40:24,630][INFO][freq_trainer:114] - train epoch: 9 [99776/100000 (100%)], lr: ['1.00e-04'], loss: 0.378363
[2024-09-11 19:40:27,285][INFO][freq_trainer:57] - [epoch   9] execution time: 78.98s	metrics:
[2024-09-11 19:40:27,286][INFO][freq_evaluator:47] - dataset: valid_pretraining, acc: 0.116, hamming: 0.827
[2024-09-11 19:40:27,301][INFO][base_model:51] - snapshot saved to XXX/frequency-pretraining/models/exp021b-m56-simple_multi_class-2024-09-11_16-55-09-final.pth
[2024-09-11 19:40:36,145][INFO][freq_trainer:114] - train epoch: 10 [9920/100000 (10%)], lr: ['1.00e-04'], loss: 0.368320
[2024-09-11 19:40:44,980][INFO][freq_trainer:114] - train epoch: 10 [19904/100000 (20%)], lr: ['1.00e-04'], loss: 0.356322
[2024-09-11 19:40:53,385][INFO][freq_trainer:114] - train epoch: 10 [29888/100000 (30%)], lr: ['1.00e-04'], loss: 0.338117
[2024-09-11 19:41:01,669][INFO][freq_trainer:114] - train epoch: 10 [39872/100000 (40%)], lr: ['1.00e-04'], loss: 0.361216
[2024-09-11 19:41:10,138][INFO][freq_trainer:114] - train epoch: 10 [49856/100000 (50%)], lr: ['1.00e-04'], loss: 0.317436
[2024-09-11 19:41:18,711][INFO][freq_trainer:114] - train epoch: 10 [59840/100000 (60%)], lr: ['1.00e-04'], loss: 0.358835
[2024-09-11 19:41:27,180][INFO][freq_trainer:114] - train epoch: 10 [69824/100000 (70%)], lr: ['1.00e-04'], loss: 0.316293
[2024-09-11 19:41:35,532][INFO][freq_trainer:114] - train epoch: 10 [79808/100000 (80%)], lr: ['1.00e-04'], loss: 0.329877
[2024-09-11 19:41:44,282][INFO][freq_trainer:114] - train epoch: 10 [89792/100000 (90%)], lr: ['1.00e-04'], loss: 0.288292
[2024-09-11 19:41:53,357][INFO][freq_trainer:114] - train epoch: 10 [99776/100000 (100%)], lr: ['1.00e-04'], loss: 0.287015
[2024-09-11 19:41:56,673][INFO][freq_trainer:57] - [epoch  10] execution time: 89.37s	metrics:
[2024-09-11 19:41:56,673][INFO][freq_evaluator:47] - dataset: valid_pretraining, acc: 0.147, hamming: 0.841
[2024-09-11 19:41:56,688][INFO][base_model:51] - snapshot saved to XXX/frequency-pretraining/models/exp021b-m56-simple_multi_class-2024-09-11_16-55-09-final.pth
[2024-09-11 19:42:06,096][INFO][freq_trainer:114] - train epoch: 11 [9920/100000 (10%)], lr: ['1.00e-04'], loss: 0.273048
[2024-09-11 19:42:14,778][INFO][freq_trainer:114] - train epoch: 11 [19904/100000 (20%)], lr: ['1.00e-04'], loss: 0.258985
[2024-09-11 19:42:24,090][INFO][freq_trainer:114] - train epoch: 11 [29888/100000 (30%)], lr: ['1.00e-04'], loss: 0.311615
[2024-09-11 19:42:32,406][INFO][freq_trainer:114] - train epoch: 11 [39872/100000 (40%)], lr: ['1.00e-04'], loss: 0.283886
[2024-09-11 19:42:40,736][INFO][freq_trainer:114] - train epoch: 11 [49856/100000 (50%)], lr: ['1.00e-04'], loss: 0.269463
[2024-09-11 19:42:49,772][INFO][freq_trainer:114] - train epoch: 11 [59840/100000 (60%)], lr: ['1.00e-04'], loss: 0.279853
[2024-09-11 19:42:57,962][INFO][freq_trainer:114] - train epoch: 11 [69824/100000 (70%)], lr: ['1.00e-04'], loss: 0.270818
[2024-09-11 19:43:06,861][INFO][freq_trainer:114] - train epoch: 11 [79808/100000 (80%)], lr: ['1.00e-04'], loss: 0.257067
[2024-09-11 19:43:15,213][INFO][freq_trainer:114] - train epoch: 11 [89792/100000 (90%)], lr: ['1.00e-04'], loss: 0.297943
[2024-09-11 19:43:24,141][INFO][freq_trainer:114] - train epoch: 11 [99776/100000 (100%)], lr: ['1.00e-04'], loss: 0.273328
[2024-09-11 19:43:26,800][INFO][freq_trainer:57] - [epoch  11] execution time: 90.11s	metrics:
[2024-09-11 19:43:26,801][INFO][freq_evaluator:47] - dataset: valid_pretraining, acc: 0.159, hamming: 0.852
[2024-09-11 19:43:26,815][INFO][base_model:51] - snapshot saved to XXX/frequency-pretraining/models/exp021b-m56-simple_multi_class-2024-09-11_16-55-09-final.pth
[2024-09-11 19:43:36,302][INFO][freq_trainer:114] - train epoch: 12 [9920/100000 (10%)], lr: ['1.00e-04'], loss: 0.215432
[2024-09-11 19:43:44,231][INFO][freq_trainer:114] - train epoch: 12 [19904/100000 (20%)], lr: ['1.00e-04'], loss: 0.243525
[2024-09-11 19:43:52,277][INFO][freq_trainer:114] - train epoch: 12 [29888/100000 (30%)], lr: ['1.00e-04'], loss: 0.306980
[2024-09-11 19:44:00,623][INFO][freq_trainer:114] - train epoch: 12 [39872/100000 (40%)], lr: ['1.00e-04'], loss: 0.316634
[2024-09-11 19:44:08,846][INFO][freq_trainer:114] - train epoch: 12 [49856/100000 (50%)], lr: ['1.00e-04'], loss: 0.219864
[2024-09-11 19:44:17,554][INFO][freq_trainer:114] - train epoch: 12 [59840/100000 (60%)], lr: ['1.00e-04'], loss: 0.251391
[2024-09-11 19:44:25,653][INFO][freq_trainer:114] - train epoch: 12 [69824/100000 (70%)], lr: ['1.00e-04'], loss: 0.231217
[2024-09-11 19:44:33,720][INFO][freq_trainer:114] - train epoch: 12 [79808/100000 (80%)], lr: ['1.00e-04'], loss: 0.237976
[2024-09-11 19:44:41,773][INFO][freq_trainer:114] - train epoch: 12 [89792/100000 (90%)], lr: ['1.00e-04'], loss: 0.244487
[2024-09-11 19:44:49,724][INFO][freq_trainer:114] - train epoch: 12 [99776/100000 (100%)], lr: ['1.00e-04'], loss: 0.224092
[2024-09-11 19:44:52,469][INFO][freq_trainer:57] - [epoch  12] execution time: 85.65s	metrics:
[2024-09-11 19:44:52,470][INFO][freq_evaluator:47] - dataset: valid_pretraining, acc: 0.171, hamming: 0.863
[2024-09-11 19:44:52,484][INFO][base_model:51] - snapshot saved to XXX/frequency-pretraining/models/exp021b-m56-simple_multi_class-2024-09-11_16-55-09-final.pth
[2024-09-11 19:45:00,980][INFO][freq_trainer:114] - train epoch: 13 [9920/100000 (10%)], lr: ['1.00e-04'], loss: 0.238776
[2024-09-11 19:45:09,511][INFO][freq_trainer:114] - train epoch: 13 [19904/100000 (20%)], lr: ['1.00e-04'], loss: 0.250256
[2024-09-11 19:45:18,451][INFO][freq_trainer:114] - train epoch: 13 [29888/100000 (30%)], lr: ['1.00e-04'], loss: 0.236041
[2024-09-11 19:45:27,166][INFO][freq_trainer:114] - train epoch: 13 [39872/100000 (40%)], lr: ['1.00e-04'], loss: 0.249003
[2024-09-11 19:45:35,829][INFO][freq_trainer:114] - train epoch: 13 [49856/100000 (50%)], lr: ['1.00e-04'], loss: 0.265607
[2024-09-11 19:45:43,857][INFO][freq_trainer:114] - train epoch: 13 [59840/100000 (60%)], lr: ['1.00e-04'], loss: 0.250347
[2024-09-11 19:45:51,730][INFO][freq_trainer:114] - train epoch: 13 [69824/100000 (70%)], lr: ['1.00e-04'], loss: 0.210852
[2024-09-11 19:46:00,142][INFO][freq_trainer:114] - train epoch: 13 [79808/100000 (80%)], lr: ['1.00e-04'], loss: 0.243874
[2024-09-11 19:46:08,557][INFO][freq_trainer:114] - train epoch: 13 [89792/100000 (90%)], lr: ['1.00e-04'], loss: 0.245323
[2024-09-11 19:46:17,243][INFO][freq_trainer:114] - train epoch: 13 [99776/100000 (100%)], lr: ['1.00e-04'], loss: 0.219157
[2024-09-11 19:46:19,968][INFO][freq_trainer:57] - [epoch  13] execution time: 87.48s	metrics:
[2024-09-11 19:46:19,969][INFO][freq_evaluator:47] - dataset: valid_pretraining, acc: 0.173, hamming: 0.873
[2024-09-11 19:46:19,983][INFO][base_model:51] - snapshot saved to XXX/frequency-pretraining/models/exp021b-m56-simple_multi_class-2024-09-11_16-55-09-final.pth
[2024-09-11 19:46:29,213][INFO][freq_trainer:114] - train epoch: 14 [9920/100000 (10%)], lr: ['1.00e-04'], loss: 0.224803
[2024-09-11 19:46:37,839][INFO][freq_trainer:114] - train epoch: 14 [19904/100000 (20%)], lr: ['1.00e-04'], loss: 0.220256
[2024-09-11 19:46:46,403][INFO][freq_trainer:114] - train epoch: 14 [29888/100000 (30%)], lr: ['1.00e-04'], loss: 0.183912
[2024-09-11 19:46:54,568][INFO][freq_trainer:114] - train epoch: 14 [39872/100000 (40%)], lr: ['1.00e-04'], loss: 0.192817
[2024-09-11 19:47:02,650][INFO][freq_trainer:114] - train epoch: 14 [49856/100000 (50%)], lr: ['1.00e-04'], loss: 0.158591
[2024-09-11 19:47:11,871][INFO][freq_trainer:114] - train epoch: 14 [59840/100000 (60%)], lr: ['1.00e-04'], loss: 0.214639
[2024-09-11 19:47:20,923][INFO][freq_trainer:114] - train epoch: 14 [69824/100000 (70%)], lr: ['1.00e-04'], loss: 0.210662
[2024-09-11 19:47:29,239][INFO][freq_trainer:114] - train epoch: 14 [79808/100000 (80%)], lr: ['1.00e-04'], loss: 0.160712
[2024-09-11 19:47:37,056][INFO][freq_trainer:114] - train epoch: 14 [89792/100000 (90%)], lr: ['1.00e-04'], loss: 0.234944
[2024-09-11 19:47:45,141][INFO][freq_trainer:114] - train epoch: 14 [99776/100000 (100%)], lr: ['1.00e-04'], loss: 0.188686
[2024-09-11 19:47:48,550][INFO][freq_trainer:57] - [epoch  14] execution time: 88.57s	metrics:
[2024-09-11 19:47:48,551][INFO][freq_evaluator:47] - dataset: valid_pretraining, acc: 0.187, hamming: 0.881
[2024-09-11 19:47:48,564][INFO][base_model:51] - snapshot saved to XXX/frequency-pretraining/models/exp021b-m56-simple_multi_class-2024-09-11_16-55-09-final.pth
[2024-09-11 19:47:57,681][INFO][freq_trainer:114] - train epoch: 15 [9920/100000 (10%)], lr: ['1.00e-04'], loss: 0.178785
[2024-09-11 19:48:05,830][INFO][freq_trainer:114] - train epoch: 15 [19904/100000 (20%)], lr: ['1.00e-04'], loss: 0.167491
[2024-09-11 19:48:13,011][INFO][freq_trainer:114] - train epoch: 15 [29888/100000 (30%)], lr: ['1.00e-04'], loss: 0.154418
[2024-09-11 19:48:21,697][INFO][freq_trainer:114] - train epoch: 15 [39872/100000 (40%)], lr: ['1.00e-04'], loss: 0.156345
[2024-09-11 19:48:30,018][INFO][freq_trainer:114] - train epoch: 15 [49856/100000 (50%)], lr: ['1.00e-04'], loss: 0.173634
[2024-09-11 19:48:38,699][INFO][freq_trainer:114] - train epoch: 15 [59840/100000 (60%)], lr: ['1.00e-04'], loss: 0.146718
[2024-09-11 19:48:46,892][INFO][freq_trainer:114] - train epoch: 15 [69824/100000 (70%)], lr: ['1.00e-04'], loss: 0.159180
[2024-09-11 19:48:55,417][INFO][freq_trainer:114] - train epoch: 15 [79808/100000 (80%)], lr: ['1.00e-04'], loss: 0.167271
[2024-09-11 19:49:03,709][INFO][freq_trainer:114] - train epoch: 15 [89792/100000 (90%)], lr: ['1.00e-04'], loss: 0.169167
[2024-09-11 19:49:11,106][INFO][freq_trainer:114] - train epoch: 15 [99776/100000 (100%)], lr: ['1.00e-04'], loss: 0.150130
[2024-09-11 19:49:13,722][INFO][freq_trainer:57] - [epoch  15] execution time: 85.16s	metrics:
[2024-09-11 19:49:13,722][INFO][freq_evaluator:47] - dataset: valid_pretraining, acc: 0.180, hamming: 0.879
[2024-09-11 19:49:13,735][INFO][base_model:51] - snapshot saved to XXX/frequency-pretraining/models/exp021b-m56-simple_multi_class-2024-09-11_16-55-09-final.pth
[2024-09-11 19:49:22,303][INFO][freq_trainer:114] - train epoch: 16 [9920/100000 (10%)], lr: ['1.00e-04'], loss: 0.136433
[2024-09-11 19:49:30,696][INFO][freq_trainer:114] - train epoch: 16 [19904/100000 (20%)], lr: ['1.00e-04'], loss: 0.146188
[2024-09-11 19:49:38,723][INFO][freq_trainer:114] - train epoch: 16 [29888/100000 (30%)], lr: ['1.00e-04'], loss: 0.142876
[2024-09-11 19:49:46,781][INFO][freq_trainer:114] - train epoch: 16 [39872/100000 (40%)], lr: ['1.00e-04'], loss: 0.152433
[2024-09-11 19:49:56,169][INFO][freq_trainer:114] - train epoch: 16 [49856/100000 (50%)], lr: ['1.00e-04'], loss: 0.158410
[2024-09-11 19:50:04,303][INFO][freq_trainer:114] - train epoch: 16 [59840/100000 (60%)], lr: ['1.00e-04'], loss: 0.158461
[2024-09-11 19:50:13,118][INFO][freq_trainer:114] - train epoch: 16 [69824/100000 (70%)], lr: ['1.00e-04'], loss: 0.147377
[2024-09-11 19:50:21,542][INFO][freq_trainer:114] - train epoch: 16 [79808/100000 (80%)], lr: ['1.00e-04'], loss: 0.151822
[2024-09-11 19:50:29,948][INFO][freq_trainer:114] - train epoch: 16 [89792/100000 (90%)], lr: ['1.00e-04'], loss: 0.150912
[2024-09-11 19:50:37,855][INFO][freq_trainer:114] - train epoch: 16 [99776/100000 (100%)], lr: ['1.00e-04'], loss: 0.132952
[2024-09-11 19:50:40,840][INFO][freq_trainer:57] - [epoch  16] execution time: 87.10s	metrics:
[2024-09-11 19:50:40,841][INFO][freq_evaluator:47] - dataset: valid_pretraining, acc: 0.181, hamming: 0.880
[2024-09-11 19:50:40,855][INFO][base_model:51] - snapshot saved to XXX/frequency-pretraining/models/exp021b-m56-simple_multi_class-2024-09-11_16-55-09-final.pth
[2024-09-11 19:50:50,326][INFO][freq_trainer:114] - train epoch: 17 [9920/100000 (10%)], lr: ['1.00e-04'], loss: 0.127340
[2024-09-11 19:50:59,141][INFO][freq_trainer:114] - train epoch: 17 [19904/100000 (20%)], lr: ['1.00e-04'], loss: 0.114270
[2024-09-11 19:51:07,234][INFO][freq_trainer:114] - train epoch: 17 [29888/100000 (30%)], lr: ['1.00e-04'], loss: 0.135257
[2024-09-11 19:51:15,717][INFO][freq_trainer:114] - train epoch: 17 [39872/100000 (40%)], lr: ['1.00e-04'], loss: 0.132875
[2024-09-11 19:51:24,204][INFO][freq_trainer:114] - train epoch: 17 [49856/100000 (50%)], lr: ['1.00e-04'], loss: 0.141412
[2024-09-11 19:51:33,225][INFO][freq_trainer:114] - train epoch: 17 [59840/100000 (60%)], lr: ['1.00e-04'], loss: 0.127488
[2024-09-11 19:51:41,922][INFO][freq_trainer:114] - train epoch: 17 [69824/100000 (70%)], lr: ['1.00e-04'], loss: 0.119362
[2024-09-11 19:51:50,661][INFO][freq_trainer:114] - train epoch: 17 [79808/100000 (80%)], lr: ['1.00e-04'], loss: 0.102916
[2024-09-11 19:51:58,977][INFO][freq_trainer:114] - train epoch: 17 [89792/100000 (90%)], lr: ['1.00e-04'], loss: 0.114171
[2024-09-11 19:52:07,356][INFO][freq_trainer:114] - train epoch: 17 [99776/100000 (100%)], lr: ['1.00e-04'], loss: 0.128942
[2024-09-11 19:52:10,051][INFO][freq_trainer:57] - [epoch  17] execution time: 89.20s	metrics:
[2024-09-11 19:52:10,051][INFO][freq_evaluator:47] - dataset: valid_pretraining, acc: 0.185, hamming: 0.880
[2024-09-11 19:52:10,064][INFO][base_model:51] - snapshot saved to XXX/frequency-pretraining/models/exp021b-m56-simple_multi_class-2024-09-11_16-55-09-final.pth
[2024-09-11 19:52:19,386][INFO][freq_trainer:114] - train epoch: 18 [9920/100000 (10%)], lr: ['1.00e-04'], loss: 0.112179
[2024-09-11 19:52:28,017][INFO][freq_trainer:114] - train epoch: 18 [19904/100000 (20%)], lr: ['1.00e-04'], loss: 0.110631
[2024-09-11 19:52:36,388][INFO][freq_trainer:114] - train epoch: 18 [29888/100000 (30%)], lr: ['1.00e-04'], loss: 0.125708
[2024-09-11 19:52:45,531][INFO][freq_trainer:114] - train epoch: 18 [39872/100000 (40%)], lr: ['1.00e-04'], loss: 0.081268
[2024-09-11 19:52:54,002][INFO][freq_trainer:114] - train epoch: 18 [49856/100000 (50%)], lr: ['1.00e-04'], loss: 0.117051
[2024-09-11 19:53:02,905][INFO][freq_trainer:114] - train epoch: 18 [59840/100000 (60%)], lr: ['1.00e-04'], loss: 0.124907
[2024-09-11 19:53:11,464][INFO][freq_trainer:114] - train epoch: 18 [69824/100000 (70%)], lr: ['1.00e-04'], loss: 0.084677
[2024-09-11 19:53:19,958][INFO][freq_trainer:114] - train epoch: 18 [79808/100000 (80%)], lr: ['1.00e-04'], loss: 0.108299
[2024-09-11 19:53:27,529][INFO][freq_trainer:114] - train epoch: 18 [89792/100000 (90%)], lr: ['1.00e-04'], loss: 0.092355
[2024-09-11 19:53:36,291][INFO][freq_trainer:114] - train epoch: 18 [99776/100000 (100%)], lr: ['1.00e-04'], loss: 0.082116
[2024-09-11 19:53:39,042][INFO][freq_trainer:57] - [epoch  18] execution time: 88.98s	metrics:
[2024-09-11 19:53:39,043][INFO][freq_evaluator:47] - dataset: valid_pretraining, acc: 0.187, hamming: 0.880
[2024-09-11 19:53:39,058][INFO][base_model:51] - snapshot saved to XXX/frequency-pretraining/models/exp021b-m56-simple_multi_class-2024-09-11_16-55-09-final.pth
[2024-09-11 19:53:47,889][INFO][freq_trainer:114] - train epoch: 19 [9920/100000 (10%)], lr: ['1.00e-04'], loss: 0.087491
[2024-09-11 19:53:56,757][INFO][freq_trainer:114] - train epoch: 19 [19904/100000 (20%)], lr: ['1.00e-04'], loss: 0.081242
[2024-09-11 19:54:05,530][INFO][freq_trainer:114] - train epoch: 19 [29888/100000 (30%)], lr: ['1.00e-04'], loss: 0.100407
[2024-09-11 19:54:13,209][INFO][freq_trainer:114] - train epoch: 19 [39872/100000 (40%)], lr: ['1.00e-04'], loss: 0.098975
[2024-09-11 19:54:21,144][INFO][freq_trainer:114] - train epoch: 19 [49856/100000 (50%)], lr: ['1.00e-04'], loss: 0.082865
[2024-09-11 19:54:29,332][INFO][freq_trainer:114] - train epoch: 19 [59840/100000 (60%)], lr: ['1.00e-04'], loss: 0.091663
[2024-09-11 19:54:37,226][INFO][freq_trainer:114] - train epoch: 19 [69824/100000 (70%)], lr: ['1.00e-04'], loss: 0.065962
[2024-09-11 19:54:44,961][INFO][freq_trainer:114] - train epoch: 19 [79808/100000 (80%)], lr: ['1.00e-04'], loss: 0.098269
[2024-09-11 19:54:52,882][INFO][freq_trainer:114] - train epoch: 19 [89792/100000 (90%)], lr: ['1.00e-04'], loss: 0.085918
[2024-09-11 19:55:01,373][INFO][freq_trainer:114] - train epoch: 19 [99776/100000 (100%)], lr: ['1.00e-04'], loss: 0.093784
[2024-09-11 19:55:04,001][INFO][freq_trainer:57] - [epoch  19] execution time: 84.94s	metrics:
[2024-09-11 19:55:04,001][INFO][freq_evaluator:47] - dataset: valid_pretraining, acc: 0.184, hamming: 0.879
[2024-09-11 19:55:04,015][INFO][base_model:51] - snapshot saved to XXX/frequency-pretraining/models/exp021b-m56-simple_multi_class-2024-09-11_16-55-09-final.pth
[2024-09-11 19:55:12,464][INFO][freq_trainer:114] - train epoch: 20 [9920/100000 (10%)], lr: ['1.00e-04'], loss: 0.082539
[2024-09-11 19:55:21,045][INFO][freq_trainer:114] - train epoch: 20 [19904/100000 (20%)], lr: ['1.00e-04'], loss: 0.076103
[2024-09-11 19:55:29,697][INFO][freq_trainer:114] - train epoch: 20 [29888/100000 (30%)], lr: ['1.00e-04'], loss: 0.083374
[2024-09-11 19:55:38,196][INFO][freq_trainer:114] - train epoch: 20 [39872/100000 (40%)], lr: ['1.00e-04'], loss: 0.071883
[2024-09-11 19:55:45,956][INFO][freq_trainer:114] - train epoch: 20 [49856/100000 (50%)], lr: ['1.00e-04'], loss: 0.071699
[2024-09-11 19:55:54,195][INFO][freq_trainer:114] - train epoch: 20 [59840/100000 (60%)], lr: ['1.00e-04'], loss: 0.077941
[2024-09-11 19:56:02,341][INFO][freq_trainer:114] - train epoch: 20 [69824/100000 (70%)], lr: ['1.00e-04'], loss: 0.053989
[2024-09-11 19:56:10,942][INFO][freq_trainer:114] - train epoch: 20 [79808/100000 (80%)], lr: ['1.00e-04'], loss: 0.077058
[2024-09-11 19:56:19,294][INFO][freq_trainer:114] - train epoch: 20 [89792/100000 (90%)], lr: ['1.00e-04'], loss: 0.061601
[2024-09-11 19:56:27,497][INFO][freq_trainer:114] - train epoch: 20 [99776/100000 (100%)], lr: ['1.00e-04'], loss: 0.074282
[2024-09-11 19:56:30,460][INFO][freq_trainer:57] - [epoch  20] execution time: 86.44s	metrics:
[2024-09-11 19:56:30,461][INFO][freq_evaluator:47] - dataset: valid_pretraining, acc: 0.185, hamming: 0.877
[2024-09-11 19:56:30,476][INFO][base_model:51] - snapshot saved to XXX/frequency-pretraining/models/exp021b-m56-simple_multi_class-2024-09-11_16-55-09-final.pth
[2024-09-11 19:56:30,477][INFO][freq_trainer:67] - finished training
[2024-09-11 19:56:33,003][INFO][data_loaders:39] - class distribution before data reduction:
# samples per subject
02fb158a-a658-51ee-89cf-1e1dc2ebfde1: 861
03341d0d-5927-5838-8a5f-1b8ef39d8f57: 1063
039ce8ad-a7fa-5272-a3e3-1f4bfebdd087: 915
095d6e40-5f19-55b6-a0ec-6e0ad3793da0: 1192
0d79f4b1-e74f-5e87-8e42-f9dd7112ada5: 968
100df108-eb57-5eaa-a413-f7e4436a7895: 952
14c012bd-65b0-56f5-bc74-2dffcea69837: 969
16450f5a-9b65-5536-85e1-93816c8b89eb: 816
18482adf-1144-54ca-9e35-27f65c43a105: 824
18ede714-aba3-5ad8-bb1a-18fc9b1c4192: 995
1da3544e-dc5c-5795-adc3-f5068959211f: 955
2159377e-ebf3-5565-9014-1e2ae69dc1d2: 907
2e865ca9-e20f-5a6f-bd25-45d28cc9eab9: 950
32556393-bb57-560a-99e8-e09885219647: 1106
37d0da97-9ae8-5413-b889-4e843ff35488: 1011
3dd35e7b-d7e2-516d-8a85-e0d58a59569f: 1093
3e842aa8-bcd9-521e-93a2-72124233fe2c: 620
40e25dd4-6087-5747-b9c2-4838ada86b15: 1076
47f45aa2-31c4-595b-bdb6-f1348bba062b: 1032
4b72b905-5521-5c57-b666-e20ff9bb195f: 868
4e3c4ac4-69e2-5347-a3b0-662c204d259d: 926
5b94ec8a-c34d-5e45-84d1-bec2ea965609: 1090
5bf0f969-304c-581e-949c-50c108f62846: 947
67fa8e29-6f4d-530e-9422-bbc3aca86ed0: 1046
6e2aa933-c51c-5a31-8c7b-83da8d076a12: 905
730aba3b-e310-5be0-9eed-7c3123466834: 1120
742f1592-627c-54eb-bbb5-ccd55ffae33a: 975
769df255-2284-50b3-8917-2155c759fbbd: 929
79e8a04e-0fdd-53ae-bedc-d49d08e29103: 918
7d778801-88e7-5086-ad1d-70f31a371876: 999
83c1394e-9c69-5c11-9102-9ff8d59b1cfd: 1011
844f68ba-265e-53e6-bf47-6c85d1804a7b: 957
90aef91a-252f-5ccc-a82e-78ea7ee9ca1f: 1089
a0c91989-530f-5117-80c1-2488dbed683c: 1017
a25b2296-343b-53f6-8792-ada2669d466e: 1008
a6254c8a-f1b2-5736-b601-18245dd5e0a5: 1084
a65a9e69-cddf-5711-9a97-de8bfdeb08cc: 961
a79d1f0e-c133-5aa0-8268-cdcc05825f0f: 1046
aa160c78-6da3-5e05-8fc9-d6c13e9f97e0: 1010
aadc9e0c-b7c3-5a47-851d-f21971d10935: 969
ad47bc12-199c-5294-9cb8-4351bbbf7b5e: 893
b2d3ccdd-395c-5dd2-81d9-252bcfc0c337: 902
b3706da5-748b-5dd1-a552-f57e4456cdf6: 1041
b5d5785d-87ee-5078-b9b9-aac6abd4d8de: 918
bb474ab0-c2ce-573b-8acd-ef86b0fa26a2: 1142
c03e27b0-4cb5-584f-aaea-8f1e1ed6513c: 1121
c11c730f-0b6b-580b-af31-d8f0ebbbdfce: 917
c31a47f9-e400-5841-a22b-521c81042603: 986
c8110476-594c-533d-95bd-86147fccc987: 995
c985916d-46a5-5c3e-9d50-a5a91f460bac: 1024
cebd3520-4e77-5222-a614-d2888e6afc2b: 1109
d5181c33-a43b-5dfe-8ad7-0337facb092a: 977
e59c45e0-0c0c-565f-84a9-6cf0ec5ef6c1: 844
e6b7cbef-4c9d-5541-82e8-04810de0fb60: 819
e8ec8ec4-dc48-50ce-985a-a06d87861030: 975
eb95076c-c470-56a4-b788-ace310f061c6: 965

# samples per stage
0: 9856
1: 3075
2: 26718
3: 5997
4: 9162
[2024-09-11 19:56:33,208][INFO][data_loaders:43] - class distribution after data reduction:
# samples per subject
83c1394e-9c69-5c11-9102-9ff8d59b1cfd: 54594

# samples per stage
0: 1728
1: 1134
2: 31158
3: 7398
4: 13176
[2024-09-11 19:56:33,228][INFO][base_pretraining_fe:55] - Loading model from XXX/frequency-pretraining/models/exp021b-m56-simple_multi_class-2024-09-11_16-55-09-final.pth
[2024-09-11 19:56:33,561][INFO][data_loaders:39] - class distribution before data reduction:
# samples per subject
0416d51f-5d69-5326-b74a-a2e31a96a1ef: 822
1fa6c401-d819-50f5-8146-a0bb9e2b2516: 986
22bea84c-5d23-5e49-bc2d-9764f883955b: 1048
25a6b2b0-4d09-561b-82c6-f09bb271d3be: 1063
a30245e3-4a71-565f-9636-92e7d2e825fc: 1122
a4568951-bf87-5bbc-bc4f-28e93c360be6: 975
b3534fa3-7676-50dc-8412-07f0eff4f7a9: 757
fc10ee0b-b863-511b-bce8-4dfa7af8ac3a: 910

# samples per stage
0: 1458
1: 408
2: 3702
3: 1050
4: 1065
[2024-09-11 19:56:33,585][INFO][data_loaders:43] - class distribution after data reduction:
# samples per subject
0416d51f-5d69-5326-b74a-a2e31a96a1ef: 822
1fa6c401-d819-50f5-8146-a0bb9e2b2516: 986
22bea84c-5d23-5e49-bc2d-9764f883955b: 1048
25a6b2b0-4d09-561b-82c6-f09bb271d3be: 1063
a30245e3-4a71-565f-9636-92e7d2e825fc: 1122
a4568951-bf87-5bbc-bc4f-28e93c360be6: 975
b3534fa3-7676-50dc-8412-07f0eff4f7a9: 757
fc10ee0b-b863-511b-bce8-4dfa7af8ac3a: 910

# samples per stage
0: 1458
1: 408
2: 3702
3: 1050
4: 1065
[2024-09-11 19:56:33,600][INFO][clas_trainer:49] - metrics before training (epoch 0):
[2024-09-11 19:56:56,154][INFO][clas_evaluator:99] - dataset: earlystopping, avg f1-score: 0.1043
[2024-09-11 19:57:11,432][INFO][clas_trainer:133] - train epoch: 1 [5408/54594 (10%)], lr: ['1.00e-04', '1.00e-04'], loss: 0.631716
[2024-09-11 19:57:26,534][INFO][clas_trainer:133] - train epoch: 1 [10848/54594 (20%)], lr: ['1.00e-04', '1.00e-04'], loss: 0.066671
[2024-09-11 19:57:41,777][INFO][clas_trainer:133] - train epoch: 1 [16288/54594 (30%)], lr: ['1.00e-04', '1.00e-04'], loss: 0.199268
[2024-09-11 19:57:57,195][INFO][clas_trainer:133] - train epoch: 1 [21728/54594 (40%)], lr: ['1.00e-04', '1.00e-04'], loss: 0.507556
[2024-09-11 19:58:11,873][INFO][clas_trainer:133] - train epoch: 1 [27168/54594 (50%)], lr: ['1.00e-04', '1.00e-04'], loss: 0.097376
[2024-09-11 19:58:28,339][INFO][clas_trainer:133] - train epoch: 1 [32608/54594 (60%)], lr: ['1.00e-04', '1.00e-04'], loss: 0.169576
[2024-09-11 19:58:43,662][INFO][clas_trainer:133] - train epoch: 1 [38048/54594 (70%)], lr: ['1.00e-04', '1.00e-04'], loss: 0.107972
[2024-09-11 19:58:59,010][INFO][clas_trainer:133] - train epoch: 1 [43488/54594 (80%)], lr: ['1.00e-04', '1.00e-04'], loss: 0.004237
[2024-09-11 19:59:14,510][INFO][clas_trainer:133] - train epoch: 1 [48928/54594 (90%)], lr: ['1.00e-04', '1.00e-04'], loss: 0.283408
[2024-09-11 19:59:29,668][INFO][clas_trainer:133] - train epoch: 1 [54368/54594 (100%)], lr: ['1.00e-04', '1.00e-04'], loss: 0.430656
[2024-09-11 19:59:54,003][INFO][clas_trainer:63] - [epoch   1] execution time: 177.85s	metrics:
[2024-09-11 19:59:54,003][INFO][clas_evaluator:99] - dataset: earlystopping, avg f1-score: 0.4799
[2024-09-11 19:59:54,025][INFO][base_model:51] - snapshot saved to XXX/frequency-pretraining/models/exp021b-m56-base_fe_clas-2024-09-11_16-55-09-final.pth
[2024-09-11 20:00:09,878][INFO][clas_trainer:133] - train epoch: 2 [5408/54594 (10%)], lr: ['1.00e-04', '1.00e-04'], loss: 0.033954
[2024-09-11 20:00:25,479][INFO][clas_trainer:133] - train epoch: 2 [10848/54594 (20%)], lr: ['1.00e-04', '1.00e-04'], loss: 0.002614
[2024-09-11 20:00:40,679][INFO][clas_trainer:133] - train epoch: 2 [16288/54594 (30%)], lr: ['1.00e-04', '1.00e-04'], loss: 0.005096
[2024-09-11 20:00:56,144][INFO][clas_trainer:133] - train epoch: 2 [21728/54594 (40%)], lr: ['1.00e-04', '1.00e-04'], loss: 0.005532
[2024-09-11 20:01:11,101][INFO][clas_trainer:133] - train epoch: 2 [27168/54594 (50%)], lr: ['1.00e-04', '1.00e-04'], loss: 0.007250
[2024-09-11 20:01:26,976][INFO][clas_trainer:133] - train epoch: 2 [32608/54594 (60%)], lr: ['1.00e-04', '1.00e-04'], loss: 0.009210
[2024-09-11 20:01:42,511][INFO][clas_trainer:133] - train epoch: 2 [38048/54594 (70%)], lr: ['1.00e-04', '1.00e-04'], loss: 0.016544
[2024-09-11 20:01:58,030][INFO][clas_trainer:133] - train epoch: 2 [43488/54594 (80%)], lr: ['1.00e-04', '1.00e-04'], loss: 0.048083
[2024-09-11 20:02:13,812][INFO][clas_trainer:133] - train epoch: 2 [48928/54594 (90%)], lr: ['1.00e-04', '1.00e-04'], loss: 0.017341
[2024-09-11 20:02:29,013][INFO][clas_trainer:133] - train epoch: 2 [54368/54594 (100%)], lr: ['1.00e-04', '1.00e-04'], loss: 0.068627
[2024-09-11 20:02:54,087][INFO][clas_trainer:63] - [epoch   2] execution time: 180.06s	metrics:
[2024-09-11 20:02:54,087][INFO][clas_evaluator:99] - dataset: earlystopping, avg f1-score: 0.5027
[2024-09-11 20:02:54,108][INFO][base_model:51] - snapshot saved to XXX/frequency-pretraining/models/exp021b-m56-base_fe_clas-2024-09-11_16-55-09-final.pth
[2024-09-11 20:03:09,988][INFO][clas_trainer:133] - train epoch: 3 [5408/54594 (10%)], lr: ['1.00e-04', '1.00e-04'], loss: 0.004058
[2024-09-11 20:03:25,701][INFO][clas_trainer:133] - train epoch: 3 [10848/54594 (20%)], lr: ['1.00e-04', '1.00e-04'], loss: 0.005861
[2024-09-11 20:03:41,270][INFO][clas_trainer:133] - train epoch: 3 [16288/54594 (30%)], lr: ['1.00e-04', '1.00e-04'], loss: 0.028177
[2024-09-11 20:03:57,098][INFO][clas_trainer:133] - train epoch: 3 [21728/54594 (40%)], lr: ['1.00e-04', '1.00e-04'], loss: 0.022942
[2024-09-11 20:04:11,946][INFO][clas_trainer:133] - train epoch: 3 [27168/54594 (50%)], lr: ['1.00e-04', '1.00e-04'], loss: 0.004586
[2024-09-11 20:04:27,732][INFO][clas_trainer:133] - train epoch: 3 [32608/54594 (60%)], lr: ['1.00e-04', '1.00e-04'], loss: 0.000695
[2024-09-11 20:04:42,620][INFO][clas_trainer:133] - train epoch: 3 [38048/54594 (70%)], lr: ['1.00e-04', '1.00e-04'], loss: 0.000754
[2024-09-11 20:04:58,608][INFO][clas_trainer:133] - train epoch: 3 [43488/54594 (80%)], lr: ['1.00e-04', '1.00e-04'], loss: 0.007548
[2024-09-11 20:05:14,675][INFO][clas_trainer:133] - train epoch: 3 [48928/54594 (90%)], lr: ['1.00e-04', '1.00e-04'], loss: 0.001003
[2024-09-11 20:05:29,990][INFO][clas_trainer:133] - train epoch: 3 [54368/54594 (100%)], lr: ['1.00e-04', '1.00e-04'], loss: 0.005882
[2024-09-11 20:05:55,343][INFO][clas_trainer:63] - [epoch   3] execution time: 181.23s	metrics:
[2024-09-11 20:05:55,343][INFO][clas_evaluator:99] - dataset: earlystopping, avg f1-score: 0.5099
[2024-09-11 20:05:55,367][INFO][base_model:51] - snapshot saved to XXX/frequency-pretraining/models/exp021b-m56-base_fe_clas-2024-09-11_16-55-09-final.pth
[2024-09-11 20:06:11,625][INFO][clas_trainer:133] - train epoch: 4 [5408/54594 (10%)], lr: ['1.00e-04', '1.00e-04'], loss: 0.001660
[2024-09-11 20:06:28,103][INFO][clas_trainer:133] - train epoch: 4 [10848/54594 (20%)], lr: ['1.00e-04', '1.00e-04'], loss: 0.001432
[2024-09-11 20:06:44,300][INFO][clas_trainer:133] - train epoch: 4 [16288/54594 (30%)], lr: ['1.00e-04', '1.00e-04'], loss: 0.115494
[2024-09-11 20:07:00,151][INFO][clas_trainer:133] - train epoch: 4 [21728/54594 (40%)], lr: ['1.00e-04', '1.00e-04'], loss: 0.003938
[2024-09-11 20:07:15,466][INFO][clas_trainer:133] - train epoch: 4 [27168/54594 (50%)], lr: ['1.00e-04', '1.00e-04'], loss: 0.000964
[2024-09-11 20:07:31,230][INFO][clas_trainer:133] - train epoch: 4 [32608/54594 (60%)], lr: ['1.00e-04', '1.00e-04'], loss: 0.000293
[2024-09-11 20:07:46,279][INFO][clas_trainer:133] - train epoch: 4 [38048/54594 (70%)], lr: ['1.00e-04', '1.00e-04'], loss: 0.010496
[2024-09-11 20:08:01,781][INFO][clas_trainer:133] - train epoch: 4 [43488/54594 (80%)], lr: ['1.00e-04', '1.00e-04'], loss: 0.001204
[2024-09-11 20:08:16,592][INFO][clas_trainer:133] - train epoch: 4 [48928/54594 (90%)], lr: ['1.00e-04', '1.00e-04'], loss: 0.008618
[2024-09-11 20:08:31,865][INFO][clas_trainer:133] - train epoch: 4 [54368/54594 (100%)], lr: ['1.00e-04', '1.00e-04'], loss: 0.000102
[2024-09-11 20:08:56,566][INFO][clas_trainer:63] - [epoch   4] execution time: 181.20s	metrics:
[2024-09-11 20:08:56,567][INFO][clas_evaluator:99] - dataset: earlystopping, avg f1-score: 0.4228
[2024-09-11 20:09:12,861][INFO][clas_trainer:133] - train epoch: 5 [5408/54594 (10%)], lr: ['1.00e-04', '1.00e-04'], loss: 0.000950
[2024-09-11 20:09:27,586][INFO][clas_trainer:133] - train epoch: 5 [10848/54594 (20%)], lr: ['1.00e-04', '1.00e-04'], loss: 0.000020
[2024-09-11 20:09:43,062][INFO][clas_trainer:133] - train epoch: 5 [16288/54594 (30%)], lr: ['1.00e-04', '1.00e-04'], loss: 0.000840
[2024-09-11 20:09:58,980][INFO][clas_trainer:133] - train epoch: 5 [21728/54594 (40%)], lr: ['1.00e-04', '1.00e-04'], loss: 0.001703
[2024-09-11 20:10:15,075][INFO][clas_trainer:133] - train epoch: 5 [27168/54594 (50%)], lr: ['1.00e-04', '1.00e-04'], loss: 0.008170
[2024-09-11 20:10:30,731][INFO][clas_trainer:133] - train epoch: 5 [32608/54594 (60%)], lr: ['1.00e-04', '1.00e-04'], loss: 0.002437
[2024-09-11 20:10:47,061][INFO][clas_trainer:133] - train epoch: 5 [38048/54594 (70%)], lr: ['1.00e-04', '1.00e-04'], loss: 0.023869
[2024-09-11 20:11:02,210][INFO][clas_trainer:133] - train epoch: 5 [43488/54594 (80%)], lr: ['1.00e-04', '1.00e-04'], loss: 0.002239
[2024-09-11 20:11:18,021][INFO][clas_trainer:133] - train epoch: 5 [48928/54594 (90%)], lr: ['1.00e-04', '1.00e-04'], loss: 0.000127
[2024-09-11 20:11:33,949][INFO][clas_trainer:133] - train epoch: 5 [54368/54594 (100%)], lr: ['1.00e-04', '1.00e-04'], loss: 0.004281
[2024-09-11 20:11:59,568][INFO][clas_trainer:63] - [epoch   5] execution time: 183.00s	metrics:
[2024-09-11 20:11:59,569][INFO][clas_evaluator:99] - dataset: earlystopping, avg f1-score: 0.5095
[2024-09-11 20:12:15,253][INFO][clas_trainer:133] - train epoch: 6 [5408/54594 (10%)], lr: ['1.00e-04', '1.00e-04'], loss: 0.001277
[2024-09-11 20:12:31,670][INFO][clas_trainer:133] - train epoch: 6 [10848/54594 (20%)], lr: ['1.00e-04', '1.00e-04'], loss: 0.000453
[2024-09-11 20:12:46,768][INFO][clas_trainer:133] - train epoch: 6 [16288/54594 (30%)], lr: ['1.00e-04', '1.00e-04'], loss: 0.000064
[2024-09-11 20:13:02,269][INFO][clas_trainer:133] - train epoch: 6 [21728/54594 (40%)], lr: ['1.00e-04', '1.00e-04'], loss: 0.000170
[2024-09-11 20:13:17,225][INFO][clas_trainer:133] - train epoch: 6 [27168/54594 (50%)], lr: ['1.00e-04', '1.00e-04'], loss: 0.001001
[2024-09-11 20:13:31,955][INFO][clas_trainer:133] - train epoch: 6 [32608/54594 (60%)], lr: ['1.00e-04', '1.00e-04'], loss: 0.021730
[2024-09-11 20:13:47,389][INFO][clas_trainer:133] - train epoch: 6 [38048/54594 (70%)], lr: ['1.00e-04', '1.00e-04'], loss: 0.000620
[2024-09-11 20:14:01,921][INFO][clas_trainer:133] - train epoch: 6 [43488/54594 (80%)], lr: ['1.00e-04', '1.00e-04'], loss: 0.003367
[2024-09-11 20:14:16,408][INFO][clas_trainer:133] - train epoch: 6 [48928/54594 (90%)], lr: ['1.00e-04', '1.00e-04'], loss: 0.000092
[2024-09-11 20:14:31,224][INFO][clas_trainer:133] - train epoch: 6 [54368/54594 (100%)], lr: ['1.00e-04', '1.00e-04'], loss: 0.001357
[2024-09-11 20:14:55,237][INFO][clas_trainer:63] - [epoch   6] execution time: 175.67s	metrics:
[2024-09-11 20:14:55,238][INFO][clas_evaluator:99] - dataset: earlystopping, avg f1-score: 0.5198
[2024-09-11 20:14:55,253][INFO][base_model:51] - snapshot saved to XXX/frequency-pretraining/models/exp021b-m56-base_fe_clas-2024-09-11_16-55-09-final.pth
[2024-09-11 20:15:10,391][INFO][clas_trainer:133] - train epoch: 7 [5408/54594 (10%)], lr: ['1.00e-04', '1.00e-04'], loss: 0.000240
[2024-09-11 20:15:25,638][INFO][clas_trainer:133] - train epoch: 7 [10848/54594 (20%)], lr: ['1.00e-04', '1.00e-04'], loss: 0.000202
[2024-09-11 20:15:40,436][INFO][clas_trainer:133] - train epoch: 7 [16288/54594 (30%)], lr: ['1.00e-04', '1.00e-04'], loss: 0.000943
[2024-09-11 20:15:55,601][INFO][clas_trainer:133] - train epoch: 7 [21728/54594 (40%)], lr: ['1.00e-04', '1.00e-04'], loss: 0.014833
[2024-09-11 20:16:10,345][INFO][clas_trainer:133] - train epoch: 7 [27168/54594 (50%)], lr: ['1.00e-04', '1.00e-04'], loss: 0.000925
[2024-09-11 20:16:25,341][INFO][clas_trainer:133] - train epoch: 7 [32608/54594 (60%)], lr: ['1.00e-04', '1.00e-04'], loss: 0.012240
[2024-09-11 20:16:39,932][INFO][clas_trainer:133] - train epoch: 7 [38048/54594 (70%)], lr: ['1.00e-04', '1.00e-04'], loss: 0.007181
[2024-09-11 20:16:55,298][INFO][clas_trainer:133] - train epoch: 7 [43488/54594 (80%)], lr: ['1.00e-04', '1.00e-04'], loss: 0.012489
[2024-09-11 20:17:09,633][INFO][clas_trainer:133] - train epoch: 7 [48928/54594 (90%)], lr: ['1.00e-04', '1.00e-04'], loss: 0.002279
[2024-09-11 20:17:24,203][INFO][clas_trainer:133] - train epoch: 7 [54368/54594 (100%)], lr: ['1.00e-04', '1.00e-04'], loss: 0.000290
[2024-09-11 20:17:45,879][INFO][clas_trainer:63] - [epoch   7] execution time: 170.63s	metrics:
[2024-09-11 20:17:45,880][INFO][clas_evaluator:99] - dataset: earlystopping, avg f1-score: 0.5084
[2024-09-11 20:18:01,299][INFO][clas_trainer:133] - train epoch: 8 [5408/54594 (10%)], lr: ['1.00e-04', '1.00e-04'], loss: 0.003297
[2024-09-11 20:18:15,878][INFO][clas_trainer:133] - train epoch: 8 [10848/54594 (20%)], lr: ['1.00e-04', '1.00e-04'], loss: 0.001012
[2024-09-11 20:18:29,990][INFO][clas_trainer:133] - train epoch: 8 [16288/54594 (30%)], lr: ['1.00e-04', '1.00e-04'], loss: 0.125755
[2024-09-11 20:18:44,548][INFO][clas_trainer:133] - train epoch: 8 [21728/54594 (40%)], lr: ['1.00e-04', '1.00e-04'], loss: 0.000422
[2024-09-11 20:18:58,792][INFO][clas_trainer:133] - train epoch: 8 [27168/54594 (50%)], lr: ['1.00e-04', '1.00e-04'], loss: 0.000093
[2024-09-11 20:19:12,830][INFO][clas_trainer:133] - train epoch: 8 [32608/54594 (60%)], lr: ['1.00e-04', '1.00e-04'], loss: 0.000888
[2024-09-11 20:19:27,260][INFO][clas_trainer:133] - train epoch: 8 [38048/54594 (70%)], lr: ['1.00e-04', '1.00e-04'], loss: 0.139118
[2024-09-11 20:19:40,952][INFO][clas_trainer:133] - train epoch: 8 [43488/54594 (80%)], lr: ['1.00e-04', '1.00e-04'], loss: 0.003105
[2024-09-11 20:19:54,628][INFO][clas_trainer:133] - train epoch: 8 [48928/54594 (90%)], lr: ['1.00e-04', '1.00e-04'], loss: 0.000764
[2024-09-11 20:20:08,523][INFO][clas_trainer:133] - train epoch: 8 [54368/54594 (100%)], lr: ['1.00e-04', '1.00e-04'], loss: 0.001168
[2024-09-11 20:20:29,169][INFO][clas_trainer:63] - [epoch   8] execution time: 163.29s	metrics:
[2024-09-11 20:20:29,169][INFO][clas_evaluator:99] - dataset: earlystopping, avg f1-score: 0.4402
[2024-09-11 20:20:41,958][INFO][clas_trainer:133] - train epoch: 9 [5408/54594 (10%)], lr: ['1.00e-04', '1.00e-04'], loss: 0.047448
[2024-09-11 20:20:54,663][INFO][clas_trainer:133] - train epoch: 9 [10848/54594 (20%)], lr: ['1.00e-04', '1.00e-04'], loss: 0.000215
[2024-09-11 20:21:07,185][INFO][clas_trainer:133] - train epoch: 9 [16288/54594 (30%)], lr: ['1.00e-04', '1.00e-04'], loss: 0.000267
[2024-09-11 20:21:19,900][INFO][clas_trainer:133] - train epoch: 9 [21728/54594 (40%)], lr: ['1.00e-04', '1.00e-04'], loss: 0.024387
[2024-09-11 20:21:32,262][INFO][clas_trainer:133] - train epoch: 9 [27168/54594 (50%)], lr: ['1.00e-04', '1.00e-04'], loss: 0.002874
[2024-09-11 20:21:45,056][INFO][clas_trainer:133] - train epoch: 9 [32608/54594 (60%)], lr: ['1.00e-04', '1.00e-04'], loss: 0.000501
[2024-09-11 20:21:57,900][INFO][clas_trainer:133] - train epoch: 9 [38048/54594 (70%)], lr: ['1.00e-04', '1.00e-04'], loss: 0.011709
[2024-09-11 20:22:10,190][INFO][clas_trainer:133] - train epoch: 9 [43488/54594 (80%)], lr: ['1.00e-04', '1.00e-04'], loss: 0.002018
[2024-09-11 20:22:23,255][INFO][clas_trainer:133] - train epoch: 9 [48928/54594 (90%)], lr: ['1.00e-04', '1.00e-04'], loss: 0.001333
[2024-09-11 20:22:36,721][INFO][clas_trainer:133] - train epoch: 9 [54368/54594 (100%)], lr: ['1.00e-04', '1.00e-04'], loss: 0.010758
[2024-09-11 20:22:56,289][INFO][clas_trainer:63] - [epoch   9] execution time: 147.12s	metrics:
[2024-09-11 20:22:56,289][INFO][clas_evaluator:99] - dataset: earlystopping, avg f1-score: 0.5118
[2024-09-11 20:23:10,441][INFO][clas_trainer:133] - train epoch: 10 [5408/54594 (10%)], lr: ['1.00e-04', '1.00e-04'], loss: 0.001217
[2024-09-11 20:23:23,029][INFO][clas_trainer:133] - train epoch: 10 [10848/54594 (20%)], lr: ['1.00e-04', '1.00e-04'], loss: 0.000497
[2024-09-11 20:23:35,965][INFO][clas_trainer:133] - train epoch: 10 [16288/54594 (30%)], lr: ['1.00e-04', '1.00e-04'], loss: 0.000093
[2024-09-11 20:23:48,222][INFO][clas_trainer:133] - train epoch: 10 [21728/54594 (40%)], lr: ['1.00e-04', '1.00e-04'], loss: 0.000301
[2024-09-11 20:24:00,700][INFO][clas_trainer:133] - train epoch: 10 [27168/54594 (50%)], lr: ['1.00e-04', '1.00e-04'], loss: 0.001243
[2024-09-11 20:24:13,115][INFO][clas_trainer:133] - train epoch: 10 [32608/54594 (60%)], lr: ['1.00e-04', '1.00e-04'], loss: 0.017960
[2024-09-11 20:24:26,595][INFO][clas_trainer:133] - train epoch: 10 [38048/54594 (70%)], lr: ['1.00e-04', '1.00e-04'], loss: 0.000857
[2024-09-11 20:24:39,468][INFO][clas_trainer:133] - train epoch: 10 [43488/54594 (80%)], lr: ['1.00e-04', '1.00e-04'], loss: 0.006924
[2024-09-11 20:24:52,756][INFO][clas_trainer:133] - train epoch: 10 [48928/54594 (90%)], lr: ['1.00e-04', '1.00e-04'], loss: 0.007925
[2024-09-11 20:25:05,955][INFO][clas_trainer:133] - train epoch: 10 [54368/54594 (100%)], lr: ['1.00e-04', '1.00e-04'], loss: 0.004064
[2024-09-11 20:25:25,618][INFO][clas_trainer:63] - [epoch  10] execution time: 149.33s	metrics:
[2024-09-11 20:25:25,618][INFO][clas_evaluator:99] - dataset: earlystopping, avg f1-score: 0.4272
[2024-09-11 20:25:38,774][INFO][clas_trainer:133] - train epoch: 11 [5408/54594 (10%)], lr: ['1.00e-04', '1.00e-04'], loss: 0.000598
[2024-09-11 20:25:50,354][INFO][clas_trainer:133] - train epoch: 11 [10848/54594 (20%)], lr: ['1.00e-04', '1.00e-04'], loss: 0.000387
[2024-09-11 20:26:02,567][INFO][clas_trainer:133] - train epoch: 11 [16288/54594 (30%)], lr: ['1.00e-04', '1.00e-04'], loss: 0.002630
[2024-09-11 20:26:14,713][INFO][clas_trainer:133] - train epoch: 11 [21728/54594 (40%)], lr: ['1.00e-04', '1.00e-04'], loss: 0.010115
[2024-09-11 20:26:27,699][INFO][clas_trainer:133] - train epoch: 11 [27168/54594 (50%)], lr: ['1.00e-04', '1.00e-04'], loss: 0.001436
[2024-09-11 20:26:40,535][INFO][clas_trainer:133] - train epoch: 11 [32608/54594 (60%)], lr: ['1.00e-04', '1.00e-04'], loss: 0.000159
[2024-09-11 20:26:53,582][INFO][clas_trainer:133] - train epoch: 11 [38048/54594 (70%)], lr: ['1.00e-04', '1.00e-04'], loss: 0.007863
[2024-09-11 20:27:06,519][INFO][clas_trainer:133] - train epoch: 11 [43488/54594 (80%)], lr: ['1.00e-04', '1.00e-04'], loss: 0.003039
[2024-09-11 20:27:19,097][INFO][clas_trainer:133] - train epoch: 11 [48928/54594 (90%)], lr: ['1.00e-04', '1.00e-04'], loss: 0.007302
[2024-09-11 20:27:30,906][INFO][clas_trainer:133] - train epoch: 11 [54368/54594 (100%)], lr: ['1.00e-04', '1.00e-04'], loss: 0.000262
[2024-09-11 20:27:49,870][INFO][clas_trainer:63] - [epoch  11] execution time: 144.25s	metrics:
[2024-09-11 20:27:49,870][INFO][clas_evaluator:99] - dataset: earlystopping, avg f1-score: 0.5033
[2024-09-11 20:28:02,447][INFO][clas_trainer:133] - train epoch: 12 [5408/54594 (10%)], lr: ['1.00e-04', '1.00e-04'], loss: 0.000050
[2024-09-11 20:28:15,065][INFO][clas_trainer:133] - train epoch: 12 [10848/54594 (20%)], lr: ['1.00e-04', '1.00e-04'], loss: 0.003101
[2024-09-11 20:28:27,426][INFO][clas_trainer:133] - train epoch: 12 [16288/54594 (30%)], lr: ['1.00e-04', '1.00e-04'], loss: 0.000059
[2024-09-11 20:28:39,640][INFO][clas_trainer:133] - train epoch: 12 [21728/54594 (40%)], lr: ['1.00e-04', '1.00e-04'], loss: 0.007123
[2024-09-11 20:28:51,859][INFO][clas_trainer:133] - train epoch: 12 [27168/54594 (50%)], lr: ['1.00e-04', '1.00e-04'], loss: 0.003464
[2024-09-11 20:29:04,314][INFO][clas_trainer:133] - train epoch: 12 [32608/54594 (60%)], lr: ['1.00e-04', '1.00e-04'], loss: 0.002127
[2024-09-11 20:29:15,672][INFO][clas_trainer:133] - train epoch: 12 [38048/54594 (70%)], lr: ['1.00e-04', '1.00e-04'], loss: 0.001372
[2024-09-11 20:29:26,946][INFO][clas_trainer:133] - train epoch: 12 [43488/54594 (80%)], lr: ['1.00e-04', '1.00e-04'], loss: 0.000125
[2024-09-11 20:29:37,902][INFO][clas_trainer:133] - train epoch: 12 [48928/54594 (90%)], lr: ['1.00e-04', '1.00e-04'], loss: 0.000690
[2024-09-11 20:29:48,478][INFO][clas_trainer:133] - train epoch: 12 [54368/54594 (100%)], lr: ['1.00e-04', '1.00e-04'], loss: 0.000608
[2024-09-11 20:30:05,592][INFO][clas_trainer:63] - [epoch  12] execution time: 135.72s	metrics:
[2024-09-11 20:30:05,593][INFO][clas_evaluator:99] - dataset: earlystopping, avg f1-score: 0.4683
[2024-09-11 20:30:16,507][INFO][clas_trainer:133] - train epoch: 13 [5408/54594 (10%)], lr: ['1.00e-04', '1.00e-04'], loss: 0.002562
[2024-09-11 20:30:27,182][INFO][clas_trainer:133] - train epoch: 13 [10848/54594 (20%)], lr: ['1.00e-04', '1.00e-04'], loss: 0.010574
[2024-09-11 20:30:38,020][INFO][clas_trainer:133] - train epoch: 13 [16288/54594 (30%)], lr: ['1.00e-04', '1.00e-04'], loss: 0.000250
[2024-09-11 20:30:48,449][INFO][clas_trainer:133] - train epoch: 13 [21728/54594 (40%)], lr: ['1.00e-04', '1.00e-04'], loss: 0.000117
[2024-09-11 20:30:59,268][INFO][clas_trainer:133] - train epoch: 13 [27168/54594 (50%)], lr: ['1.00e-04', '1.00e-04'], loss: 0.000757
[2024-09-11 20:31:09,883][INFO][clas_trainer:133] - train epoch: 13 [32608/54594 (60%)], lr: ['1.00e-04', '1.00e-04'], loss: 0.001292
[2024-09-11 20:31:20,784][INFO][clas_trainer:133] - train epoch: 13 [38048/54594 (70%)], lr: ['1.00e-04', '1.00e-04'], loss: 0.066368
[2024-09-11 20:31:30,735][INFO][clas_trainer:133] - train epoch: 13 [43488/54594 (80%)], lr: ['1.00e-04', '1.00e-04'], loss: 0.000527
[2024-09-11 20:31:41,341][INFO][clas_trainer:133] - train epoch: 13 [48928/54594 (90%)], lr: ['1.00e-04', '1.00e-04'], loss: 0.000406
[2024-09-11 20:31:51,698][INFO][clas_trainer:133] - train epoch: 13 [54368/54594 (100%)], lr: ['1.00e-04', '1.00e-04'], loss: 0.007748
[2024-09-11 20:32:08,292][INFO][clas_trainer:63] - [epoch  13] execution time: 122.70s	metrics:
[2024-09-11 20:32:08,292][INFO][clas_evaluator:99] - dataset: earlystopping, avg f1-score: 0.5018
[2024-09-11 20:32:19,243][INFO][clas_trainer:133] - train epoch: 14 [5408/54594 (10%)], lr: ['1.00e-04', '1.00e-04'], loss: 0.000525
[2024-09-11 20:32:29,890][INFO][clas_trainer:133] - train epoch: 14 [10848/54594 (20%)], lr: ['1.00e-04', '1.00e-04'], loss: 0.002980
[2024-09-11 20:32:40,638][INFO][clas_trainer:133] - train epoch: 14 [16288/54594 (30%)], lr: ['1.00e-04', '1.00e-04'], loss: 0.000147
[2024-09-11 20:32:51,099][INFO][clas_trainer:133] - train epoch: 14 [21728/54594 (40%)], lr: ['1.00e-04', '1.00e-04'], loss: 0.002920
[2024-09-11 20:33:01,885][INFO][clas_trainer:133] - train epoch: 14 [27168/54594 (50%)], lr: ['1.00e-04', '1.00e-04'], loss: 0.001217
[2024-09-11 20:33:12,598][INFO][clas_trainer:133] - train epoch: 14 [32608/54594 (60%)], lr: ['1.00e-04', '1.00e-04'], loss: 0.002155
[2024-09-11 20:33:23,495][INFO][clas_trainer:133] - train epoch: 14 [38048/54594 (70%)], lr: ['1.00e-04', '1.00e-04'], loss: 0.007963
[2024-09-11 20:33:34,050][INFO][clas_trainer:133] - train epoch: 14 [43488/54594 (80%)], lr: ['1.00e-04', '1.00e-04'], loss: 0.009845
[2024-09-11 20:33:44,471][INFO][clas_trainer:133] - train epoch: 14 [48928/54594 (90%)], lr: ['1.00e-04', '1.00e-04'], loss: 0.001440
[2024-09-11 20:33:54,838][INFO][clas_trainer:133] - train epoch: 14 [54368/54594 (100%)], lr: ['1.00e-04', '1.00e-04'], loss: 0.000852
[2024-09-11 20:34:11,557][INFO][clas_trainer:63] - [epoch  14] execution time: 123.26s	metrics:
[2024-09-11 20:34:11,557][INFO][clas_evaluator:99] - dataset: earlystopping, avg f1-score: 0.5090
[2024-09-11 20:34:22,713][INFO][clas_trainer:133] - train epoch: 15 [5408/54594 (10%)], lr: ['1.00e-04', '1.00e-04'], loss: 0.001076
[2024-09-11 20:34:33,176][INFO][clas_trainer:133] - train epoch: 15 [10848/54594 (20%)], lr: ['1.00e-04', '1.00e-04'], loss: 0.001201
[2024-09-11 20:34:44,063][INFO][clas_trainer:133] - train epoch: 15 [16288/54594 (30%)], lr: ['1.00e-04', '1.00e-04'], loss: 0.012141
[2024-09-11 20:34:54,486][INFO][clas_trainer:133] - train epoch: 15 [21728/54594 (40%)], lr: ['1.00e-04', '1.00e-04'], loss: 0.001894
[2024-09-11 20:35:05,040][INFO][clas_trainer:133] - train epoch: 15 [27168/54594 (50%)], lr: ['1.00e-04', '1.00e-04'], loss: 0.000860
[2024-09-11 20:35:15,961][INFO][clas_trainer:133] - train epoch: 15 [32608/54594 (60%)], lr: ['1.00e-04', '1.00e-04'], loss: 0.000675
[2024-09-11 20:35:26,642][INFO][clas_trainer:133] - train epoch: 15 [38048/54594 (70%)], lr: ['1.00e-04', '1.00e-04'], loss: 0.000328
[2024-09-11 20:35:37,135][INFO][clas_trainer:133] - train epoch: 15 [43488/54594 (80%)], lr: ['1.00e-04', '1.00e-04'], loss: 0.002937
[2024-09-11 20:35:47,641][INFO][clas_trainer:133] - train epoch: 15 [48928/54594 (90%)], lr: ['1.00e-04', '1.00e-04'], loss: 0.001839
[2024-09-11 20:35:57,886][INFO][clas_trainer:133] - train epoch: 15 [54368/54594 (100%)], lr: ['1.00e-04', '1.00e-04'], loss: 0.001184
[2024-09-11 20:36:13,857][INFO][clas_trainer:63] - [epoch  15] execution time: 122.30s	metrics:
[2024-09-11 20:36:13,858][INFO][clas_evaluator:99] - dataset: earlystopping, avg f1-score: 0.4961
[2024-09-11 20:36:24,558][INFO][clas_trainer:133] - train epoch: 16 [5408/54594 (10%)], lr: ['1.00e-04', '1.00e-04'], loss: 0.000308
[2024-09-11 20:36:34,356][INFO][clas_trainer:133] - train epoch: 16 [10848/54594 (20%)], lr: ['1.00e-04', '1.00e-04'], loss: 0.000703
[2024-09-11 20:36:44,390][INFO][clas_trainer:133] - train epoch: 16 [16288/54594 (30%)], lr: ['1.00e-04', '1.00e-04'], loss: 0.002562
[2024-09-11 20:36:54,428][INFO][clas_trainer:133] - train epoch: 16 [21728/54594 (40%)], lr: ['1.00e-04', '1.00e-04'], loss: 0.000250
[2024-09-11 20:37:04,479][INFO][clas_trainer:133] - train epoch: 16 [27168/54594 (50%)], lr: ['1.00e-04', '1.00e-04'], loss: 0.009847
[2024-09-11 20:37:14,587][INFO][clas_trainer:133] - train epoch: 16 [32608/54594 (60%)], lr: ['1.00e-04', '1.00e-04'], loss: 0.000089
[2024-09-11 20:37:24,615][INFO][clas_trainer:133] - train epoch: 16 [38048/54594 (70%)], lr: ['1.00e-04', '1.00e-04'], loss: 0.000487
[2024-09-11 20:37:34,477][INFO][clas_trainer:133] - train epoch: 16 [43488/54594 (80%)], lr: ['1.00e-04', '1.00e-04'], loss: 0.003027
[2024-09-11 20:37:44,307][INFO][clas_trainer:133] - train epoch: 16 [48928/54594 (90%)], lr: ['1.00e-04', '1.00e-04'], loss: 0.001400
[2024-09-11 20:37:54,214][INFO][clas_trainer:133] - train epoch: 16 [54368/54594 (100%)], lr: ['1.00e-04', '1.00e-04'], loss: 0.000361
[2024-09-11 20:38:10,488][INFO][clas_trainer:63] - [epoch  16] execution time: 116.63s	metrics:
[2024-09-11 20:38:10,488][INFO][clas_evaluator:99] - dataset: earlystopping, avg f1-score: 0.5117
[2024-09-11 20:38:10,492][INFO][clas_trainer:79] - finished training
[2024-09-11 20:38:10,492][INFO][clas_trainer:80] - best model on epoch: 6 	f1-score: 0.5198
