[2023-10-17 20:28:36,793][INFO][fine-tune:29] - overrides:
hydra:
- hydra.mode=MULTIRUN
task:
- m_seed_path_sids={seeds:[5,5,5,5,5],path:"exp004b-m5-simple_multi_class-2023-10-17_12-41-35-final.pth",subject_ids:{dod_o_h:$\{data.dod_o_h.cv_5_fold.fold_1\}}}
- data.downstream.train_dataloader.dataset.data_reducer.n_epochs=900
- data.downstream.train_dataloader.dataset.data_reducer.n_subjects=5

[2023-10-17 20:28:38,867][INFO][data_loaders:39] - class distribution before data reduction:
# samples per subject
02fb158a-a658-51ee-89cf-1e1dc2ebfde1: 861
03341d0d-5927-5838-8a5f-1b8ef39d8f57: 1063
039ce8ad-a7fa-5272-a3e3-1f4bfebdd087: 915
095d6e40-5f19-55b6-a0ec-6e0ad3793da0: 1192
0d79f4b1-e74f-5e87-8e42-f9dd7112ada5: 968
130f3f52-7d0a-551e-af61-2ee75455e5c9: 989
14c012bd-65b0-56f5-bc74-2dffcea69837: 969
18482adf-1144-54ca-9e35-27f65c43a105: 824
18ede714-aba3-5ad8-bb1a-18fc9b1c4192: 995
1da3544e-dc5c-5795-adc3-f5068959211f: 955
2d01dc34-f36c-562e-b24a-d20dc798fdfc: 837
2e865ca9-e20f-5a6f-bd25-45d28cc9eab9: 950
30e8a05b-4cf1-5aa8-9ef7-28d6e2949ad5: 699
32556393-bb57-560a-99e8-e09885219647: 1106
37d0da97-9ae8-5413-b889-4e843ff35488: 1011
3dd35e7b-d7e2-516d-8a85-e0d58a59569f: 1093
3e842aa8-bcd9-521e-93a2-72124233fe2c: 620
40e25dd4-6087-5747-b9c2-4838ada86b15: 1076
47f45aa2-31c4-595b-bdb6-f1348bba062b: 1032
52fbe46b-206c-584a-9f4f-1eb308e07bac: 1064
5b94ec8a-c34d-5e45-84d1-bec2ea965609: 1090
5ddbc68c-1283-5c27-952b-d7f102291bc2: 1097
64959ac4-53b5-5868-a845-c7476e9fdf7b: 990
67fa8e29-6f4d-530e-9422-bbc3aca86ed0: 1046
6e2aa933-c51c-5a31-8c7b-83da8d076a12: 905
730aba3b-e310-5be0-9eed-7c3123466834: 1120
742f1592-627c-54eb-bbb5-ccd55ffae33a: 975
769df255-2284-50b3-8917-2155c759fbbd: 929
7ab8ff5f-a77f-567d-9882-f8bee0c3c9bf: 989
7f5237b1-2196-5c8a-9543-a5aa70210ef4: 931
83c1394e-9c69-5c11-9102-9ff8d59b1cfd: 1011
90aef91a-252f-5ccc-a82e-78ea7ee9ca1f: 1089
a0c91989-530f-5117-80c1-2488dbed683c: 1017
a25b2296-343b-53f6-8792-ada2669d466e: 1008
a35a118e-e65e-5928-92a9-4354a6a0f4ce: 813
a6254c8a-f1b2-5736-b601-18245dd5e0a5: 1084
a65a9e69-cddf-5711-9a97-de8bfdeb08cc: 961
aa160c78-6da3-5e05-8fc9-d6c13e9f97e0: 1010
aadc9e0c-b7c3-5a47-851d-f21971d10935: 969
ad47bc12-199c-5294-9cb8-4351bbbf7b5e: 893
bb474ab0-c2ce-573b-8acd-ef86b0fa26a2: 1142
c03e27b0-4cb5-584f-aaea-8f1e1ed6513c: 1121
c11c730f-0b6b-580b-af31-d8f0ebbbdfce: 917
c31a47f9-e400-5841-a22b-521c81042603: 986
c8110476-594c-533d-95bd-86147fccc987: 995
c985916d-46a5-5c3e-9d50-a5a91f460bac: 1024
cc3b4b63-4a6f-5f28-ac7e-62f83c271449: 1076
cebd3520-4e77-5222-a614-d2888e6afc2b: 1109
d3cadb78-cb8c-5a6e-885c-392e457c68b1: 982
e59c45e0-0c0c-565f-84a9-6cf0ec5ef6c1: 844
e6b7cbef-4c9d-5541-82e8-04810de0fb60: 819
e72505f1-21be-5d66-b620-cfcfa2d754bc: 973
e8ec8ec4-dc48-50ce-985a-a06d87861030: 975
eb95076c-c470-56a4-b788-ace310f061c6: 965
f2a69bdc-ed51-5e3f-b102-6b3f7d392be0: 960
f66bc75e-778b-5037-af86-b5275cd4c79f: 865

# samples per stage
0: 9494
1: 2905
2: 26876
3: 6416
4: 9208
[2023-10-17 20:28:39,021][INFO][data_loaders:43] - class distribution after data reduction:
# samples per subject
52fbe46b-206c-584a-9f4f-1eb308e07bac: 10560
67fa8e29-6f4d-530e-9422-bbc3aca86ed0: 11640
a0c91989-530f-5117-80c1-2488dbed683c: 11580
aa160c78-6da3-5e05-8fc9-d6c13e9f97e0: 9780
e8ec8ec4-dc48-50ce-985a-a06d87861030: 10440

# samples per stage
0: 9900
1: 3420
2: 27600
3: 4200
4: 8880
[2023-10-17 20:28:39,032][INFO][base_pretraining_fe:55] - Loading model from exp004b-m5-simple_multi_class-2023-10-17_12-41-35-final.pth
[2023-10-17 20:28:39,322][INFO][data_loaders:39] - class distribution before data reduction:
# samples per subject
0416d51f-5d69-5326-b74a-a2e31a96a1ef: 822
119f9726-eb4c-5a0e-a7bb-9e15256149a1: 932
25a6b2b0-4d09-561b-82c6-f09bb271d3be: 1063
6a7503ac-ab3a-5d5b-b474-4b0fe37748dd: 1213
a30245e3-4a71-565f-9636-92e7d2e825fc: 1122
a4568951-bf87-5bbc-bc4f-28e93c360be6: 975
b3534fa3-7676-50dc-8412-07f0eff4f7a9: 757
fc10ee0b-b863-511b-bce8-4dfa7af8ac3a: 910

# samples per stage
0: 1108
1: 428
2: 4097
3: 908
4: 1253
[2023-10-17 20:28:39,342][INFO][data_loaders:43] - class distribution after data reduction:
# samples per subject
0416d51f-5d69-5326-b74a-a2e31a96a1ef: 822
119f9726-eb4c-5a0e-a7bb-9e15256149a1: 932
25a6b2b0-4d09-561b-82c6-f09bb271d3be: 1063
6a7503ac-ab3a-5d5b-b474-4b0fe37748dd: 1213
a30245e3-4a71-565f-9636-92e7d2e825fc: 1122
a4568951-bf87-5bbc-bc4f-28e93c360be6: 975
b3534fa3-7676-50dc-8412-07f0eff4f7a9: 757
fc10ee0b-b863-511b-bce8-4dfa7af8ac3a: 910

# samples per stage
0: 1108
1: 428
2: 4097
3: 908
4: 1253
[2023-10-17 20:28:39,391][INFO][clas_trainer:49] - metrics before training (epoch 0):
[2023-10-17 20:28:55,260][INFO][clas_evaluator:99] - dataset: earlystopping, avg f1-score: 0.1694
[2023-10-17 20:29:05,819][INFO][clas_trainer:133] - train epoch: 1 [5344/54000 (10%)], lr: ['1.00e-04', '1.00e-04'], loss: 1.053401
[2023-10-17 20:29:15,761][INFO][clas_trainer:133] - train epoch: 1 [10720/54000 (20%)], lr: ['1.00e-04', '1.00e-04'], loss: 0.958965
[2023-10-17 20:29:25,811][INFO][clas_trainer:133] - train epoch: 1 [16096/54000 (30%)], lr: ['1.00e-04', '1.00e-04'], loss: 0.383153
[2023-10-17 20:29:35,769][INFO][clas_trainer:133] - train epoch: 1 [21472/54000 (40%)], lr: ['1.00e-04', '1.00e-04'], loss: 0.215142
[2023-10-17 20:29:45,757][INFO][clas_trainer:133] - train epoch: 1 [26848/54000 (50%)], lr: ['1.00e-04', '1.00e-04'], loss: 0.500344
[2023-10-17 20:29:55,771][INFO][clas_trainer:133] - train epoch: 1 [32224/54000 (60%)], lr: ['1.00e-04', '1.00e-04'], loss: 0.193745
[2023-10-17 20:30:05,885][INFO][clas_trainer:133] - train epoch: 1 [37600/54000 (70%)], lr: ['1.00e-04', '1.00e-04'], loss: 0.363838
[2023-10-17 20:30:15,779][INFO][clas_trainer:133] - train epoch: 1 [42976/54000 (80%)], lr: ['1.00e-04', '1.00e-04'], loss: 0.246845
[2023-10-17 20:30:25,639][INFO][clas_trainer:133] - train epoch: 1 [48352/54000 (90%)], lr: ['1.00e-04', '1.00e-04'], loss: 0.433117
[2023-10-17 20:30:35,532][INFO][clas_trainer:133] - train epoch: 1 [53728/54000 (99%)], lr: ['1.00e-04', '1.00e-04'], loss: 0.350835
[2023-10-17 20:30:52,078][INFO][clas_trainer:63] - [epoch   1] execution time: 116.82s	metrics:
[2023-10-17 20:30:52,079][INFO][clas_evaluator:99] - dataset: earlystopping, avg f1-score: 0.6542
[2023-10-17 20:30:52,135][INFO][base_model:51] - snapshot saved to XXX/frequency-pretraining/models/exp004c-m149-base_fe_clas-2023-10-17_13-14-37-final.pth
[2023-10-17 20:31:02,464][INFO][clas_trainer:133] - train epoch: 2 [5344/54000 (10%)], lr: ['1.00e-04', '1.00e-04'], loss: 0.292560
[2023-10-17 20:31:12,567][INFO][clas_trainer:133] - train epoch: 2 [10720/54000 (20%)], lr: ['1.00e-04', '1.00e-04'], loss: 0.219206
[2023-10-17 20:31:22,791][INFO][clas_trainer:133] - train epoch: 2 [16096/54000 (30%)], lr: ['1.00e-04', '1.00e-04'], loss: 0.162509
[2023-10-17 20:31:32,860][INFO][clas_trainer:133] - train epoch: 2 [21472/54000 (40%)], lr: ['1.00e-04', '1.00e-04'], loss: 0.212468
[2023-10-17 20:31:43,029][INFO][clas_trainer:133] - train epoch: 2 [26848/54000 (50%)], lr: ['1.00e-04', '1.00e-04'], loss: 0.039006
[2023-10-17 20:31:53,137][INFO][clas_trainer:133] - train epoch: 2 [32224/54000 (60%)], lr: ['1.00e-04', '1.00e-04'], loss: 0.305935
[2023-10-17 20:32:03,097][INFO][clas_trainer:133] - train epoch: 2 [37600/54000 (70%)], lr: ['1.00e-04', '1.00e-04'], loss: 0.082341
[2023-10-17 20:32:13,277][INFO][clas_trainer:133] - train epoch: 2 [42976/54000 (80%)], lr: ['1.00e-04', '1.00e-04'], loss: 0.110903
[2023-10-17 20:32:23,310][INFO][clas_trainer:133] - train epoch: 2 [48352/54000 (90%)], lr: ['1.00e-04', '1.00e-04'], loss: 0.152260
[2023-10-17 20:32:33,470][INFO][clas_trainer:133] - train epoch: 2 [53728/54000 (99%)], lr: ['1.00e-04', '1.00e-04'], loss: 0.054533
[2023-10-17 20:32:50,306][INFO][clas_trainer:63] - [epoch   2] execution time: 118.17s	metrics:
[2023-10-17 20:32:50,306][INFO][clas_evaluator:99] - dataset: earlystopping, avg f1-score: 0.6323
[2023-10-17 20:33:00,783][INFO][clas_trainer:133] - train epoch: 3 [5344/54000 (10%)], lr: ['1.00e-04', '1.00e-04'], loss: 0.128485
[2023-10-17 20:33:10,923][INFO][clas_trainer:133] - train epoch: 3 [10720/54000 (20%)], lr: ['1.00e-04', '1.00e-04'], loss: 0.015068
[2023-10-17 20:33:20,902][INFO][clas_trainer:133] - train epoch: 3 [16096/54000 (30%)], lr: ['1.00e-04', '1.00e-04'], loss: 0.037680
[2023-10-17 20:33:31,101][INFO][clas_trainer:133] - train epoch: 3 [21472/54000 (40%)], lr: ['1.00e-04', '1.00e-04'], loss: 0.062279
[2023-10-17 20:33:41,366][INFO][clas_trainer:133] - train epoch: 3 [26848/54000 (50%)], lr: ['1.00e-04', '1.00e-04'], loss: 0.016763
[2023-10-17 20:33:51,173][INFO][clas_trainer:133] - train epoch: 3 [32224/54000 (60%)], lr: ['1.00e-04', '1.00e-04'], loss: 0.110360
[2023-10-17 20:34:01,198][INFO][clas_trainer:133] - train epoch: 3 [37600/54000 (70%)], lr: ['1.00e-04', '1.00e-04'], loss: 0.091422
[2023-10-17 20:34:11,061][INFO][clas_trainer:133] - train epoch: 3 [42976/54000 (80%)], lr: ['1.00e-04', '1.00e-04'], loss: 0.101829
[2023-10-17 20:34:21,113][INFO][clas_trainer:133] - train epoch: 3 [48352/54000 (90%)], lr: ['1.00e-04', '1.00e-04'], loss: 0.025232
[2023-10-17 20:34:31,087][INFO][clas_trainer:133] - train epoch: 3 [53728/54000 (99%)], lr: ['1.00e-04', '1.00e-04'], loss: 0.086167
[2023-10-17 20:34:47,308][INFO][clas_trainer:63] - [epoch   3] execution time: 117.00s	metrics:
[2023-10-17 20:34:47,308][INFO][clas_evaluator:99] - dataset: earlystopping, avg f1-score: 0.6453
[2023-10-17 20:34:57,706][INFO][clas_trainer:133] - train epoch: 4 [5344/54000 (10%)], lr: ['1.00e-04', '1.00e-04'], loss: 0.019446
[2023-10-17 20:35:07,891][INFO][clas_trainer:133] - train epoch: 4 [10720/54000 (20%)], lr: ['1.00e-04', '1.00e-04'], loss: 0.039793
[2023-10-17 20:35:17,796][INFO][clas_trainer:133] - train epoch: 4 [16096/54000 (30%)], lr: ['1.00e-04', '1.00e-04'], loss: 0.016012
[2023-10-17 20:35:27,761][INFO][clas_trainer:133] - train epoch: 4 [21472/54000 (40%)], lr: ['1.00e-04', '1.00e-04'], loss: 0.050514
[2023-10-17 20:35:37,846][INFO][clas_trainer:133] - train epoch: 4 [26848/54000 (50%)], lr: ['1.00e-04', '1.00e-04'], loss: 0.018802
[2023-10-17 20:35:47,776][INFO][clas_trainer:133] - train epoch: 4 [32224/54000 (60%)], lr: ['1.00e-04', '1.00e-04'], loss: 0.038494
[2023-10-17 20:35:57,563][INFO][clas_trainer:133] - train epoch: 4 [37600/54000 (70%)], lr: ['1.00e-04', '1.00e-04'], loss: 0.094510
[2023-10-17 20:36:07,445][INFO][clas_trainer:133] - train epoch: 4 [42976/54000 (80%)], lr: ['1.00e-04', '1.00e-04'], loss: 0.072574
[2023-10-17 20:36:17,494][INFO][clas_trainer:133] - train epoch: 4 [48352/54000 (90%)], lr: ['1.00e-04', '1.00e-04'], loss: 0.003772
[2023-10-17 20:36:27,983][INFO][clas_trainer:133] - train epoch: 4 [53728/54000 (99%)], lr: ['1.00e-04', '1.00e-04'], loss: 0.342288
[2023-10-17 20:36:44,476][INFO][clas_trainer:63] - [epoch   4] execution time: 117.17s	metrics:
[2023-10-17 20:36:44,476][INFO][clas_evaluator:99] - dataset: earlystopping, avg f1-score: 0.6771
[2023-10-17 20:36:44,533][INFO][base_model:51] - snapshot saved to XXX/frequency-pretraining/models/exp004c-m149-base_fe_clas-2023-10-17_13-14-37-final.pth
[2023-10-17 20:36:54,996][INFO][clas_trainer:133] - train epoch: 5 [5344/54000 (10%)], lr: ['1.00e-04', '1.00e-04'], loss: 0.095150
[2023-10-17 20:37:05,167][INFO][clas_trainer:133] - train epoch: 5 [10720/54000 (20%)], lr: ['1.00e-04', '1.00e-04'], loss: 0.009672
[2023-10-17 20:37:15,235][INFO][clas_trainer:133] - train epoch: 5 [16096/54000 (30%)], lr: ['1.00e-04', '1.00e-04'], loss: 0.017844
[2023-10-17 20:37:25,186][INFO][clas_trainer:133] - train epoch: 5 [21472/54000 (40%)], lr: ['1.00e-04', '1.00e-04'], loss: 0.009748
[2023-10-17 20:37:35,291][INFO][clas_trainer:133] - train epoch: 5 [26848/54000 (50%)], lr: ['1.00e-04', '1.00e-04'], loss: 0.004149
[2023-10-17 20:37:45,281][INFO][clas_trainer:133] - train epoch: 5 [32224/54000 (60%)], lr: ['1.00e-04', '1.00e-04'], loss: 0.003911
[2023-10-17 20:37:55,453][INFO][clas_trainer:133] - train epoch: 5 [37600/54000 (70%)], lr: ['1.00e-04', '1.00e-04'], loss: 0.007056
[2023-10-17 20:38:05,601][INFO][clas_trainer:133] - train epoch: 5 [42976/54000 (80%)], lr: ['1.00e-04', '1.00e-04'], loss: 0.025708
[2023-10-17 20:38:15,877][INFO][clas_trainer:133] - train epoch: 5 [48352/54000 (90%)], lr: ['1.00e-04', '1.00e-04'], loss: 0.137654
[2023-10-17 20:38:26,047][INFO][clas_trainer:133] - train epoch: 5 [53728/54000 (99%)], lr: ['1.00e-04', '1.00e-04'], loss: 0.012221
[2023-10-17 20:38:42,685][INFO][clas_trainer:63] - [epoch   5] execution time: 118.15s	metrics:
[2023-10-17 20:38:42,685][INFO][clas_evaluator:99] - dataset: earlystopping, avg f1-score: 0.6561
[2023-10-17 20:38:53,256][INFO][clas_trainer:133] - train epoch: 6 [5344/54000 (10%)], lr: ['1.00e-04', '1.00e-04'], loss: 0.013889
[2023-10-17 20:39:03,434][INFO][clas_trainer:133] - train epoch: 6 [10720/54000 (20%)], lr: ['1.00e-04', '1.00e-04'], loss: 0.001563
[2023-10-17 20:39:13,640][INFO][clas_trainer:133] - train epoch: 6 [16096/54000 (30%)], lr: ['1.00e-04', '1.00e-04'], loss: 0.003013
[2023-10-17 20:39:23,433][INFO][clas_trainer:133] - train epoch: 6 [21472/54000 (40%)], lr: ['1.00e-04', '1.00e-04'], loss: 0.019511
[2023-10-17 20:39:33,905][INFO][clas_trainer:133] - train epoch: 6 [26848/54000 (50%)], lr: ['1.00e-04', '1.00e-04'], loss: 0.052808
[2023-10-17 20:39:43,781][INFO][clas_trainer:133] - train epoch: 6 [32224/54000 (60%)], lr: ['1.00e-04', '1.00e-04'], loss: 0.012852
[2023-10-17 20:39:53,809][INFO][clas_trainer:133] - train epoch: 6 [37600/54000 (70%)], lr: ['1.00e-04', '1.00e-04'], loss: 0.105813
[2023-10-17 20:40:04,153][INFO][clas_trainer:133] - train epoch: 6 [42976/54000 (80%)], lr: ['1.00e-04', '1.00e-04'], loss: 0.003638
[2023-10-17 20:40:14,161][INFO][clas_trainer:133] - train epoch: 6 [48352/54000 (90%)], lr: ['1.00e-04', '1.00e-04'], loss: 0.023840
[2023-10-17 20:40:24,311][INFO][clas_trainer:133] - train epoch: 6 [53728/54000 (99%)], lr: ['1.00e-04', '1.00e-04'], loss: 0.006805
[2023-10-17 20:40:40,842][INFO][clas_trainer:63] - [epoch   6] execution time: 118.16s	metrics:
[2023-10-17 20:40:40,843][INFO][clas_evaluator:99] - dataset: earlystopping, avg f1-score: 0.6918
[2023-10-17 20:40:40,898][INFO][base_model:51] - snapshot saved to XXX/frequency-pretraining/models/exp004c-m149-base_fe_clas-2023-10-17_13-14-37-final.pth
[2023-10-17 20:40:51,247][INFO][clas_trainer:133] - train epoch: 7 [5344/54000 (10%)], lr: ['1.00e-04', '1.00e-04'], loss: 0.002518
[2023-10-17 20:41:01,374][INFO][clas_trainer:133] - train epoch: 7 [10720/54000 (20%)], lr: ['1.00e-04', '1.00e-04'], loss: 0.082145
[2023-10-17 20:41:11,769][INFO][clas_trainer:133] - train epoch: 7 [16096/54000 (30%)], lr: ['1.00e-04', '1.00e-04'], loss: 0.000450
[2023-10-17 20:41:21,583][INFO][clas_trainer:133] - train epoch: 7 [21472/54000 (40%)], lr: ['1.00e-04', '1.00e-04'], loss: 0.003615
[2023-10-17 20:41:31,416][INFO][clas_trainer:133] - train epoch: 7 [26848/54000 (50%)], lr: ['1.00e-04', '1.00e-04'], loss: 0.029383
[2023-10-17 20:41:41,394][INFO][clas_trainer:133] - train epoch: 7 [32224/54000 (60%)], lr: ['1.00e-04', '1.00e-04'], loss: 0.000794
[2023-10-17 20:41:51,347][INFO][clas_trainer:133] - train epoch: 7 [37600/54000 (70%)], lr: ['1.00e-04', '1.00e-04'], loss: 0.007713
[2023-10-17 20:42:01,146][INFO][clas_trainer:133] - train epoch: 7 [42976/54000 (80%)], lr: ['1.00e-04', '1.00e-04'], loss: 0.000278
[2023-10-17 20:42:11,168][INFO][clas_trainer:133] - train epoch: 7 [48352/54000 (90%)], lr: ['1.00e-04', '1.00e-04'], loss: 0.001643
[2023-10-17 20:42:21,300][INFO][clas_trainer:133] - train epoch: 7 [53728/54000 (99%)], lr: ['1.00e-04', '1.00e-04'], loss: 0.063372
[2023-10-17 20:42:37,888][INFO][clas_trainer:63] - [epoch   7] execution time: 116.99s	metrics:
[2023-10-17 20:42:37,889][INFO][clas_evaluator:99] - dataset: earlystopping, avg f1-score: 0.6626
[2023-10-17 20:42:48,446][INFO][clas_trainer:133] - train epoch: 8 [5344/54000 (10%)], lr: ['1.00e-04', '1.00e-04'], loss: 0.000653
[2023-10-17 20:42:58,322][INFO][clas_trainer:133] - train epoch: 8 [10720/54000 (20%)], lr: ['1.00e-04', '1.00e-04'], loss: 0.011290
[2023-10-17 20:43:08,326][INFO][clas_trainer:133] - train epoch: 8 [16096/54000 (30%)], lr: ['1.00e-04', '1.00e-04'], loss: 0.007818
[2023-10-17 20:43:18,258][INFO][clas_trainer:133] - train epoch: 8 [21472/54000 (40%)], lr: ['1.00e-04', '1.00e-04'], loss: 0.018167
[2023-10-17 20:43:28,576][INFO][clas_trainer:133] - train epoch: 8 [26848/54000 (50%)], lr: ['1.00e-04', '1.00e-04'], loss: 0.015277
[2023-10-17 20:43:38,416][INFO][clas_trainer:133] - train epoch: 8 [32224/54000 (60%)], lr: ['1.00e-04', '1.00e-04'], loss: 0.000189
[2023-10-17 20:43:48,590][INFO][clas_trainer:133] - train epoch: 8 [37600/54000 (70%)], lr: ['1.00e-04', '1.00e-04'], loss: 0.006097
[2023-10-17 20:43:58,998][INFO][clas_trainer:133] - train epoch: 8 [42976/54000 (80%)], lr: ['1.00e-04', '1.00e-04'], loss: 0.002314
[2023-10-17 20:44:09,233][INFO][clas_trainer:133] - train epoch: 8 [48352/54000 (90%)], lr: ['1.00e-04', '1.00e-04'], loss: 0.003521
[2023-10-17 20:44:19,225][INFO][clas_trainer:133] - train epoch: 8 [53728/54000 (99%)], lr: ['1.00e-04', '1.00e-04'], loss: 0.001443
[2023-10-17 20:44:35,778][INFO][clas_trainer:63] - [epoch   8] execution time: 117.89s	metrics:
[2023-10-17 20:44:35,778][INFO][clas_evaluator:99] - dataset: earlystopping, avg f1-score: 0.6370
[2023-10-17 20:44:46,103][INFO][clas_trainer:133] - train epoch: 9 [5344/54000 (10%)], lr: ['1.00e-04', '1.00e-04'], loss: 0.023052
[2023-10-17 20:44:55,867][INFO][clas_trainer:133] - train epoch: 9 [10720/54000 (20%)], lr: ['1.00e-04', '1.00e-04'], loss: 0.001996
[2023-10-17 20:45:06,017][INFO][clas_trainer:133] - train epoch: 9 [16096/54000 (30%)], lr: ['1.00e-04', '1.00e-04'], loss: 0.000411
[2023-10-17 20:45:16,140][INFO][clas_trainer:133] - train epoch: 9 [21472/54000 (40%)], lr: ['1.00e-04', '1.00e-04'], loss: 0.002990
[2023-10-17 20:45:26,161][INFO][clas_trainer:133] - train epoch: 9 [26848/54000 (50%)], lr: ['1.00e-04', '1.00e-04'], loss: 0.002401
[2023-10-17 20:45:36,240][INFO][clas_trainer:133] - train epoch: 9 [32224/54000 (60%)], lr: ['1.00e-04', '1.00e-04'], loss: 0.000519
[2023-10-17 20:45:46,434][INFO][clas_trainer:133] - train epoch: 9 [37600/54000 (70%)], lr: ['1.00e-04', '1.00e-04'], loss: 0.001160
[2023-10-17 20:45:56,234][INFO][clas_trainer:133] - train epoch: 9 [42976/54000 (80%)], lr: ['1.00e-04', '1.00e-04'], loss: 0.027018
[2023-10-17 20:46:06,363][INFO][clas_trainer:133] - train epoch: 9 [48352/54000 (90%)], lr: ['1.00e-04', '1.00e-04'], loss: 0.002726
[2023-10-17 20:46:16,489][INFO][clas_trainer:133] - train epoch: 9 [53728/54000 (99%)], lr: ['1.00e-04', '1.00e-04'], loss: 0.010237
[2023-10-17 20:46:33,049][INFO][clas_trainer:63] - [epoch   9] execution time: 117.27s	metrics:
[2023-10-17 20:46:33,049][INFO][clas_evaluator:99] - dataset: earlystopping, avg f1-score: 0.6351
[2023-10-17 20:46:43,717][INFO][clas_trainer:133] - train epoch: 10 [5344/54000 (10%)], lr: ['1.00e-04', '1.00e-04'], loss: 0.002254
[2023-10-17 20:46:53,473][INFO][clas_trainer:133] - train epoch: 10 [10720/54000 (20%)], lr: ['1.00e-04', '1.00e-04'], loss: 0.025037
[2023-10-17 20:47:03,508][INFO][clas_trainer:133] - train epoch: 10 [16096/54000 (30%)], lr: ['1.00e-04', '1.00e-04'], loss: 0.001285
[2023-10-17 20:47:13,399][INFO][clas_trainer:133] - train epoch: 10 [21472/54000 (40%)], lr: ['1.00e-04', '1.00e-04'], loss: 0.001935
[2023-10-17 20:47:23,477][INFO][clas_trainer:133] - train epoch: 10 [26848/54000 (50%)], lr: ['1.00e-04', '1.00e-04'], loss: 0.009306
[2023-10-17 20:47:33,392][INFO][clas_trainer:133] - train epoch: 10 [32224/54000 (60%)], lr: ['1.00e-04', '1.00e-04'], loss: 0.007347
[2023-10-17 20:47:43,562][INFO][clas_trainer:133] - train epoch: 10 [37600/54000 (70%)], lr: ['1.00e-04', '1.00e-04'], loss: 0.000791
[2023-10-17 20:47:53,892][INFO][clas_trainer:133] - train epoch: 10 [42976/54000 (80%)], lr: ['1.00e-04', '1.00e-04'], loss: 0.002256
[2023-10-17 20:48:03,944][INFO][clas_trainer:133] - train epoch: 10 [48352/54000 (90%)], lr: ['1.00e-04', '1.00e-04'], loss: 0.000766
[2023-10-17 20:48:14,002][INFO][clas_trainer:133] - train epoch: 10 [53728/54000 (99%)], lr: ['1.00e-04', '1.00e-04'], loss: 0.000367
[2023-10-17 20:48:30,628][INFO][clas_trainer:63] - [epoch  10] execution time: 117.58s	metrics:
[2023-10-17 20:48:30,629][INFO][clas_evaluator:99] - dataset: earlystopping, avg f1-score: 0.6439
[2023-10-17 20:48:41,183][INFO][clas_trainer:133] - train epoch: 11 [5344/54000 (10%)], lr: ['1.00e-04', '1.00e-04'], loss: 0.000480
[2023-10-17 20:48:51,294][INFO][clas_trainer:133] - train epoch: 11 [10720/54000 (20%)], lr: ['1.00e-04', '1.00e-04'], loss: 0.000574
[2023-10-17 20:49:01,410][INFO][clas_trainer:133] - train epoch: 11 [16096/54000 (30%)], lr: ['1.00e-04', '1.00e-04'], loss: 0.038282
[2023-10-17 20:49:11,427][INFO][clas_trainer:133] - train epoch: 11 [21472/54000 (40%)], lr: ['1.00e-04', '1.00e-04'], loss: 0.002003
[2023-10-17 20:49:21,572][INFO][clas_trainer:133] - train epoch: 11 [26848/54000 (50%)], lr: ['1.00e-04', '1.00e-04'], loss: 0.002923
[2023-10-17 20:49:31,796][INFO][clas_trainer:133] - train epoch: 11 [32224/54000 (60%)], lr: ['1.00e-04', '1.00e-04'], loss: 0.038239
[2023-10-17 20:49:41,871][INFO][clas_trainer:133] - train epoch: 11 [37600/54000 (70%)], lr: ['1.00e-04', '1.00e-04'], loss: 0.000435
[2023-10-17 20:49:51,811][INFO][clas_trainer:133] - train epoch: 11 [42976/54000 (80%)], lr: ['1.00e-04', '1.00e-04'], loss: 0.001204
[2023-10-17 20:50:01,756][INFO][clas_trainer:133] - train epoch: 11 [48352/54000 (90%)], lr: ['1.00e-04', '1.00e-04'], loss: 0.002074
[2023-10-17 20:50:11,878][INFO][clas_trainer:133] - train epoch: 11 [53728/54000 (99%)], lr: ['1.00e-04', '1.00e-04'], loss: 0.007374
[2023-10-17 20:50:28,779][INFO][clas_trainer:63] - [epoch  11] execution time: 118.15s	metrics:
[2023-10-17 20:50:28,780][INFO][clas_evaluator:99] - dataset: earlystopping, avg f1-score: 0.5707
[2023-10-17 20:50:39,666][INFO][clas_trainer:133] - train epoch: 12 [5344/54000 (10%)], lr: ['1.00e-04', '1.00e-04'], loss: 0.003503
[2023-10-17 20:50:49,729][INFO][clas_trainer:133] - train epoch: 12 [10720/54000 (20%)], lr: ['1.00e-04', '1.00e-04'], loss: 0.002069
[2023-10-17 20:50:59,988][INFO][clas_trainer:133] - train epoch: 12 [16096/54000 (30%)], lr: ['1.00e-04', '1.00e-04'], loss: 0.003421
[2023-10-17 20:51:10,146][INFO][clas_trainer:133] - train epoch: 12 [21472/54000 (40%)], lr: ['1.00e-04', '1.00e-04'], loss: 0.009159
[2023-10-17 20:51:20,248][INFO][clas_trainer:133] - train epoch: 12 [26848/54000 (50%)], lr: ['1.00e-04', '1.00e-04'], loss: 0.000562
[2023-10-17 20:51:30,351][INFO][clas_trainer:133] - train epoch: 12 [32224/54000 (60%)], lr: ['1.00e-04', '1.00e-04'], loss: 0.003024
[2023-10-17 20:51:40,370][INFO][clas_trainer:133] - train epoch: 12 [37600/54000 (70%)], lr: ['1.00e-04', '1.00e-04'], loss: 0.000461
[2023-10-17 20:51:50,490][INFO][clas_trainer:133] - train epoch: 12 [42976/54000 (80%)], lr: ['1.00e-04', '1.00e-04'], loss: 0.001065
[2023-10-17 20:52:00,476][INFO][clas_trainer:133] - train epoch: 12 [48352/54000 (90%)], lr: ['1.00e-04', '1.00e-04'], loss: 0.006875
[2023-10-17 20:52:10,560][INFO][clas_trainer:133] - train epoch: 12 [53728/54000 (99%)], lr: ['1.00e-04', '1.00e-04'], loss: 0.003192
[2023-10-17 20:52:27,134][INFO][clas_trainer:63] - [epoch  12] execution time: 118.35s	metrics:
[2023-10-17 20:52:27,134][INFO][clas_evaluator:99] - dataset: earlystopping, avg f1-score: 0.6460
[2023-10-17 20:52:37,523][INFO][clas_trainer:133] - train epoch: 13 [5344/54000 (10%)], lr: ['1.00e-04', '1.00e-04'], loss: 0.000051
[2023-10-17 20:52:47,612][INFO][clas_trainer:133] - train epoch: 13 [10720/54000 (20%)], lr: ['1.00e-04', '1.00e-04'], loss: 0.001701
[2023-10-17 20:52:57,809][INFO][clas_trainer:133] - train epoch: 13 [16096/54000 (30%)], lr: ['1.00e-04', '1.00e-04'], loss: 0.005979
[2023-10-17 20:53:07,958][INFO][clas_trainer:133] - train epoch: 13 [21472/54000 (40%)], lr: ['1.00e-04', '1.00e-04'], loss: 0.005603
[2023-10-17 20:53:17,973][INFO][clas_trainer:133] - train epoch: 13 [26848/54000 (50%)], lr: ['1.00e-04', '1.00e-04'], loss: 0.005630
[2023-10-17 20:53:28,126][INFO][clas_trainer:133] - train epoch: 13 [32224/54000 (60%)], lr: ['1.00e-04', '1.00e-04'], loss: 0.002785
[2023-10-17 20:53:38,126][INFO][clas_trainer:133] - train epoch: 13 [37600/54000 (70%)], lr: ['1.00e-04', '1.00e-04'], loss: 0.008403
[2023-10-17 20:53:48,047][INFO][clas_trainer:133] - train epoch: 13 [42976/54000 (80%)], lr: ['1.00e-04', '1.00e-04'], loss: 0.000297
[2023-10-17 20:53:58,232][INFO][clas_trainer:133] - train epoch: 13 [48352/54000 (90%)], lr: ['1.00e-04', '1.00e-04'], loss: 0.000969
[2023-10-17 20:54:08,578][INFO][clas_trainer:133] - train epoch: 13 [53728/54000 (99%)], lr: ['1.00e-04', '1.00e-04'], loss: 0.002769
[2023-10-17 20:54:25,005][INFO][clas_trainer:63] - [epoch  13] execution time: 117.87s	metrics:
[2023-10-17 20:54:25,005][INFO][clas_evaluator:99] - dataset: earlystopping, avg f1-score: 0.6348
[2023-10-17 20:54:35,903][INFO][clas_trainer:133] - train epoch: 14 [5344/54000 (10%)], lr: ['1.00e-04', '1.00e-04'], loss: 0.002651
[2023-10-17 20:54:45,943][INFO][clas_trainer:133] - train epoch: 14 [10720/54000 (20%)], lr: ['1.00e-04', '1.00e-04'], loss: 0.000238
[2023-10-17 20:54:55,765][INFO][clas_trainer:133] - train epoch: 14 [16096/54000 (30%)], lr: ['1.00e-04', '1.00e-04'], loss: 0.002947
[2023-10-17 20:55:05,872][INFO][clas_trainer:133] - train epoch: 14 [21472/54000 (40%)], lr: ['1.00e-04', '1.00e-04'], loss: 0.002602
[2023-10-17 20:55:15,848][INFO][clas_trainer:133] - train epoch: 14 [26848/54000 (50%)], lr: ['1.00e-04', '1.00e-04'], loss: 0.004404
[2023-10-17 20:55:25,804][INFO][clas_trainer:133] - train epoch: 14 [32224/54000 (60%)], lr: ['1.00e-04', '1.00e-04'], loss: 0.018948
[2023-10-17 20:55:36,011][INFO][clas_trainer:133] - train epoch: 14 [37600/54000 (70%)], lr: ['1.00e-04', '1.00e-04'], loss: 0.020007
[2023-10-17 20:55:46,330][INFO][clas_trainer:133] - train epoch: 14 [42976/54000 (80%)], lr: ['1.00e-04', '1.00e-04'], loss: 0.002344
[2023-10-17 20:55:56,225][INFO][clas_trainer:133] - train epoch: 14 [48352/54000 (90%)], lr: ['1.00e-04', '1.00e-04'], loss: 0.007764
[2023-10-17 20:56:06,253][INFO][clas_trainer:133] - train epoch: 14 [53728/54000 (99%)], lr: ['1.00e-04', '1.00e-04'], loss: 0.000496
[2023-10-17 20:56:23,157][INFO][clas_trainer:63] - [epoch  14] execution time: 118.15s	metrics:
[2023-10-17 20:56:23,157][INFO][clas_evaluator:99] - dataset: earlystopping, avg f1-score: 0.6430
[2023-10-17 20:56:33,820][INFO][clas_trainer:133] - train epoch: 15 [5344/54000 (10%)], lr: ['1.00e-04', '1.00e-04'], loss: 0.009258
[2023-10-17 20:56:43,909][INFO][clas_trainer:133] - train epoch: 15 [10720/54000 (20%)], lr: ['1.00e-04', '1.00e-04'], loss: 0.002065
[2023-10-17 20:56:53,791][INFO][clas_trainer:133] - train epoch: 15 [16096/54000 (30%)], lr: ['1.00e-04', '1.00e-04'], loss: 0.001622
[2023-10-17 20:57:03,656][INFO][clas_trainer:133] - train epoch: 15 [21472/54000 (40%)], lr: ['1.00e-04', '1.00e-04'], loss: 0.008595
[2023-10-17 20:57:13,731][INFO][clas_trainer:133] - train epoch: 15 [26848/54000 (50%)], lr: ['1.00e-04', '1.00e-04'], loss: 0.009137
[2023-10-17 20:57:23,518][INFO][clas_trainer:133] - train epoch: 15 [32224/54000 (60%)], lr: ['1.00e-04', '1.00e-04'], loss: 0.001540
[2023-10-17 20:57:33,672][INFO][clas_trainer:133] - train epoch: 15 [37600/54000 (70%)], lr: ['1.00e-04', '1.00e-04'], loss: 0.000669
[2023-10-17 20:57:43,695][INFO][clas_trainer:133] - train epoch: 15 [42976/54000 (80%)], lr: ['1.00e-04', '1.00e-04'], loss: 0.000940
[2023-10-17 20:57:54,112][INFO][clas_trainer:133] - train epoch: 15 [48352/54000 (90%)], lr: ['1.00e-04', '1.00e-04'], loss: 0.030543
[2023-10-17 20:58:03,979][INFO][clas_trainer:133] - train epoch: 15 [53728/54000 (99%)], lr: ['1.00e-04', '1.00e-04'], loss: 0.001188
[2023-10-17 20:58:20,472][INFO][clas_trainer:63] - [epoch  15] execution time: 117.32s	metrics:
[2023-10-17 20:58:20,472][INFO][clas_evaluator:99] - dataset: earlystopping, avg f1-score: 0.6193
[2023-10-17 20:58:31,094][INFO][clas_trainer:133] - train epoch: 16 [5344/54000 (10%)], lr: ['1.00e-04', '1.00e-04'], loss: 0.000576
[2023-10-17 20:58:40,851][INFO][clas_trainer:133] - train epoch: 16 [10720/54000 (20%)], lr: ['1.00e-04', '1.00e-04'], loss: 0.004187
[2023-10-17 20:58:50,624][INFO][clas_trainer:133] - train epoch: 16 [16096/54000 (30%)], lr: ['1.00e-04', '1.00e-04'], loss: 0.002332
[2023-10-17 20:59:00,721][INFO][clas_trainer:133] - train epoch: 16 [21472/54000 (40%)], lr: ['1.00e-04', '1.00e-04'], loss: 0.000890
[2023-10-17 20:59:10,683][INFO][clas_trainer:133] - train epoch: 16 [26848/54000 (50%)], lr: ['1.00e-04', '1.00e-04'], loss: 0.000456
[2023-10-17 20:59:20,444][INFO][clas_trainer:133] - train epoch: 16 [32224/54000 (60%)], lr: ['1.00e-04', '1.00e-04'], loss: 0.000704
[2023-10-17 20:59:30,723][INFO][clas_trainer:133] - train epoch: 16 [37600/54000 (70%)], lr: ['1.00e-04', '1.00e-04'], loss: 0.000673
[2023-10-17 20:59:40,653][INFO][clas_trainer:133] - train epoch: 16 [42976/54000 (80%)], lr: ['1.00e-04', '1.00e-04'], loss: 0.000276
[2023-10-17 20:59:50,596][INFO][clas_trainer:133] - train epoch: 16 [48352/54000 (90%)], lr: ['1.00e-04', '1.00e-04'], loss: 0.007034
[2023-10-17 21:00:00,520][INFO][clas_trainer:133] - train epoch: 16 [53728/54000 (99%)], lr: ['1.00e-04', '1.00e-04'], loss: 0.073292
[2023-10-17 21:00:17,271][INFO][clas_trainer:63] - [epoch  16] execution time: 116.80s	metrics:
[2023-10-17 21:00:17,271][INFO][clas_evaluator:99] - dataset: earlystopping, avg f1-score: 0.6212
[2023-10-17 21:00:17,277][INFO][clas_trainer:79] - finished training
[2023-10-17 21:00:17,277][INFO][clas_trainer:80] - best model on epoch: 6 	f1-score: 0.6918
