[2023-10-13 14:21:38,704][INFO][fine-tune:29] - overrides:
hydra:
- hydra.mode=MULTIRUN
task:
- m_seed_path_sids={seeds:[1,1,1,1,1],path:"exp001b-m1-simple_multi_class-2023-10-12_18-34-48-final.pth",subject_ids:{dod_o_h:$\{data.dod_o_h.cv_5_fold.fold_2\}}}
- data.downstream.train_dataloader.dataset.data_reducer.n_subjects=10

[2023-10-13 14:21:44,313][INFO][data_loaders:39] - class distribution before data reduction:
# samples per subject
02fb158a-a658-51ee-89cf-1e1dc2ebfde1: 861
03341d0d-5927-5838-8a5f-1b8ef39d8f57: 1063
039ce8ad-a7fa-5272-a3e3-1f4bfebdd087: 915
0d79f4b1-e74f-5e87-8e42-f9dd7112ada5: 968
100df108-eb57-5eaa-a413-f7e4436a7895: 952
130f3f52-7d0a-551e-af61-2ee75455e5c9: 989
14c012bd-65b0-56f5-bc74-2dffcea69837: 969
16450f5a-9b65-5536-85e1-93816c8b89eb: 816
18482adf-1144-54ca-9e35-27f65c43a105: 824
18ede714-aba3-5ad8-bb1a-18fc9b1c4192: 995
1da3544e-dc5c-5795-adc3-f5068959211f: 955
2159377e-ebf3-5565-9014-1e2ae69dc1d2: 907
2d01dc34-f36c-562e-b24a-d20dc798fdfc: 837
2e865ca9-e20f-5a6f-bd25-45d28cc9eab9: 950
30e8a05b-4cf1-5aa8-9ef7-28d6e2949ad5: 699
32556393-bb57-560a-99e8-e09885219647: 1106
3dd35e7b-d7e2-516d-8a85-e0d58a59569f: 1093
3e842aa8-bcd9-521e-93a2-72124233fe2c: 620
4b72b905-5521-5c57-b666-e20ff9bb195f: 868
4e3c4ac4-69e2-5347-a3b0-662c204d259d: 926
52fbe46b-206c-584a-9f4f-1eb308e07bac: 1064
5b94ec8a-c34d-5e45-84d1-bec2ea965609: 1090
5bf0f969-304c-581e-949c-50c108f62846: 947
5ddbc68c-1283-5c27-952b-d7f102291bc2: 1097
64959ac4-53b5-5868-a845-c7476e9fdf7b: 990
67fa8e29-6f4d-530e-9422-bbc3aca86ed0: 1046
6e2aa933-c51c-5a31-8c7b-83da8d076a12: 905
730aba3b-e310-5be0-9eed-7c3123466834: 1120
742f1592-627c-54eb-bbb5-ccd55ffae33a: 975
769df255-2284-50b3-8917-2155c759fbbd: 929
79e8a04e-0fdd-53ae-bedc-d49d08e29103: 918
7ab8ff5f-a77f-567d-9882-f8bee0c3c9bf: 989
7d778801-88e7-5086-ad1d-70f31a371876: 999
7f5237b1-2196-5c8a-9543-a5aa70210ef4: 931
83c1394e-9c69-5c11-9102-9ff8d59b1cfd: 1011
844f68ba-265e-53e6-bf47-6c85d1804a7b: 957
90aef91a-252f-5ccc-a82e-78ea7ee9ca1f: 1089
a25b2296-343b-53f6-8792-ada2669d466e: 1008
a35a118e-e65e-5928-92a9-4354a6a0f4ce: 813
a6254c8a-f1b2-5736-b601-18245dd5e0a5: 1084
a65a9e69-cddf-5711-9a97-de8bfdeb08cc: 961
a79d1f0e-c133-5aa0-8268-cdcc05825f0f: 1046
aadc9e0c-b7c3-5a47-851d-f21971d10935: 969
b2d3ccdd-395c-5dd2-81d9-252bcfc0c337: 902
b3706da5-748b-5dd1-a552-f57e4456cdf6: 1041
b5d5785d-87ee-5078-b9b9-aac6abd4d8de: 918
c8110476-594c-533d-95bd-86147fccc987: 995
cc3b4b63-4a6f-5f28-ac7e-62f83c271449: 1076
d3cadb78-cb8c-5a6e-885c-392e457c68b1: 982
d5181c33-a43b-5dfe-8ad7-0337facb092a: 977
e6b7cbef-4c9d-5541-82e8-04810de0fb60: 819
e72505f1-21be-5d66-b620-cfcfa2d754bc: 973
e8ec8ec4-dc48-50ce-985a-a06d87861030: 975
eb95076c-c470-56a4-b788-ace310f061c6: 965
f2a69bdc-ed51-5e3f-b102-6b3f7d392be0: 960
f66bc75e-778b-5037-af86-b5275cd4c79f: 865

# samples per stage
0: 9109
1: 2878
2: 26255
3: 6343
4: 9114
[2023-10-13 14:22:27,268][INFO][data_loaders:43] - class distribution after data reduction:
# samples per subject
039ce8ad-a7fa-5272-a3e3-1f4bfebdd087: 4575
4e3c4ac4-69e2-5347-a3b0-662c204d259d: 4630
7d778801-88e7-5086-ad1d-70f31a371876: 4995
7f5237b1-2196-5c8a-9543-a5aa70210ef4: 4655
90aef91a-252f-5ccc-a82e-78ea7ee9ca1f: 5445
a6254c8a-f1b2-5736-b601-18245dd5e0a5: 5420
aadc9e0c-b7c3-5a47-851d-f21971d10935: 4845
b3706da5-748b-5dd1-a552-f57e4456cdf6: 5205
c8110476-594c-533d-95bd-86147fccc987: 4975
d5181c33-a43b-5dfe-8ad7-0337facb092a: 4885

# samples per stage
0: 7210
1: 2305
2: 25305
3: 5025
4: 9785
[2023-10-13 14:22:27,685][INFO][data_loaders:39] - class distribution before data reduction:
# samples per subject
0416d51f-5d69-5326-b74a-a2e31a96a1ef: 822
119f9726-eb4c-5a0e-a7bb-9e15256149a1: 932
1fa6c401-d819-50f5-8146-a0bb9e2b2516: 986
22bea84c-5d23-5e49-bc2d-9764f883955b: 1048
25a6b2b0-4d09-561b-82c6-f09bb271d3be: 1063
6a7503ac-ab3a-5d5b-b474-4b0fe37748dd: 1213
a30245e3-4a71-565f-9636-92e7d2e825fc: 1122
b3534fa3-7676-50dc-8412-07f0eff4f7a9: 757

# samples per stage
0: 1372
1: 412
2: 3945
3: 905
4: 1309
[2023-10-13 14:22:27,704][INFO][data_loaders:43] - class distribution after data reduction:
# samples per subject
0416d51f-5d69-5326-b74a-a2e31a96a1ef: 822
119f9726-eb4c-5a0e-a7bb-9e15256149a1: 932
1fa6c401-d819-50f5-8146-a0bb9e2b2516: 986
22bea84c-5d23-5e49-bc2d-9764f883955b: 1048
25a6b2b0-4d09-561b-82c6-f09bb271d3be: 1063
6a7503ac-ab3a-5d5b-b474-4b0fe37748dd: 1213
a30245e3-4a71-565f-9636-92e7d2e825fc: 1122
b3534fa3-7676-50dc-8412-07f0eff4f7a9: 757

# samples per stage
0: 1372
1: 412
2: 3945
3: 905
4: 1309
[2023-10-13 14:22:33,436][INFO][clas_trainer:49] - metrics before training (epoch 0):
[2023-10-13 14:22:48,065][INFO][clas_evaluator:99] - dataset: earlystopping, avg f1-score: 0.1329
[2023-10-13 14:22:57,728][INFO][clas_trainer:133] - train epoch: 1 [4928/49630 (10%)], lr: ['1.00e-04', '1.00e-04'], loss: 2.618069
[2023-10-13 14:23:05,971][INFO][clas_trainer:133] - train epoch: 1 [9888/49630 (20%)], lr: ['1.00e-04', '1.00e-04'], loss: 1.746399
[2023-10-13 14:23:14,403][INFO][clas_trainer:133] - train epoch: 1 [14848/49630 (30%)], lr: ['1.00e-04', '1.00e-04'], loss: 1.666130
[2023-10-13 14:23:22,725][INFO][clas_trainer:133] - train epoch: 1 [19808/49630 (40%)], lr: ['1.00e-04', '1.00e-04'], loss: 1.525767
[2023-10-13 14:23:31,025][INFO][clas_trainer:133] - train epoch: 1 [24768/49630 (50%)], lr: ['1.00e-04', '1.00e-04'], loss: 0.971837
[2023-10-13 14:23:39,224][INFO][clas_trainer:133] - train epoch: 1 [29728/49630 (60%)], lr: ['1.00e-04', '1.00e-04'], loss: 1.326357
[2023-10-13 14:23:47,675][INFO][clas_trainer:133] - train epoch: 1 [34688/49630 (70%)], lr: ['1.00e-04', '1.00e-04'], loss: 1.063326
[2023-10-13 14:23:55,960][INFO][clas_trainer:133] - train epoch: 1 [39648/49630 (80%)], lr: ['1.00e-04', '1.00e-04'], loss: 1.134326
[2023-10-13 14:24:04,181][INFO][clas_trainer:133] - train epoch: 1 [44608/49630 (90%)], lr: ['1.00e-04', '1.00e-04'], loss: 0.977543
[2023-10-13 14:24:12,341][INFO][clas_trainer:133] - train epoch: 1 [49568/49630 (100%)], lr: ['1.00e-04', '1.00e-04'], loss: 0.799865
[2023-10-13 14:24:27,666][INFO][clas_trainer:63] - [epoch   1] execution time: 99.60s	metrics:
[2023-10-13 14:24:27,667][INFO][clas_evaluator:99] - dataset: earlystopping, avg f1-score: 0.2872
[2023-10-13 14:24:27,723][INFO][base_model:51] - snapshot saved to ./models/exp001a-m8-base_fe_clas-2023-10-13_14-21-17-final.pth
[2023-10-13 14:24:36,557][INFO][clas_trainer:133] - train epoch: 2 [4928/49630 (10%)], lr: ['1.00e-04', '1.00e-04'], loss: 0.681226
[2023-10-13 14:24:44,978][INFO][clas_trainer:133] - train epoch: 2 [9888/49630 (20%)], lr: ['1.00e-04', '1.00e-04'], loss: 1.096212
[2023-10-13 14:24:53,370][INFO][clas_trainer:133] - train epoch: 2 [14848/49630 (30%)], lr: ['1.00e-04', '1.00e-04'], loss: 1.057534
[2023-10-13 14:25:01,559][INFO][clas_trainer:133] - train epoch: 2 [19808/49630 (40%)], lr: ['1.00e-04', '1.00e-04'], loss: 0.736330
[2023-10-13 14:25:09,747][INFO][clas_trainer:133] - train epoch: 2 [24768/49630 (50%)], lr: ['1.00e-04', '1.00e-04'], loss: 0.768303
[2023-10-13 14:25:18,072][INFO][clas_trainer:133] - train epoch: 2 [29728/49630 (60%)], lr: ['1.00e-04', '1.00e-04'], loss: 0.858082
[2023-10-13 14:25:26,554][INFO][clas_trainer:133] - train epoch: 2 [34688/49630 (70%)], lr: ['1.00e-04', '1.00e-04'], loss: 0.554910
[2023-10-13 14:25:34,727][INFO][clas_trainer:133] - train epoch: 2 [39648/49630 (80%)], lr: ['1.00e-04', '1.00e-04'], loss: 0.684151
[2023-10-13 14:25:43,000][INFO][clas_trainer:133] - train epoch: 2 [44608/49630 (90%)], lr: ['1.00e-04', '1.00e-04'], loss: 0.386499
[2023-10-13 14:25:51,205][INFO][clas_trainer:133] - train epoch: 2 [49568/49630 (100%)], lr: ['1.00e-04', '1.00e-04'], loss: 0.573319
[2023-10-13 14:26:06,359][INFO][clas_trainer:63] - [epoch   2] execution time: 98.64s	metrics:
[2023-10-13 14:26:06,360][INFO][clas_evaluator:99] - dataset: earlystopping, avg f1-score: 0.4936
[2023-10-13 14:26:06,416][INFO][base_model:51] - snapshot saved to ./models/exp001a-m8-base_fe_clas-2023-10-13_14-21-17-final.pth
[2023-10-13 14:26:15,402][INFO][clas_trainer:133] - train epoch: 3 [4928/49630 (10%)], lr: ['1.00e-04', '1.00e-04'], loss: 0.545100
[2023-10-13 14:26:23,819][INFO][clas_trainer:133] - train epoch: 3 [9888/49630 (20%)], lr: ['1.00e-04', '1.00e-04'], loss: 0.335909
[2023-10-13 14:26:32,266][INFO][clas_trainer:133] - train epoch: 3 [14848/49630 (30%)], lr: ['1.00e-04', '1.00e-04'], loss: 0.505924
[2023-10-13 14:26:40,562][INFO][clas_trainer:133] - train epoch: 3 [19808/49630 (40%)], lr: ['1.00e-04', '1.00e-04'], loss: 0.292126
[2023-10-13 14:26:48,897][INFO][clas_trainer:133] - train epoch: 3 [24768/49630 (50%)], lr: ['1.00e-04', '1.00e-04'], loss: 0.939273
[2023-10-13 14:26:57,169][INFO][clas_trainer:133] - train epoch: 3 [29728/49630 (60%)], lr: ['1.00e-04', '1.00e-04'], loss: 0.298474
[2023-10-13 14:27:05,568][INFO][clas_trainer:133] - train epoch: 3 [34688/49630 (70%)], lr: ['1.00e-04', '1.00e-04'], loss: 0.334789
[2023-10-13 14:27:13,783][INFO][clas_trainer:133] - train epoch: 3 [39648/49630 (80%)], lr: ['1.00e-04', '1.00e-04'], loss: 0.513714
[2023-10-13 14:27:21,986][INFO][clas_trainer:133] - train epoch: 3 [44608/49630 (90%)], lr: ['1.00e-04', '1.00e-04'], loss: 0.282377
[2023-10-13 14:27:30,239][INFO][clas_trainer:133] - train epoch: 3 [49568/49630 (100%)], lr: ['1.00e-04', '1.00e-04'], loss: 0.168151
[2023-10-13 14:27:45,428][INFO][clas_trainer:63] - [epoch   3] execution time: 99.01s	metrics:
[2023-10-13 14:27:45,429][INFO][clas_evaluator:99] - dataset: earlystopping, avg f1-score: 0.6373
[2023-10-13 14:27:45,486][INFO][base_model:51] - snapshot saved to ./models/exp001a-m8-base_fe_clas-2023-10-13_14-21-17-final.pth
[2023-10-13 14:27:54,341][INFO][clas_trainer:133] - train epoch: 4 [4928/49630 (10%)], lr: ['1.00e-04', '1.00e-04'], loss: 0.386561
[2023-10-13 14:28:02,728][INFO][clas_trainer:133] - train epoch: 4 [9888/49630 (20%)], lr: ['1.00e-04', '1.00e-04'], loss: 0.269581
[2023-10-13 14:28:11,156][INFO][clas_trainer:133] - train epoch: 4 [14848/49630 (30%)], lr: ['1.00e-04', '1.00e-04'], loss: 0.584204
[2023-10-13 14:28:19,433][INFO][clas_trainer:133] - train epoch: 4 [19808/49630 (40%)], lr: ['1.00e-04', '1.00e-04'], loss: 0.585002
[2023-10-13 14:28:27,688][INFO][clas_trainer:133] - train epoch: 4 [24768/49630 (50%)], lr: ['1.00e-04', '1.00e-04'], loss: 0.744846
[2023-10-13 14:28:35,984][INFO][clas_trainer:133] - train epoch: 4 [29728/49630 (60%)], lr: ['1.00e-04', '1.00e-04'], loss: 0.293252
[2023-10-13 14:28:44,303][INFO][clas_trainer:133] - train epoch: 4 [34688/49630 (70%)], lr: ['1.00e-04', '1.00e-04'], loss: 0.378319
[2023-10-13 14:28:52,499][INFO][clas_trainer:133] - train epoch: 4 [39648/49630 (80%)], lr: ['1.00e-04', '1.00e-04'], loss: 0.110605
[2023-10-13 14:29:00,779][INFO][clas_trainer:133] - train epoch: 4 [44608/49630 (90%)], lr: ['1.00e-04', '1.00e-04'], loss: 0.579956
[2023-10-13 14:29:08,979][INFO][clas_trainer:133] - train epoch: 4 [49568/49630 (100%)], lr: ['1.00e-04', '1.00e-04'], loss: 0.342319
[2023-10-13 14:29:23,786][INFO][clas_trainer:63] - [epoch   4] execution time: 98.30s	metrics:
[2023-10-13 14:29:23,786][INFO][clas_evaluator:99] - dataset: earlystopping, avg f1-score: 0.6370
[2023-10-13 14:29:32,816][INFO][clas_trainer:133] - train epoch: 5 [4928/49630 (10%)], lr: ['1.00e-04', '1.00e-04'], loss: 0.289403
[2023-10-13 14:29:41,314][INFO][clas_trainer:133] - train epoch: 5 [9888/49630 (20%)], lr: ['1.00e-04', '1.00e-04'], loss: 0.114992
[2023-10-13 14:29:49,761][INFO][clas_trainer:133] - train epoch: 5 [14848/49630 (30%)], lr: ['1.00e-04', '1.00e-04'], loss: 0.065250
[2023-10-13 14:29:58,275][INFO][clas_trainer:133] - train epoch: 5 [19808/49630 (40%)], lr: ['1.00e-04', '1.00e-04'], loss: 0.283612
[2023-10-13 14:30:06,628][INFO][clas_trainer:133] - train epoch: 5 [24768/49630 (50%)], lr: ['1.00e-04', '1.00e-04'], loss: 0.388910
[2023-10-13 14:30:15,065][INFO][clas_trainer:133] - train epoch: 5 [29728/49630 (60%)], lr: ['1.00e-04', '1.00e-04'], loss: 0.295755
[2023-10-13 14:30:23,430][INFO][clas_trainer:133] - train epoch: 5 [34688/49630 (70%)], lr: ['1.00e-04', '1.00e-04'], loss: 0.401175
[2023-10-13 14:30:31,854][INFO][clas_trainer:133] - train epoch: 5 [39648/49630 (80%)], lr: ['1.00e-04', '1.00e-04'], loss: 0.447772
[2023-10-13 14:30:40,234][INFO][clas_trainer:133] - train epoch: 5 [44608/49630 (90%)], lr: ['1.00e-04', '1.00e-04'], loss: 0.239142
[2023-10-13 14:30:48,597][INFO][clas_trainer:133] - train epoch: 5 [49568/49630 (100%)], lr: ['1.00e-04', '1.00e-04'], loss: 0.288532
[2023-10-13 14:31:03,937][INFO][clas_trainer:63] - [epoch   5] execution time: 100.15s	metrics:
[2023-10-13 14:31:03,938][INFO][clas_evaluator:99] - dataset: earlystopping, avg f1-score: 0.7014
[2023-10-13 14:31:03,996][INFO][base_model:51] - snapshot saved to ./models/exp001a-m8-base_fe_clas-2023-10-13_14-21-17-final.pth
[2023-10-13 14:31:12,955][INFO][clas_trainer:133] - train epoch: 6 [4928/49630 (10%)], lr: ['1.00e-04', '1.00e-04'], loss: 0.331187
[2023-10-13 14:31:21,344][INFO][clas_trainer:133] - train epoch: 6 [9888/49630 (20%)], lr: ['1.00e-04', '1.00e-04'], loss: 0.572696
[2023-10-13 14:31:29,784][INFO][clas_trainer:133] - train epoch: 6 [14848/49630 (30%)], lr: ['1.00e-04', '1.00e-04'], loss: 0.481350
[2023-10-13 14:31:38,034][INFO][clas_trainer:133] - train epoch: 6 [19808/49630 (40%)], lr: ['1.00e-04', '1.00e-04'], loss: 0.434297
[2023-10-13 14:31:46,354][INFO][clas_trainer:133] - train epoch: 6 [24768/49630 (50%)], lr: ['1.00e-04', '1.00e-04'], loss: 0.247021
[2023-10-13 14:31:54,517][INFO][clas_trainer:133] - train epoch: 6 [29728/49630 (60%)], lr: ['1.00e-04', '1.00e-04'], loss: 0.210858
[2023-10-13 14:32:03,074][INFO][clas_trainer:133] - train epoch: 6 [34688/49630 (70%)], lr: ['1.00e-04', '1.00e-04'], loss: 0.207339
[2023-10-13 14:32:11,382][INFO][clas_trainer:133] - train epoch: 6 [39648/49630 (80%)], lr: ['1.00e-04', '1.00e-04'], loss: 0.473128
[2023-10-13 14:32:19,554][INFO][clas_trainer:133] - train epoch: 6 [44608/49630 (90%)], lr: ['1.00e-04', '1.00e-04'], loss: 0.347127
[2023-10-13 14:32:27,770][INFO][clas_trainer:133] - train epoch: 6 [49568/49630 (100%)], lr: ['1.00e-04', '1.00e-04'], loss: 0.185018
[2023-10-13 14:32:42,653][INFO][clas_trainer:63] - [epoch   6] execution time: 98.66s	metrics:
[2023-10-13 14:32:42,654][INFO][clas_evaluator:99] - dataset: earlystopping, avg f1-score: 0.7173
[2023-10-13 14:32:42,711][INFO][base_model:51] - snapshot saved to ./models/exp001a-m8-base_fe_clas-2023-10-13_14-21-17-final.pth
[2023-10-13 14:32:51,767][INFO][clas_trainer:133] - train epoch: 7 [4928/49630 (10%)], lr: ['1.00e-04', '1.00e-04'], loss: 0.151619
[2023-10-13 14:33:00,146][INFO][clas_trainer:133] - train epoch: 7 [9888/49630 (20%)], lr: ['1.00e-04', '1.00e-04'], loss: 0.292874
[2023-10-13 14:33:08,647][INFO][clas_trainer:133] - train epoch: 7 [14848/49630 (30%)], lr: ['1.00e-04', '1.00e-04'], loss: 0.110892
[2023-10-13 14:33:17,008][INFO][clas_trainer:133] - train epoch: 7 [19808/49630 (40%)], lr: ['1.00e-04', '1.00e-04'], loss: 0.113029
[2023-10-13 14:33:25,424][INFO][clas_trainer:133] - train epoch: 7 [24768/49630 (50%)], lr: ['1.00e-04', '1.00e-04'], loss: 0.220729
[2023-10-13 14:33:33,560][INFO][clas_trainer:133] - train epoch: 7 [29728/49630 (60%)], lr: ['1.00e-04', '1.00e-04'], loss: 0.181005
[2023-10-13 14:33:42,050][INFO][clas_trainer:133] - train epoch: 7 [34688/49630 (70%)], lr: ['1.00e-04', '1.00e-04'], loss: 0.275321
[2023-10-13 14:33:50,395][INFO][clas_trainer:133] - train epoch: 7 [39648/49630 (80%)], lr: ['1.00e-04', '1.00e-04'], loss: 0.214894
[2023-10-13 14:33:58,522][INFO][clas_trainer:133] - train epoch: 7 [44608/49630 (90%)], lr: ['1.00e-04', '1.00e-04'], loss: 0.393554
[2023-10-13 14:34:06,807][INFO][clas_trainer:133] - train epoch: 7 [49568/49630 (100%)], lr: ['1.00e-04', '1.00e-04'], loss: 0.376655
[2023-10-13 14:34:22,183][INFO][clas_trainer:63] - [epoch   7] execution time: 99.47s	metrics:
[2023-10-13 14:34:22,184][INFO][clas_evaluator:99] - dataset: earlystopping, avg f1-score: 0.6914
[2023-10-13 14:34:31,099][INFO][clas_trainer:133] - train epoch: 8 [4928/49630 (10%)], lr: ['1.00e-04', '1.00e-04'], loss: 0.199633
[2023-10-13 14:34:39,713][INFO][clas_trainer:133] - train epoch: 8 [9888/49630 (20%)], lr: ['1.00e-04', '1.00e-04'], loss: 0.117520
[2023-10-13 14:34:48,342][INFO][clas_trainer:133] - train epoch: 8 [14848/49630 (30%)], lr: ['1.00e-04', '1.00e-04'], loss: 0.123665
[2023-10-13 14:34:56,556][INFO][clas_trainer:133] - train epoch: 8 [19808/49630 (40%)], lr: ['1.00e-04', '1.00e-04'], loss: 0.151523
[2023-10-13 14:35:04,902][INFO][clas_trainer:133] - train epoch: 8 [24768/49630 (50%)], lr: ['1.00e-04', '1.00e-04'], loss: 0.120237
[2023-10-13 14:35:13,329][INFO][clas_trainer:133] - train epoch: 8 [29728/49630 (60%)], lr: ['1.00e-04', '1.00e-04'], loss: 0.274165
[2023-10-13 14:35:21,977][INFO][clas_trainer:133] - train epoch: 8 [34688/49630 (70%)], lr: ['1.00e-04', '1.00e-04'], loss: 0.154083
[2023-10-13 14:35:30,338][INFO][clas_trainer:133] - train epoch: 8 [39648/49630 (80%)], lr: ['1.00e-04', '1.00e-04'], loss: 0.305542
[2023-10-13 14:35:38,689][INFO][clas_trainer:133] - train epoch: 8 [44608/49630 (90%)], lr: ['1.00e-04', '1.00e-04'], loss: 0.173685
[2023-10-13 14:35:47,120][INFO][clas_trainer:133] - train epoch: 8 [49568/49630 (100%)], lr: ['1.00e-04', '1.00e-04'], loss: 0.106027
[2023-10-13 14:36:02,385][INFO][clas_trainer:63] - [epoch   8] execution time: 100.20s	metrics:
[2023-10-13 14:36:02,386][INFO][clas_evaluator:99] - dataset: earlystopping, avg f1-score: 0.7183
[2023-10-13 14:36:02,443][INFO][base_model:51] - snapshot saved to ./models/exp001a-m8-base_fe_clas-2023-10-13_14-21-17-final.pth
[2023-10-13 14:36:11,408][INFO][clas_trainer:133] - train epoch: 9 [4928/49630 (10%)], lr: ['1.00e-04', '1.00e-04'], loss: 0.233186
[2023-10-13 14:36:20,018][INFO][clas_trainer:133] - train epoch: 9 [9888/49630 (20%)], lr: ['1.00e-04', '1.00e-04'], loss: 0.272257
[2023-10-13 14:36:28,682][INFO][clas_trainer:133] - train epoch: 9 [14848/49630 (30%)], lr: ['1.00e-04', '1.00e-04'], loss: 0.351350
[2023-10-13 14:36:36,975][INFO][clas_trainer:133] - train epoch: 9 [19808/49630 (40%)], lr: ['1.00e-04', '1.00e-04'], loss: 0.178374
[2023-10-13 14:36:45,411][INFO][clas_trainer:133] - train epoch: 9 [24768/49630 (50%)], lr: ['1.00e-04', '1.00e-04'], loss: 0.320175
[2023-10-13 14:36:53,864][INFO][clas_trainer:133] - train epoch: 9 [29728/49630 (60%)], lr: ['1.00e-04', '1.00e-04'], loss: 0.166123
[2023-10-13 14:37:02,503][INFO][clas_trainer:133] - train epoch: 9 [34688/49630 (70%)], lr: ['1.00e-04', '1.00e-04'], loss: 0.498011
[2023-10-13 14:37:10,768][INFO][clas_trainer:133] - train epoch: 9 [39648/49630 (80%)], lr: ['1.00e-04', '1.00e-04'], loss: 0.491048
[2023-10-13 14:37:19,212][INFO][clas_trainer:133] - train epoch: 9 [44608/49630 (90%)], lr: ['1.00e-04', '1.00e-04'], loss: 0.158695
[2023-10-13 14:37:27,539][INFO][clas_trainer:133] - train epoch: 9 [49568/49630 (100%)], lr: ['1.00e-04', '1.00e-04'], loss: 0.349959
[2023-10-13 14:37:42,559][INFO][clas_trainer:63] - [epoch   9] execution time: 100.12s	metrics:
[2023-10-13 14:37:42,559][INFO][clas_evaluator:99] - dataset: earlystopping, avg f1-score: 0.6960
[2023-10-13 14:37:51,395][INFO][clas_trainer:133] - train epoch: 10 [4928/49630 (10%)], lr: ['1.00e-04', '1.00e-04'], loss: 0.143341
[2023-10-13 14:37:59,940][INFO][clas_trainer:133] - train epoch: 10 [9888/49630 (20%)], lr: ['1.00e-04', '1.00e-04'], loss: 0.270822
[2023-10-13 14:38:08,423][INFO][clas_trainer:133] - train epoch: 10 [14848/49630 (30%)], lr: ['1.00e-04', '1.00e-04'], loss: 0.181161
[2023-10-13 14:38:16,757][INFO][clas_trainer:133] - train epoch: 10 [19808/49630 (40%)], lr: ['1.00e-04', '1.00e-04'], loss: 0.085497
[2023-10-13 14:38:25,249][INFO][clas_trainer:133] - train epoch: 10 [24768/49630 (50%)], lr: ['1.00e-04', '1.00e-04'], loss: 0.120971
[2023-10-13 14:38:33,635][INFO][clas_trainer:133] - train epoch: 10 [29728/49630 (60%)], lr: ['1.00e-04', '1.00e-04'], loss: 0.273093
[2023-10-13 14:38:42,258][INFO][clas_trainer:133] - train epoch: 10 [34688/49630 (70%)], lr: ['1.00e-04', '1.00e-04'], loss: 0.220884
[2023-10-13 14:38:50,367][INFO][clas_trainer:133] - train epoch: 10 [39648/49630 (80%)], lr: ['1.00e-04', '1.00e-04'], loss: 0.051617
[2023-10-13 14:38:58,721][INFO][clas_trainer:133] - train epoch: 10 [44608/49630 (90%)], lr: ['1.00e-04', '1.00e-04'], loss: 0.160562
[2023-10-13 14:39:07,154][INFO][clas_trainer:133] - train epoch: 10 [49568/49630 (100%)], lr: ['1.00e-04', '1.00e-04'], loss: 0.475139
[2023-10-13 14:39:22,140][INFO][clas_trainer:63] - [epoch  10] execution time: 99.58s	metrics:
[2023-10-13 14:39:22,140][INFO][clas_evaluator:99] - dataset: earlystopping, avg f1-score: 0.7317
[2023-10-13 14:39:22,199][INFO][base_model:51] - snapshot saved to ./models/exp001a-m8-base_fe_clas-2023-10-13_14-21-17-final.pth
[2023-10-13 14:39:31,002][INFO][clas_trainer:133] - train epoch: 11 [4928/49630 (10%)], lr: ['1.00e-04', '1.00e-04'], loss: 0.122845
[2023-10-13 14:39:39,358][INFO][clas_trainer:133] - train epoch: 11 [9888/49630 (20%)], lr: ['1.00e-04', '1.00e-04'], loss: 0.150130
[2023-10-13 14:39:47,833][INFO][clas_trainer:133] - train epoch: 11 [14848/49630 (30%)], lr: ['1.00e-04', '1.00e-04'], loss: 0.150602
[2023-10-13 14:39:56,004][INFO][clas_trainer:133] - train epoch: 11 [19808/49630 (40%)], lr: ['1.00e-04', '1.00e-04'], loss: 0.156660
[2023-10-13 14:40:04,259][INFO][clas_trainer:133] - train epoch: 11 [24768/49630 (50%)], lr: ['1.00e-04', '1.00e-04'], loss: 0.090339
[2023-10-13 14:40:12,472][INFO][clas_trainer:133] - train epoch: 11 [29728/49630 (60%)], lr: ['1.00e-04', '1.00e-04'], loss: 0.026175
[2023-10-13 14:40:20,815][INFO][clas_trainer:133] - train epoch: 11 [34688/49630 (70%)], lr: ['1.00e-04', '1.00e-04'], loss: 0.147173
[2023-10-13 14:40:29,017][INFO][clas_trainer:133] - train epoch: 11 [39648/49630 (80%)], lr: ['1.00e-04', '1.00e-04'], loss: 0.257541
[2023-10-13 14:40:37,211][INFO][clas_trainer:133] - train epoch: 11 [44608/49630 (90%)], lr: ['1.00e-04', '1.00e-04'], loss: 0.163559
[2023-10-13 14:40:45,474][INFO][clas_trainer:133] - train epoch: 11 [49568/49630 (100%)], lr: ['1.00e-04', '1.00e-04'], loss: 0.193912
[2023-10-13 14:41:00,779][INFO][clas_trainer:63] - [epoch  11] execution time: 98.58s	metrics:
[2023-10-13 14:41:00,780][INFO][clas_evaluator:99] - dataset: earlystopping, avg f1-score: 0.7134
[2023-10-13 14:41:09,627][INFO][clas_trainer:133] - train epoch: 12 [4928/49630 (10%)], lr: ['1.00e-04', '1.00e-04'], loss: 0.176899
[2023-10-13 14:41:18,166][INFO][clas_trainer:133] - train epoch: 12 [9888/49630 (20%)], lr: ['1.00e-04', '1.00e-04'], loss: 0.134879
[2023-10-13 14:41:26,653][INFO][clas_trainer:133] - train epoch: 12 [14848/49630 (30%)], lr: ['1.00e-04', '1.00e-04'], loss: 0.126210
[2023-10-13 14:41:34,871][INFO][clas_trainer:133] - train epoch: 12 [19808/49630 (40%)], lr: ['1.00e-04', '1.00e-04'], loss: 0.140387
[2023-10-13 14:41:43,245][INFO][clas_trainer:133] - train epoch: 12 [24768/49630 (50%)], lr: ['1.00e-04', '1.00e-04'], loss: 0.207626
[2023-10-13 14:41:51,581][INFO][clas_trainer:133] - train epoch: 12 [29728/49630 (60%)], lr: ['1.00e-04', '1.00e-04'], loss: 0.340756
[2023-10-13 14:42:00,065][INFO][clas_trainer:133] - train epoch: 12 [34688/49630 (70%)], lr: ['1.00e-04', '1.00e-04'], loss: 0.293915
[2023-10-13 14:42:08,354][INFO][clas_trainer:133] - train epoch: 12 [39648/49630 (80%)], lr: ['1.00e-04', '1.00e-04'], loss: 0.055951
[2023-10-13 14:42:16,706][INFO][clas_trainer:133] - train epoch: 12 [44608/49630 (90%)], lr: ['1.00e-04', '1.00e-04'], loss: 0.149959
[2023-10-13 14:42:25,074][INFO][clas_trainer:133] - train epoch: 12 [49568/49630 (100%)], lr: ['1.00e-04', '1.00e-04'], loss: 0.123153
[2023-10-13 14:42:40,703][INFO][clas_trainer:63] - [epoch  12] execution time: 99.92s	metrics:
[2023-10-13 14:42:40,703][INFO][clas_evaluator:99] - dataset: earlystopping, avg f1-score: 0.6953
[2023-10-13 14:42:49,586][INFO][clas_trainer:133] - train epoch: 13 [4928/49630 (10%)], lr: ['1.00e-04', '1.00e-04'], loss: 0.181387
[2023-10-13 14:42:58,054][INFO][clas_trainer:133] - train epoch: 13 [9888/49630 (20%)], lr: ['1.00e-04', '1.00e-04'], loss: 0.147799
[2023-10-13 14:43:06,458][INFO][clas_trainer:133] - train epoch: 13 [14848/49630 (30%)], lr: ['1.00e-04', '1.00e-04'], loss: 0.136549
[2023-10-13 14:43:14,660][INFO][clas_trainer:133] - train epoch: 13 [19808/49630 (40%)], lr: ['1.00e-04', '1.00e-04'], loss: 0.206113
[2023-10-13 14:43:23,167][INFO][clas_trainer:133] - train epoch: 13 [24768/49630 (50%)], lr: ['1.00e-04', '1.00e-04'], loss: 0.157398
[2023-10-13 14:43:31,548][INFO][clas_trainer:133] - train epoch: 13 [29728/49630 (60%)], lr: ['1.00e-04', '1.00e-04'], loss: 0.306865
[2023-10-13 14:43:40,110][INFO][clas_trainer:133] - train epoch: 13 [34688/49630 (70%)], lr: ['1.00e-04', '1.00e-04'], loss: 0.241579
[2023-10-13 14:43:48,381][INFO][clas_trainer:133] - train epoch: 13 [39648/49630 (80%)], lr: ['1.00e-04', '1.00e-04'], loss: 0.631874
[2023-10-13 14:43:56,860][INFO][clas_trainer:133] - train epoch: 13 [44608/49630 (90%)], lr: ['1.00e-04', '1.00e-04'], loss: 0.183151
[2023-10-13 14:44:05,302][INFO][clas_trainer:133] - train epoch: 13 [49568/49630 (100%)], lr: ['1.00e-04', '1.00e-04'], loss: 0.125973
[2023-10-13 14:44:20,668][INFO][clas_trainer:63] - [epoch  13] execution time: 99.96s	metrics:
[2023-10-13 14:44:20,668][INFO][clas_evaluator:99] - dataset: earlystopping, avg f1-score: 0.7009
[2023-10-13 14:44:29,476][INFO][clas_trainer:133] - train epoch: 14 [4928/49630 (10%)], lr: ['1.00e-04', '1.00e-04'], loss: 0.050761
[2023-10-13 14:44:37,900][INFO][clas_trainer:133] - train epoch: 14 [9888/49630 (20%)], lr: ['1.00e-04', '1.00e-04'], loss: 0.099177
[2023-10-13 14:44:46,287][INFO][clas_trainer:133] - train epoch: 14 [14848/49630 (30%)], lr: ['1.00e-04', '1.00e-04'], loss: 0.300721
[2023-10-13 14:44:54,633][INFO][clas_trainer:133] - train epoch: 14 [19808/49630 (40%)], lr: ['1.00e-04', '1.00e-04'], loss: 0.220893
[2023-10-13 14:45:02,873][INFO][clas_trainer:133] - train epoch: 14 [24768/49630 (50%)], lr: ['1.00e-04', '1.00e-04'], loss: 0.098346
[2023-10-13 14:45:11,093][INFO][clas_trainer:133] - train epoch: 14 [29728/49630 (60%)], lr: ['1.00e-04', '1.00e-04'], loss: 0.080296
[2023-10-13 14:45:19,495][INFO][clas_trainer:133] - train epoch: 14 [34688/49630 (70%)], lr: ['1.00e-04', '1.00e-04'], loss: 0.136931
[2023-10-13 14:45:27,689][INFO][clas_trainer:133] - train epoch: 14 [39648/49630 (80%)], lr: ['1.00e-04', '1.00e-04'], loss: 0.063585
[2023-10-13 14:45:35,845][INFO][clas_trainer:133] - train epoch: 14 [44608/49630 (90%)], lr: ['1.00e-04', '1.00e-04'], loss: 0.269636
[2023-10-13 14:45:43,998][INFO][clas_trainer:133] - train epoch: 14 [49568/49630 (100%)], lr: ['1.00e-04', '1.00e-04'], loss: 0.065045
[2023-10-13 14:45:59,230][INFO][clas_trainer:63] - [epoch  14] execution time: 98.56s	metrics:
[2023-10-13 14:45:59,231][INFO][clas_evaluator:99] - dataset: earlystopping, avg f1-score: 0.7198
[2023-10-13 14:46:08,022][INFO][clas_trainer:133] - train epoch: 15 [4928/49630 (10%)], lr: ['1.00e-04', '1.00e-04'], loss: 0.161409
[2023-10-13 14:46:16,461][INFO][clas_trainer:133] - train epoch: 15 [9888/49630 (20%)], lr: ['1.00e-04', '1.00e-04'], loss: 0.186279
[2023-10-13 14:46:24,772][INFO][clas_trainer:133] - train epoch: 15 [14848/49630 (30%)], lr: ['1.00e-04', '1.00e-04'], loss: 0.123454
[2023-10-13 14:46:33,033][INFO][clas_trainer:133] - train epoch: 15 [19808/49630 (40%)], lr: ['1.00e-04', '1.00e-04'], loss: 0.164377
[2023-10-13 14:46:41,273][INFO][clas_trainer:133] - train epoch: 15 [24768/49630 (50%)], lr: ['1.00e-04', '1.00e-04'], loss: 0.344492
[2023-10-13 14:46:49,556][INFO][clas_trainer:133] - train epoch: 15 [29728/49630 (60%)], lr: ['1.00e-04', '1.00e-04'], loss: 0.246725
[2023-10-13 14:46:57,855][INFO][clas_trainer:133] - train epoch: 15 [34688/49630 (70%)], lr: ['1.00e-04', '1.00e-04'], loss: 0.038632
[2023-10-13 14:47:06,037][INFO][clas_trainer:133] - train epoch: 15 [39648/49630 (80%)], lr: ['1.00e-04', '1.00e-04'], loss: 0.103986
[2023-10-13 14:47:14,236][INFO][clas_trainer:133] - train epoch: 15 [44608/49630 (90%)], lr: ['1.00e-04', '1.00e-04'], loss: 0.256425
[2023-10-13 14:47:22,488][INFO][clas_trainer:133] - train epoch: 15 [49568/49630 (100%)], lr: ['1.00e-04', '1.00e-04'], loss: 0.131497
[2023-10-13 14:47:37,369][INFO][clas_trainer:63] - [epoch  15] execution time: 98.14s	metrics:
[2023-10-13 14:47:37,369][INFO][clas_evaluator:99] - dataset: earlystopping, avg f1-score: 0.7234
[2023-10-13 14:47:46,121][INFO][clas_trainer:133] - train epoch: 16 [4928/49630 (10%)], lr: ['1.00e-04', '1.00e-04'], loss: 0.087223
[2023-10-13 14:47:54,524][INFO][clas_trainer:133] - train epoch: 16 [9888/49630 (20%)], lr: ['1.00e-04', '1.00e-04'], loss: 0.077043
[2023-10-13 14:48:02,707][INFO][clas_trainer:133] - train epoch: 16 [14848/49630 (30%)], lr: ['1.00e-04', '1.00e-04'], loss: 0.117458
[2023-10-13 14:48:11,190][INFO][clas_trainer:133] - train epoch: 16 [19808/49630 (40%)], lr: ['1.00e-04', '1.00e-04'], loss: 0.049567
[2023-10-13 14:48:19,525][INFO][clas_trainer:133] - train epoch: 16 [24768/49630 (50%)], lr: ['1.00e-04', '1.00e-04'], loss: 0.201120
[2023-10-13 14:48:27,771][INFO][clas_trainer:133] - train epoch: 16 [29728/49630 (60%)], lr: ['1.00e-04', '1.00e-04'], loss: 0.078795
[2023-10-13 14:48:36,045][INFO][clas_trainer:133] - train epoch: 16 [34688/49630 (70%)], lr: ['1.00e-04', '1.00e-04'], loss: 0.186256
[2023-10-13 14:48:44,448][INFO][clas_trainer:133] - train epoch: 16 [39648/49630 (80%)], lr: ['1.00e-04', '1.00e-04'], loss: 0.316845
[2023-10-13 14:48:52,640][INFO][clas_trainer:133] - train epoch: 16 [44608/49630 (90%)], lr: ['1.00e-04', '1.00e-04'], loss: 0.100753
[2023-10-13 14:49:00,784][INFO][clas_trainer:133] - train epoch: 16 [49568/49630 (100%)], lr: ['1.00e-04', '1.00e-04'], loss: 0.069104
[2023-10-13 14:49:15,997][INFO][clas_trainer:63] - [epoch  16] execution time: 98.63s	metrics:
[2023-10-13 14:49:15,998][INFO][clas_evaluator:99] - dataset: earlystopping, avg f1-score: 0.7543
[2023-10-13 14:49:16,053][INFO][base_model:51] - snapshot saved to ./models/exp001a-m8-base_fe_clas-2023-10-13_14-21-17-final.pth
[2023-10-13 14:49:24,942][INFO][clas_trainer:133] - train epoch: 17 [4928/49630 (10%)], lr: ['1.00e-04', '1.00e-04'], loss: 0.075872
[2023-10-13 14:49:33,428][INFO][clas_trainer:133] - train epoch: 17 [9888/49630 (20%)], lr: ['1.00e-04', '1.00e-04'], loss: 0.081116
[2023-10-13 14:49:42,137][INFO][clas_trainer:133] - train epoch: 17 [14848/49630 (30%)], lr: ['1.00e-04', '1.00e-04'], loss: 0.120688
[2023-10-13 14:49:50,656][INFO][clas_trainer:133] - train epoch: 17 [19808/49630 (40%)], lr: ['1.00e-04', '1.00e-04'], loss: 0.164306
[2023-10-13 14:49:58,978][INFO][clas_trainer:133] - train epoch: 17 [24768/49630 (50%)], lr: ['1.00e-04', '1.00e-04'], loss: 0.181220
[2023-10-13 14:50:07,370][INFO][clas_trainer:133] - train epoch: 17 [29728/49630 (60%)], lr: ['1.00e-04', '1.00e-04'], loss: 0.204893
[2023-10-13 14:50:15,768][INFO][clas_trainer:133] - train epoch: 17 [34688/49630 (70%)], lr: ['1.00e-04', '1.00e-04'], loss: 0.031707
[2023-10-13 14:50:24,364][INFO][clas_trainer:133] - train epoch: 17 [39648/49630 (80%)], lr: ['1.00e-04', '1.00e-04'], loss: 0.084989
[2023-10-13 14:50:32,744][INFO][clas_trainer:133] - train epoch: 17 [44608/49630 (90%)], lr: ['1.00e-04', '1.00e-04'], loss: 0.359448
[2023-10-13 14:50:41,116][INFO][clas_trainer:133] - train epoch: 17 [49568/49630 (100%)], lr: ['1.00e-04', '1.00e-04'], loss: 0.149230
[2023-10-13 14:50:56,338][INFO][clas_trainer:63] - [epoch  17] execution time: 100.28s	metrics:
[2023-10-13 14:50:56,338][INFO][clas_evaluator:99] - dataset: earlystopping, avg f1-score: 0.7345
[2023-10-13 14:51:05,246][INFO][clas_trainer:133] - train epoch: 18 [4928/49630 (10%)], lr: ['1.00e-04', '1.00e-04'], loss: 0.349139
[2023-10-13 14:51:13,457][INFO][clas_trainer:133] - train epoch: 18 [9888/49630 (20%)], lr: ['1.00e-04', '1.00e-04'], loss: 0.045945
[2023-10-13 14:51:21,833][INFO][clas_trainer:133] - train epoch: 18 [14848/49630 (30%)], lr: ['1.00e-04', '1.00e-04'], loss: 0.218112
[2023-10-13 14:51:30,273][INFO][clas_trainer:133] - train epoch: 18 [19808/49630 (40%)], lr: ['1.00e-04', '1.00e-04'], loss: 0.105705
[2023-10-13 14:51:38,474][INFO][clas_trainer:133] - train epoch: 18 [24768/49630 (50%)], lr: ['1.00e-04', '1.00e-04'], loss: 0.090833
[2023-10-13 14:51:46,620][INFO][clas_trainer:133] - train epoch: 18 [29728/49630 (60%)], lr: ['1.00e-04', '1.00e-04'], loss: 0.086482
[2023-10-13 14:51:54,909][INFO][clas_trainer:133] - train epoch: 18 [34688/49630 (70%)], lr: ['1.00e-04', '1.00e-04'], loss: 0.399965
[2023-10-13 14:52:03,337][INFO][clas_trainer:133] - train epoch: 18 [39648/49630 (80%)], lr: ['1.00e-04', '1.00e-04'], loss: 0.176675
[2023-10-13 14:52:11,600][INFO][clas_trainer:133] - train epoch: 18 [44608/49630 (90%)], lr: ['1.00e-04', '1.00e-04'], loss: 0.056167
[2023-10-13 14:52:19,751][INFO][clas_trainer:133] - train epoch: 18 [49568/49630 (100%)], lr: ['1.00e-04', '1.00e-04'], loss: 0.092844
[2023-10-13 14:52:35,028][INFO][clas_trainer:63] - [epoch  18] execution time: 98.69s	metrics:
[2023-10-13 14:52:35,029][INFO][clas_evaluator:99] - dataset: earlystopping, avg f1-score: 0.7383
[2023-10-13 14:52:43,895][INFO][clas_trainer:133] - train epoch: 19 [4928/49630 (10%)], lr: ['1.00e-04', '1.00e-04'], loss: 0.127476
[2023-10-13 14:52:52,134][INFO][clas_trainer:133] - train epoch: 19 [9888/49630 (20%)], lr: ['1.00e-04', '1.00e-04'], loss: 0.073550
[2023-10-13 14:53:00,328][INFO][clas_trainer:133] - train epoch: 19 [14848/49630 (30%)], lr: ['1.00e-04', '1.00e-04'], loss: 0.232916
[2023-10-13 14:53:08,751][INFO][clas_trainer:133] - train epoch: 19 [19808/49630 (40%)], lr: ['1.00e-04', '1.00e-04'], loss: 0.159784
[2023-10-13 14:53:16,962][INFO][clas_trainer:133] - train epoch: 19 [24768/49630 (50%)], lr: ['1.00e-04', '1.00e-04'], loss: 0.222546
[2023-10-13 14:53:25,263][INFO][clas_trainer:133] - train epoch: 19 [29728/49630 (60%)], lr: ['1.00e-04', '1.00e-04'], loss: 0.296905
[2023-10-13 14:53:33,583][INFO][clas_trainer:133] - train epoch: 19 [34688/49630 (70%)], lr: ['1.00e-04', '1.00e-04'], loss: 0.189232
[2023-10-13 14:53:41,835][INFO][clas_trainer:133] - train epoch: 19 [39648/49630 (80%)], lr: ['1.00e-04', '1.00e-04'], loss: 0.146865
[2023-10-13 14:53:50,053][INFO][clas_trainer:133] - train epoch: 19 [44608/49630 (90%)], lr: ['1.00e-04', '1.00e-04'], loss: 0.144652
[2023-10-13 14:53:58,324][INFO][clas_trainer:133] - train epoch: 19 [49568/49630 (100%)], lr: ['1.00e-04', '1.00e-04'], loss: 0.066028
[2023-10-13 14:54:13,207][INFO][clas_trainer:63] - [epoch  19] execution time: 98.18s	metrics:
[2023-10-13 14:54:13,207][INFO][clas_evaluator:99] - dataset: earlystopping, avg f1-score: 0.7115
[2023-10-13 14:54:22,038][INFO][clas_trainer:133] - train epoch: 20 [4928/49630 (10%)], lr: ['1.00e-04', '1.00e-04'], loss: 0.086962
[2023-10-13 14:54:30,249][INFO][clas_trainer:133] - train epoch: 20 [9888/49630 (20%)], lr: ['1.00e-04', '1.00e-04'], loss: 0.085780
[2023-10-13 14:54:38,564][INFO][clas_trainer:133] - train epoch: 20 [14848/49630 (30%)], lr: ['1.00e-04', '1.00e-04'], loss: 0.109953
[2023-10-13 14:54:47,051][INFO][clas_trainer:133] - train epoch: 20 [19808/49630 (40%)], lr: ['1.00e-04', '1.00e-04'], loss: 0.160706
[2023-10-13 14:54:55,415][INFO][clas_trainer:133] - train epoch: 20 [24768/49630 (50%)], lr: ['1.00e-04', '1.00e-04'], loss: 0.063508
[2023-10-13 14:55:03,729][INFO][clas_trainer:133] - train epoch: 20 [29728/49630 (60%)], lr: ['1.00e-04', '1.00e-04'], loss: 0.266629
[2023-10-13 14:55:11,952][INFO][clas_trainer:133] - train epoch: 20 [34688/49630 (70%)], lr: ['1.00e-04', '1.00e-04'], loss: 0.278221
[2023-10-13 14:55:20,391][INFO][clas_trainer:133] - train epoch: 20 [39648/49630 (80%)], lr: ['1.00e-04', '1.00e-04'], loss: 0.155894
[2023-10-13 14:55:28,700][INFO][clas_trainer:133] - train epoch: 20 [44608/49630 (90%)], lr: ['1.00e-04', '1.00e-04'], loss: 0.203489
[2023-10-13 14:55:36,879][INFO][clas_trainer:133] - train epoch: 20 [49568/49630 (100%)], lr: ['1.00e-04', '1.00e-04'], loss: 0.081029
[2023-10-13 14:55:51,867][INFO][clas_trainer:63] - [epoch  20] execution time: 98.66s	metrics:
[2023-10-13 14:55:51,867][INFO][clas_evaluator:99] - dataset: earlystopping, avg f1-score: 0.7554
[2023-10-13 14:55:51,923][INFO][base_model:51] - snapshot saved to ./models/exp001a-m8-base_fe_clas-2023-10-13_14-21-17-final.pth
[2023-10-13 14:56:00,689][INFO][clas_trainer:133] - train epoch: 21 [4928/49630 (10%)], lr: ['1.00e-04', '1.00e-04'], loss: 0.089125
[2023-10-13 14:56:09,031][INFO][clas_trainer:133] - train epoch: 21 [9888/49630 (20%)], lr: ['1.00e-04', '1.00e-04'], loss: 0.014600
[2023-10-13 14:56:17,381][INFO][clas_trainer:133] - train epoch: 21 [14848/49630 (30%)], lr: ['1.00e-04', '1.00e-04'], loss: 0.270059
[2023-10-13 14:56:25,659][INFO][clas_trainer:133] - train epoch: 21 [19808/49630 (40%)], lr: ['1.00e-04', '1.00e-04'], loss: 0.129437
[2023-10-13 14:56:34,063][INFO][clas_trainer:133] - train epoch: 21 [24768/49630 (50%)], lr: ['1.00e-04', '1.00e-04'], loss: 0.115123
[2023-10-13 14:56:42,457][INFO][clas_trainer:133] - train epoch: 21 [29728/49630 (60%)], lr: ['1.00e-04', '1.00e-04'], loss: 0.178595
[2023-10-13 14:56:51,024][INFO][clas_trainer:133] - train epoch: 21 [34688/49630 (70%)], lr: ['1.00e-04', '1.00e-04'], loss: 0.218590
[2023-10-13 14:56:59,383][INFO][clas_trainer:133] - train epoch: 21 [39648/49630 (80%)], lr: ['1.00e-04', '1.00e-04'], loss: 0.295071
[2023-10-13 14:57:07,707][INFO][clas_trainer:133] - train epoch: 21 [44608/49630 (90%)], lr: ['1.00e-04', '1.00e-04'], loss: 0.046332
[2023-10-13 14:57:15,943][INFO][clas_trainer:133] - train epoch: 21 [49568/49630 (100%)], lr: ['1.00e-04', '1.00e-04'], loss: 0.076173
[2023-10-13 14:57:31,057][INFO][clas_trainer:63] - [epoch  21] execution time: 99.13s	metrics:
[2023-10-13 14:57:31,057][INFO][clas_evaluator:99] - dataset: earlystopping, avg f1-score: 0.7456
[2023-10-13 14:57:40,002][INFO][clas_trainer:133] - train epoch: 22 [4928/49630 (10%)], lr: ['1.00e-04', '1.00e-04'], loss: 0.269424
[2023-10-13 14:57:48,449][INFO][clas_trainer:133] - train epoch: 22 [9888/49630 (20%)], lr: ['1.00e-04', '1.00e-04'], loss: 0.182898
[2023-10-13 14:57:56,718][INFO][clas_trainer:133] - train epoch: 22 [14848/49630 (30%)], lr: ['1.00e-04', '1.00e-04'], loss: 0.242637
[2023-10-13 14:58:05,255][INFO][clas_trainer:133] - train epoch: 22 [19808/49630 (40%)], lr: ['1.00e-04', '1.00e-04'], loss: 0.190500
[2023-10-13 14:58:13,662][INFO][clas_trainer:133] - train epoch: 22 [24768/49630 (50%)], lr: ['1.00e-04', '1.00e-04'], loss: 0.072371
[2023-10-13 14:58:22,021][INFO][clas_trainer:133] - train epoch: 22 [29728/49630 (60%)], lr: ['1.00e-04', '1.00e-04'], loss: 0.032861
[2023-10-13 14:58:30,229][INFO][clas_trainer:133] - train epoch: 22 [34688/49630 (70%)], lr: ['1.00e-04', '1.00e-04'], loss: 0.219988
[2023-10-13 14:58:38,844][INFO][clas_trainer:133] - train epoch: 22 [39648/49630 (80%)], lr: ['1.00e-04', '1.00e-04'], loss: 0.111292
[2023-10-13 14:58:47,188][INFO][clas_trainer:133] - train epoch: 22 [44608/49630 (90%)], lr: ['1.00e-04', '1.00e-04'], loss: 0.088648
[2023-10-13 14:58:55,541][INFO][clas_trainer:133] - train epoch: 22 [49568/49630 (100%)], lr: ['1.00e-04', '1.00e-04'], loss: 0.166381
[2023-10-13 14:59:10,492][INFO][clas_trainer:63] - [epoch  22] execution time: 99.44s	metrics:
[2023-10-13 14:59:10,493][INFO][clas_evaluator:99] - dataset: earlystopping, avg f1-score: 0.7456
[2023-10-13 14:59:19,267][INFO][clas_trainer:133] - train epoch: 23 [4928/49630 (10%)], lr: ['1.00e-04', '1.00e-04'], loss: 0.114571
[2023-10-13 14:59:27,648][INFO][clas_trainer:133] - train epoch: 23 [9888/49630 (20%)], lr: ['1.00e-04', '1.00e-04'], loss: 0.054890
[2023-10-13 14:59:36,045][INFO][clas_trainer:133] - train epoch: 23 [14848/49630 (30%)], lr: ['1.00e-04', '1.00e-04'], loss: 0.211011
[2023-10-13 14:59:44,499][INFO][clas_trainer:133] - train epoch: 23 [19808/49630 (40%)], lr: ['1.00e-04', '1.00e-04'], loss: 0.151389
[2023-10-13 14:59:52,554][INFO][clas_trainer:133] - train epoch: 23 [24768/49630 (50%)], lr: ['1.00e-04', '1.00e-04'], loss: 0.065049
[2023-10-13 15:00:00,788][INFO][clas_trainer:133] - train epoch: 23 [29728/49630 (60%)], lr: ['1.00e-04', '1.00e-04'], loss: 0.328476
[2023-10-13 15:00:09,070][INFO][clas_trainer:133] - train epoch: 23 [34688/49630 (70%)], lr: ['1.00e-04', '1.00e-04'], loss: 0.034825
[2023-10-13 15:00:17,549][INFO][clas_trainer:133] - train epoch: 23 [39648/49630 (80%)], lr: ['1.00e-04', '1.00e-04'], loss: 0.092876
[2023-10-13 15:00:25,757][INFO][clas_trainer:133] - train epoch: 23 [44608/49630 (90%)], lr: ['1.00e-04', '1.00e-04'], loss: 0.084536
[2023-10-13 15:00:34,011][INFO][clas_trainer:133] - train epoch: 23 [49568/49630 (100%)], lr: ['1.00e-04', '1.00e-04'], loss: 0.135411
[2023-10-13 15:00:48,827][INFO][clas_trainer:63] - [epoch  23] execution time: 98.33s	metrics:
[2023-10-13 15:00:48,828][INFO][clas_evaluator:99] - dataset: earlystopping, avg f1-score: 0.7236
[2023-10-13 15:00:57,553][INFO][clas_trainer:133] - train epoch: 24 [4928/49630 (10%)], lr: ['1.00e-04', '1.00e-04'], loss: 0.195936
[2023-10-13 15:01:05,934][INFO][clas_trainer:133] - train epoch: 24 [9888/49630 (20%)], lr: ['1.00e-04', '1.00e-04'], loss: 0.292085
[2023-10-13 15:01:14,254][INFO][clas_trainer:133] - train epoch: 24 [14848/49630 (30%)], lr: ['1.00e-04', '1.00e-04'], loss: 0.068574
[2023-10-13 15:01:22,572][INFO][clas_trainer:133] - train epoch: 24 [19808/49630 (40%)], lr: ['1.00e-04', '1.00e-04'], loss: 0.038675
[2023-10-13 15:01:30,904][INFO][clas_trainer:133] - train epoch: 24 [24768/49630 (50%)], lr: ['1.00e-04', '1.00e-04'], loss: 0.157747
[2023-10-13 15:01:39,227][INFO][clas_trainer:133] - train epoch: 24 [29728/49630 (60%)], lr: ['1.00e-04', '1.00e-04'], loss: 0.158058
[2023-10-13 15:01:47,395][INFO][clas_trainer:133] - train epoch: 24 [34688/49630 (70%)], lr: ['1.00e-04', '1.00e-04'], loss: 0.168809
[2023-10-13 15:01:55,927][INFO][clas_trainer:133] - train epoch: 24 [39648/49630 (80%)], lr: ['1.00e-04', '1.00e-04'], loss: 0.079853
[2023-10-13 15:02:04,239][INFO][clas_trainer:133] - train epoch: 24 [44608/49630 (90%)], lr: ['1.00e-04', '1.00e-04'], loss: 0.242169
[2023-10-13 15:02:12,493][INFO][clas_trainer:133] - train epoch: 24 [49568/49630 (100%)], lr: ['1.00e-04', '1.00e-04'], loss: 0.219627
[2023-10-13 15:02:27,207][INFO][clas_trainer:63] - [epoch  24] execution time: 98.38s	metrics:
[2023-10-13 15:02:27,207][INFO][clas_evaluator:99] - dataset: earlystopping, avg f1-score: 0.7285
[2023-10-13 15:02:35,924][INFO][clas_trainer:133] - train epoch: 25 [4928/49630 (10%)], lr: ['1.00e-04', '1.00e-04'], loss: 0.100443
[2023-10-13 15:02:44,268][INFO][clas_trainer:133] - train epoch: 25 [9888/49630 (20%)], lr: ['1.00e-04', '1.00e-04'], loss: 0.061528
[2023-10-13 15:02:52,562][INFO][clas_trainer:133] - train epoch: 25 [14848/49630 (30%)], lr: ['1.00e-04', '1.00e-04'], loss: 0.326635
[2023-10-13 15:03:00,967][INFO][clas_trainer:133] - train epoch: 25 [19808/49630 (40%)], lr: ['1.00e-04', '1.00e-04'], loss: 0.039755
[2023-10-13 15:03:09,109][INFO][clas_trainer:133] - train epoch: 25 [24768/49630 (50%)], lr: ['1.00e-04', '1.00e-04'], loss: 0.021310
[2023-10-13 15:03:17,347][INFO][clas_trainer:133] - train epoch: 25 [29728/49630 (60%)], lr: ['1.00e-04', '1.00e-04'], loss: 0.090446
[2023-10-13 15:03:25,485][INFO][clas_trainer:133] - train epoch: 25 [34688/49630 (70%)], lr: ['1.00e-04', '1.00e-04'], loss: 0.086276
[2023-10-13 15:03:34,019][INFO][clas_trainer:133] - train epoch: 25 [39648/49630 (80%)], lr: ['1.00e-04', '1.00e-04'], loss: 0.092477
[2023-10-13 15:03:42,371][INFO][clas_trainer:133] - train epoch: 25 [44608/49630 (90%)], lr: ['1.00e-04', '1.00e-04'], loss: 0.029049
[2023-10-13 15:03:50,568][INFO][clas_trainer:133] - train epoch: 25 [49568/49630 (100%)], lr: ['1.00e-04', '1.00e-04'], loss: 0.077629
[2023-10-13 15:04:05,735][INFO][clas_trainer:63] - [epoch  25] execution time: 98.53s	metrics:
[2023-10-13 15:04:05,735][INFO][clas_evaluator:99] - dataset: earlystopping, avg f1-score: 0.7588
[2023-10-13 15:04:05,796][INFO][base_model:51] - snapshot saved to ./models/exp001a-m8-base_fe_clas-2023-10-13_14-21-17-final.pth
[2023-10-13 15:04:14,678][INFO][clas_trainer:133] - train epoch: 26 [4928/49630 (10%)], lr: ['1.00e-04', '1.00e-04'], loss: 0.032052
[2023-10-13 15:04:23,036][INFO][clas_trainer:133] - train epoch: 26 [9888/49630 (20%)], lr: ['1.00e-04', '1.00e-04'], loss: 0.013294
[2023-10-13 15:04:31,351][INFO][clas_trainer:133] - train epoch: 26 [14848/49630 (30%)], lr: ['1.00e-04', '1.00e-04'], loss: 0.117798
[2023-10-13 15:04:39,466][INFO][clas_trainer:133] - train epoch: 26 [19808/49630 (40%)], lr: ['1.00e-04', '1.00e-04'], loss: 0.129567
[2023-10-13 15:04:47,910][INFO][clas_trainer:133] - train epoch: 26 [24768/49630 (50%)], lr: ['1.00e-04', '1.00e-04'], loss: 0.072308
[2023-10-13 15:04:56,091][INFO][clas_trainer:133] - train epoch: 26 [29728/49630 (60%)], lr: ['1.00e-04', '1.00e-04'], loss: 0.038074
[2023-10-13 15:05:04,354][INFO][clas_trainer:133] - train epoch: 26 [34688/49630 (70%)], lr: ['1.00e-04', '1.00e-04'], loss: 0.009449
[2023-10-13 15:05:12,568][INFO][clas_trainer:133] - train epoch: 26 [39648/49630 (80%)], lr: ['1.00e-04', '1.00e-04'], loss: 0.146261
[2023-10-13 15:05:20,965][INFO][clas_trainer:133] - train epoch: 26 [44608/49630 (90%)], lr: ['1.00e-04', '1.00e-04'], loss: 0.145300
[2023-10-13 15:17:01,669][INFO][clas_trainer:133] - train epoch: 26 [49568/49630 (100%)], lr: ['1.00e-04', '1.00e-04'], loss: 0.204611
[2023-10-13 15:17:16,648][INFO][clas_trainer:63] - [epoch  26] execution time: 790.85s	metrics:
[2023-10-13 15:17:16,648][INFO][clas_evaluator:99] - dataset: earlystopping, avg f1-score: 0.7530
[2023-10-13 15:17:25,402][INFO][clas_trainer:133] - train epoch: 27 [4928/49630 (10%)], lr: ['1.00e-04', '1.00e-04'], loss: 0.072950
[2023-10-13 15:17:33,779][INFO][clas_trainer:133] - train epoch: 27 [9888/49630 (20%)], lr: ['1.00e-04', '1.00e-04'], loss: 0.052070
[2023-10-13 15:17:42,140][INFO][clas_trainer:133] - train epoch: 27 [14848/49630 (30%)], lr: ['1.00e-04', '1.00e-04'], loss: 0.012680
[2023-10-13 15:17:50,397][INFO][clas_trainer:133] - train epoch: 27 [19808/49630 (40%)], lr: ['1.00e-04', '1.00e-04'], loss: 0.080369
[2023-10-13 15:17:58,565][INFO][clas_trainer:133] - train epoch: 27 [24768/49630 (50%)], lr: ['1.00e-04', '1.00e-04'], loss: 0.030407
[2023-10-13 15:18:06,813][INFO][clas_trainer:133] - train epoch: 27 [29728/49630 (60%)], lr: ['1.00e-04', '1.00e-04'], loss: 0.078141
[2023-10-13 15:18:15,042][INFO][clas_trainer:133] - train epoch: 27 [34688/49630 (70%)], lr: ['1.00e-04', '1.00e-04'], loss: 0.123071
[2023-10-13 15:18:23,410][INFO][clas_trainer:133] - train epoch: 27 [39648/49630 (80%)], lr: ['1.00e-04', '1.00e-04'], loss: 0.145020
[2023-10-13 15:18:31,645][INFO][clas_trainer:133] - train epoch: 27 [44608/49630 (90%)], lr: ['1.00e-04', '1.00e-04'], loss: 0.051457
[2023-10-13 15:18:40,033][INFO][clas_trainer:133] - train epoch: 27 [49568/49630 (100%)], lr: ['1.00e-04', '1.00e-04'], loss: 0.060904
[2023-10-13 15:18:55,085][INFO][clas_trainer:63] - [epoch  27] execution time: 98.44s	metrics:
[2023-10-13 15:18:55,085][INFO][clas_evaluator:99] - dataset: earlystopping, avg f1-score: 0.7397
[2023-10-13 15:19:03,918][INFO][clas_trainer:133] - train epoch: 28 [4928/49630 (10%)], lr: ['1.00e-04', '1.00e-04'], loss: 0.134366
[2023-10-13 15:19:12,229][INFO][clas_trainer:133] - train epoch: 28 [9888/49630 (20%)], lr: ['1.00e-04', '1.00e-04'], loss: 0.286386
[2023-10-13 15:19:20,497][INFO][clas_trainer:133] - train epoch: 28 [14848/49630 (30%)], lr: ['1.00e-04', '1.00e-04'], loss: 0.061126
[2023-10-13 15:19:28,948][INFO][clas_trainer:133] - train epoch: 28 [19808/49630 (40%)], lr: ['1.00e-04', '1.00e-04'], loss: 0.237845
[2023-10-13 15:19:37,147][INFO][clas_trainer:133] - train epoch: 28 [24768/49630 (50%)], lr: ['1.00e-04', '1.00e-04'], loss: 0.069725
[2023-10-13 15:19:45,298][INFO][clas_trainer:133] - train epoch: 28 [29728/49630 (60%)], lr: ['1.00e-04', '1.00e-04'], loss: 0.269199
[2023-10-13 15:19:53,501][INFO][clas_trainer:133] - train epoch: 28 [34688/49630 (70%)], lr: ['1.00e-04', '1.00e-04'], loss: 0.054048
[2023-10-13 15:20:01,950][INFO][clas_trainer:133] - train epoch: 28 [39648/49630 (80%)], lr: ['1.00e-04', '1.00e-04'], loss: 0.155865
[2023-10-13 15:20:10,134][INFO][clas_trainer:133] - train epoch: 28 [44608/49630 (90%)], lr: ['1.00e-04', '1.00e-04'], loss: 0.129033
[2023-10-13 15:20:18,457][INFO][clas_trainer:133] - train epoch: 28 [49568/49630 (100%)], lr: ['1.00e-04', '1.00e-04'], loss: 0.042638
[2023-10-13 15:20:33,392][INFO][clas_trainer:63] - [epoch  28] execution time: 98.31s	metrics:
[2023-10-13 15:20:33,393][INFO][clas_evaluator:99] - dataset: earlystopping, avg f1-score: 0.7400
[2023-10-13 15:20:42,110][INFO][clas_trainer:133] - train epoch: 29 [4928/49630 (10%)], lr: ['1.00e-04', '1.00e-04'], loss: 0.250000
[2023-10-13 15:20:50,438][INFO][clas_trainer:133] - train epoch: 29 [9888/49630 (20%)], lr: ['1.00e-04', '1.00e-04'], loss: 0.061629
[2023-10-13 15:20:58,751][INFO][clas_trainer:133] - train epoch: 29 [14848/49630 (30%)], lr: ['1.00e-04', '1.00e-04'], loss: 0.070359
[2023-10-13 15:21:07,236][INFO][clas_trainer:133] - train epoch: 29 [19808/49630 (40%)], lr: ['1.00e-04', '1.00e-04'], loss: 0.307020
[2023-10-13 15:21:15,463][INFO][clas_trainer:133] - train epoch: 29 [24768/49630 (50%)], lr: ['1.00e-04', '1.00e-04'], loss: 0.118437
[2023-10-13 15:21:23,651][INFO][clas_trainer:133] - train epoch: 29 [29728/49630 (60%)], lr: ['1.00e-04', '1.00e-04'], loss: 0.072273
[2023-10-13 15:21:31,822][INFO][clas_trainer:133] - train epoch: 29 [34688/49630 (70%)], lr: ['1.00e-04', '1.00e-04'], loss: 0.052642
[2023-10-13 15:21:40,396][INFO][clas_trainer:133] - train epoch: 29 [39648/49630 (80%)], lr: ['1.00e-04', '1.00e-04'], loss: 0.114215
[2023-10-13 15:21:48,649][INFO][clas_trainer:133] - train epoch: 29 [44608/49630 (90%)], lr: ['1.00e-04', '1.00e-04'], loss: 0.086944
[2023-10-13 15:21:56,946][INFO][clas_trainer:133] - train epoch: 29 [49568/49630 (100%)], lr: ['1.00e-04', '1.00e-04'], loss: 0.188394
[2023-10-13 15:22:11,759][INFO][clas_trainer:63] - [epoch  29] execution time: 98.37s	metrics:
[2023-10-13 15:22:11,759][INFO][clas_evaluator:99] - dataset: earlystopping, avg f1-score: 0.7661
[2023-10-13 15:22:11,815][INFO][base_model:51] - snapshot saved to ./models/exp001a-m8-base_fe_clas-2023-10-13_14-21-17-final.pth
[2023-10-13 15:22:20,750][INFO][clas_trainer:133] - train epoch: 30 [4928/49630 (10%)], lr: ['1.00e-04', '1.00e-04'], loss: 0.069873
[2023-10-13 15:22:29,043][INFO][clas_trainer:133] - train epoch: 30 [9888/49630 (20%)], lr: ['1.00e-04', '1.00e-04'], loss: 0.015609
[2023-10-13 15:22:37,305][INFO][clas_trainer:133] - train epoch: 30 [14848/49630 (30%)], lr: ['1.00e-04', '1.00e-04'], loss: 0.095521
[2023-10-13 15:22:45,534][INFO][clas_trainer:133] - train epoch: 30 [19808/49630 (40%)], lr: ['1.00e-04', '1.00e-04'], loss: 0.156493
[2023-10-13 15:22:53,906][INFO][clas_trainer:133] - train epoch: 30 [24768/49630 (50%)], lr: ['1.00e-04', '1.00e-04'], loss: 0.091742
[2023-10-13 15:23:02,223][INFO][clas_trainer:133] - train epoch: 30 [29728/49630 (60%)], lr: ['1.00e-04', '1.00e-04'], loss: 0.039540
[2023-10-13 15:23:10,482][INFO][clas_trainer:133] - train epoch: 30 [34688/49630 (70%)], lr: ['1.00e-04', '1.00e-04'], loss: 0.026120
[2023-10-13 15:23:18,604][INFO][clas_trainer:133] - train epoch: 30 [39648/49630 (80%)], lr: ['1.00e-04', '1.00e-04'], loss: 0.063281
[2023-10-13 15:23:27,100][INFO][clas_trainer:133] - train epoch: 30 [44608/49630 (90%)], lr: ['1.00e-04', '1.00e-04'], loss: 0.109082
[2023-10-13 15:23:35,373][INFO][clas_trainer:133] - train epoch: 30 [49568/49630 (100%)], lr: ['1.00e-04', '1.00e-04'], loss: 0.207613
[2023-10-13 15:23:50,369][INFO][clas_trainer:63] - [epoch  30] execution time: 98.55s	metrics:
[2023-10-13 15:23:50,370][INFO][clas_evaluator:99] - dataset: earlystopping, avg f1-score: 0.7579
[2023-10-13 15:23:59,165][INFO][clas_trainer:133] - train epoch: 31 [4928/49630 (10%)], lr: ['1.00e-04', '1.00e-04'], loss: 0.019271
[2023-10-13 15:24:07,500][INFO][clas_trainer:133] - train epoch: 31 [9888/49630 (20%)], lr: ['1.00e-04', '1.00e-04'], loss: 0.128739
[2023-10-13 15:24:15,734][INFO][clas_trainer:133] - train epoch: 31 [14848/49630 (30%)], lr: ['1.00e-04', '1.00e-04'], loss: 0.155612
[2023-10-13 15:24:24,240][INFO][clas_trainer:133] - train epoch: 31 [19808/49630 (40%)], lr: ['1.00e-04', '1.00e-04'], loss: 0.162462
[2023-10-13 15:24:32,587][INFO][clas_trainer:133] - train epoch: 31 [24768/49630 (50%)], lr: ['1.00e-04', '1.00e-04'], loss: 0.063020
[2023-10-13 15:24:40,720][INFO][clas_trainer:133] - train epoch: 31 [29728/49630 (60%)], lr: ['1.00e-04', '1.00e-04'], loss: 0.100255
[2023-10-13 15:24:49,017][INFO][clas_trainer:133] - train epoch: 31 [34688/49630 (70%)], lr: ['1.00e-04', '1.00e-04'], loss: 0.057526
[2023-10-13 15:24:57,384][INFO][clas_trainer:133] - train epoch: 31 [39648/49630 (80%)], lr: ['1.00e-04', '1.00e-04'], loss: 0.197084
[2023-10-13 15:25:05,702][INFO][clas_trainer:133] - train epoch: 31 [44608/49630 (90%)], lr: ['1.00e-04', '1.00e-04'], loss: 0.030672
[2023-10-13 15:25:13,904][INFO][clas_trainer:133] - train epoch: 31 [49568/49630 (100%)], lr: ['1.00e-04', '1.00e-04'], loss: 0.053305
[2023-10-13 15:25:28,654][INFO][clas_trainer:63] - [epoch  31] execution time: 98.28s	metrics:
[2023-10-13 15:25:28,654][INFO][clas_evaluator:99] - dataset: earlystopping, avg f1-score: 0.7484
[2023-10-13 15:25:37,542][INFO][clas_trainer:133] - train epoch: 32 [4928/49630 (10%)], lr: ['1.00e-04', '1.00e-04'], loss: 0.068808
[2023-10-13 15:25:45,789][INFO][clas_trainer:133] - train epoch: 32 [9888/49630 (20%)], lr: ['1.00e-04', '1.00e-04'], loss: 0.070749
[2023-10-13 15:25:54,138][INFO][clas_trainer:133] - train epoch: 32 [14848/49630 (30%)], lr: ['1.00e-04', '1.00e-04'], loss: 0.035173
[2023-10-13 15:26:02,602][INFO][clas_trainer:133] - train epoch: 32 [19808/49630 (40%)], lr: ['1.00e-04', '1.00e-04'], loss: 0.019618
[2023-10-13 15:26:10,767][INFO][clas_trainer:133] - train epoch: 32 [24768/49630 (50%)], lr: ['1.00e-04', '1.00e-04'], loss: 0.066358
[2023-10-13 15:26:18,965][INFO][clas_trainer:133] - train epoch: 32 [29728/49630 (60%)], lr: ['1.00e-04', '1.00e-04'], loss: 0.048185
[2023-10-13 15:26:27,307][INFO][clas_trainer:133] - train epoch: 32 [34688/49630 (70%)], lr: ['1.00e-04', '1.00e-04'], loss: 0.086308
[2023-10-13 15:26:35,858][INFO][clas_trainer:133] - train epoch: 32 [39648/49630 (80%)], lr: ['1.00e-04', '1.00e-04'], loss: 0.143916
[2023-10-13 15:26:43,975][INFO][clas_trainer:133] - train epoch: 32 [44608/49630 (90%)], lr: ['1.00e-04', '1.00e-04'], loss: 0.040092
[2023-10-13 15:26:52,354][INFO][clas_trainer:133] - train epoch: 32 [49568/49630 (100%)], lr: ['1.00e-04', '1.00e-04'], loss: 0.089957
[2023-10-13 15:27:07,365][INFO][clas_trainer:63] - [epoch  32] execution time: 98.71s	metrics:
[2023-10-13 15:27:07,365][INFO][clas_evaluator:99] - dataset: earlystopping, avg f1-score: 0.7440
[2023-10-13 15:27:16,311][INFO][clas_trainer:133] - train epoch: 33 [4928/49630 (10%)], lr: ['1.00e-04', '1.00e-04'], loss: 0.043297
[2023-10-13 15:27:24,783][INFO][clas_trainer:133] - train epoch: 33 [9888/49630 (20%)], lr: ['1.00e-04', '1.00e-04'], loss: 0.063044
[2023-10-13 15:27:33,019][INFO][clas_trainer:133] - train epoch: 33 [14848/49630 (30%)], lr: ['1.00e-04', '1.00e-04'], loss: 0.045210
[2023-10-13 15:27:41,370][INFO][clas_trainer:133] - train epoch: 33 [19808/49630 (40%)], lr: ['1.00e-04', '1.00e-04'], loss: 0.015280
[2023-10-13 15:27:49,787][INFO][clas_trainer:133] - train epoch: 33 [24768/49630 (50%)], lr: ['1.00e-04', '1.00e-04'], loss: 0.252414
[2023-10-13 15:27:58,095][INFO][clas_trainer:133] - train epoch: 33 [29728/49630 (60%)], lr: ['1.00e-04', '1.00e-04'], loss: 0.131462
[2023-10-13 15:28:06,251][INFO][clas_trainer:133] - train epoch: 33 [34688/49630 (70%)], lr: ['1.00e-04', '1.00e-04'], loss: 0.049865
[2023-10-13 15:28:14,804][INFO][clas_trainer:133] - train epoch: 33 [39648/49630 (80%)], lr: ['1.00e-04', '1.00e-04'], loss: 0.125365
[2023-10-13 15:28:23,226][INFO][clas_trainer:133] - train epoch: 33 [44608/49630 (90%)], lr: ['1.00e-04', '1.00e-04'], loss: 0.053292
[2023-10-13 15:28:31,454][INFO][clas_trainer:133] - train epoch: 33 [49568/49630 (100%)], lr: ['1.00e-04', '1.00e-04'], loss: 0.022700
[2023-10-13 15:28:46,439][INFO][clas_trainer:63] - [epoch  33] execution time: 99.07s	metrics:
[2023-10-13 15:28:46,440][INFO][clas_evaluator:99] - dataset: earlystopping, avg f1-score: 0.7578
[2023-10-13 15:28:55,379][INFO][clas_trainer:133] - train epoch: 34 [4928/49630 (10%)], lr: ['1.00e-04', '1.00e-04'], loss: 0.010588
[2023-10-13 15:29:03,707][INFO][clas_trainer:133] - train epoch: 34 [9888/49630 (20%)], lr: ['1.00e-04', '1.00e-04'], loss: 0.045098
[2023-10-13 15:29:11,949][INFO][clas_trainer:133] - train epoch: 34 [14848/49630 (30%)], lr: ['1.00e-04', '1.00e-04'], loss: 0.040781
[2023-10-13 15:29:20,106][INFO][clas_trainer:133] - train epoch: 34 [19808/49630 (40%)], lr: ['1.00e-04', '1.00e-04'], loss: 0.064040
[2023-10-13 15:29:28,607][INFO][clas_trainer:133] - train epoch: 34 [24768/49630 (50%)], lr: ['1.00e-04', '1.00e-04'], loss: 0.180519
[2023-10-13 15:29:36,864][INFO][clas_trainer:133] - train epoch: 34 [29728/49630 (60%)], lr: ['1.00e-04', '1.00e-04'], loss: 0.028066
[2023-10-13 15:29:45,053][INFO][clas_trainer:133] - train epoch: 34 [34688/49630 (70%)], lr: ['1.00e-04', '1.00e-04'], loss: 0.112973
[2023-10-13 15:29:53,227][INFO][clas_trainer:133] - train epoch: 34 [39648/49630 (80%)], lr: ['1.00e-04', '1.00e-04'], loss: 0.095002
[2023-10-13 15:30:01,677][INFO][clas_trainer:133] - train epoch: 34 [44608/49630 (90%)], lr: ['1.00e-04', '1.00e-04'], loss: 0.089940
[2023-10-13 15:30:09,878][INFO][clas_trainer:133] - train epoch: 34 [49568/49630 (100%)], lr: ['1.00e-04', '1.00e-04'], loss: 0.154120
[2023-10-13 15:30:24,562][INFO][clas_trainer:63] - [epoch  34] execution time: 98.12s	metrics:
[2023-10-13 15:30:24,562][INFO][clas_evaluator:99] - dataset: earlystopping, avg f1-score: 0.7376
[2023-10-13 15:30:33,469][INFO][clas_trainer:133] - train epoch: 35 [4928/49630 (10%)], lr: ['1.00e-04', '1.00e-04'], loss: 0.115882
[2023-10-13 15:30:41,723][INFO][clas_trainer:133] - train epoch: 35 [9888/49630 (20%)], lr: ['1.00e-04', '1.00e-04'], loss: 0.145142
[2023-10-13 15:30:50,077][INFO][clas_trainer:133] - train epoch: 35 [14848/49630 (30%)], lr: ['1.00e-04', '1.00e-04'], loss: 0.007289
[2023-10-13 15:30:58,412][INFO][clas_trainer:133] - train epoch: 35 [19808/49630 (40%)], lr: ['1.00e-04', '1.00e-04'], loss: 0.118693
[2023-10-13 15:31:06,847][INFO][clas_trainer:133] - train epoch: 35 [24768/49630 (50%)], lr: ['1.00e-04', '1.00e-04'], loss: 0.139775
[2023-10-13 15:31:15,038][INFO][clas_trainer:133] - train epoch: 35 [29728/49630 (60%)], lr: ['1.00e-04', '1.00e-04'], loss: 0.052867
[2023-10-13 15:31:23,406][INFO][clas_trainer:133] - train epoch: 35 [34688/49630 (70%)], lr: ['1.00e-04', '1.00e-04'], loss: 0.294335
[2023-10-13 15:31:31,679][INFO][clas_trainer:133] - train epoch: 35 [39648/49630 (80%)], lr: ['1.00e-04', '1.00e-04'], loss: 0.024154
[2023-10-13 15:31:40,177][INFO][clas_trainer:133] - train epoch: 35 [44608/49630 (90%)], lr: ['1.00e-04', '1.00e-04'], loss: 0.097460
[2023-10-13 15:31:48,323][INFO][clas_trainer:133] - train epoch: 35 [49568/49630 (100%)], lr: ['1.00e-04', '1.00e-04'], loss: 0.066564
[2023-10-13 15:32:03,254][INFO][clas_trainer:63] - [epoch  35] execution time: 98.69s	metrics:
[2023-10-13 15:32:03,254][INFO][clas_evaluator:99] - dataset: earlystopping, avg f1-score: 0.7613
[2023-10-13 15:32:12,048][INFO][clas_trainer:133] - train epoch: 36 [4928/49630 (10%)], lr: ['1.00e-04', '1.00e-04'], loss: 0.122781
[2023-10-13 15:32:20,370][INFO][clas_trainer:133] - train epoch: 36 [9888/49630 (20%)], lr: ['1.00e-04', '1.00e-04'], loss: 0.100123
[2023-10-13 15:32:28,714][INFO][clas_trainer:133] - train epoch: 36 [14848/49630 (30%)], lr: ['1.00e-04', '1.00e-04'], loss: 0.044097
[2023-10-13 15:32:36,876][INFO][clas_trainer:133] - train epoch: 36 [19808/49630 (40%)], lr: ['1.00e-04', '1.00e-04'], loss: 0.114022
[2023-10-13 15:32:45,256][INFO][clas_trainer:133] - train epoch: 36 [24768/49630 (50%)], lr: ['1.00e-04', '1.00e-04'], loss: 0.006096
[2023-10-13 15:32:53,471][INFO][clas_trainer:133] - train epoch: 36 [29728/49630 (60%)], lr: ['1.00e-04', '1.00e-04'], loss: 0.086174
[2023-10-13 15:33:01,825][INFO][clas_trainer:133] - train epoch: 36 [34688/49630 (70%)], lr: ['1.00e-04', '1.00e-04'], loss: 0.026700
[2023-10-13 15:33:10,004][INFO][clas_trainer:133] - train epoch: 36 [39648/49630 (80%)], lr: ['1.00e-04', '1.00e-04'], loss: 0.085008
[2023-10-13 15:33:18,437][INFO][clas_trainer:133] - train epoch: 36 [44608/49630 (90%)], lr: ['1.00e-04', '1.00e-04'], loss: 0.017278
[2023-10-13 15:33:26,691][INFO][clas_trainer:133] - train epoch: 36 [49568/49630 (100%)], lr: ['1.00e-04', '1.00e-04'], loss: 0.106170
[2023-10-13 15:33:41,155][INFO][clas_trainer:63] - [epoch  36] execution time: 97.90s	metrics:
[2023-10-13 15:33:41,156][INFO][clas_evaluator:99] - dataset: earlystopping, avg f1-score: 0.7524
[2023-10-13 15:33:50,005][INFO][clas_trainer:133] - train epoch: 37 [4928/49630 (10%)], lr: ['1.00e-04', '1.00e-04'], loss: 0.028570
[2023-10-13 15:33:58,373][INFO][clas_trainer:133] - train epoch: 37 [9888/49630 (20%)], lr: ['1.00e-04', '1.00e-04'], loss: 0.009222
[2023-10-13 15:34:06,542][INFO][clas_trainer:133] - train epoch: 37 [14848/49630 (30%)], lr: ['1.00e-04', '1.00e-04'], loss: 0.115086
[2023-10-13 15:34:14,741][INFO][clas_trainer:133] - train epoch: 37 [19808/49630 (40%)], lr: ['1.00e-04', '1.00e-04'], loss: 0.053743
[2023-10-13 15:34:23,126][INFO][clas_trainer:133] - train epoch: 37 [24768/49630 (50%)], lr: ['1.00e-04', '1.00e-04'], loss: 0.069438
[2023-10-13 15:34:31,328][INFO][clas_trainer:133] - train epoch: 37 [29728/49630 (60%)], lr: ['1.00e-04', '1.00e-04'], loss: 0.264081
[2023-10-13 15:34:39,424][INFO][clas_trainer:133] - train epoch: 37 [34688/49630 (70%)], lr: ['1.00e-04', '1.00e-04'], loss: 0.019732
[2023-10-13 15:34:47,627][INFO][clas_trainer:133] - train epoch: 37 [39648/49630 (80%)], lr: ['1.00e-04', '1.00e-04'], loss: 0.167222
[2023-10-13 15:34:56,062][INFO][clas_trainer:133] - train epoch: 37 [44608/49630 (90%)], lr: ['1.00e-04', '1.00e-04'], loss: 0.047449
[2023-10-13 15:35:04,312][INFO][clas_trainer:133] - train epoch: 37 [49568/49630 (100%)], lr: ['1.00e-04', '1.00e-04'], loss: 0.032817
[2023-10-13 15:35:18,924][INFO][clas_trainer:63] - [epoch  37] execution time: 97.77s	metrics:
[2023-10-13 15:35:18,925][INFO][clas_evaluator:99] - dataset: earlystopping, avg f1-score: 0.7538
[2023-10-13 15:35:27,661][INFO][clas_trainer:133] - train epoch: 38 [4928/49630 (10%)], lr: ['1.00e-04', '1.00e-04'], loss: 0.091424
[2023-10-13 15:35:36,142][INFO][clas_trainer:133] - train epoch: 38 [9888/49630 (20%)], lr: ['1.00e-04', '1.00e-04'], loss: 0.044326
[2023-10-13 15:35:44,379][INFO][clas_trainer:133] - train epoch: 38 [14848/49630 (30%)], lr: ['1.00e-04', '1.00e-04'], loss: 0.079284
[2023-10-13 15:35:52,571][INFO][clas_trainer:133] - train epoch: 38 [19808/49630 (40%)], lr: ['1.00e-04', '1.00e-04'], loss: 0.194730
[2023-10-13 15:36:00,824][INFO][clas_trainer:133] - train epoch: 38 [24768/49630 (50%)], lr: ['1.00e-04', '1.00e-04'], loss: 0.034759
[2023-10-13 15:36:09,299][INFO][clas_trainer:133] - train epoch: 38 [29728/49630 (60%)], lr: ['1.00e-04', '1.00e-04'], loss: 0.179788
[2023-10-13 15:36:17,684][INFO][clas_trainer:133] - train epoch: 38 [34688/49630 (70%)], lr: ['1.00e-04', '1.00e-04'], loss: 0.130971
[2023-10-13 15:36:25,942][INFO][clas_trainer:133] - train epoch: 38 [39648/49630 (80%)], lr: ['1.00e-04', '1.00e-04'], loss: 0.036586
[2023-10-13 15:36:34,014][INFO][clas_trainer:133] - train epoch: 38 [44608/49630 (90%)], lr: ['1.00e-04', '1.00e-04'], loss: 0.091291
[2023-10-13 15:36:42,458][INFO][clas_trainer:133] - train epoch: 38 [49568/49630 (100%)], lr: ['1.00e-04', '1.00e-04'], loss: 0.072700
[2023-10-13 15:36:57,035][INFO][clas_trainer:63] - [epoch  38] execution time: 98.11s	metrics:
[2023-10-13 15:36:57,035][INFO][clas_evaluator:99] - dataset: earlystopping, avg f1-score: 0.7602
[2023-10-13 15:37:05,793][INFO][clas_trainer:133] - train epoch: 39 [4928/49630 (10%)], lr: ['1.00e-04', '1.00e-04'], loss: 0.017773
[2023-10-13 15:37:14,276][INFO][clas_trainer:133] - train epoch: 39 [9888/49630 (20%)], lr: ['1.00e-04', '1.00e-04'], loss: 0.020113
[2023-10-13 15:37:22,360][INFO][clas_trainer:133] - train epoch: 39 [14848/49630 (30%)], lr: ['1.00e-04', '1.00e-04'], loss: 0.122866
[2023-10-13 15:37:30,693][INFO][clas_trainer:133] - train epoch: 39 [19808/49630 (40%)], lr: ['1.00e-04', '1.00e-04'], loss: 0.017462
[2023-10-13 15:37:38,988][INFO][clas_trainer:133] - train epoch: 39 [24768/49630 (50%)], lr: ['1.00e-04', '1.00e-04'], loss: 0.021352
[2023-10-13 15:37:47,316][INFO][clas_trainer:133] - train epoch: 39 [29728/49630 (60%)], lr: ['1.00e-04', '1.00e-04'], loss: 0.007844
[2023-10-13 15:37:55,439][INFO][clas_trainer:133] - train epoch: 39 [34688/49630 (70%)], lr: ['1.00e-04', '1.00e-04'], loss: 0.249869
[2023-10-13 15:38:03,575][INFO][clas_trainer:133] - train epoch: 39 [39648/49630 (80%)], lr: ['1.00e-04', '1.00e-04'], loss: 0.004388
[2023-10-13 15:38:11,807][INFO][clas_trainer:133] - train epoch: 39 [44608/49630 (90%)], lr: ['1.00e-04', '1.00e-04'], loss: 0.023929
[2023-10-13 15:38:20,245][INFO][clas_trainer:133] - train epoch: 39 [49568/49630 (100%)], lr: ['1.00e-04', '1.00e-04'], loss: 0.137333
[2023-10-13 15:38:35,020][INFO][clas_trainer:63] - [epoch  39] execution time: 97.99s	metrics:
[2023-10-13 15:38:35,021][INFO][clas_evaluator:99] - dataset: earlystopping, avg f1-score: 0.7605
[2023-10-13 15:38:35,032][INFO][clas_trainer:79] - finished training
[2023-10-13 15:38:35,032][INFO][clas_trainer:80] - best model on epoch: 29 	f1-score: 0.7661
