[2023-10-18 11:35:49,956][INFO][fine-tune:29] - overrides:
hydra:
- hydra.mode=MULTIRUN
task:
- m_seed_path_sids={seeds:[10,10,10,10,10],path:"exp004b-m10-simple_multi_class-2023-10-17_12-41-35-final.pth",subject_ids:{dod_o_h:$\{data.dod_o_h.cv_5_fold.fold_1\}}}
- data.downstream.train_dataloader.dataset.data_reducer.n_epochs=130
- data.downstream.train_dataloader.dataset.data_reducer.n_subjects=1

[2023-10-18 11:35:51,790][INFO][data_loaders:39] - class distribution before data reduction:
# samples per subject
02fb158a-a658-51ee-89cf-1e1dc2ebfde1: 861
03341d0d-5927-5838-8a5f-1b8ef39d8f57: 1063
039ce8ad-a7fa-5272-a3e3-1f4bfebdd087: 915
095d6e40-5f19-55b6-a0ec-6e0ad3793da0: 1192
0d79f4b1-e74f-5e87-8e42-f9dd7112ada5: 968
130f3f52-7d0a-551e-af61-2ee75455e5c9: 989
14c012bd-65b0-56f5-bc74-2dffcea69837: 969
18482adf-1144-54ca-9e35-27f65c43a105: 824
18ede714-aba3-5ad8-bb1a-18fc9b1c4192: 995
1da3544e-dc5c-5795-adc3-f5068959211f: 955
2d01dc34-f36c-562e-b24a-d20dc798fdfc: 837
2e865ca9-e20f-5a6f-bd25-45d28cc9eab9: 950
30e8a05b-4cf1-5aa8-9ef7-28d6e2949ad5: 699
32556393-bb57-560a-99e8-e09885219647: 1106
37d0da97-9ae8-5413-b889-4e843ff35488: 1011
3dd35e7b-d7e2-516d-8a85-e0d58a59569f: 1093
3e842aa8-bcd9-521e-93a2-72124233fe2c: 620
40e25dd4-6087-5747-b9c2-4838ada86b15: 1076
47f45aa2-31c4-595b-bdb6-f1348bba062b: 1032
52fbe46b-206c-584a-9f4f-1eb308e07bac: 1064
5b94ec8a-c34d-5e45-84d1-bec2ea965609: 1090
5ddbc68c-1283-5c27-952b-d7f102291bc2: 1097
64959ac4-53b5-5868-a845-c7476e9fdf7b: 990
67fa8e29-6f4d-530e-9422-bbc3aca86ed0: 1046
6e2aa933-c51c-5a31-8c7b-83da8d076a12: 905
730aba3b-e310-5be0-9eed-7c3123466834: 1120
742f1592-627c-54eb-bbb5-ccd55ffae33a: 975
769df255-2284-50b3-8917-2155c759fbbd: 929
7ab8ff5f-a77f-567d-9882-f8bee0c3c9bf: 989
7f5237b1-2196-5c8a-9543-a5aa70210ef4: 931
83c1394e-9c69-5c11-9102-9ff8d59b1cfd: 1011
90aef91a-252f-5ccc-a82e-78ea7ee9ca1f: 1089
a0c91989-530f-5117-80c1-2488dbed683c: 1017
a25b2296-343b-53f6-8792-ada2669d466e: 1008
a35a118e-e65e-5928-92a9-4354a6a0f4ce: 813
a6254c8a-f1b2-5736-b601-18245dd5e0a5: 1084
a65a9e69-cddf-5711-9a97-de8bfdeb08cc: 961
aa160c78-6da3-5e05-8fc9-d6c13e9f97e0: 1010
aadc9e0c-b7c3-5a47-851d-f21971d10935: 969
ad47bc12-199c-5294-9cb8-4351bbbf7b5e: 893
bb474ab0-c2ce-573b-8acd-ef86b0fa26a2: 1142
c03e27b0-4cb5-584f-aaea-8f1e1ed6513c: 1121
c11c730f-0b6b-580b-af31-d8f0ebbbdfce: 917
c31a47f9-e400-5841-a22b-521c81042603: 986
c8110476-594c-533d-95bd-86147fccc987: 995
c985916d-46a5-5c3e-9d50-a5a91f460bac: 1024
cc3b4b63-4a6f-5f28-ac7e-62f83c271449: 1076
cebd3520-4e77-5222-a614-d2888e6afc2b: 1109
d3cadb78-cb8c-5a6e-885c-392e457c68b1: 982
e59c45e0-0c0c-565f-84a9-6cf0ec5ef6c1: 844
e6b7cbef-4c9d-5541-82e8-04810de0fb60: 819
e72505f1-21be-5d66-b620-cfcfa2d754bc: 973
e8ec8ec4-dc48-50ce-985a-a06d87861030: 975
eb95076c-c470-56a4-b788-ace310f061c6: 965
f2a69bdc-ed51-5e3f-b102-6b3f7d392be0: 960
f66bc75e-778b-5037-af86-b5275cd4c79f: 865

# samples per stage
0: 9494
1: 2905
2: 26876
3: 6416
4: 9208
[2023-10-18 11:35:51,937][INFO][data_loaders:43] - class distribution after data reduction:
# samples per subject
83c1394e-9c69-5c11-9102-9ff8d59b1cfd: 54860

# samples per stage
0: 1688
1: 844
2: 35870
3: 4642
4: 11816
[2023-10-18 11:35:52,213][INFO][data_loaders:39] - class distribution before data reduction:
# samples per subject
0416d51f-5d69-5326-b74a-a2e31a96a1ef: 822
119f9726-eb4c-5a0e-a7bb-9e15256149a1: 932
25a6b2b0-4d09-561b-82c6-f09bb271d3be: 1063
6a7503ac-ab3a-5d5b-b474-4b0fe37748dd: 1213
a30245e3-4a71-565f-9636-92e7d2e825fc: 1122
a4568951-bf87-5bbc-bc4f-28e93c360be6: 975
b3534fa3-7676-50dc-8412-07f0eff4f7a9: 757
fc10ee0b-b863-511b-bce8-4dfa7af8ac3a: 910

# samples per stage
0: 1108
1: 428
2: 4097
3: 908
4: 1253
[2023-10-18 11:35:52,230][INFO][data_loaders:43] - class distribution after data reduction:
# samples per subject
0416d51f-5d69-5326-b74a-a2e31a96a1ef: 822
119f9726-eb4c-5a0e-a7bb-9e15256149a1: 932
25a6b2b0-4d09-561b-82c6-f09bb271d3be: 1063
6a7503ac-ab3a-5d5b-b474-4b0fe37748dd: 1213
a30245e3-4a71-565f-9636-92e7d2e825fc: 1122
a4568951-bf87-5bbc-bc4f-28e93c360be6: 975
b3534fa3-7676-50dc-8412-07f0eff4f7a9: 757
fc10ee0b-b863-511b-bce8-4dfa7af8ac3a: 910

# samples per stage
0: 1108
1: 428
2: 4097
3: 908
4: 1253
[2023-10-18 11:35:52,275][INFO][clas_trainer:49] - metrics before training (epoch 0):
[2023-10-18 11:36:07,057][INFO][clas_evaluator:99] - dataset: earlystopping, avg f1-score: 0.1645
[2023-10-18 11:36:16,873][INFO][clas_trainer:133] - train epoch: 1 [5440/54860 (10%)], lr: ['1.00e-04', '1.00e-04'], loss: 1.330395
[2023-10-18 11:36:26,085][INFO][clas_trainer:133] - train epoch: 1 [10912/54860 (20%)], lr: ['1.00e-04', '1.00e-04'], loss: 0.951790
[2023-10-18 11:36:35,614][INFO][clas_trainer:133] - train epoch: 1 [16384/54860 (30%)], lr: ['1.00e-04', '1.00e-04'], loss: 0.903002
[2023-10-18 11:36:45,071][INFO][clas_trainer:133] - train epoch: 1 [21856/54860 (40%)], lr: ['1.00e-04', '1.00e-04'], loss: 0.443528
[2023-10-18 11:36:54,376][INFO][clas_trainer:133] - train epoch: 1 [27328/54860 (50%)], lr: ['1.00e-04', '1.00e-04'], loss: 0.614172
[2023-10-18 11:37:03,883][INFO][clas_trainer:133] - train epoch: 1 [32800/54860 (60%)], lr: ['1.00e-04', '1.00e-04'], loss: 0.274672
[2023-10-18 11:37:13,254][INFO][clas_trainer:133] - train epoch: 1 [38272/54860 (70%)], lr: ['1.00e-04', '1.00e-04'], loss: 0.268974
[2023-10-18 11:37:22,352][INFO][clas_trainer:133] - train epoch: 1 [43744/54860 (80%)], lr: ['1.00e-04', '1.00e-04'], loss: 0.183486
[2023-10-18 11:37:31,736][INFO][clas_trainer:133] - train epoch: 1 [49216/54860 (90%)], lr: ['1.00e-04', '1.00e-04'], loss: 0.144515
[2023-10-18 11:37:41,266][INFO][clas_trainer:133] - train epoch: 1 [54688/54860 (100%)], lr: ['1.00e-04', '1.00e-04'], loss: 0.227760
[2023-10-18 11:37:56,166][INFO][clas_trainer:63] - [epoch   1] execution time: 109.11s	metrics:
[2023-10-18 11:37:56,166][INFO][clas_evaluator:99] - dataset: earlystopping, avg f1-score: 0.1601
[2023-10-18 11:37:56,221][INFO][base_model:51] - snapshot saved to XXX/frequency-pretraining/models/exp004a-m260-base_fe_clas-2023-10-17_13-13-53-final.pth
[2023-10-18 11:38:05,909][INFO][clas_trainer:133] - train epoch: 2 [5440/54860 (10%)], lr: ['1.00e-04', '1.00e-04'], loss: 0.078670
[2023-10-18 11:38:15,346][INFO][clas_trainer:133] - train epoch: 2 [10912/54860 (20%)], lr: ['1.00e-04', '1.00e-04'], loss: 0.022819
[2023-10-18 11:38:24,577][INFO][clas_trainer:133] - train epoch: 2 [16384/54860 (30%)], lr: ['1.00e-04', '1.00e-04'], loss: 0.007905
[2023-10-18 11:38:33,734][INFO][clas_trainer:133] - train epoch: 2 [21856/54860 (40%)], lr: ['1.00e-04', '1.00e-04'], loss: 0.024975
[2023-10-18 11:38:43,138][INFO][clas_trainer:133] - train epoch: 2 [27328/54860 (50%)], lr: ['1.00e-04', '1.00e-04'], loss: 0.017145
[2023-10-18 11:38:52,343][INFO][clas_trainer:133] - train epoch: 2 [32800/54860 (60%)], lr: ['1.00e-04', '1.00e-04'], loss: 0.000328
[2023-10-18 11:39:01,438][INFO][clas_trainer:133] - train epoch: 2 [38272/54860 (70%)], lr: ['1.00e-04', '1.00e-04'], loss: 0.001005
[2023-10-18 11:39:10,627][INFO][clas_trainer:133] - train epoch: 2 [43744/54860 (80%)], lr: ['1.00e-04', '1.00e-04'], loss: 0.006627
[2023-10-18 11:39:19,897][INFO][clas_trainer:133] - train epoch: 2 [49216/54860 (90%)], lr: ['1.00e-04', '1.00e-04'], loss: 0.079932
[2023-10-18 11:39:29,230][INFO][clas_trainer:133] - train epoch: 2 [54688/54860 (100%)], lr: ['1.00e-04', '1.00e-04'], loss: 0.157372
[2023-10-18 11:39:44,159][INFO][clas_trainer:63] - [epoch   2] execution time: 107.94s	metrics:
[2023-10-18 11:39:44,160][INFO][clas_evaluator:99] - dataset: earlystopping, avg f1-score: 0.1844
[2023-10-18 11:39:44,215][INFO][base_model:51] - snapshot saved to XXX/frequency-pretraining/models/exp004a-m260-base_fe_clas-2023-10-17_13-13-53-final.pth
[2023-10-18 11:39:54,265][INFO][clas_trainer:133] - train epoch: 3 [5440/54860 (10%)], lr: ['1.00e-04', '1.00e-04'], loss: 0.000256
[2023-10-18 11:40:03,517][INFO][clas_trainer:133] - train epoch: 3 [10912/54860 (20%)], lr: ['1.00e-04', '1.00e-04'], loss: 0.006093
[2023-10-18 11:40:12,591][INFO][clas_trainer:133] - train epoch: 3 [16384/54860 (30%)], lr: ['1.00e-04', '1.00e-04'], loss: 0.010982
[2023-10-18 11:40:21,915][INFO][clas_trainer:133] - train epoch: 3 [21856/54860 (40%)], lr: ['1.00e-04', '1.00e-04'], loss: 0.004816
[2023-10-18 11:40:31,123][INFO][clas_trainer:133] - train epoch: 3 [27328/54860 (50%)], lr: ['1.00e-04', '1.00e-04'], loss: 0.009221
[2023-10-18 11:40:40,331][INFO][clas_trainer:133] - train epoch: 3 [32800/54860 (60%)], lr: ['1.00e-04', '1.00e-04'], loss: 0.060025
[2023-10-18 11:40:49,694][INFO][clas_trainer:133] - train epoch: 3 [38272/54860 (70%)], lr: ['1.00e-04', '1.00e-04'], loss: 0.000105
[2023-10-18 11:40:59,156][INFO][clas_trainer:133] - train epoch: 3 [43744/54860 (80%)], lr: ['1.00e-04', '1.00e-04'], loss: 0.002093
[2023-10-18 11:41:08,388][INFO][clas_trainer:133] - train epoch: 3 [49216/54860 (90%)], lr: ['1.00e-04', '1.00e-04'], loss: 0.014024
[2023-10-18 11:41:17,733][INFO][clas_trainer:133] - train epoch: 3 [54688/54860 (100%)], lr: ['1.00e-04', '1.00e-04'], loss: 0.005968
[2023-10-18 11:41:32,826][INFO][clas_trainer:63] - [epoch   3] execution time: 108.61s	metrics:
[2023-10-18 11:41:32,827][INFO][clas_evaluator:99] - dataset: earlystopping, avg f1-score: 0.1807
[2023-10-18 11:41:42,538][INFO][clas_trainer:133] - train epoch: 4 [5440/54860 (10%)], lr: ['1.00e-04', '1.00e-04'], loss: 0.000822
[2023-10-18 11:41:51,772][INFO][clas_trainer:133] - train epoch: 4 [10912/54860 (20%)], lr: ['1.00e-04', '1.00e-04'], loss: 0.046695
[2023-10-18 11:42:01,094][INFO][clas_trainer:133] - train epoch: 4 [16384/54860 (30%)], lr: ['1.00e-04', '1.00e-04'], loss: 0.000064
[2023-10-18 11:42:10,275][INFO][clas_trainer:133] - train epoch: 4 [21856/54860 (40%)], lr: ['1.00e-04', '1.00e-04'], loss: 0.000094
[2023-10-18 11:42:19,574][INFO][clas_trainer:133] - train epoch: 4 [27328/54860 (50%)], lr: ['1.00e-04', '1.00e-04'], loss: 0.000223
[2023-10-18 11:42:28,827][INFO][clas_trainer:133] - train epoch: 4 [32800/54860 (60%)], lr: ['1.00e-04', '1.00e-04'], loss: 0.008826
[2023-10-18 11:42:38,166][INFO][clas_trainer:133] - train epoch: 4 [38272/54860 (70%)], lr: ['1.00e-04', '1.00e-04'], loss: 0.000906
[2023-10-18 11:42:47,251][INFO][clas_trainer:133] - train epoch: 4 [43744/54860 (80%)], lr: ['1.00e-04', '1.00e-04'], loss: 0.000419
[2023-10-18 11:42:56,549][INFO][clas_trainer:133] - train epoch: 4 [49216/54860 (90%)], lr: ['1.00e-04', '1.00e-04'], loss: 0.001828
[2023-10-18 11:43:05,990][INFO][clas_trainer:133] - train epoch: 4 [54688/54860 (100%)], lr: ['1.00e-04', '1.00e-04'], loss: 0.000162
[2023-10-18 11:43:20,970][INFO][clas_trainer:63] - [epoch   4] execution time: 108.14s	metrics:
[2023-10-18 11:43:20,970][INFO][clas_evaluator:99] - dataset: earlystopping, avg f1-score: 0.2060
[2023-10-18 11:43:21,026][INFO][base_model:51] - snapshot saved to XXX/frequency-pretraining/models/exp004a-m260-base_fe_clas-2023-10-17_13-13-53-final.pth
[2023-10-18 11:43:30,789][INFO][clas_trainer:133] - train epoch: 5 [5440/54860 (10%)], lr: ['1.00e-04', '1.00e-04'], loss: 0.001342
[2023-10-18 11:43:40,235][INFO][clas_trainer:133] - train epoch: 5 [10912/54860 (20%)], lr: ['1.00e-04', '1.00e-04'], loss: 0.011588
[2023-10-18 11:43:49,523][INFO][clas_trainer:133] - train epoch: 5 [16384/54860 (30%)], lr: ['1.00e-04', '1.00e-04'], loss: 0.000019
[2023-10-18 11:43:58,799][INFO][clas_trainer:133] - train epoch: 5 [21856/54860 (40%)], lr: ['1.00e-04', '1.00e-04'], loss: 0.000005
[2023-10-18 11:44:07,934][INFO][clas_trainer:133] - train epoch: 5 [27328/54860 (50%)], lr: ['1.00e-04', '1.00e-04'], loss: 0.000007
[2023-10-18 11:44:17,440][INFO][clas_trainer:133] - train epoch: 5 [32800/54860 (60%)], lr: ['1.00e-04', '1.00e-04'], loss: 0.000728
[2023-10-18 11:44:26,885][INFO][clas_trainer:133] - train epoch: 5 [38272/54860 (70%)], lr: ['1.00e-04', '1.00e-04'], loss: 0.000156
[2023-10-18 11:44:36,293][INFO][clas_trainer:133] - train epoch: 5 [43744/54860 (80%)], lr: ['1.00e-04', '1.00e-04'], loss: 0.000099
[2023-10-18 11:44:45,521][INFO][clas_trainer:133] - train epoch: 5 [49216/54860 (90%)], lr: ['1.00e-04', '1.00e-04'], loss: 0.000835
[2023-10-18 11:44:54,838][INFO][clas_trainer:133] - train epoch: 5 [54688/54860 (100%)], lr: ['1.00e-04', '1.00e-04'], loss: 0.000246
[2023-10-18 11:45:09,905][INFO][clas_trainer:63] - [epoch   5] execution time: 108.88s	metrics:
[2023-10-18 11:45:09,906][INFO][clas_evaluator:99] - dataset: earlystopping, avg f1-score: 0.2169
[2023-10-18 11:45:09,962][INFO][base_model:51] - snapshot saved to XXX/frequency-pretraining/models/exp004a-m260-base_fe_clas-2023-10-17_13-13-53-final.pth
[2023-10-18 11:45:19,847][INFO][clas_trainer:133] - train epoch: 6 [5440/54860 (10%)], lr: ['1.00e-04', '1.00e-04'], loss: 0.000163
[2023-10-18 11:45:29,089][INFO][clas_trainer:133] - train epoch: 6 [10912/54860 (20%)], lr: ['1.00e-04', '1.00e-04'], loss: 0.003222
[2023-10-18 11:45:38,341][INFO][clas_trainer:133] - train epoch: 6 [16384/54860 (30%)], lr: ['1.00e-04', '1.00e-04'], loss: 0.000591
[2023-10-18 11:45:47,513][INFO][clas_trainer:133] - train epoch: 6 [21856/54860 (40%)], lr: ['1.00e-04', '1.00e-04'], loss: 0.000041
[2023-10-18 11:45:56,865][INFO][clas_trainer:133] - train epoch: 6 [27328/54860 (50%)], lr: ['1.00e-04', '1.00e-04'], loss: 0.000250
[2023-10-18 11:46:06,195][INFO][clas_trainer:133] - train epoch: 6 [32800/54860 (60%)], lr: ['1.00e-04', '1.00e-04'], loss: 0.000122
[2023-10-18 11:46:15,289][INFO][clas_trainer:133] - train epoch: 6 [38272/54860 (70%)], lr: ['1.00e-04', '1.00e-04'], loss: 0.000116
[2023-10-18 11:46:24,895][INFO][clas_trainer:133] - train epoch: 6 [43744/54860 (80%)], lr: ['1.00e-04', '1.00e-04'], loss: 0.000058
[2023-10-18 11:46:34,469][INFO][clas_trainer:133] - train epoch: 6 [49216/54860 (90%)], lr: ['1.00e-04', '1.00e-04'], loss: 0.000002
[2023-10-18 11:46:43,856][INFO][clas_trainer:133] - train epoch: 6 [54688/54860 (100%)], lr: ['1.00e-04', '1.00e-04'], loss: 0.000020
[2023-10-18 11:46:58,899][INFO][clas_trainer:63] - [epoch   6] execution time: 108.94s	metrics:
[2023-10-18 11:46:58,899][INFO][clas_evaluator:99] - dataset: earlystopping, avg f1-score: 0.2305
[2023-10-18 11:46:58,955][INFO][base_model:51] - snapshot saved to XXX/frequency-pretraining/models/exp004a-m260-base_fe_clas-2023-10-17_13-13-53-final.pth
[2023-10-18 11:47:08,653][INFO][clas_trainer:133] - train epoch: 7 [5440/54860 (10%)], lr: ['1.00e-04', '1.00e-04'], loss: 0.005493
[2023-10-18 11:47:17,901][INFO][clas_trainer:133] - train epoch: 7 [10912/54860 (20%)], lr: ['1.00e-04', '1.00e-04'], loss: 0.000856
[2023-10-18 11:47:27,217][INFO][clas_trainer:133] - train epoch: 7 [16384/54860 (30%)], lr: ['1.00e-04', '1.00e-04'], loss: 0.000073
[2023-10-18 11:47:36,611][INFO][clas_trainer:133] - train epoch: 7 [21856/54860 (40%)], lr: ['1.00e-04', '1.00e-04'], loss: 0.000033
[2023-10-18 11:47:45,895][INFO][clas_trainer:133] - train epoch: 7 [27328/54860 (50%)], lr: ['1.00e-04', '1.00e-04'], loss: 0.000082
[2023-10-18 11:47:55,142][INFO][clas_trainer:133] - train epoch: 7 [32800/54860 (60%)], lr: ['1.00e-04', '1.00e-04'], loss: 0.000009
[2023-10-18 11:48:04,535][INFO][clas_trainer:133] - train epoch: 7 [38272/54860 (70%)], lr: ['1.00e-04', '1.00e-04'], loss: 0.000035
[2023-10-18 11:48:13,596][INFO][clas_trainer:133] - train epoch: 7 [43744/54860 (80%)], lr: ['1.00e-04', '1.00e-04'], loss: 0.000051
[2023-10-18 11:48:22,843][INFO][clas_trainer:133] - train epoch: 7 [49216/54860 (90%)], lr: ['1.00e-04', '1.00e-04'], loss: 0.005377
[2023-10-18 11:48:32,276][INFO][clas_trainer:133] - train epoch: 7 [54688/54860 (100%)], lr: ['1.00e-04', '1.00e-04'], loss: 0.000146
[2023-10-18 11:48:47,270][INFO][clas_trainer:63] - [epoch   7] execution time: 108.31s	metrics:
[2023-10-18 11:48:47,270][INFO][clas_evaluator:99] - dataset: earlystopping, avg f1-score: 0.2263
[2023-10-18 11:48:57,010][INFO][clas_trainer:133] - train epoch: 8 [5440/54860 (10%)], lr: ['1.00e-04', '1.00e-04'], loss: 0.000124
[2023-10-18 11:49:06,320][INFO][clas_trainer:133] - train epoch: 8 [10912/54860 (20%)], lr: ['1.00e-04', '1.00e-04'], loss: 0.000887
[2023-10-18 11:49:15,844][INFO][clas_trainer:133] - train epoch: 8 [16384/54860 (30%)], lr: ['1.00e-04', '1.00e-04'], loss: 0.000253
[2023-10-18 11:49:25,037][INFO][clas_trainer:133] - train epoch: 8 [21856/54860 (40%)], lr: ['1.00e-04', '1.00e-04'], loss: 0.000078
[2023-10-18 11:49:34,530][INFO][clas_trainer:133] - train epoch: 8 [27328/54860 (50%)], lr: ['1.00e-04', '1.00e-04'], loss: 0.000217
[2023-10-18 11:49:44,097][INFO][clas_trainer:133] - train epoch: 8 [32800/54860 (60%)], lr: ['1.00e-04', '1.00e-04'], loss: 0.000013
[2023-10-18 11:49:53,464][INFO][clas_trainer:133] - train epoch: 8 [38272/54860 (70%)], lr: ['1.00e-04', '1.00e-04'], loss: 0.000319
[2023-10-18 11:50:02,610][INFO][clas_trainer:133] - train epoch: 8 [43744/54860 (80%)], lr: ['1.00e-04', '1.00e-04'], loss: 0.000724
[2023-10-18 11:50:11,963][INFO][clas_trainer:133] - train epoch: 8 [49216/54860 (90%)], lr: ['1.00e-04', '1.00e-04'], loss: 0.033804
[2023-10-18 11:50:21,667][INFO][clas_trainer:133] - train epoch: 8 [54688/54860 (100%)], lr: ['1.00e-04', '1.00e-04'], loss: 0.000134
[2023-10-18 11:50:36,691][INFO][clas_trainer:63] - [epoch   8] execution time: 109.42s	metrics:
[2023-10-18 11:50:36,692][INFO][clas_evaluator:99] - dataset: earlystopping, avg f1-score: 0.2579
[2023-10-18 11:50:36,747][INFO][base_model:51] - snapshot saved to XXX/frequency-pretraining/models/exp004a-m260-base_fe_clas-2023-10-17_13-13-53-final.pth
[2023-10-18 11:50:46,632][INFO][clas_trainer:133] - train epoch: 9 [5440/54860 (10%)], lr: ['1.00e-04', '1.00e-04'], loss: 0.000080
[2023-10-18 11:50:55,929][INFO][clas_trainer:133] - train epoch: 9 [10912/54860 (20%)], lr: ['1.00e-04', '1.00e-04'], loss: 0.000011
[2023-10-18 11:51:05,199][INFO][clas_trainer:133] - train epoch: 9 [16384/54860 (30%)], lr: ['1.00e-04', '1.00e-04'], loss: 0.000093
[2023-10-18 11:51:14,440][INFO][clas_trainer:133] - train epoch: 9 [21856/54860 (40%)], lr: ['1.00e-04', '1.00e-04'], loss: 0.000016
[2023-10-18 11:51:23,661][INFO][clas_trainer:133] - train epoch: 9 [27328/54860 (50%)], lr: ['1.00e-04', '1.00e-04'], loss: 0.000245
[2023-10-18 11:51:33,122][INFO][clas_trainer:133] - train epoch: 9 [32800/54860 (60%)], lr: ['1.00e-04', '1.00e-04'], loss: 0.000125
[2023-10-18 11:51:42,429][INFO][clas_trainer:133] - train epoch: 9 [38272/54860 (70%)], lr: ['1.00e-04', '1.00e-04'], loss: 0.000513
[2023-10-18 11:51:51,825][INFO][clas_trainer:133] - train epoch: 9 [43744/54860 (80%)], lr: ['1.00e-04', '1.00e-04'], loss: 0.000436
[2023-10-18 11:52:01,154][INFO][clas_trainer:133] - train epoch: 9 [49216/54860 (90%)], lr: ['1.00e-04', '1.00e-04'], loss: 0.000074
[2023-10-18 11:52:10,500][INFO][clas_trainer:133] - train epoch: 9 [54688/54860 (100%)], lr: ['1.00e-04', '1.00e-04'], loss: 0.000070
[2023-10-18 11:52:25,437][INFO][clas_trainer:63] - [epoch   9] execution time: 108.69s	metrics:
[2023-10-18 11:52:25,437][INFO][clas_evaluator:99] - dataset: earlystopping, avg f1-score: 0.2809
[2023-10-18 11:52:25,492][INFO][base_model:51] - snapshot saved to XXX/frequency-pretraining/models/exp004a-m260-base_fe_clas-2023-10-17_13-13-53-final.pth
[2023-10-18 11:52:35,369][INFO][clas_trainer:133] - train epoch: 10 [5440/54860 (10%)], lr: ['1.00e-04', '1.00e-04'], loss: 0.000052
[2023-10-18 11:52:44,759][INFO][clas_trainer:133] - train epoch: 10 [10912/54860 (20%)], lr: ['1.00e-04', '1.00e-04'], loss: 0.000511
[2023-10-18 11:52:54,076][INFO][clas_trainer:133] - train epoch: 10 [16384/54860 (30%)], lr: ['1.00e-04', '1.00e-04'], loss: 0.001080
[2023-10-18 11:53:03,505][INFO][clas_trainer:133] - train epoch: 10 [21856/54860 (40%)], lr: ['1.00e-04', '1.00e-04'], loss: 0.000147
[2023-10-18 11:53:12,841][INFO][clas_trainer:133] - train epoch: 10 [27328/54860 (50%)], lr: ['1.00e-04', '1.00e-04'], loss: 0.000065
[2023-10-18 11:53:22,240][INFO][clas_trainer:133] - train epoch: 10 [32800/54860 (60%)], lr: ['1.00e-04', '1.00e-04'], loss: 0.000034
[2023-10-18 11:53:31,325][INFO][clas_trainer:133] - train epoch: 10 [38272/54860 (70%)], lr: ['1.00e-04', '1.00e-04'], loss: 0.000635
[2023-10-18 11:53:40,830][INFO][clas_trainer:133] - train epoch: 10 [43744/54860 (80%)], lr: ['1.00e-04', '1.00e-04'], loss: 0.000692
[2023-10-18 11:53:50,116][INFO][clas_trainer:133] - train epoch: 10 [49216/54860 (90%)], lr: ['1.00e-04', '1.00e-04'], loss: 0.001154
[2023-10-18 11:53:59,510][INFO][clas_trainer:133] - train epoch: 10 [54688/54860 (100%)], lr: ['1.00e-04', '1.00e-04'], loss: 0.000073
[2023-10-18 11:54:14,602][INFO][clas_trainer:63] - [epoch  10] execution time: 109.11s	metrics:
[2023-10-18 11:54:14,602][INFO][clas_evaluator:99] - dataset: earlystopping, avg f1-score: 0.2975
[2023-10-18 11:54:14,657][INFO][base_model:51] - snapshot saved to XXX/frequency-pretraining/models/exp004a-m260-base_fe_clas-2023-10-17_13-13-53-final.pth
[2023-10-18 11:54:24,281][INFO][clas_trainer:133] - train epoch: 11 [5440/54860 (10%)], lr: ['1.00e-04', '1.00e-04'], loss: 0.000441
[2023-10-18 11:54:33,624][INFO][clas_trainer:133] - train epoch: 11 [10912/54860 (20%)], lr: ['1.00e-04', '1.00e-04'], loss: 0.000140
[2023-10-18 11:54:42,972][INFO][clas_trainer:133] - train epoch: 11 [16384/54860 (30%)], lr: ['1.00e-04', '1.00e-04'], loss: 0.000089
[2023-10-18 11:54:52,298][INFO][clas_trainer:133] - train epoch: 11 [21856/54860 (40%)], lr: ['1.00e-04', '1.00e-04'], loss: 0.000176
[2023-10-18 11:55:01,578][INFO][clas_trainer:133] - train epoch: 11 [27328/54860 (50%)], lr: ['1.00e-04', '1.00e-04'], loss: 0.000942
[2023-10-18 11:55:10,863][INFO][clas_trainer:133] - train epoch: 11 [32800/54860 (60%)], lr: ['1.00e-04', '1.00e-04'], loss: 0.000106
[2023-10-18 11:55:20,378][INFO][clas_trainer:133] - train epoch: 11 [38272/54860 (70%)], lr: ['1.00e-04', '1.00e-04'], loss: 0.000558
[2023-10-18 11:55:29,533][INFO][clas_trainer:133] - train epoch: 11 [43744/54860 (80%)], lr: ['1.00e-04', '1.00e-04'], loss: 0.002392
[2023-10-18 11:55:38,650][INFO][clas_trainer:133] - train epoch: 11 [49216/54860 (90%)], lr: ['1.00e-04', '1.00e-04'], loss: 0.005201
[2023-10-18 11:55:48,174][INFO][clas_trainer:133] - train epoch: 11 [54688/54860 (100%)], lr: ['1.00e-04', '1.00e-04'], loss: 0.000030
[2023-10-18 11:56:03,272][INFO][clas_trainer:63] - [epoch  11] execution time: 108.61s	metrics:
[2023-10-18 11:56:03,273][INFO][clas_evaluator:99] - dataset: earlystopping, avg f1-score: 0.3446
[2023-10-18 11:56:03,328][INFO][base_model:51] - snapshot saved to XXX/frequency-pretraining/models/exp004a-m260-base_fe_clas-2023-10-17_13-13-53-final.pth
[2023-10-18 11:56:13,100][INFO][clas_trainer:133] - train epoch: 12 [5440/54860 (10%)], lr: ['1.00e-04', '1.00e-04'], loss: 0.000158
[2023-10-18 11:56:22,562][INFO][clas_trainer:133] - train epoch: 12 [10912/54860 (20%)], lr: ['1.00e-04', '1.00e-04'], loss: 0.000491
[2023-10-18 11:56:31,779][INFO][clas_trainer:133] - train epoch: 12 [16384/54860 (30%)], lr: ['1.00e-04', '1.00e-04'], loss: 0.000188
[2023-10-18 11:56:40,972][INFO][clas_trainer:133] - train epoch: 12 [21856/54860 (40%)], lr: ['1.00e-04', '1.00e-04'], loss: 0.001886
[2023-10-18 11:56:50,425][INFO][clas_trainer:133] - train epoch: 12 [27328/54860 (50%)], lr: ['1.00e-04', '1.00e-04'], loss: 0.000362
[2023-10-18 11:56:59,728][INFO][clas_trainer:133] - train epoch: 12 [32800/54860 (60%)], lr: ['1.00e-04', '1.00e-04'], loss: 0.000207
[2023-10-18 11:57:08,930][INFO][clas_trainer:133] - train epoch: 12 [38272/54860 (70%)], lr: ['1.00e-04', '1.00e-04'], loss: 0.000239
[2023-10-18 11:57:18,084][INFO][clas_trainer:133] - train epoch: 12 [43744/54860 (80%)], lr: ['1.00e-04', '1.00e-04'], loss: 0.001702
[2023-10-18 11:57:27,471][INFO][clas_trainer:133] - train epoch: 12 [49216/54860 (90%)], lr: ['1.00e-04', '1.00e-04'], loss: 0.000294
[2023-10-18 11:57:37,024][INFO][clas_trainer:133] - train epoch: 12 [54688/54860 (100%)], lr: ['1.00e-04', '1.00e-04'], loss: 0.000269
[2023-10-18 11:57:52,068][INFO][clas_trainer:63] - [epoch  12] execution time: 108.74s	metrics:
[2023-10-18 11:57:52,069][INFO][clas_evaluator:99] - dataset: earlystopping, avg f1-score: 0.3573
[2023-10-18 11:57:52,124][INFO][base_model:51] - snapshot saved to XXX/frequency-pretraining/models/exp004a-m260-base_fe_clas-2023-10-17_13-13-53-final.pth
[2023-10-18 11:58:01,870][INFO][clas_trainer:133] - train epoch: 13 [5440/54860 (10%)], lr: ['1.00e-04', '1.00e-04'], loss: 0.000152
[2023-10-18 11:58:11,210][INFO][clas_trainer:133] - train epoch: 13 [10912/54860 (20%)], lr: ['1.00e-04', '1.00e-04'], loss: 0.000115
[2023-10-18 11:58:20,503][INFO][clas_trainer:133] - train epoch: 13 [16384/54860 (30%)], lr: ['1.00e-04', '1.00e-04'], loss: 0.000255
[2023-10-18 11:58:29,909][INFO][clas_trainer:133] - train epoch: 13 [21856/54860 (40%)], lr: ['1.00e-04', '1.00e-04'], loss: 0.000234
[2023-10-18 11:58:39,322][INFO][clas_trainer:133] - train epoch: 13 [27328/54860 (50%)], lr: ['1.00e-04', '1.00e-04'], loss: 0.000592
[2023-10-18 11:58:48,780][INFO][clas_trainer:133] - train epoch: 13 [32800/54860 (60%)], lr: ['1.00e-04', '1.00e-04'], loss: 0.000225
[2023-10-18 11:58:58,129][INFO][clas_trainer:133] - train epoch: 13 [38272/54860 (70%)], lr: ['1.00e-04', '1.00e-04'], loss: 0.000409
[2023-10-18 11:59:07,580][INFO][clas_trainer:133] - train epoch: 13 [43744/54860 (80%)], lr: ['1.00e-04', '1.00e-04'], loss: 0.000259
[2023-10-18 11:59:16,820][INFO][clas_trainer:133] - train epoch: 13 [49216/54860 (90%)], lr: ['1.00e-04', '1.00e-04'], loss: 0.011282
[2023-10-18 11:59:26,119][INFO][clas_trainer:133] - train epoch: 13 [54688/54860 (100%)], lr: ['1.00e-04', '1.00e-04'], loss: 0.000321
[2023-10-18 11:59:41,212][INFO][clas_trainer:63] - [epoch  13] execution time: 109.09s	metrics:
[2023-10-18 11:59:41,212][INFO][clas_evaluator:99] - dataset: earlystopping, avg f1-score: 0.3138
[2023-10-18 11:59:51,202][INFO][clas_trainer:133] - train epoch: 14 [5440/54860 (10%)], lr: ['1.00e-04', '1.00e-04'], loss: 0.002658
[2023-10-18 12:00:00,496][INFO][clas_trainer:133] - train epoch: 14 [10912/54860 (20%)], lr: ['1.00e-04', '1.00e-04'], loss: 0.000672
[2023-10-18 12:00:09,679][INFO][clas_trainer:133] - train epoch: 14 [16384/54860 (30%)], lr: ['1.00e-04', '1.00e-04'], loss: 0.000952
[2023-10-18 12:00:19,266][INFO][clas_trainer:133] - train epoch: 14 [21856/54860 (40%)], lr: ['1.00e-04', '1.00e-04'], loss: 0.001289
[2023-10-18 12:00:28,741][INFO][clas_trainer:133] - train epoch: 14 [27328/54860 (50%)], lr: ['1.00e-04', '1.00e-04'], loss: 0.000836
[2023-10-18 12:00:38,054][INFO][clas_trainer:133] - train epoch: 14 [32800/54860 (60%)], lr: ['1.00e-04', '1.00e-04'], loss: 0.001269
[2023-10-18 12:00:47,222][INFO][clas_trainer:133] - train epoch: 14 [38272/54860 (70%)], lr: ['1.00e-04', '1.00e-04'], loss: 0.000299
[2023-10-18 12:00:56,717][INFO][clas_trainer:133] - train epoch: 14 [43744/54860 (80%)], lr: ['1.00e-04', '1.00e-04'], loss: 0.000695
[2023-10-18 12:01:06,059][INFO][clas_trainer:133] - train epoch: 14 [49216/54860 (90%)], lr: ['1.00e-04', '1.00e-04'], loss: 0.000633
[2023-10-18 12:01:15,411][INFO][clas_trainer:133] - train epoch: 14 [54688/54860 (100%)], lr: ['1.00e-04', '1.00e-04'], loss: 0.000404
[2023-10-18 12:01:30,630][INFO][clas_trainer:63] - [epoch  14] execution time: 109.42s	metrics:
[2023-10-18 12:01:30,631][INFO][clas_evaluator:99] - dataset: earlystopping, avg f1-score: 0.3473
[2023-10-18 12:01:40,403][INFO][clas_trainer:133] - train epoch: 15 [5440/54860 (10%)], lr: ['1.00e-04', '1.00e-04'], loss: 0.000597
[2023-10-18 12:01:49,636][INFO][clas_trainer:133] - train epoch: 15 [10912/54860 (20%)], lr: ['1.00e-04', '1.00e-04'], loss: 0.000318
[2023-10-18 12:01:59,130][INFO][clas_trainer:133] - train epoch: 15 [16384/54860 (30%)], lr: ['1.00e-04', '1.00e-04'], loss: 0.000354
[2023-10-18 12:02:08,535][INFO][clas_trainer:133] - train epoch: 15 [21856/54860 (40%)], lr: ['1.00e-04', '1.00e-04'], loss: 0.000816
[2023-10-18 12:02:17,898][INFO][clas_trainer:133] - train epoch: 15 [27328/54860 (50%)], lr: ['1.00e-04', '1.00e-04'], loss: 0.000630
[2023-10-18 12:02:27,609][INFO][clas_trainer:133] - train epoch: 15 [32800/54860 (60%)], lr: ['1.00e-04', '1.00e-04'], loss: 0.085245
[2023-10-18 12:02:37,052][INFO][clas_trainer:133] - train epoch: 15 [38272/54860 (70%)], lr: ['1.00e-04', '1.00e-04'], loss: 0.001553
[2023-10-18 12:02:46,410][INFO][clas_trainer:133] - train epoch: 15 [43744/54860 (80%)], lr: ['1.00e-04', '1.00e-04'], loss: 0.000609
[2023-10-18 12:02:55,817][INFO][clas_trainer:133] - train epoch: 15 [49216/54860 (90%)], lr: ['1.00e-04', '1.00e-04'], loss: 0.001849
[2023-10-18 12:03:05,056][INFO][clas_trainer:133] - train epoch: 15 [54688/54860 (100%)], lr: ['1.00e-04', '1.00e-04'], loss: 0.000467
[2023-10-18 12:03:20,182][INFO][clas_trainer:63] - [epoch  15] execution time: 109.55s	metrics:
[2023-10-18 12:03:20,183][INFO][clas_evaluator:99] - dataset: earlystopping, avg f1-score: 0.3333
[2023-10-18 12:03:29,908][INFO][clas_trainer:133] - train epoch: 16 [5440/54860 (10%)], lr: ['1.00e-04', '1.00e-04'], loss: 0.000997
[2023-10-18 12:03:39,329][INFO][clas_trainer:133] - train epoch: 16 [10912/54860 (20%)], lr: ['1.00e-04', '1.00e-04'], loss: 0.000890
[2023-10-18 12:03:48,628][INFO][clas_trainer:133] - train epoch: 16 [16384/54860 (30%)], lr: ['1.00e-04', '1.00e-04'], loss: 0.000876
[2023-10-18 12:03:57,922][INFO][clas_trainer:133] - train epoch: 16 [21856/54860 (40%)], lr: ['1.00e-04', '1.00e-04'], loss: 0.001801
[2023-10-18 12:04:07,223][INFO][clas_trainer:133] - train epoch: 16 [27328/54860 (50%)], lr: ['1.00e-04', '1.00e-04'], loss: 0.001943
[2023-10-18 12:04:16,641][INFO][clas_trainer:133] - train epoch: 16 [32800/54860 (60%)], lr: ['1.00e-04', '1.00e-04'], loss: 0.000342
[2023-10-18 12:04:25,782][INFO][clas_trainer:133] - train epoch: 16 [38272/54860 (70%)], lr: ['1.00e-04', '1.00e-04'], loss: 0.000490
[2023-10-18 12:04:34,958][INFO][clas_trainer:133] - train epoch: 16 [43744/54860 (80%)], lr: ['1.00e-04', '1.00e-04'], loss: 0.000763
[2023-10-18 12:04:44,311][INFO][clas_trainer:133] - train epoch: 16 [49216/54860 (90%)], lr: ['1.00e-04', '1.00e-04'], loss: 0.001588
[2023-10-18 12:04:53,652][INFO][clas_trainer:133] - train epoch: 16 [54688/54860 (100%)], lr: ['1.00e-04', '1.00e-04'], loss: 0.000629
[2023-10-18 12:05:08,744][INFO][clas_trainer:63] - [epoch  16] execution time: 108.56s	metrics:
[2023-10-18 12:05:08,744][INFO][clas_evaluator:99] - dataset: earlystopping, avg f1-score: 0.3248
[2023-10-18 12:05:18,591][INFO][clas_trainer:133] - train epoch: 17 [5440/54860 (10%)], lr: ['1.00e-04', '1.00e-04'], loss: 0.001268
[2023-10-18 12:05:27,960][INFO][clas_trainer:133] - train epoch: 17 [10912/54860 (20%)], lr: ['1.00e-04', '1.00e-04'], loss: 0.000614
[2023-10-18 12:05:37,134][INFO][clas_trainer:133] - train epoch: 17 [16384/54860 (30%)], lr: ['1.00e-04', '1.00e-04'], loss: 0.000483
[2023-10-18 12:05:46,477][INFO][clas_trainer:133] - train epoch: 17 [21856/54860 (40%)], lr: ['1.00e-04', '1.00e-04'], loss: 0.003986
[2023-10-18 12:05:56,032][INFO][clas_trainer:133] - train epoch: 17 [27328/54860 (50%)], lr: ['1.00e-04', '1.00e-04'], loss: 0.001065
[2023-10-18 12:06:05,348][INFO][clas_trainer:133] - train epoch: 17 [32800/54860 (60%)], lr: ['1.00e-04', '1.00e-04'], loss: 0.000596
[2023-10-18 12:06:14,537][INFO][clas_trainer:133] - train epoch: 17 [38272/54860 (70%)], lr: ['1.00e-04', '1.00e-04'], loss: 0.000733
[2023-10-18 12:06:23,933][INFO][clas_trainer:133] - train epoch: 17 [43744/54860 (80%)], lr: ['1.00e-04', '1.00e-04'], loss: 0.000395
[2023-10-18 12:06:33,398][INFO][clas_trainer:133] - train epoch: 17 [49216/54860 (90%)], lr: ['1.00e-04', '1.00e-04'], loss: 0.000416
[2023-10-18 12:06:42,751][INFO][clas_trainer:133] - train epoch: 17 [54688/54860 (100%)], lr: ['1.00e-04', '1.00e-04'], loss: 0.000579
[2023-10-18 12:06:57,945][INFO][clas_trainer:63] - [epoch  17] execution time: 109.20s	metrics:
[2023-10-18 12:06:57,945][INFO][clas_evaluator:99] - dataset: earlystopping, avg f1-score: 0.3325
[2023-10-18 12:07:07,686][INFO][clas_trainer:133] - train epoch: 18 [5440/54860 (10%)], lr: ['1.00e-04', '1.00e-04'], loss: 0.001051
[2023-10-18 12:07:17,068][INFO][clas_trainer:133] - train epoch: 18 [10912/54860 (20%)], lr: ['1.00e-04', '1.00e-04'], loss: 0.000677
[2023-10-18 12:07:26,323][INFO][clas_trainer:133] - train epoch: 18 [16384/54860 (30%)], lr: ['1.00e-04', '1.00e-04'], loss: 0.001335
[2023-10-18 12:07:35,560][INFO][clas_trainer:133] - train epoch: 18 [21856/54860 (40%)], lr: ['1.00e-04', '1.00e-04'], loss: 0.000466
[2023-10-18 12:07:44,695][INFO][clas_trainer:133] - train epoch: 18 [27328/54860 (50%)], lr: ['1.00e-04', '1.00e-04'], loss: 0.000550
[2023-10-18 12:07:53,946][INFO][clas_trainer:133] - train epoch: 18 [32800/54860 (60%)], lr: ['1.00e-04', '1.00e-04'], loss: 0.001444
[2023-10-18 12:08:03,512][INFO][clas_trainer:133] - train epoch: 18 [38272/54860 (70%)], lr: ['1.00e-04', '1.00e-04'], loss: 0.000358
[2023-10-18 12:08:12,649][INFO][clas_trainer:133] - train epoch: 18 [43744/54860 (80%)], lr: ['1.00e-04', '1.00e-04'], loss: 0.000368
[2023-10-18 12:08:21,974][INFO][clas_trainer:133] - train epoch: 18 [49216/54860 (90%)], lr: ['1.00e-04', '1.00e-04'], loss: 0.001113
[2023-10-18 12:08:31,142][INFO][clas_trainer:133] - train epoch: 18 [54688/54860 (100%)], lr: ['1.00e-04', '1.00e-04'], loss: 0.000683
[2023-10-18 12:08:46,333][INFO][clas_trainer:63] - [epoch  18] execution time: 108.39s	metrics:
[2023-10-18 12:08:46,333][INFO][clas_evaluator:99] - dataset: earlystopping, avg f1-score: 0.3348
[2023-10-18 12:08:56,022][INFO][clas_trainer:133] - train epoch: 19 [5440/54860 (10%)], lr: ['1.00e-04', '1.00e-04'], loss: 0.000955
[2023-10-18 12:09:05,156][INFO][clas_trainer:133] - train epoch: 19 [10912/54860 (20%)], lr: ['1.00e-04', '1.00e-04'], loss: 0.000444
[2023-10-18 12:09:14,657][INFO][clas_trainer:133] - train epoch: 19 [16384/54860 (30%)], lr: ['1.00e-04', '1.00e-04'], loss: 0.000328
[2023-10-18 12:09:24,003][INFO][clas_trainer:133] - train epoch: 19 [21856/54860 (40%)], lr: ['1.00e-04', '1.00e-04'], loss: 0.000681
[2023-10-18 12:09:33,296][INFO][clas_trainer:133] - train epoch: 19 [27328/54860 (50%)], lr: ['1.00e-04', '1.00e-04'], loss: 0.000512
[2023-10-18 12:09:42,961][INFO][clas_trainer:133] - train epoch: 19 [32800/54860 (60%)], lr: ['1.00e-04', '1.00e-04'], loss: 0.000573
[2023-10-18 12:09:52,388][INFO][clas_trainer:133] - train epoch: 19 [38272/54860 (70%)], lr: ['1.00e-04', '1.00e-04'], loss: 0.000372
[2023-10-18 12:10:01,623][INFO][clas_trainer:133] - train epoch: 19 [43744/54860 (80%)], lr: ['1.00e-04', '1.00e-04'], loss: 0.000848
[2023-10-18 12:10:10,944][INFO][clas_trainer:133] - train epoch: 19 [49216/54860 (90%)], lr: ['1.00e-04', '1.00e-04'], loss: 0.002085
[2023-10-18 12:10:20,414][INFO][clas_trainer:133] - train epoch: 19 [54688/54860 (100%)], lr: ['1.00e-04', '1.00e-04'], loss: 0.000502
[2023-10-18 12:10:35,180][INFO][clas_trainer:63] - [epoch  19] execution time: 108.85s	metrics:
[2023-10-18 12:10:35,180][INFO][clas_evaluator:99] - dataset: earlystopping, avg f1-score: 0.3473
[2023-10-18 12:10:44,841][INFO][clas_trainer:133] - train epoch: 20 [5440/54860 (10%)], lr: ['1.00e-04', '1.00e-04'], loss: 0.001335
[2023-10-18 12:10:54,415][INFO][clas_trainer:133] - train epoch: 20 [10912/54860 (20%)], lr: ['1.00e-04', '1.00e-04'], loss: 0.001154
[2023-10-18 12:11:03,718][INFO][clas_trainer:133] - train epoch: 20 [16384/54860 (30%)], lr: ['1.00e-04', '1.00e-04'], loss: 0.000420
[2023-10-18 12:11:12,908][INFO][clas_trainer:133] - train epoch: 20 [21856/54860 (40%)], lr: ['1.00e-04', '1.00e-04'], loss: 0.000371
[2023-10-18 12:11:22,430][INFO][clas_trainer:133] - train epoch: 20 [27328/54860 (50%)], lr: ['1.00e-04', '1.00e-04'], loss: 0.000611
[2023-10-18 12:11:31,740][INFO][clas_trainer:133] - train epoch: 20 [32800/54860 (60%)], lr: ['1.00e-04', '1.00e-04'], loss: 0.000676
[2023-10-18 12:11:41,064][INFO][clas_trainer:133] - train epoch: 20 [38272/54860 (70%)], lr: ['1.00e-04', '1.00e-04'], loss: 0.001075
[2023-10-18 12:11:50,297][INFO][clas_trainer:133] - train epoch: 20 [43744/54860 (80%)], lr: ['1.00e-04', '1.00e-04'], loss: 0.000411
[2023-10-18 12:11:59,968][INFO][clas_trainer:133] - train epoch: 20 [49216/54860 (90%)], lr: ['1.00e-04', '1.00e-04'], loss: 0.000370
[2023-10-18 12:12:09,360][INFO][clas_trainer:133] - train epoch: 20 [54688/54860 (100%)], lr: ['1.00e-04', '1.00e-04'], loss: 0.000521
[2023-10-18 12:12:24,312][INFO][clas_trainer:63] - [epoch  20] execution time: 109.13s	metrics:
[2023-10-18 12:12:24,312][INFO][clas_evaluator:99] - dataset: earlystopping, avg f1-score: 0.3115
[2023-10-18 12:12:34,291][INFO][clas_trainer:133] - train epoch: 21 [5440/54860 (10%)], lr: ['1.00e-04', '1.00e-04'], loss: 0.001296
[2023-10-18 12:12:43,792][INFO][clas_trainer:133] - train epoch: 21 [10912/54860 (20%)], lr: ['1.00e-04', '1.00e-04'], loss: 0.001189
[2023-10-18 12:12:53,015][INFO][clas_trainer:133] - train epoch: 21 [16384/54860 (30%)], lr: ['1.00e-04', '1.00e-04'], loss: 0.000693
[2023-10-18 12:13:02,614][INFO][clas_trainer:133] - train epoch: 21 [21856/54860 (40%)], lr: ['1.00e-04', '1.00e-04'], loss: 0.000617
[2023-10-18 12:13:11,931][INFO][clas_trainer:133] - train epoch: 21 [27328/54860 (50%)], lr: ['1.00e-04', '1.00e-04'], loss: 0.000377
[2023-10-18 12:13:21,256][INFO][clas_trainer:133] - train epoch: 21 [32800/54860 (60%)], lr: ['1.00e-04', '1.00e-04'], loss: 0.000863
[2023-10-18 12:13:30,371][INFO][clas_trainer:133] - train epoch: 21 [38272/54860 (70%)], lr: ['1.00e-04', '1.00e-04'], loss: 0.000922
[2023-10-18 12:13:39,876][INFO][clas_trainer:133] - train epoch: 21 [43744/54860 (80%)], lr: ['1.00e-04', '1.00e-04'], loss: 0.000809
[2023-10-18 12:13:49,078][INFO][clas_trainer:133] - train epoch: 21 [49216/54860 (90%)], lr: ['1.00e-04', '1.00e-04'], loss: 0.000364
[2023-10-18 12:13:58,553][INFO][clas_trainer:133] - train epoch: 21 [54688/54860 (100%)], lr: ['1.00e-04', '1.00e-04'], loss: 0.000493
[2023-10-18 12:14:13,653][INFO][clas_trainer:63] - [epoch  21] execution time: 109.34s	metrics:
[2023-10-18 12:14:13,653][INFO][clas_evaluator:99] - dataset: earlystopping, avg f1-score: 0.3449
[2023-10-18 12:14:23,746][INFO][clas_trainer:133] - train epoch: 22 [5440/54860 (10%)], lr: ['1.00e-04', '1.00e-04'], loss: 0.000962
[2023-10-18 12:14:32,921][INFO][clas_trainer:133] - train epoch: 22 [10912/54860 (20%)], lr: ['1.00e-04', '1.00e-04'], loss: 0.001212
[2023-10-18 12:14:42,376][INFO][clas_trainer:133] - train epoch: 22 [16384/54860 (30%)], lr: ['1.00e-04', '1.00e-04'], loss: 0.000466
[2023-10-18 12:14:51,526][INFO][clas_trainer:133] - train epoch: 22 [21856/54860 (40%)], lr: ['1.00e-04', '1.00e-04'], loss: 0.001849
[2023-10-18 12:15:00,885][INFO][clas_trainer:133] - train epoch: 22 [27328/54860 (50%)], lr: ['1.00e-04', '1.00e-04'], loss: 0.000729
[2023-10-18 12:15:10,386][INFO][clas_trainer:133] - train epoch: 22 [32800/54860 (60%)], lr: ['1.00e-04', '1.00e-04'], loss: 0.000690
[2023-10-18 12:15:19,880][INFO][clas_trainer:133] - train epoch: 22 [38272/54860 (70%)], lr: ['1.00e-04', '1.00e-04'], loss: 0.000757
[2023-10-18 12:15:29,135][INFO][clas_trainer:133] - train epoch: 22 [43744/54860 (80%)], lr: ['1.00e-04', '1.00e-04'], loss: 0.001879
[2023-10-18 12:15:38,462][INFO][clas_trainer:133] - train epoch: 22 [49216/54860 (90%)], lr: ['1.00e-04', '1.00e-04'], loss: 0.001330
[2023-10-18 12:15:48,109][INFO][clas_trainer:133] - train epoch: 22 [54688/54860 (100%)], lr: ['1.00e-04', '1.00e-04'], loss: 0.000347
[2023-10-18 12:16:03,087][INFO][clas_trainer:63] - [epoch  22] execution time: 109.43s	metrics:
[2023-10-18 12:16:03,087][INFO][clas_evaluator:99] - dataset: earlystopping, avg f1-score: 0.3517
[2023-10-18 12:16:03,095][INFO][clas_trainer:79] - finished training
[2023-10-18 12:16:03,095][INFO][clas_trainer:80] - best model on epoch: 12 	f1-score: 0.3573
