[2024-10-02 10:53:38,743][INFO][fine-tune:25] - Using GPU 5
[2024-10-02 10:53:38,746][INFO][fine-tune:35] - overrides:
hydra:
- hydra.launcher.n_jobs=40
- hydra.mode=MULTIRUN
task:
- m_seed_path_sids={seeds:[0,0,0,0,0],path:"exp006b-m0-simple_multi_class-2024-09-20_13-58-02-final.pth",subject_ids:{isruc:$\{data.isruc.cv_5_fold.fold_1\}}}
- data.downstream.train_dataloader.dataset.data_reducer.n_epochs=50
- data.downstream.train_dataloader.dataset.data_reducer.n_subjects=1
- general.gpus=[4,5,6,7]

[2024-10-02 10:53:44,470][INFO][data_loaders:39] - class distribution before data reduction:
# samples per subject
sg1-1-1: 880
sg1-11-1: 997
sg1-12-1: 850
sg1-13-1: 882
sg1-15-1: 786
sg1-16-1: 883
sg1-17-1: 851
sg1-18-1: 999
sg1-2-1: 964
sg1-20-1: 950
sg1-22-1: 849
sg1-23-1: 892
sg1-25-1: 921
sg1-26-1: 1062
sg1-27-1: 918
sg1-28-1: 882
sg1-29-1: 912
sg1-32-1: 1010
sg1-34-1: 871
sg1-35-1: 788
sg1-36-1: 987
sg1-37-1: 806
sg1-38-1: 932
sg1-39-1: 900
sg1-40-1: 875
sg1-42-1: 812
sg1-43-1: 747
sg1-44-1: 932
sg1-45-1: 906
sg1-46-1: 863
sg1-47-1: 838
sg1-49-1: 793
sg1-5-1: 875
sg1-50-1: 905
sg1-51-1: 856
sg1-53-1: 910
sg1-54-1: 814
sg1-56-1: 956
sg1-58-1: 965
sg1-59-1: 942
sg1-6-1: 897
sg1-60-1: 916
sg1-61-1: 852
sg1-64-1: 892
sg1-65-1: 1014
sg1-67-1: 862
sg1-68-1: 956
sg1-69-1: 815
sg1-7-1: 933
sg1-71-1: 829
sg1-72-1: 872
sg1-73-1: 997
sg1-75-1: 898
sg1-76-1: 850
sg1-78-1: 894
sg1-82-1: 882
sg1-83-1: 925
sg1-84-1: 963
sg1-85-1: 896
sg1-86-1: 964
sg1-88-1: 1002
sg1-89-1: 1036
sg1-91-1: 990
sg1-92-1: 877
sg1-93-1: 870
sg1-94-1: 846
sg1-95-1: 865
sg1-96-1: 858
sg1-98-1: 899
sg1-99-1: 835
sg2-1-1: 933
sg2-1-2: 787
sg2-2-1: 851
sg2-2-2: 869
sg2-3-1: 871
sg2-3-2: 813
sg2-5-1: 815
sg2-5-2: 879
sg2-7-1: 942
sg2-7-2: 899
sg2-8-1: 815
sg2-8-2: 923
sg3-1-1: 954
sg3-10-1: 796
sg3-2-1: 941
sg3-4-1: 794
sg3-5-1: 944
sg3-6-1: 853
sg3-7-1: 814
sg3-8-1: 1000

# samples per stage
0: 17912
1: 10225
2: 25143
3: 16141
4: 11018
[2024-10-02 10:53:44,754][INFO][data_loaders:43] - class distribution after data reduction:
# samples per subject
sg1-58-1: 80400

# samples per stage
0: 8040
1: 17688
2: 27336
3: 9648
4: 17688
[2024-10-02 10:53:45,082][INFO][data_loaders:39] - class distribution before data reduction:
# samples per subject
sg1-21-1: 1054
sg1-24-1: 830
sg1-30-1: 882
sg1-41-1: 974
sg1-57-1: 1007
sg1-70-1: 893
sg1-79-1: 880
sg1-87-1: 926

# samples per stage
0: 1706
1: 910
2: 2355
3: 1382
4: 1093
[2024-10-02 10:53:45,090][INFO][data_loaders:43] - class distribution after data reduction:
# samples per subject
sg1-21-1: 1054
sg1-24-1: 830
sg1-30-1: 882
sg1-41-1: 974
sg1-57-1: 1007
sg1-70-1: 893
sg1-79-1: 880
sg1-87-1: 926

# samples per stage
0: 1706
1: 910
2: 2355
3: 1382
4: 1093
[2024-10-02 10:54:12,339][INFO][clas_trainer:49] - metrics before training (epoch 0):
[2024-10-02 10:54:50,330][INFO][clas_evaluator:132] - dataset: earlystopping, avg f1-score: 0.1032
[2024-10-02 10:55:33,495][INFO][clas_trainer:133] - train epoch: 1 [8000/80400 (10%)], lr: ['1.00e-04', '1.00e-04'], loss: 2.154284
[2024-10-02 10:56:15,644][INFO][clas_trainer:133] - train epoch: 1 [16032/80400 (20%)], lr: ['1.00e-04', '1.00e-04'], loss: 1.256747
[2024-10-02 10:56:56,495][INFO][clas_trainer:133] - train epoch: 1 [24064/80400 (30%)], lr: ['1.00e-04', '1.00e-04'], loss: 0.830736
[2024-10-02 10:57:37,689][INFO][clas_trainer:133] - train epoch: 1 [32096/80400 (40%)], lr: ['1.00e-04', '1.00e-04'], loss: 0.640106
[2024-10-02 10:58:21,222][INFO][clas_trainer:133] - train epoch: 1 [40128/80400 (50%)], lr: ['1.00e-04', '1.00e-04'], loss: 0.765802
[2024-10-02 10:59:04,546][INFO][clas_trainer:133] - train epoch: 1 [48160/80400 (60%)], lr: ['1.00e-04', '1.00e-04'], loss: 0.276143
[2024-10-02 10:59:47,231][INFO][clas_trainer:133] - train epoch: 1 [56192/80400 (70%)], lr: ['1.00e-04', '1.00e-04'], loss: 0.121537
[2024-10-02 11:00:29,503][INFO][clas_trainer:133] - train epoch: 1 [64224/80400 (80%)], lr: ['1.00e-04', '1.00e-04'], loss: 0.033118
[2024-10-02 11:01:11,155][INFO][clas_trainer:133] - train epoch: 1 [72256/80400 (90%)], lr: ['1.00e-04', '1.00e-04'], loss: 0.011306
[2024-10-02 11:01:59,420][INFO][clas_trainer:133] - train epoch: 1 [80288/80400 (100%)], lr: ['1.00e-04', '1.00e-04'], loss: 0.014084
[2024-10-02 11:02:41,386][INFO][clas_trainer:63] - [epoch   1] execution time: 471.06s	metrics:
[2024-10-02 11:02:41,386][INFO][clas_evaluator:132] - dataset: earlystopping, avg f1-score: 0.2843
[2024-10-02 11:02:41,495][INFO][base_model:51] - snapshot saved to XXX/frequency-pretraining/models/exp006a-m5-base_fe_clas-2024-10-02_10-52-14-final.pth
[2024-10-02 11:03:23,188][INFO][clas_trainer:133] - train epoch: 2 [8000/80400 (10%)], lr: ['1.00e-04', '1.00e-04'], loss: 0.006977
[2024-10-02 11:04:02,611][INFO][clas_trainer:133] - train epoch: 2 [16032/80400 (20%)], lr: ['1.00e-04', '1.00e-04'], loss: 0.058613
[2024-10-02 11:04:44,556][INFO][clas_trainer:133] - train epoch: 2 [24064/80400 (30%)], lr: ['1.00e-04', '1.00e-04'], loss: 0.004595
[2024-10-02 11:05:26,044][INFO][clas_trainer:133] - train epoch: 2 [32096/80400 (40%)], lr: ['1.00e-04', '1.00e-04'], loss: 0.020312
[2024-10-02 11:06:06,792][INFO][clas_trainer:133] - train epoch: 2 [40128/80400 (50%)], lr: ['1.00e-04', '1.00e-04'], loss: 0.003925
[2024-10-02 11:06:50,876][INFO][clas_trainer:133] - train epoch: 2 [48160/80400 (60%)], lr: ['1.00e-04', '1.00e-04'], loss: 0.009178
[2024-10-02 11:07:26,588][INFO][clas_trainer:133] - train epoch: 2 [56192/80400 (70%)], lr: ['1.00e-04', '1.00e-04'], loss: 0.001868
[2024-10-02 11:08:02,916][INFO][clas_trainer:133] - train epoch: 2 [64224/80400 (80%)], lr: ['1.00e-04', '1.00e-04'], loss: 0.025427
[2024-10-02 11:08:42,673][INFO][clas_trainer:133] - train epoch: 2 [72256/80400 (90%)], lr: ['1.00e-04', '1.00e-04'], loss: 0.000869
[2024-10-02 11:09:19,603][INFO][clas_trainer:133] - train epoch: 2 [80288/80400 (100%)], lr: ['1.00e-04', '1.00e-04'], loss: 0.002130
[2024-10-02 11:10:05,063][INFO][clas_trainer:63] - [epoch   2] execution time: 443.56s	metrics:
[2024-10-02 11:10:05,064][INFO][clas_evaluator:132] - dataset: earlystopping, avg f1-score: 0.3247
[2024-10-02 11:10:05,104][INFO][base_model:51] - snapshot saved to XXX/frequency-pretraining/models/exp006a-m5-base_fe_clas-2024-10-02_10-52-14-final.pth
[2024-10-02 11:10:46,832][INFO][clas_trainer:133] - train epoch: 3 [8000/80400 (10%)], lr: ['1.00e-04', '1.00e-04'], loss: 0.000185
[2024-10-02 11:11:26,391][INFO][clas_trainer:133] - train epoch: 3 [16032/80400 (20%)], lr: ['1.00e-04', '1.00e-04'], loss: 0.007573
[2024-10-02 11:12:08,833][INFO][clas_trainer:133] - train epoch: 3 [24064/80400 (30%)], lr: ['1.00e-04', '1.00e-04'], loss: 0.001062
[2024-10-02 11:12:49,815][INFO][clas_trainer:133] - train epoch: 3 [32096/80400 (40%)], lr: ['1.00e-04', '1.00e-04'], loss: 0.003309
[2024-10-02 11:13:31,405][INFO][clas_trainer:133] - train epoch: 3 [40128/80400 (50%)], lr: ['1.00e-04', '1.00e-04'], loss: 0.002887
[2024-10-02 11:14:15,284][INFO][clas_trainer:133] - train epoch: 3 [48160/80400 (60%)], lr: ['1.00e-04', '1.00e-04'], loss: 0.000490
[2024-10-02 11:14:55,212][INFO][clas_trainer:133] - train epoch: 3 [56192/80400 (70%)], lr: ['1.00e-04', '1.00e-04'], loss: 0.000237
[2024-10-02 11:15:35,056][INFO][clas_trainer:133] - train epoch: 3 [64224/80400 (80%)], lr: ['1.00e-04', '1.00e-04'], loss: 0.003164
[2024-10-02 11:16:15,823][INFO][clas_trainer:133] - train epoch: 3 [72256/80400 (90%)], lr: ['1.00e-04', '1.00e-04'], loss: 0.001268
[2024-10-02 11:16:58,655][INFO][clas_trainer:133] - train epoch: 3 [80288/80400 (100%)], lr: ['1.00e-04', '1.00e-04'], loss: 0.000365
[2024-10-02 11:17:46,446][INFO][clas_trainer:63] - [epoch   3] execution time: 461.34s	metrics:
[2024-10-02 11:17:46,447][INFO][clas_evaluator:132] - dataset: earlystopping, avg f1-score: 0.3026
[2024-10-02 11:18:30,116][INFO][clas_trainer:133] - train epoch: 4 [8000/80400 (10%)], lr: ['1.00e-04', '1.00e-04'], loss: 0.047068
[2024-10-02 11:19:10,447][INFO][clas_trainer:133] - train epoch: 4 [16032/80400 (20%)], lr: ['1.00e-04', '1.00e-04'], loss: 0.000212
[2024-10-02 11:19:54,753][INFO][clas_trainer:133] - train epoch: 4 [24064/80400 (30%)], lr: ['1.00e-04', '1.00e-04'], loss: 0.000067
[2024-10-02 11:20:37,121][INFO][clas_trainer:133] - train epoch: 4 [32096/80400 (40%)], lr: ['1.00e-04', '1.00e-04'], loss: 0.000059
[2024-10-02 11:21:20,415][INFO][clas_trainer:133] - train epoch: 4 [40128/80400 (50%)], lr: ['1.00e-04', '1.00e-04'], loss: 0.000377
[2024-10-02 11:22:04,871][INFO][clas_trainer:133] - train epoch: 4 [48160/80400 (60%)], lr: ['1.00e-04', '1.00e-04'], loss: 0.000123
[2024-10-02 11:22:43,634][INFO][clas_trainer:133] - train epoch: 4 [56192/80400 (70%)], lr: ['1.00e-04', '1.00e-04'], loss: 0.001530
[2024-10-02 11:23:26,400][INFO][clas_trainer:133] - train epoch: 4 [64224/80400 (80%)], lr: ['1.00e-04', '1.00e-04'], loss: 0.000102
[2024-10-02 11:24:04,413][INFO][clas_trainer:133] - train epoch: 4 [72256/80400 (90%)], lr: ['1.00e-04', '1.00e-04'], loss: 0.000100
[2024-10-02 11:24:43,750][INFO][clas_trainer:133] - train epoch: 4 [80288/80400 (100%)], lr: ['1.00e-04', '1.00e-04'], loss: 0.000366
[2024-10-02 11:25:25,573][INFO][clas_trainer:63] - [epoch   4] execution time: 459.13s	metrics:
[2024-10-02 11:25:25,573][INFO][clas_evaluator:132] - dataset: earlystopping, avg f1-score: 0.3598
[2024-10-02 11:25:25,632][INFO][base_model:51] - snapshot saved to XXX/frequency-pretraining/models/exp006a-m5-base_fe_clas-2024-10-02_10-52-14-final.pth
[2024-10-02 11:26:10,913][INFO][clas_trainer:133] - train epoch: 5 [8000/80400 (10%)], lr: ['1.00e-04', '1.00e-04'], loss: 0.000187
[2024-10-02 11:26:54,734][INFO][clas_trainer:133] - train epoch: 5 [16032/80400 (20%)], lr: ['1.00e-04', '1.00e-04'], loss: 0.000371
[2024-10-02 11:27:40,064][INFO][clas_trainer:133] - train epoch: 5 [24064/80400 (30%)], lr: ['1.00e-04', '1.00e-04'], loss: 0.000027
[2024-10-02 11:28:22,635][INFO][clas_trainer:133] - train epoch: 5 [32096/80400 (40%)], lr: ['1.00e-04', '1.00e-04'], loss: 0.001358
[2024-10-02 11:29:06,432][INFO][clas_trainer:133] - train epoch: 5 [40128/80400 (50%)], lr: ['1.00e-04', '1.00e-04'], loss: 0.000899
[2024-10-02 11:29:51,629][INFO][clas_trainer:133] - train epoch: 5 [48160/80400 (60%)], lr: ['1.00e-04', '1.00e-04'], loss: 0.001424
[2024-10-02 11:30:34,386][INFO][clas_trainer:133] - train epoch: 5 [56192/80400 (70%)], lr: ['1.00e-04', '1.00e-04'], loss: 0.001319
[2024-10-02 11:31:18,311][INFO][clas_trainer:133] - train epoch: 5 [64224/80400 (80%)], lr: ['1.00e-04', '1.00e-04'], loss: 0.000268
[2024-10-02 11:32:04,424][INFO][clas_trainer:133] - train epoch: 5 [72256/80400 (90%)], lr: ['1.00e-04', '1.00e-04'], loss: 0.000048
[2024-10-02 11:32:48,541][INFO][clas_trainer:133] - train epoch: 5 [80288/80400 (100%)], lr: ['1.00e-04', '1.00e-04'], loss: 0.000605
[2024-10-02 11:33:35,352][INFO][clas_trainer:63] - [epoch   5] execution time: 489.72s	metrics:
[2024-10-02 11:33:35,353][INFO][clas_evaluator:132] - dataset: earlystopping, avg f1-score: 0.3667
[2024-10-02 11:33:35,393][INFO][base_model:51] - snapshot saved to XXX/frequency-pretraining/models/exp006a-m5-base_fe_clas-2024-10-02_10-52-14-final.pth
[2024-10-02 11:34:20,404][INFO][clas_trainer:133] - train epoch: 6 [8000/80400 (10%)], lr: ['1.00e-04', '1.00e-04'], loss: 0.000127
[2024-10-02 11:35:02,619][INFO][clas_trainer:133] - train epoch: 6 [16032/80400 (20%)], lr: ['1.00e-04', '1.00e-04'], loss: 0.000208
[2024-10-02 11:35:45,984][INFO][clas_trainer:133] - train epoch: 6 [24064/80400 (30%)], lr: ['1.00e-04', '1.00e-04'], loss: 0.000115
[2024-10-02 11:36:29,784][INFO][clas_trainer:133] - train epoch: 6 [32096/80400 (40%)], lr: ['1.00e-04', '1.00e-04'], loss: 0.000068
[2024-10-02 11:37:12,783][INFO][clas_trainer:133] - train epoch: 6 [40128/80400 (50%)], lr: ['1.00e-04', '1.00e-04'], loss: 0.000515
[2024-10-02 11:37:56,986][INFO][clas_trainer:133] - train epoch: 6 [48160/80400 (60%)], lr: ['1.00e-04', '1.00e-04'], loss: 0.000126
[2024-10-02 11:38:38,069][INFO][clas_trainer:133] - train epoch: 6 [56192/80400 (70%)], lr: ['1.00e-04', '1.00e-04'], loss: 0.000160
[2024-10-02 11:39:19,539][INFO][clas_trainer:133] - train epoch: 6 [64224/80400 (80%)], lr: ['1.00e-04', '1.00e-04'], loss: 0.000520
[2024-10-02 11:39:59,612][INFO][clas_trainer:133] - train epoch: 6 [72256/80400 (90%)], lr: ['1.00e-04', '1.00e-04'], loss: 0.000143
[2024-10-02 11:40:45,328][INFO][clas_trainer:133] - train epoch: 6 [80288/80400 (100%)], lr: ['1.00e-04', '1.00e-04'], loss: 0.000973
[2024-10-02 11:41:30,549][INFO][clas_trainer:63] - [epoch   6] execution time: 475.16s	metrics:
[2024-10-02 11:41:30,554][INFO][clas_evaluator:132] - dataset: earlystopping, avg f1-score: 0.3515
[2024-10-02 11:42:16,951][INFO][clas_trainer:133] - train epoch: 7 [8000/80400 (10%)], lr: ['1.00e-04', '1.00e-04'], loss: 0.000402
[2024-10-02 11:43:01,100][INFO][clas_trainer:133] - train epoch: 7 [16032/80400 (20%)], lr: ['1.00e-04', '1.00e-04'], loss: 0.000073
[2024-10-02 11:43:42,931][INFO][clas_trainer:133] - train epoch: 7 [24064/80400 (30%)], lr: ['1.00e-04', '1.00e-04'], loss: 0.000337
[2024-10-02 11:44:25,180][INFO][clas_trainer:133] - train epoch: 7 [32096/80400 (40%)], lr: ['1.00e-04', '1.00e-04'], loss: 0.000432
[2024-10-02 11:45:07,632][INFO][clas_trainer:133] - train epoch: 7 [40128/80400 (50%)], lr: ['1.00e-04', '1.00e-04'], loss: 0.000475
[2024-10-02 11:45:46,860][INFO][clas_trainer:133] - train epoch: 7 [48160/80400 (60%)], lr: ['1.00e-04', '1.00e-04'], loss: 0.000111
[2024-10-02 11:46:30,050][INFO][clas_trainer:133] - train epoch: 7 [56192/80400 (70%)], lr: ['1.00e-04', '1.00e-04'], loss: 0.000303
[2024-10-02 11:47:11,964][INFO][clas_trainer:133] - train epoch: 7 [64224/80400 (80%)], lr: ['1.00e-04', '1.00e-04'], loss: 0.000698
[2024-10-02 11:47:54,799][INFO][clas_trainer:133] - train epoch: 7 [72256/80400 (90%)], lr: ['1.00e-04', '1.00e-04'], loss: 0.000260
[2024-10-02 11:48:35,805][INFO][clas_trainer:133] - train epoch: 7 [80288/80400 (100%)], lr: ['1.00e-04', '1.00e-04'], loss: 0.000226
[2024-10-02 11:49:19,947][INFO][clas_trainer:63] - [epoch   7] execution time: 469.39s	metrics:
[2024-10-02 11:49:19,947][INFO][clas_evaluator:132] - dataset: earlystopping, avg f1-score: 0.3597
[2024-10-02 11:50:07,510][INFO][clas_trainer:133] - train epoch: 8 [8000/80400 (10%)], lr: ['1.00e-04', '1.00e-04'], loss: 0.000221
[2024-10-02 11:50:51,207][INFO][clas_trainer:133] - train epoch: 8 [16032/80400 (20%)], lr: ['1.00e-04', '1.00e-04'], loss: 0.000246
[2024-10-02 11:51:34,102][INFO][clas_trainer:133] - train epoch: 8 [24064/80400 (30%)], lr: ['1.00e-04', '1.00e-04'], loss: 0.000875
[2024-10-02 11:52:18,268][INFO][clas_trainer:133] - train epoch: 8 [32096/80400 (40%)], lr: ['1.00e-04', '1.00e-04'], loss: 0.000660
[2024-10-02 11:53:00,259][INFO][clas_trainer:133] - train epoch: 8 [40128/80400 (50%)], lr: ['1.00e-04', '1.00e-04'], loss: 0.000739
[2024-10-02 11:53:45,616][INFO][clas_trainer:133] - train epoch: 8 [48160/80400 (60%)], lr: ['1.00e-04', '1.00e-04'], loss: 0.013851
[2024-10-02 11:54:31,177][INFO][clas_trainer:133] - train epoch: 8 [56192/80400 (70%)], lr: ['1.00e-04', '1.00e-04'], loss: 0.000301
[2024-10-02 11:55:15,885][INFO][clas_trainer:133] - train epoch: 8 [64224/80400 (80%)], lr: ['1.00e-04', '1.00e-04'], loss: 0.000256
[2024-10-02 11:56:00,635][INFO][clas_trainer:133] - train epoch: 8 [72256/80400 (90%)], lr: ['1.00e-04', '1.00e-04'], loss: 0.000372
[2024-10-02 11:56:46,266][INFO][clas_trainer:133] - train epoch: 8 [80288/80400 (100%)], lr: ['1.00e-04', '1.00e-04'], loss: 0.001638
[2024-10-02 11:57:31,820][INFO][clas_trainer:63] - [epoch   8] execution time: 491.87s	metrics:
[2024-10-02 11:57:31,821][INFO][clas_evaluator:132] - dataset: earlystopping, avg f1-score: 0.3300
[2024-10-02 11:58:15,880][INFO][clas_trainer:133] - train epoch: 9 [8000/80400 (10%)], lr: ['1.00e-04', '1.00e-04'], loss: 0.002023
[2024-10-02 11:58:59,416][INFO][clas_trainer:133] - train epoch: 9 [16032/80400 (20%)], lr: ['1.00e-04', '1.00e-04'], loss: 0.000324
[2024-10-02 11:59:43,956][INFO][clas_trainer:133] - train epoch: 9 [24064/80400 (30%)], lr: ['1.00e-04', '1.00e-04'], loss: 0.000432
[2024-10-02 12:00:30,688][INFO][clas_trainer:133] - train epoch: 9 [32096/80400 (40%)], lr: ['1.00e-04', '1.00e-04'], loss: 0.000725
[2024-10-02 12:01:13,601][INFO][clas_trainer:133] - train epoch: 9 [40128/80400 (50%)], lr: ['1.00e-04', '1.00e-04'], loss: 0.000732
[2024-10-02 12:01:58,280][INFO][clas_trainer:133] - train epoch: 9 [48160/80400 (60%)], lr: ['1.00e-04', '1.00e-04'], loss: 0.000688
[2024-10-02 12:02:46,128][INFO][clas_trainer:133] - train epoch: 9 [56192/80400 (70%)], lr: ['1.00e-04', '1.00e-04'], loss: 0.000649
[2024-10-02 12:03:28,495][INFO][clas_trainer:133] - train epoch: 9 [64224/80400 (80%)], lr: ['1.00e-04', '1.00e-04'], loss: 0.000663
[2024-10-02 12:04:12,738][INFO][clas_trainer:133] - train epoch: 9 [72256/80400 (90%)], lr: ['1.00e-04', '1.00e-04'], loss: 0.002132
[2024-10-02 12:04:57,695][INFO][clas_trainer:133] - train epoch: 9 [80288/80400 (100%)], lr: ['1.00e-04', '1.00e-04'], loss: 0.000325
[2024-10-02 12:05:39,947][INFO][clas_trainer:63] - [epoch   9] execution time: 488.13s	metrics:
[2024-10-02 12:05:39,948][INFO][clas_evaluator:132] - dataset: earlystopping, avg f1-score: 0.3447
[2024-10-02 12:06:24,056][INFO][clas_trainer:133] - train epoch: 10 [8000/80400 (10%)], lr: ['1.00e-04', '1.00e-04'], loss: 0.001005
[2024-10-02 12:07:11,208][INFO][clas_trainer:133] - train epoch: 10 [16032/80400 (20%)], lr: ['1.00e-04', '1.00e-04'], loss: 0.000879
[2024-10-02 12:07:56,802][INFO][clas_trainer:133] - train epoch: 10 [24064/80400 (30%)], lr: ['1.00e-04', '1.00e-04'], loss: 0.001068
[2024-10-02 12:08:42,422][INFO][clas_trainer:133] - train epoch: 10 [32096/80400 (40%)], lr: ['1.00e-04', '1.00e-04'], loss: 0.000627
[2024-10-02 12:09:28,099][INFO][clas_trainer:133] - train epoch: 10 [40128/80400 (50%)], lr: ['1.00e-04', '1.00e-04'], loss: 0.000547
[2024-10-02 12:10:13,420][INFO][clas_trainer:133] - train epoch: 10 [48160/80400 (60%)], lr: ['1.00e-04', '1.00e-04'], loss: 0.001517
[2024-10-02 12:10:58,868][INFO][clas_trainer:133] - train epoch: 10 [56192/80400 (70%)], lr: ['1.00e-04', '1.00e-04'], loss: 0.000709
[2024-10-02 12:11:45,542][INFO][clas_trainer:133] - train epoch: 10 [64224/80400 (80%)], lr: ['1.00e-04', '1.00e-04'], loss: 0.000777
[2024-10-02 12:12:28,893][INFO][clas_trainer:133] - train epoch: 10 [72256/80400 (90%)], lr: ['1.00e-04', '1.00e-04'], loss: 0.000669
[2024-10-02 12:13:13,571][INFO][clas_trainer:133] - train epoch: 10 [80288/80400 (100%)], lr: ['1.00e-04', '1.00e-04'], loss: 0.000606
[2024-10-02 12:13:57,730][INFO][clas_trainer:63] - [epoch  10] execution time: 497.78s	metrics:
[2024-10-02 12:13:57,731][INFO][clas_evaluator:132] - dataset: earlystopping, avg f1-score: 0.3562
[2024-10-02 12:14:44,589][INFO][clas_trainer:133] - train epoch: 11 [8000/80400 (10%)], lr: ['1.00e-04', '1.00e-04'], loss: 0.001046
[2024-10-02 12:15:29,308][INFO][clas_trainer:133] - train epoch: 11 [16032/80400 (20%)], lr: ['1.00e-04', '1.00e-04'], loss: 0.000675
[2024-10-02 12:16:14,400][INFO][clas_trainer:133] - train epoch: 11 [24064/80400 (30%)], lr: ['1.00e-04', '1.00e-04'], loss: 0.000649
[2024-10-02 12:16:58,626][INFO][clas_trainer:133] - train epoch: 11 [32096/80400 (40%)], lr: ['1.00e-04', '1.00e-04'], loss: 0.001255
[2024-10-02 12:17:42,654][INFO][clas_trainer:133] - train epoch: 11 [40128/80400 (50%)], lr: ['1.00e-04', '1.00e-04'], loss: 0.000477
[2024-10-02 12:18:26,652][INFO][clas_trainer:133] - train epoch: 11 [48160/80400 (60%)], lr: ['1.00e-04', '1.00e-04'], loss: 0.001769
[2024-10-02 12:19:13,828][INFO][clas_trainer:133] - train epoch: 11 [56192/80400 (70%)], lr: ['1.00e-04', '1.00e-04'], loss: 0.000632
[2024-10-02 12:19:59,150][INFO][clas_trainer:133] - train epoch: 11 [64224/80400 (80%)], lr: ['1.00e-04', '1.00e-04'], loss: 0.000618
[2024-10-02 12:20:42,290][INFO][clas_trainer:133] - train epoch: 11 [72256/80400 (90%)], lr: ['1.00e-04', '1.00e-04'], loss: 0.001175
[2024-10-02 12:21:25,217][INFO][clas_trainer:133] - train epoch: 11 [80288/80400 (100%)], lr: ['1.00e-04', '1.00e-04'], loss: 0.000500
[2024-10-02 12:22:13,355][INFO][clas_trainer:63] - [epoch  11] execution time: 495.62s	metrics:
[2024-10-02 12:22:13,356][INFO][clas_evaluator:132] - dataset: earlystopping, avg f1-score: 0.2819
[2024-10-02 12:22:57,916][INFO][clas_trainer:133] - train epoch: 12 [8000/80400 (10%)], lr: ['1.00e-04', '1.00e-04'], loss: 0.000839
[2024-10-02 12:23:39,441][INFO][clas_trainer:133] - train epoch: 12 [16032/80400 (20%)], lr: ['1.00e-04', '1.00e-04'], loss: 0.000356
[2024-10-02 12:24:23,782][INFO][clas_trainer:133] - train epoch: 12 [24064/80400 (30%)], lr: ['1.00e-04', '1.00e-04'], loss: 0.001157
[2024-10-02 12:25:08,447][INFO][clas_trainer:133] - train epoch: 12 [32096/80400 (40%)], lr: ['1.00e-04', '1.00e-04'], loss: 0.000436
[2024-10-02 12:25:52,006][INFO][clas_trainer:133] - train epoch: 12 [40128/80400 (50%)], lr: ['1.00e-04', '1.00e-04'], loss: 0.000673
[2024-10-02 12:26:37,602][INFO][clas_trainer:133] - train epoch: 12 [48160/80400 (60%)], lr: ['1.00e-04', '1.00e-04'], loss: 0.000355
[2024-10-02 12:27:19,781][INFO][clas_trainer:133] - train epoch: 12 [56192/80400 (70%)], lr: ['1.00e-04', '1.00e-04'], loss: 0.000742
[2024-10-02 12:28:05,783][INFO][clas_trainer:133] - train epoch: 12 [64224/80400 (80%)], lr: ['1.00e-04', '1.00e-04'], loss: 0.001288
[2024-10-02 12:28:50,830][INFO][clas_trainer:133] - train epoch: 12 [72256/80400 (90%)], lr: ['1.00e-04', '1.00e-04'], loss: 0.000777
[2024-10-02 12:29:34,792][INFO][clas_trainer:133] - train epoch: 12 [80288/80400 (100%)], lr: ['1.00e-04', '1.00e-04'], loss: 0.000607
[2024-10-02 12:30:19,292][INFO][clas_trainer:63] - [epoch  12] execution time: 485.94s	metrics:
[2024-10-02 12:30:19,293][INFO][clas_evaluator:132] - dataset: earlystopping, avg f1-score: 0.3474
[2024-10-02 12:31:03,610][INFO][clas_trainer:133] - train epoch: 13 [8000/80400 (10%)], lr: ['1.00e-04', '1.00e-04'], loss: 0.000425
[2024-10-02 12:31:48,597][INFO][clas_trainer:133] - train epoch: 13 [16032/80400 (20%)], lr: ['1.00e-04', '1.00e-04'], loss: 0.000539
[2024-10-02 12:32:31,614][INFO][clas_trainer:133] - train epoch: 13 [24064/80400 (30%)], lr: ['1.00e-04', '1.00e-04'], loss: 0.000512
[2024-10-02 12:33:16,192][INFO][clas_trainer:133] - train epoch: 13 [32096/80400 (40%)], lr: ['1.00e-04', '1.00e-04'], loss: 0.000550
[2024-10-02 12:33:59,709][INFO][clas_trainer:133] - train epoch: 13 [40128/80400 (50%)], lr: ['1.00e-04', '1.00e-04'], loss: 0.000734
[2024-10-02 12:34:46,045][INFO][clas_trainer:133] - train epoch: 13 [48160/80400 (60%)], lr: ['1.00e-04', '1.00e-04'], loss: 0.000424
[2024-10-02 12:35:27,146][INFO][clas_trainer:133] - train epoch: 13 [56192/80400 (70%)], lr: ['1.00e-04', '1.00e-04'], loss: 0.000625
[2024-10-02 12:36:10,626][INFO][clas_trainer:133] - train epoch: 13 [64224/80400 (80%)], lr: ['1.00e-04', '1.00e-04'], loss: 0.000771
[2024-10-02 12:36:54,090][INFO][clas_trainer:133] - train epoch: 13 [72256/80400 (90%)], lr: ['1.00e-04', '1.00e-04'], loss: 0.001205
[2024-10-02 12:37:34,308][INFO][clas_trainer:133] - train epoch: 13 [80288/80400 (100%)], lr: ['1.00e-04', '1.00e-04'], loss: 0.000680
[2024-10-02 12:38:18,066][INFO][clas_trainer:63] - [epoch  13] execution time: 478.77s	metrics:
[2024-10-02 12:38:18,067][INFO][clas_evaluator:132] - dataset: earlystopping, avg f1-score: 0.2800
[2024-10-02 12:39:01,435][INFO][clas_trainer:133] - train epoch: 14 [8000/80400 (10%)], lr: ['1.00e-04', '1.00e-04'], loss: 0.001130
[2024-10-02 12:39:44,597][INFO][clas_trainer:133] - train epoch: 14 [16032/80400 (20%)], lr: ['1.00e-04', '1.00e-04'], loss: 0.000864
[2024-10-02 12:40:26,643][INFO][clas_trainer:133] - train epoch: 14 [24064/80400 (30%)], lr: ['1.00e-04', '1.00e-04'], loss: 0.001431
[2024-10-02 12:41:11,185][INFO][clas_trainer:133] - train epoch: 14 [32096/80400 (40%)], lr: ['1.00e-04', '1.00e-04'], loss: 0.000671
[2024-10-02 12:41:53,753][INFO][clas_trainer:133] - train epoch: 14 [40128/80400 (50%)], lr: ['1.00e-04', '1.00e-04'], loss: 0.000814
[2024-10-02 12:42:36,330][INFO][clas_trainer:133] - train epoch: 14 [48160/80400 (60%)], lr: ['1.00e-04', '1.00e-04'], loss: 0.000879
[2024-10-02 12:43:18,489][INFO][clas_trainer:133] - train epoch: 14 [56192/80400 (70%)], lr: ['1.00e-04', '1.00e-04'], loss: 0.000737
[2024-10-02 12:43:59,002][INFO][clas_trainer:133] - train epoch: 14 [64224/80400 (80%)], lr: ['1.00e-04', '1.00e-04'], loss: 0.001099
[2024-10-02 12:44:41,450][INFO][clas_trainer:133] - train epoch: 14 [72256/80400 (90%)], lr: ['1.00e-04', '1.00e-04'], loss: 0.000523
[2024-10-02 12:45:24,057][INFO][clas_trainer:133] - train epoch: 14 [80288/80400 (100%)], lr: ['1.00e-04', '1.00e-04'], loss: 0.000875
[2024-10-02 12:46:06,585][INFO][clas_trainer:63] - [epoch  14] execution time: 468.52s	metrics:
[2024-10-02 12:46:06,586][INFO][clas_evaluator:132] - dataset: earlystopping, avg f1-score: 0.2872
[2024-10-02 12:46:48,763][INFO][clas_trainer:133] - train epoch: 15 [8000/80400 (10%)], lr: ['1.00e-04', '1.00e-04'], loss: 0.000869
[2024-10-02 12:47:32,098][INFO][clas_trainer:133] - train epoch: 15 [16032/80400 (20%)], lr: ['1.00e-04', '1.00e-04'], loss: 0.000620
[2024-10-02 12:48:14,434][INFO][clas_trainer:133] - train epoch: 15 [24064/80400 (30%)], lr: ['1.00e-04', '1.00e-04'], loss: 0.000572
[2024-10-02 12:48:55,664][INFO][clas_trainer:133] - train epoch: 15 [32096/80400 (40%)], lr: ['1.00e-04', '1.00e-04'], loss: 0.000440
[2024-10-02 12:49:36,722][INFO][clas_trainer:133] - train epoch: 15 [40128/80400 (50%)], lr: ['1.00e-04', '1.00e-04'], loss: 0.010006
[2024-10-02 12:50:19,519][INFO][clas_trainer:133] - train epoch: 15 [48160/80400 (60%)], lr: ['1.00e-04', '1.00e-04'], loss: 0.000780
[2024-10-02 12:51:02,850][INFO][clas_trainer:133] - train epoch: 15 [56192/80400 (70%)], lr: ['1.00e-04', '1.00e-04'], loss: 0.000782
[2024-10-02 12:51:45,521][INFO][clas_trainer:133] - train epoch: 15 [64224/80400 (80%)], lr: ['1.00e-04', '1.00e-04'], loss: 0.001534
[2024-10-02 12:52:27,294][INFO][clas_trainer:133] - train epoch: 15 [72256/80400 (90%)], lr: ['1.00e-04', '1.00e-04'], loss: 0.000780
[2024-10-02 12:53:09,151][INFO][clas_trainer:133] - train epoch: 15 [80288/80400 (100%)], lr: ['1.00e-04', '1.00e-04'], loss: 0.000997
[2024-10-02 12:53:53,108][INFO][clas_trainer:63] - [epoch  15] execution time: 466.52s	metrics:
[2024-10-02 12:53:53,109][INFO][clas_evaluator:132] - dataset: earlystopping, avg f1-score: 0.2936
[2024-10-02 12:53:53,116][INFO][clas_trainer:79] - finished training
[2024-10-02 12:53:53,116][INFO][clas_trainer:80] - best model on epoch: 5 	f1-score: 0.3667
