[2023-11-11 03:11:30,677][INFO][pretrain_and_fine-tune:25] - Using GPU 3
[2023-11-11 03:11:30,680][INFO][pretrain_and_fine-tune:35] - overrides:
hydra:
- hydra.launcher.n_jobs=20
- hydra.mode=MULTIRUN
task:
- m_seed_path_sids={seeds:[2,2,2,2,2],subject_ids:{dod_o_h:$\{data.dod_o_h.cv_5_fold.fold_3\}}}
- data.pretraining.train_dataloader.dataset.n_samples=1000000
- general.gpus=[2,3]

[2023-11-11 03:16:32,011][INFO][freq_trainer:43] - metrics before training (epoch 0):
[2023-11-11 03:16:38,433][INFO][freq_evaluator:47] - dataset: valid_pretraining, acc: 0.000, hamming: 0.510
[2023-11-11 03:18:06,610][INFO][freq_trainer:114] - train epoch: 1 [99904/1000000 (10%)], lr: ['1.00e-04'], loss: 0.693030
[2023-11-11 03:19:26,254][INFO][freq_trainer:114] - train epoch: 1 [199872/1000000 (20%)], lr: ['1.00e-04'], loss: 0.694368
[2023-11-11 03:20:43,486][INFO][freq_trainer:114] - train epoch: 1 [299840/1000000 (30%)], lr: ['1.00e-04'], loss: 0.692580
[2023-11-11 03:21:59,638][INFO][freq_trainer:114] - train epoch: 1 [399808/1000000 (40%)], lr: ['1.00e-04'], loss: 0.680917
[2023-11-11 03:23:19,607][INFO][freq_trainer:114] - train epoch: 1 [499776/1000000 (50%)], lr: ['1.00e-04'], loss: 0.617814
[2023-11-11 03:24:51,379][INFO][freq_trainer:114] - train epoch: 1 [599744/1000000 (60%)], lr: ['1.00e-04'], loss: 0.563408
[2023-11-11 03:26:39,801][INFO][freq_trainer:114] - train epoch: 1 [699712/1000000 (70%)], lr: ['1.00e-04'], loss: 0.509883
[2023-11-11 03:28:51,824][INFO][freq_trainer:114] - train epoch: 1 [799680/1000000 (80%)], lr: ['1.00e-04'], loss: 0.474392
[2023-11-11 03:30:56,601][INFO][freq_trainer:114] - train epoch: 1 [899648/1000000 (90%)], lr: ['1.00e-04'], loss: 0.405331
[2023-11-11 03:33:13,625][INFO][freq_trainer:114] - train epoch: 1 [999616/1000000 (100%)], lr: ['1.00e-04'], loss: 0.383577
[2023-11-11 03:33:23,077][INFO][freq_trainer:57] - [epoch   1] execution time: 1004.64s	metrics:
[2023-11-11 03:33:23,078][INFO][freq_evaluator:47] - dataset: valid_pretraining, acc: 0.117, hamming: 0.837
[2023-11-11 03:33:23,108][INFO][base_model:51] - snapshot saved to ./models/exp003b-m11-simple_multi_class-2023-11-11_03-11-14-final.pth
[2023-11-11 03:34:32,443][INFO][freq_trainer:114] - train epoch: 2 [99904/1000000 (10%)], lr: ['1.00e-04'], loss: 0.343270
[2023-11-11 03:35:38,957][INFO][freq_trainer:114] - train epoch: 2 [199872/1000000 (20%)], lr: ['1.00e-04'], loss: 0.339477
[2023-11-11 03:36:45,516][INFO][freq_trainer:114] - train epoch: 2 [299840/1000000 (30%)], lr: ['1.00e-04'], loss: 0.308489
[2023-11-11 03:37:57,782][INFO][freq_trainer:114] - train epoch: 2 [399808/1000000 (40%)], lr: ['1.00e-04'], loss: 0.317539
[2023-11-11 03:39:21,182][INFO][freq_trainer:114] - train epoch: 2 [499776/1000000 (50%)], lr: ['1.00e-04'], loss: 0.299510
[2023-11-11 03:41:07,154][INFO][freq_trainer:114] - train epoch: 2 [599744/1000000 (60%)], lr: ['1.00e-04'], loss: 0.296320
[2023-11-11 03:43:05,510][INFO][freq_trainer:114] - train epoch: 2 [699712/1000000 (70%)], lr: ['1.00e-04'], loss: 0.277775
[2023-11-11 03:45:14,172][INFO][freq_trainer:114] - train epoch: 2 [799680/1000000 (80%)], lr: ['1.00e-04'], loss: 0.278762
[2023-11-11 03:47:38,472][INFO][freq_trainer:114] - train epoch: 2 [899648/1000000 (90%)], lr: ['1.00e-04'], loss: 0.237645
[2023-11-11 03:50:49,860][INFO][freq_trainer:114] - train epoch: 2 [999616/1000000 (100%)], lr: ['1.00e-04'], loss: 0.260659
[2023-11-11 03:51:00,220][INFO][freq_trainer:57] - [epoch   2] execution time: 1057.11s	metrics:
[2023-11-11 03:51:00,221][INFO][freq_evaluator:47] - dataset: valid_pretraining, acc: 0.184, hamming: 0.895
[2023-11-11 03:51:00,257][INFO][base_model:51] - snapshot saved to ./models/exp003b-m11-simple_multi_class-2023-11-11_03-11-14-final.pth
[2023-11-11 03:52:12,928][INFO][freq_trainer:114] - train epoch: 3 [99904/1000000 (10%)], lr: ['1.00e-04'], loss: 0.250710
[2023-11-11 03:53:23,907][INFO][freq_trainer:114] - train epoch: 3 [199872/1000000 (20%)], lr: ['1.00e-04'], loss: 0.207229
[2023-11-11 03:54:34,995][INFO][freq_trainer:114] - train epoch: 3 [299840/1000000 (30%)], lr: ['1.00e-04'], loss: 0.223015
[2023-11-11 03:55:52,699][INFO][freq_trainer:114] - train epoch: 3 [399808/1000000 (40%)], lr: ['1.00e-04'], loss: 0.219718
[2023-11-11 03:57:04,376][INFO][freq_trainer:114] - train epoch: 3 [499776/1000000 (50%)], lr: ['1.00e-04'], loss: 0.200986
[2023-11-11 03:58:26,214][INFO][freq_trainer:114] - train epoch: 3 [599744/1000000 (60%)], lr: ['1.00e-04'], loss: 0.223885
[2023-11-11 04:00:05,330][INFO][freq_trainer:114] - train epoch: 3 [699712/1000000 (70%)], lr: ['1.00e-04'], loss: 0.205609
[2023-11-11 04:02:01,721][INFO][freq_trainer:114] - train epoch: 3 [799680/1000000 (80%)], lr: ['1.00e-04'], loss: 0.215742
[2023-11-11 04:04:30,646][INFO][freq_trainer:114] - train epoch: 3 [899648/1000000 (90%)], lr: ['1.00e-04'], loss: 0.205212
[2023-11-11 04:07:20,616][INFO][freq_trainer:114] - train epoch: 3 [999616/1000000 (100%)], lr: ['1.00e-04'], loss: 0.208218
[2023-11-11 04:07:30,270][INFO][freq_trainer:57] - [epoch   3] execution time: 990.01s	metrics:
[2023-11-11 04:07:30,271][INFO][freq_evaluator:47] - dataset: valid_pretraining, acc: 0.222, hamming: 0.910
[2023-11-11 04:07:30,480][INFO][base_model:51] - snapshot saved to ./models/exp003b-m11-simple_multi_class-2023-11-11_03-11-14-final.pth
[2023-11-11 04:08:40,815][INFO][freq_trainer:114] - train epoch: 4 [99904/1000000 (10%)], lr: ['1.00e-04'], loss: 0.196601
[2023-11-11 04:09:51,214][INFO][freq_trainer:114] - train epoch: 4 [199872/1000000 (20%)], lr: ['1.00e-04'], loss: 0.211683
[2023-11-11 04:11:00,379][INFO][freq_trainer:114] - train epoch: 4 [299840/1000000 (30%)], lr: ['1.00e-04'], loss: 0.229899
[2023-11-11 04:12:22,072][INFO][freq_trainer:114] - train epoch: 4 [399808/1000000 (40%)], lr: ['1.00e-04'], loss: 0.210038
[2023-11-11 04:13:52,350][INFO][freq_trainer:114] - train epoch: 4 [499776/1000000 (50%)], lr: ['1.00e-04'], loss: 0.218817
[2023-11-11 04:15:27,808][INFO][freq_trainer:114] - train epoch: 4 [599744/1000000 (60%)], lr: ['1.00e-04'], loss: 0.171539
[2023-11-11 04:17:28,745][INFO][freq_trainer:114] - train epoch: 4 [699712/1000000 (70%)], lr: ['1.00e-04'], loss: 0.195308
[2023-11-11 04:20:04,356][INFO][freq_trainer:114] - train epoch: 4 [799680/1000000 (80%)], lr: ['1.00e-04'], loss: 0.197566
[2023-11-11 04:22:56,478][INFO][freq_trainer:114] - train epoch: 4 [899648/1000000 (90%)], lr: ['1.00e-04'], loss: 0.193737
[2023-11-11 04:26:22,424][INFO][freq_trainer:114] - train epoch: 4 [999616/1000000 (100%)], lr: ['1.00e-04'], loss: 0.199645
[2023-11-11 04:26:32,885][INFO][freq_trainer:57] - [epoch   4] execution time: 1142.40s	metrics:
[2023-11-11 04:26:32,886][INFO][freq_evaluator:47] - dataset: valid_pretraining, acc: 0.227, hamming: 0.911
[2023-11-11 04:26:32,932][INFO][base_model:51] - snapshot saved to ./models/exp003b-m11-simple_multi_class-2023-11-11_03-11-14-final.pth
[2023-11-11 04:27:45,786][INFO][freq_trainer:114] - train epoch: 5 [99904/1000000 (10%)], lr: ['1.00e-04'], loss: 0.195017
[2023-11-11 04:28:59,449][INFO][freq_trainer:114] - train epoch: 5 [199872/1000000 (20%)], lr: ['1.00e-04'], loss: 0.200285
[2023-11-11 04:30:25,972][INFO][freq_trainer:114] - train epoch: 5 [299840/1000000 (30%)], lr: ['1.00e-04'], loss: 0.176204
[2023-11-11 04:32:06,208][INFO][freq_trainer:114] - train epoch: 5 [399808/1000000 (40%)], lr: ['1.00e-04'], loss: 0.206720
[2023-11-11 04:33:57,823][INFO][freq_trainer:114] - train epoch: 5 [499776/1000000 (50%)], lr: ['1.00e-04'], loss: 0.208032
[2023-11-11 04:36:11,072][INFO][freq_trainer:114] - train epoch: 5 [599744/1000000 (60%)], lr: ['1.00e-04'], loss: 0.191035
[2023-11-11 04:38:24,882][INFO][freq_trainer:114] - train epoch: 5 [699712/1000000 (70%)], lr: ['1.00e-04'], loss: 0.197266
[2023-11-11 04:41:11,521][INFO][freq_trainer:114] - train epoch: 5 [799680/1000000 (80%)], lr: ['1.00e-04'], loss: 0.197912
[2023-11-11 04:45:10,539][INFO][freq_trainer:114] - train epoch: 5 [899648/1000000 (90%)], lr: ['1.00e-04'], loss: 0.189630
[2023-11-11 04:48:56,461][INFO][freq_trainer:114] - train epoch: 5 [999616/1000000 (100%)], lr: ['1.00e-04'], loss: 0.193934
[2023-11-11 04:49:08,197][INFO][freq_trainer:57] - [epoch   5] execution time: 1355.26s	metrics:
[2023-11-11 04:49:08,197][INFO][freq_evaluator:47] - dataset: valid_pretraining, acc: 0.239, hamming: 0.913
[2023-11-11 04:49:08,231][INFO][base_model:51] - snapshot saved to ./models/exp003b-m11-simple_multi_class-2023-11-11_03-11-14-final.pth
[2023-11-11 04:50:22,058][INFO][freq_trainer:114] - train epoch: 6 [99904/1000000 (10%)], lr: ['1.00e-04'], loss: 0.185599
[2023-11-11 04:51:37,596][INFO][freq_trainer:114] - train epoch: 6 [199872/1000000 (20%)], lr: ['1.00e-04'], loss: 0.190746
[2023-11-11 04:53:04,175][INFO][freq_trainer:114] - train epoch: 6 [299840/1000000 (30%)], lr: ['1.00e-04'], loss: 0.162826
[2023-11-11 04:54:42,861][INFO][freq_trainer:114] - train epoch: 6 [399808/1000000 (40%)], lr: ['1.00e-04'], loss: 0.185203
[2023-11-11 04:56:35,447][INFO][freq_trainer:114] - train epoch: 6 [499776/1000000 (50%)], lr: ['1.00e-04'], loss: 0.185317
[2023-11-11 04:58:49,986][INFO][freq_trainer:114] - train epoch: 6 [599744/1000000 (60%)], lr: ['1.00e-04'], loss: 0.184920
[2023-11-11 05:01:35,458][INFO][freq_trainer:114] - train epoch: 6 [699712/1000000 (70%)], lr: ['1.00e-04'], loss: 0.198400
[2023-11-11 05:04:46,605][INFO][freq_trainer:114] - train epoch: 6 [799680/1000000 (80%)], lr: ['1.00e-04'], loss: 0.190509
[2023-11-11 05:09:04,478][INFO][freq_trainer:114] - train epoch: 6 [899648/1000000 (90%)], lr: ['1.00e-04'], loss: 0.205478
[2023-11-11 05:13:48,891][INFO][freq_trainer:114] - train epoch: 6 [999616/1000000 (100%)], lr: ['1.00e-04'], loss: 0.176338
[2023-11-11 05:14:00,746][INFO][freq_trainer:57] - [epoch   6] execution time: 1492.51s	metrics:
[2023-11-11 05:14:00,747][INFO][freq_evaluator:47] - dataset: valid_pretraining, acc: 0.238, hamming: 0.916
[2023-11-11 05:14:00,777][INFO][base_model:51] - snapshot saved to ./models/exp003b-m11-simple_multi_class-2023-11-11_03-11-14-final.pth
[2023-11-11 05:15:20,207][INFO][freq_trainer:114] - train epoch: 7 [99904/1000000 (10%)], lr: ['1.00e-04'], loss: 0.188007
[2023-11-11 05:16:39,237][INFO][freq_trainer:114] - train epoch: 7 [199872/1000000 (20%)], lr: ['1.00e-04'], loss: 0.199762
[2023-11-11 05:18:14,611][INFO][freq_trainer:114] - train epoch: 7 [299840/1000000 (30%)], lr: ['1.00e-04'], loss: 0.195922
[2023-11-11 05:20:04,740][INFO][freq_trainer:114] - train epoch: 7 [399808/1000000 (40%)], lr: ['1.00e-04'], loss: 0.191025
[2023-11-11 05:22:25,405][INFO][freq_trainer:114] - train epoch: 7 [499776/1000000 (50%)], lr: ['1.00e-04'], loss: 0.185100
[2023-11-11 05:24:53,170][INFO][freq_trainer:114] - train epoch: 7 [599744/1000000 (60%)], lr: ['1.00e-04'], loss: 0.170418
[2023-11-11 05:28:20,754][INFO][freq_trainer:114] - train epoch: 7 [699712/1000000 (70%)], lr: ['1.00e-04'], loss: 0.198923
[2023-11-11 05:32:38,090][INFO][freq_trainer:114] - train epoch: 7 [799680/1000000 (80%)], lr: ['1.00e-04'], loss: 0.192497
[2023-11-11 05:37:55,820][INFO][freq_trainer:114] - train epoch: 7 [899648/1000000 (90%)], lr: ['1.00e-04'], loss: 0.172433
[2023-11-11 05:44:20,409][INFO][freq_trainer:114] - train epoch: 7 [999616/1000000 (100%)], lr: ['1.00e-04'], loss: 0.184636
[2023-11-11 05:44:32,968][INFO][freq_trainer:57] - [epoch   7] execution time: 1832.19s	metrics:
[2023-11-11 05:44:32,969][INFO][freq_evaluator:47] - dataset: valid_pretraining, acc: 0.254, hamming: 0.917
[2023-11-11 05:44:33,009][INFO][base_model:51] - snapshot saved to ./models/exp003b-m11-simple_multi_class-2023-11-11_03-11-14-final.pth
[2023-11-11 05:45:52,122][INFO][freq_trainer:114] - train epoch: 8 [99904/1000000 (10%)], lr: ['1.00e-04'], loss: 0.190934
[2023-11-11 05:47:08,353][INFO][freq_trainer:114] - train epoch: 8 [199872/1000000 (20%)], lr: ['1.00e-04'], loss: 0.173500
[2023-11-11 05:48:40,342][INFO][freq_trainer:114] - train epoch: 8 [299840/1000000 (30%)], lr: ['1.00e-04'], loss: 0.169063
[2023-11-11 05:50:41,477][INFO][freq_trainer:114] - train epoch: 8 [399808/1000000 (40%)], lr: ['1.00e-04'], loss: 0.171636
[2023-11-11 05:53:32,892][INFO][freq_trainer:114] - train epoch: 8 [499776/1000000 (50%)], lr: ['1.00e-04'], loss: 0.183838
[2023-11-11 05:56:34,176][INFO][freq_trainer:114] - train epoch: 8 [599744/1000000 (60%)], lr: ['1.00e-04'], loss: 0.190155
[2023-11-11 05:58:50,483][INFO][freq_trainer:114] - train epoch: 8 [699712/1000000 (70%)], lr: ['1.00e-04'], loss: 0.169239
[2023-11-11 06:03:07,405][INFO][freq_trainer:114] - train epoch: 8 [799680/1000000 (80%)], lr: ['1.00e-04'], loss: 0.200077
[2023-11-11 06:07:29,269][INFO][freq_trainer:114] - train epoch: 8 [899648/1000000 (90%)], lr: ['1.00e-04'], loss: 0.182664
[2023-11-11 06:13:18,219][INFO][freq_trainer:114] - train epoch: 8 [999616/1000000 (100%)], lr: ['1.00e-04'], loss: 0.163388
[2023-11-11 06:13:32,409][INFO][freq_trainer:57] - [epoch   8] execution time: 1739.40s	metrics:
[2023-11-11 06:13:32,410][INFO][freq_evaluator:47] - dataset: valid_pretraining, acc: 0.250, hamming: 0.917
[2023-11-11 06:13:32,443][INFO][base_model:51] - snapshot saved to ./models/exp003b-m11-simple_multi_class-2023-11-11_03-11-14-final.pth
[2023-11-11 06:14:47,673][INFO][freq_trainer:114] - train epoch: 9 [99904/1000000 (10%)], lr: ['1.00e-04'], loss: 0.190946
[2023-11-11 06:16:06,884][INFO][freq_trainer:114] - train epoch: 9 [199872/1000000 (20%)], lr: ['1.00e-04'], loss: 0.161668
[2023-11-11 06:17:48,520][INFO][freq_trainer:114] - train epoch: 9 [299840/1000000 (30%)], lr: ['1.00e-04'], loss: 0.169952
[2023-11-11 06:19:34,473][INFO][freq_trainer:114] - train epoch: 9 [399808/1000000 (40%)], lr: ['1.00e-04'], loss: 0.166078
[2023-11-11 06:21:35,296][INFO][freq_trainer:114] - train epoch: 9 [499776/1000000 (50%)], lr: ['1.00e-04'], loss: 0.188180
[2023-11-11 06:24:18,239][INFO][freq_trainer:114] - train epoch: 9 [599744/1000000 (60%)], lr: ['1.00e-04'], loss: 0.156681
[2023-11-11 06:27:40,609][INFO][freq_trainer:114] - train epoch: 9 [699712/1000000 (70%)], lr: ['1.00e-04'], loss: 0.158942
[2023-11-11 06:30:58,811][INFO][freq_trainer:114] - train epoch: 9 [799680/1000000 (80%)], lr: ['1.00e-04'], loss: 0.177023
[2023-11-11 06:35:18,010][INFO][freq_trainer:114] - train epoch: 9 [899648/1000000 (90%)], lr: ['1.00e-04'], loss: 0.177043
[2023-11-11 06:40:31,757][INFO][freq_trainer:114] - train epoch: 9 [999616/1000000 (100%)], lr: ['1.00e-04'], loss: 0.196179
[2023-11-11 06:40:44,384][INFO][freq_trainer:57] - [epoch   9] execution time: 1631.94s	metrics:
[2023-11-11 06:40:44,385][INFO][freq_evaluator:47] - dataset: valid_pretraining, acc: 0.254, hamming: 0.919
[2023-11-11 06:40:44,421][INFO][base_model:51] - snapshot saved to ./models/exp003b-m11-simple_multi_class-2023-11-11_03-11-14-final.pth
[2023-11-11 06:41:55,270][INFO][freq_trainer:114] - train epoch: 10 [99904/1000000 (10%)], lr: ['1.00e-04'], loss: 0.181176
[2023-11-11 06:43:04,733][INFO][freq_trainer:114] - train epoch: 10 [199872/1000000 (20%)], lr: ['1.00e-04'], loss: 0.174459
[2023-11-11 06:44:21,957][INFO][freq_trainer:114] - train epoch: 10 [299840/1000000 (30%)], lr: ['1.00e-04'], loss: 0.178539
[2023-11-11 06:45:56,162][INFO][freq_trainer:114] - train epoch: 10 [399808/1000000 (40%)], lr: ['1.00e-04'], loss: 0.202041
[2023-11-11 06:47:47,527][INFO][freq_trainer:114] - train epoch: 10 [499776/1000000 (50%)], lr: ['1.00e-04'], loss: 0.162911
[2023-11-11 06:49:46,544][INFO][freq_trainer:114] - train epoch: 10 [599744/1000000 (60%)], lr: ['1.00e-04'], loss: 0.171025
[2023-11-11 06:53:21,689][INFO][freq_trainer:114] - train epoch: 10 [699712/1000000 (70%)], lr: ['1.00e-04'], loss: 0.174408
[2023-11-11 06:57:05,417][INFO][freq_trainer:114] - train epoch: 10 [799680/1000000 (80%)], lr: ['1.00e-04'], loss: 0.190175
[2023-11-11 07:01:48,720][INFO][freq_trainer:114] - train epoch: 10 [899648/1000000 (90%)], lr: ['1.00e-04'], loss: 0.192309
[2023-11-11 07:06:59,753][INFO][freq_trainer:114] - train epoch: 10 [999616/1000000 (100%)], lr: ['1.00e-04'], loss: 0.159258
[2023-11-11 07:07:12,006][INFO][freq_trainer:57] - [epoch  10] execution time: 1587.58s	metrics:
[2023-11-11 07:07:12,007][INFO][freq_evaluator:47] - dataset: valid_pretraining, acc: 0.254, hamming: 0.916
[2023-11-11 07:07:12,043][INFO][base_model:51] - snapshot saved to ./models/exp003b-m11-simple_multi_class-2023-11-11_03-11-14-final.pth
[2023-11-11 07:08:25,111][INFO][freq_trainer:114] - train epoch: 11 [99904/1000000 (10%)], lr: ['1.00e-04'], loss: 0.169285
[2023-11-11 07:09:36,642][INFO][freq_trainer:114] - train epoch: 11 [199872/1000000 (20%)], lr: ['1.00e-04'], loss: 0.178840
[2023-11-11 07:11:05,509][INFO][freq_trainer:114] - train epoch: 11 [299840/1000000 (30%)], lr: ['1.00e-04'], loss: 0.158712
[2023-11-11 07:12:49,281][INFO][freq_trainer:114] - train epoch: 11 [399808/1000000 (40%)], lr: ['1.00e-04'], loss: 0.182339
[2023-11-11 07:15:16,693][INFO][freq_trainer:114] - train epoch: 11 [499776/1000000 (50%)], lr: ['1.00e-04'], loss: 0.176492
[2023-11-11 07:18:04,079][INFO][freq_trainer:114] - train epoch: 11 [599744/1000000 (60%)], lr: ['1.00e-04'], loss: 0.185975
[2023-11-11 07:21:06,445][INFO][freq_trainer:114] - train epoch: 11 [699712/1000000 (70%)], lr: ['1.00e-04'], loss: 0.180974
[2023-11-11 07:25:04,954][INFO][freq_trainer:114] - train epoch: 11 [799680/1000000 (80%)], lr: ['1.00e-04'], loss: 0.205892
[2023-11-11 07:29:53,144][INFO][freq_trainer:114] - train epoch: 11 [899648/1000000 (90%)], lr: ['1.00e-04'], loss: 0.160001
[2023-11-11 07:34:34,882][INFO][freq_trainer:114] - train epoch: 11 [999616/1000000 (100%)], lr: ['1.00e-04'], loss: 0.189944
[2023-11-11 07:34:47,258][INFO][freq_trainer:57] - [epoch  11] execution time: 1655.21s	metrics:
[2023-11-11 07:34:47,259][INFO][freq_evaluator:47] - dataset: valid_pretraining, acc: 0.248, hamming: 0.917
[2023-11-11 07:34:47,307][INFO][base_model:51] - snapshot saved to ./models/exp003b-m11-simple_multi_class-2023-11-11_03-11-14-final.pth
[2023-11-11 07:35:59,186][INFO][freq_trainer:114] - train epoch: 12 [99904/1000000 (10%)], lr: ['1.00e-04'], loss: 0.164849
[2023-11-11 07:37:08,931][INFO][freq_trainer:114] - train epoch: 12 [199872/1000000 (20%)], lr: ['1.00e-04'], loss: 0.163575
[2023-11-11 07:38:30,992][INFO][freq_trainer:114] - train epoch: 12 [299840/1000000 (30%)], lr: ['1.00e-04'], loss: 0.188982
[2023-11-11 07:40:39,484][INFO][freq_trainer:114] - train epoch: 12 [399808/1000000 (40%)], lr: ['1.00e-04'], loss: 0.151652
[2023-11-11 07:43:26,205][INFO][freq_trainer:114] - train epoch: 12 [499776/1000000 (50%)], lr: ['1.00e-04'], loss: 0.179503
[2023-11-11 07:46:50,051][INFO][freq_trainer:114] - train epoch: 12 [599744/1000000 (60%)], lr: ['1.00e-04'], loss: 0.174920
[2023-11-11 07:49:54,403][INFO][freq_trainer:114] - train epoch: 12 [699712/1000000 (70%)], lr: ['1.00e-04'], loss: 0.176890
[2023-11-11 07:52:55,339][INFO][freq_trainer:114] - train epoch: 12 [799680/1000000 (80%)], lr: ['1.00e-04'], loss: 0.188404
[2023-11-11 07:57:30,238][INFO][freq_trainer:114] - train epoch: 12 [899648/1000000 (90%)], lr: ['1.00e-04'], loss: 0.202147
[2023-11-11 08:03:23,735][INFO][freq_trainer:114] - train epoch: 12 [999616/1000000 (100%)], lr: ['1.00e-04'], loss: 0.142415
[2023-11-11 08:03:37,756][INFO][freq_trainer:57] - [epoch  12] execution time: 1730.45s	metrics:
[2023-11-11 08:03:37,758][INFO][freq_evaluator:47] - dataset: valid_pretraining, acc: 0.255, hamming: 0.917
[2023-11-11 08:03:37,826][INFO][base_model:51] - snapshot saved to ./models/exp003b-m11-simple_multi_class-2023-11-11_03-11-14-final.pth
[2023-11-11 08:04:56,231][INFO][freq_trainer:114] - train epoch: 13 [99904/1000000 (10%)], lr: ['1.00e-04'], loss: 0.160850
[2023-11-11 08:06:06,049][INFO][freq_trainer:114] - train epoch: 13 [199872/1000000 (20%)], lr: ['1.00e-04'], loss: 0.192447
[2023-11-11 08:07:26,105][INFO][freq_trainer:114] - train epoch: 13 [299840/1000000 (30%)], lr: ['1.00e-04'], loss: 0.168135
[2023-11-11 08:09:06,539][INFO][freq_trainer:114] - train epoch: 13 [399808/1000000 (40%)], lr: ['1.00e-04'], loss: 0.216580
[2023-11-11 08:11:19,267][INFO][freq_trainer:114] - train epoch: 13 [499776/1000000 (50%)], lr: ['1.00e-04'], loss: 0.149777
[2023-11-11 08:14:01,448][INFO][freq_trainer:114] - train epoch: 13 [599744/1000000 (60%)], lr: ['1.00e-04'], loss: 0.159259
[2023-11-11 08:17:03,156][INFO][freq_trainer:114] - train epoch: 13 [699712/1000000 (70%)], lr: ['1.00e-04'], loss: 0.177196
[2023-11-11 08:20:18,453][INFO][freq_trainer:114] - train epoch: 13 [799680/1000000 (80%)], lr: ['1.00e-04'], loss: 0.165277
[2023-11-11 08:25:08,804][INFO][freq_trainer:114] - train epoch: 13 [899648/1000000 (90%)], lr: ['1.00e-04'], loss: 0.186736
[2023-11-11 08:30:46,017][INFO][freq_trainer:114] - train epoch: 13 [999616/1000000 (100%)], lr: ['1.00e-04'], loss: 0.165812
[2023-11-11 08:30:58,371][INFO][freq_trainer:57] - [epoch  13] execution time: 1640.54s	metrics:
[2023-11-11 08:30:58,372][INFO][freq_evaluator:47] - dataset: valid_pretraining, acc: 0.252, hamming: 0.918
[2023-11-11 08:30:58,410][INFO][base_model:51] - snapshot saved to ./models/exp003b-m11-simple_multi_class-2023-11-11_03-11-14-final.pth
[2023-11-11 08:32:10,072][INFO][freq_trainer:114] - train epoch: 14 [99904/1000000 (10%)], lr: ['1.00e-04'], loss: 0.148519
[2023-11-11 08:33:16,635][INFO][freq_trainer:114] - train epoch: 14 [199872/1000000 (20%)], lr: ['1.00e-04'], loss: 0.166422
[2023-11-11 08:34:30,629][INFO][freq_trainer:114] - train epoch: 14 [299840/1000000 (30%)], lr: ['1.00e-04'], loss: 0.192447
[2023-11-11 08:36:08,467][INFO][freq_trainer:114] - train epoch: 14 [399808/1000000 (40%)], lr: ['1.00e-04'], loss: 0.148554
[2023-11-11 08:38:29,384][INFO][freq_trainer:114] - train epoch: 14 [499776/1000000 (50%)], lr: ['1.00e-04'], loss: 0.163171
[2023-11-11 08:41:06,012][INFO][freq_trainer:114] - train epoch: 14 [599744/1000000 (60%)], lr: ['1.00e-04'], loss: 0.147706
[2023-11-11 08:44:10,399][INFO][freq_trainer:114] - train epoch: 14 [699712/1000000 (70%)], lr: ['1.00e-04'], loss: 0.153531
[2023-11-11 08:47:33,062][INFO][freq_trainer:114] - train epoch: 14 [799680/1000000 (80%)], lr: ['1.00e-04'], loss: 0.174511
[2023-11-11 08:51:33,345][INFO][freq_trainer:114] - train epoch: 14 [899648/1000000 (90%)], lr: ['1.00e-04'], loss: 0.178690
[2023-11-11 08:56:01,632][INFO][freq_trainer:114] - train epoch: 14 [999616/1000000 (100%)], lr: ['1.00e-04'], loss: 0.180669
[2023-11-11 08:56:12,518][INFO][freq_trainer:57] - [epoch  14] execution time: 1514.11s	metrics:
[2023-11-11 08:56:12,519][INFO][freq_evaluator:47] - dataset: valid_pretraining, acc: 0.266, hamming: 0.919
[2023-11-11 08:56:12,548][INFO][base_model:51] - snapshot saved to ./models/exp003b-m11-simple_multi_class-2023-11-11_03-11-14-final.pth
[2023-11-11 08:57:14,302][INFO][freq_trainer:114] - train epoch: 15 [99904/1000000 (10%)], lr: ['1.00e-04'], loss: 0.160138
[2023-11-11 08:58:14,930][INFO][freq_trainer:114] - train epoch: 15 [199872/1000000 (20%)], lr: ['1.00e-04'], loss: 0.136016
[2023-11-11 08:59:19,264][INFO][freq_trainer:114] - train epoch: 15 [299840/1000000 (30%)], lr: ['1.00e-04'], loss: 0.166213
[2023-11-11 09:00:41,721][INFO][freq_trainer:114] - train epoch: 15 [399808/1000000 (40%)], lr: ['1.00e-04'], loss: 0.153158
[2023-11-11 09:02:32,756][INFO][freq_trainer:114] - train epoch: 15 [499776/1000000 (50%)], lr: ['1.00e-04'], loss: 0.161002
[2023-11-11 09:04:55,971][INFO][freq_trainer:114] - train epoch: 15 [599744/1000000 (60%)], lr: ['1.00e-04'], loss: 0.170977
[2023-11-11 09:07:01,787][INFO][freq_trainer:114] - train epoch: 15 [699712/1000000 (70%)], lr: ['1.00e-04'], loss: 0.168015
[2023-11-11 09:09:33,562][INFO][freq_trainer:114] - train epoch: 15 [799680/1000000 (80%)], lr: ['1.00e-04'], loss: 0.158957
[2023-11-11 09:12:30,819][INFO][freq_trainer:114] - train epoch: 15 [899648/1000000 (90%)], lr: ['1.00e-04'], loss: 0.141458
[2023-11-11 09:15:27,889][INFO][freq_trainer:114] - train epoch: 15 [999616/1000000 (100%)], lr: ['1.00e-04'], loss: 0.169671
[2023-11-11 09:15:37,794][INFO][freq_trainer:57] - [epoch  15] execution time: 1165.25s	metrics:
[2023-11-11 09:15:37,795][INFO][freq_evaluator:47] - dataset: valid_pretraining, acc: 0.266, hamming: 0.920
[2023-11-11 09:15:37,827][INFO][base_model:51] - snapshot saved to ./models/exp003b-m11-simple_multi_class-2023-11-11_03-11-14-final.pth
[2023-11-11 09:16:38,841][INFO][freq_trainer:114] - train epoch: 16 [99904/1000000 (10%)], lr: ['1.00e-04'], loss: 0.166567
[2023-11-11 09:17:36,239][INFO][freq_trainer:114] - train epoch: 16 [199872/1000000 (20%)], lr: ['1.00e-04'], loss: 0.180686
[2023-11-11 09:18:35,249][INFO][freq_trainer:114] - train epoch: 16 [299840/1000000 (30%)], lr: ['1.00e-04'], loss: 0.177480
[2023-11-11 09:19:33,523][INFO][freq_trainer:114] - train epoch: 16 [399808/1000000 (40%)], lr: ['1.00e-04'], loss: 0.138352
[2023-11-11 09:20:35,654][INFO][freq_trainer:114] - train epoch: 16 [499776/1000000 (50%)], lr: ['1.00e-04'], loss: 0.170349
[2023-11-11 09:21:44,790][INFO][freq_trainer:114] - train epoch: 16 [599744/1000000 (60%)], lr: ['1.00e-04'], loss: 0.183229
[2023-11-11 09:23:02,369][INFO][freq_trainer:114] - train epoch: 16 [699712/1000000 (70%)], lr: ['1.00e-04'], loss: 0.157245
[2023-11-11 09:24:26,867][INFO][freq_trainer:114] - train epoch: 16 [799680/1000000 (80%)], lr: ['1.00e-04'], loss: 0.171095
[2023-11-11 09:25:59,714][INFO][freq_trainer:114] - train epoch: 16 [899648/1000000 (90%)], lr: ['1.00e-04'], loss: 0.181184
[2023-11-11 09:27:43,429][INFO][freq_trainer:114] - train epoch: 16 [999616/1000000 (100%)], lr: ['1.00e-04'], loss: 0.172728
[2023-11-11 09:27:50,983][INFO][freq_trainer:57] - [epoch  16] execution time: 733.16s	metrics:
[2023-11-11 09:27:50,984][INFO][freq_evaluator:47] - dataset: valid_pretraining, acc: 0.260, hamming: 0.918
[2023-11-11 09:27:51,017][INFO][base_model:51] - snapshot saved to ./models/exp003b-m11-simple_multi_class-2023-11-11_03-11-14-final.pth
[2023-11-11 09:28:52,377][INFO][freq_trainer:114] - train epoch: 17 [99904/1000000 (10%)], lr: ['1.00e-04'], loss: 0.173890
[2023-11-11 09:29:53,770][INFO][freq_trainer:114] - train epoch: 17 [199872/1000000 (20%)], lr: ['1.00e-04'], loss: 0.191241
[2023-11-11 09:30:54,616][INFO][freq_trainer:114] - train epoch: 17 [299840/1000000 (30%)], lr: ['1.00e-04'], loss: 0.165656
[2023-11-11 09:31:57,252][INFO][freq_trainer:114] - train epoch: 17 [399808/1000000 (40%)], lr: ['1.00e-04'], loss: 0.186004
[2023-11-11 09:32:59,881][INFO][freq_trainer:114] - train epoch: 17 [499776/1000000 (50%)], lr: ['1.00e-04'], loss: 0.162642
[2023-11-11 09:34:08,168][INFO][freq_trainer:114] - train epoch: 17 [599744/1000000 (60%)], lr: ['1.00e-04'], loss: 0.148800
[2023-11-11 09:35:24,148][INFO][freq_trainer:114] - train epoch: 17 [699712/1000000 (70%)], lr: ['1.00e-04'], loss: 0.152901
[2023-11-11 09:36:50,644][INFO][freq_trainer:114] - train epoch: 17 [799680/1000000 (80%)], lr: ['1.00e-04'], loss: 0.166549
[2023-11-11 09:38:29,259][INFO][freq_trainer:114] - train epoch: 17 [899648/1000000 (90%)], lr: ['1.00e-04'], loss: 0.156431
[2023-11-11 09:40:12,107][INFO][freq_trainer:114] - train epoch: 17 [999616/1000000 (100%)], lr: ['1.00e-04'], loss: 0.193814
[2023-11-11 09:40:20,033][INFO][freq_trainer:57] - [epoch  17] execution time: 749.02s	metrics:
[2023-11-11 09:40:20,034][INFO][freq_evaluator:47] - dataset: valid_pretraining, acc: 0.269, hamming: 0.921
[2023-11-11 09:40:20,068][INFO][base_model:51] - snapshot saved to ./models/exp003b-m11-simple_multi_class-2023-11-11_03-11-14-final.pth
[2023-11-11 09:41:21,951][INFO][freq_trainer:114] - train epoch: 18 [99904/1000000 (10%)], lr: ['1.00e-04'], loss: 0.163424
[2023-11-11 09:42:21,546][INFO][freq_trainer:114] - train epoch: 18 [199872/1000000 (20%)], lr: ['1.00e-04'], loss: 0.169472
[2023-11-11 09:43:22,321][INFO][freq_trainer:114] - train epoch: 18 [299840/1000000 (30%)], lr: ['1.00e-04'], loss: 0.184792
[2023-11-11 09:44:28,522][INFO][freq_trainer:114] - train epoch: 18 [399808/1000000 (40%)], lr: ['1.00e-04'], loss: 0.158139
[2023-11-11 09:45:30,752][INFO][freq_trainer:114] - train epoch: 18 [499776/1000000 (50%)], lr: ['1.00e-04'], loss: 0.142470
[2023-11-11 09:46:39,609][INFO][freq_trainer:114] - train epoch: 18 [599744/1000000 (60%)], lr: ['1.00e-04'], loss: 0.175512
[2023-11-11 09:47:55,766][INFO][freq_trainer:114] - train epoch: 18 [699712/1000000 (70%)], lr: ['1.00e-04'], loss: 0.131615
[2023-11-11 09:49:19,335][INFO][freq_trainer:114] - train epoch: 18 [799680/1000000 (80%)], lr: ['1.00e-04'], loss: 0.162347
[2023-11-11 09:51:36,078][INFO][freq_trainer:114] - train epoch: 18 [899648/1000000 (90%)], lr: ['1.00e-04'], loss: 0.153203
[2023-11-11 09:53:47,445][INFO][freq_trainer:114] - train epoch: 18 [999616/1000000 (100%)], lr: ['1.00e-04'], loss: 0.164044
[2023-11-11 09:53:56,020][INFO][freq_trainer:57] - [epoch  18] execution time: 815.95s	metrics:
[2023-11-11 09:53:56,020][INFO][freq_evaluator:47] - dataset: valid_pretraining, acc: 0.284, hamming: 0.925
[2023-11-11 09:53:56,053][INFO][base_model:51] - snapshot saved to ./models/exp003b-m11-simple_multi_class-2023-11-11_03-11-14-final.pth
[2023-11-11 09:54:55,473][INFO][freq_trainer:114] - train epoch: 19 [99904/1000000 (10%)], lr: ['1.00e-04'], loss: 0.177740
[2023-11-11 09:55:52,264][INFO][freq_trainer:114] - train epoch: 19 [199872/1000000 (20%)], lr: ['1.00e-04'], loss: 0.160953
[2023-11-11 09:56:49,525][INFO][freq_trainer:114] - train epoch: 19 [299840/1000000 (30%)], lr: ['1.00e-04'], loss: 0.177566
[2023-11-11 09:57:43,013][INFO][freq_trainer:114] - train epoch: 19 [399808/1000000 (40%)], lr: ['1.00e-04'], loss: 0.190660
[2023-11-11 09:58:38,629][INFO][freq_trainer:114] - train epoch: 19 [499776/1000000 (50%)], lr: ['1.00e-04'], loss: 0.159176
[2023-11-11 09:59:56,819][INFO][freq_trainer:114] - train epoch: 19 [599744/1000000 (60%)], lr: ['1.00e-04'], loss: 0.169686
[2023-11-11 10:01:50,995][INFO][freq_trainer:114] - train epoch: 19 [699712/1000000 (70%)], lr: ['1.00e-04'], loss: 0.150383
[2023-11-11 10:04:16,606][INFO][freq_trainer:114] - train epoch: 19 [799680/1000000 (80%)], lr: ['1.00e-04'], loss: 0.144469
[2023-11-11 10:06:53,430][INFO][freq_trainer:114] - train epoch: 19 [899648/1000000 (90%)], lr: ['1.00e-04'], loss: 0.165060
[2023-11-11 10:10:02,480][INFO][freq_trainer:114] - train epoch: 19 [999616/1000000 (100%)], lr: ['1.00e-04'], loss: 0.163503
[2023-11-11 10:10:12,051][INFO][freq_trainer:57] - [epoch  19] execution time: 976.00s	metrics:
[2023-11-11 10:10:12,051][INFO][freq_evaluator:47] - dataset: valid_pretraining, acc: 0.291, hamming: 0.924
[2023-11-11 10:10:12,082][INFO][base_model:51] - snapshot saved to ./models/exp003b-m11-simple_multi_class-2023-11-11_03-11-14-final.pth
[2023-11-11 10:11:12,738][INFO][freq_trainer:114] - train epoch: 20 [99904/1000000 (10%)], lr: ['1.00e-04'], loss: 0.165607
[2023-11-11 10:12:12,642][INFO][freq_trainer:114] - train epoch: 20 [199872/1000000 (20%)], lr: ['1.00e-04'], loss: 0.168837
[2023-11-11 10:13:15,473][INFO][freq_trainer:114] - train epoch: 20 [299840/1000000 (30%)], lr: ['1.00e-04'], loss: 0.171205
[2023-11-11 10:14:28,262][INFO][freq_trainer:114] - train epoch: 20 [399808/1000000 (40%)], lr: ['1.00e-04'], loss: 0.159917
[2023-11-11 10:16:03,871][INFO][freq_trainer:114] - train epoch: 20 [499776/1000000 (50%)], lr: ['1.00e-04'], loss: 0.158180
[2023-11-11 10:17:51,967][INFO][freq_trainer:114] - train epoch: 20 [599744/1000000 (60%)], lr: ['1.00e-04'], loss: 0.145589
[2023-11-11 10:19:28,527][INFO][freq_trainer:114] - train epoch: 20 [699712/1000000 (70%)], lr: ['1.00e-04'], loss: 0.162568
[2023-11-11 10:21:36,827][INFO][freq_trainer:114] - train epoch: 20 [799680/1000000 (80%)], lr: ['1.00e-04'], loss: 0.137790
[2023-11-11 10:24:09,160][INFO][freq_trainer:114] - train epoch: 20 [899648/1000000 (90%)], lr: ['1.00e-04'], loss: 0.160974
[2023-11-11 10:27:48,281][INFO][freq_trainer:114] - train epoch: 20 [999616/1000000 (100%)], lr: ['1.00e-04'], loss: 0.142061
[2023-11-11 10:27:58,858][INFO][freq_trainer:57] - [epoch  20] execution time: 1066.78s	metrics:
[2023-11-11 10:27:58,859][INFO][freq_evaluator:47] - dataset: valid_pretraining, acc: 0.309, hamming: 0.926
[2023-11-11 10:27:58,890][INFO][base_model:51] - snapshot saved to ./models/exp003b-m11-simple_multi_class-2023-11-11_03-11-14-final.pth
[2023-11-11 10:27:58,894][INFO][freq_trainer:67] - finished training
[2023-11-11 10:28:02,767][INFO][data_loaders:39] - class distribution before data reduction:
# samples per subject
02fb158a-a658-51ee-89cf-1e1dc2ebfde1: 861
03341d0d-5927-5838-8a5f-1b8ef39d8f57: 1063
039ce8ad-a7fa-5272-a3e3-1f4bfebdd087: 915
095d6e40-5f19-55b6-a0ec-6e0ad3793da0: 1192
100df108-eb57-5eaa-a413-f7e4436a7895: 952
130f3f52-7d0a-551e-af61-2ee75455e5c9: 989
14c012bd-65b0-56f5-bc74-2dffcea69837: 969
16450f5a-9b65-5536-85e1-93816c8b89eb: 816
18ede714-aba3-5ad8-bb1a-18fc9b1c4192: 995
2159377e-ebf3-5565-9014-1e2ae69dc1d2: 907
2d01dc34-f36c-562e-b24a-d20dc798fdfc: 837
30e8a05b-4cf1-5aa8-9ef7-28d6e2949ad5: 699
37d0da97-9ae8-5413-b889-4e843ff35488: 1011
40e25dd4-6087-5747-b9c2-4838ada86b15: 1076
47f45aa2-31c4-595b-bdb6-f1348bba062b: 1032
4b72b905-5521-5c57-b666-e20ff9bb195f: 868
4e3c4ac4-69e2-5347-a3b0-662c204d259d: 926
52fbe46b-206c-584a-9f4f-1eb308e07bac: 1064
5b94ec8a-c34d-5e45-84d1-bec2ea965609: 1090
5bf0f969-304c-581e-949c-50c108f62846: 947
5ddbc68c-1283-5c27-952b-d7f102291bc2: 1097
64959ac4-53b5-5868-a845-c7476e9fdf7b: 990
742f1592-627c-54eb-bbb5-ccd55ffae33a: 975
769df255-2284-50b3-8917-2155c759fbbd: 929
79e8a04e-0fdd-53ae-bedc-d49d08e29103: 918
7ab8ff5f-a77f-567d-9882-f8bee0c3c9bf: 989
7d778801-88e7-5086-ad1d-70f31a371876: 999
7f5237b1-2196-5c8a-9543-a5aa70210ef4: 931
83c1394e-9c69-5c11-9102-9ff8d59b1cfd: 1011
844f68ba-265e-53e6-bf47-6c85d1804a7b: 957
a0c91989-530f-5117-80c1-2488dbed683c: 1017
a25b2296-343b-53f6-8792-ada2669d466e: 1008
a35a118e-e65e-5928-92a9-4354a6a0f4ce: 813
a6254c8a-f1b2-5736-b601-18245dd5e0a5: 1084
a79d1f0e-c133-5aa0-8268-cdcc05825f0f: 1046
aa160c78-6da3-5e05-8fc9-d6c13e9f97e0: 1010
aadc9e0c-b7c3-5a47-851d-f21971d10935: 969
ad47bc12-199c-5294-9cb8-4351bbbf7b5e: 893
b2d3ccdd-395c-5dd2-81d9-252bcfc0c337: 902
b3706da5-748b-5dd1-a552-f57e4456cdf6: 1041
b5d5785d-87ee-5078-b9b9-aac6abd4d8de: 918
bb474ab0-c2ce-573b-8acd-ef86b0fa26a2: 1142
c03e27b0-4cb5-584f-aaea-8f1e1ed6513c: 1121
c11c730f-0b6b-580b-af31-d8f0ebbbdfce: 917
c31a47f9-e400-5841-a22b-521c81042603: 986
c985916d-46a5-5c3e-9d50-a5a91f460bac: 1024
cc3b4b63-4a6f-5f28-ac7e-62f83c271449: 1076
cebd3520-4e77-5222-a614-d2888e6afc2b: 1109
d3cadb78-cb8c-5a6e-885c-392e457c68b1: 982
d5181c33-a43b-5dfe-8ad7-0337facb092a: 977
e59c45e0-0c0c-565f-84a9-6cf0ec5ef6c1: 844
e72505f1-21be-5d66-b620-cfcfa2d754bc: 973
e8ec8ec4-dc48-50ce-985a-a06d87861030: 975
eb95076c-c470-56a4-b788-ace310f061c6: 965
f2a69bdc-ed51-5e3f-b102-6b3f7d392be0: 960
f66bc75e-778b-5037-af86-b5275cd4c79f: 865

# samples per stage
0: 9349
1: 2953
2: 26829
3: 6330
4: 9161
[2023-11-11 10:28:02,927][INFO][data_loaders:43] - class distribution after data reduction:
# samples per subject
02fb158a-a658-51ee-89cf-1e1dc2ebfde1: 861
03341d0d-5927-5838-8a5f-1b8ef39d8f57: 1063
039ce8ad-a7fa-5272-a3e3-1f4bfebdd087: 915
095d6e40-5f19-55b6-a0ec-6e0ad3793da0: 1192
100df108-eb57-5eaa-a413-f7e4436a7895: 952
130f3f52-7d0a-551e-af61-2ee75455e5c9: 989
14c012bd-65b0-56f5-bc74-2dffcea69837: 969
16450f5a-9b65-5536-85e1-93816c8b89eb: 816
18ede714-aba3-5ad8-bb1a-18fc9b1c4192: 995
2159377e-ebf3-5565-9014-1e2ae69dc1d2: 907
2d01dc34-f36c-562e-b24a-d20dc798fdfc: 837
30e8a05b-4cf1-5aa8-9ef7-28d6e2949ad5: 699
37d0da97-9ae8-5413-b889-4e843ff35488: 1011
40e25dd4-6087-5747-b9c2-4838ada86b15: 1076
47f45aa2-31c4-595b-bdb6-f1348bba062b: 1032
4b72b905-5521-5c57-b666-e20ff9bb195f: 868
4e3c4ac4-69e2-5347-a3b0-662c204d259d: 926
52fbe46b-206c-584a-9f4f-1eb308e07bac: 1064
5b94ec8a-c34d-5e45-84d1-bec2ea965609: 1090
5bf0f969-304c-581e-949c-50c108f62846: 947
5ddbc68c-1283-5c27-952b-d7f102291bc2: 1097
64959ac4-53b5-5868-a845-c7476e9fdf7b: 990
742f1592-627c-54eb-bbb5-ccd55ffae33a: 975
769df255-2284-50b3-8917-2155c759fbbd: 929
79e8a04e-0fdd-53ae-bedc-d49d08e29103: 918
7ab8ff5f-a77f-567d-9882-f8bee0c3c9bf: 989
7d778801-88e7-5086-ad1d-70f31a371876: 999
7f5237b1-2196-5c8a-9543-a5aa70210ef4: 931
83c1394e-9c69-5c11-9102-9ff8d59b1cfd: 1011
844f68ba-265e-53e6-bf47-6c85d1804a7b: 957
a0c91989-530f-5117-80c1-2488dbed683c: 1017
a25b2296-343b-53f6-8792-ada2669d466e: 1008
a35a118e-e65e-5928-92a9-4354a6a0f4ce: 813
a6254c8a-f1b2-5736-b601-18245dd5e0a5: 1084
a79d1f0e-c133-5aa0-8268-cdcc05825f0f: 1046
aa160c78-6da3-5e05-8fc9-d6c13e9f97e0: 1010
aadc9e0c-b7c3-5a47-851d-f21971d10935: 969
ad47bc12-199c-5294-9cb8-4351bbbf7b5e: 893
b2d3ccdd-395c-5dd2-81d9-252bcfc0c337: 902
b3706da5-748b-5dd1-a552-f57e4456cdf6: 1041
b5d5785d-87ee-5078-b9b9-aac6abd4d8de: 918
bb474ab0-c2ce-573b-8acd-ef86b0fa26a2: 1142
c03e27b0-4cb5-584f-aaea-8f1e1ed6513c: 1121
c11c730f-0b6b-580b-af31-d8f0ebbbdfce: 917
c31a47f9-e400-5841-a22b-521c81042603: 986
c985916d-46a5-5c3e-9d50-a5a91f460bac: 1024
cc3b4b63-4a6f-5f28-ac7e-62f83c271449: 1076
cebd3520-4e77-5222-a614-d2888e6afc2b: 1109
d3cadb78-cb8c-5a6e-885c-392e457c68b1: 982
d5181c33-a43b-5dfe-8ad7-0337facb092a: 977
e59c45e0-0c0c-565f-84a9-6cf0ec5ef6c1: 844
e72505f1-21be-5d66-b620-cfcfa2d754bc: 973
e8ec8ec4-dc48-50ce-985a-a06d87861030: 975
eb95076c-c470-56a4-b788-ace310f061c6: 965
f2a69bdc-ed51-5e3f-b102-6b3f7d392be0: 960
f66bc75e-778b-5037-af86-b5275cd4c79f: 865

# samples per stage
0: 9349
1: 2953
2: 26829
3: 6330
4: 9161
[2023-11-11 10:28:02,949][INFO][base_ssl_fe:55] - Loading model from ./models/exp003b-m11-simple_multi_class-2023-11-11_03-11-14-final.pth
[2023-11-11 10:28:03,511][INFO][data_loaders:39] - class distribution before data reduction:
# samples per subject
119f9726-eb4c-5a0e-a7bb-9e15256149a1: 932
1fa6c401-d819-50f5-8146-a0bb9e2b2516: 986
22bea84c-5d23-5e49-bc2d-9764f883955b: 1048
25a6b2b0-4d09-561b-82c6-f09bb271d3be: 1063
6a7503ac-ab3a-5d5b-b474-4b0fe37748dd: 1213
a4568951-bf87-5bbc-bc4f-28e93c360be6: 975
b3534fa3-7676-50dc-8412-07f0eff4f7a9: 757
fc10ee0b-b863-511b-bce8-4dfa7af8ac3a: 910

# samples per stage
0: 1488
1: 471
2: 3840
3: 919
4: 1166
[2023-11-11 10:28:03,532][INFO][data_loaders:43] - class distribution after data reduction:
# samples per subject
119f9726-eb4c-5a0e-a7bb-9e15256149a1: 932
1fa6c401-d819-50f5-8146-a0bb9e2b2516: 986
22bea84c-5d23-5e49-bc2d-9764f883955b: 1048
25a6b2b0-4d09-561b-82c6-f09bb271d3be: 1063
6a7503ac-ab3a-5d5b-b474-4b0fe37748dd: 1213
a4568951-bf87-5bbc-bc4f-28e93c360be6: 975
b3534fa3-7676-50dc-8412-07f0eff4f7a9: 757
fc10ee0b-b863-511b-bce8-4dfa7af8ac3a: 910

# samples per stage
0: 1488
1: 471
2: 3840
3: 919
4: 1166
[2023-11-11 10:28:03,552][INFO][clas_trainer:49] - metrics before training (epoch 0):
[2023-11-11 10:28:26,121][INFO][clas_evaluator:99] - dataset: earlystopping, avg f1-score: 0.1490
[2023-11-11 10:28:41,875][INFO][clas_trainer:133] - train epoch: 1 [5408/54622 (10%)], lr: ['1.00e-04', '1.00e-04'], loss: 1.440607
[2023-11-11 10:28:55,873][INFO][clas_trainer:133] - train epoch: 1 [10848/54622 (20%)], lr: ['1.00e-04', '1.00e-04'], loss: 1.089064
[2023-11-11 10:29:09,592][INFO][clas_trainer:133] - train epoch: 1 [16288/54622 (30%)], lr: ['1.00e-04', '1.00e-04'], loss: 1.115500
[2023-11-11 10:29:22,606][INFO][clas_trainer:133] - train epoch: 1 [21728/54622 (40%)], lr: ['1.00e-04', '1.00e-04'], loss: 1.027214
[2023-11-11 10:29:35,202][INFO][clas_trainer:133] - train epoch: 1 [27168/54622 (50%)], lr: ['1.00e-04', '1.00e-04'], loss: 0.871080
[2023-11-11 10:29:48,686][INFO][clas_trainer:133] - train epoch: 1 [32608/54622 (60%)], lr: ['1.00e-04', '1.00e-04'], loss: 0.830243
[2023-11-11 10:30:01,154][INFO][clas_trainer:133] - train epoch: 1 [38048/54622 (70%)], lr: ['1.00e-04', '1.00e-04'], loss: 0.764664
[2023-11-11 10:30:13,342][INFO][clas_trainer:133] - train epoch: 1 [43488/54622 (80%)], lr: ['1.00e-04', '1.00e-04'], loss: 1.038280
[2023-11-11 10:30:26,263][INFO][clas_trainer:133] - train epoch: 1 [48928/54622 (90%)], lr: ['1.00e-04', '1.00e-04'], loss: 0.847107
[2023-11-11 10:30:39,333][INFO][clas_trainer:133] - train epoch: 1 [54368/54622 (100%)], lr: ['1.00e-04', '1.00e-04'], loss: 0.639545
[2023-11-11 10:31:01,340][INFO][clas_trainer:63] - [epoch   1] execution time: 155.22s	metrics:
[2023-11-11 10:31:01,340][INFO][clas_evaluator:99] - dataset: earlystopping, avg f1-score: 0.6782
[2023-11-11 10:31:01,408][INFO][base_model:51] - snapshot saved to ./models/exp003b-m11-base_fe_clas-2023-11-11_03-11-14-final.pth
[2023-11-11 10:31:16,210][INFO][clas_trainer:133] - train epoch: 2 [5408/54622 (10%)], lr: ['1.00e-04', '1.00e-04'], loss: 1.057271
[2023-11-11 10:31:30,171][INFO][clas_trainer:133] - train epoch: 2 [10848/54622 (20%)], lr: ['1.00e-04', '1.00e-04'], loss: 0.457217
[2023-11-11 10:31:42,855][INFO][clas_trainer:133] - train epoch: 2 [16288/54622 (30%)], lr: ['1.00e-04', '1.00e-04'], loss: 0.382452
[2023-11-11 10:31:55,380][INFO][clas_trainer:133] - train epoch: 2 [21728/54622 (40%)], lr: ['1.00e-04', '1.00e-04'], loss: 0.373790
[2023-11-11 10:32:08,083][INFO][clas_trainer:133] - train epoch: 2 [27168/54622 (50%)], lr: ['1.00e-04', '1.00e-04'], loss: 0.460066
[2023-11-11 10:32:20,483][INFO][clas_trainer:133] - train epoch: 2 [32608/54622 (60%)], lr: ['1.00e-04', '1.00e-04'], loss: 0.497758
[2023-11-11 10:32:33,512][INFO][clas_trainer:133] - train epoch: 2 [38048/54622 (70%)], lr: ['1.00e-04', '1.00e-04'], loss: 0.724275
[2023-11-11 10:32:45,673][INFO][clas_trainer:133] - train epoch: 2 [43488/54622 (80%)], lr: ['1.00e-04', '1.00e-04'], loss: 0.815257
[2023-11-11 10:32:57,777][INFO][clas_trainer:133] - train epoch: 2 [48928/54622 (90%)], lr: ['1.00e-04', '1.00e-04'], loss: 0.608990
[2023-11-11 10:33:10,149][INFO][clas_trainer:133] - train epoch: 2 [54368/54622 (100%)], lr: ['1.00e-04', '1.00e-04'], loss: 0.316319
[2023-11-11 10:33:31,801][INFO][clas_trainer:63] - [epoch   2] execution time: 150.39s	metrics:
[2023-11-11 10:33:31,802][INFO][clas_evaluator:99] - dataset: earlystopping, avg f1-score: 0.7160
[2023-11-11 10:33:31,866][INFO][base_model:51] - snapshot saved to ./models/exp003b-m11-base_fe_clas-2023-11-11_03-11-14-final.pth
[2023-11-11 10:33:45,929][INFO][clas_trainer:133] - train epoch: 3 [5408/54622 (10%)], lr: ['1.00e-04', '1.00e-04'], loss: 0.580449
[2023-11-11 10:33:58,967][INFO][clas_trainer:133] - train epoch: 3 [10848/54622 (20%)], lr: ['1.00e-04', '1.00e-04'], loss: 0.315814
[2023-11-11 10:34:12,044][INFO][clas_trainer:133] - train epoch: 3 [16288/54622 (30%)], lr: ['1.00e-04', '1.00e-04'], loss: 0.751621
[2023-11-11 10:34:24,454][INFO][clas_trainer:133] - train epoch: 3 [21728/54622 (40%)], lr: ['1.00e-04', '1.00e-04'], loss: 0.328015
[2023-11-11 10:34:37,361][INFO][clas_trainer:133] - train epoch: 3 [27168/54622 (50%)], lr: ['1.00e-04', '1.00e-04'], loss: 0.610008
[2023-11-11 10:34:49,657][INFO][clas_trainer:133] - train epoch: 3 [32608/54622 (60%)], lr: ['1.00e-04', '1.00e-04'], loss: 0.528639
[2023-11-11 10:35:01,789][INFO][clas_trainer:133] - train epoch: 3 [38048/54622 (70%)], lr: ['1.00e-04', '1.00e-04'], loss: 0.524065
[2023-11-11 10:35:14,099][INFO][clas_trainer:133] - train epoch: 3 [43488/54622 (80%)], lr: ['1.00e-04', '1.00e-04'], loss: 0.356355
[2023-11-11 10:35:26,764][INFO][clas_trainer:133] - train epoch: 3 [48928/54622 (90%)], lr: ['1.00e-04', '1.00e-04'], loss: 0.425746
[2023-11-11 10:35:38,571][INFO][clas_trainer:133] - train epoch: 3 [54368/54622 (100%)], lr: ['1.00e-04', '1.00e-04'], loss: 0.428975
[2023-11-11 10:35:58,962][INFO][clas_trainer:63] - [epoch   3] execution time: 147.10s	metrics:
[2023-11-11 10:35:58,962][INFO][clas_evaluator:99] - dataset: earlystopping, avg f1-score: 0.7168
[2023-11-11 10:35:59,025][INFO][base_model:51] - snapshot saved to ./models/exp003b-m11-base_fe_clas-2023-11-11_03-11-14-final.pth
[2023-11-11 10:36:12,359][INFO][clas_trainer:133] - train epoch: 4 [5408/54622 (10%)], lr: ['1.00e-04', '1.00e-04'], loss: 0.296777
[2023-11-11 10:36:24,017][INFO][clas_trainer:133] - train epoch: 4 [10848/54622 (20%)], lr: ['1.00e-04', '1.00e-04'], loss: 0.476413
[2023-11-11 10:36:36,124][INFO][clas_trainer:133] - train epoch: 4 [16288/54622 (30%)], lr: ['1.00e-04', '1.00e-04'], loss: 0.415231
[2023-11-11 10:36:46,303][INFO][clas_trainer:133] - train epoch: 4 [21728/54622 (40%)], lr: ['1.00e-04', '1.00e-04'], loss: 0.273149
[2023-11-11 10:36:57,757][INFO][clas_trainer:133] - train epoch: 4 [27168/54622 (50%)], lr: ['1.00e-04', '1.00e-04'], loss: 0.549633
[2023-11-11 10:37:09,261][INFO][clas_trainer:133] - train epoch: 4 [32608/54622 (60%)], lr: ['1.00e-04', '1.00e-04'], loss: 0.343116
[2023-11-11 10:37:19,254][INFO][clas_trainer:133] - train epoch: 4 [38048/54622 (70%)], lr: ['1.00e-04', '1.00e-04'], loss: 0.396661
[2023-11-11 10:37:29,391][INFO][clas_trainer:133] - train epoch: 4 [43488/54622 (80%)], lr: ['1.00e-04', '1.00e-04'], loss: 0.293193
[2023-11-11 10:37:40,565][INFO][clas_trainer:133] - train epoch: 4 [48928/54622 (90%)], lr: ['1.00e-04', '1.00e-04'], loss: 0.546580
[2023-11-11 10:37:51,034][INFO][clas_trainer:133] - train epoch: 4 [54368/54622 (100%)], lr: ['1.00e-04', '1.00e-04'], loss: 0.420514
[2023-11-11 10:38:11,354][INFO][clas_trainer:63] - [epoch   4] execution time: 132.33s	metrics:
[2023-11-11 10:38:11,354][INFO][clas_evaluator:99] - dataset: earlystopping, avg f1-score: 0.7136
[2023-11-11 10:38:23,973][INFO][clas_trainer:133] - train epoch: 5 [5408/54622 (10%)], lr: ['1.00e-04', '1.00e-04'], loss: 0.306211
[2023-11-11 10:38:36,495][INFO][clas_trainer:133] - train epoch: 5 [10848/54622 (20%)], lr: ['1.00e-04', '1.00e-04'], loss: 0.286946
[2023-11-11 10:38:48,167][INFO][clas_trainer:133] - train epoch: 5 [16288/54622 (30%)], lr: ['1.00e-04', '1.00e-04'], loss: 0.247221
[2023-11-11 10:38:58,909][INFO][clas_trainer:133] - train epoch: 5 [21728/54622 (40%)], lr: ['1.00e-04', '1.00e-04'], loss: 0.222885
[2023-11-11 10:39:10,817][INFO][clas_trainer:133] - train epoch: 5 [27168/54622 (50%)], lr: ['1.00e-04', '1.00e-04'], loss: 0.310458
[2023-11-11 10:39:23,083][INFO][clas_trainer:133] - train epoch: 5 [32608/54622 (60%)], lr: ['1.00e-04', '1.00e-04'], loss: 0.415924
[2023-11-11 10:39:35,236][INFO][clas_trainer:133] - train epoch: 5 [38048/54622 (70%)], lr: ['1.00e-04', '1.00e-04'], loss: 0.443376
[2023-11-11 10:39:47,360][INFO][clas_trainer:133] - train epoch: 5 [43488/54622 (80%)], lr: ['1.00e-04', '1.00e-04'], loss: 0.196638
[2023-11-11 10:39:59,779][INFO][clas_trainer:133] - train epoch: 5 [48928/54622 (90%)], lr: ['1.00e-04', '1.00e-04'], loss: 0.225735
[2023-11-11 10:40:12,184][INFO][clas_trainer:133] - train epoch: 5 [54368/54622 (100%)], lr: ['1.00e-04', '1.00e-04'], loss: 0.476004
[2023-11-11 10:40:32,750][INFO][clas_trainer:63] - [epoch   5] execution time: 141.40s	metrics:
[2023-11-11 10:40:32,751][INFO][clas_evaluator:99] - dataset: earlystopping, avg f1-score: 0.7472
[2023-11-11 10:40:32,812][INFO][base_model:51] - snapshot saved to ./models/exp003b-m11-base_fe_clas-2023-11-11_03-11-14-final.pth
[2023-11-11 10:40:46,544][INFO][clas_trainer:133] - train epoch: 6 [5408/54622 (10%)], lr: ['1.00e-04', '1.00e-04'], loss: 0.394387
[2023-11-11 10:40:58,499][INFO][clas_trainer:133] - train epoch: 6 [10848/54622 (20%)], lr: ['1.00e-04', '1.00e-04'], loss: 0.453858
[2023-11-11 10:41:11,166][INFO][clas_trainer:133] - train epoch: 6 [16288/54622 (30%)], lr: ['1.00e-04', '1.00e-04'], loss: 0.513044
[2023-11-11 10:41:23,463][INFO][clas_trainer:133] - train epoch: 6 [21728/54622 (40%)], lr: ['1.00e-04', '1.00e-04'], loss: 0.165524
[2023-11-11 10:41:36,025][INFO][clas_trainer:133] - train epoch: 6 [27168/54622 (50%)], lr: ['1.00e-04', '1.00e-04'], loss: 0.221961
[2023-11-11 10:41:49,151][INFO][clas_trainer:133] - train epoch: 6 [32608/54622 (60%)], lr: ['1.00e-04', '1.00e-04'], loss: 0.286689
[2023-11-11 10:42:01,387][INFO][clas_trainer:133] - train epoch: 6 [38048/54622 (70%)], lr: ['1.00e-04', '1.00e-04'], loss: 0.384859
[2023-11-11 10:42:13,080][INFO][clas_trainer:133] - train epoch: 6 [43488/54622 (80%)], lr: ['1.00e-04', '1.00e-04'], loss: 0.099301
[2023-11-11 10:42:24,100][INFO][clas_trainer:133] - train epoch: 6 [48928/54622 (90%)], lr: ['1.00e-04', '1.00e-04'], loss: 0.366891
[2023-11-11 10:42:35,676][INFO][clas_trainer:133] - train epoch: 6 [54368/54622 (100%)], lr: ['1.00e-04', '1.00e-04'], loss: 0.323796
[2023-11-11 10:42:56,398][INFO][clas_trainer:63] - [epoch   6] execution time: 143.58s	metrics:
[2023-11-11 10:42:56,398][INFO][clas_evaluator:99] - dataset: earlystopping, avg f1-score: 0.7380
[2023-11-11 10:43:09,622][INFO][clas_trainer:133] - train epoch: 7 [5408/54622 (10%)], lr: ['1.00e-04', '1.00e-04'], loss: 0.309216
[2023-11-11 10:43:21,445][INFO][clas_trainer:133] - train epoch: 7 [10848/54622 (20%)], lr: ['1.00e-04', '1.00e-04'], loss: 0.388942
[2023-11-11 10:43:34,258][INFO][clas_trainer:133] - train epoch: 7 [16288/54622 (30%)], lr: ['1.00e-04', '1.00e-04'], loss: 0.266717
[2023-11-11 10:43:46,653][INFO][clas_trainer:133] - train epoch: 7 [21728/54622 (40%)], lr: ['1.00e-04', '1.00e-04'], loss: 0.348625
[2023-11-11 10:43:59,250][INFO][clas_trainer:133] - train epoch: 7 [27168/54622 (50%)], lr: ['1.00e-04', '1.00e-04'], loss: 0.249814
[2023-11-11 10:44:11,239][INFO][clas_trainer:133] - train epoch: 7 [32608/54622 (60%)], lr: ['1.00e-04', '1.00e-04'], loss: 0.266954
[2023-11-11 10:44:22,441][INFO][clas_trainer:133] - train epoch: 7 [38048/54622 (70%)], lr: ['1.00e-04', '1.00e-04'], loss: 0.507046
[2023-11-11 10:44:33,912][INFO][clas_trainer:133] - train epoch: 7 [43488/54622 (80%)], lr: ['1.00e-04', '1.00e-04'], loss: 0.236821
[2023-11-11 10:44:45,337][INFO][clas_trainer:133] - train epoch: 7 [48928/54622 (90%)], lr: ['1.00e-04', '1.00e-04'], loss: 0.391387
[2023-11-11 10:44:56,952][INFO][clas_trainer:133] - train epoch: 7 [54368/54622 (100%)], lr: ['1.00e-04', '1.00e-04'], loss: 0.504639
[2023-11-11 10:45:18,567][INFO][clas_trainer:63] - [epoch   7] execution time: 142.17s	metrics:
[2023-11-11 10:45:18,568][INFO][clas_evaluator:99] - dataset: earlystopping, avg f1-score: 0.7443
[2023-11-11 10:45:32,395][INFO][clas_trainer:133] - train epoch: 8 [5408/54622 (10%)], lr: ['1.00e-04', '1.00e-04'], loss: 0.146448
[2023-11-11 10:45:44,158][INFO][clas_trainer:133] - train epoch: 8 [10848/54622 (20%)], lr: ['1.00e-04', '1.00e-04'], loss: 0.391503
[2023-11-11 10:45:56,264][INFO][clas_trainer:133] - train epoch: 8 [16288/54622 (30%)], lr: ['1.00e-04', '1.00e-04'], loss: 0.300678
[2023-11-11 10:46:08,169][INFO][clas_trainer:133] - train epoch: 8 [21728/54622 (40%)], lr: ['1.00e-04', '1.00e-04'], loss: 0.673870
[2023-11-11 10:46:19,732][INFO][clas_trainer:133] - train epoch: 8 [27168/54622 (50%)], lr: ['1.00e-04', '1.00e-04'], loss: 0.655823
[2023-11-11 10:46:31,058][INFO][clas_trainer:133] - train epoch: 8 [32608/54622 (60%)], lr: ['1.00e-04', '1.00e-04'], loss: 0.335927
[2023-11-11 10:46:42,178][INFO][clas_trainer:133] - train epoch: 8 [38048/54622 (70%)], lr: ['1.00e-04', '1.00e-04'], loss: 0.332236
[2023-11-11 10:46:53,337][INFO][clas_trainer:133] - train epoch: 8 [43488/54622 (80%)], lr: ['1.00e-04', '1.00e-04'], loss: 0.373085
[2023-11-11 10:47:03,755][INFO][clas_trainer:133] - train epoch: 8 [48928/54622 (90%)], lr: ['1.00e-04', '1.00e-04'], loss: 0.477024
[2023-11-11 10:47:14,539][INFO][clas_trainer:133] - train epoch: 8 [54368/54622 (100%)], lr: ['1.00e-04', '1.00e-04'], loss: 0.329552
[2023-11-11 10:47:34,665][INFO][clas_trainer:63] - [epoch   8] execution time: 136.10s	metrics:
[2023-11-11 10:47:34,666][INFO][clas_evaluator:99] - dataset: earlystopping, avg f1-score: 0.7754
[2023-11-11 10:47:34,725][INFO][base_model:51] - snapshot saved to ./models/exp003b-m11-base_fe_clas-2023-11-11_03-11-14-final.pth
[2023-11-11 10:47:48,518][INFO][clas_trainer:133] - train epoch: 9 [5408/54622 (10%)], lr: ['1.00e-04', '1.00e-04'], loss: 0.210078
[2023-11-11 10:48:00,289][INFO][clas_trainer:133] - train epoch: 9 [10848/54622 (20%)], lr: ['1.00e-04', '1.00e-04'], loss: 0.136814
[2023-11-11 10:48:11,268][INFO][clas_trainer:133] - train epoch: 9 [16288/54622 (30%)], lr: ['1.00e-04', '1.00e-04'], loss: 0.284952
[2023-11-11 10:48:22,725][INFO][clas_trainer:133] - train epoch: 9 [21728/54622 (40%)], lr: ['1.00e-04', '1.00e-04'], loss: 0.172848
[2023-11-11 10:48:34,059][INFO][clas_trainer:133] - train epoch: 9 [27168/54622 (50%)], lr: ['1.00e-04', '1.00e-04'], loss: 0.552550
[2023-11-11 10:48:44,725][INFO][clas_trainer:133] - train epoch: 9 [32608/54622 (60%)], lr: ['1.00e-04', '1.00e-04'], loss: 0.167959
[2023-11-11 10:48:55,371][INFO][clas_trainer:133] - train epoch: 9 [38048/54622 (70%)], lr: ['1.00e-04', '1.00e-04'], loss: 0.310724
[2023-11-11 10:49:07,587][INFO][clas_trainer:133] - train epoch: 9 [43488/54622 (80%)], lr: ['1.00e-04', '1.00e-04'], loss: 0.342720
[2023-11-11 10:49:18,823][INFO][clas_trainer:133] - train epoch: 9 [48928/54622 (90%)], lr: ['1.00e-04', '1.00e-04'], loss: 0.347847
[2023-11-11 10:49:29,800][INFO][clas_trainer:133] - train epoch: 9 [54368/54622 (100%)], lr: ['1.00e-04', '1.00e-04'], loss: 0.546356
[2023-11-11 10:49:50,482][INFO][clas_trainer:63] - [epoch   9] execution time: 135.76s	metrics:
[2023-11-11 10:49:50,483][INFO][clas_evaluator:99] - dataset: earlystopping, avg f1-score: 0.7626
[2023-11-11 10:50:03,917][INFO][clas_trainer:133] - train epoch: 10 [5408/54622 (10%)], lr: ['1.00e-04', '1.00e-04'], loss: 0.125695
[2023-11-11 10:50:16,132][INFO][clas_trainer:133] - train epoch: 10 [10848/54622 (20%)], lr: ['1.00e-04', '1.00e-04'], loss: 0.122216
[2023-11-11 10:50:28,596][INFO][clas_trainer:133] - train epoch: 10 [16288/54622 (30%)], lr: ['1.00e-04', '1.00e-04'], loss: 0.247489
[2023-11-11 10:50:40,959][INFO][clas_trainer:133] - train epoch: 10 [21728/54622 (40%)], lr: ['1.00e-04', '1.00e-04'], loss: 0.396226
[2023-11-11 10:50:53,069][INFO][clas_trainer:133] - train epoch: 10 [27168/54622 (50%)], lr: ['1.00e-04', '1.00e-04'], loss: 0.142183
[2023-11-11 10:51:03,795][INFO][clas_trainer:133] - train epoch: 10 [32608/54622 (60%)], lr: ['1.00e-04', '1.00e-04'], loss: 0.301203
[2023-11-11 10:51:15,380][INFO][clas_trainer:133] - train epoch: 10 [38048/54622 (70%)], lr: ['1.00e-04', '1.00e-04'], loss: 0.266283
[2023-11-11 10:51:26,806][INFO][clas_trainer:133] - train epoch: 10 [43488/54622 (80%)], lr: ['1.00e-04', '1.00e-04'], loss: 0.426401
[2023-11-11 10:51:38,536][INFO][clas_trainer:133] - train epoch: 10 [48928/54622 (90%)], lr: ['1.00e-04', '1.00e-04'], loss: 0.357230
[2023-11-11 10:51:49,692][INFO][clas_trainer:133] - train epoch: 10 [54368/54622 (100%)], lr: ['1.00e-04', '1.00e-04'], loss: 0.209415
[2023-11-11 10:52:11,310][INFO][clas_trainer:63] - [epoch  10] execution time: 140.83s	metrics:
[2023-11-11 10:52:11,310][INFO][clas_evaluator:99] - dataset: earlystopping, avg f1-score: 0.7855
[2023-11-11 10:52:11,370][INFO][base_model:51] - snapshot saved to ./models/exp003b-m11-base_fe_clas-2023-11-11_03-11-14-final.pth
[2023-11-11 10:52:24,967][INFO][clas_trainer:133] - train epoch: 11 [5408/54622 (10%)], lr: ['1.00e-04', '1.00e-04'], loss: 0.349960
[2023-11-11 10:52:36,545][INFO][clas_trainer:133] - train epoch: 11 [10848/54622 (20%)], lr: ['1.00e-04', '1.00e-04'], loss: 0.273277
[2023-11-11 10:52:47,925][INFO][clas_trainer:133] - train epoch: 11 [16288/54622 (30%)], lr: ['1.00e-04', '1.00e-04'], loss: 0.251000
[2023-11-11 10:52:59,122][INFO][clas_trainer:133] - train epoch: 11 [21728/54622 (40%)], lr: ['1.00e-04', '1.00e-04'], loss: 0.188684
[2023-11-11 10:53:10,243][INFO][clas_trainer:133] - train epoch: 11 [27168/54622 (50%)], lr: ['1.00e-04', '1.00e-04'], loss: 0.317705
[2023-11-11 10:53:21,307][INFO][clas_trainer:133] - train epoch: 11 [32608/54622 (60%)], lr: ['1.00e-04', '1.00e-04'], loss: 0.368315
[2023-11-11 10:53:31,708][INFO][clas_trainer:133] - train epoch: 11 [38048/54622 (70%)], lr: ['1.00e-04', '1.00e-04'], loss: 0.171678
[2023-11-11 10:53:42,483][INFO][clas_trainer:133] - train epoch: 11 [43488/54622 (80%)], lr: ['1.00e-04', '1.00e-04'], loss: 0.182738
[2023-11-11 10:53:53,480][INFO][clas_trainer:133] - train epoch: 11 [48928/54622 (90%)], lr: ['1.00e-04', '1.00e-04'], loss: 0.162224
[2023-11-11 10:54:04,033][INFO][clas_trainer:133] - train epoch: 11 [54368/54622 (100%)], lr: ['1.00e-04', '1.00e-04'], loss: 0.560428
[2023-11-11 10:54:22,756][INFO][clas_trainer:63] - [epoch  11] execution time: 131.39s	metrics:
[2023-11-11 10:54:22,757][INFO][clas_evaluator:99] - dataset: earlystopping, avg f1-score: 0.7731
[2023-11-11 10:54:34,760][INFO][clas_trainer:133] - train epoch: 12 [5408/54622 (10%)], lr: ['1.00e-04', '1.00e-04'], loss: 0.331930
[2023-11-11 10:54:46,061][INFO][clas_trainer:133] - train epoch: 12 [10848/54622 (20%)], lr: ['1.00e-04', '1.00e-04'], loss: 0.193532
[2023-11-11 10:54:57,578][INFO][clas_trainer:133] - train epoch: 12 [16288/54622 (30%)], lr: ['1.00e-04', '1.00e-04'], loss: 0.376538
[2023-11-11 10:55:08,406][INFO][clas_trainer:133] - train epoch: 12 [21728/54622 (40%)], lr: ['1.00e-04', '1.00e-04'], loss: 0.154249
[2023-11-11 10:55:19,254][INFO][clas_trainer:133] - train epoch: 12 [27168/54622 (50%)], lr: ['1.00e-04', '1.00e-04'], loss: 0.260541
[2023-11-11 10:55:30,405][INFO][clas_trainer:133] - train epoch: 12 [32608/54622 (60%)], lr: ['1.00e-04', '1.00e-04'], loss: 0.282888
[2023-11-11 10:55:41,459][INFO][clas_trainer:133] - train epoch: 12 [38048/54622 (70%)], lr: ['1.00e-04', '1.00e-04'], loss: 0.267785
[2023-11-11 10:55:52,055][INFO][clas_trainer:133] - train epoch: 12 [43488/54622 (80%)], lr: ['1.00e-04', '1.00e-04'], loss: 0.485905
[2023-11-11 10:56:02,816][INFO][clas_trainer:133] - train epoch: 12 [48928/54622 (90%)], lr: ['1.00e-04', '1.00e-04'], loss: 0.313317
[2023-11-11 10:56:13,445][INFO][clas_trainer:133] - train epoch: 12 [54368/54622 (100%)], lr: ['1.00e-04', '1.00e-04'], loss: 0.177140
[2023-11-11 10:56:32,419][INFO][clas_trainer:63] - [epoch  12] execution time: 129.66s	metrics:
[2023-11-11 10:56:32,419][INFO][clas_evaluator:99] - dataset: earlystopping, avg f1-score: 0.7750
[2023-11-11 10:56:44,399][INFO][clas_trainer:133] - train epoch: 13 [5408/54622 (10%)], lr: ['1.00e-04', '1.00e-04'], loss: 0.136545
[2023-11-11 10:56:55,591][INFO][clas_trainer:133] - train epoch: 13 [10848/54622 (20%)], lr: ['1.00e-04', '1.00e-04'], loss: 0.218093
[2023-11-11 10:57:06,595][INFO][clas_trainer:133] - train epoch: 13 [16288/54622 (30%)], lr: ['1.00e-04', '1.00e-04'], loss: 0.164361
[2023-11-11 10:57:17,366][INFO][clas_trainer:133] - train epoch: 13 [21728/54622 (40%)], lr: ['1.00e-04', '1.00e-04'], loss: 0.313894
[2023-11-11 10:57:28,219][INFO][clas_trainer:133] - train epoch: 13 [27168/54622 (50%)], lr: ['1.00e-04', '1.00e-04'], loss: 0.346889
[2023-11-11 10:57:38,843][INFO][clas_trainer:133] - train epoch: 13 [32608/54622 (60%)], lr: ['1.00e-04', '1.00e-04'], loss: 0.216794
[2023-11-11 10:57:49,484][INFO][clas_trainer:133] - train epoch: 13 [38048/54622 (70%)], lr: ['1.00e-04', '1.00e-04'], loss: 0.189054
[2023-11-11 10:57:59,968][INFO][clas_trainer:133] - train epoch: 13 [43488/54622 (80%)], lr: ['1.00e-04', '1.00e-04'], loss: 0.598194
[2023-11-11 10:58:10,566][INFO][clas_trainer:133] - train epoch: 13 [48928/54622 (90%)], lr: ['1.00e-04', '1.00e-04'], loss: 0.422190
[2023-11-11 10:58:21,577][INFO][clas_trainer:133] - train epoch: 13 [54368/54622 (100%)], lr: ['1.00e-04', '1.00e-04'], loss: 0.208307
[2023-11-11 10:58:39,742][INFO][clas_trainer:63] - [epoch  13] execution time: 127.32s	metrics:
[2023-11-11 10:58:39,742][INFO][clas_evaluator:99] - dataset: earlystopping, avg f1-score: 0.7579
[2023-11-11 10:58:51,931][INFO][clas_trainer:133] - train epoch: 14 [5408/54622 (10%)], lr: ['1.00e-04', '1.00e-04'], loss: 0.304085
[2023-11-11 10:59:03,100][INFO][clas_trainer:133] - train epoch: 14 [10848/54622 (20%)], lr: ['1.00e-04', '1.00e-04'], loss: 0.114060
[2023-11-11 10:59:14,263][INFO][clas_trainer:133] - train epoch: 14 [16288/54622 (30%)], lr: ['1.00e-04', '1.00e-04'], loss: 0.267055
[2023-11-11 10:59:25,448][INFO][clas_trainer:133] - train epoch: 14 [21728/54622 (40%)], lr: ['1.00e-04', '1.00e-04'], loss: 0.448803
[2023-11-11 10:59:36,432][INFO][clas_trainer:133] - train epoch: 14 [27168/54622 (50%)], lr: ['1.00e-04', '1.00e-04'], loss: 0.333381
[2023-11-11 10:59:47,196][INFO][clas_trainer:133] - train epoch: 14 [32608/54622 (60%)], lr: ['1.00e-04', '1.00e-04'], loss: 0.249110
[2023-11-11 10:59:58,047][INFO][clas_trainer:133] - train epoch: 14 [38048/54622 (70%)], lr: ['1.00e-04', '1.00e-04'], loss: 0.148794
[2023-11-11 11:00:08,510][INFO][clas_trainer:133] - train epoch: 14 [43488/54622 (80%)], lr: ['1.00e-04', '1.00e-04'], loss: 0.259927
[2023-11-11 11:00:19,310][INFO][clas_trainer:133] - train epoch: 14 [48928/54622 (90%)], lr: ['1.00e-04', '1.00e-04'], loss: 0.077689
[2023-11-11 11:00:29,680][INFO][clas_trainer:133] - train epoch: 14 [54368/54622 (100%)], lr: ['1.00e-04', '1.00e-04'], loss: 0.220389
[2023-11-11 11:00:47,708][INFO][clas_trainer:63] - [epoch  14] execution time: 127.97s	metrics:
[2023-11-11 11:00:47,708][INFO][clas_evaluator:99] - dataset: earlystopping, avg f1-score: 0.7676
[2023-11-11 11:00:59,242][INFO][clas_trainer:133] - train epoch: 15 [5408/54622 (10%)], lr: ['1.00e-04', '1.00e-04'], loss: 0.113690
[2023-11-11 11:01:09,913][INFO][clas_trainer:133] - train epoch: 15 [10848/54622 (20%)], lr: ['1.00e-04', '1.00e-04'], loss: 0.169817
[2023-11-11 11:01:20,446][INFO][clas_trainer:133] - train epoch: 15 [16288/54622 (30%)], lr: ['1.00e-04', '1.00e-04'], loss: 0.339233
[2023-11-11 11:01:31,105][INFO][clas_trainer:133] - train epoch: 15 [21728/54622 (40%)], lr: ['1.00e-04', '1.00e-04'], loss: 0.238702
[2023-11-11 11:01:41,913][INFO][clas_trainer:133] - train epoch: 15 [27168/54622 (50%)], lr: ['1.00e-04', '1.00e-04'], loss: 0.309382
[2023-11-11 11:01:52,667][INFO][clas_trainer:133] - train epoch: 15 [32608/54622 (60%)], lr: ['1.00e-04', '1.00e-04'], loss: 0.174226
[2023-11-11 11:02:03,260][INFO][clas_trainer:133] - train epoch: 15 [38048/54622 (70%)], lr: ['1.00e-04', '1.00e-04'], loss: 0.310942
[2023-11-11 11:02:14,039][INFO][clas_trainer:133] - train epoch: 15 [43488/54622 (80%)], lr: ['1.00e-04', '1.00e-04'], loss: 0.159357
[2023-11-11 11:02:24,646][INFO][clas_trainer:133] - train epoch: 15 [48928/54622 (90%)], lr: ['1.00e-04', '1.00e-04'], loss: 0.336561
[2023-11-11 11:02:35,453][INFO][clas_trainer:133] - train epoch: 15 [54368/54622 (100%)], lr: ['1.00e-04', '1.00e-04'], loss: 0.189831
[2023-11-11 11:02:54,483][INFO][clas_trainer:63] - [epoch  15] execution time: 126.77s	metrics:
[2023-11-11 11:02:54,483][INFO][clas_evaluator:99] - dataset: earlystopping, avg f1-score: 0.7715
[2023-11-11 11:03:06,179][INFO][clas_trainer:133] - train epoch: 16 [5408/54622 (10%)], lr: ['1.00e-04', '1.00e-04'], loss: 0.390588
[2023-11-11 11:03:17,160][INFO][clas_trainer:133] - train epoch: 16 [10848/54622 (20%)], lr: ['1.00e-04', '1.00e-04'], loss: 0.341249
[2023-11-11 11:03:27,646][INFO][clas_trainer:133] - train epoch: 16 [16288/54622 (30%)], lr: ['1.00e-04', '1.00e-04'], loss: 0.361320
[2023-11-11 11:03:37,884][INFO][clas_trainer:133] - train epoch: 16 [21728/54622 (40%)], lr: ['1.00e-04', '1.00e-04'], loss: 0.235787
[2023-11-11 11:03:48,233][INFO][clas_trainer:133] - train epoch: 16 [27168/54622 (50%)], lr: ['1.00e-04', '1.00e-04'], loss: 0.104965
[2023-11-11 11:03:58,397][INFO][clas_trainer:133] - train epoch: 16 [32608/54622 (60%)], lr: ['1.00e-04', '1.00e-04'], loss: 0.267291
[2023-11-11 11:04:08,754][INFO][clas_trainer:133] - train epoch: 16 [38048/54622 (70%)], lr: ['1.00e-04', '1.00e-04'], loss: 0.276902
[2023-11-11 11:04:18,948][INFO][clas_trainer:133] - train epoch: 16 [43488/54622 (80%)], lr: ['1.00e-04', '1.00e-04'], loss: 0.289898
[2023-11-11 11:04:29,438][INFO][clas_trainer:133] - train epoch: 16 [48928/54622 (90%)], lr: ['1.00e-04', '1.00e-04'], loss: 0.110249
[2023-11-11 11:04:39,578][INFO][clas_trainer:133] - train epoch: 16 [54368/54622 (100%)], lr: ['1.00e-04', '1.00e-04'], loss: 0.119255
[2023-11-11 11:04:56,891][INFO][clas_trainer:63] - [epoch  16] execution time: 122.41s	metrics:
[2023-11-11 11:04:56,891][INFO][clas_evaluator:99] - dataset: earlystopping, avg f1-score: 0.7846
[2023-11-11 11:05:08,053][INFO][clas_trainer:133] - train epoch: 17 [5408/54622 (10%)], lr: ['1.00e-04', '1.00e-04'], loss: 0.332189
[2023-11-11 11:05:18,222][INFO][clas_trainer:133] - train epoch: 17 [10848/54622 (20%)], lr: ['1.00e-04', '1.00e-04'], loss: 0.278316
[2023-11-11 11:05:28,200][INFO][clas_trainer:133] - train epoch: 17 [16288/54622 (30%)], lr: ['1.00e-04', '1.00e-04'], loss: 0.148574
[2023-11-11 11:05:38,169][INFO][clas_trainer:133] - train epoch: 17 [21728/54622 (40%)], lr: ['1.00e-04', '1.00e-04'], loss: 0.393485
[2023-11-11 11:05:48,106][INFO][clas_trainer:133] - train epoch: 17 [27168/54622 (50%)], lr: ['1.00e-04', '1.00e-04'], loss: 0.233303
[2023-11-11 11:05:58,171][INFO][clas_trainer:133] - train epoch: 17 [32608/54622 (60%)], lr: ['1.00e-04', '1.00e-04'], loss: 0.247941
[2023-11-11 11:06:07,921][INFO][clas_trainer:133] - train epoch: 17 [38048/54622 (70%)], lr: ['1.00e-04', '1.00e-04'], loss: 0.384802
[2023-11-11 11:06:18,238][INFO][clas_trainer:133] - train epoch: 17 [43488/54622 (80%)], lr: ['1.00e-04', '1.00e-04'], loss: 0.148468
[2023-11-11 11:06:28,271][INFO][clas_trainer:133] - train epoch: 17 [48928/54622 (90%)], lr: ['1.00e-04', '1.00e-04'], loss: 0.222461
[2023-11-11 11:06:38,377][INFO][clas_trainer:133] - train epoch: 17 [54368/54622 (100%)], lr: ['1.00e-04', '1.00e-04'], loss: 0.345913
[2023-11-11 11:06:55,961][INFO][clas_trainer:63] - [epoch  17] execution time: 119.07s	metrics:
[2023-11-11 11:06:55,961][INFO][clas_evaluator:99] - dataset: earlystopping, avg f1-score: 0.7765
[2023-11-11 11:07:07,032][INFO][clas_trainer:133] - train epoch: 18 [5408/54622 (10%)], lr: ['1.00e-04', '1.00e-04'], loss: 0.585570
[2023-11-11 11:07:17,053][INFO][clas_trainer:133] - train epoch: 18 [10848/54622 (20%)], lr: ['1.00e-04', '1.00e-04'], loss: 0.168655
[2023-11-11 11:07:27,478][INFO][clas_trainer:133] - train epoch: 18 [16288/54622 (30%)], lr: ['1.00e-04', '1.00e-04'], loss: 0.268547
[2023-11-11 11:07:37,726][INFO][clas_trainer:133] - train epoch: 18 [21728/54622 (40%)], lr: ['1.00e-04', '1.00e-04'], loss: 0.297523
[2023-11-11 11:07:48,054][INFO][clas_trainer:133] - train epoch: 18 [27168/54622 (50%)], lr: ['1.00e-04', '1.00e-04'], loss: 0.037612
[2023-11-11 11:07:58,079][INFO][clas_trainer:133] - train epoch: 18 [32608/54622 (60%)], lr: ['1.00e-04', '1.00e-04'], loss: 0.491291
[2023-11-11 11:08:07,850][INFO][clas_trainer:133] - train epoch: 18 [38048/54622 (70%)], lr: ['1.00e-04', '1.00e-04'], loss: 0.101735
[2023-11-11 11:08:17,607][INFO][clas_trainer:133] - train epoch: 18 [43488/54622 (80%)], lr: ['1.00e-04', '1.00e-04'], loss: 0.131746
[2023-11-11 11:08:27,446][INFO][clas_trainer:133] - train epoch: 18 [48928/54622 (90%)], lr: ['1.00e-04', '1.00e-04'], loss: 0.091400
[2023-11-11 11:08:37,706][INFO][clas_trainer:133] - train epoch: 18 [54368/54622 (100%)], lr: ['1.00e-04', '1.00e-04'], loss: 0.172106
[2023-11-11 11:08:54,870][INFO][clas_trainer:63] - [epoch  18] execution time: 118.91s	metrics:
[2023-11-11 11:08:54,870][INFO][clas_evaluator:99] - dataset: earlystopping, avg f1-score: 0.7776
[2023-11-11 11:09:05,797][INFO][clas_trainer:133] - train epoch: 19 [5408/54622 (10%)], lr: ['1.00e-04', '1.00e-04'], loss: 0.166317
[2023-11-11 11:09:15,581][INFO][clas_trainer:133] - train epoch: 19 [10848/54622 (20%)], lr: ['1.00e-04', '1.00e-04'], loss: 0.202939
[2023-11-11 11:09:25,402][INFO][clas_trainer:133] - train epoch: 19 [16288/54622 (30%)], lr: ['1.00e-04', '1.00e-04'], loss: 0.150076
[2023-11-11 11:09:35,077][INFO][clas_trainer:133] - train epoch: 19 [21728/54622 (40%)], lr: ['1.00e-04', '1.00e-04'], loss: 0.111074
[2023-11-11 11:09:45,216][INFO][clas_trainer:133] - train epoch: 19 [27168/54622 (50%)], lr: ['1.00e-04', '1.00e-04'], loss: 0.330235
[2023-11-11 11:09:55,116][INFO][clas_trainer:133] - train epoch: 19 [32608/54622 (60%)], lr: ['1.00e-04', '1.00e-04'], loss: 0.094081
[2023-11-11 11:10:04,841][INFO][clas_trainer:133] - train epoch: 19 [38048/54622 (70%)], lr: ['1.00e-04', '1.00e-04'], loss: 0.158204
[2023-11-11 11:10:14,478][INFO][clas_trainer:133] - train epoch: 19 [43488/54622 (80%)], lr: ['1.00e-04', '1.00e-04'], loss: 0.371156
[2023-11-11 11:10:24,061][INFO][clas_trainer:133] - train epoch: 19 [48928/54622 (90%)], lr: ['1.00e-04', '1.00e-04'], loss: 0.232344
[2023-11-11 11:10:33,416][INFO][clas_trainer:133] - train epoch: 19 [54368/54622 (100%)], lr: ['1.00e-04', '1.00e-04'], loss: 0.180902
[2023-11-11 11:10:50,672][INFO][clas_trainer:63] - [epoch  19] execution time: 115.80s	metrics:
[2023-11-11 11:10:50,672][INFO][clas_evaluator:99] - dataset: earlystopping, avg f1-score: 0.7858
[2023-11-11 11:10:50,729][INFO][base_model:51] - snapshot saved to ./models/exp003b-m11-base_fe_clas-2023-11-11_03-11-14-final.pth
[2023-11-11 11:11:01,566][INFO][clas_trainer:133] - train epoch: 20 [5408/54622 (10%)], lr: ['1.00e-04', '1.00e-04'], loss: 0.107661
[2023-11-11 11:11:11,386][INFO][clas_trainer:133] - train epoch: 20 [10848/54622 (20%)], lr: ['1.00e-04', '1.00e-04'], loss: 0.127880
[2023-11-11 11:11:21,388][INFO][clas_trainer:133] - train epoch: 20 [16288/54622 (30%)], lr: ['1.00e-04', '1.00e-04'], loss: 0.089943
[2023-11-11 11:11:30,886][INFO][clas_trainer:133] - train epoch: 20 [21728/54622 (40%)], lr: ['1.00e-04', '1.00e-04'], loss: 0.182727
[2023-11-11 11:11:40,694][INFO][clas_trainer:133] - train epoch: 20 [27168/54622 (50%)], lr: ['1.00e-04', '1.00e-04'], loss: 0.420378
[2023-11-11 11:11:50,275][INFO][clas_trainer:133] - train epoch: 20 [32608/54622 (60%)], lr: ['1.00e-04', '1.00e-04'], loss: 0.414987
[2023-11-11 11:12:00,448][INFO][clas_trainer:133] - train epoch: 20 [38048/54622 (70%)], lr: ['1.00e-04', '1.00e-04'], loss: 0.166366
[2023-11-11 11:12:10,182][INFO][clas_trainer:133] - train epoch: 20 [43488/54622 (80%)], lr: ['1.00e-04', '1.00e-04'], loss: 0.263217
[2023-11-11 11:12:20,171][INFO][clas_trainer:133] - train epoch: 20 [48928/54622 (90%)], lr: ['1.00e-04', '1.00e-04'], loss: 0.209774
[2023-11-11 11:12:29,899][INFO][clas_trainer:133] - train epoch: 20 [54368/54622 (100%)], lr: ['1.00e-04', '1.00e-04'], loss: 0.254740
[2023-11-11 11:12:46,822][INFO][clas_trainer:63] - [epoch  20] execution time: 116.09s	metrics:
[2023-11-11 11:12:46,822][INFO][clas_evaluator:99] - dataset: earlystopping, avg f1-score: 0.7858
[2023-11-11 11:12:46,876][INFO][base_model:51] - snapshot saved to ./models/exp003b-m11-base_fe_clas-2023-11-11_03-11-14-final.pth
[2023-11-11 11:12:57,544][INFO][clas_trainer:133] - train epoch: 21 [5408/54622 (10%)], lr: ['1.00e-04', '1.00e-04'], loss: 0.271351
[2023-11-11 11:13:07,476][INFO][clas_trainer:133] - train epoch: 21 [10848/54622 (20%)], lr: ['1.00e-04', '1.00e-04'], loss: 0.347736
[2023-11-11 11:13:17,170][INFO][clas_trainer:133] - train epoch: 21 [16288/54622 (30%)], lr: ['1.00e-04', '1.00e-04'], loss: 0.283957
[2023-11-11 11:13:26,989][INFO][clas_trainer:133] - train epoch: 21 [21728/54622 (40%)], lr: ['1.00e-04', '1.00e-04'], loss: 0.433618
[2023-11-11 11:13:36,701][INFO][clas_trainer:133] - train epoch: 21 [27168/54622 (50%)], lr: ['1.00e-04', '1.00e-04'], loss: 0.326397
[2023-11-11 11:13:46,406][INFO][clas_trainer:133] - train epoch: 21 [32608/54622 (60%)], lr: ['1.00e-04', '1.00e-04'], loss: 0.216278
[2023-11-11 11:13:55,895][INFO][clas_trainer:133] - train epoch: 21 [38048/54622 (70%)], lr: ['1.00e-04', '1.00e-04'], loss: 0.267667
[2023-11-11 11:14:05,741][INFO][clas_trainer:133] - train epoch: 21 [43488/54622 (80%)], lr: ['1.00e-04', '1.00e-04'], loss: 0.237606
[2023-11-11 11:14:15,245][INFO][clas_trainer:133] - train epoch: 21 [48928/54622 (90%)], lr: ['1.00e-04', '1.00e-04'], loss: 0.438194
[2023-11-11 11:14:25,223][INFO][clas_trainer:133] - train epoch: 21 [54368/54622 (100%)], lr: ['1.00e-04', '1.00e-04'], loss: 0.128410
[2023-11-11 11:14:42,826][INFO][clas_trainer:63] - [epoch  21] execution time: 115.95s	metrics:
[2023-11-11 11:14:42,827][INFO][clas_evaluator:99] - dataset: earlystopping, avg f1-score: 0.8056
[2023-11-11 11:14:42,883][INFO][base_model:51] - snapshot saved to ./models/exp003b-m11-base_fe_clas-2023-11-11_03-11-14-final.pth
[2023-11-11 11:14:54,031][INFO][clas_trainer:133] - train epoch: 22 [5408/54622 (10%)], lr: ['1.00e-04', '1.00e-04'], loss: 0.160163
[2023-11-11 11:15:04,036][INFO][clas_trainer:133] - train epoch: 22 [10848/54622 (20%)], lr: ['1.00e-04', '1.00e-04'], loss: 0.404219
[2023-11-11 11:15:14,234][INFO][clas_trainer:133] - train epoch: 22 [16288/54622 (30%)], lr: ['1.00e-04', '1.00e-04'], loss: 0.436707
[2023-11-11 11:15:24,287][INFO][clas_trainer:133] - train epoch: 22 [21728/54622 (40%)], lr: ['1.00e-04', '1.00e-04'], loss: 0.314049
[2023-11-11 11:15:34,490][INFO][clas_trainer:133] - train epoch: 22 [27168/54622 (50%)], lr: ['1.00e-04', '1.00e-04'], loss: 0.072563
[2023-11-11 11:15:44,575][INFO][clas_trainer:133] - train epoch: 22 [32608/54622 (60%)], lr: ['1.00e-04', '1.00e-04'], loss: 0.192393
[2023-11-11 11:15:54,895][INFO][clas_trainer:133] - train epoch: 22 [38048/54622 (70%)], lr: ['1.00e-04', '1.00e-04'], loss: 0.188173
[2023-11-11 11:16:04,783][INFO][clas_trainer:133] - train epoch: 22 [43488/54622 (80%)], lr: ['1.00e-04', '1.00e-04'], loss: 0.337266
[2023-11-11 11:16:14,762][INFO][clas_trainer:133] - train epoch: 22 [48928/54622 (90%)], lr: ['1.00e-04', '1.00e-04'], loss: 0.251071
[2023-11-11 11:16:24,743][INFO][clas_trainer:133] - train epoch: 22 [54368/54622 (100%)], lr: ['1.00e-04', '1.00e-04'], loss: 0.487072
[2023-11-11 11:16:42,154][INFO][clas_trainer:63] - [epoch  22] execution time: 119.27s	metrics:
[2023-11-11 11:16:42,154][INFO][clas_evaluator:99] - dataset: earlystopping, avg f1-score: 0.7776
[2023-11-11 11:16:53,310][INFO][clas_trainer:133] - train epoch: 23 [5408/54622 (10%)], lr: ['1.00e-04', '1.00e-04'], loss: 0.183750
[2023-11-11 11:17:03,595][INFO][clas_trainer:133] - train epoch: 23 [10848/54622 (20%)], lr: ['1.00e-04', '1.00e-04'], loss: 0.214872
[2023-11-11 11:17:13,672][INFO][clas_trainer:133] - train epoch: 23 [16288/54622 (30%)], lr: ['1.00e-04', '1.00e-04'], loss: 0.214551
[2023-11-11 11:17:23,448][INFO][clas_trainer:133] - train epoch: 23 [21728/54622 (40%)], lr: ['1.00e-04', '1.00e-04'], loss: 0.130204
[2023-11-11 11:17:33,446][INFO][clas_trainer:133] - train epoch: 23 [27168/54622 (50%)], lr: ['1.00e-04', '1.00e-04'], loss: 0.381788
[2023-11-11 11:17:43,677][INFO][clas_trainer:133] - train epoch: 23 [32608/54622 (60%)], lr: ['1.00e-04', '1.00e-04'], loss: 0.225895
[2023-11-11 11:17:53,620][INFO][clas_trainer:133] - train epoch: 23 [38048/54622 (70%)], lr: ['1.00e-04', '1.00e-04'], loss: 0.172964
[2023-11-11 11:18:03,635][INFO][clas_trainer:133] - train epoch: 23 [43488/54622 (80%)], lr: ['1.00e-04', '1.00e-04'], loss: 0.195112
[2023-11-11 11:18:13,555][INFO][clas_trainer:133] - train epoch: 23 [48928/54622 (90%)], lr: ['1.00e-04', '1.00e-04'], loss: 0.110843
[2023-11-11 11:18:23,404][INFO][clas_trainer:133] - train epoch: 23 [54368/54622 (100%)], lr: ['1.00e-04', '1.00e-04'], loss: 0.165671
[2023-11-11 11:18:40,910][INFO][clas_trainer:63] - [epoch  23] execution time: 118.76s	metrics:
[2023-11-11 11:18:40,910][INFO][clas_evaluator:99] - dataset: earlystopping, avg f1-score: 0.7762
[2023-11-11 11:18:52,041][INFO][clas_trainer:133] - train epoch: 24 [5408/54622 (10%)], lr: ['1.00e-04', '1.00e-04'], loss: 0.248688
[2023-11-11 11:19:01,899][INFO][clas_trainer:133] - train epoch: 24 [10848/54622 (20%)], lr: ['1.00e-04', '1.00e-04'], loss: 0.208728
[2023-11-11 11:19:11,872][INFO][clas_trainer:133] - train epoch: 24 [16288/54622 (30%)], lr: ['1.00e-04', '1.00e-04'], loss: 0.216244
[2023-11-11 11:19:21,860][INFO][clas_trainer:133] - train epoch: 24 [21728/54622 (40%)], lr: ['1.00e-04', '1.00e-04'], loss: 0.104626
[2023-11-11 11:19:31,925][INFO][clas_trainer:133] - train epoch: 24 [27168/54622 (50%)], lr: ['1.00e-04', '1.00e-04'], loss: 0.300605
[2023-11-11 11:19:41,700][INFO][clas_trainer:133] - train epoch: 24 [32608/54622 (60%)], lr: ['1.00e-04', '1.00e-04'], loss: 0.166494
[2023-11-11 11:19:51,788][INFO][clas_trainer:133] - train epoch: 24 [38048/54622 (70%)], lr: ['1.00e-04', '1.00e-04'], loss: 0.222088
[2023-11-11 11:20:01,364][INFO][clas_trainer:133] - train epoch: 24 [43488/54622 (80%)], lr: ['1.00e-04', '1.00e-04'], loss: 0.097737
[2023-11-11 11:20:11,329][INFO][clas_trainer:133] - train epoch: 24 [48928/54622 (90%)], lr: ['1.00e-04', '1.00e-04'], loss: 0.023140
[2023-11-11 11:20:20,931][INFO][clas_trainer:133] - train epoch: 24 [54368/54622 (100%)], lr: ['1.00e-04', '1.00e-04'], loss: 0.434785
[2023-11-11 11:20:38,239][INFO][clas_trainer:63] - [epoch  24] execution time: 117.33s	metrics:
[2023-11-11 11:20:38,240][INFO][clas_evaluator:99] - dataset: earlystopping, avg f1-score: 0.7941
[2023-11-11 11:20:49,151][INFO][clas_trainer:133] - train epoch: 25 [5408/54622 (10%)], lr: ['1.00e-04', '1.00e-04'], loss: 0.266959
[2023-11-11 11:20:59,561][INFO][clas_trainer:133] - train epoch: 25 [10848/54622 (20%)], lr: ['1.00e-04', '1.00e-04'], loss: 0.140359
[2023-11-11 11:21:10,114][INFO][clas_trainer:133] - train epoch: 25 [16288/54622 (30%)], lr: ['1.00e-04', '1.00e-04'], loss: 0.077274
[2023-11-11 11:21:20,211][INFO][clas_trainer:133] - train epoch: 25 [21728/54622 (40%)], lr: ['1.00e-04', '1.00e-04'], loss: 0.222008
[2023-11-11 11:21:30,092][INFO][clas_trainer:133] - train epoch: 25 [27168/54622 (50%)], lr: ['1.00e-04', '1.00e-04'], loss: 0.275196
[2023-11-11 11:21:39,940][INFO][clas_trainer:133] - train epoch: 25 [32608/54622 (60%)], lr: ['1.00e-04', '1.00e-04'], loss: 0.158573
[2023-11-11 11:21:50,024][INFO][clas_trainer:133] - train epoch: 25 [38048/54622 (70%)], lr: ['1.00e-04', '1.00e-04'], loss: 0.099792
[2023-11-11 11:22:00,064][INFO][clas_trainer:133] - train epoch: 25 [43488/54622 (80%)], lr: ['1.00e-04', '1.00e-04'], loss: 0.213894
[2023-11-11 11:22:09,974][INFO][clas_trainer:133] - train epoch: 25 [48928/54622 (90%)], lr: ['1.00e-04', '1.00e-04'], loss: 0.064415
[2023-11-11 11:22:19,933][INFO][clas_trainer:133] - train epoch: 25 [54368/54622 (100%)], lr: ['1.00e-04', '1.00e-04'], loss: 0.238585
[2023-11-11 11:22:37,304][INFO][clas_trainer:63] - [epoch  25] execution time: 119.06s	metrics:
[2023-11-11 11:22:37,305][INFO][clas_evaluator:99] - dataset: earlystopping, avg f1-score: 0.7668
[2023-11-11 11:22:48,367][INFO][clas_trainer:133] - train epoch: 26 [5408/54622 (10%)], lr: ['1.00e-04', '1.00e-04'], loss: 0.245250
[2023-11-11 11:22:58,280][INFO][clas_trainer:133] - train epoch: 26 [10848/54622 (20%)], lr: ['1.00e-04', '1.00e-04'], loss: 0.254721
[2023-11-11 11:23:08,402][INFO][clas_trainer:133] - train epoch: 26 [16288/54622 (30%)], lr: ['1.00e-04', '1.00e-04'], loss: 0.389492
[2023-11-11 11:23:18,690][INFO][clas_trainer:133] - train epoch: 26 [21728/54622 (40%)], lr: ['1.00e-04', '1.00e-04'], loss: 0.211916
[2023-11-11 11:23:28,570][INFO][clas_trainer:133] - train epoch: 26 [27168/54622 (50%)], lr: ['1.00e-04', '1.00e-04'], loss: 0.102213
[2023-11-11 11:23:38,571][INFO][clas_trainer:133] - train epoch: 26 [32608/54622 (60%)], lr: ['1.00e-04', '1.00e-04'], loss: 0.172001
[2023-11-11 11:23:48,838][INFO][clas_trainer:133] - train epoch: 26 [38048/54622 (70%)], lr: ['1.00e-04', '1.00e-04'], loss: 0.180078
[2023-11-11 11:23:58,793][INFO][clas_trainer:133] - train epoch: 26 [43488/54622 (80%)], lr: ['1.00e-04', '1.00e-04'], loss: 0.132720
[2023-11-11 11:24:08,734][INFO][clas_trainer:133] - train epoch: 26 [48928/54622 (90%)], lr: ['1.00e-04', '1.00e-04'], loss: 0.173576
[2023-11-11 11:24:18,775][INFO][clas_trainer:133] - train epoch: 26 [54368/54622 (100%)], lr: ['1.00e-04', '1.00e-04'], loss: 0.260628
[2023-11-11 11:24:36,116][INFO][clas_trainer:63] - [epoch  26] execution time: 118.81s	metrics:
[2023-11-11 11:24:36,116][INFO][clas_evaluator:99] - dataset: earlystopping, avg f1-score: 0.7797
[2023-11-11 11:24:47,069][INFO][clas_trainer:133] - train epoch: 27 [5408/54622 (10%)], lr: ['1.00e-04', '1.00e-04'], loss: 0.130502
[2023-11-11 11:24:57,283][INFO][clas_trainer:133] - train epoch: 27 [10848/54622 (20%)], lr: ['1.00e-04', '1.00e-04'], loss: 0.340337
[2023-11-11 11:25:07,067][INFO][clas_trainer:133] - train epoch: 27 [16288/54622 (30%)], lr: ['1.00e-04', '1.00e-04'], loss: 0.753572
[2023-11-11 11:25:16,775][INFO][clas_trainer:133] - train epoch: 27 [21728/54622 (40%)], lr: ['1.00e-04', '1.00e-04'], loss: 0.182367
[2023-11-11 11:25:26,841][INFO][clas_trainer:133] - train epoch: 27 [27168/54622 (50%)], lr: ['1.00e-04', '1.00e-04'], loss: 0.140525
[2023-11-11 11:25:36,532][INFO][clas_trainer:133] - train epoch: 27 [32608/54622 (60%)], lr: ['1.00e-04', '1.00e-04'], loss: 0.534277
[2023-11-11 11:25:46,314][INFO][clas_trainer:133] - train epoch: 27 [38048/54622 (70%)], lr: ['1.00e-04', '1.00e-04'], loss: 0.213678
[2023-11-11 11:25:56,150][INFO][clas_trainer:133] - train epoch: 27 [43488/54622 (80%)], lr: ['1.00e-04', '1.00e-04'], loss: 0.297026
[2023-11-11 11:26:06,027][INFO][clas_trainer:133] - train epoch: 27 [48928/54622 (90%)], lr: ['1.00e-04', '1.00e-04'], loss: 0.205489
[2023-11-11 11:26:15,891][INFO][clas_trainer:133] - train epoch: 27 [54368/54622 (100%)], lr: ['1.00e-04', '1.00e-04'], loss: 0.180973
[2023-11-11 11:26:32,967][INFO][clas_trainer:63] - [epoch  27] execution time: 116.85s	metrics:
[2023-11-11 11:26:32,968][INFO][clas_evaluator:99] - dataset: earlystopping, avg f1-score: 0.7961
[2023-11-11 11:26:43,949][INFO][clas_trainer:133] - train epoch: 28 [5408/54622 (10%)], lr: ['1.00e-04', '1.00e-04'], loss: 0.182910
[2023-11-11 11:26:53,808][INFO][clas_trainer:133] - train epoch: 28 [10848/54622 (20%)], lr: ['1.00e-04', '1.00e-04'], loss: 0.205570
[2023-11-11 11:27:03,732][INFO][clas_trainer:133] - train epoch: 28 [16288/54622 (30%)], lr: ['1.00e-04', '1.00e-04'], loss: 0.184784
[2023-11-11 11:27:13,549][INFO][clas_trainer:133] - train epoch: 28 [21728/54622 (40%)], lr: ['1.00e-04', '1.00e-04'], loss: 0.226660
[2023-11-11 11:27:23,434][INFO][clas_trainer:133] - train epoch: 28 [27168/54622 (50%)], lr: ['1.00e-04', '1.00e-04'], loss: 0.166631
[2023-11-11 11:27:33,084][INFO][clas_trainer:133] - train epoch: 28 [32608/54622 (60%)], lr: ['1.00e-04', '1.00e-04'], loss: 0.245150
[2023-11-11 11:27:42,850][INFO][clas_trainer:133] - train epoch: 28 [38048/54622 (70%)], lr: ['1.00e-04', '1.00e-04'], loss: 0.188209
[2023-11-11 11:27:52,606][INFO][clas_trainer:133] - train epoch: 28 [43488/54622 (80%)], lr: ['1.00e-04', '1.00e-04'], loss: 0.155511
[2023-11-11 11:28:02,181][INFO][clas_trainer:133] - train epoch: 28 [48928/54622 (90%)], lr: ['1.00e-04', '1.00e-04'], loss: 0.239276
[2023-11-11 11:28:12,263][INFO][clas_trainer:133] - train epoch: 28 [54368/54622 (100%)], lr: ['1.00e-04', '1.00e-04'], loss: 0.140324
[2023-11-11 11:28:29,877][INFO][clas_trainer:63] - [epoch  28] execution time: 116.91s	metrics:
[2023-11-11 11:28:29,877][INFO][clas_evaluator:99] - dataset: earlystopping, avg f1-score: 0.7642
[2023-11-11 11:28:40,802][INFO][clas_trainer:133] - train epoch: 29 [5408/54622 (10%)], lr: ['1.00e-04', '1.00e-04'], loss: 0.343697
[2023-11-11 11:28:50,730][INFO][clas_trainer:133] - train epoch: 29 [10848/54622 (20%)], lr: ['1.00e-04', '1.00e-04'], loss: 0.093712
[2023-11-11 11:29:00,898][INFO][clas_trainer:133] - train epoch: 29 [16288/54622 (30%)], lr: ['1.00e-04', '1.00e-04'], loss: 0.196298
[2023-11-11 11:29:10,918][INFO][clas_trainer:133] - train epoch: 29 [21728/54622 (40%)], lr: ['1.00e-04', '1.00e-04'], loss: 0.209184
[2023-11-11 11:29:21,139][INFO][clas_trainer:133] - train epoch: 29 [27168/54622 (50%)], lr: ['1.00e-04', '1.00e-04'], loss: 0.283699
[2023-11-11 11:29:31,375][INFO][clas_trainer:133] - train epoch: 29 [32608/54622 (60%)], lr: ['1.00e-04', '1.00e-04'], loss: 0.097647
[2023-11-11 11:29:41,601][INFO][clas_trainer:133] - train epoch: 29 [38048/54622 (70%)], lr: ['1.00e-04', '1.00e-04'], loss: 0.214883
[2023-11-11 11:29:51,940][INFO][clas_trainer:133] - train epoch: 29 [43488/54622 (80%)], lr: ['1.00e-04', '1.00e-04'], loss: 0.089306
[2023-11-11 11:30:02,092][INFO][clas_trainer:133] - train epoch: 29 [48928/54622 (90%)], lr: ['1.00e-04', '1.00e-04'], loss: 0.202270
[2023-11-11 11:30:12,051][INFO][clas_trainer:133] - train epoch: 29 [54368/54622 (100%)], lr: ['1.00e-04', '1.00e-04'], loss: 0.183930
[2023-11-11 11:30:29,340][INFO][clas_trainer:63] - [epoch  29] execution time: 119.46s	metrics:
[2023-11-11 11:30:29,340][INFO][clas_evaluator:99] - dataset: earlystopping, avg f1-score: 0.7817
[2023-11-11 11:30:40,593][INFO][clas_trainer:133] - train epoch: 30 [5408/54622 (10%)], lr: ['1.00e-04', '1.00e-04'], loss: 0.072498
[2023-11-11 11:30:50,532][INFO][clas_trainer:133] - train epoch: 30 [10848/54622 (20%)], lr: ['1.00e-04', '1.00e-04'], loss: 0.280572
[2023-11-11 11:31:00,689][INFO][clas_trainer:133] - train epoch: 30 [16288/54622 (30%)], lr: ['1.00e-04', '1.00e-04'], loss: 0.115280
[2023-11-11 11:31:10,864][INFO][clas_trainer:133] - train epoch: 30 [21728/54622 (40%)], lr: ['1.00e-04', '1.00e-04'], loss: 0.401608
[2023-11-11 11:31:21,130][INFO][clas_trainer:133] - train epoch: 30 [27168/54622 (50%)], lr: ['1.00e-04', '1.00e-04'], loss: 0.153656
[2023-11-11 11:31:30,881][INFO][clas_trainer:133] - train epoch: 30 [32608/54622 (60%)], lr: ['1.00e-04', '1.00e-04'], loss: 0.197719
[2023-11-11 11:31:41,181][INFO][clas_trainer:133] - train epoch: 30 [38048/54622 (70%)], lr: ['1.00e-04', '1.00e-04'], loss: 0.108334
[2023-11-11 11:31:50,966][INFO][clas_trainer:133] - train epoch: 30 [43488/54622 (80%)], lr: ['1.00e-04', '1.00e-04'], loss: 0.191002
[2023-11-11 11:32:00,932][INFO][clas_trainer:133] - train epoch: 30 [48928/54622 (90%)], lr: ['1.00e-04', '1.00e-04'], loss: 0.177686
[2023-11-11 11:32:10,581][INFO][clas_trainer:133] - train epoch: 30 [54368/54622 (100%)], lr: ['1.00e-04', '1.00e-04'], loss: 0.159236
[2023-11-11 11:32:28,005][INFO][clas_trainer:63] - [epoch  30] execution time: 118.66s	metrics:
[2023-11-11 11:32:28,005][INFO][clas_evaluator:99] - dataset: earlystopping, avg f1-score: 0.7813
[2023-11-11 11:32:38,788][INFO][clas_trainer:133] - train epoch: 31 [5408/54622 (10%)], lr: ['1.00e-04', '1.00e-04'], loss: 0.103471
[2023-11-11 11:32:48,716][INFO][clas_trainer:133] - train epoch: 31 [10848/54622 (20%)], lr: ['1.00e-04', '1.00e-04'], loss: 0.181748
[2023-11-11 11:32:58,600][INFO][clas_trainer:133] - train epoch: 31 [16288/54622 (30%)], lr: ['1.00e-04', '1.00e-04'], loss: 0.188085
[2023-11-11 11:33:08,459][INFO][clas_trainer:133] - train epoch: 31 [21728/54622 (40%)], lr: ['1.00e-04', '1.00e-04'], loss: 0.062506
[2023-11-11 11:33:18,374][INFO][clas_trainer:133] - train epoch: 31 [27168/54622 (50%)], lr: ['1.00e-04', '1.00e-04'], loss: 0.162280
[2023-11-11 11:33:28,331][INFO][clas_trainer:133] - train epoch: 31 [32608/54622 (60%)], lr: ['1.00e-04', '1.00e-04'], loss: 0.100013
[2023-11-11 11:33:37,989][INFO][clas_trainer:133] - train epoch: 31 [38048/54622 (70%)], lr: ['1.00e-04', '1.00e-04'], loss: 0.170898
[2023-11-11 11:33:47,929][INFO][clas_trainer:133] - train epoch: 31 [43488/54622 (80%)], lr: ['1.00e-04', '1.00e-04'], loss: 0.094060
[2023-11-11 11:33:57,702][INFO][clas_trainer:133] - train epoch: 31 [48928/54622 (90%)], lr: ['1.00e-04', '1.00e-04'], loss: 0.034534
[2023-11-11 11:34:07,351][INFO][clas_trainer:133] - train epoch: 31 [54368/54622 (100%)], lr: ['1.00e-04', '1.00e-04'], loss: 0.066135
[2023-11-11 11:34:24,186][INFO][clas_trainer:63] - [epoch  31] execution time: 116.18s	metrics:
[2023-11-11 11:34:24,186][INFO][clas_evaluator:99] - dataset: earlystopping, avg f1-score: 0.7886
[2023-11-11 11:34:24,196][INFO][clas_trainer:79] - finished training
[2023-11-11 11:34:24,196][INFO][clas_trainer:80] - best model on epoch: 21 	f1-score: 0.8056
