[2023-10-17 16:06:48,122][INFO][fine-tune:29] - overrides:
hydra:
- hydra.mode=MULTIRUN
task:
- m_seed_path_sids={seeds:[1,1,1,1,1],path:"exp002b-m1-simple_multi_class-2023-10-17_12-41-35-final.pth",subject_ids:{dod_o_h:$\{data.dod_o_h.cv_5_fold.fold_2\}}}
- data.downstream.train_dataloader.dataset.data_reducer.n_epochs=50
- data.downstream.train_dataloader.dataset.data_reducer.n_subjects=5

[2023-10-17 16:06:50,118][INFO][data_loaders:39] - class distribution before data reduction:
# samples per subject
02fb158a-a658-51ee-89cf-1e1dc2ebfde1: 861
03341d0d-5927-5838-8a5f-1b8ef39d8f57: 1063
039ce8ad-a7fa-5272-a3e3-1f4bfebdd087: 915
0d79f4b1-e74f-5e87-8e42-f9dd7112ada5: 968
100df108-eb57-5eaa-a413-f7e4436a7895: 952
130f3f52-7d0a-551e-af61-2ee75455e5c9: 989
14c012bd-65b0-56f5-bc74-2dffcea69837: 969
16450f5a-9b65-5536-85e1-93816c8b89eb: 816
18482adf-1144-54ca-9e35-27f65c43a105: 824
18ede714-aba3-5ad8-bb1a-18fc9b1c4192: 995
1da3544e-dc5c-5795-adc3-f5068959211f: 955
2159377e-ebf3-5565-9014-1e2ae69dc1d2: 907
2d01dc34-f36c-562e-b24a-d20dc798fdfc: 837
2e865ca9-e20f-5a6f-bd25-45d28cc9eab9: 950
30e8a05b-4cf1-5aa8-9ef7-28d6e2949ad5: 699
32556393-bb57-560a-99e8-e09885219647: 1106
3dd35e7b-d7e2-516d-8a85-e0d58a59569f: 1093
3e842aa8-bcd9-521e-93a2-72124233fe2c: 620
4b72b905-5521-5c57-b666-e20ff9bb195f: 868
4e3c4ac4-69e2-5347-a3b0-662c204d259d: 926
52fbe46b-206c-584a-9f4f-1eb308e07bac: 1064
5b94ec8a-c34d-5e45-84d1-bec2ea965609: 1090
5bf0f969-304c-581e-949c-50c108f62846: 947
5ddbc68c-1283-5c27-952b-d7f102291bc2: 1097
64959ac4-53b5-5868-a845-c7476e9fdf7b: 990
67fa8e29-6f4d-530e-9422-bbc3aca86ed0: 1046
6e2aa933-c51c-5a31-8c7b-83da8d076a12: 905
730aba3b-e310-5be0-9eed-7c3123466834: 1120
742f1592-627c-54eb-bbb5-ccd55ffae33a: 975
769df255-2284-50b3-8917-2155c759fbbd: 929
79e8a04e-0fdd-53ae-bedc-d49d08e29103: 918
7ab8ff5f-a77f-567d-9882-f8bee0c3c9bf: 989
7d778801-88e7-5086-ad1d-70f31a371876: 999
7f5237b1-2196-5c8a-9543-a5aa70210ef4: 931
83c1394e-9c69-5c11-9102-9ff8d59b1cfd: 1011
844f68ba-265e-53e6-bf47-6c85d1804a7b: 957
90aef91a-252f-5ccc-a82e-78ea7ee9ca1f: 1089
a25b2296-343b-53f6-8792-ada2669d466e: 1008
a35a118e-e65e-5928-92a9-4354a6a0f4ce: 813
a6254c8a-f1b2-5736-b601-18245dd5e0a5: 1084
a65a9e69-cddf-5711-9a97-de8bfdeb08cc: 961
a79d1f0e-c133-5aa0-8268-cdcc05825f0f: 1046
aadc9e0c-b7c3-5a47-851d-f21971d10935: 969
b2d3ccdd-395c-5dd2-81d9-252bcfc0c337: 902
b3706da5-748b-5dd1-a552-f57e4456cdf6: 1041
b5d5785d-87ee-5078-b9b9-aac6abd4d8de: 918
c8110476-594c-533d-95bd-86147fccc987: 995
cc3b4b63-4a6f-5f28-ac7e-62f83c271449: 1076
d3cadb78-cb8c-5a6e-885c-392e457c68b1: 982
d5181c33-a43b-5dfe-8ad7-0337facb092a: 977
e6b7cbef-4c9d-5541-82e8-04810de0fb60: 819
e72505f1-21be-5d66-b620-cfcfa2d754bc: 973
e8ec8ec4-dc48-50ce-985a-a06d87861030: 975
eb95076c-c470-56a4-b788-ace310f061c6: 965
f2a69bdc-ed51-5e3f-b102-6b3f7d392be0: 960
f66bc75e-778b-5037-af86-b5275cd4c79f: 865

# samples per stage
0: 9109
1: 2878
2: 26255
3: 6343
4: 9114
[2023-10-17 16:06:50,276][INFO][data_loaders:43] - class distribution after data reduction:
# samples per subject
039ce8ad-a7fa-5272-a3e3-1f4bfebdd087: 12876
4e3c4ac4-69e2-5347-a3b0-662c204d259d: 12876
7d778801-88e7-5086-ad1d-70f31a371876: 11803
b3706da5-748b-5dd1-a552-f57e4456cdf6: 9657
c8110476-594c-533d-95bd-86147fccc987: 6438

# samples per stage
0: 8584
1: 3219
2: 25752
3: 1073
4: 15022
[2023-10-17 16:06:50,594][INFO][data_loaders:39] - class distribution before data reduction:
# samples per subject
0416d51f-5d69-5326-b74a-a2e31a96a1ef: 822
119f9726-eb4c-5a0e-a7bb-9e15256149a1: 932
1fa6c401-d819-50f5-8146-a0bb9e2b2516: 986
22bea84c-5d23-5e49-bc2d-9764f883955b: 1048
25a6b2b0-4d09-561b-82c6-f09bb271d3be: 1063
6a7503ac-ab3a-5d5b-b474-4b0fe37748dd: 1213
a30245e3-4a71-565f-9636-92e7d2e825fc: 1122
b3534fa3-7676-50dc-8412-07f0eff4f7a9: 757

# samples per stage
0: 1372
1: 412
2: 3945
3: 905
4: 1309
[2023-10-17 16:06:50,614][INFO][data_loaders:43] - class distribution after data reduction:
# samples per subject
0416d51f-5d69-5326-b74a-a2e31a96a1ef: 822
119f9726-eb4c-5a0e-a7bb-9e15256149a1: 932
1fa6c401-d819-50f5-8146-a0bb9e2b2516: 986
22bea84c-5d23-5e49-bc2d-9764f883955b: 1048
25a6b2b0-4d09-561b-82c6-f09bb271d3be: 1063
6a7503ac-ab3a-5d5b-b474-4b0fe37748dd: 1213
a30245e3-4a71-565f-9636-92e7d2e825fc: 1122
b3534fa3-7676-50dc-8412-07f0eff4f7a9: 757

# samples per stage
0: 1372
1: 412
2: 3945
3: 905
4: 1309
[2023-10-17 16:06:50,651][INFO][clas_trainer:49] - metrics before training (epoch 0):
[2023-10-17 16:07:07,376][INFO][clas_evaluator:99] - dataset: earlystopping, avg f1-score: 0.1329
[2023-10-17 16:07:18,727][INFO][clas_trainer:133] - train epoch: 1 [5312/53650 (10%)], lr: ['1.00e-04', '1.00e-04'], loss: 2.590897
[2023-10-17 16:07:29,425][INFO][clas_trainer:133] - train epoch: 1 [10656/53650 (20%)], lr: ['1.00e-04', '1.00e-04'], loss: 1.726029
[2023-10-17 16:07:40,297][INFO][clas_trainer:133] - train epoch: 1 [16000/53650 (30%)], lr: ['1.00e-04', '1.00e-04'], loss: 1.005962
[2023-10-17 16:07:51,354][INFO][clas_trainer:133] - train epoch: 1 [21344/53650 (40%)], lr: ['1.00e-04', '1.00e-04'], loss: 0.918508
[2023-10-17 16:08:02,038][INFO][clas_trainer:133] - train epoch: 1 [26688/53650 (50%)], lr: ['1.00e-04', '1.00e-04'], loss: 0.547831
[2023-10-17 16:08:12,796][INFO][clas_trainer:133] - train epoch: 1 [32032/53650 (60%)], lr: ['1.00e-04', '1.00e-04'], loss: 0.489163
[2023-10-17 16:08:23,394][INFO][clas_trainer:133] - train epoch: 1 [37376/53650 (70%)], lr: ['1.00e-04', '1.00e-04'], loss: 0.104372
[2023-10-17 16:08:33,946][INFO][clas_trainer:133] - train epoch: 1 [42720/53650 (80%)], lr: ['1.00e-04', '1.00e-04'], loss: 0.050304
[2023-10-17 16:08:44,648][INFO][clas_trainer:133] - train epoch: 1 [48064/53650 (90%)], lr: ['1.00e-04', '1.00e-04'], loss: 0.214176
[2023-10-17 16:08:55,370][INFO][clas_trainer:133] - train epoch: 1 [53408/53650 (100%)], lr: ['1.00e-04', '1.00e-04'], loss: 0.074968
[2023-10-17 16:09:12,605][INFO][clas_trainer:63] - [epoch   1] execution time: 125.23s	metrics:
[2023-10-17 16:09:12,606][INFO][clas_evaluator:99] - dataset: earlystopping, avg f1-score: 0.3162
[2023-10-17 16:09:12,663][INFO][base_model:51] - snapshot saved to ./models/exp002a-m34-base_fe_clas-2023-10-17_13-13-53-final.pth
[2023-10-17 16:09:24,093][INFO][clas_trainer:133] - train epoch: 2 [5312/53650 (10%)], lr: ['1.00e-04', '1.00e-04'], loss: 0.084346
[2023-10-17 16:09:34,926][INFO][clas_trainer:133] - train epoch: 2 [10656/53650 (20%)], lr: ['1.00e-04', '1.00e-04'], loss: 0.060099
[2023-10-17 16:09:45,612][INFO][clas_trainer:133] - train epoch: 2 [16000/53650 (30%)], lr: ['1.00e-04', '1.00e-04'], loss: 0.012282
[2023-10-17 16:09:56,411][INFO][clas_trainer:133] - train epoch: 2 [21344/53650 (40%)], lr: ['1.00e-04', '1.00e-04'], loss: 0.002085
[2023-10-17 16:10:07,267][INFO][clas_trainer:133] - train epoch: 2 [26688/53650 (50%)], lr: ['1.00e-04', '1.00e-04'], loss: 0.008490
[2023-10-17 16:10:18,265][INFO][clas_trainer:133] - train epoch: 2 [32032/53650 (60%)], lr: ['1.00e-04', '1.00e-04'], loss: 0.003512
[2023-10-17 16:10:28,963][INFO][clas_trainer:133] - train epoch: 2 [37376/53650 (70%)], lr: ['1.00e-04', '1.00e-04'], loss: 0.036696
[2023-10-17 16:10:39,378][INFO][clas_trainer:133] - train epoch: 2 [42720/53650 (80%)], lr: ['1.00e-04', '1.00e-04'], loss: 0.002362
[2023-10-17 16:10:50,217][INFO][clas_trainer:133] - train epoch: 2 [48064/53650 (90%)], lr: ['1.00e-04', '1.00e-04'], loss: 0.000301
[2023-10-17 16:11:00,838][INFO][clas_trainer:133] - train epoch: 2 [53408/53650 (100%)], lr: ['1.00e-04', '1.00e-04'], loss: 0.009842
[2023-10-17 16:11:18,365][INFO][clas_trainer:63] - [epoch   2] execution time: 125.70s	metrics:
[2023-10-17 16:11:18,365][INFO][clas_evaluator:99] - dataset: earlystopping, avg f1-score: 0.3305
[2023-10-17 16:11:18,425][INFO][base_model:51] - snapshot saved to ./models/exp002a-m34-base_fe_clas-2023-10-17_13-13-53-final.pth
[2023-10-17 16:11:29,665][INFO][clas_trainer:133] - train epoch: 3 [5312/53650 (10%)], lr: ['1.00e-04', '1.00e-04'], loss: 0.111187
[2023-10-17 16:11:40,586][INFO][clas_trainer:133] - train epoch: 3 [10656/53650 (20%)], lr: ['1.00e-04', '1.00e-04'], loss: 0.000064
[2023-10-17 16:11:51,309][INFO][clas_trainer:133] - train epoch: 3 [16000/53650 (30%)], lr: ['1.00e-04', '1.00e-04'], loss: 0.000333
[2023-10-17 16:12:02,006][INFO][clas_trainer:133] - train epoch: 3 [21344/53650 (40%)], lr: ['1.00e-04', '1.00e-04'], loss: 0.000127
[2023-10-17 16:12:12,830][INFO][clas_trainer:133] - train epoch: 3 [26688/53650 (50%)], lr: ['1.00e-04', '1.00e-04'], loss: 0.002791
[2023-10-17 16:12:23,980][INFO][clas_trainer:133] - train epoch: 3 [32032/53650 (60%)], lr: ['1.00e-04', '1.00e-04'], loss: 0.000036
[2023-10-17 16:12:34,546][INFO][clas_trainer:133] - train epoch: 3 [37376/53650 (70%)], lr: ['1.00e-04', '1.00e-04'], loss: 0.000163
[2023-10-17 16:12:45,131][INFO][clas_trainer:133] - train epoch: 3 [42720/53650 (80%)], lr: ['1.00e-04', '1.00e-04'], loss: 0.000554
[2023-10-17 16:12:56,021][INFO][clas_trainer:133] - train epoch: 3 [48064/53650 (90%)], lr: ['1.00e-04', '1.00e-04'], loss: 0.000118
[2023-10-17 16:13:06,495][INFO][clas_trainer:133] - train epoch: 3 [53408/53650 (100%)], lr: ['1.00e-04', '1.00e-04'], loss: 0.001166
[2023-10-17 16:13:23,636][INFO][clas_trainer:63] - [epoch   3] execution time: 125.21s	metrics:
[2023-10-17 16:13:23,637][INFO][clas_evaluator:99] - dataset: earlystopping, avg f1-score: 0.3292
[2023-10-17 16:13:34,982][INFO][clas_trainer:133] - train epoch: 4 [5312/53650 (10%)], lr: ['1.00e-04', '1.00e-04'], loss: 0.000402
[2023-10-17 16:13:45,539][INFO][clas_trainer:133] - train epoch: 4 [10656/53650 (20%)], lr: ['1.00e-04', '1.00e-04'], loss: 0.004337
[2023-10-17 16:13:56,287][INFO][clas_trainer:133] - train epoch: 4 [16000/53650 (30%)], lr: ['1.00e-04', '1.00e-04'], loss: 0.000290
[2023-10-17 16:14:07,227][INFO][clas_trainer:133] - train epoch: 4 [21344/53650 (40%)], lr: ['1.00e-04', '1.00e-04'], loss: 0.000599
[2023-10-17 16:14:18,093][INFO][clas_trainer:133] - train epoch: 4 [26688/53650 (50%)], lr: ['1.00e-04', '1.00e-04'], loss: 0.002389
[2023-10-17 16:14:28,665][INFO][clas_trainer:133] - train epoch: 4 [32032/53650 (60%)], lr: ['1.00e-04', '1.00e-04'], loss: 0.001118
[2023-10-17 16:14:39,377][INFO][clas_trainer:133] - train epoch: 4 [37376/53650 (70%)], lr: ['1.00e-04', '1.00e-04'], loss: 0.001166
[2023-10-17 16:14:50,108][INFO][clas_trainer:133] - train epoch: 4 [42720/53650 (80%)], lr: ['1.00e-04', '1.00e-04'], loss: 0.000173
[2023-10-17 16:15:00,745][INFO][clas_trainer:133] - train epoch: 4 [48064/53650 (90%)], lr: ['1.00e-04', '1.00e-04'], loss: 0.000022
[2023-10-17 16:15:11,205][INFO][clas_trainer:133] - train epoch: 4 [53408/53650 (100%)], lr: ['1.00e-04', '1.00e-04'], loss: 0.000241
[2023-10-17 16:15:28,975][INFO][clas_trainer:63] - [epoch   4] execution time: 125.34s	metrics:
[2023-10-17 16:15:28,975][INFO][clas_evaluator:99] - dataset: earlystopping, avg f1-score: 0.3718
[2023-10-17 16:15:29,034][INFO][base_model:51] - snapshot saved to ./models/exp002a-m34-base_fe_clas-2023-10-17_13-13-53-final.pth
[2023-10-17 16:15:40,235][INFO][clas_trainer:133] - train epoch: 5 [5312/53650 (10%)], lr: ['1.00e-04', '1.00e-04'], loss: 0.049903
[2023-10-17 16:15:51,067][INFO][clas_trainer:133] - train epoch: 5 [10656/53650 (20%)], lr: ['1.00e-04', '1.00e-04'], loss: 0.000663
[2023-10-17 16:16:02,061][INFO][clas_trainer:133] - train epoch: 5 [16000/53650 (30%)], lr: ['1.00e-04', '1.00e-04'], loss: 0.000670
[2023-10-17 16:16:12,789][INFO][clas_trainer:133] - train epoch: 5 [21344/53650 (40%)], lr: ['1.00e-04', '1.00e-04'], loss: 0.000121
[2023-10-17 16:16:23,977][INFO][clas_trainer:133] - train epoch: 5 [26688/53650 (50%)], lr: ['1.00e-04', '1.00e-04'], loss: 0.094161
[2023-10-17 16:16:35,477][INFO][clas_trainer:133] - train epoch: 5 [32032/53650 (60%)], lr: ['1.00e-04', '1.00e-04'], loss: 0.000047
[2023-10-17 16:16:46,476][INFO][clas_trainer:133] - train epoch: 5 [37376/53650 (70%)], lr: ['1.00e-04', '1.00e-04'], loss: 0.000040
[2023-10-17 16:16:57,444][INFO][clas_trainer:133] - train epoch: 5 [42720/53650 (80%)], lr: ['1.00e-04', '1.00e-04'], loss: 0.000043
[2023-10-17 16:17:08,793][INFO][clas_trainer:133] - train epoch: 5 [48064/53650 (90%)], lr: ['1.00e-04', '1.00e-04'], loss: 0.006658
[2023-10-17 16:17:20,956][INFO][clas_trainer:133] - train epoch: 5 [53408/53650 (100%)], lr: ['1.00e-04', '1.00e-04'], loss: 0.015638
[2023-10-17 16:17:38,869][INFO][clas_trainer:63] - [epoch   5] execution time: 129.83s	metrics:
[2023-10-17 16:17:38,869][INFO][clas_evaluator:99] - dataset: earlystopping, avg f1-score: 0.4189
[2023-10-17 16:17:38,929][INFO][base_model:51] - snapshot saved to ./models/exp002a-m34-base_fe_clas-2023-10-17_13-13-53-final.pth
[2023-10-17 16:17:49,936][INFO][clas_trainer:133] - train epoch: 6 [5312/53650 (10%)], lr: ['1.00e-04', '1.00e-04'], loss: 0.000515
[2023-10-17 16:18:00,906][INFO][clas_trainer:133] - train epoch: 6 [10656/53650 (20%)], lr: ['1.00e-04', '1.00e-04'], loss: 0.000102
[2023-10-17 16:18:11,668][INFO][clas_trainer:133] - train epoch: 6 [16000/53650 (30%)], lr: ['1.00e-04', '1.00e-04'], loss: 0.000112
[2023-10-17 16:18:22,405][INFO][clas_trainer:133] - train epoch: 6 [21344/53650 (40%)], lr: ['1.00e-04', '1.00e-04'], loss: 0.000044
[2023-10-17 16:18:33,272][INFO][clas_trainer:133] - train epoch: 6 [26688/53650 (50%)], lr: ['1.00e-04', '1.00e-04'], loss: 0.000427
[2023-10-17 16:18:44,108][INFO][clas_trainer:133] - train epoch: 6 [32032/53650 (60%)], lr: ['1.00e-04', '1.00e-04'], loss: 0.000094
[2023-10-17 16:18:54,897][INFO][clas_trainer:133] - train epoch: 6 [37376/53650 (70%)], lr: ['1.00e-04', '1.00e-04'], loss: 0.000043
[2023-10-17 16:19:05,720][INFO][clas_trainer:133] - train epoch: 6 [42720/53650 (80%)], lr: ['1.00e-04', '1.00e-04'], loss: 0.000106
[2023-10-17 16:19:16,533][INFO][clas_trainer:133] - train epoch: 6 [48064/53650 (90%)], lr: ['1.00e-04', '1.00e-04'], loss: 0.000018
[2023-10-17 16:19:27,202][INFO][clas_trainer:133] - train epoch: 6 [53408/53650 (100%)], lr: ['1.00e-04', '1.00e-04'], loss: 0.000032
[2023-10-17 16:19:44,391][INFO][clas_trainer:63] - [epoch   6] execution time: 125.46s	metrics:
[2023-10-17 16:19:44,391][INFO][clas_evaluator:99] - dataset: earlystopping, avg f1-score: 0.4231
[2023-10-17 16:19:44,450][INFO][base_model:51] - snapshot saved to ./models/exp002a-m34-base_fe_clas-2023-10-17_13-13-53-final.pth
[2023-10-17 16:19:55,613][INFO][clas_trainer:133] - train epoch: 7 [5312/53650 (10%)], lr: ['1.00e-04', '1.00e-04'], loss: 0.000076
[2023-10-17 16:20:06,251][INFO][clas_trainer:133] - train epoch: 7 [10656/53650 (20%)], lr: ['1.00e-04', '1.00e-04'], loss: 0.000015
[2023-10-17 16:20:17,316][INFO][clas_trainer:133] - train epoch: 7 [16000/53650 (30%)], lr: ['1.00e-04', '1.00e-04'], loss: 0.000084
[2023-10-17 16:20:28,491][INFO][clas_trainer:133] - train epoch: 7 [21344/53650 (40%)], lr: ['1.00e-04', '1.00e-04'], loss: 0.000445
[2023-10-17 16:20:39,324][INFO][clas_trainer:133] - train epoch: 7 [26688/53650 (50%)], lr: ['1.00e-04', '1.00e-04'], loss: 0.000023
[2023-10-17 16:20:50,205][INFO][clas_trainer:133] - train epoch: 7 [32032/53650 (60%)], lr: ['1.00e-04', '1.00e-04'], loss: 0.000085
[2023-10-17 16:21:00,782][INFO][clas_trainer:133] - train epoch: 7 [37376/53650 (70%)], lr: ['1.00e-04', '1.00e-04'], loss: 0.000209
[2023-10-17 16:21:11,549][INFO][clas_trainer:133] - train epoch: 7 [42720/53650 (80%)], lr: ['1.00e-04', '1.00e-04'], loss: 0.000265
[2023-10-17 16:21:22,433][INFO][clas_trainer:133] - train epoch: 7 [48064/53650 (90%)], lr: ['1.00e-04', '1.00e-04'], loss: 0.000169
[2023-10-17 16:21:34,096][INFO][clas_trainer:133] - train epoch: 7 [53408/53650 (100%)], lr: ['1.00e-04', '1.00e-04'], loss: 0.000104
[2023-10-17 16:21:51,316][INFO][clas_trainer:63] - [epoch   7] execution time: 126.87s	metrics:
[2023-10-17 16:21:51,316][INFO][clas_evaluator:99] - dataset: earlystopping, avg f1-score: 0.4579
[2023-10-17 16:21:51,377][INFO][base_model:51] - snapshot saved to ./models/exp002a-m34-base_fe_clas-2023-10-17_13-13-53-final.pth
[2023-10-17 16:22:02,904][INFO][clas_trainer:133] - train epoch: 8 [5312/53650 (10%)], lr: ['1.00e-04', '1.00e-04'], loss: 0.000900
[2023-10-17 16:22:13,546][INFO][clas_trainer:133] - train epoch: 8 [10656/53650 (20%)], lr: ['1.00e-04', '1.00e-04'], loss: 0.000821
[2023-10-17 16:22:24,145][INFO][clas_trainer:133] - train epoch: 8 [16000/53650 (30%)], lr: ['1.00e-04', '1.00e-04'], loss: 0.000292
[2023-10-17 16:22:35,098][INFO][clas_trainer:133] - train epoch: 8 [21344/53650 (40%)], lr: ['1.00e-04', '1.00e-04'], loss: 0.000257
[2023-10-17 16:22:45,908][INFO][clas_trainer:133] - train epoch: 8 [26688/53650 (50%)], lr: ['1.00e-04', '1.00e-04'], loss: 0.000057
[2023-10-17 16:22:56,347][INFO][clas_trainer:133] - train epoch: 8 [32032/53650 (60%)], lr: ['1.00e-04', '1.00e-04'], loss: 0.000062
[2023-10-17 16:23:07,149][INFO][clas_trainer:133] - train epoch: 8 [37376/53650 (70%)], lr: ['1.00e-04', '1.00e-04'], loss: 0.000163
[2023-10-17 16:23:17,798][INFO][clas_trainer:133] - train epoch: 8 [42720/53650 (80%)], lr: ['1.00e-04', '1.00e-04'], loss: 0.000094
[2023-10-17 16:23:28,479][INFO][clas_trainer:133] - train epoch: 8 [48064/53650 (90%)], lr: ['1.00e-04', '1.00e-04'], loss: 0.000037
[2023-10-17 16:23:39,357][INFO][clas_trainer:133] - train epoch: 8 [53408/53650 (100%)], lr: ['1.00e-04', '1.00e-04'], loss: 0.000054
[2023-10-17 16:23:56,701][INFO][clas_trainer:63] - [epoch   8] execution time: 125.32s	metrics:
[2023-10-17 16:23:56,702][INFO][clas_evaluator:99] - dataset: earlystopping, avg f1-score: 0.4031
[2023-10-17 16:24:08,022][INFO][clas_trainer:133] - train epoch: 9 [5312/53650 (10%)], lr: ['1.00e-04', '1.00e-04'], loss: 0.000390
[2023-10-17 16:24:18,967][INFO][clas_trainer:133] - train epoch: 9 [10656/53650 (20%)], lr: ['1.00e-04', '1.00e-04'], loss: 0.000887
[2023-10-17 16:24:29,706][INFO][clas_trainer:133] - train epoch: 9 [16000/53650 (30%)], lr: ['1.00e-04', '1.00e-04'], loss: 0.000501
[2023-10-17 16:24:40,310][INFO][clas_trainer:133] - train epoch: 9 [21344/53650 (40%)], lr: ['1.00e-04', '1.00e-04'], loss: 0.000064
[2023-10-17 16:24:51,256][INFO][clas_trainer:133] - train epoch: 9 [26688/53650 (50%)], lr: ['1.00e-04', '1.00e-04'], loss: 0.000210
[2023-10-17 16:25:02,169][INFO][clas_trainer:133] - train epoch: 9 [32032/53650 (60%)], lr: ['1.00e-04', '1.00e-04'], loss: 0.000229
[2023-10-17 16:25:13,041][INFO][clas_trainer:133] - train epoch: 9 [37376/53650 (70%)], lr: ['1.00e-04', '1.00e-04'], loss: 0.000251
[2023-10-17 16:25:23,778][INFO][clas_trainer:133] - train epoch: 9 [42720/53650 (80%)], lr: ['1.00e-04', '1.00e-04'], loss: 0.000070
[2023-10-17 16:25:34,781][INFO][clas_trainer:133] - train epoch: 9 [48064/53650 (90%)], lr: ['1.00e-04', '1.00e-04'], loss: 0.000249
[2023-10-17 16:25:49,632][INFO][clas_trainer:133] - train epoch: 9 [53408/53650 (100%)], lr: ['1.00e-04', '1.00e-04'], loss: 0.000296
[2023-10-17 16:26:18,290][INFO][clas_trainer:63] - [epoch   9] execution time: 141.59s	metrics:
[2023-10-17 16:26:18,290][INFO][clas_evaluator:99] - dataset: earlystopping, avg f1-score: 0.4348
[2023-10-17 16:26:36,203][INFO][clas_trainer:133] - train epoch: 10 [5312/53650 (10%)], lr: ['1.00e-04', '1.00e-04'], loss: 0.000050
[2023-10-17 16:26:53,943][INFO][clas_trainer:133] - train epoch: 10 [10656/53650 (20%)], lr: ['1.00e-04', '1.00e-04'], loss: 0.000095
[2023-10-17 16:27:09,959][INFO][clas_trainer:133] - train epoch: 10 [16000/53650 (30%)], lr: ['1.00e-04', '1.00e-04'], loss: 0.008389
[2023-10-17 16:27:20,771][INFO][clas_trainer:133] - train epoch: 10 [21344/53650 (40%)], lr: ['1.00e-04', '1.00e-04'], loss: 0.000078
[2023-10-17 16:27:31,536][INFO][clas_trainer:133] - train epoch: 10 [26688/53650 (50%)], lr: ['1.00e-04', '1.00e-04'], loss: 0.000206
[2023-10-17 16:27:42,342][INFO][clas_trainer:133] - train epoch: 10 [32032/53650 (60%)], lr: ['1.00e-04', '1.00e-04'], loss: 0.000063
[2023-10-17 16:27:52,904][INFO][clas_trainer:133] - train epoch: 10 [37376/53650 (70%)], lr: ['1.00e-04', '1.00e-04'], loss: 0.000316
[2023-10-17 16:28:03,749][INFO][clas_trainer:133] - train epoch: 10 [42720/53650 (80%)], lr: ['1.00e-04', '1.00e-04'], loss: 0.000222
[2023-10-17 16:28:14,549][INFO][clas_trainer:133] - train epoch: 10 [48064/53650 (90%)], lr: ['1.00e-04', '1.00e-04'], loss: 0.001451
[2023-10-17 16:28:25,243][INFO][clas_trainer:133] - train epoch: 10 [53408/53650 (100%)], lr: ['1.00e-04', '1.00e-04'], loss: 0.000123
[2023-10-17 16:28:42,830][INFO][clas_trainer:63] - [epoch  10] execution time: 144.54s	metrics:
[2023-10-17 16:28:42,830][INFO][clas_evaluator:99] - dataset: earlystopping, avg f1-score: 0.4554
[2023-10-17 16:28:54,067][INFO][clas_trainer:133] - train epoch: 11 [5312/53650 (10%)], lr: ['1.00e-04', '1.00e-04'], loss: 0.000329
[2023-10-17 16:29:04,824][INFO][clas_trainer:133] - train epoch: 11 [10656/53650 (20%)], lr: ['1.00e-04', '1.00e-04'], loss: 0.000043
[2023-10-17 16:29:15,765][INFO][clas_trainer:133] - train epoch: 11 [16000/53650 (30%)], lr: ['1.00e-04', '1.00e-04'], loss: 0.000641
[2023-10-17 16:29:26,459][INFO][clas_trainer:133] - train epoch: 11 [21344/53650 (40%)], lr: ['1.00e-04', '1.00e-04'], loss: 0.000071
[2023-10-17 16:29:37,068][INFO][clas_trainer:133] - train epoch: 11 [26688/53650 (50%)], lr: ['1.00e-04', '1.00e-04'], loss: 0.000340
[2023-10-17 16:29:47,906][INFO][clas_trainer:133] - train epoch: 11 [32032/53650 (60%)], lr: ['1.00e-04', '1.00e-04'], loss: 0.000252
[2023-10-17 16:29:58,381][INFO][clas_trainer:133] - train epoch: 11 [37376/53650 (70%)], lr: ['1.00e-04', '1.00e-04'], loss: 0.000399
[2023-10-17 16:30:09,100][INFO][clas_trainer:133] - train epoch: 11 [42720/53650 (80%)], lr: ['1.00e-04', '1.00e-04'], loss: 0.000156
[2023-10-17 16:30:19,836][INFO][clas_trainer:133] - train epoch: 11 [48064/53650 (90%)], lr: ['1.00e-04', '1.00e-04'], loss: 0.000232
[2023-10-17 16:30:30,953][INFO][clas_trainer:133] - train epoch: 11 [53408/53650 (100%)], lr: ['1.00e-04', '1.00e-04'], loss: 0.000371
[2023-10-17 16:30:47,988][INFO][clas_trainer:63] - [epoch  11] execution time: 125.16s	metrics:
[2023-10-17 16:30:47,990][INFO][clas_evaluator:99] - dataset: earlystopping, avg f1-score: 0.3895
[2023-10-17 16:30:59,508][INFO][clas_trainer:133] - train epoch: 12 [5312/53650 (10%)], lr: ['1.00e-04', '1.00e-04'], loss: 0.000242
[2023-10-17 16:31:10,441][INFO][clas_trainer:133] - train epoch: 12 [10656/53650 (20%)], lr: ['1.00e-04', '1.00e-04'], loss: 0.000397
[2023-10-17 16:31:21,024][INFO][clas_trainer:133] - train epoch: 12 [16000/53650 (30%)], lr: ['1.00e-04', '1.00e-04'], loss: 0.014501
[2023-10-17 16:31:31,909][INFO][clas_trainer:133] - train epoch: 12 [21344/53650 (40%)], lr: ['1.00e-04', '1.00e-04'], loss: 0.000205
[2023-10-17 16:31:42,811][INFO][clas_trainer:133] - train epoch: 12 [26688/53650 (50%)], lr: ['1.00e-04', '1.00e-04'], loss: 0.000876
[2023-10-17 16:31:53,635][INFO][clas_trainer:133] - train epoch: 12 [32032/53650 (60%)], lr: ['1.00e-04', '1.00e-04'], loss: 0.000164
[2023-10-17 16:32:04,272][INFO][clas_trainer:133] - train epoch: 12 [37376/53650 (70%)], lr: ['1.00e-04', '1.00e-04'], loss: 0.000255
[2023-10-17 16:32:15,382][INFO][clas_trainer:133] - train epoch: 12 [42720/53650 (80%)], lr: ['1.00e-04', '1.00e-04'], loss: 0.000165
[2023-10-17 16:32:26,062][INFO][clas_trainer:133] - train epoch: 12 [48064/53650 (90%)], lr: ['1.00e-04', '1.00e-04'], loss: 0.000408
[2023-10-17 16:32:37,084][INFO][clas_trainer:133] - train epoch: 12 [53408/53650 (100%)], lr: ['1.00e-04', '1.00e-04'], loss: 0.000622
[2023-10-17 16:32:54,353][INFO][clas_trainer:63] - [epoch  12] execution time: 126.36s	metrics:
[2023-10-17 16:32:54,353][INFO][clas_evaluator:99] - dataset: earlystopping, avg f1-score: 0.3915
[2023-10-17 16:33:05,922][INFO][clas_trainer:133] - train epoch: 13 [5312/53650 (10%)], lr: ['1.00e-04', '1.00e-04'], loss: 0.000384
[2023-10-17 16:33:17,009][INFO][clas_trainer:133] - train epoch: 13 [10656/53650 (20%)], lr: ['1.00e-04', '1.00e-04'], loss: 0.004159
[2023-10-17 16:33:27,856][INFO][clas_trainer:133] - train epoch: 13 [16000/53650 (30%)], lr: ['1.00e-04', '1.00e-04'], loss: 0.000310
[2023-10-17 16:33:38,719][INFO][clas_trainer:133] - train epoch: 13 [21344/53650 (40%)], lr: ['1.00e-04', '1.00e-04'], loss: 0.000524
[2023-10-17 16:33:49,678][INFO][clas_trainer:133] - train epoch: 13 [26688/53650 (50%)], lr: ['1.00e-04', '1.00e-04'], loss: 0.000912
[2023-10-17 16:34:00,326][INFO][clas_trainer:133] - train epoch: 13 [32032/53650 (60%)], lr: ['1.00e-04', '1.00e-04'], loss: 0.000585
[2023-10-17 16:34:11,099][INFO][clas_trainer:133] - train epoch: 13 [37376/53650 (70%)], lr: ['1.00e-04', '1.00e-04'], loss: 0.001372
[2023-10-17 16:34:22,037][INFO][clas_trainer:133] - train epoch: 13 [42720/53650 (80%)], lr: ['1.00e-04', '1.00e-04'], loss: 0.000750
[2023-10-17 16:34:32,871][INFO][clas_trainer:133] - train epoch: 13 [48064/53650 (90%)], lr: ['1.00e-04', '1.00e-04'], loss: 0.001552
[2023-10-17 16:34:43,365][INFO][clas_trainer:133] - train epoch: 13 [53408/53650 (100%)], lr: ['1.00e-04', '1.00e-04'], loss: 0.001100
[2023-10-17 16:35:01,648][INFO][clas_trainer:63] - [epoch  13] execution time: 127.29s	metrics:
[2023-10-17 16:35:01,649][INFO][clas_evaluator:99] - dataset: earlystopping, avg f1-score: 0.3871
[2023-10-17 16:35:15,352][INFO][clas_trainer:133] - train epoch: 14 [5312/53650 (10%)], lr: ['1.00e-04', '1.00e-04'], loss: 0.000303
[2023-10-17 16:35:28,095][INFO][clas_trainer:133] - train epoch: 14 [10656/53650 (20%)], lr: ['1.00e-04', '1.00e-04'], loss: 0.000575
[2023-10-17 16:35:41,497][INFO][clas_trainer:133] - train epoch: 14 [16000/53650 (30%)], lr: ['1.00e-04', '1.00e-04'], loss: 0.001018
[2023-10-17 16:35:55,828][INFO][clas_trainer:133] - train epoch: 14 [21344/53650 (40%)], lr: ['1.00e-04', '1.00e-04'], loss: 0.000559
[2023-10-17 16:36:09,733][INFO][clas_trainer:133] - train epoch: 14 [26688/53650 (50%)], lr: ['1.00e-04', '1.00e-04'], loss: 0.000748
[2023-10-17 16:36:23,427][INFO][clas_trainer:133] - train epoch: 14 [32032/53650 (60%)], lr: ['1.00e-04', '1.00e-04'], loss: 0.004085
[2023-10-17 16:36:36,793][INFO][clas_trainer:133] - train epoch: 14 [37376/53650 (70%)], lr: ['1.00e-04', '1.00e-04'], loss: 0.000409
[2023-10-17 16:36:50,566][INFO][clas_trainer:133] - train epoch: 14 [42720/53650 (80%)], lr: ['1.00e-04', '1.00e-04'], loss: 0.000578
[2023-10-17 16:37:03,912][INFO][clas_trainer:133] - train epoch: 14 [48064/53650 (90%)], lr: ['1.00e-04', '1.00e-04'], loss: 0.000785
[2023-10-17 16:37:17,074][INFO][clas_trainer:133] - train epoch: 14 [53408/53650 (100%)], lr: ['1.00e-04', '1.00e-04'], loss: 0.000613
[2023-10-17 16:37:38,228][INFO][clas_trainer:63] - [epoch  14] execution time: 156.58s	metrics:
[2023-10-17 16:37:38,228][INFO][clas_evaluator:99] - dataset: earlystopping, avg f1-score: 0.3820
[2023-10-17 16:37:52,306][INFO][clas_trainer:133] - train epoch: 15 [5312/53650 (10%)], lr: ['1.00e-04', '1.00e-04'], loss: 0.000252
[2023-10-17 16:38:05,302][INFO][clas_trainer:133] - train epoch: 15 [10656/53650 (20%)], lr: ['1.00e-04', '1.00e-04'], loss: 0.000455
[2023-10-17 16:38:18,366][INFO][clas_trainer:133] - train epoch: 15 [16000/53650 (30%)], lr: ['1.00e-04', '1.00e-04'], loss: 0.000614
[2023-10-17 16:38:29,194][INFO][clas_trainer:133] - train epoch: 15 [21344/53650 (40%)], lr: ['1.00e-04', '1.00e-04'], loss: 0.000356
[2023-10-17 16:38:39,906][INFO][clas_trainer:133] - train epoch: 15 [26688/53650 (50%)], lr: ['1.00e-04', '1.00e-04'], loss: 0.000799
[2023-10-17 16:38:50,829][INFO][clas_trainer:133] - train epoch: 15 [32032/53650 (60%)], lr: ['1.00e-04', '1.00e-04'], loss: 0.000541
[2023-10-17 16:39:01,444][INFO][clas_trainer:133] - train epoch: 15 [37376/53650 (70%)], lr: ['1.00e-04', '1.00e-04'], loss: 0.003296
[2023-10-17 16:39:12,251][INFO][clas_trainer:133] - train epoch: 15 [42720/53650 (80%)], lr: ['1.00e-04', '1.00e-04'], loss: 0.000746
[2023-10-17 16:39:23,144][INFO][clas_trainer:133] - train epoch: 15 [48064/53650 (90%)], lr: ['1.00e-04', '1.00e-04'], loss: 0.001392
[2023-10-17 16:39:34,045][INFO][clas_trainer:133] - train epoch: 15 [53408/53650 (100%)], lr: ['1.00e-04', '1.00e-04'], loss: 0.000486
[2023-10-17 16:39:51,685][INFO][clas_trainer:63] - [epoch  15] execution time: 133.46s	metrics:
[2023-10-17 16:39:51,686][INFO][clas_evaluator:99] - dataset: earlystopping, avg f1-score: 0.3642
[2023-10-17 16:40:02,877][INFO][clas_trainer:133] - train epoch: 16 [5312/53650 (10%)], lr: ['1.00e-04', '1.00e-04'], loss: 0.002176
[2023-10-17 16:40:13,663][INFO][clas_trainer:133] - train epoch: 16 [10656/53650 (20%)], lr: ['1.00e-04', '1.00e-04'], loss: 0.000336
[2023-10-17 16:40:24,573][INFO][clas_trainer:133] - train epoch: 16 [16000/53650 (30%)], lr: ['1.00e-04', '1.00e-04'], loss: 0.000358
[2023-10-17 16:40:35,098][INFO][clas_trainer:133] - train epoch: 16 [21344/53650 (40%)], lr: ['1.00e-04', '1.00e-04'], loss: 0.000766
[2023-10-17 16:40:45,899][INFO][clas_trainer:133] - train epoch: 16 [26688/53650 (50%)], lr: ['1.00e-04', '1.00e-04'], loss: 0.000388
[2023-10-17 16:40:56,755][INFO][clas_trainer:133] - train epoch: 16 [32032/53650 (60%)], lr: ['1.00e-04', '1.00e-04'], loss: 0.001401
[2023-10-17 16:41:07,416][INFO][clas_trainer:133] - train epoch: 16 [37376/53650 (70%)], lr: ['1.00e-04', '1.00e-04'], loss: 0.000546
[2023-10-17 16:41:18,307][INFO][clas_trainer:133] - train epoch: 16 [42720/53650 (80%)], lr: ['1.00e-04', '1.00e-04'], loss: 0.000481
[2023-10-17 16:41:29,196][INFO][clas_trainer:133] - train epoch: 16 [48064/53650 (90%)], lr: ['1.00e-04', '1.00e-04'], loss: 0.001633
[2023-10-17 16:41:39,875][INFO][clas_trainer:133] - train epoch: 16 [53408/53650 (100%)], lr: ['1.00e-04', '1.00e-04'], loss: 0.000418
[2023-10-17 16:41:57,238][INFO][clas_trainer:63] - [epoch  16] execution time: 125.55s	metrics:
[2023-10-17 16:41:57,239][INFO][clas_evaluator:99] - dataset: earlystopping, avg f1-score: 0.4180
[2023-10-17 16:42:08,535][INFO][clas_trainer:133] - train epoch: 17 [5312/53650 (10%)], lr: ['1.00e-04', '1.00e-04'], loss: 0.000539
[2023-10-17 16:42:19,507][INFO][clas_trainer:133] - train epoch: 17 [10656/53650 (20%)], lr: ['1.00e-04', '1.00e-04'], loss: 0.000812
[2023-10-17 16:42:30,339][INFO][clas_trainer:133] - train epoch: 17 [16000/53650 (30%)], lr: ['1.00e-04', '1.00e-04'], loss: 0.000489
[2023-10-17 16:42:41,024][INFO][clas_trainer:133] - train epoch: 17 [21344/53650 (40%)], lr: ['1.00e-04', '1.00e-04'], loss: 0.000496
[2023-10-17 16:42:51,521][INFO][clas_trainer:133] - train epoch: 17 [26688/53650 (50%)], lr: ['1.00e-04', '1.00e-04'], loss: 0.000429
[2023-10-17 16:43:02,313][INFO][clas_trainer:133] - train epoch: 17 [32032/53650 (60%)], lr: ['1.00e-04', '1.00e-04'], loss: 0.000531
[2023-10-17 16:43:13,229][INFO][clas_trainer:133] - train epoch: 17 [37376/53650 (70%)], lr: ['1.00e-04', '1.00e-04'], loss: 0.001771
[2023-10-17 16:43:23,980][INFO][clas_trainer:133] - train epoch: 17 [42720/53650 (80%)], lr: ['1.00e-04', '1.00e-04'], loss: 0.000320
[2023-10-17 16:43:34,671][INFO][clas_trainer:133] - train epoch: 17 [48064/53650 (90%)], lr: ['1.00e-04', '1.00e-04'], loss: 0.000738
[2023-10-17 16:43:45,481][INFO][clas_trainer:133] - train epoch: 17 [53408/53650 (100%)], lr: ['1.00e-04', '1.00e-04'], loss: 0.000467
[2023-10-17 16:44:02,922][INFO][clas_trainer:63] - [epoch  17] execution time: 125.68s	metrics:
[2023-10-17 16:44:02,922][INFO][clas_evaluator:99] - dataset: earlystopping, avg f1-score: 0.3536
[2023-10-17 16:44:02,929][INFO][clas_trainer:79] - finished training
[2023-10-17 16:44:02,930][INFO][clas_trainer:80] - best model on epoch: 7 	f1-score: 0.4579
