[2024-10-04 11:52:12,759][INFO][fine-tune:25] - Using GPU 3
[2024-10-04 11:52:12,763][INFO][fine-tune:35] - overrides:
hydra:
- hydra.launcher.n_jobs=40
- hydra.mode=MULTIRUN
task:
- m_seed_path_sids={seeds:[5,5,5,5,5],path:"exp005b-m5-simple_multi_class-2024-09-20_13-57-42-final.pth",subject_ids:{sleepedfx:$\{data.sleepedfx.cv_5_fold.fold_1\}}}
- data.downstream.train_dataloader.dataset.data_reducer.n_epochs=130
- data.downstream.train_dataloader.dataset.data_reducer.n_subjects=5
- general.gpus=[0,1,2,3]

[2024-10-04 11:52:19,636][INFO][data_loaders:39] - class distribution before data reduction:
# samples per subject
SC4001E0: 841
SC4002E0: 1127
SC4011E0: 1103
SC4012E0: 1186
SC4031E0: 952
SC4032E0: 911
SC4041E0: 1235
SC4042E0: 1200
SC4051E0: 672
SC4052E0: 1246
SC4061E0: 843
SC4062E0: 1016
SC4081E0: 1134
SC4082E0: 1054
SC4091E0: 1132
SC4092E0: 1105
SC4121E0: 1052
SC4122E0: 977
SC4131E0: 1028
SC4141E0: 1004
SC4142E0: 952
SC4151E0: 952
SC4152E0: 1762
SC4161E0: 1144
SC4162E0: 1003
SC4181E0: 964
SC4182E0: 920
SC4191E0: 1535
SC4192E0: 1274
SC4201E0: 1022
SC4202E0: 1021
SC4211E0: 1578
SC4212E0: 808
SC4221E0: 1099
SC4222E0: 1108
SC4251E0: 972
SC4252E0: 1020
SC4261F0: 1597
SC4262F0: 980
SC4271F0: 1052
SC4272F0: 1090
SC4281G0: 1127
SC4282G0: 1070
SC4301E0: 929
SC4302E0: 854
SC4321E0: 1560
SC4322E0: 1021
SC4341F0: 1501
SC4342F0: 1582
SC4362F0: 824
SC4381F0: 1776
SC4382F0: 1871
SC4411E0: 1078
SC4412E0: 924
SC4441E0: 1195
SC4442E0: 1092
SC4471F0: 1187
SC4472F0: 2161
SC4491G0: 1101
SC4492G0: 1040
SC4501E0: 1326
SC4502E0: 1103
SC4522E0: 997
SC4531E0: 1096
SC4532E0: 1056
SC4541F0: 1716
SC4542F0: 1148
SC4551F0: 1047
SC4552F0: 1090
SC4561F0: 1237
SC4562F0: 1148
SC4581G0: 1095
SC4582G0: 1175
SC4591G0: 1840
SC4592G0: 1231
SC4611E0: 1652
SC4612E0: 1062
SC4621E0: 1445
SC4622E0: 1823
SC4631E0: 1063
SC4632E0: 1107
SC4641E0: 1271
SC4642E0: 2049
SC4651E0: 2644
SC4652E0: 1929
SC4661E0: 2026
SC4662E0: 1994
SC4701E0: 1717
SC4702E0: 1515
SC4711E0: 1413
SC4712E0: 1241
SC4721E0: 1031
SC4722E0: 1130
SC4731E0: 2667
SC4732E0: 2318
SC4741E0: 2210
SC4742E0: 1063
SC4751E0: 2044
SC4752E0: 1049
SC4771G0: 1325
SC4772G0: 1324
SC4801G0: 1241
SC4802G0: 1229
SC4821G0: 1704
SC4822G0: 1366

# samples per stage
0: 44850
1: 14737
2: 48485
3: 8639
4: 17810
[2024-10-04 11:52:20,435][INFO][data_loaders:43] - class distribution after data reduction:
# samples per subject
SC4042E0: 29986
SC4051E0: 12408
SC4152E0: 25850
SC4342F0: 39292
SC4502E0: 26884

# samples per stage
0: 54802
1: 8272
2: 47564
3: 8272
4: 15510
[2024-10-04 11:52:20,461][INFO][base_pretraining_fe:55] - Loading model from exp005b-m5-simple_multi_class-2024-09-20_13-57-42-final.pth
[2024-10-04 11:52:21,659][INFO][data_loaders:39] - class distribution before data reduction:
# samples per subject
SC4021E0: 1025
SC4022E0: 1009
SC4071E0: 976
SC4072E0: 1273
SC4291G0: 1131
SC4292G0: 1605
SC4331F0: 1888
SC4332F0: 1312
SC4401E0: 1064
SC4402E0: 1072
SC4421E0: 785
SC4422E0: 884
SC4761E0: 1683
SC4762E0: 2662
SC4811G0: 1293
SC4812G0: 1183

# samples per stage
0: 7958
1: 1946
2: 6628
3: 1531
4: 2782
[2024-10-04 11:52:21,748][INFO][data_loaders:43] - class distribution after data reduction:
# samples per subject
SC4021E0: 1025
SC4022E0: 1009
SC4071E0: 976
SC4072E0: 1273
SC4291G0: 1131
SC4292G0: 1605
SC4331F0: 1888
SC4332F0: 1312
SC4401E0: 1064
SC4402E0: 1072
SC4421E0: 785
SC4422E0: 884
SC4761E0: 1683
SC4762E0: 2662
SC4811G0: 1293
SC4812G0: 1183

# samples per stage
0: 7958
1: 1946
2: 6628
3: 1531
4: 2782
[2024-10-04 11:52:21,768][INFO][clas_trainer:49] - metrics before training (epoch 0):
[2024-10-04 11:53:34,794][INFO][clas_evaluator:132] - dataset: earlystopping, avg f1-score: 0.0446
[2024-10-04 11:54:20,005][INFO][clas_trainer:133] - train epoch: 1 [13408/134420 (10%)], lr: ['1.00e-04', '1.00e-04'], loss: 0.031754
[2024-10-04 11:55:01,819][INFO][clas_trainer:133] - train epoch: 1 [26848/134420 (20%)], lr: ['1.00e-04', '1.00e-04'], loss: 0.043208
[2024-10-04 11:55:44,233][INFO][clas_trainer:133] - train epoch: 1 [40288/134420 (30%)], lr: ['1.00e-04', '1.00e-04'], loss: 0.021222
[2024-10-04 11:56:26,695][INFO][clas_trainer:133] - train epoch: 1 [53728/134420 (40%)], lr: ['1.00e-04', '1.00e-04'], loss: 0.002682
[2024-10-04 11:57:08,764][INFO][clas_trainer:133] - train epoch: 1 [67168/134420 (50%)], lr: ['1.00e-04', '1.00e-04'], loss: 0.000427
[2024-10-04 11:57:51,875][INFO][clas_trainer:133] - train epoch: 1 [80608/134420 (60%)], lr: ['1.00e-04', '1.00e-04'], loss: 0.004906
[2024-10-04 11:58:32,856][INFO][clas_trainer:133] - train epoch: 1 [94048/134420 (70%)], lr: ['1.00e-04', '1.00e-04'], loss: 0.001087
[2024-10-04 11:59:15,077][INFO][clas_trainer:133] - train epoch: 1 [107488/134420 (80%)], lr: ['1.00e-04', '1.00e-04'], loss: 0.006138
[2024-10-04 11:59:56,651][INFO][clas_trainer:133] - train epoch: 1 [120928/134420 (90%)], lr: ['1.00e-04', '1.00e-04'], loss: 0.008397
[2024-10-04 12:00:37,412][INFO][clas_trainer:133] - train epoch: 1 [134368/134420 (100%)], lr: ['1.00e-04', '1.00e-04'], loss: 0.000025
[2024-10-04 12:01:44,369][INFO][clas_trainer:63] - [epoch   1] execution time: 489.57s	metrics:
[2024-10-04 12:01:44,369][INFO][clas_evaluator:132] - dataset: earlystopping, avg f1-score: 0.5957
[2024-10-04 12:01:44,409][INFO][base_model:51] - snapshot saved to XXX/frequency-pretraining/models/exp005c-m139-base_fe_clas-2024-10-04_03-09-39-final.pth
[2024-10-04 12:02:26,713][INFO][clas_trainer:133] - train epoch: 2 [13408/134420 (10%)], lr: ['1.00e-04', '1.00e-04'], loss: 0.000008
[2024-10-04 12:03:05,694][INFO][clas_trainer:133] - train epoch: 2 [26848/134420 (20%)], lr: ['1.00e-04', '1.00e-04'], loss: 0.000015
[2024-10-04 12:03:45,707][INFO][clas_trainer:133] - train epoch: 2 [40288/134420 (30%)], lr: ['1.00e-04', '1.00e-04'], loss: 0.000038
[2024-10-04 12:04:27,549][INFO][clas_trainer:133] - train epoch: 2 [53728/134420 (40%)], lr: ['1.00e-04', '1.00e-04'], loss: 0.000104
[2024-10-04 12:05:08,991][INFO][clas_trainer:133] - train epoch: 2 [67168/134420 (50%)], lr: ['1.00e-04', '1.00e-04'], loss: 0.001103
[2024-10-04 12:05:50,597][INFO][clas_trainer:133] - train epoch: 2 [80608/134420 (60%)], lr: ['1.00e-04', '1.00e-04'], loss: 0.000028
[2024-10-04 12:06:30,590][INFO][clas_trainer:133] - train epoch: 2 [94048/134420 (70%)], lr: ['1.00e-04', '1.00e-04'], loss: 0.000022
[2024-10-04 12:07:11,020][INFO][clas_trainer:133] - train epoch: 2 [107488/134420 (80%)], lr: ['1.00e-04', '1.00e-04'], loss: 0.000215
[2024-10-04 12:07:53,851][INFO][clas_trainer:133] - train epoch: 2 [120928/134420 (90%)], lr: ['1.00e-04', '1.00e-04'], loss: 0.000090
[2024-10-04 12:08:33,821][INFO][clas_trainer:133] - train epoch: 2 [134368/134420 (100%)], lr: ['1.00e-04', '1.00e-04'], loss: 0.000759
[2024-10-04 12:09:43,075][INFO][clas_trainer:63] - [epoch   2] execution time: 478.67s	metrics:
[2024-10-04 12:09:43,077][INFO][clas_evaluator:132] - dataset: earlystopping, avg f1-score: 0.6357
[2024-10-04 12:09:43,113][INFO][base_model:51] - snapshot saved to XXX/frequency-pretraining/models/exp005c-m139-base_fe_clas-2024-10-04_03-09-39-final.pth
[2024-10-04 12:10:25,844][INFO][clas_trainer:133] - train epoch: 3 [13408/134420 (10%)], lr: ['1.00e-04', '1.00e-04'], loss: 0.000305
[2024-10-04 12:11:07,981][INFO][clas_trainer:133] - train epoch: 3 [26848/134420 (20%)], lr: ['1.00e-04', '1.00e-04'], loss: 0.000225
[2024-10-04 12:11:49,657][INFO][clas_trainer:133] - train epoch: 3 [40288/134420 (30%)], lr: ['1.00e-04', '1.00e-04'], loss: 0.000032
[2024-10-04 12:12:30,586][INFO][clas_trainer:133] - train epoch: 3 [53728/134420 (40%)], lr: ['1.00e-04', '1.00e-04'], loss: 0.000060
[2024-10-04 12:13:11,575][INFO][clas_trainer:133] - train epoch: 3 [67168/134420 (50%)], lr: ['1.00e-04', '1.00e-04'], loss: 0.000308
[2024-10-04 12:13:51,205][INFO][clas_trainer:133] - train epoch: 3 [80608/134420 (60%)], lr: ['1.00e-04', '1.00e-04'], loss: 0.000058
[2024-10-04 12:14:31,656][INFO][clas_trainer:133] - train epoch: 3 [94048/134420 (70%)], lr: ['1.00e-04', '1.00e-04'], loss: 0.000145
[2024-10-04 12:15:14,444][INFO][clas_trainer:133] - train epoch: 3 [107488/134420 (80%)], lr: ['1.00e-04', '1.00e-04'], loss: 0.000047
[2024-10-04 12:15:54,654][INFO][clas_trainer:133] - train epoch: 3 [120928/134420 (90%)], lr: ['1.00e-04', '1.00e-04'], loss: 0.000138
[2024-10-04 12:16:35,848][INFO][clas_trainer:133] - train epoch: 3 [134368/134420 (100%)], lr: ['1.00e-04', '1.00e-04'], loss: 0.000455
[2024-10-04 12:17:48,375][INFO][clas_trainer:63] - [epoch   3] execution time: 485.26s	metrics:
[2024-10-04 12:17:48,376][INFO][clas_evaluator:132] - dataset: earlystopping, avg f1-score: 0.6429
[2024-10-04 12:17:48,414][INFO][base_model:51] - snapshot saved to XXX/frequency-pretraining/models/exp005c-m139-base_fe_clas-2024-10-04_03-09-39-final.pth
[2024-10-04 12:18:30,184][INFO][clas_trainer:133] - train epoch: 4 [13408/134420 (10%)], lr: ['1.00e-04', '1.00e-04'], loss: 0.000432
[2024-10-04 12:19:09,570][INFO][clas_trainer:133] - train epoch: 4 [26848/134420 (20%)], lr: ['1.00e-04', '1.00e-04'], loss: 0.009765
[2024-10-04 12:19:50,092][INFO][clas_trainer:133] - train epoch: 4 [40288/134420 (30%)], lr: ['1.00e-04', '1.00e-04'], loss: 0.001043
[2024-10-04 12:20:29,746][INFO][clas_trainer:133] - train epoch: 4 [53728/134420 (40%)], lr: ['1.00e-04', '1.00e-04'], loss: 0.000760
[2024-10-04 12:21:10,538][INFO][clas_trainer:133] - train epoch: 4 [67168/134420 (50%)], lr: ['1.00e-04', '1.00e-04'], loss: 0.000191
[2024-10-04 12:21:51,156][INFO][clas_trainer:133] - train epoch: 4 [80608/134420 (60%)], lr: ['1.00e-04', '1.00e-04'], loss: 0.000316
[2024-10-04 12:22:31,049][INFO][clas_trainer:133] - train epoch: 4 [94048/134420 (70%)], lr: ['1.00e-04', '1.00e-04'], loss: 0.000201
[2024-10-04 12:23:11,443][INFO][clas_trainer:133] - train epoch: 4 [107488/134420 (80%)], lr: ['1.00e-04', '1.00e-04'], loss: 0.001166
[2024-10-04 12:23:52,554][INFO][clas_trainer:133] - train epoch: 4 [120928/134420 (90%)], lr: ['1.00e-04', '1.00e-04'], loss: 0.000903
[2024-10-04 12:24:32,924][INFO][clas_trainer:133] - train epoch: 4 [134368/134420 (100%)], lr: ['1.00e-04', '1.00e-04'], loss: 0.001175
[2024-10-04 12:25:39,653][INFO][clas_trainer:63] - [epoch   4] execution time: 471.24s	metrics:
[2024-10-04 12:25:39,654][INFO][clas_evaluator:132] - dataset: earlystopping, avg f1-score: 0.6272
[2024-10-04 12:26:22,658][INFO][clas_trainer:133] - train epoch: 5 [13408/134420 (10%)], lr: ['1.00e-04', '1.00e-04'], loss: 0.001019
[2024-10-04 12:27:04,352][INFO][clas_trainer:133] - train epoch: 5 [26848/134420 (20%)], lr: ['1.00e-04', '1.00e-04'], loss: 0.001251
[2024-10-04 12:27:43,975][INFO][clas_trainer:133] - train epoch: 5 [40288/134420 (30%)], lr: ['1.00e-04', '1.00e-04'], loss: 0.000349
[2024-10-04 12:28:23,321][INFO][clas_trainer:133] - train epoch: 5 [53728/134420 (40%)], lr: ['1.00e-04', '1.00e-04'], loss: 0.000414
[2024-10-04 12:29:04,217][INFO][clas_trainer:133] - train epoch: 5 [67168/134420 (50%)], lr: ['1.00e-04', '1.00e-04'], loss: 0.000470
[2024-10-04 12:29:44,779][INFO][clas_trainer:133] - train epoch: 5 [80608/134420 (60%)], lr: ['1.00e-04', '1.00e-04'], loss: 0.000462
[2024-10-04 12:30:24,892][INFO][clas_trainer:133] - train epoch: 5 [94048/134420 (70%)], lr: ['1.00e-04', '1.00e-04'], loss: 0.000411
[2024-10-04 12:31:05,636][INFO][clas_trainer:133] - train epoch: 5 [107488/134420 (80%)], lr: ['1.00e-04', '1.00e-04'], loss: 0.064418
[2024-10-04 12:31:44,808][INFO][clas_trainer:133] - train epoch: 5 [120928/134420 (90%)], lr: ['1.00e-04', '1.00e-04'], loss: 0.000990
[2024-10-04 12:32:25,827][INFO][clas_trainer:133] - train epoch: 5 [134368/134420 (100%)], lr: ['1.00e-04', '1.00e-04'], loss: 0.000870
[2024-10-04 12:33:32,072][INFO][clas_trainer:63] - [epoch   5] execution time: 472.42s	metrics:
[2024-10-04 12:33:32,072][INFO][clas_evaluator:132] - dataset: earlystopping, avg f1-score: 0.6199
[2024-10-04 12:34:15,431][INFO][clas_trainer:133] - train epoch: 6 [13408/134420 (10%)], lr: ['1.00e-04', '1.00e-04'], loss: 0.000743
[2024-10-04 12:34:55,994][INFO][clas_trainer:133] - train epoch: 6 [26848/134420 (20%)], lr: ['1.00e-04', '1.00e-04'], loss: 0.000521
[2024-10-04 12:35:36,660][INFO][clas_trainer:133] - train epoch: 6 [40288/134420 (30%)], lr: ['1.00e-04', '1.00e-04'], loss: 0.000676
[2024-10-04 12:36:15,833][INFO][clas_trainer:133] - train epoch: 6 [53728/134420 (40%)], lr: ['1.00e-04', '1.00e-04'], loss: 0.000629
[2024-10-04 12:36:55,771][INFO][clas_trainer:133] - train epoch: 6 [67168/134420 (50%)], lr: ['1.00e-04', '1.00e-04'], loss: 0.001884
[2024-10-04 12:37:36,436][INFO][clas_trainer:133] - train epoch: 6 [80608/134420 (60%)], lr: ['1.00e-04', '1.00e-04'], loss: 0.000988
[2024-10-04 12:38:16,269][INFO][clas_trainer:133] - train epoch: 6 [94048/134420 (70%)], lr: ['1.00e-04', '1.00e-04'], loss: 0.000496
[2024-10-04 12:38:56,888][INFO][clas_trainer:133] - train epoch: 6 [107488/134420 (80%)], lr: ['1.00e-04', '1.00e-04'], loss: 0.001230
[2024-10-04 12:39:35,295][INFO][clas_trainer:133] - train epoch: 6 [120928/134420 (90%)], lr: ['1.00e-04', '1.00e-04'], loss: 0.001066
[2024-10-04 12:40:16,553][INFO][clas_trainer:133] - train epoch: 6 [134368/134420 (100%)], lr: ['1.00e-04', '1.00e-04'], loss: 0.000324
[2024-10-04 12:41:24,475][INFO][clas_trainer:63] - [epoch   6] execution time: 472.40s	metrics:
[2024-10-04 12:41:24,476][INFO][clas_evaluator:132] - dataset: earlystopping, avg f1-score: 0.6182
[2024-10-04 12:42:05,839][INFO][clas_trainer:133] - train epoch: 7 [13408/134420 (10%)], lr: ['1.00e-04', '1.00e-04'], loss: 0.000699
[2024-10-04 12:42:45,587][INFO][clas_trainer:133] - train epoch: 7 [26848/134420 (20%)], lr: ['1.00e-04', '1.00e-04'], loss: 0.005871
[2024-10-04 12:43:25,079][INFO][clas_trainer:133] - train epoch: 7 [40288/134420 (30%)], lr: ['1.00e-04', '1.00e-04'], loss: 0.001096
[2024-10-04 12:44:03,990][INFO][clas_trainer:133] - train epoch: 7 [53728/134420 (40%)], lr: ['1.00e-04', '1.00e-04'], loss: 0.000963
[2024-10-04 12:44:42,989][INFO][clas_trainer:133] - train epoch: 7 [67168/134420 (50%)], lr: ['1.00e-04', '1.00e-04'], loss: 0.000812
[2024-10-04 12:45:22,746][INFO][clas_trainer:133] - train epoch: 7 [80608/134420 (60%)], lr: ['1.00e-04', '1.00e-04'], loss: 0.001059
[2024-10-04 12:46:02,351][INFO][clas_trainer:133] - train epoch: 7 [94048/134420 (70%)], lr: ['1.00e-04', '1.00e-04'], loss: 0.000296
[2024-10-04 12:46:41,736][INFO][clas_trainer:133] - train epoch: 7 [107488/134420 (80%)], lr: ['1.00e-04', '1.00e-04'], loss: 0.001127
[2024-10-04 12:47:19,704][INFO][clas_trainer:133] - train epoch: 7 [120928/134420 (90%)], lr: ['1.00e-04', '1.00e-04'], loss: 0.001577
[2024-10-04 12:47:59,828][INFO][clas_trainer:133] - train epoch: 7 [134368/134420 (100%)], lr: ['1.00e-04', '1.00e-04'], loss: 0.000777
[2024-10-04 12:49:07,019][INFO][clas_trainer:63] - [epoch   7] execution time: 462.54s	metrics:
[2024-10-04 12:49:07,020][INFO][clas_evaluator:132] - dataset: earlystopping, avg f1-score: 0.5979
[2024-10-04 12:49:48,502][INFO][clas_trainer:133] - train epoch: 8 [13408/134420 (10%)], lr: ['1.00e-04', '1.00e-04'], loss: 0.000722
[2024-10-04 12:50:28,288][INFO][clas_trainer:133] - train epoch: 8 [26848/134420 (20%)], lr: ['1.00e-04', '1.00e-04'], loss: 0.001108
[2024-10-04 12:51:07,233][INFO][clas_trainer:133] - train epoch: 8 [40288/134420 (30%)], lr: ['1.00e-04', '1.00e-04'], loss: 0.001304
[2024-10-04 12:51:46,080][INFO][clas_trainer:133] - train epoch: 8 [53728/134420 (40%)], lr: ['1.00e-04', '1.00e-04'], loss: 0.000402
[2024-10-04 12:52:24,635][INFO][clas_trainer:133] - train epoch: 8 [67168/134420 (50%)], lr: ['1.00e-04', '1.00e-04'], loss: 0.000511
[2024-10-04 12:53:03,914][INFO][clas_trainer:133] - train epoch: 8 [80608/134420 (60%)], lr: ['1.00e-04', '1.00e-04'], loss: 0.027144
[2024-10-04 12:53:42,708][INFO][clas_trainer:133] - train epoch: 8 [94048/134420 (70%)], lr: ['1.00e-04', '1.00e-04'], loss: 0.000646
[2024-10-04 12:54:22,509][INFO][clas_trainer:133] - train epoch: 8 [107488/134420 (80%)], lr: ['1.00e-04', '1.00e-04'], loss: 0.000768
[2024-10-04 12:55:00,190][INFO][clas_trainer:133] - train epoch: 8 [120928/134420 (90%)], lr: ['1.00e-04', '1.00e-04'], loss: 0.000331
[2024-10-04 12:55:38,087][INFO][clas_trainer:133] - train epoch: 8 [134368/134420 (100%)], lr: ['1.00e-04', '1.00e-04'], loss: 0.000352
[2024-10-04 12:56:43,013][INFO][clas_trainer:63] - [epoch   8] execution time: 455.99s	metrics:
[2024-10-04 12:56:43,014][INFO][clas_evaluator:132] - dataset: earlystopping, avg f1-score: 0.5729
[2024-10-04 12:57:21,953][INFO][clas_trainer:133] - train epoch: 9 [13408/134420 (10%)], lr: ['1.00e-04', '1.00e-04'], loss: 0.000529
[2024-10-04 12:58:00,654][INFO][clas_trainer:133] - train epoch: 9 [26848/134420 (20%)], lr: ['1.00e-04', '1.00e-04'], loss: 0.000866
[2024-10-04 12:58:40,782][INFO][clas_trainer:133] - train epoch: 9 [40288/134420 (30%)], lr: ['1.00e-04', '1.00e-04'], loss: 0.000610
[2024-10-04 12:59:20,349][INFO][clas_trainer:133] - train epoch: 9 [53728/134420 (40%)], lr: ['1.00e-04', '1.00e-04'], loss: 0.001340
[2024-10-04 12:59:59,361][INFO][clas_trainer:133] - train epoch: 9 [67168/134420 (50%)], lr: ['1.00e-04', '1.00e-04'], loss: 0.001657
[2024-10-04 13:00:38,522][INFO][clas_trainer:133] - train epoch: 9 [80608/134420 (60%)], lr: ['1.00e-04', '1.00e-04'], loss: 0.000667
[2024-10-04 13:01:18,066][INFO][clas_trainer:133] - train epoch: 9 [94048/134420 (70%)], lr: ['1.00e-04', '1.00e-04'], loss: 0.000830
[2024-10-04 13:01:55,911][INFO][clas_trainer:133] - train epoch: 9 [107488/134420 (80%)], lr: ['1.00e-04', '1.00e-04'], loss: 0.000691
[2024-10-04 13:02:35,615][INFO][clas_trainer:133] - train epoch: 9 [120928/134420 (90%)], lr: ['1.00e-04', '1.00e-04'], loss: 0.001320
[2024-10-04 13:03:13,516][INFO][clas_trainer:133] - train epoch: 9 [134368/134420 (100%)], lr: ['1.00e-04', '1.00e-04'], loss: 0.000808
[2024-10-04 13:04:21,482][INFO][clas_trainer:63] - [epoch   9] execution time: 458.47s	metrics:
[2024-10-04 13:04:21,482][INFO][clas_evaluator:132] - dataset: earlystopping, avg f1-score: 0.5098
[2024-10-04 13:05:00,574][INFO][clas_trainer:133] - train epoch: 10 [13408/134420 (10%)], lr: ['1.00e-04', '1.00e-04'], loss: 0.000482
[2024-10-04 13:05:37,891][INFO][clas_trainer:133] - train epoch: 10 [26848/134420 (20%)], lr: ['1.00e-04', '1.00e-04'], loss: 0.000462
[2024-10-04 13:06:16,981][INFO][clas_trainer:133] - train epoch: 10 [40288/134420 (30%)], lr: ['1.00e-04', '1.00e-04'], loss: 0.000680
[2024-10-04 13:06:55,866][INFO][clas_trainer:133] - train epoch: 10 [53728/134420 (40%)], lr: ['1.00e-04', '1.00e-04'], loss: 0.000450
[2024-10-04 13:07:35,764][INFO][clas_trainer:133] - train epoch: 10 [67168/134420 (50%)], lr: ['1.00e-04', '1.00e-04'], loss: 0.000697
[2024-10-04 13:08:14,963][INFO][clas_trainer:133] - train epoch: 10 [80608/134420 (60%)], lr: ['1.00e-04', '1.00e-04'], loss: 0.000391
[2024-10-04 13:08:56,078][INFO][clas_trainer:133] - train epoch: 10 [94048/134420 (70%)], lr: ['1.00e-04', '1.00e-04'], loss: 0.001647
[2024-10-04 13:09:34,575][INFO][clas_trainer:133] - train epoch: 10 [107488/134420 (80%)], lr: ['1.00e-04', '1.00e-04'], loss: 0.000318
[2024-10-04 13:10:13,830][INFO][clas_trainer:133] - train epoch: 10 [120928/134420 (90%)], lr: ['1.00e-04', '1.00e-04'], loss: 0.001983
[2024-10-04 13:10:50,119][INFO][clas_trainer:133] - train epoch: 10 [134368/134420 (100%)], lr: ['1.00e-04', '1.00e-04'], loss: 0.000319
[2024-10-04 13:11:50,691][INFO][clas_trainer:63] - [epoch  10] execution time: 449.21s	metrics:
[2024-10-04 13:11:50,692][INFO][clas_evaluator:132] - dataset: earlystopping, avg f1-score: 0.5549
[2024-10-04 13:12:29,833][INFO][clas_trainer:133] - train epoch: 11 [13408/134420 (10%)], lr: ['1.00e-04', '1.00e-04'], loss: 0.000570
[2024-10-04 13:13:05,856][INFO][clas_trainer:133] - train epoch: 11 [26848/134420 (20%)], lr: ['1.00e-04', '1.00e-04'], loss: 0.000698
[2024-10-04 13:13:43,477][INFO][clas_trainer:133] - train epoch: 11 [40288/134420 (30%)], lr: ['1.00e-04', '1.00e-04'], loss: 0.000533
[2024-10-04 13:14:22,145][INFO][clas_trainer:133] - train epoch: 11 [53728/134420 (40%)], lr: ['1.00e-04', '1.00e-04'], loss: 0.000779
[2024-10-04 13:15:00,732][INFO][clas_trainer:133] - train epoch: 11 [67168/134420 (50%)], lr: ['1.00e-04', '1.00e-04'], loss: 0.001614
[2024-10-04 13:15:40,023][INFO][clas_trainer:133] - train epoch: 11 [80608/134420 (60%)], lr: ['1.00e-04', '1.00e-04'], loss: 0.000633
[2024-10-04 13:16:19,999][INFO][clas_trainer:133] - train epoch: 11 [94048/134420 (70%)], lr: ['1.00e-04', '1.00e-04'], loss: 0.000791
[2024-10-04 13:16:58,737][INFO][clas_trainer:133] - train epoch: 11 [107488/134420 (80%)], lr: ['1.00e-04', '1.00e-04'], loss: 0.066759
[2024-10-04 13:17:37,553][INFO][clas_trainer:133] - train epoch: 11 [120928/134420 (90%)], lr: ['1.00e-04', '1.00e-04'], loss: 0.000797
[2024-10-04 13:18:15,620][INFO][clas_trainer:133] - train epoch: 11 [134368/134420 (100%)], lr: ['1.00e-04', '1.00e-04'], loss: 0.000486
[2024-10-04 13:19:18,296][INFO][clas_trainer:63] - [epoch  11] execution time: 447.60s	metrics:
[2024-10-04 13:19:18,297][INFO][clas_evaluator:132] - dataset: earlystopping, avg f1-score: 0.5840
[2024-10-04 13:20:01,604][INFO][clas_trainer:133] - train epoch: 12 [13408/134420 (10%)], lr: ['1.00e-04', '1.00e-04'], loss: 0.001202
[2024-10-04 13:20:41,207][INFO][clas_trainer:133] - train epoch: 12 [26848/134420 (20%)], lr: ['1.00e-04', '1.00e-04'], loss: 0.000373
[2024-10-04 13:21:21,948][INFO][clas_trainer:133] - train epoch: 12 [40288/134420 (30%)], lr: ['1.00e-04', '1.00e-04'], loss: 0.000497
[2024-10-04 13:21:59,712][INFO][clas_trainer:133] - train epoch: 12 [53728/134420 (40%)], lr: ['1.00e-04', '1.00e-04'], loss: 0.000705
[2024-10-04 13:22:38,754][INFO][clas_trainer:133] - train epoch: 12 [67168/134420 (50%)], lr: ['1.00e-04', '1.00e-04'], loss: 0.000318
[2024-10-04 13:23:17,407][INFO][clas_trainer:133] - train epoch: 12 [80608/134420 (60%)], lr: ['1.00e-04', '1.00e-04'], loss: 0.000400
[2024-10-04 13:23:56,649][INFO][clas_trainer:133] - train epoch: 12 [94048/134420 (70%)], lr: ['1.00e-04', '1.00e-04'], loss: 0.000920
[2024-10-04 13:24:34,698][INFO][clas_trainer:133] - train epoch: 12 [107488/134420 (80%)], lr: ['1.00e-04', '1.00e-04'], loss: 0.000666
[2024-10-04 13:25:12,253][INFO][clas_trainer:133] - train epoch: 12 [120928/134420 (90%)], lr: ['1.00e-04', '1.00e-04'], loss: 0.000671
[2024-10-04 13:25:51,636][INFO][clas_trainer:133] - train epoch: 12 [134368/134420 (100%)], lr: ['1.00e-04', '1.00e-04'], loss: 0.000507
[2024-10-04 13:26:51,563][INFO][clas_trainer:63] - [epoch  12] execution time: 453.27s	metrics:
[2024-10-04 13:26:51,563][INFO][clas_evaluator:132] - dataset: earlystopping, avg f1-score: 0.4942
[2024-10-04 13:27:31,829][INFO][clas_trainer:133] - train epoch: 13 [13408/134420 (10%)], lr: ['1.00e-04', '1.00e-04'], loss: 0.026375
[2024-10-04 13:28:09,810][INFO][clas_trainer:133] - train epoch: 13 [26848/134420 (20%)], lr: ['1.00e-04', '1.00e-04'], loss: 0.000876
[2024-10-04 13:28:48,722][INFO][clas_trainer:133] - train epoch: 13 [40288/134420 (30%)], lr: ['1.00e-04', '1.00e-04'], loss: 0.000558
[2024-10-04 13:29:29,131][INFO][clas_trainer:133] - train epoch: 13 [53728/134420 (40%)], lr: ['1.00e-04', '1.00e-04'], loss: 0.001061
[2024-10-04 13:30:08,062][INFO][clas_trainer:133] - train epoch: 13 [67168/134420 (50%)], lr: ['1.00e-04', '1.00e-04'], loss: 0.000991
[2024-10-04 13:30:47,840][INFO][clas_trainer:133] - train epoch: 13 [80608/134420 (60%)], lr: ['1.00e-04', '1.00e-04'], loss: 0.000643
[2024-10-04 13:31:26,127][INFO][clas_trainer:133] - train epoch: 13 [94048/134420 (70%)], lr: ['1.00e-04', '1.00e-04'], loss: 0.000985
[2024-10-04 13:32:04,027][INFO][clas_trainer:133] - train epoch: 13 [107488/134420 (80%)], lr: ['1.00e-04', '1.00e-04'], loss: 0.000899
[2024-10-04 13:32:41,303][INFO][clas_trainer:133] - train epoch: 13 [120928/134420 (90%)], lr: ['1.00e-04', '1.00e-04'], loss: 0.000657
[2024-10-04 13:33:21,575][INFO][clas_trainer:133] - train epoch: 13 [134368/134420 (100%)], lr: ['1.00e-04', '1.00e-04'], loss: 0.000497
[2024-10-04 13:34:23,088][INFO][clas_trainer:63] - [epoch  13] execution time: 451.52s	metrics:
[2024-10-04 13:34:23,089][INFO][clas_evaluator:132] - dataset: earlystopping, avg f1-score: 0.4697
[2024-10-04 13:34:23,093][INFO][clas_trainer:79] - finished training
[2024-10-04 13:34:23,093][INFO][clas_trainer:80] - best model on epoch: 3 	f1-score: 0.6429
