[2024-10-04 08:10:50,945][INFO][fine-tune:25] - Using GPU 6
[2024-10-04 08:10:50,951][INFO][fine-tune:35] - overrides:
hydra:
- hydra.launcher.n_jobs=40
- hydra.mode=MULTIRUN
task:
- m_seed_path_sids={seeds:[12,12,12,12,12],path:"exp006b-m12-simple_multi_class-2024-09-20_13-58-02-final.pth",subject_ids:{isruc:$\{data.isruc.cv_5_fold.fold_3\}}}
- data.downstream.train_dataloader.dataset.data_reducer.n_epochs=340
- data.downstream.train_dataloader.dataset.data_reducer.n_subjects=4
- general.gpus=[4,5,6,7]

[2024-10-04 08:10:56,996][INFO][data_loaders:39] - class distribution before data reduction:
# samples per subject
sg1-1-1: 880
sg1-10-1: 842
sg1-11-1: 997
sg1-12-1: 850
sg1-13-1: 882
sg1-14-1: 906
sg1-15-1: 786
sg1-16-1: 883
sg1-17-1: 851
sg1-18-1: 999
sg1-19-1: 828
sg1-2-1: 964
sg1-22-1: 849
sg1-25-1: 921
sg1-27-1: 918
sg1-28-1: 882
sg1-29-1: 912
sg1-3-1: 943
sg1-31-1: 877
sg1-33-1: 920
sg1-35-1: 788
sg1-36-1: 987
sg1-37-1: 806
sg1-38-1: 932
sg1-39-1: 900
sg1-40-1: 875
sg1-42-1: 812
sg1-44-1: 932
sg1-45-1: 906
sg1-46-1: 863
sg1-47-1: 838
sg1-48-1: 981
sg1-49-1: 793
sg1-50-1: 905
sg1-51-1: 856
sg1-52-1: 912
sg1-56-1: 956
sg1-58-1: 965
sg1-6-1: 897
sg1-60-1: 916
sg1-61-1: 852
sg1-62-1: 864
sg1-63-1: 954
sg1-64-1: 892
sg1-65-1: 1014
sg1-66-1: 845
sg1-67-1: 862
sg1-68-1: 956
sg1-7-1: 933
sg1-71-1: 829
sg1-72-1: 872
sg1-73-1: 997
sg1-74-1: 897
sg1-75-1: 898
sg1-77-1: 805
sg1-80-1: 889
sg1-81-1: 911
sg1-82-1: 882
sg1-84-1: 963
sg1-85-1: 896
sg1-89-1: 1036
sg1-9-1: 969
sg1-90-1: 933
sg1-91-1: 990
sg1-92-1: 877
sg1-93-1: 870
sg1-94-1: 846
sg1-95-1: 865
sg1-96-1: 858
sg1-97-1: 912
sg1-98-1: 899
sg1-99-1: 835
sg2-1-1: 933
sg2-1-2: 787
sg2-2-1: 851
sg2-2-2: 869
sg2-3-1: 871
sg2-3-2: 813
sg2-4-1: 932
sg2-4-2: 899
sg2-5-1: 815
sg2-5-2: 879
sg2-6-1: 965
sg2-6-2: 1014
sg3-1-1: 954
sg3-3-1: 824
sg3-4-1: 794
sg3-5-1: 944
sg3-6-1: 853
sg3-7-1: 814
sg3-8-1: 1000
sg3-9-1: 969

# samples per stage
0: 19741
1: 11033
2: 25330
3: 15646
4: 10641
[2024-10-04 08:10:57,479][INFO][data_loaders:43] - class distribution after data reduction:
# samples per subject
sg1-17-1: 21296
sg1-66-1: 15488
sg1-80-1: 22022
sg1-90-1: 23474

# samples per stage
0: 17908
1: 14278
2: 28556
3: 14036
4: 7502
[2024-10-04 08:10:57,503][INFO][base_pretraining_fe:55] - Loading model from exp006b-m12-simple_multi_class-2024-09-20_13-58-02-final.pth
[2024-10-04 08:10:58,010][INFO][data_loaders:39] - class distribution before data reduction:
# samples per subject
sg1-30-1: 882
sg1-4-1: 963
sg1-41-1: 974
sg1-55-1: 879
sg1-57-1: 1007
sg1-70-1: 893
sg1-79-1: 880
sg1-87-1: 926

# samples per stage
0: 1251
1: 841
2: 2721
3: 1520
4: 1071
[2024-10-04 08:10:58,031][INFO][data_loaders:43] - class distribution after data reduction:
# samples per subject
sg1-30-1: 882
sg1-4-1: 963
sg1-41-1: 974
sg1-55-1: 879
sg1-57-1: 1007
sg1-70-1: 893
sg1-79-1: 880
sg1-87-1: 926

# samples per stage
0: 1251
1: 841
2: 2721
3: 1520
4: 1071
[2024-10-04 08:10:58,048][INFO][clas_trainer:49] - metrics before training (epoch 0):
[2024-10-04 08:11:38,660][INFO][clas_evaluator:132] - dataset: earlystopping, avg f1-score: 0.1967
[2024-10-04 08:12:20,960][INFO][clas_trainer:133] - train epoch: 1 [8192/82280 (10%)], lr: ['1.00e-04', '1.00e-04'], loss: 0.810798
[2024-10-04 08:13:03,040][INFO][clas_trainer:133] - train epoch: 1 [16416/82280 (20%)], lr: ['1.00e-04', '1.00e-04'], loss: 0.382967
[2024-10-04 08:13:45,158][INFO][clas_trainer:133] - train epoch: 1 [24640/82280 (30%)], lr: ['1.00e-04', '1.00e-04'], loss: 0.135190
[2024-10-04 08:14:24,413][INFO][clas_trainer:133] - train epoch: 1 [32864/82280 (40%)], lr: ['1.00e-04', '1.00e-04'], loss: 0.126396
[2024-10-04 08:15:05,078][INFO][clas_trainer:133] - train epoch: 1 [41088/82280 (50%)], lr: ['1.00e-04', '1.00e-04'], loss: 0.386621
[2024-10-04 08:15:46,485][INFO][clas_trainer:133] - train epoch: 1 [49312/82280 (60%)], lr: ['1.00e-04', '1.00e-04'], loss: 0.109455
[2024-10-04 08:16:29,251][INFO][clas_trainer:133] - train epoch: 1 [57536/82280 (70%)], lr: ['1.00e-04', '1.00e-04'], loss: 0.113303
[2024-10-04 08:17:12,542][INFO][clas_trainer:133] - train epoch: 1 [65760/82280 (80%)], lr: ['1.00e-04', '1.00e-04'], loss: 0.130193
[2024-10-04 08:17:54,568][INFO][clas_trainer:133] - train epoch: 1 [73984/82280 (90%)], lr: ['1.00e-04', '1.00e-04'], loss: 0.071103
[2024-10-04 08:18:35,696][INFO][clas_trainer:133] - train epoch: 1 [82208/82280 (100%)], lr: ['1.00e-04', '1.00e-04'], loss: 0.072410
[2024-10-04 08:19:17,599][INFO][clas_trainer:63] - [epoch   1] execution time: 458.93s	metrics:
[2024-10-04 08:19:17,600][INFO][clas_evaluator:132] - dataset: earlystopping, avg f1-score: 0.7263
[2024-10-04 08:19:17,688][INFO][base_model:51] - snapshot saved to XXX/frequency-pretraining/models/exp006c-m318-base_fe_clas-2024-10-03_20-03-43-final.pth
[2024-10-04 08:20:00,292][INFO][clas_trainer:133] - train epoch: 2 [8192/82280 (10%)], lr: ['1.00e-04', '1.00e-04'], loss: 0.005944
[2024-10-04 08:20:42,898][INFO][clas_trainer:133] - train epoch: 2 [16416/82280 (20%)], lr: ['1.00e-04', '1.00e-04'], loss: 0.037219
[2024-10-04 08:21:25,995][INFO][clas_trainer:133] - train epoch: 2 [24640/82280 (30%)], lr: ['1.00e-04', '1.00e-04'], loss: 0.021281
[2024-10-04 08:22:06,395][INFO][clas_trainer:133] - train epoch: 2 [32864/82280 (40%)], lr: ['1.00e-04', '1.00e-04'], loss: 0.026997
[2024-10-04 08:22:47,028][INFO][clas_trainer:133] - train epoch: 2 [41088/82280 (50%)], lr: ['1.00e-04', '1.00e-04'], loss: 0.012845
[2024-10-04 08:23:30,037][INFO][clas_trainer:133] - train epoch: 2 [49312/82280 (60%)], lr: ['1.00e-04', '1.00e-04'], loss: 0.007211
[2024-10-04 08:24:12,051][INFO][clas_trainer:133] - train epoch: 2 [57536/82280 (70%)], lr: ['1.00e-04', '1.00e-04'], loss: 0.002443
[2024-10-04 08:24:51,375][INFO][clas_trainer:133] - train epoch: 2 [65760/82280 (80%)], lr: ['1.00e-04', '1.00e-04'], loss: 0.016608
[2024-10-04 08:25:35,693][INFO][clas_trainer:133] - train epoch: 2 [73984/82280 (90%)], lr: ['1.00e-04', '1.00e-04'], loss: 0.061895
[2024-10-04 08:26:18,993][INFO][clas_trainer:133] - train epoch: 2 [82208/82280 (100%)], lr: ['1.00e-04', '1.00e-04'], loss: 0.008102
[2024-10-04 08:27:02,662][INFO][clas_trainer:63] - [epoch   2] execution time: 464.97s	metrics:
[2024-10-04 08:27:02,662][INFO][clas_evaluator:132] - dataset: earlystopping, avg f1-score: 0.7277
[2024-10-04 08:27:02,703][INFO][base_model:51] - snapshot saved to XXX/frequency-pretraining/models/exp006c-m318-base_fe_clas-2024-10-03_20-03-43-final.pth
[2024-10-04 08:27:45,429][INFO][clas_trainer:133] - train epoch: 3 [8192/82280 (10%)], lr: ['1.00e-04', '1.00e-04'], loss: 0.000837
[2024-10-04 08:28:29,152][INFO][clas_trainer:133] - train epoch: 3 [16416/82280 (20%)], lr: ['1.00e-04', '1.00e-04'], loss: 0.004148
[2024-10-04 08:29:13,612][INFO][clas_trainer:133] - train epoch: 3 [24640/82280 (30%)], lr: ['1.00e-04', '1.00e-04'], loss: 0.001676
[2024-10-04 08:29:59,501][INFO][clas_trainer:133] - train epoch: 3 [32864/82280 (40%)], lr: ['1.00e-04', '1.00e-04'], loss: 0.001573
[2024-10-04 08:30:43,846][INFO][clas_trainer:133] - train epoch: 3 [41088/82280 (50%)], lr: ['1.00e-04', '1.00e-04'], loss: 0.007135
[2024-10-04 08:31:25,617][INFO][clas_trainer:133] - train epoch: 3 [49312/82280 (60%)], lr: ['1.00e-04', '1.00e-04'], loss: 0.004267
[2024-10-04 08:32:09,620][INFO][clas_trainer:133] - train epoch: 3 [57536/82280 (70%)], lr: ['1.00e-04', '1.00e-04'], loss: 0.005686
[2024-10-04 08:32:54,471][INFO][clas_trainer:133] - train epoch: 3 [65760/82280 (80%)], lr: ['1.00e-04', '1.00e-04'], loss: 0.006528
[2024-10-04 08:33:38,609][INFO][clas_trainer:133] - train epoch: 3 [73984/82280 (90%)], lr: ['1.00e-04', '1.00e-04'], loss: 0.000143
[2024-10-04 08:34:22,479][INFO][clas_trainer:133] - train epoch: 3 [82208/82280 (100%)], lr: ['1.00e-04', '1.00e-04'], loss: 0.000606
[2024-10-04 08:35:04,993][INFO][clas_trainer:63] - [epoch   3] execution time: 482.29s	metrics:
[2024-10-04 08:35:04,994][INFO][clas_evaluator:132] - dataset: earlystopping, avg f1-score: 0.7284
[2024-10-04 08:35:05,035][INFO][base_model:51] - snapshot saved to XXX/frequency-pretraining/models/exp006c-m318-base_fe_clas-2024-10-03_20-03-43-final.pth
[2024-10-04 08:35:48,701][INFO][clas_trainer:133] - train epoch: 4 [8192/82280 (10%)], lr: ['1.00e-04', '1.00e-04'], loss: 0.004262
[2024-10-04 08:36:31,196][INFO][clas_trainer:133] - train epoch: 4 [16416/82280 (20%)], lr: ['1.00e-04', '1.00e-04'], loss: 0.032945
[2024-10-04 08:37:11,003][INFO][clas_trainer:133] - train epoch: 4 [24640/82280 (30%)], lr: ['1.00e-04', '1.00e-04'], loss: 0.002726
[2024-10-04 08:37:51,150][INFO][clas_trainer:133] - train epoch: 4 [32864/82280 (40%)], lr: ['1.00e-04', '1.00e-04'], loss: 0.000788
[2024-10-04 08:38:34,063][INFO][clas_trainer:133] - train epoch: 4 [41088/82280 (50%)], lr: ['1.00e-04', '1.00e-04'], loss: 0.002809
[2024-10-04 08:39:16,256][INFO][clas_trainer:133] - train epoch: 4 [49312/82280 (60%)], lr: ['1.00e-04', '1.00e-04'], loss: 0.003821
[2024-10-04 08:39:59,845][INFO][clas_trainer:133] - train epoch: 4 [57536/82280 (70%)], lr: ['1.00e-04', '1.00e-04'], loss: 0.040528
[2024-10-04 08:40:45,227][INFO][clas_trainer:133] - train epoch: 4 [65760/82280 (80%)], lr: ['1.00e-04', '1.00e-04'], loss: 0.002547
[2024-10-04 08:41:26,917][INFO][clas_trainer:133] - train epoch: 4 [73984/82280 (90%)], lr: ['1.00e-04', '1.00e-04'], loss: 0.002452
[2024-10-04 08:42:12,048][INFO][clas_trainer:133] - train epoch: 4 [82208/82280 (100%)], lr: ['1.00e-04', '1.00e-04'], loss: 0.000038
[2024-10-04 08:42:54,526][INFO][clas_trainer:63] - [epoch   4] execution time: 469.49s	metrics:
[2024-10-04 08:42:54,527][INFO][clas_evaluator:132] - dataset: earlystopping, avg f1-score: 0.7068
[2024-10-04 08:43:38,879][INFO][clas_trainer:133] - train epoch: 5 [8192/82280 (10%)], lr: ['1.00e-04', '1.00e-04'], loss: 0.072096
[2024-10-04 08:44:25,249][INFO][clas_trainer:133] - train epoch: 5 [16416/82280 (20%)], lr: ['1.00e-04', '1.00e-04'], loss: 0.000670
[2024-10-04 08:45:09,849][INFO][clas_trainer:133] - train epoch: 5 [24640/82280 (30%)], lr: ['1.00e-04', '1.00e-04'], loss: 0.000107
[2024-10-04 08:45:53,615][INFO][clas_trainer:133] - train epoch: 5 [32864/82280 (40%)], lr: ['1.00e-04', '1.00e-04'], loss: 0.003081
[2024-10-04 08:46:34,889][INFO][clas_trainer:133] - train epoch: 5 [41088/82280 (50%)], lr: ['1.00e-04', '1.00e-04'], loss: 0.002024
[2024-10-04 08:47:20,063][INFO][clas_trainer:133] - train epoch: 5 [49312/82280 (60%)], lr: ['1.00e-04', '1.00e-04'], loss: 0.001921
[2024-10-04 08:48:03,214][INFO][clas_trainer:133] - train epoch: 5 [57536/82280 (70%)], lr: ['1.00e-04', '1.00e-04'], loss: 0.000555
[2024-10-04 08:48:47,036][INFO][clas_trainer:133] - train epoch: 5 [65760/82280 (80%)], lr: ['1.00e-04', '1.00e-04'], loss: 0.000349
[2024-10-04 08:49:31,367][INFO][clas_trainer:133] - train epoch: 5 [73984/82280 (90%)], lr: ['1.00e-04', '1.00e-04'], loss: 0.001341
[2024-10-04 08:50:14,722][INFO][clas_trainer:133] - train epoch: 5 [82208/82280 (100%)], lr: ['1.00e-04', '1.00e-04'], loss: 0.000154
[2024-10-04 08:50:59,478][INFO][clas_trainer:63] - [epoch   5] execution time: 484.95s	metrics:
[2024-10-04 08:50:59,479][INFO][clas_evaluator:132] - dataset: earlystopping, avg f1-score: 0.7213
[2024-10-04 08:51:41,551][INFO][clas_trainer:133] - train epoch: 6 [8192/82280 (10%)], lr: ['1.00e-04', '1.00e-04'], loss: 0.000908
[2024-10-04 08:52:24,321][INFO][clas_trainer:133] - train epoch: 6 [16416/82280 (20%)], lr: ['1.00e-04', '1.00e-04'], loss: 0.001069
[2024-10-04 08:53:07,848][INFO][clas_trainer:133] - train epoch: 6 [24640/82280 (30%)], lr: ['1.00e-04', '1.00e-04'], loss: 0.005294
[2024-10-04 08:53:51,807][INFO][clas_trainer:133] - train epoch: 6 [32864/82280 (40%)], lr: ['1.00e-04', '1.00e-04'], loss: 0.000585
[2024-10-04 08:54:34,195][INFO][clas_trainer:133] - train epoch: 6 [41088/82280 (50%)], lr: ['1.00e-04', '1.00e-04'], loss: 0.000497
[2024-10-04 08:55:16,022][INFO][clas_trainer:133] - train epoch: 6 [49312/82280 (60%)], lr: ['1.00e-04', '1.00e-04'], loss: 0.000625
[2024-10-04 08:55:57,417][INFO][clas_trainer:133] - train epoch: 6 [57536/82280 (70%)], lr: ['1.00e-04', '1.00e-04'], loss: 0.001147
[2024-10-04 08:56:38,815][INFO][clas_trainer:133] - train epoch: 6 [65760/82280 (80%)], lr: ['1.00e-04', '1.00e-04'], loss: 0.000939
[2024-10-04 08:57:20,764][INFO][clas_trainer:133] - train epoch: 6 [73984/82280 (90%)], lr: ['1.00e-04', '1.00e-04'], loss: 0.017851
[2024-10-04 08:58:03,818][INFO][clas_trainer:133] - train epoch: 6 [82208/82280 (100%)], lr: ['1.00e-04', '1.00e-04'], loss: 0.002605
[2024-10-04 08:58:44,637][INFO][clas_trainer:63] - [epoch   6] execution time: 465.16s	metrics:
[2024-10-04 08:58:44,638][INFO][clas_evaluator:132] - dataset: earlystopping, avg f1-score: 0.7337
[2024-10-04 08:58:44,680][INFO][base_model:51] - snapshot saved to XXX/frequency-pretraining/models/exp006c-m318-base_fe_clas-2024-10-03_20-03-43-final.pth
[2024-10-04 08:59:25,593][INFO][clas_trainer:133] - train epoch: 7 [8192/82280 (10%)], lr: ['1.00e-04', '1.00e-04'], loss: 0.001438
[2024-10-04 09:00:09,436][INFO][clas_trainer:133] - train epoch: 7 [16416/82280 (20%)], lr: ['1.00e-04', '1.00e-04'], loss: 0.001710
[2024-10-04 09:00:51,265][INFO][clas_trainer:133] - train epoch: 7 [24640/82280 (30%)], lr: ['1.00e-04', '1.00e-04'], loss: 0.000317
[2024-10-04 09:01:33,284][INFO][clas_trainer:133] - train epoch: 7 [32864/82280 (40%)], lr: ['1.00e-04', '1.00e-04'], loss: 0.081125
[2024-10-04 09:02:14,417][INFO][clas_trainer:133] - train epoch: 7 [41088/82280 (50%)], lr: ['1.00e-04', '1.00e-04'], loss: 0.009467
[2024-10-04 09:02:54,607][INFO][clas_trainer:133] - train epoch: 7 [49312/82280 (60%)], lr: ['1.00e-04', '1.00e-04'], loss: 0.000330
[2024-10-04 09:03:38,128][INFO][clas_trainer:133] - train epoch: 7 [57536/82280 (70%)], lr: ['1.00e-04', '1.00e-04'], loss: 0.001682
[2024-10-04 09:04:18,921][INFO][clas_trainer:133] - train epoch: 7 [65760/82280 (80%)], lr: ['1.00e-04', '1.00e-04'], loss: 0.000389
[2024-10-04 09:05:00,302][INFO][clas_trainer:133] - train epoch: 7 [73984/82280 (90%)], lr: ['1.00e-04', '1.00e-04'], loss: 0.001527
[2024-10-04 09:05:43,672][INFO][clas_trainer:133] - train epoch: 7 [82208/82280 (100%)], lr: ['1.00e-04', '1.00e-04'], loss: 0.001695
[2024-10-04 09:06:23,627][INFO][clas_trainer:63] - [epoch   7] execution time: 458.95s	metrics:
[2024-10-04 09:06:23,628][INFO][clas_evaluator:132] - dataset: earlystopping, avg f1-score: 0.7011
[2024-10-04 09:07:04,344][INFO][clas_trainer:133] - train epoch: 8 [8192/82280 (10%)], lr: ['1.00e-04', '1.00e-04'], loss: 0.005762
[2024-10-04 09:07:49,453][INFO][clas_trainer:133] - train epoch: 8 [16416/82280 (20%)], lr: ['1.00e-04', '1.00e-04'], loss: 0.000370
[2024-10-04 09:08:33,406][INFO][clas_trainer:133] - train epoch: 8 [24640/82280 (30%)], lr: ['1.00e-04', '1.00e-04'], loss: 0.000097
[2024-10-04 09:09:15,468][INFO][clas_trainer:133] - train epoch: 8 [32864/82280 (40%)], lr: ['1.00e-04', '1.00e-04'], loss: 0.000938
[2024-10-04 09:09:55,635][INFO][clas_trainer:133] - train epoch: 8 [41088/82280 (50%)], lr: ['1.00e-04', '1.00e-04'], loss: 0.001424
[2024-10-04 09:10:38,225][INFO][clas_trainer:133] - train epoch: 8 [49312/82280 (60%)], lr: ['1.00e-04', '1.00e-04'], loss: 0.000491
[2024-10-04 09:11:19,902][INFO][clas_trainer:133] - train epoch: 8 [57536/82280 (70%)], lr: ['1.00e-04', '1.00e-04'], loss: 0.000221
[2024-10-04 09:12:03,295][INFO][clas_trainer:133] - train epoch: 8 [65760/82280 (80%)], lr: ['1.00e-04', '1.00e-04'], loss: 0.001198
[2024-10-04 09:12:46,058][INFO][clas_trainer:133] - train epoch: 8 [73984/82280 (90%)], lr: ['1.00e-04', '1.00e-04'], loss: 0.003678
[2024-10-04 09:13:28,361][INFO][clas_trainer:133] - train epoch: 8 [82208/82280 (100%)], lr: ['1.00e-04', '1.00e-04'], loss: 0.002494
[2024-10-04 09:14:11,626][INFO][clas_trainer:63] - [epoch   8] execution time: 468.00s	metrics:
[2024-10-04 09:14:11,626][INFO][clas_evaluator:132] - dataset: earlystopping, avg f1-score: 0.7167
[2024-10-04 09:14:55,014][INFO][clas_trainer:133] - train epoch: 9 [8192/82280 (10%)], lr: ['1.00e-04', '1.00e-04'], loss: 0.000299
[2024-10-04 09:15:40,680][INFO][clas_trainer:133] - train epoch: 9 [16416/82280 (20%)], lr: ['1.00e-04', '1.00e-04'], loss: 0.024535
[2024-10-04 09:16:22,362][INFO][clas_trainer:133] - train epoch: 9 [24640/82280 (30%)], lr: ['1.00e-04', '1.00e-04'], loss: 0.000637
[2024-10-04 09:17:04,579][INFO][clas_trainer:133] - train epoch: 9 [32864/82280 (40%)], lr: ['1.00e-04', '1.00e-04'], loss: 0.002741
[2024-10-04 09:17:47,345][INFO][clas_trainer:133] - train epoch: 9 [41088/82280 (50%)], lr: ['1.00e-04', '1.00e-04'], loss: 0.001151
[2024-10-04 09:18:27,831][INFO][clas_trainer:133] - train epoch: 9 [49312/82280 (60%)], lr: ['1.00e-04', '1.00e-04'], loss: 0.000397
[2024-10-04 09:19:09,403][INFO][clas_trainer:133] - train epoch: 9 [57536/82280 (70%)], lr: ['1.00e-04', '1.00e-04'], loss: 0.001435
[2024-10-04 09:19:50,008][INFO][clas_trainer:133] - train epoch: 9 [65760/82280 (80%)], lr: ['1.00e-04', '1.00e-04'], loss: 0.000704
[2024-10-04 09:20:31,682][INFO][clas_trainer:133] - train epoch: 9 [73984/82280 (90%)], lr: ['1.00e-04', '1.00e-04'], loss: 0.003533
[2024-10-04 09:21:14,336][INFO][clas_trainer:133] - train epoch: 9 [82208/82280 (100%)], lr: ['1.00e-04', '1.00e-04'], loss: 0.000649
[2024-10-04 09:21:56,062][INFO][clas_trainer:63] - [epoch   9] execution time: 464.44s	metrics:
[2024-10-04 09:21:56,063][INFO][clas_evaluator:132] - dataset: earlystopping, avg f1-score: 0.7307
[2024-10-04 09:22:40,206][INFO][clas_trainer:133] - train epoch: 10 [8192/82280 (10%)], lr: ['1.00e-04', '1.00e-04'], loss: 0.000439
[2024-10-04 09:23:22,342][INFO][clas_trainer:133] - train epoch: 10 [16416/82280 (20%)], lr: ['1.00e-04', '1.00e-04'], loss: 0.002993
[2024-10-04 09:24:04,857][INFO][clas_trainer:133] - train epoch: 10 [24640/82280 (30%)], lr: ['1.00e-04', '1.00e-04'], loss: 0.000926
[2024-10-04 09:24:44,055][INFO][clas_trainer:133] - train epoch: 10 [32864/82280 (40%)], lr: ['1.00e-04', '1.00e-04'], loss: 0.000534
[2024-10-04 09:25:25,864][INFO][clas_trainer:133] - train epoch: 10 [41088/82280 (50%)], lr: ['1.00e-04', '1.00e-04'], loss: 0.002840
[2024-10-04 09:26:08,478][INFO][clas_trainer:133] - train epoch: 10 [49312/82280 (60%)], lr: ['1.00e-04', '1.00e-04'], loss: 0.004198
[2024-10-04 09:26:52,182][INFO][clas_trainer:133] - train epoch: 10 [57536/82280 (70%)], lr: ['1.00e-04', '1.00e-04'], loss: 0.003821
[2024-10-04 09:27:33,923][INFO][clas_trainer:133] - train epoch: 10 [65760/82280 (80%)], lr: ['1.00e-04', '1.00e-04'], loss: 0.004384
[2024-10-04 09:28:19,354][INFO][clas_trainer:133] - train epoch: 10 [73984/82280 (90%)], lr: ['1.00e-04', '1.00e-04'], loss: 0.000442
[2024-10-04 09:28:59,616][INFO][clas_trainer:133] - train epoch: 10 [82208/82280 (100%)], lr: ['1.00e-04', '1.00e-04'], loss: 0.023968
[2024-10-04 09:29:41,104][INFO][clas_trainer:63] - [epoch  10] execution time: 465.04s	metrics:
[2024-10-04 09:29:41,105][INFO][clas_evaluator:132] - dataset: earlystopping, avg f1-score: 0.7066
[2024-10-04 09:30:23,011][INFO][clas_trainer:133] - train epoch: 11 [8192/82280 (10%)], lr: ['1.00e-04', '1.00e-04'], loss: 0.001520
[2024-10-04 09:31:04,489][INFO][clas_trainer:133] - train epoch: 11 [16416/82280 (20%)], lr: ['1.00e-04', '1.00e-04'], loss: 0.000812
[2024-10-04 09:31:46,587][INFO][clas_trainer:133] - train epoch: 11 [24640/82280 (30%)], lr: ['1.00e-04', '1.00e-04'], loss: 0.001604
[2024-10-04 09:32:27,519][INFO][clas_trainer:133] - train epoch: 11 [32864/82280 (40%)], lr: ['1.00e-04', '1.00e-04'], loss: 0.004433
[2024-10-04 09:33:08,883][INFO][clas_trainer:133] - train epoch: 11 [41088/82280 (50%)], lr: ['1.00e-04', '1.00e-04'], loss: 0.002537
[2024-10-04 09:33:53,245][INFO][clas_trainer:133] - train epoch: 11 [49312/82280 (60%)], lr: ['1.00e-04', '1.00e-04'], loss: 0.001428
[2024-10-04 09:34:36,725][INFO][clas_trainer:133] - train epoch: 11 [57536/82280 (70%)], lr: ['1.00e-04', '1.00e-04'], loss: 0.001158
[2024-10-04 09:35:20,641][INFO][clas_trainer:133] - train epoch: 11 [65760/82280 (80%)], lr: ['1.00e-04', '1.00e-04'], loss: 0.000348
[2024-10-04 09:36:03,375][INFO][clas_trainer:133] - train epoch: 11 [73984/82280 (90%)], lr: ['1.00e-04', '1.00e-04'], loss: 0.005626
[2024-10-04 09:36:47,783][INFO][clas_trainer:133] - train epoch: 11 [82208/82280 (100%)], lr: ['1.00e-04', '1.00e-04'], loss: 0.000631
[2024-10-04 09:37:29,631][INFO][clas_trainer:63] - [epoch  11] execution time: 468.53s	metrics:
[2024-10-04 09:37:29,632][INFO][clas_evaluator:132] - dataset: earlystopping, avg f1-score: 0.7103
[2024-10-04 09:38:15,370][INFO][clas_trainer:133] - train epoch: 12 [8192/82280 (10%)], lr: ['1.00e-04', '1.00e-04'], loss: 0.001346
[2024-10-04 09:38:59,469][INFO][clas_trainer:133] - train epoch: 12 [16416/82280 (20%)], lr: ['1.00e-04', '1.00e-04'], loss: 0.000454
[2024-10-04 09:39:43,774][INFO][clas_trainer:133] - train epoch: 12 [24640/82280 (30%)], lr: ['1.00e-04', '1.00e-04'], loss: 0.002132
[2024-10-04 09:40:31,827][INFO][clas_trainer:133] - train epoch: 12 [32864/82280 (40%)], lr: ['1.00e-04', '1.00e-04'], loss: 0.001379
[2024-10-04 09:41:18,521][INFO][clas_trainer:133] - train epoch: 12 [41088/82280 (50%)], lr: ['1.00e-04', '1.00e-04'], loss: 0.001222
[2024-10-04 09:42:05,845][INFO][clas_trainer:133] - train epoch: 12 [49312/82280 (60%)], lr: ['1.00e-04', '1.00e-04'], loss: 0.006003
[2024-10-04 09:42:51,321][INFO][clas_trainer:133] - train epoch: 12 [57536/82280 (70%)], lr: ['1.00e-04', '1.00e-04'], loss: 0.001058
[2024-10-04 09:43:36,186][INFO][clas_trainer:133] - train epoch: 12 [65760/82280 (80%)], lr: ['1.00e-04', '1.00e-04'], loss: 0.001011
[2024-10-04 09:44:23,114][INFO][clas_trainer:133] - train epoch: 12 [73984/82280 (90%)], lr: ['1.00e-04', '1.00e-04'], loss: 0.002021
[2024-10-04 09:45:09,561][INFO][clas_trainer:133] - train epoch: 12 [82208/82280 (100%)], lr: ['1.00e-04', '1.00e-04'], loss: 0.000394
[2024-10-04 09:45:52,994][INFO][clas_trainer:63] - [epoch  12] execution time: 503.36s	metrics:
[2024-10-04 09:45:52,995][INFO][clas_evaluator:132] - dataset: earlystopping, avg f1-score: 0.7255
[2024-10-04 09:46:41,058][INFO][clas_trainer:133] - train epoch: 13 [8192/82280 (10%)], lr: ['1.00e-04', '1.00e-04'], loss: 0.000956
[2024-10-04 09:47:29,447][INFO][clas_trainer:133] - train epoch: 13 [16416/82280 (20%)], lr: ['1.00e-04', '1.00e-04'], loss: 0.005654
[2024-10-04 09:48:18,068][INFO][clas_trainer:133] - train epoch: 13 [24640/82280 (30%)], lr: ['1.00e-04', '1.00e-04'], loss: 0.001119
[2024-10-04 09:49:05,335][INFO][clas_trainer:133] - train epoch: 13 [32864/82280 (40%)], lr: ['1.00e-04', '1.00e-04'], loss: 0.001163
[2024-10-04 09:49:49,200][INFO][clas_trainer:133] - train epoch: 13 [41088/82280 (50%)], lr: ['1.00e-04', '1.00e-04'], loss: 0.002314
[2024-10-04 09:50:35,885][INFO][clas_trainer:133] - train epoch: 13 [49312/82280 (60%)], lr: ['1.00e-04', '1.00e-04'], loss: 0.001260
[2024-10-04 09:51:24,590][INFO][clas_trainer:133] - train epoch: 13 [57536/82280 (70%)], lr: ['1.00e-04', '1.00e-04'], loss: 0.003768
[2024-10-04 09:52:11,951][INFO][clas_trainer:133] - train epoch: 13 [65760/82280 (80%)], lr: ['1.00e-04', '1.00e-04'], loss: 0.000410
[2024-10-04 09:52:58,784][INFO][clas_trainer:133] - train epoch: 13 [73984/82280 (90%)], lr: ['1.00e-04', '1.00e-04'], loss: 0.000884
[2024-10-04 09:53:45,524][INFO][clas_trainer:133] - train epoch: 13 [82208/82280 (100%)], lr: ['1.00e-04', '1.00e-04'], loss: 0.000757
[2024-10-04 09:54:29,988][INFO][clas_trainer:63] - [epoch  13] execution time: 516.99s	metrics:
[2024-10-04 09:54:29,989][INFO][clas_evaluator:132] - dataset: earlystopping, avg f1-score: 0.7205
[2024-10-04 09:55:15,621][INFO][clas_trainer:133] - train epoch: 14 [8192/82280 (10%)], lr: ['1.00e-04', '1.00e-04'], loss: 0.003205
[2024-10-04 09:56:06,679][INFO][clas_trainer:133] - train epoch: 14 [16416/82280 (20%)], lr: ['1.00e-04', '1.00e-04'], loss: 0.000573
[2024-10-04 09:56:54,738][INFO][clas_trainer:133] - train epoch: 14 [24640/82280 (30%)], lr: ['1.00e-04', '1.00e-04'], loss: 0.000536
[2024-10-04 09:57:39,294][INFO][clas_trainer:133] - train epoch: 14 [32864/82280 (40%)], lr: ['1.00e-04', '1.00e-04'], loss: 0.000401
[2024-10-04 09:58:25,135][INFO][clas_trainer:133] - train epoch: 14 [41088/82280 (50%)], lr: ['1.00e-04', '1.00e-04'], loss: 0.014029
[2024-10-04 09:59:14,522][INFO][clas_trainer:133] - train epoch: 14 [49312/82280 (60%)], lr: ['1.00e-04', '1.00e-04'], loss: 0.001389
[2024-10-04 09:59:58,168][INFO][clas_trainer:133] - train epoch: 14 [57536/82280 (70%)], lr: ['1.00e-04', '1.00e-04'], loss: 0.001822
[2024-10-04 10:00:45,712][INFO][clas_trainer:133] - train epoch: 14 [65760/82280 (80%)], lr: ['1.00e-04', '1.00e-04'], loss: 0.001479
[2024-10-04 10:01:33,358][INFO][clas_trainer:133] - train epoch: 14 [73984/82280 (90%)], lr: ['1.00e-04', '1.00e-04'], loss: 0.001749
[2024-10-04 10:02:19,756][INFO][clas_trainer:133] - train epoch: 14 [82208/82280 (100%)], lr: ['1.00e-04', '1.00e-04'], loss: 0.001908
[2024-10-04 10:03:06,256][INFO][clas_trainer:63] - [epoch  14] execution time: 516.27s	metrics:
[2024-10-04 10:03:06,257][INFO][clas_evaluator:132] - dataset: earlystopping, avg f1-score: 0.7333
[2024-10-04 10:03:53,836][INFO][clas_trainer:133] - train epoch: 15 [8192/82280 (10%)], lr: ['1.00e-04', '1.00e-04'], loss: 0.004184
[2024-10-04 10:04:40,468][INFO][clas_trainer:133] - train epoch: 15 [16416/82280 (20%)], lr: ['1.00e-04', '1.00e-04'], loss: 0.000910
[2024-10-04 10:05:27,516][INFO][clas_trainer:133] - train epoch: 15 [24640/82280 (30%)], lr: ['1.00e-04', '1.00e-04'], loss: 0.000683
[2024-10-04 10:06:11,814][INFO][clas_trainer:133] - train epoch: 15 [32864/82280 (40%)], lr: ['1.00e-04', '1.00e-04'], loss: 0.000920
[2024-10-04 10:06:58,989][INFO][clas_trainer:133] - train epoch: 15 [41088/82280 (50%)], lr: ['1.00e-04', '1.00e-04'], loss: 0.002301
[2024-10-04 10:07:43,852][INFO][clas_trainer:133] - train epoch: 15 [49312/82280 (60%)], lr: ['1.00e-04', '1.00e-04'], loss: 0.003419
[2024-10-04 10:08:30,906][INFO][clas_trainer:133] - train epoch: 15 [57536/82280 (70%)], lr: ['1.00e-04', '1.00e-04'], loss: 0.001546
[2024-10-04 10:09:18,247][INFO][clas_trainer:133] - train epoch: 15 [65760/82280 (80%)], lr: ['1.00e-04', '1.00e-04'], loss: 0.000883
[2024-10-04 10:10:03,723][INFO][clas_trainer:133] - train epoch: 15 [73984/82280 (90%)], lr: ['1.00e-04', '1.00e-04'], loss: 0.007081
[2024-10-04 10:10:49,654][INFO][clas_trainer:133] - train epoch: 15 [82208/82280 (100%)], lr: ['1.00e-04', '1.00e-04'], loss: 0.000884
[2024-10-04 10:11:37,521][INFO][clas_trainer:63] - [epoch  15] execution time: 511.26s	metrics:
[2024-10-04 10:11:37,522][INFO][clas_evaluator:132] - dataset: earlystopping, avg f1-score: 0.7201
[2024-10-04 10:12:25,887][INFO][clas_trainer:133] - train epoch: 16 [8192/82280 (10%)], lr: ['1.00e-04', '1.00e-04'], loss: 0.001466
[2024-10-04 10:13:13,765][INFO][clas_trainer:133] - train epoch: 16 [16416/82280 (20%)], lr: ['1.00e-04', '1.00e-04'], loss: 0.002095
[2024-10-04 10:14:04,944][INFO][clas_trainer:133] - train epoch: 16 [24640/82280 (30%)], lr: ['1.00e-04', '1.00e-04'], loss: 0.001348
[2024-10-04 10:14:53,111][INFO][clas_trainer:133] - train epoch: 16 [32864/82280 (40%)], lr: ['1.00e-04', '1.00e-04'], loss: 0.001781
[2024-10-04 10:15:36,900][INFO][clas_trainer:133] - train epoch: 16 [41088/82280 (50%)], lr: ['1.00e-04', '1.00e-04'], loss: 0.000957
[2024-10-04 10:16:25,298][INFO][clas_trainer:133] - train epoch: 16 [49312/82280 (60%)], lr: ['1.00e-04', '1.00e-04'], loss: 0.005264
[2024-10-04 10:17:12,030][INFO][clas_trainer:133] - train epoch: 16 [57536/82280 (70%)], lr: ['1.00e-04', '1.00e-04'], loss: 0.001628
[2024-10-04 10:18:00,146][INFO][clas_trainer:133] - train epoch: 16 [65760/82280 (80%)], lr: ['1.00e-04', '1.00e-04'], loss: 0.000420
[2024-10-04 10:18:47,023][INFO][clas_trainer:133] - train epoch: 16 [73984/82280 (90%)], lr: ['1.00e-04', '1.00e-04'], loss: 0.011162
[2024-10-04 10:19:31,143][INFO][clas_trainer:133] - train epoch: 16 [82208/82280 (100%)], lr: ['1.00e-04', '1.00e-04'], loss: 0.001358
[2024-10-04 10:20:18,171][INFO][clas_trainer:63] - [epoch  16] execution time: 520.65s	metrics:
[2024-10-04 10:20:18,171][INFO][clas_evaluator:132] - dataset: earlystopping, avg f1-score: 0.7152
[2024-10-04 10:20:18,179][INFO][clas_trainer:79] - finished training
[2024-10-04 10:20:18,180][INFO][clas_trainer:80] - best model on epoch: 6 	f1-score: 0.7337
