[2024-09-11 16:55:21,116][INFO][pretrain_and_fine-tune:26] - Using GPU 3
[2024-09-11 16:55:21,119][INFO][pretrain_and_fine-tune:36] - overrides:
hydra:
- hydra.launcher.n_jobs=20
- hydra.mode=MULTIRUN
task:
- m_seed_path_sids={seeds:[1,1,1,1,1],subject_ids:{dod_o_h:$\{data.dod_o_h.cv_5_fold.fold_2\}}}
- data.pretraining.train_dataloader.dataset.n_samples=100000
- +data.pretraining.train_dataloader.dataset.n_samples_per_epoch=100000
- data.downstream.train_dataloader.dataset.data_reducer._target_=base.data.data_reducer.SubjectWiseDataReducer
- +data.downstream.train_dataloader.dataset.data_reducer.n_subjects=1
- general.gpus=[3,4]

[2024-09-11 16:55:49,096][INFO][freq_trainer:43] - metrics before training (epoch 0):
[2024-09-11 16:55:53,223][INFO][freq_evaluator:47] - dataset: valid_pretraining, acc: 0.000, hamming: 0.485
[2024-09-11 16:56:01,640][INFO][freq_trainer:114] - train epoch: 1 [9920/100000 (10%)], lr: ['1.00e-04'], loss: 1.180261
[2024-09-11 16:56:09,850][INFO][freq_trainer:114] - train epoch: 1 [19904/100000 (20%)], lr: ['1.00e-04'], loss: 0.781426
[2024-09-11 16:56:17,791][INFO][freq_trainer:114] - train epoch: 1 [29888/100000 (30%)], lr: ['1.00e-04'], loss: 0.734814
[2024-09-11 16:56:25,885][INFO][freq_trainer:114] - train epoch: 1 [39872/100000 (40%)], lr: ['1.00e-04'], loss: 0.708496
[2024-09-11 16:56:34,389][INFO][freq_trainer:114] - train epoch: 1 [49856/100000 (50%)], lr: ['1.00e-04'], loss: 0.695086
[2024-09-11 16:56:42,000][INFO][freq_trainer:114] - train epoch: 1 [59840/100000 (60%)], lr: ['1.00e-04'], loss: 0.706397
[2024-09-11 16:56:50,757][INFO][freq_trainer:114] - train epoch: 1 [69824/100000 (70%)], lr: ['1.00e-04'], loss: 0.699152
[2024-09-11 16:56:59,372][INFO][freq_trainer:114] - train epoch: 1 [79808/100000 (80%)], lr: ['1.00e-04'], loss: 0.707296
[2024-09-11 16:57:07,892][INFO][freq_trainer:114] - train epoch: 1 [89792/100000 (90%)], lr: ['1.00e-04'], loss: 0.692637
[2024-09-11 16:57:15,966][INFO][freq_trainer:114] - train epoch: 1 [99776/100000 (100%)], lr: ['1.00e-04'], loss: 0.693088
[2024-09-11 16:57:18,562][INFO][freq_trainer:57] - [epoch   1] execution time: 85.34s	metrics:
[2024-09-11 16:57:18,563][INFO][freq_evaluator:47] - dataset: valid_pretraining, acc: 0.056, hamming: 0.520
[2024-09-11 16:57:18,576][INFO][base_model:51] - snapshot saved to XXX/frequency-pretraining/models/exp021b-m6-simple_multi_class-2024-09-11_16-55-09-final.pth
[2024-09-11 16:57:27,048][INFO][freq_trainer:114] - train epoch: 2 [9920/100000 (10%)], lr: ['1.00e-04'], loss: 0.690737
[2024-09-11 16:57:35,198][INFO][freq_trainer:114] - train epoch: 2 [19904/100000 (20%)], lr: ['1.00e-04'], loss: 0.691073
[2024-09-11 16:57:43,066][INFO][freq_trainer:114] - train epoch: 2 [29888/100000 (30%)], lr: ['1.00e-04'], loss: 0.689020
[2024-09-11 16:57:50,673][INFO][freq_trainer:114] - train epoch: 2 [39872/100000 (40%)], lr: ['1.00e-04'], loss: 0.691436
[2024-09-11 16:57:58,511][INFO][freq_trainer:114] - train epoch: 2 [49856/100000 (50%)], lr: ['1.00e-04'], loss: 0.693938
[2024-09-11 16:58:07,031][INFO][freq_trainer:114] - train epoch: 2 [59840/100000 (60%)], lr: ['1.00e-04'], loss: 0.693764
[2024-09-11 16:58:14,804][INFO][freq_trainer:114] - train epoch: 2 [69824/100000 (70%)], lr: ['1.00e-04'], loss: 0.689340
[2024-09-11 16:58:23,040][INFO][freq_trainer:114] - train epoch: 2 [79808/100000 (80%)], lr: ['1.00e-04'], loss: 0.697161
[2024-09-11 16:58:30,828][INFO][freq_trainer:114] - train epoch: 2 [89792/100000 (90%)], lr: ['1.00e-04'], loss: 0.691892
[2024-09-11 16:58:39,220][INFO][freq_trainer:114] - train epoch: 2 [99776/100000 (100%)], lr: ['1.00e-04'], loss: 0.696416
[2024-09-11 16:58:41,933][INFO][freq_trainer:57] - [epoch   2] execution time: 83.36s	metrics:
[2024-09-11 16:58:41,933][INFO][freq_evaluator:47] - dataset: valid_pretraining, acc: 0.056, hamming: 0.520
[2024-09-11 16:58:41,946][INFO][base_model:51] - snapshot saved to XXX/frequency-pretraining/models/exp021b-m6-simple_multi_class-2024-09-11_16-55-09-final.pth
[2024-09-11 16:58:49,994][INFO][freq_trainer:114] - train epoch: 3 [9920/100000 (10%)], lr: ['1.00e-04'], loss: 0.697549
[2024-09-11 16:58:58,050][INFO][freq_trainer:114] - train epoch: 3 [19904/100000 (20%)], lr: ['1.00e-04'], loss: 0.689904
[2024-09-11 16:59:05,720][INFO][freq_trainer:114] - train epoch: 3 [29888/100000 (30%)], lr: ['1.00e-04'], loss: 0.690854
[2024-09-11 16:59:13,927][INFO][freq_trainer:114] - train epoch: 3 [39872/100000 (40%)], lr: ['1.00e-04'], loss: 0.691192
[2024-09-11 16:59:21,250][INFO][freq_trainer:114] - train epoch: 3 [49856/100000 (50%)], lr: ['1.00e-04'], loss: 0.692814
[2024-09-11 16:59:29,078][INFO][freq_trainer:114] - train epoch: 3 [59840/100000 (60%)], lr: ['1.00e-04'], loss: 0.698469
[2024-09-11 16:59:36,050][INFO][freq_trainer:114] - train epoch: 3 [69824/100000 (70%)], lr: ['1.00e-04'], loss: 0.690697
[2024-09-11 16:59:44,107][INFO][freq_trainer:114] - train epoch: 3 [79808/100000 (80%)], lr: ['1.00e-04'], loss: 0.691614
[2024-09-11 16:59:50,491][INFO][freq_trainer:114] - train epoch: 3 [89792/100000 (90%)], lr: ['1.00e-04'], loss: 0.690048
[2024-09-11 16:59:55,396][INFO][freq_trainer:114] - train epoch: 3 [99776/100000 (100%)], lr: ['1.00e-04'], loss: 0.692370
[2024-09-11 16:59:57,881][INFO][freq_trainer:57] - [epoch   3] execution time: 75.94s	metrics:
[2024-09-11 16:59:57,882][INFO][freq_evaluator:47] - dataset: valid_pretraining, acc: 0.056, hamming: 0.520
[2024-09-11 16:59:57,891][INFO][base_model:51] - snapshot saved to XXX/frequency-pretraining/models/exp021b-m6-simple_multi_class-2024-09-11_16-55-09-final.pth
[2024-09-11 17:00:05,235][INFO][freq_trainer:114] - train epoch: 4 [9920/100000 (10%)], lr: ['1.00e-04'], loss: 0.691150
[2024-09-11 17:00:13,366][INFO][freq_trainer:114] - train epoch: 4 [19904/100000 (20%)], lr: ['1.00e-04'], loss: 0.696787
[2024-09-11 17:00:21,058][INFO][freq_trainer:114] - train epoch: 4 [29888/100000 (30%)], lr: ['1.00e-04'], loss: 0.689670
[2024-09-11 17:00:28,101][INFO][freq_trainer:114] - train epoch: 4 [39872/100000 (40%)], lr: ['1.00e-04'], loss: 0.692188
[2024-09-11 17:00:35,250][INFO][freq_trainer:114] - train epoch: 4 [49856/100000 (50%)], lr: ['1.00e-04'], loss: 0.673338
[2024-09-11 17:00:43,087][INFO][freq_trainer:114] - train epoch: 4 [59840/100000 (60%)], lr: ['1.00e-04'], loss: 0.646319
[2024-09-11 17:00:49,666][INFO][freq_trainer:114] - train epoch: 4 [69824/100000 (70%)], lr: ['1.00e-04'], loss: 0.672986
[2024-09-11 17:00:56,466][INFO][freq_trainer:114] - train epoch: 4 [79808/100000 (80%)], lr: ['1.00e-04'], loss: 0.660525
[2024-09-11 17:01:03,275][INFO][freq_trainer:114] - train epoch: 4 [89792/100000 (90%)], lr: ['1.00e-04'], loss: 0.647746
[2024-09-11 17:01:10,462][INFO][freq_trainer:114] - train epoch: 4 [99776/100000 (100%)], lr: ['1.00e-04'], loss: 0.671433
[2024-09-11 17:01:13,209][INFO][freq_trainer:57] - [epoch   4] execution time: 75.32s	metrics:
[2024-09-11 17:01:13,209][INFO][freq_evaluator:47] - dataset: valid_pretraining, acc: 0.030, hamming: 0.561
[2024-09-11 17:01:13,225][INFO][base_model:51] - snapshot saved to XXX/frequency-pretraining/models/exp021b-m6-simple_multi_class-2024-09-11_16-55-09-final.pth
[2024-09-11 17:01:21,297][INFO][freq_trainer:114] - train epoch: 5 [9920/100000 (10%)], lr: ['1.00e-04'], loss: 0.640712
[2024-09-11 17:01:29,336][INFO][freq_trainer:114] - train epoch: 5 [19904/100000 (20%)], lr: ['1.00e-04'], loss: 0.633784
[2024-09-11 17:01:37,282][INFO][freq_trainer:114] - train epoch: 5 [29888/100000 (30%)], lr: ['1.00e-04'], loss: 0.649002
[2024-09-11 17:01:44,600][INFO][freq_trainer:114] - train epoch: 5 [39872/100000 (40%)], lr: ['1.00e-04'], loss: 0.635480
[2024-09-11 17:01:52,328][INFO][freq_trainer:114] - train epoch: 5 [49856/100000 (50%)], lr: ['1.00e-04'], loss: 0.638100
[2024-09-11 17:01:58,909][INFO][freq_trainer:114] - train epoch: 5 [59840/100000 (60%)], lr: ['1.00e-04'], loss: 0.633912
[2024-09-11 17:02:06,057][INFO][freq_trainer:114] - train epoch: 5 [69824/100000 (70%)], lr: ['1.00e-04'], loss: 0.626645
[2024-09-11 17:02:13,344][INFO][freq_trainer:114] - train epoch: 5 [79808/100000 (80%)], lr: ['1.00e-04'], loss: 0.582865
[2024-09-11 17:02:20,510][INFO][freq_trainer:114] - train epoch: 5 [89792/100000 (90%)], lr: ['1.00e-04'], loss: 0.578614
[2024-09-11 17:02:28,131][INFO][freq_trainer:114] - train epoch: 5 [99776/100000 (100%)], lr: ['1.00e-04'], loss: 0.595092
[2024-09-11 17:02:31,013][INFO][freq_trainer:57] - [epoch   5] execution time: 77.79s	metrics:
[2024-09-11 17:02:31,014][INFO][freq_evaluator:47] - dataset: valid_pretraining, acc: 0.062, hamming: 0.728
[2024-09-11 17:02:31,028][INFO][base_model:51] - snapshot saved to XXX/frequency-pretraining/models/exp021b-m6-simple_multi_class-2024-09-11_16-55-09-final.pth
[2024-09-11 17:02:39,542][INFO][freq_trainer:114] - train epoch: 6 [9920/100000 (10%)], lr: ['1.00e-04'], loss: 0.582341
[2024-09-11 17:02:47,343][INFO][freq_trainer:114] - train epoch: 6 [19904/100000 (20%)], lr: ['1.00e-04'], loss: 0.604407
[2024-09-11 17:02:54,461][INFO][freq_trainer:114] - train epoch: 6 [29888/100000 (30%)], lr: ['1.00e-04'], loss: 0.569945
[2024-09-11 17:03:02,531][INFO][freq_trainer:114] - train epoch: 6 [39872/100000 (40%)], lr: ['1.00e-04'], loss: 0.541012
[2024-09-11 17:03:10,823][INFO][freq_trainer:114] - train epoch: 6 [49856/100000 (50%)], lr: ['1.00e-04'], loss: 0.599491
[2024-09-11 17:03:18,443][INFO][freq_trainer:114] - train epoch: 6 [59840/100000 (60%)], lr: ['1.00e-04'], loss: 0.550281
[2024-09-11 17:03:26,180][INFO][freq_trainer:114] - train epoch: 6 [69824/100000 (70%)], lr: ['1.00e-04'], loss: 0.549610
[2024-09-11 17:03:33,376][INFO][freq_trainer:114] - train epoch: 6 [79808/100000 (80%)], lr: ['1.00e-04'], loss: 0.561564
[2024-09-11 17:03:40,483][INFO][freq_trainer:114] - train epoch: 6 [89792/100000 (90%)], lr: ['1.00e-04'], loss: 0.521186
[2024-09-11 17:03:47,245][INFO][freq_trainer:114] - train epoch: 6 [99776/100000 (100%)], lr: ['1.00e-04'], loss: 0.540061
[2024-09-11 17:03:49,677][INFO][freq_trainer:57] - [epoch   6] execution time: 78.65s	metrics:
[2024-09-11 17:03:49,677][INFO][freq_evaluator:47] - dataset: valid_pretraining, acc: 0.074, hamming: 0.760
[2024-09-11 17:03:49,691][INFO][base_model:51] - snapshot saved to XXX/frequency-pretraining/models/exp021b-m6-simple_multi_class-2024-09-11_16-55-09-final.pth
[2024-09-11 17:03:57,816][INFO][freq_trainer:114] - train epoch: 7 [9920/100000 (10%)], lr: ['1.00e-04'], loss: 0.554017
[2024-09-11 17:04:05,818][INFO][freq_trainer:114] - train epoch: 7 [19904/100000 (20%)], lr: ['1.00e-04'], loss: 0.563962
[2024-09-11 17:04:13,217][INFO][freq_trainer:114] - train epoch: 7 [29888/100000 (30%)], lr: ['1.00e-04'], loss: 0.529588
[2024-09-11 17:04:20,837][INFO][freq_trainer:114] - train epoch: 7 [39872/100000 (40%)], lr: ['1.00e-04'], loss: 0.563537
[2024-09-11 17:04:27,856][INFO][freq_trainer:114] - train epoch: 7 [49856/100000 (50%)], lr: ['1.00e-04'], loss: 0.551712
[2024-09-11 17:04:35,248][INFO][freq_trainer:114] - train epoch: 7 [59840/100000 (60%)], lr: ['1.00e-04'], loss: 0.520245
[2024-09-11 17:04:42,155][INFO][freq_trainer:114] - train epoch: 7 [69824/100000 (70%)], lr: ['1.00e-04'], loss: 0.532794
[2024-09-11 17:04:49,232][INFO][freq_trainer:114] - train epoch: 7 [79808/100000 (80%)], lr: ['1.00e-04'], loss: 0.479860
[2024-09-11 17:04:56,074][INFO][freq_trainer:114] - train epoch: 7 [89792/100000 (90%)], lr: ['1.00e-04'], loss: 0.492777
[2024-09-11 17:05:03,374][INFO][freq_trainer:114] - train epoch: 7 [99776/100000 (100%)], lr: ['1.00e-04'], loss: 0.513821
[2024-09-11 17:05:06,129][INFO][freq_trainer:57] - [epoch   7] execution time: 76.44s	metrics:
[2024-09-11 17:05:06,129][INFO][freq_evaluator:47] - dataset: valid_pretraining, acc: 0.044, hamming: 0.769
[2024-09-11 17:05:06,141][INFO][base_model:51] - snapshot saved to XXX/frequency-pretraining/models/exp021b-m6-simple_multi_class-2024-09-11_16-55-09-final.pth
[2024-09-11 17:05:14,499][INFO][freq_trainer:114] - train epoch: 8 [9920/100000 (10%)], lr: ['1.00e-04'], loss: 0.458690
[2024-09-11 17:05:21,758][INFO][freq_trainer:114] - train epoch: 8 [19904/100000 (20%)], lr: ['1.00e-04'], loss: 0.474631
[2024-09-11 17:05:29,137][INFO][freq_trainer:114] - train epoch: 8 [29888/100000 (30%)], lr: ['1.00e-04'], loss: 0.457745
[2024-09-11 17:05:36,414][INFO][freq_trainer:114] - train epoch: 8 [39872/100000 (40%)], lr: ['1.00e-04'], loss: 0.496046
[2024-09-11 17:05:43,465][INFO][freq_trainer:114] - train epoch: 8 [49856/100000 (50%)], lr: ['1.00e-04'], loss: 0.424863
[2024-09-11 17:05:50,597][INFO][freq_trainer:114] - train epoch: 8 [59840/100000 (60%)], lr: ['1.00e-04'], loss: 0.368937
[2024-09-11 17:05:58,152][INFO][freq_trainer:114] - train epoch: 8 [69824/100000 (70%)], lr: ['1.00e-04'], loss: 0.473429
[2024-09-11 17:06:04,891][INFO][freq_trainer:114] - train epoch: 8 [79808/100000 (80%)], lr: ['1.00e-04'], loss: 0.455979
[2024-09-11 17:06:12,239][INFO][freq_trainer:114] - train epoch: 8 [89792/100000 (90%)], lr: ['1.00e-04'], loss: 0.430228
[2024-09-11 17:06:19,209][INFO][freq_trainer:114] - train epoch: 8 [99776/100000 (100%)], lr: ['1.00e-04'], loss: 0.465545
[2024-09-11 17:06:21,711][INFO][freq_trainer:57] - [epoch   8] execution time: 75.57s	metrics:
[2024-09-11 17:06:21,711][INFO][freq_evaluator:47] - dataset: valid_pretraining, acc: 0.117, hamming: 0.815
[2024-09-11 17:06:21,722][INFO][base_model:51] - snapshot saved to XXX/frequency-pretraining/models/exp021b-m6-simple_multi_class-2024-09-11_16-55-09-final.pth
[2024-09-11 17:06:29,865][INFO][freq_trainer:114] - train epoch: 9 [9920/100000 (10%)], lr: ['1.00e-04'], loss: 0.396856
[2024-09-11 17:06:36,477][INFO][freq_trainer:114] - train epoch: 9 [19904/100000 (20%)], lr: ['1.00e-04'], loss: 0.388283
[2024-09-11 17:06:44,106][INFO][freq_trainer:114] - train epoch: 9 [29888/100000 (30%)], lr: ['1.00e-04'], loss: 0.437312
[2024-09-11 17:06:51,170][INFO][freq_trainer:114] - train epoch: 9 [39872/100000 (40%)], lr: ['1.00e-04'], loss: 0.433465
[2024-09-11 17:06:59,148][INFO][freq_trainer:114] - train epoch: 9 [49856/100000 (50%)], lr: ['1.00e-04'], loss: 0.389097
[2024-09-11 17:07:06,222][INFO][freq_trainer:114] - train epoch: 9 [59840/100000 (60%)], lr: ['1.00e-04'], loss: 0.392359
[2024-09-11 17:07:13,606][INFO][freq_trainer:114] - train epoch: 9 [69824/100000 (70%)], lr: ['1.00e-04'], loss: 0.381820
[2024-09-11 17:07:20,438][INFO][freq_trainer:114] - train epoch: 9 [79808/100000 (80%)], lr: ['1.00e-04'], loss: 0.409396
[2024-09-11 17:07:28,072][INFO][freq_trainer:114] - train epoch: 9 [89792/100000 (90%)], lr: ['1.00e-04'], loss: 0.369847
[2024-09-11 17:07:35,656][INFO][freq_trainer:114] - train epoch: 9 [99776/100000 (100%)], lr: ['1.00e-04'], loss: 0.373133
[2024-09-11 17:07:38,543][INFO][freq_trainer:57] - [epoch   9] execution time: 76.82s	metrics:
[2024-09-11 17:07:38,544][INFO][freq_evaluator:47] - dataset: valid_pretraining, acc: 0.133, hamming: 0.838
[2024-09-11 17:07:38,557][INFO][base_model:51] - snapshot saved to XXX/frequency-pretraining/models/exp021b-m6-simple_multi_class-2024-09-11_16-55-09-final.pth
[2024-09-11 17:07:46,415][INFO][freq_trainer:114] - train epoch: 10 [9920/100000 (10%)], lr: ['1.00e-04'], loss: 0.373803
[2024-09-11 17:07:54,366][INFO][freq_trainer:114] - train epoch: 10 [19904/100000 (20%)], lr: ['1.00e-04'], loss: 0.382970
[2024-09-11 17:08:02,329][INFO][freq_trainer:114] - train epoch: 10 [29888/100000 (30%)], lr: ['1.00e-04'], loss: 0.399063
[2024-09-11 17:08:10,347][INFO][freq_trainer:114] - train epoch: 10 [39872/100000 (40%)], lr: ['1.00e-04'], loss: 0.325004
[2024-09-11 17:08:18,119][INFO][freq_trainer:114] - train epoch: 10 [49856/100000 (50%)], lr: ['1.00e-04'], loss: 0.345399
[2024-09-11 17:08:25,499][INFO][freq_trainer:114] - train epoch: 10 [59840/100000 (60%)], lr: ['1.00e-04'], loss: 0.332475
[2024-09-11 17:08:32,884][INFO][freq_trainer:114] - train epoch: 10 [69824/100000 (70%)], lr: ['1.00e-04'], loss: 0.359150
[2024-09-11 17:08:40,320][INFO][freq_trainer:114] - train epoch: 10 [79808/100000 (80%)], lr: ['1.00e-04'], loss: 0.346157
[2024-09-11 17:08:47,696][INFO][freq_trainer:114] - train epoch: 10 [89792/100000 (90%)], lr: ['1.00e-04'], loss: 0.363906
[2024-09-11 17:08:54,947][INFO][freq_trainer:114] - train epoch: 10 [99776/100000 (100%)], lr: ['1.00e-04'], loss: 0.373584
[2024-09-11 17:08:57,718][INFO][freq_trainer:57] - [epoch  10] execution time: 79.16s	metrics:
[2024-09-11 17:08:57,718][INFO][freq_evaluator:47] - dataset: valid_pretraining, acc: 0.140, hamming: 0.854
[2024-09-11 17:08:57,731][INFO][base_model:51] - snapshot saved to XXX/frequency-pretraining/models/exp021b-m6-simple_multi_class-2024-09-11_16-55-09-final.pth
[2024-09-11 17:09:05,652][INFO][freq_trainer:114] - train epoch: 11 [9920/100000 (10%)], lr: ['1.00e-04'], loss: 0.339836
[2024-09-11 17:09:12,662][INFO][freq_trainer:114] - train epoch: 11 [19904/100000 (20%)], lr: ['1.00e-04'], loss: 0.371309
[2024-09-11 17:09:19,889][INFO][freq_trainer:114] - train epoch: 11 [29888/100000 (30%)], lr: ['1.00e-04'], loss: 0.340909
[2024-09-11 17:09:27,028][INFO][freq_trainer:114] - train epoch: 11 [39872/100000 (40%)], lr: ['1.00e-04'], loss: 0.379706
[2024-09-11 17:09:33,583][INFO][freq_trainer:114] - train epoch: 11 [49856/100000 (50%)], lr: ['1.00e-04'], loss: 0.337046
[2024-09-11 17:09:41,273][INFO][freq_trainer:114] - train epoch: 11 [59840/100000 (60%)], lr: ['1.00e-04'], loss: 0.293670
[2024-09-11 17:09:48,728][INFO][freq_trainer:114] - train epoch: 11 [69824/100000 (70%)], lr: ['1.00e-04'], loss: 0.334831
[2024-09-11 17:09:55,945][INFO][freq_trainer:114] - train epoch: 11 [79808/100000 (80%)], lr: ['1.00e-04'], loss: 0.309935
[2024-09-11 17:10:02,970][INFO][freq_trainer:114] - train epoch: 11 [89792/100000 (90%)], lr: ['1.00e-04'], loss: 0.316099
[2024-09-11 17:10:10,457][INFO][freq_trainer:114] - train epoch: 11 [99776/100000 (100%)], lr: ['1.00e-04'], loss: 0.311883
[2024-09-11 17:10:13,121][INFO][freq_trainer:57] - [epoch  11] execution time: 75.39s	metrics:
[2024-09-11 17:10:13,121][INFO][freq_evaluator:47] - dataset: valid_pretraining, acc: 0.161, hamming: 0.874
[2024-09-11 17:10:13,134][INFO][base_model:51] - snapshot saved to XXX/frequency-pretraining/models/exp021b-m6-simple_multi_class-2024-09-11_16-55-09-final.pth
[2024-09-11 17:10:20,926][INFO][freq_trainer:114] - train epoch: 12 [9920/100000 (10%)], lr: ['1.00e-04'], loss: 0.305668
[2024-09-11 17:10:27,727][INFO][freq_trainer:114] - train epoch: 12 [19904/100000 (20%)], lr: ['1.00e-04'], loss: 0.280849
[2024-09-11 17:10:34,288][INFO][freq_trainer:114] - train epoch: 12 [29888/100000 (30%)], lr: ['1.00e-04'], loss: 0.293412
[2024-09-11 17:10:41,597][INFO][freq_trainer:114] - train epoch: 12 [39872/100000 (40%)], lr: ['1.00e-04'], loss: 0.296803
[2024-09-11 17:10:49,788][INFO][freq_trainer:114] - train epoch: 12 [49856/100000 (50%)], lr: ['1.00e-04'], loss: 0.293570
[2024-09-11 17:10:57,033][INFO][freq_trainer:114] - train epoch: 12 [59840/100000 (60%)], lr: ['1.00e-04'], loss: 0.328993
[2024-09-11 17:11:03,882][INFO][freq_trainer:114] - train epoch: 12 [69824/100000 (70%)], lr: ['1.00e-04'], loss: 0.275722
[2024-09-11 17:11:11,412][INFO][freq_trainer:114] - train epoch: 12 [79808/100000 (80%)], lr: ['1.00e-04'], loss: 0.255889
[2024-09-11 17:11:18,915][INFO][freq_trainer:114] - train epoch: 12 [89792/100000 (90%)], lr: ['1.00e-04'], loss: 0.307527
[2024-09-11 17:11:25,748][INFO][freq_trainer:114] - train epoch: 12 [99776/100000 (100%)], lr: ['1.00e-04'], loss: 0.304606
[2024-09-11 17:11:28,486][INFO][freq_trainer:57] - [epoch  12] execution time: 75.35s	metrics:
[2024-09-11 17:11:28,486][INFO][freq_evaluator:47] - dataset: valid_pretraining, acc: 0.185, hamming: 0.888
[2024-09-11 17:11:28,499][INFO][base_model:51] - snapshot saved to XXX/frequency-pretraining/models/exp021b-m6-simple_multi_class-2024-09-11_16-55-09-final.pth
[2024-09-11 17:11:36,642][INFO][freq_trainer:114] - train epoch: 13 [9920/100000 (10%)], lr: ['1.00e-04'], loss: 0.258733
[2024-09-11 17:11:43,915][INFO][freq_trainer:114] - train epoch: 13 [19904/100000 (20%)], lr: ['1.00e-04'], loss: 0.279904
[2024-09-11 17:11:51,363][INFO][freq_trainer:114] - train epoch: 13 [29888/100000 (30%)], lr: ['1.00e-04'], loss: 0.245073
[2024-09-11 17:11:59,591][INFO][freq_trainer:114] - train epoch: 13 [39872/100000 (40%)], lr: ['1.00e-04'], loss: 0.264297
[2024-09-11 17:12:07,487][INFO][freq_trainer:114] - train epoch: 13 [49856/100000 (50%)], lr: ['1.00e-04'], loss: 0.282787
[2024-09-11 17:12:14,459][INFO][freq_trainer:114] - train epoch: 13 [59840/100000 (60%)], lr: ['1.00e-04'], loss: 0.297228
[2024-09-11 17:12:21,667][INFO][freq_trainer:114] - train epoch: 13 [69824/100000 (70%)], lr: ['1.00e-04'], loss: 0.287061
[2024-09-11 17:12:28,834][INFO][freq_trainer:114] - train epoch: 13 [79808/100000 (80%)], lr: ['1.00e-04'], loss: 0.315661
[2024-09-11 17:12:36,244][INFO][freq_trainer:114] - train epoch: 13 [89792/100000 (90%)], lr: ['1.00e-04'], loss: 0.257974
[2024-09-11 17:12:43,296][INFO][freq_trainer:114] - train epoch: 13 [99776/100000 (100%)], lr: ['1.00e-04'], loss: 0.283606
[2024-09-11 17:12:46,285][INFO][freq_trainer:57] - [epoch  13] execution time: 77.79s	metrics:
[2024-09-11 17:12:46,285][INFO][freq_evaluator:47] - dataset: valid_pretraining, acc: 0.200, hamming: 0.895
[2024-09-11 17:12:46,298][INFO][base_model:51] - snapshot saved to XXX/frequency-pretraining/models/exp021b-m6-simple_multi_class-2024-09-11_16-55-09-final.pth
[2024-09-11 17:12:54,635][INFO][freq_trainer:114] - train epoch: 14 [9920/100000 (10%)], lr: ['1.00e-04'], loss: 0.265492
[2024-09-11 17:13:02,289][INFO][freq_trainer:114] - train epoch: 14 [19904/100000 (20%)], lr: ['1.00e-04'], loss: 0.265489
[2024-09-11 17:13:09,115][INFO][freq_trainer:114] - train epoch: 14 [29888/100000 (30%)], lr: ['1.00e-04'], loss: 0.285398
[2024-09-11 17:13:16,698][INFO][freq_trainer:114] - train epoch: 14 [39872/100000 (40%)], lr: ['1.00e-04'], loss: 0.246222
[2024-09-11 17:13:24,265][INFO][freq_trainer:114] - train epoch: 14 [49856/100000 (50%)], lr: ['1.00e-04'], loss: 0.272578
[2024-09-11 17:13:31,483][INFO][freq_trainer:114] - train epoch: 14 [59840/100000 (60%)], lr: ['1.00e-04'], loss: 0.240862
[2024-09-11 17:13:38,423][INFO][freq_trainer:114] - train epoch: 14 [69824/100000 (70%)], lr: ['1.00e-04'], loss: 0.247056
[2024-09-11 17:13:45,693][INFO][freq_trainer:114] - train epoch: 14 [79808/100000 (80%)], lr: ['1.00e-04'], loss: 0.255483
[2024-09-11 17:13:52,803][INFO][freq_trainer:114] - train epoch: 14 [89792/100000 (90%)], lr: ['1.00e-04'], loss: 0.254932
[2024-09-11 17:14:00,054][INFO][freq_trainer:114] - train epoch: 14 [99776/100000 (100%)], lr: ['1.00e-04'], loss: 0.267202
[2024-09-11 17:14:03,119][INFO][freq_trainer:57] - [epoch  14] execution time: 76.82s	metrics:
[2024-09-11 17:14:03,119][INFO][freq_evaluator:47] - dataset: valid_pretraining, acc: 0.201, hamming: 0.902
[2024-09-11 17:14:03,133][INFO][base_model:51] - snapshot saved to XXX/frequency-pretraining/models/exp021b-m6-simple_multi_class-2024-09-11_16-55-09-final.pth
[2024-09-11 17:14:11,345][INFO][freq_trainer:114] - train epoch: 15 [9920/100000 (10%)], lr: ['1.00e-04'], loss: 0.225437
[2024-09-11 17:14:18,875][INFO][freq_trainer:114] - train epoch: 15 [19904/100000 (20%)], lr: ['1.00e-04'], loss: 0.249168
[2024-09-11 17:14:26,601][INFO][freq_trainer:114] - train epoch: 15 [29888/100000 (30%)], lr: ['1.00e-04'], loss: 0.238485
[2024-09-11 17:14:33,574][INFO][freq_trainer:114] - train epoch: 15 [39872/100000 (40%)], lr: ['1.00e-04'], loss: 0.243785
[2024-09-11 17:14:41,198][INFO][freq_trainer:114] - train epoch: 15 [49856/100000 (50%)], lr: ['1.00e-04'], loss: 0.263384
[2024-09-11 17:14:48,980][INFO][freq_trainer:114] - train epoch: 15 [59840/100000 (60%)], lr: ['1.00e-04'], loss: 0.250906
[2024-09-11 17:14:55,936][INFO][freq_trainer:114] - train epoch: 15 [69824/100000 (70%)], lr: ['1.00e-04'], loss: 0.247850
[2024-09-11 17:15:03,561][INFO][freq_trainer:114] - train epoch: 15 [79808/100000 (80%)], lr: ['1.00e-04'], loss: 0.240081
[2024-09-11 17:15:10,651][INFO][freq_trainer:114] - train epoch: 15 [89792/100000 (90%)], lr: ['1.00e-04'], loss: 0.227242
[2024-09-11 17:15:18,057][INFO][freq_trainer:114] - train epoch: 15 [99776/100000 (100%)], lr: ['1.00e-04'], loss: 0.249744
[2024-09-11 17:15:20,797][INFO][freq_trainer:57] - [epoch  15] execution time: 77.66s	metrics:
[2024-09-11 17:15:20,797][INFO][freq_evaluator:47] - dataset: valid_pretraining, acc: 0.201, hamming: 0.907
[2024-09-11 17:15:20,808][INFO][base_model:51] - snapshot saved to XXX/frequency-pretraining/models/exp021b-m6-simple_multi_class-2024-09-11_16-55-09-final.pth
[2024-09-11 17:15:29,473][INFO][freq_trainer:114] - train epoch: 16 [9920/100000 (10%)], lr: ['1.00e-04'], loss: 0.238240
[2024-09-11 17:15:36,964][INFO][freq_trainer:114] - train epoch: 16 [19904/100000 (20%)], lr: ['1.00e-04'], loss: 0.245461
[2024-09-11 17:15:44,955][INFO][freq_trainer:114] - train epoch: 16 [29888/100000 (30%)], lr: ['1.00e-04'], loss: 0.232489
[2024-09-11 17:15:52,144][INFO][freq_trainer:114] - train epoch: 16 [39872/100000 (40%)], lr: ['1.00e-04'], loss: 0.260935
[2024-09-11 17:16:00,380][INFO][freq_trainer:114] - train epoch: 16 [49856/100000 (50%)], lr: ['1.00e-04'], loss: 0.270454
[2024-09-11 17:16:07,962][INFO][freq_trainer:114] - train epoch: 16 [59840/100000 (60%)], lr: ['1.00e-04'], loss: 0.245621
[2024-09-11 17:16:15,630][INFO][freq_trainer:114] - train epoch: 16 [69824/100000 (70%)], lr: ['1.00e-04'], loss: 0.220580
[2024-09-11 17:16:24,262][INFO][freq_trainer:114] - train epoch: 16 [79808/100000 (80%)], lr: ['1.00e-04'], loss: 0.247749
[2024-09-11 17:16:31,310][INFO][freq_trainer:114] - train epoch: 16 [89792/100000 (90%)], lr: ['1.00e-04'], loss: 0.196829
[2024-09-11 17:16:38,656][INFO][freq_trainer:114] - train epoch: 16 [99776/100000 (100%)], lr: ['1.00e-04'], loss: 0.255576
[2024-09-11 17:16:41,299][INFO][freq_trainer:57] - [epoch  16] execution time: 80.49s	metrics:
[2024-09-11 17:16:41,300][INFO][freq_evaluator:47] - dataset: valid_pretraining, acc: 0.207, hamming: 0.909
[2024-09-11 17:16:41,313][INFO][base_model:51] - snapshot saved to XXX/frequency-pretraining/models/exp021b-m6-simple_multi_class-2024-09-11_16-55-09-final.pth
[2024-09-11 17:16:49,238][INFO][freq_trainer:114] - train epoch: 17 [9920/100000 (10%)], lr: ['1.00e-04'], loss: 0.242933
[2024-09-11 17:16:56,816][INFO][freq_trainer:114] - train epoch: 17 [19904/100000 (20%)], lr: ['1.00e-04'], loss: 0.250360
[2024-09-11 17:17:04,491][INFO][freq_trainer:114] - train epoch: 17 [29888/100000 (30%)], lr: ['1.00e-04'], loss: 0.241029
[2024-09-11 17:17:11,918][INFO][freq_trainer:114] - train epoch: 17 [39872/100000 (40%)], lr: ['1.00e-04'], loss: 0.196682
[2024-09-11 17:17:19,132][INFO][freq_trainer:114] - train epoch: 17 [49856/100000 (50%)], lr: ['1.00e-04'], loss: 0.198712
[2024-09-11 17:17:27,243][INFO][freq_trainer:114] - train epoch: 17 [59840/100000 (60%)], lr: ['1.00e-04'], loss: 0.224380
[2024-09-11 17:17:34,847][INFO][freq_trainer:114] - train epoch: 17 [69824/100000 (70%)], lr: ['1.00e-04'], loss: 0.224070
[2024-09-11 17:17:42,986][INFO][freq_trainer:114] - train epoch: 17 [79808/100000 (80%)], lr: ['1.00e-04'], loss: 0.238658
[2024-09-11 17:17:50,408][INFO][freq_trainer:114] - train epoch: 17 [89792/100000 (90%)], lr: ['1.00e-04'], loss: 0.218793
[2024-09-11 17:17:57,999][INFO][freq_trainer:114] - train epoch: 17 [99776/100000 (100%)], lr: ['1.00e-04'], loss: 0.244064
[2024-09-11 17:18:00,738][INFO][freq_trainer:57] - [epoch  17] execution time: 79.43s	metrics:
[2024-09-11 17:18:00,739][INFO][freq_evaluator:47] - dataset: valid_pretraining, acc: 0.215, hamming: 0.911
[2024-09-11 17:18:00,751][INFO][base_model:51] - snapshot saved to XXX/frequency-pretraining/models/exp021b-m6-simple_multi_class-2024-09-11_16-55-09-final.pth
[2024-09-11 17:18:09,913][INFO][freq_trainer:114] - train epoch: 18 [9920/100000 (10%)], lr: ['1.00e-04'], loss: 0.236582
[2024-09-11 17:18:17,870][INFO][freq_trainer:114] - train epoch: 18 [19904/100000 (20%)], lr: ['1.00e-04'], loss: 0.218699
[2024-09-11 17:18:26,169][INFO][freq_trainer:114] - train epoch: 18 [29888/100000 (30%)], lr: ['1.00e-04'], loss: 0.220624
[2024-09-11 17:18:33,929][INFO][freq_trainer:114] - train epoch: 18 [39872/100000 (40%)], lr: ['1.00e-04'], loss: 0.209072
[2024-09-11 17:18:41,538][INFO][freq_trainer:114] - train epoch: 18 [49856/100000 (50%)], lr: ['1.00e-04'], loss: 0.235109
[2024-09-11 17:18:49,550][INFO][freq_trainer:114] - train epoch: 18 [59840/100000 (60%)], lr: ['1.00e-04'], loss: 0.224640
[2024-09-11 17:18:57,497][INFO][freq_trainer:114] - train epoch: 18 [69824/100000 (70%)], lr: ['1.00e-04'], loss: 0.225787
[2024-09-11 17:19:05,707][INFO][freq_trainer:114] - train epoch: 18 [79808/100000 (80%)], lr: ['1.00e-04'], loss: 0.203714
[2024-09-11 17:19:13,611][INFO][freq_trainer:114] - train epoch: 18 [89792/100000 (90%)], lr: ['1.00e-04'], loss: 0.217223
[2024-09-11 17:19:21,120][INFO][freq_trainer:114] - train epoch: 18 [99776/100000 (100%)], lr: ['1.00e-04'], loss: 0.212743
[2024-09-11 17:19:23,712][INFO][freq_trainer:57] - [epoch  18] execution time: 82.96s	metrics:
[2024-09-11 17:19:23,713][INFO][freq_evaluator:47] - dataset: valid_pretraining, acc: 0.225, hamming: 0.912
[2024-09-11 17:19:23,726][INFO][base_model:51] - snapshot saved to XXX/frequency-pretraining/models/exp021b-m6-simple_multi_class-2024-09-11_16-55-09-final.pth
[2024-09-11 17:19:32,377][INFO][freq_trainer:114] - train epoch: 19 [9920/100000 (10%)], lr: ['1.00e-04'], loss: 0.224119
[2024-09-11 17:19:40,017][INFO][freq_trainer:114] - train epoch: 19 [19904/100000 (20%)], lr: ['1.00e-04'], loss: 0.226806
[2024-09-11 17:19:47,604][INFO][freq_trainer:114] - train epoch: 19 [29888/100000 (30%)], lr: ['1.00e-04'], loss: 0.218421
[2024-09-11 17:19:53,426][INFO][freq_trainer:114] - train epoch: 19 [39872/100000 (40%)], lr: ['1.00e-04'], loss: 0.218420
[2024-09-11 17:19:58,314][INFO][freq_trainer:114] - train epoch: 19 [49856/100000 (50%)], lr: ['1.00e-04'], loss: 0.231844
[2024-09-11 17:20:03,393][INFO][freq_trainer:114] - train epoch: 19 [59840/100000 (60%)], lr: ['1.00e-04'], loss: 0.232255
[2024-09-11 17:20:08,224][INFO][freq_trainer:114] - train epoch: 19 [69824/100000 (70%)], lr: ['1.00e-04'], loss: 0.249959
[2024-09-11 17:20:12,991][INFO][freq_trainer:114] - train epoch: 19 [79808/100000 (80%)], lr: ['1.00e-04'], loss: 0.171080
[2024-09-11 17:20:17,915][INFO][freq_trainer:114] - train epoch: 19 [89792/100000 (90%)], lr: ['1.00e-04'], loss: 0.193983
[2024-09-11 17:20:22,935][INFO][freq_trainer:114] - train epoch: 19 [99776/100000 (100%)], lr: ['1.00e-04'], loss: 0.209641
[2024-09-11 17:20:24,692][INFO][freq_trainer:57] - [epoch  19] execution time: 60.97s	metrics:
[2024-09-11 17:20:24,692][INFO][freq_evaluator:47] - dataset: valid_pretraining, acc: 0.227, hamming: 0.912
[2024-09-11 17:20:24,700][INFO][base_model:51] - snapshot saved to XXX/frequency-pretraining/models/exp021b-m6-simple_multi_class-2024-09-11_16-55-09-final.pth
[2024-09-11 17:20:30,105][INFO][freq_trainer:114] - train epoch: 20 [9920/100000 (10%)], lr: ['1.00e-04'], loss: 0.202365
[2024-09-11 17:20:34,976][INFO][freq_trainer:114] - train epoch: 20 [19904/100000 (20%)], lr: ['1.00e-04'], loss: 0.176047
[2024-09-11 17:20:39,902][INFO][freq_trainer:114] - train epoch: 20 [29888/100000 (30%)], lr: ['1.00e-04'], loss: 0.192705
[2024-09-11 17:20:44,829][INFO][freq_trainer:114] - train epoch: 20 [39872/100000 (40%)], lr: ['1.00e-04'], loss: 0.226814
[2024-09-11 17:20:50,358][INFO][freq_trainer:114] - train epoch: 20 [49856/100000 (50%)], lr: ['1.00e-04'], loss: 0.190695
[2024-09-11 17:20:57,297][INFO][freq_trainer:114] - train epoch: 20 [59840/100000 (60%)], lr: ['1.00e-04'], loss: 0.202837
[2024-09-11 17:21:04,522][INFO][freq_trainer:114] - train epoch: 20 [69824/100000 (70%)], lr: ['1.00e-04'], loss: 0.186473
[2024-09-11 17:21:12,090][INFO][freq_trainer:114] - train epoch: 20 [79808/100000 (80%)], lr: ['1.00e-04'], loss: 0.199832
[2024-09-11 17:21:19,843][INFO][freq_trainer:114] - train epoch: 20 [89792/100000 (90%)], lr: ['1.00e-04'], loss: 0.205562
[2024-09-11 17:21:27,875][INFO][freq_trainer:114] - train epoch: 20 [99776/100000 (100%)], lr: ['1.00e-04'], loss: 0.205890
[2024-09-11 17:21:30,677][INFO][freq_trainer:57] - [epoch  20] execution time: 65.98s	metrics:
[2024-09-11 17:21:30,678][INFO][freq_evaluator:47] - dataset: valid_pretraining, acc: 0.234, hamming: 0.914
[2024-09-11 17:21:30,691][INFO][base_model:51] - snapshot saved to XXX/frequency-pretraining/models/exp021b-m6-simple_multi_class-2024-09-11_16-55-09-final.pth
[2024-09-11 17:21:30,692][INFO][freq_trainer:67] - finished training
[2024-09-11 17:21:33,301][INFO][data_loaders:39] - class distribution before data reduction:
# samples per subject
02fb158a-a658-51ee-89cf-1e1dc2ebfde1: 861
03341d0d-5927-5838-8a5f-1b8ef39d8f57: 1063
039ce8ad-a7fa-5272-a3e3-1f4bfebdd087: 915
0d79f4b1-e74f-5e87-8e42-f9dd7112ada5: 968
100df108-eb57-5eaa-a413-f7e4436a7895: 952
130f3f52-7d0a-551e-af61-2ee75455e5c9: 989
14c012bd-65b0-56f5-bc74-2dffcea69837: 969
16450f5a-9b65-5536-85e1-93816c8b89eb: 816
18482adf-1144-54ca-9e35-27f65c43a105: 824
18ede714-aba3-5ad8-bb1a-18fc9b1c4192: 995
1da3544e-dc5c-5795-adc3-f5068959211f: 955
2159377e-ebf3-5565-9014-1e2ae69dc1d2: 907
2d01dc34-f36c-562e-b24a-d20dc798fdfc: 837
2e865ca9-e20f-5a6f-bd25-45d28cc9eab9: 950
30e8a05b-4cf1-5aa8-9ef7-28d6e2949ad5: 699
32556393-bb57-560a-99e8-e09885219647: 1106
3dd35e7b-d7e2-516d-8a85-e0d58a59569f: 1093
3e842aa8-bcd9-521e-93a2-72124233fe2c: 620
4b72b905-5521-5c57-b666-e20ff9bb195f: 868
4e3c4ac4-69e2-5347-a3b0-662c204d259d: 926
52fbe46b-206c-584a-9f4f-1eb308e07bac: 1064
5b94ec8a-c34d-5e45-84d1-bec2ea965609: 1090
5bf0f969-304c-581e-949c-50c108f62846: 947
5ddbc68c-1283-5c27-952b-d7f102291bc2: 1097
64959ac4-53b5-5868-a845-c7476e9fdf7b: 990
67fa8e29-6f4d-530e-9422-bbc3aca86ed0: 1046
6e2aa933-c51c-5a31-8c7b-83da8d076a12: 905
730aba3b-e310-5be0-9eed-7c3123466834: 1120
742f1592-627c-54eb-bbb5-ccd55ffae33a: 975
769df255-2284-50b3-8917-2155c759fbbd: 929
79e8a04e-0fdd-53ae-bedc-d49d08e29103: 918
7ab8ff5f-a77f-567d-9882-f8bee0c3c9bf: 989
7d778801-88e7-5086-ad1d-70f31a371876: 999
7f5237b1-2196-5c8a-9543-a5aa70210ef4: 931
83c1394e-9c69-5c11-9102-9ff8d59b1cfd: 1011
844f68ba-265e-53e6-bf47-6c85d1804a7b: 957
90aef91a-252f-5ccc-a82e-78ea7ee9ca1f: 1089
a25b2296-343b-53f6-8792-ada2669d466e: 1008
a35a118e-e65e-5928-92a9-4354a6a0f4ce: 813
a6254c8a-f1b2-5736-b601-18245dd5e0a5: 1084
a65a9e69-cddf-5711-9a97-de8bfdeb08cc: 961
a79d1f0e-c133-5aa0-8268-cdcc05825f0f: 1046
aadc9e0c-b7c3-5a47-851d-f21971d10935: 969
b2d3ccdd-395c-5dd2-81d9-252bcfc0c337: 902
b3706da5-748b-5dd1-a552-f57e4456cdf6: 1041
b5d5785d-87ee-5078-b9b9-aac6abd4d8de: 918
c8110476-594c-533d-95bd-86147fccc987: 995
cc3b4b63-4a6f-5f28-ac7e-62f83c271449: 1076
d3cadb78-cb8c-5a6e-885c-392e457c68b1: 982
d5181c33-a43b-5dfe-8ad7-0337facb092a: 977
e6b7cbef-4c9d-5541-82e8-04810de0fb60: 819
e72505f1-21be-5d66-b620-cfcfa2d754bc: 973
e8ec8ec4-dc48-50ce-985a-a06d87861030: 975
eb95076c-c470-56a4-b788-ace310f061c6: 965
f2a69bdc-ed51-5e3f-b102-6b3f7d392be0: 960
f66bc75e-778b-5037-af86-b5275cd4c79f: 865

# samples per stage
0: 9111
1: 2876
2: 26255
3: 6343
4: 9114
[2024-09-11 17:21:33,967][INFO][data_loaders:43] - class distribution after data reduction:
# samples per subject
b3706da5-748b-5dd1-a552-f57e4456cdf6: 53091

# samples per stage
0: 7599
1: 2754
2: 26316
3: 1836
4: 14586
[2024-09-11 17:21:33,986][INFO][base_pretraining_fe:55] - Loading model from XXX/frequency-pretraining/models/exp021b-m6-simple_multi_class-2024-09-11_16-55-09-final.pth
[2024-09-11 17:21:34,348][INFO][data_loaders:39] - class distribution before data reduction:
# samples per subject
0416d51f-5d69-5326-b74a-a2e31a96a1ef: 822
119f9726-eb4c-5a0e-a7bb-9e15256149a1: 932
1fa6c401-d819-50f5-8146-a0bb9e2b2516: 986
22bea84c-5d23-5e49-bc2d-9764f883955b: 1048
25a6b2b0-4d09-561b-82c6-f09bb271d3be: 1063
6a7503ac-ab3a-5d5b-b474-4b0fe37748dd: 1213
a30245e3-4a71-565f-9636-92e7d2e825fc: 1122
b3534fa3-7676-50dc-8412-07f0eff4f7a9: 757

# samples per stage
0: 1372
1: 412
2: 3945
3: 905
4: 1309
[2024-09-11 17:21:34,375][INFO][data_loaders:43] - class distribution after data reduction:
# samples per subject
0416d51f-5d69-5326-b74a-a2e31a96a1ef: 822
119f9726-eb4c-5a0e-a7bb-9e15256149a1: 932
1fa6c401-d819-50f5-8146-a0bb9e2b2516: 986
22bea84c-5d23-5e49-bc2d-9764f883955b: 1048
25a6b2b0-4d09-561b-82c6-f09bb271d3be: 1063
6a7503ac-ab3a-5d5b-b474-4b0fe37748dd: 1213
a30245e3-4a71-565f-9636-92e7d2e825fc: 1122
b3534fa3-7676-50dc-8412-07f0eff4f7a9: 757

# samples per stage
0: 1372
1: 412
2: 3945
3: 905
4: 1309
[2024-09-11 17:21:34,391][INFO][clas_trainer:49] - metrics before training (epoch 0):
[2024-09-11 17:21:57,924][INFO][clas_evaluator:99] - dataset: earlystopping, avg f1-score: 0.2592
[2024-09-11 17:22:13,503][INFO][clas_trainer:133] - train epoch: 1 [5280/53091 (10%)], lr: ['1.00e-04', '1.00e-04'], loss: 0.833515
[2024-09-11 17:22:28,908][INFO][clas_trainer:133] - train epoch: 1 [10592/53091 (20%)], lr: ['1.00e-04', '1.00e-04'], loss: 0.413693
[2024-09-11 17:22:43,870][INFO][clas_trainer:133] - train epoch: 1 [15904/53091 (30%)], lr: ['1.00e-04', '1.00e-04'], loss: 0.127317
[2024-09-11 17:22:58,930][INFO][clas_trainer:133] - train epoch: 1 [21216/53091 (40%)], lr: ['1.00e-04', '1.00e-04'], loss: 0.484180
[2024-09-11 17:23:14,548][INFO][clas_trainer:133] - train epoch: 1 [26528/53091 (50%)], lr: ['1.00e-04', '1.00e-04'], loss: 0.558059
[2024-09-11 17:23:30,131][INFO][clas_trainer:133] - train epoch: 1 [31840/53091 (60%)], lr: ['1.00e-04', '1.00e-04'], loss: 0.344540
[2024-09-11 17:23:46,439][INFO][clas_trainer:133] - train epoch: 1 [37152/53091 (70%)], lr: ['1.00e-04', '1.00e-04'], loss: 0.284359
[2024-09-11 17:24:01,955][INFO][clas_trainer:133] - train epoch: 1 [42464/53091 (80%)], lr: ['1.00e-04', '1.00e-04'], loss: 0.104229
[2024-09-11 17:24:17,149][INFO][clas_trainer:133] - train epoch: 1 [47776/53091 (90%)], lr: ['1.00e-04', '1.00e-04'], loss: 0.330999
[2024-09-11 17:24:32,650][INFO][clas_trainer:133] - train epoch: 1 [4977/53091 (100%)], lr: ['1.00e-04', '1.00e-04'], loss: 0.339031
[2024-09-11 17:24:56,994][INFO][clas_trainer:63] - [epoch   1] execution time: 179.07s	metrics:
[2024-09-11 17:24:56,995][INFO][clas_evaluator:99] - dataset: earlystopping, avg f1-score: 0.5423
[2024-09-11 17:24:57,010][INFO][base_model:51] - snapshot saved to XXX/frequency-pretraining/models/exp021b-m6-base_fe_clas-2024-09-11_16-55-09-final.pth
[2024-09-11 17:25:13,336][INFO][clas_trainer:133] - train epoch: 2 [5280/53091 (10%)], lr: ['1.00e-04', '1.00e-04'], loss: 0.203363
[2024-09-11 17:25:27,930][INFO][clas_trainer:133] - train epoch: 2 [10592/53091 (20%)], lr: ['1.00e-04', '1.00e-04'], loss: 0.229736
[2024-09-11 17:25:42,176][INFO][clas_trainer:133] - train epoch: 2 [15904/53091 (30%)], lr: ['1.00e-04', '1.00e-04'], loss: 0.080988
[2024-09-11 17:25:57,013][INFO][clas_trainer:133] - train epoch: 2 [21216/53091 (40%)], lr: ['1.00e-04', '1.00e-04'], loss: 0.090545
[2024-09-11 17:26:11,068][INFO][clas_trainer:133] - train epoch: 2 [26528/53091 (50%)], lr: ['1.00e-04', '1.00e-04'], loss: 0.050114
[2024-09-11 17:26:25,973][INFO][clas_trainer:133] - train epoch: 2 [31840/53091 (60%)], lr: ['1.00e-04', '1.00e-04'], loss: 0.192119
[2024-09-11 17:26:41,094][INFO][clas_trainer:133] - train epoch: 2 [37152/53091 (70%)], lr: ['1.00e-04', '1.00e-04'], loss: 0.047959
[2024-09-11 17:26:56,439][INFO][clas_trainer:133] - train epoch: 2 [42464/53091 (80%)], lr: ['1.00e-04', '1.00e-04'], loss: 0.171762
[2024-09-11 17:27:11,740][INFO][clas_trainer:133] - train epoch: 2 [47776/53091 (90%)], lr: ['1.00e-04', '1.00e-04'], loss: 0.027623
[2024-09-11 17:27:26,625][INFO][clas_trainer:133] - train epoch: 2 [4977/53091 (100%)], lr: ['1.00e-04', '1.00e-04'], loss: 0.009138
[2024-09-11 17:27:51,729][INFO][clas_trainer:63] - [epoch   2] execution time: 174.72s	metrics:
[2024-09-11 17:27:51,729][INFO][clas_evaluator:99] - dataset: earlystopping, avg f1-score: 0.5762
[2024-09-11 17:27:51,750][INFO][base_model:51] - snapshot saved to XXX/frequency-pretraining/models/exp021b-m6-base_fe_clas-2024-09-11_16-55-09-final.pth
[2024-09-11 17:28:07,677][INFO][clas_trainer:133] - train epoch: 3 [5280/53091 (10%)], lr: ['1.00e-04', '1.00e-04'], loss: 0.019378
[2024-09-11 17:28:22,538][INFO][clas_trainer:133] - train epoch: 3 [10592/53091 (20%)], lr: ['1.00e-04', '1.00e-04'], loss: 0.052975
[2024-09-11 17:28:37,915][INFO][clas_trainer:133] - train epoch: 3 [15904/53091 (30%)], lr: ['1.00e-04', '1.00e-04'], loss: 0.057630
[2024-09-11 17:28:52,765][INFO][clas_trainer:133] - train epoch: 3 [21216/53091 (40%)], lr: ['1.00e-04', '1.00e-04'], loss: 0.100628
[2024-09-11 17:29:07,777][INFO][clas_trainer:133] - train epoch: 3 [26528/53091 (50%)], lr: ['1.00e-04', '1.00e-04'], loss: 0.076795
[2024-09-11 17:29:21,756][INFO][clas_trainer:133] - train epoch: 3 [31840/53091 (60%)], lr: ['1.00e-04', '1.00e-04'], loss: 0.002820
[2024-09-11 17:29:35,288][INFO][clas_trainer:133] - train epoch: 3 [37152/53091 (70%)], lr: ['1.00e-04', '1.00e-04'], loss: 0.027896
[2024-09-11 17:29:50,053][INFO][clas_trainer:133] - train epoch: 3 [42464/53091 (80%)], lr: ['1.00e-04', '1.00e-04'], loss: 0.010207
[2024-09-11 17:30:05,788][INFO][clas_trainer:133] - train epoch: 3 [47776/53091 (90%)], lr: ['1.00e-04', '1.00e-04'], loss: 0.025940
[2024-09-11 17:30:20,653][INFO][clas_trainer:133] - train epoch: 3 [4977/53091 (100%)], lr: ['1.00e-04', '1.00e-04'], loss: 4.490393
[2024-09-11 17:30:46,195][INFO][clas_trainer:63] - [epoch   3] execution time: 174.44s	metrics:
[2024-09-11 17:30:46,196][INFO][clas_evaluator:99] - dataset: earlystopping, avg f1-score: 0.5316
[2024-09-11 17:31:01,599][INFO][clas_trainer:133] - train epoch: 4 [5280/53091 (10%)], lr: ['1.00e-04', '1.00e-04'], loss: 0.018605
[2024-09-11 17:31:17,646][INFO][clas_trainer:133] - train epoch: 4 [10592/53091 (20%)], lr: ['1.00e-04', '1.00e-04'], loss: 0.005474
[2024-09-11 17:31:32,928][INFO][clas_trainer:133] - train epoch: 4 [15904/53091 (30%)], lr: ['1.00e-04', '1.00e-04'], loss: 0.030441
[2024-09-11 17:31:49,773][INFO][clas_trainer:133] - train epoch: 4 [21216/53091 (40%)], lr: ['1.00e-04', '1.00e-04'], loss: 0.045099
[2024-09-11 17:32:04,957][INFO][clas_trainer:133] - train epoch: 4 [26528/53091 (50%)], lr: ['1.00e-04', '1.00e-04'], loss: 0.014515
[2024-09-11 17:32:20,754][INFO][clas_trainer:133] - train epoch: 4 [31840/53091 (60%)], lr: ['1.00e-04', '1.00e-04'], loss: 0.009688
[2024-09-11 17:32:33,884][INFO][clas_trainer:133] - train epoch: 4 [37152/53091 (70%)], lr: ['1.00e-04', '1.00e-04'], loss: 0.087406
[2024-09-11 17:32:47,412][INFO][clas_trainer:133] - train epoch: 4 [42464/53091 (80%)], lr: ['1.00e-04', '1.00e-04'], loss: 0.003974
[2024-09-11 17:33:02,199][INFO][clas_trainer:133] - train epoch: 4 [47776/53091 (90%)], lr: ['1.00e-04', '1.00e-04'], loss: 0.144664
[2024-09-11 17:33:16,328][INFO][clas_trainer:133] - train epoch: 4 [4977/53091 (100%)], lr: ['1.00e-04', '1.00e-04'], loss: 0.000112
[2024-09-11 17:33:42,615][INFO][clas_trainer:63] - [epoch   4] execution time: 176.42s	metrics:
[2024-09-11 17:33:42,616][INFO][clas_evaluator:99] - dataset: earlystopping, avg f1-score: 0.5408
[2024-09-11 17:33:59,890][INFO][clas_trainer:133] - train epoch: 5 [5280/53091 (10%)], lr: ['1.00e-04', '1.00e-04'], loss: 0.001601
[2024-09-11 17:34:14,285][INFO][clas_trainer:133] - train epoch: 5 [10592/53091 (20%)], lr: ['1.00e-04', '1.00e-04'], loss: 0.013902
[2024-09-11 17:34:28,179][INFO][clas_trainer:133] - train epoch: 5 [15904/53091 (30%)], lr: ['1.00e-04', '1.00e-04'], loss: 0.036050
[2024-09-11 17:34:42,896][INFO][clas_trainer:133] - train epoch: 5 [21216/53091 (40%)], lr: ['1.00e-04', '1.00e-04'], loss: 0.004552
[2024-09-11 17:34:57,501][INFO][clas_trainer:133] - train epoch: 5 [26528/53091 (50%)], lr: ['1.00e-04', '1.00e-04'], loss: 0.010771
[2024-09-11 17:35:12,799][INFO][clas_trainer:133] - train epoch: 5 [31840/53091 (60%)], lr: ['1.00e-04', '1.00e-04'], loss: 0.009168
[2024-09-11 17:35:26,552][INFO][clas_trainer:133] - train epoch: 5 [37152/53091 (70%)], lr: ['1.00e-04', '1.00e-04'], loss: 0.102661
[2024-09-11 17:35:40,360][INFO][clas_trainer:133] - train epoch: 5 [42464/53091 (80%)], lr: ['1.00e-04', '1.00e-04'], loss: 0.005483
[2024-09-11 17:35:54,231][INFO][clas_trainer:133] - train epoch: 5 [47776/53091 (90%)], lr: ['1.00e-04', '1.00e-04'], loss: 0.007259
[2024-09-11 17:36:08,705][INFO][clas_trainer:133] - train epoch: 5 [4977/53091 (100%)], lr: ['1.00e-04', '1.00e-04'], loss: 0.000490
[2024-09-11 17:36:34,584][INFO][clas_trainer:63] - [epoch   5] execution time: 171.97s	metrics:
[2024-09-11 17:36:34,585][INFO][clas_evaluator:99] - dataset: earlystopping, avg f1-score: 0.5699
[2024-09-11 17:36:52,013][INFO][clas_trainer:133] - train epoch: 6 [5280/53091 (10%)], lr: ['1.00e-04', '1.00e-04'], loss: 0.010396
[2024-09-11 17:37:08,094][INFO][clas_trainer:133] - train epoch: 6 [10592/53091 (20%)], lr: ['1.00e-04', '1.00e-04'], loss: 0.018041
[2024-09-11 17:37:24,527][INFO][clas_trainer:133] - train epoch: 6 [15904/53091 (30%)], lr: ['1.00e-04', '1.00e-04'], loss: 0.141851
[2024-09-11 17:37:40,855][INFO][clas_trainer:133] - train epoch: 6 [21216/53091 (40%)], lr: ['1.00e-04', '1.00e-04'], loss: 0.053411
[2024-09-11 17:37:57,140][INFO][clas_trainer:133] - train epoch: 6 [26528/53091 (50%)], lr: ['1.00e-04', '1.00e-04'], loss: 0.002416
[2024-09-11 17:38:13,262][INFO][clas_trainer:133] - train epoch: 6 [31840/53091 (60%)], lr: ['1.00e-04', '1.00e-04'], loss: 0.008874
[2024-09-11 17:38:30,536][INFO][clas_trainer:133] - train epoch: 6 [37152/53091 (70%)], lr: ['1.00e-04', '1.00e-04'], loss: 0.145509
[2024-09-11 17:38:47,419][INFO][clas_trainer:133] - train epoch: 6 [42464/53091 (80%)], lr: ['1.00e-04', '1.00e-04'], loss: 0.003572
[2024-09-11 17:39:03,820][INFO][clas_trainer:133] - train epoch: 6 [47776/53091 (90%)], lr: ['1.00e-04', '1.00e-04'], loss: 0.027519
[2024-09-11 17:39:20,851][INFO][clas_trainer:133] - train epoch: 6 [4977/53091 (100%)], lr: ['1.00e-04', '1.00e-04'], loss: 0.001857
[2024-09-11 17:39:47,410][INFO][clas_trainer:63] - [epoch   6] execution time: 192.82s	metrics:
[2024-09-11 17:39:47,410][INFO][clas_evaluator:99] - dataset: earlystopping, avg f1-score: 0.5877
[2024-09-11 17:39:47,435][INFO][base_model:51] - snapshot saved to XXX/frequency-pretraining/models/exp021b-m6-base_fe_clas-2024-09-11_16-55-09-final.pth
[2024-09-11 17:40:04,507][INFO][clas_trainer:133] - train epoch: 7 [5280/53091 (10%)], lr: ['1.00e-04', '1.00e-04'], loss: 0.043610
[2024-09-11 17:40:21,641][INFO][clas_trainer:133] - train epoch: 7 [10592/53091 (20%)], lr: ['1.00e-04', '1.00e-04'], loss: 0.017608
[2024-09-11 17:40:38,098][INFO][clas_trainer:133] - train epoch: 7 [15904/53091 (30%)], lr: ['1.00e-04', '1.00e-04'], loss: 0.000537
[2024-09-11 17:40:55,167][INFO][clas_trainer:133] - train epoch: 7 [21216/53091 (40%)], lr: ['1.00e-04', '1.00e-04'], loss: 0.020140
[2024-09-11 17:41:12,667][INFO][clas_trainer:133] - train epoch: 7 [26528/53091 (50%)], lr: ['1.00e-04', '1.00e-04'], loss: 0.018828
[2024-09-11 17:41:29,964][INFO][clas_trainer:133] - train epoch: 7 [31840/53091 (60%)], lr: ['1.00e-04', '1.00e-04'], loss: 0.001816
[2024-09-11 17:41:46,092][INFO][clas_trainer:133] - train epoch: 7 [37152/53091 (70%)], lr: ['1.00e-04', '1.00e-04'], loss: 0.006148
[2024-09-11 17:42:02,300][INFO][clas_trainer:133] - train epoch: 7 [42464/53091 (80%)], lr: ['1.00e-04', '1.00e-04'], loss: 0.002340
[2024-09-11 17:42:18,658][INFO][clas_trainer:133] - train epoch: 7 [47776/53091 (90%)], lr: ['1.00e-04', '1.00e-04'], loss: 0.003699
[2024-09-11 17:42:35,106][INFO][clas_trainer:133] - train epoch: 7 [4977/53091 (100%)], lr: ['1.00e-04', '1.00e-04'], loss: 0.000033
[2024-09-11 17:43:00,668][INFO][clas_trainer:63] - [epoch   7] execution time: 193.23s	metrics:
[2024-09-11 17:43:00,669][INFO][clas_evaluator:99] - dataset: earlystopping, avg f1-score: 0.5393
[2024-09-11 17:43:16,777][INFO][clas_trainer:133] - train epoch: 8 [5280/53091 (10%)], lr: ['1.00e-04', '1.00e-04'], loss: 0.014358
[2024-09-11 17:43:31,853][INFO][clas_trainer:133] - train epoch: 8 [10592/53091 (20%)], lr: ['1.00e-04', '1.00e-04'], loss: 0.039873
[2024-09-11 17:43:47,604][INFO][clas_trainer:133] - train epoch: 8 [15904/53091 (30%)], lr: ['1.00e-04', '1.00e-04'], loss: 0.000248
[2024-09-11 17:44:02,120][INFO][clas_trainer:133] - train epoch: 8 [21216/53091 (40%)], lr: ['1.00e-04', '1.00e-04'], loss: 0.001319
[2024-09-11 17:44:15,791][INFO][clas_trainer:133] - train epoch: 8 [26528/53091 (50%)], lr: ['1.00e-04', '1.00e-04'], loss: 0.000198
[2024-09-11 17:44:30,866][INFO][clas_trainer:133] - train epoch: 8 [31840/53091 (60%)], lr: ['1.00e-04', '1.00e-04'], loss: 0.001406
[2024-09-11 17:44:45,024][INFO][clas_trainer:133] - train epoch: 8 [37152/53091 (70%)], lr: ['1.00e-04', '1.00e-04'], loss: 0.000507
[2024-09-11 17:44:59,176][INFO][clas_trainer:133] - train epoch: 8 [42464/53091 (80%)], lr: ['1.00e-04', '1.00e-04'], loss: 0.008521
[2024-09-11 17:45:14,423][INFO][clas_trainer:133] - train epoch: 8 [47776/53091 (90%)], lr: ['1.00e-04', '1.00e-04'], loss: 0.013192
[2024-09-11 17:45:29,836][INFO][clas_trainer:133] - train epoch: 8 [4977/53091 (100%)], lr: ['1.00e-04', '1.00e-04'], loss: 0.001921
[2024-09-11 17:45:54,676][INFO][clas_trainer:63] - [epoch   8] execution time: 174.01s	metrics:
[2024-09-11 17:45:54,677][INFO][clas_evaluator:99] - dataset: earlystopping, avg f1-score: 0.5528
[2024-09-11 17:46:10,654][INFO][clas_trainer:133] - train epoch: 9 [5280/53091 (10%)], lr: ['1.00e-04', '1.00e-04'], loss: 0.000273
[2024-09-11 17:46:27,565][INFO][clas_trainer:133] - train epoch: 9 [10592/53091 (20%)], lr: ['1.00e-04', '1.00e-04'], loss: 0.000937
[2024-09-11 17:46:44,081][INFO][clas_trainer:133] - train epoch: 9 [15904/53091 (30%)], lr: ['1.00e-04', '1.00e-04'], loss: 0.000082
[2024-09-11 17:47:01,109][INFO][clas_trainer:133] - train epoch: 9 [21216/53091 (40%)], lr: ['1.00e-04', '1.00e-04'], loss: 0.000230
[2024-09-11 17:47:15,482][INFO][clas_trainer:133] - train epoch: 9 [26528/53091 (50%)], lr: ['1.00e-04', '1.00e-04'], loss: 0.000532
[2024-09-11 17:47:31,199][INFO][clas_trainer:133] - train epoch: 9 [31840/53091 (60%)], lr: ['1.00e-04', '1.00e-04'], loss: 0.001601
[2024-09-11 17:47:45,907][INFO][clas_trainer:133] - train epoch: 9 [37152/53091 (70%)], lr: ['1.00e-04', '1.00e-04'], loss: 0.002485
[2024-09-11 17:48:00,666][INFO][clas_trainer:133] - train epoch: 9 [42464/53091 (80%)], lr: ['1.00e-04', '1.00e-04'], loss: 0.000516
[2024-09-11 17:48:15,147][INFO][clas_trainer:133] - train epoch: 9 [47776/53091 (90%)], lr: ['1.00e-04', '1.00e-04'], loss: 0.006028
[2024-09-11 17:48:29,821][INFO][clas_trainer:133] - train epoch: 9 [4977/53091 (100%)], lr: ['1.00e-04', '1.00e-04'], loss: 0.102463
[2024-09-11 17:48:53,397][INFO][clas_trainer:63] - [epoch   9] execution time: 178.72s	metrics:
[2024-09-11 17:48:53,398][INFO][clas_evaluator:99] - dataset: earlystopping, avg f1-score: 0.5357
[2024-09-11 17:49:10,467][INFO][clas_trainer:133] - train epoch: 10 [5280/53091 (10%)], lr: ['1.00e-04', '1.00e-04'], loss: 0.061765
[2024-09-11 17:49:26,145][INFO][clas_trainer:133] - train epoch: 10 [10592/53091 (20%)], lr: ['1.00e-04', '1.00e-04'], loss: 0.002394
[2024-09-11 17:49:41,107][INFO][clas_trainer:133] - train epoch: 10 [15904/53091 (30%)], lr: ['1.00e-04', '1.00e-04'], loss: 0.000149
[2024-09-11 17:49:55,532][INFO][clas_trainer:133] - train epoch: 10 [21216/53091 (40%)], lr: ['1.00e-04', '1.00e-04'], loss: 0.001371
[2024-09-11 17:50:09,271][INFO][clas_trainer:133] - train epoch: 10 [26528/53091 (50%)], lr: ['1.00e-04', '1.00e-04'], loss: 0.000235
[2024-09-11 17:50:23,782][INFO][clas_trainer:133] - train epoch: 10 [31840/53091 (60%)], lr: ['1.00e-04', '1.00e-04'], loss: 0.105498
[2024-09-11 17:50:38,370][INFO][clas_trainer:133] - train epoch: 10 [37152/53091 (70%)], lr: ['1.00e-04', '1.00e-04'], loss: 0.001173
[2024-09-11 17:50:53,776][INFO][clas_trainer:133] - train epoch: 10 [42464/53091 (80%)], lr: ['1.00e-04', '1.00e-04'], loss: 0.000898
[2024-09-11 17:51:09,413][INFO][clas_trainer:133] - train epoch: 10 [47776/53091 (90%)], lr: ['1.00e-04', '1.00e-04'], loss: 0.000513
[2024-09-11 17:51:23,112][INFO][clas_trainer:133] - train epoch: 10 [4977/53091 (100%)], lr: ['1.00e-04', '1.00e-04'], loss: 0.000026
[2024-09-11 17:51:49,659][INFO][clas_trainer:63] - [epoch  10] execution time: 176.26s	metrics:
[2024-09-11 17:51:49,659][INFO][clas_evaluator:99] - dataset: earlystopping, avg f1-score: 0.5465
[2024-09-11 17:52:05,577][INFO][clas_trainer:133] - train epoch: 11 [5280/53091 (10%)], lr: ['1.00e-04', '1.00e-04'], loss: 0.017555
[2024-09-11 17:52:23,307][INFO][clas_trainer:133] - train epoch: 11 [10592/53091 (20%)], lr: ['1.00e-04', '1.00e-04'], loss: 0.000678
[2024-09-11 17:52:40,351][INFO][clas_trainer:133] - train epoch: 11 [15904/53091 (30%)], lr: ['1.00e-04', '1.00e-04'], loss: 0.004074
[2024-09-11 17:52:58,325][INFO][clas_trainer:133] - train epoch: 11 [21216/53091 (40%)], lr: ['1.00e-04', '1.00e-04'], loss: 0.002483
[2024-09-11 17:53:14,004][INFO][clas_trainer:133] - train epoch: 11 [26528/53091 (50%)], lr: ['1.00e-04', '1.00e-04'], loss: 0.000221
[2024-09-11 17:53:30,494][INFO][clas_trainer:133] - train epoch: 11 [31840/53091 (60%)], lr: ['1.00e-04', '1.00e-04'], loss: 0.000208
[2024-09-11 17:53:46,668][INFO][clas_trainer:133] - train epoch: 11 [37152/53091 (70%)], lr: ['1.00e-04', '1.00e-04'], loss: 0.000563
[2024-09-11 17:54:04,075][INFO][clas_trainer:133] - train epoch: 11 [42464/53091 (80%)], lr: ['1.00e-04', '1.00e-04'], loss: 0.001494
[2024-09-11 17:54:19,358][INFO][clas_trainer:133] - train epoch: 11 [47776/53091 (90%)], lr: ['1.00e-04', '1.00e-04'], loss: 0.000251
[2024-09-11 17:54:35,863][INFO][clas_trainer:133] - train epoch: 11 [4977/53091 (100%)], lr: ['1.00e-04', '1.00e-04'], loss: 0.000012
[2024-09-11 17:54:58,302][INFO][clas_trainer:63] - [epoch  11] execution time: 188.64s	metrics:
[2024-09-11 17:54:58,302][INFO][clas_evaluator:99] - dataset: earlystopping, avg f1-score: 0.4840
[2024-09-11 17:55:13,803][INFO][clas_trainer:133] - train epoch: 12 [5280/53091 (10%)], lr: ['1.00e-04', '1.00e-04'], loss: 0.001407
[2024-09-11 17:55:27,921][INFO][clas_trainer:133] - train epoch: 12 [10592/53091 (20%)], lr: ['1.00e-04', '1.00e-04'], loss: 0.001776
[2024-09-11 17:55:41,619][INFO][clas_trainer:133] - train epoch: 12 [15904/53091 (30%)], lr: ['1.00e-04', '1.00e-04'], loss: 0.008061
[2024-09-11 17:55:55,624][INFO][clas_trainer:133] - train epoch: 12 [21216/53091 (40%)], lr: ['1.00e-04', '1.00e-04'], loss: 0.001223
[2024-09-11 17:56:10,596][INFO][clas_trainer:133] - train epoch: 12 [26528/53091 (50%)], lr: ['1.00e-04', '1.00e-04'], loss: 0.000567
[2024-09-11 17:56:26,248][INFO][clas_trainer:133] - train epoch: 12 [31840/53091 (60%)], lr: ['1.00e-04', '1.00e-04'], loss: 0.000882
[2024-09-11 17:56:41,014][INFO][clas_trainer:133] - train epoch: 12 [37152/53091 (70%)], lr: ['1.00e-04', '1.00e-04'], loss: 0.000225
[2024-09-11 17:56:56,304][INFO][clas_trainer:133] - train epoch: 12 [42464/53091 (80%)], lr: ['1.00e-04', '1.00e-04'], loss: 0.021165
[2024-09-11 17:57:11,025][INFO][clas_trainer:133] - train epoch: 12 [47776/53091 (90%)], lr: ['1.00e-04', '1.00e-04'], loss: 0.010116
[2024-09-11 17:57:26,206][INFO][clas_trainer:133] - train epoch: 12 [4977/53091 (100%)], lr: ['1.00e-04', '1.00e-04'], loss: 0.000959
[2024-09-11 17:57:49,575][INFO][clas_trainer:63] - [epoch  12] execution time: 171.27s	metrics:
[2024-09-11 17:57:49,576][INFO][clas_evaluator:99] - dataset: earlystopping, avg f1-score: 0.4802
[2024-09-11 17:58:05,872][INFO][clas_trainer:133] - train epoch: 13 [5280/53091 (10%)], lr: ['1.00e-04', '1.00e-04'], loss: 0.092828
[2024-09-11 17:58:23,383][INFO][clas_trainer:133] - train epoch: 13 [10592/53091 (20%)], lr: ['1.00e-04', '1.00e-04'], loss: 0.009387
[2024-09-11 17:58:40,306][INFO][clas_trainer:133] - train epoch: 13 [15904/53091 (30%)], lr: ['1.00e-04', '1.00e-04'], loss: 0.000223
[2024-09-11 17:58:56,787][INFO][clas_trainer:133] - train epoch: 13 [21216/53091 (40%)], lr: ['1.00e-04', '1.00e-04'], loss: 0.005215
[2024-09-11 17:59:12,972][INFO][clas_trainer:133] - train epoch: 13 [26528/53091 (50%)], lr: ['1.00e-04', '1.00e-04'], loss: 0.000737
[2024-09-11 17:59:29,666][INFO][clas_trainer:133] - train epoch: 13 [31840/53091 (60%)], lr: ['1.00e-04', '1.00e-04'], loss: 0.000306
[2024-09-11 17:59:45,961][INFO][clas_trainer:133] - train epoch: 13 [37152/53091 (70%)], lr: ['1.00e-04', '1.00e-04'], loss: 0.001129
[2024-09-11 18:00:02,541][INFO][clas_trainer:133] - train epoch: 13 [42464/53091 (80%)], lr: ['1.00e-04', '1.00e-04'], loss: 0.003315
[2024-09-11 18:00:19,194][INFO][clas_trainer:133] - train epoch: 13 [47776/53091 (90%)], lr: ['1.00e-04', '1.00e-04'], loss: 0.014697
[2024-09-11 18:00:35,622][INFO][clas_trainer:133] - train epoch: 13 [4977/53091 (100%)], lr: ['1.00e-04', '1.00e-04'], loss: 0.008851
[2024-09-11 18:00:59,569][INFO][clas_trainer:63] - [epoch  13] execution time: 189.99s	metrics:
[2024-09-11 18:00:59,569][INFO][clas_evaluator:99] - dataset: earlystopping, avg f1-score: 0.4535
[2024-09-11 18:01:13,579][INFO][clas_trainer:133] - train epoch: 14 [5280/53091 (10%)], lr: ['1.00e-04', '1.00e-04'], loss: 0.006679
[2024-09-11 18:01:27,238][INFO][clas_trainer:133] - train epoch: 14 [10592/53091 (20%)], lr: ['1.00e-04', '1.00e-04'], loss: 0.000135
[2024-09-11 18:01:40,430][INFO][clas_trainer:133] - train epoch: 14 [15904/53091 (30%)], lr: ['1.00e-04', '1.00e-04'], loss: 0.006802
[2024-09-11 18:01:53,140][INFO][clas_trainer:133] - train epoch: 14 [21216/53091 (40%)], lr: ['1.00e-04', '1.00e-04'], loss: 0.001317
[2024-09-11 18:02:06,067][INFO][clas_trainer:133] - train epoch: 14 [26528/53091 (50%)], lr: ['1.00e-04', '1.00e-04'], loss: 0.000855
[2024-09-11 18:02:20,805][INFO][clas_trainer:133] - train epoch: 14 [31840/53091 (60%)], lr: ['1.00e-04', '1.00e-04'], loss: 0.002004
[2024-09-11 18:02:36,053][INFO][clas_trainer:133] - train epoch: 14 [37152/53091 (70%)], lr: ['1.00e-04', '1.00e-04'], loss: 0.001748
[2024-09-11 18:02:50,665][INFO][clas_trainer:133] - train epoch: 14 [42464/53091 (80%)], lr: ['1.00e-04', '1.00e-04'], loss: 0.004085
[2024-09-11 18:03:05,938][INFO][clas_trainer:133] - train epoch: 14 [47776/53091 (90%)], lr: ['1.00e-04', '1.00e-04'], loss: 0.000808
[2024-09-11 18:03:22,486][INFO][clas_trainer:133] - train epoch: 14 [4977/53091 (100%)], lr: ['1.00e-04', '1.00e-04'], loss: 0.005061
[2024-09-11 18:03:46,881][INFO][clas_trainer:63] - [epoch  14] execution time: 167.31s	metrics:
[2024-09-11 18:03:46,882][INFO][clas_evaluator:99] - dataset: earlystopping, avg f1-score: 0.4820
[2024-09-11 18:04:01,575][INFO][clas_trainer:133] - train epoch: 15 [5280/53091 (10%)], lr: ['1.00e-04', '1.00e-04'], loss: 0.001055
[2024-09-11 18:04:17,958][INFO][clas_trainer:133] - train epoch: 15 [10592/53091 (20%)], lr: ['1.00e-04', '1.00e-04'], loss: 0.001526
[2024-09-11 18:04:34,658][INFO][clas_trainer:133] - train epoch: 15 [15904/53091 (30%)], lr: ['1.00e-04', '1.00e-04'], loss: 0.169216
[2024-09-11 18:04:51,066][INFO][clas_trainer:133] - train epoch: 15 [21216/53091 (40%)], lr: ['1.00e-04', '1.00e-04'], loss: 0.000717
[2024-09-11 18:05:07,587][INFO][clas_trainer:133] - train epoch: 15 [26528/53091 (50%)], lr: ['1.00e-04', '1.00e-04'], loss: 0.004763
[2024-09-11 18:05:23,710][INFO][clas_trainer:133] - train epoch: 15 [31840/53091 (60%)], lr: ['1.00e-04', '1.00e-04'], loss: 0.007381
[2024-09-11 18:05:39,693][INFO][clas_trainer:133] - train epoch: 15 [37152/53091 (70%)], lr: ['1.00e-04', '1.00e-04'], loss: 0.001936
[2024-09-11 18:05:54,510][INFO][clas_trainer:133] - train epoch: 15 [42464/53091 (80%)], lr: ['1.00e-04', '1.00e-04'], loss: 0.003777
[2024-09-11 18:06:11,407][INFO][clas_trainer:133] - train epoch: 15 [47776/53091 (90%)], lr: ['1.00e-04', '1.00e-04'], loss: 0.004378
[2024-09-11 18:06:27,374][INFO][clas_trainer:133] - train epoch: 15 [4977/53091 (100%)], lr: ['1.00e-04', '1.00e-04'], loss: 0.000403
[2024-09-11 18:06:51,414][INFO][clas_trainer:63] - [epoch  15] execution time: 184.53s	metrics:
[2024-09-11 18:06:51,414][INFO][clas_evaluator:99] - dataset: earlystopping, avg f1-score: 0.4580
[2024-09-11 18:07:06,875][INFO][clas_trainer:133] - train epoch: 16 [5280/53091 (10%)], lr: ['1.00e-04', '1.00e-04'], loss: 0.004880
[2024-09-11 18:07:21,182][INFO][clas_trainer:133] - train epoch: 16 [10592/53091 (20%)], lr: ['1.00e-04', '1.00e-04'], loss: 0.000244
[2024-09-11 18:07:37,013][INFO][clas_trainer:133] - train epoch: 16 [15904/53091 (30%)], lr: ['1.00e-04', '1.00e-04'], loss: 0.008342
[2024-09-11 18:07:50,778][INFO][clas_trainer:133] - train epoch: 16 [21216/53091 (40%)], lr: ['1.00e-04', '1.00e-04'], loss: 0.000093
[2024-09-11 18:08:06,024][INFO][clas_trainer:133] - train epoch: 16 [26528/53091 (50%)], lr: ['1.00e-04', '1.00e-04'], loss: 0.010130
[2024-09-11 18:08:20,417][INFO][clas_trainer:133] - train epoch: 16 [31840/53091 (60%)], lr: ['1.00e-04', '1.00e-04'], loss: 0.000603
[2024-09-11 18:08:35,395][INFO][clas_trainer:133] - train epoch: 16 [37152/53091 (70%)], lr: ['1.00e-04', '1.00e-04'], loss: 0.002243
[2024-09-11 18:08:50,473][INFO][clas_trainer:133] - train epoch: 16 [42464/53091 (80%)], lr: ['1.00e-04', '1.00e-04'], loss: 0.000768
[2024-09-11 18:09:06,460][INFO][clas_trainer:133] - train epoch: 16 [47776/53091 (90%)], lr: ['1.00e-04', '1.00e-04'], loss: 0.000275
[2024-09-11 18:09:19,966][INFO][clas_trainer:133] - train epoch: 16 [4977/53091 (100%)], lr: ['1.00e-04', '1.00e-04'], loss: 0.013506
[2024-09-11 18:09:45,956][INFO][clas_trainer:63] - [epoch  16] execution time: 174.54s	metrics:
[2024-09-11 18:09:45,956][INFO][clas_evaluator:99] - dataset: earlystopping, avg f1-score: 0.4664
[2024-09-11 18:09:45,964][INFO][clas_trainer:79] - finished training
[2024-09-11 18:09:45,964][INFO][clas_trainer:80] - best model on epoch: 6 	f1-score: 0.5877
