[2023-10-13 17:18:24,795][INFO][fine-tune:29] - overrides:
hydra:
- hydra.mode=MULTIRUN
task:
- m_seed_path_sids={seeds:[3,3,3,3,3],path:"exp001b-m3-simple_multi_class-2023-10-12_18-34-48-final.pth",subject_ids:{dod_o_h:$\{data.dod_o_h.cv_5_fold.fold_4\}}}
- data.downstream.train_dataloader.dataset.data_reducer.n_subjects=56

[2023-10-13 17:18:27,131][INFO][data_loaders:39] - class distribution before data reduction:
# samples per subject
095d6e40-5f19-55b6-a0ec-6e0ad3793da0: 1192
0d79f4b1-e74f-5e87-8e42-f9dd7112ada5: 968
100df108-eb57-5eaa-a413-f7e4436a7895: 952
130f3f52-7d0a-551e-af61-2ee75455e5c9: 989
16450f5a-9b65-5536-85e1-93816c8b89eb: 816
18482adf-1144-54ca-9e35-27f65c43a105: 824
1da3544e-dc5c-5795-adc3-f5068959211f: 955
2159377e-ebf3-5565-9014-1e2ae69dc1d2: 907
2d01dc34-f36c-562e-b24a-d20dc798fdfc: 837
2e865ca9-e20f-5a6f-bd25-45d28cc9eab9: 950
30e8a05b-4cf1-5aa8-9ef7-28d6e2949ad5: 699
32556393-bb57-560a-99e8-e09885219647: 1106
37d0da97-9ae8-5413-b889-4e843ff35488: 1011
3dd35e7b-d7e2-516d-8a85-e0d58a59569f: 1093
3e842aa8-bcd9-521e-93a2-72124233fe2c: 620
40e25dd4-6087-5747-b9c2-4838ada86b15: 1076
47f45aa2-31c4-595b-bdb6-f1348bba062b: 1032
4b72b905-5521-5c57-b666-e20ff9bb195f: 868
4e3c4ac4-69e2-5347-a3b0-662c204d259d: 926
52fbe46b-206c-584a-9f4f-1eb308e07bac: 1064
5bf0f969-304c-581e-949c-50c108f62846: 947
5ddbc68c-1283-5c27-952b-d7f102291bc2: 1097
64959ac4-53b5-5868-a845-c7476e9fdf7b: 990
67fa8e29-6f4d-530e-9422-bbc3aca86ed0: 1046
6e2aa933-c51c-5a31-8c7b-83da8d076a12: 905
730aba3b-e310-5be0-9eed-7c3123466834: 1120
79e8a04e-0fdd-53ae-bedc-d49d08e29103: 918
7ab8ff5f-a77f-567d-9882-f8bee0c3c9bf: 989
7d778801-88e7-5086-ad1d-70f31a371876: 999
7f5237b1-2196-5c8a-9543-a5aa70210ef4: 931
844f68ba-265e-53e6-bf47-6c85d1804a7b: 957
90aef91a-252f-5ccc-a82e-78ea7ee9ca1f: 1089
a0c91989-530f-5117-80c1-2488dbed683c: 1017
a35a118e-e65e-5928-92a9-4354a6a0f4ce: 813
a65a9e69-cddf-5711-9a97-de8bfdeb08cc: 961
a79d1f0e-c133-5aa0-8268-cdcc05825f0f: 1046
aa160c78-6da3-5e05-8fc9-d6c13e9f97e0: 1010
ad47bc12-199c-5294-9cb8-4351bbbf7b5e: 893
b2d3ccdd-395c-5dd2-81d9-252bcfc0c337: 902
b3706da5-748b-5dd1-a552-f57e4456cdf6: 1041
b5d5785d-87ee-5078-b9b9-aac6abd4d8de: 918
bb474ab0-c2ce-573b-8acd-ef86b0fa26a2: 1142
c03e27b0-4cb5-584f-aaea-8f1e1ed6513c: 1121
c11c730f-0b6b-580b-af31-d8f0ebbbdfce: 917
c31a47f9-e400-5841-a22b-521c81042603: 986
c8110476-594c-533d-95bd-86147fccc987: 995
c985916d-46a5-5c3e-9d50-a5a91f460bac: 1024
cc3b4b63-4a6f-5f28-ac7e-62f83c271449: 1076
cebd3520-4e77-5222-a614-d2888e6afc2b: 1109
d3cadb78-cb8c-5a6e-885c-392e457c68b1: 982
d5181c33-a43b-5dfe-8ad7-0337facb092a: 977
e59c45e0-0c0c-565f-84a9-6cf0ec5ef6c1: 844
e6b7cbef-4c9d-5541-82e8-04810de0fb60: 819
e72505f1-21be-5d66-b620-cfcfa2d754bc: 973
f2a69bdc-ed51-5e3f-b102-6b3f7d392be0: 960
f66bc75e-778b-5037-af86-b5275cd4c79f: 865

# samples per stage
0: 9652
1: 2825
2: 26762
3: 6342
4: 8683
[2023-10-13 17:18:27,267][INFO][data_loaders:43] - class distribution after data reduction:
# samples per subject
095d6e40-5f19-55b6-a0ec-6e0ad3793da0: 1192
0d79f4b1-e74f-5e87-8e42-f9dd7112ada5: 968
100df108-eb57-5eaa-a413-f7e4436a7895: 952
130f3f52-7d0a-551e-af61-2ee75455e5c9: 989
16450f5a-9b65-5536-85e1-93816c8b89eb: 816
18482adf-1144-54ca-9e35-27f65c43a105: 824
1da3544e-dc5c-5795-adc3-f5068959211f: 955
2159377e-ebf3-5565-9014-1e2ae69dc1d2: 907
2d01dc34-f36c-562e-b24a-d20dc798fdfc: 837
2e865ca9-e20f-5a6f-bd25-45d28cc9eab9: 950
30e8a05b-4cf1-5aa8-9ef7-28d6e2949ad5: 699
32556393-bb57-560a-99e8-e09885219647: 1106
37d0da97-9ae8-5413-b889-4e843ff35488: 1011
3dd35e7b-d7e2-516d-8a85-e0d58a59569f: 1093
3e842aa8-bcd9-521e-93a2-72124233fe2c: 620
40e25dd4-6087-5747-b9c2-4838ada86b15: 1076
47f45aa2-31c4-595b-bdb6-f1348bba062b: 1032
4b72b905-5521-5c57-b666-e20ff9bb195f: 868
4e3c4ac4-69e2-5347-a3b0-662c204d259d: 926
52fbe46b-206c-584a-9f4f-1eb308e07bac: 1064
5bf0f969-304c-581e-949c-50c108f62846: 947
5ddbc68c-1283-5c27-952b-d7f102291bc2: 1097
64959ac4-53b5-5868-a845-c7476e9fdf7b: 990
67fa8e29-6f4d-530e-9422-bbc3aca86ed0: 1046
6e2aa933-c51c-5a31-8c7b-83da8d076a12: 905
730aba3b-e310-5be0-9eed-7c3123466834: 1120
79e8a04e-0fdd-53ae-bedc-d49d08e29103: 918
7ab8ff5f-a77f-567d-9882-f8bee0c3c9bf: 989
7d778801-88e7-5086-ad1d-70f31a371876: 999
7f5237b1-2196-5c8a-9543-a5aa70210ef4: 931
844f68ba-265e-53e6-bf47-6c85d1804a7b: 957
90aef91a-252f-5ccc-a82e-78ea7ee9ca1f: 1089
a0c91989-530f-5117-80c1-2488dbed683c: 1017
a35a118e-e65e-5928-92a9-4354a6a0f4ce: 813
a65a9e69-cddf-5711-9a97-de8bfdeb08cc: 961
a79d1f0e-c133-5aa0-8268-cdcc05825f0f: 1046
aa160c78-6da3-5e05-8fc9-d6c13e9f97e0: 1010
ad47bc12-199c-5294-9cb8-4351bbbf7b5e: 893
b2d3ccdd-395c-5dd2-81d9-252bcfc0c337: 902
b3706da5-748b-5dd1-a552-f57e4456cdf6: 1041
b5d5785d-87ee-5078-b9b9-aac6abd4d8de: 918
bb474ab0-c2ce-573b-8acd-ef86b0fa26a2: 1142
c03e27b0-4cb5-584f-aaea-8f1e1ed6513c: 1121
c11c730f-0b6b-580b-af31-d8f0ebbbdfce: 917
c31a47f9-e400-5841-a22b-521c81042603: 986
c8110476-594c-533d-95bd-86147fccc987: 995
c985916d-46a5-5c3e-9d50-a5a91f460bac: 1024
cc3b4b63-4a6f-5f28-ac7e-62f83c271449: 1076
cebd3520-4e77-5222-a614-d2888e6afc2b: 1109
d3cadb78-cb8c-5a6e-885c-392e457c68b1: 982
d5181c33-a43b-5dfe-8ad7-0337facb092a: 977
e59c45e0-0c0c-565f-84a9-6cf0ec5ef6c1: 844
e6b7cbef-4c9d-5541-82e8-04810de0fb60: 819
e72505f1-21be-5d66-b620-cfcfa2d754bc: 973
f2a69bdc-ed51-5e3f-b102-6b3f7d392be0: 960
f66bc75e-778b-5037-af86-b5275cd4c79f: 865

# samples per stage
0: 9652
1: 2825
2: 26762
3: 6342
4: 8683
[2023-10-13 17:18:27,591][INFO][data_loaders:39] - class distribution before data reduction:
# samples per subject
0416d51f-5d69-5326-b74a-a2e31a96a1ef: 822
119f9726-eb4c-5a0e-a7bb-9e15256149a1: 932
1fa6c401-d819-50f5-8146-a0bb9e2b2516: 986
22bea84c-5d23-5e49-bc2d-9764f883955b: 1048
6a7503ac-ab3a-5d5b-b474-4b0fe37748dd: 1213
a30245e3-4a71-565f-9636-92e7d2e825fc: 1122
a4568951-bf87-5bbc-bc4f-28e93c360be6: 975
fc10ee0b-b863-511b-bce8-4dfa7af8ac3a: 910

# samples per stage
0: 1486
1: 461
2: 3828
3: 1026
4: 1207
[2023-10-13 17:18:27,739][INFO][data_loaders:43] - class distribution after data reduction:
# samples per subject
0416d51f-5d69-5326-b74a-a2e31a96a1ef: 822
119f9726-eb4c-5a0e-a7bb-9e15256149a1: 932
1fa6c401-d819-50f5-8146-a0bb9e2b2516: 986
22bea84c-5d23-5e49-bc2d-9764f883955b: 1048
6a7503ac-ab3a-5d5b-b474-4b0fe37748dd: 1213
a30245e3-4a71-565f-9636-92e7d2e825fc: 1122
a4568951-bf87-5bbc-bc4f-28e93c360be6: 975
fc10ee0b-b863-511b-bce8-4dfa7af8ac3a: 910

# samples per stage
0: 1486
1: 461
2: 3828
3: 1026
4: 1207
[2023-10-13 17:18:27,753][INFO][clas_trainer:49] - metrics before training (epoch 0):
[2023-10-13 17:18:46,514][INFO][clas_evaluator:99] - dataset: earlystopping, avg f1-score: 0.0622
[2023-10-13 17:18:58,673][INFO][clas_trainer:133] - train epoch: 1 [5376/54264 (10%)], lr: ['1.00e-04'], loss: 1.409685
[2023-10-13 17:19:10,330][INFO][clas_trainer:133] - train epoch: 1 [10784/54264 (20%)], lr: ['1.00e-04'], loss: 1.179829
[2023-10-13 17:19:22,763][INFO][clas_trainer:133] - train epoch: 1 [16192/54264 (30%)], lr: ['1.00e-04'], loss: 0.952591
[2023-10-13 17:19:39,249][INFO][clas_trainer:133] - train epoch: 1 [21600/54264 (40%)], lr: ['1.00e-04'], loss: 0.911079
[2023-10-13 17:19:53,116][INFO][clas_trainer:133] - train epoch: 1 [27008/54264 (50%)], lr: ['1.00e-04'], loss: 0.951497
[2023-10-13 17:20:04,801][INFO][clas_trainer:133] - train epoch: 1 [32416/54264 (60%)], lr: ['1.00e-04'], loss: 1.176305
[2023-10-13 17:20:16,157][INFO][clas_trainer:133] - train epoch: 1 [37824/54264 (70%)], lr: ['1.00e-04'], loss: 0.875450
[2023-10-13 17:20:26,622][INFO][clas_trainer:133] - train epoch: 1 [43232/54264 (80%)], lr: ['1.00e-04'], loss: 0.816599
[2023-10-13 17:20:38,471][INFO][clas_trainer:133] - train epoch: 1 [48640/54264 (90%)], lr: ['1.00e-04'], loss: 0.788490
[2023-10-13 17:20:49,916][INFO][clas_trainer:133] - train epoch: 1 [54048/54264 (100%)], lr: ['1.00e-04'], loss: 0.839421
[2023-10-13 17:21:12,298][INFO][clas_trainer:63] - [epoch   1] execution time: 145.78s	metrics:
[2023-10-13 17:21:12,298][INFO][clas_evaluator:99] - dataset: earlystopping, avg f1-score: 0.5271
[2023-10-13 17:21:12,365][INFO][base_model:51] - snapshot saved to XXX/frequency-pretraining/models/exp001d-m18-base_fe_clas-2023-10-13_16-19-02-final.pth
[2023-10-13 17:21:27,909][INFO][clas_trainer:133] - train epoch: 2 [5376/54264 (10%)], lr: ['1.00e-04'], loss: 0.877488
[2023-10-13 17:21:39,408][INFO][clas_trainer:133] - train epoch: 2 [10784/54264 (20%)], lr: ['1.00e-04'], loss: 0.853572
[2023-10-13 17:21:50,624][INFO][clas_trainer:133] - train epoch: 2 [16192/54264 (30%)], lr: ['1.00e-04'], loss: 1.028543
[2023-10-13 17:22:02,361][INFO][clas_trainer:133] - train epoch: 2 [21600/54264 (40%)], lr: ['1.00e-04'], loss: 1.087985
[2023-10-13 17:22:13,555][INFO][clas_trainer:133] - train epoch: 2 [27008/54264 (50%)], lr: ['1.00e-04'], loss: 1.117033
[2023-10-13 17:22:25,260][INFO][clas_trainer:133] - train epoch: 2 [32416/54264 (60%)], lr: ['1.00e-04'], loss: 0.779996
[2023-10-13 17:22:36,199][INFO][clas_trainer:133] - train epoch: 2 [37824/54264 (70%)], lr: ['1.00e-04'], loss: 0.989457
[2023-10-13 17:22:48,447][INFO][clas_trainer:133] - train epoch: 2 [43232/54264 (80%)], lr: ['1.00e-04'], loss: 0.658155
[2023-10-13 17:23:00,601][INFO][clas_trainer:133] - train epoch: 2 [48640/54264 (90%)], lr: ['1.00e-04'], loss: 0.735394
[2023-10-13 17:23:12,823][INFO][clas_trainer:133] - train epoch: 2 [54048/54264 (100%)], lr: ['1.00e-04'], loss: 0.702335
[2023-10-13 17:23:45,661][INFO][clas_trainer:63] - [epoch   2] execution time: 153.30s	metrics:
[2023-10-13 17:23:45,662][INFO][clas_evaluator:99] - dataset: earlystopping, avg f1-score: 0.5752
[2023-10-13 17:23:45,725][INFO][base_model:51] - snapshot saved to XXX/frequency-pretraining/models/exp001d-m18-base_fe_clas-2023-10-13_16-19-02-final.pth
[2023-10-13 17:24:02,345][INFO][clas_trainer:133] - train epoch: 3 [5376/54264 (10%)], lr: ['1.00e-04'], loss: 0.907320
[2023-10-13 17:24:13,122][INFO][clas_trainer:133] - train epoch: 3 [10784/54264 (20%)], lr: ['1.00e-04'], loss: 0.520400
[2023-10-13 17:24:24,006][INFO][clas_trainer:133] - train epoch: 3 [16192/54264 (30%)], lr: ['1.00e-04'], loss: 0.660802
[2023-10-13 17:24:35,295][INFO][clas_trainer:133] - train epoch: 3 [21600/54264 (40%)], lr: ['1.00e-04'], loss: 0.811754
[2023-10-13 17:24:45,846][INFO][clas_trainer:133] - train epoch: 3 [27008/54264 (50%)], lr: ['1.00e-04'], loss: 0.902708
[2023-10-13 17:24:56,967][INFO][clas_trainer:133] - train epoch: 3 [32416/54264 (60%)], lr: ['1.00e-04'], loss: 0.728261
[2023-10-13 17:25:08,134][INFO][clas_trainer:133] - train epoch: 3 [37824/54264 (70%)], lr: ['1.00e-04'], loss: 0.667095
[2023-10-13 17:25:19,016][INFO][clas_trainer:133] - train epoch: 3 [43232/54264 (80%)], lr: ['1.00e-04'], loss: 0.852998
[2023-10-13 17:25:29,594][INFO][clas_trainer:133] - train epoch: 3 [48640/54264 (90%)], lr: ['1.00e-04'], loss: 0.720022
[2023-10-13 17:25:40,782][INFO][clas_trainer:133] - train epoch: 3 [54048/54264 (100%)], lr: ['1.00e-04'], loss: 0.747624
[2023-10-13 17:26:12,169][INFO][clas_trainer:63] - [epoch   3] execution time: 146.44s	metrics:
[2023-10-13 17:26:12,170][INFO][clas_evaluator:99] - dataset: earlystopping, avg f1-score: 0.5893
[2023-10-13 17:26:12,229][INFO][base_model:51] - snapshot saved to XXX/frequency-pretraining/models/exp001d-m18-base_fe_clas-2023-10-13_16-19-02-final.pth
[2023-10-13 17:26:27,117][INFO][clas_trainer:133] - train epoch: 4 [5376/54264 (10%)], lr: ['1.00e-04'], loss: 0.540487
[2023-10-13 17:26:38,644][INFO][clas_trainer:133] - train epoch: 4 [10784/54264 (20%)], lr: ['1.00e-04'], loss: 0.770828
[2023-10-13 17:26:51,355][INFO][clas_trainer:133] - train epoch: 4 [16192/54264 (30%)], lr: ['1.00e-04'], loss: 0.766095
[2023-10-13 17:27:04,725][INFO][clas_trainer:133] - train epoch: 4 [21600/54264 (40%)], lr: ['1.00e-04'], loss: 0.879460
[2023-10-13 17:27:17,020][INFO][clas_trainer:133] - train epoch: 4 [27008/54264 (50%)], lr: ['1.00e-04'], loss: 0.723562
[2023-10-13 17:27:27,603][INFO][clas_trainer:133] - train epoch: 4 [32416/54264 (60%)], lr: ['1.00e-04'], loss: 0.623686
[2023-10-13 17:27:38,532][INFO][clas_trainer:133] - train epoch: 4 [37824/54264 (70%)], lr: ['1.00e-04'], loss: 0.821675
[2023-10-13 17:27:49,491][INFO][clas_trainer:133] - train epoch: 4 [43232/54264 (80%)], lr: ['1.00e-04'], loss: 0.698911
[2023-10-13 17:28:00,517][INFO][clas_trainer:133] - train epoch: 4 [48640/54264 (90%)], lr: ['1.00e-04'], loss: 0.582705
[2023-10-13 17:28:11,264][INFO][clas_trainer:133] - train epoch: 4 [54048/54264 (100%)], lr: ['1.00e-04'], loss: 0.580112
[2023-10-13 17:28:42,386][INFO][clas_trainer:63] - [epoch   4] execution time: 150.16s	metrics:
[2023-10-13 17:28:42,387][INFO][clas_evaluator:99] - dataset: earlystopping, avg f1-score: 0.6028
[2023-10-13 17:28:42,455][INFO][base_model:51] - snapshot saved to XXX/frequency-pretraining/models/exp001d-m18-base_fe_clas-2023-10-13_16-19-02-final.pth
[2023-10-13 17:28:56,849][INFO][clas_trainer:133] - train epoch: 5 [5376/54264 (10%)], lr: ['1.00e-04'], loss: 0.638538
[2023-10-13 17:29:08,820][INFO][clas_trainer:133] - train epoch: 5 [10784/54264 (20%)], lr: ['1.00e-04'], loss: 0.688864
[2023-10-13 17:29:19,901][INFO][clas_trainer:133] - train epoch: 5 [16192/54264 (30%)], lr: ['1.00e-04'], loss: 0.811079
[2023-10-13 17:29:32,824][INFO][clas_trainer:133] - train epoch: 5 [21600/54264 (40%)], lr: ['1.00e-04'], loss: 0.629712
[2023-10-13 17:29:44,350][INFO][clas_trainer:133] - train epoch: 5 [27008/54264 (50%)], lr: ['1.00e-04'], loss: 0.278874
[2023-10-13 17:29:55,970][INFO][clas_trainer:133] - train epoch: 5 [32416/54264 (60%)], lr: ['1.00e-04'], loss: 0.542917
[2023-10-13 17:30:12,366][INFO][clas_trainer:133] - train epoch: 5 [37824/54264 (70%)], lr: ['1.00e-04'], loss: 0.985439
[2023-10-13 17:30:24,764][INFO][clas_trainer:133] - train epoch: 5 [43232/54264 (80%)], lr: ['1.00e-04'], loss: 0.519509
[2023-10-13 17:30:35,596][INFO][clas_trainer:133] - train epoch: 5 [48640/54264 (90%)], lr: ['1.00e-04'], loss: 0.713086
[2023-10-13 17:30:47,689][INFO][clas_trainer:133] - train epoch: 5 [54048/54264 (100%)], lr: ['1.00e-04'], loss: 0.679101
[2023-10-13 17:31:19,765][INFO][clas_trainer:63] - [epoch   5] execution time: 157.31s	metrics:
[2023-10-13 17:31:19,766][INFO][clas_evaluator:99] - dataset: earlystopping, avg f1-score: 0.5850
[2023-10-13 17:31:34,325][INFO][clas_trainer:133] - train epoch: 6 [5376/54264 (10%)], lr: ['1.00e-04'], loss: 0.764852
[2023-10-13 17:31:46,011][INFO][clas_trainer:133] - train epoch: 6 [10784/54264 (20%)], lr: ['1.00e-04'], loss: 0.208085
[2023-10-13 17:31:57,182][INFO][clas_trainer:133] - train epoch: 6 [16192/54264 (30%)], lr: ['1.00e-04'], loss: 1.149664
[2023-10-13 17:32:08,608][INFO][clas_trainer:133] - train epoch: 6 [21600/54264 (40%)], lr: ['1.00e-04'], loss: 0.461218
[2023-10-13 17:32:20,268][INFO][clas_trainer:133] - train epoch: 6 [27008/54264 (50%)], lr: ['1.00e-04'], loss: 0.548010
[2023-10-13 17:32:31,378][INFO][clas_trainer:133] - train epoch: 6 [32416/54264 (60%)], lr: ['1.00e-04'], loss: 0.525778
[2023-10-13 17:32:44,234][INFO][clas_trainer:133] - train epoch: 6 [37824/54264 (70%)], lr: ['1.00e-04'], loss: 0.655172
[2023-10-13 17:32:55,561][INFO][clas_trainer:133] - train epoch: 6 [43232/54264 (80%)], lr: ['1.00e-04'], loss: 0.556301
[2023-10-13 17:33:08,941][INFO][clas_trainer:133] - train epoch: 6 [48640/54264 (90%)], lr: ['1.00e-04'], loss: 0.615083
[2023-10-13 17:33:20,263][INFO][clas_trainer:133] - train epoch: 6 [54048/54264 (100%)], lr: ['1.00e-04'], loss: 0.955149
[2023-10-13 17:33:41,879][INFO][clas_trainer:63] - [epoch   6] execution time: 142.11s	metrics:
[2023-10-13 17:33:41,879][INFO][clas_evaluator:99] - dataset: earlystopping, avg f1-score: 0.6092
[2023-10-13 17:33:41,947][INFO][base_model:51] - snapshot saved to XXX/frequency-pretraining/models/exp001d-m18-base_fe_clas-2023-10-13_16-19-02-final.pth
[2023-10-13 17:33:57,343][INFO][clas_trainer:133] - train epoch: 7 [5376/54264 (10%)], lr: ['1.00e-04'], loss: 0.546632
[2023-10-13 17:34:11,783][INFO][clas_trainer:133] - train epoch: 7 [10784/54264 (20%)], lr: ['1.00e-04'], loss: 0.634863
[2023-10-13 17:34:24,065][INFO][clas_trainer:133] - train epoch: 7 [16192/54264 (30%)], lr: ['1.00e-04'], loss: 0.786412
[2023-10-13 17:34:35,571][INFO][clas_trainer:133] - train epoch: 7 [21600/54264 (40%)], lr: ['1.00e-04'], loss: 0.408275
[2023-10-13 17:34:46,401][INFO][clas_trainer:133] - train epoch: 7 [27008/54264 (50%)], lr: ['1.00e-04'], loss: 0.876785
[2023-10-13 17:34:57,128][INFO][clas_trainer:133] - train epoch: 7 [32416/54264 (60%)], lr: ['1.00e-04'], loss: 0.761311
[2023-10-13 17:35:07,925][INFO][clas_trainer:133] - train epoch: 7 [37824/54264 (70%)], lr: ['1.00e-04'], loss: 0.560780
[2023-10-13 17:35:18,439][INFO][clas_trainer:133] - train epoch: 7 [43232/54264 (80%)], lr: ['1.00e-04'], loss: 0.785349
[2023-10-13 17:35:29,128][INFO][clas_trainer:133] - train epoch: 7 [48640/54264 (90%)], lr: ['1.00e-04'], loss: 0.742630
[2023-10-13 17:35:40,181][INFO][clas_trainer:133] - train epoch: 7 [54048/54264 (100%)], lr: ['1.00e-04'], loss: 0.637610
[2023-10-13 17:36:10,980][INFO][clas_trainer:63] - [epoch   7] execution time: 149.03s	metrics:
[2023-10-13 17:36:10,981][INFO][clas_evaluator:99] - dataset: earlystopping, avg f1-score: 0.6010
[2023-10-13 17:36:25,751][INFO][clas_trainer:133] - train epoch: 8 [5376/54264 (10%)], lr: ['1.00e-04'], loss: 0.743388
[2023-10-13 17:36:37,411][INFO][clas_trainer:133] - train epoch: 8 [10784/54264 (20%)], lr: ['1.00e-04'], loss: 0.629027
[2023-10-13 17:36:49,048][INFO][clas_trainer:133] - train epoch: 8 [16192/54264 (30%)], lr: ['1.00e-04'], loss: 0.623478
[2023-10-13 17:37:02,760][INFO][clas_trainer:133] - train epoch: 8 [21600/54264 (40%)], lr: ['1.00e-04'], loss: 0.831339
[2023-10-13 17:37:13,709][INFO][clas_trainer:133] - train epoch: 8 [27008/54264 (50%)], lr: ['1.00e-04'], loss: 0.990026
[2023-10-13 17:37:25,181][INFO][clas_trainer:133] - train epoch: 8 [32416/54264 (60%)], lr: ['1.00e-04'], loss: 0.389819
[2023-10-13 17:37:37,023][INFO][clas_trainer:133] - train epoch: 8 [37824/54264 (70%)], lr: ['1.00e-04'], loss: 0.740342
[2023-10-13 17:37:47,621][INFO][clas_trainer:133] - train epoch: 8 [43232/54264 (80%)], lr: ['1.00e-04'], loss: 0.738013
[2023-10-13 17:37:58,615][INFO][clas_trainer:133] - train epoch: 8 [48640/54264 (90%)], lr: ['1.00e-04'], loss: 0.757871
[2023-10-13 17:38:10,222][INFO][clas_trainer:133] - train epoch: 8 [54048/54264 (100%)], lr: ['1.00e-04'], loss: 0.707864
[2023-10-13 17:38:41,447][INFO][clas_trainer:63] - [epoch   8] execution time: 150.47s	metrics:
[2023-10-13 17:38:41,447][INFO][clas_evaluator:99] - dataset: earlystopping, avg f1-score: 0.6023
[2023-10-13 17:38:54,771][INFO][clas_trainer:133] - train epoch: 9 [5376/54264 (10%)], lr: ['1.00e-04'], loss: 0.620297
[2023-10-13 17:39:06,441][INFO][clas_trainer:133] - train epoch: 9 [10784/54264 (20%)], lr: ['1.00e-04'], loss: 0.499293
[2023-10-13 17:39:18,307][INFO][clas_trainer:133] - train epoch: 9 [16192/54264 (30%)], lr: ['1.00e-04'], loss: 0.493901
[2023-10-13 17:39:29,758][INFO][clas_trainer:133] - train epoch: 9 [21600/54264 (40%)], lr: ['1.00e-04'], loss: 0.594683
[2023-10-13 17:39:41,139][INFO][clas_trainer:133] - train epoch: 9 [27008/54264 (50%)], lr: ['1.00e-04'], loss: 0.659223
[2023-10-13 17:39:52,730][INFO][clas_trainer:133] - train epoch: 9 [32416/54264 (60%)], lr: ['1.00e-04'], loss: 0.768296
[2023-10-13 17:40:04,099][INFO][clas_trainer:133] - train epoch: 9 [37824/54264 (70%)], lr: ['1.00e-04'], loss: 0.935771
[2023-10-13 17:40:15,527][INFO][clas_trainer:133] - train epoch: 9 [43232/54264 (80%)], lr: ['1.00e-04'], loss: 0.557748
[2023-10-13 17:40:30,908][INFO][clas_trainer:133] - train epoch: 9 [48640/54264 (90%)], lr: ['1.00e-04'], loss: 0.559548
[2023-10-13 17:40:42,158][INFO][clas_trainer:133] - train epoch: 9 [54048/54264 (100%)], lr: ['1.00e-04'], loss: 0.789382
[2023-10-13 17:41:15,167][INFO][clas_trainer:63] - [epoch   9] execution time: 153.72s	metrics:
[2023-10-13 17:41:15,167][INFO][clas_evaluator:99] - dataset: earlystopping, avg f1-score: 0.5934
[2023-10-13 17:41:31,446][INFO][clas_trainer:133] - train epoch: 10 [5376/54264 (10%)], lr: ['1.00e-04'], loss: 0.445670
[2023-10-13 17:41:42,675][INFO][clas_trainer:133] - train epoch: 10 [10784/54264 (20%)], lr: ['1.00e-04'], loss: 0.477878
[2023-10-13 17:41:54,237][INFO][clas_trainer:133] - train epoch: 10 [16192/54264 (30%)], lr: ['1.00e-04'], loss: 0.755500
[2023-10-13 17:42:05,342][INFO][clas_trainer:133] - train epoch: 10 [21600/54264 (40%)], lr: ['1.00e-04'], loss: 0.277899
[2023-10-13 17:42:16,512][INFO][clas_trainer:133] - train epoch: 10 [27008/54264 (50%)], lr: ['1.00e-04'], loss: 0.683294
[2023-10-13 17:42:27,502][INFO][clas_trainer:133] - train epoch: 10 [32416/54264 (60%)], lr: ['1.00e-04'], loss: 0.630524
[2023-10-13 17:42:38,934][INFO][clas_trainer:133] - train epoch: 10 [37824/54264 (70%)], lr: ['1.00e-04'], loss: 0.508412
[2023-10-13 17:42:49,862][INFO][clas_trainer:133] - train epoch: 10 [43232/54264 (80%)], lr: ['1.00e-04'], loss: 0.450000
[2023-10-13 17:43:01,030][INFO][clas_trainer:133] - train epoch: 10 [48640/54264 (90%)], lr: ['1.00e-04'], loss: 0.551793
[2023-10-13 17:43:11,757][INFO][clas_trainer:133] - train epoch: 10 [54048/54264 (100%)], lr: ['1.00e-04'], loss: 0.556846
[2023-10-13 17:43:33,021][INFO][clas_trainer:63] - [epoch  10] execution time: 137.85s	metrics:
[2023-10-13 17:43:33,022][INFO][clas_evaluator:99] - dataset: earlystopping, avg f1-score: 0.6256
[2023-10-13 17:43:33,089][INFO][base_model:51] - snapshot saved to XXX/frequency-pretraining/models/exp001d-m18-base_fe_clas-2023-10-13_16-19-02-final.pth
[2023-10-13 17:43:48,000][INFO][clas_trainer:133] - train epoch: 11 [5376/54264 (10%)], lr: ['1.00e-04'], loss: 0.748460
[2023-10-13 17:44:00,266][INFO][clas_trainer:133] - train epoch: 11 [10784/54264 (20%)], lr: ['1.00e-04'], loss: 0.730529
[2023-10-13 17:44:11,584][INFO][clas_trainer:133] - train epoch: 11 [16192/54264 (30%)], lr: ['1.00e-04'], loss: 0.532695
[2023-10-13 17:44:22,352][INFO][clas_trainer:133] - train epoch: 11 [21600/54264 (40%)], lr: ['1.00e-04'], loss: 0.777184
[2023-10-13 17:44:33,611][INFO][clas_trainer:133] - train epoch: 11 [27008/54264 (50%)], lr: ['1.00e-04'], loss: 0.481530
[2023-10-13 17:44:44,946][INFO][clas_trainer:133] - train epoch: 11 [32416/54264 (60%)], lr: ['1.00e-04'], loss: 0.552163
[2023-10-13 17:44:56,257][INFO][clas_trainer:133] - train epoch: 11 [37824/54264 (70%)], lr: ['1.00e-04'], loss: 0.514002
[2023-10-13 17:45:07,480][INFO][clas_trainer:133] - train epoch: 11 [43232/54264 (80%)], lr: ['1.00e-04'], loss: 0.627521
[2023-10-13 17:45:18,536][INFO][clas_trainer:133] - train epoch: 11 [48640/54264 (90%)], lr: ['1.00e-04'], loss: 0.657320
[2023-10-13 17:45:29,470][INFO][clas_trainer:133] - train epoch: 11 [54048/54264 (100%)], lr: ['1.00e-04'], loss: 0.904888
[2023-10-13 17:45:49,022][INFO][clas_trainer:63] - [epoch  11] execution time: 135.93s	metrics:
[2023-10-13 17:45:49,023][INFO][clas_evaluator:99] - dataset: earlystopping, avg f1-score: 0.5999
[2023-10-13 17:46:04,686][INFO][clas_trainer:133] - train epoch: 12 [5376/54264 (10%)], lr: ['1.00e-04'], loss: 0.718771
[2023-10-13 17:46:15,471][INFO][clas_trainer:133] - train epoch: 12 [10784/54264 (20%)], lr: ['1.00e-04'], loss: 0.875025
[2023-10-13 17:46:27,426][INFO][clas_trainer:133] - train epoch: 12 [16192/54264 (30%)], lr: ['1.00e-04'], loss: 0.577380
[2023-10-13 17:46:38,655][INFO][clas_trainer:133] - train epoch: 12 [21600/54264 (40%)], lr: ['1.00e-04'], loss: 0.829512
[2023-10-13 17:46:49,968][INFO][clas_trainer:133] - train epoch: 12 [27008/54264 (50%)], lr: ['1.00e-04'], loss: 0.575924
[2023-10-13 17:47:01,046][INFO][clas_trainer:133] - train epoch: 12 [32416/54264 (60%)], lr: ['1.00e-04'], loss: 0.479572
[2023-10-13 17:47:14,137][INFO][clas_trainer:133] - train epoch: 12 [37824/54264 (70%)], lr: ['1.00e-04'], loss: 0.657455
[2023-10-13 17:47:26,130][INFO][clas_trainer:133] - train epoch: 12 [43232/54264 (80%)], lr: ['1.00e-04'], loss: 0.404766
[2023-10-13 17:47:37,155][INFO][clas_trainer:133] - train epoch: 12 [48640/54264 (90%)], lr: ['1.00e-04'], loss: 0.633867
[2023-10-13 17:47:49,545][INFO][clas_trainer:133] - train epoch: 12 [54048/54264 (100%)], lr: ['1.00e-04'], loss: 0.607474
[2023-10-13 17:48:13,774][INFO][clas_trainer:63] - [epoch  12] execution time: 144.75s	metrics:
[2023-10-13 17:48:13,775][INFO][clas_evaluator:99] - dataset: earlystopping, avg f1-score: 0.6122
[2023-10-13 17:48:27,237][INFO][clas_trainer:133] - train epoch: 13 [5376/54264 (10%)], lr: ['1.00e-04'], loss: 0.489633
[2023-10-13 17:48:39,511][INFO][clas_trainer:133] - train epoch: 13 [10784/54264 (20%)], lr: ['1.00e-04'], loss: 0.696539
[2023-10-13 17:48:51,992][INFO][clas_trainer:133] - train epoch: 13 [16192/54264 (30%)], lr: ['1.00e-04'], loss: 0.562101
[2023-10-13 17:49:03,317][INFO][clas_trainer:133] - train epoch: 13 [21600/54264 (40%)], lr: ['1.00e-04'], loss: 0.547322
[2023-10-13 17:49:16,901][INFO][clas_trainer:133] - train epoch: 13 [27008/54264 (50%)], lr: ['1.00e-04'], loss: 0.727457
[2023-10-13 17:49:28,022][INFO][clas_trainer:133] - train epoch: 13 [32416/54264 (60%)], lr: ['1.00e-04'], loss: 0.940708
[2023-10-13 17:49:39,351][INFO][clas_trainer:133] - train epoch: 13 [37824/54264 (70%)], lr: ['1.00e-04'], loss: 0.558273
[2023-10-13 17:49:50,296][INFO][clas_trainer:133] - train epoch: 13 [43232/54264 (80%)], lr: ['1.00e-04'], loss: 0.613638
[2023-10-13 17:50:01,522][INFO][clas_trainer:133] - train epoch: 13 [48640/54264 (90%)], lr: ['1.00e-04'], loss: 0.393834
[2023-10-13 17:50:12,026][INFO][clas_trainer:133] - train epoch: 13 [54048/54264 (100%)], lr: ['1.00e-04'], loss: 0.800364
[2023-10-13 17:50:39,067][INFO][clas_trainer:63] - [epoch  13] execution time: 145.29s	metrics:
[2023-10-13 17:50:39,068][INFO][clas_evaluator:99] - dataset: earlystopping, avg f1-score: 0.6150
[2023-10-13 17:50:52,545][INFO][clas_trainer:133] - train epoch: 14 [5376/54264 (10%)], lr: ['1.00e-04'], loss: 0.675194
[2023-10-13 17:51:04,880][INFO][clas_trainer:133] - train epoch: 14 [10784/54264 (20%)], lr: ['1.00e-04'], loss: 0.591322
[2023-10-13 17:51:16,157][INFO][clas_trainer:133] - train epoch: 14 [16192/54264 (30%)], lr: ['1.00e-04'], loss: 0.565317
[2023-10-13 17:51:26,837][INFO][clas_trainer:133] - train epoch: 14 [21600/54264 (40%)], lr: ['1.00e-04'], loss: 0.695725
[2023-10-13 17:51:37,513][INFO][clas_trainer:133] - train epoch: 14 [27008/54264 (50%)], lr: ['1.00e-04'], loss: 0.577951
[2023-10-13 17:51:49,093][INFO][clas_trainer:133] - train epoch: 14 [32416/54264 (60%)], lr: ['1.00e-04'], loss: 0.916365
[2023-10-13 17:52:00,022][INFO][clas_trainer:133] - train epoch: 14 [37824/54264 (70%)], lr: ['1.00e-04'], loss: 0.845098
[2023-10-13 17:52:10,997][INFO][clas_trainer:133] - train epoch: 14 [43232/54264 (80%)], lr: ['1.00e-04'], loss: 0.466749
[2023-10-13 17:52:23,443][INFO][clas_trainer:133] - train epoch: 14 [48640/54264 (90%)], lr: ['1.00e-04'], loss: 0.429721
[2023-10-13 17:52:34,773][INFO][clas_trainer:133] - train epoch: 14 [54048/54264 (100%)], lr: ['1.00e-04'], loss: 0.522323
[2023-10-13 17:52:57,448][INFO][clas_trainer:63] - [epoch  14] execution time: 138.38s	metrics:
[2023-10-13 17:52:57,448][INFO][clas_evaluator:99] - dataset: earlystopping, avg f1-score: 0.6080
[2023-10-13 17:53:14,989][INFO][clas_trainer:133] - train epoch: 15 [5376/54264 (10%)], lr: ['1.00e-04'], loss: 0.327503
[2023-10-13 17:53:26,334][INFO][clas_trainer:133] - train epoch: 15 [10784/54264 (20%)], lr: ['1.00e-04'], loss: 0.661922
[2023-10-13 17:53:37,104][INFO][clas_trainer:133] - train epoch: 15 [16192/54264 (30%)], lr: ['1.00e-04'], loss: 0.949671
[2023-10-13 17:53:48,568][INFO][clas_trainer:133] - train epoch: 15 [21600/54264 (40%)], lr: ['1.00e-04'], loss: 0.471964
[2023-10-13 17:54:01,803][INFO][clas_trainer:133] - train epoch: 15 [27008/54264 (50%)], lr: ['1.00e-04'], loss: 0.487366
[2023-10-13 17:54:12,482][INFO][clas_trainer:133] - train epoch: 15 [32416/54264 (60%)], lr: ['1.00e-04'], loss: 0.619595
[2023-10-13 17:54:23,553][INFO][clas_trainer:133] - train epoch: 15 [37824/54264 (70%)], lr: ['1.00e-04'], loss: 0.568627
[2023-10-13 17:54:34,451][INFO][clas_trainer:133] - train epoch: 15 [43232/54264 (80%)], lr: ['1.00e-04'], loss: 0.772647
[2023-10-13 17:54:45,534][INFO][clas_trainer:133] - train epoch: 15 [48640/54264 (90%)], lr: ['1.00e-04'], loss: 0.351742
[2023-10-13 17:54:56,254][INFO][clas_trainer:133] - train epoch: 15 [54048/54264 (100%)], lr: ['1.00e-04'], loss: 1.031023
[2023-10-13 17:55:27,619][INFO][clas_trainer:63] - [epoch  15] execution time: 150.17s	metrics:
[2023-10-13 17:55:27,620][INFO][clas_evaluator:99] - dataset: earlystopping, avg f1-score: 0.6496
[2023-10-13 17:55:27,689][INFO][base_model:51] - snapshot saved to XXX/frequency-pretraining/models/exp001d-m18-base_fe_clas-2023-10-13_16-19-02-final.pth
[2023-10-13 17:55:46,686][INFO][clas_trainer:133] - train epoch: 16 [5376/54264 (10%)], lr: ['1.00e-04'], loss: 0.812094
[2023-10-13 17:55:58,117][INFO][clas_trainer:133] - train epoch: 16 [10784/54264 (20%)], lr: ['1.00e-04'], loss: 0.340574
[2023-10-13 17:56:10,075][INFO][clas_trainer:133] - train epoch: 16 [16192/54264 (30%)], lr: ['1.00e-04'], loss: 0.316741
[2023-10-13 17:56:22,224][INFO][clas_trainer:133] - train epoch: 16 [21600/54264 (40%)], lr: ['1.00e-04'], loss: 0.678187
[2023-10-13 17:56:35,099][INFO][clas_trainer:133] - train epoch: 16 [27008/54264 (50%)], lr: ['1.00e-04'], loss: 0.398052
[2023-10-13 17:56:45,747][INFO][clas_trainer:133] - train epoch: 16 [32416/54264 (60%)], lr: ['1.00e-04'], loss: 0.394409
[2023-10-13 17:56:57,458][INFO][clas_trainer:133] - train epoch: 16 [37824/54264 (70%)], lr: ['1.00e-04'], loss: 0.510735
[2023-10-13 17:57:08,745][INFO][clas_trainer:133] - train epoch: 16 [43232/54264 (80%)], lr: ['1.00e-04'], loss: 0.556301
[2023-10-13 17:57:20,518][INFO][clas_trainer:133] - train epoch: 16 [48640/54264 (90%)], lr: ['1.00e-04'], loss: 0.567093
[2023-10-13 17:57:32,296][INFO][clas_trainer:133] - train epoch: 16 [54048/54264 (100%)], lr: ['1.00e-04'], loss: 0.485499
[2023-10-13 17:58:04,169][INFO][clas_trainer:63] - [epoch  16] execution time: 156.48s	metrics:
[2023-10-13 17:58:04,170][INFO][clas_evaluator:99] - dataset: earlystopping, avg f1-score: 0.5861
[2023-10-13 17:58:17,868][INFO][clas_trainer:133] - train epoch: 17 [5376/54264 (10%)], lr: ['1.00e-04'], loss: 0.677159
[2023-10-13 17:58:29,304][INFO][clas_trainer:133] - train epoch: 17 [10784/54264 (20%)], lr: ['1.00e-04'], loss: 0.656553
[2023-10-13 17:58:40,832][INFO][clas_trainer:133] - train epoch: 17 [16192/54264 (30%)], lr: ['1.00e-04'], loss: 0.541287
[2023-10-13 17:58:51,913][INFO][clas_trainer:133] - train epoch: 17 [21600/54264 (40%)], lr: ['1.00e-04'], loss: 0.392605
[2023-10-13 17:59:04,155][INFO][clas_trainer:133] - train epoch: 17 [27008/54264 (50%)], lr: ['1.00e-04'], loss: 0.556098
[2023-10-13 17:59:15,667][INFO][clas_trainer:133] - train epoch: 17 [32416/54264 (60%)], lr: ['1.00e-04'], loss: 0.436979
[2023-10-13 17:59:26,878][INFO][clas_trainer:133] - train epoch: 17 [37824/54264 (70%)], lr: ['1.00e-04'], loss: 0.694719
[2023-10-13 17:59:40,016][INFO][clas_trainer:133] - train epoch: 17 [43232/54264 (80%)], lr: ['1.00e-04'], loss: 0.446370
[2023-10-13 17:59:53,895][INFO][clas_trainer:133] - train epoch: 17 [48640/54264 (90%)], lr: ['1.00e-04'], loss: 0.854910
[2023-10-13 18:00:05,778][INFO][clas_trainer:133] - train epoch: 17 [54048/54264 (100%)], lr: ['1.00e-04'], loss: 0.530568
[2023-10-13 18:00:37,810][INFO][clas_trainer:63] - [epoch  17] execution time: 153.64s	metrics:
[2023-10-13 18:00:37,811][INFO][clas_evaluator:99] - dataset: earlystopping, avg f1-score: 0.6073
[2023-10-13 18:00:52,198][INFO][clas_trainer:133] - train epoch: 18 [5376/54264 (10%)], lr: ['1.00e-04'], loss: 0.401884
[2023-10-13 18:01:03,425][INFO][clas_trainer:133] - train epoch: 18 [10784/54264 (20%)], lr: ['1.00e-04'], loss: 0.548317
[2023-10-13 18:01:14,172][INFO][clas_trainer:133] - train epoch: 18 [16192/54264 (30%)], lr: ['1.00e-04'], loss: 0.609415
[2023-10-13 18:01:25,091][INFO][clas_trainer:133] - train epoch: 18 [21600/54264 (40%)], lr: ['1.00e-04'], loss: 0.280951
[2023-10-13 18:01:36,072][INFO][clas_trainer:133] - train epoch: 18 [27008/54264 (50%)], lr: ['1.00e-04'], loss: 0.795353
[2023-10-13 18:01:48,548][INFO][clas_trainer:133] - train epoch: 18 [32416/54264 (60%)], lr: ['1.00e-04'], loss: 0.691517
[2023-10-13 18:02:00,388][INFO][clas_trainer:133] - train epoch: 18 [37824/54264 (70%)], lr: ['1.00e-04'], loss: 0.888070
[2023-10-13 18:02:12,371][INFO][clas_trainer:133] - train epoch: 18 [43232/54264 (80%)], lr: ['1.00e-04'], loss: 0.435194
[2023-10-13 18:02:22,878][INFO][clas_trainer:133] - train epoch: 18 [48640/54264 (90%)], lr: ['1.00e-04'], loss: 0.635160
[2023-10-13 18:02:33,783][INFO][clas_trainer:133] - train epoch: 18 [54048/54264 (100%)], lr: ['1.00e-04'], loss: 0.352796
[2023-10-13 18:03:02,688][INFO][clas_trainer:63] - [epoch  18] execution time: 144.88s	metrics:
[2023-10-13 18:03:02,688][INFO][clas_evaluator:99] - dataset: earlystopping, avg f1-score: 0.6215
[2023-10-13 18:03:21,684][INFO][clas_trainer:133] - train epoch: 19 [5376/54264 (10%)], lr: ['1.00e-04'], loss: 0.447946
[2023-10-13 18:03:38,725][INFO][clas_trainer:133] - train epoch: 19 [10784/54264 (20%)], lr: ['1.00e-04'], loss: 0.417654
[2023-10-13 18:03:52,397][INFO][clas_trainer:133] - train epoch: 19 [16192/54264 (30%)], lr: ['1.00e-04'], loss: 0.524608
[2023-10-13 18:04:05,968][INFO][clas_trainer:133] - train epoch: 19 [21600/54264 (40%)], lr: ['1.00e-04'], loss: 0.710210
[2023-10-13 18:04:22,233][INFO][clas_trainer:133] - train epoch: 19 [27008/54264 (50%)], lr: ['1.00e-04'], loss: 0.441265
[2023-10-13 18:04:33,428][INFO][clas_trainer:133] - train epoch: 19 [32416/54264 (60%)], lr: ['1.00e-04'], loss: 0.402829
[2023-10-13 18:04:44,934][INFO][clas_trainer:133] - train epoch: 19 [37824/54264 (70%)], lr: ['1.00e-04'], loss: 0.651344
[2023-10-13 18:04:56,289][INFO][clas_trainer:133] - train epoch: 19 [43232/54264 (80%)], lr: ['1.00e-04'], loss: 0.412116
[2023-10-13 18:05:07,423][INFO][clas_trainer:133] - train epoch: 19 [48640/54264 (90%)], lr: ['1.00e-04'], loss: 0.482019
[2023-10-13 18:05:19,370][INFO][clas_trainer:133] - train epoch: 19 [54048/54264 (100%)], lr: ['1.00e-04'], loss: 0.576693
[2023-10-13 18:05:51,625][INFO][clas_trainer:63] - [epoch  19] execution time: 168.94s	metrics:
[2023-10-13 18:05:51,626][INFO][clas_evaluator:99] - dataset: earlystopping, avg f1-score: 0.6085
[2023-10-13 18:06:08,434][INFO][clas_trainer:133] - train epoch: 20 [5376/54264 (10%)], lr: ['1.00e-04'], loss: 0.559684
[2023-10-13 18:06:21,144][INFO][clas_trainer:133] - train epoch: 20 [10784/54264 (20%)], lr: ['1.00e-04'], loss: 0.578583
[2023-10-13 18:06:37,218][INFO][clas_trainer:133] - train epoch: 20 [16192/54264 (30%)], lr: ['1.00e-04'], loss: 0.592898
[2023-10-13 18:06:51,904][INFO][clas_trainer:133] - train epoch: 20 [21600/54264 (40%)], lr: ['1.00e-04'], loss: 0.518133
[2023-10-13 18:07:04,345][INFO][clas_trainer:133] - train epoch: 20 [27008/54264 (50%)], lr: ['1.00e-04'], loss: 0.445480
[2023-10-13 18:07:16,088][INFO][clas_trainer:133] - train epoch: 20 [32416/54264 (60%)], lr: ['1.00e-04'], loss: 0.253246
[2023-10-13 18:07:27,206][INFO][clas_trainer:133] - train epoch: 20 [37824/54264 (70%)], lr: ['1.00e-04'], loss: 0.828676
[2023-10-13 18:07:38,167][INFO][clas_trainer:133] - train epoch: 20 [43232/54264 (80%)], lr: ['1.00e-04'], loss: 0.397510
[2023-10-13 18:07:48,748][INFO][clas_trainer:133] - train epoch: 20 [48640/54264 (90%)], lr: ['1.00e-04'], loss: 0.466881
[2023-10-13 18:07:59,365][INFO][clas_trainer:133] - train epoch: 20 [54048/54264 (100%)], lr: ['1.00e-04'], loss: 0.314851
[2023-10-13 18:08:31,274][INFO][clas_trainer:63] - [epoch  20] execution time: 159.65s	metrics:
[2023-10-13 18:08:31,274][INFO][clas_evaluator:99] - dataset: earlystopping, avg f1-score: 0.6204
[2023-10-13 18:08:45,636][INFO][clas_trainer:133] - train epoch: 21 [5376/54264 (10%)], lr: ['1.00e-04'], loss: 0.408116
[2023-10-13 18:08:57,268][INFO][clas_trainer:133] - train epoch: 21 [10784/54264 (20%)], lr: ['1.00e-04'], loss: 0.566905
[2023-10-13 18:09:08,243][INFO][clas_trainer:133] - train epoch: 21 [16192/54264 (30%)], lr: ['1.00e-04'], loss: 0.561193
[2023-10-13 18:09:19,548][INFO][clas_trainer:133] - train epoch: 21 [21600/54264 (40%)], lr: ['1.00e-04'], loss: 0.437925
[2023-10-13 18:09:31,371][INFO][clas_trainer:133] - train epoch: 21 [27008/54264 (50%)], lr: ['1.00e-04'], loss: 0.306779
[2023-10-13 18:09:43,741][INFO][clas_trainer:133] - train epoch: 21 [32416/54264 (60%)], lr: ['1.00e-04'], loss: 0.639448
[2023-10-13 18:09:55,438][INFO][clas_trainer:133] - train epoch: 21 [37824/54264 (70%)], lr: ['1.00e-04'], loss: 0.588780
[2023-10-13 18:10:06,749][INFO][clas_trainer:133] - train epoch: 21 [43232/54264 (80%)], lr: ['1.00e-04'], loss: 0.446711
[2023-10-13 18:10:17,602][INFO][clas_trainer:133] - train epoch: 21 [48640/54264 (90%)], lr: ['1.00e-04'], loss: 0.664946
[2023-10-13 18:10:29,132][INFO][clas_trainer:133] - train epoch: 21 [54048/54264 (100%)], lr: ['1.00e-04'], loss: 0.463488
[2023-10-13 18:11:01,191][INFO][clas_trainer:63] - [epoch  21] execution time: 149.92s	metrics:
[2023-10-13 18:11:01,192][INFO][clas_evaluator:99] - dataset: earlystopping, avg f1-score: 0.6170
[2023-10-13 18:11:15,073][INFO][clas_trainer:133] - train epoch: 22 [5376/54264 (10%)], lr: ['1.00e-04'], loss: 0.584465
[2023-10-13 18:11:25,649][INFO][clas_trainer:133] - train epoch: 22 [10784/54264 (20%)], lr: ['1.00e-04'], loss: 0.476126
[2023-10-13 18:11:37,366][INFO][clas_trainer:133] - train epoch: 22 [16192/54264 (30%)], lr: ['1.00e-04'], loss: 0.493953
[2023-10-13 18:11:48,179][INFO][clas_trainer:133] - train epoch: 22 [21600/54264 (40%)], lr: ['1.00e-04'], loss: 0.484502
[2023-10-13 18:11:59,190][INFO][clas_trainer:133] - train epoch: 22 [27008/54264 (50%)], lr: ['1.00e-04'], loss: 0.552589
[2023-10-13 18:12:09,772][INFO][clas_trainer:133] - train epoch: 22 [32416/54264 (60%)], lr: ['1.00e-04'], loss: 0.539929
[2023-10-13 18:12:20,670][INFO][clas_trainer:133] - train epoch: 22 [37824/54264 (70%)], lr: ['1.00e-04'], loss: 0.696584
[2023-10-13 18:12:31,186][INFO][clas_trainer:133] - train epoch: 22 [43232/54264 (80%)], lr: ['1.00e-04'], loss: 0.539875
[2023-10-13 18:12:41,746][INFO][clas_trainer:133] - train epoch: 22 [48640/54264 (90%)], lr: ['1.00e-04'], loss: 0.479609
[2023-10-13 18:12:52,269][INFO][clas_trainer:133] - train epoch: 22 [54048/54264 (100%)], lr: ['1.00e-04'], loss: 0.611363
[2023-10-13 18:13:23,887][INFO][clas_trainer:63] - [epoch  22] execution time: 142.70s	metrics:
[2023-10-13 18:13:23,888][INFO][clas_evaluator:99] - dataset: earlystopping, avg f1-score: 0.6380
[2023-10-13 18:13:37,377][INFO][clas_trainer:133] - train epoch: 23 [5376/54264 (10%)], lr: ['1.00e-04'], loss: 0.779694
[2023-10-13 18:13:48,299][INFO][clas_trainer:133] - train epoch: 23 [10784/54264 (20%)], lr: ['1.00e-04'], loss: 0.402542
[2023-10-13 18:14:02,165][INFO][clas_trainer:133] - train epoch: 23 [16192/54264 (30%)], lr: ['1.00e-04'], loss: 0.629168
[2023-10-13 18:14:13,497][INFO][clas_trainer:133] - train epoch: 23 [21600/54264 (40%)], lr: ['1.00e-04'], loss: 0.770516
[2023-10-13 18:14:24,967][INFO][clas_trainer:133] - train epoch: 23 [27008/54264 (50%)], lr: ['1.00e-04'], loss: 0.411821
[2023-10-13 18:14:35,383][INFO][clas_trainer:133] - train epoch: 23 [32416/54264 (60%)], lr: ['1.00e-04'], loss: 0.741790
[2023-10-13 18:14:45,925][INFO][clas_trainer:133] - train epoch: 23 [37824/54264 (70%)], lr: ['1.00e-04'], loss: 0.395763
[2023-10-13 18:14:56,447][INFO][clas_trainer:133] - train epoch: 23 [43232/54264 (80%)], lr: ['1.00e-04'], loss: 0.648603
[2023-10-13 18:15:07,811][INFO][clas_trainer:133] - train epoch: 23 [48640/54264 (90%)], lr: ['1.00e-04'], loss: 0.510830
[2023-10-13 18:15:19,083][INFO][clas_trainer:133] - train epoch: 23 [54048/54264 (100%)], lr: ['1.00e-04'], loss: 0.614709
[2023-10-13 18:15:50,498][INFO][clas_trainer:63] - [epoch  23] execution time: 146.61s	metrics:
[2023-10-13 18:15:50,499][INFO][clas_evaluator:99] - dataset: earlystopping, avg f1-score: 0.6174
[2023-10-13 18:16:05,710][INFO][clas_trainer:133] - train epoch: 24 [5376/54264 (10%)], lr: ['1.00e-04'], loss: 0.436710
[2023-10-13 18:16:17,209][INFO][clas_trainer:133] - train epoch: 24 [10784/54264 (20%)], lr: ['1.00e-04'], loss: 0.304448
[2023-10-13 18:16:28,883][INFO][clas_trainer:133] - train epoch: 24 [16192/54264 (30%)], lr: ['1.00e-04'], loss: 0.495455
[2023-10-13 18:16:40,568][INFO][clas_trainer:133] - train epoch: 24 [21600/54264 (40%)], lr: ['1.00e-04'], loss: 0.460188
[2023-10-13 18:16:52,483][INFO][clas_trainer:133] - train epoch: 24 [27008/54264 (50%)], lr: ['1.00e-04'], loss: 0.886816
[2023-10-13 18:17:03,913][INFO][clas_trainer:133] - train epoch: 24 [32416/54264 (60%)], lr: ['1.00e-04'], loss: 0.572857
[2023-10-13 18:17:16,585][INFO][clas_trainer:133] - train epoch: 24 [37824/54264 (70%)], lr: ['1.00e-04'], loss: 0.763504
[2023-10-13 18:17:28,750][INFO][clas_trainer:133] - train epoch: 24 [43232/54264 (80%)], lr: ['1.00e-04'], loss: 0.449824
[2023-10-13 18:17:40,094][INFO][clas_trainer:133] - train epoch: 24 [48640/54264 (90%)], lr: ['1.00e-04'], loss: 0.455497
[2023-10-13 18:17:51,465][INFO][clas_trainer:133] - train epoch: 24 [54048/54264 (100%)], lr: ['1.00e-04'], loss: 0.416360
[2023-10-13 18:18:24,015][INFO][clas_trainer:63] - [epoch  24] execution time: 153.52s	metrics:
[2023-10-13 18:18:24,016][INFO][clas_evaluator:99] - dataset: earlystopping, avg f1-score: 0.6129
[2023-10-13 18:18:39,366][INFO][clas_trainer:133] - train epoch: 25 [5376/54264 (10%)], lr: ['1.00e-04'], loss: 0.459876
[2023-10-13 18:18:50,090][INFO][clas_trainer:133] - train epoch: 25 [10784/54264 (20%)], lr: ['1.00e-04'], loss: 0.400078
[2023-10-13 18:19:04,369][INFO][clas_trainer:133] - train epoch: 25 [16192/54264 (30%)], lr: ['1.00e-04'], loss: 0.379031
[2023-10-13 18:19:18,066][INFO][clas_trainer:133] - train epoch: 25 [21600/54264 (40%)], lr: ['1.00e-04'], loss: 0.408680
[2023-10-13 18:19:29,260][INFO][clas_trainer:133] - train epoch: 25 [27008/54264 (50%)], lr: ['1.00e-04'], loss: 0.488066
[2023-10-13 18:19:40,874][INFO][clas_trainer:133] - train epoch: 25 [32416/54264 (60%)], lr: ['1.00e-04'], loss: 0.656890
[2023-10-13 18:19:53,985][INFO][clas_trainer:133] - train epoch: 25 [37824/54264 (70%)], lr: ['1.00e-04'], loss: 0.189903
[2023-10-13 18:20:05,266][INFO][clas_trainer:133] - train epoch: 25 [43232/54264 (80%)], lr: ['1.00e-04'], loss: 0.496351
[2023-10-13 18:20:18,402][INFO][clas_trainer:133] - train epoch: 25 [48640/54264 (90%)], lr: ['1.00e-04'], loss: 0.388909
[2023-10-13 18:20:33,768][INFO][clas_trainer:133] - train epoch: 25 [54048/54264 (100%)], lr: ['1.00e-04'], loss: 0.343166
[2023-10-13 18:21:05,878][INFO][clas_trainer:63] - [epoch  25] execution time: 161.86s	metrics:
[2023-10-13 18:21:05,878][INFO][clas_evaluator:99] - dataset: earlystopping, avg f1-score: 0.6302
[2023-10-13 18:21:05,893][INFO][clas_trainer:79] - finished training
[2023-10-13 18:21:05,893][INFO][clas_trainer:80] - best model on epoch: 15 	f1-score: 0.6496
