[2023-10-17 16:31:50,869][INFO][fine-tune:29] - overrides:
hydra:
- hydra.mode=MULTIRUN
task:
- m_seed_path_sids={seeds:[1,1,1,1,1],path:"exp004b-m1-simple_multi_class-2023-10-17_12-41-35-final.pth",subject_ids:{dod_o_h:$\{data.dod_o_h.cv_5_fold.fold_2\}}}
- data.downstream.train_dataloader.dataset.data_reducer.n_epochs=130
- data.downstream.train_dataloader.dataset.data_reducer.n_subjects=4

[2023-10-17 16:31:52,837][INFO][data_loaders:39] - class distribution before data reduction:
# samples per subject
02fb158a-a658-51ee-89cf-1e1dc2ebfde1: 861
03341d0d-5927-5838-8a5f-1b8ef39d8f57: 1063
039ce8ad-a7fa-5272-a3e3-1f4bfebdd087: 915
0d79f4b1-e74f-5e87-8e42-f9dd7112ada5: 968
100df108-eb57-5eaa-a413-f7e4436a7895: 952
130f3f52-7d0a-551e-af61-2ee75455e5c9: 989
14c012bd-65b0-56f5-bc74-2dffcea69837: 969
16450f5a-9b65-5536-85e1-93816c8b89eb: 816
18482adf-1144-54ca-9e35-27f65c43a105: 824
18ede714-aba3-5ad8-bb1a-18fc9b1c4192: 995
1da3544e-dc5c-5795-adc3-f5068959211f: 955
2159377e-ebf3-5565-9014-1e2ae69dc1d2: 907
2d01dc34-f36c-562e-b24a-d20dc798fdfc: 837
2e865ca9-e20f-5a6f-bd25-45d28cc9eab9: 950
30e8a05b-4cf1-5aa8-9ef7-28d6e2949ad5: 699
32556393-bb57-560a-99e8-e09885219647: 1106
3dd35e7b-d7e2-516d-8a85-e0d58a59569f: 1093
3e842aa8-bcd9-521e-93a2-72124233fe2c: 620
4b72b905-5521-5c57-b666-e20ff9bb195f: 868
4e3c4ac4-69e2-5347-a3b0-662c204d259d: 926
52fbe46b-206c-584a-9f4f-1eb308e07bac: 1064
5b94ec8a-c34d-5e45-84d1-bec2ea965609: 1090
5bf0f969-304c-581e-949c-50c108f62846: 947
5ddbc68c-1283-5c27-952b-d7f102291bc2: 1097
64959ac4-53b5-5868-a845-c7476e9fdf7b: 990
67fa8e29-6f4d-530e-9422-bbc3aca86ed0: 1046
6e2aa933-c51c-5a31-8c7b-83da8d076a12: 905
730aba3b-e310-5be0-9eed-7c3123466834: 1120
742f1592-627c-54eb-bbb5-ccd55ffae33a: 975
769df255-2284-50b3-8917-2155c759fbbd: 929
79e8a04e-0fdd-53ae-bedc-d49d08e29103: 918
7ab8ff5f-a77f-567d-9882-f8bee0c3c9bf: 989
7d778801-88e7-5086-ad1d-70f31a371876: 999
7f5237b1-2196-5c8a-9543-a5aa70210ef4: 931
83c1394e-9c69-5c11-9102-9ff8d59b1cfd: 1011
844f68ba-265e-53e6-bf47-6c85d1804a7b: 957
90aef91a-252f-5ccc-a82e-78ea7ee9ca1f: 1089
a25b2296-343b-53f6-8792-ada2669d466e: 1008
a35a118e-e65e-5928-92a9-4354a6a0f4ce: 813
a6254c8a-f1b2-5736-b601-18245dd5e0a5: 1084
a65a9e69-cddf-5711-9a97-de8bfdeb08cc: 961
a79d1f0e-c133-5aa0-8268-cdcc05825f0f: 1046
aadc9e0c-b7c3-5a47-851d-f21971d10935: 969
b2d3ccdd-395c-5dd2-81d9-252bcfc0c337: 902
b3706da5-748b-5dd1-a552-f57e4456cdf6: 1041
b5d5785d-87ee-5078-b9b9-aac6abd4d8de: 918
c8110476-594c-533d-95bd-86147fccc987: 995
cc3b4b63-4a6f-5f28-ac7e-62f83c271449: 1076
d3cadb78-cb8c-5a6e-885c-392e457c68b1: 982
d5181c33-a43b-5dfe-8ad7-0337facb092a: 977
e6b7cbef-4c9d-5541-82e8-04810de0fb60: 819
e72505f1-21be-5d66-b620-cfcfa2d754bc: 973
e8ec8ec4-dc48-50ce-985a-a06d87861030: 975
eb95076c-c470-56a4-b788-ace310f061c6: 965
f2a69bdc-ed51-5e3f-b102-6b3f7d392be0: 960
f66bc75e-778b-5037-af86-b5275cd4c79f: 865

# samples per stage
0: 9109
1: 2878
2: 26255
3: 6343
4: 9114
[2023-10-17 16:31:52,985][INFO][data_loaders:43] - class distribution after data reduction:
# samples per subject
039ce8ad-a7fa-5272-a3e3-1f4bfebdd087: 11151
4e3c4ac4-69e2-5347-a3b0-662c204d259d: 12803
b3706da5-748b-5dd1-a552-f57e4456cdf6: 16520
c8110476-594c-533d-95bd-86147fccc987: 13216

# samples per stage
0: 9499
1: 2891
2: 22302
3: 5369
4: 13629
[2023-10-17 16:31:53,289][INFO][data_loaders:39] - class distribution before data reduction:
# samples per subject
0416d51f-5d69-5326-b74a-a2e31a96a1ef: 822
119f9726-eb4c-5a0e-a7bb-9e15256149a1: 932
1fa6c401-d819-50f5-8146-a0bb9e2b2516: 986
22bea84c-5d23-5e49-bc2d-9764f883955b: 1048
25a6b2b0-4d09-561b-82c6-f09bb271d3be: 1063
6a7503ac-ab3a-5d5b-b474-4b0fe37748dd: 1213
a30245e3-4a71-565f-9636-92e7d2e825fc: 1122
b3534fa3-7676-50dc-8412-07f0eff4f7a9: 757

# samples per stage
0: 1372
1: 412
2: 3945
3: 905
4: 1309
[2023-10-17 16:31:53,308][INFO][data_loaders:43] - class distribution after data reduction:
# samples per subject
0416d51f-5d69-5326-b74a-a2e31a96a1ef: 822
119f9726-eb4c-5a0e-a7bb-9e15256149a1: 932
1fa6c401-d819-50f5-8146-a0bb9e2b2516: 986
22bea84c-5d23-5e49-bc2d-9764f883955b: 1048
25a6b2b0-4d09-561b-82c6-f09bb271d3be: 1063
6a7503ac-ab3a-5d5b-b474-4b0fe37748dd: 1213
a30245e3-4a71-565f-9636-92e7d2e825fc: 1122
b3534fa3-7676-50dc-8412-07f0eff4f7a9: 757

# samples per stage
0: 1372
1: 412
2: 3945
3: 905
4: 1309
[2023-10-17 16:31:53,340][INFO][clas_trainer:49] - metrics before training (epoch 0):
[2023-10-17 16:32:08,848][INFO][clas_evaluator:99] - dataset: earlystopping, avg f1-score: 0.1329
[2023-10-17 16:32:18,858][INFO][clas_trainer:133] - train epoch: 1 [5312/53690 (10%)], lr: ['1.00e-04', '1.00e-04'], loss: 2.839160
[2023-10-17 16:32:28,380][INFO][clas_trainer:133] - train epoch: 1 [10656/53690 (20%)], lr: ['1.00e-04', '1.00e-04'], loss: 1.721689
[2023-10-17 16:32:38,136][INFO][clas_trainer:133] - train epoch: 1 [16000/53690 (30%)], lr: ['1.00e-04', '1.00e-04'], loss: 1.551546
[2023-10-17 16:32:47,804][INFO][clas_trainer:133] - train epoch: 1 [21344/53690 (40%)], lr: ['1.00e-04', '1.00e-04'], loss: 1.526921
[2023-10-17 16:32:57,483][INFO][clas_trainer:133] - train epoch: 1 [26688/53690 (50%)], lr: ['1.00e-04', '1.00e-04'], loss: 1.143319
[2023-10-17 16:33:07,472][INFO][clas_trainer:133] - train epoch: 1 [32032/53690 (60%)], lr: ['1.00e-04', '1.00e-04'], loss: 0.598498
[2023-10-17 16:33:17,433][INFO][clas_trainer:133] - train epoch: 1 [37376/53690 (70%)], lr: ['1.00e-04', '1.00e-04'], loss: 0.611032
[2023-10-17 16:33:27,056][INFO][clas_trainer:133] - train epoch: 1 [42720/53690 (80%)], lr: ['1.00e-04', '1.00e-04'], loss: 0.759582
[2023-10-17 16:33:36,517][INFO][clas_trainer:133] - train epoch: 1 [48064/53690 (90%)], lr: ['1.00e-04', '1.00e-04'], loss: 0.314743
[2023-10-17 16:33:46,190][INFO][clas_trainer:133] - train epoch: 1 [53408/53690 (99%)], lr: ['1.00e-04', '1.00e-04'], loss: 0.460797
[2023-10-17 16:34:02,054][INFO][clas_trainer:63] - [epoch   1] execution time: 113.21s	metrics:
[2023-10-17 16:34:02,054][INFO][clas_evaluator:99] - dataset: earlystopping, avg f1-score: 0.2506
[2023-10-17 16:34:02,113][INFO][base_model:51] - snapshot saved to XXX/frequency-pretraining/models/exp004a-m38-base_fe_clas-2023-10-17_13-13-53-final.pth
[2023-10-17 16:34:12,306][INFO][clas_trainer:133] - train epoch: 2 [5312/53690 (10%)], lr: ['1.00e-04', '1.00e-04'], loss: 0.522477
[2023-10-17 16:34:21,964][INFO][clas_trainer:133] - train epoch: 2 [10656/53690 (20%)], lr: ['1.00e-04', '1.00e-04'], loss: 0.205024
[2023-10-17 16:34:31,377][INFO][clas_trainer:133] - train epoch: 2 [16000/53690 (30%)], lr: ['1.00e-04', '1.00e-04'], loss: 0.096347
[2023-10-17 16:34:40,952][INFO][clas_trainer:133] - train epoch: 2 [21344/53690 (40%)], lr: ['1.00e-04', '1.00e-04'], loss: 0.339152
[2023-10-17 16:34:51,023][INFO][clas_trainer:133] - train epoch: 2 [26688/53690 (50%)], lr: ['1.00e-04', '1.00e-04'], loss: 0.128630
[2023-10-17 16:35:01,217][INFO][clas_trainer:133] - train epoch: 2 [32032/53690 (60%)], lr: ['1.00e-04', '1.00e-04'], loss: 0.221458
[2023-10-17 16:35:11,838][INFO][clas_trainer:133] - train epoch: 2 [37376/53690 (70%)], lr: ['1.00e-04', '1.00e-04'], loss: 0.093714
[2023-10-17 16:35:23,145][INFO][clas_trainer:133] - train epoch: 2 [42720/53690 (80%)], lr: ['1.00e-04', '1.00e-04'], loss: 0.037437
[2023-10-17 16:35:34,121][INFO][clas_trainer:133] - train epoch: 2 [48064/53690 (90%)], lr: ['1.00e-04', '1.00e-04'], loss: 0.013757
[2023-10-17 16:35:44,739][INFO][clas_trainer:133] - train epoch: 2 [53408/53690 (99%)], lr: ['1.00e-04', '1.00e-04'], loss: 0.014196
[2023-10-17 16:36:02,491][INFO][clas_trainer:63] - [epoch   2] execution time: 120.38s	metrics:
[2023-10-17 16:36:02,492][INFO][clas_evaluator:99] - dataset: earlystopping, avg f1-score: 0.2977
[2023-10-17 16:36:02,553][INFO][base_model:51] - snapshot saved to XXX/frequency-pretraining/models/exp004a-m38-base_fe_clas-2023-10-17_13-13-53-final.pth
[2023-10-17 16:36:14,253][INFO][clas_trainer:133] - train epoch: 3 [5312/53690 (10%)], lr: ['1.00e-04', '1.00e-04'], loss: 0.006882
[2023-10-17 16:36:25,105][INFO][clas_trainer:133] - train epoch: 3 [10656/53690 (20%)], lr: ['1.00e-04', '1.00e-04'], loss: 0.022277
[2023-10-17 16:36:36,141][INFO][clas_trainer:133] - train epoch: 3 [16000/53690 (30%)], lr: ['1.00e-04', '1.00e-04'], loss: 0.013947
[2023-10-17 16:36:46,935][INFO][clas_trainer:133] - train epoch: 3 [21344/53690 (40%)], lr: ['1.00e-04', '1.00e-04'], loss: 0.012396
[2023-10-17 16:36:58,297][INFO][clas_trainer:133] - train epoch: 3 [26688/53690 (50%)], lr: ['1.00e-04', '1.00e-04'], loss: 0.033877
[2023-10-17 16:37:09,279][INFO][clas_trainer:133] - train epoch: 3 [32032/53690 (60%)], lr: ['1.00e-04', '1.00e-04'], loss: 0.089922
[2023-10-17 16:37:19,634][INFO][clas_trainer:133] - train epoch: 3 [37376/53690 (70%)], lr: ['1.00e-04', '1.00e-04'], loss: 0.001297
[2023-10-17 16:37:30,609][INFO][clas_trainer:133] - train epoch: 3 [42720/53690 (80%)], lr: ['1.00e-04', '1.00e-04'], loss: 0.003602
[2023-10-17 16:37:42,059][INFO][clas_trainer:133] - train epoch: 3 [48064/53690 (90%)], lr: ['1.00e-04', '1.00e-04'], loss: 0.027988
[2023-10-17 16:37:52,650][INFO][clas_trainer:133] - train epoch: 3 [53408/53690 (99%)], lr: ['1.00e-04', '1.00e-04'], loss: 0.010956
[2023-10-17 16:38:10,490][INFO][clas_trainer:63] - [epoch   3] execution time: 127.94s	metrics:
[2023-10-17 16:38:10,490][INFO][clas_evaluator:99] - dataset: earlystopping, avg f1-score: 0.3385
[2023-10-17 16:38:10,550][INFO][base_model:51] - snapshot saved to XXX/frequency-pretraining/models/exp004a-m38-base_fe_clas-2023-10-17_13-13-53-final.pth
[2023-10-17 16:38:21,403][INFO][clas_trainer:133] - train epoch: 4 [5312/53690 (10%)], lr: ['1.00e-04', '1.00e-04'], loss: 0.011904
[2023-10-17 16:38:31,150][INFO][clas_trainer:133] - train epoch: 4 [10656/53690 (20%)], lr: ['1.00e-04', '1.00e-04'], loss: 0.235538
[2023-10-17 16:38:40,648][INFO][clas_trainer:133] - train epoch: 4 [16000/53690 (30%)], lr: ['1.00e-04', '1.00e-04'], loss: 0.000553
[2023-10-17 16:38:50,227][INFO][clas_trainer:133] - train epoch: 4 [21344/53690 (40%)], lr: ['1.00e-04', '1.00e-04'], loss: 0.075311
[2023-10-17 16:38:59,861][INFO][clas_trainer:133] - train epoch: 4 [26688/53690 (50%)], lr: ['1.00e-04', '1.00e-04'], loss: 0.001019
[2023-10-17 16:39:09,401][INFO][clas_trainer:133] - train epoch: 4 [32032/53690 (60%)], lr: ['1.00e-04', '1.00e-04'], loss: 0.000884
[2023-10-17 16:39:19,174][INFO][clas_trainer:133] - train epoch: 4 [37376/53690 (70%)], lr: ['1.00e-04', '1.00e-04'], loss: 0.003613
[2023-10-17 16:39:28,731][INFO][clas_trainer:133] - train epoch: 4 [42720/53690 (80%)], lr: ['1.00e-04', '1.00e-04'], loss: 0.168954
[2023-10-17 16:39:38,193][INFO][clas_trainer:133] - train epoch: 4 [48064/53690 (90%)], lr: ['1.00e-04', '1.00e-04'], loss: 0.000273
[2023-10-17 16:39:47,740][INFO][clas_trainer:133] - train epoch: 4 [53408/53690 (99%)], lr: ['1.00e-04', '1.00e-04'], loss: 0.000243
[2023-10-17 16:40:03,855][INFO][clas_trainer:63] - [epoch   4] execution time: 113.30s	metrics:
[2023-10-17 16:40:03,856][INFO][clas_evaluator:99] - dataset: earlystopping, avg f1-score: 0.3334
[2023-10-17 16:40:13,896][INFO][clas_trainer:133] - train epoch: 5 [5312/53690 (10%)], lr: ['1.00e-04', '1.00e-04'], loss: 0.020977
[2023-10-17 16:40:23,610][INFO][clas_trainer:133] - train epoch: 5 [10656/53690 (20%)], lr: ['1.00e-04', '1.00e-04'], loss: 0.004141
[2023-10-17 16:40:33,232][INFO][clas_trainer:133] - train epoch: 5 [16000/53690 (30%)], lr: ['1.00e-04', '1.00e-04'], loss: 0.001402
[2023-10-17 16:40:42,710][INFO][clas_trainer:133] - train epoch: 5 [21344/53690 (40%)], lr: ['1.00e-04', '1.00e-04'], loss: 0.000290
[2023-10-17 16:40:52,337][INFO][clas_trainer:133] - train epoch: 5 [26688/53690 (50%)], lr: ['1.00e-04', '1.00e-04'], loss: 0.001529
[2023-10-17 16:41:02,136][INFO][clas_trainer:133] - train epoch: 5 [32032/53690 (60%)], lr: ['1.00e-04', '1.00e-04'], loss: 0.035151
[2023-10-17 16:41:11,669][INFO][clas_trainer:133] - train epoch: 5 [37376/53690 (70%)], lr: ['1.00e-04', '1.00e-04'], loss: 0.009266
[2023-10-17 16:41:21,193][INFO][clas_trainer:133] - train epoch: 5 [42720/53690 (80%)], lr: ['1.00e-04', '1.00e-04'], loss: 0.000990
[2023-10-17 16:41:31,048][INFO][clas_trainer:133] - train epoch: 5 [48064/53690 (90%)], lr: ['1.00e-04', '1.00e-04'], loss: 0.009994
[2023-10-17 16:41:40,668][INFO][clas_trainer:133] - train epoch: 5 [53408/53690 (99%)], lr: ['1.00e-04', '1.00e-04'], loss: 0.000087
[2023-10-17 16:41:56,567][INFO][clas_trainer:63] - [epoch   5] execution time: 112.71s	metrics:
[2023-10-17 16:41:56,568][INFO][clas_evaluator:99] - dataset: earlystopping, avg f1-score: 0.3502
[2023-10-17 16:41:56,624][INFO][base_model:51] - snapshot saved to XXX/frequency-pretraining/models/exp004a-m38-base_fe_clas-2023-10-17_13-13-53-final.pth
[2023-10-17 16:42:06,871][INFO][clas_trainer:133] - train epoch: 6 [5312/53690 (10%)], lr: ['1.00e-04', '1.00e-04'], loss: 0.000136
[2023-10-17 16:42:16,447][INFO][clas_trainer:133] - train epoch: 6 [10656/53690 (20%)], lr: ['1.00e-04', '1.00e-04'], loss: 0.001298
[2023-10-17 16:42:26,100][INFO][clas_trainer:133] - train epoch: 6 [16000/53690 (30%)], lr: ['1.00e-04', '1.00e-04'], loss: 0.000753
[2023-10-17 16:42:35,631][INFO][clas_trainer:133] - train epoch: 6 [21344/53690 (40%)], lr: ['1.00e-04', '1.00e-04'], loss: 0.000074
[2023-10-17 16:42:45,457][INFO][clas_trainer:133] - train epoch: 6 [26688/53690 (50%)], lr: ['1.00e-04', '1.00e-04'], loss: 0.000297
[2023-10-17 16:42:55,159][INFO][clas_trainer:133] - train epoch: 6 [32032/53690 (60%)], lr: ['1.00e-04', '1.00e-04'], loss: 0.000158
[2023-10-17 16:43:04,838][INFO][clas_trainer:133] - train epoch: 6 [37376/53690 (70%)], lr: ['1.00e-04', '1.00e-04'], loss: 0.000523
[2023-10-17 16:43:14,984][INFO][clas_trainer:133] - train epoch: 6 [42720/53690 (80%)], lr: ['1.00e-04', '1.00e-04'], loss: 0.000426
[2023-10-17 16:43:24,784][INFO][clas_trainer:133] - train epoch: 6 [48064/53690 (90%)], lr: ['1.00e-04', '1.00e-04'], loss: 0.006742
[2023-10-17 16:43:34,266][INFO][clas_trainer:133] - train epoch: 6 [53408/53690 (99%)], lr: ['1.00e-04', '1.00e-04'], loss: 0.014160
[2023-10-17 16:43:50,248][INFO][clas_trainer:63] - [epoch   6] execution time: 113.62s	metrics:
[2023-10-17 16:43:50,248][INFO][clas_evaluator:99] - dataset: earlystopping, avg f1-score: 0.3679
[2023-10-17 16:43:50,305][INFO][base_model:51] - snapshot saved to XXX/frequency-pretraining/models/exp004a-m38-base_fe_clas-2023-10-17_13-13-53-final.pth
[2023-10-17 16:44:00,412][INFO][clas_trainer:133] - train epoch: 7 [5312/53690 (10%)], lr: ['1.00e-04', '1.00e-04'], loss: 0.014647
[2023-10-17 16:44:10,115][INFO][clas_trainer:133] - train epoch: 7 [10656/53690 (20%)], lr: ['1.00e-04', '1.00e-04'], loss: 0.000765
[2023-10-17 16:44:19,806][INFO][clas_trainer:133] - train epoch: 7 [16000/53690 (30%)], lr: ['1.00e-04', '1.00e-04'], loss: 0.017473
[2023-10-17 16:44:29,219][INFO][clas_trainer:133] - train epoch: 7 [21344/53690 (40%)], lr: ['1.00e-04', '1.00e-04'], loss: 0.000259
[2023-10-17 16:44:38,935][INFO][clas_trainer:133] - train epoch: 7 [26688/53690 (50%)], lr: ['1.00e-04', '1.00e-04'], loss: 0.000006
[2023-10-17 16:44:48,645][INFO][clas_trainer:133] - train epoch: 7 [32032/53690 (60%)], lr: ['1.00e-04', '1.00e-04'], loss: 0.000221
[2023-10-17 16:44:58,367][INFO][clas_trainer:133] - train epoch: 7 [37376/53690 (70%)], lr: ['1.00e-04', '1.00e-04'], loss: 0.000040
[2023-10-17 16:45:08,162][INFO][clas_trainer:133] - train epoch: 7 [42720/53690 (80%)], lr: ['1.00e-04', '1.00e-04'], loss: 0.000825
[2023-10-17 16:45:17,827][INFO][clas_trainer:133] - train epoch: 7 [48064/53690 (90%)], lr: ['1.00e-04', '1.00e-04'], loss: 0.007361
[2023-10-17 16:45:27,477][INFO][clas_trainer:133] - train epoch: 7 [53408/53690 (99%)], lr: ['1.00e-04', '1.00e-04'], loss: 0.000080
[2023-10-17 16:45:43,458][INFO][clas_trainer:63] - [epoch   7] execution time: 113.15s	metrics:
[2023-10-17 16:45:43,458][INFO][clas_evaluator:99] - dataset: earlystopping, avg f1-score: 0.3788
[2023-10-17 16:45:43,515][INFO][base_model:51] - snapshot saved to XXX/frequency-pretraining/models/exp004a-m38-base_fe_clas-2023-10-17_13-13-53-final.pth
[2023-10-17 16:45:53,605][INFO][clas_trainer:133] - train epoch: 8 [5312/53690 (10%)], lr: ['1.00e-04', '1.00e-04'], loss: 0.011196
[2023-10-17 16:46:03,527][INFO][clas_trainer:133] - train epoch: 8 [10656/53690 (20%)], lr: ['1.00e-04', '1.00e-04'], loss: 0.002159
[2023-10-17 16:46:13,195][INFO][clas_trainer:133] - train epoch: 8 [16000/53690 (30%)], lr: ['1.00e-04', '1.00e-04'], loss: 0.000159
[2023-10-17 16:46:22,568][INFO][clas_trainer:133] - train epoch: 8 [21344/53690 (40%)], lr: ['1.00e-04', '1.00e-04'], loss: 0.000107
[2023-10-17 16:46:32,269][INFO][clas_trainer:133] - train epoch: 8 [26688/53690 (50%)], lr: ['1.00e-04', '1.00e-04'], loss: 0.000074
[2023-10-17 16:46:41,847][INFO][clas_trainer:133] - train epoch: 8 [32032/53690 (60%)], lr: ['1.00e-04', '1.00e-04'], loss: 0.001161
[2023-10-17 16:46:51,412][INFO][clas_trainer:133] - train epoch: 8 [37376/53690 (70%)], lr: ['1.00e-04', '1.00e-04'], loss: 0.001226
[2023-10-17 16:47:01,036][INFO][clas_trainer:133] - train epoch: 8 [42720/53690 (80%)], lr: ['1.00e-04', '1.00e-04'], loss: 0.000520
[2023-10-17 16:47:10,938][INFO][clas_trainer:133] - train epoch: 8 [48064/53690 (90%)], lr: ['1.00e-04', '1.00e-04'], loss: 0.000291
[2023-10-17 16:47:20,564][INFO][clas_trainer:133] - train epoch: 8 [53408/53690 (99%)], lr: ['1.00e-04', '1.00e-04'], loss: 0.025821
[2023-10-17 16:47:36,215][INFO][clas_trainer:63] - [epoch   8] execution time: 112.70s	metrics:
[2023-10-17 16:47:36,215][INFO][clas_evaluator:99] - dataset: earlystopping, avg f1-score: 0.4111
[2023-10-17 16:47:36,271][INFO][base_model:51] - snapshot saved to XXX/frequency-pretraining/models/exp004a-m38-base_fe_clas-2023-10-17_13-13-53-final.pth
[2023-10-17 16:47:46,492][INFO][clas_trainer:133] - train epoch: 9 [5312/53690 (10%)], lr: ['1.00e-04', '1.00e-04'], loss: 0.000671
[2023-10-17 16:47:56,245][INFO][clas_trainer:133] - train epoch: 9 [10656/53690 (20%)], lr: ['1.00e-04', '1.00e-04'], loss: 0.000281
[2023-10-17 16:48:06,155][INFO][clas_trainer:133] - train epoch: 9 [16000/53690 (30%)], lr: ['1.00e-04', '1.00e-04'], loss: 0.003936
[2023-10-17 16:48:15,880][INFO][clas_trainer:133] - train epoch: 9 [21344/53690 (40%)], lr: ['1.00e-04', '1.00e-04'], loss: 0.001340
[2023-10-17 16:48:25,442][INFO][clas_trainer:133] - train epoch: 9 [26688/53690 (50%)], lr: ['1.00e-04', '1.00e-04'], loss: 0.000483
[2023-10-17 16:48:35,075][INFO][clas_trainer:133] - train epoch: 9 [32032/53690 (60%)], lr: ['1.00e-04', '1.00e-04'], loss: 0.000367
[2023-10-17 16:48:44,860][INFO][clas_trainer:133] - train epoch: 9 [37376/53690 (70%)], lr: ['1.00e-04', '1.00e-04'], loss: 0.269832
[2023-10-17 16:48:54,680][INFO][clas_trainer:133] - train epoch: 9 [42720/53690 (80%)], lr: ['1.00e-04', '1.00e-04'], loss: 0.000149
[2023-10-17 16:49:04,439][INFO][clas_trainer:133] - train epoch: 9 [48064/53690 (90%)], lr: ['1.00e-04', '1.00e-04'], loss: 0.000214
[2023-10-17 16:49:14,228][INFO][clas_trainer:133] - train epoch: 9 [53408/53690 (99%)], lr: ['1.00e-04', '1.00e-04'], loss: 0.000385
[2023-10-17 16:49:30,338][INFO][clas_trainer:63] - [epoch   9] execution time: 114.07s	metrics:
[2023-10-17 16:49:30,338][INFO][clas_evaluator:99] - dataset: earlystopping, avg f1-score: 0.3784
[2023-10-17 16:49:40,612][INFO][clas_trainer:133] - train epoch: 10 [5312/53690 (10%)], lr: ['1.00e-04', '1.00e-04'], loss: 0.000321
[2023-10-17 16:49:50,240][INFO][clas_trainer:133] - train epoch: 10 [10656/53690 (20%)], lr: ['1.00e-04', '1.00e-04'], loss: 0.000452
[2023-10-17 16:50:00,065][INFO][clas_trainer:133] - train epoch: 10 [16000/53690 (30%)], lr: ['1.00e-04', '1.00e-04'], loss: 0.000161
[2023-10-17 16:50:09,634][INFO][clas_trainer:133] - train epoch: 10 [21344/53690 (40%)], lr: ['1.00e-04', '1.00e-04'], loss: 0.000578
[2023-10-17 16:50:19,450][INFO][clas_trainer:133] - train epoch: 10 [26688/53690 (50%)], lr: ['1.00e-04', '1.00e-04'], loss: 0.000338
[2023-10-17 16:50:29,087][INFO][clas_trainer:133] - train epoch: 10 [32032/53690 (60%)], lr: ['1.00e-04', '1.00e-04'], loss: 0.000153
[2023-10-17 16:50:38,679][INFO][clas_trainer:133] - train epoch: 10 [37376/53690 (70%)], lr: ['1.00e-04', '1.00e-04'], loss: 0.000765
[2023-10-17 16:50:48,074][INFO][clas_trainer:133] - train epoch: 10 [42720/53690 (80%)], lr: ['1.00e-04', '1.00e-04'], loss: 0.000521
[2023-10-17 16:50:57,957][INFO][clas_trainer:133] - train epoch: 10 [48064/53690 (90%)], lr: ['1.00e-04', '1.00e-04'], loss: 0.000694
[2023-10-17 16:51:07,643][INFO][clas_trainer:133] - train epoch: 10 [53408/53690 (99%)], lr: ['1.00e-04', '1.00e-04'], loss: 0.000099
[2023-10-17 16:51:23,619][INFO][clas_trainer:63] - [epoch  10] execution time: 113.28s	metrics:
[2023-10-17 16:51:23,619][INFO][clas_evaluator:99] - dataset: earlystopping, avg f1-score: 0.3862
[2023-10-17 16:51:33,986][INFO][clas_trainer:133] - train epoch: 11 [5312/53690 (10%)], lr: ['1.00e-04', '1.00e-04'], loss: 0.014926
[2023-10-17 16:51:43,597][INFO][clas_trainer:133] - train epoch: 11 [10656/53690 (20%)], lr: ['1.00e-04', '1.00e-04'], loss: 0.047708
[2023-10-17 16:51:53,477][INFO][clas_trainer:133] - train epoch: 11 [16000/53690 (30%)], lr: ['1.00e-04', '1.00e-04'], loss: 0.000154
[2023-10-17 16:52:02,845][INFO][clas_trainer:133] - train epoch: 11 [21344/53690 (40%)], lr: ['1.00e-04', '1.00e-04'], loss: 0.000628
[2023-10-17 16:52:12,713][INFO][clas_trainer:133] - train epoch: 11 [26688/53690 (50%)], lr: ['1.00e-04', '1.00e-04'], loss: 0.000905
[2023-10-17 16:52:22,433][INFO][clas_trainer:133] - train epoch: 11 [32032/53690 (60%)], lr: ['1.00e-04', '1.00e-04'], loss: 0.000121
[2023-10-17 16:52:32,027][INFO][clas_trainer:133] - train epoch: 11 [37376/53690 (70%)], lr: ['1.00e-04', '1.00e-04'], loss: 0.007952
[2023-10-17 16:52:41,936][INFO][clas_trainer:133] - train epoch: 11 [42720/53690 (80%)], lr: ['1.00e-04', '1.00e-04'], loss: 0.000111
[2023-10-17 16:52:51,736][INFO][clas_trainer:133] - train epoch: 11 [48064/53690 (90%)], lr: ['1.00e-04', '1.00e-04'], loss: 0.000600
[2023-10-17 16:53:01,571][INFO][clas_trainer:133] - train epoch: 11 [53408/53690 (99%)], lr: ['1.00e-04', '1.00e-04'], loss: 0.002267
[2023-10-17 16:53:17,440][INFO][clas_trainer:63] - [epoch  11] execution time: 113.82s	metrics:
[2023-10-17 16:53:17,440][INFO][clas_evaluator:99] - dataset: earlystopping, avg f1-score: 0.3833
[2023-10-17 16:53:27,474][INFO][clas_trainer:133] - train epoch: 12 [5312/53690 (10%)], lr: ['1.00e-04', '1.00e-04'], loss: 0.000046
[2023-10-17 16:53:37,060][INFO][clas_trainer:133] - train epoch: 12 [10656/53690 (20%)], lr: ['1.00e-04', '1.00e-04'], loss: 0.000025
[2023-10-17 16:53:46,909][INFO][clas_trainer:133] - train epoch: 12 [16000/53690 (30%)], lr: ['1.00e-04', '1.00e-04'], loss: 0.000054
[2023-10-17 16:53:56,237][INFO][clas_trainer:133] - train epoch: 12 [21344/53690 (40%)], lr: ['1.00e-04', '1.00e-04'], loss: 0.000552
[2023-10-17 16:54:05,752][INFO][clas_trainer:133] - train epoch: 12 [26688/53690 (50%)], lr: ['1.00e-04', '1.00e-04'], loss: 0.000746
[2023-10-17 16:54:15,399][INFO][clas_trainer:133] - train epoch: 12 [32032/53690 (60%)], lr: ['1.00e-04', '1.00e-04'], loss: 0.000073
[2023-10-17 16:54:25,172][INFO][clas_trainer:133] - train epoch: 12 [37376/53690 (70%)], lr: ['1.00e-04', '1.00e-04'], loss: 0.001439
[2023-10-17 16:54:34,597][INFO][clas_trainer:133] - train epoch: 12 [42720/53690 (80%)], lr: ['1.00e-04', '1.00e-04'], loss: 0.000181
[2023-10-17 16:54:44,218][INFO][clas_trainer:133] - train epoch: 12 [48064/53690 (90%)], lr: ['1.00e-04', '1.00e-04'], loss: 0.000800
[2023-10-17 16:54:53,863][INFO][clas_trainer:133] - train epoch: 12 [53408/53690 (99%)], lr: ['1.00e-04', '1.00e-04'], loss: 0.000185
[2023-10-17 16:55:09,779][INFO][clas_trainer:63] - [epoch  12] execution time: 112.34s	metrics:
[2023-10-17 16:55:09,779][INFO][clas_evaluator:99] - dataset: earlystopping, avg f1-score: 0.4065
[2023-10-17 16:55:19,960][INFO][clas_trainer:133] - train epoch: 13 [5312/53690 (10%)], lr: ['1.00e-04', '1.00e-04'], loss: 0.000086
[2023-10-17 16:55:29,521][INFO][clas_trainer:133] - train epoch: 13 [10656/53690 (20%)], lr: ['1.00e-04', '1.00e-04'], loss: 0.001781
[2023-10-17 16:55:39,083][INFO][clas_trainer:133] - train epoch: 13 [16000/53690 (30%)], lr: ['1.00e-04', '1.00e-04'], loss: 0.000275
[2023-10-17 16:55:48,672][INFO][clas_trainer:133] - train epoch: 13 [21344/53690 (40%)], lr: ['1.00e-04', '1.00e-04'], loss: 0.005692
[2023-10-17 16:55:58,418][INFO][clas_trainer:133] - train epoch: 13 [26688/53690 (50%)], lr: ['1.00e-04', '1.00e-04'], loss: 0.002335
[2023-10-17 16:56:07,899][INFO][clas_trainer:133] - train epoch: 13 [32032/53690 (60%)], lr: ['1.00e-04', '1.00e-04'], loss: 0.003653
[2023-10-17 16:56:17,668][INFO][clas_trainer:133] - train epoch: 13 [37376/53690 (70%)], lr: ['1.00e-04', '1.00e-04'], loss: 0.000356
[2023-10-17 16:56:27,227][INFO][clas_trainer:133] - train epoch: 13 [42720/53690 (80%)], lr: ['1.00e-04', '1.00e-04'], loss: 0.000729
[2023-10-17 16:56:36,961][INFO][clas_trainer:133] - train epoch: 13 [48064/53690 (90%)], lr: ['1.00e-04', '1.00e-04'], loss: 0.001047
[2023-10-17 16:56:46,647][INFO][clas_trainer:133] - train epoch: 13 [53408/53690 (99%)], lr: ['1.00e-04', '1.00e-04'], loss: 0.000106
[2023-10-17 16:57:02,523][INFO][clas_trainer:63] - [epoch  13] execution time: 112.74s	metrics:
[2023-10-17 16:57:02,524][INFO][clas_evaluator:99] - dataset: earlystopping, avg f1-score: 0.3620
[2023-10-17 16:57:12,949][INFO][clas_trainer:133] - train epoch: 14 [5312/53690 (10%)], lr: ['1.00e-04', '1.00e-04'], loss: 0.000234
[2023-10-17 16:57:22,453][INFO][clas_trainer:133] - train epoch: 14 [10656/53690 (20%)], lr: ['1.00e-04', '1.00e-04'], loss: 0.006540
[2023-10-17 16:57:32,042][INFO][clas_trainer:133] - train epoch: 14 [16000/53690 (30%)], lr: ['1.00e-04', '1.00e-04'], loss: 0.000152
[2023-10-17 16:57:41,844][INFO][clas_trainer:133] - train epoch: 14 [21344/53690 (40%)], lr: ['1.00e-04', '1.00e-04'], loss: 0.000228
[2023-10-17 16:57:51,465][INFO][clas_trainer:133] - train epoch: 14 [26688/53690 (50%)], lr: ['1.00e-04', '1.00e-04'], loss: 0.000399
[2023-10-17 16:58:01,465][INFO][clas_trainer:133] - train epoch: 14 [32032/53690 (60%)], lr: ['1.00e-04', '1.00e-04'], loss: 0.000738
[2023-10-17 16:58:11,395][INFO][clas_trainer:133] - train epoch: 14 [37376/53690 (70%)], lr: ['1.00e-04', '1.00e-04'], loss: 0.000155
[2023-10-17 16:58:20,904][INFO][clas_trainer:133] - train epoch: 14 [42720/53690 (80%)], lr: ['1.00e-04', '1.00e-04'], loss: 0.000719
[2023-10-17 16:58:30,504][INFO][clas_trainer:133] - train epoch: 14 [48064/53690 (90%)], lr: ['1.00e-04', '1.00e-04'], loss: 0.016836
[2023-10-17 16:58:40,098][INFO][clas_trainer:133] - train epoch: 14 [53408/53690 (99%)], lr: ['1.00e-04', '1.00e-04'], loss: 0.000405
[2023-10-17 16:58:56,042][INFO][clas_trainer:63] - [epoch  14] execution time: 113.52s	metrics:
[2023-10-17 16:58:56,042][INFO][clas_evaluator:99] - dataset: earlystopping, avg f1-score: 0.3792
[2023-10-17 16:59:06,154][INFO][clas_trainer:133] - train epoch: 15 [5312/53690 (10%)], lr: ['1.00e-04', '1.00e-04'], loss: 0.000433
[2023-10-17 16:59:15,774][INFO][clas_trainer:133] - train epoch: 15 [10656/53690 (20%)], lr: ['1.00e-04', '1.00e-04'], loss: 0.001095
[2023-10-17 16:59:25,491][INFO][clas_trainer:133] - train epoch: 15 [16000/53690 (30%)], lr: ['1.00e-04', '1.00e-04'], loss: 0.000301
[2023-10-17 16:59:34,910][INFO][clas_trainer:133] - train epoch: 15 [21344/53690 (40%)], lr: ['1.00e-04', '1.00e-04'], loss: 0.001115
[2023-10-17 16:59:44,522][INFO][clas_trainer:133] - train epoch: 15 [26688/53690 (50%)], lr: ['1.00e-04', '1.00e-04'], loss: 0.000583
[2023-10-17 16:59:54,337][INFO][clas_trainer:133] - train epoch: 15 [32032/53690 (60%)], lr: ['1.00e-04', '1.00e-04'], loss: 0.000292
[2023-10-17 17:00:04,050][INFO][clas_trainer:133] - train epoch: 15 [37376/53690 (70%)], lr: ['1.00e-04', '1.00e-04'], loss: 0.001132
[2023-10-17 17:00:13,461][INFO][clas_trainer:133] - train epoch: 15 [42720/53690 (80%)], lr: ['1.00e-04', '1.00e-04'], loss: 0.000831
[2023-10-17 17:00:23,155][INFO][clas_trainer:133] - train epoch: 15 [48064/53690 (90%)], lr: ['1.00e-04', '1.00e-04'], loss: 0.000462
[2023-10-17 17:00:32,978][INFO][clas_trainer:133] - train epoch: 15 [53408/53690 (99%)], lr: ['1.00e-04', '1.00e-04'], loss: 0.000415
[2023-10-17 17:00:48,667][INFO][clas_trainer:63] - [epoch  15] execution time: 112.63s	metrics:
[2023-10-17 17:00:48,667][INFO][clas_evaluator:99] - dataset: earlystopping, avg f1-score: 0.4028
[2023-10-17 17:00:58,708][INFO][clas_trainer:133] - train epoch: 16 [5312/53690 (10%)], lr: ['1.00e-04', '1.00e-04'], loss: 0.000518
[2023-10-17 17:01:08,470][INFO][clas_trainer:133] - train epoch: 16 [10656/53690 (20%)], lr: ['1.00e-04', '1.00e-04'], loss: 0.001495
[2023-10-17 17:01:18,046][INFO][clas_trainer:133] - train epoch: 16 [16000/53690 (30%)], lr: ['1.00e-04', '1.00e-04'], loss: 0.000282
[2023-10-17 17:01:27,563][INFO][clas_trainer:133] - train epoch: 16 [21344/53690 (40%)], lr: ['1.00e-04', '1.00e-04'], loss: 0.004920
[2023-10-17 17:01:37,111][INFO][clas_trainer:133] - train epoch: 16 [26688/53690 (50%)], lr: ['1.00e-04', '1.00e-04'], loss: 0.001024
[2023-10-17 17:01:46,636][INFO][clas_trainer:133] - train epoch: 16 [32032/53690 (60%)], lr: ['1.00e-04', '1.00e-04'], loss: 0.000720
[2023-10-17 17:01:56,289][INFO][clas_trainer:133] - train epoch: 16 [37376/53690 (70%)], lr: ['1.00e-04', '1.00e-04'], loss: 0.000666
[2023-10-17 17:02:05,951][INFO][clas_trainer:133] - train epoch: 16 [42720/53690 (80%)], lr: ['1.00e-04', '1.00e-04'], loss: 0.002114
[2023-10-17 17:02:15,723][INFO][clas_trainer:133] - train epoch: 16 [48064/53690 (90%)], lr: ['1.00e-04', '1.00e-04'], loss: 0.001125
[2023-10-17 17:02:25,500][INFO][clas_trainer:133] - train epoch: 16 [53408/53690 (99%)], lr: ['1.00e-04', '1.00e-04'], loss: 0.000348
[2023-10-17 17:02:41,550][INFO][clas_trainer:63] - [epoch  16] execution time: 112.88s	metrics:
[2023-10-17 17:02:41,550][INFO][clas_evaluator:99] - dataset: earlystopping, avg f1-score: 0.4193
[2023-10-17 17:02:41,607][INFO][base_model:51] - snapshot saved to XXX/frequency-pretraining/models/exp004a-m38-base_fe_clas-2023-10-17_13-13-53-final.pth
[2023-10-17 17:02:51,676][INFO][clas_trainer:133] - train epoch: 17 [5312/53690 (10%)], lr: ['1.00e-04', '1.00e-04'], loss: 0.001141
[2023-10-17 17:03:01,172][INFO][clas_trainer:133] - train epoch: 17 [10656/53690 (20%)], lr: ['1.00e-04', '1.00e-04'], loss: 0.002149
[2023-10-17 17:03:10,913][INFO][clas_trainer:133] - train epoch: 17 [16000/53690 (30%)], lr: ['1.00e-04', '1.00e-04'], loss: 0.000653
[2023-10-17 17:03:20,700][INFO][clas_trainer:133] - train epoch: 17 [21344/53690 (40%)], lr: ['1.00e-04', '1.00e-04'], loss: 0.000833
[2023-10-17 17:03:30,365][INFO][clas_trainer:133] - train epoch: 17 [26688/53690 (50%)], lr: ['1.00e-04', '1.00e-04'], loss: 0.003298
[2023-10-17 17:03:39,860][INFO][clas_trainer:133] - train epoch: 17 [32032/53690 (60%)], lr: ['1.00e-04', '1.00e-04'], loss: 0.007432
[2023-10-17 17:03:49,945][INFO][clas_trainer:133] - train epoch: 17 [37376/53690 (70%)], lr: ['1.00e-04', '1.00e-04'], loss: 0.000626
[2023-10-17 17:03:59,465][INFO][clas_trainer:133] - train epoch: 17 [42720/53690 (80%)], lr: ['1.00e-04', '1.00e-04'], loss: 0.001486
[2023-10-17 17:04:09,104][INFO][clas_trainer:133] - train epoch: 17 [48064/53690 (90%)], lr: ['1.00e-04', '1.00e-04'], loss: 0.002331
[2023-10-17 17:04:18,918][INFO][clas_trainer:133] - train epoch: 17 [53408/53690 (99%)], lr: ['1.00e-04', '1.00e-04'], loss: 0.000516
[2023-10-17 17:04:34,849][INFO][clas_trainer:63] - [epoch  17] execution time: 113.24s	metrics:
[2023-10-17 17:04:34,849][INFO][clas_evaluator:99] - dataset: earlystopping, avg f1-score: 0.4158
[2023-10-17 17:04:44,956][INFO][clas_trainer:133] - train epoch: 18 [5312/53690 (10%)], lr: ['1.00e-04', '1.00e-04'], loss: 0.000772
[2023-10-17 17:04:54,810][INFO][clas_trainer:133] - train epoch: 18 [10656/53690 (20%)], lr: ['1.00e-04', '1.00e-04'], loss: 0.000476
[2023-10-17 17:05:04,583][INFO][clas_trainer:133] - train epoch: 18 [16000/53690 (30%)], lr: ['1.00e-04', '1.00e-04'], loss: 0.000324
[2023-10-17 17:05:14,005][INFO][clas_trainer:133] - train epoch: 18 [21344/53690 (40%)], lr: ['1.00e-04', '1.00e-04'], loss: 0.000527
[2023-10-17 17:05:23,569][INFO][clas_trainer:133] - train epoch: 18 [26688/53690 (50%)], lr: ['1.00e-04', '1.00e-04'], loss: 0.000582
[2023-10-17 17:05:33,355][INFO][clas_trainer:133] - train epoch: 18 [32032/53690 (60%)], lr: ['1.00e-04', '1.00e-04'], loss: 0.001629
[2023-10-17 17:05:43,117][INFO][clas_trainer:133] - train epoch: 18 [37376/53690 (70%)], lr: ['1.00e-04', '1.00e-04'], loss: 0.005148
[2023-10-17 17:05:52,726][INFO][clas_trainer:133] - train epoch: 18 [42720/53690 (80%)], lr: ['1.00e-04', '1.00e-04'], loss: 0.002536
[2023-10-17 17:06:02,612][INFO][clas_trainer:133] - train epoch: 18 [48064/53690 (90%)], lr: ['1.00e-04', '1.00e-04'], loss: 0.002422
[2023-10-17 17:06:12,077][INFO][clas_trainer:133] - train epoch: 18 [53408/53690 (99%)], lr: ['1.00e-04', '1.00e-04'], loss: 0.000258
[2023-10-17 17:06:27,882][INFO][clas_trainer:63] - [epoch  18] execution time: 113.03s	metrics:
[2023-10-17 17:06:27,882][INFO][clas_evaluator:99] - dataset: earlystopping, avg f1-score: 0.3917
[2023-10-17 17:06:38,092][INFO][clas_trainer:133] - train epoch: 19 [5312/53690 (10%)], lr: ['1.00e-04', '1.00e-04'], loss: 0.002247
[2023-10-17 17:06:47,675][INFO][clas_trainer:133] - train epoch: 19 [10656/53690 (20%)], lr: ['1.00e-04', '1.00e-04'], loss: 0.000521
[2023-10-17 17:06:57,419][INFO][clas_trainer:133] - train epoch: 19 [16000/53690 (30%)], lr: ['1.00e-04', '1.00e-04'], loss: 0.000664
[2023-10-17 17:07:07,024][INFO][clas_trainer:133] - train epoch: 19 [21344/53690 (40%)], lr: ['1.00e-04', '1.00e-04'], loss: 0.001202
[2023-10-17 17:07:16,572][INFO][clas_trainer:133] - train epoch: 19 [26688/53690 (50%)], lr: ['1.00e-04', '1.00e-04'], loss: 0.000651
[2023-10-17 17:07:26,121][INFO][clas_trainer:133] - train epoch: 19 [32032/53690 (60%)], lr: ['1.00e-04', '1.00e-04'], loss: 0.001416
[2023-10-17 17:07:35,794][INFO][clas_trainer:133] - train epoch: 19 [37376/53690 (70%)], lr: ['1.00e-04', '1.00e-04'], loss: 0.000640
[2023-10-17 17:07:45,508][INFO][clas_trainer:133] - train epoch: 19 [42720/53690 (80%)], lr: ['1.00e-04', '1.00e-04'], loss: 0.000572
[2023-10-17 17:07:55,173][INFO][clas_trainer:133] - train epoch: 19 [48064/53690 (90%)], lr: ['1.00e-04', '1.00e-04'], loss: 0.000592
[2023-10-17 17:08:04,960][INFO][clas_trainer:133] - train epoch: 19 [53408/53690 (99%)], lr: ['1.00e-04', '1.00e-04'], loss: 0.000808
[2023-10-17 17:08:21,066][INFO][clas_trainer:63] - [epoch  19] execution time: 113.18s	metrics:
[2023-10-17 17:08:21,066][INFO][clas_evaluator:99] - dataset: earlystopping, avg f1-score: 0.4256
[2023-10-17 17:08:21,124][INFO][base_model:51] - snapshot saved to XXX/frequency-pretraining/models/exp004a-m38-base_fe_clas-2023-10-17_13-13-53-final.pth
[2023-10-17 17:08:31,239][INFO][clas_trainer:133] - train epoch: 20 [5312/53690 (10%)], lr: ['1.00e-04', '1.00e-04'], loss: 0.000355
[2023-10-17 17:08:40,934][INFO][clas_trainer:133] - train epoch: 20 [10656/53690 (20%)], lr: ['1.00e-04', '1.00e-04'], loss: 0.001426
[2023-10-17 17:08:50,542][INFO][clas_trainer:133] - train epoch: 20 [16000/53690 (30%)], lr: ['1.00e-04', '1.00e-04'], loss: 0.001192
[2023-10-17 17:09:00,093][INFO][clas_trainer:133] - train epoch: 20 [21344/53690 (40%)], lr: ['1.00e-04', '1.00e-04'], loss: 0.000331
[2023-10-17 17:09:09,740][INFO][clas_trainer:133] - train epoch: 20 [26688/53690 (50%)], lr: ['1.00e-04', '1.00e-04'], loss: 0.002169
[2023-10-17 17:09:19,517][INFO][clas_trainer:133] - train epoch: 20 [32032/53690 (60%)], lr: ['1.00e-04', '1.00e-04'], loss: 0.002088
[2023-10-17 17:09:29,040][INFO][clas_trainer:133] - train epoch: 20 [37376/53690 (70%)], lr: ['1.00e-04', '1.00e-04'], loss: 0.000431
[2023-10-17 17:09:38,503][INFO][clas_trainer:133] - train epoch: 20 [42720/53690 (80%)], lr: ['1.00e-04', '1.00e-04'], loss: 0.001043
[2023-10-17 17:09:48,287][INFO][clas_trainer:133] - train epoch: 20 [48064/53690 (90%)], lr: ['1.00e-04', '1.00e-04'], loss: 0.001419
[2023-10-17 17:09:58,004][INFO][clas_trainer:133] - train epoch: 20 [53408/53690 (99%)], lr: ['1.00e-04', '1.00e-04'], loss: 0.000867
[2023-10-17 17:10:13,600][INFO][clas_trainer:63] - [epoch  20] execution time: 112.48s	metrics:
[2023-10-17 17:10:13,600][INFO][clas_evaluator:99] - dataset: earlystopping, avg f1-score: 0.4302
[2023-10-17 17:10:13,657][INFO][base_model:51] - snapshot saved to XXX/frequency-pretraining/models/exp004a-m38-base_fe_clas-2023-10-17_13-13-53-final.pth
[2023-10-17 17:10:23,722][INFO][clas_trainer:133] - train epoch: 21 [5312/53690 (10%)], lr: ['1.00e-04', '1.00e-04'], loss: 0.000888
[2023-10-17 17:10:33,482][INFO][clas_trainer:133] - train epoch: 21 [10656/53690 (20%)], lr: ['1.00e-04', '1.00e-04'], loss: 0.000732
[2023-10-17 17:10:42,878][INFO][clas_trainer:133] - train epoch: 21 [16000/53690 (30%)], lr: ['1.00e-04', '1.00e-04'], loss: 0.000986
[2023-10-17 17:10:52,495][INFO][clas_trainer:133] - train epoch: 21 [21344/53690 (40%)], lr: ['1.00e-04', '1.00e-04'], loss: 0.000550
[2023-10-17 17:11:02,081][INFO][clas_trainer:133] - train epoch: 21 [26688/53690 (50%)], lr: ['1.00e-04', '1.00e-04'], loss: 0.001834
[2023-10-17 17:11:11,745][INFO][clas_trainer:133] - train epoch: 21 [32032/53690 (60%)], lr: ['1.00e-04', '1.00e-04'], loss: 0.001300
[2023-10-17 17:11:21,301][INFO][clas_trainer:133] - train epoch: 21 [37376/53690 (70%)], lr: ['1.00e-04', '1.00e-04'], loss: 0.001212
[2023-10-17 17:11:30,827][INFO][clas_trainer:133] - train epoch: 21 [42720/53690 (80%)], lr: ['1.00e-04', '1.00e-04'], loss: 0.001502
[2023-10-17 17:11:40,763][INFO][clas_trainer:133] - train epoch: 21 [48064/53690 (90%)], lr: ['1.00e-04', '1.00e-04'], loss: 0.001233
[2023-10-17 17:11:50,587][INFO][clas_trainer:133] - train epoch: 21 [53408/53690 (99%)], lr: ['1.00e-04', '1.00e-04'], loss: 0.001141
[2023-10-17 17:12:06,330][INFO][clas_trainer:63] - [epoch  21] execution time: 112.67s	metrics:
[2023-10-17 17:12:06,330][INFO][clas_evaluator:99] - dataset: earlystopping, avg f1-score: 0.3848
[2023-10-17 17:12:16,333][INFO][clas_trainer:133] - train epoch: 22 [5312/53690 (10%)], lr: ['1.00e-04', '1.00e-04'], loss: 0.002885
[2023-10-17 17:12:25,955][INFO][clas_trainer:133] - train epoch: 22 [10656/53690 (20%)], lr: ['1.00e-04', '1.00e-04'], loss: 0.003370
[2023-10-17 17:12:35,570][INFO][clas_trainer:133] - train epoch: 22 [16000/53690 (30%)], lr: ['1.00e-04', '1.00e-04'], loss: 0.001184
[2023-10-17 17:12:45,383][INFO][clas_trainer:133] - train epoch: 22 [21344/53690 (40%)], lr: ['1.00e-04', '1.00e-04'], loss: 0.001572
[2023-10-17 17:12:54,959][INFO][clas_trainer:133] - train epoch: 22 [26688/53690 (50%)], lr: ['1.00e-04', '1.00e-04'], loss: 0.000338
[2023-10-17 17:13:04,433][INFO][clas_trainer:133] - train epoch: 22 [32032/53690 (60%)], lr: ['1.00e-04', '1.00e-04'], loss: 0.000923
[2023-10-17 17:13:14,060][INFO][clas_trainer:133] - train epoch: 22 [37376/53690 (70%)], lr: ['1.00e-04', '1.00e-04'], loss: 0.000636
[2023-10-17 17:13:23,707][INFO][clas_trainer:133] - train epoch: 22 [42720/53690 (80%)], lr: ['1.00e-04', '1.00e-04'], loss: 0.000997
[2023-10-17 17:13:33,214][INFO][clas_trainer:133] - train epoch: 22 [48064/53690 (90%)], lr: ['1.00e-04', '1.00e-04'], loss: 0.000998
[2023-10-17 17:13:42,947][INFO][clas_trainer:133] - train epoch: 22 [53408/53690 (99%)], lr: ['1.00e-04', '1.00e-04'], loss: 0.000766
[2023-10-17 17:13:58,812][INFO][clas_trainer:63] - [epoch  22] execution time: 112.48s	metrics:
[2023-10-17 17:13:58,812][INFO][clas_evaluator:99] - dataset: earlystopping, avg f1-score: 0.4271
[2023-10-17 17:14:08,850][INFO][clas_trainer:133] - train epoch: 23 [5312/53690 (10%)], lr: ['1.00e-04', '1.00e-04'], loss: 0.000586
[2023-10-17 17:14:18,913][INFO][clas_trainer:133] - train epoch: 23 [10656/53690 (20%)], lr: ['1.00e-04', '1.00e-04'], loss: 0.001112
[2023-10-17 17:14:28,732][INFO][clas_trainer:133] - train epoch: 23 [16000/53690 (30%)], lr: ['1.00e-04', '1.00e-04'], loss: 0.001475
[2023-10-17 17:14:38,536][INFO][clas_trainer:133] - train epoch: 23 [21344/53690 (40%)], lr: ['1.00e-04', '1.00e-04'], loss: 0.001785
[2023-10-17 17:14:48,308][INFO][clas_trainer:133] - train epoch: 23 [26688/53690 (50%)], lr: ['1.00e-04', '1.00e-04'], loss: 0.000804
[2023-10-17 17:14:58,167][INFO][clas_trainer:133] - train epoch: 23 [32032/53690 (60%)], lr: ['1.00e-04', '1.00e-04'], loss: 0.000534
[2023-10-17 17:15:08,071][INFO][clas_trainer:133] - train epoch: 23 [37376/53690 (70%)], lr: ['1.00e-04', '1.00e-04'], loss: 0.002744
[2023-10-17 17:15:17,890][INFO][clas_trainer:133] - train epoch: 23 [42720/53690 (80%)], lr: ['1.00e-04', '1.00e-04'], loss: 0.000428
[2023-10-17 17:15:28,008][INFO][clas_trainer:133] - train epoch: 23 [48064/53690 (90%)], lr: ['1.00e-04', '1.00e-04'], loss: 0.000518
[2023-10-17 17:15:37,998][INFO][clas_trainer:133] - train epoch: 23 [53408/53690 (99%)], lr: ['1.00e-04', '1.00e-04'], loss: 0.000723
[2023-10-17 17:15:54,057][INFO][clas_trainer:63] - [epoch  23] execution time: 115.24s	metrics:
[2023-10-17 17:15:54,057][INFO][clas_evaluator:99] - dataset: earlystopping, avg f1-score: 0.4469
[2023-10-17 17:15:54,113][INFO][base_model:51] - snapshot saved to XXX/frequency-pretraining/models/exp004a-m38-base_fe_clas-2023-10-17_13-13-53-final.pth
[2023-10-17 17:16:04,657][INFO][clas_trainer:133] - train epoch: 24 [5312/53690 (10%)], lr: ['1.00e-04', '1.00e-04'], loss: 0.001363
[2023-10-17 17:16:14,487][INFO][clas_trainer:133] - train epoch: 24 [10656/53690 (20%)], lr: ['1.00e-04', '1.00e-04'], loss: 0.001733
[2023-10-17 17:16:24,284][INFO][clas_trainer:133] - train epoch: 24 [16000/53690 (30%)], lr: ['1.00e-04', '1.00e-04'], loss: 0.000653
[2023-10-17 17:16:34,377][INFO][clas_trainer:133] - train epoch: 24 [21344/53690 (40%)], lr: ['1.00e-04', '1.00e-04'], loss: 0.000411
[2023-10-17 17:16:44,641][INFO][clas_trainer:133] - train epoch: 24 [26688/53690 (50%)], lr: ['1.00e-04', '1.00e-04'], loss: 0.002512
[2023-10-17 17:16:54,600][INFO][clas_trainer:133] - train epoch: 24 [32032/53690 (60%)], lr: ['1.00e-04', '1.00e-04'], loss: 0.002348
[2023-10-17 17:17:04,430][INFO][clas_trainer:133] - train epoch: 24 [37376/53690 (70%)], lr: ['1.00e-04', '1.00e-04'], loss: 0.001836
[2023-10-17 17:17:14,665][INFO][clas_trainer:133] - train epoch: 24 [42720/53690 (80%)], lr: ['1.00e-04', '1.00e-04'], loss: 0.001304
[2023-10-17 17:17:24,756][INFO][clas_trainer:133] - train epoch: 24 [48064/53690 (90%)], lr: ['1.00e-04', '1.00e-04'], loss: 0.000757
[2023-10-17 17:17:34,880][INFO][clas_trainer:133] - train epoch: 24 [53408/53690 (99%)], lr: ['1.00e-04', '1.00e-04'], loss: 0.000734
[2023-10-17 17:17:50,953][INFO][clas_trainer:63] - [epoch  24] execution time: 116.84s	metrics:
[2023-10-17 17:17:50,954][INFO][clas_evaluator:99] - dataset: earlystopping, avg f1-score: 0.4377
[2023-10-17 17:18:00,927][INFO][clas_trainer:133] - train epoch: 25 [5312/53690 (10%)], lr: ['1.00e-04', '1.00e-04'], loss: 0.000845
[2023-10-17 17:18:10,587][INFO][clas_trainer:133] - train epoch: 25 [10656/53690 (20%)], lr: ['1.00e-04', '1.00e-04'], loss: 0.001571
[2023-10-17 17:18:20,810][INFO][clas_trainer:133] - train epoch: 25 [16000/53690 (30%)], lr: ['1.00e-04', '1.00e-04'], loss: 0.000535
[2023-10-17 17:18:30,460][INFO][clas_trainer:133] - train epoch: 25 [21344/53690 (40%)], lr: ['1.00e-04', '1.00e-04'], loss: 0.000460
[2023-10-17 17:18:40,228][INFO][clas_trainer:133] - train epoch: 25 [26688/53690 (50%)], lr: ['1.00e-04', '1.00e-04'], loss: 0.000647
[2023-10-17 17:18:50,156][INFO][clas_trainer:133] - train epoch: 25 [32032/53690 (60%)], lr: ['1.00e-04', '1.00e-04'], loss: 0.000825
[2023-10-17 17:19:00,364][INFO][clas_trainer:133] - train epoch: 25 [37376/53690 (70%)], lr: ['1.00e-04', '1.00e-04'], loss: 0.000691
[2023-10-17 17:19:10,107][INFO][clas_trainer:133] - train epoch: 25 [42720/53690 (80%)], lr: ['1.00e-04', '1.00e-04'], loss: 0.000613
[2023-10-17 17:19:20,284][INFO][clas_trainer:133] - train epoch: 25 [48064/53690 (90%)], lr: ['1.00e-04', '1.00e-04'], loss: 0.000556
[2023-10-17 17:19:30,182][INFO][clas_trainer:133] - train epoch: 25 [53408/53690 (99%)], lr: ['1.00e-04', '1.00e-04'], loss: 0.000791
[2023-10-17 17:19:46,237][INFO][clas_trainer:63] - [epoch  25] execution time: 115.28s	metrics:
[2023-10-17 17:19:46,237][INFO][clas_evaluator:99] - dataset: earlystopping, avg f1-score: 0.4462
[2023-10-17 17:19:56,515][INFO][clas_trainer:133] - train epoch: 26 [5312/53690 (10%)], lr: ['1.00e-04', '1.00e-04'], loss: 0.001014
[2023-10-17 17:20:06,276][INFO][clas_trainer:133] - train epoch: 26 [10656/53690 (20%)], lr: ['1.00e-04', '1.00e-04'], loss: 0.000414
[2023-10-17 17:20:16,011][INFO][clas_trainer:133] - train epoch: 26 [16000/53690 (30%)], lr: ['1.00e-04', '1.00e-04'], loss: 0.001006
[2023-10-17 17:20:26,231][INFO][clas_trainer:133] - train epoch: 26 [21344/53690 (40%)], lr: ['1.00e-04', '1.00e-04'], loss: 0.000612
[2023-10-17 17:20:36,553][INFO][clas_trainer:133] - train epoch: 26 [26688/53690 (50%)], lr: ['1.00e-04', '1.00e-04'], loss: 0.000769
[2023-10-17 17:20:46,354][INFO][clas_trainer:133] - train epoch: 26 [32032/53690 (60%)], lr: ['1.00e-04', '1.00e-04'], loss: 0.001157
[2023-10-17 17:20:56,105][INFO][clas_trainer:133] - train epoch: 26 [37376/53690 (70%)], lr: ['1.00e-04', '1.00e-04'], loss: 0.000879
[2023-10-17 17:21:06,113][INFO][clas_trainer:133] - train epoch: 26 [42720/53690 (80%)], lr: ['1.00e-04', '1.00e-04'], loss: 0.000474
[2023-10-17 17:21:15,988][INFO][clas_trainer:133] - train epoch: 26 [48064/53690 (90%)], lr: ['1.00e-04', '1.00e-04'], loss: 0.004292
[2023-10-17 17:21:25,964][INFO][clas_trainer:133] - train epoch: 26 [53408/53690 (99%)], lr: ['1.00e-04', '1.00e-04'], loss: 0.000460
[2023-10-17 17:21:42,381][INFO][clas_trainer:63] - [epoch  26] execution time: 116.14s	metrics:
[2023-10-17 17:21:42,381][INFO][clas_evaluator:99] - dataset: earlystopping, avg f1-score: 0.4529
[2023-10-17 17:21:42,440][INFO][base_model:51] - snapshot saved to XXX/frequency-pretraining/models/exp004a-m38-base_fe_clas-2023-10-17_13-13-53-final.pth
[2023-10-17 17:21:52,669][INFO][clas_trainer:133] - train epoch: 27 [5312/53690 (10%)], lr: ['1.00e-04', '1.00e-04'], loss: 0.001025
[2023-10-17 17:22:02,516][INFO][clas_trainer:133] - train epoch: 27 [10656/53690 (20%)], lr: ['1.00e-04', '1.00e-04'], loss: 0.000589
[2023-10-17 17:22:12,476][INFO][clas_trainer:133] - train epoch: 27 [16000/53690 (30%)], lr: ['1.00e-04', '1.00e-04'], loss: 0.000431
[2023-10-17 17:22:22,219][INFO][clas_trainer:133] - train epoch: 27 [21344/53690 (40%)], lr: ['1.00e-04', '1.00e-04'], loss: 0.002973
[2023-10-17 17:22:32,057][INFO][clas_trainer:133] - train epoch: 27 [26688/53690 (50%)], lr: ['1.00e-04', '1.00e-04'], loss: 0.000605
[2023-10-17 17:22:42,075][INFO][clas_trainer:133] - train epoch: 27 [32032/53690 (60%)], lr: ['1.00e-04', '1.00e-04'], loss: 0.000741
[2023-10-17 17:22:52,052][INFO][clas_trainer:133] - train epoch: 27 [37376/53690 (70%)], lr: ['1.00e-04', '1.00e-04'], loss: 0.000520
[2023-10-17 17:23:01,942][INFO][clas_trainer:133] - train epoch: 27 [42720/53690 (80%)], lr: ['1.00e-04', '1.00e-04'], loss: 0.000539
[2023-10-17 17:23:11,947][INFO][clas_trainer:133] - train epoch: 27 [48064/53690 (90%)], lr: ['1.00e-04', '1.00e-04'], loss: 0.000473
[2023-10-17 17:23:21,605][INFO][clas_trainer:133] - train epoch: 27 [53408/53690 (99%)], lr: ['1.00e-04', '1.00e-04'], loss: 0.000435
[2023-10-17 17:23:37,863][INFO][clas_trainer:63] - [epoch  27] execution time: 115.42s	metrics:
[2023-10-17 17:23:37,863][INFO][clas_evaluator:99] - dataset: earlystopping, avg f1-score: 0.4834
[2023-10-17 17:23:37,922][INFO][base_model:51] - snapshot saved to XXX/frequency-pretraining/models/exp004a-m38-base_fe_clas-2023-10-17_13-13-53-final.pth
[2023-10-17 17:23:48,151][INFO][clas_trainer:133] - train epoch: 28 [5312/53690 (10%)], lr: ['1.00e-04', '1.00e-04'], loss: 0.000644
[2023-10-17 17:23:57,848][INFO][clas_trainer:133] - train epoch: 28 [10656/53690 (20%)], lr: ['1.00e-04', '1.00e-04'], loss: 0.001097
[2023-10-17 17:24:07,778][INFO][clas_trainer:133] - train epoch: 28 [16000/53690 (30%)], lr: ['1.00e-04', '1.00e-04'], loss: 0.000879
[2023-10-17 17:24:17,483][INFO][clas_trainer:133] - train epoch: 28 [21344/53690 (40%)], lr: ['1.00e-04', '1.00e-04'], loss: 0.000715
[2023-10-17 17:24:27,409][INFO][clas_trainer:133] - train epoch: 28 [26688/53690 (50%)], lr: ['1.00e-04', '1.00e-04'], loss: 0.000463
[2023-10-17 17:24:37,416][INFO][clas_trainer:133] - train epoch: 28 [32032/53690 (60%)], lr: ['1.00e-04', '1.00e-04'], loss: 0.001102
[2023-10-17 17:24:47,591][INFO][clas_trainer:133] - train epoch: 28 [37376/53690 (70%)], lr: ['1.00e-04', '1.00e-04'], loss: 0.000978
[2023-10-17 17:24:57,661][INFO][clas_trainer:133] - train epoch: 28 [42720/53690 (80%)], lr: ['1.00e-04', '1.00e-04'], loss: 0.000413
[2023-10-17 17:25:07,563][INFO][clas_trainer:133] - train epoch: 28 [48064/53690 (90%)], lr: ['1.00e-04', '1.00e-04'], loss: 0.000991
[2023-10-17 17:25:17,403][INFO][clas_trainer:133] - train epoch: 28 [53408/53690 (99%)], lr: ['1.00e-04', '1.00e-04'], loss: 0.000807
[2023-10-17 17:25:33,750][INFO][clas_trainer:63] - [epoch  28] execution time: 115.83s	metrics:
[2023-10-17 17:25:33,751][INFO][clas_evaluator:99] - dataset: earlystopping, avg f1-score: 0.4674
[2023-10-17 17:25:44,029][INFO][clas_trainer:133] - train epoch: 29 [5312/53690 (10%)], lr: ['1.00e-04', '1.00e-04'], loss: 0.000729
[2023-10-17 17:25:53,607][INFO][clas_trainer:133] - train epoch: 29 [10656/53690 (20%)], lr: ['1.00e-04', '1.00e-04'], loss: 0.017099
[2023-10-17 17:26:03,684][INFO][clas_trainer:133] - train epoch: 29 [16000/53690 (30%)], lr: ['1.00e-04', '1.00e-04'], loss: 0.000949
[2023-10-17 17:26:13,785][INFO][clas_trainer:133] - train epoch: 29 [21344/53690 (40%)], lr: ['1.00e-04', '1.00e-04'], loss: 0.000907
[2023-10-17 17:26:23,466][INFO][clas_trainer:133] - train epoch: 29 [26688/53690 (50%)], lr: ['1.00e-04', '1.00e-04'], loss: 0.001832
[2023-10-17 17:26:33,452][INFO][clas_trainer:133] - train epoch: 29 [32032/53690 (60%)], lr: ['1.00e-04', '1.00e-04'], loss: 0.000909
[2023-10-17 17:26:43,271][INFO][clas_trainer:133] - train epoch: 29 [37376/53690 (70%)], lr: ['1.00e-04', '1.00e-04'], loss: 0.000744
[2023-10-17 17:26:53,053][INFO][clas_trainer:133] - train epoch: 29 [42720/53690 (80%)], lr: ['1.00e-04', '1.00e-04'], loss: 0.001195
[2023-10-17 17:27:02,816][INFO][clas_trainer:133] - train epoch: 29 [48064/53690 (90%)], lr: ['1.00e-04', '1.00e-04'], loss: 0.000788
[2023-10-17 17:27:12,642][INFO][clas_trainer:133] - train epoch: 29 [53408/53690 (99%)], lr: ['1.00e-04', '1.00e-04'], loss: 0.001397
[2023-10-17 17:27:28,819][INFO][clas_trainer:63] - [epoch  29] execution time: 115.07s	metrics:
[2023-10-17 17:27:28,819][INFO][clas_evaluator:99] - dataset: earlystopping, avg f1-score: 0.4680
[2023-10-17 17:27:39,092][INFO][clas_trainer:133] - train epoch: 30 [5312/53690 (10%)], lr: ['1.00e-04', '1.00e-04'], loss: 0.002074
[2023-10-17 17:27:48,746][INFO][clas_trainer:133] - train epoch: 30 [10656/53690 (20%)], lr: ['1.00e-04', '1.00e-04'], loss: 0.001225
[2023-10-17 17:27:58,770][INFO][clas_trainer:133] - train epoch: 30 [16000/53690 (30%)], lr: ['1.00e-04', '1.00e-04'], loss: 0.000729
[2023-10-17 17:28:08,396][INFO][clas_trainer:133] - train epoch: 30 [21344/53690 (40%)], lr: ['1.00e-04', '1.00e-04'], loss: 0.000521
[2023-10-17 17:28:18,502][INFO][clas_trainer:133] - train epoch: 30 [26688/53690 (50%)], lr: ['1.00e-04', '1.00e-04'], loss: 0.000673
[2023-10-17 17:28:28,548][INFO][clas_trainer:133] - train epoch: 30 [32032/53690 (60%)], lr: ['1.00e-04', '1.00e-04'], loss: 0.000564
[2023-10-17 17:28:38,237][INFO][clas_trainer:133] - train epoch: 30 [37376/53690 (70%)], lr: ['1.00e-04', '1.00e-04'], loss: 0.001039
[2023-10-17 17:28:48,086][INFO][clas_trainer:133] - train epoch: 30 [42720/53690 (80%)], lr: ['1.00e-04', '1.00e-04'], loss: 0.000458
[2023-10-17 17:28:57,948][INFO][clas_trainer:133] - train epoch: 30 [48064/53690 (90%)], lr: ['1.00e-04', '1.00e-04'], loss: 0.000910
[2023-10-17 17:29:07,801][INFO][clas_trainer:133] - train epoch: 30 [53408/53690 (99%)], lr: ['1.00e-04', '1.00e-04'], loss: 0.000685
[2023-10-17 17:29:24,199][INFO][clas_trainer:63] - [epoch  30] execution time: 115.38s	metrics:
[2023-10-17 17:29:24,199][INFO][clas_evaluator:99] - dataset: earlystopping, avg f1-score: 0.4771
[2023-10-17 17:29:34,468][INFO][clas_trainer:133] - train epoch: 31 [5312/53690 (10%)], lr: ['1.00e-04', '1.00e-04'], loss: 0.000634
[2023-10-17 17:29:44,024][INFO][clas_trainer:133] - train epoch: 31 [10656/53690 (20%)], lr: ['1.00e-04', '1.00e-04'], loss: 0.001095
[2023-10-17 17:29:54,104][INFO][clas_trainer:133] - train epoch: 31 [16000/53690 (30%)], lr: ['1.00e-04', '1.00e-04'], loss: 0.000414
[2023-10-17 17:30:03,570][INFO][clas_trainer:133] - train epoch: 31 [21344/53690 (40%)], lr: ['1.00e-04', '1.00e-04'], loss: 0.000675
[2023-10-17 17:30:13,251][INFO][clas_trainer:133] - train epoch: 31 [26688/53690 (50%)], lr: ['1.00e-04', '1.00e-04'], loss: 0.000451
[2023-10-17 17:30:23,001][INFO][clas_trainer:133] - train epoch: 31 [32032/53690 (60%)], lr: ['1.00e-04', '1.00e-04'], loss: 0.000542
[2023-10-17 17:30:32,962][INFO][clas_trainer:133] - train epoch: 31 [37376/53690 (70%)], lr: ['1.00e-04', '1.00e-04'], loss: 0.000405
[2023-10-17 17:30:42,815][INFO][clas_trainer:133] - train epoch: 31 [42720/53690 (80%)], lr: ['1.00e-04', '1.00e-04'], loss: 0.000594
[2023-10-17 17:30:52,571][INFO][clas_trainer:133] - train epoch: 31 [48064/53690 (90%)], lr: ['1.00e-04', '1.00e-04'], loss: 0.000805
[2023-10-17 17:31:02,566][INFO][clas_trainer:133] - train epoch: 31 [53408/53690 (99%)], lr: ['1.00e-04', '1.00e-04'], loss: 0.000950
[2023-10-17 17:31:18,754][INFO][clas_trainer:63] - [epoch  31] execution time: 114.55s	metrics:
[2023-10-17 17:31:18,754][INFO][clas_evaluator:99] - dataset: earlystopping, avg f1-score: 0.4715
[2023-10-17 17:31:28,997][INFO][clas_trainer:133] - train epoch: 32 [5312/53690 (10%)], lr: ['1.00e-04', '1.00e-04'], loss: 0.000491
[2023-10-17 17:31:38,716][INFO][clas_trainer:133] - train epoch: 32 [10656/53690 (20%)], lr: ['1.00e-04', '1.00e-04'], loss: 0.001375
[2023-10-17 17:31:48,546][INFO][clas_trainer:133] - train epoch: 32 [16000/53690 (30%)], lr: ['1.00e-04', '1.00e-04'], loss: 0.000675
[2023-10-17 17:31:58,373][INFO][clas_trainer:133] - train epoch: 32 [21344/53690 (40%)], lr: ['1.00e-04', '1.00e-04'], loss: 0.009082
[2023-10-17 17:32:08,398][INFO][clas_trainer:133] - train epoch: 32 [26688/53690 (50%)], lr: ['1.00e-04', '1.00e-04'], loss: 0.000377
[2023-10-17 17:32:18,116][INFO][clas_trainer:133] - train epoch: 32 [32032/53690 (60%)], lr: ['1.00e-04', '1.00e-04'], loss: 0.000795
[2023-10-17 17:32:27,889][INFO][clas_trainer:133] - train epoch: 32 [37376/53690 (70%)], lr: ['1.00e-04', '1.00e-04'], loss: 0.001562
[2023-10-17 17:32:37,876][INFO][clas_trainer:133] - train epoch: 32 [42720/53690 (80%)], lr: ['1.00e-04', '1.00e-04'], loss: 0.000650
[2023-10-17 17:32:47,917][INFO][clas_trainer:133] - train epoch: 32 [48064/53690 (90%)], lr: ['1.00e-04', '1.00e-04'], loss: 0.000955
[2023-10-17 17:32:57,719][INFO][clas_trainer:133] - train epoch: 32 [53408/53690 (99%)], lr: ['1.00e-04', '1.00e-04'], loss: 0.000554
[2023-10-17 17:33:14,209][INFO][clas_trainer:63] - [epoch  32] execution time: 115.45s	metrics:
[2023-10-17 17:33:14,209][INFO][clas_evaluator:99] - dataset: earlystopping, avg f1-score: 0.4577
[2023-10-17 17:33:24,664][INFO][clas_trainer:133] - train epoch: 33 [5312/53690 (10%)], lr: ['1.00e-04', '1.00e-04'], loss: 0.000901
[2023-10-17 17:33:34,158][INFO][clas_trainer:133] - train epoch: 33 [10656/53690 (20%)], lr: ['1.00e-04', '1.00e-04'], loss: 0.000434
[2023-10-17 17:33:43,629][INFO][clas_trainer:133] - train epoch: 33 [16000/53690 (30%)], lr: ['1.00e-04', '1.00e-04'], loss: 0.000433
[2023-10-17 17:33:53,522][INFO][clas_trainer:133] - train epoch: 33 [21344/53690 (40%)], lr: ['1.00e-04', '1.00e-04'], loss: 0.000419
[2023-10-17 17:34:03,337][INFO][clas_trainer:133] - train epoch: 33 [26688/53690 (50%)], lr: ['1.00e-04', '1.00e-04'], loss: 0.000868
[2023-10-17 17:34:13,196][INFO][clas_trainer:133] - train epoch: 33 [32032/53690 (60%)], lr: ['1.00e-04', '1.00e-04'], loss: 0.000946
[2023-10-17 17:34:23,213][INFO][clas_trainer:133] - train epoch: 33 [37376/53690 (70%)], lr: ['1.00e-04', '1.00e-04'], loss: 0.000452
[2023-10-17 17:34:32,980][INFO][clas_trainer:133] - train epoch: 33 [42720/53690 (80%)], lr: ['1.00e-04', '1.00e-04'], loss: 0.000528
[2023-10-17 17:34:42,806][INFO][clas_trainer:133] - train epoch: 33 [48064/53690 (90%)], lr: ['1.00e-04', '1.00e-04'], loss: 0.001607
[2023-10-17 17:34:52,896][INFO][clas_trainer:133] - train epoch: 33 [53408/53690 (99%)], lr: ['1.00e-04', '1.00e-04'], loss: 0.000493
[2023-10-17 17:35:09,181][INFO][clas_trainer:63] - [epoch  33] execution time: 114.97s	metrics:
[2023-10-17 17:35:09,182][INFO][clas_evaluator:99] - dataset: earlystopping, avg f1-score: 0.4658
[2023-10-17 17:35:19,612][INFO][clas_trainer:133] - train epoch: 34 [5312/53690 (10%)], lr: ['1.00e-04', '1.00e-04'], loss: 0.000661
[2023-10-17 17:35:29,646][INFO][clas_trainer:133] - train epoch: 34 [10656/53690 (20%)], lr: ['1.00e-04', '1.00e-04'], loss: 0.001820
[2023-10-17 17:35:39,196][INFO][clas_trainer:133] - train epoch: 34 [16000/53690 (30%)], lr: ['1.00e-04', '1.00e-04'], loss: 0.000898
[2023-10-17 17:35:48,888][INFO][clas_trainer:133] - train epoch: 34 [21344/53690 (40%)], lr: ['1.00e-04', '1.00e-04'], loss: 0.001316
[2023-10-17 17:35:58,757][INFO][clas_trainer:133] - train epoch: 34 [26688/53690 (50%)], lr: ['1.00e-04', '1.00e-04'], loss: 0.000488
[2023-10-17 17:36:08,572][INFO][clas_trainer:133] - train epoch: 34 [32032/53690 (60%)], lr: ['1.00e-04', '1.00e-04'], loss: 0.000681
[2023-10-17 17:36:18,113][INFO][clas_trainer:133] - train epoch: 34 [37376/53690 (70%)], lr: ['1.00e-04', '1.00e-04'], loss: 0.000500
[2023-10-17 17:36:27,937][INFO][clas_trainer:133] - train epoch: 34 [42720/53690 (80%)], lr: ['1.00e-04', '1.00e-04'], loss: 0.001173
[2023-10-17 17:36:38,084][INFO][clas_trainer:133] - train epoch: 34 [48064/53690 (90%)], lr: ['1.00e-04', '1.00e-04'], loss: 0.000469
[2023-10-17 17:36:48,016][INFO][clas_trainer:133] - train epoch: 34 [53408/53690 (99%)], lr: ['1.00e-04', '1.00e-04'], loss: 0.001181
[2023-10-17 17:37:04,085][INFO][clas_trainer:63] - [epoch  34] execution time: 114.90s	metrics:
[2023-10-17 17:37:04,085][INFO][clas_evaluator:99] - dataset: earlystopping, avg f1-score: 0.4818
[2023-10-17 17:37:14,711][INFO][clas_trainer:133] - train epoch: 35 [5312/53690 (10%)], lr: ['1.00e-04', '1.00e-04'], loss: 0.000664
[2023-10-17 17:37:24,471][INFO][clas_trainer:133] - train epoch: 35 [10656/53690 (20%)], lr: ['1.00e-04', '1.00e-04'], loss: 0.000892
[2023-10-17 17:37:33,949][INFO][clas_trainer:133] - train epoch: 35 [16000/53690 (30%)], lr: ['1.00e-04', '1.00e-04'], loss: 0.000789
[2023-10-17 17:37:43,793][INFO][clas_trainer:133] - train epoch: 35 [21344/53690 (40%)], lr: ['1.00e-04', '1.00e-04'], loss: 0.000974
[2023-10-17 17:37:53,335][INFO][clas_trainer:133] - train epoch: 35 [26688/53690 (50%)], lr: ['1.00e-04', '1.00e-04'], loss: 0.001209
[2023-10-17 17:38:03,088][INFO][clas_trainer:133] - train epoch: 35 [32032/53690 (60%)], lr: ['1.00e-04', '1.00e-04'], loss: 0.000798
[2023-10-17 17:38:12,862][INFO][clas_trainer:133] - train epoch: 35 [37376/53690 (70%)], lr: ['1.00e-04', '1.00e-04'], loss: 0.001068
[2023-10-17 17:38:23,040][INFO][clas_trainer:133] - train epoch: 35 [42720/53690 (80%)], lr: ['1.00e-04', '1.00e-04'], loss: 0.000832
[2023-10-17 17:38:32,740][INFO][clas_trainer:133] - train epoch: 35 [48064/53690 (90%)], lr: ['1.00e-04', '1.00e-04'], loss: 0.001205
[2023-10-17 17:38:42,569][INFO][clas_trainer:133] - train epoch: 35 [53408/53690 (99%)], lr: ['1.00e-04', '1.00e-04'], loss: 0.000766
[2023-10-17 17:38:58,941][INFO][clas_trainer:63] - [epoch  35] execution time: 114.86s	metrics:
[2023-10-17 17:38:58,941][INFO][clas_evaluator:99] - dataset: earlystopping, avg f1-score: 0.4597
[2023-10-17 17:39:09,337][INFO][clas_trainer:133] - train epoch: 36 [5312/53690 (10%)], lr: ['1.00e-04', '1.00e-04'], loss: 0.000632
[2023-10-17 17:39:19,156][INFO][clas_trainer:133] - train epoch: 36 [10656/53690 (20%)], lr: ['1.00e-04', '1.00e-04'], loss: 0.000830
[2023-10-17 17:39:28,852][INFO][clas_trainer:133] - train epoch: 36 [16000/53690 (30%)], lr: ['1.00e-04', '1.00e-04'], loss: 0.000798
[2023-10-17 17:39:38,489][INFO][clas_trainer:133] - train epoch: 36 [21344/53690 (40%)], lr: ['1.00e-04', '1.00e-04'], loss: 0.000622
[2023-10-17 17:39:48,198][INFO][clas_trainer:133] - train epoch: 36 [26688/53690 (50%)], lr: ['1.00e-04', '1.00e-04'], loss: 0.001221
[2023-10-17 17:39:58,114][INFO][clas_trainer:133] - train epoch: 36 [32032/53690 (60%)], lr: ['1.00e-04', '1.00e-04'], loss: 0.001404
[2023-10-17 17:40:08,250][INFO][clas_trainer:133] - train epoch: 36 [37376/53690 (70%)], lr: ['1.00e-04', '1.00e-04'], loss: 0.000235
[2023-10-17 17:40:18,211][INFO][clas_trainer:133] - train epoch: 36 [42720/53690 (80%)], lr: ['1.00e-04', '1.00e-04'], loss: 0.001718
[2023-10-17 17:40:27,862][INFO][clas_trainer:133] - train epoch: 36 [48064/53690 (90%)], lr: ['1.00e-04', '1.00e-04'], loss: 0.000991
[2023-10-17 17:40:38,198][INFO][clas_trainer:133] - train epoch: 36 [53408/53690 (99%)], lr: ['1.00e-04', '1.00e-04'], loss: 0.000803
[2023-10-17 17:40:54,368][INFO][clas_trainer:63] - [epoch  36] execution time: 115.43s	metrics:
[2023-10-17 17:40:54,368][INFO][clas_evaluator:99] - dataset: earlystopping, avg f1-score: 0.4276
[2023-10-17 17:41:04,860][INFO][clas_trainer:133] - train epoch: 37 [5312/53690 (10%)], lr: ['1.00e-04', '1.00e-04'], loss: 0.000928
[2023-10-17 17:41:14,927][INFO][clas_trainer:133] - train epoch: 37 [10656/53690 (20%)], lr: ['1.00e-04', '1.00e-04'], loss: 0.000444
[2023-10-17 17:41:24,612][INFO][clas_trainer:133] - train epoch: 37 [16000/53690 (30%)], lr: ['1.00e-04', '1.00e-04'], loss: 0.000960
[2023-10-17 17:41:34,228][INFO][clas_trainer:133] - train epoch: 37 [21344/53690 (40%)], lr: ['1.00e-04', '1.00e-04'], loss: 0.000664
[2023-10-17 17:41:43,737][INFO][clas_trainer:133] - train epoch: 37 [26688/53690 (50%)], lr: ['1.00e-04', '1.00e-04'], loss: 0.001615
[2023-10-17 17:41:53,339][INFO][clas_trainer:133] - train epoch: 37 [32032/53690 (60%)], lr: ['1.00e-04', '1.00e-04'], loss: 0.000873
[2023-10-17 17:42:02,835][INFO][clas_trainer:133] - train epoch: 37 [37376/53690 (70%)], lr: ['1.00e-04', '1.00e-04'], loss: 0.001103
[2023-10-17 17:42:12,484][INFO][clas_trainer:133] - train epoch: 37 [42720/53690 (80%)], lr: ['1.00e-04', '1.00e-04'], loss: 0.000443
[2023-10-17 17:42:22,150][INFO][clas_trainer:133] - train epoch: 37 [48064/53690 (90%)], lr: ['1.00e-04', '1.00e-04'], loss: 0.000511
[2023-10-17 17:42:31,875][INFO][clas_trainer:133] - train epoch: 37 [53408/53690 (99%)], lr: ['1.00e-04', '1.00e-04'], loss: 0.000791
[2023-10-17 17:42:47,706][INFO][clas_trainer:63] - [epoch  37] execution time: 113.34s	metrics:
[2023-10-17 17:42:47,707][INFO][clas_evaluator:99] - dataset: earlystopping, avg f1-score: 0.4587
[2023-10-17 17:42:47,717][INFO][clas_trainer:79] - finished training
[2023-10-17 17:42:47,717][INFO][clas_trainer:80] - best model on epoch: 27 	f1-score: 0.4834
