[2023-10-17 23:05:16,009][INFO][fine-tune:29] - overrides:
hydra:
- hydra.mode=MULTIRUN
task:
- m_seed_path_sids={seeds:[4,4,4,4,4],path:"exp002b-m4-simple_multi_class-2023-10-17_12-41-35-final.pth",subject_ids:{dod_o_h:$\{data.dod_o_h.cv_5_fold.fold_5\}}}
- data.downstream.train_dataloader.dataset.data_reducer.n_epochs=340
- data.downstream.train_dataloader.dataset.data_reducer.n_subjects=2

[2023-10-17 23:05:18,006][INFO][data_loaders:39] - class distribution before data reduction:
# samples per subject
02fb158a-a658-51ee-89cf-1e1dc2ebfde1: 861
03341d0d-5927-5838-8a5f-1b8ef39d8f57: 1063
039ce8ad-a7fa-5272-a3e3-1f4bfebdd087: 915
095d6e40-5f19-55b6-a0ec-6e0ad3793da0: 1192
0d79f4b1-e74f-5e87-8e42-f9dd7112ada5: 968
100df108-eb57-5eaa-a413-f7e4436a7895: 952
14c012bd-65b0-56f5-bc74-2dffcea69837: 969
16450f5a-9b65-5536-85e1-93816c8b89eb: 816
18482adf-1144-54ca-9e35-27f65c43a105: 824
18ede714-aba3-5ad8-bb1a-18fc9b1c4192: 995
1da3544e-dc5c-5795-adc3-f5068959211f: 955
2159377e-ebf3-5565-9014-1e2ae69dc1d2: 907
2e865ca9-e20f-5a6f-bd25-45d28cc9eab9: 950
32556393-bb57-560a-99e8-e09885219647: 1106
37d0da97-9ae8-5413-b889-4e843ff35488: 1011
3dd35e7b-d7e2-516d-8a85-e0d58a59569f: 1093
3e842aa8-bcd9-521e-93a2-72124233fe2c: 620
40e25dd4-6087-5747-b9c2-4838ada86b15: 1076
47f45aa2-31c4-595b-bdb6-f1348bba062b: 1032
4b72b905-5521-5c57-b666-e20ff9bb195f: 868
4e3c4ac4-69e2-5347-a3b0-662c204d259d: 926
5b94ec8a-c34d-5e45-84d1-bec2ea965609: 1090
5bf0f969-304c-581e-949c-50c108f62846: 947
67fa8e29-6f4d-530e-9422-bbc3aca86ed0: 1046
6e2aa933-c51c-5a31-8c7b-83da8d076a12: 905
730aba3b-e310-5be0-9eed-7c3123466834: 1120
742f1592-627c-54eb-bbb5-ccd55ffae33a: 975
769df255-2284-50b3-8917-2155c759fbbd: 929
79e8a04e-0fdd-53ae-bedc-d49d08e29103: 918
7d778801-88e7-5086-ad1d-70f31a371876: 999
83c1394e-9c69-5c11-9102-9ff8d59b1cfd: 1011
844f68ba-265e-53e6-bf47-6c85d1804a7b: 957
90aef91a-252f-5ccc-a82e-78ea7ee9ca1f: 1089
a0c91989-530f-5117-80c1-2488dbed683c: 1017
a25b2296-343b-53f6-8792-ada2669d466e: 1008
a6254c8a-f1b2-5736-b601-18245dd5e0a5: 1084
a65a9e69-cddf-5711-9a97-de8bfdeb08cc: 961
a79d1f0e-c133-5aa0-8268-cdcc05825f0f: 1046
aa160c78-6da3-5e05-8fc9-d6c13e9f97e0: 1010
aadc9e0c-b7c3-5a47-851d-f21971d10935: 969
ad47bc12-199c-5294-9cb8-4351bbbf7b5e: 893
b2d3ccdd-395c-5dd2-81d9-252bcfc0c337: 902
b3706da5-748b-5dd1-a552-f57e4456cdf6: 1041
b5d5785d-87ee-5078-b9b9-aac6abd4d8de: 918
bb474ab0-c2ce-573b-8acd-ef86b0fa26a2: 1142
c03e27b0-4cb5-584f-aaea-8f1e1ed6513c: 1121
c11c730f-0b6b-580b-af31-d8f0ebbbdfce: 917
c31a47f9-e400-5841-a22b-521c81042603: 986
c8110476-594c-533d-95bd-86147fccc987: 995
c985916d-46a5-5c3e-9d50-a5a91f460bac: 1024
cebd3520-4e77-5222-a614-d2888e6afc2b: 1109
d5181c33-a43b-5dfe-8ad7-0337facb092a: 977
e59c45e0-0c0c-565f-84a9-6cf0ec5ef6c1: 844
e6b7cbef-4c9d-5541-82e8-04810de0fb60: 819
e8ec8ec4-dc48-50ce-985a-a06d87861030: 975
eb95076c-c470-56a4-b788-ace310f061c6: 965

# samples per stage
0: 9856
1: 3075
2: 26718
3: 5997
4: 9162
[2023-10-17 23:05:18,170][INFO][data_loaders:43] - class distribution after data reduction:
# samples per subject
0d79f4b1-e74f-5e87-8e42-f9dd7112ada5: 29785
4e3c4ac4-69e2-5347-a3b0-662c204d259d: 24955

# samples per stage
0: 16583
1: 4669
2: 20930
3: 4830
4: 7728
[2023-10-17 23:05:18,458][INFO][data_loaders:39] - class distribution before data reduction:
# samples per subject
0416d51f-5d69-5326-b74a-a2e31a96a1ef: 822
1fa6c401-d819-50f5-8146-a0bb9e2b2516: 986
22bea84c-5d23-5e49-bc2d-9764f883955b: 1048
25a6b2b0-4d09-561b-82c6-f09bb271d3be: 1063
a30245e3-4a71-565f-9636-92e7d2e825fc: 1122
a4568951-bf87-5bbc-bc4f-28e93c360be6: 975
b3534fa3-7676-50dc-8412-07f0eff4f7a9: 757
fc10ee0b-b863-511b-bce8-4dfa7af8ac3a: 910

# samples per stage
0: 1458
1: 408
2: 3702
3: 1050
4: 1065
[2023-10-17 23:05:18,478][INFO][data_loaders:43] - class distribution after data reduction:
# samples per subject
0416d51f-5d69-5326-b74a-a2e31a96a1ef: 822
1fa6c401-d819-50f5-8146-a0bb9e2b2516: 986
22bea84c-5d23-5e49-bc2d-9764f883955b: 1048
25a6b2b0-4d09-561b-82c6-f09bb271d3be: 1063
a30245e3-4a71-565f-9636-92e7d2e825fc: 1122
a4568951-bf87-5bbc-bc4f-28e93c360be6: 975
b3534fa3-7676-50dc-8412-07f0eff4f7a9: 757
fc10ee0b-b863-511b-bce8-4dfa7af8ac3a: 910

# samples per stage
0: 1458
1: 408
2: 3702
3: 1050
4: 1065
[2023-10-17 23:05:18,520][INFO][clas_trainer:49] - metrics before training (epoch 0):
[2023-10-17 23:05:34,906][INFO][clas_evaluator:99] - dataset: earlystopping, avg f1-score: 0.0984
[2023-10-17 23:05:45,585][INFO][clas_trainer:133] - train epoch: 1 [5440/54740 (10%)], lr: ['1.00e-04', '1.00e-04'], loss: 1.926694
[2023-10-17 23:05:56,113][INFO][clas_trainer:133] - train epoch: 1 [10912/54740 (20%)], lr: ['1.00e-04', '1.00e-04'], loss: 1.951160
[2023-10-17 23:06:06,743][INFO][clas_trainer:133] - train epoch: 1 [16384/54740 (30%)], lr: ['1.00e-04', '1.00e-04'], loss: 1.574961
[2023-10-17 23:06:17,267][INFO][clas_trainer:133] - train epoch: 1 [21856/54740 (40%)], lr: ['1.00e-04', '1.00e-04'], loss: 0.580508
[2023-10-17 23:06:27,693][INFO][clas_trainer:133] - train epoch: 1 [27328/54740 (50%)], lr: ['1.00e-04', '1.00e-04'], loss: 1.146675
[2023-10-17 23:06:38,347][INFO][clas_trainer:133] - train epoch: 1 [32800/54740 (60%)], lr: ['1.00e-04', '1.00e-04'], loss: 0.868601
[2023-10-17 23:06:48,915][INFO][clas_trainer:133] - train epoch: 1 [38272/54740 (70%)], lr: ['1.00e-04', '1.00e-04'], loss: 0.674579
[2023-10-17 23:07:00,018][INFO][clas_trainer:133] - train epoch: 1 [43744/54740 (80%)], lr: ['1.00e-04', '1.00e-04'], loss: 0.702287
[2023-10-17 23:07:10,618][INFO][clas_trainer:133] - train epoch: 1 [49216/54740 (90%)], lr: ['1.00e-04', '1.00e-04'], loss: 0.471101
[2023-10-17 23:07:21,141][INFO][clas_trainer:133] - train epoch: 1 [54688/54740 (100%)], lr: ['1.00e-04', '1.00e-04'], loss: 0.252358
[2023-10-17 23:07:37,736][INFO][clas_trainer:63] - [epoch   1] execution time: 122.83s	metrics:
[2023-10-17 23:07:37,736][INFO][clas_evaluator:99] - dataset: earlystopping, avg f1-score: 0.2204
[2023-10-17 23:07:37,792][INFO][base_model:51] - snapshot saved to ./models/exp002a-m116-base_fe_clas-2023-10-17_13-13-53-final.pth
[2023-10-17 23:07:48,830][INFO][clas_trainer:133] - train epoch: 2 [5440/54740 (10%)], lr: ['1.00e-04', '1.00e-04'], loss: 0.386996
[2023-10-17 23:07:59,288][INFO][clas_trainer:133] - train epoch: 2 [10912/54740 (20%)], lr: ['1.00e-04', '1.00e-04'], loss: 0.196040
[2023-10-17 23:08:09,850][INFO][clas_trainer:133] - train epoch: 2 [16384/54740 (30%)], lr: ['1.00e-04', '1.00e-04'], loss: 0.123101
[2023-10-17 23:08:20,707][INFO][clas_trainer:133] - train epoch: 2 [21856/54740 (40%)], lr: ['1.00e-04', '1.00e-04'], loss: 0.253896
[2023-10-17 23:08:31,197][INFO][clas_trainer:133] - train epoch: 2 [27328/54740 (50%)], lr: ['1.00e-04', '1.00e-04'], loss: 0.352750
[2023-10-17 23:08:41,876][INFO][clas_trainer:133] - train epoch: 2 [32800/54740 (60%)], lr: ['1.00e-04', '1.00e-04'], loss: 0.196959
[2023-10-17 23:08:52,494][INFO][clas_trainer:133] - train epoch: 2 [38272/54740 (70%)], lr: ['1.00e-04', '1.00e-04'], loss: 0.246205
[2023-10-17 23:09:03,147][INFO][clas_trainer:133] - train epoch: 2 [43744/54740 (80%)], lr: ['1.00e-04', '1.00e-04'], loss: 0.571581
[2023-10-17 23:09:13,599][INFO][clas_trainer:133] - train epoch: 2 [49216/54740 (90%)], lr: ['1.00e-04', '1.00e-04'], loss: 0.352424
[2023-10-17 23:09:24,322][INFO][clas_trainer:133] - train epoch: 2 [54688/54740 (100%)], lr: ['1.00e-04', '1.00e-04'], loss: 0.292400
[2023-10-17 23:09:40,860][INFO][clas_trainer:63] - [epoch   2] execution time: 123.07s	metrics:
[2023-10-17 23:09:40,860][INFO][clas_evaluator:99] - dataset: earlystopping, avg f1-score: 0.4163
[2023-10-17 23:09:40,919][INFO][base_model:51] - snapshot saved to ./models/exp002a-m116-base_fe_clas-2023-10-17_13-13-53-final.pth
[2023-10-17 23:09:52,006][INFO][clas_trainer:133] - train epoch: 3 [5440/54740 (10%)], lr: ['1.00e-04', '1.00e-04'], loss: 0.036268
[2023-10-17 23:10:02,609][INFO][clas_trainer:133] - train epoch: 3 [10912/54740 (20%)], lr: ['1.00e-04', '1.00e-04'], loss: 0.031541
[2023-10-17 23:10:13,279][INFO][clas_trainer:133] - train epoch: 3 [16384/54740 (30%)], lr: ['1.00e-04', '1.00e-04'], loss: 0.033078
[2023-10-17 23:10:24,081][INFO][clas_trainer:133] - train epoch: 3 [21856/54740 (40%)], lr: ['1.00e-04', '1.00e-04'], loss: 0.142342
[2023-10-17 23:10:34,643][INFO][clas_trainer:133] - train epoch: 3 [27328/54740 (50%)], lr: ['1.00e-04', '1.00e-04'], loss: 0.105651
[2023-10-17 23:10:44,841][INFO][clas_trainer:133] - train epoch: 3 [32800/54740 (60%)], lr: ['1.00e-04', '1.00e-04'], loss: 0.017656
[2023-10-17 23:10:55,537][INFO][clas_trainer:133] - train epoch: 3 [38272/54740 (70%)], lr: ['1.00e-04', '1.00e-04'], loss: 0.071037
[2023-10-17 23:11:06,340][INFO][clas_trainer:133] - train epoch: 3 [43744/54740 (80%)], lr: ['1.00e-04', '1.00e-04'], loss: 0.106675
[2023-10-17 23:11:16,785][INFO][clas_trainer:133] - train epoch: 3 [49216/54740 (90%)], lr: ['1.00e-04', '1.00e-04'], loss: 0.059663
[2023-10-17 23:11:27,239][INFO][clas_trainer:133] - train epoch: 3 [54688/54740 (100%)], lr: ['1.00e-04', '1.00e-04'], loss: 0.059180
[2023-10-17 23:11:44,188][INFO][clas_trainer:63] - [epoch   3] execution time: 123.27s	metrics:
[2023-10-17 23:11:44,189][INFO][clas_evaluator:99] - dataset: earlystopping, avg f1-score: 0.4578
[2023-10-17 23:11:44,247][INFO][base_model:51] - snapshot saved to ./models/exp002a-m116-base_fe_clas-2023-10-17_13-13-53-final.pth
[2023-10-17 23:11:55,287][INFO][clas_trainer:133] - train epoch: 4 [5440/54740 (10%)], lr: ['1.00e-04', '1.00e-04'], loss: 0.008779
[2023-10-17 23:12:06,149][INFO][clas_trainer:133] - train epoch: 4 [10912/54740 (20%)], lr: ['1.00e-04', '1.00e-04'], loss: 0.047415
[2023-10-17 23:12:16,647][INFO][clas_trainer:133] - train epoch: 4 [16384/54740 (30%)], lr: ['1.00e-04', '1.00e-04'], loss: 0.058958
[2023-10-17 23:12:27,148][INFO][clas_trainer:133] - train epoch: 4 [21856/54740 (40%)], lr: ['1.00e-04', '1.00e-04'], loss: 0.040238
[2023-10-17 23:12:37,851][INFO][clas_trainer:133] - train epoch: 4 [27328/54740 (50%)], lr: ['1.00e-04', '1.00e-04'], loss: 0.001163
[2023-10-17 23:12:48,611][INFO][clas_trainer:133] - train epoch: 4 [32800/54740 (60%)], lr: ['1.00e-04', '1.00e-04'], loss: 0.028084
[2023-10-17 23:12:59,234][INFO][clas_trainer:133] - train epoch: 4 [38272/54740 (70%)], lr: ['1.00e-04', '1.00e-04'], loss: 0.011432
[2023-10-17 23:13:09,427][INFO][clas_trainer:133] - train epoch: 4 [43744/54740 (80%)], lr: ['1.00e-04', '1.00e-04'], loss: 0.004300
[2023-10-17 23:13:19,606][INFO][clas_trainer:133] - train epoch: 4 [49216/54740 (90%)], lr: ['1.00e-04', '1.00e-04'], loss: 0.045358
[2023-10-17 23:13:30,207][INFO][clas_trainer:133] - train epoch: 4 [54688/54740 (100%)], lr: ['1.00e-04', '1.00e-04'], loss: 0.023594
[2023-10-17 23:13:46,885][INFO][clas_trainer:63] - [epoch   4] execution time: 122.64s	metrics:
[2023-10-17 23:13:46,885][INFO][clas_evaluator:99] - dataset: earlystopping, avg f1-score: 0.4857
[2023-10-17 23:13:46,943][INFO][base_model:51] - snapshot saved to ./models/exp002a-m116-base_fe_clas-2023-10-17_13-13-53-final.pth
[2023-10-17 23:13:58,011][INFO][clas_trainer:133] - train epoch: 5 [5440/54740 (10%)], lr: ['1.00e-04', '1.00e-04'], loss: 0.020128
[2023-10-17 23:14:08,554][INFO][clas_trainer:133] - train epoch: 5 [10912/54740 (20%)], lr: ['1.00e-04', '1.00e-04'], loss: 0.016250
[2023-10-17 23:14:18,960][INFO][clas_trainer:133] - train epoch: 5 [16384/54740 (30%)], lr: ['1.00e-04', '1.00e-04'], loss: 0.015574
[2023-10-17 23:14:29,536][INFO][clas_trainer:133] - train epoch: 5 [21856/54740 (40%)], lr: ['1.00e-04', '1.00e-04'], loss: 0.012902
[2023-10-17 23:14:40,047][INFO][clas_trainer:133] - train epoch: 5 [27328/54740 (50%)], lr: ['1.00e-04', '1.00e-04'], loss: 0.003246
[2023-10-17 23:14:50,486][INFO][clas_trainer:133] - train epoch: 5 [32800/54740 (60%)], lr: ['1.00e-04', '1.00e-04'], loss: 0.027764
[2023-10-17 23:15:01,189][INFO][clas_trainer:133] - train epoch: 5 [38272/54740 (70%)], lr: ['1.00e-04', '1.00e-04'], loss: 0.016123
[2023-10-17 23:15:11,439][INFO][clas_trainer:133] - train epoch: 5 [43744/54740 (80%)], lr: ['1.00e-04', '1.00e-04'], loss: 0.000556
[2023-10-17 23:15:21,867][INFO][clas_trainer:133] - train epoch: 5 [49216/54740 (90%)], lr: ['1.00e-04', '1.00e-04'], loss: 0.028658
[2023-10-17 23:15:32,568][INFO][clas_trainer:133] - train epoch: 5 [54688/54740 (100%)], lr: ['1.00e-04', '1.00e-04'], loss: 0.014734
[2023-10-17 23:15:49,219][INFO][clas_trainer:63] - [epoch   5] execution time: 122.28s	metrics:
[2023-10-17 23:15:49,220][INFO][clas_evaluator:99] - dataset: earlystopping, avg f1-score: 0.5419
[2023-10-17 23:15:49,278][INFO][base_model:51] - snapshot saved to ./models/exp002a-m116-base_fe_clas-2023-10-17_13-13-53-final.pth
[2023-10-17 23:16:00,344][INFO][clas_trainer:133] - train epoch: 6 [5440/54740 (10%)], lr: ['1.00e-04', '1.00e-04'], loss: 0.008528
[2023-10-17 23:16:11,111][INFO][clas_trainer:133] - train epoch: 6 [10912/54740 (20%)], lr: ['1.00e-04', '1.00e-04'], loss: 0.000316
[2023-10-17 23:16:21,546][INFO][clas_trainer:133] - train epoch: 6 [16384/54740 (30%)], lr: ['1.00e-04', '1.00e-04'], loss: 0.005846
[2023-10-17 23:16:32,115][INFO][clas_trainer:133] - train epoch: 6 [21856/54740 (40%)], lr: ['1.00e-04', '1.00e-04'], loss: 0.001574
[2023-10-17 23:16:42,670][INFO][clas_trainer:133] - train epoch: 6 [27328/54740 (50%)], lr: ['1.00e-04', '1.00e-04'], loss: 0.035227
[2023-10-17 23:16:52,969][INFO][clas_trainer:133] - train epoch: 6 [32800/54740 (60%)], lr: ['1.00e-04', '1.00e-04'], loss: 0.001305
[2023-10-17 23:17:03,615][INFO][clas_trainer:133] - train epoch: 6 [38272/54740 (70%)], lr: ['1.00e-04', '1.00e-04'], loss: 0.063869
[2023-10-17 23:17:14,271][INFO][clas_trainer:133] - train epoch: 6 [43744/54740 (80%)], lr: ['1.00e-04', '1.00e-04'], loss: 0.055443
[2023-10-17 23:17:24,688][INFO][clas_trainer:133] - train epoch: 6 [49216/54740 (90%)], lr: ['1.00e-04', '1.00e-04'], loss: 0.023755
[2023-10-17 23:17:35,156][INFO][clas_trainer:133] - train epoch: 6 [54688/54740 (100%)], lr: ['1.00e-04', '1.00e-04'], loss: 0.104002
[2023-10-17 23:17:51,960][INFO][clas_trainer:63] - [epoch   6] execution time: 122.68s	metrics:
[2023-10-17 23:17:51,961][INFO][clas_evaluator:99] - dataset: earlystopping, avg f1-score: 0.5469
[2023-10-17 23:17:52,020][INFO][base_model:51] - snapshot saved to ./models/exp002a-m116-base_fe_clas-2023-10-17_13-13-53-final.pth
[2023-10-17 23:18:03,085][INFO][clas_trainer:133] - train epoch: 7 [5440/54740 (10%)], lr: ['1.00e-04', '1.00e-04'], loss: 0.002213
[2023-10-17 23:18:13,267][INFO][clas_trainer:133] - train epoch: 7 [10912/54740 (20%)], lr: ['1.00e-04', '1.00e-04'], loss: 0.000173
[2023-10-17 23:18:24,042][INFO][clas_trainer:133] - train epoch: 7 [16384/54740 (30%)], lr: ['1.00e-04', '1.00e-04'], loss: 0.001438
[2023-10-17 23:18:34,506][INFO][clas_trainer:133] - train epoch: 7 [21856/54740 (40%)], lr: ['1.00e-04', '1.00e-04'], loss: 0.000102
[2023-10-17 23:18:44,929][INFO][clas_trainer:133] - train epoch: 7 [27328/54740 (50%)], lr: ['1.00e-04', '1.00e-04'], loss: 0.007292
[2023-10-17 23:18:55,729][INFO][clas_trainer:133] - train epoch: 7 [32800/54740 (60%)], lr: ['1.00e-04', '1.00e-04'], loss: 0.001204
[2023-10-17 23:19:06,250][INFO][clas_trainer:133] - train epoch: 7 [38272/54740 (70%)], lr: ['1.00e-04', '1.00e-04'], loss: 0.001603
[2023-10-17 23:19:16,849][INFO][clas_trainer:133] - train epoch: 7 [43744/54740 (80%)], lr: ['1.00e-04', '1.00e-04'], loss: 0.000743
[2023-10-17 23:19:27,341][INFO][clas_trainer:133] - train epoch: 7 [49216/54740 (90%)], lr: ['1.00e-04', '1.00e-04'], loss: 0.057669
[2023-10-17 23:19:38,119][INFO][clas_trainer:133] - train epoch: 7 [54688/54740 (100%)], lr: ['1.00e-04', '1.00e-04'], loss: 0.001236
[2023-10-17 23:19:55,122][INFO][clas_trainer:63] - [epoch   7] execution time: 123.10s	metrics:
[2023-10-17 23:19:55,122][INFO][clas_evaluator:99] - dataset: earlystopping, avg f1-score: 0.5625
[2023-10-17 23:19:55,179][INFO][base_model:51] - snapshot saved to ./models/exp002a-m116-base_fe_clas-2023-10-17_13-13-53-final.pth
[2023-10-17 23:20:06,151][INFO][clas_trainer:133] - train epoch: 8 [5440/54740 (10%)], lr: ['1.00e-04', '1.00e-04'], loss: 0.004991
[2023-10-17 23:20:16,280][INFO][clas_trainer:133] - train epoch: 8 [10912/54740 (20%)], lr: ['1.00e-04', '1.00e-04'], loss: 0.000100
[2023-10-17 23:20:26,991][INFO][clas_trainer:133] - train epoch: 8 [16384/54740 (30%)], lr: ['1.00e-04', '1.00e-04'], loss: 0.000483
[2023-10-17 23:20:37,360][INFO][clas_trainer:133] - train epoch: 8 [21856/54740 (40%)], lr: ['1.00e-04', '1.00e-04'], loss: 0.036531
[2023-10-17 23:20:47,987][INFO][clas_trainer:133] - train epoch: 8 [27328/54740 (50%)], lr: ['1.00e-04', '1.00e-04'], loss: 0.001843
[2023-10-17 23:20:58,399][INFO][clas_trainer:133] - train epoch: 8 [32800/54740 (60%)], lr: ['1.00e-04', '1.00e-04'], loss: 0.000936
[2023-10-17 23:21:09,164][INFO][clas_trainer:133] - train epoch: 8 [38272/54740 (70%)], lr: ['1.00e-04', '1.00e-04'], loss: 0.000801
[2023-10-17 23:21:19,693][INFO][clas_trainer:133] - train epoch: 8 [43744/54740 (80%)], lr: ['1.00e-04', '1.00e-04'], loss: 0.000986
[2023-10-17 23:21:30,064][INFO][clas_trainer:133] - train epoch: 8 [49216/54740 (90%)], lr: ['1.00e-04', '1.00e-04'], loss: 0.025028
[2023-10-17 23:21:40,528][INFO][clas_trainer:133] - train epoch: 8 [54688/54740 (100%)], lr: ['1.00e-04', '1.00e-04'], loss: 0.002361
[2023-10-17 23:21:57,365][INFO][clas_trainer:63] - [epoch   8] execution time: 122.19s	metrics:
[2023-10-17 23:21:57,365][INFO][clas_evaluator:99] - dataset: earlystopping, avg f1-score: 0.5806
[2023-10-17 23:21:57,422][INFO][base_model:51] - snapshot saved to ./models/exp002a-m116-base_fe_clas-2023-10-17_13-13-53-final.pth
[2023-10-17 23:22:08,612][INFO][clas_trainer:133] - train epoch: 9 [5440/54740 (10%)], lr: ['1.00e-04', '1.00e-04'], loss: 0.000196
[2023-10-17 23:22:19,156][INFO][clas_trainer:133] - train epoch: 9 [10912/54740 (20%)], lr: ['1.00e-04', '1.00e-04'], loss: 0.002709
[2023-10-17 23:22:29,895][INFO][clas_trainer:133] - train epoch: 9 [16384/54740 (30%)], lr: ['1.00e-04', '1.00e-04'], loss: 0.001081
[2023-10-17 23:22:40,201][INFO][clas_trainer:133] - train epoch: 9 [21856/54740 (40%)], lr: ['1.00e-04', '1.00e-04'], loss: 0.000946
[2023-10-17 23:22:51,044][INFO][clas_trainer:133] - train epoch: 9 [27328/54740 (50%)], lr: ['1.00e-04', '1.00e-04'], loss: 0.001302
[2023-10-17 23:23:01,774][INFO][clas_trainer:133] - train epoch: 9 [32800/54740 (60%)], lr: ['1.00e-04', '1.00e-04'], loss: 0.009896
[2023-10-17 23:23:12,237][INFO][clas_trainer:133] - train epoch: 9 [38272/54740 (70%)], lr: ['1.00e-04', '1.00e-04'], loss: 0.001323
[2023-10-17 23:23:22,974][INFO][clas_trainer:133] - train epoch: 9 [43744/54740 (80%)], lr: ['1.00e-04', '1.00e-04'], loss: 0.002635
[2023-10-17 23:23:33,588][INFO][clas_trainer:133] - train epoch: 9 [49216/54740 (90%)], lr: ['1.00e-04', '1.00e-04'], loss: 0.000531
[2023-10-17 23:23:44,227][INFO][clas_trainer:133] - train epoch: 9 [54688/54740 (100%)], lr: ['1.00e-04', '1.00e-04'], loss: 0.000052
[2023-10-17 23:24:01,264][INFO][clas_trainer:63] - [epoch   9] execution time: 123.84s	metrics:
[2023-10-17 23:24:01,264][INFO][clas_evaluator:99] - dataset: earlystopping, avg f1-score: 0.5683
[2023-10-17 23:24:12,195][INFO][clas_trainer:133] - train epoch: 10 [5440/54740 (10%)], lr: ['1.00e-04', '1.00e-04'], loss: 0.000718
[2023-10-17 23:24:22,891][INFO][clas_trainer:133] - train epoch: 10 [10912/54740 (20%)], lr: ['1.00e-04', '1.00e-04'], loss: 0.000225
[2023-10-17 23:24:33,515][INFO][clas_trainer:133] - train epoch: 10 [16384/54740 (30%)], lr: ['1.00e-04', '1.00e-04'], loss: 0.000050
[2023-10-17 23:24:43,789][INFO][clas_trainer:133] - train epoch: 10 [21856/54740 (40%)], lr: ['1.00e-04', '1.00e-04'], loss: 0.000040
[2023-10-17 23:24:54,582][INFO][clas_trainer:133] - train epoch: 10 [27328/54740 (50%)], lr: ['1.00e-04', '1.00e-04'], loss: 0.000531
[2023-10-17 23:25:04,950][INFO][clas_trainer:133] - train epoch: 10 [32800/54740 (60%)], lr: ['1.00e-04', '1.00e-04'], loss: 0.012605
[2023-10-17 23:25:15,272][INFO][clas_trainer:133] - train epoch: 10 [38272/54740 (70%)], lr: ['1.00e-04', '1.00e-04'], loss: 0.000350
[2023-10-17 23:25:25,758][INFO][clas_trainer:133] - train epoch: 10 [43744/54740 (80%)], lr: ['1.00e-04', '1.00e-04'], loss: 0.000706
[2023-10-17 23:25:36,166][INFO][clas_trainer:133] - train epoch: 10 [49216/54740 (90%)], lr: ['1.00e-04', '1.00e-04'], loss: 0.000119
[2023-10-17 23:25:46,896][INFO][clas_trainer:133] - train epoch: 10 [54688/54740 (100%)], lr: ['1.00e-04', '1.00e-04'], loss: 0.002706
[2023-10-17 23:26:03,577][INFO][clas_trainer:63] - [epoch  10] execution time: 122.31s	metrics:
[2023-10-17 23:26:03,577][INFO][clas_evaluator:99] - dataset: earlystopping, avg f1-score: 0.5848
[2023-10-17 23:26:03,634][INFO][base_model:51] - snapshot saved to ./models/exp002a-m116-base_fe_clas-2023-10-17_13-13-53-final.pth
[2023-10-17 23:26:14,644][INFO][clas_trainer:133] - train epoch: 11 [5440/54740 (10%)], lr: ['1.00e-04', '1.00e-04'], loss: 0.032521
[2023-10-17 23:26:24,975][INFO][clas_trainer:133] - train epoch: 11 [10912/54740 (20%)], lr: ['1.00e-04', '1.00e-04'], loss: 0.002460
[2023-10-17 23:26:35,701][INFO][clas_trainer:133] - train epoch: 11 [16384/54740 (30%)], lr: ['1.00e-04', '1.00e-04'], loss: 0.000136
[2023-10-17 23:26:45,948][INFO][clas_trainer:133] - train epoch: 11 [21856/54740 (40%)], lr: ['1.00e-04', '1.00e-04'], loss: 0.016213
[2023-10-17 23:26:56,553][INFO][clas_trainer:133] - train epoch: 11 [27328/54740 (50%)], lr: ['1.00e-04', '1.00e-04'], loss: 0.005650
[2023-10-17 23:27:07,294][INFO][clas_trainer:133] - train epoch: 11 [32800/54740 (60%)], lr: ['1.00e-04', '1.00e-04'], loss: 0.010951
[2023-10-17 23:27:17,696][INFO][clas_trainer:133] - train epoch: 11 [38272/54740 (70%)], lr: ['1.00e-04', '1.00e-04'], loss: 0.000829
[2023-10-17 23:27:28,210][INFO][clas_trainer:133] - train epoch: 11 [43744/54740 (80%)], lr: ['1.00e-04', '1.00e-04'], loss: 0.000228
[2023-10-17 23:27:38,587][INFO][clas_trainer:133] - train epoch: 11 [49216/54740 (90%)], lr: ['1.00e-04', '1.00e-04'], loss: 0.002024
[2023-10-17 23:27:49,232][INFO][clas_trainer:133] - train epoch: 11 [54688/54740 (100%)], lr: ['1.00e-04', '1.00e-04'], loss: 0.000435
[2023-10-17 23:28:05,852][INFO][clas_trainer:63] - [epoch  11] execution time: 122.22s	metrics:
[2023-10-17 23:28:05,853][INFO][clas_evaluator:99] - dataset: earlystopping, avg f1-score: 0.6233
[2023-10-17 23:28:05,909][INFO][base_model:51] - snapshot saved to ./models/exp002a-m116-base_fe_clas-2023-10-17_13-13-53-final.pth
[2023-10-17 23:28:17,064][INFO][clas_trainer:133] - train epoch: 12 [5440/54740 (10%)], lr: ['1.00e-04', '1.00e-04'], loss: 0.000319
[2023-10-17 23:28:27,690][INFO][clas_trainer:133] - train epoch: 12 [10912/54740 (20%)], lr: ['1.00e-04', '1.00e-04'], loss: 0.000559
[2023-10-17 23:28:38,024][INFO][clas_trainer:133] - train epoch: 12 [16384/54740 (30%)], lr: ['1.00e-04', '1.00e-04'], loss: 0.001704
[2023-10-17 23:28:48,499][INFO][clas_trainer:133] - train epoch: 12 [21856/54740 (40%)], lr: ['1.00e-04', '1.00e-04'], loss: 0.007449
[2023-10-17 23:28:59,116][INFO][clas_trainer:133] - train epoch: 12 [27328/54740 (50%)], lr: ['1.00e-04', '1.00e-04'], loss: 0.000023
[2023-10-17 23:29:09,933][INFO][clas_trainer:133] - train epoch: 12 [32800/54740 (60%)], lr: ['1.00e-04', '1.00e-04'], loss: 0.003301
[2023-10-17 23:29:20,433][INFO][clas_trainer:133] - train epoch: 12 [38272/54740 (70%)], lr: ['1.00e-04', '1.00e-04'], loss: 0.000111
[2023-10-17 23:29:30,957][INFO][clas_trainer:133] - train epoch: 12 [43744/54740 (80%)], lr: ['1.00e-04', '1.00e-04'], loss: 0.001267
[2023-10-17 23:29:41,449][INFO][clas_trainer:133] - train epoch: 12 [49216/54740 (90%)], lr: ['1.00e-04', '1.00e-04'], loss: 0.000319
[2023-10-17 23:29:51,759][INFO][clas_trainer:133] - train epoch: 12 [54688/54740 (100%)], lr: ['1.00e-04', '1.00e-04'], loss: 0.000705
[2023-10-17 23:30:08,504][INFO][clas_trainer:63] - [epoch  12] execution time: 122.60s	metrics:
[2023-10-17 23:30:08,505][INFO][clas_evaluator:99] - dataset: earlystopping, avg f1-score: 0.6285
[2023-10-17 23:30:08,564][INFO][base_model:51] - snapshot saved to ./models/exp002a-m116-base_fe_clas-2023-10-17_13-13-53-final.pth
[2023-10-17 23:30:19,635][INFO][clas_trainer:133] - train epoch: 13 [5440/54740 (10%)], lr: ['1.00e-04', '1.00e-04'], loss: 0.000595
[2023-10-17 23:30:30,063][INFO][clas_trainer:133] - train epoch: 13 [10912/54740 (20%)], lr: ['1.00e-04', '1.00e-04'], loss: 0.000103
[2023-10-17 23:30:40,641][INFO][clas_trainer:133] - train epoch: 13 [16384/54740 (30%)], lr: ['1.00e-04', '1.00e-04'], loss: 0.015271
[2023-10-17 23:30:50,860][INFO][clas_trainer:133] - train epoch: 13 [21856/54740 (40%)], lr: ['1.00e-04', '1.00e-04'], loss: 0.000214
[2023-10-17 23:31:01,478][INFO][clas_trainer:133] - train epoch: 13 [27328/54740 (50%)], lr: ['1.00e-04', '1.00e-04'], loss: 0.035128
[2023-10-17 23:31:12,149][INFO][clas_trainer:133] - train epoch: 13 [32800/54740 (60%)], lr: ['1.00e-04', '1.00e-04'], loss: 0.000750
[2023-10-17 23:31:22,552][INFO][clas_trainer:133] - train epoch: 13 [38272/54740 (70%)], lr: ['1.00e-04', '1.00e-04'], loss: 0.000445
[2023-10-17 23:31:33,141][INFO][clas_trainer:133] - train epoch: 13 [43744/54740 (80%)], lr: ['1.00e-04', '1.00e-04'], loss: 0.001128
[2023-10-17 23:31:43,647][INFO][clas_trainer:133] - train epoch: 13 [49216/54740 (90%)], lr: ['1.00e-04', '1.00e-04'], loss: 0.001485
[2023-10-17 23:31:53,925][INFO][clas_trainer:133] - train epoch: 13 [54688/54740 (100%)], lr: ['1.00e-04', '1.00e-04'], loss: 0.001750
[2023-10-17 23:32:10,803][INFO][clas_trainer:63] - [epoch  13] execution time: 122.24s	metrics:
[2023-10-17 23:32:10,804][INFO][clas_evaluator:99] - dataset: earlystopping, avg f1-score: 0.6289
[2023-10-17 23:32:10,861][INFO][base_model:51] - snapshot saved to ./models/exp002a-m116-base_fe_clas-2023-10-17_13-13-53-final.pth
[2023-10-17 23:32:21,919][INFO][clas_trainer:133] - train epoch: 14 [5440/54740 (10%)], lr: ['1.00e-04', '1.00e-04'], loss: 0.007307
[2023-10-17 23:32:32,521][INFO][clas_trainer:133] - train epoch: 14 [10912/54740 (20%)], lr: ['1.00e-04', '1.00e-04'], loss: 0.052413
[2023-10-17 23:32:43,386][INFO][clas_trainer:133] - train epoch: 14 [16384/54740 (30%)], lr: ['1.00e-04', '1.00e-04'], loss: 0.000456
[2023-10-17 23:32:53,913][INFO][clas_trainer:133] - train epoch: 14 [21856/54740 (40%)], lr: ['1.00e-04', '1.00e-04'], loss: 0.005515
[2023-10-17 23:33:04,554][INFO][clas_trainer:133] - train epoch: 14 [27328/54740 (50%)], lr: ['1.00e-04', '1.00e-04'], loss: 0.001946
[2023-10-17 23:33:15,072][INFO][clas_trainer:133] - train epoch: 14 [32800/54740 (60%)], lr: ['1.00e-04', '1.00e-04'], loss: 0.002895
[2023-10-17 23:33:25,443][INFO][clas_trainer:133] - train epoch: 14 [38272/54740 (70%)], lr: ['1.00e-04', '1.00e-04'], loss: 0.006575
[2023-10-17 23:33:35,818][INFO][clas_trainer:133] - train epoch: 14 [43744/54740 (80%)], lr: ['1.00e-04', '1.00e-04'], loss: 0.000431
[2023-10-17 23:33:46,226][INFO][clas_trainer:133] - train epoch: 14 [49216/54740 (90%)], lr: ['1.00e-04', '1.00e-04'], loss: 0.000079
[2023-10-17 23:33:56,699][INFO][clas_trainer:133] - train epoch: 14 [54688/54740 (100%)], lr: ['1.00e-04', '1.00e-04'], loss: 0.000219
[2023-10-17 23:34:13,985][INFO][clas_trainer:63] - [epoch  14] execution time: 123.12s	metrics:
[2023-10-17 23:34:13,985][INFO][clas_evaluator:99] - dataset: earlystopping, avg f1-score: 0.6691
[2023-10-17 23:34:14,045][INFO][base_model:51] - snapshot saved to ./models/exp002a-m116-base_fe_clas-2023-10-17_13-13-53-final.pth
[2023-10-17 23:34:25,296][INFO][clas_trainer:133] - train epoch: 15 [5440/54740 (10%)], lr: ['1.00e-04', '1.00e-04'], loss: 0.000242
[2023-10-17 23:34:35,792][INFO][clas_trainer:133] - train epoch: 15 [10912/54740 (20%)], lr: ['1.00e-04', '1.00e-04'], loss: 0.000935
[2023-10-17 23:34:46,182][INFO][clas_trainer:133] - train epoch: 15 [16384/54740 (30%)], lr: ['1.00e-04', '1.00e-04'], loss: 0.027520
[2023-10-17 23:34:56,861][INFO][clas_trainer:133] - train epoch: 15 [21856/54740 (40%)], lr: ['1.00e-04', '1.00e-04'], loss: 0.009321
[2023-10-17 23:35:07,178][INFO][clas_trainer:133] - train epoch: 15 [27328/54740 (50%)], lr: ['1.00e-04', '1.00e-04'], loss: 0.000718
[2023-10-17 23:35:17,514][INFO][clas_trainer:133] - train epoch: 15 [32800/54740 (60%)], lr: ['1.00e-04', '1.00e-04'], loss: 0.001504
[2023-10-17 23:35:28,244][INFO][clas_trainer:133] - train epoch: 15 [38272/54740 (70%)], lr: ['1.00e-04', '1.00e-04'], loss: 0.001436
[2023-10-17 23:35:38,732][INFO][clas_trainer:133] - train epoch: 15 [43744/54740 (80%)], lr: ['1.00e-04', '1.00e-04'], loss: 0.010426
[2023-10-17 23:35:49,236][INFO][clas_trainer:133] - train epoch: 15 [49216/54740 (90%)], lr: ['1.00e-04', '1.00e-04'], loss: 0.032822
[2023-10-17 23:35:59,784][INFO][clas_trainer:133] - train epoch: 15 [54688/54740 (100%)], lr: ['1.00e-04', '1.00e-04'], loss: 0.001377
[2023-10-17 23:36:16,372][INFO][clas_trainer:63] - [epoch  15] execution time: 122.33s	metrics:
[2023-10-17 23:36:16,372][INFO][clas_evaluator:99] - dataset: earlystopping, avg f1-score: 0.6253
[2023-10-17 23:36:27,519][INFO][clas_trainer:133] - train epoch: 16 [5440/54740 (10%)], lr: ['1.00e-04', '1.00e-04'], loss: 0.000680
[2023-10-17 23:36:38,054][INFO][clas_trainer:133] - train epoch: 16 [10912/54740 (20%)], lr: ['1.00e-04', '1.00e-04'], loss: 0.003364
[2023-10-17 23:36:48,622][INFO][clas_trainer:133] - train epoch: 16 [16384/54740 (30%)], lr: ['1.00e-04', '1.00e-04'], loss: 0.001375
[2023-10-17 23:36:58,907][INFO][clas_trainer:133] - train epoch: 16 [21856/54740 (40%)], lr: ['1.00e-04', '1.00e-04'], loss: 0.001826
[2023-10-17 23:37:09,536][INFO][clas_trainer:133] - train epoch: 16 [27328/54740 (50%)], lr: ['1.00e-04', '1.00e-04'], loss: 0.001590
[2023-10-17 23:37:20,048][INFO][clas_trainer:133] - train epoch: 16 [32800/54740 (60%)], lr: ['1.00e-04', '1.00e-04'], loss: 0.000333
[2023-10-17 23:37:30,570][INFO][clas_trainer:133] - train epoch: 16 [38272/54740 (70%)], lr: ['1.00e-04', '1.00e-04'], loss: 0.001223
[2023-10-17 23:37:40,999][INFO][clas_trainer:133] - train epoch: 16 [43744/54740 (80%)], lr: ['1.00e-04', '1.00e-04'], loss: 0.050418
[2023-10-17 23:37:51,680][INFO][clas_trainer:133] - train epoch: 16 [49216/54740 (90%)], lr: ['1.00e-04', '1.00e-04'], loss: 0.000511
[2023-10-17 23:38:02,222][INFO][clas_trainer:133] - train epoch: 16 [54688/54740 (100%)], lr: ['1.00e-04', '1.00e-04'], loss: 0.001462
[2023-10-17 23:38:19,114][INFO][clas_trainer:63] - [epoch  16] execution time: 122.74s	metrics:
[2023-10-17 23:38:19,114][INFO][clas_evaluator:99] - dataset: earlystopping, avg f1-score: 0.6310
[2023-10-17 23:38:30,190][INFO][clas_trainer:133] - train epoch: 17 [5440/54740 (10%)], lr: ['1.00e-04', '1.00e-04'], loss: 0.000973
[2023-10-17 23:38:40,616][INFO][clas_trainer:133] - train epoch: 17 [10912/54740 (20%)], lr: ['1.00e-04', '1.00e-04'], loss: 0.000656
[2023-10-17 23:38:51,565][INFO][clas_trainer:133] - train epoch: 17 [16384/54740 (30%)], lr: ['1.00e-04', '1.00e-04'], loss: 0.000136
[2023-10-17 23:39:02,150][INFO][clas_trainer:133] - train epoch: 17 [21856/54740 (40%)], lr: ['1.00e-04', '1.00e-04'], loss: 0.000834
[2023-10-17 23:39:12,461][INFO][clas_trainer:133] - train epoch: 17 [27328/54740 (50%)], lr: ['1.00e-04', '1.00e-04'], loss: 0.004395
[2023-10-17 23:39:23,119][INFO][clas_trainer:133] - train epoch: 17 [32800/54740 (60%)], lr: ['1.00e-04', '1.00e-04'], loss: 0.000218
[2023-10-17 23:39:33,651][INFO][clas_trainer:133] - train epoch: 17 [38272/54740 (70%)], lr: ['1.00e-04', '1.00e-04'], loss: 0.014163
[2023-10-17 23:39:44,096][INFO][clas_trainer:133] - train epoch: 17 [43744/54740 (80%)], lr: ['1.00e-04', '1.00e-04'], loss: 0.009111
[2023-10-17 23:39:54,706][INFO][clas_trainer:133] - train epoch: 17 [49216/54740 (90%)], lr: ['1.00e-04', '1.00e-04'], loss: 0.000656
[2023-10-17 23:40:05,076][INFO][clas_trainer:133] - train epoch: 17 [54688/54740 (100%)], lr: ['1.00e-04', '1.00e-04'], loss: 0.015050
[2023-10-17 23:40:21,430][INFO][clas_trainer:63] - [epoch  17] execution time: 122.32s	metrics:
[2023-10-17 23:40:21,430][INFO][clas_evaluator:99] - dataset: earlystopping, avg f1-score: 0.6253
[2023-10-17 23:40:32,434][INFO][clas_trainer:133] - train epoch: 18 [5440/54740 (10%)], lr: ['1.00e-04', '1.00e-04'], loss: 0.011693
[2023-10-17 23:40:43,055][INFO][clas_trainer:133] - train epoch: 18 [10912/54740 (20%)], lr: ['1.00e-04', '1.00e-04'], loss: 0.003262
[2023-10-17 23:40:53,633][INFO][clas_trainer:133] - train epoch: 18 [16384/54740 (30%)], lr: ['1.00e-04', '1.00e-04'], loss: 0.000300
[2023-10-17 23:41:04,548][INFO][clas_trainer:133] - train epoch: 18 [21856/54740 (40%)], lr: ['1.00e-04', '1.00e-04'], loss: 0.000222
[2023-10-17 23:41:15,036][INFO][clas_trainer:133] - train epoch: 18 [27328/54740 (50%)], lr: ['1.00e-04', '1.00e-04'], loss: 0.001063
[2023-10-17 23:41:25,305][INFO][clas_trainer:133] - train epoch: 18 [32800/54740 (60%)], lr: ['1.00e-04', '1.00e-04'], loss: 0.000204
[2023-10-17 23:41:36,001][INFO][clas_trainer:133] - train epoch: 18 [38272/54740 (70%)], lr: ['1.00e-04', '1.00e-04'], loss: 0.001583
[2023-10-17 23:41:46,693][INFO][clas_trainer:133] - train epoch: 18 [43744/54740 (80%)], lr: ['1.00e-04', '1.00e-04'], loss: 0.001437
[2023-10-17 23:41:57,208][INFO][clas_trainer:133] - train epoch: 18 [49216/54740 (90%)], lr: ['1.00e-04', '1.00e-04'], loss: 0.000436
[2023-10-17 23:42:07,896][INFO][clas_trainer:133] - train epoch: 18 [54688/54740 (100%)], lr: ['1.00e-04', '1.00e-04'], loss: 0.002732
[2023-10-17 23:42:24,679][INFO][clas_trainer:63] - [epoch  18] execution time: 123.25s	metrics:
[2023-10-17 23:42:24,680][INFO][clas_evaluator:99] - dataset: earlystopping, avg f1-score: 0.6518
[2023-10-17 23:42:35,673][INFO][clas_trainer:133] - train epoch: 19 [5440/54740 (10%)], lr: ['1.00e-04', '1.00e-04'], loss: 0.000398
[2023-10-17 23:42:46,253][INFO][clas_trainer:133] - train epoch: 19 [10912/54740 (20%)], lr: ['1.00e-04', '1.00e-04'], loss: 0.000339
[2023-10-17 23:42:56,845][INFO][clas_trainer:133] - train epoch: 19 [16384/54740 (30%)], lr: ['1.00e-04', '1.00e-04'], loss: 0.001234
[2023-10-17 23:43:07,293][INFO][clas_trainer:133] - train epoch: 19 [21856/54740 (40%)], lr: ['1.00e-04', '1.00e-04'], loss: 0.000216
[2023-10-17 23:43:17,880][INFO][clas_trainer:133] - train epoch: 19 [27328/54740 (50%)], lr: ['1.00e-04', '1.00e-04'], loss: 0.005670
[2023-10-17 23:43:28,216][INFO][clas_trainer:133] - train epoch: 19 [32800/54740 (60%)], lr: ['1.00e-04', '1.00e-04'], loss: 0.001468
[2023-10-17 23:43:38,449][INFO][clas_trainer:133] - train epoch: 19 [38272/54740 (70%)], lr: ['1.00e-04', '1.00e-04'], loss: 0.000930
[2023-10-17 23:43:48,998][INFO][clas_trainer:133] - train epoch: 19 [43744/54740 (80%)], lr: ['1.00e-04', '1.00e-04'], loss: 0.000423
[2023-10-17 23:43:59,369][INFO][clas_trainer:133] - train epoch: 19 [49216/54740 (90%)], lr: ['1.00e-04', '1.00e-04'], loss: 0.001868
[2023-10-17 23:44:09,870][INFO][clas_trainer:133] - train epoch: 19 [54688/54740 (100%)], lr: ['1.00e-04', '1.00e-04'], loss: 0.001210
[2023-10-17 23:44:26,949][INFO][clas_trainer:63] - [epoch  19] execution time: 122.27s	metrics:
[2023-10-17 23:44:26,949][INFO][clas_evaluator:99] - dataset: earlystopping, avg f1-score: 0.6465
[2023-10-17 23:44:37,978][INFO][clas_trainer:133] - train epoch: 20 [5440/54740 (10%)], lr: ['1.00e-04', '1.00e-04'], loss: 0.003845
[2023-10-17 23:44:48,413][INFO][clas_trainer:133] - train epoch: 20 [10912/54740 (20%)], lr: ['1.00e-04', '1.00e-04'], loss: 0.004362
[2023-10-17 23:44:59,301][INFO][clas_trainer:133] - train epoch: 20 [16384/54740 (30%)], lr: ['1.00e-04', '1.00e-04'], loss: 0.000658
[2023-10-17 23:45:09,622][INFO][clas_trainer:133] - train epoch: 20 [21856/54740 (40%)], lr: ['1.00e-04', '1.00e-04'], loss: 0.000534
[2023-10-17 23:45:19,966][INFO][clas_trainer:133] - train epoch: 20 [27328/54740 (50%)], lr: ['1.00e-04', '1.00e-04'], loss: 0.003068
[2023-10-17 23:45:30,756][INFO][clas_trainer:133] - train epoch: 20 [32800/54740 (60%)], lr: ['1.00e-04', '1.00e-04'], loss: 0.000724
[2023-10-17 23:45:41,274][INFO][clas_trainer:133] - train epoch: 20 [38272/54740 (70%)], lr: ['1.00e-04', '1.00e-04'], loss: 0.001108
[2023-10-17 23:45:51,750][INFO][clas_trainer:133] - train epoch: 20 [43744/54740 (80%)], lr: ['1.00e-04', '1.00e-04'], loss: 0.000376
[2023-10-17 23:46:02,483][INFO][clas_trainer:133] - train epoch: 20 [49216/54740 (90%)], lr: ['1.00e-04', '1.00e-04'], loss: 0.007690
[2023-10-17 23:46:12,922][INFO][clas_trainer:133] - train epoch: 20 [54688/54740 (100%)], lr: ['1.00e-04', '1.00e-04'], loss: 0.000979
[2023-10-17 23:46:29,633][INFO][clas_trainer:63] - [epoch  20] execution time: 122.68s	metrics:
[2023-10-17 23:46:29,634][INFO][clas_evaluator:99] - dataset: earlystopping, avg f1-score: 0.6347
[2023-10-17 23:46:40,682][INFO][clas_trainer:133] - train epoch: 21 [5440/54740 (10%)], lr: ['1.00e-04', '1.00e-04'], loss: 0.002914
[2023-10-17 23:46:50,941][INFO][clas_trainer:133] - train epoch: 21 [10912/54740 (20%)], lr: ['1.00e-04', '1.00e-04'], loss: 0.001819
[2023-10-17 23:47:01,286][INFO][clas_trainer:133] - train epoch: 21 [16384/54740 (30%)], lr: ['1.00e-04', '1.00e-04'], loss: 0.001115
[2023-10-17 23:47:12,055][INFO][clas_trainer:133] - train epoch: 21 [21856/54740 (40%)], lr: ['1.00e-04', '1.00e-04'], loss: 0.000932
[2023-10-17 23:47:22,756][INFO][clas_trainer:133] - train epoch: 21 [27328/54740 (50%)], lr: ['1.00e-04', '1.00e-04'], loss: 0.000205
[2023-10-17 23:47:33,273][INFO][clas_trainer:133] - train epoch: 21 [32800/54740 (60%)], lr: ['1.00e-04', '1.00e-04'], loss: 0.000420
[2023-10-17 23:47:43,794][INFO][clas_trainer:133] - train epoch: 21 [38272/54740 (70%)], lr: ['1.00e-04', '1.00e-04'], loss: 0.000693
[2023-10-17 23:47:54,140][INFO][clas_trainer:133] - train epoch: 21 [43744/54740 (80%)], lr: ['1.00e-04', '1.00e-04'], loss: 0.000582
[2023-10-17 23:48:04,638][INFO][clas_trainer:133] - train epoch: 21 [49216/54740 (90%)], lr: ['1.00e-04', '1.00e-04'], loss: 0.009327
[2023-10-17 23:48:15,239][INFO][clas_trainer:133] - train epoch: 21 [54688/54740 (100%)], lr: ['1.00e-04', '1.00e-04'], loss: 0.007088
[2023-10-17 23:48:31,771][INFO][clas_trainer:63] - [epoch  21] execution time: 122.14s	metrics:
[2023-10-17 23:48:31,771][INFO][clas_evaluator:99] - dataset: earlystopping, avg f1-score: 0.6514
[2023-10-17 23:48:42,695][INFO][clas_trainer:133] - train epoch: 22 [5440/54740 (10%)], lr: ['1.00e-04', '1.00e-04'], loss: 0.000439
[2023-10-17 23:48:53,476][INFO][clas_trainer:133] - train epoch: 22 [10912/54740 (20%)], lr: ['1.00e-04', '1.00e-04'], loss: 0.001484
[2023-10-17 23:49:03,837][INFO][clas_trainer:133] - train epoch: 22 [16384/54740 (30%)], lr: ['1.00e-04', '1.00e-04'], loss: 0.010184
[2023-10-17 23:49:14,165][INFO][clas_trainer:133] - train epoch: 22 [21856/54740 (40%)], lr: ['1.00e-04', '1.00e-04'], loss: 0.006030
[2023-10-17 23:49:24,804][INFO][clas_trainer:133] - train epoch: 22 [27328/54740 (50%)], lr: ['1.00e-04', '1.00e-04'], loss: 0.000799
[2023-10-17 23:49:35,170][INFO][clas_trainer:133] - train epoch: 22 [32800/54740 (60%)], lr: ['1.00e-04', '1.00e-04'], loss: 0.000471
[2023-10-17 23:49:45,372][INFO][clas_trainer:133] - train epoch: 22 [38272/54740 (70%)], lr: ['1.00e-04', '1.00e-04'], loss: 0.001484
[2023-10-17 23:49:55,960][INFO][clas_trainer:133] - train epoch: 22 [43744/54740 (80%)], lr: ['1.00e-04', '1.00e-04'], loss: 0.001063
[2023-10-17 23:50:06,454][INFO][clas_trainer:133] - train epoch: 22 [49216/54740 (90%)], lr: ['1.00e-04', '1.00e-04'], loss: 0.001913
[2023-10-17 23:50:16,838][INFO][clas_trainer:133] - train epoch: 22 [54688/54740 (100%)], lr: ['1.00e-04', '1.00e-04'], loss: 0.000330
[2023-10-17 23:50:33,579][INFO][clas_trainer:63] - [epoch  22] execution time: 121.81s	metrics:
[2023-10-17 23:50:33,580][INFO][clas_evaluator:99] - dataset: earlystopping, avg f1-score: 0.6621
[2023-10-17 23:50:44,580][INFO][clas_trainer:133] - train epoch: 23 [5440/54740 (10%)], lr: ['1.00e-04', '1.00e-04'], loss: 0.001672
[2023-10-17 23:50:55,181][INFO][clas_trainer:133] - train epoch: 23 [10912/54740 (20%)], lr: ['1.00e-04', '1.00e-04'], loss: 0.003846
[2023-10-17 23:51:05,837][INFO][clas_trainer:133] - train epoch: 23 [16384/54740 (30%)], lr: ['1.00e-04', '1.00e-04'], loss: 0.022030
[2023-10-17 23:51:16,321][INFO][clas_trainer:133] - train epoch: 23 [21856/54740 (40%)], lr: ['1.00e-04', '1.00e-04'], loss: 0.003687
[2023-10-17 23:51:26,831][INFO][clas_trainer:133] - train epoch: 23 [27328/54740 (50%)], lr: ['1.00e-04', '1.00e-04'], loss: 0.001065
[2023-10-17 23:51:37,832][INFO][clas_trainer:133] - train epoch: 23 [32800/54740 (60%)], lr: ['1.00e-04', '1.00e-04'], loss: 0.000921
[2023-10-17 23:51:48,198][INFO][clas_trainer:133] - train epoch: 23 [38272/54740 (70%)], lr: ['1.00e-04', '1.00e-04'], loss: 0.000428
[2023-10-17 23:51:58,867][INFO][clas_trainer:133] - train epoch: 23 [43744/54740 (80%)], lr: ['1.00e-04', '1.00e-04'], loss: 0.001158
[2023-10-17 23:52:09,428][INFO][clas_trainer:133] - train epoch: 23 [49216/54740 (90%)], lr: ['1.00e-04', '1.00e-04'], loss: 0.000411
[2023-10-17 23:52:19,978][INFO][clas_trainer:133] - train epoch: 23 [54688/54740 (100%)], lr: ['1.00e-04', '1.00e-04'], loss: 0.012592
[2023-10-17 23:52:36,537][INFO][clas_trainer:63] - [epoch  23] execution time: 122.96s	metrics:
[2023-10-17 23:52:36,537][INFO][clas_evaluator:99] - dataset: earlystopping, avg f1-score: 0.6772
[2023-10-17 23:52:36,595][INFO][base_model:51] - snapshot saved to ./models/exp002a-m116-base_fe_clas-2023-10-17_13-13-53-final.pth
[2023-10-17 23:52:47,672][INFO][clas_trainer:133] - train epoch: 24 [5440/54740 (10%)], lr: ['1.00e-04', '1.00e-04'], loss: 0.016099
[2023-10-17 23:52:58,246][INFO][clas_trainer:133] - train epoch: 24 [10912/54740 (20%)], lr: ['1.00e-04', '1.00e-04'], loss: 0.000822
[2023-10-17 23:53:09,219][INFO][clas_trainer:133] - train epoch: 24 [16384/54740 (30%)], lr: ['1.00e-04', '1.00e-04'], loss: 0.000784
[2023-10-17 23:53:19,769][INFO][clas_trainer:133] - train epoch: 24 [21856/54740 (40%)], lr: ['1.00e-04', '1.00e-04'], loss: 0.000386
[2023-10-17 23:53:30,377][INFO][clas_trainer:133] - train epoch: 24 [27328/54740 (50%)], lr: ['1.00e-04', '1.00e-04'], loss: 0.000991
[2023-10-17 23:53:41,057][INFO][clas_trainer:133] - train epoch: 24 [32800/54740 (60%)], lr: ['1.00e-04', '1.00e-04'], loss: 0.001043
[2023-10-17 23:53:52,036][INFO][clas_trainer:133] - train epoch: 24 [38272/54740 (70%)], lr: ['1.00e-04', '1.00e-04'], loss: 0.000298
[2023-10-17 23:54:02,243][INFO][clas_trainer:133] - train epoch: 24 [43744/54740 (80%)], lr: ['1.00e-04', '1.00e-04'], loss: 0.001074
[2023-10-17 23:54:12,987][INFO][clas_trainer:133] - train epoch: 24 [49216/54740 (90%)], lr: ['1.00e-04', '1.00e-04'], loss: 0.000636
[2023-10-17 23:54:23,649][INFO][clas_trainer:133] - train epoch: 24 [54688/54740 (100%)], lr: ['1.00e-04', '1.00e-04'], loss: 0.001238
[2023-10-17 23:54:40,119][INFO][clas_trainer:63] - [epoch  24] execution time: 123.52s	metrics:
[2023-10-17 23:54:40,119][INFO][clas_evaluator:99] - dataset: earlystopping, avg f1-score: 0.6540
[2023-10-17 23:54:51,233][INFO][clas_trainer:133] - train epoch: 25 [5440/54740 (10%)], lr: ['1.00e-04', '1.00e-04'], loss: 0.001158
[2023-10-17 23:55:01,788][INFO][clas_trainer:133] - train epoch: 25 [10912/54740 (20%)], lr: ['1.00e-04', '1.00e-04'], loss: 0.001130
[2023-10-17 23:55:12,015][INFO][clas_trainer:133] - train epoch: 25 [16384/54740 (30%)], lr: ['1.00e-04', '1.00e-04'], loss: 0.002864
[2023-10-17 23:55:22,588][INFO][clas_trainer:133] - train epoch: 25 [21856/54740 (40%)], lr: ['1.00e-04', '1.00e-04'], loss: 0.004988
[2023-10-17 23:55:33,025][INFO][clas_trainer:133] - train epoch: 25 [27328/54740 (50%)], lr: ['1.00e-04', '1.00e-04'], loss: 0.006459
[2023-10-17 23:55:43,575][INFO][clas_trainer:133] - train epoch: 25 [32800/54740 (60%)], lr: ['1.00e-04', '1.00e-04'], loss: 0.001381
[2023-10-17 23:55:54,165][INFO][clas_trainer:133] - train epoch: 25 [38272/54740 (70%)], lr: ['1.00e-04', '1.00e-04'], loss: 0.002404
[2023-10-17 23:56:05,006][INFO][clas_trainer:133] - train epoch: 25 [43744/54740 (80%)], lr: ['1.00e-04', '1.00e-04'], loss: 0.003167
[2023-10-17 23:56:15,523][INFO][clas_trainer:133] - train epoch: 25 [49216/54740 (90%)], lr: ['1.00e-04', '1.00e-04'], loss: 0.000554
[2023-10-17 23:56:26,007][INFO][clas_trainer:133] - train epoch: 25 [54688/54740 (100%)], lr: ['1.00e-04', '1.00e-04'], loss: 0.002260
[2023-10-17 23:56:42,619][INFO][clas_trainer:63] - [epoch  25] execution time: 122.50s	metrics:
[2023-10-17 23:56:42,619][INFO][clas_evaluator:99] - dataset: earlystopping, avg f1-score: 0.6626
[2023-10-17 23:56:53,475][INFO][clas_trainer:133] - train epoch: 26 [5440/54740 (10%)], lr: ['1.00e-04', '1.00e-04'], loss: 0.000562
[2023-10-17 23:57:03,962][INFO][clas_trainer:133] - train epoch: 26 [10912/54740 (20%)], lr: ['1.00e-04', '1.00e-04'], loss: 0.002531
[2023-10-17 23:57:14,697][INFO][clas_trainer:133] - train epoch: 26 [16384/54740 (30%)], lr: ['1.00e-04', '1.00e-04'], loss: 0.000862
[2023-10-17 23:57:25,417][INFO][clas_trainer:133] - train epoch: 26 [21856/54740 (40%)], lr: ['1.00e-04', '1.00e-04'], loss: 0.000603
[2023-10-17 23:57:36,118][INFO][clas_trainer:133] - train epoch: 26 [27328/54740 (50%)], lr: ['1.00e-04', '1.00e-04'], loss: 0.001037
[2023-10-17 23:57:47,019][INFO][clas_trainer:133] - train epoch: 26 [32800/54740 (60%)], lr: ['1.00e-04', '1.00e-04'], loss: 0.000870
[2023-10-17 23:57:57,344][INFO][clas_trainer:133] - train epoch: 26 [38272/54740 (70%)], lr: ['1.00e-04', '1.00e-04'], loss: 0.000778
[2023-10-17 23:58:07,709][INFO][clas_trainer:133] - train epoch: 26 [43744/54740 (80%)], lr: ['1.00e-04', '1.00e-04'], loss: 0.001807
[2023-10-17 23:58:18,531][INFO][clas_trainer:133] - train epoch: 26 [49216/54740 (90%)], lr: ['1.00e-04', '1.00e-04'], loss: 0.001339
[2023-10-17 23:58:29,088][INFO][clas_trainer:133] - train epoch: 26 [54688/54740 (100%)], lr: ['1.00e-04', '1.00e-04'], loss: 0.001649
[2023-10-17 23:58:45,819][INFO][clas_trainer:63] - [epoch  26] execution time: 123.20s	metrics:
[2023-10-17 23:58:45,819][INFO][clas_evaluator:99] - dataset: earlystopping, avg f1-score: 0.6464
[2023-10-17 23:58:56,841][INFO][clas_trainer:133] - train epoch: 27 [5440/54740 (10%)], lr: ['1.00e-04', '1.00e-04'], loss: 0.001915
[2023-10-17 23:59:07,048][INFO][clas_trainer:133] - train epoch: 27 [10912/54740 (20%)], lr: ['1.00e-04', '1.00e-04'], loss: 0.002779
[2023-10-17 23:59:17,678][INFO][clas_trainer:133] - train epoch: 27 [16384/54740 (30%)], lr: ['1.00e-04', '1.00e-04'], loss: 0.002098
[2023-10-17 23:59:28,133][INFO][clas_trainer:133] - train epoch: 27 [21856/54740 (40%)], lr: ['1.00e-04', '1.00e-04'], loss: 0.000855
[2023-10-17 23:59:38,602][INFO][clas_trainer:133] - train epoch: 27 [27328/54740 (50%)], lr: ['1.00e-04', '1.00e-04'], loss: 0.005536
[2023-10-17 23:59:49,192][INFO][clas_trainer:133] - train epoch: 27 [32800/54740 (60%)], lr: ['1.00e-04', '1.00e-04'], loss: 0.003320
[2023-10-17 23:59:59,919][INFO][clas_trainer:133] - train epoch: 27 [38272/54740 (70%)], lr: ['1.00e-04', '1.00e-04'], loss: 0.000741
[2023-10-18 00:00:10,262][INFO][clas_trainer:133] - train epoch: 27 [43744/54740 (80%)], lr: ['1.00e-04', '1.00e-04'], loss: 0.000849
[2023-10-18 00:00:20,920][INFO][clas_trainer:133] - train epoch: 27 [49216/54740 (90%)], lr: ['1.00e-04', '1.00e-04'], loss: 0.001401
[2023-10-18 00:00:31,695][INFO][clas_trainer:133] - train epoch: 27 [54688/54740 (100%)], lr: ['1.00e-04', '1.00e-04'], loss: 0.000785
[2023-10-18 00:00:48,564][INFO][clas_trainer:63] - [epoch  27] execution time: 122.74s	metrics:
[2023-10-18 00:00:48,564][INFO][clas_evaluator:99] - dataset: earlystopping, avg f1-score: 0.6498
[2023-10-18 00:00:59,668][INFO][clas_trainer:133] - train epoch: 28 [5440/54740 (10%)], lr: ['1.00e-04', '1.00e-04'], loss: 0.000493
[2023-10-18 00:01:10,200][INFO][clas_trainer:133] - train epoch: 28 [10912/54740 (20%)], lr: ['1.00e-04', '1.00e-04'], loss: 0.000933
[2023-10-18 00:01:20,744][INFO][clas_trainer:133] - train epoch: 28 [16384/54740 (30%)], lr: ['1.00e-04', '1.00e-04'], loss: 0.001919
[2023-10-18 00:01:31,574][INFO][clas_trainer:133] - train epoch: 28 [21856/54740 (40%)], lr: ['1.00e-04', '1.00e-04'], loss: 0.000690
[2023-10-18 00:01:42,114][INFO][clas_trainer:133] - train epoch: 28 [27328/54740 (50%)], lr: ['1.00e-04', '1.00e-04'], loss: 0.001249
[2023-10-18 00:01:52,692][INFO][clas_trainer:133] - train epoch: 28 [32800/54740 (60%)], lr: ['1.00e-04', '1.00e-04'], loss: 0.002891
[2023-10-18 00:02:03,302][INFO][clas_trainer:133] - train epoch: 28 [38272/54740 (70%)], lr: ['1.00e-04', '1.00e-04'], loss: 0.000736
[2023-10-18 00:02:14,082][INFO][clas_trainer:133] - train epoch: 28 [43744/54740 (80%)], lr: ['1.00e-04', '1.00e-04'], loss: 0.001798
[2023-10-18 00:02:24,729][INFO][clas_trainer:133] - train epoch: 28 [49216/54740 (90%)], lr: ['1.00e-04', '1.00e-04'], loss: 0.002388
[2023-10-18 00:02:35,387][INFO][clas_trainer:133] - train epoch: 28 [54688/54740 (100%)], lr: ['1.00e-04', '1.00e-04'], loss: 0.002084
[2023-10-18 00:02:52,093][INFO][clas_trainer:63] - [epoch  28] execution time: 123.53s	metrics:
[2023-10-18 00:02:52,094][INFO][clas_evaluator:99] - dataset: earlystopping, avg f1-score: 0.6398
[2023-10-18 00:03:03,319][INFO][clas_trainer:133] - train epoch: 29 [5440/54740 (10%)], lr: ['1.00e-04', '1.00e-04'], loss: 0.000705
[2023-10-18 00:03:13,964][INFO][clas_trainer:133] - train epoch: 29 [10912/54740 (20%)], lr: ['1.00e-04', '1.00e-04'], loss: 0.001748
[2023-10-18 00:03:24,567][INFO][clas_trainer:133] - train epoch: 29 [16384/54740 (30%)], lr: ['1.00e-04', '1.00e-04'], loss: 0.002073
[2023-10-18 00:03:35,187][INFO][clas_trainer:133] - train epoch: 29 [21856/54740 (40%)], lr: ['1.00e-04', '1.00e-04'], loss: 0.000586
[2023-10-18 00:03:45,516][INFO][clas_trainer:133] - train epoch: 29 [27328/54740 (50%)], lr: ['1.00e-04', '1.00e-04'], loss: 0.000494
[2023-10-18 00:03:55,843][INFO][clas_trainer:133] - train epoch: 29 [32800/54740 (60%)], lr: ['1.00e-04', '1.00e-04'], loss: 0.008903
[2023-10-18 00:04:06,312][INFO][clas_trainer:133] - train epoch: 29 [38272/54740 (70%)], lr: ['1.00e-04', '1.00e-04'], loss: 0.001158
[2023-10-18 00:04:16,843][INFO][clas_trainer:133] - train epoch: 29 [43744/54740 (80%)], lr: ['1.00e-04', '1.00e-04'], loss: 0.001580
[2023-10-18 00:04:27,557][INFO][clas_trainer:133] - train epoch: 29 [49216/54740 (90%)], lr: ['1.00e-04', '1.00e-04'], loss: 0.000777
[2023-10-18 00:04:38,033][INFO][clas_trainer:133] - train epoch: 29 [54688/54740 (100%)], lr: ['1.00e-04', '1.00e-04'], loss: 0.001495
[2023-10-18 00:04:54,813][INFO][clas_trainer:63] - [epoch  29] execution time: 122.72s	metrics:
[2023-10-18 00:04:54,813][INFO][clas_evaluator:99] - dataset: earlystopping, avg f1-score: 0.5570
[2023-10-18 00:05:06,065][INFO][clas_trainer:133] - train epoch: 30 [5440/54740 (10%)], lr: ['1.00e-04', '1.00e-04'], loss: 0.002957
[2023-10-18 00:05:16,536][INFO][clas_trainer:133] - train epoch: 30 [10912/54740 (20%)], lr: ['1.00e-04', '1.00e-04'], loss: 0.000715
[2023-10-18 00:05:27,062][INFO][clas_trainer:133] - train epoch: 30 [16384/54740 (30%)], lr: ['1.00e-04', '1.00e-04'], loss: 0.001040
[2023-10-18 00:05:37,482][INFO][clas_trainer:133] - train epoch: 30 [21856/54740 (40%)], lr: ['1.00e-04', '1.00e-04'], loss: 0.001189
[2023-10-18 00:05:47,550][INFO][clas_trainer:133] - train epoch: 30 [27328/54740 (50%)], lr: ['1.00e-04', '1.00e-04'], loss: 0.000899
[2023-10-18 00:05:58,356][INFO][clas_trainer:133] - train epoch: 30 [32800/54740 (60%)], lr: ['1.00e-04', '1.00e-04'], loss: 0.000749
[2023-10-18 00:06:08,909][INFO][clas_trainer:133] - train epoch: 30 [38272/54740 (70%)], lr: ['1.00e-04', '1.00e-04'], loss: 0.001038
[2023-10-18 00:06:19,360][INFO][clas_trainer:133] - train epoch: 30 [43744/54740 (80%)], lr: ['1.00e-04', '1.00e-04'], loss: 0.000542
[2023-10-18 00:06:29,830][INFO][clas_trainer:133] - train epoch: 30 [49216/54740 (90%)], lr: ['1.00e-04', '1.00e-04'], loss: 0.001449
[2023-10-18 00:06:40,490][INFO][clas_trainer:133] - train epoch: 30 [54688/54740 (100%)], lr: ['1.00e-04', '1.00e-04'], loss: 0.000562
[2023-10-18 00:06:57,059][INFO][clas_trainer:63] - [epoch  30] execution time: 122.25s	metrics:
[2023-10-18 00:06:57,059][INFO][clas_evaluator:99] - dataset: earlystopping, avg f1-score: 0.6279
[2023-10-18 00:07:08,128][INFO][clas_trainer:133] - train epoch: 31 [5440/54740 (10%)], lr: ['1.00e-04', '1.00e-04'], loss: 0.001541
[2023-10-18 00:07:18,517][INFO][clas_trainer:133] - train epoch: 31 [10912/54740 (20%)], lr: ['1.00e-04', '1.00e-04'], loss: 0.000693
[2023-10-18 00:07:28,853][INFO][clas_trainer:133] - train epoch: 31 [16384/54740 (30%)], lr: ['1.00e-04', '1.00e-04'], loss: 0.002085
[2023-10-18 00:07:39,521][INFO][clas_trainer:133] - train epoch: 31 [21856/54740 (40%)], lr: ['1.00e-04', '1.00e-04'], loss: 0.000323
[2023-10-18 00:07:50,009][INFO][clas_trainer:133] - train epoch: 31 [27328/54740 (50%)], lr: ['1.00e-04', '1.00e-04'], loss: 0.002732
[2023-10-18 00:08:00,351][INFO][clas_trainer:133] - train epoch: 31 [32800/54740 (60%)], lr: ['1.00e-04', '1.00e-04'], loss: 0.000586
[2023-10-18 00:08:10,800][INFO][clas_trainer:133] - train epoch: 31 [38272/54740 (70%)], lr: ['1.00e-04', '1.00e-04'], loss: 0.001487
[2023-10-18 00:08:21,327][INFO][clas_trainer:133] - train epoch: 31 [43744/54740 (80%)], lr: ['1.00e-04', '1.00e-04'], loss: 0.001260
[2023-10-18 00:08:31,772][INFO][clas_trainer:133] - train epoch: 31 [49216/54740 (90%)], lr: ['1.00e-04', '1.00e-04'], loss: 0.001614
[2023-10-18 00:08:42,467][INFO][clas_trainer:133] - train epoch: 31 [54688/54740 (100%)], lr: ['1.00e-04', '1.00e-04'], loss: 0.019170
[2023-10-18 00:08:59,129][INFO][clas_trainer:63] - [epoch  31] execution time: 122.07s	metrics:
[2023-10-18 00:08:59,129][INFO][clas_evaluator:99] - dataset: earlystopping, avg f1-score: 0.6163
[2023-10-18 00:09:10,109][INFO][clas_trainer:133] - train epoch: 32 [5440/54740 (10%)], lr: ['1.00e-04', '1.00e-04'], loss: 0.005307
[2023-10-18 00:09:20,489][INFO][clas_trainer:133] - train epoch: 32 [10912/54740 (20%)], lr: ['1.00e-04', '1.00e-04'], loss: 0.017457
[2023-10-18 00:09:31,248][INFO][clas_trainer:133] - train epoch: 32 [16384/54740 (30%)], lr: ['1.00e-04', '1.00e-04'], loss: 0.000436
[2023-10-18 00:09:42,018][INFO][clas_trainer:133] - train epoch: 32 [21856/54740 (40%)], lr: ['1.00e-04', '1.00e-04'], loss: 0.002448
[2023-10-18 00:09:52,437][INFO][clas_trainer:133] - train epoch: 32 [27328/54740 (50%)], lr: ['1.00e-04', '1.00e-04'], loss: 0.007462
[2023-10-18 00:10:03,349][INFO][clas_trainer:133] - train epoch: 32 [32800/54740 (60%)], lr: ['1.00e-04', '1.00e-04'], loss: 0.001109
[2023-10-18 00:10:14,047][INFO][clas_trainer:133] - train epoch: 32 [38272/54740 (70%)], lr: ['1.00e-04', '1.00e-04'], loss: 0.000920
[2023-10-18 00:10:24,649][INFO][clas_trainer:133] - train epoch: 32 [43744/54740 (80%)], lr: ['1.00e-04', '1.00e-04'], loss: 0.000632
[2023-10-18 00:10:35,324][INFO][clas_trainer:133] - train epoch: 32 [49216/54740 (90%)], lr: ['1.00e-04', '1.00e-04'], loss: 0.000478
[2023-10-18 00:10:45,802][INFO][clas_trainer:133] - train epoch: 32 [54688/54740 (100%)], lr: ['1.00e-04', '1.00e-04'], loss: 0.001427
[2023-10-18 00:11:02,553][INFO][clas_trainer:63] - [epoch  32] execution time: 123.42s	metrics:
[2023-10-18 00:11:02,554][INFO][clas_evaluator:99] - dataset: earlystopping, avg f1-score: 0.6279
[2023-10-18 00:11:13,436][INFO][clas_trainer:133] - train epoch: 33 [5440/54740 (10%)], lr: ['1.00e-04', '1.00e-04'], loss: 0.000564
[2023-10-18 00:11:23,809][INFO][clas_trainer:133] - train epoch: 33 [10912/54740 (20%)], lr: ['1.00e-04', '1.00e-04'], loss: 0.000768
[2023-10-18 00:11:34,206][INFO][clas_trainer:133] - train epoch: 33 [16384/54740 (30%)], lr: ['1.00e-04', '1.00e-04'], loss: 0.000555
[2023-10-18 00:11:44,888][INFO][clas_trainer:133] - train epoch: 33 [21856/54740 (40%)], lr: ['1.00e-04', '1.00e-04'], loss: 0.000736
[2023-10-18 00:11:55,486][INFO][clas_trainer:133] - train epoch: 33 [27328/54740 (50%)], lr: ['1.00e-04', '1.00e-04'], loss: 0.003559
[2023-10-18 00:12:06,074][INFO][clas_trainer:133] - train epoch: 33 [32800/54740 (60%)], lr: ['1.00e-04', '1.00e-04'], loss: 0.000762
[2023-10-18 00:12:16,830][INFO][clas_trainer:133] - train epoch: 33 [38272/54740 (70%)], lr: ['1.00e-04', '1.00e-04'], loss: 0.000981
[2023-10-18 00:12:27,149][INFO][clas_trainer:133] - train epoch: 33 [43744/54740 (80%)], lr: ['1.00e-04', '1.00e-04'], loss: 0.001618
[2023-10-18 00:12:37,375][INFO][clas_trainer:133] - train epoch: 33 [49216/54740 (90%)], lr: ['1.00e-04', '1.00e-04'], loss: 0.000570
[2023-10-18 00:12:48,175][INFO][clas_trainer:133] - train epoch: 33 [54688/54740 (100%)], lr: ['1.00e-04', '1.00e-04'], loss: 0.000858
[2023-10-18 00:13:04,942][INFO][clas_trainer:63] - [epoch  33] execution time: 122.39s	metrics:
[2023-10-18 00:13:04,942][INFO][clas_evaluator:99] - dataset: earlystopping, avg f1-score: 0.6364
[2023-10-18 00:13:04,952][INFO][clas_trainer:79] - finished training
[2023-10-18 00:13:04,952][INFO][clas_trainer:80] - best model on epoch: 23 	f1-score: 0.6772
