[2023-10-13 17:19:02,908][INFO][fine-tune:29] - overrides:
hydra:
- hydra.mode=MULTIRUN
task:
- m_seed_path_sids={seeds:[1,1,1,1,1],path:"exp001b-m1-simple_multi_class-2023-10-13_16-21-12-final.pth",subject_ids:{dod_o_h:$\{data.dod_o_h.cv_5_fold.fold_2\}}}
- data.downstream.train_dataloader.dataset.data_reducer.n_subjects=5

[2023-10-13 17:19:11,167][INFO][data_loaders:39] - class distribution before data reduction:
# samples per subject
02fb158a-a658-51ee-89cf-1e1dc2ebfde1: 861
03341d0d-5927-5838-8a5f-1b8ef39d8f57: 1063
039ce8ad-a7fa-5272-a3e3-1f4bfebdd087: 915
0d79f4b1-e74f-5e87-8e42-f9dd7112ada5: 968
100df108-eb57-5eaa-a413-f7e4436a7895: 952
130f3f52-7d0a-551e-af61-2ee75455e5c9: 989
14c012bd-65b0-56f5-bc74-2dffcea69837: 969
16450f5a-9b65-5536-85e1-93816c8b89eb: 816
18482adf-1144-54ca-9e35-27f65c43a105: 824
18ede714-aba3-5ad8-bb1a-18fc9b1c4192: 995
1da3544e-dc5c-5795-adc3-f5068959211f: 955
2159377e-ebf3-5565-9014-1e2ae69dc1d2: 907
2d01dc34-f36c-562e-b24a-d20dc798fdfc: 837
2e865ca9-e20f-5a6f-bd25-45d28cc9eab9: 950
30e8a05b-4cf1-5aa8-9ef7-28d6e2949ad5: 699
32556393-bb57-560a-99e8-e09885219647: 1106
3dd35e7b-d7e2-516d-8a85-e0d58a59569f: 1093
3e842aa8-bcd9-521e-93a2-72124233fe2c: 620
4b72b905-5521-5c57-b666-e20ff9bb195f: 868
4e3c4ac4-69e2-5347-a3b0-662c204d259d: 926
52fbe46b-206c-584a-9f4f-1eb308e07bac: 1064
5b94ec8a-c34d-5e45-84d1-bec2ea965609: 1090
5bf0f969-304c-581e-949c-50c108f62846: 947
5ddbc68c-1283-5c27-952b-d7f102291bc2: 1097
64959ac4-53b5-5868-a845-c7476e9fdf7b: 990
67fa8e29-6f4d-530e-9422-bbc3aca86ed0: 1046
6e2aa933-c51c-5a31-8c7b-83da8d076a12: 905
730aba3b-e310-5be0-9eed-7c3123466834: 1120
742f1592-627c-54eb-bbb5-ccd55ffae33a: 975
769df255-2284-50b3-8917-2155c759fbbd: 929
79e8a04e-0fdd-53ae-bedc-d49d08e29103: 918
7ab8ff5f-a77f-567d-9882-f8bee0c3c9bf: 989
7d778801-88e7-5086-ad1d-70f31a371876: 999
7f5237b1-2196-5c8a-9543-a5aa70210ef4: 931
83c1394e-9c69-5c11-9102-9ff8d59b1cfd: 1011
844f68ba-265e-53e6-bf47-6c85d1804a7b: 957
90aef91a-252f-5ccc-a82e-78ea7ee9ca1f: 1089
a25b2296-343b-53f6-8792-ada2669d466e: 1008
a35a118e-e65e-5928-92a9-4354a6a0f4ce: 813
a6254c8a-f1b2-5736-b601-18245dd5e0a5: 1084
a65a9e69-cddf-5711-9a97-de8bfdeb08cc: 961
a79d1f0e-c133-5aa0-8268-cdcc05825f0f: 1046
aadc9e0c-b7c3-5a47-851d-f21971d10935: 969
b2d3ccdd-395c-5dd2-81d9-252bcfc0c337: 902
b3706da5-748b-5dd1-a552-f57e4456cdf6: 1041
b5d5785d-87ee-5078-b9b9-aac6abd4d8de: 918
c8110476-594c-533d-95bd-86147fccc987: 995
cc3b4b63-4a6f-5f28-ac7e-62f83c271449: 1076
d3cadb78-cb8c-5a6e-885c-392e457c68b1: 982
d5181c33-a43b-5dfe-8ad7-0337facb092a: 977
e6b7cbef-4c9d-5541-82e8-04810de0fb60: 819
e72505f1-21be-5d66-b620-cfcfa2d754bc: 973
e8ec8ec4-dc48-50ce-985a-a06d87861030: 975
eb95076c-c470-56a4-b788-ace310f061c6: 965
f2a69bdc-ed51-5e3f-b102-6b3f7d392be0: 960
f66bc75e-778b-5037-af86-b5275cd4c79f: 865

# samples per stage
0: 9109
1: 2878
2: 26255
3: 6343
4: 9114
[2023-10-13 17:19:11,534][INFO][data_loaders:43] - class distribution after data reduction:
# samples per subject
039ce8ad-a7fa-5272-a3e3-1f4bfebdd087: 10065
4e3c4ac4-69e2-5347-a3b0-662c204d259d: 10186
7d778801-88e7-5086-ad1d-70f31a371876: 10989
b3706da5-748b-5dd1-a552-f57e4456cdf6: 11451
c8110476-594c-533d-95bd-86147fccc987: 10945

# samples per stage
0: 10065
1: 2706
2: 23386
3: 5665
4: 11814
[2023-10-13 17:19:11,557][INFO][base_ssl_fe:55] - Loading model from exp001b-m1-simple_multi_class-2023-10-13_16-21-12-final.pth
[2023-10-13 17:19:17,262][INFO][data_loaders:39] - class distribution before data reduction:
# samples per subject
0416d51f-5d69-5326-b74a-a2e31a96a1ef: 822
119f9726-eb4c-5a0e-a7bb-9e15256149a1: 932
1fa6c401-d819-50f5-8146-a0bb9e2b2516: 986
22bea84c-5d23-5e49-bc2d-9764f883955b: 1048
25a6b2b0-4d09-561b-82c6-f09bb271d3be: 1063
6a7503ac-ab3a-5d5b-b474-4b0fe37748dd: 1213
a30245e3-4a71-565f-9636-92e7d2e825fc: 1122
b3534fa3-7676-50dc-8412-07f0eff4f7a9: 757

# samples per stage
0: 1372
1: 412
2: 3945
3: 905
4: 1309
[2023-10-13 17:19:17,286][INFO][data_loaders:43] - class distribution after data reduction:
# samples per subject
0416d51f-5d69-5326-b74a-a2e31a96a1ef: 822
119f9726-eb4c-5a0e-a7bb-9e15256149a1: 932
1fa6c401-d819-50f5-8146-a0bb9e2b2516: 986
22bea84c-5d23-5e49-bc2d-9764f883955b: 1048
25a6b2b0-4d09-561b-82c6-f09bb271d3be: 1063
6a7503ac-ab3a-5d5b-b474-4b0fe37748dd: 1213
a30245e3-4a71-565f-9636-92e7d2e825fc: 1122
b3534fa3-7676-50dc-8412-07f0eff4f7a9: 757

# samples per stage
0: 1372
1: 412
2: 3945
3: 905
4: 1309
[2023-10-13 17:19:19,503][INFO][clas_trainer:49] - metrics before training (epoch 0):
[2023-10-13 17:19:49,136][INFO][clas_evaluator:99] - dataset: earlystopping, avg f1-score: 0.1649
[2023-10-13 17:20:09,247][INFO][clas_trainer:133] - train epoch: 1 [5312/53636 (10%)], lr: ['1.00e-04'], loss: 0.505599
[2023-10-13 17:20:28,345][INFO][clas_trainer:133] - train epoch: 1 [10656/53636 (20%)], lr: ['1.00e-04'], loss: 0.653909
[2023-10-13 17:20:46,773][INFO][clas_trainer:133] - train epoch: 1 [16000/53636 (30%)], lr: ['1.00e-04'], loss: 0.721901
[2023-10-13 17:21:06,236][INFO][clas_trainer:133] - train epoch: 1 [21344/53636 (40%)], lr: ['1.00e-04'], loss: 0.317665
[2023-10-13 17:21:25,510][INFO][clas_trainer:133] - train epoch: 1 [26688/53636 (50%)], lr: ['1.00e-04'], loss: 0.330015
[2023-10-13 17:21:45,423][INFO][clas_trainer:133] - train epoch: 1 [32032/53636 (60%)], lr: ['1.00e-04'], loss: 0.281285
[2023-10-13 17:22:04,388][INFO][clas_trainer:133] - train epoch: 1 [37376/53636 (70%)], lr: ['1.00e-04'], loss: 0.701021
[2023-10-13 17:22:22,890][INFO][clas_trainer:133] - train epoch: 1 [42720/53636 (80%)], lr: ['1.00e-04'], loss: 0.340035
[2023-10-13 17:22:42,469][INFO][clas_trainer:133] - train epoch: 1 [48064/53636 (90%)], lr: ['1.00e-04'], loss: 0.339575
[2023-10-13 17:23:01,485][INFO][clas_trainer:133] - train epoch: 1 [53408/53636 (100%)], lr: ['1.00e-04'], loss: 0.298608
[2023-10-13 17:23:35,104][INFO][clas_trainer:63] - [epoch   1] execution time: 225.97s	metrics:
[2023-10-13 17:23:35,105][INFO][clas_evaluator:99] - dataset: earlystopping, avg f1-score: 0.7361
[2023-10-13 17:23:35,183][INFO][base_model:51] - snapshot saved to ./models/exp001b-m9-base_fe_clas-2023-10-13_17-18-36-final.pth
[2023-10-13 17:23:55,191][INFO][clas_trainer:133] - train epoch: 2 [5312/53636 (10%)], lr: ['1.00e-04'], loss: 0.358461
[2023-10-13 17:24:14,351][INFO][clas_trainer:133] - train epoch: 2 [10656/53636 (20%)], lr: ['1.00e-04'], loss: 0.495715
[2023-10-13 17:24:32,659][INFO][clas_trainer:133] - train epoch: 2 [16000/53636 (30%)], lr: ['1.00e-04'], loss: 0.428287
[2023-10-13 17:24:50,521][INFO][clas_trainer:133] - train epoch: 2 [21344/53636 (40%)], lr: ['1.00e-04'], loss: 0.223293
[2023-10-13 17:25:09,538][INFO][clas_trainer:133] - train epoch: 2 [26688/53636 (50%)], lr: ['1.00e-04'], loss: 0.213632
[2023-10-13 17:25:28,167][INFO][clas_trainer:133] - train epoch: 2 [32032/53636 (60%)], lr: ['1.00e-04'], loss: 0.336078
[2023-10-13 17:25:46,787][INFO][clas_trainer:133] - train epoch: 2 [37376/53636 (70%)], lr: ['1.00e-04'], loss: 0.273910
[2023-10-13 17:26:05,979][INFO][clas_trainer:133] - train epoch: 2 [42720/53636 (80%)], lr: ['1.00e-04'], loss: 0.242350
[2023-10-13 17:26:24,986][INFO][clas_trainer:133] - train epoch: 2 [48064/53636 (90%)], lr: ['1.00e-04'], loss: 0.169000
[2023-10-13 17:26:43,345][INFO][clas_trainer:133] - train epoch: 2 [53408/53636 (100%)], lr: ['1.00e-04'], loss: 0.269519
[2023-10-13 17:27:14,065][INFO][clas_trainer:63] - [epoch   2] execution time: 218.88s	metrics:
[2023-10-13 17:27:14,065][INFO][clas_evaluator:99] - dataset: earlystopping, avg f1-score: 0.7561
[2023-10-13 17:27:14,129][INFO][base_model:51] - snapshot saved to ./models/exp001b-m9-base_fe_clas-2023-10-13_17-18-36-final.pth
[2023-10-13 17:27:33,852][INFO][clas_trainer:133] - train epoch: 3 [5312/53636 (10%)], lr: ['1.00e-04'], loss: 0.152720
[2023-10-13 17:27:52,039][INFO][clas_trainer:133] - train epoch: 3 [10656/53636 (20%)], lr: ['1.00e-04'], loss: 0.132203
[2023-10-13 17:28:10,929][INFO][clas_trainer:133] - train epoch: 3 [16000/53636 (30%)], lr: ['1.00e-04'], loss: 0.363946
[2023-10-13 17:28:29,716][INFO][clas_trainer:133] - train epoch: 3 [21344/53636 (40%)], lr: ['1.00e-04'], loss: 0.173303
[2023-10-13 17:28:47,965][INFO][clas_trainer:133] - train epoch: 3 [26688/53636 (50%)], lr: ['1.00e-04'], loss: 0.137280
[2023-10-13 17:29:06,114][INFO][clas_trainer:133] - train epoch: 3 [32032/53636 (60%)], lr: ['1.00e-04'], loss: 0.154892
[2023-10-13 17:29:25,119][INFO][clas_trainer:133] - train epoch: 3 [37376/53636 (70%)], lr: ['1.00e-04'], loss: 0.223912
[2023-10-13 17:29:43,606][INFO][clas_trainer:133] - train epoch: 3 [42720/53636 (80%)], lr: ['1.00e-04'], loss: 0.129765
[2023-10-13 17:30:02,240][INFO][clas_trainer:133] - train epoch: 3 [48064/53636 (90%)], lr: ['1.00e-04'], loss: 0.328122
[2023-10-13 17:30:21,676][INFO][clas_trainer:133] - train epoch: 3 [53408/53636 (100%)], lr: ['1.00e-04'], loss: 0.385741
[2023-10-13 17:30:53,485][INFO][clas_trainer:63] - [epoch   3] execution time: 219.36s	metrics:
[2023-10-13 17:30:53,486][INFO][clas_evaluator:99] - dataset: earlystopping, avg f1-score: 0.7146
[2023-10-13 17:31:12,703][INFO][clas_trainer:133] - train epoch: 4 [5312/53636 (10%)], lr: ['1.00e-04'], loss: 0.121137
[2023-10-13 17:31:31,710][INFO][clas_trainer:133] - train epoch: 4 [10656/53636 (20%)], lr: ['1.00e-04'], loss: 0.066391
[2023-10-13 17:31:50,288][INFO][clas_trainer:133] - train epoch: 4 [16000/53636 (30%)], lr: ['1.00e-04'], loss: 0.161248
[2023-10-13 17:32:09,095][INFO][clas_trainer:133] - train epoch: 4 [21344/53636 (40%)], lr: ['1.00e-04'], loss: 0.097965
[2023-10-13 17:32:27,670][INFO][clas_trainer:133] - train epoch: 4 [26688/53636 (50%)], lr: ['1.00e-04'], loss: 0.146834
[2023-10-13 17:32:45,086][INFO][clas_trainer:133] - train epoch: 4 [32032/53636 (60%)], lr: ['1.00e-04'], loss: 0.069535
[2023-10-13 17:33:04,217][INFO][clas_trainer:133] - train epoch: 4 [37376/53636 (70%)], lr: ['1.00e-04'], loss: 0.099942
[2023-10-13 17:33:22,996][INFO][clas_trainer:133] - train epoch: 4 [42720/53636 (80%)], lr: ['1.00e-04'], loss: 0.208883
[2023-10-13 17:33:41,912][INFO][clas_trainer:133] - train epoch: 4 [48064/53636 (90%)], lr: ['1.00e-04'], loss: 0.032636
[2023-10-13 17:33:59,816][INFO][clas_trainer:133] - train epoch: 4 [53408/53636 (100%)], lr: ['1.00e-04'], loss: 0.413556
[2023-10-13 17:34:31,367][INFO][clas_trainer:63] - [epoch   4] execution time: 217.88s	metrics:
[2023-10-13 17:34:31,367][INFO][clas_evaluator:99] - dataset: earlystopping, avg f1-score: 0.7524
[2023-10-13 17:34:50,755][INFO][clas_trainer:133] - train epoch: 5 [5312/53636 (10%)], lr: ['1.00e-04'], loss: 0.124151
[2023-10-13 17:35:09,027][INFO][clas_trainer:133] - train epoch: 5 [10656/53636 (20%)], lr: ['1.00e-04'], loss: 0.132514
[2023-10-13 17:35:26,804][INFO][clas_trainer:133] - train epoch: 5 [16000/53636 (30%)], lr: ['1.00e-04'], loss: 0.027544
[2023-10-13 17:35:46,368][INFO][clas_trainer:133] - train epoch: 5 [21344/53636 (40%)], lr: ['1.00e-04'], loss: 0.026872
[2023-10-13 17:36:05,801][INFO][clas_trainer:133] - train epoch: 5 [26688/53636 (50%)], lr: ['1.00e-04'], loss: 0.161729
[2023-10-13 17:36:25,269][INFO][clas_trainer:133] - train epoch: 5 [32032/53636 (60%)], lr: ['1.00e-04'], loss: 0.025251
[2023-10-13 17:36:43,336][INFO][clas_trainer:133] - train epoch: 5 [37376/53636 (70%)], lr: ['1.00e-04'], loss: 0.138497
[2023-10-13 17:37:02,743][INFO][clas_trainer:133] - train epoch: 5 [42720/53636 (80%)], lr: ['1.00e-04'], loss: 0.039328
[2023-10-13 17:37:21,024][INFO][clas_trainer:133] - train epoch: 5 [48064/53636 (90%)], lr: ['1.00e-04'], loss: 0.134474
[2023-10-13 17:37:40,418][INFO][clas_trainer:133] - train epoch: 5 [53408/53636 (100%)], lr: ['1.00e-04'], loss: 0.008943
[2023-10-13 17:38:11,898][INFO][clas_trainer:63] - [epoch   5] execution time: 220.53s	metrics:
[2023-10-13 17:38:11,898][INFO][clas_evaluator:99] - dataset: earlystopping, avg f1-score: 0.7388
[2023-10-13 17:38:30,303][INFO][clas_trainer:133] - train epoch: 6 [5312/53636 (10%)], lr: ['1.00e-04'], loss: 0.038562
[2023-10-13 17:38:49,002][INFO][clas_trainer:133] - train epoch: 6 [10656/53636 (20%)], lr: ['1.00e-04'], loss: 0.032326
[2023-10-13 17:39:07,986][INFO][clas_trainer:133] - train epoch: 6 [16000/53636 (30%)], lr: ['1.00e-04'], loss: 0.147441
[2023-10-13 17:39:26,128][INFO][clas_trainer:133] - train epoch: 6 [21344/53636 (40%)], lr: ['1.00e-04'], loss: 0.014131
[2023-10-13 17:39:45,208][INFO][clas_trainer:133] - train epoch: 6 [26688/53636 (50%)], lr: ['1.00e-04'], loss: 0.094474
[2023-10-13 17:40:04,305][INFO][clas_trainer:133] - train epoch: 6 [32032/53636 (60%)], lr: ['1.00e-04'], loss: 0.171979
[2023-10-13 17:40:23,705][INFO][clas_trainer:133] - train epoch: 6 [37376/53636 (70%)], lr: ['1.00e-04'], loss: 0.074705
[2023-10-13 17:40:41,888][INFO][clas_trainer:133] - train epoch: 6 [42720/53636 (80%)], lr: ['1.00e-04'], loss: 0.098881
[2023-10-13 17:41:01,843][INFO][clas_trainer:133] - train epoch: 6 [48064/53636 (90%)], lr: ['1.00e-04'], loss: 0.109633
[2023-10-13 17:41:20,201][INFO][clas_trainer:133] - train epoch: 6 [53408/53636 (100%)], lr: ['1.00e-04'], loss: 0.143669
[2023-10-13 17:41:51,992][INFO][clas_trainer:63] - [epoch   6] execution time: 220.09s	metrics:
[2023-10-13 17:41:51,992][INFO][clas_evaluator:99] - dataset: earlystopping, avg f1-score: 0.7514
[2023-10-13 17:42:11,621][INFO][clas_trainer:133] - train epoch: 7 [5312/53636 (10%)], lr: ['1.00e-04'], loss: 0.072342
[2023-10-13 17:42:30,765][INFO][clas_trainer:133] - train epoch: 7 [10656/53636 (20%)], lr: ['1.00e-04'], loss: 0.195161
[2023-10-13 17:42:50,138][INFO][clas_trainer:133] - train epoch: 7 [16000/53636 (30%)], lr: ['1.00e-04'], loss: 0.052109
[2023-10-13 17:43:07,908][INFO][clas_trainer:133] - train epoch: 7 [21344/53636 (40%)], lr: ['1.00e-04'], loss: 0.005268
[2023-10-13 17:43:26,862][INFO][clas_trainer:133] - train epoch: 7 [26688/53636 (50%)], lr: ['1.00e-04'], loss: 0.137740
[2023-10-13 17:43:45,685][INFO][clas_trainer:133] - train epoch: 7 [32032/53636 (60%)], lr: ['1.00e-04'], loss: 0.070532
[2023-10-13 17:44:04,432][INFO][clas_trainer:133] - train epoch: 7 [37376/53636 (70%)], lr: ['1.00e-04'], loss: 0.103150
[2023-10-13 17:44:23,103][INFO][clas_trainer:133] - train epoch: 7 [42720/53636 (80%)], lr: ['1.00e-04'], loss: 0.094478
[2023-10-13 17:44:41,249][INFO][clas_trainer:133] - train epoch: 7 [48064/53636 (90%)], lr: ['1.00e-04'], loss: 0.029851
[2023-10-13 17:44:59,048][INFO][clas_trainer:133] - train epoch: 7 [53408/53636 (100%)], lr: ['1.00e-04'], loss: 0.068493
[2023-10-13 17:45:31,377][INFO][clas_trainer:63] - [epoch   7] execution time: 219.38s	metrics:
[2023-10-13 17:45:31,378][INFO][clas_evaluator:99] - dataset: earlystopping, avg f1-score: 0.7221
[2023-10-13 17:45:51,023][INFO][clas_trainer:133] - train epoch: 8 [5312/53636 (10%)], lr: ['1.00e-04'], loss: 0.089851
[2023-10-13 17:46:09,518][INFO][clas_trainer:133] - train epoch: 8 [10656/53636 (20%)], lr: ['1.00e-04'], loss: 0.072256
[2023-10-13 17:46:28,299][INFO][clas_trainer:133] - train epoch: 8 [16000/53636 (30%)], lr: ['1.00e-04'], loss: 0.092344
[2023-10-13 17:46:45,799][INFO][clas_trainer:133] - train epoch: 8 [21344/53636 (40%)], lr: ['1.00e-04'], loss: 0.090788
[2023-10-13 17:47:03,740][INFO][clas_trainer:133] - train epoch: 8 [26688/53636 (50%)], lr: ['1.00e-04'], loss: 0.103061
[2023-10-13 17:47:21,963][INFO][clas_trainer:133] - train epoch: 8 [32032/53636 (60%)], lr: ['1.00e-04'], loss: 0.046642
[2023-10-13 17:47:40,995][INFO][clas_trainer:133] - train epoch: 8 [37376/53636 (70%)], lr: ['1.00e-04'], loss: 0.034768
[2023-10-13 17:47:58,318][INFO][clas_trainer:133] - train epoch: 8 [42720/53636 (80%)], lr: ['1.00e-04'], loss: 0.028679
[2023-10-13 17:48:16,606][INFO][clas_trainer:133] - train epoch: 8 [48064/53636 (90%)], lr: ['1.00e-04'], loss: 0.035942
[2023-10-13 17:48:33,360][INFO][clas_trainer:133] - train epoch: 8 [53408/53636 (100%)], lr: ['1.00e-04'], loss: 0.106628
[2023-10-13 17:49:04,748][INFO][clas_trainer:63] - [epoch   8] execution time: 213.37s	metrics:
[2023-10-13 17:49:04,748][INFO][clas_evaluator:99] - dataset: earlystopping, avg f1-score: 0.7426
[2023-10-13 17:49:24,469][INFO][clas_trainer:133] - train epoch: 9 [5312/53636 (10%)], lr: ['1.00e-04'], loss: 0.063620
[2023-10-13 17:49:43,183][INFO][clas_trainer:133] - train epoch: 9 [10656/53636 (20%)], lr: ['1.00e-04'], loss: 0.058095
[2023-10-13 17:50:00,632][INFO][clas_trainer:133] - train epoch: 9 [16000/53636 (30%)], lr: ['1.00e-04'], loss: 0.040405
[2023-10-13 17:50:18,433][INFO][clas_trainer:133] - train epoch: 9 [21344/53636 (40%)], lr: ['1.00e-04'], loss: 0.088772
[2023-10-13 17:50:36,656][INFO][clas_trainer:133] - train epoch: 9 [26688/53636 (50%)], lr: ['1.00e-04'], loss: 0.112351
[2023-10-13 17:50:55,765][INFO][clas_trainer:133] - train epoch: 9 [32032/53636 (60%)], lr: ['1.00e-04'], loss: 0.206632
[2023-10-13 17:51:14,825][INFO][clas_trainer:133] - train epoch: 9 [37376/53636 (70%)], lr: ['1.00e-04'], loss: 0.004615
[2023-10-13 17:51:32,604][INFO][clas_trainer:133] - train epoch: 9 [42720/53636 (80%)], lr: ['1.00e-04'], loss: 0.031704
[2023-10-13 17:51:50,996][INFO][clas_trainer:133] - train epoch: 9 [48064/53636 (90%)], lr: ['1.00e-04'], loss: 0.122687
[2023-10-13 17:52:10,214][INFO][clas_trainer:133] - train epoch: 9 [53408/53636 (100%)], lr: ['1.00e-04'], loss: 0.048794
[2023-10-13 17:52:41,335][INFO][clas_trainer:63] - [epoch   9] execution time: 216.59s	metrics:
[2023-10-13 17:52:41,336][INFO][clas_evaluator:99] - dataset: earlystopping, avg f1-score: 0.7288
[2023-10-13 17:53:01,648][INFO][clas_trainer:133] - train epoch: 10 [5312/53636 (10%)], lr: ['1.00e-04'], loss: 0.192661
[2023-10-13 17:53:20,248][INFO][clas_trainer:133] - train epoch: 10 [10656/53636 (20%)], lr: ['1.00e-04'], loss: 0.008555
[2023-10-13 17:53:39,306][INFO][clas_trainer:133] - train epoch: 10 [16000/53636 (30%)], lr: ['1.00e-04'], loss: 0.097063
[2023-10-13 17:53:58,366][INFO][clas_trainer:133] - train epoch: 10 [21344/53636 (40%)], lr: ['1.00e-04'], loss: 0.093968
[2023-10-13 17:54:16,437][INFO][clas_trainer:133] - train epoch: 10 [26688/53636 (50%)], lr: ['1.00e-04'], loss: 0.017953
[2023-10-13 17:54:35,116][INFO][clas_trainer:133] - train epoch: 10 [32032/53636 (60%)], lr: ['1.00e-04'], loss: 0.017160
[2023-10-13 17:54:52,568][INFO][clas_trainer:133] - train epoch: 10 [37376/53636 (70%)], lr: ['1.00e-04'], loss: 0.014042
[2023-10-13 17:55:11,465][INFO][clas_trainer:133] - train epoch: 10 [42720/53636 (80%)], lr: ['1.00e-04'], loss: 0.031701
[2023-10-13 17:55:29,582][INFO][clas_trainer:133] - train epoch: 10 [48064/53636 (90%)], lr: ['1.00e-04'], loss: 0.089419
[2023-10-13 17:55:46,841][INFO][clas_trainer:133] - train epoch: 10 [53408/53636 (100%)], lr: ['1.00e-04'], loss: 0.042014
[2023-10-13 17:56:18,293][INFO][clas_trainer:63] - [epoch  10] execution time: 216.96s	metrics:
[2023-10-13 17:56:18,294][INFO][clas_evaluator:99] - dataset: earlystopping, avg f1-score: 0.7561
[2023-10-13 17:56:38,070][INFO][clas_trainer:133] - train epoch: 11 [5312/53636 (10%)], lr: ['1.00e-04'], loss: 0.006110
[2023-10-13 17:56:56,542][INFO][clas_trainer:133] - train epoch: 11 [10656/53636 (20%)], lr: ['1.00e-04'], loss: 0.036439
[2023-10-13 17:57:15,180][INFO][clas_trainer:133] - train epoch: 11 [16000/53636 (30%)], lr: ['1.00e-04'], loss: 0.025816
[2023-10-13 17:57:34,738][INFO][clas_trainer:133] - train epoch: 11 [21344/53636 (40%)], lr: ['1.00e-04'], loss: 0.039821
[2023-10-13 17:57:53,330][INFO][clas_trainer:133] - train epoch: 11 [26688/53636 (50%)], lr: ['1.00e-04'], loss: 0.015246
[2023-10-13 17:58:12,589][INFO][clas_trainer:133] - train epoch: 11 [32032/53636 (60%)], lr: ['1.00e-04'], loss: 0.035841
[2023-10-13 17:58:31,294][INFO][clas_trainer:133] - train epoch: 11 [37376/53636 (70%)], lr: ['1.00e-04'], loss: 0.032414
[2023-10-13 17:58:50,232][INFO][clas_trainer:133] - train epoch: 11 [42720/53636 (80%)], lr: ['1.00e-04'], loss: 0.037788
[2023-10-13 17:59:08,925][INFO][clas_trainer:133] - train epoch: 11 [48064/53636 (90%)], lr: ['1.00e-04'], loss: 0.058564
[2023-10-13 17:59:27,190][INFO][clas_trainer:133] - train epoch: 11 [53408/53636 (100%)], lr: ['1.00e-04'], loss: 0.087049
[2023-10-13 17:59:59,683][INFO][clas_trainer:63] - [epoch  11] execution time: 221.39s	metrics:
[2023-10-13 17:59:59,683][INFO][clas_evaluator:99] - dataset: earlystopping, avg f1-score: 0.7089
[2023-10-13 18:00:20,035][INFO][clas_trainer:133] - train epoch: 12 [5312/53636 (10%)], lr: ['1.00e-04'], loss: 0.072573
[2023-10-13 18:00:37,951][INFO][clas_trainer:133] - train epoch: 12 [10656/53636 (20%)], lr: ['1.00e-04'], loss: 0.057952
[2023-10-13 18:00:56,959][INFO][clas_trainer:133] - train epoch: 12 [16000/53636 (30%)], lr: ['1.00e-04'], loss: 0.038142
[2023-10-13 18:01:15,090][INFO][clas_trainer:133] - train epoch: 12 [21344/53636 (40%)], lr: ['1.00e-04'], loss: 0.052807
[2023-10-13 18:01:31,289][INFO][clas_trainer:133] - train epoch: 12 [26688/53636 (50%)], lr: ['1.00e-04'], loss: 0.043800
[2023-10-13 18:01:49,937][INFO][clas_trainer:133] - train epoch: 12 [32032/53636 (60%)], lr: ['1.00e-04'], loss: 0.011578
[2023-10-13 18:02:08,382][INFO][clas_trainer:133] - train epoch: 12 [37376/53636 (70%)], lr: ['1.00e-04'], loss: 0.055081
[2023-10-13 18:02:26,823][INFO][clas_trainer:133] - train epoch: 12 [42720/53636 (80%)], lr: ['1.00e-04'], loss: 0.007005
[2023-10-13 18:02:45,492][INFO][clas_trainer:133] - train epoch: 12 [48064/53636 (90%)], lr: ['1.00e-04'], loss: 0.019435
[2023-10-13 18:03:03,393][INFO][clas_trainer:133] - train epoch: 12 [53408/53636 (100%)], lr: ['1.00e-04'], loss: 0.108605
[2023-10-13 18:03:35,579][INFO][clas_trainer:63] - [epoch  12] execution time: 215.90s	metrics:
[2023-10-13 18:03:35,579][INFO][clas_evaluator:99] - dataset: earlystopping, avg f1-score: 0.7379
[2023-10-13 18:03:35,589][INFO][clas_trainer:79] - finished training
[2023-10-13 18:03:35,590][INFO][clas_trainer:80] - best model on epoch: 2 	f1-score: 0.7561
