[2023-10-13 22:10:49,980][INFO][fine-tune:29] - overrides:
hydra:
- hydra.mode=MULTIRUN
task:
- m_seed_path_sids={seeds:[11,11,11,11,11],path:"exp001b-m11-simple_multi_class-2023-10-12_18-34-48-final.pth",subject_ids:{dod_o_h:$\{data.dod_o_h.cv_5_fold.fold_2\}}}
- data.downstream.train_dataloader.dataset.data_reducer.n_subjects=10

[2023-10-13 22:10:52,205][INFO][data_loaders:39] - class distribution before data reduction:
# samples per subject
02fb158a-a658-51ee-89cf-1e1dc2ebfde1: 861
03341d0d-5927-5838-8a5f-1b8ef39d8f57: 1063
039ce8ad-a7fa-5272-a3e3-1f4bfebdd087: 915
0d79f4b1-e74f-5e87-8e42-f9dd7112ada5: 968
100df108-eb57-5eaa-a413-f7e4436a7895: 952
130f3f52-7d0a-551e-af61-2ee75455e5c9: 989
14c012bd-65b0-56f5-bc74-2dffcea69837: 969
16450f5a-9b65-5536-85e1-93816c8b89eb: 816
18482adf-1144-54ca-9e35-27f65c43a105: 824
18ede714-aba3-5ad8-bb1a-18fc9b1c4192: 995
1da3544e-dc5c-5795-adc3-f5068959211f: 955
2159377e-ebf3-5565-9014-1e2ae69dc1d2: 907
2d01dc34-f36c-562e-b24a-d20dc798fdfc: 837
2e865ca9-e20f-5a6f-bd25-45d28cc9eab9: 950
30e8a05b-4cf1-5aa8-9ef7-28d6e2949ad5: 699
32556393-bb57-560a-99e8-e09885219647: 1106
3dd35e7b-d7e2-516d-8a85-e0d58a59569f: 1093
3e842aa8-bcd9-521e-93a2-72124233fe2c: 620
4b72b905-5521-5c57-b666-e20ff9bb195f: 868
4e3c4ac4-69e2-5347-a3b0-662c204d259d: 926
52fbe46b-206c-584a-9f4f-1eb308e07bac: 1064
5b94ec8a-c34d-5e45-84d1-bec2ea965609: 1090
5bf0f969-304c-581e-949c-50c108f62846: 947
5ddbc68c-1283-5c27-952b-d7f102291bc2: 1097
64959ac4-53b5-5868-a845-c7476e9fdf7b: 990
67fa8e29-6f4d-530e-9422-bbc3aca86ed0: 1046
6e2aa933-c51c-5a31-8c7b-83da8d076a12: 905
730aba3b-e310-5be0-9eed-7c3123466834: 1120
742f1592-627c-54eb-bbb5-ccd55ffae33a: 975
769df255-2284-50b3-8917-2155c759fbbd: 929
79e8a04e-0fdd-53ae-bedc-d49d08e29103: 918
7ab8ff5f-a77f-567d-9882-f8bee0c3c9bf: 989
7d778801-88e7-5086-ad1d-70f31a371876: 999
7f5237b1-2196-5c8a-9543-a5aa70210ef4: 931
83c1394e-9c69-5c11-9102-9ff8d59b1cfd: 1011
844f68ba-265e-53e6-bf47-6c85d1804a7b: 957
90aef91a-252f-5ccc-a82e-78ea7ee9ca1f: 1089
a25b2296-343b-53f6-8792-ada2669d466e: 1008
a35a118e-e65e-5928-92a9-4354a6a0f4ce: 813
a6254c8a-f1b2-5736-b601-18245dd5e0a5: 1084
a65a9e69-cddf-5711-9a97-de8bfdeb08cc: 961
a79d1f0e-c133-5aa0-8268-cdcc05825f0f: 1046
aadc9e0c-b7c3-5a47-851d-f21971d10935: 969
b2d3ccdd-395c-5dd2-81d9-252bcfc0c337: 902
b3706da5-748b-5dd1-a552-f57e4456cdf6: 1041
b5d5785d-87ee-5078-b9b9-aac6abd4d8de: 918
c8110476-594c-533d-95bd-86147fccc987: 995
cc3b4b63-4a6f-5f28-ac7e-62f83c271449: 1076
d3cadb78-cb8c-5a6e-885c-392e457c68b1: 982
d5181c33-a43b-5dfe-8ad7-0337facb092a: 977
e6b7cbef-4c9d-5541-82e8-04810de0fb60: 819
e72505f1-21be-5d66-b620-cfcfa2d754bc: 973
e8ec8ec4-dc48-50ce-985a-a06d87861030: 975
eb95076c-c470-56a4-b788-ace310f061c6: 965
f2a69bdc-ed51-5e3f-b102-6b3f7d392be0: 960
f66bc75e-778b-5037-af86-b5275cd4c79f: 865

# samples per stage
0: 9109
1: 2878
2: 26255
3: 6343
4: 9114
[2023-10-13 22:10:52,370][INFO][data_loaders:43] - class distribution after data reduction:
# samples per subject
039ce8ad-a7fa-5272-a3e3-1f4bfebdd087: 4575
18ede714-aba3-5ad8-bb1a-18fc9b1c4192: 4975
4e3c4ac4-69e2-5347-a3b0-662c204d259d: 4630
5bf0f969-304c-581e-949c-50c108f62846: 4735
7ab8ff5f-a77f-567d-9882-f8bee0c3c9bf: 4945
90aef91a-252f-5ccc-a82e-78ea7ee9ca1f: 5445
a6254c8a-f1b2-5736-b601-18245dd5e0a5: 5420
aadc9e0c-b7c3-5a47-851d-f21971d10935: 4845
b2d3ccdd-395c-5dd2-81d9-252bcfc0c337: 4510
e72505f1-21be-5d66-b620-cfcfa2d754bc: 4865

# samples per stage
0: 5590
1: 2755
2: 26125
3: 5485
4: 8990
[2023-10-13 22:10:52,917][INFO][data_loaders:39] - class distribution before data reduction:
# samples per subject
0416d51f-5d69-5326-b74a-a2e31a96a1ef: 822
119f9726-eb4c-5a0e-a7bb-9e15256149a1: 932
1fa6c401-d819-50f5-8146-a0bb9e2b2516: 986
22bea84c-5d23-5e49-bc2d-9764f883955b: 1048
25a6b2b0-4d09-561b-82c6-f09bb271d3be: 1063
6a7503ac-ab3a-5d5b-b474-4b0fe37748dd: 1213
a30245e3-4a71-565f-9636-92e7d2e825fc: 1122
b3534fa3-7676-50dc-8412-07f0eff4f7a9: 757

# samples per stage
0: 1372
1: 412
2: 3945
3: 905
4: 1309
[2023-10-13 22:10:52,938][INFO][data_loaders:43] - class distribution after data reduction:
# samples per subject
0416d51f-5d69-5326-b74a-a2e31a96a1ef: 822
119f9726-eb4c-5a0e-a7bb-9e15256149a1: 932
1fa6c401-d819-50f5-8146-a0bb9e2b2516: 986
22bea84c-5d23-5e49-bc2d-9764f883955b: 1048
25a6b2b0-4d09-561b-82c6-f09bb271d3be: 1063
6a7503ac-ab3a-5d5b-b474-4b0fe37748dd: 1213
a30245e3-4a71-565f-9636-92e7d2e825fc: 1122
b3534fa3-7676-50dc-8412-07f0eff4f7a9: 757

# samples per stage
0: 1372
1: 412
2: 3945
3: 905
4: 1309
[2023-10-13 22:10:52,953][INFO][clas_trainer:49] - metrics before training (epoch 0):
[2023-10-13 22:11:11,660][INFO][clas_evaluator:99] - dataset: earlystopping, avg f1-score: 0.0197
[2023-10-13 22:11:23,316][INFO][clas_trainer:133] - train epoch: 1 [4864/48945 (10%)], lr: ['1.00e-04'], loss: 1.706763
[2023-10-13 22:11:34,376][INFO][clas_trainer:133] - train epoch: 1 [9760/48945 (20%)], lr: ['1.00e-04'], loss: 1.315198
[2023-10-13 22:11:45,717][INFO][clas_trainer:133] - train epoch: 1 [14656/48945 (30%)], lr: ['1.00e-04'], loss: 1.070859
[2023-10-13 22:11:57,619][INFO][clas_trainer:133] - train epoch: 1 [19552/48945 (40%)], lr: ['1.00e-04'], loss: 0.836867
[2023-10-13 22:12:10,754][INFO][clas_trainer:133] - train epoch: 1 [24448/48945 (50%)], lr: ['1.00e-04'], loss: 0.778614
[2023-10-13 22:12:22,836][INFO][clas_trainer:133] - train epoch: 1 [29344/48945 (60%)], lr: ['1.00e-04'], loss: 1.259944
[2023-10-13 22:12:33,997][INFO][clas_trainer:133] - train epoch: 1 [34240/48945 (70%)], lr: ['1.00e-04'], loss: 0.871340
[2023-10-13 22:12:46,001][INFO][clas_trainer:133] - train epoch: 1 [39136/48945 (80%)], lr: ['1.00e-04'], loss: 0.824601
[2023-10-13 22:12:58,098][INFO][clas_trainer:133] - train epoch: 1 [44032/48945 (90%)], lr: ['1.00e-04'], loss: 0.876731
[2023-10-13 22:13:10,027][INFO][clas_trainer:133] - train epoch: 1 [25993/48945 (100%)], lr: ['1.00e-04'], loss: 0.830481
[2023-10-13 22:13:31,033][INFO][clas_trainer:63] - [epoch   1] execution time: 139.37s	metrics:
[2023-10-13 22:13:31,033][INFO][clas_evaluator:99] - dataset: earlystopping, avg f1-score: 0.4901
[2023-10-13 22:13:31,093][INFO][base_model:51] - snapshot saved to /home/ngr/repos/sleep_freq-pretraining/models/exp001d-m68-base_fe_clas-2023-10-13_16-19-02-final.pth
[2023-10-13 22:13:43,622][INFO][clas_trainer:133] - train epoch: 2 [4864/48945 (10%)], lr: ['1.00e-04'], loss: 0.965605
[2023-10-13 22:13:55,524][INFO][clas_trainer:133] - train epoch: 2 [9760/48945 (20%)], lr: ['1.00e-04'], loss: 0.971923
[2023-10-13 22:14:06,643][INFO][clas_trainer:133] - train epoch: 2 [14656/48945 (30%)], lr: ['1.00e-04'], loss: 0.996477
[2023-10-13 22:14:18,361][INFO][clas_trainer:133] - train epoch: 2 [19552/48945 (40%)], lr: ['1.00e-04'], loss: 0.692343
[2023-10-13 22:14:30,972][INFO][clas_trainer:133] - train epoch: 2 [24448/48945 (50%)], lr: ['1.00e-04'], loss: 0.400921
[2023-10-13 22:14:43,425][INFO][clas_trainer:133] - train epoch: 2 [29344/48945 (60%)], lr: ['1.00e-04'], loss: 0.630394
[2023-10-13 22:14:54,629][INFO][clas_trainer:133] - train epoch: 2 [34240/48945 (70%)], lr: ['1.00e-04'], loss: 0.529649
[2023-10-13 22:15:06,503][INFO][clas_trainer:133] - train epoch: 2 [39136/48945 (80%)], lr: ['1.00e-04'], loss: 0.786802
[2023-10-13 22:15:18,541][INFO][clas_trainer:133] - train epoch: 2 [44032/48945 (90%)], lr: ['1.00e-04'], loss: 0.594598
[2023-10-13 22:15:31,472][INFO][clas_trainer:133] - train epoch: 2 [25993/48945 (100%)], lr: ['1.00e-04'], loss: 0.482588
[2023-10-13 22:15:51,158][INFO][clas_trainer:63] - [epoch   2] execution time: 140.06s	metrics:
[2023-10-13 22:15:51,158][INFO][clas_evaluator:99] - dataset: earlystopping, avg f1-score: 0.5421
[2023-10-13 22:15:51,221][INFO][base_model:51] - snapshot saved to /home/ngr/repos/sleep_freq-pretraining/models/exp001d-m68-base_fe_clas-2023-10-13_16-19-02-final.pth
[2023-10-13 22:16:03,633][INFO][clas_trainer:133] - train epoch: 3 [4864/48945 (10%)], lr: ['1.00e-04'], loss: 0.413671
[2023-10-13 22:16:15,408][INFO][clas_trainer:133] - train epoch: 3 [9760/48945 (20%)], lr: ['1.00e-04'], loss: 0.523714
[2023-10-13 22:16:26,805][INFO][clas_trainer:133] - train epoch: 3 [14656/48945 (30%)], lr: ['1.00e-04'], loss: 0.607430
[2023-10-13 22:16:37,527][INFO][clas_trainer:133] - train epoch: 3 [19552/48945 (40%)], lr: ['1.00e-04'], loss: 0.409938
[2023-10-13 22:16:49,625][INFO][clas_trainer:133] - train epoch: 3 [24448/48945 (50%)], lr: ['1.00e-04'], loss: 0.376687
[2023-10-13 22:17:01,797][INFO][clas_trainer:133] - train epoch: 3 [29344/48945 (60%)], lr: ['1.00e-04'], loss: 0.669391
[2023-10-13 22:17:13,908][INFO][clas_trainer:133] - train epoch: 3 [34240/48945 (70%)], lr: ['1.00e-04'], loss: 0.508274
[2023-10-13 22:17:25,630][INFO][clas_trainer:133] - train epoch: 3 [39136/48945 (80%)], lr: ['1.00e-04'], loss: 0.470421
[2023-10-13 22:17:37,546][INFO][clas_trainer:133] - train epoch: 3 [44032/48945 (90%)], lr: ['1.00e-04'], loss: 0.584330
[2023-10-13 22:17:50,330][INFO][clas_trainer:133] - train epoch: 3 [25993/48945 (100%)], lr: ['1.00e-04'], loss: 0.436043
[2023-10-13 22:18:12,044][INFO][clas_trainer:63] - [epoch   3] execution time: 140.82s	metrics:
[2023-10-13 22:18:12,045][INFO][clas_evaluator:99] - dataset: earlystopping, avg f1-score: 0.5454
[2023-10-13 22:18:12,110][INFO][base_model:51] - snapshot saved to /home/ngr/repos/sleep_freq-pretraining/models/exp001d-m68-base_fe_clas-2023-10-13_16-19-02-final.pth
[2023-10-13 22:18:25,018][INFO][clas_trainer:133] - train epoch: 4 [4864/48945 (10%)], lr: ['1.00e-04'], loss: 0.809282
[2023-10-13 22:18:37,407][INFO][clas_trainer:133] - train epoch: 4 [9760/48945 (20%)], lr: ['1.00e-04'], loss: 0.230338
[2023-10-13 22:18:49,268][INFO][clas_trainer:133] - train epoch: 4 [14656/48945 (30%)], lr: ['1.00e-04'], loss: 0.870919
[2023-10-13 22:19:00,712][INFO][clas_trainer:133] - train epoch: 4 [19552/48945 (40%)], lr: ['1.00e-04'], loss: 0.300940
[2023-10-13 22:19:11,713][INFO][clas_trainer:133] - train epoch: 4 [24448/48945 (50%)], lr: ['1.00e-04'], loss: 0.835584
[2023-10-13 22:19:23,657][INFO][clas_trainer:133] - train epoch: 4 [29344/48945 (60%)], lr: ['1.00e-04'], loss: 0.302602
[2023-10-13 22:19:36,367][INFO][clas_trainer:133] - train epoch: 4 [34240/48945 (70%)], lr: ['1.00e-04'], loss: 0.686486
[2023-10-13 22:19:47,917][INFO][clas_trainer:133] - train epoch: 4 [39136/48945 (80%)], lr: ['1.00e-04'], loss: 0.467786
[2023-10-13 22:19:59,899][INFO][clas_trainer:133] - train epoch: 4 [44032/48945 (90%)], lr: ['1.00e-04'], loss: 0.431244
[2023-10-13 22:20:11,719][INFO][clas_trainer:133] - train epoch: 4 [25993/48945 (100%)], lr: ['1.00e-04'], loss: 0.393056
[2023-10-13 22:20:32,424][INFO][clas_trainer:63] - [epoch   4] execution time: 140.31s	metrics:
[2023-10-13 22:20:32,424][INFO][clas_evaluator:99] - dataset: earlystopping, avg f1-score: 0.5819
[2023-10-13 22:20:32,489][INFO][base_model:51] - snapshot saved to /home/ngr/repos/sleep_freq-pretraining/models/exp001d-m68-base_fe_clas-2023-10-13_16-19-02-final.pth
[2023-10-13 22:20:45,646][INFO][clas_trainer:133] - train epoch: 5 [4864/48945 (10%)], lr: ['1.00e-04'], loss: 0.410898
[2023-10-13 22:20:57,673][INFO][clas_trainer:133] - train epoch: 5 [9760/48945 (20%)], lr: ['1.00e-04'], loss: 0.264862
[2023-10-13 22:21:10,010][INFO][clas_trainer:133] - train epoch: 5 [14656/48945 (30%)], lr: ['1.00e-04'], loss: 0.288119
[2023-10-13 22:21:21,180][INFO][clas_trainer:133] - train epoch: 5 [19552/48945 (40%)], lr: ['1.00e-04'], loss: 0.481897
[2023-10-13 22:21:32,285][INFO][clas_trainer:133] - train epoch: 5 [24448/48945 (50%)], lr: ['1.00e-04'], loss: 0.254290
[2023-10-13 22:21:44,837][INFO][clas_trainer:133] - train epoch: 5 [29344/48945 (60%)], lr: ['1.00e-04'], loss: 0.458996
[2023-10-13 22:21:57,577][INFO][clas_trainer:133] - train epoch: 5 [34240/48945 (70%)], lr: ['1.00e-04'], loss: 0.320004
[2023-10-13 22:22:09,442][INFO][clas_trainer:133] - train epoch: 5 [39136/48945 (80%)], lr: ['1.00e-04'], loss: 0.269164
[2023-10-13 22:22:20,678][INFO][clas_trainer:133] - train epoch: 5 [44032/48945 (90%)], lr: ['1.00e-04'], loss: 0.493281
[2023-10-13 22:22:31,976][INFO][clas_trainer:133] - train epoch: 5 [25993/48945 (100%)], lr: ['1.00e-04'], loss: 0.388258
[2023-10-13 22:22:52,542][INFO][clas_trainer:63] - [epoch   5] execution time: 140.05s	metrics:
[2023-10-13 22:22:52,542][INFO][clas_evaluator:99] - dataset: earlystopping, avg f1-score: 0.5276
[2023-10-13 22:23:05,207][INFO][clas_trainer:133] - train epoch: 6 [4864/48945 (10%)], lr: ['1.00e-04'], loss: 0.552106
[2023-10-13 22:23:17,523][INFO][clas_trainer:133] - train epoch: 6 [9760/48945 (20%)], lr: ['1.00e-04'], loss: 0.182140
[2023-10-13 22:23:29,493][INFO][clas_trainer:133] - train epoch: 6 [14656/48945 (30%)], lr: ['1.00e-04'], loss: 0.377177
[2023-10-13 22:23:41,532][INFO][clas_trainer:133] - train epoch: 6 [19552/48945 (40%)], lr: ['1.00e-04'], loss: 0.821736
[2023-10-13 22:23:52,742][INFO][clas_trainer:133] - train epoch: 6 [24448/48945 (50%)], lr: ['1.00e-04'], loss: 0.134306
[2023-10-13 22:24:03,362][INFO][clas_trainer:133] - train epoch: 6 [29344/48945 (60%)], lr: ['1.00e-04'], loss: 0.251401
[2023-10-13 22:24:14,508][INFO][clas_trainer:133] - train epoch: 6 [34240/48945 (70%)], lr: ['1.00e-04'], loss: 0.192004
[2023-10-13 22:24:25,543][INFO][clas_trainer:133] - train epoch: 6 [39136/48945 (80%)], lr: ['1.00e-04'], loss: 0.251664
[2023-10-13 22:24:36,766][INFO][clas_trainer:133] - train epoch: 6 [44032/48945 (90%)], lr: ['1.00e-04'], loss: 0.157097
[2023-10-13 22:24:48,167][INFO][clas_trainer:133] - train epoch: 6 [25993/48945 (100%)], lr: ['1.00e-04'], loss: 0.279397
[2023-10-13 22:25:08,455][INFO][clas_trainer:63] - [epoch   6] execution time: 135.91s	metrics:
[2023-10-13 22:25:08,456][INFO][clas_evaluator:99] - dataset: earlystopping, avg f1-score: 0.4831
[2023-10-13 22:25:21,356][INFO][clas_trainer:133] - train epoch: 7 [4864/48945 (10%)], lr: ['1.00e-04'], loss: 0.185115
[2023-10-13 22:25:33,687][INFO][clas_trainer:133] - train epoch: 7 [9760/48945 (20%)], lr: ['1.00e-04'], loss: 0.408722
[2023-10-13 22:25:45,451][INFO][clas_trainer:133] - train epoch: 7 [14656/48945 (30%)], lr: ['1.00e-04'], loss: 0.319113
[2023-10-13 22:25:57,926][INFO][clas_trainer:133] - train epoch: 7 [19552/48945 (40%)], lr: ['1.00e-04'], loss: 0.596666
[2023-10-13 22:26:10,594][INFO][clas_trainer:133] - train epoch: 7 [24448/48945 (50%)], lr: ['1.00e-04'], loss: 0.343682
[2023-10-13 22:26:22,863][INFO][clas_trainer:133] - train epoch: 7 [29344/48945 (60%)], lr: ['1.00e-04'], loss: 0.197395
[2023-10-13 22:26:33,615][INFO][clas_trainer:133] - train epoch: 7 [34240/48945 (70%)], lr: ['1.00e-04'], loss: 0.344820
[2023-10-13 22:26:45,173][INFO][clas_trainer:133] - train epoch: 7 [39136/48945 (80%)], lr: ['1.00e-04'], loss: 0.318726
[2023-10-13 22:26:57,223][INFO][clas_trainer:133] - train epoch: 7 [44032/48945 (90%)], lr: ['1.00e-04'], loss: 0.268573
[2023-10-13 22:27:08,696][INFO][clas_trainer:133] - train epoch: 7 [25993/48945 (100%)], lr: ['1.00e-04'], loss: 0.332960
[2023-10-13 22:27:31,108][INFO][clas_trainer:63] - [epoch   7] execution time: 142.65s	metrics:
[2023-10-13 22:27:31,109][INFO][clas_evaluator:99] - dataset: earlystopping, avg f1-score: 0.5975
[2023-10-13 22:27:31,169][INFO][base_model:51] - snapshot saved to /home/ngr/repos/sleep_freq-pretraining/models/exp001d-m68-base_fe_clas-2023-10-13_16-19-02-final.pth
[2023-10-13 22:27:43,942][INFO][clas_trainer:133] - train epoch: 8 [4864/48945 (10%)], lr: ['1.00e-04'], loss: 0.557248
[2023-10-13 22:27:56,060][INFO][clas_trainer:133] - train epoch: 8 [9760/48945 (20%)], lr: ['1.00e-04'], loss: 0.251045
[2023-10-13 22:28:08,968][INFO][clas_trainer:133] - train epoch: 8 [14656/48945 (30%)], lr: ['1.00e-04'], loss: 0.139343
[2023-10-13 22:28:21,383][INFO][clas_trainer:133] - train epoch: 8 [19552/48945 (40%)], lr: ['1.00e-04'], loss: 0.265065
[2023-10-13 22:28:33,304][INFO][clas_trainer:133] - train epoch: 8 [24448/48945 (50%)], lr: ['1.00e-04'], loss: 0.229462
[2023-10-13 22:28:45,761][INFO][clas_trainer:133] - train epoch: 8 [29344/48945 (60%)], lr: ['1.00e-04'], loss: 0.419197
[2023-10-13 22:28:56,755][INFO][clas_trainer:133] - train epoch: 8 [34240/48945 (70%)], lr: ['1.00e-04'], loss: 0.188772
[2023-10-13 22:29:07,652][INFO][clas_trainer:133] - train epoch: 8 [39136/48945 (80%)], lr: ['1.00e-04'], loss: 0.139744
[2023-10-13 22:29:20,415][INFO][clas_trainer:133] - train epoch: 8 [44032/48945 (90%)], lr: ['1.00e-04'], loss: 0.483584
[2023-10-13 22:29:31,506][INFO][clas_trainer:133] - train epoch: 8 [25993/48945 (100%)], lr: ['1.00e-04'], loss: 0.358232
[2023-10-13 22:29:52,256][INFO][clas_trainer:63] - [epoch   8] execution time: 141.09s	metrics:
[2023-10-13 22:29:52,256][INFO][clas_evaluator:99] - dataset: earlystopping, avg f1-score: 0.5581
[2023-10-13 22:30:04,484][INFO][clas_trainer:133] - train epoch: 9 [4864/48945 (10%)], lr: ['1.00e-04'], loss: 0.235072
[2023-10-13 22:30:16,907][INFO][clas_trainer:133] - train epoch: 9 [9760/48945 (20%)], lr: ['1.00e-04'], loss: 0.214997
[2023-10-13 22:30:29,436][INFO][clas_trainer:133] - train epoch: 9 [14656/48945 (30%)], lr: ['1.00e-04'], loss: 0.311763
[2023-10-13 22:30:41,007][INFO][clas_trainer:133] - train epoch: 9 [19552/48945 (40%)], lr: ['1.00e-04'], loss: 0.431546
[2023-10-13 22:30:53,187][INFO][clas_trainer:133] - train epoch: 9 [24448/48945 (50%)], lr: ['1.00e-04'], loss: 0.255064
[2023-10-13 22:31:05,502][INFO][clas_trainer:133] - train epoch: 9 [29344/48945 (60%)], lr: ['1.00e-04'], loss: 0.196346
[2023-10-13 22:31:17,496][INFO][clas_trainer:133] - train epoch: 9 [34240/48945 (70%)], lr: ['1.00e-04'], loss: 0.213470
[2023-10-13 22:31:28,601][INFO][clas_trainer:133] - train epoch: 9 [39136/48945 (80%)], lr: ['1.00e-04'], loss: 0.088222
[2023-10-13 22:31:40,745][INFO][clas_trainer:133] - train epoch: 9 [44032/48945 (90%)], lr: ['1.00e-04'], loss: 0.277155
[2023-10-13 22:31:52,663][INFO][clas_trainer:133] - train epoch: 9 [25993/48945 (100%)], lr: ['1.00e-04'], loss: 0.456416
[2023-10-13 22:32:12,763][INFO][clas_trainer:63] - [epoch   9] execution time: 140.51s	metrics:
[2023-10-13 22:32:12,764][INFO][clas_evaluator:99] - dataset: earlystopping, avg f1-score: 0.5271
[2023-10-13 22:32:25,308][INFO][clas_trainer:133] - train epoch: 10 [4864/48945 (10%)], lr: ['1.00e-04'], loss: 0.042448
[2023-10-13 22:32:38,489][INFO][clas_trainer:133] - train epoch: 10 [9760/48945 (20%)], lr: ['1.00e-04'], loss: 0.111853
[2023-10-13 22:32:51,049][INFO][clas_trainer:133] - train epoch: 10 [14656/48945 (30%)], lr: ['1.00e-04'], loss: 0.169719
[2023-10-13 22:33:03,762][INFO][clas_trainer:133] - train epoch: 10 [19552/48945 (40%)], lr: ['1.00e-04'], loss: 0.109469
[2023-10-13 22:33:16,251][INFO][clas_trainer:133] - train epoch: 10 [24448/48945 (50%)], lr: ['1.00e-04'], loss: 0.166437
[2023-10-13 22:33:29,025][INFO][clas_trainer:133] - train epoch: 10 [29344/48945 (60%)], lr: ['1.00e-04'], loss: 0.312744
[2023-10-13 22:33:40,897][INFO][clas_trainer:133] - train epoch: 10 [34240/48945 (70%)], lr: ['1.00e-04'], loss: 0.234112
[2023-10-13 22:33:53,093][INFO][clas_trainer:133] - train epoch: 10 [39136/48945 (80%)], lr: ['1.00e-04'], loss: 0.442288
[2023-10-13 22:34:04,500][INFO][clas_trainer:133] - train epoch: 10 [44032/48945 (90%)], lr: ['1.00e-04'], loss: 0.174656
[2023-10-13 22:34:16,673][INFO][clas_trainer:133] - train epoch: 10 [25993/48945 (100%)], lr: ['1.00e-04'], loss: 0.163411
[2023-10-13 22:34:37,453][INFO][clas_trainer:63] - [epoch  10] execution time: 144.69s	metrics:
[2023-10-13 22:34:37,454][INFO][clas_evaluator:99] - dataset: earlystopping, avg f1-score: 0.5699
[2023-10-13 22:34:51,049][INFO][clas_trainer:133] - train epoch: 11 [4864/48945 (10%)], lr: ['1.00e-04'], loss: 0.210565
[2023-10-13 22:35:04,275][INFO][clas_trainer:133] - train epoch: 11 [9760/48945 (20%)], lr: ['1.00e-04'], loss: 0.162528
[2023-10-13 22:35:17,543][INFO][clas_trainer:133] - train epoch: 11 [14656/48945 (30%)], lr: ['1.00e-04'], loss: 0.219210
[2023-10-13 22:35:30,262][INFO][clas_trainer:133] - train epoch: 11 [19552/48945 (40%)], lr: ['1.00e-04'], loss: 0.225095
[2023-10-13 22:35:42,651][INFO][clas_trainer:133] - train epoch: 11 [24448/48945 (50%)], lr: ['1.00e-04'], loss: 0.209174
[2023-10-13 22:35:54,790][INFO][clas_trainer:133] - train epoch: 11 [29344/48945 (60%)], lr: ['1.00e-04'], loss: 0.321167
[2023-10-13 22:36:07,508][INFO][clas_trainer:133] - train epoch: 11 [34240/48945 (70%)], lr: ['1.00e-04'], loss: 0.131899
[2023-10-13 22:36:20,456][INFO][clas_trainer:133] - train epoch: 11 [39136/48945 (80%)], lr: ['1.00e-04'], loss: 0.429500
[2023-10-13 22:36:32,629][INFO][clas_trainer:133] - train epoch: 11 [44032/48945 (90%)], lr: ['1.00e-04'], loss: 0.164886
[2023-10-13 22:36:44,240][INFO][clas_trainer:133] - train epoch: 11 [25993/48945 (100%)], lr: ['1.00e-04'], loss: 0.054923
[2023-10-13 22:37:05,819][INFO][clas_trainer:63] - [epoch  11] execution time: 148.37s	metrics:
[2023-10-13 22:37:05,820][INFO][clas_evaluator:99] - dataset: earlystopping, avg f1-score: 0.5601
[2023-10-13 22:37:19,121][INFO][clas_trainer:133] - train epoch: 12 [4864/48945 (10%)], lr: ['1.00e-04'], loss: 0.102567
[2023-10-13 22:37:31,683][INFO][clas_trainer:133] - train epoch: 12 [9760/48945 (20%)], lr: ['1.00e-04'], loss: 0.180695
[2023-10-13 22:37:44,282][INFO][clas_trainer:133] - train epoch: 12 [14656/48945 (30%)], lr: ['1.00e-04'], loss: 0.136165
[2023-10-13 22:37:56,061][INFO][clas_trainer:133] - train epoch: 12 [19552/48945 (40%)], lr: ['1.00e-04'], loss: 0.222600
[2023-10-13 22:38:09,076][INFO][clas_trainer:133] - train epoch: 12 [24448/48945 (50%)], lr: ['1.00e-04'], loss: 0.360397
[2023-10-13 22:38:22,227][INFO][clas_trainer:133] - train epoch: 12 [29344/48945 (60%)], lr: ['1.00e-04'], loss: 0.075616
[2023-10-13 22:38:34,891][INFO][clas_trainer:133] - train epoch: 12 [34240/48945 (70%)], lr: ['1.00e-04'], loss: 0.129742
[2023-10-13 22:38:46,418][INFO][clas_trainer:133] - train epoch: 12 [39136/48945 (80%)], lr: ['1.00e-04'], loss: 0.353014
[2023-10-13 22:38:58,729][INFO][clas_trainer:133] - train epoch: 12 [44032/48945 (90%)], lr: ['1.00e-04'], loss: 0.183881
[2023-10-13 22:39:10,403][INFO][clas_trainer:133] - train epoch: 12 [25993/48945 (100%)], lr: ['1.00e-04'], loss: 0.139512
[2023-10-13 22:39:30,803][INFO][clas_trainer:63] - [epoch  12] execution time: 144.98s	metrics:
[2023-10-13 22:39:30,803][INFO][clas_evaluator:99] - dataset: earlystopping, avg f1-score: 0.5762
[2023-10-13 22:39:42,416][INFO][clas_trainer:133] - train epoch: 13 [4864/48945 (10%)], lr: ['1.00e-04'], loss: 0.227559
[2023-10-13 22:39:54,799][INFO][clas_trainer:133] - train epoch: 13 [9760/48945 (20%)], lr: ['1.00e-04'], loss: 0.233390
[2023-10-13 22:40:07,497][INFO][clas_trainer:133] - train epoch: 13 [14656/48945 (30%)], lr: ['1.00e-04'], loss: 0.222788
[2023-10-13 22:40:19,997][INFO][clas_trainer:133] - train epoch: 13 [19552/48945 (40%)], lr: ['1.00e-04'], loss: 0.140405
[2023-10-13 22:40:32,071][INFO][clas_trainer:133] - train epoch: 13 [24448/48945 (50%)], lr: ['1.00e-04'], loss: 0.123670
[2023-10-13 22:40:44,413][INFO][clas_trainer:133] - train epoch: 13 [29344/48945 (60%)], lr: ['1.00e-04'], loss: 0.201356
[2023-10-13 22:40:56,468][INFO][clas_trainer:133] - train epoch: 13 [34240/48945 (70%)], lr: ['1.00e-04'], loss: 0.182508
[2023-10-13 22:41:08,510][INFO][clas_trainer:133] - train epoch: 13 [39136/48945 (80%)], lr: ['1.00e-04'], loss: 0.087224
[2023-10-13 22:41:20,131][INFO][clas_trainer:133] - train epoch: 13 [44032/48945 (90%)], lr: ['1.00e-04'], loss: 0.059655
[2023-10-13 22:41:33,239][INFO][clas_trainer:133] - train epoch: 13 [25993/48945 (100%)], lr: ['1.00e-04'], loss: 0.182566
[2023-10-13 22:41:53,712][INFO][clas_trainer:63] - [epoch  13] execution time: 142.91s	metrics:
[2023-10-13 22:41:53,713][INFO][clas_evaluator:99] - dataset: earlystopping, avg f1-score: 0.5841
[2023-10-13 22:42:05,641][INFO][clas_trainer:133] - train epoch: 14 [4864/48945 (10%)], lr: ['1.00e-04'], loss: 0.127475
[2023-10-13 22:42:18,612][INFO][clas_trainer:133] - train epoch: 14 [9760/48945 (20%)], lr: ['1.00e-04'], loss: 0.209412
[2023-10-13 22:42:31,394][INFO][clas_trainer:133] - train epoch: 14 [14656/48945 (30%)], lr: ['1.00e-04'], loss: 0.039640
[2023-10-13 22:42:43,706][INFO][clas_trainer:133] - train epoch: 14 [19552/48945 (40%)], lr: ['1.00e-04'], loss: 0.177756
[2023-10-13 22:42:56,244][INFO][clas_trainer:133] - train epoch: 14 [24448/48945 (50%)], lr: ['1.00e-04'], loss: 0.040318
[2023-10-13 22:43:08,134][INFO][clas_trainer:133] - train epoch: 14 [29344/48945 (60%)], lr: ['1.00e-04'], loss: 0.144778
[2023-10-13 22:43:20,322][INFO][clas_trainer:133] - train epoch: 14 [34240/48945 (70%)], lr: ['1.00e-04'], loss: 0.125274
[2023-10-13 22:43:32,328][INFO][clas_trainer:133] - train epoch: 14 [39136/48945 (80%)], lr: ['1.00e-04'], loss: 0.058887
[2023-10-13 22:43:44,066][INFO][clas_trainer:133] - train epoch: 14 [44032/48945 (90%)], lr: ['1.00e-04'], loss: 0.161796
[2023-10-13 22:43:55,936][INFO][clas_trainer:133] - train epoch: 14 [25993/48945 (100%)], lr: ['1.00e-04'], loss: 0.114483
[2023-10-13 22:44:16,896][INFO][clas_trainer:63] - [epoch  14] execution time: 143.18s	metrics:
[2023-10-13 22:44:16,896][INFO][clas_evaluator:99] - dataset: earlystopping, avg f1-score: 0.5745
[2023-10-13 22:44:29,109][INFO][clas_trainer:133] - train epoch: 15 [4864/48945 (10%)], lr: ['1.00e-04'], loss: 0.028754
[2023-10-13 22:44:40,927][INFO][clas_trainer:133] - train epoch: 15 [9760/48945 (20%)], lr: ['1.00e-04'], loss: 0.044260
[2023-10-13 22:44:53,202][INFO][clas_trainer:133] - train epoch: 15 [14656/48945 (30%)], lr: ['1.00e-04'], loss: 0.042688
[2023-10-13 22:45:05,376][INFO][clas_trainer:133] - train epoch: 15 [19552/48945 (40%)], lr: ['1.00e-04'], loss: 0.159845
[2023-10-13 22:45:19,075][INFO][clas_trainer:133] - train epoch: 15 [24448/48945 (50%)], lr: ['1.00e-04'], loss: 0.245289
[2023-10-13 22:45:31,851][INFO][clas_trainer:133] - train epoch: 15 [29344/48945 (60%)], lr: ['1.00e-04'], loss: 0.094137
[2023-10-13 22:45:44,099][INFO][clas_trainer:133] - train epoch: 15 [34240/48945 (70%)], lr: ['1.00e-04'], loss: 0.141397
[2023-10-13 22:45:56,165][INFO][clas_trainer:133] - train epoch: 15 [39136/48945 (80%)], lr: ['1.00e-04'], loss: 0.190656
[2023-10-13 22:46:08,237][INFO][clas_trainer:133] - train epoch: 15 [44032/48945 (90%)], lr: ['1.00e-04'], loss: 0.069796
[2023-10-13 22:46:20,331][INFO][clas_trainer:133] - train epoch: 15 [25993/48945 (100%)], lr: ['1.00e-04'], loss: 0.192778
[2023-10-13 22:46:41,615][INFO][clas_trainer:63] - [epoch  15] execution time: 144.72s	metrics:
[2023-10-13 22:46:41,615][INFO][clas_evaluator:99] - dataset: earlystopping, avg f1-score: 0.5872
[2023-10-13 22:46:53,890][INFO][clas_trainer:133] - train epoch: 16 [4864/48945 (10%)], lr: ['1.00e-04'], loss: 0.175915
[2023-10-13 22:47:05,719][INFO][clas_trainer:133] - train epoch: 16 [9760/48945 (20%)], lr: ['1.00e-04'], loss: 0.137053
[2023-10-13 22:47:17,244][INFO][clas_trainer:133] - train epoch: 16 [14656/48945 (30%)], lr: ['1.00e-04'], loss: 0.131118
[2023-10-13 22:47:29,928][INFO][clas_trainer:133] - train epoch: 16 [19552/48945 (40%)], lr: ['1.00e-04'], loss: 0.252598
[2023-10-13 22:47:41,925][INFO][clas_trainer:133] - train epoch: 16 [24448/48945 (50%)], lr: ['1.00e-04'], loss: 0.255168
[2023-10-13 22:47:53,956][INFO][clas_trainer:133] - train epoch: 16 [29344/48945 (60%)], lr: ['1.00e-04'], loss: 0.282275
[2023-10-13 22:48:06,268][INFO][clas_trainer:133] - train epoch: 16 [34240/48945 (70%)], lr: ['1.00e-04'], loss: 0.049971
[2023-10-13 22:48:18,044][INFO][clas_trainer:133] - train epoch: 16 [39136/48945 (80%)], lr: ['1.00e-04'], loss: 0.064919
[2023-10-13 22:48:30,072][INFO][clas_trainer:133] - train epoch: 16 [44032/48945 (90%)], lr: ['1.00e-04'], loss: 0.052186
[2023-10-13 22:48:42,226][INFO][clas_trainer:133] - train epoch: 16 [25993/48945 (100%)], lr: ['1.00e-04'], loss: 0.288562
[2023-10-13 22:49:03,216][INFO][clas_trainer:63] - [epoch  16] execution time: 141.60s	metrics:
[2023-10-13 22:49:03,217][INFO][clas_evaluator:99] - dataset: earlystopping, avg f1-score: 0.5820
[2023-10-13 22:49:15,071][INFO][clas_trainer:133] - train epoch: 17 [4864/48945 (10%)], lr: ['1.00e-04'], loss: 0.096668
[2023-10-13 22:49:26,914][INFO][clas_trainer:133] - train epoch: 17 [9760/48945 (20%)], lr: ['1.00e-04'], loss: 0.271217
[2023-10-13 22:49:38,039][INFO][clas_trainer:133] - train epoch: 17 [14656/48945 (30%)], lr: ['1.00e-04'], loss: 0.403471
[2023-10-13 22:49:50,547][INFO][clas_trainer:133] - train epoch: 17 [19552/48945 (40%)], lr: ['1.00e-04'], loss: 0.190573
[2023-10-13 22:50:03,353][INFO][clas_trainer:133] - train epoch: 17 [24448/48945 (50%)], lr: ['1.00e-04'], loss: 0.085535
[2023-10-13 22:50:15,726][INFO][clas_trainer:133] - train epoch: 17 [29344/48945 (60%)], lr: ['1.00e-04'], loss: 0.146040
[2023-10-13 22:50:27,853][INFO][clas_trainer:133] - train epoch: 17 [34240/48945 (70%)], lr: ['1.00e-04'], loss: 0.119054
[2023-10-13 22:50:40,479][INFO][clas_trainer:133] - train epoch: 17 [39136/48945 (80%)], lr: ['1.00e-04'], loss: 0.276435
[2023-10-13 22:50:52,917][INFO][clas_trainer:133] - train epoch: 17 [44032/48945 (90%)], lr: ['1.00e-04'], loss: 0.167428
[2023-10-13 22:51:05,029][INFO][clas_trainer:133] - train epoch: 17 [25993/48945 (100%)], lr: ['1.00e-04'], loss: 0.119442
[2023-10-13 22:51:26,431][INFO][clas_trainer:63] - [epoch  17] execution time: 143.21s	metrics:
[2023-10-13 22:51:26,432][INFO][clas_evaluator:99] - dataset: earlystopping, avg f1-score: 0.5626
[2023-10-13 22:51:26,448][INFO][clas_trainer:79] - finished training
[2023-10-13 22:51:26,448][INFO][clas_trainer:80] - best model on epoch: 7 	f1-score: 0.5975
