[2024-09-20 21:34:26,408][INFO][fine-tune:25] - Using GPU 5
[2024-09-20 21:34:26,413][INFO][fine-tune:35] - overrides:
hydra:
- hydra.launcher.n_jobs=15
- hydra.mode=MULTIRUN
task:
- m_seed_path_sids={seeds:[6,6,6,6,6],path:"exp006b-m6-simple_multi_class-2024-09-20_13-58-02-final.pth",subject_ids:{isruc:$\{data.isruc.cv_5_fold.fold_2\}}}
- data.downstream.train_dataloader.dataset.data_reducer.n_epochs=50
- data.downstream.train_dataloader.dataset.data_reducer.n_subjects=2
- general.gpus=[4,5]

[2024-09-20 21:34:31,019][INFO][data_loaders:39] - class distribution before data reduction:
# samples per subject
sg1-1-1: 880
sg1-10-1: 842
sg1-11-1: 997
sg1-12-1: 850
sg1-13-1: 882
sg1-14-1: 906
sg1-16-1: 883
sg1-17-1: 851
sg1-19-1: 828
sg1-20-1: 950
sg1-22-1: 849
sg1-23-1: 892
sg1-26-1: 1062
sg1-28-1: 882
sg1-29-1: 912
sg1-3-1: 943
sg1-31-1: 877
sg1-32-1: 1010
sg1-33-1: 920
sg1-34-1: 871
sg1-35-1: 788
sg1-36-1: 987
sg1-37-1: 806
sg1-38-1: 932
sg1-39-1: 900
sg1-40-1: 875
sg1-42-1: 812
sg1-43-1: 747
sg1-44-1: 932
sg1-45-1: 906
sg1-46-1: 863
sg1-48-1: 981
sg1-49-1: 793
sg1-5-1: 875
sg1-50-1: 905
sg1-51-1: 856
sg1-52-1: 912
sg1-53-1: 910
sg1-54-1: 814
sg1-59-1: 942
sg1-6-1: 897
sg1-61-1: 852
sg1-62-1: 864
sg1-63-1: 954
sg1-64-1: 892
sg1-65-1: 1014
sg1-66-1: 845
sg1-67-1: 862
sg1-68-1: 956
sg1-69-1: 815
sg1-71-1: 829
sg1-72-1: 872
sg1-74-1: 897
sg1-76-1: 850
sg1-77-1: 805
sg1-78-1: 894
sg1-80-1: 889
sg1-81-1: 911
sg1-83-1: 925
sg1-84-1: 963
sg1-85-1: 896
sg1-86-1: 964
sg1-88-1: 1002
sg1-9-1: 969
sg1-90-1: 933
sg1-91-1: 990
sg1-92-1: 877
sg1-95-1: 865
sg1-97-1: 912
sg1-99-1: 835
sg2-1-1: 933
sg2-1-2: 787
sg2-3-1: 871
sg2-3-2: 813
sg2-4-1: 932
sg2-4-2: 899
sg2-6-1: 965
sg2-6-2: 1014
sg2-7-1: 942
sg2-7-2: 899
sg2-8-1: 815
sg2-8-2: 923
sg3-10-1: 796
sg3-2-1: 941
sg3-3-1: 824
sg3-4-1: 794
sg3-6-1: 853
sg3-7-1: 814
sg3-8-1: 1000
sg3-9-1: 969

# samples per stage
0: 18096
1: 10902
2: 25149
3: 15812
4: 10477
[2024-09-20 21:34:31,416][INFO][data_loaders:43] - class distribution after data reduction:
# samples per subject
sg1-37-1: 36984
sg1-5-1: 43416

# samples per stage
0: 16080
1: 17688
2: 27336
3: 14472
4: 4824
[2024-09-20 21:34:31,438][INFO][base_pretraining_fe:55] - Loading model from exp006b-m6-simple_multi_class-2024-09-20_13-58-02-final.pth
[2024-09-20 21:34:31,919][INFO][data_loaders:39] - class distribution before data reduction:
# samples per subject
sg1-21-1: 1054
sg1-24-1: 830
sg1-30-1: 882
sg1-4-1: 963
sg1-55-1: 879
sg1-57-1: 1007
sg1-70-1: 893
sg1-87-1: 926

# samples per stage
0: 1560
1: 831
2: 2431
3: 1417
4: 1195
[2024-09-20 21:34:31,936][INFO][data_loaders:43] - class distribution after data reduction:
# samples per subject
sg1-21-1: 1054
sg1-24-1: 830
sg1-30-1: 882
sg1-4-1: 963
sg1-55-1: 879
sg1-57-1: 1007
sg1-70-1: 893
sg1-87-1: 926

# samples per stage
0: 1560
1: 831
2: 2431
3: 1417
4: 1195
[2024-09-20 21:34:31,951][INFO][clas_trainer:49] - metrics before training (epoch 0):
[2024-09-20 21:34:58,783][INFO][clas_evaluator:99] - dataset: earlystopping, avg f1-score: 0.2422
[2024-09-20 21:35:25,767][INFO][clas_trainer:133] - train epoch: 1 [8000/80400 (10%)], lr: ['1.00e-04'], loss: 0.051148
[2024-09-20 21:35:52,007][INFO][clas_trainer:133] - train epoch: 1 [16032/80400 (20%)], lr: ['1.00e-04'], loss: 0.006549
[2024-09-20 21:36:16,968][INFO][clas_trainer:133] - train epoch: 1 [24064/80400 (30%)], lr: ['1.00e-04'], loss: 0.004662
[2024-09-20 21:36:42,500][INFO][clas_trainer:133] - train epoch: 1 [32096/80400 (40%)], lr: ['1.00e-04'], loss: 0.002944
[2024-09-20 21:37:08,303][INFO][clas_trainer:133] - train epoch: 1 [40128/80400 (50%)], lr: ['1.00e-04'], loss: 0.000817
[2024-09-20 21:37:34,566][INFO][clas_trainer:133] - train epoch: 1 [48160/80400 (60%)], lr: ['1.00e-04'], loss: 0.000574
[2024-09-20 21:37:59,884][INFO][clas_trainer:133] - train epoch: 1 [56192/80400 (70%)], lr: ['1.00e-04'], loss: 0.000119
[2024-09-20 21:38:25,836][INFO][clas_trainer:133] - train epoch: 1 [64224/80400 (80%)], lr: ['1.00e-04'], loss: 0.003367
[2024-09-20 21:38:50,453][INFO][clas_trainer:133] - train epoch: 1 [72256/80400 (90%)], lr: ['1.00e-04'], loss: 0.000249
[2024-09-20 21:39:16,371][INFO][clas_trainer:133] - train epoch: 1 [80288/80400 (100%)], lr: ['1.00e-04'], loss: 0.000232
[2024-09-20 21:39:43,091][INFO][clas_trainer:63] - [epoch   1] execution time: 284.31s	metrics:
[2024-09-20 21:39:43,092][INFO][clas_evaluator:99] - dataset: earlystopping, avg f1-score: 0.4391
[2024-09-20 21:39:43,116][INFO][base_model:51] - snapshot saved to XXX/frequency-pretraining/models/exp006b-m19-base_fe_clas-2024-09-20_20-27-59-final.pth
[2024-09-20 21:40:10,359][INFO][clas_trainer:133] - train epoch: 2 [8000/80400 (10%)], lr: ['1.00e-04'], loss: 0.001833
[2024-09-20 21:40:37,073][INFO][clas_trainer:133] - train epoch: 2 [16032/80400 (20%)], lr: ['1.00e-04'], loss: 0.000016
[2024-09-20 21:41:03,027][INFO][clas_trainer:133] - train epoch: 2 [24064/80400 (30%)], lr: ['1.00e-04'], loss: 0.000166
[2024-09-20 21:41:27,994][INFO][clas_trainer:133] - train epoch: 2 [32096/80400 (40%)], lr: ['1.00e-04'], loss: 0.000459
[2024-09-20 21:41:53,477][INFO][clas_trainer:133] - train epoch: 2 [40128/80400 (50%)], lr: ['1.00e-04'], loss: 0.000460
[2024-09-20 21:42:19,199][INFO][clas_trainer:133] - train epoch: 2 [48160/80400 (60%)], lr: ['1.00e-04'], loss: 0.000081
[2024-09-20 21:42:44,451][INFO][clas_trainer:133] - train epoch: 2 [56192/80400 (70%)], lr: ['1.00e-04'], loss: 0.000061
[2024-09-20 21:43:08,796][INFO][clas_trainer:133] - train epoch: 2 [64224/80400 (80%)], lr: ['1.00e-04'], loss: 0.000310
[2024-09-20 21:43:33,729][INFO][clas_trainer:133] - train epoch: 2 [72256/80400 (90%)], lr: ['1.00e-04'], loss: 0.000109
[2024-09-20 21:43:58,596][INFO][clas_trainer:133] - train epoch: 2 [80288/80400 (100%)], lr: ['1.00e-04'], loss: 0.000457
[2024-09-20 21:44:24,579][INFO][clas_trainer:63] - [epoch   2] execution time: 281.46s	metrics:
[2024-09-20 21:44:24,580][INFO][clas_evaluator:99] - dataset: earlystopping, avg f1-score: 0.4471
[2024-09-20 21:44:24,605][INFO][base_model:51] - snapshot saved to XXX/frequency-pretraining/models/exp006b-m19-base_fe_clas-2024-09-20_20-27-59-final.pth
[2024-09-20 21:44:50,673][INFO][clas_trainer:133] - train epoch: 3 [8000/80400 (10%)], lr: ['1.00e-04'], loss: 0.000114
[2024-09-20 21:45:16,488][INFO][clas_trainer:133] - train epoch: 3 [16032/80400 (20%)], lr: ['1.00e-04'], loss: 0.000032
[2024-09-20 21:45:41,948][INFO][clas_trainer:133] - train epoch: 3 [24064/80400 (30%)], lr: ['1.00e-04'], loss: 0.000107
[2024-09-20 21:46:07,133][INFO][clas_trainer:133] - train epoch: 3 [32096/80400 (40%)], lr: ['1.00e-04'], loss: 0.009801
[2024-09-20 21:46:31,052][INFO][clas_trainer:133] - train epoch: 3 [40128/80400 (50%)], lr: ['1.00e-04'], loss: 0.000170
[2024-09-20 21:46:56,913][INFO][clas_trainer:133] - train epoch: 3 [48160/80400 (60%)], lr: ['1.00e-04'], loss: 0.000070
[2024-09-20 21:47:23,441][INFO][clas_trainer:133] - train epoch: 3 [56192/80400 (70%)], lr: ['1.00e-04'], loss: 0.000196
[2024-09-20 21:47:48,389][INFO][clas_trainer:133] - train epoch: 3 [64224/80400 (80%)], lr: ['1.00e-04'], loss: 0.000054
[2024-09-20 21:48:14,211][INFO][clas_trainer:133] - train epoch: 3 [72256/80400 (90%)], lr: ['1.00e-04'], loss: 0.000182
[2024-09-20 21:48:39,253][INFO][clas_trainer:133] - train epoch: 3 [80288/80400 (100%)], lr: ['1.00e-04'], loss: 0.000428
[2024-09-20 21:49:06,378][INFO][clas_trainer:63] - [epoch   3] execution time: 281.77s	metrics:
[2024-09-20 21:49:06,379][INFO][clas_evaluator:99] - dataset: earlystopping, avg f1-score: 0.3882
[2024-09-20 21:49:32,306][INFO][clas_trainer:133] - train epoch: 4 [8000/80400 (10%)], lr: ['1.00e-04'], loss: 0.000537
[2024-09-20 21:49:57,371][INFO][clas_trainer:133] - train epoch: 4 [16032/80400 (20%)], lr: ['1.00e-04'], loss: 0.000299
[2024-09-20 21:50:22,561][INFO][clas_trainer:133] - train epoch: 4 [24064/80400 (30%)], lr: ['1.00e-04'], loss: 0.000087
[2024-09-20 21:50:47,615][INFO][clas_trainer:133] - train epoch: 4 [32096/80400 (40%)], lr: ['1.00e-04'], loss: 0.000217
[2024-09-20 21:51:12,553][INFO][clas_trainer:133] - train epoch: 4 [40128/80400 (50%)], lr: ['1.00e-04'], loss: 0.000649
[2024-09-20 21:51:37,501][INFO][clas_trainer:133] - train epoch: 4 [48160/80400 (60%)], lr: ['1.00e-04'], loss: 0.000178
[2024-09-20 21:52:03,014][INFO][clas_trainer:133] - train epoch: 4 [56192/80400 (70%)], lr: ['1.00e-04'], loss: 0.000578
[2024-09-20 21:52:27,274][INFO][clas_trainer:133] - train epoch: 4 [64224/80400 (80%)], lr: ['1.00e-04'], loss: 0.000304
[2024-09-20 21:52:51,184][INFO][clas_trainer:133] - train epoch: 4 [72256/80400 (90%)], lr: ['1.00e-04'], loss: 0.000198
[2024-09-20 21:53:17,111][INFO][clas_trainer:133] - train epoch: 4 [80288/80400 (100%)], lr: ['1.00e-04'], loss: 0.000229
[2024-09-20 21:53:42,168][INFO][clas_trainer:63] - [epoch   4] execution time: 275.79s	metrics:
[2024-09-20 21:53:42,168][INFO][clas_evaluator:99] - dataset: earlystopping, avg f1-score: 0.4140
[2024-09-20 21:54:07,796][INFO][clas_trainer:133] - train epoch: 5 [8000/80400 (10%)], lr: ['1.00e-04'], loss: 0.000112
[2024-09-20 21:54:32,593][INFO][clas_trainer:133] - train epoch: 5 [16032/80400 (20%)], lr: ['1.00e-04'], loss: 0.000988
[2024-09-20 21:54:56,377][INFO][clas_trainer:133] - train epoch: 5 [24064/80400 (30%)], lr: ['1.00e-04'], loss: 0.000350
[2024-09-20 21:55:21,516][INFO][clas_trainer:133] - train epoch: 5 [32096/80400 (40%)], lr: ['1.00e-04'], loss: 0.000448
[2024-09-20 21:55:45,809][INFO][clas_trainer:133] - train epoch: 5 [40128/80400 (50%)], lr: ['1.00e-04'], loss: 0.000742
[2024-09-20 21:56:10,691][INFO][clas_trainer:133] - train epoch: 5 [48160/80400 (60%)], lr: ['1.00e-04'], loss: 0.000447
[2024-09-20 21:56:35,826][INFO][clas_trainer:133] - train epoch: 5 [56192/80400 (70%)], lr: ['1.00e-04'], loss: 0.000744
[2024-09-20 21:57:00,616][INFO][clas_trainer:133] - train epoch: 5 [64224/80400 (80%)], lr: ['1.00e-04'], loss: 0.000550
[2024-09-20 21:57:25,619][INFO][clas_trainer:133] - train epoch: 5 [72256/80400 (90%)], lr: ['1.00e-04'], loss: 0.001321
[2024-09-20 21:57:49,839][INFO][clas_trainer:133] - train epoch: 5 [80288/80400 (100%)], lr: ['1.00e-04'], loss: 0.000477
[2024-09-20 21:58:15,549][INFO][clas_trainer:63] - [epoch   5] execution time: 273.38s	metrics:
[2024-09-20 21:58:15,550][INFO][clas_evaluator:99] - dataset: earlystopping, avg f1-score: 0.4099
[2024-09-20 21:58:41,257][INFO][clas_trainer:133] - train epoch: 6 [8000/80400 (10%)], lr: ['1.00e-04'], loss: 0.000782
[2024-09-20 21:59:06,136][INFO][clas_trainer:133] - train epoch: 6 [16032/80400 (20%)], lr: ['1.00e-04'], loss: 0.000297
[2024-09-20 21:59:30,543][INFO][clas_trainer:133] - train epoch: 6 [24064/80400 (30%)], lr: ['1.00e-04'], loss: 0.000291
[2024-09-20 21:59:54,729][INFO][clas_trainer:133] - train epoch: 6 [32096/80400 (40%)], lr: ['1.00e-04'], loss: 0.000183
[2024-09-20 22:00:19,864][INFO][clas_trainer:133] - train epoch: 6 [40128/80400 (50%)], lr: ['1.00e-04'], loss: 0.000678
[2024-09-20 22:00:43,247][INFO][clas_trainer:133] - train epoch: 6 [48160/80400 (60%)], lr: ['1.00e-04'], loss: 0.000760
[2024-09-20 22:01:06,699][INFO][clas_trainer:133] - train epoch: 6 [56192/80400 (70%)], lr: ['1.00e-04'], loss: 0.000836
[2024-09-20 22:01:29,826][INFO][clas_trainer:133] - train epoch: 6 [64224/80400 (80%)], lr: ['1.00e-04'], loss: 0.001029
[2024-09-20 22:01:54,733][INFO][clas_trainer:133] - train epoch: 6 [72256/80400 (90%)], lr: ['1.00e-04'], loss: 0.000323
[2024-09-20 22:02:19,598][INFO][clas_trainer:133] - train epoch: 6 [80288/80400 (100%)], lr: ['1.00e-04'], loss: 0.000494
[2024-09-20 22:02:44,860][INFO][clas_trainer:63] - [epoch   6] execution time: 269.31s	metrics:
[2024-09-20 22:02:44,861][INFO][clas_evaluator:99] - dataset: earlystopping, avg f1-score: 0.4040
[2024-09-20 22:03:10,551][INFO][clas_trainer:133] - train epoch: 7 [8000/80400 (10%)], lr: ['1.00e-04'], loss: 0.000503
[2024-09-20 22:03:35,110][INFO][clas_trainer:133] - train epoch: 7 [16032/80400 (20%)], lr: ['1.00e-04'], loss: 0.000766
[2024-09-20 22:03:59,967][INFO][clas_trainer:133] - train epoch: 7 [24064/80400 (30%)], lr: ['1.00e-04'], loss: 0.000277
[2024-09-20 22:04:25,165][INFO][clas_trainer:133] - train epoch: 7 [32096/80400 (40%)], lr: ['1.00e-04'], loss: 0.000352
[2024-09-20 22:04:50,217][INFO][clas_trainer:133] - train epoch: 7 [40128/80400 (50%)], lr: ['1.00e-04'], loss: 0.000387
[2024-09-20 22:05:14,451][INFO][clas_trainer:133] - train epoch: 7 [48160/80400 (60%)], lr: ['1.00e-04'], loss: 0.000565
[2024-09-20 22:05:38,492][INFO][clas_trainer:133] - train epoch: 7 [56192/80400 (70%)], lr: ['1.00e-04'], loss: 0.000942
[2024-09-20 22:06:02,563][INFO][clas_trainer:133] - train epoch: 7 [64224/80400 (80%)], lr: ['1.00e-04'], loss: 0.000448
[2024-09-20 22:06:27,305][INFO][clas_trainer:133] - train epoch: 7 [72256/80400 (90%)], lr: ['1.00e-04'], loss: 0.000416
[2024-09-20 22:06:51,917][INFO][clas_trainer:133] - train epoch: 7 [80288/80400 (100%)], lr: ['1.00e-04'], loss: 0.000549
[2024-09-20 22:07:16,717][INFO][clas_trainer:63] - [epoch   7] execution time: 271.86s	metrics:
[2024-09-20 22:07:16,718][INFO][clas_evaluator:99] - dataset: earlystopping, avg f1-score: 0.3917
[2024-09-20 22:07:42,234][INFO][clas_trainer:133] - train epoch: 8 [8000/80400 (10%)], lr: ['1.00e-04'], loss: 0.000466
[2024-09-20 22:08:07,218][INFO][clas_trainer:133] - train epoch: 8 [16032/80400 (20%)], lr: ['1.00e-04'], loss: 0.000564
[2024-09-20 22:08:31,198][INFO][clas_trainer:133] - train epoch: 8 [24064/80400 (30%)], lr: ['1.00e-04'], loss: 0.000747
[2024-09-20 22:08:55,931][INFO][clas_trainer:133] - train epoch: 8 [32096/80400 (40%)], lr: ['1.00e-04'], loss: 0.000911
[2024-09-20 22:09:21,356][INFO][clas_trainer:133] - train epoch: 8 [40128/80400 (50%)], lr: ['1.00e-04'], loss: 0.001124
[2024-09-20 22:09:45,404][INFO][clas_trainer:133] - train epoch: 8 [48160/80400 (60%)], lr: ['1.00e-04'], loss: 0.000578
[2024-09-20 22:10:09,662][INFO][clas_trainer:133] - train epoch: 8 [56192/80400 (70%)], lr: ['1.00e-04'], loss: 0.000555
[2024-09-20 22:10:33,785][INFO][clas_trainer:133] - train epoch: 8 [64224/80400 (80%)], lr: ['1.00e-04'], loss: 0.002307
[2024-09-20 22:10:56,853][INFO][clas_trainer:133] - train epoch: 8 [72256/80400 (90%)], lr: ['1.00e-04'], loss: 0.000880
[2024-09-20 22:11:21,264][INFO][clas_trainer:133] - train epoch: 8 [80288/80400 (100%)], lr: ['1.00e-04'], loss: 0.000669
[2024-09-20 22:11:46,815][INFO][clas_trainer:63] - [epoch   8] execution time: 270.10s	metrics:
[2024-09-20 22:11:46,816][INFO][clas_evaluator:99] - dataset: earlystopping, avg f1-score: 0.3953
[2024-09-20 22:12:11,951][INFO][clas_trainer:133] - train epoch: 9 [8000/80400 (10%)], lr: ['1.00e-04'], loss: 0.001502
[2024-09-20 22:12:37,089][INFO][clas_trainer:133] - train epoch: 9 [16032/80400 (20%)], lr: ['1.00e-04'], loss: 0.000546
[2024-09-20 22:13:01,206][INFO][clas_trainer:133] - train epoch: 9 [24064/80400 (30%)], lr: ['1.00e-04'], loss: 0.000509
[2024-09-20 22:13:26,057][INFO][clas_trainer:133] - train epoch: 9 [32096/80400 (40%)], lr: ['1.00e-04'], loss: 0.000787
[2024-09-20 22:13:50,484][INFO][clas_trainer:133] - train epoch: 9 [40128/80400 (50%)], lr: ['1.00e-04'], loss: 0.001078
[2024-09-20 22:14:14,129][INFO][clas_trainer:133] - train epoch: 9 [48160/80400 (60%)], lr: ['1.00e-04'], loss: 0.000665
[2024-09-20 22:14:37,397][INFO][clas_trainer:133] - train epoch: 9 [56192/80400 (70%)], lr: ['1.00e-04'], loss: 0.000660
[2024-09-20 22:15:01,604][INFO][clas_trainer:133] - train epoch: 9 [64224/80400 (80%)], lr: ['1.00e-04'], loss: 0.000468
[2024-09-20 22:15:25,505][INFO][clas_trainer:133] - train epoch: 9 [72256/80400 (90%)], lr: ['1.00e-04'], loss: 0.000835
[2024-09-20 22:15:49,095][INFO][clas_trainer:133] - train epoch: 9 [80288/80400 (100%)], lr: ['1.00e-04'], loss: 0.000857
[2024-09-20 22:16:13,552][INFO][clas_trainer:63] - [epoch   9] execution time: 266.74s	metrics:
[2024-09-20 22:16:13,553][INFO][clas_evaluator:99] - dataset: earlystopping, avg f1-score: 0.3801
[2024-09-20 22:16:38,238][INFO][clas_trainer:133] - train epoch: 10 [8000/80400 (10%)], lr: ['1.00e-04'], loss: 0.000833
[2024-09-20 22:17:02,230][INFO][clas_trainer:133] - train epoch: 10 [16032/80400 (20%)], lr: ['1.00e-04'], loss: 0.001049
[2024-09-20 22:17:26,467][INFO][clas_trainer:133] - train epoch: 10 [24064/80400 (30%)], lr: ['1.00e-04'], loss: 0.001060
[2024-09-20 22:17:50,655][INFO][clas_trainer:133] - train epoch: 10 [32096/80400 (40%)], lr: ['1.00e-04'], loss: 0.001269
[2024-09-20 22:18:14,477][INFO][clas_trainer:133] - train epoch: 10 [40128/80400 (50%)], lr: ['1.00e-04'], loss: 0.000978
[2024-09-20 22:18:39,377][INFO][clas_trainer:133] - train epoch: 10 [48160/80400 (60%)], lr: ['1.00e-04'], loss: 0.001160
[2024-09-20 22:19:02,708][INFO][clas_trainer:133] - train epoch: 10 [56192/80400 (70%)], lr: ['1.00e-04'], loss: 0.001001
[2024-09-20 22:19:25,877][INFO][clas_trainer:133] - train epoch: 10 [64224/80400 (80%)], lr: ['1.00e-04'], loss: 0.000549
[2024-09-20 22:19:49,286][INFO][clas_trainer:133] - train epoch: 10 [72256/80400 (90%)], lr: ['1.00e-04'], loss: 0.000903
[2024-09-20 22:20:13,582][INFO][clas_trainer:133] - train epoch: 10 [80288/80400 (100%)], lr: ['1.00e-04'], loss: 0.000572
[2024-09-20 22:20:38,264][INFO][clas_trainer:63] - [epoch  10] execution time: 264.71s	metrics:
[2024-09-20 22:20:38,264][INFO][clas_evaluator:99] - dataset: earlystopping, avg f1-score: 0.3696
[2024-09-20 22:21:02,378][INFO][clas_trainer:133] - train epoch: 11 [8000/80400 (10%)], lr: ['1.00e-04'], loss: 0.000784
[2024-09-20 22:21:24,623][INFO][clas_trainer:133] - train epoch: 11 [16032/80400 (20%)], lr: ['1.00e-04'], loss: 0.000501
[2024-09-20 22:21:48,766][INFO][clas_trainer:133] - train epoch: 11 [24064/80400 (30%)], lr: ['1.00e-04'], loss: 0.000747
[2024-09-20 22:22:17,173][INFO][clas_trainer:133] - train epoch: 11 [32096/80400 (40%)], lr: ['1.00e-04'], loss: 0.000480
[2024-09-20 22:22:44,799][INFO][clas_trainer:133] - train epoch: 11 [40128/80400 (50%)], lr: ['1.00e-04'], loss: 0.000793
[2024-09-20 22:23:12,066][INFO][clas_trainer:133] - train epoch: 11 [48160/80400 (60%)], lr: ['1.00e-04'], loss: 0.000832
[2024-09-20 22:23:39,121][INFO][clas_trainer:133] - train epoch: 11 [56192/80400 (70%)], lr: ['1.00e-04'], loss: 0.000545
[2024-09-20 22:24:07,045][INFO][clas_trainer:133] - train epoch: 11 [64224/80400 (80%)], lr: ['1.00e-04'], loss: 0.000733
[2024-09-20 22:24:35,033][INFO][clas_trainer:133] - train epoch: 11 [72256/80400 (90%)], lr: ['1.00e-04'], loss: 0.000678
[2024-09-20 22:25:03,273][INFO][clas_trainer:133] - train epoch: 11 [80288/80400 (100%)], lr: ['1.00e-04'], loss: 0.004038
[2024-09-20 22:25:33,503][INFO][clas_trainer:63] - [epoch  11] execution time: 295.24s	metrics:
[2024-09-20 22:25:33,503][INFO][clas_evaluator:99] - dataset: earlystopping, avg f1-score: 0.3976
[2024-09-20 22:26:02,688][INFO][clas_trainer:133] - train epoch: 12 [8000/80400 (10%)], lr: ['1.00e-04'], loss: 0.000811
[2024-09-20 22:26:30,923][INFO][clas_trainer:133] - train epoch: 12 [16032/80400 (20%)], lr: ['1.00e-04'], loss: 0.000790
[2024-09-20 22:26:58,819][INFO][clas_trainer:133] - train epoch: 12 [24064/80400 (30%)], lr: ['1.00e-04'], loss: 0.001320
[2024-09-20 22:27:27,023][INFO][clas_trainer:133] - train epoch: 12 [32096/80400 (40%)], lr: ['1.00e-04'], loss: 0.001312
[2024-09-20 22:27:55,049][INFO][clas_trainer:133] - train epoch: 12 [40128/80400 (50%)], lr: ['1.00e-04'], loss: 0.001013
[2024-09-20 22:28:23,233][INFO][clas_trainer:133] - train epoch: 12 [48160/80400 (60%)], lr: ['1.00e-04'], loss: 0.000672
[2024-09-20 22:28:51,577][INFO][clas_trainer:133] - train epoch: 12 [56192/80400 (70%)], lr: ['1.00e-04'], loss: 0.000381
[2024-09-20 22:29:18,904][INFO][clas_trainer:133] - train epoch: 12 [64224/80400 (80%)], lr: ['1.00e-04'], loss: 0.000568
[2024-09-20 22:29:46,483][INFO][clas_trainer:133] - train epoch: 12 [72256/80400 (90%)], lr: ['1.00e-04'], loss: 0.000845
[2024-09-20 22:30:12,983][INFO][clas_trainer:133] - train epoch: 12 [80288/80400 (100%)], lr: ['1.00e-04'], loss: 0.000776
[2024-09-20 22:30:42,716][INFO][clas_trainer:63] - [epoch  12] execution time: 309.21s	metrics:
[2024-09-20 22:30:42,716][INFO][clas_evaluator:99] - dataset: earlystopping, avg f1-score: 0.3698
[2024-09-20 22:30:42,719][INFO][clas_trainer:79] - finished training
[2024-09-20 22:30:42,720][INFO][clas_trainer:80] - best model on epoch: 2 	f1-score: 0.4471
