[2023-10-13 18:11:30,003][INFO][fine-tune:29] - overrides:
hydra:
- hydra.mode=MULTIRUN
task:
- m_seed_path_sids={seeds:[4,4,4,4,4],path:"exp001b-m4-simple_multi_class-2023-10-12_18-34-48-final.pth",subject_ids:{dod_o_h:$\{data.dod_o_h.cv_5_fold.fold_5\}}}
- data.downstream.train_dataloader.dataset.data_reducer.n_subjects=1

[2023-10-13 18:11:32,801][INFO][data_loaders:39] - class distribution before data reduction:
# samples per subject
02fb158a-a658-51ee-89cf-1e1dc2ebfde1: 861
03341d0d-5927-5838-8a5f-1b8ef39d8f57: 1063
039ce8ad-a7fa-5272-a3e3-1f4bfebdd087: 915
095d6e40-5f19-55b6-a0ec-6e0ad3793da0: 1192
0d79f4b1-e74f-5e87-8e42-f9dd7112ada5: 968
100df108-eb57-5eaa-a413-f7e4436a7895: 952
14c012bd-65b0-56f5-bc74-2dffcea69837: 969
16450f5a-9b65-5536-85e1-93816c8b89eb: 816
18482adf-1144-54ca-9e35-27f65c43a105: 824
18ede714-aba3-5ad8-bb1a-18fc9b1c4192: 995
1da3544e-dc5c-5795-adc3-f5068959211f: 955
2159377e-ebf3-5565-9014-1e2ae69dc1d2: 907
2e865ca9-e20f-5a6f-bd25-45d28cc9eab9: 950
32556393-bb57-560a-99e8-e09885219647: 1106
37d0da97-9ae8-5413-b889-4e843ff35488: 1011
3dd35e7b-d7e2-516d-8a85-e0d58a59569f: 1093
3e842aa8-bcd9-521e-93a2-72124233fe2c: 620
40e25dd4-6087-5747-b9c2-4838ada86b15: 1076
47f45aa2-31c4-595b-bdb6-f1348bba062b: 1032
4b72b905-5521-5c57-b666-e20ff9bb195f: 868
4e3c4ac4-69e2-5347-a3b0-662c204d259d: 926
5b94ec8a-c34d-5e45-84d1-bec2ea965609: 1090
5bf0f969-304c-581e-949c-50c108f62846: 947
67fa8e29-6f4d-530e-9422-bbc3aca86ed0: 1046
6e2aa933-c51c-5a31-8c7b-83da8d076a12: 905
730aba3b-e310-5be0-9eed-7c3123466834: 1120
742f1592-627c-54eb-bbb5-ccd55ffae33a: 975
769df255-2284-50b3-8917-2155c759fbbd: 929
79e8a04e-0fdd-53ae-bedc-d49d08e29103: 918
7d778801-88e7-5086-ad1d-70f31a371876: 999
83c1394e-9c69-5c11-9102-9ff8d59b1cfd: 1011
844f68ba-265e-53e6-bf47-6c85d1804a7b: 957
90aef91a-252f-5ccc-a82e-78ea7ee9ca1f: 1089
a0c91989-530f-5117-80c1-2488dbed683c: 1017
a25b2296-343b-53f6-8792-ada2669d466e: 1008
a6254c8a-f1b2-5736-b601-18245dd5e0a5: 1084
a65a9e69-cddf-5711-9a97-de8bfdeb08cc: 961
a79d1f0e-c133-5aa0-8268-cdcc05825f0f: 1046
aa160c78-6da3-5e05-8fc9-d6c13e9f97e0: 1010
aadc9e0c-b7c3-5a47-851d-f21971d10935: 969
ad47bc12-199c-5294-9cb8-4351bbbf7b5e: 893
b2d3ccdd-395c-5dd2-81d9-252bcfc0c337: 902
b3706da5-748b-5dd1-a552-f57e4456cdf6: 1041
b5d5785d-87ee-5078-b9b9-aac6abd4d8de: 918
bb474ab0-c2ce-573b-8acd-ef86b0fa26a2: 1142
c03e27b0-4cb5-584f-aaea-8f1e1ed6513c: 1121
c11c730f-0b6b-580b-af31-d8f0ebbbdfce: 917
c31a47f9-e400-5841-a22b-521c81042603: 986
c8110476-594c-533d-95bd-86147fccc987: 995
c985916d-46a5-5c3e-9d50-a5a91f460bac: 1024
cebd3520-4e77-5222-a614-d2888e6afc2b: 1109
d5181c33-a43b-5dfe-8ad7-0337facb092a: 977
e59c45e0-0c0c-565f-84a9-6cf0ec5ef6c1: 844
e6b7cbef-4c9d-5541-82e8-04810de0fb60: 819
e8ec8ec4-dc48-50ce-985a-a06d87861030: 975
eb95076c-c470-56a4-b788-ace310f061c6: 965

# samples per stage
0: 9856
1: 3075
2: 26718
3: 5997
4: 9162
[2023-10-13 18:11:32,967][INFO][data_loaders:43] - class distribution after data reduction:
# samples per subject
0d79f4b1-e74f-5e87-8e42-f9dd7112ada5: 54208

# samples per stage
0: 10696
1: 3472
2: 21112
3: 8232
4: 10696
[2023-10-13 18:11:33,728][INFO][data_loaders:39] - class distribution before data reduction:
# samples per subject
0416d51f-5d69-5326-b74a-a2e31a96a1ef: 822
1fa6c401-d819-50f5-8146-a0bb9e2b2516: 986
22bea84c-5d23-5e49-bc2d-9764f883955b: 1048
25a6b2b0-4d09-561b-82c6-f09bb271d3be: 1063
a30245e3-4a71-565f-9636-92e7d2e825fc: 1122
a4568951-bf87-5bbc-bc4f-28e93c360be6: 975
b3534fa3-7676-50dc-8412-07f0eff4f7a9: 757
fc10ee0b-b863-511b-bce8-4dfa7af8ac3a: 910

# samples per stage
0: 1458
1: 408
2: 3702
3: 1050
4: 1065
[2023-10-13 18:11:33,749][INFO][data_loaders:43] - class distribution after data reduction:
# samples per subject
0416d51f-5d69-5326-b74a-a2e31a96a1ef: 822
1fa6c401-d819-50f5-8146-a0bb9e2b2516: 986
22bea84c-5d23-5e49-bc2d-9764f883955b: 1048
25a6b2b0-4d09-561b-82c6-f09bb271d3be: 1063
a30245e3-4a71-565f-9636-92e7d2e825fc: 1122
a4568951-bf87-5bbc-bc4f-28e93c360be6: 975
b3534fa3-7676-50dc-8412-07f0eff4f7a9: 757
fc10ee0b-b863-511b-bce8-4dfa7af8ac3a: 910

# samples per stage
0: 1458
1: 408
2: 3702
3: 1050
4: 1065
[2023-10-13 18:11:33,757][INFO][clas_trainer:49] - metrics before training (epoch 0):
[2023-10-13 18:11:52,076][INFO][clas_evaluator:99] - dataset: earlystopping, avg f1-score: 0.0984
[2023-10-13 18:12:03,765][INFO][clas_trainer:133] - train epoch: 1 [5376/54208 (10%)], lr: ['1.00e-04'], loss: 1.088144
[2023-10-13 18:12:15,961][INFO][clas_trainer:133] - train epoch: 1 [10784/54208 (20%)], lr: ['1.00e-04'], loss: 0.870046
[2023-10-13 18:12:26,374][INFO][clas_trainer:133] - train epoch: 1 [16192/54208 (30%)], lr: ['1.00e-04'], loss: 0.459387
[2023-10-13 18:12:38,453][INFO][clas_trainer:133] - train epoch: 1 [21600/54208 (40%)], lr: ['1.00e-04'], loss: 0.415140
[2023-10-13 18:12:50,336][INFO][clas_trainer:133] - train epoch: 1 [27008/54208 (50%)], lr: ['1.00e-04'], loss: 0.385554
[2023-10-13 18:13:01,704][INFO][clas_trainer:133] - train epoch: 1 [32416/54208 (60%)], lr: ['1.00e-04'], loss: 0.332678
[2023-10-13 18:13:12,808][INFO][clas_trainer:133] - train epoch: 1 [37824/54208 (70%)], lr: ['1.00e-04'], loss: 0.235580
[2023-10-13 18:13:23,420][INFO][clas_trainer:133] - train epoch: 1 [43232/54208 (80%)], lr: ['1.00e-04'], loss: 0.101226
[2023-10-13 18:13:34,867][INFO][clas_trainer:133] - train epoch: 1 [48640/54208 (90%)], lr: ['1.00e-04'], loss: 0.117837
[2023-10-13 18:13:46,545][INFO][clas_trainer:133] - train epoch: 1 [54048/54208 (100%)], lr: ['1.00e-04'], loss: 0.038537
[2023-10-13 18:14:05,723][INFO][clas_trainer:63] - [epoch   1] execution time: 133.65s	metrics:
[2023-10-13 18:14:05,723][INFO][clas_evaluator:99] - dataset: earlystopping, avg f1-score: 0.4154
[2023-10-13 18:14:05,783][INFO][base_model:51] - snapshot saved to XXX/frequency-pretraining/models/exp001d-m29-base_fe_clas-2023-10-13_16-19-02-final.pth
[2023-10-13 18:14:17,409][INFO][clas_trainer:133] - train epoch: 2 [5376/54208 (10%)], lr: ['1.00e-04'], loss: 0.292290
[2023-10-13 18:14:27,902][INFO][clas_trainer:133] - train epoch: 2 [10784/54208 (20%)], lr: ['1.00e-04'], loss: 0.039872
[2023-10-13 18:14:38,964][INFO][clas_trainer:133] - train epoch: 2 [16192/54208 (30%)], lr: ['1.00e-04'], loss: 0.034677
[2023-10-13 18:14:50,766][INFO][clas_trainer:133] - train epoch: 2 [21600/54208 (40%)], lr: ['1.00e-04'], loss: 0.106137
[2023-10-13 18:15:02,757][INFO][clas_trainer:133] - train epoch: 2 [27008/54208 (50%)], lr: ['1.00e-04'], loss: 0.089242
[2023-10-13 18:15:15,309][INFO][clas_trainer:133] - train epoch: 2 [32416/54208 (60%)], lr: ['1.00e-04'], loss: 0.143292
[2023-10-13 18:15:27,227][INFO][clas_trainer:133] - train epoch: 2 [37824/54208 (70%)], lr: ['1.00e-04'], loss: 0.034036
[2023-10-13 18:15:38,659][INFO][clas_trainer:133] - train epoch: 2 [43232/54208 (80%)], lr: ['1.00e-04'], loss: 0.121186
[2023-10-13 18:15:49,538][INFO][clas_trainer:133] - train epoch: 2 [48640/54208 (90%)], lr: ['1.00e-04'], loss: 0.002022
[2023-10-13 18:16:01,238][INFO][clas_trainer:133] - train epoch: 2 [54048/54208 (100%)], lr: ['1.00e-04'], loss: 0.007696
[2023-10-13 18:16:20,559][INFO][clas_trainer:63] - [epoch   2] execution time: 134.78s	metrics:
[2023-10-13 18:16:20,559][INFO][clas_evaluator:99] - dataset: earlystopping, avg f1-score: 0.4038
[2023-10-13 18:16:32,060][INFO][clas_trainer:133] - train epoch: 3 [5376/54208 (10%)], lr: ['1.00e-04'], loss: 0.040622
[2023-10-13 18:16:44,020][INFO][clas_trainer:133] - train epoch: 3 [10784/54208 (20%)], lr: ['1.00e-04'], loss: 0.026619
[2023-10-13 18:16:55,594][INFO][clas_trainer:133] - train epoch: 3 [16192/54208 (30%)], lr: ['1.00e-04'], loss: 0.026833
[2023-10-13 18:17:08,660][INFO][clas_trainer:133] - train epoch: 3 [21600/54208 (40%)], lr: ['1.00e-04'], loss: 0.014888
[2023-10-13 18:17:20,880][INFO][clas_trainer:133] - train epoch: 3 [27008/54208 (50%)], lr: ['1.00e-04'], loss: 0.052373
[2023-10-13 18:17:33,804][INFO][clas_trainer:133] - train epoch: 3 [32416/54208 (60%)], lr: ['1.00e-04'], loss: 0.002290
[2023-10-13 18:17:46,074][INFO][clas_trainer:133] - train epoch: 3 [37824/54208 (70%)], lr: ['1.00e-04'], loss: 0.002315
[2023-10-13 18:17:56,789][INFO][clas_trainer:133] - train epoch: 3 [43232/54208 (80%)], lr: ['1.00e-04'], loss: 0.007344
[2023-10-13 18:18:08,602][INFO][clas_trainer:133] - train epoch: 3 [48640/54208 (90%)], lr: ['1.00e-04'], loss: 0.023543
[2023-10-13 18:18:20,390][INFO][clas_trainer:133] - train epoch: 3 [54048/54208 (100%)], lr: ['1.00e-04'], loss: 0.004540
[2023-10-13 18:18:38,280][INFO][clas_trainer:63] - [epoch   3] execution time: 137.72s	metrics:
[2023-10-13 18:18:38,280][INFO][clas_evaluator:99] - dataset: earlystopping, avg f1-score: 0.4144
[2023-10-13 18:18:50,656][INFO][clas_trainer:133] - train epoch: 4 [5376/54208 (10%)], lr: ['1.00e-04'], loss: 0.011835
[2023-10-13 18:19:03,137][INFO][clas_trainer:133] - train epoch: 4 [10784/54208 (20%)], lr: ['1.00e-04'], loss: 0.078099
[2023-10-13 18:19:14,187][INFO][clas_trainer:133] - train epoch: 4 [16192/54208 (30%)], lr: ['1.00e-04'], loss: 0.011257
[2023-10-13 18:19:27,180][INFO][clas_trainer:133] - train epoch: 4 [21600/54208 (40%)], lr: ['1.00e-04'], loss: 0.000623
[2023-10-13 18:19:39,449][INFO][clas_trainer:133] - train epoch: 4 [27008/54208 (50%)], lr: ['1.00e-04'], loss: 0.001364
[2023-10-13 18:19:50,837][INFO][clas_trainer:133] - train epoch: 4 [32416/54208 (60%)], lr: ['1.00e-04'], loss: 0.001641
[2023-10-13 18:20:02,273][INFO][clas_trainer:133] - train epoch: 4 [37824/54208 (70%)], lr: ['1.00e-04'], loss: 0.005339
[2023-10-13 18:20:13,837][INFO][clas_trainer:133] - train epoch: 4 [43232/54208 (80%)], lr: ['1.00e-04'], loss: 0.002348
[2023-10-13 18:20:24,494][INFO][clas_trainer:133] - train epoch: 4 [48640/54208 (90%)], lr: ['1.00e-04'], loss: 0.043046
[2023-10-13 18:20:36,268][INFO][clas_trainer:133] - train epoch: 4 [54048/54208 (100%)], lr: ['1.00e-04'], loss: 0.006413
[2023-10-13 18:20:55,143][INFO][clas_trainer:63] - [epoch   4] execution time: 136.86s	metrics:
[2023-10-13 18:20:55,144][INFO][clas_evaluator:99] - dataset: earlystopping, avg f1-score: 0.4163
[2023-10-13 18:20:55,205][INFO][base_model:51] - snapshot saved to XXX/frequency-pretraining/models/exp001d-m29-base_fe_clas-2023-10-13_16-19-02-final.pth
[2023-10-13 18:21:07,196][INFO][clas_trainer:133] - train epoch: 5 [5376/54208 (10%)], lr: ['1.00e-04'], loss: 0.002376
[2023-10-13 18:21:19,782][INFO][clas_trainer:133] - train epoch: 5 [10784/54208 (20%)], lr: ['1.00e-04'], loss: 0.006468
[2023-10-13 18:21:32,420][INFO][clas_trainer:133] - train epoch: 5 [16192/54208 (30%)], lr: ['1.00e-04'], loss: 0.034890
[2023-10-13 18:21:45,211][INFO][clas_trainer:133] - train epoch: 5 [21600/54208 (40%)], lr: ['1.00e-04'], loss: 0.001427
[2023-10-13 18:21:57,742][INFO][clas_trainer:133] - train epoch: 5 [27008/54208 (50%)], lr: ['1.00e-04'], loss: 0.004548
[2023-10-13 18:22:09,632][INFO][clas_trainer:133] - train epoch: 5 [32416/54208 (60%)], lr: ['1.00e-04'], loss: 0.001718
[2023-10-13 18:22:21,517][INFO][clas_trainer:133] - train epoch: 5 [37824/54208 (70%)], lr: ['1.00e-04'], loss: 0.005210
[2023-10-13 18:22:33,605][INFO][clas_trainer:133] - train epoch: 5 [43232/54208 (80%)], lr: ['1.00e-04'], loss: 0.007845
[2023-10-13 18:22:44,845][INFO][clas_trainer:133] - train epoch: 5 [48640/54208 (90%)], lr: ['1.00e-04'], loss: 0.000992
[2023-10-13 18:22:57,175][INFO][clas_trainer:133] - train epoch: 5 [54048/54208 (100%)], lr: ['1.00e-04'], loss: 0.000493
[2023-10-13 18:23:15,976][INFO][clas_trainer:63] - [epoch   5] execution time: 140.77s	metrics:
[2023-10-13 18:23:15,977][INFO][clas_evaluator:99] - dataset: earlystopping, avg f1-score: 0.4267
[2023-10-13 18:23:16,042][INFO][base_model:51] - snapshot saved to XXX/frequency-pretraining/models/exp001d-m29-base_fe_clas-2023-10-13_16-19-02-final.pth
[2023-10-13 18:23:28,835][INFO][clas_trainer:133] - train epoch: 6 [5376/54208 (10%)], lr: ['1.00e-04'], loss: 0.000771
[2023-10-13 18:23:40,780][INFO][clas_trainer:133] - train epoch: 6 [10784/54208 (20%)], lr: ['1.00e-04'], loss: 0.001671
[2023-10-13 18:23:52,848][INFO][clas_trainer:133] - train epoch: 6 [16192/54208 (30%)], lr: ['1.00e-04'], loss: 0.000253
[2023-10-13 18:24:06,127][INFO][clas_trainer:133] - train epoch: 6 [21600/54208 (40%)], lr: ['1.00e-04'], loss: 0.000674
[2023-10-13 18:24:18,222][INFO][clas_trainer:133] - train epoch: 6 [27008/54208 (50%)], lr: ['1.00e-04'], loss: 0.012844
[2023-10-13 18:24:30,674][INFO][clas_trainer:133] - train epoch: 6 [32416/54208 (60%)], lr: ['1.00e-04'], loss: 0.005033
[2023-10-13 18:24:43,067][INFO][clas_trainer:133] - train epoch: 6 [37824/54208 (70%)], lr: ['1.00e-04'], loss: 0.004061
[2023-10-13 18:24:54,585][INFO][clas_trainer:133] - train epoch: 6 [43232/54208 (80%)], lr: ['1.00e-04'], loss: 0.001455
[2023-10-13 18:25:06,170][INFO][clas_trainer:133] - train epoch: 6 [48640/54208 (90%)], lr: ['1.00e-04'], loss: 0.007693
[2023-10-13 18:25:18,069][INFO][clas_trainer:133] - train epoch: 6 [54048/54208 (100%)], lr: ['1.00e-04'], loss: 0.000083
[2023-10-13 18:25:39,117][INFO][clas_trainer:63] - [epoch   6] execution time: 143.07s	metrics:
[2023-10-13 18:25:39,117][INFO][clas_evaluator:99] - dataset: earlystopping, avg f1-score: 0.4307
[2023-10-13 18:25:39,176][INFO][base_model:51] - snapshot saved to XXX/frequency-pretraining/models/exp001d-m29-base_fe_clas-2023-10-13_16-19-02-final.pth
[2023-10-13 18:25:51,669][INFO][clas_trainer:133] - train epoch: 7 [5376/54208 (10%)], lr: ['1.00e-04'], loss: 0.004319
[2023-10-13 18:26:04,025][INFO][clas_trainer:133] - train epoch: 7 [10784/54208 (20%)], lr: ['1.00e-04'], loss: 0.002579
[2023-10-13 18:26:15,823][INFO][clas_trainer:133] - train epoch: 7 [16192/54208 (30%)], lr: ['1.00e-04'], loss: 0.000957
[2023-10-13 18:26:27,907][INFO][clas_trainer:133] - train epoch: 7 [21600/54208 (40%)], lr: ['1.00e-04'], loss: 0.007245
[2023-10-13 18:26:39,935][INFO][clas_trainer:133] - train epoch: 7 [27008/54208 (50%)], lr: ['1.00e-04'], loss: 0.016010
[2023-10-13 18:26:52,347][INFO][clas_trainer:133] - train epoch: 7 [32416/54208 (60%)], lr: ['1.00e-04'], loss: 0.000641
[2023-10-13 18:27:03,751][INFO][clas_trainer:133] - train epoch: 7 [37824/54208 (70%)], lr: ['1.00e-04'], loss: 0.004073
[2023-10-13 18:27:15,089][INFO][clas_trainer:133] - train epoch: 7 [43232/54208 (80%)], lr: ['1.00e-04'], loss: 0.001487
[2023-10-13 18:27:26,826][INFO][clas_trainer:133] - train epoch: 7 [48640/54208 (90%)], lr: ['1.00e-04'], loss: 0.007126
[2023-10-13 18:27:38,579][INFO][clas_trainer:133] - train epoch: 7 [54048/54208 (100%)], lr: ['1.00e-04'], loss: 0.006759
[2023-10-13 18:27:58,586][INFO][clas_trainer:63] - [epoch   7] execution time: 139.41s	metrics:
[2023-10-13 18:27:58,586][INFO][clas_evaluator:99] - dataset: earlystopping, avg f1-score: 0.4227
[2023-10-13 18:28:10,028][INFO][clas_trainer:133] - train epoch: 8 [5376/54208 (10%)], lr: ['1.00e-04'], loss: 0.001517
[2023-10-13 18:28:21,702][INFO][clas_trainer:133] - train epoch: 8 [10784/54208 (20%)], lr: ['1.00e-04'], loss: 0.000423
[2023-10-13 18:28:33,903][INFO][clas_trainer:133] - train epoch: 8 [16192/54208 (30%)], lr: ['1.00e-04'], loss: 0.000532
[2023-10-13 18:28:45,842][INFO][clas_trainer:133] - train epoch: 8 [21600/54208 (40%)], lr: ['1.00e-04'], loss: 0.018625
[2023-10-13 18:28:57,837][INFO][clas_trainer:133] - train epoch: 8 [27008/54208 (50%)], lr: ['1.00e-04'], loss: 0.011302
[2023-10-13 18:29:09,306][INFO][clas_trainer:133] - train epoch: 8 [32416/54208 (60%)], lr: ['1.00e-04'], loss: 0.000745
[2023-10-13 18:29:20,676][INFO][clas_trainer:133] - train epoch: 8 [37824/54208 (70%)], lr: ['1.00e-04'], loss: 0.003253
[2023-10-13 18:29:33,277][INFO][clas_trainer:133] - train epoch: 8 [43232/54208 (80%)], lr: ['1.00e-04'], loss: 0.000309
[2023-10-13 18:29:45,667][INFO][clas_trainer:133] - train epoch: 8 [48640/54208 (90%)], lr: ['1.00e-04'], loss: 0.000645
[2023-10-13 18:29:58,461][INFO][clas_trainer:133] - train epoch: 8 [54048/54208 (100%)], lr: ['1.00e-04'], loss: 0.000775
[2023-10-13 18:30:17,861][INFO][clas_trainer:63] - [epoch   8] execution time: 139.27s	metrics:
[2023-10-13 18:30:17,861][INFO][clas_evaluator:99] - dataset: earlystopping, avg f1-score: 0.4303
[2023-10-13 18:30:30,553][INFO][clas_trainer:133] - train epoch: 9 [5376/54208 (10%)], lr: ['1.00e-04'], loss: 0.003839
[2023-10-13 18:30:42,948][INFO][clas_trainer:133] - train epoch: 9 [10784/54208 (20%)], lr: ['1.00e-04'], loss: 0.000710
[2023-10-13 18:30:55,345][INFO][clas_trainer:133] - train epoch: 9 [16192/54208 (30%)], lr: ['1.00e-04'], loss: 0.000444
[2023-10-13 18:31:07,397][INFO][clas_trainer:133] - train epoch: 9 [21600/54208 (40%)], lr: ['1.00e-04'], loss: 0.006067
[2023-10-13 18:31:18,880][INFO][clas_trainer:133] - train epoch: 9 [27008/54208 (50%)], lr: ['1.00e-04'], loss: 0.001466
[2023-10-13 18:31:30,180][INFO][clas_trainer:133] - train epoch: 9 [32416/54208 (60%)], lr: ['1.00e-04'], loss: 0.002738
[2023-10-13 18:31:42,105][INFO][clas_trainer:133] - train epoch: 9 [37824/54208 (70%)], lr: ['1.00e-04'], loss: 0.005426
[2023-10-13 18:31:55,004][INFO][clas_trainer:133] - train epoch: 9 [43232/54208 (80%)], lr: ['1.00e-04'], loss: 0.003228
[2023-10-13 18:32:09,290][INFO][clas_trainer:133] - train epoch: 9 [48640/54208 (90%)], lr: ['1.00e-04'], loss: 0.002249
[2023-10-13 18:32:21,489][INFO][clas_trainer:133] - train epoch: 9 [54048/54208 (100%)], lr: ['1.00e-04'], loss: 0.002199
[2023-10-13 18:32:41,168][INFO][clas_trainer:63] - [epoch   9] execution time: 143.31s	metrics:
[2023-10-13 18:32:41,169][INFO][clas_evaluator:99] - dataset: earlystopping, avg f1-score: 0.4283
[2023-10-13 18:32:53,933][INFO][clas_trainer:133] - train epoch: 10 [5376/54208 (10%)], lr: ['1.00e-04'], loss: 0.001810
[2023-10-13 18:33:06,997][INFO][clas_trainer:133] - train epoch: 10 [10784/54208 (20%)], lr: ['1.00e-04'], loss: 0.004465
[2023-10-13 18:33:19,503][INFO][clas_trainer:133] - train epoch: 10 [16192/54208 (30%)], lr: ['1.00e-04'], loss: 0.039468
[2023-10-13 18:33:31,845][INFO][clas_trainer:133] - train epoch: 10 [21600/54208 (40%)], lr: ['1.00e-04'], loss: 0.004627
[2023-10-13 18:33:43,640][INFO][clas_trainer:133] - train epoch: 10 [27008/54208 (50%)], lr: ['1.00e-04'], loss: 0.002116
[2023-10-13 18:33:56,232][INFO][clas_trainer:133] - train epoch: 10 [32416/54208 (60%)], lr: ['1.00e-04'], loss: 0.001083
[2023-10-13 18:34:08,563][INFO][clas_trainer:133] - train epoch: 10 [37824/54208 (70%)], lr: ['1.00e-04'], loss: 0.001025
[2023-10-13 18:34:21,572][INFO][clas_trainer:133] - train epoch: 10 [43232/54208 (80%)], lr: ['1.00e-04'], loss: 0.003477
[2023-10-13 18:34:33,784][INFO][clas_trainer:133] - train epoch: 10 [48640/54208 (90%)], lr: ['1.00e-04'], loss: 0.005713
[2023-10-13 18:34:46,159][INFO][clas_trainer:133] - train epoch: 10 [54048/54208 (100%)], lr: ['1.00e-04'], loss: 0.003996
[2023-10-13 18:35:05,563][INFO][clas_trainer:63] - [epoch  10] execution time: 144.39s	metrics:
[2023-10-13 18:35:05,563][INFO][clas_evaluator:99] - dataset: earlystopping, avg f1-score: 0.4253
[2023-10-13 18:35:19,109][INFO][clas_trainer:133] - train epoch: 11 [5376/54208 (10%)], lr: ['1.00e-04'], loss: 0.003841
[2023-10-13 18:35:31,584][INFO][clas_trainer:133] - train epoch: 11 [10784/54208 (20%)], lr: ['1.00e-04'], loss: 0.073572
[2023-10-13 18:35:44,197][INFO][clas_trainer:133] - train epoch: 11 [16192/54208 (30%)], lr: ['1.00e-04'], loss: 0.002015
[2023-10-13 18:35:56,423][INFO][clas_trainer:133] - train epoch: 11 [21600/54208 (40%)], lr: ['1.00e-04'], loss: 0.000726
[2023-10-13 18:36:08,845][INFO][clas_trainer:133] - train epoch: 11 [27008/54208 (50%)], lr: ['1.00e-04'], loss: 0.000880
[2023-10-13 18:36:20,576][INFO][clas_trainer:133] - train epoch: 11 [32416/54208 (60%)], lr: ['1.00e-04'], loss: 0.001296
[2023-10-13 18:36:33,396][INFO][clas_trainer:133] - train epoch: 11 [37824/54208 (70%)], lr: ['1.00e-04'], loss: 0.000291
[2023-10-13 18:36:46,547][INFO][clas_trainer:133] - train epoch: 11 [43232/54208 (80%)], lr: ['1.00e-04'], loss: 0.004217
[2023-10-13 18:37:00,000][INFO][clas_trainer:133] - train epoch: 11 [48640/54208 (90%)], lr: ['1.00e-04'], loss: 0.004703
[2023-10-13 18:37:13,430][INFO][clas_trainer:133] - train epoch: 11 [54048/54208 (100%)], lr: ['1.00e-04'], loss: 0.001123
[2023-10-13 18:37:32,744][INFO][clas_trainer:63] - [epoch  11] execution time: 147.18s	metrics:
[2023-10-13 18:37:32,744][INFO][clas_evaluator:99] - dataset: earlystopping, avg f1-score: 0.4326
[2023-10-13 18:37:32,810][INFO][base_model:51] - snapshot saved to XXX/frequency-pretraining/models/exp001d-m29-base_fe_clas-2023-10-13_16-19-02-final.pth
[2023-10-13 18:37:46,153][INFO][clas_trainer:133] - train epoch: 12 [5376/54208 (10%)], lr: ['1.00e-04'], loss: 0.003193
[2023-10-13 18:37:58,429][INFO][clas_trainer:133] - train epoch: 12 [10784/54208 (20%)], lr: ['1.00e-04'], loss: 0.000838
[2023-10-13 18:38:11,558][INFO][clas_trainer:133] - train epoch: 12 [16192/54208 (30%)], lr: ['1.00e-04'], loss: 0.053820
[2023-10-13 18:38:24,768][INFO][clas_trainer:133] - train epoch: 12 [21600/54208 (40%)], lr: ['1.00e-04'], loss: 0.004683
[2023-10-13 18:38:36,536][INFO][clas_trainer:133] - train epoch: 12 [27008/54208 (50%)], lr: ['1.00e-04'], loss: 0.007825
[2023-10-13 18:38:48,842][INFO][clas_trainer:133] - train epoch: 12 [32416/54208 (60%)], lr: ['1.00e-04'], loss: 0.006652
[2023-10-13 18:39:02,342][INFO][clas_trainer:133] - train epoch: 12 [37824/54208 (70%)], lr: ['1.00e-04'], loss: 0.000779
[2023-10-13 18:39:16,152][INFO][clas_trainer:133] - train epoch: 12 [43232/54208 (80%)], lr: ['1.00e-04'], loss: 0.001846
[2023-10-13 18:39:29,128][INFO][clas_trainer:133] - train epoch: 12 [48640/54208 (90%)], lr: ['1.00e-04'], loss: 0.000422
[2023-10-13 18:39:42,554][INFO][clas_trainer:133] - train epoch: 12 [54048/54208 (100%)], lr: ['1.00e-04'], loss: 0.002001
[2023-10-13 18:40:03,288][INFO][clas_trainer:63] - [epoch  12] execution time: 150.48s	metrics:
[2023-10-13 18:40:03,288][INFO][clas_evaluator:99] - dataset: earlystopping, avg f1-score: 0.4339
[2023-10-13 18:40:03,357][INFO][base_model:51] - snapshot saved to XXX/frequency-pretraining/models/exp001d-m29-base_fe_clas-2023-10-13_16-19-02-final.pth
[2023-10-13 18:40:15,023][INFO][clas_trainer:133] - train epoch: 13 [5376/54208 (10%)], lr: ['1.00e-04'], loss: 0.002962
[2023-10-13 18:40:27,255][INFO][clas_trainer:133] - train epoch: 13 [10784/54208 (20%)], lr: ['1.00e-04'], loss: 0.002187
[2023-10-13 18:40:39,200][INFO][clas_trainer:133] - train epoch: 13 [16192/54208 (30%)], lr: ['1.00e-04'], loss: 0.004492
[2023-10-13 18:40:52,136][INFO][clas_trainer:133] - train epoch: 13 [21600/54208 (40%)], lr: ['1.00e-04'], loss: 0.000465
[2023-10-13 18:41:04,989][INFO][clas_trainer:133] - train epoch: 13 [27008/54208 (50%)], lr: ['1.00e-04'], loss: 0.001415
[2023-10-13 18:41:17,656][INFO][clas_trainer:133] - train epoch: 13 [32416/54208 (60%)], lr: ['1.00e-04'], loss: 0.003167
[2023-10-13 18:41:30,857][INFO][clas_trainer:133] - train epoch: 13 [37824/54208 (70%)], lr: ['1.00e-04'], loss: 0.092130
[2023-10-13 18:41:44,343][INFO][clas_trainer:133] - train epoch: 13 [43232/54208 (80%)], lr: ['1.00e-04'], loss: 0.001537
[2023-10-13 18:41:57,814][INFO][clas_trainer:133] - train epoch: 13 [48640/54208 (90%)], lr: ['1.00e-04'], loss: 0.001889
[2023-10-13 18:42:10,579][INFO][clas_trainer:133] - train epoch: 13 [54048/54208 (100%)], lr: ['1.00e-04'], loss: 0.001155
[2023-10-13 18:42:31,621][INFO][clas_trainer:63] - [epoch  13] execution time: 148.26s	metrics:
[2023-10-13 18:42:31,622][INFO][clas_evaluator:99] - dataset: earlystopping, avg f1-score: 0.4344
[2023-10-13 18:42:31,685][INFO][base_model:51] - snapshot saved to XXX/frequency-pretraining/models/exp001d-m29-base_fe_clas-2023-10-13_16-19-02-final.pth
[2023-10-13 18:42:43,367][INFO][clas_trainer:133] - train epoch: 14 [5376/54208 (10%)], lr: ['1.00e-04'], loss: 0.008202
[2023-10-13 18:42:55,117][INFO][clas_trainer:133] - train epoch: 14 [10784/54208 (20%)], lr: ['1.00e-04'], loss: 0.002082
[2023-10-13 18:43:07,092][INFO][clas_trainer:133] - train epoch: 14 [16192/54208 (30%)], lr: ['1.00e-04'], loss: 0.002039
[2023-10-13 18:43:20,403][INFO][clas_trainer:133] - train epoch: 14 [21600/54208 (40%)], lr: ['1.00e-04'], loss: 0.001568
[2023-10-13 18:43:33,012][INFO][clas_trainer:133] - train epoch: 14 [27008/54208 (50%)], lr: ['1.00e-04'], loss: 0.001445
[2023-10-13 18:43:45,788][INFO][clas_trainer:133] - train epoch: 14 [32416/54208 (60%)], lr: ['1.00e-04'], loss: 0.003547
[2023-10-13 18:43:58,638][INFO][clas_trainer:133] - train epoch: 14 [37824/54208 (70%)], lr: ['1.00e-04'], loss: 0.058466
[2023-10-13 18:44:11,783][INFO][clas_trainer:133] - train epoch: 14 [43232/54208 (80%)], lr: ['1.00e-04'], loss: 0.004971
[2023-10-13 18:44:24,756][INFO][clas_trainer:133] - train epoch: 14 [48640/54208 (90%)], lr: ['1.00e-04'], loss: 0.001698
[2023-10-13 18:44:37,578][INFO][clas_trainer:133] - train epoch: 14 [54048/54208 (100%)], lr: ['1.00e-04'], loss: 0.005665
[2023-10-13 18:44:58,712][INFO][clas_trainer:63] - [epoch  14] execution time: 147.03s	metrics:
[2023-10-13 18:44:58,713][INFO][clas_evaluator:99] - dataset: earlystopping, avg f1-score: 0.4311
[2023-10-13 18:45:11,345][INFO][clas_trainer:133] - train epoch: 15 [5376/54208 (10%)], lr: ['1.00e-04'], loss: 0.002501
[2023-10-13 18:45:23,643][INFO][clas_trainer:133] - train epoch: 15 [10784/54208 (20%)], lr: ['1.00e-04'], loss: 0.002608
[2023-10-13 18:45:36,331][INFO][clas_trainer:133] - train epoch: 15 [16192/54208 (30%)], lr: ['1.00e-04'], loss: 0.002472
[2023-10-13 18:45:48,860][INFO][clas_trainer:133] - train epoch: 15 [21600/54208 (40%)], lr: ['1.00e-04'], loss: 0.014171
[2023-10-13 18:46:01,437][INFO][clas_trainer:133] - train epoch: 15 [27008/54208 (50%)], lr: ['1.00e-04'], loss: 0.000950
[2023-10-13 18:46:15,034][INFO][clas_trainer:133] - train epoch: 15 [32416/54208 (60%)], lr: ['1.00e-04'], loss: 0.024947
[2023-10-13 18:46:28,006][INFO][clas_trainer:133] - train epoch: 15 [37824/54208 (70%)], lr: ['1.00e-04'], loss: 0.002377
[2023-10-13 18:46:40,873][INFO][clas_trainer:133] - train epoch: 15 [43232/54208 (80%)], lr: ['1.00e-04'], loss: 0.002038
[2023-10-13 18:46:53,845][INFO][clas_trainer:133] - train epoch: 15 [48640/54208 (90%)], lr: ['1.00e-04'], loss: 0.001582
[2023-10-13 18:47:06,326][INFO][clas_trainer:133] - train epoch: 15 [54048/54208 (100%)], lr: ['1.00e-04'], loss: 0.001770
[2023-10-13 18:47:28,109][INFO][clas_trainer:63] - [epoch  15] execution time: 149.40s	metrics:
[2023-10-13 18:47:28,110][INFO][clas_evaluator:99] - dataset: earlystopping, avg f1-score: 0.4313
[2023-10-13 18:47:40,765][INFO][clas_trainer:133] - train epoch: 16 [5376/54208 (10%)], lr: ['1.00e-04'], loss: 0.003570
[2023-10-13 18:47:52,057][INFO][clas_trainer:133] - train epoch: 16 [10784/54208 (20%)], lr: ['1.00e-04'], loss: 0.001498
[2023-10-13 18:48:03,955][INFO][clas_trainer:133] - train epoch: 16 [16192/54208 (30%)], lr: ['1.00e-04'], loss: 0.183079
[2023-10-13 18:48:16,836][INFO][clas_trainer:133] - train epoch: 16 [21600/54208 (40%)], lr: ['1.00e-04'], loss: 0.002119
[2023-10-13 18:48:29,367][INFO][clas_trainer:133] - train epoch: 16 [27008/54208 (50%)], lr: ['1.00e-04'], loss: 0.001714
[2023-10-13 18:48:42,531][INFO][clas_trainer:133] - train epoch: 16 [32416/54208 (60%)], lr: ['1.00e-04'], loss: 0.001764
[2023-10-13 18:48:55,138][INFO][clas_trainer:133] - train epoch: 16 [37824/54208 (70%)], lr: ['1.00e-04'], loss: 0.008162
[2023-10-13 18:49:07,584][INFO][clas_trainer:133] - train epoch: 16 [43232/54208 (80%)], lr: ['1.00e-04'], loss: 0.000586
[2023-10-13 18:49:20,307][INFO][clas_trainer:133] - train epoch: 16 [48640/54208 (90%)], lr: ['1.00e-04'], loss: 0.001284
[2023-10-13 18:49:32,520][INFO][clas_trainer:133] - train epoch: 16 [54048/54208 (100%)], lr: ['1.00e-04'], loss: 0.003467
[2023-10-13 18:49:52,583][INFO][clas_trainer:63] - [epoch  16] execution time: 144.47s	metrics:
[2023-10-13 18:49:52,583][INFO][clas_evaluator:99] - dataset: earlystopping, avg f1-score: 0.4354
[2023-10-13 18:49:52,642][INFO][base_model:51] - snapshot saved to XXX/frequency-pretraining/models/exp001d-m29-base_fe_clas-2023-10-13_16-19-02-final.pth
[2023-10-13 18:50:05,048][INFO][clas_trainer:133] - train epoch: 17 [5376/54208 (10%)], lr: ['1.00e-04'], loss: 0.003039
[2023-10-13 18:50:17,222][INFO][clas_trainer:133] - train epoch: 17 [10784/54208 (20%)], lr: ['1.00e-04'], loss: 0.001698
[2023-10-13 18:50:28,689][INFO][clas_trainer:133] - train epoch: 17 [16192/54208 (30%)], lr: ['1.00e-04'], loss: 0.004115
[2023-10-13 18:50:41,416][INFO][clas_trainer:133] - train epoch: 17 [21600/54208 (40%)], lr: ['1.00e-04'], loss: 0.002942
[2023-10-13 18:50:54,152][INFO][clas_trainer:133] - train epoch: 17 [27008/54208 (50%)], lr: ['1.00e-04'], loss: 0.002181
[2023-10-13 18:51:06,797][INFO][clas_trainer:133] - train epoch: 17 [32416/54208 (60%)], lr: ['1.00e-04'], loss: 0.001049
[2023-10-13 18:51:19,968][INFO][clas_trainer:133] - train epoch: 17 [37824/54208 (70%)], lr: ['1.00e-04'], loss: 0.003460
[2023-10-13 18:51:33,128][INFO][clas_trainer:133] - train epoch: 17 [43232/54208 (80%)], lr: ['1.00e-04'], loss: 0.000422
[2023-10-13 18:51:45,621][INFO][clas_trainer:133] - train epoch: 17 [48640/54208 (90%)], lr: ['1.00e-04'], loss: 0.001796
[2023-10-13 18:51:59,222][INFO][clas_trainer:133] - train epoch: 17 [54048/54208 (100%)], lr: ['1.00e-04'], loss: 0.000823
[2023-10-13 18:52:19,121][INFO][clas_trainer:63] - [epoch  17] execution time: 146.48s	metrics:
[2023-10-13 18:52:19,121][INFO][clas_evaluator:99] - dataset: earlystopping, avg f1-score: 0.4380
[2023-10-13 18:52:19,225][INFO][base_model:51] - snapshot saved to XXX/frequency-pretraining/models/exp001d-m29-base_fe_clas-2023-10-13_16-19-02-final.pth
[2023-10-13 18:52:32,916][INFO][clas_trainer:133] - train epoch: 18 [5376/54208 (10%)], lr: ['1.00e-04'], loss: 0.001423
[2023-10-13 18:52:44,755][INFO][clas_trainer:133] - train epoch: 18 [10784/54208 (20%)], lr: ['1.00e-04'], loss: 0.002339
[2023-10-13 18:52:56,355][INFO][clas_trainer:133] - train epoch: 18 [16192/54208 (30%)], lr: ['1.00e-04'], loss: 0.001558
[2023-10-13 18:53:08,702][INFO][clas_trainer:133] - train epoch: 18 [21600/54208 (40%)], lr: ['1.00e-04'], loss: 0.002539
[2023-10-13 18:53:20,774][INFO][clas_trainer:133] - train epoch: 18 [27008/54208 (50%)], lr: ['1.00e-04'], loss: 0.000805
[2023-10-13 18:53:33,129][INFO][clas_trainer:133] - train epoch: 18 [32416/54208 (60%)], lr: ['1.00e-04'], loss: 0.001548
[2023-10-13 18:53:45,889][INFO][clas_trainer:133] - train epoch: 18 [37824/54208 (70%)], lr: ['1.00e-04'], loss: 0.003253
[2023-10-13 18:53:58,836][INFO][clas_trainer:133] - train epoch: 18 [43232/54208 (80%)], lr: ['1.00e-04'], loss: 0.004657
[2023-10-13 18:54:11,781][INFO][clas_trainer:133] - train epoch: 18 [48640/54208 (90%)], lr: ['1.00e-04'], loss: 0.004297
[2023-10-13 18:54:24,010][INFO][clas_trainer:133] - train epoch: 18 [54048/54208 (100%)], lr: ['1.00e-04'], loss: 0.001373
[2023-10-13 18:54:45,265][INFO][clas_trainer:63] - [epoch  18] execution time: 146.04s	metrics:
[2023-10-13 18:54:45,265][INFO][clas_evaluator:99] - dataset: earlystopping, avg f1-score: 0.4346
[2023-10-13 18:54:58,600][INFO][clas_trainer:133] - train epoch: 19 [5376/54208 (10%)], lr: ['1.00e-04'], loss: 0.001569
[2023-10-13 18:55:10,212][INFO][clas_trainer:133] - train epoch: 19 [10784/54208 (20%)], lr: ['1.00e-04'], loss: 0.002855
[2023-10-13 18:55:22,810][INFO][clas_trainer:133] - train epoch: 19 [16192/54208 (30%)], lr: ['1.00e-04'], loss: 0.002098
[2023-10-13 18:55:34,445][INFO][clas_trainer:133] - train epoch: 19 [21600/54208 (40%)], lr: ['1.00e-04'], loss: 0.002270
[2023-10-13 18:55:46,186][INFO][clas_trainer:133] - train epoch: 19 [27008/54208 (50%)], lr: ['1.00e-04'], loss: 0.001389
[2023-10-13 18:55:58,725][INFO][clas_trainer:133] - train epoch: 19 [32416/54208 (60%)], lr: ['1.00e-04'], loss: 0.027677
[2023-10-13 18:56:12,126][INFO][clas_trainer:133] - train epoch: 19 [37824/54208 (70%)], lr: ['1.00e-04'], loss: 0.002646
[2023-10-13 18:56:24,608][INFO][clas_trainer:133] - train epoch: 19 [43232/54208 (80%)], lr: ['1.00e-04'], loss: 0.002202
[2023-10-13 18:56:37,311][INFO][clas_trainer:133] - train epoch: 19 [48640/54208 (90%)], lr: ['1.00e-04'], loss: 0.001642
[2023-10-13 18:56:50,965][INFO][clas_trainer:133] - train epoch: 19 [54048/54208 (100%)], lr: ['1.00e-04'], loss: 0.001887
[2023-10-13 18:57:11,140][INFO][clas_trainer:63] - [epoch  19] execution time: 145.87s	metrics:
[2023-10-13 18:57:11,141][INFO][clas_evaluator:99] - dataset: earlystopping, avg f1-score: 0.4339
[2023-10-13 18:57:25,371][INFO][clas_trainer:133] - train epoch: 20 [5376/54208 (10%)], lr: ['1.00e-04'], loss: 0.002050
[2023-10-13 18:57:37,479][INFO][clas_trainer:133] - train epoch: 20 [10784/54208 (20%)], lr: ['1.00e-04'], loss: 0.033261
[2023-10-13 18:57:48,794][INFO][clas_trainer:133] - train epoch: 20 [16192/54208 (30%)], lr: ['1.00e-04'], loss: 0.002628
[2023-10-13 18:58:01,489][INFO][clas_trainer:133] - train epoch: 20 [21600/54208 (40%)], lr: ['1.00e-04'], loss: 0.002572
[2023-10-13 18:58:13,150][INFO][clas_trainer:133] - train epoch: 20 [27008/54208 (50%)], lr: ['1.00e-04'], loss: 0.007876
[2023-10-13 18:58:25,366][INFO][clas_trainer:133] - train epoch: 20 [32416/54208 (60%)], lr: ['1.00e-04'], loss: 0.005273
[2023-10-13 18:58:37,537][INFO][clas_trainer:133] - train epoch: 20 [37824/54208 (70%)], lr: ['1.00e-04'], loss: 0.002225
[2023-10-13 18:58:49,039][INFO][clas_trainer:133] - train epoch: 20 [43232/54208 (80%)], lr: ['1.00e-04'], loss: 0.003276
[2023-10-13 18:59:01,633][INFO][clas_trainer:133] - train epoch: 20 [48640/54208 (90%)], lr: ['1.00e-04'], loss: 0.001251
[2023-10-13 18:59:15,093][INFO][clas_trainer:133] - train epoch: 20 [54048/54208 (100%)], lr: ['1.00e-04'], loss: 0.001924
[2023-10-13 18:59:36,973][INFO][clas_trainer:63] - [epoch  20] execution time: 145.83s	metrics:
[2023-10-13 18:59:36,974][INFO][clas_evaluator:99] - dataset: earlystopping, avg f1-score: 0.4318
[2023-10-13 18:59:50,064][INFO][clas_trainer:133] - train epoch: 21 [5376/54208 (10%)], lr: ['1.00e-04'], loss: 0.000879
[2023-10-13 19:00:03,228][INFO][clas_trainer:133] - train epoch: 21 [10784/54208 (20%)], lr: ['1.00e-04'], loss: 0.004197
[2023-10-13 19:00:14,780][INFO][clas_trainer:133] - train epoch: 21 [16192/54208 (30%)], lr: ['1.00e-04'], loss: 0.003471
[2023-10-13 19:00:25,610][INFO][clas_trainer:133] - train epoch: 21 [21600/54208 (40%)], lr: ['1.00e-04'], loss: 0.003524
[2023-10-13 19:00:36,443][INFO][clas_trainer:133] - train epoch: 21 [27008/54208 (50%)], lr: ['1.00e-04'], loss: 0.001149
[2023-10-13 19:00:47,838][INFO][clas_trainer:133] - train epoch: 21 [32416/54208 (60%)], lr: ['1.00e-04'], loss: 0.001639
[2023-10-13 19:01:01,462][INFO][clas_trainer:133] - train epoch: 21 [37824/54208 (70%)], lr: ['1.00e-04'], loss: 0.003142
[2023-10-13 19:01:13,657][INFO][clas_trainer:133] - train epoch: 21 [43232/54208 (80%)], lr: ['1.00e-04'], loss: 0.002463
[2023-10-13 19:01:26,555][INFO][clas_trainer:133] - train epoch: 21 [48640/54208 (90%)], lr: ['1.00e-04'], loss: 0.002942
[2023-10-13 19:01:39,734][INFO][clas_trainer:133] - train epoch: 21 [54048/54208 (100%)], lr: ['1.00e-04'], loss: 0.001428
[2023-10-13 19:02:01,180][INFO][clas_trainer:63] - [epoch  21] execution time: 144.21s	metrics:
[2023-10-13 19:02:01,180][INFO][clas_evaluator:99] - dataset: earlystopping, avg f1-score: 0.4307
[2023-10-13 19:02:14,475][INFO][clas_trainer:133] - train epoch: 22 [5376/54208 (10%)], lr: ['1.00e-04'], loss: 0.003081
[2023-10-13 19:02:27,494][INFO][clas_trainer:133] - train epoch: 22 [10784/54208 (20%)], lr: ['1.00e-04'], loss: 0.002890
[2023-10-13 19:02:40,418][INFO][clas_trainer:133] - train epoch: 22 [16192/54208 (30%)], lr: ['1.00e-04'], loss: 0.078398
[2023-10-13 19:02:51,734][INFO][clas_trainer:133] - train epoch: 22 [21600/54208 (40%)], lr: ['1.00e-04'], loss: 0.170313
[2023-10-13 19:03:03,717][INFO][clas_trainer:133] - train epoch: 22 [27008/54208 (50%)], lr: ['1.00e-04'], loss: 0.004261
[2023-10-13 19:03:16,311][INFO][clas_trainer:133] - train epoch: 22 [32416/54208 (60%)], lr: ['1.00e-04'], loss: 0.002532
[2023-10-13 19:03:29,771][INFO][clas_trainer:133] - train epoch: 22 [37824/54208 (70%)], lr: ['1.00e-04'], loss: 0.001051
[2023-10-13 19:03:43,022][INFO][clas_trainer:133] - train epoch: 22 [43232/54208 (80%)], lr: ['1.00e-04'], loss: 0.001787
[2023-10-13 19:03:55,903][INFO][clas_trainer:133] - train epoch: 22 [48640/54208 (90%)], lr: ['1.00e-04'], loss: 0.001375
[2023-10-13 19:04:08,910][INFO][clas_trainer:133] - train epoch: 22 [54048/54208 (100%)], lr: ['1.00e-04'], loss: 0.002058
[2023-10-13 19:04:30,025][INFO][clas_trainer:63] - [epoch  22] execution time: 148.84s	metrics:
[2023-10-13 19:04:30,026][INFO][clas_evaluator:99] - dataset: earlystopping, avg f1-score: 0.4323
[2023-10-13 19:04:43,817][INFO][clas_trainer:133] - train epoch: 23 [5376/54208 (10%)], lr: ['1.00e-04'], loss: 0.002348
[2023-10-13 19:04:57,095][INFO][clas_trainer:133] - train epoch: 23 [10784/54208 (20%)], lr: ['1.00e-04'], loss: 0.002219
[2023-10-13 19:05:09,422][INFO][clas_trainer:133] - train epoch: 23 [16192/54208 (30%)], lr: ['1.00e-04'], loss: 0.003262
[2023-10-13 19:05:20,682][INFO][clas_trainer:133] - train epoch: 23 [21600/54208 (40%)], lr: ['1.00e-04'], loss: 0.003848
[2023-10-13 19:05:33,383][INFO][clas_trainer:133] - train epoch: 23 [27008/54208 (50%)], lr: ['1.00e-04'], loss: 0.001223
[2023-10-13 19:05:45,081][INFO][clas_trainer:133] - train epoch: 23 [32416/54208 (60%)], lr: ['1.00e-04'], loss: 0.002110
[2023-10-13 19:05:57,098][INFO][clas_trainer:133] - train epoch: 23 [37824/54208 (70%)], lr: ['1.00e-04'], loss: 0.001580
[2023-10-13 19:06:09,252][INFO][clas_trainer:133] - train epoch: 23 [43232/54208 (80%)], lr: ['1.00e-04'], loss: 0.001917
[2023-10-13 19:06:22,574][INFO][clas_trainer:133] - train epoch: 23 [48640/54208 (90%)], lr: ['1.00e-04'], loss: 0.002228
[2023-10-13 19:06:35,947][INFO][clas_trainer:133] - train epoch: 23 [54048/54208 (100%)], lr: ['1.00e-04'], loss: 0.002645
[2023-10-13 19:06:57,658][INFO][clas_trainer:63] - [epoch  23] execution time: 147.63s	metrics:
[2023-10-13 19:06:57,658][INFO][clas_evaluator:99] - dataset: earlystopping, avg f1-score: 0.4171
[2023-10-13 19:07:11,325][INFO][clas_trainer:133] - train epoch: 24 [5376/54208 (10%)], lr: ['1.00e-04'], loss: 0.001185
[2023-10-13 19:07:24,073][INFO][clas_trainer:133] - train epoch: 24 [10784/54208 (20%)], lr: ['1.00e-04'], loss: 0.003102
[2023-10-13 19:07:35,279][INFO][clas_trainer:133] - train epoch: 24 [16192/54208 (30%)], lr: ['1.00e-04'], loss: 0.067849
[2023-10-13 19:07:47,113][INFO][clas_trainer:133] - train epoch: 24 [21600/54208 (40%)], lr: ['1.00e-04'], loss: 0.003789
[2023-10-13 19:07:59,348][INFO][clas_trainer:133] - train epoch: 24 [27008/54208 (50%)], lr: ['1.00e-04'], loss: 0.001301
[2023-10-13 19:08:10,834][INFO][clas_trainer:133] - train epoch: 24 [32416/54208 (60%)], lr: ['1.00e-04'], loss: 0.002488
[2023-10-13 19:08:23,165][INFO][clas_trainer:133] - train epoch: 24 [37824/54208 (70%)], lr: ['1.00e-04'], loss: 0.000844
[2023-10-13 19:08:36,232][INFO][clas_trainer:133] - train epoch: 24 [43232/54208 (80%)], lr: ['1.00e-04'], loss: 0.002412
[2023-10-13 19:08:48,770][INFO][clas_trainer:133] - train epoch: 24 [48640/54208 (90%)], lr: ['1.00e-04'], loss: 0.001796
[2023-10-13 19:09:02,190][INFO][clas_trainer:133] - train epoch: 24 [54048/54208 (100%)], lr: ['1.00e-04'], loss: 0.001753
[2023-10-13 19:09:23,627][INFO][clas_trainer:63] - [epoch  24] execution time: 145.97s	metrics:
[2023-10-13 19:09:23,627][INFO][clas_evaluator:99] - dataset: earlystopping, avg f1-score: 0.4277
[2023-10-13 19:09:37,521][INFO][clas_trainer:133] - train epoch: 25 [5376/54208 (10%)], lr: ['1.00e-04'], loss: 0.001322
[2023-10-13 19:09:49,927][INFO][clas_trainer:133] - train epoch: 25 [10784/54208 (20%)], lr: ['1.00e-04'], loss: 0.001100
[2023-10-13 19:10:02,807][INFO][clas_trainer:133] - train epoch: 25 [16192/54208 (30%)], lr: ['1.00e-04'], loss: 0.001626
[2023-10-13 19:10:14,453][INFO][clas_trainer:133] - train epoch: 25 [21600/54208 (40%)], lr: ['1.00e-04'], loss: 0.017457
[2023-10-13 19:10:25,806][INFO][clas_trainer:133] - train epoch: 25 [27008/54208 (50%)], lr: ['1.00e-04'], loss: 0.002021
[2023-10-13 19:10:37,461][INFO][clas_trainer:133] - train epoch: 25 [32416/54208 (60%)], lr: ['1.00e-04'], loss: 0.001699
[2023-10-13 19:10:49,858][INFO][clas_trainer:133] - train epoch: 25 [37824/54208 (70%)], lr: ['1.00e-04'], loss: 0.001477
[2023-10-13 19:11:02,174][INFO][clas_trainer:133] - train epoch: 25 [43232/54208 (80%)], lr: ['1.00e-04'], loss: 0.003167
[2023-10-13 19:11:15,771][INFO][clas_trainer:133] - train epoch: 25 [48640/54208 (90%)], lr: ['1.00e-04'], loss: 0.002175
[2023-10-13 19:11:28,797][INFO][clas_trainer:133] - train epoch: 25 [54048/54208 (100%)], lr: ['1.00e-04'], loss: 0.001221
[2023-10-13 19:11:48,969][INFO][clas_trainer:63] - [epoch  25] execution time: 145.34s	metrics:
[2023-10-13 19:11:48,969][INFO][clas_evaluator:99] - dataset: earlystopping, avg f1-score: 0.4289
[2023-10-13 19:12:01,764][INFO][clas_trainer:133] - train epoch: 26 [5376/54208 (10%)], lr: ['1.00e-04'], loss: 0.002134
[2023-10-13 19:12:14,463][INFO][clas_trainer:133] - train epoch: 26 [10784/54208 (20%)], lr: ['1.00e-04'], loss: 0.003206
[2023-10-13 19:12:27,165][INFO][clas_trainer:133] - train epoch: 26 [16192/54208 (30%)], lr: ['1.00e-04'], loss: 0.002396
[2023-10-13 19:12:39,409][INFO][clas_trainer:133] - train epoch: 26 [21600/54208 (40%)], lr: ['1.00e-04'], loss: 0.003584
[2023-10-13 19:12:51,745][INFO][clas_trainer:133] - train epoch: 26 [27008/54208 (50%)], lr: ['1.00e-04'], loss: 0.002360
[2023-10-13 19:13:03,206][INFO][clas_trainer:133] - train epoch: 26 [32416/54208 (60%)], lr: ['1.00e-04'], loss: 0.003391
[2023-10-13 19:13:16,397][INFO][clas_trainer:133] - train epoch: 26 [37824/54208 (70%)], lr: ['1.00e-04'], loss: 0.002901
[2023-10-13 19:13:30,052][INFO][clas_trainer:133] - train epoch: 26 [43232/54208 (80%)], lr: ['1.00e-04'], loss: 0.005419
[2023-10-13 19:13:43,469][INFO][clas_trainer:133] - train epoch: 26 [48640/54208 (90%)], lr: ['1.00e-04'], loss: 0.002893
[2023-10-13 19:13:56,733][INFO][clas_trainer:133] - train epoch: 26 [54048/54208 (100%)], lr: ['1.00e-04'], loss: 0.001991
[2023-10-13 19:14:18,125][INFO][clas_trainer:63] - [epoch  26] execution time: 149.16s	metrics:
[2023-10-13 19:14:18,126][INFO][clas_evaluator:99] - dataset: earlystopping, avg f1-score: 0.4292
[2023-10-13 19:14:31,531][INFO][clas_trainer:133] - train epoch: 27 [5376/54208 (10%)], lr: ['1.00e-04'], loss: 0.001187
[2023-10-13 19:14:44,888][INFO][clas_trainer:133] - train epoch: 27 [10784/54208 (20%)], lr: ['1.00e-04'], loss: 0.002297
[2023-10-13 19:14:57,543][INFO][clas_trainer:133] - train epoch: 27 [16192/54208 (30%)], lr: ['1.00e-04'], loss: 0.002197
[2023-10-13 19:15:09,975][INFO][clas_trainer:133] - train epoch: 27 [21600/54208 (40%)], lr: ['1.00e-04'], loss: 0.004751
[2023-10-13 19:15:22,764][INFO][clas_trainer:133] - train epoch: 27 [27008/54208 (50%)], lr: ['1.00e-04'], loss: 0.002569
[2023-10-13 19:15:35,633][INFO][clas_trainer:133] - train epoch: 27 [32416/54208 (60%)], lr: ['1.00e-04'], loss: 0.000669
[2023-10-13 19:15:49,568][INFO][clas_trainer:133] - train epoch: 27 [37824/54208 (70%)], lr: ['1.00e-04'], loss: 0.003232
[2023-10-13 19:16:02,270][INFO][clas_trainer:133] - train epoch: 27 [43232/54208 (80%)], lr: ['1.00e-04'], loss: 0.003842
[2023-10-13 19:16:16,302][INFO][clas_trainer:133] - train epoch: 27 [48640/54208 (90%)], lr: ['1.00e-04'], loss: 0.003637
[2023-10-13 19:16:28,783][INFO][clas_trainer:133] - train epoch: 27 [54048/54208 (100%)], lr: ['1.00e-04'], loss: 0.002850
[2023-10-13 19:16:49,061][INFO][clas_trainer:63] - [epoch  27] execution time: 150.94s	metrics:
[2023-10-13 19:16:49,061][INFO][clas_evaluator:99] - dataset: earlystopping, avg f1-score: 0.4343
[2023-10-13 19:16:49,074][INFO][clas_trainer:79] - finished training
[2023-10-13 19:16:49,074][INFO][clas_trainer:80] - best model on epoch: 17 	f1-score: 0.4380
