[2024-09-20 22:21:14,504][INFO][fine-tune:25] - Using GPU 0
[2024-09-20 22:21:14,508][INFO][fine-tune:35] - overrides:
hydra:
- hydra.launcher.n_jobs=15
- hydra.mode=MULTIRUN
task:
- m_seed_path_sids={seeds:[0,0,0,0,0],path:"exp005b-m0-simple_multi_class-2024-09-20_13-57-42-final.pth",subject_ids:{sleepedfx:$\{data.sleepedfx.cv_5_fold.fold_1\}}}
- data.downstream.train_dataloader.dataset.data_reducer.n_epochs=50
- data.downstream.train_dataloader.dataset.data_reducer.n_subjects=1
- general.gpus=[0,1]

[2024-09-20 22:21:25,031][INFO][data_loaders:39] - class distribution before data reduction:
# samples per subject
SC4001E0: 841
SC4002E0: 1127
SC4011E0: 1103
SC4012E0: 1186
SC4031E0: 952
SC4032E0: 911
SC4041E0: 1235
SC4042E0: 1200
SC4051E0: 672
SC4052E0: 1246
SC4061E0: 843
SC4062E0: 1016
SC4081E0: 1134
SC4082E0: 1054
SC4091E0: 1132
SC4092E0: 1105
SC4121E0: 1052
SC4122E0: 977
SC4131E0: 1028
SC4141E0: 1004
SC4142E0: 952
SC4151E0: 952
SC4152E0: 1762
SC4161E0: 1144
SC4162E0: 1003
SC4181E0: 964
SC4182E0: 920
SC4191E0: 1535
SC4192E0: 1274
SC4201E0: 1022
SC4202E0: 1021
SC4211E0: 1578
SC4212E0: 808
SC4221E0: 1099
SC4222E0: 1108
SC4251E0: 972
SC4252E0: 1020
SC4261F0: 1597
SC4262F0: 980
SC4271F0: 1052
SC4272F0: 1090
SC4281G0: 1127
SC4282G0: 1070
SC4301E0: 929
SC4302E0: 854
SC4321E0: 1560
SC4322E0: 1021
SC4341F0: 1501
SC4342F0: 1582
SC4362F0: 824
SC4381F0: 1776
SC4382F0: 1871
SC4411E0: 1078
SC4412E0: 924
SC4441E0: 1195
SC4442E0: 1092
SC4471F0: 1187
SC4472F0: 2161
SC4491G0: 1101
SC4492G0: 1040
SC4501E0: 1326
SC4502E0: 1103
SC4522E0: 997
SC4531E0: 1096
SC4532E0: 1056
SC4541F0: 1716
SC4542F0: 1148
SC4551F0: 1047
SC4552F0: 1090
SC4561F0: 1237
SC4562F0: 1148
SC4581G0: 1095
SC4582G0: 1175
SC4591G0: 1840
SC4592G0: 1231
SC4611E0: 1652
SC4612E0: 1062
SC4621E0: 1445
SC4622E0: 1823
SC4631E0: 1063
SC4632E0: 1107
SC4641E0: 1271
SC4642E0: 2049
SC4651E0: 2644
SC4652E0: 1929
SC4661E0: 2026
SC4662E0: 1994
SC4701E0: 1717
SC4702E0: 1515
SC4711E0: 1413
SC4712E0: 1241
SC4721E0: 1031
SC4722E0: 1130
SC4731E0: 2667
SC4732E0: 2318
SC4741E0: 2210
SC4742E0: 1063
SC4751E0: 2044
SC4752E0: 1049
SC4771G0: 1325
SC4772G0: 1324
SC4801G0: 1241
SC4802G0: 1229
SC4821G0: 1704
SC4822G0: 1366

# samples per stage
0: 44850
1: 14737
2: 48485
3: 8639
4: 17810
[2024-09-20 22:21:25,635][INFO][data_loaders:43] - class distribution after data reduction:
# samples per subject
SC4272F0: 134500

# samples per stage
0: 34970
1: 5380
2: 34970
3: 21520
4: 37660
[2024-09-20 22:21:25,682][INFO][base_pretraining_fe:55] - Loading model from exp005b-m0-simple_multi_class-2024-09-20_13-57-42-final.pth
[2024-09-20 22:21:37,060][INFO][data_loaders:39] - class distribution before data reduction:
# samples per subject
SC4021E0: 1025
SC4022E0: 1009
SC4071E0: 976
SC4072E0: 1273
SC4291G0: 1131
SC4292G0: 1605
SC4331F0: 1888
SC4332F0: 1312
SC4401E0: 1064
SC4402E0: 1072
SC4421E0: 785
SC4422E0: 884
SC4761E0: 1683
SC4762E0: 2662
SC4811G0: 1293
SC4812G0: 1183

# samples per stage
0: 7958
1: 1946
2: 6628
3: 1531
4: 2782
[2024-09-20 22:21:37,116][INFO][data_loaders:43] - class distribution after data reduction:
# samples per subject
SC4021E0: 1025
SC4022E0: 1009
SC4071E0: 976
SC4072E0: 1273
SC4291G0: 1131
SC4292G0: 1605
SC4331F0: 1888
SC4332F0: 1312
SC4401E0: 1064
SC4402E0: 1072
SC4421E0: 785
SC4422E0: 884
SC4761E0: 1683
SC4762E0: 2662
SC4811G0: 1293
SC4812G0: 1183

# samples per stage
0: 7958
1: 1946
2: 6628
3: 1531
4: 2782
[2024-09-20 22:21:39,993][INFO][clas_trainer:49] - metrics before training (epoch 0):
[2024-09-20 22:22:51,089][INFO][clas_evaluator:99] - dataset: earlystopping, avg f1-score: 0.2515
[2024-09-20 22:23:36,179][INFO][clas_trainer:133] - train epoch: 1 [13408/134500 (10%)], lr: ['1.00e-04'], loss: 0.003701
[2024-09-20 22:24:21,629][INFO][clas_trainer:133] - train epoch: 1 [26848/134500 (20%)], lr: ['1.00e-04'], loss: 0.000174
[2024-09-20 22:25:06,664][INFO][clas_trainer:133] - train epoch: 1 [40288/134500 (30%)], lr: ['1.00e-04'], loss: 0.000904
[2024-09-20 22:25:51,173][INFO][clas_trainer:133] - train epoch: 1 [53728/134500 (40%)], lr: ['1.00e-04'], loss: 0.000084
[2024-09-20 22:26:35,207][INFO][clas_trainer:133] - train epoch: 1 [67168/134500 (50%)], lr: ['1.00e-04'], loss: 0.000205
[2024-09-20 22:27:21,004][INFO][clas_trainer:133] - train epoch: 1 [80608/134500 (60%)], lr: ['1.00e-04'], loss: 0.000261
[2024-09-20 22:28:06,464][INFO][clas_trainer:133] - train epoch: 1 [94048/134500 (70%)], lr: ['1.00e-04'], loss: 0.000301
[2024-09-20 22:28:51,419][INFO][clas_trainer:133] - train epoch: 1 [107488/134500 (80%)], lr: ['1.00e-04'], loss: 0.000316
[2024-09-20 22:29:34,686][INFO][clas_trainer:133] - train epoch: 1 [120928/134500 (90%)], lr: ['1.00e-04'], loss: 0.000141
[2024-09-20 22:30:19,693][INFO][clas_trainer:133] - train epoch: 1 [134368/134500 (100%)], lr: ['1.00e-04'], loss: 0.000016
[2024-09-20 22:31:30,766][INFO][clas_trainer:63] - [epoch   1] execution time: 519.68s	metrics:
[2024-09-20 22:31:30,766][INFO][clas_evaluator:99] - dataset: earlystopping, avg f1-score: 0.4691
[2024-09-20 22:31:30,783][INFO][base_model:51] - snapshot saved to XXX/frequency-pretraining/models/exp005b-m0-base_fe_clas-2024-09-20_22-20-56-final.pth
[2024-09-20 22:32:14,754][INFO][clas_trainer:133] - train epoch: 2 [13408/134500 (10%)], lr: ['1.00e-04'], loss: 0.000135
[2024-09-20 22:32:58,008][INFO][clas_trainer:133] - train epoch: 2 [26848/134500 (20%)], lr: ['1.00e-04'], loss: 0.000071
[2024-09-20 22:33:40,901][INFO][clas_trainer:133] - train epoch: 2 [40288/134500 (30%)], lr: ['1.00e-04'], loss: 0.000019
[2024-09-20 22:34:23,842][INFO][clas_trainer:133] - train epoch: 2 [53728/134500 (40%)], lr: ['1.00e-04'], loss: 0.000078
[2024-09-20 22:35:06,582][INFO][clas_trainer:133] - train epoch: 2 [67168/134500 (50%)], lr: ['1.00e-04'], loss: 0.000456
[2024-09-20 22:35:49,195][INFO][clas_trainer:133] - train epoch: 2 [80608/134500 (60%)], lr: ['1.00e-04'], loss: 0.000090
[2024-09-20 22:36:33,094][INFO][clas_trainer:133] - train epoch: 2 [94048/134500 (70%)], lr: ['1.00e-04'], loss: 0.000073
[2024-09-20 22:37:15,686][INFO][clas_trainer:133] - train epoch: 2 [107488/134500 (80%)], lr: ['1.00e-04'], loss: 0.000256
[2024-09-20 22:37:59,128][INFO][clas_trainer:133] - train epoch: 2 [120928/134500 (90%)], lr: ['1.00e-04'], loss: 0.000471
[2024-09-20 22:38:41,724][INFO][clas_trainer:133] - train epoch: 2 [134368/134500 (100%)], lr: ['1.00e-04'], loss: 0.000210
[2024-09-20 22:39:49,867][INFO][clas_trainer:63] - [epoch   2] execution time: 499.08s	metrics:
[2024-09-20 22:39:49,868][INFO][clas_evaluator:99] - dataset: earlystopping, avg f1-score: 0.4763
[2024-09-20 22:39:49,893][INFO][base_model:51] - snapshot saved to XXX/frequency-pretraining/models/exp005b-m0-base_fe_clas-2024-09-20_22-20-56-final.pth
[2024-09-20 22:40:32,696][INFO][clas_trainer:133] - train epoch: 3 [13408/134500 (10%)], lr: ['1.00e-04'], loss: 0.000202
[2024-09-20 22:41:14,150][INFO][clas_trainer:133] - train epoch: 3 [26848/134500 (20%)], lr: ['1.00e-04'], loss: 0.000113
[2024-09-20 22:41:56,187][INFO][clas_trainer:133] - train epoch: 3 [40288/134500 (30%)], lr: ['1.00e-04'], loss: 0.023111
[2024-09-20 22:42:37,767][INFO][clas_trainer:133] - train epoch: 3 [53728/134500 (40%)], lr: ['1.00e-04'], loss: 0.001232
[2024-09-20 22:43:19,338][INFO][clas_trainer:133] - train epoch: 3 [67168/134500 (50%)], lr: ['1.00e-04'], loss: 0.000070
[2024-09-20 22:44:02,176][INFO][clas_trainer:133] - train epoch: 3 [80608/134500 (60%)], lr: ['1.00e-04'], loss: 0.000170
[2024-09-20 22:44:45,840][INFO][clas_trainer:133] - train epoch: 3 [94048/134500 (70%)], lr: ['1.00e-04'], loss: 0.001698
[2024-09-20 22:45:28,789][INFO][clas_trainer:133] - train epoch: 3 [107488/134500 (80%)], lr: ['1.00e-04'], loss: 0.000243
[2024-09-20 22:46:12,438][INFO][clas_trainer:133] - train epoch: 3 [120928/134500 (90%)], lr: ['1.00e-04'], loss: 0.000241
[2024-09-20 22:46:56,505][INFO][clas_trainer:133] - train epoch: 3 [134368/134500 (100%)], lr: ['1.00e-04'], loss: 0.000118
[2024-09-20 22:48:04,624][INFO][clas_trainer:63] - [epoch   3] execution time: 494.73s	metrics:
[2024-09-20 22:48:04,625][INFO][clas_evaluator:99] - dataset: earlystopping, avg f1-score: 0.4564
[2024-09-20 22:48:46,834][INFO][clas_trainer:133] - train epoch: 4 [13408/134500 (10%)], lr: ['1.00e-04'], loss: 0.000932
[2024-09-20 22:49:26,508][INFO][clas_trainer:133] - train epoch: 4 [26848/134500 (20%)], lr: ['1.00e-04'], loss: 0.000183
[2024-09-20 22:50:07,871][INFO][clas_trainer:133] - train epoch: 4 [40288/134500 (30%)], lr: ['1.00e-04'], loss: 0.000407
[2024-09-20 22:50:47,715][INFO][clas_trainer:133] - train epoch: 4 [53728/134500 (40%)], lr: ['1.00e-04'], loss: 0.000550
[2024-09-20 22:51:28,799][INFO][clas_trainer:133] - train epoch: 4 [67168/134500 (50%)], lr: ['1.00e-04'], loss: 0.000416
[2024-09-20 22:52:10,078][INFO][clas_trainer:133] - train epoch: 4 [80608/134500 (60%)], lr: ['1.00e-04'], loss: 0.000544
[2024-09-20 22:52:50,379][INFO][clas_trainer:133] - train epoch: 4 [94048/134500 (70%)], lr: ['1.00e-04'], loss: 0.000424
[2024-09-20 22:53:31,826][INFO][clas_trainer:133] - train epoch: 4 [107488/134500 (80%)], lr: ['1.00e-04'], loss: 0.000283
[2024-09-20 22:54:12,464][INFO][clas_trainer:133] - train epoch: 4 [120928/134500 (90%)], lr: ['1.00e-04'], loss: 0.000513
[2024-09-20 22:54:55,458][INFO][clas_trainer:133] - train epoch: 4 [134368/134500 (100%)], lr: ['1.00e-04'], loss: 0.000427
[2024-09-20 22:56:03,855][INFO][clas_trainer:63] - [epoch   4] execution time: 479.23s	metrics:
[2024-09-20 22:56:03,855][INFO][clas_evaluator:99] - dataset: earlystopping, avg f1-score: 0.4645
[2024-09-20 22:56:47,041][INFO][clas_trainer:133] - train epoch: 5 [13408/134500 (10%)], lr: ['1.00e-04'], loss: 0.000547
[2024-09-20 22:57:28,635][INFO][clas_trainer:133] - train epoch: 5 [26848/134500 (20%)], lr: ['1.00e-04'], loss: 0.000383
[2024-09-20 22:58:10,399][INFO][clas_trainer:133] - train epoch: 5 [40288/134500 (30%)], lr: ['1.00e-04'], loss: 0.000418
[2024-09-20 22:58:50,501][INFO][clas_trainer:133] - train epoch: 5 [53728/134500 (40%)], lr: ['1.00e-04'], loss: 0.000650
[2024-09-20 22:59:29,470][INFO][clas_trainer:133] - train epoch: 5 [67168/134500 (50%)], lr: ['1.00e-04'], loss: 0.001065
[2024-09-20 23:00:10,197][INFO][clas_trainer:133] - train epoch: 5 [80608/134500 (60%)], lr: ['1.00e-04'], loss: 0.000440
[2024-09-20 23:00:49,865][INFO][clas_trainer:133] - train epoch: 5 [94048/134500 (70%)], lr: ['1.00e-04'], loss: 0.000668
[2024-09-20 23:01:31,047][INFO][clas_trainer:133] - train epoch: 5 [107488/134500 (80%)], lr: ['1.00e-04'], loss: 0.001034
[2024-09-20 23:02:13,081][INFO][clas_trainer:133] - train epoch: 5 [120928/134500 (90%)], lr: ['1.00e-04'], loss: 0.000759
[2024-09-20 23:02:55,426][INFO][clas_trainer:133] - train epoch: 5 [134368/134500 (100%)], lr: ['1.00e-04'], loss: 0.000584
[2024-09-20 23:04:01,309][INFO][clas_trainer:63] - [epoch   5] execution time: 477.45s	metrics:
[2024-09-20 23:04:01,310][INFO][clas_evaluator:99] - dataset: earlystopping, avg f1-score: 0.4488
[2024-09-20 23:04:44,546][INFO][clas_trainer:133] - train epoch: 6 [13408/134500 (10%)], lr: ['1.00e-04'], loss: 0.000642
[2024-09-20 23:05:24,792][INFO][clas_trainer:133] - train epoch: 6 [26848/134500 (20%)], lr: ['1.00e-04'], loss: 0.000606
[2024-09-20 23:06:05,932][INFO][clas_trainer:133] - train epoch: 6 [40288/134500 (30%)], lr: ['1.00e-04'], loss: 0.000753
[2024-09-20 23:06:47,414][INFO][clas_trainer:133] - train epoch: 6 [53728/134500 (40%)], lr: ['1.00e-04'], loss: 0.000930
[2024-09-20 23:07:27,461][INFO][clas_trainer:133] - train epoch: 6 [67168/134500 (50%)], lr: ['1.00e-04'], loss: 0.000629
[2024-09-20 23:08:03,586][INFO][clas_trainer:133] - train epoch: 6 [80608/134500 (60%)], lr: ['1.00e-04'], loss: 0.000585
[2024-09-20 23:08:40,430][INFO][clas_trainer:133] - train epoch: 6 [94048/134500 (70%)], lr: ['1.00e-04'], loss: 0.000716
[2024-09-20 23:09:16,715][INFO][clas_trainer:133] - train epoch: 6 [107488/134500 (80%)], lr: ['1.00e-04'], loss: 0.000572
[2024-09-20 23:09:54,289][INFO][clas_trainer:133] - train epoch: 6 [120928/134500 (90%)], lr: ['1.00e-04'], loss: 0.000474
[2024-09-20 23:10:33,258][INFO][clas_trainer:133] - train epoch: 6 [134368/134500 (100%)], lr: ['1.00e-04'], loss: 0.000862
[2024-09-20 23:11:33,340][INFO][clas_trainer:63] - [epoch   6] execution time: 452.03s	metrics:
[2024-09-20 23:11:33,340][INFO][clas_evaluator:99] - dataset: earlystopping, avg f1-score: 0.4422
[2024-09-20 23:12:11,783][INFO][clas_trainer:133] - train epoch: 7 [13408/134500 (10%)], lr: ['1.00e-04'], loss: 0.000739
[2024-09-20 23:12:48,603][INFO][clas_trainer:133] - train epoch: 7 [26848/134500 (20%)], lr: ['1.00e-04'], loss: 0.000987
[2024-09-20 23:13:23,592][INFO][clas_trainer:133] - train epoch: 7 [40288/134500 (30%)], lr: ['1.00e-04'], loss: 0.000429
[2024-09-20 23:14:00,172][INFO][clas_trainer:133] - train epoch: 7 [53728/134500 (40%)], lr: ['1.00e-04'], loss: 0.000652
[2024-09-20 23:14:36,082][INFO][clas_trainer:133] - train epoch: 7 [67168/134500 (50%)], lr: ['1.00e-04'], loss: 0.000507
[2024-09-20 23:15:11,960][INFO][clas_trainer:133] - train epoch: 7 [80608/134500 (60%)], lr: ['1.00e-04'], loss: 0.000589
[2024-09-20 23:15:49,066][INFO][clas_trainer:133] - train epoch: 7 [94048/134500 (70%)], lr: ['1.00e-04'], loss: 0.000713
[2024-09-20 23:16:24,415][INFO][clas_trainer:133] - train epoch: 7 [107488/134500 (80%)], lr: ['1.00e-04'], loss: 0.000502
[2024-09-20 23:16:59,625][INFO][clas_trainer:133] - train epoch: 7 [120928/134500 (90%)], lr: ['1.00e-04'], loss: 0.000598
[2024-09-20 23:17:34,916][INFO][clas_trainer:133] - train epoch: 7 [134368/134500 (100%)], lr: ['1.00e-04'], loss: 0.000374
[2024-09-20 23:18:32,198][INFO][clas_trainer:63] - [epoch   7] execution time: 418.86s	metrics:
[2024-09-20 23:18:32,198][INFO][clas_evaluator:99] - dataset: earlystopping, avg f1-score: 0.4306
[2024-09-20 23:19:06,874][INFO][clas_trainer:133] - train epoch: 8 [13408/134500 (10%)], lr: ['1.00e-04'], loss: 0.000616
[2024-09-20 23:19:44,560][INFO][clas_trainer:133] - train epoch: 8 [26848/134500 (20%)], lr: ['1.00e-04'], loss: 0.001409
[2024-09-20 23:20:20,678][INFO][clas_trainer:133] - train epoch: 8 [40288/134500 (30%)], lr: ['1.00e-04'], loss: 0.000598
[2024-09-20 23:20:57,959][INFO][clas_trainer:133] - train epoch: 8 [53728/134500 (40%)], lr: ['1.00e-04'], loss: 0.000882
[2024-09-20 23:21:32,727][INFO][clas_trainer:133] - train epoch: 8 [67168/134500 (50%)], lr: ['1.00e-04'], loss: 0.000945
[2024-09-20 23:22:05,095][INFO][clas_trainer:133] - train epoch: 8 [80608/134500 (60%)], lr: ['1.00e-04'], loss: 0.000528
[2024-09-20 23:22:39,129][INFO][clas_trainer:133] - train epoch: 8 [94048/134500 (70%)], lr: ['1.00e-04'], loss: 0.000649
[2024-09-20 23:23:12,647][INFO][clas_trainer:133] - train epoch: 8 [107488/134500 (80%)], lr: ['1.00e-04'], loss: 0.000595
[2024-09-20 23:23:48,138][INFO][clas_trainer:133] - train epoch: 8 [120928/134500 (90%)], lr: ['1.00e-04'], loss: 0.000685
[2024-09-20 23:24:23,889][INFO][clas_trainer:133] - train epoch: 8 [134368/134500 (100%)], lr: ['1.00e-04'], loss: 0.000593
[2024-09-20 23:25:21,795][INFO][clas_trainer:63] - [epoch   8] execution time: 409.60s	metrics:
[2024-09-20 23:25:21,795][INFO][clas_evaluator:99] - dataset: earlystopping, avg f1-score: 0.4348
[2024-09-20 23:25:56,253][INFO][clas_trainer:133] - train epoch: 9 [13408/134500 (10%)], lr: ['1.00e-04'], loss: 0.000499
[2024-09-20 23:26:28,968][INFO][clas_trainer:133] - train epoch: 9 [26848/134500 (20%)], lr: ['1.00e-04'], loss: 0.000781
[2024-09-20 23:27:03,075][INFO][clas_trainer:133] - train epoch: 9 [40288/134500 (30%)], lr: ['1.00e-04'], loss: 0.000668
[2024-09-20 23:27:40,158][INFO][clas_trainer:133] - train epoch: 9 [53728/134500 (40%)], lr: ['1.00e-04'], loss: 0.000536
[2024-09-20 23:28:16,235][INFO][clas_trainer:133] - train epoch: 9 [67168/134500 (50%)], lr: ['1.00e-04'], loss: 0.000813
[2024-09-20 23:28:49,924][INFO][clas_trainer:133] - train epoch: 9 [80608/134500 (60%)], lr: ['1.00e-04'], loss: 0.000583
[2024-09-20 23:29:24,390][INFO][clas_trainer:133] - train epoch: 9 [94048/134500 (70%)], lr: ['1.00e-04'], loss: 0.000623
[2024-09-20 23:29:59,955][INFO][clas_trainer:133] - train epoch: 9 [107488/134500 (80%)], lr: ['1.00e-04'], loss: 0.000606
[2024-09-20 23:30:30,895][INFO][clas_trainer:133] - train epoch: 9 [120928/134500 (90%)], lr: ['1.00e-04'], loss: 0.000718
[2024-09-20 23:31:03,926][INFO][clas_trainer:133] - train epoch: 9 [134368/134500 (100%)], lr: ['1.00e-04'], loss: 0.000552
[2024-09-20 23:31:56,978][INFO][clas_trainer:63] - [epoch   9] execution time: 395.18s	metrics:
[2024-09-20 23:31:56,979][INFO][clas_evaluator:99] - dataset: earlystopping, avg f1-score: 0.4172
[2024-09-20 23:32:29,503][INFO][clas_trainer:133] - train epoch: 10 [13408/134500 (10%)], lr: ['1.00e-04'], loss: 0.000688
[2024-09-20 23:33:00,485][INFO][clas_trainer:133] - train epoch: 10 [26848/134500 (20%)], lr: ['1.00e-04'], loss: 0.000787
[2024-09-20 23:33:31,639][INFO][clas_trainer:133] - train epoch: 10 [40288/134500 (30%)], lr: ['1.00e-04'], loss: 0.000807
[2024-09-20 23:34:03,028][INFO][clas_trainer:133] - train epoch: 10 [53728/134500 (40%)], lr: ['1.00e-04'], loss: 0.000733
[2024-09-20 23:34:34,300][INFO][clas_trainer:133] - train epoch: 10 [67168/134500 (50%)], lr: ['1.00e-04'], loss: 0.003108
[2024-09-20 23:35:05,965][INFO][clas_trainer:133] - train epoch: 10 [80608/134500 (60%)], lr: ['1.00e-04'], loss: 0.001174
[2024-09-20 23:35:36,633][INFO][clas_trainer:133] - train epoch: 10 [94048/134500 (70%)], lr: ['1.00e-04'], loss: 0.001433
[2024-09-20 23:36:06,954][INFO][clas_trainer:133] - train epoch: 10 [107488/134500 (80%)], lr: ['1.00e-04'], loss: 0.000616
[2024-09-20 23:36:37,265][INFO][clas_trainer:133] - train epoch: 10 [120928/134500 (90%)], lr: ['1.00e-04'], loss: 0.000533
[2024-09-20 23:37:07,238][INFO][clas_trainer:133] - train epoch: 10 [134368/134500 (100%)], lr: ['1.00e-04'], loss: 0.000679
[2024-09-20 23:37:58,901][INFO][clas_trainer:63] - [epoch  10] execution time: 361.92s	metrics:
[2024-09-20 23:37:58,901][INFO][clas_evaluator:99] - dataset: earlystopping, avg f1-score: 0.4439
[2024-09-20 23:38:30,178][INFO][clas_trainer:133] - train epoch: 11 [13408/134500 (10%)], lr: ['1.00e-04'], loss: 0.000487
[2024-09-20 23:39:01,499][INFO][clas_trainer:133] - train epoch: 11 [26848/134500 (20%)], lr: ['1.00e-04'], loss: 0.000540
[2024-09-20 23:39:33,063][INFO][clas_trainer:133] - train epoch: 11 [40288/134500 (30%)], lr: ['1.00e-04'], loss: 0.000690
[2024-09-20 23:40:04,359][INFO][clas_trainer:133] - train epoch: 11 [53728/134500 (40%)], lr: ['1.00e-04'], loss: 0.000597
[2024-09-20 23:40:36,385][INFO][clas_trainer:133] - train epoch: 11 [67168/134500 (50%)], lr: ['1.00e-04'], loss: 0.000823
[2024-09-20 23:41:08,460][INFO][clas_trainer:133] - train epoch: 11 [80608/134500 (60%)], lr: ['1.00e-04'], loss: 0.000814
[2024-09-20 23:41:40,048][INFO][clas_trainer:133] - train epoch: 11 [94048/134500 (70%)], lr: ['1.00e-04'], loss: 0.000622
[2024-09-20 23:42:10,678][INFO][clas_trainer:133] - train epoch: 11 [107488/134500 (80%)], lr: ['1.00e-04'], loss: 0.000589
[2024-09-20 23:42:41,026][INFO][clas_trainer:133] - train epoch: 11 [120928/134500 (90%)], lr: ['1.00e-04'], loss: 0.000441
[2024-09-20 23:43:11,505][INFO][clas_trainer:133] - train epoch: 11 [134368/134500 (100%)], lr: ['1.00e-04'], loss: 0.000626
[2024-09-20 23:44:01,488][INFO][clas_trainer:63] - [epoch  11] execution time: 362.59s	metrics:
[2024-09-20 23:44:01,489][INFO][clas_evaluator:99] - dataset: earlystopping, avg f1-score: 0.4167
[2024-09-20 23:44:31,767][INFO][clas_trainer:133] - train epoch: 12 [13408/134500 (10%)], lr: ['1.00e-04'], loss: 0.000686
[2024-09-20 23:45:01,418][INFO][clas_trainer:133] - train epoch: 12 [26848/134500 (20%)], lr: ['1.00e-04'], loss: 0.000564
[2024-09-20 23:45:31,797][INFO][clas_trainer:133] - train epoch: 12 [40288/134500 (30%)], lr: ['1.00e-04'], loss: 0.000612
[2024-09-20 23:46:02,272][INFO][clas_trainer:133] - train epoch: 12 [53728/134500 (40%)], lr: ['1.00e-04'], loss: 0.000838
[2024-09-20 23:46:33,787][INFO][clas_trainer:133] - train epoch: 12 [67168/134500 (50%)], lr: ['1.00e-04'], loss: 0.000429
[2024-09-20 23:47:06,623][INFO][clas_trainer:133] - train epoch: 12 [80608/134500 (60%)], lr: ['1.00e-04'], loss: 0.000579
[2024-09-20 23:47:37,507][INFO][clas_trainer:133] - train epoch: 12 [94048/134500 (70%)], lr: ['1.00e-04'], loss: 0.000585
[2024-09-20 23:48:08,341][INFO][clas_trainer:133] - train epoch: 12 [107488/134500 (80%)], lr: ['1.00e-04'], loss: 0.000469
[2024-09-20 23:48:38,852][INFO][clas_trainer:133] - train epoch: 12 [120928/134500 (90%)], lr: ['1.00e-04'], loss: 0.004020
[2024-09-20 23:49:09,073][INFO][clas_trainer:133] - train epoch: 12 [134368/134500 (100%)], lr: ['1.00e-04'], loss: 0.000644
[2024-09-20 23:49:59,114][INFO][clas_trainer:63] - [epoch  12] execution time: 357.62s	metrics:
[2024-09-20 23:49:59,114][INFO][clas_evaluator:99] - dataset: earlystopping, avg f1-score: 0.4355
[2024-09-20 23:49:59,117][INFO][clas_trainer:79] - finished training
[2024-09-20 23:49:59,117][INFO][clas_trainer:80] - best model on epoch: 2 	f1-score: 0.4763
