[2024-10-02 01:06:35,491][INFO][fine-tune:25] - Using GPU 0
[2024-10-02 01:06:35,493][INFO][fine-tune:35] - overrides:
hydra:
- hydra.launcher.n_jobs=20
- hydra.mode=MULTIRUN
task:
- m_seed_path_sids={seeds:[3,3,3,3,3],path:"exp002b-m3-simple_multi_class-2024-09-16_15-54-06-final.pth",subject_ids:{sleepedfx:$\{data.sleepedfx.cv_5_fold.fold_4\}}}
- data.downstream.train_dataloader.dataset.data_reducer.n_subjects=-1
- general.gpus=[0,1,2]

[2024-10-02 01:06:43,049][INFO][data_loaders:39] - class distribution before data reduction:
# samples per subject
SC4001E0: 841
SC4002E0: 1127
SC4011E0: 1103
SC4012E0: 1186
SC4031E0: 952
SC4032E0: 911
SC4051E0: 672
SC4052E0: 1246
SC4061E0: 843
SC4062E0: 1016
SC4081E0: 1134
SC4082E0: 1054
SC4091E0: 1132
SC4092E0: 1105
SC4101E0: 1104
SC4102E0: 1092
SC4121E0: 1052
SC4122E0: 977
SC4131E0: 1028
SC4141E0: 1004
SC4142E0: 952
SC4151E0: 952
SC4152E0: 1762
SC4171E0: 1002
SC4172E0: 1773
SC4201E0: 1022
SC4202E0: 1021
SC4211E0: 1578
SC4212E0: 808
SC4221E0: 1099
SC4222E0: 1108
SC4231E0: 904
SC4232E0: 1729
SC4241E0: 1673
SC4242E0: 1775
SC4261F0: 1597
SC4262F0: 980
SC4271F0: 1052
SC4272F0: 1090
SC4281G0: 1127
SC4282G0: 1070
SC4301E0: 929
SC4302E0: 854
SC4311E0: 1054
SC4312E0: 1181
SC4321E0: 1560
SC4322E0: 1021
SC4341F0: 1501
SC4342F0: 1582
SC4351F0: 976
SC4352F0: 963
SC4362F0: 824
SC4371F0: 918
SC4372F0: 1509
SC4411E0: 1078
SC4412E0: 924
SC4431E0: 699
SC4432E0: 962
SC4441E0: 1195
SC4442E0: 1092
SC4451F0: 1208
SC4452F0: 1166
SC4471F0: 1187
SC4472F0: 2161
SC4481F0: 2027
SC4482F0: 1910
SC4491G0: 1101
SC4492G0: 1040
SC4501E0: 1326
SC4502E0: 1103
SC4511E0: 1087
SC4512E0: 954
SC4522E0: 997
SC4531E0: 1096
SC4532E0: 1056
SC4541F0: 1716
SC4542F0: 1148
SC4551F0: 1047
SC4552F0: 1090
SC4561F0: 1237
SC4562F0: 1148
SC4571F0: 1236
SC4572F0: 1095
SC4591G0: 1840
SC4592G0: 1231
SC4601E0: 1349
SC4602E0: 2043
SC4621E0: 1445
SC4622E0: 1823
SC4641E0: 1271
SC4642E0: 2049
SC4651E0: 2644
SC4652E0: 1929
SC4671G0: 1968
SC4672G0: 1021
SC4701E0: 1717
SC4702E0: 1515
SC4721E0: 1031
SC4722E0: 1130
SC4731E0: 2667
SC4732E0: 2318
SC4741E0: 2210
SC4742E0: 1063
SC4751E0: 2044
SC4752E0: 1049
SC4771G0: 1325
SC4772G0: 1324

# samples per stage
0: 46617
1: 15524
2: 47730
3: 9204
4: 17542
[2024-10-02 01:06:43,475][INFO][data_loaders:43] - class distribution after data reduction:
# samples per subject
SC4001E0: 841
SC4002E0: 1127
SC4011E0: 1103
SC4012E0: 1186
SC4031E0: 952
SC4032E0: 911
SC4051E0: 672
SC4052E0: 1246
SC4061E0: 843
SC4062E0: 1016
SC4081E0: 1134
SC4082E0: 1054
SC4091E0: 1132
SC4092E0: 1105
SC4101E0: 1104
SC4102E0: 1092
SC4121E0: 1052
SC4122E0: 977
SC4131E0: 1028
SC4141E0: 1004
SC4142E0: 952
SC4151E0: 952
SC4152E0: 1762
SC4171E0: 1002
SC4172E0: 1773
SC4201E0: 1022
SC4202E0: 1021
SC4211E0: 1578
SC4212E0: 808
SC4221E0: 1099
SC4222E0: 1108
SC4231E0: 904
SC4232E0: 1729
SC4241E0: 1673
SC4242E0: 1775
SC4261F0: 1597
SC4262F0: 980
SC4271F0: 1052
SC4272F0: 1090
SC4281G0: 1127
SC4282G0: 1070
SC4301E0: 929
SC4302E0: 854
SC4311E0: 1054
SC4312E0: 1181
SC4321E0: 1560
SC4322E0: 1021
SC4341F0: 1501
SC4342F0: 1582
SC4351F0: 976
SC4352F0: 963
SC4362F0: 824
SC4371F0: 918
SC4372F0: 1509
SC4411E0: 1078
SC4412E0: 924
SC4431E0: 699
SC4432E0: 962
SC4441E0: 1195
SC4442E0: 1092
SC4451F0: 1208
SC4452F0: 1166
SC4471F0: 1187
SC4472F0: 2161
SC4481F0: 2027
SC4482F0: 1910
SC4491G0: 1101
SC4492G0: 1040
SC4501E0: 1326
SC4502E0: 1103
SC4511E0: 1087
SC4512E0: 954
SC4522E0: 997
SC4531E0: 1096
SC4532E0: 1056
SC4541F0: 1716
SC4542F0: 1148
SC4551F0: 1047
SC4552F0: 1090
SC4561F0: 1237
SC4562F0: 1148
SC4571F0: 1236
SC4572F0: 1095
SC4591G0: 1840
SC4592G0: 1231
SC4601E0: 1349
SC4602E0: 2043
SC4621E0: 1445
SC4622E0: 1823
SC4641E0: 1271
SC4642E0: 2049
SC4651E0: 2644
SC4652E0: 1929
SC4671G0: 1968
SC4672G0: 1021
SC4701E0: 1717
SC4702E0: 1515
SC4721E0: 1031
SC4722E0: 1130
SC4731E0: 2667
SC4732E0: 2318
SC4741E0: 2210
SC4742E0: 1063
SC4751E0: 2044
SC4752E0: 1049
SC4771G0: 1325
SC4772G0: 1324

# samples per stage
0: 46617
1: 15524
2: 47730
3: 9204
4: 17542
[2024-10-02 01:06:44,339][INFO][data_loaders:39] - class distribution before data reduction:
# samples per subject
SC4021E0: 1025
SC4022E0: 1009
SC4111E0: 928
SC4112E0: 802
SC4291G0: 1131
SC4292G0: 1605
SC4331F0: 1888
SC4332F0: 1312
SC4401E0: 1064
SC4402E0: 1072
SC4461F0: 983
SC4462F0: 1022
SC4761E0: 1683
SC4762E0: 2662
SC4811G0: 1293
SC4812G0: 1183

# samples per stage
0: 7660
1: 1927
2: 7106
3: 1128
4: 2841
[2024-10-02 01:06:44,379][INFO][data_loaders:43] - class distribution after data reduction:
# samples per subject
SC4021E0: 1025
SC4022E0: 1009
SC4111E0: 928
SC4112E0: 802
SC4291G0: 1131
SC4292G0: 1605
SC4331F0: 1888
SC4332F0: 1312
SC4401E0: 1064
SC4402E0: 1072
SC4461F0: 983
SC4462F0: 1022
SC4761E0: 1683
SC4762E0: 2662
SC4811G0: 1293
SC4812G0: 1183

# samples per stage
0: 7660
1: 1927
2: 7106
3: 1128
4: 2841
[2024-10-02 01:06:50,605][INFO][clas_trainer:49] - metrics before training (epoch 0):
[2024-10-02 01:07:29,765][INFO][clas_evaluator:132] - dataset: earlystopping, avg f1-score: 0.0477
[2024-10-02 01:07:55,519][INFO][clas_trainer:133] - train epoch: 1 [13632/136617 (10%)], lr: ['1.00e-04'], loss: 0.769463
[2024-10-02 01:08:20,694][INFO][clas_trainer:133] - train epoch: 1 [27296/136617 (20%)], lr: ['1.00e-04'], loss: 0.977483
[2024-10-02 01:08:45,719][INFO][clas_trainer:133] - train epoch: 1 [40960/136617 (30%)], lr: ['1.00e-04'], loss: 0.916542
[2024-10-02 01:09:10,816][INFO][clas_trainer:133] - train epoch: 1 [54624/136617 (40%)], lr: ['1.00e-04'], loss: 0.747090
[2024-10-02 01:09:35,055][INFO][clas_trainer:133] - train epoch: 1 [68288/136617 (50%)], lr: ['1.00e-04'], loss: 0.730443
[2024-10-02 01:09:59,543][INFO][clas_trainer:133] - train epoch: 1 [81952/136617 (60%)], lr: ['1.00e-04'], loss: 0.739069
[2024-10-02 01:10:24,202][INFO][clas_trainer:133] - train epoch: 1 [95616/136617 (70%)], lr: ['1.00e-04'], loss: 0.663909
[2024-10-02 01:10:48,581][INFO][clas_trainer:133] - train epoch: 1 [109280/136617 (80%)], lr: ['1.00e-04'], loss: 0.914399
[2024-10-02 01:11:13,283][INFO][clas_trainer:133] - train epoch: 1 [122944/136617 (90%)], lr: ['1.00e-04'], loss: 0.850372
[2024-10-02 01:11:38,450][INFO][clas_trainer:133] - train epoch: 1 [38421/136617 (100%)], lr: ['1.00e-04'], loss: 1.104883
[2024-10-02 01:12:17,803][INFO][clas_trainer:63] - [epoch   1] execution time: 288.04s	metrics:
[2024-10-02 01:12:17,803][INFO][clas_evaluator:132] - dataset: earlystopping, avg f1-score: 0.6311
[2024-10-02 01:12:17,824][INFO][base_model:51] - snapshot saved to XXX/frequency-pretraining/models/exp002d-m3-base_fe_clas-2024-10-02_01-06-31-final.pth
[2024-10-02 01:12:43,504][INFO][clas_trainer:133] - train epoch: 2 [13632/136617 (10%)], lr: ['1.00e-04'], loss: 0.812063
[2024-10-02 01:13:09,190][INFO][clas_trainer:133] - train epoch: 2 [27296/136617 (20%)], lr: ['1.00e-04'], loss: 0.931130
[2024-10-02 01:13:35,143][INFO][clas_trainer:133] - train epoch: 2 [40960/136617 (30%)], lr: ['1.00e-04'], loss: 0.689676
[2024-10-02 01:14:00,559][INFO][clas_trainer:133] - train epoch: 2 [54624/136617 (40%)], lr: ['1.00e-04'], loss: 1.144937
[2024-10-02 01:14:25,791][INFO][clas_trainer:133] - train epoch: 2 [68288/136617 (50%)], lr: ['1.00e-04'], loss: 0.638134
[2024-10-02 01:14:50,336][INFO][clas_trainer:133] - train epoch: 2 [81952/136617 (60%)], lr: ['1.00e-04'], loss: 0.769232
[2024-10-02 01:15:14,680][INFO][clas_trainer:133] - train epoch: 2 [95616/136617 (70%)], lr: ['1.00e-04'], loss: 0.753015
[2024-10-02 01:15:39,270][INFO][clas_trainer:133] - train epoch: 2 [109280/136617 (80%)], lr: ['1.00e-04'], loss: 0.978819
[2024-10-02 01:16:03,810][INFO][clas_trainer:133] - train epoch: 2 [122944/136617 (90%)], lr: ['1.00e-04'], loss: 0.901074
[2024-10-02 01:16:28,390][INFO][clas_trainer:133] - train epoch: 2 [38421/136617 (100%)], lr: ['1.00e-04'], loss: 0.740000
[2024-10-02 01:17:07,952][INFO][clas_trainer:63] - [epoch   2] execution time: 290.13s	metrics:
[2024-10-02 01:17:07,952][INFO][clas_evaluator:132] - dataset: earlystopping, avg f1-score: 0.6491
[2024-10-02 01:17:07,974][INFO][base_model:51] - snapshot saved to XXX/frequency-pretraining/models/exp002d-m3-base_fe_clas-2024-10-02_01-06-31-final.pth
[2024-10-02 01:17:33,133][INFO][clas_trainer:133] - train epoch: 3 [13632/136617 (10%)], lr: ['1.00e-04'], loss: 0.799959
[2024-10-02 01:17:58,402][INFO][clas_trainer:133] - train epoch: 3 [27296/136617 (20%)], lr: ['1.00e-04'], loss: 0.776457
[2024-10-02 01:18:23,664][INFO][clas_trainer:133] - train epoch: 3 [40960/136617 (30%)], lr: ['1.00e-04'], loss: 0.394131
[2024-10-02 01:18:48,659][INFO][clas_trainer:133] - train epoch: 3 [54624/136617 (40%)], lr: ['1.00e-04'], loss: 0.736143
[2024-10-02 01:19:13,298][INFO][clas_trainer:133] - train epoch: 3 [68288/136617 (50%)], lr: ['1.00e-04'], loss: 0.647642
[2024-10-02 01:19:38,427][INFO][clas_trainer:133] - train epoch: 3 [81952/136617 (60%)], lr: ['1.00e-04'], loss: 0.616814
[2024-10-02 01:20:03,116][INFO][clas_trainer:133] - train epoch: 3 [95616/136617 (70%)], lr: ['1.00e-04'], loss: 0.804849
[2024-10-02 01:20:27,620][INFO][clas_trainer:133] - train epoch: 3 [109280/136617 (80%)], lr: ['1.00e-04'], loss: 0.978521
[2024-10-02 01:20:52,238][INFO][clas_trainer:133] - train epoch: 3 [122944/136617 (90%)], lr: ['1.00e-04'], loss: 0.620595
[2024-10-02 01:21:16,970][INFO][clas_trainer:133] - train epoch: 3 [38421/136617 (100%)], lr: ['1.00e-04'], loss: 0.808926
[2024-10-02 01:21:56,830][INFO][clas_trainer:63] - [epoch   3] execution time: 288.86s	metrics:
[2024-10-02 01:21:56,831][INFO][clas_evaluator:132] - dataset: earlystopping, avg f1-score: 0.6602
[2024-10-02 01:21:56,852][INFO][base_model:51] - snapshot saved to XXX/frequency-pretraining/models/exp002d-m3-base_fe_clas-2024-10-02_01-06-31-final.pth
[2024-10-02 01:22:22,756][INFO][clas_trainer:133] - train epoch: 4 [13632/136617 (10%)], lr: ['1.00e-04'], loss: 0.682418
[2024-10-02 01:22:47,408][INFO][clas_trainer:133] - train epoch: 4 [27296/136617 (20%)], lr: ['1.00e-04'], loss: 0.716256
[2024-10-02 01:23:12,066][INFO][clas_trainer:133] - train epoch: 4 [40960/136617 (30%)], lr: ['1.00e-04'], loss: 0.733469
[2024-10-02 01:23:36,788][INFO][clas_trainer:133] - train epoch: 4 [54624/136617 (40%)], lr: ['1.00e-04'], loss: 0.390595
[2024-10-02 01:24:01,485][INFO][clas_trainer:133] - train epoch: 4 [68288/136617 (50%)], lr: ['1.00e-04'], loss: 0.762429
[2024-10-02 01:24:25,924][INFO][clas_trainer:133] - train epoch: 4 [81952/136617 (60%)], lr: ['1.00e-04'], loss: 0.547133
[2024-10-02 01:24:50,517][INFO][clas_trainer:133] - train epoch: 4 [95616/136617 (70%)], lr: ['1.00e-04'], loss: 0.390371
[2024-10-02 01:25:15,165][INFO][clas_trainer:133] - train epoch: 4 [109280/136617 (80%)], lr: ['1.00e-04'], loss: 0.794885
[2024-10-02 01:25:39,615][INFO][clas_trainer:133] - train epoch: 4 [122944/136617 (90%)], lr: ['1.00e-04'], loss: 0.574599
[2024-10-02 01:26:04,360][INFO][clas_trainer:133] - train epoch: 4 [38421/136617 (100%)], lr: ['1.00e-04'], loss: 0.596911
[2024-10-02 01:26:44,056][INFO][clas_trainer:63] - [epoch   4] execution time: 287.20s	metrics:
[2024-10-02 01:26:44,057][INFO][clas_evaluator:132] - dataset: earlystopping, avg f1-score: 0.6299
[2024-10-02 01:27:09,160][INFO][clas_trainer:133] - train epoch: 5 [13632/136617 (10%)], lr: ['1.00e-04'], loss: 0.586268
[2024-10-02 01:27:33,701][INFO][clas_trainer:133] - train epoch: 5 [27296/136617 (20%)], lr: ['1.00e-04'], loss: 0.720412
[2024-10-02 01:27:58,011][INFO][clas_trainer:133] - train epoch: 5 [40960/136617 (30%)], lr: ['1.00e-04'], loss: 0.459920
[2024-10-02 01:28:22,648][INFO][clas_trainer:133] - train epoch: 5 [54624/136617 (40%)], lr: ['1.00e-04'], loss: 0.717892
[2024-10-02 01:28:47,032][INFO][clas_trainer:133] - train epoch: 5 [68288/136617 (50%)], lr: ['1.00e-04'], loss: 0.461006
[2024-10-02 01:29:11,418][INFO][clas_trainer:133] - train epoch: 5 [81952/136617 (60%)], lr: ['1.00e-04'], loss: 0.947880
[2024-10-02 01:29:35,838][INFO][clas_trainer:133] - train epoch: 5 [95616/136617 (70%)], lr: ['1.00e-04'], loss: 0.659712
[2024-10-02 01:30:00,221][INFO][clas_trainer:133] - train epoch: 5 [109280/136617 (80%)], lr: ['1.00e-04'], loss: 0.514397
[2024-10-02 01:30:24,505][INFO][clas_trainer:133] - train epoch: 5 [122944/136617 (90%)], lr: ['1.00e-04'], loss: 0.810901
[2024-10-02 01:30:48,771][INFO][clas_trainer:133] - train epoch: 5 [38421/136617 (100%)], lr: ['1.00e-04'], loss: 0.682312
[2024-10-02 01:31:28,337][INFO][clas_trainer:63] - [epoch   5] execution time: 284.28s	metrics:
[2024-10-02 01:31:28,337][INFO][clas_evaluator:132] - dataset: earlystopping, avg f1-score: 0.6612
[2024-10-02 01:31:28,358][INFO][base_model:51] - snapshot saved to XXX/frequency-pretraining/models/exp002d-m3-base_fe_clas-2024-10-02_01-06-31-final.pth
[2024-10-02 01:31:54,185][INFO][clas_trainer:133] - train epoch: 6 [13632/136617 (10%)], lr: ['1.00e-04'], loss: 0.563468
[2024-10-02 01:32:19,220][INFO][clas_trainer:133] - train epoch: 6 [27296/136617 (20%)], lr: ['1.00e-04'], loss: 0.573518
[2024-10-02 01:32:44,101][INFO][clas_trainer:133] - train epoch: 6 [40960/136617 (30%)], lr: ['1.00e-04'], loss: 0.658113
[2024-10-02 01:33:09,446][INFO][clas_trainer:133] - train epoch: 6 [54624/136617 (40%)], lr: ['1.00e-04'], loss: 0.698919
[2024-10-02 01:33:34,384][INFO][clas_trainer:133] - train epoch: 6 [68288/136617 (50%)], lr: ['1.00e-04'], loss: 0.645964
[2024-10-02 01:33:59,182][INFO][clas_trainer:133] - train epoch: 6 [81952/136617 (60%)], lr: ['1.00e-04'], loss: 0.580686
[2024-10-02 01:34:23,876][INFO][clas_trainer:133] - train epoch: 6 [95616/136617 (70%)], lr: ['1.00e-04'], loss: 0.400271
[2024-10-02 01:34:49,390][INFO][clas_trainer:133] - train epoch: 6 [109280/136617 (80%)], lr: ['1.00e-04'], loss: 0.815012
[2024-10-02 01:35:15,019][INFO][clas_trainer:133] - train epoch: 6 [122944/136617 (90%)], lr: ['1.00e-04'], loss: 0.643484
[2024-10-02 01:35:39,873][INFO][clas_trainer:133] - train epoch: 6 [38421/136617 (100%)], lr: ['1.00e-04'], loss: 0.235131
[2024-10-02 01:36:19,902][INFO][clas_trainer:63] - [epoch   6] execution time: 291.54s	metrics:
[2024-10-02 01:36:19,902][INFO][clas_evaluator:132] - dataset: earlystopping, avg f1-score: 0.6552
[2024-10-02 01:36:45,238][INFO][clas_trainer:133] - train epoch: 7 [13632/136617 (10%)], lr: ['1.00e-04'], loss: 0.521888
[2024-10-02 01:37:10,113][INFO][clas_trainer:133] - train epoch: 7 [27296/136617 (20%)], lr: ['1.00e-04'], loss: 0.510750
[2024-10-02 01:37:34,963][INFO][clas_trainer:133] - train epoch: 7 [40960/136617 (30%)], lr: ['1.00e-04'], loss: 0.508716
[2024-10-02 01:37:59,501][INFO][clas_trainer:133] - train epoch: 7 [54624/136617 (40%)], lr: ['1.00e-04'], loss: 0.750945
[2024-10-02 01:38:24,244][INFO][clas_trainer:133] - train epoch: 7 [68288/136617 (50%)], lr: ['1.00e-04'], loss: 0.855473
[2024-10-02 01:38:49,097][INFO][clas_trainer:133] - train epoch: 7 [81952/136617 (60%)], lr: ['1.00e-04'], loss: 0.698630
[2024-10-02 01:39:13,761][INFO][clas_trainer:133] - train epoch: 7 [95616/136617 (70%)], lr: ['1.00e-04'], loss: 0.811520
[2024-10-02 01:39:38,181][INFO][clas_trainer:133] - train epoch: 7 [109280/136617 (80%)], lr: ['1.00e-04'], loss: 0.824315
[2024-10-02 01:40:02,691][INFO][clas_trainer:133] - train epoch: 7 [122944/136617 (90%)], lr: ['1.00e-04'], loss: 0.677277
[2024-10-02 01:40:27,422][INFO][clas_trainer:133] - train epoch: 7 [38421/136617 (100%)], lr: ['1.00e-04'], loss: 0.794193
[2024-10-02 01:41:06,860][INFO][clas_trainer:63] - [epoch   7] execution time: 286.96s	metrics:
[2024-10-02 01:41:06,861][INFO][clas_evaluator:132] - dataset: earlystopping, avg f1-score: 0.6700
[2024-10-02 01:41:06,881][INFO][base_model:51] - snapshot saved to XXX/frequency-pretraining/models/exp002d-m3-base_fe_clas-2024-10-02_01-06-31-final.pth
[2024-10-02 01:41:31,795][INFO][clas_trainer:133] - train epoch: 8 [13632/136617 (10%)], lr: ['1.00e-04'], loss: 0.587343
[2024-10-02 01:41:56,773][INFO][clas_trainer:133] - train epoch: 8 [27296/136617 (20%)], lr: ['1.00e-04'], loss: 0.755126
[2024-10-02 01:42:21,710][INFO][clas_trainer:133] - train epoch: 8 [40960/136617 (30%)], lr: ['1.00e-04'], loss: 0.615402
[2024-10-02 01:42:46,567][INFO][clas_trainer:133] - train epoch: 8 [54624/136617 (40%)], lr: ['1.00e-04'], loss: 0.303175
[2024-10-02 01:43:10,903][INFO][clas_trainer:133] - train epoch: 8 [68288/136617 (50%)], lr: ['1.00e-04'], loss: 0.613664
[2024-10-02 01:43:35,567][INFO][clas_trainer:133] - train epoch: 8 [81952/136617 (60%)], lr: ['1.00e-04'], loss: 0.909670
[2024-10-02 01:44:00,518][INFO][clas_trainer:133] - train epoch: 8 [95616/136617 (70%)], lr: ['1.00e-04'], loss: 0.648135
[2024-10-02 01:44:24,947][INFO][clas_trainer:133] - train epoch: 8 [109280/136617 (80%)], lr: ['1.00e-04'], loss: 0.695862
[2024-10-02 01:44:49,603][INFO][clas_trainer:133] - train epoch: 8 [122944/136617 (90%)], lr: ['1.00e-04'], loss: 0.720608
[2024-10-02 01:45:14,162][INFO][clas_trainer:133] - train epoch: 8 [38421/136617 (100%)], lr: ['1.00e-04'], loss: 0.314475
[2024-10-02 01:45:53,500][INFO][clas_trainer:63] - [epoch   8] execution time: 286.62s	metrics:
[2024-10-02 01:45:53,501][INFO][clas_evaluator:132] - dataset: earlystopping, avg f1-score: 0.6537
[2024-10-02 01:46:18,623][INFO][clas_trainer:133] - train epoch: 9 [13632/136617 (10%)], lr: ['1.00e-04'], loss: 0.419474
[2024-10-02 01:46:43,459][INFO][clas_trainer:133] - train epoch: 9 [27296/136617 (20%)], lr: ['1.00e-04'], loss: 0.591065
[2024-10-02 01:47:09,355][INFO][clas_trainer:133] - train epoch: 9 [40960/136617 (30%)], lr: ['1.00e-04'], loss: 0.602863
[2024-10-02 01:47:34,219][INFO][clas_trainer:133] - train epoch: 9 [54624/136617 (40%)], lr: ['1.00e-04'], loss: 0.717785
[2024-10-02 01:47:58,901][INFO][clas_trainer:133] - train epoch: 9 [68288/136617 (50%)], lr: ['1.00e-04'], loss: 0.635862
[2024-10-02 01:48:23,340][INFO][clas_trainer:133] - train epoch: 9 [81952/136617 (60%)], lr: ['1.00e-04'], loss: 0.544408
[2024-10-02 01:48:48,038][INFO][clas_trainer:133] - train epoch: 9 [95616/136617 (70%)], lr: ['1.00e-04'], loss: 0.620474
[2024-10-02 01:49:12,905][INFO][clas_trainer:133] - train epoch: 9 [109280/136617 (80%)], lr: ['1.00e-04'], loss: 0.607111
[2024-10-02 01:49:37,718][INFO][clas_trainer:133] - train epoch: 9 [122944/136617 (90%)], lr: ['1.00e-04'], loss: 0.502090
[2024-10-02 01:50:02,343][INFO][clas_trainer:133] - train epoch: 9 [38421/136617 (100%)], lr: ['1.00e-04'], loss: 0.676474
[2024-10-02 01:50:41,450][INFO][clas_trainer:63] - [epoch   9] execution time: 287.95s	metrics:
[2024-10-02 01:50:41,451][INFO][clas_evaluator:132] - dataset: earlystopping, avg f1-score: 0.6664
[2024-10-02 01:51:06,194][INFO][clas_trainer:133] - train epoch: 10 [13632/136617 (10%)], lr: ['1.00e-04'], loss: 0.536013
[2024-10-02 01:51:31,296][INFO][clas_trainer:133] - train epoch: 10 [27296/136617 (20%)], lr: ['1.00e-04'], loss: 0.509747
[2024-10-02 01:51:56,460][INFO][clas_trainer:133] - train epoch: 10 [40960/136617 (30%)], lr: ['1.00e-04'], loss: 0.611528
[2024-10-02 01:52:21,684][INFO][clas_trainer:133] - train epoch: 10 [54624/136617 (40%)], lr: ['1.00e-04'], loss: 0.648537
[2024-10-02 01:52:46,526][INFO][clas_trainer:133] - train epoch: 10 [68288/136617 (50%)], lr: ['1.00e-04'], loss: 0.572848
[2024-10-02 01:53:11,845][INFO][clas_trainer:133] - train epoch: 10 [81952/136617 (60%)], lr: ['1.00e-04'], loss: 0.536923
[2024-10-02 01:53:36,854][INFO][clas_trainer:133] - train epoch: 10 [95616/136617 (70%)], lr: ['1.00e-04'], loss: 0.679090
[2024-10-02 01:54:02,264][INFO][clas_trainer:133] - train epoch: 10 [109280/136617 (80%)], lr: ['1.00e-04'], loss: 0.524193
[2024-10-02 01:54:27,388][INFO][clas_trainer:133] - train epoch: 10 [122944/136617 (90%)], lr: ['1.00e-04'], loss: 0.601259
[2024-10-02 01:54:52,203][INFO][clas_trainer:133] - train epoch: 10 [38421/136617 (100%)], lr: ['1.00e-04'], loss: 0.373457
[2024-10-02 01:55:32,290][INFO][clas_trainer:63] - [epoch  10] execution time: 290.84s	metrics:
[2024-10-02 01:55:32,291][INFO][clas_evaluator:132] - dataset: earlystopping, avg f1-score: 0.6302
[2024-10-02 01:55:56,821][INFO][clas_trainer:133] - train epoch: 11 [13632/136617 (10%)], lr: ['1.00e-04'], loss: 0.629970
[2024-10-02 01:56:21,452][INFO][clas_trainer:133] - train epoch: 11 [27296/136617 (20%)], lr: ['1.00e-04'], loss: 0.512275
[2024-10-02 01:56:46,124][INFO][clas_trainer:133] - train epoch: 11 [40960/136617 (30%)], lr: ['1.00e-04'], loss: 0.549860
[2024-10-02 01:57:10,663][INFO][clas_trainer:133] - train epoch: 11 [54624/136617 (40%)], lr: ['1.00e-04'], loss: 0.572405
[2024-10-02 01:57:34,992][INFO][clas_trainer:133] - train epoch: 11 [68288/136617 (50%)], lr: ['1.00e-04'], loss: 0.575069
[2024-10-02 01:57:59,724][INFO][clas_trainer:133] - train epoch: 11 [81952/136617 (60%)], lr: ['1.00e-04'], loss: 0.500601
[2024-10-02 01:58:24,541][INFO][clas_trainer:133] - train epoch: 11 [95616/136617 (70%)], lr: ['1.00e-04'], loss: 0.602043
[2024-10-02 01:58:49,453][INFO][clas_trainer:133] - train epoch: 11 [109280/136617 (80%)], lr: ['1.00e-04'], loss: 0.613777
[2024-10-02 01:59:14,049][INFO][clas_trainer:133] - train epoch: 11 [122944/136617 (90%)], lr: ['1.00e-04'], loss: 0.743873
[2024-10-02 01:59:38,451][INFO][clas_trainer:133] - train epoch: 11 [38421/136617 (100%)], lr: ['1.00e-04'], loss: 0.360501
[2024-10-02 02:00:18,183][INFO][clas_trainer:63] - [epoch  11] execution time: 285.89s	metrics:
[2024-10-02 02:00:18,183][INFO][clas_evaluator:132] - dataset: earlystopping, avg f1-score: 0.6724
[2024-10-02 02:00:18,207][INFO][base_model:51] - snapshot saved to XXX/frequency-pretraining/models/exp002d-m3-base_fe_clas-2024-10-02_01-06-31-final.pth
[2024-10-02 02:00:43,486][INFO][clas_trainer:133] - train epoch: 12 [13632/136617 (10%)], lr: ['1.00e-04'], loss: 0.786060
[2024-10-02 02:01:08,341][INFO][clas_trainer:133] - train epoch: 12 [27296/136617 (20%)], lr: ['1.00e-04'], loss: 0.813899
[2024-10-02 02:01:33,061][INFO][clas_trainer:133] - train epoch: 12 [40960/136617 (30%)], lr: ['1.00e-04'], loss: 0.339507
[2024-10-02 02:01:58,381][INFO][clas_trainer:133] - train epoch: 12 [54624/136617 (40%)], lr: ['1.00e-04'], loss: 0.822629
[2024-10-02 02:02:23,079][INFO][clas_trainer:133] - train epoch: 12 [68288/136617 (50%)], lr: ['1.00e-04'], loss: 0.827047
[2024-10-02 02:02:47,877][INFO][clas_trainer:133] - train epoch: 12 [81952/136617 (60%)], lr: ['1.00e-04'], loss: 0.613794
[2024-10-02 02:03:12,461][INFO][clas_trainer:133] - train epoch: 12 [95616/136617 (70%)], lr: ['1.00e-04'], loss: 0.635979
[2024-10-02 02:03:36,934][INFO][clas_trainer:133] - train epoch: 12 [109280/136617 (80%)], lr: ['1.00e-04'], loss: 0.515134
[2024-10-02 02:04:01,920][INFO][clas_trainer:133] - train epoch: 12 [122944/136617 (90%)], lr: ['1.00e-04'], loss: 0.741310
[2024-10-02 02:04:27,343][INFO][clas_trainer:133] - train epoch: 12 [38421/136617 (100%)], lr: ['1.00e-04'], loss: 0.754142
[2024-10-02 02:05:06,942][INFO][clas_trainer:63] - [epoch  12] execution time: 288.74s	metrics:
[2024-10-02 02:05:06,943][INFO][clas_evaluator:132] - dataset: earlystopping, avg f1-score: 0.6731
[2024-10-02 02:05:06,964][INFO][base_model:51] - snapshot saved to XXX/frequency-pretraining/models/exp002d-m3-base_fe_clas-2024-10-02_01-06-31-final.pth
[2024-10-02 02:05:32,234][INFO][clas_trainer:133] - train epoch: 13 [13632/136617 (10%)], lr: ['1.00e-04'], loss: 0.790945
[2024-10-02 02:05:56,445][INFO][clas_trainer:133] - train epoch: 13 [27296/136617 (20%)], lr: ['1.00e-04'], loss: 0.854420
[2024-10-02 02:06:21,008][INFO][clas_trainer:133] - train epoch: 13 [40960/136617 (30%)], lr: ['1.00e-04'], loss: 0.640864
[2024-10-02 02:06:45,808][INFO][clas_trainer:133] - train epoch: 13 [54624/136617 (40%)], lr: ['1.00e-04'], loss: 0.677336
[2024-10-02 02:07:10,578][INFO][clas_trainer:133] - train epoch: 13 [68288/136617 (50%)], lr: ['1.00e-04'], loss: 0.597744
[2024-10-02 02:07:35,063][INFO][clas_trainer:133] - train epoch: 13 [81952/136617 (60%)], lr: ['1.00e-04'], loss: 0.645155
[2024-10-02 02:07:59,676][INFO][clas_trainer:133] - train epoch: 13 [95616/136617 (70%)], lr: ['1.00e-04'], loss: 0.501586
[2024-10-02 02:08:24,467][INFO][clas_trainer:133] - train epoch: 13 [109280/136617 (80%)], lr: ['1.00e-04'], loss: 0.822409
[2024-10-02 02:08:49,238][INFO][clas_trainer:133] - train epoch: 13 [122944/136617 (90%)], lr: ['1.00e-04'], loss: 0.457028
[2024-10-02 02:09:14,576][INFO][clas_trainer:133] - train epoch: 13 [38421/136617 (100%)], lr: ['1.00e-04'], loss: 0.825181
[2024-10-02 02:09:53,999][INFO][clas_trainer:63] - [epoch  13] execution time: 287.04s	metrics:
[2024-10-02 02:09:53,999][INFO][clas_evaluator:132] - dataset: earlystopping, avg f1-score: 0.6764
[2024-10-02 02:09:54,020][INFO][base_model:51] - snapshot saved to XXX/frequency-pretraining/models/exp002d-m3-base_fe_clas-2024-10-02_01-06-31-final.pth
[2024-10-02 02:10:19,427][INFO][clas_trainer:133] - train epoch: 14 [13632/136617 (10%)], lr: ['1.00e-04'], loss: 0.842818
[2024-10-02 02:10:44,331][INFO][clas_trainer:133] - train epoch: 14 [27296/136617 (20%)], lr: ['1.00e-04'], loss: 0.744913
[2024-10-02 02:11:09,096][INFO][clas_trainer:133] - train epoch: 14 [40960/136617 (30%)], lr: ['1.00e-04'], loss: 0.694213
[2024-10-02 02:11:34,169][INFO][clas_trainer:133] - train epoch: 14 [54624/136617 (40%)], lr: ['1.00e-04'], loss: 0.510737
[2024-10-02 02:11:59,417][INFO][clas_trainer:133] - train epoch: 14 [68288/136617 (50%)], lr: ['1.00e-04'], loss: 0.479554
[2024-10-02 02:12:24,283][INFO][clas_trainer:133] - train epoch: 14 [81952/136617 (60%)], lr: ['1.00e-04'], loss: 0.648671
[2024-10-02 02:12:49,243][INFO][clas_trainer:133] - train epoch: 14 [95616/136617 (70%)], lr: ['1.00e-04'], loss: 0.842733
[2024-10-02 02:13:14,420][INFO][clas_trainer:133] - train epoch: 14 [109280/136617 (80%)], lr: ['1.00e-04'], loss: 0.519353
[2024-10-02 02:13:40,014][INFO][clas_trainer:133] - train epoch: 14 [122944/136617 (90%)], lr: ['1.00e-04'], loss: 0.379735
[2024-10-02 02:14:05,014][INFO][clas_trainer:133] - train epoch: 14 [38421/136617 (100%)], lr: ['1.00e-04'], loss: 0.652565
[2024-10-02 02:14:44,936][INFO][clas_trainer:63] - [epoch  14] execution time: 290.92s	metrics:
[2024-10-02 02:14:44,936][INFO][clas_evaluator:132] - dataset: earlystopping, avg f1-score: 0.6672
[2024-10-02 02:15:10,183][INFO][clas_trainer:133] - train epoch: 15 [13632/136617 (10%)], lr: ['1.00e-04'], loss: 0.649962
[2024-10-02 02:15:34,380][INFO][clas_trainer:133] - train epoch: 15 [27296/136617 (20%)], lr: ['1.00e-04'], loss: 0.904161
[2024-10-02 02:15:58,740][INFO][clas_trainer:133] - train epoch: 15 [40960/136617 (30%)], lr: ['1.00e-04'], loss: 0.575405
[2024-10-02 02:16:23,292][INFO][clas_trainer:133] - train epoch: 15 [54624/136617 (40%)], lr: ['1.00e-04'], loss: 0.758293
[2024-10-02 02:16:48,002][INFO][clas_trainer:133] - train epoch: 15 [68288/136617 (50%)], lr: ['1.00e-04'], loss: 0.509736
[2024-10-02 02:17:12,612][INFO][clas_trainer:133] - train epoch: 15 [81952/136617 (60%)], lr: ['1.00e-04'], loss: 0.437661
[2024-10-02 02:17:37,030][INFO][clas_trainer:133] - train epoch: 15 [95616/136617 (70%)], lr: ['1.00e-04'], loss: 0.617872
[2024-10-02 02:18:01,565][INFO][clas_trainer:133] - train epoch: 15 [109280/136617 (80%)], lr: ['1.00e-04'], loss: 0.429282
[2024-10-02 02:18:25,995][INFO][clas_trainer:133] - train epoch: 15 [122944/136617 (90%)], lr: ['1.00e-04'], loss: 0.723309
[2024-10-02 02:18:50,384][INFO][clas_trainer:133] - train epoch: 15 [38421/136617 (100%)], lr: ['1.00e-04'], loss: 0.850949
[2024-10-02 02:19:31,267][INFO][clas_trainer:63] - [epoch  15] execution time: 286.33s	metrics:
[2024-10-02 02:19:31,268][INFO][clas_evaluator:132] - dataset: earlystopping, avg f1-score: 0.6559
[2024-10-02 02:19:56,491][INFO][clas_trainer:133] - train epoch: 16 [13632/136617 (10%)], lr: ['1.00e-04'], loss: 0.482575
[2024-10-02 02:20:20,937][INFO][clas_trainer:133] - train epoch: 16 [27296/136617 (20%)], lr: ['1.00e-04'], loss: 0.532360
[2024-10-02 02:20:45,554][INFO][clas_trainer:133] - train epoch: 16 [40960/136617 (30%)], lr: ['1.00e-04'], loss: 0.567272
[2024-10-02 02:21:09,960][INFO][clas_trainer:133] - train epoch: 16 [54624/136617 (40%)], lr: ['1.00e-04'], loss: 0.498983
[2024-10-02 02:21:34,379][INFO][clas_trainer:133] - train epoch: 16 [68288/136617 (50%)], lr: ['1.00e-04'], loss: 0.610005
[2024-10-02 02:21:59,174][INFO][clas_trainer:133] - train epoch: 16 [81952/136617 (60%)], lr: ['1.00e-04'], loss: 0.313652
[2024-10-02 02:22:24,511][INFO][clas_trainer:133] - train epoch: 16 [95616/136617 (70%)], lr: ['1.00e-04'], loss: 0.519141
[2024-10-02 02:22:49,809][INFO][clas_trainer:133] - train epoch: 16 [109280/136617 (80%)], lr: ['1.00e-04'], loss: 0.746314
[2024-10-02 02:23:14,274][INFO][clas_trainer:133] - train epoch: 16 [122944/136617 (90%)], lr: ['1.00e-04'], loss: 0.536426
[2024-10-02 02:23:38,880][INFO][clas_trainer:133] - train epoch: 16 [38421/136617 (100%)], lr: ['1.00e-04'], loss: 0.671010
[2024-10-02 02:24:18,498][INFO][clas_trainer:63] - [epoch  16] execution time: 287.23s	metrics:
[2024-10-02 02:24:18,499][INFO][clas_evaluator:132] - dataset: earlystopping, avg f1-score: 0.6662
[2024-10-02 02:24:43,492][INFO][clas_trainer:133] - train epoch: 17 [13632/136617 (10%)], lr: ['1.00e-04'], loss: 0.443608
[2024-10-02 02:25:07,983][INFO][clas_trainer:133] - train epoch: 17 [27296/136617 (20%)], lr: ['1.00e-04'], loss: 0.587639
[2024-10-02 02:25:32,122][INFO][clas_trainer:133] - train epoch: 17 [40960/136617 (30%)], lr: ['1.00e-04'], loss: 0.400352
[2024-10-02 02:25:56,534][INFO][clas_trainer:133] - train epoch: 17 [54624/136617 (40%)], lr: ['1.00e-04'], loss: 0.598426
[2024-10-02 02:26:20,925][INFO][clas_trainer:133] - train epoch: 17 [68288/136617 (50%)], lr: ['1.00e-04'], loss: 0.350967
[2024-10-02 02:26:45,082][INFO][clas_trainer:133] - train epoch: 17 [81952/136617 (60%)], lr: ['1.00e-04'], loss: 0.476387
[2024-10-02 02:27:09,685][INFO][clas_trainer:133] - train epoch: 17 [95616/136617 (70%)], lr: ['1.00e-04'], loss: 0.557997
[2024-10-02 02:27:34,522][INFO][clas_trainer:133] - train epoch: 17 [109280/136617 (80%)], lr: ['1.00e-04'], loss: 0.453935
[2024-10-02 02:27:58,976][INFO][clas_trainer:133] - train epoch: 17 [122944/136617 (90%)], lr: ['1.00e-04'], loss: 0.601396
[2024-10-02 02:28:23,584][INFO][clas_trainer:133] - train epoch: 17 [38421/136617 (100%)], lr: ['1.00e-04'], loss: 0.722705
[2024-10-02 02:29:02,602][INFO][clas_trainer:63] - [epoch  17] execution time: 284.10s	metrics:
[2024-10-02 02:29:02,602][INFO][clas_evaluator:132] - dataset: earlystopping, avg f1-score: 0.6798
[2024-10-02 02:29:02,623][INFO][base_model:51] - snapshot saved to XXX/frequency-pretraining/models/exp002d-m3-base_fe_clas-2024-10-02_01-06-31-final.pth
[2024-10-02 02:29:27,520][INFO][clas_trainer:133] - train epoch: 18 [13632/136617 (10%)], lr: ['1.00e-04'], loss: 0.501954
[2024-10-02 02:29:51,648][INFO][clas_trainer:133] - train epoch: 18 [27296/136617 (20%)], lr: ['1.00e-04'], loss: 0.691808
[2024-10-02 02:30:16,125][INFO][clas_trainer:133] - train epoch: 18 [40960/136617 (30%)], lr: ['1.00e-04'], loss: 0.551321
[2024-10-02 02:30:40,697][INFO][clas_trainer:133] - train epoch: 18 [54624/136617 (40%)], lr: ['1.00e-04'], loss: 0.335333
[2024-10-02 02:31:05,015][INFO][clas_trainer:133] - train epoch: 18 [68288/136617 (50%)], lr: ['1.00e-04'], loss: 0.637534
[2024-10-02 02:31:29,169][INFO][clas_trainer:133] - train epoch: 18 [81952/136617 (60%)], lr: ['1.00e-04'], loss: 0.586807
[2024-10-02 02:31:53,211][INFO][clas_trainer:133] - train epoch: 18 [95616/136617 (70%)], lr: ['1.00e-04'], loss: 0.506172
[2024-10-02 02:32:17,158][INFO][clas_trainer:133] - train epoch: 18 [109280/136617 (80%)], lr: ['1.00e-04'], loss: 0.472306
[2024-10-02 02:32:41,652][INFO][clas_trainer:133] - train epoch: 18 [122944/136617 (90%)], lr: ['1.00e-04'], loss: 0.562560
[2024-10-02 02:33:06,260][INFO][clas_trainer:133] - train epoch: 18 [38421/136617 (100%)], lr: ['1.00e-04'], loss: 0.949062
[2024-10-02 02:33:44,839][INFO][clas_trainer:63] - [epoch  18] execution time: 282.22s	metrics:
[2024-10-02 02:33:44,839][INFO][clas_evaluator:132] - dataset: earlystopping, avg f1-score: 0.6717
[2024-10-02 02:34:09,268][INFO][clas_trainer:133] - train epoch: 19 [13632/136617 (10%)], lr: ['1.00e-04'], loss: 0.224132
[2024-10-02 02:34:33,098][INFO][clas_trainer:133] - train epoch: 19 [27296/136617 (20%)], lr: ['1.00e-04'], loss: 0.342796
[2024-10-02 02:34:57,412][INFO][clas_trainer:133] - train epoch: 19 [40960/136617 (30%)], lr: ['1.00e-04'], loss: 0.467214
[2024-10-02 02:35:21,507][INFO][clas_trainer:133] - train epoch: 19 [54624/136617 (40%)], lr: ['1.00e-04'], loss: 0.944448
[2024-10-02 02:35:45,518][INFO][clas_trainer:133] - train epoch: 19 [68288/136617 (50%)], lr: ['1.00e-04'], loss: 0.682142
[2024-10-02 02:36:09,207][INFO][clas_trainer:133] - train epoch: 19 [81952/136617 (60%)], lr: ['1.00e-04'], loss: 0.783615
[2024-10-02 02:36:33,221][INFO][clas_trainer:133] - train epoch: 19 [95616/136617 (70%)], lr: ['1.00e-04'], loss: 0.817026
[2024-10-02 02:36:57,288][INFO][clas_trainer:133] - train epoch: 19 [109280/136617 (80%)], lr: ['1.00e-04'], loss: 0.953916
[2024-10-02 02:37:21,440][INFO][clas_trainer:133] - train epoch: 19 [122944/136617 (90%)], lr: ['1.00e-04'], loss: 0.764287
[2024-10-02 02:37:45,241][INFO][clas_trainer:133] - train epoch: 19 [38421/136617 (100%)], lr: ['1.00e-04'], loss: 0.955016
[2024-10-02 02:38:23,828][INFO][clas_trainer:63] - [epoch  19] execution time: 278.99s	metrics:
[2024-10-02 02:38:23,828][INFO][clas_evaluator:132] - dataset: earlystopping, avg f1-score: 0.6549
[2024-10-02 02:38:48,456][INFO][clas_trainer:133] - train epoch: 20 [13632/136617 (10%)], lr: ['1.00e-04'], loss: 0.450468
[2024-10-02 02:39:12,941][INFO][clas_trainer:133] - train epoch: 20 [27296/136617 (20%)], lr: ['1.00e-04'], loss: 0.399728
[2024-10-02 02:39:37,137][INFO][clas_trainer:133] - train epoch: 20 [40960/136617 (30%)], lr: ['1.00e-04'], loss: 0.503724
[2024-10-02 02:40:01,251][INFO][clas_trainer:133] - train epoch: 20 [54624/136617 (40%)], lr: ['1.00e-04'], loss: 0.570819
[2024-10-02 02:40:24,972][INFO][clas_trainer:133] - train epoch: 20 [68288/136617 (50%)], lr: ['1.00e-04'], loss: 0.540829
[2024-10-02 02:40:48,924][INFO][clas_trainer:133] - train epoch: 20 [81952/136617 (60%)], lr: ['1.00e-04'], loss: 0.327157
[2024-10-02 02:41:12,962][INFO][clas_trainer:133] - train epoch: 20 [95616/136617 (70%)], lr: ['1.00e-04'], loss: 0.405482
[2024-10-02 02:41:36,769][INFO][clas_trainer:133] - train epoch: 20 [109280/136617 (80%)], lr: ['1.00e-04'], loss: 0.445582
[2024-10-02 02:42:00,422][INFO][clas_trainer:133] - train epoch: 20 [122944/136617 (90%)], lr: ['1.00e-04'], loss: 0.555851
[2024-10-02 02:42:24,116][INFO][clas_trainer:133] - train epoch: 20 [38421/136617 (100%)], lr: ['1.00e-04'], loss: 0.295833
[2024-10-02 02:43:02,508][INFO][clas_trainer:63] - [epoch  20] execution time: 278.68s	metrics:
[2024-10-02 02:43:02,509][INFO][clas_evaluator:132] - dataset: earlystopping, avg f1-score: 0.6762
[2024-10-02 02:43:26,767][INFO][clas_trainer:133] - train epoch: 21 [13632/136617 (10%)], lr: ['1.00e-04'], loss: 0.576295
[2024-10-02 02:43:50,514][INFO][clas_trainer:133] - train epoch: 21 [27296/136617 (20%)], lr: ['1.00e-04'], loss: 0.452734
[2024-10-02 02:44:14,272][INFO][clas_trainer:133] - train epoch: 21 [40960/136617 (30%)], lr: ['1.00e-04'], loss: 0.255494
[2024-10-02 02:44:38,876][INFO][clas_trainer:133] - train epoch: 21 [54624/136617 (40%)], lr: ['1.00e-04'], loss: 0.402920
[2024-10-02 02:45:03,388][INFO][clas_trainer:133] - train epoch: 21 [68288/136617 (50%)], lr: ['1.00e-04'], loss: 0.632916
[2024-10-02 02:45:26,974][INFO][clas_trainer:133] - train epoch: 21 [81952/136617 (60%)], lr: ['1.00e-04'], loss: 0.560625
[2024-10-02 02:45:50,811][INFO][clas_trainer:133] - train epoch: 21 [95616/136617 (70%)], lr: ['1.00e-04'], loss: 0.776514
[2024-10-02 02:46:14,540][INFO][clas_trainer:133] - train epoch: 21 [109280/136617 (80%)], lr: ['1.00e-04'], loss: 0.773222
[2024-10-02 02:46:38,192][INFO][clas_trainer:133] - train epoch: 21 [122944/136617 (90%)], lr: ['1.00e-04'], loss: 0.540424
[2024-10-02 02:47:01,793][INFO][clas_trainer:133] - train epoch: 21 [38421/136617 (100%)], lr: ['1.00e-04'], loss: 0.527254
[2024-10-02 02:47:40,560][INFO][clas_trainer:63] - [epoch  21] execution time: 278.05s	metrics:
[2024-10-02 02:47:40,561][INFO][clas_evaluator:132] - dataset: earlystopping, avg f1-score: 0.6747
[2024-10-02 02:48:04,848][INFO][clas_trainer:133] - train epoch: 22 [13632/136617 (10%)], lr: ['1.00e-04'], loss: 0.461942
[2024-10-02 02:48:28,666][INFO][clas_trainer:133] - train epoch: 22 [27296/136617 (20%)], lr: ['1.00e-04'], loss: 0.629378
[2024-10-02 02:48:52,740][INFO][clas_trainer:133] - train epoch: 22 [40960/136617 (30%)], lr: ['1.00e-04'], loss: 0.528387
[2024-10-02 02:49:16,453][INFO][clas_trainer:133] - train epoch: 22 [54624/136617 (40%)], lr: ['1.00e-04'], loss: 0.999909
[2024-10-02 02:49:40,546][INFO][clas_trainer:133] - train epoch: 22 [68288/136617 (50%)], lr: ['1.00e-04'], loss: 0.475938
[2024-10-02 02:50:04,436][INFO][clas_trainer:133] - train epoch: 22 [81952/136617 (60%)], lr: ['1.00e-04'], loss: 0.386709
[2024-10-02 02:50:28,270][INFO][clas_trainer:133] - train epoch: 22 [95616/136617 (70%)], lr: ['1.00e-04'], loss: 0.578153
[2024-10-02 02:50:51,883][INFO][clas_trainer:133] - train epoch: 22 [109280/136617 (80%)], lr: ['1.00e-04'], loss: 0.577736
[2024-10-02 02:51:15,724][INFO][clas_trainer:133] - train epoch: 22 [122944/136617 (90%)], lr: ['1.00e-04'], loss: 0.426050
[2024-10-02 02:51:39,648][INFO][clas_trainer:133] - train epoch: 22 [38421/136617 (100%)], lr: ['1.00e-04'], loss: 0.289397
[2024-10-02 02:52:17,902][INFO][clas_trainer:63] - [epoch  22] execution time: 277.34s	metrics:
[2024-10-02 02:52:17,902][INFO][clas_evaluator:132] - dataset: earlystopping, avg f1-score: 0.6727
[2024-10-02 02:52:42,019][INFO][clas_trainer:133] - train epoch: 23 [13632/136617 (10%)], lr: ['1.00e-04'], loss: 0.543982
[2024-10-02 02:53:05,762][INFO][clas_trainer:133] - train epoch: 23 [27296/136617 (20%)], lr: ['1.00e-04'], loss: 0.477308
[2024-10-02 02:53:29,368][INFO][clas_trainer:133] - train epoch: 23 [40960/136617 (30%)], lr: ['1.00e-04'], loss: 0.722335
[2024-10-02 02:53:53,049][INFO][clas_trainer:133] - train epoch: 23 [54624/136617 (40%)], lr: ['1.00e-04'], loss: 0.397479
[2024-10-02 02:54:16,664][INFO][clas_trainer:133] - train epoch: 23 [68288/136617 (50%)], lr: ['1.00e-04'], loss: 0.449564
[2024-10-02 02:54:40,345][INFO][clas_trainer:133] - train epoch: 23 [81952/136617 (60%)], lr: ['1.00e-04'], loss: 0.559441
[2024-10-02 02:55:04,070][INFO][clas_trainer:133] - train epoch: 23 [95616/136617 (70%)], lr: ['1.00e-04'], loss: 0.475969
[2024-10-02 02:55:28,104][INFO][clas_trainer:133] - train epoch: 23 [109280/136617 (80%)], lr: ['1.00e-04'], loss: 0.492111
[2024-10-02 02:55:52,093][INFO][clas_trainer:133] - train epoch: 23 [122944/136617 (90%)], lr: ['1.00e-04'], loss: 0.822719
[2024-10-02 02:56:15,622][INFO][clas_trainer:133] - train epoch: 23 [38421/136617 (100%)], lr: ['1.00e-04'], loss: 0.368398
[2024-10-02 02:56:53,890][INFO][clas_trainer:63] - [epoch  23] execution time: 275.99s	metrics:
[2024-10-02 02:56:53,890][INFO][clas_evaluator:132] - dataset: earlystopping, avg f1-score: 0.6780
[2024-10-02 02:57:18,013][INFO][clas_trainer:133] - train epoch: 24 [13632/136617 (10%)], lr: ['1.00e-04'], loss: 0.439704
[2024-10-02 02:57:41,714][INFO][clas_trainer:133] - train epoch: 24 [27296/136617 (20%)], lr: ['1.00e-04'], loss: 0.324050
[2024-10-02 02:58:05,393][INFO][clas_trainer:133] - train epoch: 24 [40960/136617 (30%)], lr: ['1.00e-04'], loss: 0.552101
[2024-10-02 02:58:28,982][INFO][clas_trainer:133] - train epoch: 24 [54624/136617 (40%)], lr: ['1.00e-04'], loss: 0.467728
[2024-10-02 02:58:52,784][INFO][clas_trainer:133] - train epoch: 24 [68288/136617 (50%)], lr: ['1.00e-04'], loss: 0.633664
[2024-10-02 02:59:16,490][INFO][clas_trainer:133] - train epoch: 24 [81952/136617 (60%)], lr: ['1.00e-04'], loss: 0.586151
[2024-10-02 02:59:40,123][INFO][clas_trainer:133] - train epoch: 24 [95616/136617 (70%)], lr: ['1.00e-04'], loss: 0.937312
[2024-10-02 03:00:04,095][INFO][clas_trainer:133] - train epoch: 24 [109280/136617 (80%)], lr: ['1.00e-04'], loss: 0.706758
[2024-10-02 03:00:27,837][INFO][clas_trainer:133] - train epoch: 24 [122944/136617 (90%)], lr: ['1.00e-04'], loss: 0.364392
[2024-10-02 03:00:51,617][INFO][clas_trainer:133] - train epoch: 24 [38421/136617 (100%)], lr: ['1.00e-04'], loss: 0.301325
[2024-10-02 03:01:29,944][INFO][clas_trainer:63] - [epoch  24] execution time: 276.05s	metrics:
[2024-10-02 03:01:29,944][INFO][clas_evaluator:132] - dataset: earlystopping, avg f1-score: 0.6646
[2024-10-02 03:01:54,094][INFO][clas_trainer:133] - train epoch: 25 [13632/136617 (10%)], lr: ['1.00e-04'], loss: 0.846224
[2024-10-02 03:02:17,866][INFO][clas_trainer:133] - train epoch: 25 [27296/136617 (20%)], lr: ['1.00e-04'], loss: 0.730051
[2024-10-02 03:02:41,634][INFO][clas_trainer:133] - train epoch: 25 [40960/136617 (30%)], lr: ['1.00e-04'], loss: 0.875254
[2024-10-02 03:03:05,768][INFO][clas_trainer:133] - train epoch: 25 [54624/136617 (40%)], lr: ['1.00e-04'], loss: 0.457274
[2024-10-02 03:03:29,960][INFO][clas_trainer:133] - train epoch: 25 [68288/136617 (50%)], lr: ['1.00e-04'], loss: 0.338811
[2024-10-02 03:03:54,185][INFO][clas_trainer:133] - train epoch: 25 [81952/136617 (60%)], lr: ['1.00e-04'], loss: 0.644822
[2024-10-02 03:04:18,016][INFO][clas_trainer:133] - train epoch: 25 [95616/136617 (70%)], lr: ['1.00e-04'], loss: 0.775611
[2024-10-02 03:04:41,850][INFO][clas_trainer:133] - train epoch: 25 [109280/136617 (80%)], lr: ['1.00e-04'], loss: 0.660472
[2024-10-02 03:05:05,752][INFO][clas_trainer:133] - train epoch: 25 [122944/136617 (90%)], lr: ['1.00e-04'], loss: 0.430232
[2024-10-02 03:05:29,395][INFO][clas_trainer:133] - train epoch: 25 [38421/136617 (100%)], lr: ['1.00e-04'], loss: 0.418208
[2024-10-02 03:06:07,586][INFO][clas_trainer:63] - [epoch  25] execution time: 277.64s	metrics:
[2024-10-02 03:06:07,586][INFO][clas_evaluator:132] - dataset: earlystopping, avg f1-score: 0.6759
[2024-10-02 03:06:31,687][INFO][clas_trainer:133] - train epoch: 26 [13632/136617 (10%)], lr: ['1.00e-04'], loss: 0.567094
[2024-10-02 03:06:55,329][INFO][clas_trainer:133] - train epoch: 26 [27296/136617 (20%)], lr: ['1.00e-04'], loss: 0.413673
[2024-10-02 03:07:19,142][INFO][clas_trainer:133] - train epoch: 26 [40960/136617 (30%)], lr: ['1.00e-04'], loss: 0.671867
[2024-10-02 03:07:42,665][INFO][clas_trainer:133] - train epoch: 26 [54624/136617 (40%)], lr: ['1.00e-04'], loss: 0.334394
[2024-10-02 03:08:06,367][INFO][clas_trainer:133] - train epoch: 26 [68288/136617 (50%)], lr: ['1.00e-04'], loss: 0.394486
[2024-10-02 03:08:30,064][INFO][clas_trainer:133] - train epoch: 26 [81952/136617 (60%)], lr: ['1.00e-04'], loss: 0.517165
[2024-10-02 03:08:53,776][INFO][clas_trainer:133] - train epoch: 26 [95616/136617 (70%)], lr: ['1.00e-04'], loss: 0.594293
[2024-10-02 03:09:17,298][INFO][clas_trainer:133] - train epoch: 26 [109280/136617 (80%)], lr: ['1.00e-04'], loss: 0.493697
[2024-10-02 03:09:41,030][INFO][clas_trainer:133] - train epoch: 26 [122944/136617 (90%)], lr: ['1.00e-04'], loss: 0.608646
[2024-10-02 03:10:04,701][INFO][clas_trainer:133] - train epoch: 26 [38421/136617 (100%)], lr: ['1.00e-04'], loss: 0.356743
[2024-10-02 03:10:42,919][INFO][clas_trainer:63] - [epoch  26] execution time: 275.33s	metrics:
[2024-10-02 03:10:42,920][INFO][clas_evaluator:132] - dataset: earlystopping, avg f1-score: 0.6685
[2024-10-02 03:11:07,085][INFO][clas_trainer:133] - train epoch: 27 [13632/136617 (10%)], lr: ['1.00e-04'], loss: 0.768830
[2024-10-02 03:11:30,767][INFO][clas_trainer:133] - train epoch: 27 [27296/136617 (20%)], lr: ['1.00e-04'], loss: 0.503668
[2024-10-02 03:11:54,551][INFO][clas_trainer:133] - train epoch: 27 [40960/136617 (30%)], lr: ['1.00e-04'], loss: 0.580918
[2024-10-02 03:12:18,328][INFO][clas_trainer:133] - train epoch: 27 [54624/136617 (40%)], lr: ['1.00e-04'], loss: 0.608439
[2024-10-02 03:12:41,892][INFO][clas_trainer:133] - train epoch: 27 [68288/136617 (50%)], lr: ['1.00e-04'], loss: 0.650481
[2024-10-02 03:13:05,461][INFO][clas_trainer:133] - train epoch: 27 [81952/136617 (60%)], lr: ['1.00e-04'], loss: 0.526875
[2024-10-02 03:13:29,140][INFO][clas_trainer:133] - train epoch: 27 [95616/136617 (70%)], lr: ['1.00e-04'], loss: 0.499811
[2024-10-02 03:13:52,800][INFO][clas_trainer:133] - train epoch: 27 [109280/136617 (80%)], lr: ['1.00e-04'], loss: 0.538477
[2024-10-02 03:14:16,337][INFO][clas_trainer:133] - train epoch: 27 [122944/136617 (90%)], lr: ['1.00e-04'], loss: 0.486371
[2024-10-02 03:14:40,009][INFO][clas_trainer:133] - train epoch: 27 [38421/136617 (100%)], lr: ['1.00e-04'], loss: 0.171432
[2024-10-02 03:15:18,272][INFO][clas_trainer:63] - [epoch  27] execution time: 275.35s	metrics:
[2024-10-02 03:15:18,272][INFO][clas_evaluator:132] - dataset: earlystopping, avg f1-score: 0.6510
[2024-10-02 03:15:18,277][INFO][clas_trainer:79] - finished training
[2024-10-02 03:15:18,277][INFO][clas_trainer:80] - best model on epoch: 17 	f1-score: 0.6798
