[2023-10-13 17:11:07,663][INFO][fine-tune:29] - overrides:
hydra:
- hydra.mode=MULTIRUN
task:
- m_seed_path_sids={seeds:[5,5,5,5,5],path:"exp001b-m5-simple_multi_class-2023-10-12_18-34-48-final.pth",subject_ids:{dod_o_h:$\{data.dod_o_h.cv_5_fold.fold_1\}}}
- data.downstream.train_dataloader.dataset.data_reducer.n_subjects=25

[2023-10-13 17:11:09,860][INFO][data_loaders:39] - class distribution before data reduction:
# samples per subject
02fb158a-a658-51ee-89cf-1e1dc2ebfde1: 861
03341d0d-5927-5838-8a5f-1b8ef39d8f57: 1063
039ce8ad-a7fa-5272-a3e3-1f4bfebdd087: 915
095d6e40-5f19-55b6-a0ec-6e0ad3793da0: 1192
0d79f4b1-e74f-5e87-8e42-f9dd7112ada5: 968
130f3f52-7d0a-551e-af61-2ee75455e5c9: 989
14c012bd-65b0-56f5-bc74-2dffcea69837: 969
18482adf-1144-54ca-9e35-27f65c43a105: 824
18ede714-aba3-5ad8-bb1a-18fc9b1c4192: 995
1da3544e-dc5c-5795-adc3-f5068959211f: 955
2d01dc34-f36c-562e-b24a-d20dc798fdfc: 837
2e865ca9-e20f-5a6f-bd25-45d28cc9eab9: 950
30e8a05b-4cf1-5aa8-9ef7-28d6e2949ad5: 699
32556393-bb57-560a-99e8-e09885219647: 1106
37d0da97-9ae8-5413-b889-4e843ff35488: 1011
3dd35e7b-d7e2-516d-8a85-e0d58a59569f: 1093
3e842aa8-bcd9-521e-93a2-72124233fe2c: 620
40e25dd4-6087-5747-b9c2-4838ada86b15: 1076
47f45aa2-31c4-595b-bdb6-f1348bba062b: 1032
52fbe46b-206c-584a-9f4f-1eb308e07bac: 1064
5b94ec8a-c34d-5e45-84d1-bec2ea965609: 1090
5ddbc68c-1283-5c27-952b-d7f102291bc2: 1097
64959ac4-53b5-5868-a845-c7476e9fdf7b: 990
67fa8e29-6f4d-530e-9422-bbc3aca86ed0: 1046
6e2aa933-c51c-5a31-8c7b-83da8d076a12: 905
730aba3b-e310-5be0-9eed-7c3123466834: 1120
742f1592-627c-54eb-bbb5-ccd55ffae33a: 975
769df255-2284-50b3-8917-2155c759fbbd: 929
7ab8ff5f-a77f-567d-9882-f8bee0c3c9bf: 989
7f5237b1-2196-5c8a-9543-a5aa70210ef4: 931
83c1394e-9c69-5c11-9102-9ff8d59b1cfd: 1011
90aef91a-252f-5ccc-a82e-78ea7ee9ca1f: 1089
a0c91989-530f-5117-80c1-2488dbed683c: 1017
a25b2296-343b-53f6-8792-ada2669d466e: 1008
a35a118e-e65e-5928-92a9-4354a6a0f4ce: 813
a6254c8a-f1b2-5736-b601-18245dd5e0a5: 1084
a65a9e69-cddf-5711-9a97-de8bfdeb08cc: 961
aa160c78-6da3-5e05-8fc9-d6c13e9f97e0: 1010
aadc9e0c-b7c3-5a47-851d-f21971d10935: 969
ad47bc12-199c-5294-9cb8-4351bbbf7b5e: 893
bb474ab0-c2ce-573b-8acd-ef86b0fa26a2: 1142
c03e27b0-4cb5-584f-aaea-8f1e1ed6513c: 1121
c11c730f-0b6b-580b-af31-d8f0ebbbdfce: 917
c31a47f9-e400-5841-a22b-521c81042603: 986
c8110476-594c-533d-95bd-86147fccc987: 995
c985916d-46a5-5c3e-9d50-a5a91f460bac: 1024
cc3b4b63-4a6f-5f28-ac7e-62f83c271449: 1076
cebd3520-4e77-5222-a614-d2888e6afc2b: 1109
d3cadb78-cb8c-5a6e-885c-392e457c68b1: 982
e59c45e0-0c0c-565f-84a9-6cf0ec5ef6c1: 844
e6b7cbef-4c9d-5541-82e8-04810de0fb60: 819
e72505f1-21be-5d66-b620-cfcfa2d754bc: 973
e8ec8ec4-dc48-50ce-985a-a06d87861030: 975
eb95076c-c470-56a4-b788-ace310f061c6: 965
f2a69bdc-ed51-5e3f-b102-6b3f7d392be0: 960
f66bc75e-778b-5037-af86-b5275cd4c79f: 865

# samples per stage
0: 9494
1: 2905
2: 26876
3: 6416
4: 9208
[2023-10-13 17:11:10,038][INFO][data_loaders:43] - class distribution after data reduction:
# samples per subject
02fb158a-a658-51ee-89cf-1e1dc2ebfde1: 1722
039ce8ad-a7fa-5272-a3e3-1f4bfebdd087: 1830
095d6e40-5f19-55b6-a0ec-6e0ad3793da0: 2384
0d79f4b1-e74f-5e87-8e42-f9dd7112ada5: 1936
130f3f52-7d0a-551e-af61-2ee75455e5c9: 1978
14c012bd-65b0-56f5-bc74-2dffcea69837: 1938
40e25dd4-6087-5747-b9c2-4838ada86b15: 2152
52fbe46b-206c-584a-9f4f-1eb308e07bac: 2128
5ddbc68c-1283-5c27-952b-d7f102291bc2: 2194
67fa8e29-6f4d-530e-9422-bbc3aca86ed0: 2092
6e2aa933-c51c-5a31-8c7b-83da8d076a12: 1810
90aef91a-252f-5ccc-a82e-78ea7ee9ca1f: 2178
a0c91989-530f-5117-80c1-2488dbed683c: 2034
a25b2296-343b-53f6-8792-ada2669d466e: 2016
a35a118e-e65e-5928-92a9-4354a6a0f4ce: 1626
aa160c78-6da3-5e05-8fc9-d6c13e9f97e0: 2020
bb474ab0-c2ce-573b-8acd-ef86b0fa26a2: 2284
c03e27b0-4cb5-584f-aaea-8f1e1ed6513c: 2242
c11c730f-0b6b-580b-af31-d8f0ebbbdfce: 1834
c31a47f9-e400-5841-a22b-521c81042603: 1972
d3cadb78-cb8c-5a6e-885c-392e457c68b1: 1964
e59c45e0-0c0c-565f-84a9-6cf0ec5ef6c1: 1688
e8ec8ec4-dc48-50ce-985a-a06d87861030: 1950
f2a69bdc-ed51-5e3f-b102-6b3f7d392be0: 1920
f66bc75e-778b-5037-af86-b5275cd4c79f: 1730

# samples per stage
0: 7634
1: 2668
2: 25154
3: 6058
4: 8108
[2023-10-13 17:11:10,358][INFO][data_loaders:39] - class distribution before data reduction:
# samples per subject
0416d51f-5d69-5326-b74a-a2e31a96a1ef: 822
119f9726-eb4c-5a0e-a7bb-9e15256149a1: 932
25a6b2b0-4d09-561b-82c6-f09bb271d3be: 1063
6a7503ac-ab3a-5d5b-b474-4b0fe37748dd: 1213
a30245e3-4a71-565f-9636-92e7d2e825fc: 1122
a4568951-bf87-5bbc-bc4f-28e93c360be6: 975
b3534fa3-7676-50dc-8412-07f0eff4f7a9: 757
fc10ee0b-b863-511b-bce8-4dfa7af8ac3a: 910

# samples per stage
0: 1108
1: 428
2: 4097
3: 908
4: 1253
[2023-10-13 17:11:10,379][INFO][data_loaders:43] - class distribution after data reduction:
# samples per subject
0416d51f-5d69-5326-b74a-a2e31a96a1ef: 822
119f9726-eb4c-5a0e-a7bb-9e15256149a1: 932
25a6b2b0-4d09-561b-82c6-f09bb271d3be: 1063
6a7503ac-ab3a-5d5b-b474-4b0fe37748dd: 1213
a30245e3-4a71-565f-9636-92e7d2e825fc: 1122
a4568951-bf87-5bbc-bc4f-28e93c360be6: 975
b3534fa3-7676-50dc-8412-07f0eff4f7a9: 757
fc10ee0b-b863-511b-bce8-4dfa7af8ac3a: 910

# samples per stage
0: 1108
1: 428
2: 4097
3: 908
4: 1253
[2023-10-13 17:11:10,400][INFO][clas_trainer:49] - metrics before training (epoch 0):
[2023-10-13 17:11:28,180][INFO][clas_evaluator:99] - dataset: earlystopping, avg f1-score: 0.0720
[2023-10-13 17:11:39,719][INFO][clas_trainer:133] - train epoch: 1 [4928/49622 (10%)], lr: ['1.00e-04', '1.00e-04'], loss: 2.526463
[2023-10-13 17:11:50,378][INFO][clas_trainer:133] - train epoch: 1 [9888/49622 (20%)], lr: ['1.00e-04', '1.00e-04'], loss: 1.807497
[2023-10-13 17:12:01,740][INFO][clas_trainer:133] - train epoch: 1 [14848/49622 (30%)], lr: ['1.00e-04', '1.00e-04'], loss: 1.334509
[2023-10-13 17:12:12,155][INFO][clas_trainer:133] - train epoch: 1 [19808/49622 (40%)], lr: ['1.00e-04', '1.00e-04'], loss: 1.286795
[2023-10-13 17:12:23,406][INFO][clas_trainer:133] - train epoch: 1 [24768/49622 (50%)], lr: ['1.00e-04', '1.00e-04'], loss: 1.169621
[2023-10-13 17:12:34,049][INFO][clas_trainer:133] - train epoch: 1 [29728/49622 (60%)], lr: ['1.00e-04', '1.00e-04'], loss: 1.245291
[2023-10-13 17:12:45,464][INFO][clas_trainer:133] - train epoch: 1 [34688/49622 (70%)], lr: ['1.00e-04', '1.00e-04'], loss: 1.058175
[2023-10-13 17:12:56,775][INFO][clas_trainer:133] - train epoch: 1 [39648/49622 (80%)], lr: ['1.00e-04', '1.00e-04'], loss: 0.973510
[2023-10-13 17:13:07,867][INFO][clas_trainer:133] - train epoch: 1 [44608/49622 (90%)], lr: ['1.00e-04', '1.00e-04'], loss: 1.205412
[2023-10-13 17:13:19,443][INFO][clas_trainer:133] - train epoch: 1 [49568/49622 (100%)], lr: ['1.00e-04', '1.00e-04'], loss: 0.890500
[2023-10-13 17:13:37,531][INFO][clas_trainer:63] - [epoch   1] execution time: 129.35s	metrics:
[2023-10-13 17:13:37,532][INFO][clas_evaluator:99] - dataset: earlystopping, avg f1-score: 0.3541
[2023-10-13 17:13:37,587][INFO][base_model:51] - snapshot saved to ./models/exp001a-m31-base_fe_clas-2023-10-13_14-21-17-final.pth
[2023-10-13 17:13:49,157][INFO][clas_trainer:133] - train epoch: 2 [4928/49622 (10%)], lr: ['1.00e-04', '1.00e-04'], loss: 1.147709
[2023-10-13 17:13:59,709][INFO][clas_trainer:133] - train epoch: 2 [9888/49622 (20%)], lr: ['1.00e-04', '1.00e-04'], loss: 0.601629
[2023-10-13 17:14:11,186][INFO][clas_trainer:133] - train epoch: 2 [14848/49622 (30%)], lr: ['1.00e-04', '1.00e-04'], loss: 0.577484
[2023-10-13 17:14:22,095][INFO][clas_trainer:133] - train epoch: 2 [19808/49622 (40%)], lr: ['1.00e-04', '1.00e-04'], loss: 0.827515
[2023-10-13 17:14:32,459][INFO][clas_trainer:133] - train epoch: 2 [24768/49622 (50%)], lr: ['1.00e-04', '1.00e-04'], loss: 0.678480
[2023-10-13 17:14:42,929][INFO][clas_trainer:133] - train epoch: 2 [29728/49622 (60%)], lr: ['1.00e-04', '1.00e-04'], loss: 0.394454
[2023-10-13 17:14:53,833][INFO][clas_trainer:133] - train epoch: 2 [34688/49622 (70%)], lr: ['1.00e-04', '1.00e-04'], loss: 0.591028
[2023-10-13 17:15:05,164][INFO][clas_trainer:133] - train epoch: 2 [39648/49622 (80%)], lr: ['1.00e-04', '1.00e-04'], loss: 0.613623
[2023-10-13 17:15:15,853][INFO][clas_trainer:133] - train epoch: 2 [44608/49622 (90%)], lr: ['1.00e-04', '1.00e-04'], loss: 0.636339
[2023-10-13 17:15:26,259][INFO][clas_trainer:133] - train epoch: 2 [49568/49622 (100%)], lr: ['1.00e-04', '1.00e-04'], loss: 0.857951
[2023-10-13 17:15:43,602][INFO][clas_trainer:63] - [epoch   2] execution time: 126.01s	metrics:
[2023-10-13 17:15:43,602][INFO][clas_evaluator:99] - dataset: earlystopping, avg f1-score: 0.5112
[2023-10-13 17:15:43,659][INFO][base_model:51] - snapshot saved to ./models/exp001a-m31-base_fe_clas-2023-10-13_14-21-17-final.pth
[2023-10-13 17:15:54,761][INFO][clas_trainer:133] - train epoch: 3 [4928/49622 (10%)], lr: ['1.00e-04', '1.00e-04'], loss: 0.682780
[2023-10-13 17:16:06,162][INFO][clas_trainer:133] - train epoch: 3 [9888/49622 (20%)], lr: ['1.00e-04', '1.00e-04'], loss: 0.398003
[2023-10-13 17:16:16,794][INFO][clas_trainer:133] - train epoch: 3 [14848/49622 (30%)], lr: ['1.00e-04', '1.00e-04'], loss: 0.579230
[2023-10-13 17:16:27,563][INFO][clas_trainer:133] - train epoch: 3 [19808/49622 (40%)], lr: ['1.00e-04', '1.00e-04'], loss: 0.784707
[2023-10-13 17:16:38,496][INFO][clas_trainer:133] - train epoch: 3 [24768/49622 (50%)], lr: ['1.00e-04', '1.00e-04'], loss: 0.371391
[2023-10-13 17:16:49,445][INFO][clas_trainer:133] - train epoch: 3 [29728/49622 (60%)], lr: ['1.00e-04', '1.00e-04'], loss: 0.734037
[2023-10-13 17:16:59,568][INFO][clas_trainer:133] - train epoch: 3 [34688/49622 (70%)], lr: ['1.00e-04', '1.00e-04'], loss: 0.449344
[2023-10-13 17:17:09,642][INFO][clas_trainer:133] - train epoch: 3 [39648/49622 (80%)], lr: ['1.00e-04', '1.00e-04'], loss: 0.564804
[2023-10-13 17:17:19,699][INFO][clas_trainer:133] - train epoch: 3 [44608/49622 (90%)], lr: ['1.00e-04', '1.00e-04'], loss: 1.269961
[2023-10-13 17:17:29,607][INFO][clas_trainer:133] - train epoch: 3 [49568/49622 (100%)], lr: ['1.00e-04', '1.00e-04'], loss: 0.843736
[2023-10-13 17:17:47,309][INFO][clas_trainer:63] - [epoch   3] execution time: 123.65s	metrics:
[2023-10-13 17:17:47,309][INFO][clas_evaluator:99] - dataset: earlystopping, avg f1-score: 0.5926
[2023-10-13 17:17:47,404][INFO][base_model:51] - snapshot saved to ./models/exp001a-m31-base_fe_clas-2023-10-13_14-21-17-final.pth
[2023-10-13 17:17:59,230][INFO][clas_trainer:133] - train epoch: 4 [4928/49622 (10%)], lr: ['1.00e-04', '1.00e-04'], loss: 0.661910
[2023-10-13 17:18:10,785][INFO][clas_trainer:133] - train epoch: 4 [9888/49622 (20%)], lr: ['1.00e-04', '1.00e-04'], loss: 0.391575
[2023-10-13 17:18:21,409][INFO][clas_trainer:133] - train epoch: 4 [14848/49622 (30%)], lr: ['1.00e-04', '1.00e-04'], loss: 0.685534
[2023-10-13 17:18:32,221][INFO][clas_trainer:133] - train epoch: 4 [19808/49622 (40%)], lr: ['1.00e-04', '1.00e-04'], loss: 0.426263
[2023-10-13 17:18:42,501][INFO][clas_trainer:133] - train epoch: 4 [24768/49622 (50%)], lr: ['1.00e-04', '1.00e-04'], loss: 0.472712
[2023-10-13 17:18:53,052][INFO][clas_trainer:133] - train epoch: 4 [29728/49622 (60%)], lr: ['1.00e-04', '1.00e-04'], loss: 0.428506
[2023-10-13 17:19:03,450][INFO][clas_trainer:133] - train epoch: 4 [34688/49622 (70%)], lr: ['1.00e-04', '1.00e-04'], loss: 0.699628
[2023-10-13 17:19:14,565][INFO][clas_trainer:133] - train epoch: 4 [39648/49622 (80%)], lr: ['1.00e-04', '1.00e-04'], loss: 0.427301
[2023-10-13 17:19:28,907][INFO][clas_trainer:133] - train epoch: 4 [44608/49622 (90%)], lr: ['1.00e-04', '1.00e-04'], loss: 0.314121
[2023-10-13 17:19:43,860][INFO][clas_trainer:133] - train epoch: 4 [49568/49622 (100%)], lr: ['1.00e-04', '1.00e-04'], loss: 0.584597
[2023-10-13 17:20:12,787][INFO][clas_trainer:63] - [epoch   4] execution time: 145.38s	metrics:
[2023-10-13 17:20:12,787][INFO][clas_evaluator:99] - dataset: earlystopping, avg f1-score: 0.6443
[2023-10-13 17:20:12,855][INFO][base_model:51] - snapshot saved to ./models/exp001a-m31-base_fe_clas-2023-10-13_14-21-17-final.pth
[2023-10-13 17:20:29,908][INFO][clas_trainer:133] - train epoch: 5 [4928/49622 (10%)], lr: ['1.00e-04', '1.00e-04'], loss: 0.197717
[2023-10-13 17:20:46,896][INFO][clas_trainer:133] - train epoch: 5 [9888/49622 (20%)], lr: ['1.00e-04', '1.00e-04'], loss: 0.603527
[2023-10-13 17:21:03,873][INFO][clas_trainer:133] - train epoch: 5 [14848/49622 (30%)], lr: ['1.00e-04', '1.00e-04'], loss: 0.607235
[2023-10-13 17:21:20,164][INFO][clas_trainer:133] - train epoch: 5 [19808/49622 (40%)], lr: ['1.00e-04', '1.00e-04'], loss: 0.416561
[2023-10-13 17:21:37,530][INFO][clas_trainer:133] - train epoch: 5 [24768/49622 (50%)], lr: ['1.00e-04', '1.00e-04'], loss: 0.542693
[2023-10-13 17:21:54,356][INFO][clas_trainer:133] - train epoch: 5 [29728/49622 (60%)], lr: ['1.00e-04', '1.00e-04'], loss: 0.212759
[2023-10-13 17:22:11,179][INFO][clas_trainer:133] - train epoch: 5 [34688/49622 (70%)], lr: ['1.00e-04', '1.00e-04'], loss: 0.594921
[2023-10-13 17:22:27,688][INFO][clas_trainer:133] - train epoch: 5 [39648/49622 (80%)], lr: ['1.00e-04', '1.00e-04'], loss: 0.542276
[2023-10-13 17:22:45,357][INFO][clas_trainer:133] - train epoch: 5 [44608/49622 (90%)], lr: ['1.00e-04', '1.00e-04'], loss: 0.243446
[2023-10-13 17:23:01,670][INFO][clas_trainer:133] - train epoch: 5 [49568/49622 (100%)], lr: ['1.00e-04', '1.00e-04'], loss: 0.698822
[2023-10-13 17:23:32,357][INFO][clas_trainer:63] - [epoch   5] execution time: 199.50s	metrics:
[2023-10-13 17:23:32,357][INFO][clas_evaluator:99] - dataset: earlystopping, avg f1-score: 0.6716
[2023-10-13 17:23:32,424][INFO][base_model:51] - snapshot saved to ./models/exp001a-m31-base_fe_clas-2023-10-13_14-21-17-final.pth
[2023-10-13 17:23:50,520][INFO][clas_trainer:133] - train epoch: 6 [4928/49622 (10%)], lr: ['1.00e-04', '1.00e-04'], loss: 0.310628
[2023-10-13 17:24:08,241][INFO][clas_trainer:133] - train epoch: 6 [9888/49622 (20%)], lr: ['1.00e-04', '1.00e-04'], loss: 0.242577
[2023-10-13 17:24:24,734][INFO][clas_trainer:133] - train epoch: 6 [14848/49622 (30%)], lr: ['1.00e-04', '1.00e-04'], loss: 0.281186
[2023-10-13 17:24:41,378][INFO][clas_trainer:133] - train epoch: 6 [19808/49622 (40%)], lr: ['1.00e-04', '1.00e-04'], loss: 0.385899
[2023-10-13 17:24:57,981][INFO][clas_trainer:133] - train epoch: 6 [24768/49622 (50%)], lr: ['1.00e-04', '1.00e-04'], loss: 0.595934
[2023-10-13 17:25:15,051][INFO][clas_trainer:133] - train epoch: 6 [29728/49622 (60%)], lr: ['1.00e-04', '1.00e-04'], loss: 0.426564
[2023-10-13 17:25:31,517][INFO][clas_trainer:133] - train epoch: 6 [34688/49622 (70%)], lr: ['1.00e-04', '1.00e-04'], loss: 0.445412
[2023-10-13 17:25:48,096][INFO][clas_trainer:133] - train epoch: 6 [39648/49622 (80%)], lr: ['1.00e-04', '1.00e-04'], loss: 0.212018
[2023-10-13 17:26:05,554][INFO][clas_trainer:133] - train epoch: 6 [44608/49622 (90%)], lr: ['1.00e-04', '1.00e-04'], loss: 0.319966
[2023-10-13 17:26:23,246][INFO][clas_trainer:133] - train epoch: 6 [49568/49622 (100%)], lr: ['1.00e-04', '1.00e-04'], loss: 0.171598
[2023-10-13 17:26:53,215][INFO][clas_trainer:63] - [epoch   6] execution time: 200.79s	metrics:
[2023-10-13 17:26:53,216][INFO][clas_evaluator:99] - dataset: earlystopping, avg f1-score: 0.6934
[2023-10-13 17:26:53,282][INFO][base_model:51] - snapshot saved to ./models/exp001a-m31-base_fe_clas-2023-10-13_14-21-17-final.pth
[2023-10-13 17:27:11,093][INFO][clas_trainer:133] - train epoch: 7 [4928/49622 (10%)], lr: ['1.00e-04', '1.00e-04'], loss: 0.217713
[2023-10-13 17:27:28,714][INFO][clas_trainer:133] - train epoch: 7 [9888/49622 (20%)], lr: ['1.00e-04', '1.00e-04'], loss: 0.288884
[2023-10-13 17:27:45,606][INFO][clas_trainer:133] - train epoch: 7 [14848/49622 (30%)], lr: ['1.00e-04', '1.00e-04'], loss: 0.177073
[2023-10-13 17:28:02,202][INFO][clas_trainer:133] - train epoch: 7 [19808/49622 (40%)], lr: ['1.00e-04', '1.00e-04'], loss: 0.242705
[2023-10-13 17:28:19,330][INFO][clas_trainer:133] - train epoch: 7 [24768/49622 (50%)], lr: ['1.00e-04', '1.00e-04'], loss: 0.344357
[2023-10-13 17:28:36,019][INFO][clas_trainer:133] - train epoch: 7 [29728/49622 (60%)], lr: ['1.00e-04', '1.00e-04'], loss: 0.326694
[2023-10-13 17:28:52,335][INFO][clas_trainer:133] - train epoch: 7 [34688/49622 (70%)], lr: ['1.00e-04', '1.00e-04'], loss: 0.353111
[2023-10-13 17:29:08,513][INFO][clas_trainer:133] - train epoch: 7 [39648/49622 (80%)], lr: ['1.00e-04', '1.00e-04'], loss: 0.197375
[2023-10-13 17:29:25,957][INFO][clas_trainer:133] - train epoch: 7 [44608/49622 (90%)], lr: ['1.00e-04', '1.00e-04'], loss: 0.327257
[2023-10-13 17:29:42,679][INFO][clas_trainer:133] - train epoch: 7 [49568/49622 (100%)], lr: ['1.00e-04', '1.00e-04'], loss: 0.298325
[2023-10-13 17:30:12,805][INFO][clas_trainer:63] - [epoch   7] execution time: 199.52s	metrics:
[2023-10-13 17:30:12,805][INFO][clas_evaluator:99] - dataset: earlystopping, avg f1-score: 0.6854
[2023-10-13 17:30:31,311][INFO][clas_trainer:133] - train epoch: 8 [4928/49622 (10%)], lr: ['1.00e-04', '1.00e-04'], loss: 0.392475
[2023-10-13 17:30:48,240][INFO][clas_trainer:133] - train epoch: 8 [9888/49622 (20%)], lr: ['1.00e-04', '1.00e-04'], loss: 0.277703
[2023-10-13 17:31:05,808][INFO][clas_trainer:133] - train epoch: 8 [14848/49622 (30%)], lr: ['1.00e-04', '1.00e-04'], loss: 0.201570
[2023-10-13 17:31:23,244][INFO][clas_trainer:133] - train epoch: 8 [19808/49622 (40%)], lr: ['1.00e-04', '1.00e-04'], loss: 0.662700
[2023-10-13 17:31:39,547][INFO][clas_trainer:133] - train epoch: 8 [24768/49622 (50%)], lr: ['1.00e-04', '1.00e-04'], loss: 0.321052
[2023-10-13 17:31:56,035][INFO][clas_trainer:133] - train epoch: 8 [29728/49622 (60%)], lr: ['1.00e-04', '1.00e-04'], loss: 0.443741
[2023-10-13 17:32:12,312][INFO][clas_trainer:133] - train epoch: 8 [34688/49622 (70%)], lr: ['1.00e-04', '1.00e-04'], loss: 0.193478
[2023-10-13 17:32:29,185][INFO][clas_trainer:133] - train epoch: 8 [39648/49622 (80%)], lr: ['1.00e-04', '1.00e-04'], loss: 0.264545
[2023-10-13 17:32:46,615][INFO][clas_trainer:133] - train epoch: 8 [44608/49622 (90%)], lr: ['1.00e-04', '1.00e-04'], loss: 0.295225
[2023-10-13 17:33:04,023][INFO][clas_trainer:133] - train epoch: 8 [49568/49622 (100%)], lr: ['1.00e-04', '1.00e-04'], loss: 0.381398
[2023-10-13 17:33:34,190][INFO][clas_trainer:63] - [epoch   8] execution time: 201.38s	metrics:
[2023-10-13 17:33:34,190][INFO][clas_evaluator:99] - dataset: earlystopping, avg f1-score: 0.7189
[2023-10-13 17:33:34,257][INFO][base_model:51] - snapshot saved to ./models/exp001a-m31-base_fe_clas-2023-10-13_14-21-17-final.pth
[2023-10-13 17:33:52,533][INFO][clas_trainer:133] - train epoch: 9 [4928/49622 (10%)], lr: ['1.00e-04', '1.00e-04'], loss: 0.340539
[2023-10-13 17:34:09,747][INFO][clas_trainer:133] - train epoch: 9 [9888/49622 (20%)], lr: ['1.00e-04', '1.00e-04'], loss: 0.167599
[2023-10-13 17:34:27,241][INFO][clas_trainer:133] - train epoch: 9 [14848/49622 (30%)], lr: ['1.00e-04', '1.00e-04'], loss: 0.336685
[2023-10-13 17:34:43,926][INFO][clas_trainer:133] - train epoch: 9 [19808/49622 (40%)], lr: ['1.00e-04', '1.00e-04'], loss: 0.115729
[2023-10-13 17:35:00,821][INFO][clas_trainer:133] - train epoch: 9 [24768/49622 (50%)], lr: ['1.00e-04', '1.00e-04'], loss: 0.279038
[2023-10-13 17:35:17,384][INFO][clas_trainer:133] - train epoch: 9 [29728/49622 (60%)], lr: ['1.00e-04', '1.00e-04'], loss: 0.360713
[2023-10-13 17:35:34,110][INFO][clas_trainer:133] - train epoch: 9 [34688/49622 (70%)], lr: ['1.00e-04', '1.00e-04'], loss: 0.391899
[2023-10-13 17:35:51,103][INFO][clas_trainer:133] - train epoch: 9 [39648/49622 (80%)], lr: ['1.00e-04', '1.00e-04'], loss: 0.126619
[2023-10-13 17:36:08,425][INFO][clas_trainer:133] - train epoch: 9 [44608/49622 (90%)], lr: ['1.00e-04', '1.00e-04'], loss: 0.216328
[2023-10-13 17:36:25,556][INFO][clas_trainer:133] - train epoch: 9 [49568/49622 (100%)], lr: ['1.00e-04', '1.00e-04'], loss: 0.320563
[2023-10-13 17:36:55,365][INFO][clas_trainer:63] - [epoch   9] execution time: 201.11s	metrics:
[2023-10-13 17:36:55,366][INFO][clas_evaluator:99] - dataset: earlystopping, avg f1-score: 0.7143
[2023-10-13 17:37:13,085][INFO][clas_trainer:133] - train epoch: 10 [4928/49622 (10%)], lr: ['1.00e-04', '1.00e-04'], loss: 0.242373
[2023-10-13 17:37:30,533][INFO][clas_trainer:133] - train epoch: 10 [9888/49622 (20%)], lr: ['1.00e-04', '1.00e-04'], loss: 0.375159
[2023-10-13 17:37:48,043][INFO][clas_trainer:133] - train epoch: 10 [14848/49622 (30%)], lr: ['1.00e-04', '1.00e-04'], loss: 0.099922
[2023-10-13 17:38:04,265][INFO][clas_trainer:133] - train epoch: 10 [19808/49622 (40%)], lr: ['1.00e-04', '1.00e-04'], loss: 0.537123
[2023-10-13 17:38:20,959][INFO][clas_trainer:133] - train epoch: 10 [24768/49622 (50%)], lr: ['1.00e-04', '1.00e-04'], loss: 0.257334
[2023-10-13 17:38:37,540][INFO][clas_trainer:133] - train epoch: 10 [29728/49622 (60%)], lr: ['1.00e-04', '1.00e-04'], loss: 0.366049
[2023-10-13 17:38:54,290][INFO][clas_trainer:133] - train epoch: 10 [34688/49622 (70%)], lr: ['1.00e-04', '1.00e-04'], loss: 0.334508
[2023-10-13 17:39:11,613][INFO][clas_trainer:133] - train epoch: 10 [39648/49622 (80%)], lr: ['1.00e-04', '1.00e-04'], loss: 0.298919
[2023-10-13 17:39:28,732][INFO][clas_trainer:133] - train epoch: 10 [44608/49622 (90%)], lr: ['1.00e-04', '1.00e-04'], loss: 0.119227
[2023-10-13 17:39:46,074][INFO][clas_trainer:133] - train epoch: 10 [49568/49622 (100%)], lr: ['1.00e-04', '1.00e-04'], loss: 0.432263
[2023-10-13 17:40:16,381][INFO][clas_trainer:63] - [epoch  10] execution time: 201.02s	metrics:
[2023-10-13 17:40:16,382][INFO][clas_evaluator:99] - dataset: earlystopping, avg f1-score: 0.7148
[2023-10-13 17:40:34,448][INFO][clas_trainer:133] - train epoch: 11 [4928/49622 (10%)], lr: ['1.00e-04', '1.00e-04'], loss: 0.084617
[2023-10-13 17:40:51,510][INFO][clas_trainer:133] - train epoch: 11 [9888/49622 (20%)], lr: ['1.00e-04', '1.00e-04'], loss: 0.234342
[2023-10-13 17:41:08,806][INFO][clas_trainer:133] - train epoch: 11 [14848/49622 (30%)], lr: ['1.00e-04', '1.00e-04'], loss: 0.258936
[2023-10-13 17:41:25,601][INFO][clas_trainer:133] - train epoch: 11 [19808/49622 (40%)], lr: ['1.00e-04', '1.00e-04'], loss: 0.355670
[2023-10-13 17:41:42,303][INFO][clas_trainer:133] - train epoch: 11 [24768/49622 (50%)], lr: ['1.00e-04', '1.00e-04'], loss: 0.295724
[2023-10-13 17:41:58,901][INFO][clas_trainer:133] - train epoch: 11 [29728/49622 (60%)], lr: ['1.00e-04', '1.00e-04'], loss: 0.293344
[2023-10-13 17:42:15,299][INFO][clas_trainer:133] - train epoch: 11 [34688/49622 (70%)], lr: ['1.00e-04', '1.00e-04'], loss: 0.197592
[2023-10-13 17:42:32,074][INFO][clas_trainer:133] - train epoch: 11 [39648/49622 (80%)], lr: ['1.00e-04', '1.00e-04'], loss: 0.203490
[2023-10-13 17:42:49,069][INFO][clas_trainer:133] - train epoch: 11 [44608/49622 (90%)], lr: ['1.00e-04', '1.00e-04'], loss: 0.160533
[2023-10-13 17:43:05,604][INFO][clas_trainer:133] - train epoch: 11 [49568/49622 (100%)], lr: ['1.00e-04', '1.00e-04'], loss: 0.193289
[2023-10-13 17:43:36,164][INFO][clas_trainer:63] - [epoch  11] execution time: 199.78s	metrics:
[2023-10-13 17:43:36,164][INFO][clas_evaluator:99] - dataset: earlystopping, avg f1-score: 0.7362
[2023-10-13 17:43:36,229][INFO][base_model:51] - snapshot saved to ./models/exp001a-m31-base_fe_clas-2023-10-13_14-21-17-final.pth
[2023-10-13 17:43:54,392][INFO][clas_trainer:133] - train epoch: 12 [4928/49622 (10%)], lr: ['1.00e-04', '1.00e-04'], loss: 0.207816
[2023-10-13 17:44:10,354][INFO][clas_trainer:133] - train epoch: 12 [9888/49622 (20%)], lr: ['1.00e-04', '1.00e-04'], loss: 0.542476
[2023-10-13 17:44:27,568][INFO][clas_trainer:133] - train epoch: 12 [14848/49622 (30%)], lr: ['1.00e-04', '1.00e-04'], loss: 0.171513
[2023-10-13 17:44:43,518][INFO][clas_trainer:133] - train epoch: 12 [19808/49622 (40%)], lr: ['1.00e-04', '1.00e-04'], loss: 0.350285
[2023-10-13 17:45:00,428][INFO][clas_trainer:133] - train epoch: 12 [24768/49622 (50%)], lr: ['1.00e-04', '1.00e-04'], loss: 0.191629
[2023-10-13 17:45:16,417][INFO][clas_trainer:133] - train epoch: 12 [29728/49622 (60%)], lr: ['1.00e-04', '1.00e-04'], loss: 0.147957
[2023-10-13 17:45:32,454][INFO][clas_trainer:133] - train epoch: 12 [34688/49622 (70%)], lr: ['1.00e-04', '1.00e-04'], loss: 0.376266
[2023-10-13 17:45:49,439][INFO][clas_trainer:133] - train epoch: 12 [39648/49622 (80%)], lr: ['1.00e-04', '1.00e-04'], loss: 0.179807
[2023-10-13 17:46:05,829][INFO][clas_trainer:133] - train epoch: 12 [44608/49622 (90%)], lr: ['1.00e-04', '1.00e-04'], loss: 0.122233
[2023-10-13 17:46:22,945][INFO][clas_trainer:133] - train epoch: 12 [49568/49622 (100%)], lr: ['1.00e-04', '1.00e-04'], loss: 0.244882
[2023-10-13 17:46:52,696][INFO][clas_trainer:63] - [epoch  12] execution time: 196.47s	metrics:
[2023-10-13 17:46:52,697][INFO][clas_evaluator:99] - dataset: earlystopping, avg f1-score: 0.7683
[2023-10-13 17:46:52,764][INFO][base_model:51] - snapshot saved to ./models/exp001a-m31-base_fe_clas-2023-10-13_14-21-17-final.pth
[2023-10-13 17:47:11,278][INFO][clas_trainer:133] - train epoch: 13 [4928/49622 (10%)], lr: ['1.00e-04', '1.00e-04'], loss: 0.403605
[2023-10-13 17:47:27,957][INFO][clas_trainer:133] - train epoch: 13 [9888/49622 (20%)], lr: ['1.00e-04', '1.00e-04'], loss: 0.134061
[2023-10-13 17:47:45,236][INFO][clas_trainer:133] - train epoch: 13 [14848/49622 (30%)], lr: ['1.00e-04', '1.00e-04'], loss: 0.414709
[2023-10-13 17:48:01,733][INFO][clas_trainer:133] - train epoch: 13 [19808/49622 (40%)], lr: ['1.00e-04', '1.00e-04'], loss: 0.223624
[2023-10-13 17:48:19,309][INFO][clas_trainer:133] - train epoch: 13 [24768/49622 (50%)], lr: ['1.00e-04', '1.00e-04'], loss: 0.148472
[2023-10-13 17:48:35,741][INFO][clas_trainer:133] - train epoch: 13 [29728/49622 (60%)], lr: ['1.00e-04', '1.00e-04'], loss: 0.539342
[2023-10-13 17:48:52,108][INFO][clas_trainer:133] - train epoch: 13 [34688/49622 (70%)], lr: ['1.00e-04', '1.00e-04'], loss: 0.313076
[2023-10-13 17:49:09,046][INFO][clas_trainer:133] - train epoch: 13 [39648/49622 (80%)], lr: ['1.00e-04', '1.00e-04'], loss: 0.435387
[2023-10-13 17:49:25,895][INFO][clas_trainer:133] - train epoch: 13 [44608/49622 (90%)], lr: ['1.00e-04', '1.00e-04'], loss: 0.220172
[2023-10-13 17:49:43,329][INFO][clas_trainer:133] - train epoch: 13 [49568/49622 (100%)], lr: ['1.00e-04', '1.00e-04'], loss: 0.177713
[2023-10-13 17:50:13,687][INFO][clas_trainer:63] - [epoch  13] execution time: 200.92s	metrics:
[2023-10-13 17:50:13,688][INFO][clas_evaluator:99] - dataset: earlystopping, avg f1-score: 0.7528
[2023-10-13 17:50:32,087][INFO][clas_trainer:133] - train epoch: 14 [4928/49622 (10%)], lr: ['1.00e-04', '1.00e-04'], loss: 0.203311
[2023-10-13 17:50:49,113][INFO][clas_trainer:133] - train epoch: 14 [9888/49622 (20%)], lr: ['1.00e-04', '1.00e-04'], loss: 0.245785
[2023-10-13 17:51:06,130][INFO][clas_trainer:133] - train epoch: 14 [14848/49622 (30%)], lr: ['1.00e-04', '1.00e-04'], loss: 0.358650
[2023-10-13 17:51:22,593][INFO][clas_trainer:133] - train epoch: 14 [19808/49622 (40%)], lr: ['1.00e-04', '1.00e-04'], loss: 0.319471
[2023-10-13 17:51:38,959][INFO][clas_trainer:133] - train epoch: 14 [24768/49622 (50%)], lr: ['1.00e-04', '1.00e-04'], loss: 0.519376
[2023-10-13 17:51:56,357][INFO][clas_trainer:133] - train epoch: 14 [29728/49622 (60%)], lr: ['1.00e-04', '1.00e-04'], loss: 0.199609
[2023-10-13 17:52:12,920][INFO][clas_trainer:133] - train epoch: 14 [34688/49622 (70%)], lr: ['1.00e-04', '1.00e-04'], loss: 0.330153
[2023-10-13 17:52:29,669][INFO][clas_trainer:133] - train epoch: 14 [39648/49622 (80%)], lr: ['1.00e-04', '1.00e-04'], loss: 0.266635
[2023-10-13 17:52:46,200][INFO][clas_trainer:133] - train epoch: 14 [44608/49622 (90%)], lr: ['1.00e-04', '1.00e-04'], loss: 0.086529
[2023-10-13 17:53:03,835][INFO][clas_trainer:133] - train epoch: 14 [49568/49622 (100%)], lr: ['1.00e-04', '1.00e-04'], loss: 0.376274
[2023-10-13 17:53:34,092][INFO][clas_trainer:63] - [epoch  14] execution time: 200.40s	metrics:
[2023-10-13 17:53:34,093][INFO][clas_evaluator:99] - dataset: earlystopping, avg f1-score: 0.7559
[2023-10-13 17:53:51,244][INFO][clas_trainer:133] - train epoch: 15 [4928/49622 (10%)], lr: ['1.00e-04', '1.00e-04'], loss: 0.063524
[2023-10-13 17:54:08,532][INFO][clas_trainer:133] - train epoch: 15 [9888/49622 (20%)], lr: ['1.00e-04', '1.00e-04'], loss: 0.260169
[2023-10-13 17:54:25,540][INFO][clas_trainer:133] - train epoch: 15 [14848/49622 (30%)], lr: ['1.00e-04', '1.00e-04'], loss: 0.247428
[2023-10-13 17:54:42,101][INFO][clas_trainer:133] - train epoch: 15 [19808/49622 (40%)], lr: ['1.00e-04', '1.00e-04'], loss: 0.417620
[2023-10-13 17:54:59,231][INFO][clas_trainer:133] - train epoch: 15 [24768/49622 (50%)], lr: ['1.00e-04', '1.00e-04'], loss: 0.228435
[2023-10-13 17:55:15,574][INFO][clas_trainer:133] - train epoch: 15 [29728/49622 (60%)], lr: ['1.00e-04', '1.00e-04'], loss: 0.207226
[2023-10-13 17:55:32,560][INFO][clas_trainer:133] - train epoch: 15 [34688/49622 (70%)], lr: ['1.00e-04', '1.00e-04'], loss: 0.253815
[2023-10-13 17:55:49,383][INFO][clas_trainer:133] - train epoch: 15 [39648/49622 (80%)], lr: ['1.00e-04', '1.00e-04'], loss: 0.216488
[2023-10-13 17:56:05,761][INFO][clas_trainer:133] - train epoch: 15 [44608/49622 (90%)], lr: ['1.00e-04', '1.00e-04'], loss: 0.212031
[2023-10-13 17:56:22,633][INFO][clas_trainer:133] - train epoch: 15 [49568/49622 (100%)], lr: ['1.00e-04', '1.00e-04'], loss: 0.337586
[2023-10-13 17:56:52,657][INFO][clas_trainer:63] - [epoch  15] execution time: 198.56s	metrics:
[2023-10-13 17:56:52,658][INFO][clas_evaluator:99] - dataset: earlystopping, avg f1-score: 0.7535
[2023-10-13 17:57:10,394][INFO][clas_trainer:133] - train epoch: 16 [4928/49622 (10%)], lr: ['1.00e-04', '1.00e-04'], loss: 0.270613
[2023-10-13 17:57:27,489][INFO][clas_trainer:133] - train epoch: 16 [9888/49622 (20%)], lr: ['1.00e-04', '1.00e-04'], loss: 0.080593
[2023-10-13 17:57:44,275][INFO][clas_trainer:133] - train epoch: 16 [14848/49622 (30%)], lr: ['1.00e-04', '1.00e-04'], loss: 0.223784
[2023-10-13 17:58:01,026][INFO][clas_trainer:133] - train epoch: 16 [19808/49622 (40%)], lr: ['1.00e-04', '1.00e-04'], loss: 0.268471
[2023-10-13 17:58:17,792][INFO][clas_trainer:133] - train epoch: 16 [24768/49622 (50%)], lr: ['1.00e-04', '1.00e-04'], loss: 0.161059
[2023-10-13 17:58:34,513][INFO][clas_trainer:133] - train epoch: 16 [29728/49622 (60%)], lr: ['1.00e-04', '1.00e-04'], loss: 0.285777
[2023-10-13 17:58:51,365][INFO][clas_trainer:133] - train epoch: 16 [34688/49622 (70%)], lr: ['1.00e-04', '1.00e-04'], loss: 0.168655
[2023-10-13 17:59:08,548][INFO][clas_trainer:133] - train epoch: 16 [39648/49622 (80%)], lr: ['1.00e-04', '1.00e-04'], loss: 0.307424
[2023-10-13 17:59:25,398][INFO][clas_trainer:133] - train epoch: 16 [44608/49622 (90%)], lr: ['1.00e-04', '1.00e-04'], loss: 0.181896
[2023-10-13 17:59:42,058][INFO][clas_trainer:133] - train epoch: 16 [49568/49622 (100%)], lr: ['1.00e-04', '1.00e-04'], loss: 0.310056
[2023-10-13 18:00:12,725][INFO][clas_trainer:63] - [epoch  16] execution time: 200.07s	metrics:
[2023-10-13 18:00:12,726][INFO][clas_evaluator:99] - dataset: earlystopping, avg f1-score: 0.7624
[2023-10-13 18:00:31,159][INFO][clas_trainer:133] - train epoch: 17 [4928/49622 (10%)], lr: ['1.00e-04', '1.00e-04'], loss: 0.253558
[2023-10-13 18:00:48,518][INFO][clas_trainer:133] - train epoch: 17 [9888/49622 (20%)], lr: ['1.00e-04', '1.00e-04'], loss: 0.141123
[2023-10-13 18:01:04,935][INFO][clas_trainer:133] - train epoch: 17 [14848/49622 (30%)], lr: ['1.00e-04', '1.00e-04'], loss: 0.461160
[2023-10-13 18:01:22,115][INFO][clas_trainer:133] - train epoch: 17 [19808/49622 (40%)], lr: ['1.00e-04', '1.00e-04'], loss: 0.348232
[2023-10-13 18:01:38,271][INFO][clas_trainer:133] - train epoch: 17 [24768/49622 (50%)], lr: ['1.00e-04', '1.00e-04'], loss: 0.177788
[2023-10-13 18:01:55,456][INFO][clas_trainer:133] - train epoch: 17 [29728/49622 (60%)], lr: ['1.00e-04', '1.00e-04'], loss: 0.357424
[2023-10-13 18:02:12,812][INFO][clas_trainer:133] - train epoch: 17 [34688/49622 (70%)], lr: ['1.00e-04', '1.00e-04'], loss: 0.458356
[2023-10-13 18:02:29,362][INFO][clas_trainer:133] - train epoch: 17 [39648/49622 (80%)], lr: ['1.00e-04', '1.00e-04'], loss: 0.193072
[2023-10-13 18:02:46,421][INFO][clas_trainer:133] - train epoch: 17 [44608/49622 (90%)], lr: ['1.00e-04', '1.00e-04'], loss: 0.218040
[2023-10-13 18:03:03,656][INFO][clas_trainer:133] - train epoch: 17 [49568/49622 (100%)], lr: ['1.00e-04', '1.00e-04'], loss: 0.068173
[2023-10-13 18:03:34,321][INFO][clas_trainer:63] - [epoch  17] execution time: 201.59s	metrics:
[2023-10-13 18:03:34,322][INFO][clas_evaluator:99] - dataset: earlystopping, avg f1-score: 0.7678
[2023-10-13 18:03:52,501][INFO][clas_trainer:133] - train epoch: 18 [4928/49622 (10%)], lr: ['1.00e-04', '1.00e-04'], loss: 0.074935
[2023-10-13 18:04:09,520][INFO][clas_trainer:133] - train epoch: 18 [9888/49622 (20%)], lr: ['1.00e-04', '1.00e-04'], loss: 0.251280
[2023-10-13 18:04:26,598][INFO][clas_trainer:133] - train epoch: 18 [14848/49622 (30%)], lr: ['1.00e-04', '1.00e-04'], loss: 0.220231
[2023-10-13 18:04:43,724][INFO][clas_trainer:133] - train epoch: 18 [19808/49622 (40%)], lr: ['1.00e-04', '1.00e-04'], loss: 0.275232
[2023-10-13 18:05:00,739][INFO][clas_trainer:133] - train epoch: 18 [24768/49622 (50%)], lr: ['1.00e-04', '1.00e-04'], loss: 0.149097
[2023-10-13 18:05:16,902][INFO][clas_trainer:133] - train epoch: 18 [29728/49622 (60%)], lr: ['1.00e-04', '1.00e-04'], loss: 0.163839
[2023-10-13 18:05:33,936][INFO][clas_trainer:133] - train epoch: 18 [34688/49622 (70%)], lr: ['1.00e-04', '1.00e-04'], loss: 0.184366
[2023-10-13 18:05:50,461][INFO][clas_trainer:133] - train epoch: 18 [39648/49622 (80%)], lr: ['1.00e-04', '1.00e-04'], loss: 0.286140
[2023-10-13 18:06:07,048][INFO][clas_trainer:133] - train epoch: 18 [44608/49622 (90%)], lr: ['1.00e-04', '1.00e-04'], loss: 0.165428
[2023-10-13 18:06:23,688][INFO][clas_trainer:133] - train epoch: 18 [49568/49622 (100%)], lr: ['1.00e-04', '1.00e-04'], loss: 0.355154
[2023-10-13 18:06:54,052][INFO][clas_trainer:63] - [epoch  18] execution time: 199.73s	metrics:
[2023-10-13 18:06:54,052][INFO][clas_evaluator:99] - dataset: earlystopping, avg f1-score: 0.7216
[2023-10-13 18:07:12,628][INFO][clas_trainer:133] - train epoch: 19 [4928/49622 (10%)], lr: ['1.00e-04', '1.00e-04'], loss: 0.239046
[2023-10-13 18:07:30,095][INFO][clas_trainer:133] - train epoch: 19 [9888/49622 (20%)], lr: ['1.00e-04', '1.00e-04'], loss: 0.215861
[2023-10-13 18:07:47,302][INFO][clas_trainer:133] - train epoch: 19 [14848/49622 (30%)], lr: ['1.00e-04', '1.00e-04'], loss: 0.148388
[2023-10-13 18:08:04,579][INFO][clas_trainer:133] - train epoch: 19 [19808/49622 (40%)], lr: ['1.00e-04', '1.00e-04'], loss: 0.199054
[2023-10-13 18:08:21,342][INFO][clas_trainer:133] - train epoch: 19 [24768/49622 (50%)], lr: ['1.00e-04', '1.00e-04'], loss: 0.213245
[2023-10-13 18:08:38,734][INFO][clas_trainer:133] - train epoch: 19 [29728/49622 (60%)], lr: ['1.00e-04', '1.00e-04'], loss: 0.059786
[2023-10-13 18:08:55,280][INFO][clas_trainer:133] - train epoch: 19 [34688/49622 (70%)], lr: ['1.00e-04', '1.00e-04'], loss: 0.196042
[2023-10-13 18:09:12,430][INFO][clas_trainer:133] - train epoch: 19 [39648/49622 (80%)], lr: ['1.00e-04', '1.00e-04'], loss: 0.169485
[2023-10-13 18:09:29,317][INFO][clas_trainer:133] - train epoch: 19 [44608/49622 (90%)], lr: ['1.00e-04', '1.00e-04'], loss: 0.403005
[2023-10-13 18:09:46,633][INFO][clas_trainer:133] - train epoch: 19 [49568/49622 (100%)], lr: ['1.00e-04', '1.00e-04'], loss: 0.198548
[2023-10-13 18:10:16,997][INFO][clas_trainer:63] - [epoch  19] execution time: 202.94s	metrics:
[2023-10-13 18:10:16,997][INFO][clas_evaluator:99] - dataset: earlystopping, avg f1-score: 0.7690
[2023-10-13 18:10:17,094][INFO][base_model:51] - snapshot saved to ./models/exp001a-m31-base_fe_clas-2023-10-13_14-21-17-final.pth
[2023-10-13 18:10:35,527][INFO][clas_trainer:133] - train epoch: 20 [4928/49622 (10%)], lr: ['1.00e-04', '1.00e-04'], loss: 0.176348
[2023-10-13 18:10:52,506][INFO][clas_trainer:133] - train epoch: 20 [9888/49622 (20%)], lr: ['1.00e-04', '1.00e-04'], loss: 0.287051
[2023-10-13 18:11:10,186][INFO][clas_trainer:133] - train epoch: 20 [14848/49622 (30%)], lr: ['1.00e-04', '1.00e-04'], loss: 0.112623
[2023-10-13 18:11:27,092][INFO][clas_trainer:133] - train epoch: 20 [19808/49622 (40%)], lr: ['1.00e-04', '1.00e-04'], loss: 0.092503
[2023-10-13 18:11:44,489][INFO][clas_trainer:133] - train epoch: 20 [24768/49622 (50%)], lr: ['1.00e-04', '1.00e-04'], loss: 0.363704
[2023-10-13 18:12:01,574][INFO][clas_trainer:133] - train epoch: 20 [29728/49622 (60%)], lr: ['1.00e-04', '1.00e-04'], loss: 0.391340
[2023-10-13 18:12:18,716][INFO][clas_trainer:133] - train epoch: 20 [34688/49622 (70%)], lr: ['1.00e-04', '1.00e-04'], loss: 0.205287
[2023-10-13 18:12:35,417][INFO][clas_trainer:133] - train epoch: 20 [39648/49622 (80%)], lr: ['1.00e-04', '1.00e-04'], loss: 0.150269
[2023-10-13 18:12:52,694][INFO][clas_trainer:133] - train epoch: 20 [44608/49622 (90%)], lr: ['1.00e-04', '1.00e-04'], loss: 0.122183
[2023-10-13 18:13:09,839][INFO][clas_trainer:133] - train epoch: 20 [49568/49622 (100%)], lr: ['1.00e-04', '1.00e-04'], loss: 0.260221
[2023-10-13 18:13:40,129][INFO][clas_trainer:63] - [epoch  20] execution time: 203.03s	metrics:
[2023-10-13 18:13:40,129][INFO][clas_evaluator:99] - dataset: earlystopping, avg f1-score: 0.7553
[2023-10-13 18:13:58,390][INFO][clas_trainer:133] - train epoch: 21 [4928/49622 (10%)], lr: ['1.00e-04', '1.00e-04'], loss: 0.299598
[2023-10-13 18:14:15,929][INFO][clas_trainer:133] - train epoch: 21 [9888/49622 (20%)], lr: ['1.00e-04', '1.00e-04'], loss: 0.195973
[2023-10-13 18:14:33,486][INFO][clas_trainer:133] - train epoch: 21 [14848/49622 (30%)], lr: ['1.00e-04', '1.00e-04'], loss: 0.657275
[2023-10-13 18:14:50,408][INFO][clas_trainer:133] - train epoch: 21 [19808/49622 (40%)], lr: ['1.00e-04', '1.00e-04'], loss: 0.053130
[2023-10-13 18:15:07,585][INFO][clas_trainer:133] - train epoch: 21 [24768/49622 (50%)], lr: ['1.00e-04', '1.00e-04'], loss: 0.281226
[2023-10-13 18:15:24,689][INFO][clas_trainer:133] - train epoch: 21 [29728/49622 (60%)], lr: ['1.00e-04', '1.00e-04'], loss: 0.454810
[2023-10-13 18:15:41,921][INFO][clas_trainer:133] - train epoch: 21 [34688/49622 (70%)], lr: ['1.00e-04', '1.00e-04'], loss: 0.192096
[2023-10-13 18:15:58,500][INFO][clas_trainer:133] - train epoch: 21 [39648/49622 (80%)], lr: ['1.00e-04', '1.00e-04'], loss: 0.116283
[2023-10-13 18:16:15,770][INFO][clas_trainer:133] - train epoch: 21 [44608/49622 (90%)], lr: ['1.00e-04', '1.00e-04'], loss: 0.350868
[2023-10-13 18:16:33,268][INFO][clas_trainer:133] - train epoch: 21 [49568/49622 (100%)], lr: ['1.00e-04', '1.00e-04'], loss: 0.136708
[2023-10-13 18:17:03,130][INFO][clas_trainer:63] - [epoch  21] execution time: 203.00s	metrics:
[2023-10-13 18:17:03,131][INFO][clas_evaluator:99] - dataset: earlystopping, avg f1-score: 0.7691
[2023-10-13 18:17:03,200][INFO][base_model:51] - snapshot saved to ./models/exp001a-m31-base_fe_clas-2023-10-13_14-21-17-final.pth
[2023-10-13 18:17:21,544][INFO][clas_trainer:133] - train epoch: 22 [4928/49622 (10%)], lr: ['1.00e-04', '1.00e-04'], loss: 0.161919
[2023-10-13 18:17:38,199][INFO][clas_trainer:133] - train epoch: 22 [9888/49622 (20%)], lr: ['1.00e-04', '1.00e-04'], loss: 0.183095
[2023-10-13 18:17:55,033][INFO][clas_trainer:133] - train epoch: 22 [14848/49622 (30%)], lr: ['1.00e-04', '1.00e-04'], loss: 0.132962
[2023-10-13 18:18:11,880][INFO][clas_trainer:133] - train epoch: 22 [19808/49622 (40%)], lr: ['1.00e-04', '1.00e-04'], loss: 0.167907
[2023-10-13 18:18:29,199][INFO][clas_trainer:133] - train epoch: 22 [24768/49622 (50%)], lr: ['1.00e-04', '1.00e-04'], loss: 0.064973
[2023-10-13 18:18:46,427][INFO][clas_trainer:133] - train epoch: 22 [29728/49622 (60%)], lr: ['1.00e-04', '1.00e-04'], loss: 0.271879
[2023-10-13 18:19:03,080][INFO][clas_trainer:133] - train epoch: 22 [34688/49622 (70%)], lr: ['1.00e-04', '1.00e-04'], loss: 0.127521
[2023-10-13 18:19:20,596][INFO][clas_trainer:133] - train epoch: 22 [39648/49622 (80%)], lr: ['1.00e-04', '1.00e-04'], loss: 0.218150
[2023-10-13 18:19:36,792][INFO][clas_trainer:133] - train epoch: 22 [44608/49622 (90%)], lr: ['1.00e-04', '1.00e-04'], loss: 0.264114
[2023-10-13 18:19:53,657][INFO][clas_trainer:133] - train epoch: 22 [49568/49622 (100%)], lr: ['1.00e-04', '1.00e-04'], loss: 0.104549
[2023-10-13 18:20:23,834][INFO][clas_trainer:63] - [epoch  22] execution time: 200.63s	metrics:
[2023-10-13 18:20:23,835][INFO][clas_evaluator:99] - dataset: earlystopping, avg f1-score: 0.7754
[2023-10-13 18:20:23,913][INFO][base_model:51] - snapshot saved to ./models/exp001a-m31-base_fe_clas-2023-10-13_14-21-17-final.pth
[2023-10-13 18:20:41,362][INFO][clas_trainer:133] - train epoch: 23 [4928/49622 (10%)], lr: ['1.00e-04', '1.00e-04'], loss: 0.223114
[2023-10-13 18:20:58,808][INFO][clas_trainer:133] - train epoch: 23 [9888/49622 (20%)], lr: ['1.00e-04', '1.00e-04'], loss: 0.315418
[2023-10-13 18:21:15,533][INFO][clas_trainer:133] - train epoch: 23 [14848/49622 (30%)], lr: ['1.00e-04', '1.00e-04'], loss: 0.099790
[2023-10-13 18:21:32,425][INFO][clas_trainer:133] - train epoch: 23 [19808/49622 (40%)], lr: ['1.00e-04', '1.00e-04'], loss: 0.221139
[2023-10-13 18:21:49,023][INFO][clas_trainer:133] - train epoch: 23 [24768/49622 (50%)], lr: ['1.00e-04', '1.00e-04'], loss: 0.088744
[2023-10-13 18:22:05,899][INFO][clas_trainer:133] - train epoch: 23 [29728/49622 (60%)], lr: ['1.00e-04', '1.00e-04'], loss: 0.207152
[2023-10-13 18:22:22,798][INFO][clas_trainer:133] - train epoch: 23 [34688/49622 (70%)], lr: ['1.00e-04', '1.00e-04'], loss: 0.263778
[2023-10-13 18:22:39,773][INFO][clas_trainer:133] - train epoch: 23 [39648/49622 (80%)], lr: ['1.00e-04', '1.00e-04'], loss: 0.232894
[2023-10-13 18:22:56,379][INFO][clas_trainer:133] - train epoch: 23 [44608/49622 (90%)], lr: ['1.00e-04', '1.00e-04'], loss: 0.146329
[2023-10-13 18:23:13,377][INFO][clas_trainer:133] - train epoch: 23 [49568/49622 (100%)], lr: ['1.00e-04', '1.00e-04'], loss: 0.013991
[2023-10-13 18:23:37,787][INFO][clas_trainer:63] - [epoch  23] execution time: 193.87s	metrics:
[2023-10-13 18:23:37,787][INFO][clas_evaluator:99] - dataset: earlystopping, avg f1-score: 0.7707
[2023-10-13 18:23:56,225][INFO][clas_trainer:133] - train epoch: 24 [4928/49622 (10%)], lr: ['1.00e-04', '1.00e-04'], loss: 0.074433
[2023-10-13 18:24:12,669][INFO][clas_trainer:133] - train epoch: 24 [9888/49622 (20%)], lr: ['1.00e-04', '1.00e-04'], loss: 0.350744
[2023-10-13 18:24:29,882][INFO][clas_trainer:133] - train epoch: 24 [14848/49622 (30%)], lr: ['1.00e-04', '1.00e-04'], loss: 0.032562
[2023-10-13 18:24:46,640][INFO][clas_trainer:133] - train epoch: 24 [19808/49622 (40%)], lr: ['1.00e-04', '1.00e-04'], loss: 0.158079
[2023-10-13 18:25:03,279][INFO][clas_trainer:133] - train epoch: 24 [24768/49622 (50%)], lr: ['1.00e-04', '1.00e-04'], loss: 0.257089
[2023-10-13 18:25:20,523][INFO][clas_trainer:133] - train epoch: 24 [29728/49622 (60%)], lr: ['1.00e-04', '1.00e-04'], loss: 0.173873
[2023-10-13 18:25:36,960][INFO][clas_trainer:133] - train epoch: 24 [34688/49622 (70%)], lr: ['1.00e-04', '1.00e-04'], loss: 0.110909
[2023-10-13 18:25:54,149][INFO][clas_trainer:133] - train epoch: 24 [39648/49622 (80%)], lr: ['1.00e-04', '1.00e-04'], loss: 0.100046
[2023-10-13 18:26:10,619][INFO][clas_trainer:133] - train epoch: 24 [44608/49622 (90%)], lr: ['1.00e-04', '1.00e-04'], loss: 0.221952
[2023-10-13 18:26:27,598][INFO][clas_trainer:133] - train epoch: 24 [49568/49622 (100%)], lr: ['1.00e-04', '1.00e-04'], loss: 0.133760
[2023-10-13 18:26:57,223][INFO][clas_trainer:63] - [epoch  24] execution time: 199.44s	metrics:
[2023-10-13 18:26:57,224][INFO][clas_evaluator:99] - dataset: earlystopping, avg f1-score: 0.7405
[2023-10-13 18:27:15,634][INFO][clas_trainer:133] - train epoch: 25 [4928/49622 (10%)], lr: ['1.00e-04', '1.00e-04'], loss: 0.236962
[2023-10-13 18:27:33,131][INFO][clas_trainer:133] - train epoch: 25 [9888/49622 (20%)], lr: ['1.00e-04', '1.00e-04'], loss: 0.342625
[2023-10-13 18:27:50,208][INFO][clas_trainer:133] - train epoch: 25 [14848/49622 (30%)], lr: ['1.00e-04', '1.00e-04'], loss: 0.100387
[2023-10-13 18:28:07,165][INFO][clas_trainer:133] - train epoch: 25 [19808/49622 (40%)], lr: ['1.00e-04', '1.00e-04'], loss: 0.341572
[2023-10-13 18:28:23,926][INFO][clas_trainer:133] - train epoch: 25 [24768/49622 (50%)], lr: ['1.00e-04', '1.00e-04'], loss: 0.127848
[2023-10-13 18:28:40,264][INFO][clas_trainer:133] - train epoch: 25 [29728/49622 (60%)], lr: ['1.00e-04', '1.00e-04'], loss: 0.302238
[2023-10-13 18:28:56,681][INFO][clas_trainer:133] - train epoch: 25 [34688/49622 (70%)], lr: ['1.00e-04', '1.00e-04'], loss: 0.132886
[2023-10-13 18:29:14,429][INFO][clas_trainer:133] - train epoch: 25 [39648/49622 (80%)], lr: ['1.00e-04', '1.00e-04'], loss: 0.426434
[2023-10-13 18:29:30,534][INFO][clas_trainer:133] - train epoch: 25 [44608/49622 (90%)], lr: ['1.00e-04', '1.00e-04'], loss: 0.094222
[2023-10-13 18:29:47,349][INFO][clas_trainer:133] - train epoch: 25 [49568/49622 (100%)], lr: ['1.00e-04', '1.00e-04'], loss: 0.106103
[2023-10-13 18:30:16,288][INFO][clas_trainer:63] - [epoch  25] execution time: 199.06s	metrics:
[2023-10-13 18:30:16,289][INFO][clas_evaluator:99] - dataset: earlystopping, avg f1-score: 0.7415
[2023-10-13 18:30:34,327][INFO][clas_trainer:133] - train epoch: 26 [4928/49622 (10%)], lr: ['1.00e-04', '1.00e-04'], loss: 0.162182
[2023-10-13 18:30:51,210][INFO][clas_trainer:133] - train epoch: 26 [9888/49622 (20%)], lr: ['1.00e-04', '1.00e-04'], loss: 0.138287
[2023-10-13 18:31:07,879][INFO][clas_trainer:133] - train epoch: 26 [14848/49622 (30%)], lr: ['1.00e-04', '1.00e-04'], loss: 0.258784
[2023-10-13 18:31:25,331][INFO][clas_trainer:133] - train epoch: 26 [19808/49622 (40%)], lr: ['1.00e-04', '1.00e-04'], loss: 0.312715
[2023-10-13 18:31:42,021][INFO][clas_trainer:133] - train epoch: 26 [24768/49622 (50%)], lr: ['1.00e-04', '1.00e-04'], loss: 0.083195
[2023-10-13 18:31:58,468][INFO][clas_trainer:133] - train epoch: 26 [29728/49622 (60%)], lr: ['1.00e-04', '1.00e-04'], loss: 0.224417
[2023-10-13 18:32:14,951][INFO][clas_trainer:133] - train epoch: 26 [34688/49622 (70%)], lr: ['1.00e-04', '1.00e-04'], loss: 0.388362
[2023-10-13 18:32:31,444][INFO][clas_trainer:133] - train epoch: 26 [39648/49622 (80%)], lr: ['1.00e-04', '1.00e-04'], loss: 0.057365
[2023-10-13 18:32:48,120][INFO][clas_trainer:133] - train epoch: 26 [44608/49622 (90%)], lr: ['1.00e-04', '1.00e-04'], loss: 0.147852
[2023-10-13 18:33:04,451][INFO][clas_trainer:133] - train epoch: 26 [49568/49622 (100%)], lr: ['1.00e-04', '1.00e-04'], loss: 0.269808
[2023-10-13 18:33:31,779][INFO][clas_trainer:63] - [epoch  26] execution time: 195.49s	metrics:
[2023-10-13 18:33:31,780][INFO][clas_evaluator:99] - dataset: earlystopping, avg f1-score: 0.7293
[2023-10-13 18:33:50,268][INFO][clas_trainer:133] - train epoch: 27 [4928/49622 (10%)], lr: ['1.00e-04', '1.00e-04'], loss: 0.151162
[2023-10-13 18:34:07,259][INFO][clas_trainer:133] - train epoch: 27 [9888/49622 (20%)], lr: ['1.00e-04', '1.00e-04'], loss: 0.361370
[2023-10-13 18:34:24,015][INFO][clas_trainer:133] - train epoch: 27 [14848/49622 (30%)], lr: ['1.00e-04', '1.00e-04'], loss: 0.217048
[2023-10-13 18:34:41,100][INFO][clas_trainer:133] - train epoch: 27 [19808/49622 (40%)], lr: ['1.00e-04', '1.00e-04'], loss: 0.051478
[2023-10-13 18:34:57,817][INFO][clas_trainer:133] - train epoch: 27 [24768/49622 (50%)], lr: ['1.00e-04', '1.00e-04'], loss: 0.191570
[2023-10-13 18:35:14,897][INFO][clas_trainer:133] - train epoch: 27 [29728/49622 (60%)], lr: ['1.00e-04', '1.00e-04'], loss: 0.095112
[2023-10-13 18:35:32,294][INFO][clas_trainer:133] - train epoch: 27 [34688/49622 (70%)], lr: ['1.00e-04', '1.00e-04'], loss: 0.058996
[2023-10-13 18:35:48,881][INFO][clas_trainer:133] - train epoch: 27 [39648/49622 (80%)], lr: ['1.00e-04', '1.00e-04'], loss: 0.184262
[2023-10-13 18:36:06,194][INFO][clas_trainer:133] - train epoch: 27 [44608/49622 (90%)], lr: ['1.00e-04', '1.00e-04'], loss: 0.090805
[2023-10-13 18:36:22,596][INFO][clas_trainer:133] - train epoch: 27 [49568/49622 (100%)], lr: ['1.00e-04', '1.00e-04'], loss: 0.100149
[2023-10-13 18:36:49,958][INFO][clas_trainer:63] - [epoch  27] execution time: 198.18s	metrics:
[2023-10-13 18:36:49,959][INFO][clas_evaluator:99] - dataset: earlystopping, avg f1-score: 0.7339
[2023-10-13 18:37:07,580][INFO][clas_trainer:133] - train epoch: 28 [4928/49622 (10%)], lr: ['1.00e-04', '1.00e-04'], loss: 0.239702
[2023-10-13 18:37:23,562][INFO][clas_trainer:133] - train epoch: 28 [9888/49622 (20%)], lr: ['1.00e-04', '1.00e-04'], loss: 0.130610
[2023-10-13 18:37:40,442][INFO][clas_trainer:133] - train epoch: 28 [14848/49622 (30%)], lr: ['1.00e-04', '1.00e-04'], loss: 0.176286
[2023-10-13 18:37:57,205][INFO][clas_trainer:133] - train epoch: 28 [19808/49622 (40%)], lr: ['1.00e-04', '1.00e-04'], loss: 0.055509
[2023-10-13 18:38:13,708][INFO][clas_trainer:133] - train epoch: 28 [24768/49622 (50%)], lr: ['1.00e-04', '1.00e-04'], loss: 0.229464
[2023-10-13 18:38:30,553][INFO][clas_trainer:133] - train epoch: 28 [29728/49622 (60%)], lr: ['1.00e-04', '1.00e-04'], loss: 0.247891
[2023-10-13 18:38:46,859][INFO][clas_trainer:133] - train epoch: 28 [34688/49622 (70%)], lr: ['1.00e-04', '1.00e-04'], loss: 0.114915
[2023-10-13 18:39:03,458][INFO][clas_trainer:133] - train epoch: 28 [39648/49622 (80%)], lr: ['1.00e-04', '1.00e-04'], loss: 0.214637
[2023-10-13 18:39:19,765][INFO][clas_trainer:133] - train epoch: 28 [44608/49622 (90%)], lr: ['1.00e-04', '1.00e-04'], loss: 0.082757
[2023-10-13 18:39:35,839][INFO][clas_trainer:133] - train epoch: 28 [49568/49622 (100%)], lr: ['1.00e-04', '1.00e-04'], loss: 0.160742
[2023-10-13 18:40:02,941][INFO][clas_trainer:63] - [epoch  28] execution time: 192.98s	metrics:
[2023-10-13 18:40:02,942][INFO][clas_evaluator:99] - dataset: earlystopping, avg f1-score: 0.7626
[2023-10-13 18:40:20,287][INFO][clas_trainer:133] - train epoch: 29 [4928/49622 (10%)], lr: ['1.00e-04', '1.00e-04'], loss: 0.130139
[2023-10-13 18:40:36,883][INFO][clas_trainer:133] - train epoch: 29 [9888/49622 (20%)], lr: ['1.00e-04', '1.00e-04'], loss: 0.228747
[2023-10-13 18:40:53,775][INFO][clas_trainer:133] - train epoch: 29 [14848/49622 (30%)], lr: ['1.00e-04', '1.00e-04'], loss: 0.072401
[2023-10-13 18:41:11,240][INFO][clas_trainer:133] - train epoch: 29 [19808/49622 (40%)], lr: ['1.00e-04', '1.00e-04'], loss: 0.082300
[2023-10-13 18:41:27,566][INFO][clas_trainer:133] - train epoch: 29 [24768/49622 (50%)], lr: ['1.00e-04', '1.00e-04'], loss: 0.237292
[2023-10-13 18:41:43,651][INFO][clas_trainer:133] - train epoch: 29 [29728/49622 (60%)], lr: ['1.00e-04', '1.00e-04'], loss: 0.141834
[2023-10-13 18:41:59,725][INFO][clas_trainer:133] - train epoch: 29 [34688/49622 (70%)], lr: ['1.00e-04', '1.00e-04'], loss: 0.149609
[2023-10-13 18:42:16,348][INFO][clas_trainer:133] - train epoch: 29 [39648/49622 (80%)], lr: ['1.00e-04', '1.00e-04'], loss: 0.354231
[2023-10-13 18:42:33,440][INFO][clas_trainer:133] - train epoch: 29 [44608/49622 (90%)], lr: ['1.00e-04', '1.00e-04'], loss: 0.124147
[2023-10-13 18:42:49,665][INFO][clas_trainer:133] - train epoch: 29 [49568/49622 (100%)], lr: ['1.00e-04', '1.00e-04'], loss: 0.166317
[2023-10-13 18:43:18,136][INFO][clas_trainer:63] - [epoch  29] execution time: 195.19s	metrics:
[2023-10-13 18:43:18,136][INFO][clas_evaluator:99] - dataset: earlystopping, avg f1-score: 0.7311
[2023-10-13 18:43:35,827][INFO][clas_trainer:133] - train epoch: 30 [4928/49622 (10%)], lr: ['1.00e-04', '1.00e-04'], loss: 0.103257
[2023-10-13 18:43:52,017][INFO][clas_trainer:133] - train epoch: 30 [9888/49622 (20%)], lr: ['1.00e-04', '1.00e-04'], loss: 0.038695
[2023-10-13 18:44:07,692][INFO][clas_trainer:133] - train epoch: 30 [14848/49622 (30%)], lr: ['1.00e-04', '1.00e-04'], loss: 0.238734
[2023-10-13 18:44:23,956][INFO][clas_trainer:133] - train epoch: 30 [19808/49622 (40%)], lr: ['1.00e-04', '1.00e-04'], loss: 0.300416
[2023-10-13 18:44:40,858][INFO][clas_trainer:133] - train epoch: 30 [24768/49622 (50%)], lr: ['1.00e-04', '1.00e-04'], loss: 0.545121
[2023-10-13 18:44:57,078][INFO][clas_trainer:133] - train epoch: 30 [29728/49622 (60%)], lr: ['1.00e-04', '1.00e-04'], loss: 0.208746
[2023-10-13 18:45:13,548][INFO][clas_trainer:133] - train epoch: 30 [34688/49622 (70%)], lr: ['1.00e-04', '1.00e-04'], loss: 0.120279
[2023-10-13 18:45:29,641][INFO][clas_trainer:133] - train epoch: 30 [39648/49622 (80%)], lr: ['1.00e-04', '1.00e-04'], loss: 0.204764
[2023-10-13 18:45:46,232][INFO][clas_trainer:133] - train epoch: 30 [44608/49622 (90%)], lr: ['1.00e-04', '1.00e-04'], loss: 0.274012
[2023-10-13 18:46:02,860][INFO][clas_trainer:133] - train epoch: 30 [49568/49622 (100%)], lr: ['1.00e-04', '1.00e-04'], loss: 0.221517
[2023-10-13 18:46:31,245][INFO][clas_trainer:63] - [epoch  30] execution time: 193.11s	metrics:
[2023-10-13 18:46:31,245][INFO][clas_evaluator:99] - dataset: earlystopping, avg f1-score: 0.7506
[2023-10-13 18:46:48,651][INFO][clas_trainer:133] - train epoch: 31 [4928/49622 (10%)], lr: ['1.00e-04', '1.00e-04'], loss: 0.119662
[2023-10-13 18:47:04,669][INFO][clas_trainer:133] - train epoch: 31 [9888/49622 (20%)], lr: ['1.00e-04', '1.00e-04'], loss: 0.106747
[2023-10-13 18:47:20,969][INFO][clas_trainer:133] - train epoch: 31 [14848/49622 (30%)], lr: ['1.00e-04', '1.00e-04'], loss: 0.215010
[2023-10-13 18:47:37,675][INFO][clas_trainer:133] - train epoch: 31 [19808/49622 (40%)], lr: ['1.00e-04', '1.00e-04'], loss: 0.182752
[2023-10-13 18:47:54,657][INFO][clas_trainer:133] - train epoch: 31 [24768/49622 (50%)], lr: ['1.00e-04', '1.00e-04'], loss: 0.155701
[2023-10-13 18:48:11,083][INFO][clas_trainer:133] - train epoch: 31 [29728/49622 (60%)], lr: ['1.00e-04', '1.00e-04'], loss: 0.055295
[2023-10-13 18:48:27,556][INFO][clas_trainer:133] - train epoch: 31 [34688/49622 (70%)], lr: ['1.00e-04', '1.00e-04'], loss: 0.264211
[2023-10-13 18:48:44,039][INFO][clas_trainer:133] - train epoch: 31 [39648/49622 (80%)], lr: ['1.00e-04', '1.00e-04'], loss: 0.123452
[2023-10-13 18:49:00,826][INFO][clas_trainer:133] - train epoch: 31 [44608/49622 (90%)], lr: ['1.00e-04', '1.00e-04'], loss: 0.321932
[2023-10-13 18:49:16,820][INFO][clas_trainer:133] - train epoch: 31 [49568/49622 (100%)], lr: ['1.00e-04', '1.00e-04'], loss: 0.045935
[2023-10-13 18:49:45,208][INFO][clas_trainer:63] - [epoch  31] execution time: 193.96s	metrics:
[2023-10-13 18:49:45,209][INFO][clas_evaluator:99] - dataset: earlystopping, avg f1-score: 0.7449
[2023-10-13 18:50:02,436][INFO][clas_trainer:133] - train epoch: 32 [4928/49622 (10%)], lr: ['1.00e-04', '1.00e-04'], loss: 0.104929
[2023-10-13 18:50:19,253][INFO][clas_trainer:133] - train epoch: 32 [9888/49622 (20%)], lr: ['1.00e-04', '1.00e-04'], loss: 0.189288
[2023-10-13 18:50:36,166][INFO][clas_trainer:133] - train epoch: 32 [14848/49622 (30%)], lr: ['1.00e-04', '1.00e-04'], loss: 0.007263
[2023-10-13 18:50:53,011][INFO][clas_trainer:133] - train epoch: 32 [19808/49622 (40%)], lr: ['1.00e-04', '1.00e-04'], loss: 0.052435
[2023-10-13 18:51:09,260][INFO][clas_trainer:133] - train epoch: 32 [24768/49622 (50%)], lr: ['1.00e-04', '1.00e-04'], loss: 0.227377
[2023-10-13 18:51:25,509][INFO][clas_trainer:133] - train epoch: 32 [29728/49622 (60%)], lr: ['1.00e-04', '1.00e-04'], loss: 0.131342
[2023-10-13 18:51:41,765][INFO][clas_trainer:133] - train epoch: 32 [34688/49622 (70%)], lr: ['1.00e-04', '1.00e-04'], loss: 0.103790
[2023-10-13 18:51:58,451][INFO][clas_trainer:133] - train epoch: 32 [39648/49622 (80%)], lr: ['1.00e-04', '1.00e-04'], loss: 0.146336
[2023-10-13 18:52:14,728][INFO][clas_trainer:133] - train epoch: 32 [44608/49622 (90%)], lr: ['1.00e-04', '1.00e-04'], loss: 0.043866
[2023-10-13 18:52:31,165][INFO][clas_trainer:133] - train epoch: 32 [49568/49622 (100%)], lr: ['1.00e-04', '1.00e-04'], loss: 0.175441
[2023-10-13 18:52:59,591][INFO][clas_trainer:63] - [epoch  32] execution time: 194.38s	metrics:
[2023-10-13 18:52:59,592][INFO][clas_evaluator:99] - dataset: earlystopping, avg f1-score: 0.7319
[2023-10-13 18:52:59,642][INFO][clas_trainer:79] - finished training
[2023-10-13 18:52:59,642][INFO][clas_trainer:80] - best model on epoch: 22 	f1-score: 0.7754
