[2024-10-03 05:58:19,430][INFO][fine-tune:25] - Using GPU 1
[2024-10-03 05:58:19,444][INFO][fine-tune:35] - overrides:
hydra:
- hydra.launcher.n_jobs=40
- hydra.mode=MULTIRUN
task:
- m_seed_path_sids={seeds:[8,8,8,8,8],path:"exp005b-m8-simple_multi_class-2024-09-20_13-57-42-final.pth",subject_ids:{sleepedfx:$\{data.sleepedfx.cv_5_fold.fold_4\}}}
- data.downstream.train_dataloader.dataset.data_reducer.n_epochs=-1
- data.downstream.train_dataloader.dataset.data_reducer.n_subjects=2
- general.gpus=[0,1,2,3]

[2024-10-03 05:58:29,024][INFO][data_loaders:39] - class distribution before data reduction:
# samples per subject
SC4001E0: 841
SC4002E0: 1127
SC4011E0: 1103
SC4012E0: 1186
SC4031E0: 952
SC4032E0: 911
SC4051E0: 672
SC4052E0: 1246
SC4061E0: 843
SC4062E0: 1016
SC4081E0: 1134
SC4082E0: 1054
SC4091E0: 1132
SC4092E0: 1105
SC4101E0: 1104
SC4102E0: 1092
SC4121E0: 1052
SC4122E0: 977
SC4131E0: 1028
SC4141E0: 1004
SC4142E0: 952
SC4151E0: 952
SC4152E0: 1762
SC4171E0: 1002
SC4172E0: 1773
SC4201E0: 1022
SC4202E0: 1021
SC4211E0: 1578
SC4212E0: 808
SC4221E0: 1099
SC4222E0: 1108
SC4231E0: 904
SC4232E0: 1729
SC4241E0: 1673
SC4242E0: 1775
SC4261F0: 1597
SC4262F0: 980
SC4271F0: 1052
SC4272F0: 1090
SC4281G0: 1127
SC4282G0: 1070
SC4301E0: 929
SC4302E0: 854
SC4311E0: 1054
SC4312E0: 1181
SC4321E0: 1560
SC4322E0: 1021
SC4341F0: 1501
SC4342F0: 1582
SC4351F0: 976
SC4352F0: 963
SC4362F0: 824
SC4371F0: 918
SC4372F0: 1509
SC4411E0: 1078
SC4412E0: 924
SC4431E0: 699
SC4432E0: 962
SC4441E0: 1195
SC4442E0: 1092
SC4451F0: 1208
SC4452F0: 1166
SC4471F0: 1187
SC4472F0: 2161
SC4481F0: 2027
SC4482F0: 1910
SC4491G0: 1101
SC4492G0: 1040
SC4501E0: 1326
SC4502E0: 1103
SC4511E0: 1087
SC4512E0: 954
SC4522E0: 997
SC4531E0: 1096
SC4532E0: 1056
SC4541F0: 1716
SC4542F0: 1148
SC4551F0: 1047
SC4552F0: 1090
SC4561F0: 1237
SC4562F0: 1148
SC4571F0: 1236
SC4572F0: 1095
SC4591G0: 1840
SC4592G0: 1231
SC4601E0: 1349
SC4602E0: 2043
SC4621E0: 1445
SC4622E0: 1823
SC4641E0: 1271
SC4642E0: 2049
SC4651E0: 2644
SC4652E0: 1929
SC4671G0: 1968
SC4672G0: 1021
SC4701E0: 1717
SC4702E0: 1515
SC4721E0: 1031
SC4722E0: 1130
SC4731E0: 2667
SC4732E0: 2318
SC4741E0: 2210
SC4742E0: 1063
SC4751E0: 2044
SC4752E0: 1049
SC4771G0: 1325
SC4772G0: 1324

# samples per stage
0: 46617
1: 15524
2: 47730
3: 9204
4: 17542
[2024-10-03 05:58:30,500][INFO][data_loaders:43] - class distribution after data reduction:
# samples per subject
SC4442E0: 43680
SC4732E0: 92720

# samples per stage
0: 65240
1: 22480
2: 35720
3: 3680
4: 9280
[2024-10-03 05:58:32,218][INFO][data_loaders:39] - class distribution before data reduction:
# samples per subject
SC4021E0: 1025
SC4022E0: 1009
SC4111E0: 928
SC4112E0: 802
SC4291G0: 1131
SC4292G0: 1605
SC4331F0: 1888
SC4332F0: 1312
SC4401E0: 1064
SC4402E0: 1072
SC4461F0: 983
SC4462F0: 1022
SC4761E0: 1683
SC4762E0: 2662
SC4811G0: 1293
SC4812G0: 1183

# samples per stage
0: 7660
1: 1927
2: 7106
3: 1128
4: 2841
[2024-10-03 05:58:32,580][INFO][data_loaders:43] - class distribution after data reduction:
# samples per subject
SC4021E0: 1025
SC4022E0: 1009
SC4111E0: 928
SC4112E0: 802
SC4291G0: 1131
SC4292G0: 1605
SC4331F0: 1888
SC4332F0: 1312
SC4401E0: 1064
SC4402E0: 1072
SC4461F0: 983
SC4462F0: 1022
SC4761E0: 1683
SC4762E0: 2662
SC4811G0: 1293
SC4812G0: 1183

# samples per stage
0: 7660
1: 1927
2: 7106
3: 1128
4: 2841
[2024-10-03 05:58:32,606][INFO][clas_trainer:49] - metrics before training (epoch 0):
[2024-10-03 06:00:25,901][INFO][clas_evaluator:132] - dataset: earlystopping, avg f1-score: 0.1024
[2024-10-03 06:01:36,884][INFO][clas_trainer:133] - train epoch: 1 [13600/136400 (10%)], lr: ['1.00e-04', '1.00e-04'], loss: 1.334299
[2024-10-03 06:02:44,219][INFO][clas_trainer:133] - train epoch: 1 [27232/136400 (20%)], lr: ['1.00e-04', '1.00e-04'], loss: 0.679029
[2024-10-03 06:03:52,217][INFO][clas_trainer:133] - train epoch: 1 [40864/136400 (30%)], lr: ['1.00e-04', '1.00e-04'], loss: 0.402726
[2024-10-03 06:05:01,251][INFO][clas_trainer:133] - train epoch: 1 [54496/136400 (40%)], lr: ['1.00e-04', '1.00e-04'], loss: 0.643408
[2024-10-03 06:06:13,166][INFO][clas_trainer:133] - train epoch: 1 [68128/136400 (50%)], lr: ['1.00e-04', '1.00e-04'], loss: 0.575293
[2024-10-03 06:07:23,508][INFO][clas_trainer:133] - train epoch: 1 [81760/136400 (60%)], lr: ['1.00e-04', '1.00e-04'], loss: 0.596914
[2024-10-03 06:08:36,877][INFO][clas_trainer:133] - train epoch: 1 [95392/136400 (70%)], lr: ['1.00e-04', '1.00e-04'], loss: 0.632284
[2024-10-03 06:09:51,067][INFO][clas_trainer:133] - train epoch: 1 [109024/136400 (80%)], lr: ['1.00e-04', '1.00e-04'], loss: 0.397287
[2024-10-03 06:11:03,832][INFO][clas_trainer:133] - train epoch: 1 [122656/136400 (90%)], lr: ['1.00e-04', '1.00e-04'], loss: 0.436140
[2024-10-03 06:12:13,531][INFO][clas_trainer:133] - train epoch: 1 [136288/136400 (100%)], lr: ['1.00e-04', '1.00e-04'], loss: 0.464038
[2024-10-03 06:13:58,083][INFO][clas_trainer:63] - [epoch   1] execution time: 812.18s	metrics:
[2024-10-03 06:13:58,084][INFO][clas_evaluator:132] - dataset: earlystopping, avg f1-score: 0.5723
[2024-10-03 06:13:58,122][INFO][base_model:51] - snapshot saved to XXX/frequency-pretraining/models/exp005a-m201-base_fe_clas-2024-10-02_10-52-09-final.pth
[2024-10-03 06:15:06,521][INFO][clas_trainer:133] - train epoch: 2 [13600/136400 (10%)], lr: ['1.00e-04', '1.00e-04'], loss: 0.415688
[2024-10-03 06:16:13,824][INFO][clas_trainer:133] - train epoch: 2 [27232/136400 (20%)], lr: ['1.00e-04', '1.00e-04'], loss: 0.194475
[2024-10-03 06:17:25,237][INFO][clas_trainer:133] - train epoch: 2 [40864/136400 (30%)], lr: ['1.00e-04', '1.00e-04'], loss: 0.347022
[2024-10-03 06:18:36,664][INFO][clas_trainer:133] - train epoch: 2 [54496/136400 (40%)], lr: ['1.00e-04', '1.00e-04'], loss: 0.481889
[2024-10-03 06:19:45,857][INFO][clas_trainer:133] - train epoch: 2 [68128/136400 (50%)], lr: ['1.00e-04', '1.00e-04'], loss: 0.146180
[2024-10-03 06:20:56,803][INFO][clas_trainer:133] - train epoch: 2 [81760/136400 (60%)], lr: ['1.00e-04', '1.00e-04'], loss: 0.317137
[2024-10-03 06:22:09,080][INFO][clas_trainer:133] - train epoch: 2 [95392/136400 (70%)], lr: ['1.00e-04', '1.00e-04'], loss: 0.353994
[2024-10-03 06:23:16,736][INFO][clas_trainer:133] - train epoch: 2 [109024/136400 (80%)], lr: ['1.00e-04', '1.00e-04'], loss: 0.085920
[2024-10-03 06:24:26,837][INFO][clas_trainer:133] - train epoch: 2 [122656/136400 (90%)], lr: ['1.00e-04', '1.00e-04'], loss: 0.262227
[2024-10-03 06:25:36,777][INFO][clas_trainer:133] - train epoch: 2 [136288/136400 (100%)], lr: ['1.00e-04', '1.00e-04'], loss: 0.125970
[2024-10-03 06:27:24,023][INFO][clas_trainer:63] - [epoch   2] execution time: 805.90s	metrics:
[2024-10-03 06:27:24,024][INFO][clas_evaluator:132] - dataset: earlystopping, avg f1-score: 0.5942
[2024-10-03 06:27:24,064][INFO][base_model:51] - snapshot saved to XXX/frequency-pretraining/models/exp005a-m201-base_fe_clas-2024-10-02_10-52-09-final.pth
[2024-10-03 06:28:38,630][INFO][clas_trainer:133] - train epoch: 3 [13600/136400 (10%)], lr: ['1.00e-04', '1.00e-04'], loss: 0.407393
[2024-10-03 06:29:48,501][INFO][clas_trainer:133] - train epoch: 3 [27232/136400 (20%)], lr: ['1.00e-04', '1.00e-04'], loss: 0.245643
[2024-10-03 06:30:54,543][INFO][clas_trainer:133] - train epoch: 3 [40864/136400 (30%)], lr: ['1.00e-04', '1.00e-04'], loss: 0.071835
[2024-10-03 06:32:07,480][INFO][clas_trainer:133] - train epoch: 3 [54496/136400 (40%)], lr: ['1.00e-04', '1.00e-04'], loss: 0.104530
[2024-10-03 06:33:19,871][INFO][clas_trainer:133] - train epoch: 3 [68128/136400 (50%)], lr: ['1.00e-04', '1.00e-04'], loss: 0.164237
[2024-10-03 06:34:33,162][INFO][clas_trainer:133] - train epoch: 3 [81760/136400 (60%)], lr: ['1.00e-04', '1.00e-04'], loss: 0.294159
[2024-10-03 06:35:47,932][INFO][clas_trainer:133] - train epoch: 3 [95392/136400 (70%)], lr: ['1.00e-04', '1.00e-04'], loss: 0.010261
[2024-10-03 06:37:02,629][INFO][clas_trainer:133] - train epoch: 3 [109024/136400 (80%)], lr: ['1.00e-04', '1.00e-04'], loss: 0.066799
[2024-10-03 06:38:14,601][INFO][clas_trainer:133] - train epoch: 3 [122656/136400 (90%)], lr: ['1.00e-04', '1.00e-04'], loss: 0.115890
[2024-10-03 06:39:27,421][INFO][clas_trainer:133] - train epoch: 3 [136288/136400 (100%)], lr: ['1.00e-04', '1.00e-04'], loss: 0.121658
[2024-10-03 06:41:17,824][INFO][clas_trainer:63] - [epoch   3] execution time: 833.76s	metrics:
[2024-10-03 06:41:17,825][INFO][clas_evaluator:132] - dataset: earlystopping, avg f1-score: 0.6453
[2024-10-03 06:41:17,866][INFO][base_model:51] - snapshot saved to XXX/frequency-pretraining/models/exp005a-m201-base_fe_clas-2024-10-02_10-52-09-final.pth
[2024-10-03 06:42:35,291][INFO][clas_trainer:133] - train epoch: 4 [13600/136400 (10%)], lr: ['1.00e-04', '1.00e-04'], loss: 0.059546
[2024-10-03 06:43:54,746][INFO][clas_trainer:133] - train epoch: 4 [27232/136400 (20%)], lr: ['1.00e-04', '1.00e-04'], loss: 0.156934
[2024-10-03 06:45:11,448][INFO][clas_trainer:133] - train epoch: 4 [40864/136400 (30%)], lr: ['1.00e-04', '1.00e-04'], loss: 0.109811
[2024-10-03 06:46:28,942][INFO][clas_trainer:133] - train epoch: 4 [54496/136400 (40%)], lr: ['1.00e-04', '1.00e-04'], loss: 0.081231
[2024-10-03 06:47:40,318][INFO][clas_trainer:133] - train epoch: 4 [68128/136400 (50%)], lr: ['1.00e-04', '1.00e-04'], loss: 0.033319
[2024-10-03 06:48:51,762][INFO][clas_trainer:133] - train epoch: 4 [81760/136400 (60%)], lr: ['1.00e-04', '1.00e-04'], loss: 0.159905
[2024-10-03 06:50:04,412][INFO][clas_trainer:133] - train epoch: 4 [95392/136400 (70%)], lr: ['1.00e-04', '1.00e-04'], loss: 0.123010
[2024-10-03 06:51:12,864][INFO][clas_trainer:133] - train epoch: 4 [109024/136400 (80%)], lr: ['1.00e-04', '1.00e-04'], loss: 0.170037
[2024-10-03 06:52:24,778][INFO][clas_trainer:133] - train epoch: 4 [122656/136400 (90%)], lr: ['1.00e-04', '1.00e-04'], loss: 0.160826
[2024-10-03 06:53:34,755][INFO][clas_trainer:133] - train epoch: 4 [136288/136400 (100%)], lr: ['1.00e-04', '1.00e-04'], loss: 0.027311
[2024-10-03 06:55:20,281][INFO][clas_trainer:63] - [epoch   4] execution time: 842.41s	metrics:
[2024-10-03 06:55:20,282][INFO][clas_evaluator:132] - dataset: earlystopping, avg f1-score: 0.6667
[2024-10-03 06:55:20,323][INFO][base_model:51] - snapshot saved to XXX/frequency-pretraining/models/exp005a-m201-base_fe_clas-2024-10-02_10-52-09-final.pth
[2024-10-03 06:56:33,650][INFO][clas_trainer:133] - train epoch: 5 [13600/136400 (10%)], lr: ['1.00e-04', '1.00e-04'], loss: 0.129297
[2024-10-03 06:57:44,028][INFO][clas_trainer:133] - train epoch: 5 [27232/136400 (20%)], lr: ['1.00e-04', '1.00e-04'], loss: 0.016679
[2024-10-03 06:58:54,055][INFO][clas_trainer:133] - train epoch: 5 [40864/136400 (30%)], lr: ['1.00e-04', '1.00e-04'], loss: 0.056365
[2024-10-03 07:00:06,273][INFO][clas_trainer:133] - train epoch: 5 [54496/136400 (40%)], lr: ['1.00e-04', '1.00e-04'], loss: 0.198289
[2024-10-03 07:01:16,997][INFO][clas_trainer:133] - train epoch: 5 [68128/136400 (50%)], lr: ['1.00e-04', '1.00e-04'], loss: 0.002899
[2024-10-03 07:02:27,472][INFO][clas_trainer:133] - train epoch: 5 [81760/136400 (60%)], lr: ['1.00e-04', '1.00e-04'], loss: 0.059948
[2024-10-03 07:03:36,930][INFO][clas_trainer:133] - train epoch: 5 [95392/136400 (70%)], lr: ['1.00e-04', '1.00e-04'], loss: 0.151871
[2024-10-03 07:04:44,872][INFO][clas_trainer:133] - train epoch: 5 [109024/136400 (80%)], lr: ['1.00e-04', '1.00e-04'], loss: 0.100854
[2024-10-03 07:05:50,979][INFO][clas_trainer:133] - train epoch: 5 [122656/136400 (90%)], lr: ['1.00e-04', '1.00e-04'], loss: 0.112203
[2024-10-03 07:07:00,853][INFO][clas_trainer:133] - train epoch: 5 [136288/136400 (100%)], lr: ['1.00e-04', '1.00e-04'], loss: 0.008386
[2024-10-03 07:08:44,986][INFO][clas_trainer:63] - [epoch   5] execution time: 804.66s	metrics:
[2024-10-03 07:08:44,986][INFO][clas_evaluator:132] - dataset: earlystopping, avg f1-score: 0.6854
[2024-10-03 07:08:45,028][INFO][base_model:51] - snapshot saved to XXX/frequency-pretraining/models/exp005a-m201-base_fe_clas-2024-10-02_10-52-09-final.pth
[2024-10-03 07:09:56,341][INFO][clas_trainer:133] - train epoch: 6 [13600/136400 (10%)], lr: ['1.00e-04', '1.00e-04'], loss: 0.193461
[2024-10-03 07:11:05,884][INFO][clas_trainer:133] - train epoch: 6 [27232/136400 (20%)], lr: ['1.00e-04', '1.00e-04'], loss: 0.142383
[2024-10-03 07:12:14,876][INFO][clas_trainer:133] - train epoch: 6 [40864/136400 (30%)], lr: ['1.00e-04', '1.00e-04'], loss: 0.071568
[2024-10-03 07:13:25,238][INFO][clas_trainer:133] - train epoch: 6 [54496/136400 (40%)], lr: ['1.00e-04', '1.00e-04'], loss: 0.021537
[2024-10-03 07:14:38,115][INFO][clas_trainer:133] - train epoch: 6 [68128/136400 (50%)], lr: ['1.00e-04', '1.00e-04'], loss: 0.010991
[2024-10-03 07:15:48,639][INFO][clas_trainer:133] - train epoch: 6 [81760/136400 (60%)], lr: ['1.00e-04', '1.00e-04'], loss: 0.043278
[2024-10-03 07:16:57,010][INFO][clas_trainer:133] - train epoch: 6 [95392/136400 (70%)], lr: ['1.00e-04', '1.00e-04'], loss: 0.125625
[2024-10-03 07:18:06,630][INFO][clas_trainer:133] - train epoch: 6 [109024/136400 (80%)], lr: ['1.00e-04', '1.00e-04'], loss: 0.083299
[2024-10-03 07:19:17,999][INFO][clas_trainer:133] - train epoch: 6 [122656/136400 (90%)], lr: ['1.00e-04', '1.00e-04'], loss: 0.057322
[2024-10-03 07:20:24,134][INFO][clas_trainer:133] - train epoch: 6 [136288/136400 (100%)], lr: ['1.00e-04', '1.00e-04'], loss: 0.132253
[2024-10-03 07:22:10,157][INFO][clas_trainer:63] - [epoch   6] execution time: 805.13s	metrics:
[2024-10-03 07:22:10,158][INFO][clas_evaluator:132] - dataset: earlystopping, avg f1-score: 0.6805
[2024-10-03 07:23:18,935][INFO][clas_trainer:133] - train epoch: 7 [13600/136400 (10%)], lr: ['1.00e-04', '1.00e-04'], loss: 0.017257
[2024-10-03 07:24:25,954][INFO][clas_trainer:133] - train epoch: 7 [27232/136400 (20%)], lr: ['1.00e-04', '1.00e-04'], loss: 0.029970
[2024-10-03 07:25:33,974][INFO][clas_trainer:133] - train epoch: 7 [40864/136400 (30%)], lr: ['1.00e-04', '1.00e-04'], loss: 0.004807
[2024-10-03 07:26:40,059][INFO][clas_trainer:133] - train epoch: 7 [54496/136400 (40%)], lr: ['1.00e-04', '1.00e-04'], loss: 0.009797
[2024-10-03 07:27:46,044][INFO][clas_trainer:133] - train epoch: 7 [68128/136400 (50%)], lr: ['1.00e-04', '1.00e-04'], loss: 0.107166
[2024-10-03 07:28:50,791][INFO][clas_trainer:133] - train epoch: 7 [81760/136400 (60%)], lr: ['1.00e-04', '1.00e-04'], loss: 0.148313
[2024-10-03 07:29:56,800][INFO][clas_trainer:133] - train epoch: 7 [95392/136400 (70%)], lr: ['1.00e-04', '1.00e-04'], loss: 0.067443
[2024-10-03 07:31:07,566][INFO][clas_trainer:133] - train epoch: 7 [109024/136400 (80%)], lr: ['1.00e-04', '1.00e-04'], loss: 0.056300
[2024-10-03 07:32:16,011][INFO][clas_trainer:133] - train epoch: 7 [122656/136400 (90%)], lr: ['1.00e-04', '1.00e-04'], loss: 0.009640
[2024-10-03 07:33:28,639][INFO][clas_trainer:133] - train epoch: 7 [136288/136400 (100%)], lr: ['1.00e-04', '1.00e-04'], loss: 0.120258
[2024-10-03 07:35:12,144][INFO][clas_trainer:63] - [epoch   7] execution time: 781.99s	metrics:
[2024-10-03 07:35:12,145][INFO][clas_evaluator:132] - dataset: earlystopping, avg f1-score: 0.6813
[2024-10-03 07:36:25,511][INFO][clas_trainer:133] - train epoch: 8 [13600/136400 (10%)], lr: ['1.00e-04', '1.00e-04'], loss: 0.047977
[2024-10-03 07:37:37,128][INFO][clas_trainer:133] - train epoch: 8 [27232/136400 (20%)], lr: ['1.00e-04', '1.00e-04'], loss: 0.009110
[2024-10-03 07:38:47,174][INFO][clas_trainer:133] - train epoch: 8 [40864/136400 (30%)], lr: ['1.00e-04', '1.00e-04'], loss: 0.099463
[2024-10-03 07:39:56,588][INFO][clas_trainer:133] - train epoch: 8 [54496/136400 (40%)], lr: ['1.00e-04', '1.00e-04'], loss: 0.077459
[2024-10-03 07:41:06,771][INFO][clas_trainer:133] - train epoch: 8 [68128/136400 (50%)], lr: ['1.00e-04', '1.00e-04'], loss: 0.004751
[2024-10-03 07:42:12,486][INFO][clas_trainer:133] - train epoch: 8 [81760/136400 (60%)], lr: ['1.00e-04', '1.00e-04'], loss: 0.066735
[2024-10-03 07:43:23,002][INFO][clas_trainer:133] - train epoch: 8 [95392/136400 (70%)], lr: ['1.00e-04', '1.00e-04'], loss: 0.003511
[2024-10-03 07:44:31,039][INFO][clas_trainer:133] - train epoch: 8 [109024/136400 (80%)], lr: ['1.00e-04', '1.00e-04'], loss: 0.007220
[2024-10-03 07:45:37,307][INFO][clas_trainer:133] - train epoch: 8 [122656/136400 (90%)], lr: ['1.00e-04', '1.00e-04'], loss: 0.080032
[2024-10-03 07:46:48,398][INFO][clas_trainer:133] - train epoch: 8 [136288/136400 (100%)], lr: ['1.00e-04', '1.00e-04'], loss: 0.044042
[2024-10-03 07:48:39,005][INFO][clas_trainer:63] - [epoch   8] execution time: 806.86s	metrics:
[2024-10-03 07:48:39,006][INFO][clas_evaluator:132] - dataset: earlystopping, avg f1-score: 0.6986
[2024-10-03 07:48:39,048][INFO][base_model:51] - snapshot saved to XXX/frequency-pretraining/models/exp005a-m201-base_fe_clas-2024-10-02_10-52-09-final.pth
[2024-10-03 07:49:47,722][INFO][clas_trainer:133] - train epoch: 9 [13600/136400 (10%)], lr: ['1.00e-04', '1.00e-04'], loss: 0.060055
[2024-10-03 07:50:56,201][INFO][clas_trainer:133] - train epoch: 9 [27232/136400 (20%)], lr: ['1.00e-04', '1.00e-04'], loss: 0.005413
[2024-10-03 07:52:08,879][INFO][clas_trainer:133] - train epoch: 9 [40864/136400 (30%)], lr: ['1.00e-04', '1.00e-04'], loss: 0.001766
[2024-10-03 07:53:19,496][INFO][clas_trainer:133] - train epoch: 9 [54496/136400 (40%)], lr: ['1.00e-04', '1.00e-04'], loss: 0.022284
[2024-10-03 07:54:29,931][INFO][clas_trainer:133] - train epoch: 9 [68128/136400 (50%)], lr: ['1.00e-04', '1.00e-04'], loss: 0.049990
[2024-10-03 07:55:42,030][INFO][clas_trainer:133] - train epoch: 9 [81760/136400 (60%)], lr: ['1.00e-04', '1.00e-04'], loss: 0.004798
[2024-10-03 07:56:50,448][INFO][clas_trainer:133] - train epoch: 9 [95392/136400 (70%)], lr: ['1.00e-04', '1.00e-04'], loss: 0.002634
[2024-10-03 07:58:02,734][INFO][clas_trainer:133] - train epoch: 9 [109024/136400 (80%)], lr: ['1.00e-04', '1.00e-04'], loss: 0.023550
[2024-10-03 07:59:15,884][INFO][clas_trainer:133] - train epoch: 9 [122656/136400 (90%)], lr: ['1.00e-04', '1.00e-04'], loss: 0.001119
[2024-10-03 08:00:24,773][INFO][clas_trainer:133] - train epoch: 9 [136288/136400 (100%)], lr: ['1.00e-04', '1.00e-04'], loss: 0.002507
[2024-10-03 08:02:09,775][INFO][clas_trainer:63] - [epoch   9] execution time: 810.73s	metrics:
[2024-10-03 08:02:09,776][INFO][clas_evaluator:132] - dataset: earlystopping, avg f1-score: 0.6863
[2024-10-03 08:03:24,759][INFO][clas_trainer:133] - train epoch: 10 [13600/136400 (10%)], lr: ['1.00e-04', '1.00e-04'], loss: 0.032108
[2024-10-03 08:04:36,456][INFO][clas_trainer:133] - train epoch: 10 [27232/136400 (20%)], lr: ['1.00e-04', '1.00e-04'], loss: 0.018882
[2024-10-03 08:05:48,649][INFO][clas_trainer:133] - train epoch: 10 [40864/136400 (30%)], lr: ['1.00e-04', '1.00e-04'], loss: 0.007145
[2024-10-03 08:07:00,783][INFO][clas_trainer:133] - train epoch: 10 [54496/136400 (40%)], lr: ['1.00e-04', '1.00e-04'], loss: 0.002802
[2024-10-03 08:08:10,479][INFO][clas_trainer:133] - train epoch: 10 [68128/136400 (50%)], lr: ['1.00e-04', '1.00e-04'], loss: 0.001881
[2024-10-03 08:09:19,685][INFO][clas_trainer:133] - train epoch: 10 [81760/136400 (60%)], lr: ['1.00e-04', '1.00e-04'], loss: 0.043172
[2024-10-03 08:10:33,085][INFO][clas_trainer:133] - train epoch: 10 [95392/136400 (70%)], lr: ['1.00e-04', '1.00e-04'], loss: 0.000420
[2024-10-03 08:11:46,188][INFO][clas_trainer:133] - train epoch: 10 [109024/136400 (80%)], lr: ['1.00e-04', '1.00e-04'], loss: 0.002955
[2024-10-03 08:12:58,447][INFO][clas_trainer:133] - train epoch: 10 [122656/136400 (90%)], lr: ['1.00e-04', '1.00e-04'], loss: 0.026594
[2024-10-03 08:14:07,212][INFO][clas_trainer:133] - train epoch: 10 [136288/136400 (100%)], lr: ['1.00e-04', '1.00e-04'], loss: 0.001626
[2024-10-03 08:15:52,352][INFO][clas_trainer:63] - [epoch  10] execution time: 822.58s	metrics:
[2024-10-03 08:15:52,353][INFO][clas_evaluator:132] - dataset: earlystopping, avg f1-score: 0.6862
[2024-10-03 08:17:06,824][INFO][clas_trainer:133] - train epoch: 11 [13600/136400 (10%)], lr: ['1.00e-04', '1.00e-04'], loss: 0.024668
[2024-10-03 08:18:16,466][INFO][clas_trainer:133] - train epoch: 11 [27232/136400 (20%)], lr: ['1.00e-04', '1.00e-04'], loss: 0.001011
[2024-10-03 08:19:28,371][INFO][clas_trainer:133] - train epoch: 11 [40864/136400 (30%)], lr: ['1.00e-04', '1.00e-04'], loss: 0.063138
[2024-10-03 08:20:44,932][INFO][clas_trainer:133] - train epoch: 11 [54496/136400 (40%)], lr: ['1.00e-04', '1.00e-04'], loss: 0.003804
[2024-10-03 08:22:03,337][INFO][clas_trainer:133] - train epoch: 11 [68128/136400 (50%)], lr: ['1.00e-04', '1.00e-04'], loss: 0.010425
[2024-10-03 08:23:19,296][INFO][clas_trainer:133] - train epoch: 11 [81760/136400 (60%)], lr: ['1.00e-04', '1.00e-04'], loss: 0.002882
[2024-10-03 08:24:33,569][INFO][clas_trainer:133] - train epoch: 11 [95392/136400 (70%)], lr: ['1.00e-04', '1.00e-04'], loss: 0.033665
[2024-10-03 08:25:44,696][INFO][clas_trainer:133] - train epoch: 11 [109024/136400 (80%)], lr: ['1.00e-04', '1.00e-04'], loss: 0.009339
[2024-10-03 08:26:53,798][INFO][clas_trainer:133] - train epoch: 11 [122656/136400 (90%)], lr: ['1.00e-04', '1.00e-04'], loss: 0.061874
[2024-10-03 08:28:08,164][INFO][clas_trainer:133] - train epoch: 11 [136288/136400 (100%)], lr: ['1.00e-04', '1.00e-04'], loss: 0.031592
[2024-10-03 08:29:56,329][INFO][clas_trainer:63] - [epoch  11] execution time: 843.97s	metrics:
[2024-10-03 08:29:56,329][INFO][clas_evaluator:132] - dataset: earlystopping, avg f1-score: 0.6858
[2024-10-03 08:31:07,891][INFO][clas_trainer:133] - train epoch: 12 [13600/136400 (10%)], lr: ['1.00e-04', '1.00e-04'], loss: 0.000605
[2024-10-03 08:32:19,229][INFO][clas_trainer:133] - train epoch: 12 [27232/136400 (20%)], lr: ['1.00e-04', '1.00e-04'], loss: 0.002477
[2024-10-03 08:33:29,116][INFO][clas_trainer:133] - train epoch: 12 [40864/136400 (30%)], lr: ['1.00e-04', '1.00e-04'], loss: 0.000858
[2024-10-03 08:34:41,745][INFO][clas_trainer:133] - train epoch: 12 [54496/136400 (40%)], lr: ['1.00e-04', '1.00e-04'], loss: 0.010288
[2024-10-03 08:35:56,069][INFO][clas_trainer:133] - train epoch: 12 [68128/136400 (50%)], lr: ['1.00e-04', '1.00e-04'], loss: 0.001583
[2024-10-03 08:37:10,593][INFO][clas_trainer:133] - train epoch: 12 [81760/136400 (60%)], lr: ['1.00e-04', '1.00e-04'], loss: 0.000813
[2024-10-03 08:38:20,654][INFO][clas_trainer:133] - train epoch: 12 [95392/136400 (70%)], lr: ['1.00e-04', '1.00e-04'], loss: 0.002346
[2024-10-03 08:39:24,434][INFO][clas_trainer:133] - train epoch: 12 [109024/136400 (80%)], lr: ['1.00e-04', '1.00e-04'], loss: 0.017686
[2024-10-03 08:40:26,696][INFO][clas_trainer:133] - train epoch: 12 [122656/136400 (90%)], lr: ['1.00e-04', '1.00e-04'], loss: 0.059481
[2024-10-03 08:41:37,109][INFO][clas_trainer:133] - train epoch: 12 [136288/136400 (100%)], lr: ['1.00e-04', '1.00e-04'], loss: 0.006233
[2024-10-03 08:43:28,114][INFO][clas_trainer:63] - [epoch  12] execution time: 811.78s	metrics:
[2024-10-03 08:43:28,115][INFO][clas_evaluator:132] - dataset: earlystopping, avg f1-score: 0.6906
[2024-10-03 08:44:41,942][INFO][clas_trainer:133] - train epoch: 13 [13600/136400 (10%)], lr: ['1.00e-04', '1.00e-04'], loss: 0.008592
[2024-10-03 08:45:53,240][INFO][clas_trainer:133] - train epoch: 13 [27232/136400 (20%)], lr: ['1.00e-04', '1.00e-04'], loss: 0.000471
[2024-10-03 08:47:02,596][INFO][clas_trainer:133] - train epoch: 13 [40864/136400 (30%)], lr: ['1.00e-04', '1.00e-04'], loss: 0.001856
[2024-10-03 08:48:12,579][INFO][clas_trainer:133] - train epoch: 13 [54496/136400 (40%)], lr: ['1.00e-04', '1.00e-04'], loss: 0.004302
[2024-10-03 08:49:20,098][INFO][clas_trainer:133] - train epoch: 13 [68128/136400 (50%)], lr: ['1.00e-04', '1.00e-04'], loss: 0.006819
[2024-10-03 08:50:28,734][INFO][clas_trainer:133] - train epoch: 13 [81760/136400 (60%)], lr: ['1.00e-04', '1.00e-04'], loss: 0.022351
[2024-10-03 08:51:38,780][INFO][clas_trainer:133] - train epoch: 13 [95392/136400 (70%)], lr: ['1.00e-04', '1.00e-04'], loss: 0.014147
[2024-10-03 08:52:46,481][INFO][clas_trainer:133] - train epoch: 13 [109024/136400 (80%)], lr: ['1.00e-04', '1.00e-04'], loss: 0.007364
[2024-10-03 08:53:53,020][INFO][clas_trainer:133] - train epoch: 13 [122656/136400 (90%)], lr: ['1.00e-04', '1.00e-04'], loss: 0.089368
[2024-10-03 08:55:03,702][INFO][clas_trainer:133] - train epoch: 13 [136288/136400 (100%)], lr: ['1.00e-04', '1.00e-04'], loss: 0.096407
[2024-10-03 08:56:51,102][INFO][clas_trainer:63] - [epoch  13] execution time: 802.99s	metrics:
[2024-10-03 08:56:51,102][INFO][clas_evaluator:132] - dataset: earlystopping, avg f1-score: 0.6878
[2024-10-03 08:58:01,422][INFO][clas_trainer:133] - train epoch: 14 [13600/136400 (10%)], lr: ['1.00e-04', '1.00e-04'], loss: 0.005313
[2024-10-03 08:59:12,973][INFO][clas_trainer:133] - train epoch: 14 [27232/136400 (20%)], lr: ['1.00e-04', '1.00e-04'], loss: 0.037273
[2024-10-03 09:00:24,010][INFO][clas_trainer:133] - train epoch: 14 [40864/136400 (30%)], lr: ['1.00e-04', '1.00e-04'], loss: 0.000705
[2024-10-03 09:01:35,893][INFO][clas_trainer:133] - train epoch: 14 [54496/136400 (40%)], lr: ['1.00e-04', '1.00e-04'], loss: 0.003725
[2024-10-03 09:02:49,342][INFO][clas_trainer:133] - train epoch: 14 [68128/136400 (50%)], lr: ['1.00e-04', '1.00e-04'], loss: 0.001968
[2024-10-03 09:04:03,977][INFO][clas_trainer:133] - train epoch: 14 [81760/136400 (60%)], lr: ['1.00e-04', '1.00e-04'], loss: 0.006162
[2024-10-03 09:05:16,387][INFO][clas_trainer:133] - train epoch: 14 [95392/136400 (70%)], lr: ['1.00e-04', '1.00e-04'], loss: 0.011340
[2024-10-03 09:06:28,043][INFO][clas_trainer:133] - train epoch: 14 [109024/136400 (80%)], lr: ['1.00e-04', '1.00e-04'], loss: 0.001600
[2024-10-03 09:07:38,718][INFO][clas_trainer:133] - train epoch: 14 [122656/136400 (90%)], lr: ['1.00e-04', '1.00e-04'], loss: 0.017389
[2024-10-03 09:08:48,754][INFO][clas_trainer:133] - train epoch: 14 [136288/136400 (100%)], lr: ['1.00e-04', '1.00e-04'], loss: 0.001044
[2024-10-03 09:10:36,263][INFO][clas_trainer:63] - [epoch  14] execution time: 825.16s	metrics:
[2024-10-03 09:10:36,264][INFO][clas_evaluator:132] - dataset: earlystopping, avg f1-score: 0.6543
[2024-10-03 09:11:46,221][INFO][clas_trainer:133] - train epoch: 15 [13600/136400 (10%)], lr: ['1.00e-04', '1.00e-04'], loss: 0.121352
[2024-10-03 09:12:55,282][INFO][clas_trainer:133] - train epoch: 15 [27232/136400 (20%)], lr: ['1.00e-04', '1.00e-04'], loss: 0.001402
[2024-10-03 09:14:06,396][INFO][clas_trainer:133] - train epoch: 15 [40864/136400 (30%)], lr: ['1.00e-04', '1.00e-04'], loss: 0.159753
[2024-10-03 09:15:20,087][INFO][clas_trainer:133] - train epoch: 15 [54496/136400 (40%)], lr: ['1.00e-04', '1.00e-04'], loss: 0.000487
[2024-10-03 09:16:36,241][INFO][clas_trainer:133] - train epoch: 15 [68128/136400 (50%)], lr: ['1.00e-04', '1.00e-04'], loss: 0.114705
[2024-10-03 09:17:47,968][INFO][clas_trainer:133] - train epoch: 15 [81760/136400 (60%)], lr: ['1.00e-04', '1.00e-04'], loss: 0.001411
[2024-10-03 09:19:06,285][INFO][clas_trainer:133] - train epoch: 15 [95392/136400 (70%)], lr: ['1.00e-04', '1.00e-04'], loss: 0.005094
[2024-10-03 09:20:17,778][INFO][clas_trainer:133] - train epoch: 15 [109024/136400 (80%)], lr: ['1.00e-04', '1.00e-04'], loss: 0.042989
[2024-10-03 09:21:27,327][INFO][clas_trainer:133] - train epoch: 15 [122656/136400 (90%)], lr: ['1.00e-04', '1.00e-04'], loss: 0.000320
[2024-10-03 09:22:37,571][INFO][clas_trainer:133] - train epoch: 15 [136288/136400 (100%)], lr: ['1.00e-04', '1.00e-04'], loss: 0.008622
[2024-10-03 09:24:24,478][INFO][clas_trainer:63] - [epoch  15] execution time: 828.21s	metrics:
[2024-10-03 09:24:24,478][INFO][clas_evaluator:132] - dataset: earlystopping, avg f1-score: 0.6791
[2024-10-03 09:25:35,289][INFO][clas_trainer:133] - train epoch: 16 [13600/136400 (10%)], lr: ['1.00e-04', '1.00e-04'], loss: 0.000723
[2024-10-03 09:26:47,512][INFO][clas_trainer:133] - train epoch: 16 [27232/136400 (20%)], lr: ['1.00e-04', '1.00e-04'], loss: 0.000688
[2024-10-03 09:27:57,806][INFO][clas_trainer:133] - train epoch: 16 [40864/136400 (30%)], lr: ['1.00e-04', '1.00e-04'], loss: 0.018772
[2024-10-03 09:29:08,979][INFO][clas_trainer:133] - train epoch: 16 [54496/136400 (40%)], lr: ['1.00e-04', '1.00e-04'], loss: 0.001248
[2024-10-03 09:30:21,930][INFO][clas_trainer:133] - train epoch: 16 [68128/136400 (50%)], lr: ['1.00e-04', '1.00e-04'], loss: 0.004687
[2024-10-03 09:31:40,293][INFO][clas_trainer:133] - train epoch: 16 [81760/136400 (60%)], lr: ['1.00e-04', '1.00e-04'], loss: 0.001328
[2024-10-03 09:32:53,478][INFO][clas_trainer:133] - train epoch: 16 [95392/136400 (70%)], lr: ['1.00e-04', '1.00e-04'], loss: 0.003289
[2024-10-03 09:34:08,143][INFO][clas_trainer:133] - train epoch: 16 [109024/136400 (80%)], lr: ['1.00e-04', '1.00e-04'], loss: 0.003178
[2024-10-03 09:35:22,778][INFO][clas_trainer:133] - train epoch: 16 [122656/136400 (90%)], lr: ['1.00e-04', '1.00e-04'], loss: 0.002050
[2024-10-03 09:36:34,026][INFO][clas_trainer:133] - train epoch: 16 [136288/136400 (100%)], lr: ['1.00e-04', '1.00e-04'], loss: 0.001208
[2024-10-03 09:38:19,930][INFO][clas_trainer:63] - [epoch  16] execution time: 835.45s	metrics:
[2024-10-03 09:38:19,945][INFO][clas_evaluator:132] - dataset: earlystopping, avg f1-score: 0.6722
[2024-10-03 09:39:34,371][INFO][clas_trainer:133] - train epoch: 17 [13600/136400 (10%)], lr: ['1.00e-04', '1.00e-04'], loss: 0.007233
[2024-10-03 09:40:43,921][INFO][clas_trainer:133] - train epoch: 17 [27232/136400 (20%)], lr: ['1.00e-04', '1.00e-04'], loss: 0.003980
[2024-10-03 09:41:53,676][INFO][clas_trainer:133] - train epoch: 17 [40864/136400 (30%)], lr: ['1.00e-04', '1.00e-04'], loss: 0.001691
[2024-10-03 09:43:02,742][INFO][clas_trainer:133] - train epoch: 17 [54496/136400 (40%)], lr: ['1.00e-04', '1.00e-04'], loss: 0.001022
[2024-10-03 09:44:15,381][INFO][clas_trainer:133] - train epoch: 17 [68128/136400 (50%)], lr: ['1.00e-04', '1.00e-04'], loss: 0.011302
[2024-10-03 09:45:28,469][INFO][clas_trainer:133] - train epoch: 17 [81760/136400 (60%)], lr: ['1.00e-04', '1.00e-04'], loss: 0.004916
[2024-10-03 09:46:37,205][INFO][clas_trainer:133] - train epoch: 17 [95392/136400 (70%)], lr: ['1.00e-04', '1.00e-04'], loss: 0.012241
[2024-10-03 09:47:46,145][INFO][clas_trainer:133] - train epoch: 17 [109024/136400 (80%)], lr: ['1.00e-04', '1.00e-04'], loss: 0.000664
[2024-10-03 09:48:52,632][INFO][clas_trainer:133] - train epoch: 17 [122656/136400 (90%)], lr: ['1.00e-04', '1.00e-04'], loss: 0.002462
[2024-10-03 09:50:01,384][INFO][clas_trainer:133] - train epoch: 17 [136288/136400 (100%)], lr: ['1.00e-04', '1.00e-04'], loss: 0.004255
[2024-10-03 09:51:45,391][INFO][clas_trainer:63] - [epoch  17] execution time: 805.44s	metrics:
[2024-10-03 09:51:45,391][INFO][clas_evaluator:132] - dataset: earlystopping, avg f1-score: 0.6615
[2024-10-03 09:52:53,221][INFO][clas_trainer:133] - train epoch: 18 [13600/136400 (10%)], lr: ['1.00e-04', '1.00e-04'], loss: 0.099972
[2024-10-03 09:54:07,266][INFO][clas_trainer:133] - train epoch: 18 [27232/136400 (20%)], lr: ['1.00e-04', '1.00e-04'], loss: 0.000971
[2024-10-03 09:55:22,390][INFO][clas_trainer:133] - train epoch: 18 [40864/136400 (30%)], lr: ['1.00e-04', '1.00e-04'], loss: 0.008649
[2024-10-03 09:56:36,366][INFO][clas_trainer:133] - train epoch: 18 [54496/136400 (40%)], lr: ['1.00e-04', '1.00e-04'], loss: 0.000686
[2024-10-03 09:57:49,080][INFO][clas_trainer:133] - train epoch: 18 [68128/136400 (50%)], lr: ['1.00e-04', '1.00e-04'], loss: 0.002262
[2024-10-03 09:59:01,230][INFO][clas_trainer:133] - train epoch: 18 [81760/136400 (60%)], lr: ['1.00e-04', '1.00e-04'], loss: 0.004882
[2024-10-03 10:00:11,776][INFO][clas_trainer:133] - train epoch: 18 [95392/136400 (70%)], lr: ['1.00e-04', '1.00e-04'], loss: 0.001680
[2024-10-03 10:01:29,180][INFO][clas_trainer:133] - train epoch: 18 [109024/136400 (80%)], lr: ['1.00e-04', '1.00e-04'], loss: 0.004816
[2024-10-03 10:02:40,314][INFO][clas_trainer:133] - train epoch: 18 [122656/136400 (90%)], lr: ['1.00e-04', '1.00e-04'], loss: 0.014123
[2024-10-03 10:03:47,103][INFO][clas_trainer:133] - train epoch: 18 [136288/136400 (100%)], lr: ['1.00e-04', '1.00e-04'], loss: 0.000530
[2024-10-03 10:05:33,059][INFO][clas_trainer:63] - [epoch  18] execution time: 827.67s	metrics:
[2024-10-03 10:05:33,059][INFO][clas_evaluator:132] - dataset: earlystopping, avg f1-score: 0.6705
[2024-10-03 10:05:33,068][INFO][clas_trainer:79] - finished training
[2024-10-03 10:05:33,068][INFO][clas_trainer:80] - best model on epoch: 8 	f1-score: 0.6986
