[2024-09-20 22:47:03,395][INFO][fine-tune:25] - Using GPU 4
[2024-09-20 22:47:03,401][INFO][fine-tune:35] - overrides:
hydra:
- hydra.launcher.n_jobs=15
- hydra.mode=MULTIRUN
task:
- m_seed_path_sids={seeds:[12,12,12,12,12],path:"exp006b-m12-simple_multi_class-2024-09-20_13-58-02-final.pth",subject_ids:{isruc:$\{data.isruc.cv_5_fold.fold_3\}}}
- data.downstream.train_dataloader.dataset.data_reducer.n_epochs=50
- data.downstream.train_dataloader.dataset.data_reducer.n_subjects=5
- general.gpus=[4,5]

[2024-09-20 22:47:08,740][INFO][data_loaders:39] - class distribution before data reduction:
# samples per subject
sg1-1-1: 880
sg1-10-1: 842
sg1-11-1: 997
sg1-12-1: 850
sg1-13-1: 882
sg1-14-1: 906
sg1-15-1: 786
sg1-16-1: 883
sg1-17-1: 851
sg1-18-1: 999
sg1-19-1: 828
sg1-2-1: 964
sg1-22-1: 849
sg1-25-1: 921
sg1-27-1: 918
sg1-28-1: 882
sg1-29-1: 912
sg1-3-1: 943
sg1-31-1: 877
sg1-33-1: 920
sg1-35-1: 788
sg1-36-1: 987
sg1-37-1: 806
sg1-38-1: 932
sg1-39-1: 900
sg1-40-1: 875
sg1-42-1: 812
sg1-44-1: 932
sg1-45-1: 906
sg1-46-1: 863
sg1-47-1: 838
sg1-48-1: 981
sg1-49-1: 793
sg1-50-1: 905
sg1-51-1: 856
sg1-52-1: 912
sg1-56-1: 956
sg1-58-1: 965
sg1-6-1: 897
sg1-60-1: 916
sg1-61-1: 852
sg1-62-1: 864
sg1-63-1: 954
sg1-64-1: 892
sg1-65-1: 1014
sg1-66-1: 845
sg1-67-1: 862
sg1-68-1: 956
sg1-7-1: 933
sg1-71-1: 829
sg1-72-1: 872
sg1-73-1: 997
sg1-74-1: 897
sg1-75-1: 898
sg1-77-1: 805
sg1-80-1: 889
sg1-81-1: 911
sg1-82-1: 882
sg1-84-1: 963
sg1-85-1: 896
sg1-89-1: 1036
sg1-9-1: 969
sg1-90-1: 933
sg1-91-1: 990
sg1-92-1: 877
sg1-93-1: 870
sg1-94-1: 846
sg1-95-1: 865
sg1-96-1: 858
sg1-97-1: 912
sg1-98-1: 899
sg1-99-1: 835
sg2-1-1: 933
sg2-1-2: 787
sg2-2-1: 851
sg2-2-2: 869
sg2-3-1: 871
sg2-3-2: 813
sg2-4-1: 932
sg2-4-2: 899
sg2-5-1: 815
sg2-5-2: 879
sg2-6-1: 965
sg2-6-2: 1014
sg3-1-1: 954
sg3-3-1: 824
sg3-4-1: 794
sg3-5-1: 944
sg3-6-1: 853
sg3-7-1: 814
sg3-8-1: 1000
sg3-9-1: 969

# samples per stage
0: 19741
1: 11033
2: 25330
3: 15646
4: 10641
[2024-09-20 22:47:09,166][INFO][data_loaders:43] - class distribution after data reduction:
# samples per subject
sg1-17-1: 18117
sg1-33-1: 13176
sg1-66-1: 16470
sg1-80-1: 13176
sg1-90-1: 21411

# samples per stage
0: 18117
1: 19764
2: 24705
3: 13176
4: 6588
[2024-09-20 22:47:09,183][INFO][base_pretraining_fe:55] - Loading model from exp006b-m12-simple_multi_class-2024-09-20_13-58-02-final.pth
[2024-09-20 22:47:09,560][INFO][data_loaders:39] - class distribution before data reduction:
# samples per subject
sg1-30-1: 882
sg1-4-1: 963
sg1-41-1: 974
sg1-55-1: 879
sg1-57-1: 1007
sg1-70-1: 893
sg1-79-1: 880
sg1-87-1: 926

# samples per stage
0: 1251
1: 841
2: 2721
3: 1520
4: 1071
[2024-09-20 22:47:09,571][INFO][data_loaders:43] - class distribution after data reduction:
# samples per subject
sg1-30-1: 882
sg1-4-1: 963
sg1-41-1: 974
sg1-55-1: 879
sg1-57-1: 1007
sg1-70-1: 893
sg1-79-1: 880
sg1-87-1: 926

# samples per stage
0: 1251
1: 841
2: 2721
3: 1520
4: 1071
[2024-09-20 22:47:09,593][INFO][clas_trainer:49] - metrics before training (epoch 0):
[2024-09-20 22:47:39,486][INFO][clas_evaluator:99] - dataset: earlystopping, avg f1-score: 0.1967
[2024-09-20 22:48:09,836][INFO][clas_trainer:133] - train epoch: 1 [8192/82350 (10%)], lr: ['1.00e-04'], loss: 0.020314
[2024-09-20 22:48:38,649][INFO][clas_trainer:133] - train epoch: 1 [16416/82350 (20%)], lr: ['1.00e-04'], loss: 0.015921
[2024-09-20 22:49:07,449][INFO][clas_trainer:133] - train epoch: 1 [24640/82350 (30%)], lr: ['1.00e-04'], loss: 0.002825
[2024-09-20 22:49:36,413][INFO][clas_trainer:133] - train epoch: 1 [32864/82350 (40%)], lr: ['1.00e-04'], loss: 0.008811
[2024-09-20 22:50:05,216][INFO][clas_trainer:133] - train epoch: 1 [41088/82350 (50%)], lr: ['1.00e-04'], loss: 0.001037
[2024-09-20 22:50:33,784][INFO][clas_trainer:133] - train epoch: 1 [49312/82350 (60%)], lr: ['1.00e-04'], loss: 0.015942
[2024-09-20 22:51:02,600][INFO][clas_trainer:133] - train epoch: 1 [57536/82350 (70%)], lr: ['1.00e-04'], loss: 0.000537
[2024-09-20 22:51:31,249][INFO][clas_trainer:133] - train epoch: 1 [65760/82350 (80%)], lr: ['1.00e-04'], loss: 0.001464
[2024-09-20 22:51:59,772][INFO][clas_trainer:133] - train epoch: 1 [73984/82350 (90%)], lr: ['1.00e-04'], loss: 0.000715
[2024-09-20 22:52:28,210][INFO][clas_trainer:133] - train epoch: 1 [82208/82350 (100%)], lr: ['1.00e-04'], loss: 0.004986
[2024-09-20 22:52:58,854][INFO][clas_trainer:63] - [epoch   1] execution time: 319.37s	metrics:
[2024-09-20 22:52:58,855][INFO][clas_evaluator:99] - dataset: earlystopping, avg f1-score: 0.5337
[2024-09-20 22:52:58,881][INFO][base_model:51] - snapshot saved to XXX/frequency-pretraining/models/exp006b-m38-base_fe_clas-2024-09-20_20-27-59-final.pth
[2024-09-20 22:53:29,189][INFO][clas_trainer:133] - train epoch: 2 [8192/82350 (10%)], lr: ['1.00e-04'], loss: 0.001908
[2024-09-20 22:53:57,650][INFO][clas_trainer:133] - train epoch: 2 [16416/82350 (20%)], lr: ['1.00e-04'], loss: 0.000389
[2024-09-20 22:54:26,002][INFO][clas_trainer:133] - train epoch: 2 [24640/82350 (30%)], lr: ['1.00e-04'], loss: 0.000661
[2024-09-20 22:54:54,260][INFO][clas_trainer:133] - train epoch: 2 [32864/82350 (40%)], lr: ['1.00e-04'], loss: 0.008140
[2024-09-20 22:55:23,266][INFO][clas_trainer:133] - train epoch: 2 [41088/82350 (50%)], lr: ['1.00e-04'], loss: 0.000439
[2024-09-20 22:55:51,711][INFO][clas_trainer:133] - train epoch: 2 [49312/82350 (60%)], lr: ['1.00e-04'], loss: 0.000259
[2024-09-20 22:56:19,317][INFO][clas_trainer:133] - train epoch: 2 [57536/82350 (70%)], lr: ['1.00e-04'], loss: 0.000927
[2024-09-20 22:56:47,339][INFO][clas_trainer:133] - train epoch: 2 [65760/82350 (80%)], lr: ['1.00e-04'], loss: 0.000821
[2024-09-20 22:57:15,776][INFO][clas_trainer:133] - train epoch: 2 [73984/82350 (90%)], lr: ['1.00e-04'], loss: 0.000499
[2024-09-20 22:57:44,026][INFO][clas_trainer:133] - train epoch: 2 [82208/82350 (100%)], lr: ['1.00e-04'], loss: 0.000741
[2024-09-20 22:58:14,556][INFO][clas_trainer:63] - [epoch   2] execution time: 315.67s	metrics:
[2024-09-20 22:58:14,557][INFO][clas_evaluator:99] - dataset: earlystopping, avg f1-score: 0.5213
[2024-09-20 22:58:44,367][INFO][clas_trainer:133] - train epoch: 3 [8192/82350 (10%)], lr: ['1.00e-04'], loss: 0.001405
[2024-09-20 22:59:13,664][INFO][clas_trainer:133] - train epoch: 3 [16416/82350 (20%)], lr: ['1.00e-04'], loss: 0.000501
[2024-09-20 22:59:41,477][INFO][clas_trainer:133] - train epoch: 3 [24640/82350 (30%)], lr: ['1.00e-04'], loss: 0.000644
[2024-09-20 23:00:09,492][INFO][clas_trainer:133] - train epoch: 3 [32864/82350 (40%)], lr: ['1.00e-04'], loss: 0.000396
[2024-09-20 23:00:38,062][INFO][clas_trainer:133] - train epoch: 3 [41088/82350 (50%)], lr: ['1.00e-04'], loss: 0.000395
[2024-09-20 23:01:05,212][INFO][clas_trainer:133] - train epoch: 3 [49312/82350 (60%)], lr: ['1.00e-04'], loss: 0.000481
[2024-09-20 23:01:32,567][INFO][clas_trainer:133] - train epoch: 3 [57536/82350 (70%)], lr: ['1.00e-04'], loss: 0.000784
[2024-09-20 23:02:00,419][INFO][clas_trainer:133] - train epoch: 3 [65760/82350 (80%)], lr: ['1.00e-04'], loss: 0.000497
[2024-09-20 23:02:27,927][INFO][clas_trainer:133] - train epoch: 3 [73984/82350 (90%)], lr: ['1.00e-04'], loss: 0.000216
[2024-09-20 23:02:55,920][INFO][clas_trainer:133] - train epoch: 3 [82208/82350 (100%)], lr: ['1.00e-04'], loss: 0.000369
[2024-09-20 23:03:26,442][INFO][clas_trainer:63] - [epoch   3] execution time: 311.88s	metrics:
[2024-09-20 23:03:26,442][INFO][clas_evaluator:99] - dataset: earlystopping, avg f1-score: 0.5180
[2024-09-20 23:03:55,706][INFO][clas_trainer:133] - train epoch: 4 [8192/82350 (10%)], lr: ['1.00e-04'], loss: 0.000356
[2024-09-20 23:04:23,607][INFO][clas_trainer:133] - train epoch: 4 [16416/82350 (20%)], lr: ['1.00e-04'], loss: 0.000257
[2024-09-20 23:04:50,988][INFO][clas_trainer:133] - train epoch: 4 [24640/82350 (30%)], lr: ['1.00e-04'], loss: 0.001925
[2024-09-20 23:05:18,945][INFO][clas_trainer:133] - train epoch: 4 [32864/82350 (40%)], lr: ['1.00e-04'], loss: 0.000485
[2024-09-20 23:05:47,171][INFO][clas_trainer:133] - train epoch: 4 [41088/82350 (50%)], lr: ['1.00e-04'], loss: 0.001568
[2024-09-20 23:06:15,060][INFO][clas_trainer:133] - train epoch: 4 [49312/82350 (60%)], lr: ['1.00e-04'], loss: 0.000626
[2024-09-20 23:06:42,730][INFO][clas_trainer:133] - train epoch: 4 [57536/82350 (70%)], lr: ['1.00e-04'], loss: 0.000438
[2024-09-20 23:07:11,058][INFO][clas_trainer:133] - train epoch: 4 [65760/82350 (80%)], lr: ['1.00e-04'], loss: 0.000881
[2024-09-20 23:07:39,252][INFO][clas_trainer:133] - train epoch: 4 [73984/82350 (90%)], lr: ['1.00e-04'], loss: 0.000914
[2024-09-20 23:08:07,448][INFO][clas_trainer:133] - train epoch: 4 [82208/82350 (100%)], lr: ['1.00e-04'], loss: 0.000459
[2024-09-20 23:08:37,643][INFO][clas_trainer:63] - [epoch   4] execution time: 311.20s	metrics:
[2024-09-20 23:08:37,644][INFO][clas_evaluator:99] - dataset: earlystopping, avg f1-score: 0.5023
[2024-09-20 23:09:06,070][INFO][clas_trainer:133] - train epoch: 5 [8192/82350 (10%)], lr: ['1.00e-04'], loss: 0.000491
[2024-09-20 23:09:33,316][INFO][clas_trainer:133] - train epoch: 5 [16416/82350 (20%)], lr: ['1.00e-04'], loss: 0.000518
[2024-09-20 23:10:00,239][INFO][clas_trainer:133] - train epoch: 5 [24640/82350 (30%)], lr: ['1.00e-04'], loss: 0.000358
[2024-09-20 23:10:27,167][INFO][clas_trainer:133] - train epoch: 5 [32864/82350 (40%)], lr: ['1.00e-04'], loss: 0.000913
[2024-09-20 23:10:54,189][INFO][clas_trainer:133] - train epoch: 5 [41088/82350 (50%)], lr: ['1.00e-04'], loss: 0.001101
[2024-09-20 23:11:21,218][INFO][clas_trainer:133] - train epoch: 5 [49312/82350 (60%)], lr: ['1.00e-04'], loss: 0.003976
[2024-09-20 23:11:47,640][INFO][clas_trainer:133] - train epoch: 5 [57536/82350 (70%)], lr: ['1.00e-04'], loss: 0.000892
[2024-09-20 23:12:14,175][INFO][clas_trainer:133] - train epoch: 5 [65760/82350 (80%)], lr: ['1.00e-04'], loss: 0.001784
[2024-09-20 23:12:40,523][INFO][clas_trainer:133] - train epoch: 5 [73984/82350 (90%)], lr: ['1.00e-04'], loss: 0.000683
[2024-09-20 23:13:07,243][INFO][clas_trainer:133] - train epoch: 5 [82208/82350 (100%)], lr: ['1.00e-04'], loss: 0.001079
[2024-09-20 23:13:36,078][INFO][clas_trainer:63] - [epoch   5] execution time: 298.43s	metrics:
[2024-09-20 23:13:36,079][INFO][clas_evaluator:99] - dataset: earlystopping, avg f1-score: 0.4880
[2024-09-20 23:14:03,985][INFO][clas_trainer:133] - train epoch: 6 [8192/82350 (10%)], lr: ['1.00e-04'], loss: 0.000618
[2024-09-20 23:14:31,338][INFO][clas_trainer:133] - train epoch: 6 [16416/82350 (20%)], lr: ['1.00e-04'], loss: 0.000599
[2024-09-20 23:14:58,039][INFO][clas_trainer:133] - train epoch: 6 [24640/82350 (30%)], lr: ['1.00e-04'], loss: 0.000562
[2024-09-20 23:15:24,370][INFO][clas_trainer:133] - train epoch: 6 [32864/82350 (40%)], lr: ['1.00e-04'], loss: 0.000363
[2024-09-20 23:15:50,729][INFO][clas_trainer:133] - train epoch: 6 [41088/82350 (50%)], lr: ['1.00e-04'], loss: 0.002057
[2024-09-20 23:16:17,510][INFO][clas_trainer:133] - train epoch: 6 [49312/82350 (60%)], lr: ['1.00e-04'], loss: 0.000835
[2024-09-20 23:16:43,950][INFO][clas_trainer:133] - train epoch: 6 [57536/82350 (70%)], lr: ['1.00e-04'], loss: 0.001019
[2024-09-20 23:17:10,171][INFO][clas_trainer:133] - train epoch: 6 [65760/82350 (80%)], lr: ['1.00e-04'], loss: 0.000741
[2024-09-20 23:17:36,836][INFO][clas_trainer:133] - train epoch: 6 [73984/82350 (90%)], lr: ['1.00e-04'], loss: 0.000789
[2024-09-20 23:18:02,506][INFO][clas_trainer:133] - train epoch: 6 [82208/82350 (100%)], lr: ['1.00e-04'], loss: 0.000838
[2024-09-20 23:18:31,411][INFO][clas_trainer:63] - [epoch   6] execution time: 295.33s	metrics:
[2024-09-20 23:18:31,412][INFO][clas_evaluator:99] - dataset: earlystopping, avg f1-score: 0.4960
[2024-09-20 23:18:57,677][INFO][clas_trainer:133] - train epoch: 7 [8192/82350 (10%)], lr: ['1.00e-04'], loss: 0.000954
[2024-09-20 23:19:23,542][INFO][clas_trainer:133] - train epoch: 7 [16416/82350 (20%)], lr: ['1.00e-04'], loss: 0.000910
[2024-09-20 23:19:48,878][INFO][clas_trainer:133] - train epoch: 7 [24640/82350 (30%)], lr: ['1.00e-04'], loss: 0.000992
[2024-09-20 23:20:14,520][INFO][clas_trainer:133] - train epoch: 7 [32864/82350 (40%)], lr: ['1.00e-04'], loss: 0.001403
[2024-09-20 23:20:40,280][INFO][clas_trainer:133] - train epoch: 7 [41088/82350 (50%)], lr: ['1.00e-04'], loss: 0.000682
[2024-09-20 23:21:06,213][INFO][clas_trainer:133] - train epoch: 7 [49312/82350 (60%)], lr: ['1.00e-04'], loss: 0.001420
[2024-09-20 23:21:31,943][INFO][clas_trainer:133] - train epoch: 7 [57536/82350 (70%)], lr: ['1.00e-04'], loss: 0.000980
[2024-09-20 23:21:58,014][INFO][clas_trainer:133] - train epoch: 7 [65760/82350 (80%)], lr: ['1.00e-04'], loss: 0.000973
[2024-09-20 23:22:23,659][INFO][clas_trainer:133] - train epoch: 7 [73984/82350 (90%)], lr: ['1.00e-04'], loss: 0.001138
[2024-09-20 23:22:49,453][INFO][clas_trainer:133] - train epoch: 7 [82208/82350 (100%)], lr: ['1.00e-04'], loss: 0.000640
[2024-09-20 23:23:15,870][INFO][clas_trainer:63] - [epoch   7] execution time: 284.46s	metrics:
[2024-09-20 23:23:15,870][INFO][clas_evaluator:99] - dataset: earlystopping, avg f1-score: 0.4653
[2024-09-20 23:23:42,590][INFO][clas_trainer:133] - train epoch: 8 [8192/82350 (10%)], lr: ['1.00e-04'], loss: 0.001245
[2024-09-20 23:24:08,939][INFO][clas_trainer:133] - train epoch: 8 [16416/82350 (20%)], lr: ['1.00e-04'], loss: 0.001272
[2024-09-20 23:24:34,283][INFO][clas_trainer:133] - train epoch: 8 [24640/82350 (30%)], lr: ['1.00e-04'], loss: 0.001199
[2024-09-20 23:25:00,705][INFO][clas_trainer:133] - train epoch: 8 [32864/82350 (40%)], lr: ['1.00e-04'], loss: 0.001377
[2024-09-20 23:25:26,815][INFO][clas_trainer:133] - train epoch: 8 [41088/82350 (50%)], lr: ['1.00e-04'], loss: 0.001184
[2024-09-20 23:25:51,822][INFO][clas_trainer:133] - train epoch: 8 [49312/82350 (60%)], lr: ['1.00e-04'], loss: 0.000943
[2024-09-20 23:26:17,013][INFO][clas_trainer:133] - train epoch: 8 [57536/82350 (70%)], lr: ['1.00e-04'], loss: 0.001249
[2024-09-20 23:26:43,331][INFO][clas_trainer:133] - train epoch: 8 [65760/82350 (80%)], lr: ['1.00e-04'], loss: 0.000912
[2024-09-20 23:27:08,860][INFO][clas_trainer:133] - train epoch: 8 [73984/82350 (90%)], lr: ['1.00e-04'], loss: 0.001413
[2024-09-20 23:27:34,271][INFO][clas_trainer:133] - train epoch: 8 [82208/82350 (100%)], lr: ['1.00e-04'], loss: 0.001239
[2024-09-20 23:28:01,291][INFO][clas_trainer:63] - [epoch   8] execution time: 285.42s	metrics:
[2024-09-20 23:28:01,292][INFO][clas_evaluator:99] - dataset: earlystopping, avg f1-score: 0.4498
[2024-09-20 23:28:28,494][INFO][clas_trainer:133] - train epoch: 9 [8192/82350 (10%)], lr: ['1.00e-04'], loss: 0.001381
[2024-09-20 23:28:54,733][INFO][clas_trainer:133] - train epoch: 9 [16416/82350 (20%)], lr: ['1.00e-04'], loss: 0.001761
[2024-09-20 23:29:20,431][INFO][clas_trainer:133] - train epoch: 9 [24640/82350 (30%)], lr: ['1.00e-04'], loss: 0.001506
[2024-09-20 23:29:46,287][INFO][clas_trainer:133] - train epoch: 9 [32864/82350 (40%)], lr: ['1.00e-04'], loss: 0.001620
[2024-09-20 23:30:12,431][INFO][clas_trainer:133] - train epoch: 9 [41088/82350 (50%)], lr: ['1.00e-04'], loss: 0.001205
[2024-09-20 23:30:38,166][INFO][clas_trainer:133] - train epoch: 9 [49312/82350 (60%)], lr: ['1.00e-04'], loss: 0.001274
[2024-09-20 23:31:03,944][INFO][clas_trainer:133] - train epoch: 9 [57536/82350 (70%)], lr: ['1.00e-04'], loss: 0.001009
[2024-09-20 23:31:29,601][INFO][clas_trainer:133] - train epoch: 9 [65760/82350 (80%)], lr: ['1.00e-04'], loss: 0.000731
[2024-09-20 23:31:55,214][INFO][clas_trainer:133] - train epoch: 9 [73984/82350 (90%)], lr: ['1.00e-04'], loss: 0.001056
[2024-09-20 23:32:20,859][INFO][clas_trainer:133] - train epoch: 9 [82208/82350 (100%)], lr: ['1.00e-04'], loss: 0.001179
[2024-09-20 23:32:49,008][INFO][clas_trainer:63] - [epoch   9] execution time: 287.72s	metrics:
[2024-09-20 23:32:49,008][INFO][clas_evaluator:99] - dataset: earlystopping, avg f1-score: 0.4539
[2024-09-20 23:33:16,091][INFO][clas_trainer:133] - train epoch: 10 [8192/82350 (10%)], lr: ['1.00e-04'], loss: 0.000879
[2024-09-20 23:33:41,917][INFO][clas_trainer:133] - train epoch: 10 [16416/82350 (20%)], lr: ['1.00e-04'], loss: 0.001225
[2024-09-20 23:34:07,115][INFO][clas_trainer:133] - train epoch: 10 [24640/82350 (30%)], lr: ['1.00e-04'], loss: 0.001546
[2024-09-20 23:34:33,861][INFO][clas_trainer:133] - train epoch: 10 [32864/82350 (40%)], lr: ['1.00e-04'], loss: 0.000676
[2024-09-20 23:34:58,577][INFO][clas_trainer:133] - train epoch: 10 [41088/82350 (50%)], lr: ['1.00e-04'], loss: 0.000671
[2024-09-20 23:35:23,414][INFO][clas_trainer:133] - train epoch: 10 [49312/82350 (60%)], lr: ['1.00e-04'], loss: 0.001215
[2024-09-20 23:35:49,188][INFO][clas_trainer:133] - train epoch: 10 [57536/82350 (70%)], lr: ['1.00e-04'], loss: 0.000904
[2024-09-20 23:36:14,876][INFO][clas_trainer:133] - train epoch: 10 [65760/82350 (80%)], lr: ['1.00e-04'], loss: 0.000666
[2024-09-20 23:36:39,727][INFO][clas_trainer:133] - train epoch: 10 [73984/82350 (90%)], lr: ['1.00e-04'], loss: 0.001072
[2024-09-20 23:37:04,711][INFO][clas_trainer:133] - train epoch: 10 [82208/82350 (100%)], lr: ['1.00e-04'], loss: 0.000768
[2024-09-20 23:37:30,734][INFO][clas_trainer:63] - [epoch  10] execution time: 281.73s	metrics:
[2024-09-20 23:37:30,734][INFO][clas_evaluator:99] - dataset: earlystopping, avg f1-score: 0.4450
[2024-09-20 23:37:56,694][INFO][clas_trainer:133] - train epoch: 11 [8192/82350 (10%)], lr: ['1.00e-04'], loss: 0.000779
[2024-09-20 23:38:21,955][INFO][clas_trainer:133] - train epoch: 11 [16416/82350 (20%)], lr: ['1.00e-04'], loss: 0.001190
[2024-09-20 23:38:46,500][INFO][clas_trainer:133] - train epoch: 11 [24640/82350 (30%)], lr: ['1.00e-04'], loss: 0.001791
[2024-09-20 23:39:11,699][INFO][clas_trainer:133] - train epoch: 11 [32864/82350 (40%)], lr: ['1.00e-04'], loss: 0.000822
[2024-09-20 23:39:36,161][INFO][clas_trainer:133] - train epoch: 11 [41088/82350 (50%)], lr: ['1.00e-04'], loss: 0.001772
[2024-09-20 23:40:00,357][INFO][clas_trainer:133] - train epoch: 11 [49312/82350 (60%)], lr: ['1.00e-04'], loss: 0.001095
[2024-09-20 23:40:25,467][INFO][clas_trainer:133] - train epoch: 11 [57536/82350 (70%)], lr: ['1.00e-04'], loss: 0.001039
[2024-09-20 23:40:50,026][INFO][clas_trainer:133] - train epoch: 11 [65760/82350 (80%)], lr: ['1.00e-04'], loss: 0.001111
[2024-09-20 23:41:15,193][INFO][clas_trainer:133] - train epoch: 11 [73984/82350 (90%)], lr: ['1.00e-04'], loss: 0.001143
[2024-09-20 23:41:38,418][INFO][clas_trainer:133] - train epoch: 11 [82208/82350 (100%)], lr: ['1.00e-04'], loss: 0.000831
[2024-09-20 23:42:03,678][INFO][clas_trainer:63] - [epoch  11] execution time: 272.94s	metrics:
[2024-09-20 23:42:03,679][INFO][clas_evaluator:99] - dataset: earlystopping, avg f1-score: 0.4597
[2024-09-20 23:42:03,682][INFO][clas_trainer:79] - finished training
[2024-09-20 23:42:03,683][INFO][clas_trainer:80] - best model on epoch: 1 	f1-score: 0.5337
