[2024-10-04 00:14:12,377][INFO][fine-tune:25] - Using GPU 5
[2024-10-04 00:14:12,382][INFO][fine-tune:35] - overrides:
hydra:
- hydra.launcher.n_jobs=40
- hydra.mode=MULTIRUN
task:
- m_seed_path_sids={seeds:[4,4,4,4,4],path:"exp006b-m4-simple_multi_class-2024-09-20_13-58-02-final.pth",subject_ids:{isruc:$\{data.isruc.cv_5_fold.fold_5\}}}
- data.downstream.train_dataloader.dataset.data_reducer.n_epochs=50
- data.downstream.train_dataloader.dataset.data_reducer.n_subjects=5
- general.gpus=[4,5,6,7]

[2024-10-04 00:14:18,192][INFO][data_loaders:39] - class distribution before data reduction:
# samples per subject
sg1-10-1: 842
sg1-11-1: 997
sg1-14-1: 906
sg1-15-1: 786
sg1-18-1: 999
sg1-19-1: 828
sg1-2-1: 964
sg1-20-1: 950
sg1-22-1: 849
sg1-23-1: 892
sg1-25-1: 921
sg1-26-1: 1062
sg1-27-1: 918
sg1-28-1: 882
sg1-29-1: 912
sg1-3-1: 943
sg1-31-1: 877
sg1-32-1: 1010
sg1-33-1: 920
sg1-34-1: 871
sg1-39-1: 900
sg1-40-1: 875
sg1-43-1: 747
sg1-44-1: 932
sg1-46-1: 863
sg1-47-1: 838
sg1-48-1: 981
sg1-49-1: 793
sg1-5-1: 875
sg1-51-1: 856
sg1-52-1: 912
sg1-53-1: 910
sg1-54-1: 814
sg1-56-1: 956
sg1-58-1: 965
sg1-59-1: 942
sg1-6-1: 897
sg1-60-1: 916
sg1-61-1: 852
sg1-62-1: 864
sg1-63-1: 954
sg1-64-1: 892
sg1-66-1: 845
sg1-68-1: 956
sg1-69-1: 815
sg1-7-1: 933
sg1-71-1: 829
sg1-72-1: 872
sg1-73-1: 997
sg1-74-1: 897
sg1-75-1: 898
sg1-76-1: 850
sg1-77-1: 805
sg1-78-1: 894
sg1-80-1: 889
sg1-81-1: 911
sg1-82-1: 882
sg1-83-1: 925
sg1-86-1: 964
sg1-88-1: 1002
sg1-89-1: 1036
sg1-9-1: 969
sg1-90-1: 933
sg1-92-1: 877
sg1-93-1: 870
sg1-94-1: 846
sg1-95-1: 865
sg1-96-1: 858
sg1-97-1: 912
sg1-98-1: 899
sg2-1-1: 933
sg2-1-2: 787
sg2-2-1: 851
sg2-2-2: 869
sg2-4-1: 932
sg2-4-2: 899
sg2-5-1: 815
sg2-5-2: 879
sg2-6-1: 965
sg2-6-2: 1014
sg2-7-1: 942
sg2-7-2: 899
sg2-8-1: 815
sg2-8-2: 923
sg3-1-1: 954
sg3-10-1: 796
sg3-2-1: 941
sg3-3-1: 824
sg3-4-1: 794
sg3-5-1: 944
sg3-6-1: 853
sg3-9-1: 969

# samples per stage
0: 18268
1: 11319
2: 26640
3: 15950
4: 10513
[2024-10-04 00:14:18,711][INFO][data_loaders:43] - class distribution after data reduction:
# samples per subject
sg1-39-1: 19836
sg1-6-1: 6612
sg1-9-1: 8265
sg1-93-1: 18183
sg1-97-1: 29754

# samples per stage
0: 14877
1: 16530
2: 28101
3: 14877
4: 8265
[2024-10-04 00:14:18,737][INFO][base_pretraining_fe:55] - Loading model from exp006b-m4-simple_multi_class-2024-09-20_13-58-02-final.pth
[2024-10-04 00:14:19,240][INFO][data_loaders:39] - class distribution before data reduction:
# samples per subject
sg1-21-1: 1054
sg1-24-1: 830
sg1-30-1: 882
sg1-4-1: 963
sg1-41-1: 974
sg1-55-1: 879
sg1-79-1: 880
sg1-87-1: 926

# samples per stage
0: 1418
1: 795
2: 2616
3: 1318
4: 1241
[2024-10-04 00:14:19,265][INFO][data_loaders:43] - class distribution after data reduction:
# samples per subject
sg1-21-1: 1054
sg1-24-1: 830
sg1-30-1: 882
sg1-4-1: 963
sg1-41-1: 974
sg1-55-1: 879
sg1-79-1: 880
sg1-87-1: 926

# samples per stage
0: 1418
1: 795
2: 2616
3: 1318
4: 1241
[2024-10-04 00:14:19,304][INFO][clas_trainer:49] - metrics before training (epoch 0):
[2024-10-04 00:14:53,267][INFO][clas_evaluator:132] - dataset: earlystopping, avg f1-score: 0.1561
[2024-10-04 00:15:27,413][INFO][clas_trainer:133] - train epoch: 1 [8224/82650 (10%)], lr: ['1.00e-04', '1.00e-04'], loss: 0.386968
[2024-10-04 00:16:00,947][INFO][clas_trainer:133] - train epoch: 1 [16480/82650 (20%)], lr: ['1.00e-04', '1.00e-04'], loss: 0.139735
[2024-10-04 00:16:35,456][INFO][clas_trainer:133] - train epoch: 1 [24736/82650 (30%)], lr: ['1.00e-04', '1.00e-04'], loss: 0.299434
[2024-10-04 00:17:11,666][INFO][clas_trainer:133] - train epoch: 1 [32992/82650 (40%)], lr: ['1.00e-04', '1.00e-04'], loss: 0.003433
[2024-10-04 00:17:44,136][INFO][clas_trainer:133] - train epoch: 1 [41248/82650 (50%)], lr: ['1.00e-04', '1.00e-04'], loss: 0.001288
[2024-10-04 00:18:16,326][INFO][clas_trainer:133] - train epoch: 1 [49504/82650 (60%)], lr: ['1.00e-04', '1.00e-04'], loss: 0.011990
[2024-10-04 00:18:49,656][INFO][clas_trainer:133] - train epoch: 1 [57760/82650 (70%)], lr: ['1.00e-04', '1.00e-04'], loss: 0.004051
[2024-10-04 00:19:21,761][INFO][clas_trainer:133] - train epoch: 1 [66016/82650 (80%)], lr: ['1.00e-04', '1.00e-04'], loss: 0.000365
[2024-10-04 00:19:54,259][INFO][clas_trainer:133] - train epoch: 1 [74272/82650 (90%)], lr: ['1.00e-04', '1.00e-04'], loss: 0.001850
[2024-10-04 00:20:26,354][INFO][clas_trainer:133] - train epoch: 1 [82528/82650 (100%)], lr: ['1.00e-04', '1.00e-04'], loss: 0.027179
[2024-10-04 00:21:03,005][INFO][clas_trainer:63] - [epoch   1] execution time: 369.74s	metrics:
[2024-10-04 00:21:03,006][INFO][clas_evaluator:132] - dataset: earlystopping, avg f1-score: 0.4862
[2024-10-04 00:21:03,047][INFO][base_model:51] - snapshot saved to XXX/frequency-pretraining/models/exp006c-m109-base_fe_clas-2024-10-03_20-03-43-final.pth
[2024-10-04 00:21:36,470][INFO][clas_trainer:133] - train epoch: 2 [8224/82650 (10%)], lr: ['1.00e-04', '1.00e-04'], loss: 0.000440
[2024-10-04 00:22:09,160][INFO][clas_trainer:133] - train epoch: 2 [16480/82650 (20%)], lr: ['1.00e-04', '1.00e-04'], loss: 0.001698
[2024-10-04 00:22:41,974][INFO][clas_trainer:133] - train epoch: 2 [24736/82650 (30%)], lr: ['1.00e-04', '1.00e-04'], loss: 0.000184
[2024-10-04 00:23:14,199][INFO][clas_trainer:133] - train epoch: 2 [32992/82650 (40%)], lr: ['1.00e-04', '1.00e-04'], loss: 0.000096
[2024-10-04 00:23:47,410][INFO][clas_trainer:133] - train epoch: 2 [41248/82650 (50%)], lr: ['1.00e-04', '1.00e-04'], loss: 0.000083
[2024-10-04 00:24:19,272][INFO][clas_trainer:133] - train epoch: 2 [49504/82650 (60%)], lr: ['1.00e-04', '1.00e-04'], loss: 0.000834
[2024-10-04 00:24:50,958][INFO][clas_trainer:133] - train epoch: 2 [57760/82650 (70%)], lr: ['1.00e-04', '1.00e-04'], loss: 0.000089
[2024-10-04 00:25:21,937][INFO][clas_trainer:133] - train epoch: 2 [66016/82650 (80%)], lr: ['1.00e-04', '1.00e-04'], loss: 0.000238
[2024-10-04 00:25:53,211][INFO][clas_trainer:133] - train epoch: 2 [74272/82650 (90%)], lr: ['1.00e-04', '1.00e-04'], loss: 0.000051
[2024-10-04 00:26:23,985][INFO][clas_trainer:133] - train epoch: 2 [82528/82650 (100%)], lr: ['1.00e-04', '1.00e-04'], loss: 0.000702
[2024-10-04 00:26:57,356][INFO][clas_trainer:63] - [epoch   2] execution time: 354.31s	metrics:
[2024-10-04 00:26:57,357][INFO][clas_evaluator:132] - dataset: earlystopping, avg f1-score: 0.5027
[2024-10-04 00:26:57,402][INFO][base_model:51] - snapshot saved to XXX/frequency-pretraining/models/exp006c-m109-base_fe_clas-2024-10-03_20-03-43-final.pth
[2024-10-04 00:27:29,434][INFO][clas_trainer:133] - train epoch: 3 [8224/82650 (10%)], lr: ['1.00e-04', '1.00e-04'], loss: 0.000443
[2024-10-04 00:28:00,275][INFO][clas_trainer:133] - train epoch: 3 [16480/82650 (20%)], lr: ['1.00e-04', '1.00e-04'], loss: 0.000115
[2024-10-04 00:28:31,500][INFO][clas_trainer:133] - train epoch: 3 [24736/82650 (30%)], lr: ['1.00e-04', '1.00e-04'], loss: 0.000031
[2024-10-04 00:29:03,990][INFO][clas_trainer:133] - train epoch: 3 [32992/82650 (40%)], lr: ['1.00e-04', '1.00e-04'], loss: 0.000046
[2024-10-04 00:29:34,806][INFO][clas_trainer:133] - train epoch: 3 [41248/82650 (50%)], lr: ['1.00e-04', '1.00e-04'], loss: 0.000008
[2024-10-04 00:30:06,233][INFO][clas_trainer:133] - train epoch: 3 [49504/82650 (60%)], lr: ['1.00e-04', '1.00e-04'], loss: 0.002541
[2024-10-04 00:30:37,448][INFO][clas_trainer:133] - train epoch: 3 [57760/82650 (70%)], lr: ['1.00e-04', '1.00e-04'], loss: 0.000205
[2024-10-04 00:31:08,682][INFO][clas_trainer:133] - train epoch: 3 [66016/82650 (80%)], lr: ['1.00e-04', '1.00e-04'], loss: 0.003018
[2024-10-04 00:31:39,702][INFO][clas_trainer:133] - train epoch: 3 [74272/82650 (90%)], lr: ['1.00e-04', '1.00e-04'], loss: 0.000131
[2024-10-04 00:32:11,471][INFO][clas_trainer:133] - train epoch: 3 [82528/82650 (100%)], lr: ['1.00e-04', '1.00e-04'], loss: 0.000175
[2024-10-04 00:32:45,704][INFO][clas_trainer:63] - [epoch   3] execution time: 348.30s	metrics:
[2024-10-04 00:32:45,704][INFO][clas_evaluator:132] - dataset: earlystopping, avg f1-score: 0.5063
[2024-10-04 00:32:45,748][INFO][base_model:51] - snapshot saved to XXX/frequency-pretraining/models/exp006c-m109-base_fe_clas-2024-10-03_20-03-43-final.pth
[2024-10-04 00:33:18,560][INFO][clas_trainer:133] - train epoch: 4 [8224/82650 (10%)], lr: ['1.00e-04', '1.00e-04'], loss: 0.000061
[2024-10-04 00:33:49,177][INFO][clas_trainer:133] - train epoch: 4 [16480/82650 (20%)], lr: ['1.00e-04', '1.00e-04'], loss: 0.000095
[2024-10-04 00:34:20,369][INFO][clas_trainer:133] - train epoch: 4 [24736/82650 (30%)], lr: ['1.00e-04', '1.00e-04'], loss: 0.000135
[2024-10-04 00:34:52,059][INFO][clas_trainer:133] - train epoch: 4 [32992/82650 (40%)], lr: ['1.00e-04', '1.00e-04'], loss: 0.000072
[2024-10-04 00:35:23,569][INFO][clas_trainer:133] - train epoch: 4 [41248/82650 (50%)], lr: ['1.00e-04', '1.00e-04'], loss: 0.010727
[2024-10-04 00:35:54,502][INFO][clas_trainer:133] - train epoch: 4 [49504/82650 (60%)], lr: ['1.00e-04', '1.00e-04'], loss: 0.000186
[2024-10-04 00:36:25,187][INFO][clas_trainer:133] - train epoch: 4 [57760/82650 (70%)], lr: ['1.00e-04', '1.00e-04'], loss: 0.000157
[2024-10-04 00:36:57,238][INFO][clas_trainer:133] - train epoch: 4 [66016/82650 (80%)], lr: ['1.00e-04', '1.00e-04'], loss: 0.000169
[2024-10-04 00:37:28,599][INFO][clas_trainer:133] - train epoch: 4 [74272/82650 (90%)], lr: ['1.00e-04', '1.00e-04'], loss: 0.004678
[2024-10-04 00:37:59,752][INFO][clas_trainer:133] - train epoch: 4 [82528/82650 (100%)], lr: ['1.00e-04', '1.00e-04'], loss: 0.000444
[2024-10-04 00:38:33,573][INFO][clas_trainer:63] - [epoch   4] execution time: 347.82s	metrics:
[2024-10-04 00:38:33,574][INFO][clas_evaluator:132] - dataset: earlystopping, avg f1-score: 0.4992
[2024-10-04 00:39:05,089][INFO][clas_trainer:133] - train epoch: 5 [8224/82650 (10%)], lr: ['1.00e-04', '1.00e-04'], loss: 0.002254
[2024-10-04 00:39:35,126][INFO][clas_trainer:133] - train epoch: 5 [16480/82650 (20%)], lr: ['1.00e-04', '1.00e-04'], loss: 0.000325
[2024-10-04 00:40:05,932][INFO][clas_trainer:133] - train epoch: 5 [24736/82650 (30%)], lr: ['1.00e-04', '1.00e-04'], loss: 0.000219
[2024-10-04 00:40:36,625][INFO][clas_trainer:133] - train epoch: 5 [32992/82650 (40%)], lr: ['1.00e-04', '1.00e-04'], loss: 0.000154
[2024-10-04 00:41:07,635][INFO][clas_trainer:133] - train epoch: 5 [41248/82650 (50%)], lr: ['1.00e-04', '1.00e-04'], loss: 0.000078
[2024-10-04 00:41:38,119][INFO][clas_trainer:133] - train epoch: 5 [49504/82650 (60%)], lr: ['1.00e-04', '1.00e-04'], loss: 0.000573
[2024-10-04 00:42:09,035][INFO][clas_trainer:133] - train epoch: 5 [57760/82650 (70%)], lr: ['1.00e-04', '1.00e-04'], loss: 0.000199
[2024-10-04 00:42:38,819][INFO][clas_trainer:133] - train epoch: 5 [66016/82650 (80%)], lr: ['1.00e-04', '1.00e-04'], loss: 0.000199
[2024-10-04 00:43:08,956][INFO][clas_trainer:133] - train epoch: 5 [74272/82650 (90%)], lr: ['1.00e-04', '1.00e-04'], loss: 0.000362
[2024-10-04 00:43:39,096][INFO][clas_trainer:133] - train epoch: 5 [82528/82650 (100%)], lr: ['1.00e-04', '1.00e-04'], loss: 0.001461
[2024-10-04 00:44:12,537][INFO][clas_trainer:63] - [epoch   5] execution time: 338.96s	metrics:
[2024-10-04 00:44:12,538][INFO][clas_evaluator:132] - dataset: earlystopping, avg f1-score: 0.5103
[2024-10-04 00:44:12,582][INFO][base_model:51] - snapshot saved to XXX/frequency-pretraining/models/exp006c-m109-base_fe_clas-2024-10-03_20-03-43-final.pth
[2024-10-04 00:44:45,156][INFO][clas_trainer:133] - train epoch: 6 [8224/82650 (10%)], lr: ['1.00e-04', '1.00e-04'], loss: 0.000607
[2024-10-04 00:45:16,128][INFO][clas_trainer:133] - train epoch: 6 [16480/82650 (20%)], lr: ['1.00e-04', '1.00e-04'], loss: 0.000124
[2024-10-04 00:45:45,300][INFO][clas_trainer:133] - train epoch: 6 [24736/82650 (30%)], lr: ['1.00e-04', '1.00e-04'], loss: 0.000181
[2024-10-04 00:46:15,572][INFO][clas_trainer:133] - train epoch: 6 [32992/82650 (40%)], lr: ['1.00e-04', '1.00e-04'], loss: 0.000536
[2024-10-04 00:46:45,166][INFO][clas_trainer:133] - train epoch: 6 [41248/82650 (50%)], lr: ['1.00e-04', '1.00e-04'], loss: 0.000305
[2024-10-04 00:47:15,888][INFO][clas_trainer:133] - train epoch: 6 [49504/82650 (60%)], lr: ['1.00e-04', '1.00e-04'], loss: 0.000365
[2024-10-04 00:47:45,716][INFO][clas_trainer:133] - train epoch: 6 [57760/82650 (70%)], lr: ['1.00e-04', '1.00e-04'], loss: 0.000471
[2024-10-04 00:48:15,039][INFO][clas_trainer:133] - train epoch: 6 [66016/82650 (80%)], lr: ['1.00e-04', '1.00e-04'], loss: 0.000508
[2024-10-04 00:48:44,796][INFO][clas_trainer:133] - train epoch: 6 [74272/82650 (90%)], lr: ['1.00e-04', '1.00e-04'], loss: 0.000365
[2024-10-04 00:49:14,846][INFO][clas_trainer:133] - train epoch: 6 [82528/82650 (100%)], lr: ['1.00e-04', '1.00e-04'], loss: 0.000558
[2024-10-04 00:49:49,258][INFO][clas_trainer:63] - [epoch   6] execution time: 336.68s	metrics:
[2024-10-04 00:49:49,259][INFO][clas_evaluator:132] - dataset: earlystopping, avg f1-score: 0.4862
[2024-10-04 00:50:20,754][INFO][clas_trainer:133] - train epoch: 7 [8224/82650 (10%)], lr: ['1.00e-04', '1.00e-04'], loss: 0.000510
[2024-10-04 00:50:50,806][INFO][clas_trainer:133] - train epoch: 7 [16480/82650 (20%)], lr: ['1.00e-04', '1.00e-04'], loss: 0.000298
[2024-10-04 00:51:21,557][INFO][clas_trainer:133] - train epoch: 7 [24736/82650 (30%)], lr: ['1.00e-04', '1.00e-04'], loss: 0.000501
[2024-10-04 00:51:53,033][INFO][clas_trainer:133] - train epoch: 7 [32992/82650 (40%)], lr: ['1.00e-04', '1.00e-04'], loss: 0.000729
[2024-10-04 00:52:23,447][INFO][clas_trainer:133] - train epoch: 7 [41248/82650 (50%)], lr: ['1.00e-04', '1.00e-04'], loss: 0.000342
[2024-10-04 00:52:53,381][INFO][clas_trainer:133] - train epoch: 7 [49504/82650 (60%)], lr: ['1.00e-04', '1.00e-04'], loss: 0.000473
[2024-10-04 00:53:23,791][INFO][clas_trainer:133] - train epoch: 7 [57760/82650 (70%)], lr: ['1.00e-04', '1.00e-04'], loss: 0.000378
[2024-10-04 00:53:53,696][INFO][clas_trainer:133] - train epoch: 7 [66016/82650 (80%)], lr: ['1.00e-04', '1.00e-04'], loss: 0.000511
[2024-10-04 00:54:24,126][INFO][clas_trainer:133] - train epoch: 7 [74272/82650 (90%)], lr: ['1.00e-04', '1.00e-04'], loss: 0.001010
[2024-10-04 00:54:54,428][INFO][clas_trainer:133] - train epoch: 7 [82528/82650 (100%)], lr: ['1.00e-04', '1.00e-04'], loss: 0.000403
[2024-10-04 00:55:28,669][INFO][clas_trainer:63] - [epoch   7] execution time: 339.41s	metrics:
[2024-10-04 00:55:28,669][INFO][clas_evaluator:132] - dataset: earlystopping, avg f1-score: 0.4964
[2024-10-04 00:55:59,457][INFO][clas_trainer:133] - train epoch: 8 [8224/82650 (10%)], lr: ['1.00e-04', '1.00e-04'], loss: 0.000220
[2024-10-04 00:56:28,334][INFO][clas_trainer:133] - train epoch: 8 [16480/82650 (20%)], lr: ['1.00e-04', '1.00e-04'], loss: 0.001695
[2024-10-04 00:56:59,000][INFO][clas_trainer:133] - train epoch: 8 [24736/82650 (30%)], lr: ['1.00e-04', '1.00e-04'], loss: 0.000601
[2024-10-04 00:57:28,627][INFO][clas_trainer:133] - train epoch: 8 [32992/82650 (40%)], lr: ['1.00e-04', '1.00e-04'], loss: 0.000565
[2024-10-04 00:57:58,801][INFO][clas_trainer:133] - train epoch: 8 [41248/82650 (50%)], lr: ['1.00e-04', '1.00e-04'], loss: 0.000581
[2024-10-04 00:58:28,101][INFO][clas_trainer:133] - train epoch: 8 [49504/82650 (60%)], lr: ['1.00e-04', '1.00e-04'], loss: 0.000526
[2024-10-04 00:58:57,342][INFO][clas_trainer:133] - train epoch: 8 [57760/82650 (70%)], lr: ['1.00e-04', '1.00e-04'], loss: 0.000349
[2024-10-04 00:59:26,725][INFO][clas_trainer:133] - train epoch: 8 [66016/82650 (80%)], lr: ['1.00e-04', '1.00e-04'], loss: 0.000346
[2024-10-04 00:59:55,552][INFO][clas_trainer:133] - train epoch: 8 [74272/82650 (90%)], lr: ['1.00e-04', '1.00e-04'], loss: 0.000960
[2024-10-04 01:00:24,765][INFO][clas_trainer:133] - train epoch: 8 [82528/82650 (100%)], lr: ['1.00e-04', '1.00e-04'], loss: 0.001866
[2024-10-04 01:00:57,143][INFO][clas_trainer:63] - [epoch   8] execution time: 328.47s	metrics:
[2024-10-04 01:00:57,144][INFO][clas_evaluator:132] - dataset: earlystopping, avg f1-score: 0.4696
[2024-10-04 01:01:27,505][INFO][clas_trainer:133] - train epoch: 9 [8224/82650 (10%)], lr: ['1.00e-04', '1.00e-04'], loss: 0.000495
[2024-10-04 01:01:56,325][INFO][clas_trainer:133] - train epoch: 9 [16480/82650 (20%)], lr: ['1.00e-04', '1.00e-04'], loss: 0.000805
[2024-10-04 01:02:25,260][INFO][clas_trainer:133] - train epoch: 9 [24736/82650 (30%)], lr: ['1.00e-04', '1.00e-04'], loss: 0.000437
[2024-10-04 01:02:53,367][INFO][clas_trainer:133] - train epoch: 9 [32992/82650 (40%)], lr: ['1.00e-04', '1.00e-04'], loss: 0.000424
[2024-10-04 01:03:22,273][INFO][clas_trainer:133] - train epoch: 9 [41248/82650 (50%)], lr: ['1.00e-04', '1.00e-04'], loss: 0.000660
[2024-10-04 01:03:50,802][INFO][clas_trainer:133] - train epoch: 9 [49504/82650 (60%)], lr: ['1.00e-04', '1.00e-04'], loss: 0.000713
[2024-10-04 01:04:19,422][INFO][clas_trainer:133] - train epoch: 9 [57760/82650 (70%)], lr: ['1.00e-04', '1.00e-04'], loss: 0.000496
[2024-10-04 01:04:47,663][INFO][clas_trainer:133] - train epoch: 9 [66016/82650 (80%)], lr: ['1.00e-04', '1.00e-04'], loss: 0.000636
[2024-10-04 01:05:16,261][INFO][clas_trainer:133] - train epoch: 9 [74272/82650 (90%)], lr: ['1.00e-04', '1.00e-04'], loss: 0.001422
[2024-10-04 01:05:44,825][INFO][clas_trainer:133] - train epoch: 9 [82528/82650 (100%)], lr: ['1.00e-04', '1.00e-04'], loss: 0.000702
[2024-10-04 01:06:16,600][INFO][clas_trainer:63] - [epoch   9] execution time: 319.46s	metrics:
[2024-10-04 01:06:16,602][INFO][clas_evaluator:132] - dataset: earlystopping, avg f1-score: 0.5070
[2024-10-04 01:06:45,598][INFO][clas_trainer:133] - train epoch: 10 [8224/82650 (10%)], lr: ['1.00e-04', '1.00e-04'], loss: 0.001139
[2024-10-04 01:07:14,705][INFO][clas_trainer:133] - train epoch: 10 [16480/82650 (20%)], lr: ['1.00e-04', '1.00e-04'], loss: 0.001634
[2024-10-04 01:07:42,691][INFO][clas_trainer:133] - train epoch: 10 [24736/82650 (30%)], lr: ['1.00e-04', '1.00e-04'], loss: 0.000498
[2024-10-04 01:08:11,116][INFO][clas_trainer:133] - train epoch: 10 [32992/82650 (40%)], lr: ['1.00e-04', '1.00e-04'], loss: 0.000767
[2024-10-04 01:08:39,308][INFO][clas_trainer:133] - train epoch: 10 [41248/82650 (50%)], lr: ['1.00e-04', '1.00e-04'], loss: 0.000495
[2024-10-04 01:09:07,728][INFO][clas_trainer:133] - train epoch: 10 [49504/82650 (60%)], lr: ['1.00e-04', '1.00e-04'], loss: 0.000750
[2024-10-04 01:09:35,247][INFO][clas_trainer:133] - train epoch: 10 [57760/82650 (70%)], lr: ['1.00e-04', '1.00e-04'], loss: 0.001074
[2024-10-04 01:10:03,884][INFO][clas_trainer:133] - train epoch: 10 [66016/82650 (80%)], lr: ['1.00e-04', '1.00e-04'], loss: 0.000828
[2024-10-04 01:10:32,927][INFO][clas_trainer:133] - train epoch: 10 [74272/82650 (90%)], lr: ['1.00e-04', '1.00e-04'], loss: 0.000779
[2024-10-04 01:11:00,616][INFO][clas_trainer:133] - train epoch: 10 [82528/82650 (100%)], lr: ['1.00e-04', '1.00e-04'], loss: 0.000566
[2024-10-04 01:11:30,277][INFO][clas_trainer:63] - [epoch  10] execution time: 313.67s	metrics:
[2024-10-04 01:11:30,277][INFO][clas_evaluator:132] - dataset: earlystopping, avg f1-score: 0.4520
[2024-10-04 01:11:59,692][INFO][clas_trainer:133] - train epoch: 11 [8224/82650 (10%)], lr: ['1.00e-04', '1.00e-04'], loss: 0.000746
[2024-10-04 01:12:27,956][INFO][clas_trainer:133] - train epoch: 11 [16480/82650 (20%)], lr: ['1.00e-04', '1.00e-04'], loss: 0.000773
[2024-10-04 01:12:55,608][INFO][clas_trainer:133] - train epoch: 11 [24736/82650 (30%)], lr: ['1.00e-04', '1.00e-04'], loss: 0.000415
[2024-10-04 01:13:23,848][INFO][clas_trainer:133] - train epoch: 11 [32992/82650 (40%)], lr: ['1.00e-04', '1.00e-04'], loss: 0.000649
[2024-10-04 01:13:51,842][INFO][clas_trainer:133] - train epoch: 11 [41248/82650 (50%)], lr: ['1.00e-04', '1.00e-04'], loss: 0.000806
[2024-10-04 01:14:20,374][INFO][clas_trainer:133] - train epoch: 11 [49504/82650 (60%)], lr: ['1.00e-04', '1.00e-04'], loss: 0.000458
[2024-10-04 01:14:48,644][INFO][clas_trainer:133] - train epoch: 11 [57760/82650 (70%)], lr: ['1.00e-04', '1.00e-04'], loss: 0.000484
[2024-10-04 01:15:16,597][INFO][clas_trainer:133] - train epoch: 11 [66016/82650 (80%)], lr: ['1.00e-04', '1.00e-04'], loss: 0.001071
[2024-10-04 01:15:44,901][INFO][clas_trainer:133] - train epoch: 11 [74272/82650 (90%)], lr: ['1.00e-04', '1.00e-04'], loss: 0.001463
[2024-10-04 01:16:12,884][INFO][clas_trainer:133] - train epoch: 11 [82528/82650 (100%)], lr: ['1.00e-04', '1.00e-04'], loss: 0.000673
[2024-10-04 01:16:42,283][INFO][clas_trainer:63] - [epoch  11] execution time: 312.01s	metrics:
[2024-10-04 01:16:42,284][INFO][clas_evaluator:132] - dataset: earlystopping, avg f1-score: 0.3642
[2024-10-04 01:17:11,201][INFO][clas_trainer:133] - train epoch: 12 [8224/82650 (10%)], lr: ['1.00e-04', '1.00e-04'], loss: 0.001174
[2024-10-04 01:17:38,597][INFO][clas_trainer:133] - train epoch: 12 [16480/82650 (20%)], lr: ['1.00e-04', '1.00e-04'], loss: 0.000650
[2024-10-04 01:18:06,925][INFO][clas_trainer:133] - train epoch: 12 [24736/82650 (30%)], lr: ['1.00e-04', '1.00e-04'], loss: 0.001764
[2024-10-04 01:18:33,932][INFO][clas_trainer:133] - train epoch: 12 [32992/82650 (40%)], lr: ['1.00e-04', '1.00e-04'], loss: 0.000795
[2024-10-04 01:19:02,522][INFO][clas_trainer:133] - train epoch: 12 [41248/82650 (50%)], lr: ['1.00e-04', '1.00e-04'], loss: 0.000583
[2024-10-04 01:19:30,175][INFO][clas_trainer:133] - train epoch: 12 [49504/82650 (60%)], lr: ['1.00e-04', '1.00e-04'], loss: 0.000632
[2024-10-04 01:19:57,792][INFO][clas_trainer:133] - train epoch: 12 [57760/82650 (70%)], lr: ['1.00e-04', '1.00e-04'], loss: 0.000429
[2024-10-04 01:20:24,588][INFO][clas_trainer:133] - train epoch: 12 [66016/82650 (80%)], lr: ['1.00e-04', '1.00e-04'], loss: 0.000800
[2024-10-04 01:20:51,701][INFO][clas_trainer:133] - train epoch: 12 [74272/82650 (90%)], lr: ['1.00e-04', '1.00e-04'], loss: 0.000807
[2024-10-04 01:21:20,192][INFO][clas_trainer:133] - train epoch: 12 [82528/82650 (100%)], lr: ['1.00e-04', '1.00e-04'], loss: 0.000801
[2024-10-04 01:21:50,061][INFO][clas_trainer:63] - [epoch  12] execution time: 307.78s	metrics:
[2024-10-04 01:21:50,062][INFO][clas_evaluator:132] - dataset: earlystopping, avg f1-score: 0.3685
[2024-10-04 01:22:18,552][INFO][clas_trainer:133] - train epoch: 13 [8224/82650 (10%)], lr: ['1.00e-04', '1.00e-04'], loss: 0.000582
[2024-10-04 01:22:46,087][INFO][clas_trainer:133] - train epoch: 13 [16480/82650 (20%)], lr: ['1.00e-04', '1.00e-04'], loss: 0.000635
[2024-10-04 01:23:13,968][INFO][clas_trainer:133] - train epoch: 13 [24736/82650 (30%)], lr: ['1.00e-04', '1.00e-04'], loss: 0.000617
[2024-10-04 01:23:42,658][INFO][clas_trainer:133] - train epoch: 13 [32992/82650 (40%)], lr: ['1.00e-04', '1.00e-04'], loss: 0.000723
[2024-10-04 01:24:09,124][INFO][clas_trainer:133] - train epoch: 13 [41248/82650 (50%)], lr: ['1.00e-04', '1.00e-04'], loss: 0.000619
[2024-10-04 01:24:36,653][INFO][clas_trainer:133] - train epoch: 13 [49504/82650 (60%)], lr: ['1.00e-04', '1.00e-04'], loss: 0.000787
[2024-10-04 01:25:04,242][INFO][clas_trainer:133] - train epoch: 13 [57760/82650 (70%)], lr: ['1.00e-04', '1.00e-04'], loss: 0.000707
[2024-10-04 01:25:31,081][INFO][clas_trainer:133] - train epoch: 13 [66016/82650 (80%)], lr: ['1.00e-04', '1.00e-04'], loss: 0.000584
[2024-10-04 01:25:59,047][INFO][clas_trainer:133] - train epoch: 13 [74272/82650 (90%)], lr: ['1.00e-04', '1.00e-04'], loss: 0.002131
[2024-10-04 01:26:27,131][INFO][clas_trainer:133] - train epoch: 13 [82528/82650 (100%)], lr: ['1.00e-04', '1.00e-04'], loss: 0.001097
[2024-10-04 01:26:55,666][INFO][clas_trainer:63] - [epoch  13] execution time: 305.60s	metrics:
[2024-10-04 01:26:55,667][INFO][clas_evaluator:132] - dataset: earlystopping, avg f1-score: 0.3727
[2024-10-04 01:27:23,657][INFO][clas_trainer:133] - train epoch: 14 [8224/82650 (10%)], lr: ['1.00e-04', '1.00e-04'], loss: 0.000383
[2024-10-04 01:27:50,922][INFO][clas_trainer:133] - train epoch: 14 [16480/82650 (20%)], lr: ['1.00e-04', '1.00e-04'], loss: 0.000642
[2024-10-04 01:28:17,379][INFO][clas_trainer:133] - train epoch: 14 [24736/82650 (30%)], lr: ['1.00e-04', '1.00e-04'], loss: 0.000757
[2024-10-04 01:28:43,598][INFO][clas_trainer:133] - train epoch: 14 [32992/82650 (40%)], lr: ['1.00e-04', '1.00e-04'], loss: 0.000660
[2024-10-04 01:29:09,557][INFO][clas_trainer:133] - train epoch: 14 [41248/82650 (50%)], lr: ['1.00e-04', '1.00e-04'], loss: 0.000481
[2024-10-04 01:29:36,370][INFO][clas_trainer:133] - train epoch: 14 [49504/82650 (60%)], lr: ['1.00e-04', '1.00e-04'], loss: 0.000718
[2024-10-04 01:30:03,917][INFO][clas_trainer:133] - train epoch: 14 [57760/82650 (70%)], lr: ['1.00e-04', '1.00e-04'], loss: 0.001334
[2024-10-04 01:30:29,538][INFO][clas_trainer:133] - train epoch: 14 [66016/82650 (80%)], lr: ['1.00e-04', '1.00e-04'], loss: 0.000612
[2024-10-04 01:30:56,006][INFO][clas_trainer:133] - train epoch: 14 [74272/82650 (90%)], lr: ['1.00e-04', '1.00e-04'], loss: 0.000811
[2024-10-04 01:31:22,647][INFO][clas_trainer:133] - train epoch: 14 [82528/82650 (100%)], lr: ['1.00e-04', '1.00e-04'], loss: 0.000422
[2024-10-04 01:31:51,257][INFO][clas_trainer:63] - [epoch  14] execution time: 295.59s	metrics:
[2024-10-04 01:31:51,258][INFO][clas_evaluator:132] - dataset: earlystopping, avg f1-score: 0.3399
[2024-10-04 01:32:17,864][INFO][clas_trainer:133] - train epoch: 15 [8224/82650 (10%)], lr: ['1.00e-04', '1.00e-04'], loss: 0.000478
[2024-10-04 01:32:43,794][INFO][clas_trainer:133] - train epoch: 15 [16480/82650 (20%)], lr: ['1.00e-04', '1.00e-04'], loss: 0.000393
[2024-10-04 01:33:10,163][INFO][clas_trainer:133] - train epoch: 15 [24736/82650 (30%)], lr: ['1.00e-04', '1.00e-04'], loss: 0.001423
[2024-10-04 01:33:36,066][INFO][clas_trainer:133] - train epoch: 15 [32992/82650 (40%)], lr: ['1.00e-04', '1.00e-04'], loss: 0.000488
[2024-10-04 01:34:02,673][INFO][clas_trainer:133] - train epoch: 15 [41248/82650 (50%)], lr: ['1.00e-04', '1.00e-04'], loss: 0.000731
[2024-10-04 01:34:29,074][INFO][clas_trainer:133] - train epoch: 15 [49504/82650 (60%)], lr: ['1.00e-04', '1.00e-04'], loss: 0.000867
[2024-10-04 01:34:56,799][INFO][clas_trainer:133] - train epoch: 15 [57760/82650 (70%)], lr: ['1.00e-04', '1.00e-04'], loss: 0.000686
[2024-10-04 01:35:22,896][INFO][clas_trainer:133] - train epoch: 15 [66016/82650 (80%)], lr: ['1.00e-04', '1.00e-04'], loss: 0.000825
[2024-10-04 01:35:49,345][INFO][clas_trainer:133] - train epoch: 15 [74272/82650 (90%)], lr: ['1.00e-04', '1.00e-04'], loss: 0.000505
[2024-10-04 01:36:17,082][INFO][clas_trainer:133] - train epoch: 15 [82528/82650 (100%)], lr: ['1.00e-04', '1.00e-04'], loss: 0.001318
[2024-10-04 01:36:46,053][INFO][clas_trainer:63] - [epoch  15] execution time: 294.79s	metrics:
[2024-10-04 01:36:46,054][INFO][clas_evaluator:132] - dataset: earlystopping, avg f1-score: 0.4008
[2024-10-04 01:36:46,061][INFO][clas_trainer:79] - finished training
[2024-10-04 01:36:46,062][INFO][clas_trainer:80] - best model on epoch: 5 	f1-score: 0.5103
