[2024-10-04 01:35:26,804][INFO][fine-tune:25] - Using GPU 6
[2024-10-04 01:35:26,807][INFO][fine-tune:35] - overrides:
hydra:
- hydra.launcher.n_jobs=40
- hydra.mode=MULTIRUN
task:
- m_seed_path_sids={seeds:[6,6,6,6,6],path:"exp006b-m6-simple_multi_class-2024-09-20_13-58-02-final.pth",subject_ids:{isruc:$\{data.isruc.cv_5_fold.fold_2\}}}
- data.downstream.train_dataloader.dataset.data_reducer.n_epochs=-1
- data.downstream.train_dataloader.dataset.data_reducer.n_subjects=1
- general.gpus=[4,5,6,7]

[2024-10-04 01:35:30,804][INFO][data_loaders:39] - class distribution before data reduction:
# samples per subject
sg1-1-1: 880
sg1-10-1: 842
sg1-11-1: 997
sg1-12-1: 850
sg1-13-1: 882
sg1-14-1: 906
sg1-16-1: 883
sg1-17-1: 851
sg1-19-1: 828
sg1-20-1: 950
sg1-22-1: 849
sg1-23-1: 892
sg1-26-1: 1062
sg1-28-1: 882
sg1-29-1: 912
sg1-3-1: 943
sg1-31-1: 877
sg1-32-1: 1010
sg1-33-1: 920
sg1-34-1: 871
sg1-35-1: 788
sg1-36-1: 987
sg1-37-1: 806
sg1-38-1: 932
sg1-39-1: 900
sg1-40-1: 875
sg1-42-1: 812
sg1-43-1: 747
sg1-44-1: 932
sg1-45-1: 906
sg1-46-1: 863
sg1-48-1: 981
sg1-49-1: 793
sg1-5-1: 875
sg1-50-1: 905
sg1-51-1: 856
sg1-52-1: 912
sg1-53-1: 910
sg1-54-1: 814
sg1-59-1: 942
sg1-6-1: 897
sg1-61-1: 852
sg1-62-1: 864
sg1-63-1: 954
sg1-64-1: 892
sg1-65-1: 1014
sg1-66-1: 845
sg1-67-1: 862
sg1-68-1: 956
sg1-69-1: 815
sg1-71-1: 829
sg1-72-1: 872
sg1-74-1: 897
sg1-76-1: 850
sg1-77-1: 805
sg1-78-1: 894
sg1-80-1: 889
sg1-81-1: 911
sg1-83-1: 925
sg1-84-1: 963
sg1-85-1: 896
sg1-86-1: 964
sg1-88-1: 1002
sg1-9-1: 969
sg1-90-1: 933
sg1-91-1: 990
sg1-92-1: 877
sg1-95-1: 865
sg1-97-1: 912
sg1-99-1: 835
sg2-1-1: 933
sg2-1-2: 787
sg2-3-1: 871
sg2-3-2: 813
sg2-4-1: 932
sg2-4-2: 899
sg2-6-1: 965
sg2-6-2: 1014
sg2-7-1: 942
sg2-7-2: 899
sg2-8-1: 815
sg2-8-2: 923
sg3-10-1: 796
sg3-2-1: 941
sg3-3-1: 824
sg3-4-1: 794
sg3-6-1: 853
sg3-7-1: 814
sg3-8-1: 1000
sg3-9-1: 969

# samples per stage
0: 18096
1: 10902
2: 25149
3: 15812
4: 10477
[2024-10-04 01:35:31,215][INFO][data_loaders:43] - class distribution after data reduction:
# samples per subject
sg1-37-1: 79794

# samples per stage
0: 19602
1: 11880
2: 24750
3: 11781
4: 11781
[2024-10-04 01:35:31,242][INFO][base_pretraining_fe:55] - Loading model from exp006b-m6-simple_multi_class-2024-09-20_13-58-02-final.pth
[2024-10-04 01:35:31,715][INFO][data_loaders:39] - class distribution before data reduction:
# samples per subject
sg1-21-1: 1054
sg1-24-1: 830
sg1-30-1: 882
sg1-4-1: 963
sg1-55-1: 879
sg1-57-1: 1007
sg1-70-1: 893
sg1-87-1: 926

# samples per stage
0: 1560
1: 831
2: 2431
3: 1417
4: 1195
[2024-10-04 01:35:31,732][INFO][data_loaders:43] - class distribution after data reduction:
# samples per subject
sg1-21-1: 1054
sg1-24-1: 830
sg1-30-1: 882
sg1-4-1: 963
sg1-55-1: 879
sg1-57-1: 1007
sg1-70-1: 893
sg1-87-1: 926

# samples per stage
0: 1560
1: 831
2: 2431
3: 1417
4: 1195
[2024-10-04 01:35:31,758][INFO][clas_trainer:49] - metrics before training (epoch 0):
[2024-10-04 01:35:58,921][INFO][clas_evaluator:132] - dataset: earlystopping, avg f1-score: 0.2422
[2024-10-04 01:36:25,518][INFO][clas_trainer:133] - train epoch: 1 [7936/79794 (10%)], lr: ['1.00e-04', '1.00e-04'], loss: 0.215968
[2024-10-04 01:36:51,953][INFO][clas_trainer:133] - train epoch: 1 [15904/79794 (20%)], lr: ['1.00e-04', '1.00e-04'], loss: 0.793712
[2024-10-04 01:37:18,230][INFO][clas_trainer:133] - train epoch: 1 [23872/79794 (30%)], lr: ['1.00e-04', '1.00e-04'], loss: 0.831062
[2024-10-04 01:37:43,807][INFO][clas_trainer:133] - train epoch: 1 [31840/79794 (40%)], lr: ['1.00e-04', '1.00e-04'], loss: 0.516206
[2024-10-04 01:38:09,672][INFO][clas_trainer:133] - train epoch: 1 [39808/79794 (50%)], lr: ['1.00e-04', '1.00e-04'], loss: 0.172170
[2024-10-04 01:38:35,559][INFO][clas_trainer:133] - train epoch: 1 [47776/79794 (60%)], lr: ['1.00e-04', '1.00e-04'], loss: 0.207406
[2024-10-04 01:39:01,894][INFO][clas_trainer:133] - train epoch: 1 [55744/79794 (70%)], lr: ['1.00e-04', '1.00e-04'], loss: 0.166233
[2024-10-04 01:39:27,461][INFO][clas_trainer:133] - train epoch: 1 [63712/79794 (80%)], lr: ['1.00e-04', '1.00e-04'], loss: 0.269091
[2024-10-04 01:39:53,897][INFO][clas_trainer:133] - train epoch: 1 [71680/79794 (90%)], lr: ['1.00e-04', '1.00e-04'], loss: 0.159609
[2024-10-04 01:40:19,248][INFO][clas_trainer:133] - train epoch: 1 [79648/79794 (100%)], lr: ['1.00e-04', '1.00e-04'], loss: 0.124275
[2024-10-04 01:40:47,779][INFO][clas_trainer:63] - [epoch   1] execution time: 288.86s	metrics:
[2024-10-04 01:40:47,780][INFO][clas_evaluator:132] - dataset: earlystopping, avg f1-score: 0.6774
[2024-10-04 01:40:47,821][INFO][base_model:51] - snapshot saved to XXX/frequency-pretraining/models/exp006c-m150-base_fe_clas-2024-10-03_20-03-43-final.pth
[2024-10-04 01:41:14,272][INFO][clas_trainer:133] - train epoch: 2 [7936/79794 (10%)], lr: ['1.00e-04', '1.00e-04'], loss: 0.061901
[2024-10-04 01:41:39,621][INFO][clas_trainer:133] - train epoch: 2 [15904/79794 (20%)], lr: ['1.00e-04', '1.00e-04'], loss: 0.262600
[2024-10-04 01:42:05,327][INFO][clas_trainer:133] - train epoch: 2 [23872/79794 (30%)], lr: ['1.00e-04', '1.00e-04'], loss: 0.010868
[2024-10-04 01:42:31,293][INFO][clas_trainer:133] - train epoch: 2 [31840/79794 (40%)], lr: ['1.00e-04', '1.00e-04'], loss: 0.043554
[2024-10-04 01:42:56,712][INFO][clas_trainer:133] - train epoch: 2 [39808/79794 (50%)], lr: ['1.00e-04', '1.00e-04'], loss: 0.235529
[2024-10-04 01:43:21,991][INFO][clas_trainer:133] - train epoch: 2 [47776/79794 (60%)], lr: ['1.00e-04', '1.00e-04'], loss: 0.139733
[2024-10-04 01:43:47,021][INFO][clas_trainer:133] - train epoch: 2 [55744/79794 (70%)], lr: ['1.00e-04', '1.00e-04'], loss: 0.041730
[2024-10-04 01:44:13,575][INFO][clas_trainer:133] - train epoch: 2 [63712/79794 (80%)], lr: ['1.00e-04', '1.00e-04'], loss: 0.143344
[2024-10-04 01:44:39,440][INFO][clas_trainer:133] - train epoch: 2 [71680/79794 (90%)], lr: ['1.00e-04', '1.00e-04'], loss: 0.009917
[2024-10-04 01:45:04,915][INFO][clas_trainer:133] - train epoch: 2 [79648/79794 (100%)], lr: ['1.00e-04', '1.00e-04'], loss: 0.028053
[2024-10-04 01:45:34,920][INFO][clas_trainer:63] - [epoch   2] execution time: 287.10s	metrics:
[2024-10-04 01:45:34,921][INFO][clas_evaluator:132] - dataset: earlystopping, avg f1-score: 0.6867
[2024-10-04 01:45:34,960][INFO][base_model:51] - snapshot saved to XXX/frequency-pretraining/models/exp006c-m150-base_fe_clas-2024-10-03_20-03-43-final.pth
[2024-10-04 01:46:02,283][INFO][clas_trainer:133] - train epoch: 3 [7936/79794 (10%)], lr: ['1.00e-04', '1.00e-04'], loss: 0.010061
[2024-10-04 01:46:27,244][INFO][clas_trainer:133] - train epoch: 3 [15904/79794 (20%)], lr: ['1.00e-04', '1.00e-04'], loss: 0.001115
[2024-10-04 01:46:53,178][INFO][clas_trainer:133] - train epoch: 3 [23872/79794 (30%)], lr: ['1.00e-04', '1.00e-04'], loss: 0.002644
[2024-10-04 01:47:17,825][INFO][clas_trainer:133] - train epoch: 3 [31840/79794 (40%)], lr: ['1.00e-04', '1.00e-04'], loss: 0.133110
[2024-10-04 01:47:42,373][INFO][clas_trainer:133] - train epoch: 3 [39808/79794 (50%)], lr: ['1.00e-04', '1.00e-04'], loss: 0.007481
[2024-10-04 01:48:07,443][INFO][clas_trainer:133] - train epoch: 3 [47776/79794 (60%)], lr: ['1.00e-04', '1.00e-04'], loss: 0.002305
[2024-10-04 01:48:32,798][INFO][clas_trainer:133] - train epoch: 3 [55744/79794 (70%)], lr: ['1.00e-04', '1.00e-04'], loss: 0.003915
[2024-10-04 01:48:57,103][INFO][clas_trainer:133] - train epoch: 3 [63712/79794 (80%)], lr: ['1.00e-04', '1.00e-04'], loss: 0.199557
[2024-10-04 01:49:21,911][INFO][clas_trainer:133] - train epoch: 3 [71680/79794 (90%)], lr: ['1.00e-04', '1.00e-04'], loss: 0.000604
[2024-10-04 01:49:47,427][INFO][clas_trainer:133] - train epoch: 3 [79648/79794 (100%)], lr: ['1.00e-04', '1.00e-04'], loss: 0.032029
[2024-10-04 01:50:15,347][INFO][clas_trainer:63] - [epoch   3] execution time: 280.39s	metrics:
[2024-10-04 01:50:15,347][INFO][clas_evaluator:132] - dataset: earlystopping, avg f1-score: 0.6764
[2024-10-04 01:50:40,425][INFO][clas_trainer:133] - train epoch: 4 [7936/79794 (10%)], lr: ['1.00e-04', '1.00e-04'], loss: 0.032402
[2024-10-04 01:51:05,276][INFO][clas_trainer:133] - train epoch: 4 [15904/79794 (20%)], lr: ['1.00e-04', '1.00e-04'], loss: 0.011763
[2024-10-04 01:51:29,197][INFO][clas_trainer:133] - train epoch: 4 [23872/79794 (30%)], lr: ['1.00e-04', '1.00e-04'], loss: 0.000635
[2024-10-04 01:51:53,959][INFO][clas_trainer:133] - train epoch: 4 [31840/79794 (40%)], lr: ['1.00e-04', '1.00e-04'], loss: 0.009387
[2024-10-04 01:52:17,859][INFO][clas_trainer:133] - train epoch: 4 [39808/79794 (50%)], lr: ['1.00e-04', '1.00e-04'], loss: 0.002048
[2024-10-04 01:52:43,431][INFO][clas_trainer:133] - train epoch: 4 [47776/79794 (60%)], lr: ['1.00e-04', '1.00e-04'], loss: 0.001187
[2024-10-04 01:53:08,220][INFO][clas_trainer:133] - train epoch: 4 [55744/79794 (70%)], lr: ['1.00e-04', '1.00e-04'], loss: 0.015498
[2024-10-04 01:53:31,572][INFO][clas_trainer:133] - train epoch: 4 [63712/79794 (80%)], lr: ['1.00e-04', '1.00e-04'], loss: 0.000222
[2024-10-04 01:53:56,073][INFO][clas_trainer:133] - train epoch: 4 [71680/79794 (90%)], lr: ['1.00e-04', '1.00e-04'], loss: 0.007940
[2024-10-04 01:54:20,771][INFO][clas_trainer:133] - train epoch: 4 [79648/79794 (100%)], lr: ['1.00e-04', '1.00e-04'], loss: 0.063794
[2024-10-04 01:54:46,824][INFO][clas_trainer:63] - [epoch   4] execution time: 271.48s	metrics:
[2024-10-04 01:54:46,824][INFO][clas_evaluator:132] - dataset: earlystopping, avg f1-score: 0.6715
[2024-10-04 01:55:11,582][INFO][clas_trainer:133] - train epoch: 5 [7936/79794 (10%)], lr: ['1.00e-04', '1.00e-04'], loss: 0.007107
[2024-10-04 01:55:35,835][INFO][clas_trainer:133] - train epoch: 5 [15904/79794 (20%)], lr: ['1.00e-04', '1.00e-04'], loss: 0.000395
[2024-10-04 01:56:01,016][INFO][clas_trainer:133] - train epoch: 5 [23872/79794 (30%)], lr: ['1.00e-04', '1.00e-04'], loss: 0.076170
[2024-10-04 01:56:25,704][INFO][clas_trainer:133] - train epoch: 5 [31840/79794 (40%)], lr: ['1.00e-04', '1.00e-04'], loss: 0.001622
[2024-10-04 01:56:49,485][INFO][clas_trainer:133] - train epoch: 5 [39808/79794 (50%)], lr: ['1.00e-04', '1.00e-04'], loss: 0.001617
[2024-10-04 01:57:14,386][INFO][clas_trainer:133] - train epoch: 5 [47776/79794 (60%)], lr: ['1.00e-04', '1.00e-04'], loss: 0.003870
[2024-10-04 01:57:38,618][INFO][clas_trainer:133] - train epoch: 5 [55744/79794 (70%)], lr: ['1.00e-04', '1.00e-04'], loss: 0.002098
[2024-10-04 01:58:03,322][INFO][clas_trainer:133] - train epoch: 5 [63712/79794 (80%)], lr: ['1.00e-04', '1.00e-04'], loss: 0.001718
[2024-10-04 01:58:26,942][INFO][clas_trainer:133] - train epoch: 5 [71680/79794 (90%)], lr: ['1.00e-04', '1.00e-04'], loss: 0.000356
[2024-10-04 01:58:51,011][INFO][clas_trainer:133] - train epoch: 5 [79648/79794 (100%)], lr: ['1.00e-04', '1.00e-04'], loss: 0.006730
[2024-10-04 01:59:17,070][INFO][clas_trainer:63] - [epoch   5] execution time: 270.25s	metrics:
[2024-10-04 01:59:17,071][INFO][clas_evaluator:132] - dataset: earlystopping, avg f1-score: 0.6607
[2024-10-04 01:59:43,401][INFO][clas_trainer:133] - train epoch: 6 [7936/79794 (10%)], lr: ['1.00e-04', '1.00e-04'], loss: 0.000998
[2024-10-04 02:00:08,688][INFO][clas_trainer:133] - train epoch: 6 [15904/79794 (20%)], lr: ['1.00e-04', '1.00e-04'], loss: 0.000440
[2024-10-04 02:00:33,631][INFO][clas_trainer:133] - train epoch: 6 [23872/79794 (30%)], lr: ['1.00e-04', '1.00e-04'], loss: 0.000576
[2024-10-04 02:00:58,731][INFO][clas_trainer:133] - train epoch: 6 [31840/79794 (40%)], lr: ['1.00e-04', '1.00e-04'], loss: 0.000386
[2024-10-04 02:01:23,873][INFO][clas_trainer:133] - train epoch: 6 [39808/79794 (50%)], lr: ['1.00e-04', '1.00e-04'], loss: 0.044954
[2024-10-04 02:01:49,599][INFO][clas_trainer:133] - train epoch: 6 [47776/79794 (60%)], lr: ['1.00e-04', '1.00e-04'], loss: 0.002691
[2024-10-04 02:02:15,289][INFO][clas_trainer:133] - train epoch: 6 [55744/79794 (70%)], lr: ['1.00e-04', '1.00e-04'], loss: 0.004652
[2024-10-04 02:02:41,107][INFO][clas_trainer:133] - train epoch: 6 [63712/79794 (80%)], lr: ['1.00e-04', '1.00e-04'], loss: 0.033800
[2024-10-04 02:03:07,970][INFO][clas_trainer:133] - train epoch: 6 [71680/79794 (90%)], lr: ['1.00e-04', '1.00e-04'], loss: 0.001075
[2024-10-04 02:03:32,810][INFO][clas_trainer:133] - train epoch: 6 [79648/79794 (100%)], lr: ['1.00e-04', '1.00e-04'], loss: 0.001403
[2024-10-04 02:04:01,959][INFO][clas_trainer:63] - [epoch   6] execution time: 284.89s	metrics:
[2024-10-04 02:04:01,959][INFO][clas_evaluator:132] - dataset: earlystopping, avg f1-score: 0.6761
[2024-10-04 02:04:29,404][INFO][clas_trainer:133] - train epoch: 7 [7936/79794 (10%)], lr: ['1.00e-04', '1.00e-04'], loss: 0.002718
[2024-10-04 02:04:55,496][INFO][clas_trainer:133] - train epoch: 7 [15904/79794 (20%)], lr: ['1.00e-04', '1.00e-04'], loss: 0.007261
[2024-10-04 02:05:20,404][INFO][clas_trainer:133] - train epoch: 7 [23872/79794 (30%)], lr: ['1.00e-04', '1.00e-04'], loss: 0.003095
[2024-10-04 02:05:47,235][INFO][clas_trainer:133] - train epoch: 7 [31840/79794 (40%)], lr: ['1.00e-04', '1.00e-04'], loss: 0.003200
[2024-10-04 02:06:11,454][INFO][clas_trainer:133] - train epoch: 7 [39808/79794 (50%)], lr: ['1.00e-04', '1.00e-04'], loss: 0.002278
[2024-10-04 02:06:36,195][INFO][clas_trainer:133] - train epoch: 7 [47776/79794 (60%)], lr: ['1.00e-04', '1.00e-04'], loss: 0.000941
[2024-10-04 02:07:00,583][INFO][clas_trainer:133] - train epoch: 7 [55744/79794 (70%)], lr: ['1.00e-04', '1.00e-04'], loss: 0.006282
[2024-10-04 02:07:24,430][INFO][clas_trainer:133] - train epoch: 7 [63712/79794 (80%)], lr: ['1.00e-04', '1.00e-04'], loss: 0.001102
[2024-10-04 02:07:49,886][INFO][clas_trainer:133] - train epoch: 7 [71680/79794 (90%)], lr: ['1.00e-04', '1.00e-04'], loss: 0.000502
[2024-10-04 02:08:16,100][INFO][clas_trainer:133] - train epoch: 7 [79648/79794 (100%)], lr: ['1.00e-04', '1.00e-04'], loss: 0.004342
[2024-10-04 02:08:43,321][INFO][clas_trainer:63] - [epoch   7] execution time: 281.36s	metrics:
[2024-10-04 02:08:43,322][INFO][clas_evaluator:132] - dataset: earlystopping, avg f1-score: 0.6840
[2024-10-04 02:09:09,524][INFO][clas_trainer:133] - train epoch: 8 [7936/79794 (10%)], lr: ['1.00e-04', '1.00e-04'], loss: 0.002769
[2024-10-04 02:09:33,774][INFO][clas_trainer:133] - train epoch: 8 [15904/79794 (20%)], lr: ['1.00e-04', '1.00e-04'], loss: 0.003041
[2024-10-04 02:09:57,023][INFO][clas_trainer:133] - train epoch: 8 [23872/79794 (30%)], lr: ['1.00e-04', '1.00e-04'], loss: 0.007505
[2024-10-04 02:10:21,790][INFO][clas_trainer:133] - train epoch: 8 [31840/79794 (40%)], lr: ['1.00e-04', '1.00e-04'], loss: 0.004708
[2024-10-04 02:10:46,261][INFO][clas_trainer:133] - train epoch: 8 [39808/79794 (50%)], lr: ['1.00e-04', '1.00e-04'], loss: 0.000751
[2024-10-04 02:11:10,808][INFO][clas_trainer:133] - train epoch: 8 [47776/79794 (60%)], lr: ['1.00e-04', '1.00e-04'], loss: 0.000132
[2024-10-04 02:11:35,014][INFO][clas_trainer:133] - train epoch: 8 [55744/79794 (70%)], lr: ['1.00e-04', '1.00e-04'], loss: 0.000209
[2024-10-04 02:11:59,343][INFO][clas_trainer:133] - train epoch: 8 [63712/79794 (80%)], lr: ['1.00e-04', '1.00e-04'], loss: 0.003923
[2024-10-04 02:12:25,193][INFO][clas_trainer:133] - train epoch: 8 [71680/79794 (90%)], lr: ['1.00e-04', '1.00e-04'], loss: 0.050300
[2024-10-04 02:12:49,680][INFO][clas_trainer:133] - train epoch: 8 [79648/79794 (100%)], lr: ['1.00e-04', '1.00e-04'], loss: 0.000964
[2024-10-04 02:13:17,994][INFO][clas_trainer:63] - [epoch   8] execution time: 274.67s	metrics:
[2024-10-04 02:13:17,995][INFO][clas_evaluator:132] - dataset: earlystopping, avg f1-score: 0.6967
[2024-10-04 02:13:18,026][INFO][base_model:51] - snapshot saved to XXX/frequency-pretraining/models/exp006c-m150-base_fe_clas-2024-10-03_20-03-43-final.pth
[2024-10-04 02:13:44,321][INFO][clas_trainer:133] - train epoch: 9 [7936/79794 (10%)], lr: ['1.00e-04', '1.00e-04'], loss: 0.000725
[2024-10-04 02:14:08,495][INFO][clas_trainer:133] - train epoch: 9 [15904/79794 (20%)], lr: ['1.00e-04', '1.00e-04'], loss: 0.000331
[2024-10-04 02:14:31,488][INFO][clas_trainer:133] - train epoch: 9 [23872/79794 (30%)], lr: ['1.00e-04', '1.00e-04'], loss: 0.003518
[2024-10-04 02:14:54,984][INFO][clas_trainer:133] - train epoch: 9 [31840/79794 (40%)], lr: ['1.00e-04', '1.00e-04'], loss: 0.002947
[2024-10-04 02:15:20,182][INFO][clas_trainer:133] - train epoch: 9 [39808/79794 (50%)], lr: ['1.00e-04', '1.00e-04'], loss: 0.000652
[2024-10-04 02:15:44,572][INFO][clas_trainer:133] - train epoch: 9 [47776/79794 (60%)], lr: ['1.00e-04', '1.00e-04'], loss: 0.030456
[2024-10-04 02:16:08,664][INFO][clas_trainer:133] - train epoch: 9 [55744/79794 (70%)], lr: ['1.00e-04', '1.00e-04'], loss: 0.001321
[2024-10-04 02:16:32,949][INFO][clas_trainer:133] - train epoch: 9 [63712/79794 (80%)], lr: ['1.00e-04', '1.00e-04'], loss: 0.000464
[2024-10-04 02:16:58,509][INFO][clas_trainer:133] - train epoch: 9 [71680/79794 (90%)], lr: ['1.00e-04', '1.00e-04'], loss: 0.003788
[2024-10-04 02:17:23,132][INFO][clas_trainer:133] - train epoch: 9 [79648/79794 (100%)], lr: ['1.00e-04', '1.00e-04'], loss: 0.001748
[2024-10-04 02:17:51,705][INFO][clas_trainer:63] - [epoch   9] execution time: 273.68s	metrics:
[2024-10-04 02:17:51,706][INFO][clas_evaluator:132] - dataset: earlystopping, avg f1-score: 0.6707
[2024-10-04 02:18:17,792][INFO][clas_trainer:133] - train epoch: 10 [7936/79794 (10%)], lr: ['1.00e-04', '1.00e-04'], loss: 0.001376
[2024-10-04 02:18:43,592][INFO][clas_trainer:133] - train epoch: 10 [15904/79794 (20%)], lr: ['1.00e-04', '1.00e-04'], loss: 0.000486
[2024-10-04 02:19:08,722][INFO][clas_trainer:133] - train epoch: 10 [23872/79794 (30%)], lr: ['1.00e-04', '1.00e-04'], loss: 0.001548
[2024-10-04 02:19:32,390][INFO][clas_trainer:133] - train epoch: 10 [31840/79794 (40%)], lr: ['1.00e-04', '1.00e-04'], loss: 0.000314
[2024-10-04 02:19:55,401][INFO][clas_trainer:133] - train epoch: 10 [39808/79794 (50%)], lr: ['1.00e-04', '1.00e-04'], loss: 0.003056
[2024-10-04 02:20:18,712][INFO][clas_trainer:133] - train epoch: 10 [47776/79794 (60%)], lr: ['1.00e-04', '1.00e-04'], loss: 0.001444
[2024-10-04 02:20:43,783][INFO][clas_trainer:133] - train epoch: 10 [55744/79794 (70%)], lr: ['1.00e-04', '1.00e-04'], loss: 0.002011
[2024-10-04 02:21:07,070][INFO][clas_trainer:133] - train epoch: 10 [63712/79794 (80%)], lr: ['1.00e-04', '1.00e-04'], loss: 0.012294
[2024-10-04 02:21:29,679][INFO][clas_trainer:133] - train epoch: 10 [71680/79794 (90%)], lr: ['1.00e-04', '1.00e-04'], loss: 0.008397
[2024-10-04 02:21:52,759][INFO][clas_trainer:133] - train epoch: 10 [79648/79794 (100%)], lr: ['1.00e-04', '1.00e-04'], loss: 0.002636
[2024-10-04 02:22:19,669][INFO][clas_trainer:63] - [epoch  10] execution time: 267.96s	metrics:
[2024-10-04 02:22:19,670][INFO][clas_evaluator:132] - dataset: earlystopping, avg f1-score: 0.6534
[2024-10-04 02:22:45,100][INFO][clas_trainer:133] - train epoch: 11 [7936/79794 (10%)], lr: ['1.00e-04', '1.00e-04'], loss: 0.000282
[2024-10-04 02:23:10,353][INFO][clas_trainer:133] - train epoch: 11 [15904/79794 (20%)], lr: ['1.00e-04', '1.00e-04'], loss: 0.000540
[2024-10-04 02:23:34,962][INFO][clas_trainer:133] - train epoch: 11 [23872/79794 (30%)], lr: ['1.00e-04', '1.00e-04'], loss: 0.003528
[2024-10-04 02:23:58,501][INFO][clas_trainer:133] - train epoch: 11 [31840/79794 (40%)], lr: ['1.00e-04', '1.00e-04'], loss: 0.000726
[2024-10-04 02:24:21,784][INFO][clas_trainer:133] - train epoch: 11 [39808/79794 (50%)], lr: ['1.00e-04', '1.00e-04'], loss: 0.011439
[2024-10-04 02:24:45,047][INFO][clas_trainer:133] - train epoch: 11 [47776/79794 (60%)], lr: ['1.00e-04', '1.00e-04'], loss: 0.002651
[2024-10-04 02:25:10,208][INFO][clas_trainer:133] - train epoch: 11 [55744/79794 (70%)], lr: ['1.00e-04', '1.00e-04'], loss: 0.000303
[2024-10-04 02:25:35,518][INFO][clas_trainer:133] - train epoch: 11 [63712/79794 (80%)], lr: ['1.00e-04', '1.00e-04'], loss: 0.002326
[2024-10-04 02:26:00,267][INFO][clas_trainer:133] - train epoch: 11 [71680/79794 (90%)], lr: ['1.00e-04', '1.00e-04'], loss: 0.001485
[2024-10-04 02:26:26,078][INFO][clas_trainer:133] - train epoch: 11 [79648/79794 (100%)], lr: ['1.00e-04', '1.00e-04'], loss: 0.021892
[2024-10-04 02:26:53,845][INFO][clas_trainer:63] - [epoch  11] execution time: 274.18s	metrics:
[2024-10-04 02:26:53,846][INFO][clas_evaluator:132] - dataset: earlystopping, avg f1-score: 0.6835
[2024-10-04 02:27:19,995][INFO][clas_trainer:133] - train epoch: 12 [7936/79794 (10%)], lr: ['1.00e-04', '1.00e-04'], loss: 0.000422
[2024-10-04 02:27:45,896][INFO][clas_trainer:133] - train epoch: 12 [15904/79794 (20%)], lr: ['1.00e-04', '1.00e-04'], loss: 0.009564
[2024-10-04 02:28:10,837][INFO][clas_trainer:133] - train epoch: 12 [23872/79794 (30%)], lr: ['1.00e-04', '1.00e-04'], loss: 0.000554
[2024-10-04 02:28:36,271][INFO][clas_trainer:133] - train epoch: 12 [31840/79794 (40%)], lr: ['1.00e-04', '1.00e-04'], loss: 0.000386
[2024-10-04 02:29:00,557][INFO][clas_trainer:133] - train epoch: 12 [39808/79794 (50%)], lr: ['1.00e-04', '1.00e-04'], loss: 0.001514
[2024-10-04 02:29:24,708][INFO][clas_trainer:133] - train epoch: 12 [47776/79794 (60%)], lr: ['1.00e-04', '1.00e-04'], loss: 0.000899
[2024-10-04 02:29:49,974][INFO][clas_trainer:133] - train epoch: 12 [55744/79794 (70%)], lr: ['1.00e-04', '1.00e-04'], loss: 0.001588
[2024-10-04 02:30:14,776][INFO][clas_trainer:133] - train epoch: 12 [63712/79794 (80%)], lr: ['1.00e-04', '1.00e-04'], loss: 0.002981
[2024-10-04 02:30:39,018][INFO][clas_trainer:133] - train epoch: 12 [71680/79794 (90%)], lr: ['1.00e-04', '1.00e-04'], loss: 0.005749
[2024-10-04 02:31:03,858][INFO][clas_trainer:133] - train epoch: 12 [79648/79794 (100%)], lr: ['1.00e-04', '1.00e-04'], loss: 0.023125
[2024-10-04 02:31:32,741][INFO][clas_trainer:63] - [epoch  12] execution time: 278.89s	metrics:
[2024-10-04 02:31:32,741][INFO][clas_evaluator:132] - dataset: earlystopping, avg f1-score: 0.6937
[2024-10-04 02:31:58,642][INFO][clas_trainer:133] - train epoch: 13 [7936/79794 (10%)], lr: ['1.00e-04', '1.00e-04'], loss: 0.086084
[2024-10-04 02:32:23,860][INFO][clas_trainer:133] - train epoch: 13 [15904/79794 (20%)], lr: ['1.00e-04', '1.00e-04'], loss: 0.003814
[2024-10-04 02:32:47,777][INFO][clas_trainer:133] - train epoch: 13 [23872/79794 (30%)], lr: ['1.00e-04', '1.00e-04'], loss: 0.002907
[2024-10-04 02:33:11,184][INFO][clas_trainer:133] - train epoch: 13 [31840/79794 (40%)], lr: ['1.00e-04', '1.00e-04'], loss: 0.002013
[2024-10-04 02:33:36,066][INFO][clas_trainer:133] - train epoch: 13 [39808/79794 (50%)], lr: ['1.00e-04', '1.00e-04'], loss: 0.001067
[2024-10-04 02:34:00,558][INFO][clas_trainer:133] - train epoch: 13 [47776/79794 (60%)], lr: ['1.00e-04', '1.00e-04'], loss: 0.000918
[2024-10-04 02:34:25,788][INFO][clas_trainer:133] - train epoch: 13 [55744/79794 (70%)], lr: ['1.00e-04', '1.00e-04'], loss: 0.003341
[2024-10-04 02:34:49,809][INFO][clas_trainer:133] - train epoch: 13 [63712/79794 (80%)], lr: ['1.00e-04', '1.00e-04'], loss: 0.001074
[2024-10-04 02:35:13,618][INFO][clas_trainer:133] - train epoch: 13 [71680/79794 (90%)], lr: ['1.00e-04', '1.00e-04'], loss: 0.001404
[2024-10-04 02:35:37,979][INFO][clas_trainer:133] - train epoch: 13 [79648/79794 (100%)], lr: ['1.00e-04', '1.00e-04'], loss: 0.005485
[2024-10-04 02:36:04,359][INFO][clas_trainer:63] - [epoch  13] execution time: 271.62s	metrics:
[2024-10-04 02:36:04,360][INFO][clas_evaluator:132] - dataset: earlystopping, avg f1-score: 0.6603
[2024-10-04 02:36:29,368][INFO][clas_trainer:133] - train epoch: 14 [7936/79794 (10%)], lr: ['1.00e-04', '1.00e-04'], loss: 0.000557
[2024-10-04 02:36:53,876][INFO][clas_trainer:133] - train epoch: 14 [15904/79794 (20%)], lr: ['1.00e-04', '1.00e-04'], loss: 0.011473
[2024-10-04 02:37:16,589][INFO][clas_trainer:133] - train epoch: 14 [23872/79794 (30%)], lr: ['1.00e-04', '1.00e-04'], loss: 0.021414
[2024-10-04 02:37:40,389][INFO][clas_trainer:133] - train epoch: 14 [31840/79794 (40%)], lr: ['1.00e-04', '1.00e-04'], loss: 0.000533
[2024-10-04 02:38:03,256][INFO][clas_trainer:133] - train epoch: 14 [39808/79794 (50%)], lr: ['1.00e-04', '1.00e-04'], loss: 0.000675
[2024-10-04 02:38:27,305][INFO][clas_trainer:133] - train epoch: 14 [47776/79794 (60%)], lr: ['1.00e-04', '1.00e-04'], loss: 0.002871
[2024-10-04 02:38:52,427][INFO][clas_trainer:133] - train epoch: 14 [55744/79794 (70%)], lr: ['1.00e-04', '1.00e-04'], loss: 0.000459
[2024-10-04 02:39:15,462][INFO][clas_trainer:133] - train epoch: 14 [63712/79794 (80%)], lr: ['1.00e-04', '1.00e-04'], loss: 0.003372
[2024-10-04 02:39:39,443][INFO][clas_trainer:133] - train epoch: 14 [71680/79794 (90%)], lr: ['1.00e-04', '1.00e-04'], loss: 0.002328
[2024-10-04 02:40:04,433][INFO][clas_trainer:133] - train epoch: 14 [79648/79794 (100%)], lr: ['1.00e-04', '1.00e-04'], loss: 0.001802
[2024-10-04 02:40:31,022][INFO][clas_trainer:63] - [epoch  14] execution time: 266.66s	metrics:
[2024-10-04 02:40:31,022][INFO][clas_evaluator:132] - dataset: earlystopping, avg f1-score: 0.6751
[2024-10-04 02:40:56,352][INFO][clas_trainer:133] - train epoch: 15 [7936/79794 (10%)], lr: ['1.00e-04', '1.00e-04'], loss: 0.001967
[2024-10-04 02:41:19,621][INFO][clas_trainer:133] - train epoch: 15 [15904/79794 (20%)], lr: ['1.00e-04', '1.00e-04'], loss: 0.000390
[2024-10-04 02:41:43,053][INFO][clas_trainer:133] - train epoch: 15 [23872/79794 (30%)], lr: ['1.00e-04', '1.00e-04'], loss: 0.003077
[2024-10-04 02:42:06,718][INFO][clas_trainer:133] - train epoch: 15 [31840/79794 (40%)], lr: ['1.00e-04', '1.00e-04'], loss: 0.001424
[2024-10-04 02:42:30,252][INFO][clas_trainer:133] - train epoch: 15 [39808/79794 (50%)], lr: ['1.00e-04', '1.00e-04'], loss: 0.000837
[2024-10-04 02:42:53,386][INFO][clas_trainer:133] - train epoch: 15 [47776/79794 (60%)], lr: ['1.00e-04', '1.00e-04'], loss: 0.001554
[2024-10-04 02:43:18,573][INFO][clas_trainer:133] - train epoch: 15 [55744/79794 (70%)], lr: ['1.00e-04', '1.00e-04'], loss: 0.003768
[2024-10-04 02:43:43,693][INFO][clas_trainer:133] - train epoch: 15 [63712/79794 (80%)], lr: ['1.00e-04', '1.00e-04'], loss: 0.067872
[2024-10-04 02:44:07,886][INFO][clas_trainer:133] - train epoch: 15 [71680/79794 (90%)], lr: ['1.00e-04', '1.00e-04'], loss: 0.001284
[2024-10-04 02:44:32,596][INFO][clas_trainer:133] - train epoch: 15 [79648/79794 (100%)], lr: ['1.00e-04', '1.00e-04'], loss: 0.000515
[2024-10-04 02:45:00,832][INFO][clas_trainer:63] - [epoch  15] execution time: 269.81s	metrics:
[2024-10-04 02:45:00,833][INFO][clas_evaluator:132] - dataset: earlystopping, avg f1-score: 0.6492
[2024-10-04 02:45:25,389][INFO][clas_trainer:133] - train epoch: 16 [7936/79794 (10%)], lr: ['1.00e-04', '1.00e-04'], loss: 0.000524
[2024-10-04 02:45:49,451][INFO][clas_trainer:133] - train epoch: 16 [15904/79794 (20%)], lr: ['1.00e-04', '1.00e-04'], loss: 0.001118
[2024-10-04 02:46:13,891][INFO][clas_trainer:133] - train epoch: 16 [23872/79794 (30%)], lr: ['1.00e-04', '1.00e-04'], loss: 0.003824
[2024-10-04 02:46:37,745][INFO][clas_trainer:133] - train epoch: 16 [31840/79794 (40%)], lr: ['1.00e-04', '1.00e-04'], loss: 0.000620
[2024-10-04 02:47:01,704][INFO][clas_trainer:133] - train epoch: 16 [39808/79794 (50%)], lr: ['1.00e-04', '1.00e-04'], loss: 0.001478
[2024-10-04 02:47:26,645][INFO][clas_trainer:133] - train epoch: 16 [47776/79794 (60%)], lr: ['1.00e-04', '1.00e-04'], loss: 0.001418
[2024-10-04 02:47:49,681][INFO][clas_trainer:133] - train epoch: 16 [55744/79794 (70%)], lr: ['1.00e-04', '1.00e-04'], loss: 0.010849
[2024-10-04 02:48:12,233][INFO][clas_trainer:133] - train epoch: 16 [63712/79794 (80%)], lr: ['1.00e-04', '1.00e-04'], loss: 0.003744
[2024-10-04 02:48:36,896][INFO][clas_trainer:133] - train epoch: 16 [71680/79794 (90%)], lr: ['1.00e-04', '1.00e-04'], loss: 0.003490
[2024-10-04 02:48:59,921][INFO][clas_trainer:133] - train epoch: 16 [79648/79794 (100%)], lr: ['1.00e-04', '1.00e-04'], loss: 0.001297
[2024-10-04 02:49:25,323][INFO][clas_trainer:63] - [epoch  16] execution time: 264.49s	metrics:
[2024-10-04 02:49:25,324][INFO][clas_evaluator:132] - dataset: earlystopping, avg f1-score: 0.6685
[2024-10-04 02:49:51,399][INFO][clas_trainer:133] - train epoch: 17 [7936/79794 (10%)], lr: ['1.00e-04', '1.00e-04'], loss: 0.004797
[2024-10-04 02:50:15,108][INFO][clas_trainer:133] - train epoch: 17 [15904/79794 (20%)], lr: ['1.00e-04', '1.00e-04'], loss: 0.000403
[2024-10-04 02:50:38,560][INFO][clas_trainer:133] - train epoch: 17 [23872/79794 (30%)], lr: ['1.00e-04', '1.00e-04'], loss: 0.005052
[2024-10-04 02:51:02,418][INFO][clas_trainer:133] - train epoch: 17 [31840/79794 (40%)], lr: ['1.00e-04', '1.00e-04'], loss: 0.007089
[2024-10-04 02:51:25,324][INFO][clas_trainer:133] - train epoch: 17 [39808/79794 (50%)], lr: ['1.00e-04', '1.00e-04'], loss: 0.006400
[2024-10-04 02:51:49,728][INFO][clas_trainer:133] - train epoch: 17 [47776/79794 (60%)], lr: ['1.00e-04', '1.00e-04'], loss: 0.005579
[2024-10-04 02:52:13,756][INFO][clas_trainer:133] - train epoch: 17 [55744/79794 (70%)], lr: ['1.00e-04', '1.00e-04'], loss: 0.001307
[2024-10-04 02:52:36,903][INFO][clas_trainer:133] - train epoch: 17 [63712/79794 (80%)], lr: ['1.00e-04', '1.00e-04'], loss: 0.027365
[2024-10-04 02:52:59,328][INFO][clas_trainer:133] - train epoch: 17 [71680/79794 (90%)], lr: ['1.00e-04', '1.00e-04'], loss: 0.000679
[2024-10-04 02:53:22,536][INFO][clas_trainer:133] - train epoch: 17 [79648/79794 (100%)], lr: ['1.00e-04', '1.00e-04'], loss: 0.001966
[2024-10-04 02:53:47,492][INFO][clas_trainer:63] - [epoch  17] execution time: 262.17s	metrics:
[2024-10-04 02:53:47,493][INFO][clas_evaluator:132] - dataset: earlystopping, avg f1-score: 0.6572
[2024-10-04 02:54:12,792][INFO][clas_trainer:133] - train epoch: 18 [7936/79794 (10%)], lr: ['1.00e-04', '1.00e-04'], loss: 0.001353
[2024-10-04 02:54:38,007][INFO][clas_trainer:133] - train epoch: 18 [15904/79794 (20%)], lr: ['1.00e-04', '1.00e-04'], loss: 0.003557
[2024-10-04 02:55:02,394][INFO][clas_trainer:133] - train epoch: 18 [23872/79794 (30%)], lr: ['1.00e-04', '1.00e-04'], loss: 0.023118
[2024-10-04 02:55:27,048][INFO][clas_trainer:133] - train epoch: 18 [31840/79794 (40%)], lr: ['1.00e-04', '1.00e-04'], loss: 0.001103
[2024-10-04 02:55:49,899][INFO][clas_trainer:133] - train epoch: 18 [39808/79794 (50%)], lr: ['1.00e-04', '1.00e-04'], loss: 0.000928
[2024-10-04 02:56:13,515][INFO][clas_trainer:133] - train epoch: 18 [47776/79794 (60%)], lr: ['1.00e-04', '1.00e-04'], loss: 0.084912
[2024-10-04 02:56:36,831][INFO][clas_trainer:133] - train epoch: 18 [55744/79794 (70%)], lr: ['1.00e-04', '1.00e-04'], loss: 0.000872
[2024-10-04 02:57:00,250][INFO][clas_trainer:133] - train epoch: 18 [63712/79794 (80%)], lr: ['1.00e-04', '1.00e-04'], loss: 0.004124
[2024-10-04 02:57:23,394][INFO][clas_trainer:133] - train epoch: 18 [71680/79794 (90%)], lr: ['1.00e-04', '1.00e-04'], loss: 0.013130
[2024-10-04 02:57:46,563][INFO][clas_trainer:133] - train epoch: 18 [79648/79794 (100%)], lr: ['1.00e-04', '1.00e-04'], loss: 0.026913
[2024-10-04 02:58:15,258][INFO][clas_trainer:63] - [epoch  18] execution time: 267.76s	metrics:
[2024-10-04 02:58:15,258][INFO][clas_evaluator:132] - dataset: earlystopping, avg f1-score: 0.6369
[2024-10-04 02:58:15,266][INFO][clas_trainer:79] - finished training
[2024-10-04 02:58:15,266][INFO][clas_trainer:80] - best model on epoch: 8 	f1-score: 0.6967
