[2024-10-04 08:46:10,838][INFO][fine-tune:25] - Using GPU 5
[2024-10-04 08:46:10,843][INFO][fine-tune:35] - overrides:
hydra:
- hydra.launcher.n_jobs=40
- hydra.mode=MULTIRUN
task:
- m_seed_path_sids={seeds:[13,13,13,13,13],path:"exp006b-m13-simple_multi_class-2024-09-20_13-58-02-final.pth",subject_ids:{isruc:$\{data.isruc.cv_5_fold.fold_4\}}}
- data.downstream.train_dataloader.dataset.data_reducer.n_epochs=50
- data.downstream.train_dataloader.dataset.data_reducer.n_subjects=4
- general.gpus=[4,5,6,7]

[2024-10-04 08:46:18,245][INFO][data_loaders:39] - class distribution before data reduction:
# samples per subject
sg1-1-1: 880
sg1-10-1: 842
sg1-12-1: 850
sg1-13-1: 882
sg1-14-1: 906
sg1-15-1: 786
sg1-16-1: 883
sg1-17-1: 851
sg1-18-1: 999
sg1-19-1: 828
sg1-2-1: 964
sg1-20-1: 950
sg1-23-1: 892
sg1-25-1: 921
sg1-26-1: 1062
sg1-27-1: 918
sg1-3-1: 943
sg1-31-1: 877
sg1-32-1: 1010
sg1-33-1: 920
sg1-34-1: 871
sg1-35-1: 788
sg1-36-1: 987
sg1-37-1: 806
sg1-38-1: 932
sg1-42-1: 812
sg1-43-1: 747
sg1-45-1: 906
sg1-47-1: 838
sg1-48-1: 981
sg1-5-1: 875
sg1-50-1: 905
sg1-52-1: 912
sg1-53-1: 910
sg1-54-1: 814
sg1-56-1: 956
sg1-58-1: 965
sg1-59-1: 942
sg1-60-1: 916
sg1-62-1: 864
sg1-63-1: 954
sg1-65-1: 1014
sg1-66-1: 845
sg1-67-1: 862
sg1-69-1: 815
sg1-7-1: 933
sg1-73-1: 997
sg1-74-1: 897
sg1-75-1: 898
sg1-76-1: 850
sg1-77-1: 805
sg1-78-1: 894
sg1-80-1: 889
sg1-81-1: 911
sg1-82-1: 882
sg1-83-1: 925
sg1-84-1: 963
sg1-85-1: 896
sg1-86-1: 964
sg1-88-1: 1002
sg1-89-1: 1036
sg1-9-1: 969
sg1-90-1: 933
sg1-91-1: 990
sg1-93-1: 870
sg1-94-1: 846
sg1-96-1: 858
sg1-97-1: 912
sg1-98-1: 899
sg1-99-1: 835
sg2-2-1: 851
sg2-2-2: 869
sg2-3-1: 871
sg2-3-2: 813
sg2-4-1: 932
sg2-4-2: 899
sg2-5-1: 815
sg2-5-2: 879
sg2-6-1: 965
sg2-6-2: 1014
sg2-7-1: 942
sg2-7-2: 899
sg2-8-1: 815
sg2-8-2: 923
sg3-1-1: 954
sg3-10-1: 796
sg3-2-1: 941
sg3-3-1: 824
sg3-5-1: 944
sg3-7-1: 814
sg3-8-1: 1000
sg3-9-1: 969

# samples per stage
0: 17791
1: 11049
2: 26746
3: 16219
4: 11159
[2024-10-04 08:46:18,767][INFO][data_loaders:43] - class distribution after data reduction:
# samples per subject
sg1-23-1: 21567
sg1-73-1: 18249
sg1-82-1: 29862
sg2-8-1: 13272

# samples per stage
0: 18249
1: 11613
2: 28203
3: 21567
4: 3318
[2024-10-04 08:46:18,793][INFO][base_pretraining_fe:55] - Loading model from exp006b-m13-simple_multi_class-2024-09-20_13-58-02-final.pth
[2024-10-04 08:46:19,322][INFO][data_loaders:39] - class distribution before data reduction:
# samples per subject
sg1-21-1: 1054
sg1-24-1: 830
sg1-4-1: 963
sg1-41-1: 974
sg1-55-1: 879
sg1-57-1: 1007
sg1-70-1: 893
sg1-79-1: 880

# samples per stage
0: 1377
1: 875
2: 2457
3: 1543
4: 1228
[2024-10-04 08:46:19,345][INFO][data_loaders:43] - class distribution after data reduction:
# samples per subject
sg1-21-1: 1054
sg1-24-1: 830
sg1-4-1: 963
sg1-41-1: 974
sg1-55-1: 879
sg1-57-1: 1007
sg1-70-1: 893
sg1-79-1: 880

# samples per stage
0: 1377
1: 875
2: 2457
3: 1543
4: 1228
[2024-10-04 08:46:19,362][INFO][clas_trainer:49] - metrics before training (epoch 0):
[2024-10-04 08:47:09,340][INFO][clas_evaluator:132] - dataset: earlystopping, avg f1-score: 0.1656
[2024-10-04 08:48:04,654][INFO][clas_trainer:133] - train epoch: 1 [8256/82950 (10%)], lr: ['1.00e-04', '1.00e-04'], loss: 0.111361
[2024-10-04 08:48:56,103][INFO][clas_trainer:133] - train epoch: 1 [16544/82950 (20%)], lr: ['1.00e-04', '1.00e-04'], loss: 0.003613
[2024-10-04 08:49:43,313][INFO][clas_trainer:133] - train epoch: 1 [24832/82950 (30%)], lr: ['1.00e-04', '1.00e-04'], loss: 0.022951
[2024-10-04 08:50:29,246][INFO][clas_trainer:133] - train epoch: 1 [33120/82950 (40%)], lr: ['1.00e-04', '1.00e-04'], loss: 0.009219
[2024-10-04 08:51:13,283][INFO][clas_trainer:133] - train epoch: 1 [41408/82950 (50%)], lr: ['1.00e-04', '1.00e-04'], loss: 0.006136
[2024-10-04 08:51:58,320][INFO][clas_trainer:133] - train epoch: 1 [49696/82950 (60%)], lr: ['1.00e-04', '1.00e-04'], loss: 0.011992
[2024-10-04 08:52:46,064][INFO][clas_trainer:133] - train epoch: 1 [57984/82950 (70%)], lr: ['1.00e-04', '1.00e-04'], loss: 0.001642
[2024-10-04 08:53:35,174][INFO][clas_trainer:133] - train epoch: 1 [66272/82950 (80%)], lr: ['1.00e-04', '1.00e-04'], loss: 0.008062
[2024-10-04 08:54:23,604][INFO][clas_trainer:133] - train epoch: 1 [74560/82950 (90%)], lr: ['1.00e-04', '1.00e-04'], loss: 0.000442
[2024-10-04 08:55:10,123][INFO][clas_trainer:133] - train epoch: 1 [82848/82950 (100%)], lr: ['1.00e-04', '1.00e-04'], loss: 0.000494
[2024-10-04 08:55:55,735][INFO][clas_trainer:63] - [epoch   1] execution time: 526.39s	metrics:
[2024-10-04 08:55:55,735][INFO][clas_evaluator:132] - dataset: earlystopping, avg f1-score: 0.4902
[2024-10-04 08:55:55,775][INFO][base_model:51] - snapshot saved to XXX/frequency-pretraining/models/exp006c-m333-base_fe_clas-2024-10-03_20-03-43-final.pth
[2024-10-04 08:56:39,804][INFO][clas_trainer:133] - train epoch: 2 [8256/82950 (10%)], lr: ['1.00e-04', '1.00e-04'], loss: 0.000042
[2024-10-04 08:57:22,401][INFO][clas_trainer:133] - train epoch: 2 [16544/82950 (20%)], lr: ['1.00e-04', '1.00e-04'], loss: 0.000282
[2024-10-04 08:58:07,326][INFO][clas_trainer:133] - train epoch: 2 [24832/82950 (30%)], lr: ['1.00e-04', '1.00e-04'], loss: 0.000296
[2024-10-04 08:58:52,882][INFO][clas_trainer:133] - train epoch: 2 [33120/82950 (40%)], lr: ['1.00e-04', '1.00e-04'], loss: 0.012124
[2024-10-04 08:59:35,501][INFO][clas_trainer:133] - train epoch: 2 [41408/82950 (50%)], lr: ['1.00e-04', '1.00e-04'], loss: 0.000040
[2024-10-04 09:00:20,416][INFO][clas_trainer:133] - train epoch: 2 [49696/82950 (60%)], lr: ['1.00e-04', '1.00e-04'], loss: 0.029956
[2024-10-04 09:01:07,328][INFO][clas_trainer:133] - train epoch: 2 [57984/82950 (70%)], lr: ['1.00e-04', '1.00e-04'], loss: 0.000094
[2024-10-04 09:01:54,592][INFO][clas_trainer:133] - train epoch: 2 [66272/82950 (80%)], lr: ['1.00e-04', '1.00e-04'], loss: 0.000057
[2024-10-04 09:02:41,436][INFO][clas_trainer:133] - train epoch: 2 [74560/82950 (90%)], lr: ['1.00e-04', '1.00e-04'], loss: 0.000572
[2024-10-04 09:03:29,269][INFO][clas_trainer:133] - train epoch: 2 [82848/82950 (100%)], lr: ['1.00e-04', '1.00e-04'], loss: 0.000103
[2024-10-04 09:04:15,530][INFO][clas_trainer:63] - [epoch   2] execution time: 499.75s	metrics:
[2024-10-04 09:04:15,531][INFO][clas_evaluator:132] - dataset: earlystopping, avg f1-score: 0.4856
[2024-10-04 09:04:59,792][INFO][clas_trainer:133] - train epoch: 3 [8256/82950 (10%)], lr: ['1.00e-04', '1.00e-04'], loss: 0.000458
[2024-10-04 09:05:45,121][INFO][clas_trainer:133] - train epoch: 3 [16544/82950 (20%)], lr: ['1.00e-04', '1.00e-04'], loss: 0.000048
[2024-10-04 09:06:30,815][INFO][clas_trainer:133] - train epoch: 3 [24832/82950 (30%)], lr: ['1.00e-04', '1.00e-04'], loss: 0.000412
[2024-10-04 09:07:17,252][INFO][clas_trainer:133] - train epoch: 3 [33120/82950 (40%)], lr: ['1.00e-04', '1.00e-04'], loss: 0.000444
[2024-10-04 09:08:01,638][INFO][clas_trainer:133] - train epoch: 3 [41408/82950 (50%)], lr: ['1.00e-04', '1.00e-04'], loss: 0.000112
[2024-10-04 09:08:48,061][INFO][clas_trainer:133] - train epoch: 3 [49696/82950 (60%)], lr: ['1.00e-04', '1.00e-04'], loss: 0.000049
[2024-10-04 09:09:34,641][INFO][clas_trainer:133] - train epoch: 3 [57984/82950 (70%)], lr: ['1.00e-04', '1.00e-04'], loss: 0.000257
[2024-10-04 09:10:24,484][INFO][clas_trainer:133] - train epoch: 3 [66272/82950 (80%)], lr: ['1.00e-04', '1.00e-04'], loss: 0.000117
[2024-10-04 09:11:09,236][INFO][clas_trainer:133] - train epoch: 3 [74560/82950 (90%)], lr: ['1.00e-04', '1.00e-04'], loss: 0.000051
[2024-10-04 09:11:53,881][INFO][clas_trainer:133] - train epoch: 3 [82848/82950 (100%)], lr: ['1.00e-04', '1.00e-04'], loss: 0.000134
[2024-10-04 09:12:37,216][INFO][clas_trainer:63] - [epoch   3] execution time: 501.69s	metrics:
[2024-10-04 09:12:37,217][INFO][clas_evaluator:132] - dataset: earlystopping, avg f1-score: 0.4674
[2024-10-04 09:13:26,675][INFO][clas_trainer:133] - train epoch: 4 [8256/82950 (10%)], lr: ['1.00e-04', '1.00e-04'], loss: 0.000061
[2024-10-04 09:14:10,847][INFO][clas_trainer:133] - train epoch: 4 [16544/82950 (20%)], lr: ['1.00e-04', '1.00e-04'], loss: 0.000141
[2024-10-04 09:14:55,464][INFO][clas_trainer:133] - train epoch: 4 [24832/82950 (30%)], lr: ['1.00e-04', '1.00e-04'], loss: 0.000073
[2024-10-04 09:15:37,291][INFO][clas_trainer:133] - train epoch: 4 [33120/82950 (40%)], lr: ['1.00e-04', '1.00e-04'], loss: 0.000258
[2024-10-04 09:16:23,108][INFO][clas_trainer:133] - train epoch: 4 [41408/82950 (50%)], lr: ['1.00e-04', '1.00e-04'], loss: 0.003969
[2024-10-04 09:17:05,746][INFO][clas_trainer:133] - train epoch: 4 [49696/82950 (60%)], lr: ['1.00e-04', '1.00e-04'], loss: 0.000188
[2024-10-04 09:17:50,895][INFO][clas_trainer:133] - train epoch: 4 [57984/82950 (70%)], lr: ['1.00e-04', '1.00e-04'], loss: 0.000232
[2024-10-04 09:18:34,596][INFO][clas_trainer:133] - train epoch: 4 [66272/82950 (80%)], lr: ['1.00e-04', '1.00e-04'], loss: 0.000248
[2024-10-04 09:19:21,751][INFO][clas_trainer:133] - train epoch: 4 [74560/82950 (90%)], lr: ['1.00e-04', '1.00e-04'], loss: 0.000311
[2024-10-04 09:20:04,752][INFO][clas_trainer:133] - train epoch: 4 [82848/82950 (100%)], lr: ['1.00e-04', '1.00e-04'], loss: 0.000100
[2024-10-04 09:20:47,387][INFO][clas_trainer:63] - [epoch   4] execution time: 490.17s	metrics:
[2024-10-04 09:20:47,388][INFO][clas_evaluator:132] - dataset: earlystopping, avg f1-score: 0.4767
[2024-10-04 09:21:31,724][INFO][clas_trainer:133] - train epoch: 5 [8256/82950 (10%)], lr: ['1.00e-04', '1.00e-04'], loss: 0.000119
[2024-10-04 09:22:14,529][INFO][clas_trainer:133] - train epoch: 5 [16544/82950 (20%)], lr: ['1.00e-04', '1.00e-04'], loss: 0.000065
[2024-10-04 09:22:56,838][INFO][clas_trainer:133] - train epoch: 5 [24832/82950 (30%)], lr: ['1.00e-04', '1.00e-04'], loss: 0.000110
[2024-10-04 09:23:39,918][INFO][clas_trainer:133] - train epoch: 5 [33120/82950 (40%)], lr: ['1.00e-04', '1.00e-04'], loss: 0.000123
[2024-10-04 09:24:21,114][INFO][clas_trainer:133] - train epoch: 5 [41408/82950 (50%)], lr: ['1.00e-04', '1.00e-04'], loss: 0.000086
[2024-10-04 09:25:02,658][INFO][clas_trainer:133] - train epoch: 5 [49696/82950 (60%)], lr: ['1.00e-04', '1.00e-04'], loss: 0.001565
[2024-10-04 09:25:46,269][INFO][clas_trainer:133] - train epoch: 5 [57984/82950 (70%)], lr: ['1.00e-04', '1.00e-04'], loss: 0.000301
[2024-10-04 09:26:29,044][INFO][clas_trainer:133] - train epoch: 5 [66272/82950 (80%)], lr: ['1.00e-04', '1.00e-04'], loss: 0.000238
[2024-10-04 09:27:11,078][INFO][clas_trainer:133] - train epoch: 5 [74560/82950 (90%)], lr: ['1.00e-04', '1.00e-04'], loss: 0.000169
[2024-10-04 09:27:55,381][INFO][clas_trainer:133] - train epoch: 5 [82848/82950 (100%)], lr: ['1.00e-04', '1.00e-04'], loss: 0.000329
[2024-10-04 09:28:39,656][INFO][clas_trainer:63] - [epoch   5] execution time: 472.27s	metrics:
[2024-10-04 09:28:39,657][INFO][clas_evaluator:132] - dataset: earlystopping, avg f1-score: 0.4514
[2024-10-04 09:29:29,522][INFO][clas_trainer:133] - train epoch: 6 [8256/82950 (10%)], lr: ['1.00e-04', '1.00e-04'], loss: 0.000334
[2024-10-04 09:30:15,154][INFO][clas_trainer:133] - train epoch: 6 [16544/82950 (20%)], lr: ['1.00e-04', '1.00e-04'], loss: 0.000666
[2024-10-04 09:31:01,967][INFO][clas_trainer:133] - train epoch: 6 [24832/82950 (30%)], lr: ['1.00e-04', '1.00e-04'], loss: 0.000400
[2024-10-04 09:31:49,042][INFO][clas_trainer:133] - train epoch: 6 [33120/82950 (40%)], lr: ['1.00e-04', '1.00e-04'], loss: 0.000136
[2024-10-04 09:32:37,268][INFO][clas_trainer:133] - train epoch: 6 [41408/82950 (50%)], lr: ['1.00e-04', '1.00e-04'], loss: 0.002716
[2024-10-04 09:33:25,731][INFO][clas_trainer:133] - train epoch: 6 [49696/82950 (60%)], lr: ['1.00e-04', '1.00e-04'], loss: 0.001410
[2024-10-04 09:34:09,613][INFO][clas_trainer:133] - train epoch: 6 [57984/82950 (70%)], lr: ['1.00e-04', '1.00e-04'], loss: 0.001028
[2024-10-04 09:34:55,718][INFO][clas_trainer:133] - train epoch: 6 [66272/82950 (80%)], lr: ['1.00e-04', '1.00e-04'], loss: 0.000825
[2024-10-04 09:35:41,928][INFO][clas_trainer:133] - train epoch: 6 [74560/82950 (90%)], lr: ['1.00e-04', '1.00e-04'], loss: 0.000266
[2024-10-04 09:36:27,811][INFO][clas_trainer:133] - train epoch: 6 [82848/82950 (100%)], lr: ['1.00e-04', '1.00e-04'], loss: 0.000865
[2024-10-04 09:37:15,808][INFO][clas_trainer:63] - [epoch   6] execution time: 516.15s	metrics:
[2024-10-04 09:37:15,809][INFO][clas_evaluator:132] - dataset: earlystopping, avg f1-score: 0.4387
[2024-10-04 09:38:03,836][INFO][clas_trainer:133] - train epoch: 7 [8256/82950 (10%)], lr: ['1.00e-04', '1.00e-04'], loss: 0.001748
[2024-10-04 09:38:48,944][INFO][clas_trainer:133] - train epoch: 7 [16544/82950 (20%)], lr: ['1.00e-04', '1.00e-04'], loss: 0.000470
[2024-10-04 09:39:34,388][INFO][clas_trainer:133] - train epoch: 7 [24832/82950 (30%)], lr: ['1.00e-04', '1.00e-04'], loss: 0.000458
[2024-10-04 09:40:22,054][INFO][clas_trainer:133] - train epoch: 7 [33120/82950 (40%)], lr: ['1.00e-04', '1.00e-04'], loss: 0.001412
[2024-10-04 09:41:06,670][INFO][clas_trainer:133] - train epoch: 7 [41408/82950 (50%)], lr: ['1.00e-04', '1.00e-04'], loss: 0.000471
[2024-10-04 09:41:51,831][INFO][clas_trainer:133] - train epoch: 7 [49696/82950 (60%)], lr: ['1.00e-04', '1.00e-04'], loss: 0.000336
[2024-10-04 09:42:39,613][INFO][clas_trainer:133] - train epoch: 7 [57984/82950 (70%)], lr: ['1.00e-04', '1.00e-04'], loss: 0.001065
[2024-10-04 09:43:25,883][INFO][clas_trainer:133] - train epoch: 7 [66272/82950 (80%)], lr: ['1.00e-04', '1.00e-04'], loss: 0.000663
[2024-10-04 09:44:11,480][INFO][clas_trainer:133] - train epoch: 7 [74560/82950 (90%)], lr: ['1.00e-04', '1.00e-04'], loss: 0.001123
[2024-10-04 09:44:57,077][INFO][clas_trainer:133] - train epoch: 7 [82848/82950 (100%)], lr: ['1.00e-04', '1.00e-04'], loss: 0.001128
[2024-10-04 09:45:39,893][INFO][clas_trainer:63] - [epoch   7] execution time: 504.08s	metrics:
[2024-10-04 09:45:39,894][INFO][clas_evaluator:132] - dataset: earlystopping, avg f1-score: 0.4042
[2024-10-04 09:46:24,219][INFO][clas_trainer:133] - train epoch: 8 [8256/82950 (10%)], lr: ['1.00e-04', '1.00e-04'], loss: 0.000681
[2024-10-04 09:47:07,991][INFO][clas_trainer:133] - train epoch: 8 [16544/82950 (20%)], lr: ['1.00e-04', '1.00e-04'], loss: 0.000835
[2024-10-04 09:47:50,663][INFO][clas_trainer:133] - train epoch: 8 [24832/82950 (30%)], lr: ['1.00e-04', '1.00e-04'], loss: 0.000339
[2024-10-04 09:48:35,638][INFO][clas_trainer:133] - train epoch: 8 [33120/82950 (40%)], lr: ['1.00e-04', '1.00e-04'], loss: 0.000300
[2024-10-04 09:49:19,569][INFO][clas_trainer:133] - train epoch: 8 [41408/82950 (50%)], lr: ['1.00e-04', '1.00e-04'], loss: 0.000426
[2024-10-04 09:50:02,392][INFO][clas_trainer:133] - train epoch: 8 [49696/82950 (60%)], lr: ['1.00e-04', '1.00e-04'], loss: 0.001112
[2024-10-04 09:50:45,482][INFO][clas_trainer:133] - train epoch: 8 [57984/82950 (70%)], lr: ['1.00e-04', '1.00e-04'], loss: 0.000506
[2024-10-04 09:51:30,455][INFO][clas_trainer:133] - train epoch: 8 [66272/82950 (80%)], lr: ['1.00e-04', '1.00e-04'], loss: 0.000452
[2024-10-04 09:52:16,696][INFO][clas_trainer:133] - train epoch: 8 [74560/82950 (90%)], lr: ['1.00e-04', '1.00e-04'], loss: 0.000714
[2024-10-04 09:53:01,606][INFO][clas_trainer:133] - train epoch: 8 [82848/82950 (100%)], lr: ['1.00e-04', '1.00e-04'], loss: 0.001354
[2024-10-04 09:53:45,994][INFO][clas_trainer:63] - [epoch   8] execution time: 486.10s	metrics:
[2024-10-04 09:53:45,995][INFO][clas_evaluator:132] - dataset: earlystopping, avg f1-score: 0.3973
[2024-10-04 09:54:31,502][INFO][clas_trainer:133] - train epoch: 9 [8256/82950 (10%)], lr: ['1.00e-04', '1.00e-04'], loss: 0.000672
[2024-10-04 09:55:16,531][INFO][clas_trainer:133] - train epoch: 9 [16544/82950 (20%)], lr: ['1.00e-04', '1.00e-04'], loss: 0.001143
[2024-10-04 09:56:01,576][INFO][clas_trainer:133] - train epoch: 9 [24832/82950 (30%)], lr: ['1.00e-04', '1.00e-04'], loss: 0.000544
[2024-10-04 09:56:48,634][INFO][clas_trainer:133] - train epoch: 9 [33120/82950 (40%)], lr: ['1.00e-04', '1.00e-04'], loss: 0.000329
[2024-10-04 09:57:35,638][INFO][clas_trainer:133] - train epoch: 9 [41408/82950 (50%)], lr: ['1.00e-04', '1.00e-04'], loss: 0.001022
[2024-10-04 09:58:23,395][INFO][clas_trainer:133] - train epoch: 9 [49696/82950 (60%)], lr: ['1.00e-04', '1.00e-04'], loss: 0.000773
[2024-10-04 09:59:07,603][INFO][clas_trainer:133] - train epoch: 9 [57984/82950 (70%)], lr: ['1.00e-04', '1.00e-04'], loss: 0.000548
[2024-10-04 09:59:52,248][INFO][clas_trainer:133] - train epoch: 9 [66272/82950 (80%)], lr: ['1.00e-04', '1.00e-04'], loss: 0.000483
[2024-10-04 10:00:36,895][INFO][clas_trainer:133] - train epoch: 9 [74560/82950 (90%)], lr: ['1.00e-04', '1.00e-04'], loss: 0.000535
[2024-10-04 10:01:25,219][INFO][clas_trainer:133] - train epoch: 9 [82848/82950 (100%)], lr: ['1.00e-04', '1.00e-04'], loss: 0.000617
[2024-10-04 10:02:07,878][INFO][clas_trainer:63] - [epoch   9] execution time: 501.88s	metrics:
[2024-10-04 10:02:07,879][INFO][clas_evaluator:132] - dataset: earlystopping, avg f1-score: 0.4132
[2024-10-04 10:02:56,372][INFO][clas_trainer:133] - train epoch: 10 [8256/82950 (10%)], lr: ['1.00e-04', '1.00e-04'], loss: 0.000365
[2024-10-04 10:03:41,518][INFO][clas_trainer:133] - train epoch: 10 [16544/82950 (20%)], lr: ['1.00e-04', '1.00e-04'], loss: 0.001672
[2024-10-04 10:04:26,798][INFO][clas_trainer:133] - train epoch: 10 [24832/82950 (30%)], lr: ['1.00e-04', '1.00e-04'], loss: 0.000577
[2024-10-04 10:05:12,719][INFO][clas_trainer:133] - train epoch: 10 [33120/82950 (40%)], lr: ['1.00e-04', '1.00e-04'], loss: 0.000586
[2024-10-04 10:05:58,620][INFO][clas_trainer:133] - train epoch: 10 [41408/82950 (50%)], lr: ['1.00e-04', '1.00e-04'], loss: 0.000566
[2024-10-04 10:06:45,543][INFO][clas_trainer:133] - train epoch: 10 [49696/82950 (60%)], lr: ['1.00e-04', '1.00e-04'], loss: 0.000883
[2024-10-04 10:07:29,943][INFO][clas_trainer:133] - train epoch: 10 [57984/82950 (70%)], lr: ['1.00e-04', '1.00e-04'], loss: 0.000704
[2024-10-04 10:08:16,115][INFO][clas_trainer:133] - train epoch: 10 [66272/82950 (80%)], lr: ['1.00e-04', '1.00e-04'], loss: 0.000758
[2024-10-04 10:09:03,643][INFO][clas_trainer:133] - train epoch: 10 [74560/82950 (90%)], lr: ['1.00e-04', '1.00e-04'], loss: 0.000568
[2024-10-04 10:09:50,527][INFO][clas_trainer:133] - train epoch: 10 [82848/82950 (100%)], lr: ['1.00e-04', '1.00e-04'], loss: 0.000635
[2024-10-04 10:10:36,554][INFO][clas_trainer:63] - [epoch  10] execution time: 508.67s	metrics:
[2024-10-04 10:10:36,555][INFO][clas_evaluator:132] - dataset: earlystopping, avg f1-score: 0.4354
[2024-10-04 10:11:24,929][INFO][clas_trainer:133] - train epoch: 11 [8256/82950 (10%)], lr: ['1.00e-04', '1.00e-04'], loss: 0.001278
[2024-10-04 10:12:13,207][INFO][clas_trainer:133] - train epoch: 11 [16544/82950 (20%)], lr: ['1.00e-04', '1.00e-04'], loss: 0.000631
[2024-10-04 10:13:01,425][INFO][clas_trainer:133] - train epoch: 11 [24832/82950 (30%)], lr: ['1.00e-04', '1.00e-04'], loss: 0.000736
[2024-10-04 10:13:46,442][INFO][clas_trainer:133] - train epoch: 11 [33120/82950 (40%)], lr: ['1.00e-04', '1.00e-04'], loss: 0.000454
[2024-10-04 10:14:31,687][INFO][clas_trainer:133] - train epoch: 11 [41408/82950 (50%)], lr: ['1.00e-04', '1.00e-04'], loss: 0.000830
[2024-10-04 10:15:18,245][INFO][clas_trainer:133] - train epoch: 11 [49696/82950 (60%)], lr: ['1.00e-04', '1.00e-04'], loss: 0.001385
[2024-10-04 10:16:04,582][INFO][clas_trainer:133] - train epoch: 11 [57984/82950 (70%)], lr: ['1.00e-04', '1.00e-04'], loss: 0.000820
[2024-10-04 10:16:49,122][INFO][clas_trainer:133] - train epoch: 11 [66272/82950 (80%)], lr: ['1.00e-04', '1.00e-04'], loss: 0.000614
[2024-10-04 10:17:37,225][INFO][clas_trainer:133] - train epoch: 11 [74560/82950 (90%)], lr: ['1.00e-04', '1.00e-04'], loss: 0.000610
[2024-10-04 10:18:24,163][INFO][clas_trainer:133] - train epoch: 11 [82848/82950 (100%)], lr: ['1.00e-04', '1.00e-04'], loss: 0.000744
[2024-10-04 10:19:10,830][INFO][clas_trainer:63] - [epoch  11] execution time: 514.27s	metrics:
[2024-10-04 10:19:10,831][INFO][clas_evaluator:132] - dataset: earlystopping, avg f1-score: 0.4415
[2024-10-04 10:19:10,837][INFO][clas_trainer:79] - finished training
[2024-10-04 10:19:10,838][INFO][clas_trainer:80] - best model on epoch: 1 	f1-score: 0.4902
