[2023-10-14 00:35:37,412][INFO][train_downstream:29] - overrides:
hydra:
- hydra.mode=MULTIRUN
task:
- m_seed_path_sids={seeds:[14,14,14,14,14],path:"exp001b-m14-simple_multi_class-2023-10-12_18-34-48-final.pth",subject_ids:{dod_o_h:$\{data.dod_o_h.cv_5_fold.fold_5\}}}
- data.downstream.train_dataloader.dataset.data_reducer.n_subjects=1

[2023-10-14 00:35:40,120][INFO][data_loaders:39] - class distribution before data reduction:
# samples per subject
02fb158a-a658-51ee-89cf-1e1dc2ebfde1: 861
03341d0d-5927-5838-8a5f-1b8ef39d8f57: 1063
039ce8ad-a7fa-5272-a3e3-1f4bfebdd087: 915
095d6e40-5f19-55b6-a0ec-6e0ad3793da0: 1192
0d79f4b1-e74f-5e87-8e42-f9dd7112ada5: 968
100df108-eb57-5eaa-a413-f7e4436a7895: 952
14c012bd-65b0-56f5-bc74-2dffcea69837: 969
16450f5a-9b65-5536-85e1-93816c8b89eb: 816
18482adf-1144-54ca-9e35-27f65c43a105: 824
18ede714-aba3-5ad8-bb1a-18fc9b1c4192: 995
1da3544e-dc5c-5795-adc3-f5068959211f: 955
2159377e-ebf3-5565-9014-1e2ae69dc1d2: 907
2e865ca9-e20f-5a6f-bd25-45d28cc9eab9: 950
32556393-bb57-560a-99e8-e09885219647: 1106
37d0da97-9ae8-5413-b889-4e843ff35488: 1011
3dd35e7b-d7e2-516d-8a85-e0d58a59569f: 1093
3e842aa8-bcd9-521e-93a2-72124233fe2c: 620
40e25dd4-6087-5747-b9c2-4838ada86b15: 1076
47f45aa2-31c4-595b-bdb6-f1348bba062b: 1032
4b72b905-5521-5c57-b666-e20ff9bb195f: 868
4e3c4ac4-69e2-5347-a3b0-662c204d259d: 926
5b94ec8a-c34d-5e45-84d1-bec2ea965609: 1090
5bf0f969-304c-581e-949c-50c108f62846: 947
67fa8e29-6f4d-530e-9422-bbc3aca86ed0: 1046
6e2aa933-c51c-5a31-8c7b-83da8d076a12: 905
730aba3b-e310-5be0-9eed-7c3123466834: 1120
742f1592-627c-54eb-bbb5-ccd55ffae33a: 975
769df255-2284-50b3-8917-2155c759fbbd: 929
79e8a04e-0fdd-53ae-bedc-d49d08e29103: 918
7d778801-88e7-5086-ad1d-70f31a371876: 999
83c1394e-9c69-5c11-9102-9ff8d59b1cfd: 1011
844f68ba-265e-53e6-bf47-6c85d1804a7b: 957
90aef91a-252f-5ccc-a82e-78ea7ee9ca1f: 1089
a0c91989-530f-5117-80c1-2488dbed683c: 1017
a25b2296-343b-53f6-8792-ada2669d466e: 1008
a6254c8a-f1b2-5736-b601-18245dd5e0a5: 1084
a65a9e69-cddf-5711-9a97-de8bfdeb08cc: 961
a79d1f0e-c133-5aa0-8268-cdcc05825f0f: 1046
aa160c78-6da3-5e05-8fc9-d6c13e9f97e0: 1010
aadc9e0c-b7c3-5a47-851d-f21971d10935: 969
ad47bc12-199c-5294-9cb8-4351bbbf7b5e: 893
b2d3ccdd-395c-5dd2-81d9-252bcfc0c337: 902
b3706da5-748b-5dd1-a552-f57e4456cdf6: 1041
b5d5785d-87ee-5078-b9b9-aac6abd4d8de: 918
bb474ab0-c2ce-573b-8acd-ef86b0fa26a2: 1142
c03e27b0-4cb5-584f-aaea-8f1e1ed6513c: 1121
c11c730f-0b6b-580b-af31-d8f0ebbbdfce: 917
c31a47f9-e400-5841-a22b-521c81042603: 986
c8110476-594c-533d-95bd-86147fccc987: 995
c985916d-46a5-5c3e-9d50-a5a91f460bac: 1024
cebd3520-4e77-5222-a614-d2888e6afc2b: 1109
d5181c33-a43b-5dfe-8ad7-0337facb092a: 977
e59c45e0-0c0c-565f-84a9-6cf0ec5ef6c1: 844
e6b7cbef-4c9d-5541-82e8-04810de0fb60: 819
e8ec8ec4-dc48-50ce-985a-a06d87861030: 975
eb95076c-c470-56a4-b788-ace310f061c6: 965

# samples per stage
0: 9856
1: 3075
2: 26718
3: 5997
4: 9162
[2023-10-14 00:35:40,296][INFO][data_loaders:43] - class distribution after data reduction:
# samples per subject
83c1394e-9c69-5c11-9102-9ff8d59b1cfd: 54594

# samples per stage
0: 1728
1: 1134
2: 31158
3: 7398
4: 13176
[2023-10-14 00:35:40,908][INFO][data_loaders:39] - class distribution before data reduction:
# samples per subject
0416d51f-5d69-5326-b74a-a2e31a96a1ef: 822
1fa6c401-d819-50f5-8146-a0bb9e2b2516: 986
22bea84c-5d23-5e49-bc2d-9764f883955b: 1048
25a6b2b0-4d09-561b-82c6-f09bb271d3be: 1063
a30245e3-4a71-565f-9636-92e7d2e825fc: 1122
a4568951-bf87-5bbc-bc4f-28e93c360be6: 975
b3534fa3-7676-50dc-8412-07f0eff4f7a9: 757
fc10ee0b-b863-511b-bce8-4dfa7af8ac3a: 910

# samples per stage
0: 1458
1: 408
2: 3702
3: 1050
4: 1065
[2023-10-14 00:35:40,943][INFO][data_loaders:43] - class distribution after data reduction:
# samples per subject
0416d51f-5d69-5326-b74a-a2e31a96a1ef: 822
1fa6c401-d819-50f5-8146-a0bb9e2b2516: 986
22bea84c-5d23-5e49-bc2d-9764f883955b: 1048
25a6b2b0-4d09-561b-82c6-f09bb271d3be: 1063
a30245e3-4a71-565f-9636-92e7d2e825fc: 1122
a4568951-bf87-5bbc-bc4f-28e93c360be6: 975
b3534fa3-7676-50dc-8412-07f0eff4f7a9: 757
fc10ee0b-b863-511b-bce8-4dfa7af8ac3a: 910

# samples per stage
0: 1458
1: 408
2: 3702
3: 1050
4: 1065
[2023-10-14 00:35:40,955][INFO][clas_trainer:49] - metrics before training (epoch 0):
[2023-10-14 00:36:00,807][INFO][clas_evaluator:99] - dataset: earlystopping, avg f1-score: 0.1135
[2023-10-14 00:36:13,386][INFO][clas_trainer:133] - train epoch: 1 [5408/54594 (10%)], lr: ['1.00e-04'], loss: 0.777747
[2023-10-14 00:36:25,449][INFO][clas_trainer:133] - train epoch: 1 [10848/54594 (20%)], lr: ['1.00e-04'], loss: 0.375290
[2023-10-14 00:36:37,295][INFO][clas_trainer:133] - train epoch: 1 [16288/54594 (30%)], lr: ['1.00e-04'], loss: 0.218619
[2023-10-14 00:36:49,889][INFO][clas_trainer:133] - train epoch: 1 [21728/54594 (40%)], lr: ['1.00e-04'], loss: 0.276826
[2023-10-14 00:37:01,580][INFO][clas_trainer:133] - train epoch: 1 [27168/54594 (50%)], lr: ['1.00e-04'], loss: 0.111879
[2023-10-14 00:37:13,733][INFO][clas_trainer:133] - train epoch: 1 [32608/54594 (60%)], lr: ['1.00e-04'], loss: 0.129059
[2023-10-14 00:37:25,543][INFO][clas_trainer:133] - train epoch: 1 [38048/54594 (70%)], lr: ['1.00e-04'], loss: 0.084153
[2023-10-14 00:37:37,761][INFO][clas_trainer:133] - train epoch: 1 [43488/54594 (80%)], lr: ['1.00e-04'], loss: 0.026387
[2023-10-14 00:37:50,497][INFO][clas_trainer:133] - train epoch: 1 [48928/54594 (90%)], lr: ['1.00e-04'], loss: 0.033252
[2023-10-14 00:38:03,913][INFO][clas_trainer:133] - train epoch: 1 [54368/54594 (100%)], lr: ['1.00e-04'], loss: 0.074974
[2023-10-14 00:38:24,408][INFO][clas_trainer:63] - [epoch   1] execution time: 143.60s	metrics:
[2023-10-14 00:38:24,408][INFO][clas_evaluator:99] - dataset: earlystopping, avg f1-score: 0.3088
[2023-10-14 00:38:24,470][INFO][base_model:51] - snapshot saved to /home/ngr/repos/sleep_freq-pretraining/models/exp001d-m89-base_fe_clas-2023-10-13_16-19-02-final.pth
[2023-10-14 00:38:37,641][INFO][clas_trainer:133] - train epoch: 2 [5408/54594 (10%)], lr: ['1.00e-04'], loss: 0.147980
[2023-10-14 00:38:50,337][INFO][clas_trainer:133] - train epoch: 2 [10848/54594 (20%)], lr: ['1.00e-04'], loss: 0.022893
[2023-10-14 00:39:03,792][INFO][clas_trainer:133] - train epoch: 2 [16288/54594 (30%)], lr: ['1.00e-04'], loss: 0.011209
[2023-10-14 00:39:16,222][INFO][clas_trainer:133] - train epoch: 2 [21728/54594 (40%)], lr: ['1.00e-04'], loss: 0.092811
[2023-10-14 00:39:28,115][INFO][clas_trainer:133] - train epoch: 2 [27168/54594 (50%)], lr: ['1.00e-04'], loss: 0.006731
[2023-10-14 00:39:40,124][INFO][clas_trainer:133] - train epoch: 2 [32608/54594 (60%)], lr: ['1.00e-04'], loss: 0.046914
[2023-10-14 00:39:52,047][INFO][clas_trainer:133] - train epoch: 2 [38048/54594 (70%)], lr: ['1.00e-04'], loss: 0.012489
[2023-10-14 00:40:04,481][INFO][clas_trainer:133] - train epoch: 2 [43488/54594 (80%)], lr: ['1.00e-04'], loss: 0.000549
[2023-10-14 00:40:16,898][INFO][clas_trainer:133] - train epoch: 2 [48928/54594 (90%)], lr: ['1.00e-04'], loss: 0.010096
[2023-10-14 00:40:28,665][INFO][clas_trainer:133] - train epoch: 2 [54368/54594 (100%)], lr: ['1.00e-04'], loss: 0.109884
[2023-10-14 00:40:48,329][INFO][clas_trainer:63] - [epoch   2] execution time: 143.86s	metrics:
[2023-10-14 00:40:48,329][INFO][clas_evaluator:99] - dataset: earlystopping, avg f1-score: 0.3446
[2023-10-14 00:40:48,390][INFO][base_model:51] - snapshot saved to /home/ngr/repos/sleep_freq-pretraining/models/exp001d-m89-base_fe_clas-2023-10-13_16-19-02-final.pth
[2023-10-14 00:41:01,147][INFO][clas_trainer:133] - train epoch: 3 [5408/54594 (10%)], lr: ['1.00e-04'], loss: 0.016785
[2023-10-14 00:41:13,905][INFO][clas_trainer:133] - train epoch: 3 [10848/54594 (20%)], lr: ['1.00e-04'], loss: 0.032034
[2023-10-14 00:41:26,480][INFO][clas_trainer:133] - train epoch: 3 [16288/54594 (30%)], lr: ['1.00e-04'], loss: 0.119690
[2023-10-14 00:41:39,067][INFO][clas_trainer:133] - train epoch: 3 [21728/54594 (40%)], lr: ['1.00e-04'], loss: 0.113483
[2023-10-14 00:41:51,143][INFO][clas_trainer:133] - train epoch: 3 [27168/54594 (50%)], lr: ['1.00e-04'], loss: 0.001570
[2023-10-14 00:42:03,857][INFO][clas_trainer:133] - train epoch: 3 [32608/54594 (60%)], lr: ['1.00e-04'], loss: 0.001159
[2023-10-14 00:42:16,421][INFO][clas_trainer:133] - train epoch: 3 [38048/54594 (70%)], lr: ['1.00e-04'], loss: 0.002213
[2023-10-14 00:42:28,893][INFO][clas_trainer:133] - train epoch: 3 [43488/54594 (80%)], lr: ['1.00e-04'], loss: 0.004751
[2023-10-14 00:42:41,062][INFO][clas_trainer:133] - train epoch: 3 [48928/54594 (90%)], lr: ['1.00e-04'], loss: 0.000530
[2023-10-14 00:42:53,650][INFO][clas_trainer:133] - train epoch: 3 [54368/54594 (100%)], lr: ['1.00e-04'], loss: 0.018953
[2023-10-14 00:43:12,917][INFO][clas_trainer:63] - [epoch   3] execution time: 144.53s	metrics:
[2023-10-14 00:43:12,917][INFO][clas_evaluator:99] - dataset: earlystopping, avg f1-score: 0.3034
[2023-10-14 00:43:25,481][INFO][clas_trainer:133] - train epoch: 4 [5408/54594 (10%)], lr: ['1.00e-04'], loss: 0.001148
[2023-10-14 00:43:37,892][INFO][clas_trainer:133] - train epoch: 4 [10848/54594 (20%)], lr: ['1.00e-04'], loss: 0.001524
[2023-10-14 00:43:50,280][INFO][clas_trainer:133] - train epoch: 4 [16288/54594 (30%)], lr: ['1.00e-04'], loss: 0.037849
[2023-10-14 00:44:02,001][INFO][clas_trainer:133] - train epoch: 4 [21728/54594 (40%)], lr: ['1.00e-04'], loss: 0.004790
[2023-10-14 00:44:14,136][INFO][clas_trainer:133] - train epoch: 4 [27168/54594 (50%)], lr: ['1.00e-04'], loss: 0.000672
[2023-10-14 00:44:25,954][INFO][clas_trainer:133] - train epoch: 4 [32608/54594 (60%)], lr: ['1.00e-04'], loss: 0.005111
[2023-10-14 00:44:38,064][INFO][clas_trainer:133] - train epoch: 4 [38048/54594 (70%)], lr: ['1.00e-04'], loss: 0.029042
[2023-10-14 00:44:49,473][INFO][clas_trainer:133] - train epoch: 4 [43488/54594 (80%)], lr: ['1.00e-04'], loss: 0.000446
[2023-10-14 00:45:00,887][INFO][clas_trainer:133] - train epoch: 4 [48928/54594 (90%)], lr: ['1.00e-04'], loss: 0.000861
[2023-10-14 00:45:13,040][INFO][clas_trainer:133] - train epoch: 4 [54368/54594 (100%)], lr: ['1.00e-04'], loss: 0.000688
[2023-10-14 00:45:31,621][INFO][clas_trainer:63] - [epoch   4] execution time: 138.70s	metrics:
[2023-10-14 00:45:31,621][INFO][clas_evaluator:99] - dataset: earlystopping, avg f1-score: 0.3030
[2023-10-14 00:45:44,332][INFO][clas_trainer:133] - train epoch: 5 [5408/54594 (10%)], lr: ['1.00e-04'], loss: 0.001240
[2023-10-14 00:45:56,213][INFO][clas_trainer:133] - train epoch: 5 [10848/54594 (20%)], lr: ['1.00e-04'], loss: 0.001185
[2023-10-14 00:46:08,246][INFO][clas_trainer:133] - train epoch: 5 [16288/54594 (30%)], lr: ['1.00e-04'], loss: 0.003010
[2023-10-14 00:46:19,895][INFO][clas_trainer:133] - train epoch: 5 [21728/54594 (40%)], lr: ['1.00e-04'], loss: 0.000800
[2023-10-14 00:46:31,130][INFO][clas_trainer:133] - train epoch: 5 [27168/54594 (50%)], lr: ['1.00e-04'], loss: 0.016225
[2023-10-14 00:46:42,618][INFO][clas_trainer:133] - train epoch: 5 [32608/54594 (60%)], lr: ['1.00e-04'], loss: 0.063419
[2023-10-14 00:46:54,312][INFO][clas_trainer:133] - train epoch: 5 [38048/54594 (70%)], lr: ['1.00e-04'], loss: 0.001238
[2023-10-14 00:47:06,205][INFO][clas_trainer:133] - train epoch: 5 [43488/54594 (80%)], lr: ['1.00e-04'], loss: 0.002060
[2023-10-14 00:47:17,547][INFO][clas_trainer:133] - train epoch: 5 [48928/54594 (90%)], lr: ['1.00e-04'], loss: 0.006964
[2023-10-14 00:47:29,167][INFO][clas_trainer:133] - train epoch: 5 [54368/54594 (100%)], lr: ['1.00e-04'], loss: 0.000495
[2023-10-14 00:47:47,487][INFO][clas_trainer:63] - [epoch   5] execution time: 135.87s	metrics:
[2023-10-14 00:47:47,487][INFO][clas_evaluator:99] - dataset: earlystopping, avg f1-score: 0.2986
[2023-10-14 00:47:59,717][INFO][clas_trainer:133] - train epoch: 6 [5408/54594 (10%)], lr: ['1.00e-04'], loss: 0.000828
[2023-10-14 00:48:11,556][INFO][clas_trainer:133] - train epoch: 6 [10848/54594 (20%)], lr: ['1.00e-04'], loss: 0.005203
[2023-10-14 00:48:22,829][INFO][clas_trainer:133] - train epoch: 6 [16288/54594 (30%)], lr: ['1.00e-04'], loss: 0.000809
[2023-10-14 00:48:34,279][INFO][clas_trainer:133] - train epoch: 6 [21728/54594 (40%)], lr: ['1.00e-04'], loss: 0.000876
[2023-10-14 00:48:45,851][INFO][clas_trainer:133] - train epoch: 6 [27168/54594 (50%)], lr: ['1.00e-04'], loss: 0.003450
[2023-10-14 00:48:57,219][INFO][clas_trainer:133] - train epoch: 6 [32608/54594 (60%)], lr: ['1.00e-04'], loss: 0.001970
[2023-10-14 00:49:09,110][INFO][clas_trainer:133] - train epoch: 6 [38048/54594 (70%)], lr: ['1.00e-04'], loss: 0.001524
[2023-10-14 00:49:20,896][INFO][clas_trainer:133] - train epoch: 6 [43488/54594 (80%)], lr: ['1.00e-04'], loss: 0.019676
[2023-10-14 00:49:31,808][INFO][clas_trainer:133] - train epoch: 6 [48928/54594 (90%)], lr: ['1.00e-04'], loss: 0.002370
[2023-10-14 00:49:42,992][INFO][clas_trainer:133] - train epoch: 6 [54368/54594 (100%)], lr: ['1.00e-04'], loss: 0.000561
[2023-10-14 00:50:01,077][INFO][clas_trainer:63] - [epoch   6] execution time: 133.59s	metrics:
[2023-10-14 00:50:01,077][INFO][clas_evaluator:99] - dataset: earlystopping, avg f1-score: 0.3075
[2023-10-14 00:50:13,199][INFO][clas_trainer:133] - train epoch: 7 [5408/54594 (10%)], lr: ['1.00e-04'], loss: 0.000184
[2023-10-14 00:50:24,700][INFO][clas_trainer:133] - train epoch: 7 [10848/54594 (20%)], lr: ['1.00e-04'], loss: 0.023840
[2023-10-14 00:50:35,983][INFO][clas_trainer:133] - train epoch: 7 [16288/54594 (30%)], lr: ['1.00e-04'], loss: 0.006487
[2023-10-14 00:50:47,460][INFO][clas_trainer:133] - train epoch: 7 [21728/54594 (40%)], lr: ['1.00e-04'], loss: 0.000181
[2023-10-14 00:50:59,217][INFO][clas_trainer:133] - train epoch: 7 [27168/54594 (50%)], lr: ['1.00e-04'], loss: 0.002609
[2023-10-14 00:51:10,917][INFO][clas_trainer:133] - train epoch: 7 [32608/54594 (60%)], lr: ['1.00e-04'], loss: 0.001885
[2023-10-14 00:51:22,729][INFO][clas_trainer:133] - train epoch: 7 [38048/54594 (70%)], lr: ['1.00e-04'], loss: 0.003381
[2023-10-14 00:51:34,307][INFO][clas_trainer:133] - train epoch: 7 [43488/54594 (80%)], lr: ['1.00e-04'], loss: 0.032453
[2023-10-14 00:51:46,064][INFO][clas_trainer:133] - train epoch: 7 [48928/54594 (90%)], lr: ['1.00e-04'], loss: 0.000310
[2023-10-14 00:51:57,591][INFO][clas_trainer:133] - train epoch: 7 [54368/54594 (100%)], lr: ['1.00e-04'], loss: 0.000535
[2023-10-14 00:52:15,894][INFO][clas_trainer:63] - [epoch   7] execution time: 134.82s	metrics:
[2023-10-14 00:52:15,894][INFO][clas_evaluator:99] - dataset: earlystopping, avg f1-score: 0.3029
[2023-10-14 00:52:27,763][INFO][clas_trainer:133] - train epoch: 8 [5408/54594 (10%)], lr: ['1.00e-04'], loss: 0.000210
[2023-10-14 00:52:39,362][INFO][clas_trainer:133] - train epoch: 8 [10848/54594 (20%)], lr: ['1.00e-04'], loss: 0.006212
[2023-10-14 00:52:50,907][INFO][clas_trainer:133] - train epoch: 8 [16288/54594 (30%)], lr: ['1.00e-04'], loss: 0.001448
[2023-10-14 00:53:02,286][INFO][clas_trainer:133] - train epoch: 8 [21728/54594 (40%)], lr: ['1.00e-04'], loss: 0.006090
[2023-10-14 00:53:14,334][INFO][clas_trainer:133] - train epoch: 8 [27168/54594 (50%)], lr: ['1.00e-04'], loss: 0.001974
[2023-10-14 00:53:25,920][INFO][clas_trainer:133] - train epoch: 8 [32608/54594 (60%)], lr: ['1.00e-04'], loss: 0.000660
[2023-10-14 00:53:37,245][INFO][clas_trainer:133] - train epoch: 8 [38048/54594 (70%)], lr: ['1.00e-04'], loss: 0.000444
[2023-10-14 00:53:49,031][INFO][clas_trainer:133] - train epoch: 8 [43488/54594 (80%)], lr: ['1.00e-04'], loss: 0.004684
[2023-10-14 00:54:00,685][INFO][clas_trainer:133] - train epoch: 8 [48928/54594 (90%)], lr: ['1.00e-04'], loss: 0.001004
[2023-10-14 00:54:12,970][INFO][clas_trainer:133] - train epoch: 8 [54368/54594 (100%)], lr: ['1.00e-04'], loss: 0.001193
[2023-10-14 00:54:31,365][INFO][clas_trainer:63] - [epoch   8] execution time: 135.47s	metrics:
[2023-10-14 00:54:31,365][INFO][clas_evaluator:99] - dataset: earlystopping, avg f1-score: 0.2978
[2023-10-14 00:54:43,625][INFO][clas_trainer:133] - train epoch: 9 [5408/54594 (10%)], lr: ['1.00e-04'], loss: 0.000974
[2023-10-14 00:54:54,942][INFO][clas_trainer:133] - train epoch: 9 [10848/54594 (20%)], lr: ['1.00e-04'], loss: 0.002041
[2023-10-14 00:55:06,232][INFO][clas_trainer:133] - train epoch: 9 [16288/54594 (30%)], lr: ['1.00e-04'], loss: 0.005385
[2023-10-14 00:55:18,075][INFO][clas_trainer:133] - train epoch: 9 [21728/54594 (40%)], lr: ['1.00e-04'], loss: 0.000753
[2023-10-14 00:55:29,848][INFO][clas_trainer:133] - train epoch: 9 [27168/54594 (50%)], lr: ['1.00e-04'], loss: 0.005913
[2023-10-14 00:55:41,362][INFO][clas_trainer:133] - train epoch: 9 [32608/54594 (60%)], lr: ['1.00e-04'], loss: 0.000696
[2023-10-14 00:55:53,011][INFO][clas_trainer:133] - train epoch: 9 [38048/54594 (70%)], lr: ['1.00e-04'], loss: 0.001792
[2023-10-14 00:56:04,559][INFO][clas_trainer:133] - train epoch: 9 [43488/54594 (80%)], lr: ['1.00e-04'], loss: 0.001153
[2023-10-14 00:56:16,226][INFO][clas_trainer:133] - train epoch: 9 [48928/54594 (90%)], lr: ['1.00e-04'], loss: 0.589136
[2023-10-14 00:56:27,465][INFO][clas_trainer:133] - train epoch: 9 [54368/54594 (100%)], lr: ['1.00e-04'], loss: 0.006998
[2023-10-14 00:56:46,025][INFO][clas_trainer:63] - [epoch   9] execution time: 134.66s	metrics:
[2023-10-14 00:56:46,025][INFO][clas_evaluator:99] - dataset: earlystopping, avg f1-score: 0.2908
[2023-10-14 00:56:58,634][INFO][clas_trainer:133] - train epoch: 10 [5408/54594 (10%)], lr: ['1.00e-04'], loss: 0.009582
[2023-10-14 00:57:10,308][INFO][clas_trainer:133] - train epoch: 10 [10848/54594 (20%)], lr: ['1.00e-04'], loss: 0.009319
[2023-10-14 00:57:21,400][INFO][clas_trainer:133] - train epoch: 10 [16288/54594 (30%)], lr: ['1.00e-04'], loss: 0.000997
[2023-10-14 00:57:32,759][INFO][clas_trainer:133] - train epoch: 10 [21728/54594 (40%)], lr: ['1.00e-04'], loss: 0.060270
[2023-10-14 00:57:43,924][INFO][clas_trainer:133] - train epoch: 10 [27168/54594 (50%)], lr: ['1.00e-04'], loss: 0.005320
[2023-10-14 00:57:55,357][INFO][clas_trainer:133] - train epoch: 10 [32608/54594 (60%)], lr: ['1.00e-04'], loss: 0.004706
[2023-10-14 00:58:06,301][INFO][clas_trainer:133] - train epoch: 10 [38048/54594 (70%)], lr: ['1.00e-04'], loss: 0.002112
[2023-10-14 00:58:17,763][INFO][clas_trainer:133] - train epoch: 10 [43488/54594 (80%)], lr: ['1.00e-04'], loss: 0.002029
[2023-10-14 00:58:28,645][INFO][clas_trainer:133] - train epoch: 10 [48928/54594 (90%)], lr: ['1.00e-04'], loss: 0.004190
[2023-10-14 00:58:39,911][INFO][clas_trainer:133] - train epoch: 10 [54368/54594 (100%)], lr: ['1.00e-04'], loss: 0.007371
[2023-10-14 00:58:57,838][INFO][clas_trainer:63] - [epoch  10] execution time: 131.81s	metrics:
[2023-10-14 00:58:57,838][INFO][clas_evaluator:99] - dataset: earlystopping, avg f1-score: 0.3038
[2023-10-14 00:59:09,724][INFO][clas_trainer:133] - train epoch: 11 [5408/54594 (10%)], lr: ['1.00e-04'], loss: 0.001974
[2023-10-14 00:59:20,858][INFO][clas_trainer:133] - train epoch: 11 [10848/54594 (20%)], lr: ['1.00e-04'], loss: 0.004108
[2023-10-14 00:59:32,178][INFO][clas_trainer:133] - train epoch: 11 [16288/54594 (30%)], lr: ['1.00e-04'], loss: 0.000511
[2023-10-14 00:59:43,233][INFO][clas_trainer:133] - train epoch: 11 [21728/54594 (40%)], lr: ['1.00e-04'], loss: 0.001258
[2023-10-14 00:59:54,502][INFO][clas_trainer:133] - train epoch: 11 [27168/54594 (50%)], lr: ['1.00e-04'], loss: 0.004573
[2023-10-14 01:00:05,458][INFO][clas_trainer:133] - train epoch: 11 [32608/54594 (60%)], lr: ['1.00e-04'], loss: 0.001121
[2023-10-14 01:00:16,375][INFO][clas_trainer:133] - train epoch: 11 [38048/54594 (70%)], lr: ['1.00e-04'], loss: 0.001324
[2023-10-14 01:00:27,483][INFO][clas_trainer:133] - train epoch: 11 [43488/54594 (80%)], lr: ['1.00e-04'], loss: 0.012963
[2023-10-14 01:00:38,778][INFO][clas_trainer:133] - train epoch: 11 [48928/54594 (90%)], lr: ['1.00e-04'], loss: 0.001487
[2023-10-14 01:00:49,602][INFO][clas_trainer:133] - train epoch: 11 [54368/54594 (100%)], lr: ['1.00e-04'], loss: 0.004836
[2023-10-14 01:01:07,385][INFO][clas_trainer:63] - [epoch  11] execution time: 129.55s	metrics:
[2023-10-14 01:01:07,393][INFO][clas_evaluator:99] - dataset: earlystopping, avg f1-score: 0.2964
[2023-10-14 01:01:19,393][INFO][clas_trainer:133] - train epoch: 12 [5408/54594 (10%)], lr: ['1.00e-04'], loss: 0.000577
[2023-10-14 01:01:30,588][INFO][clas_trainer:133] - train epoch: 12 [10848/54594 (20%)], lr: ['1.00e-04'], loss: 0.007204
[2023-10-14 01:01:41,720][INFO][clas_trainer:133] - train epoch: 12 [16288/54594 (30%)], lr: ['1.00e-04'], loss: 0.000441
[2023-10-14 01:01:52,594][INFO][clas_trainer:133] - train epoch: 12 [21728/54594 (40%)], lr: ['1.00e-04'], loss: 0.002771
[2023-10-14 01:02:03,339][INFO][clas_trainer:133] - train epoch: 12 [27168/54594 (50%)], lr: ['1.00e-04'], loss: 0.003420
[2023-10-14 01:02:14,005][INFO][clas_trainer:133] - train epoch: 12 [32608/54594 (60%)], lr: ['1.00e-04'], loss: 0.001035
[2023-10-14 01:02:24,965][INFO][clas_trainer:133] - train epoch: 12 [38048/54594 (70%)], lr: ['1.00e-04'], loss: 0.002558
[2023-10-14 01:02:35,744][INFO][clas_trainer:133] - train epoch: 12 [43488/54594 (80%)], lr: ['1.00e-04'], loss: 0.002933
[2023-10-14 01:02:46,578][INFO][clas_trainer:133] - train epoch: 12 [48928/54594 (90%)], lr: ['1.00e-04'], loss: 0.017960
[2023-10-14 01:02:57,534][INFO][clas_trainer:133] - train epoch: 12 [54368/54594 (100%)], lr: ['1.00e-04'], loss: 0.000343
[2023-10-14 01:03:15,289][INFO][clas_trainer:63] - [epoch  12] execution time: 127.90s	metrics:
[2023-10-14 01:03:15,289][INFO][clas_evaluator:99] - dataset: earlystopping, avg f1-score: 0.2986
[2023-10-14 01:03:15,296][INFO][clas_trainer:79] - finished training
[2023-10-14 01:03:15,296][INFO][clas_trainer:80] - best model on epoch: 2 	f1-score: 0.3446
