[2023-10-18 15:47:30,835][INFO][fine-tune:29] - overrides:
hydra:
- hydra.mode=MULTIRUN
task:
- m_seed_path_sids={seeds:[12,12,12,12,12],path:"exp004b-m12-simple_multi_class-2023-10-17_12-41-35-final.pth",subject_ids:{dod_o_h:$\{data.dod_o_h.cv_5_fold.fold_3\}}}
- data.downstream.train_dataloader.dataset.data_reducer.n_epochs=340
- data.downstream.train_dataloader.dataset.data_reducer.n_subjects=3

[2023-10-18 15:47:32,483][INFO][data_loaders:39] - class distribution before data reduction:
# samples per subject
02fb158a-a658-51ee-89cf-1e1dc2ebfde1: 861
03341d0d-5927-5838-8a5f-1b8ef39d8f57: 1063
039ce8ad-a7fa-5272-a3e3-1f4bfebdd087: 915
095d6e40-5f19-55b6-a0ec-6e0ad3793da0: 1192
100df108-eb57-5eaa-a413-f7e4436a7895: 952
130f3f52-7d0a-551e-af61-2ee75455e5c9: 989
14c012bd-65b0-56f5-bc74-2dffcea69837: 969
16450f5a-9b65-5536-85e1-93816c8b89eb: 816
18ede714-aba3-5ad8-bb1a-18fc9b1c4192: 995
2159377e-ebf3-5565-9014-1e2ae69dc1d2: 907
2d01dc34-f36c-562e-b24a-d20dc798fdfc: 837
30e8a05b-4cf1-5aa8-9ef7-28d6e2949ad5: 699
37d0da97-9ae8-5413-b889-4e843ff35488: 1011
40e25dd4-6087-5747-b9c2-4838ada86b15: 1076
47f45aa2-31c4-595b-bdb6-f1348bba062b: 1032
4b72b905-5521-5c57-b666-e20ff9bb195f: 868
4e3c4ac4-69e2-5347-a3b0-662c204d259d: 926
52fbe46b-206c-584a-9f4f-1eb308e07bac: 1064
5b94ec8a-c34d-5e45-84d1-bec2ea965609: 1090
5bf0f969-304c-581e-949c-50c108f62846: 947
5ddbc68c-1283-5c27-952b-d7f102291bc2: 1097
64959ac4-53b5-5868-a845-c7476e9fdf7b: 990
742f1592-627c-54eb-bbb5-ccd55ffae33a: 975
769df255-2284-50b3-8917-2155c759fbbd: 929
79e8a04e-0fdd-53ae-bedc-d49d08e29103: 918
7ab8ff5f-a77f-567d-9882-f8bee0c3c9bf: 989
7d778801-88e7-5086-ad1d-70f31a371876: 999
7f5237b1-2196-5c8a-9543-a5aa70210ef4: 931
83c1394e-9c69-5c11-9102-9ff8d59b1cfd: 1011
844f68ba-265e-53e6-bf47-6c85d1804a7b: 957
a0c91989-530f-5117-80c1-2488dbed683c: 1017
a25b2296-343b-53f6-8792-ada2669d466e: 1008
a35a118e-e65e-5928-92a9-4354a6a0f4ce: 813
a6254c8a-f1b2-5736-b601-18245dd5e0a5: 1084
a79d1f0e-c133-5aa0-8268-cdcc05825f0f: 1046
aa160c78-6da3-5e05-8fc9-d6c13e9f97e0: 1010
aadc9e0c-b7c3-5a47-851d-f21971d10935: 969
ad47bc12-199c-5294-9cb8-4351bbbf7b5e: 893
b2d3ccdd-395c-5dd2-81d9-252bcfc0c337: 902
b3706da5-748b-5dd1-a552-f57e4456cdf6: 1041
b5d5785d-87ee-5078-b9b9-aac6abd4d8de: 918
bb474ab0-c2ce-573b-8acd-ef86b0fa26a2: 1142
c03e27b0-4cb5-584f-aaea-8f1e1ed6513c: 1121
c11c730f-0b6b-580b-af31-d8f0ebbbdfce: 917
c31a47f9-e400-5841-a22b-521c81042603: 986
c985916d-46a5-5c3e-9d50-a5a91f460bac: 1024
cc3b4b63-4a6f-5f28-ac7e-62f83c271449: 1076
cebd3520-4e77-5222-a614-d2888e6afc2b: 1109
d3cadb78-cb8c-5a6e-885c-392e457c68b1: 982
d5181c33-a43b-5dfe-8ad7-0337facb092a: 977
e59c45e0-0c0c-565f-84a9-6cf0ec5ef6c1: 844
e72505f1-21be-5d66-b620-cfcfa2d754bc: 973
e8ec8ec4-dc48-50ce-985a-a06d87861030: 975
eb95076c-c470-56a4-b788-ace310f061c6: 965
f2a69bdc-ed51-5e3f-b102-6b3f7d392be0: 960
f66bc75e-778b-5037-af86-b5275cd4c79f: 865

# samples per stage
0: 9349
1: 2953
2: 26829
3: 6330
4: 9161
[2023-10-18 15:47:32,627][INFO][data_loaders:43] - class distribution after data reduction:
# samples per subject
c11c730f-0b6b-580b-af31-d8f0ebbbdfce: 18080
e72505f1-21be-5d66-b620-cfcfa2d754bc: 19360
f2a69bdc-ed51-5e3f-b102-6b3f7d392be0: 16960

# samples per stage
0: 5120
1: 2080
2: 31840
3: 4160
4: 11200
[2023-10-18 15:47:32,880][INFO][data_loaders:39] - class distribution before data reduction:
# samples per subject
119f9726-eb4c-5a0e-a7bb-9e15256149a1: 932
1fa6c401-d819-50f5-8146-a0bb9e2b2516: 986
22bea84c-5d23-5e49-bc2d-9764f883955b: 1048
25a6b2b0-4d09-561b-82c6-f09bb271d3be: 1063
6a7503ac-ab3a-5d5b-b474-4b0fe37748dd: 1213
a4568951-bf87-5bbc-bc4f-28e93c360be6: 975
b3534fa3-7676-50dc-8412-07f0eff4f7a9: 757
fc10ee0b-b863-511b-bce8-4dfa7af8ac3a: 910

# samples per stage
0: 1488
1: 471
2: 3840
3: 919
4: 1166
[2023-10-18 15:47:32,898][INFO][data_loaders:43] - class distribution after data reduction:
# samples per subject
119f9726-eb4c-5a0e-a7bb-9e15256149a1: 932
1fa6c401-d819-50f5-8146-a0bb9e2b2516: 986
22bea84c-5d23-5e49-bc2d-9764f883955b: 1048
25a6b2b0-4d09-561b-82c6-f09bb271d3be: 1063
6a7503ac-ab3a-5d5b-b474-4b0fe37748dd: 1213
a4568951-bf87-5bbc-bc4f-28e93c360be6: 975
b3534fa3-7676-50dc-8412-07f0eff4f7a9: 757
fc10ee0b-b863-511b-bce8-4dfa7af8ac3a: 910

# samples per stage
0: 1488
1: 471
2: 3840
3: 919
4: 1166
[2023-10-18 15:47:32,946][INFO][clas_trainer:49] - metrics before training (epoch 0):
[2023-10-18 15:47:47,532][INFO][clas_evaluator:99] - dataset: earlystopping, avg f1-score: 0.0739
[2023-10-18 15:47:57,189][INFO][clas_trainer:133] - train epoch: 1 [5408/54400 (10%)], lr: ['1.00e-04', '1.00e-04'], loss: 2.551601
[2023-10-18 15:48:06,383][INFO][clas_trainer:133] - train epoch: 1 [10848/54400 (20%)], lr: ['1.00e-04', '1.00e-04'], loss: 1.401616
[2023-10-18 15:48:15,517][INFO][clas_trainer:133] - train epoch: 1 [16288/54400 (30%)], lr: ['1.00e-04', '1.00e-04'], loss: 1.047751
[2023-10-18 15:48:24,630][INFO][clas_trainer:133] - train epoch: 1 [21728/54400 (40%)], lr: ['1.00e-04', '1.00e-04'], loss: 1.201866
[2023-10-18 15:48:33,848][INFO][clas_trainer:133] - train epoch: 1 [27168/54400 (50%)], lr: ['1.00e-04', '1.00e-04'], loss: 0.643426
[2023-10-18 15:48:42,939][INFO][clas_trainer:133] - train epoch: 1 [32608/54400 (60%)], lr: ['1.00e-04', '1.00e-04'], loss: 0.744695
[2023-10-18 15:48:52,223][INFO][clas_trainer:133] - train epoch: 1 [38048/54400 (70%)], lr: ['1.00e-04', '1.00e-04'], loss: 0.594301
[2023-10-18 15:49:01,329][INFO][clas_trainer:133] - train epoch: 1 [43488/54400 (80%)], lr: ['1.00e-04', '1.00e-04'], loss: 0.393792
[2023-10-18 15:49:10,702][INFO][clas_trainer:133] - train epoch: 1 [48928/54400 (90%)], lr: ['1.00e-04', '1.00e-04'], loss: 0.525100
[2023-10-18 15:49:19,847][INFO][clas_trainer:133] - train epoch: 1 [54368/54400 (100%)], lr: ['1.00e-04', '1.00e-04'], loss: 0.335632
[2023-10-18 15:49:34,753][INFO][clas_trainer:63] - [epoch   1] execution time: 107.22s	metrics:
[2023-10-18 15:49:34,753][INFO][clas_evaluator:99] - dataset: earlystopping, avg f1-score: 0.3660
[2023-10-18 15:49:34,807][INFO][base_model:51] - snapshot saved to XXX/frequency-pretraining/models/exp004a-m317-base_fe_clas-2023-10-17_13-13-53-final.pth
[2023-10-18 15:49:44,547][INFO][clas_trainer:133] - train epoch: 2 [5408/54400 (10%)], lr: ['1.00e-04', '1.00e-04'], loss: 0.575358
[2023-10-18 15:49:53,685][INFO][clas_trainer:133] - train epoch: 2 [10848/54400 (20%)], lr: ['1.00e-04', '1.00e-04'], loss: 0.346347
[2023-10-18 15:50:02,756][INFO][clas_trainer:133] - train epoch: 2 [16288/54400 (30%)], lr: ['1.00e-04', '1.00e-04'], loss: 0.227028
[2023-10-18 15:50:11,940][INFO][clas_trainer:133] - train epoch: 2 [21728/54400 (40%)], lr: ['1.00e-04', '1.00e-04'], loss: 0.266435
[2023-10-18 15:50:21,188][INFO][clas_trainer:133] - train epoch: 2 [27168/54400 (50%)], lr: ['1.00e-04', '1.00e-04'], loss: 0.040919
[2023-10-18 15:50:30,333][INFO][clas_trainer:133] - train epoch: 2 [32608/54400 (60%)], lr: ['1.00e-04', '1.00e-04'], loss: 0.138350
[2023-10-18 15:50:39,501][INFO][clas_trainer:133] - train epoch: 2 [38048/54400 (70%)], lr: ['1.00e-04', '1.00e-04'], loss: 0.068043
[2023-10-18 15:50:48,849][INFO][clas_trainer:133] - train epoch: 2 [43488/54400 (80%)], lr: ['1.00e-04', '1.00e-04'], loss: 0.009298
[2023-10-18 15:50:58,196][INFO][clas_trainer:133] - train epoch: 2 [48928/54400 (90%)], lr: ['1.00e-04', '1.00e-04'], loss: 0.056342
[2023-10-18 15:51:07,439][INFO][clas_trainer:133] - train epoch: 2 [54368/54400 (100%)], lr: ['1.00e-04', '1.00e-04'], loss: 0.044459
[2023-10-18 15:51:22,314][INFO][clas_trainer:63] - [epoch   2] execution time: 107.51s	metrics:
[2023-10-18 15:51:22,315][INFO][clas_evaluator:99] - dataset: earlystopping, avg f1-score: 0.3420
[2023-10-18 15:51:31,957][INFO][clas_trainer:133] - train epoch: 3 [5408/54400 (10%)], lr: ['1.00e-04', '1.00e-04'], loss: 0.228830
[2023-10-18 15:51:40,922][INFO][clas_trainer:133] - train epoch: 3 [10848/54400 (20%)], lr: ['1.00e-04', '1.00e-04'], loss: 0.021355
[2023-10-18 15:51:50,164][INFO][clas_trainer:133] - train epoch: 3 [16288/54400 (30%)], lr: ['1.00e-04', '1.00e-04'], loss: 0.097364
[2023-10-18 15:51:59,509][INFO][clas_trainer:133] - train epoch: 3 [21728/54400 (40%)], lr: ['1.00e-04', '1.00e-04'], loss: 0.032263
[2023-10-18 15:52:08,890][INFO][clas_trainer:133] - train epoch: 3 [27168/54400 (50%)], lr: ['1.00e-04', '1.00e-04'], loss: 0.067163
[2023-10-18 15:52:17,998][INFO][clas_trainer:133] - train epoch: 3 [32608/54400 (60%)], lr: ['1.00e-04', '1.00e-04'], loss: 0.075610
[2023-10-18 15:52:27,337][INFO][clas_trainer:133] - train epoch: 3 [38048/54400 (70%)], lr: ['1.00e-04', '1.00e-04'], loss: 0.076109
[2023-10-18 15:52:36,323][INFO][clas_trainer:133] - train epoch: 3 [43488/54400 (80%)], lr: ['1.00e-04', '1.00e-04'], loss: 0.062911
[2023-10-18 15:52:45,422][INFO][clas_trainer:133] - train epoch: 3 [48928/54400 (90%)], lr: ['1.00e-04', '1.00e-04'], loss: 0.004697
[2023-10-18 15:52:54,609][INFO][clas_trainer:133] - train epoch: 3 [54368/54400 (100%)], lr: ['1.00e-04', '1.00e-04'], loss: 0.029876
[2023-10-18 15:53:09,529][INFO][clas_trainer:63] - [epoch   3] execution time: 107.21s	metrics:
[2023-10-18 15:53:09,529][INFO][clas_evaluator:99] - dataset: earlystopping, avg f1-score: 0.3347
[2023-10-18 15:53:19,150][INFO][clas_trainer:133] - train epoch: 4 [5408/54400 (10%)], lr: ['1.00e-04', '1.00e-04'], loss: 0.000886
[2023-10-18 15:53:28,290][INFO][clas_trainer:133] - train epoch: 4 [10848/54400 (20%)], lr: ['1.00e-04', '1.00e-04'], loss: 0.020127
[2023-10-18 15:53:37,801][INFO][clas_trainer:133] - train epoch: 4 [16288/54400 (30%)], lr: ['1.00e-04', '1.00e-04'], loss: 0.139023
[2023-10-18 15:53:46,785][INFO][clas_trainer:133] - train epoch: 4 [21728/54400 (40%)], lr: ['1.00e-04', '1.00e-04'], loss: 0.006534
[2023-10-18 15:53:55,928][INFO][clas_trainer:133] - train epoch: 4 [27168/54400 (50%)], lr: ['1.00e-04', '1.00e-04'], loss: 0.003436
[2023-10-18 15:54:04,990][INFO][clas_trainer:133] - train epoch: 4 [32608/54400 (60%)], lr: ['1.00e-04', '1.00e-04'], loss: 0.010153
[2023-10-18 15:54:14,292][INFO][clas_trainer:133] - train epoch: 4 [38048/54400 (70%)], lr: ['1.00e-04', '1.00e-04'], loss: 0.001094
[2023-10-18 15:54:23,530][INFO][clas_trainer:133] - train epoch: 4 [43488/54400 (80%)], lr: ['1.00e-04', '1.00e-04'], loss: 0.038749
[2023-10-18 15:54:32,628][INFO][clas_trainer:133] - train epoch: 4 [48928/54400 (90%)], lr: ['1.00e-04', '1.00e-04'], loss: 0.001767
[2023-10-18 15:54:42,058][INFO][clas_trainer:133] - train epoch: 4 [54368/54400 (100%)], lr: ['1.00e-04', '1.00e-04'], loss: 0.047954
[2023-10-18 15:54:56,865][INFO][clas_trainer:63] - [epoch   4] execution time: 107.34s	metrics:
[2023-10-18 15:54:56,865][INFO][clas_evaluator:99] - dataset: earlystopping, avg f1-score: 0.3564
[2023-10-18 15:55:06,528][INFO][clas_trainer:133] - train epoch: 5 [5408/54400 (10%)], lr: ['1.00e-04', '1.00e-04'], loss: 0.016256
[2023-10-18 15:55:15,839][INFO][clas_trainer:133] - train epoch: 5 [10848/54400 (20%)], lr: ['1.00e-04', '1.00e-04'], loss: 0.010461
[2023-10-18 15:55:24,942][INFO][clas_trainer:133] - train epoch: 5 [16288/54400 (30%)], lr: ['1.00e-04', '1.00e-04'], loss: 0.000120
[2023-10-18 15:55:33,991][INFO][clas_trainer:133] - train epoch: 5 [21728/54400 (40%)], lr: ['1.00e-04', '1.00e-04'], loss: 0.012755
[2023-10-18 15:55:43,248][INFO][clas_trainer:133] - train epoch: 5 [27168/54400 (50%)], lr: ['1.00e-04', '1.00e-04'], loss: 0.008093
[2023-10-18 15:55:52,395][INFO][clas_trainer:133] - train epoch: 5 [32608/54400 (60%)], lr: ['1.00e-04', '1.00e-04'], loss: 0.001492
[2023-10-18 15:56:01,493][INFO][clas_trainer:133] - train epoch: 5 [38048/54400 (70%)], lr: ['1.00e-04', '1.00e-04'], loss: 0.037799
[2023-10-18 15:56:10,638][INFO][clas_trainer:133] - train epoch: 5 [43488/54400 (80%)], lr: ['1.00e-04', '1.00e-04'], loss: 0.000678
[2023-10-18 15:56:19,970][INFO][clas_trainer:133] - train epoch: 5 [48928/54400 (90%)], lr: ['1.00e-04', '1.00e-04'], loss: 0.152568
[2023-10-18 15:56:29,129][INFO][clas_trainer:133] - train epoch: 5 [54368/54400 (100%)], lr: ['1.00e-04', '1.00e-04'], loss: 0.006356
[2023-10-18 15:56:43,995][INFO][clas_trainer:63] - [epoch   5] execution time: 107.13s	metrics:
[2023-10-18 15:56:43,995][INFO][clas_evaluator:99] - dataset: earlystopping, avg f1-score: 0.3352
[2023-10-18 15:56:53,941][INFO][clas_trainer:133] - train epoch: 6 [5408/54400 (10%)], lr: ['1.00e-04', '1.00e-04'], loss: 0.002524
[2023-10-18 15:57:02,968][INFO][clas_trainer:133] - train epoch: 6 [10848/54400 (20%)], lr: ['1.00e-04', '1.00e-04'], loss: 0.001745
[2023-10-18 15:57:12,301][INFO][clas_trainer:133] - train epoch: 6 [16288/54400 (30%)], lr: ['1.00e-04', '1.00e-04'], loss: 0.007536
[2023-10-18 15:57:21,331][INFO][clas_trainer:133] - train epoch: 6 [21728/54400 (40%)], lr: ['1.00e-04', '1.00e-04'], loss: 0.002171
[2023-10-18 15:57:30,665][INFO][clas_trainer:133] - train epoch: 6 [27168/54400 (50%)], lr: ['1.00e-04', '1.00e-04'], loss: 0.000413
[2023-10-18 15:57:39,829][INFO][clas_trainer:133] - train epoch: 6 [32608/54400 (60%)], lr: ['1.00e-04', '1.00e-04'], loss: 0.012919
[2023-10-18 15:57:49,143][INFO][clas_trainer:133] - train epoch: 6 [38048/54400 (70%)], lr: ['1.00e-04', '1.00e-04'], loss: 0.000152
[2023-10-18 15:57:58,196][INFO][clas_trainer:133] - train epoch: 6 [43488/54400 (80%)], lr: ['1.00e-04', '1.00e-04'], loss: 0.003399
[2023-10-18 15:58:07,526][INFO][clas_trainer:133] - train epoch: 6 [48928/54400 (90%)], lr: ['1.00e-04', '1.00e-04'], loss: 0.001297
[2023-10-18 15:58:16,752][INFO][clas_trainer:133] - train epoch: 6 [54368/54400 (100%)], lr: ['1.00e-04', '1.00e-04'], loss: 0.000327
[2023-10-18 15:58:31,493][INFO][clas_trainer:63] - [epoch   6] execution time: 107.50s	metrics:
[2023-10-18 15:58:31,493][INFO][clas_evaluator:99] - dataset: earlystopping, avg f1-score: 0.3608
[2023-10-18 15:58:41,464][INFO][clas_trainer:133] - train epoch: 7 [5408/54400 (10%)], lr: ['1.00e-04', '1.00e-04'], loss: 0.000044
[2023-10-18 15:58:50,511][INFO][clas_trainer:133] - train epoch: 7 [10848/54400 (20%)], lr: ['1.00e-04', '1.00e-04'], loss: 0.003505
[2023-10-18 15:58:59,745][INFO][clas_trainer:133] - train epoch: 7 [16288/54400 (30%)], lr: ['1.00e-04', '1.00e-04'], loss: 0.000882
[2023-10-18 15:59:08,927][INFO][clas_trainer:133] - train epoch: 7 [21728/54400 (40%)], lr: ['1.00e-04', '1.00e-04'], loss: 0.000127
[2023-10-18 15:59:18,090][INFO][clas_trainer:133] - train epoch: 7 [27168/54400 (50%)], lr: ['1.00e-04', '1.00e-04'], loss: 0.001391
[2023-10-18 15:59:27,013][INFO][clas_trainer:133] - train epoch: 7 [32608/54400 (60%)], lr: ['1.00e-04', '1.00e-04'], loss: 0.000041
[2023-10-18 15:59:36,345][INFO][clas_trainer:133] - train epoch: 7 [38048/54400 (70%)], lr: ['1.00e-04', '1.00e-04'], loss: 0.004283
[2023-10-18 15:59:45,623][INFO][clas_trainer:133] - train epoch: 7 [43488/54400 (80%)], lr: ['1.00e-04', '1.00e-04'], loss: 0.001464
[2023-10-18 15:59:54,850][INFO][clas_trainer:133] - train epoch: 7 [48928/54400 (90%)], lr: ['1.00e-04', '1.00e-04'], loss: 0.000119
[2023-10-18 16:00:03,998][INFO][clas_trainer:133] - train epoch: 7 [54368/54400 (100%)], lr: ['1.00e-04', '1.00e-04'], loss: 0.025872
[2023-10-18 16:00:18,975][INFO][clas_trainer:63] - [epoch   7] execution time: 107.48s	metrics:
[2023-10-18 16:00:18,975][INFO][clas_evaluator:99] - dataset: earlystopping, avg f1-score: 0.3734
[2023-10-18 16:00:19,031][INFO][base_model:51] - snapshot saved to XXX/frequency-pretraining/models/exp004a-m317-base_fe_clas-2023-10-17_13-13-53-final.pth
[2023-10-18 16:00:28,772][INFO][clas_trainer:133] - train epoch: 8 [5408/54400 (10%)], lr: ['1.00e-04', '1.00e-04'], loss: 0.007125
[2023-10-18 16:00:38,042][INFO][clas_trainer:133] - train epoch: 8 [10848/54400 (20%)], lr: ['1.00e-04', '1.00e-04'], loss: 0.000538
[2023-10-18 16:00:47,373][INFO][clas_trainer:133] - train epoch: 8 [16288/54400 (30%)], lr: ['1.00e-04', '1.00e-04'], loss: 0.001171
[2023-10-18 16:00:56,337][INFO][clas_trainer:133] - train epoch: 8 [21728/54400 (40%)], lr: ['1.00e-04', '1.00e-04'], loss: 0.002783
[2023-10-18 16:01:05,501][INFO][clas_trainer:133] - train epoch: 8 [27168/54400 (50%)], lr: ['1.00e-04', '1.00e-04'], loss: 0.032753
[2023-10-18 16:01:14,518][INFO][clas_trainer:133] - train epoch: 8 [32608/54400 (60%)], lr: ['1.00e-04', '1.00e-04'], loss: 0.003819
[2023-10-18 16:01:23,800][INFO][clas_trainer:133] - train epoch: 8 [38048/54400 (70%)], lr: ['1.00e-04', '1.00e-04'], loss: 0.069104
[2023-10-18 16:01:32,811][INFO][clas_trainer:133] - train epoch: 8 [43488/54400 (80%)], lr: ['1.00e-04', '1.00e-04'], loss: 0.001095
[2023-10-18 16:01:42,069][INFO][clas_trainer:133] - train epoch: 8 [48928/54400 (90%)], lr: ['1.00e-04', '1.00e-04'], loss: 0.007178
[2023-10-18 16:01:51,338][INFO][clas_trainer:133] - train epoch: 8 [54368/54400 (100%)], lr: ['1.00e-04', '1.00e-04'], loss: 0.014802
[2023-10-18 16:02:06,308][INFO][clas_trainer:63] - [epoch   8] execution time: 107.28s	metrics:
[2023-10-18 16:02:06,309][INFO][clas_evaluator:99] - dataset: earlystopping, avg f1-score: 0.3510
[2023-10-18 16:02:16,092][INFO][clas_trainer:133] - train epoch: 9 [5408/54400 (10%)], lr: ['1.00e-04', '1.00e-04'], loss: 0.000798
[2023-10-18 16:02:25,406][INFO][clas_trainer:133] - train epoch: 9 [10848/54400 (20%)], lr: ['1.00e-04', '1.00e-04'], loss: 0.000201
[2023-10-18 16:02:34,594][INFO][clas_trainer:133] - train epoch: 9 [16288/54400 (30%)], lr: ['1.00e-04', '1.00e-04'], loss: 0.000074
[2023-10-18 16:02:43,605][INFO][clas_trainer:133] - train epoch: 9 [21728/54400 (40%)], lr: ['1.00e-04', '1.00e-04'], loss: 0.030546
[2023-10-18 16:02:52,711][INFO][clas_trainer:133] - train epoch: 9 [27168/54400 (50%)], lr: ['1.00e-04', '1.00e-04'], loss: 0.000710
[2023-10-18 16:03:01,852][INFO][clas_trainer:133] - train epoch: 9 [32608/54400 (60%)], lr: ['1.00e-04', '1.00e-04'], loss: 0.000731
[2023-10-18 16:03:10,807][INFO][clas_trainer:133] - train epoch: 9 [38048/54400 (70%)], lr: ['1.00e-04', '1.00e-04'], loss: 0.001410
[2023-10-18 16:03:19,749][INFO][clas_trainer:133] - train epoch: 9 [43488/54400 (80%)], lr: ['1.00e-04', '1.00e-04'], loss: 0.000003
[2023-10-18 16:03:28,778][INFO][clas_trainer:133] - train epoch: 9 [48928/54400 (90%)], lr: ['1.00e-04', '1.00e-04'], loss: 0.011555
[2023-10-18 16:03:38,101][INFO][clas_trainer:133] - train epoch: 9 [54368/54400 (100%)], lr: ['1.00e-04', '1.00e-04'], loss: 0.225308
[2023-10-18 16:03:53,155][INFO][clas_trainer:63] - [epoch   9] execution time: 106.85s	metrics:
[2023-10-18 16:03:53,155][INFO][clas_evaluator:99] - dataset: earlystopping, avg f1-score: 0.3602
[2023-10-18 16:04:03,081][INFO][clas_trainer:133] - train epoch: 10 [5408/54400 (10%)], lr: ['1.00e-04', '1.00e-04'], loss: 0.000290
[2023-10-18 16:04:12,163][INFO][clas_trainer:133] - train epoch: 10 [10848/54400 (20%)], lr: ['1.00e-04', '1.00e-04'], loss: 0.059764
[2023-10-18 16:04:21,268][INFO][clas_trainer:133] - train epoch: 10 [16288/54400 (30%)], lr: ['1.00e-04', '1.00e-04'], loss: 0.000344
[2023-10-18 16:04:30,273][INFO][clas_trainer:133] - train epoch: 10 [21728/54400 (40%)], lr: ['1.00e-04', '1.00e-04'], loss: 0.001596
[2023-10-18 16:04:39,623][INFO][clas_trainer:133] - train epoch: 10 [27168/54400 (50%)], lr: ['1.00e-04', '1.00e-04'], loss: 0.000749
[2023-10-18 16:04:48,694][INFO][clas_trainer:133] - train epoch: 10 [32608/54400 (60%)], lr: ['1.00e-04', '1.00e-04'], loss: 0.000132
[2023-10-18 16:04:57,770][INFO][clas_trainer:133] - train epoch: 10 [38048/54400 (70%)], lr: ['1.00e-04', '1.00e-04'], loss: 0.003504
[2023-10-18 16:05:06,974][INFO][clas_trainer:133] - train epoch: 10 [43488/54400 (80%)], lr: ['1.00e-04', '1.00e-04'], loss: 0.000154
[2023-10-18 16:05:16,152][INFO][clas_trainer:133] - train epoch: 10 [48928/54400 (90%)], lr: ['1.00e-04', '1.00e-04'], loss: 0.000449
[2023-10-18 16:05:25,217][INFO][clas_trainer:133] - train epoch: 10 [54368/54400 (100%)], lr: ['1.00e-04', '1.00e-04'], loss: 0.012257
[2023-10-18 16:05:40,007][INFO][clas_trainer:63] - [epoch  10] execution time: 106.85s	metrics:
[2023-10-18 16:05:40,008][INFO][clas_evaluator:99] - dataset: earlystopping, avg f1-score: 0.3880
[2023-10-18 16:05:40,065][INFO][base_model:51] - snapshot saved to XXX/frequency-pretraining/models/exp004a-m317-base_fe_clas-2023-10-17_13-13-53-final.pth
[2023-10-18 16:05:49,869][INFO][clas_trainer:133] - train epoch: 11 [5408/54400 (10%)], lr: ['1.00e-04', '1.00e-04'], loss: 0.012051
[2023-10-18 16:05:58,911][INFO][clas_trainer:133] - train epoch: 11 [10848/54400 (20%)], lr: ['1.00e-04', '1.00e-04'], loss: 0.026586
[2023-10-18 16:06:08,101][INFO][clas_trainer:133] - train epoch: 11 [16288/54400 (30%)], lr: ['1.00e-04', '1.00e-04'], loss: 0.000073
[2023-10-18 16:06:17,371][INFO][clas_trainer:133] - train epoch: 11 [21728/54400 (40%)], lr: ['1.00e-04', '1.00e-04'], loss: 0.009690
[2023-10-18 16:06:26,571][INFO][clas_trainer:133] - train epoch: 11 [27168/54400 (50%)], lr: ['1.00e-04', '1.00e-04'], loss: 0.001342
[2023-10-18 16:06:35,750][INFO][clas_trainer:133] - train epoch: 11 [32608/54400 (60%)], lr: ['1.00e-04', '1.00e-04'], loss: 0.001251
[2023-10-18 16:06:45,008][INFO][clas_trainer:133] - train epoch: 11 [38048/54400 (70%)], lr: ['1.00e-04', '1.00e-04'], loss: 0.000073
[2023-10-18 16:06:54,378][INFO][clas_trainer:133] - train epoch: 11 [43488/54400 (80%)], lr: ['1.00e-04', '1.00e-04'], loss: 0.007966
[2023-10-18 16:07:03,486][INFO][clas_trainer:133] - train epoch: 11 [48928/54400 (90%)], lr: ['1.00e-04', '1.00e-04'], loss: 0.001031
[2023-10-18 16:07:12,651][INFO][clas_trainer:133] - train epoch: 11 [54368/54400 (100%)], lr: ['1.00e-04', '1.00e-04'], loss: 0.000278
[2023-10-18 16:07:27,582][INFO][clas_trainer:63] - [epoch  11] execution time: 107.52s	metrics:
[2023-10-18 16:07:27,583][INFO][clas_evaluator:99] - dataset: earlystopping, avg f1-score: 0.3597
[2023-10-18 16:07:37,259][INFO][clas_trainer:133] - train epoch: 12 [5408/54400 (10%)], lr: ['1.00e-04', '1.00e-04'], loss: 0.000634
[2023-10-18 16:07:46,510][INFO][clas_trainer:133] - train epoch: 12 [10848/54400 (20%)], lr: ['1.00e-04', '1.00e-04'], loss: 0.000678
[2023-10-18 16:07:55,650][INFO][clas_trainer:133] - train epoch: 12 [16288/54400 (30%)], lr: ['1.00e-04', '1.00e-04'], loss: 0.001021
[2023-10-18 16:08:05,122][INFO][clas_trainer:133] - train epoch: 12 [21728/54400 (40%)], lr: ['1.00e-04', '1.00e-04'], loss: 0.000369
[2023-10-18 16:08:14,196][INFO][clas_trainer:133] - train epoch: 12 [27168/54400 (50%)], lr: ['1.00e-04', '1.00e-04'], loss: 0.000407
[2023-10-18 16:08:23,386][INFO][clas_trainer:133] - train epoch: 12 [32608/54400 (60%)], lr: ['1.00e-04', '1.00e-04'], loss: 0.000269
[2023-10-18 16:08:32,615][INFO][clas_trainer:133] - train epoch: 12 [38048/54400 (70%)], lr: ['1.00e-04', '1.00e-04'], loss: 0.000093
[2023-10-18 16:08:41,851][INFO][clas_trainer:133] - train epoch: 12 [43488/54400 (80%)], lr: ['1.00e-04', '1.00e-04'], loss: 0.008297
[2023-10-18 16:08:50,984][INFO][clas_trainer:133] - train epoch: 12 [48928/54400 (90%)], lr: ['1.00e-04', '1.00e-04'], loss: 0.011203
[2023-10-18 16:09:00,123][INFO][clas_trainer:133] - train epoch: 12 [54368/54400 (100%)], lr: ['1.00e-04', '1.00e-04'], loss: 0.000824
[2023-10-18 16:09:15,223][INFO][clas_trainer:63] - [epoch  12] execution time: 107.64s	metrics:
[2023-10-18 16:09:15,223][INFO][clas_evaluator:99] - dataset: earlystopping, avg f1-score: 0.4293
[2023-10-18 16:09:15,281][INFO][base_model:51] - snapshot saved to XXX/frequency-pretraining/models/exp004a-m317-base_fe_clas-2023-10-17_13-13-53-final.pth
[2023-10-18 16:09:24,941][INFO][clas_trainer:133] - train epoch: 13 [5408/54400 (10%)], lr: ['1.00e-04', '1.00e-04'], loss: 0.006719
[2023-10-18 16:09:33,933][INFO][clas_trainer:133] - train epoch: 13 [10848/54400 (20%)], lr: ['1.00e-04', '1.00e-04'], loss: 0.000134
[2023-10-18 16:09:43,384][INFO][clas_trainer:133] - train epoch: 13 [16288/54400 (30%)], lr: ['1.00e-04', '1.00e-04'], loss: 0.000094
[2023-10-18 16:09:52,682][INFO][clas_trainer:133] - train epoch: 13 [21728/54400 (40%)], lr: ['1.00e-04', '1.00e-04'], loss: 0.002781
[2023-10-18 16:10:01,678][INFO][clas_trainer:133] - train epoch: 13 [27168/54400 (50%)], lr: ['1.00e-04', '1.00e-04'], loss: 0.000182
[2023-10-18 16:10:11,062][INFO][clas_trainer:133] - train epoch: 13 [32608/54400 (60%)], lr: ['1.00e-04', '1.00e-04'], loss: 0.001369
[2023-10-18 16:10:20,036][INFO][clas_trainer:133] - train epoch: 13 [38048/54400 (70%)], lr: ['1.00e-04', '1.00e-04'], loss: 0.000959
[2023-10-18 16:10:29,170][INFO][clas_trainer:133] - train epoch: 13 [43488/54400 (80%)], lr: ['1.00e-04', '1.00e-04'], loss: 0.000047
[2023-10-18 16:10:38,417][INFO][clas_trainer:133] - train epoch: 13 [48928/54400 (90%)], lr: ['1.00e-04', '1.00e-04'], loss: 0.000033
[2023-10-18 16:10:47,761][INFO][clas_trainer:133] - train epoch: 13 [54368/54400 (100%)], lr: ['1.00e-04', '1.00e-04'], loss: 0.000700
[2023-10-18 16:11:02,610][INFO][clas_trainer:63] - [epoch  13] execution time: 107.33s	metrics:
[2023-10-18 16:11:02,610][INFO][clas_evaluator:99] - dataset: earlystopping, avg f1-score: 0.4236
[2023-10-18 16:11:12,238][INFO][clas_trainer:133] - train epoch: 14 [5408/54400 (10%)], lr: ['1.00e-04', '1.00e-04'], loss: 0.002687
[2023-10-18 16:11:21,526][INFO][clas_trainer:133] - train epoch: 14 [10848/54400 (20%)], lr: ['1.00e-04', '1.00e-04'], loss: 0.000316
[2023-10-18 16:11:30,639][INFO][clas_trainer:133] - train epoch: 14 [16288/54400 (30%)], lr: ['1.00e-04', '1.00e-04'], loss: 0.001525
[2023-10-18 16:11:39,714][INFO][clas_trainer:133] - train epoch: 14 [21728/54400 (40%)], lr: ['1.00e-04', '1.00e-04'], loss: 0.000078
[2023-10-18 16:11:48,813][INFO][clas_trainer:133] - train epoch: 14 [27168/54400 (50%)], lr: ['1.00e-04', '1.00e-04'], loss: 0.145627
[2023-10-18 16:11:58,221][INFO][clas_trainer:133] - train epoch: 14 [32608/54400 (60%)], lr: ['1.00e-04', '1.00e-04'], loss: 0.001041
[2023-10-18 16:12:07,290][INFO][clas_trainer:133] - train epoch: 14 [38048/54400 (70%)], lr: ['1.00e-04', '1.00e-04'], loss: 0.000199
[2023-10-18 16:12:16,554][INFO][clas_trainer:133] - train epoch: 14 [43488/54400 (80%)], lr: ['1.00e-04', '1.00e-04'], loss: 0.005731
[2023-10-18 16:12:25,786][INFO][clas_trainer:133] - train epoch: 14 [48928/54400 (90%)], lr: ['1.00e-04', '1.00e-04'], loss: 0.003902
[2023-10-18 16:12:35,044][INFO][clas_trainer:133] - train epoch: 14 [54368/54400 (100%)], lr: ['1.00e-04', '1.00e-04'], loss: 0.004378
[2023-10-18 16:12:50,223][INFO][clas_trainer:63] - [epoch  14] execution time: 107.61s	metrics:
[2023-10-18 16:12:50,223][INFO][clas_evaluator:99] - dataset: earlystopping, avg f1-score: 0.3666
[2023-10-18 16:13:00,008][INFO][clas_trainer:133] - train epoch: 15 [5408/54400 (10%)], lr: ['1.00e-04', '1.00e-04'], loss: 0.000096
[2023-10-18 16:13:09,110][INFO][clas_trainer:133] - train epoch: 15 [10848/54400 (20%)], lr: ['1.00e-04', '1.00e-04'], loss: 0.005552
[2023-10-18 16:13:18,252][INFO][clas_trainer:133] - train epoch: 15 [16288/54400 (30%)], lr: ['1.00e-04', '1.00e-04'], loss: 0.000321
[2023-10-18 16:13:27,354][INFO][clas_trainer:133] - train epoch: 15 [21728/54400 (40%)], lr: ['1.00e-04', '1.00e-04'], loss: 0.005858
[2023-10-18 16:13:36,762][INFO][clas_trainer:133] - train epoch: 15 [27168/54400 (50%)], lr: ['1.00e-04', '1.00e-04'], loss: 0.001045
[2023-10-18 16:13:45,820][INFO][clas_trainer:133] - train epoch: 15 [32608/54400 (60%)], lr: ['1.00e-04', '1.00e-04'], loss: 0.014263
[2023-10-18 16:13:55,114][INFO][clas_trainer:133] - train epoch: 15 [38048/54400 (70%)], lr: ['1.00e-04', '1.00e-04'], loss: 0.000188
[2023-10-18 16:14:04,151][INFO][clas_trainer:133] - train epoch: 15 [43488/54400 (80%)], lr: ['1.00e-04', '1.00e-04'], loss: 0.000391
[2023-10-18 16:14:13,466][INFO][clas_trainer:133] - train epoch: 15 [48928/54400 (90%)], lr: ['1.00e-04', '1.00e-04'], loss: 0.000445
[2023-10-18 16:14:22,787][INFO][clas_trainer:133] - train epoch: 15 [54368/54400 (100%)], lr: ['1.00e-04', '1.00e-04'], loss: 0.060420
[2023-10-18 16:14:37,638][INFO][clas_trainer:63] - [epoch  15] execution time: 107.41s	metrics:
[2023-10-18 16:14:37,638][INFO][clas_evaluator:99] - dataset: earlystopping, avg f1-score: 0.4650
[2023-10-18 16:14:37,696][INFO][base_model:51] - snapshot saved to XXX/frequency-pretraining/models/exp004a-m317-base_fe_clas-2023-10-17_13-13-53-final.pth
[2023-10-18 16:14:47,387][INFO][clas_trainer:133] - train epoch: 16 [5408/54400 (10%)], lr: ['1.00e-04', '1.00e-04'], loss: 0.031846
[2023-10-18 16:14:56,728][INFO][clas_trainer:133] - train epoch: 16 [10848/54400 (20%)], lr: ['1.00e-04', '1.00e-04'], loss: 0.000320
[2023-10-18 16:15:05,821][INFO][clas_trainer:133] - train epoch: 16 [16288/54400 (30%)], lr: ['1.00e-04', '1.00e-04'], loss: 0.000784
[2023-10-18 16:15:15,140][INFO][clas_trainer:133] - train epoch: 16 [21728/54400 (40%)], lr: ['1.00e-04', '1.00e-04'], loss: 0.000355
[2023-10-18 16:15:24,210][INFO][clas_trainer:133] - train epoch: 16 [27168/54400 (50%)], lr: ['1.00e-04', '1.00e-04'], loss: 0.000077
[2023-10-18 16:15:33,598][INFO][clas_trainer:133] - train epoch: 16 [32608/54400 (60%)], lr: ['1.00e-04', '1.00e-04'], loss: 0.005984
[2023-10-18 16:15:42,722][INFO][clas_trainer:133] - train epoch: 16 [38048/54400 (70%)], lr: ['1.00e-04', '1.00e-04'], loss: 0.005032
[2023-10-18 16:15:51,760][INFO][clas_trainer:133] - train epoch: 16 [43488/54400 (80%)], lr: ['1.00e-04', '1.00e-04'], loss: 0.000335
[2023-10-18 16:16:00,917][INFO][clas_trainer:133] - train epoch: 16 [48928/54400 (90%)], lr: ['1.00e-04', '1.00e-04'], loss: 0.004024
[2023-10-18 16:16:10,032][INFO][clas_trainer:133] - train epoch: 16 [54368/54400 (100%)], lr: ['1.00e-04', '1.00e-04'], loss: 0.001163
[2023-10-18 16:16:24,844][INFO][clas_trainer:63] - [epoch  16] execution time: 107.15s	metrics:
[2023-10-18 16:16:24,844][INFO][clas_evaluator:99] - dataset: earlystopping, avg f1-score: 0.4673
[2023-10-18 16:16:24,900][INFO][base_model:51] - snapshot saved to XXX/frequency-pretraining/models/exp004a-m317-base_fe_clas-2023-10-17_13-13-53-final.pth
[2023-10-18 16:16:34,534][INFO][clas_trainer:133] - train epoch: 17 [5408/54400 (10%)], lr: ['1.00e-04', '1.00e-04'], loss: 0.000438
[2023-10-18 16:16:43,611][INFO][clas_trainer:133] - train epoch: 17 [10848/54400 (20%)], lr: ['1.00e-04', '1.00e-04'], loss: 0.000767
[2023-10-18 16:16:52,951][INFO][clas_trainer:133] - train epoch: 17 [16288/54400 (30%)], lr: ['1.00e-04', '1.00e-04'], loss: 0.000664
[2023-10-18 16:17:01,991][INFO][clas_trainer:133] - train epoch: 17 [21728/54400 (40%)], lr: ['1.00e-04', '1.00e-04'], loss: 0.000827
[2023-10-18 16:17:11,171][INFO][clas_trainer:133] - train epoch: 17 [27168/54400 (50%)], lr: ['1.00e-04', '1.00e-04'], loss: 0.000410
[2023-10-18 16:17:20,359][INFO][clas_trainer:133] - train epoch: 17 [32608/54400 (60%)], lr: ['1.00e-04', '1.00e-04'], loss: 0.000164
[2023-10-18 16:17:29,516][INFO][clas_trainer:133] - train epoch: 17 [38048/54400 (70%)], lr: ['1.00e-04', '1.00e-04'], loss: 0.000231
[2023-10-18 16:17:38,532][INFO][clas_trainer:133] - train epoch: 17 [43488/54400 (80%)], lr: ['1.00e-04', '1.00e-04'], loss: 0.030081
[2023-10-18 16:17:47,800][INFO][clas_trainer:133] - train epoch: 17 [48928/54400 (90%)], lr: ['1.00e-04', '1.00e-04'], loss: 0.001077
[2023-10-18 16:17:57,117][INFO][clas_trainer:133] - train epoch: 17 [54368/54400 (100%)], lr: ['1.00e-04', '1.00e-04'], loss: 0.000222
[2023-10-18 16:18:12,022][INFO][clas_trainer:63] - [epoch  17] execution time: 107.12s	metrics:
[2023-10-18 16:18:12,023][INFO][clas_evaluator:99] - dataset: earlystopping, avg f1-score: 0.4704
[2023-10-18 16:18:12,078][INFO][base_model:51] - snapshot saved to XXX/frequency-pretraining/models/exp004a-m317-base_fe_clas-2023-10-17_13-13-53-final.pth
[2023-10-18 16:18:21,779][INFO][clas_trainer:133] - train epoch: 18 [5408/54400 (10%)], lr: ['1.00e-04', '1.00e-04'], loss: 0.001678
[2023-10-18 16:18:31,037][INFO][clas_trainer:133] - train epoch: 18 [10848/54400 (20%)], lr: ['1.00e-04', '1.00e-04'], loss: 0.006070
[2023-10-18 16:18:40,126][INFO][clas_trainer:133] - train epoch: 18 [16288/54400 (30%)], lr: ['1.00e-04', '1.00e-04'], loss: 0.000172
[2023-10-18 16:18:49,146][INFO][clas_trainer:133] - train epoch: 18 [21728/54400 (40%)], lr: ['1.00e-04', '1.00e-04'], loss: 0.000217
[2023-10-18 16:18:58,271][INFO][clas_trainer:133] - train epoch: 18 [27168/54400 (50%)], lr: ['1.00e-04', '1.00e-04'], loss: 0.000291
[2023-10-18 16:19:07,437][INFO][clas_trainer:133] - train epoch: 18 [32608/54400 (60%)], lr: ['1.00e-04', '1.00e-04'], loss: 0.000627
[2023-10-18 16:19:16,614][INFO][clas_trainer:133] - train epoch: 18 [38048/54400 (70%)], lr: ['1.00e-04', '1.00e-04'], loss: 0.000174
[2023-10-18 16:19:25,586][INFO][clas_trainer:133] - train epoch: 18 [43488/54400 (80%)], lr: ['1.00e-04', '1.00e-04'], loss: 0.005243
[2023-10-18 16:19:34,762][INFO][clas_trainer:133] - train epoch: 18 [48928/54400 (90%)], lr: ['1.00e-04', '1.00e-04'], loss: 0.003047
[2023-10-18 16:19:44,011][INFO][clas_trainer:133] - train epoch: 18 [54368/54400 (100%)], lr: ['1.00e-04', '1.00e-04'], loss: 0.013523
[2023-10-18 16:19:58,615][INFO][clas_trainer:63] - [epoch  18] execution time: 106.54s	metrics:
[2023-10-18 16:19:58,615][INFO][clas_evaluator:99] - dataset: earlystopping, avg f1-score: 0.4510
[2023-10-18 16:20:08,354][INFO][clas_trainer:133] - train epoch: 19 [5408/54400 (10%)], lr: ['1.00e-04', '1.00e-04'], loss: 0.000524
[2023-10-18 16:20:17,614][INFO][clas_trainer:133] - train epoch: 19 [10848/54400 (20%)], lr: ['1.00e-04', '1.00e-04'], loss: 0.003929
[2023-10-18 16:20:26,766][INFO][clas_trainer:133] - train epoch: 19 [16288/54400 (30%)], lr: ['1.00e-04', '1.00e-04'], loss: 0.000297
[2023-10-18 16:20:35,948][INFO][clas_trainer:133] - train epoch: 19 [21728/54400 (40%)], lr: ['1.00e-04', '1.00e-04'], loss: 0.000315
[2023-10-18 16:20:45,327][INFO][clas_trainer:133] - train epoch: 19 [27168/54400 (50%)], lr: ['1.00e-04', '1.00e-04'], loss: 0.001097
[2023-10-18 16:20:54,418][INFO][clas_trainer:133] - train epoch: 19 [32608/54400 (60%)], lr: ['1.00e-04', '1.00e-04'], loss: 0.000782
[2023-10-18 16:21:03,577][INFO][clas_trainer:133] - train epoch: 19 [38048/54400 (70%)], lr: ['1.00e-04', '1.00e-04'], loss: 0.000656
[2023-10-18 16:21:12,709][INFO][clas_trainer:133] - train epoch: 19 [43488/54400 (80%)], lr: ['1.00e-04', '1.00e-04'], loss: 0.000263
[2023-10-18 16:21:22,173][INFO][clas_trainer:133] - train epoch: 19 [48928/54400 (90%)], lr: ['1.00e-04', '1.00e-04'], loss: 0.001279
[2023-10-18 16:21:31,347][INFO][clas_trainer:133] - train epoch: 19 [54368/54400 (100%)], lr: ['1.00e-04', '1.00e-04'], loss: 0.000168
[2023-10-18 16:21:46,056][INFO][clas_trainer:63] - [epoch  19] execution time: 107.44s	metrics:
[2023-10-18 16:21:46,056][INFO][clas_evaluator:99] - dataset: earlystopping, avg f1-score: 0.4165
[2023-10-18 16:21:55,827][INFO][clas_trainer:133] - train epoch: 20 [5408/54400 (10%)], lr: ['1.00e-04', '1.00e-04'], loss: 0.000751
[2023-10-18 16:22:04,873][INFO][clas_trainer:133] - train epoch: 20 [10848/54400 (20%)], lr: ['1.00e-04', '1.00e-04'], loss: 0.000603
[2023-10-18 16:22:14,077][INFO][clas_trainer:133] - train epoch: 20 [16288/54400 (30%)], lr: ['1.00e-04', '1.00e-04'], loss: 0.004152
[2023-10-18 16:22:23,551][INFO][clas_trainer:133] - train epoch: 20 [21728/54400 (40%)], lr: ['1.00e-04', '1.00e-04'], loss: 0.001107
[2023-10-18 16:22:32,553][INFO][clas_trainer:133] - train epoch: 20 [27168/54400 (50%)], lr: ['1.00e-04', '1.00e-04'], loss: 0.005650
[2023-10-18 16:22:41,774][INFO][clas_trainer:133] - train epoch: 20 [32608/54400 (60%)], lr: ['1.00e-04', '1.00e-04'], loss: 0.001313
[2023-10-18 16:22:50,848][INFO][clas_trainer:133] - train epoch: 20 [38048/54400 (70%)], lr: ['1.00e-04', '1.00e-04'], loss: 0.004270
[2023-10-18 16:23:00,310][INFO][clas_trainer:133] - train epoch: 20 [43488/54400 (80%)], lr: ['1.00e-04', '1.00e-04'], loss: 0.001496
[2023-10-18 16:23:09,282][INFO][clas_trainer:133] - train epoch: 20 [48928/54400 (90%)], lr: ['1.00e-04', '1.00e-04'], loss: 0.003744
[2023-10-18 16:23:18,506][INFO][clas_trainer:133] - train epoch: 20 [54368/54400 (100%)], lr: ['1.00e-04', '1.00e-04'], loss: 0.001743
[2023-10-18 16:23:33,547][INFO][clas_trainer:63] - [epoch  20] execution time: 107.49s	metrics:
[2023-10-18 16:23:33,548][INFO][clas_evaluator:99] - dataset: earlystopping, avg f1-score: 0.4885
[2023-10-18 16:23:33,603][INFO][base_model:51] - snapshot saved to XXX/frequency-pretraining/models/exp004a-m317-base_fe_clas-2023-10-17_13-13-53-final.pth
[2023-10-18 16:23:43,263][INFO][clas_trainer:133] - train epoch: 21 [5408/54400 (10%)], lr: ['1.00e-04', '1.00e-04'], loss: 0.003088
[2023-10-18 16:23:52,398][INFO][clas_trainer:133] - train epoch: 21 [10848/54400 (20%)], lr: ['1.00e-04', '1.00e-04'], loss: 0.001108
[2023-10-18 16:24:01,804][INFO][clas_trainer:133] - train epoch: 21 [16288/54400 (30%)], lr: ['1.00e-04', '1.00e-04'], loss: 0.000717
[2023-10-18 16:24:11,107][INFO][clas_trainer:133] - train epoch: 21 [21728/54400 (40%)], lr: ['1.00e-04', '1.00e-04'], loss: 0.000247
[2023-10-18 16:24:20,341][INFO][clas_trainer:133] - train epoch: 21 [27168/54400 (50%)], lr: ['1.00e-04', '1.00e-04'], loss: 0.000193
[2023-10-18 16:24:29,776][INFO][clas_trainer:133] - train epoch: 21 [32608/54400 (60%)], lr: ['1.00e-04', '1.00e-04'], loss: 0.000439
[2023-10-18 16:24:39,113][INFO][clas_trainer:133] - train epoch: 21 [38048/54400 (70%)], lr: ['1.00e-04', '1.00e-04'], loss: 0.001746
[2023-10-18 16:24:48,391][INFO][clas_trainer:133] - train epoch: 21 [43488/54400 (80%)], lr: ['1.00e-04', '1.00e-04'], loss: 0.000207
[2023-10-18 16:24:57,367][INFO][clas_trainer:133] - train epoch: 21 [48928/54400 (90%)], lr: ['1.00e-04', '1.00e-04'], loss: 0.000902
[2023-10-18 16:25:06,804][INFO][clas_trainer:133] - train epoch: 21 [54368/54400 (100%)], lr: ['1.00e-04', '1.00e-04'], loss: 0.003439
[2023-10-18 16:25:21,563][INFO][clas_trainer:63] - [epoch  21] execution time: 107.96s	metrics:
[2023-10-18 16:25:21,563][INFO][clas_evaluator:99] - dataset: earlystopping, avg f1-score: 0.4740
[2023-10-18 16:25:31,149][INFO][clas_trainer:133] - train epoch: 22 [5408/54400 (10%)], lr: ['1.00e-04', '1.00e-04'], loss: 0.001054
[2023-10-18 16:25:40,703][INFO][clas_trainer:133] - train epoch: 22 [10848/54400 (20%)], lr: ['1.00e-04', '1.00e-04'], loss: 0.001879
[2023-10-18 16:25:49,893][INFO][clas_trainer:133] - train epoch: 22 [16288/54400 (30%)], lr: ['1.00e-04', '1.00e-04'], loss: 0.000848
[2023-10-18 16:25:59,047][INFO][clas_trainer:133] - train epoch: 22 [21728/54400 (40%)], lr: ['1.00e-04', '1.00e-04'], loss: 0.003888
[2023-10-18 16:26:07,936][INFO][clas_trainer:133] - train epoch: 22 [27168/54400 (50%)], lr: ['1.00e-04', '1.00e-04'], loss: 0.000610
[2023-10-18 16:26:17,194][INFO][clas_trainer:133] - train epoch: 22 [32608/54400 (60%)], lr: ['1.00e-04', '1.00e-04'], loss: 0.003919
[2023-10-18 16:26:26,192][INFO][clas_trainer:133] - train epoch: 22 [38048/54400 (70%)], lr: ['1.00e-04', '1.00e-04'], loss: 0.000338
[2023-10-18 16:26:35,384][INFO][clas_trainer:133] - train epoch: 22 [43488/54400 (80%)], lr: ['1.00e-04', '1.00e-04'], loss: 0.001700
[2023-10-18 16:26:44,441][INFO][clas_trainer:133] - train epoch: 22 [48928/54400 (90%)], lr: ['1.00e-04', '1.00e-04'], loss: 0.000578
[2023-10-18 16:26:53,887][INFO][clas_trainer:133] - train epoch: 22 [54368/54400 (100%)], lr: ['1.00e-04', '1.00e-04'], loss: 0.000549
[2023-10-18 16:27:08,625][INFO][clas_trainer:63] - [epoch  22] execution time: 107.06s	metrics:
[2023-10-18 16:27:08,626][INFO][clas_evaluator:99] - dataset: earlystopping, avg f1-score: 0.4855
[2023-10-18 16:27:18,291][INFO][clas_trainer:133] - train epoch: 23 [5408/54400 (10%)], lr: ['1.00e-04', '1.00e-04'], loss: 0.000605
[2023-10-18 16:27:27,700][INFO][clas_trainer:133] - train epoch: 23 [10848/54400 (20%)], lr: ['1.00e-04', '1.00e-04'], loss: 0.001576
[2023-10-18 16:27:36,794][INFO][clas_trainer:133] - train epoch: 23 [16288/54400 (30%)], lr: ['1.00e-04', '1.00e-04'], loss: 0.000578
[2023-10-18 16:27:45,973][INFO][clas_trainer:133] - train epoch: 23 [21728/54400 (40%)], lr: ['1.00e-04', '1.00e-04'], loss: 0.000789
[2023-10-18 16:27:55,136][INFO][clas_trainer:133] - train epoch: 23 [27168/54400 (50%)], lr: ['1.00e-04', '1.00e-04'], loss: 0.000239
[2023-10-18 16:28:04,190][INFO][clas_trainer:133] - train epoch: 23 [32608/54400 (60%)], lr: ['1.00e-04', '1.00e-04'], loss: 0.014301
[2023-10-18 16:28:13,193][INFO][clas_trainer:133] - train epoch: 23 [38048/54400 (70%)], lr: ['1.00e-04', '1.00e-04'], loss: 0.023476
[2023-10-18 16:28:22,444][INFO][clas_trainer:133] - train epoch: 23 [43488/54400 (80%)], lr: ['1.00e-04', '1.00e-04'], loss: 0.000562
[2023-10-18 16:28:31,660][INFO][clas_trainer:133] - train epoch: 23 [48928/54400 (90%)], lr: ['1.00e-04', '1.00e-04'], loss: 0.001729
[2023-10-18 16:28:41,086][INFO][clas_trainer:133] - train epoch: 23 [54368/54400 (100%)], lr: ['1.00e-04', '1.00e-04'], loss: 0.000690
[2023-10-18 16:28:55,773][INFO][clas_trainer:63] - [epoch  23] execution time: 107.15s	metrics:
[2023-10-18 16:28:55,774][INFO][clas_evaluator:99] - dataset: earlystopping, avg f1-score: 0.5095
[2023-10-18 16:28:55,830][INFO][base_model:51] - snapshot saved to XXX/frequency-pretraining/models/exp004a-m317-base_fe_clas-2023-10-17_13-13-53-final.pth
[2023-10-18 16:29:05,645][INFO][clas_trainer:133] - train epoch: 24 [5408/54400 (10%)], lr: ['1.00e-04', '1.00e-04'], loss: 0.002093
[2023-10-18 16:29:14,900][INFO][clas_trainer:133] - train epoch: 24 [10848/54400 (20%)], lr: ['1.00e-04', '1.00e-04'], loss: 0.003943
[2023-10-18 16:29:24,181][INFO][clas_trainer:133] - train epoch: 24 [16288/54400 (30%)], lr: ['1.00e-04', '1.00e-04'], loss: 0.000935
[2023-10-18 16:29:33,260][INFO][clas_trainer:133] - train epoch: 24 [21728/54400 (40%)], lr: ['1.00e-04', '1.00e-04'], loss: 0.000389
[2023-10-18 16:29:42,577][INFO][clas_trainer:133] - train epoch: 24 [27168/54400 (50%)], lr: ['1.00e-04', '1.00e-04'], loss: 0.003885
[2023-10-18 16:29:51,857][INFO][clas_trainer:133] - train epoch: 24 [32608/54400 (60%)], lr: ['1.00e-04', '1.00e-04'], loss: 0.001266
[2023-10-18 16:30:01,272][INFO][clas_trainer:133] - train epoch: 24 [38048/54400 (70%)], lr: ['1.00e-04', '1.00e-04'], loss: 0.000519
[2023-10-18 16:30:10,578][INFO][clas_trainer:133] - train epoch: 24 [43488/54400 (80%)], lr: ['1.00e-04', '1.00e-04'], loss: 0.001171
[2023-10-18 16:30:19,725][INFO][clas_trainer:133] - train epoch: 24 [48928/54400 (90%)], lr: ['1.00e-04', '1.00e-04'], loss: 0.000309
[2023-10-18 16:30:29,006][INFO][clas_trainer:133] - train epoch: 24 [54368/54400 (100%)], lr: ['1.00e-04', '1.00e-04'], loss: 0.000583
[2023-10-18 16:30:43,917][INFO][clas_trainer:63] - [epoch  24] execution time: 108.09s	metrics:
[2023-10-18 16:30:43,917][INFO][clas_evaluator:99] - dataset: earlystopping, avg f1-score: 0.4772
[2023-10-18 16:30:53,607][INFO][clas_trainer:133] - train epoch: 25 [5408/54400 (10%)], lr: ['1.00e-04', '1.00e-04'], loss: 0.001257
[2023-10-18 16:31:02,734][INFO][clas_trainer:133] - train epoch: 25 [10848/54400 (20%)], lr: ['1.00e-04', '1.00e-04'], loss: 0.001271
[2023-10-18 16:31:12,066][INFO][clas_trainer:133] - train epoch: 25 [16288/54400 (30%)], lr: ['1.00e-04', '1.00e-04'], loss: 0.001415
[2023-10-18 16:31:21,178][INFO][clas_trainer:133] - train epoch: 25 [21728/54400 (40%)], lr: ['1.00e-04', '1.00e-04'], loss: 0.000980
[2023-10-18 16:31:30,228][INFO][clas_trainer:133] - train epoch: 25 [27168/54400 (50%)], lr: ['1.00e-04', '1.00e-04'], loss: 0.001073
[2023-10-18 16:31:39,322][INFO][clas_trainer:133] - train epoch: 25 [32608/54400 (60%)], lr: ['1.00e-04', '1.00e-04'], loss: 0.000851
[2023-10-18 16:31:48,773][INFO][clas_trainer:133] - train epoch: 25 [38048/54400 (70%)], lr: ['1.00e-04', '1.00e-04'], loss: 0.001679
[2023-10-18 16:31:57,891][INFO][clas_trainer:133] - train epoch: 25 [43488/54400 (80%)], lr: ['1.00e-04', '1.00e-04'], loss: 0.001530
[2023-10-18 16:32:07,081][INFO][clas_trainer:133] - train epoch: 25 [48928/54400 (90%)], lr: ['1.00e-04', '1.00e-04'], loss: 0.001034
[2023-10-18 16:32:16,220][INFO][clas_trainer:133] - train epoch: 25 [54368/54400 (100%)], lr: ['1.00e-04', '1.00e-04'], loss: 0.000676
[2023-10-18 16:32:31,136][INFO][clas_trainer:63] - [epoch  25] execution time: 107.22s	metrics:
[2023-10-18 16:32:31,137][INFO][clas_evaluator:99] - dataset: earlystopping, avg f1-score: 0.5022
[2023-10-18 16:32:40,838][INFO][clas_trainer:133] - train epoch: 26 [5408/54400 (10%)], lr: ['1.00e-04', '1.00e-04'], loss: 0.011947
[2023-10-18 16:32:50,020][INFO][clas_trainer:133] - train epoch: 26 [10848/54400 (20%)], lr: ['1.00e-04', '1.00e-04'], loss: 0.001777
[2023-10-18 16:32:59,396][INFO][clas_trainer:133] - train epoch: 26 [16288/54400 (30%)], lr: ['1.00e-04', '1.00e-04'], loss: 0.000639
[2023-10-18 16:33:08,569][INFO][clas_trainer:133] - train epoch: 26 [21728/54400 (40%)], lr: ['1.00e-04', '1.00e-04'], loss: 0.001971
[2023-10-18 16:33:17,556][INFO][clas_trainer:133] - train epoch: 26 [27168/54400 (50%)], lr: ['1.00e-04', '1.00e-04'], loss: 0.000875
[2023-10-18 16:33:26,974][INFO][clas_trainer:133] - train epoch: 26 [32608/54400 (60%)], lr: ['1.00e-04', '1.00e-04'], loss: 0.001357
[2023-10-18 16:33:35,923][INFO][clas_trainer:133] - train epoch: 26 [38048/54400 (70%)], lr: ['1.00e-04', '1.00e-04'], loss: 0.002728
[2023-10-18 16:33:44,941][INFO][clas_trainer:133] - train epoch: 26 [43488/54400 (80%)], lr: ['1.00e-04', '1.00e-04'], loss: 0.001401
[2023-10-18 16:33:54,067][INFO][clas_trainer:133] - train epoch: 26 [48928/54400 (90%)], lr: ['1.00e-04', '1.00e-04'], loss: 0.000478
[2023-10-18 16:34:03,301][INFO][clas_trainer:133] - train epoch: 26 [54368/54400 (100%)], lr: ['1.00e-04', '1.00e-04'], loss: 0.005952
[2023-10-18 16:34:18,065][INFO][clas_trainer:63] - [epoch  26] execution time: 106.93s	metrics:
[2023-10-18 16:34:18,066][INFO][clas_evaluator:99] - dataset: earlystopping, avg f1-score: 0.5236
[2023-10-18 16:34:18,122][INFO][base_model:51] - snapshot saved to XXX/frequency-pretraining/models/exp004a-m317-base_fe_clas-2023-10-17_13-13-53-final.pth
[2023-10-18 16:34:27,720][INFO][clas_trainer:133] - train epoch: 27 [5408/54400 (10%)], lr: ['1.00e-04', '1.00e-04'], loss: 0.000329
[2023-10-18 16:34:36,936][INFO][clas_trainer:133] - train epoch: 27 [10848/54400 (20%)], lr: ['1.00e-04', '1.00e-04'], loss: 0.002441
[2023-10-18 16:34:46,234][INFO][clas_trainer:133] - train epoch: 27 [16288/54400 (30%)], lr: ['1.00e-04', '1.00e-04'], loss: 0.000980
[2023-10-18 16:34:55,200][INFO][clas_trainer:133] - train epoch: 27 [21728/54400 (40%)], lr: ['1.00e-04', '1.00e-04'], loss: 0.237035
[2023-10-18 16:35:04,362][INFO][clas_trainer:133] - train epoch: 27 [27168/54400 (50%)], lr: ['1.00e-04', '1.00e-04'], loss: 0.000352
[2023-10-18 16:35:13,723][INFO][clas_trainer:133] - train epoch: 27 [32608/54400 (60%)], lr: ['1.00e-04', '1.00e-04'], loss: 0.000923
[2023-10-18 16:35:22,704][INFO][clas_trainer:133] - train epoch: 27 [38048/54400 (70%)], lr: ['1.00e-04', '1.00e-04'], loss: 0.000550
[2023-10-18 16:35:32,018][INFO][clas_trainer:133] - train epoch: 27 [43488/54400 (80%)], lr: ['1.00e-04', '1.00e-04'], loss: 0.000613
[2023-10-18 16:35:41,317][INFO][clas_trainer:133] - train epoch: 27 [48928/54400 (90%)], lr: ['1.00e-04', '1.00e-04'], loss: 0.000380
[2023-10-18 16:35:50,434][INFO][clas_trainer:133] - train epoch: 27 [54368/54400 (100%)], lr: ['1.00e-04', '1.00e-04'], loss: 0.000392
[2023-10-18 16:36:05,101][INFO][clas_trainer:63] - [epoch  27] execution time: 106.98s	metrics:
[2023-10-18 16:36:05,101][INFO][clas_evaluator:99] - dataset: earlystopping, avg f1-score: 0.4673
[2023-10-18 16:36:14,918][INFO][clas_trainer:133] - train epoch: 28 [5408/54400 (10%)], lr: ['1.00e-04', '1.00e-04'], loss: 0.000770
[2023-10-18 16:36:24,007][INFO][clas_trainer:133] - train epoch: 28 [10848/54400 (20%)], lr: ['1.00e-04', '1.00e-04'], loss: 0.007897
[2023-10-18 16:36:33,153][INFO][clas_trainer:133] - train epoch: 28 [16288/54400 (30%)], lr: ['1.00e-04', '1.00e-04'], loss: 0.000278
[2023-10-18 16:36:42,153][INFO][clas_trainer:133] - train epoch: 28 [21728/54400 (40%)], lr: ['1.00e-04', '1.00e-04'], loss: 0.002690
[2023-10-18 16:36:51,413][INFO][clas_trainer:133] - train epoch: 28 [27168/54400 (50%)], lr: ['1.00e-04', '1.00e-04'], loss: 0.002579
[2023-10-18 16:37:00,485][INFO][clas_trainer:133] - train epoch: 28 [32608/54400 (60%)], lr: ['1.00e-04', '1.00e-04'], loss: 0.008904
[2023-10-18 16:37:09,554][INFO][clas_trainer:133] - train epoch: 28 [38048/54400 (70%)], lr: ['1.00e-04', '1.00e-04'], loss: 0.003421
[2023-10-18 16:37:18,982][INFO][clas_trainer:133] - train epoch: 28 [43488/54400 (80%)], lr: ['1.00e-04', '1.00e-04'], loss: 0.000492
[2023-10-18 16:37:28,195][INFO][clas_trainer:133] - train epoch: 28 [48928/54400 (90%)], lr: ['1.00e-04', '1.00e-04'], loss: 0.037417
[2023-10-18 16:37:37,479][INFO][clas_trainer:133] - train epoch: 28 [54368/54400 (100%)], lr: ['1.00e-04', '1.00e-04'], loss: 0.001043
[2023-10-18 16:37:52,369][INFO][clas_trainer:63] - [epoch  28] execution time: 107.27s	metrics:
[2023-10-18 16:37:52,369][INFO][clas_evaluator:99] - dataset: earlystopping, avg f1-score: 0.4972
[2023-10-18 16:38:02,122][INFO][clas_trainer:133] - train epoch: 29 [5408/54400 (10%)], lr: ['1.00e-04', '1.00e-04'], loss: 0.000695
[2023-10-18 16:38:11,250][INFO][clas_trainer:133] - train epoch: 29 [10848/54400 (20%)], lr: ['1.00e-04', '1.00e-04'], loss: 0.000442
[2023-10-18 16:38:20,560][INFO][clas_trainer:133] - train epoch: 29 [16288/54400 (30%)], lr: ['1.00e-04', '1.00e-04'], loss: 0.002188
[2023-10-18 16:38:30,030][INFO][clas_trainer:133] - train epoch: 29 [21728/54400 (40%)], lr: ['1.00e-04', '1.00e-04'], loss: 0.000782
[2023-10-18 16:38:39,106][INFO][clas_trainer:133] - train epoch: 29 [27168/54400 (50%)], lr: ['1.00e-04', '1.00e-04'], loss: 0.000597
[2023-10-18 16:38:48,252][INFO][clas_trainer:133] - train epoch: 29 [32608/54400 (60%)], lr: ['1.00e-04', '1.00e-04'], loss: 0.001048
[2023-10-18 16:38:57,634][INFO][clas_trainer:133] - train epoch: 29 [38048/54400 (70%)], lr: ['1.00e-04', '1.00e-04'], loss: 0.000777
[2023-10-18 16:39:06,815][INFO][clas_trainer:133] - train epoch: 29 [43488/54400 (80%)], lr: ['1.00e-04', '1.00e-04'], loss: 0.000902
[2023-10-18 16:39:15,871][INFO][clas_trainer:133] - train epoch: 29 [48928/54400 (90%)], lr: ['1.00e-04', '1.00e-04'], loss: 0.000483
[2023-10-18 16:39:25,121][INFO][clas_trainer:133] - train epoch: 29 [54368/54400 (100%)], lr: ['1.00e-04', '1.00e-04'], loss: 0.000425
[2023-10-18 16:39:40,069][INFO][clas_trainer:63] - [epoch  29] execution time: 107.70s	metrics:
[2023-10-18 16:39:40,069][INFO][clas_evaluator:99] - dataset: earlystopping, avg f1-score: 0.4890
[2023-10-18 16:39:49,790][INFO][clas_trainer:133] - train epoch: 30 [5408/54400 (10%)], lr: ['1.00e-04', '1.00e-04'], loss: 0.003337
[2023-10-18 16:39:58,885][INFO][clas_trainer:133] - train epoch: 30 [10848/54400 (20%)], lr: ['1.00e-04', '1.00e-04'], loss: 0.094389
[2023-10-18 16:40:08,224][INFO][clas_trainer:133] - train epoch: 30 [16288/54400 (30%)], lr: ['1.00e-04', '1.00e-04'], loss: 0.003074
[2023-10-18 16:40:17,368][INFO][clas_trainer:133] - train epoch: 30 [21728/54400 (40%)], lr: ['1.00e-04', '1.00e-04'], loss: 0.001123
[2023-10-18 16:40:26,533][INFO][clas_trainer:133] - train epoch: 30 [27168/54400 (50%)], lr: ['1.00e-04', '1.00e-04'], loss: 0.000528
[2023-10-18 16:40:35,858][INFO][clas_trainer:133] - train epoch: 30 [32608/54400 (60%)], lr: ['1.00e-04', '1.00e-04'], loss: 0.000236
[2023-10-18 16:40:44,987][INFO][clas_trainer:133] - train epoch: 30 [38048/54400 (70%)], lr: ['1.00e-04', '1.00e-04'], loss: 0.000438
[2023-10-18 16:40:54,185][INFO][clas_trainer:133] - train epoch: 30 [43488/54400 (80%)], lr: ['1.00e-04', '1.00e-04'], loss: 0.000494
[2023-10-18 16:41:03,294][INFO][clas_trainer:133] - train epoch: 30 [48928/54400 (90%)], lr: ['1.00e-04', '1.00e-04'], loss: 0.001428
[2023-10-18 16:41:12,661][INFO][clas_trainer:133] - train epoch: 30 [54368/54400 (100%)], lr: ['1.00e-04', '1.00e-04'], loss: 0.003141
[2023-10-18 16:41:27,484][INFO][clas_trainer:63] - [epoch  30] execution time: 107.41s	metrics:
[2023-10-18 16:41:27,484][INFO][clas_evaluator:99] - dataset: earlystopping, avg f1-score: 0.4889
[2023-10-18 16:41:37,141][INFO][clas_trainer:133] - train epoch: 31 [5408/54400 (10%)], lr: ['1.00e-04', '1.00e-04'], loss: 0.001065
[2023-10-18 16:41:46,511][INFO][clas_trainer:133] - train epoch: 31 [10848/54400 (20%)], lr: ['1.00e-04', '1.00e-04'], loss: 0.001322
[2023-10-18 16:41:55,652][INFO][clas_trainer:133] - train epoch: 31 [16288/54400 (30%)], lr: ['1.00e-04', '1.00e-04'], loss: 0.019417
[2023-10-18 16:42:04,818][INFO][clas_trainer:133] - train epoch: 31 [21728/54400 (40%)], lr: ['1.00e-04', '1.00e-04'], loss: 0.000341
[2023-10-18 16:42:14,057][INFO][clas_trainer:133] - train epoch: 31 [27168/54400 (50%)], lr: ['1.00e-04', '1.00e-04'], loss: 0.000582
[2023-10-18 16:42:23,337][INFO][clas_trainer:133] - train epoch: 31 [32608/54400 (60%)], lr: ['1.00e-04', '1.00e-04'], loss: 0.000545
[2023-10-18 16:42:32,550][INFO][clas_trainer:133] - train epoch: 31 [38048/54400 (70%)], lr: ['1.00e-04', '1.00e-04'], loss: 0.001187
[2023-10-18 16:42:41,594][INFO][clas_trainer:133] - train epoch: 31 [43488/54400 (80%)], lr: ['1.00e-04', '1.00e-04'], loss: 0.000865
[2023-10-18 16:42:51,057][INFO][clas_trainer:133] - train epoch: 31 [48928/54400 (90%)], lr: ['1.00e-04', '1.00e-04'], loss: 0.001205
[2023-10-18 16:43:00,389][INFO][clas_trainer:133] - train epoch: 31 [54368/54400 (100%)], lr: ['1.00e-04', '1.00e-04'], loss: 0.002405
[2023-10-18 16:43:15,070][INFO][clas_trainer:63] - [epoch  31] execution time: 107.59s	metrics:
[2023-10-18 16:43:15,070][INFO][clas_evaluator:99] - dataset: earlystopping, avg f1-score: 0.4845
[2023-10-18 16:43:24,869][INFO][clas_trainer:133] - train epoch: 32 [5408/54400 (10%)], lr: ['1.00e-04', '1.00e-04'], loss: 0.000580
[2023-10-18 16:43:33,996][INFO][clas_trainer:133] - train epoch: 32 [10848/54400 (20%)], lr: ['1.00e-04', '1.00e-04'], loss: 0.000726
[2023-10-18 16:43:43,228][INFO][clas_trainer:133] - train epoch: 32 [16288/54400 (30%)], lr: ['1.00e-04', '1.00e-04'], loss: 0.002704
[2023-10-18 16:43:52,235][INFO][clas_trainer:133] - train epoch: 32 [21728/54400 (40%)], lr: ['1.00e-04', '1.00e-04'], loss: 0.001129
[2023-10-18 16:44:01,544][INFO][clas_trainer:133] - train epoch: 32 [27168/54400 (50%)], lr: ['1.00e-04', '1.00e-04'], loss: 0.005711
[2023-10-18 16:44:10,411][INFO][clas_trainer:133] - train epoch: 32 [32608/54400 (60%)], lr: ['1.00e-04', '1.00e-04'], loss: 0.000692
[2023-10-18 16:44:19,487][INFO][clas_trainer:133] - train epoch: 32 [38048/54400 (70%)], lr: ['1.00e-04', '1.00e-04'], loss: 0.001465
[2023-10-18 16:44:28,930][INFO][clas_trainer:133] - train epoch: 32 [43488/54400 (80%)], lr: ['1.00e-04', '1.00e-04'], loss: 0.001146
[2023-10-18 16:44:38,175][INFO][clas_trainer:133] - train epoch: 32 [48928/54400 (90%)], lr: ['1.00e-04', '1.00e-04'], loss: 0.000881
[2023-10-18 16:44:47,348][INFO][clas_trainer:133] - train epoch: 32 [54368/54400 (100%)], lr: ['1.00e-04', '1.00e-04'], loss: 0.000515
[2023-10-18 16:45:02,172][INFO][clas_trainer:63] - [epoch  32] execution time: 107.10s	metrics:
[2023-10-18 16:45:02,172][INFO][clas_evaluator:99] - dataset: earlystopping, avg f1-score: 0.4901
[2023-10-18 16:45:11,915][INFO][clas_trainer:133] - train epoch: 33 [5408/54400 (10%)], lr: ['1.00e-04', '1.00e-04'], loss: 0.000919
[2023-10-18 16:45:21,109][INFO][clas_trainer:133] - train epoch: 33 [10848/54400 (20%)], lr: ['1.00e-04', '1.00e-04'], loss: 0.032312
[2023-10-18 16:45:30,270][INFO][clas_trainer:133] - train epoch: 33 [16288/54400 (30%)], lr: ['1.00e-04', '1.00e-04'], loss: 0.001305
[2023-10-18 16:45:39,669][INFO][clas_trainer:133] - train epoch: 33 [21728/54400 (40%)], lr: ['1.00e-04', '1.00e-04'], loss: 0.001228
[2023-10-18 16:45:48,700][INFO][clas_trainer:133] - train epoch: 33 [27168/54400 (50%)], lr: ['1.00e-04', '1.00e-04'], loss: 0.001025
[2023-10-18 16:45:57,930][INFO][clas_trainer:133] - train epoch: 33 [32608/54400 (60%)], lr: ['1.00e-04', '1.00e-04'], loss: 0.000745
[2023-10-18 16:46:07,000][INFO][clas_trainer:133] - train epoch: 33 [38048/54400 (70%)], lr: ['1.00e-04', '1.00e-04'], loss: 0.000606
[2023-10-18 16:46:16,551][INFO][clas_trainer:133] - train epoch: 33 [43488/54400 (80%)], lr: ['1.00e-04', '1.00e-04'], loss: 0.000374
[2023-10-18 16:46:25,597][INFO][clas_trainer:133] - train epoch: 33 [48928/54400 (90%)], lr: ['1.00e-04', '1.00e-04'], loss: 0.000914
[2023-10-18 16:46:34,945][INFO][clas_trainer:133] - train epoch: 33 [54368/54400 (100%)], lr: ['1.00e-04', '1.00e-04'], loss: 0.000856
[2023-10-18 16:46:49,730][INFO][clas_trainer:63] - [epoch  33] execution time: 107.56s	metrics:
[2023-10-18 16:46:49,731][INFO][clas_evaluator:99] - dataset: earlystopping, avg f1-score: 0.4902
[2023-10-18 16:46:59,436][INFO][clas_trainer:133] - train epoch: 34 [5408/54400 (10%)], lr: ['1.00e-04', '1.00e-04'], loss: 0.001314
[2023-10-18 16:47:08,485][INFO][clas_trainer:133] - train epoch: 34 [10848/54400 (20%)], lr: ['1.00e-04', '1.00e-04'], loss: 0.000607
[2023-10-18 16:47:17,925][INFO][clas_trainer:133] - train epoch: 34 [16288/54400 (30%)], lr: ['1.00e-04', '1.00e-04'], loss: 0.000547
[2023-10-18 16:47:26,903][INFO][clas_trainer:133] - train epoch: 34 [21728/54400 (40%)], lr: ['1.00e-04', '1.00e-04'], loss: 0.020416
[2023-10-18 16:47:36,133][INFO][clas_trainer:133] - train epoch: 34 [27168/54400 (50%)], lr: ['1.00e-04', '1.00e-04'], loss: 0.003513
[2023-10-18 16:47:45,063][INFO][clas_trainer:133] - train epoch: 34 [32608/54400 (60%)], lr: ['1.00e-04', '1.00e-04'], loss: 0.001191
[2023-10-18 16:47:54,333][INFO][clas_trainer:133] - train epoch: 34 [38048/54400 (70%)], lr: ['1.00e-04', '1.00e-04'], loss: 0.002549
[2023-10-18 16:48:03,496][INFO][clas_trainer:133] - train epoch: 34 [43488/54400 (80%)], lr: ['1.00e-04', '1.00e-04'], loss: 0.000849
[2023-10-18 16:48:12,579][INFO][clas_trainer:133] - train epoch: 34 [48928/54400 (90%)], lr: ['1.00e-04', '1.00e-04'], loss: 0.000871
[2023-10-18 16:48:21,809][INFO][clas_trainer:133] - train epoch: 34 [54368/54400 (100%)], lr: ['1.00e-04', '1.00e-04'], loss: 0.001551
[2023-10-18 16:48:36,853][INFO][clas_trainer:63] - [epoch  34] execution time: 107.12s	metrics:
[2023-10-18 16:48:36,853][INFO][clas_evaluator:99] - dataset: earlystopping, avg f1-score: 0.4848
[2023-10-18 16:48:46,579][INFO][clas_trainer:133] - train epoch: 35 [5408/54400 (10%)], lr: ['1.00e-04', '1.00e-04'], loss: 0.001457
[2023-10-18 16:48:55,746][INFO][clas_trainer:133] - train epoch: 35 [10848/54400 (20%)], lr: ['1.00e-04', '1.00e-04'], loss: 0.001420
[2023-10-18 16:49:05,153][INFO][clas_trainer:133] - train epoch: 35 [16288/54400 (30%)], lr: ['1.00e-04', '1.00e-04'], loss: 0.000349
[2023-10-18 16:49:14,213][INFO][clas_trainer:133] - train epoch: 35 [21728/54400 (40%)], lr: ['1.00e-04', '1.00e-04'], loss: 0.000877
[2023-10-18 16:49:23,184][INFO][clas_trainer:133] - train epoch: 35 [27168/54400 (50%)], lr: ['1.00e-04', '1.00e-04'], loss: 0.001525
[2023-10-18 16:49:32,469][INFO][clas_trainer:133] - train epoch: 35 [32608/54400 (60%)], lr: ['1.00e-04', '1.00e-04'], loss: 0.000443
[2023-10-18 16:49:41,699][INFO][clas_trainer:133] - train epoch: 35 [38048/54400 (70%)], lr: ['1.00e-04', '1.00e-04'], loss: 0.002344
[2023-10-18 16:49:50,675][INFO][clas_trainer:133] - train epoch: 35 [43488/54400 (80%)], lr: ['1.00e-04', '1.00e-04'], loss: 0.002183
[2023-10-18 16:49:59,794][INFO][clas_trainer:133] - train epoch: 35 [48928/54400 (90%)], lr: ['1.00e-04', '1.00e-04'], loss: 0.000707
[2023-10-18 16:50:09,331][INFO][clas_trainer:133] - train epoch: 35 [54368/54400 (100%)], lr: ['1.00e-04', '1.00e-04'], loss: 0.000864
[2023-10-18 16:50:24,136][INFO][clas_trainer:63] - [epoch  35] execution time: 107.28s	metrics:
[2023-10-18 16:50:24,136][INFO][clas_evaluator:99] - dataset: earlystopping, avg f1-score: 0.4889
[2023-10-18 16:50:33,785][INFO][clas_trainer:133] - train epoch: 36 [5408/54400 (10%)], lr: ['1.00e-04', '1.00e-04'], loss: 0.000710
[2023-10-18 16:50:43,252][INFO][clas_trainer:133] - train epoch: 36 [10848/54400 (20%)], lr: ['1.00e-04', '1.00e-04'], loss: 0.000980
[2023-10-18 16:50:52,349][INFO][clas_trainer:133] - train epoch: 36 [16288/54400 (30%)], lr: ['1.00e-04', '1.00e-04'], loss: 0.000789
[2023-10-18 16:51:01,422][INFO][clas_trainer:133] - train epoch: 36 [21728/54400 (40%)], lr: ['1.00e-04', '1.00e-04'], loss: 0.001667
[2023-10-18 16:51:10,379][INFO][clas_trainer:133] - train epoch: 36 [27168/54400 (50%)], lr: ['1.00e-04', '1.00e-04'], loss: 0.000529
[2023-10-18 16:51:19,595][INFO][clas_trainer:133] - train epoch: 36 [32608/54400 (60%)], lr: ['1.00e-04', '1.00e-04'], loss: 0.000449
[2023-10-18 16:51:28,918][INFO][clas_trainer:133] - train epoch: 36 [38048/54400 (70%)], lr: ['1.00e-04', '1.00e-04'], loss: 0.003495
[2023-10-18 16:51:37,903][INFO][clas_trainer:133] - train epoch: 36 [43488/54400 (80%)], lr: ['1.00e-04', '1.00e-04'], loss: 0.000517
[2023-10-18 16:51:47,309][INFO][clas_trainer:133] - train epoch: 36 [48928/54400 (90%)], lr: ['1.00e-04', '1.00e-04'], loss: 0.001952
[2023-10-18 16:51:56,480][INFO][clas_trainer:133] - train epoch: 36 [54368/54400 (100%)], lr: ['1.00e-04', '1.00e-04'], loss: 0.000330
[2023-10-18 16:52:11,379][INFO][clas_trainer:63] - [epoch  36] execution time: 107.24s	metrics:
[2023-10-18 16:52:11,379][INFO][clas_evaluator:99] - dataset: earlystopping, avg f1-score: 0.4801
[2023-10-18 16:52:11,388][INFO][clas_trainer:79] - finished training
[2023-10-18 16:52:11,388][INFO][clas_trainer:80] - best model on epoch: 26 	f1-score: 0.5236
