[2024-10-03 02:48:03,599][INFO][fine-tune:25] - Using GPU 0
[2024-10-03 02:48:03,605][INFO][fine-tune:35] - overrides:
hydra:
- hydra.launcher.n_jobs=40
- hydra.mode=MULTIRUN
task:
- m_seed_path_sids={seeds:[7,7,7,7,7],path:"exp005b-m7-simple_multi_class-2024-09-20_13-57-42-final.pth",subject_ids:{sleepedfx:$\{data.sleepedfx.cv_5_fold.fold_3\}}}
- data.downstream.train_dataloader.dataset.data_reducer.n_epochs=-1
- data.downstream.train_dataloader.dataset.data_reducer.n_subjects=2
- general.gpus=[0,1,2,3]

[2024-10-03 02:48:13,094][INFO][data_loaders:39] - class distribution before data reduction:
# samples per subject
SC4011E0: 1103
SC4012E0: 1186
SC4031E0: 952
SC4032E0: 911
SC4041E0: 1235
SC4042E0: 1200
SC4051E0: 672
SC4052E0: 1246
SC4061E0: 843
SC4062E0: 1016
SC4081E0: 1134
SC4082E0: 1054
SC4091E0: 1132
SC4092E0: 1105
SC4101E0: 1104
SC4102E0: 1092
SC4121E0: 1052
SC4122E0: 977
SC4131E0: 1028
SC4141E0: 1004
SC4142E0: 952
SC4151E0: 952
SC4152E0: 1762
SC4161E0: 1144
SC4162E0: 1003
SC4171E0: 1002
SC4172E0: 1773
SC4181E0: 964
SC4182E0: 920
SC4191E0: 1535
SC4192E0: 1274
SC4201E0: 1022
SC4202E0: 1021
SC4221E0: 1099
SC4222E0: 1108
SC4231E0: 904
SC4232E0: 1729
SC4241E0: 1673
SC4242E0: 1775
SC4251E0: 972
SC4252E0: 1020
SC4271F0: 1052
SC4272F0: 1090
SC4281G0: 1127
SC4282G0: 1070
SC4311E0: 1054
SC4312E0: 1181
SC4321E0: 1560
SC4322E0: 1021
SC4341F0: 1501
SC4342F0: 1582
SC4351F0: 976
SC4352F0: 963
SC4371F0: 918
SC4372F0: 1509
SC4381F0: 1776
SC4382F0: 1871
SC4411E0: 1078
SC4412E0: 924
SC4431E0: 699
SC4432E0: 962
SC4451F0: 1208
SC4452F0: 1166
SC4481F0: 2027
SC4482F0: 1910
SC4491G0: 1101
SC4492G0: 1040
SC4501E0: 1326
SC4502E0: 1103
SC4511E0: 1087
SC4512E0: 954
SC4522E0: 997
SC4541F0: 1716
SC4542F0: 1148
SC4561F0: 1237
SC4562F0: 1148
SC4571F0: 1236
SC4572F0: 1095
SC4581G0: 1095
SC4582G0: 1175
SC4601E0: 1349
SC4602E0: 2043
SC4611E0: 1652
SC4612E0: 1062
SC4621E0: 1445
SC4622E0: 1823
SC4631E0: 1063
SC4632E0: 1107
SC4641E0: 1271
SC4642E0: 2049
SC4661E0: 2026
SC4662E0: 1994
SC4671G0: 1968
SC4672G0: 1021
SC4701E0: 1717
SC4702E0: 1515
SC4711E0: 1413
SC4712E0: 1241
SC4741E0: 2210
SC4742E0: 1063
SC4771G0: 1325
SC4772G0: 1324
SC4801G0: 1241
SC4802G0: 1229
SC4821G0: 1704
SC4822G0: 1366

# samples per stage
0: 41976
1: 15215
2: 48937
3: 8987
4: 18439
[2024-10-03 02:48:14,494][INFO][data_loaders:43] - class distribution after data reduction:
# samples per subject
SC4621E0: 54910
SC4642E0: 77862

# samples per stage
0: 56734
1: 19722
2: 47994
3: 532
4: 7790
[2024-10-03 02:48:16,565][INFO][data_loaders:39] - class distribution before data reduction:
# samples per subject
SC4021E0: 1025
SC4022E0: 1009
SC4071E0: 976
SC4072E0: 1273
SC4111E0: 928
SC4112E0: 802
SC4291G0: 1131
SC4292G0: 1605
SC4331F0: 1888
SC4332F0: 1312
SC4421E0: 785
SC4422E0: 884
SC4461F0: 983
SC4462F0: 1022
SC4761E0: 1683
SC4762E0: 2662

# samples per stage
0: 7116
1: 1812
2: 6855
3: 1430
4: 2755
[2024-10-03 02:48:16,658][INFO][data_loaders:43] - class distribution after data reduction:
# samples per subject
SC4021E0: 1025
SC4022E0: 1009
SC4071E0: 976
SC4072E0: 1273
SC4111E0: 928
SC4112E0: 802
SC4291G0: 1131
SC4292G0: 1605
SC4331F0: 1888
SC4332F0: 1312
SC4421E0: 785
SC4422E0: 884
SC4461F0: 983
SC4462F0: 1022
SC4761E0: 1683
SC4762E0: 2662

# samples per stage
0: 7116
1: 1812
2: 6855
3: 1430
4: 2755
[2024-10-03 02:48:16,677][INFO][clas_trainer:49] - metrics before training (epoch 0):
[2024-10-03 02:49:56,876][INFO][clas_evaluator:132] - dataset: earlystopping, avg f1-score: 0.1022
[2024-10-03 02:51:15,417][INFO][clas_trainer:133] - train epoch: 1 [13248/132772 (10%)], lr: ['1.00e-04', '1.00e-04'], loss: 1.115393
[2024-10-03 02:52:25,720][INFO][clas_trainer:133] - train epoch: 1 [26528/132772 (20%)], lr: ['1.00e-04', '1.00e-04'], loss: 0.884022
[2024-10-03 02:53:36,824][INFO][clas_trainer:133] - train epoch: 1 [39808/132772 (30%)], lr: ['1.00e-04', '1.00e-04'], loss: 0.372846
[2024-10-03 02:54:45,463][INFO][clas_trainer:133] - train epoch: 1 [53088/132772 (40%)], lr: ['1.00e-04', '1.00e-04'], loss: 0.508569
[2024-10-03 02:55:54,154][INFO][clas_trainer:133] - train epoch: 1 [66368/132772 (50%)], lr: ['1.00e-04', '1.00e-04'], loss: 0.272669
[2024-10-03 02:56:59,911][INFO][clas_trainer:133] - train epoch: 1 [79648/132772 (60%)], lr: ['1.00e-04', '1.00e-04'], loss: 0.539918
[2024-10-03 02:58:06,378][INFO][clas_trainer:133] - train epoch: 1 [92928/132772 (70%)], lr: ['1.00e-04', '1.00e-04'], loss: 0.661882
[2024-10-03 02:59:11,887][INFO][clas_trainer:133] - train epoch: 1 [106208/132772 (80%)], lr: ['1.00e-04', '1.00e-04'], loss: 0.462432
[2024-10-03 03:00:16,290][INFO][clas_trainer:133] - train epoch: 1 [119488/132772 (90%)], lr: ['1.00e-04', '1.00e-04'], loss: 0.324451
[2024-10-03 03:01:21,252][INFO][clas_trainer:133] - train epoch: 1 [16596/132772 (100%)], lr: ['1.00e-04', '1.00e-04'], loss: 0.584731
[2024-10-03 03:02:59,713][INFO][clas_trainer:63] - [epoch   1] execution time: 782.84s	metrics:
[2024-10-03 03:02:59,714][INFO][clas_evaluator:132] - dataset: earlystopping, avg f1-score: 0.4682
[2024-10-03 03:02:59,753][INFO][base_model:51] - snapshot saved to XXX/frequency-pretraining/models/exp005a-m176-base_fe_clas-2024-10-02_10-52-09-final.pth
[2024-10-03 03:04:05,615][INFO][clas_trainer:133] - train epoch: 2 [13248/132772 (10%)], lr: ['1.00e-04', '1.00e-04'], loss: 0.200726
[2024-10-03 03:05:12,006][INFO][clas_trainer:133] - train epoch: 2 [26528/132772 (20%)], lr: ['1.00e-04', '1.00e-04'], loss: 0.396579
[2024-10-03 03:06:19,769][INFO][clas_trainer:133] - train epoch: 2 [39808/132772 (30%)], lr: ['1.00e-04', '1.00e-04'], loss: 0.138247
[2024-10-03 03:07:27,182][INFO][clas_trainer:133] - train epoch: 2 [53088/132772 (40%)], lr: ['1.00e-04', '1.00e-04'], loss: 0.215010
[2024-10-03 03:08:35,260][INFO][clas_trainer:133] - train epoch: 2 [66368/132772 (50%)], lr: ['1.00e-04', '1.00e-04'], loss: 0.355915
[2024-10-03 03:09:43,545][INFO][clas_trainer:133] - train epoch: 2 [79648/132772 (60%)], lr: ['1.00e-04', '1.00e-04'], loss: 0.333344
[2024-10-03 03:10:50,541][INFO][clas_trainer:133] - train epoch: 2 [92928/132772 (70%)], lr: ['1.00e-04', '1.00e-04'], loss: 0.230272
[2024-10-03 03:11:56,408][INFO][clas_trainer:133] - train epoch: 2 [106208/132772 (80%)], lr: ['1.00e-04', '1.00e-04'], loss: 0.287670
[2024-10-03 03:13:04,079][INFO][clas_trainer:133] - train epoch: 2 [119488/132772 (90%)], lr: ['1.00e-04', '1.00e-04'], loss: 0.289511
[2024-10-03 03:14:12,262][INFO][clas_trainer:133] - train epoch: 2 [16596/132772 (100%)], lr: ['1.00e-04', '1.00e-04'], loss: 0.185545
[2024-10-03 03:15:55,040][INFO][clas_trainer:63] - [epoch   2] execution time: 775.29s	metrics:
[2024-10-03 03:15:55,041][INFO][clas_evaluator:132] - dataset: earlystopping, avg f1-score: 0.4817
[2024-10-03 03:15:55,081][INFO][base_model:51] - snapshot saved to XXX/frequency-pretraining/models/exp005a-m176-base_fe_clas-2024-10-02_10-52-09-final.pth
[2024-10-03 03:17:09,071][INFO][clas_trainer:133] - train epoch: 3 [13248/132772 (10%)], lr: ['1.00e-04', '1.00e-04'], loss: 0.138463
[2024-10-03 03:18:25,332][INFO][clas_trainer:133] - train epoch: 3 [26528/132772 (20%)], lr: ['1.00e-04', '1.00e-04'], loss: 0.296384
[2024-10-03 03:19:38,938][INFO][clas_trainer:133] - train epoch: 3 [39808/132772 (30%)], lr: ['1.00e-04', '1.00e-04'], loss: 0.208662
[2024-10-03 03:20:47,914][INFO][clas_trainer:133] - train epoch: 3 [53088/132772 (40%)], lr: ['1.00e-04', '1.00e-04'], loss: 0.368109
[2024-10-03 03:22:00,866][INFO][clas_trainer:133] - train epoch: 3 [66368/132772 (50%)], lr: ['1.00e-04', '1.00e-04'], loss: 0.160453
[2024-10-03 03:23:08,389][INFO][clas_trainer:133] - train epoch: 3 [79648/132772 (60%)], lr: ['1.00e-04', '1.00e-04'], loss: 0.191410
[2024-10-03 03:24:19,066][INFO][clas_trainer:133] - train epoch: 3 [92928/132772 (70%)], lr: ['1.00e-04', '1.00e-04'], loss: 0.199051
[2024-10-03 03:25:25,632][INFO][clas_trainer:133] - train epoch: 3 [106208/132772 (80%)], lr: ['1.00e-04', '1.00e-04'], loss: 0.161520
[2024-10-03 03:26:33,952][INFO][clas_trainer:133] - train epoch: 3 [119488/132772 (90%)], lr: ['1.00e-04', '1.00e-04'], loss: 0.238521
[2024-10-03 03:27:46,695][INFO][clas_trainer:133] - train epoch: 3 [16596/132772 (100%)], lr: ['1.00e-04', '1.00e-04'], loss: 0.001403
[2024-10-03 03:29:41,319][INFO][clas_trainer:63] - [epoch   3] execution time: 826.24s	metrics:
[2024-10-03 03:29:41,320][INFO][clas_evaluator:132] - dataset: earlystopping, avg f1-score: 0.5079
[2024-10-03 03:29:41,360][INFO][base_model:51] - snapshot saved to XXX/frequency-pretraining/models/exp005a-m176-base_fe_clas-2024-10-02_10-52-09-final.pth
[2024-10-03 03:30:51,402][INFO][clas_trainer:133] - train epoch: 4 [13248/132772 (10%)], lr: ['1.00e-04', '1.00e-04'], loss: 0.153156
[2024-10-03 03:31:58,665][INFO][clas_trainer:133] - train epoch: 4 [26528/132772 (20%)], lr: ['1.00e-04', '1.00e-04'], loss: 0.094624
[2024-10-03 03:33:04,682][INFO][clas_trainer:133] - train epoch: 4 [39808/132772 (30%)], lr: ['1.00e-04', '1.00e-04'], loss: 0.039372
[2024-10-03 03:34:09,576][INFO][clas_trainer:133] - train epoch: 4 [53088/132772 (40%)], lr: ['1.00e-04', '1.00e-04'], loss: 0.104307
[2024-10-03 03:35:15,346][INFO][clas_trainer:133] - train epoch: 4 [66368/132772 (50%)], lr: ['1.00e-04', '1.00e-04'], loss: 0.109128
[2024-10-03 03:36:19,958][INFO][clas_trainer:133] - train epoch: 4 [79648/132772 (60%)], lr: ['1.00e-04', '1.00e-04'], loss: 0.049546
[2024-10-03 03:37:24,599][INFO][clas_trainer:133] - train epoch: 4 [92928/132772 (70%)], lr: ['1.00e-04', '1.00e-04'], loss: 0.060245
[2024-10-03 03:38:26,870][INFO][clas_trainer:133] - train epoch: 4 [106208/132772 (80%)], lr: ['1.00e-04', '1.00e-04'], loss: 0.149393
[2024-10-03 03:39:31,443][INFO][clas_trainer:133] - train epoch: 4 [119488/132772 (90%)], lr: ['1.00e-04', '1.00e-04'], loss: 0.031512
[2024-10-03 03:40:38,282][INFO][clas_trainer:133] - train epoch: 4 [16596/132772 (100%)], lr: ['1.00e-04', '1.00e-04'], loss: 0.327465
[2024-10-03 03:42:24,868][INFO][clas_trainer:63] - [epoch   4] execution time: 763.51s	metrics:
[2024-10-03 03:42:24,869][INFO][clas_evaluator:132] - dataset: earlystopping, avg f1-score: 0.5104
[2024-10-03 03:42:24,909][INFO][base_model:51] - snapshot saved to XXX/frequency-pretraining/models/exp005a-m176-base_fe_clas-2024-10-02_10-52-09-final.pth
[2024-10-03 03:43:33,273][INFO][clas_trainer:133] - train epoch: 5 [13248/132772 (10%)], lr: ['1.00e-04', '1.00e-04'], loss: 0.037890
[2024-10-03 03:44:40,134][INFO][clas_trainer:133] - train epoch: 5 [26528/132772 (20%)], lr: ['1.00e-04', '1.00e-04'], loss: 0.134326
[2024-10-03 03:45:46,917][INFO][clas_trainer:133] - train epoch: 5 [39808/132772 (30%)], lr: ['1.00e-04', '1.00e-04'], loss: 0.064184
[2024-10-03 03:46:59,115][INFO][clas_trainer:133] - train epoch: 5 [53088/132772 (40%)], lr: ['1.00e-04', '1.00e-04'], loss: 0.070638
[2024-10-03 03:48:09,081][INFO][clas_trainer:133] - train epoch: 5 [66368/132772 (50%)], lr: ['1.00e-04', '1.00e-04'], loss: 0.042665
[2024-10-03 03:49:14,531][INFO][clas_trainer:133] - train epoch: 5 [79648/132772 (60%)], lr: ['1.00e-04', '1.00e-04'], loss: 0.015757
[2024-10-03 03:50:21,379][INFO][clas_trainer:133] - train epoch: 5 [92928/132772 (70%)], lr: ['1.00e-04', '1.00e-04'], loss: 0.009332
[2024-10-03 03:51:28,397][INFO][clas_trainer:133] - train epoch: 5 [106208/132772 (80%)], lr: ['1.00e-04', '1.00e-04'], loss: 0.067735
[2024-10-03 03:52:36,389][INFO][clas_trainer:133] - train epoch: 5 [119488/132772 (90%)], lr: ['1.00e-04', '1.00e-04'], loss: 0.113779
[2024-10-03 03:53:43,993][INFO][clas_trainer:133] - train epoch: 5 [16596/132772 (100%)], lr: ['1.00e-04', '1.00e-04'], loss: 0.004921
[2024-10-03 03:55:26,807][INFO][clas_trainer:63] - [epoch   5] execution time: 781.90s	metrics:
[2024-10-03 03:55:26,807][INFO][clas_evaluator:132] - dataset: earlystopping, avg f1-score: 0.5224
[2024-10-03 03:55:26,847][INFO][base_model:51] - snapshot saved to XXX/frequency-pretraining/models/exp005a-m176-base_fe_clas-2024-10-02_10-52-09-final.pth
[2024-10-03 03:56:35,840][INFO][clas_trainer:133] - train epoch: 6 [13248/132772 (10%)], lr: ['1.00e-04', '1.00e-04'], loss: 0.113853
[2024-10-03 03:57:39,868][INFO][clas_trainer:133] - train epoch: 6 [26528/132772 (20%)], lr: ['1.00e-04', '1.00e-04'], loss: 0.006719
[2024-10-03 03:58:47,787][INFO][clas_trainer:133] - train epoch: 6 [39808/132772 (30%)], lr: ['1.00e-04', '1.00e-04'], loss: 0.012617
[2024-10-03 03:59:52,083][INFO][clas_trainer:133] - train epoch: 6 [53088/132772 (40%)], lr: ['1.00e-04', '1.00e-04'], loss: 0.039990
[2024-10-03 04:00:56,341][INFO][clas_trainer:133] - train epoch: 6 [66368/132772 (50%)], lr: ['1.00e-04', '1.00e-04'], loss: 0.025949
[2024-10-03 04:02:00,790][INFO][clas_trainer:133] - train epoch: 6 [79648/132772 (60%)], lr: ['1.00e-04', '1.00e-04'], loss: 0.022640
[2024-10-03 04:03:03,353][INFO][clas_trainer:133] - train epoch: 6 [92928/132772 (70%)], lr: ['1.00e-04', '1.00e-04'], loss: 0.127783
[2024-10-03 04:04:06,610][INFO][clas_trainer:133] - train epoch: 6 [106208/132772 (80%)], lr: ['1.00e-04', '1.00e-04'], loss: 0.032031
[2024-10-03 04:05:07,716][INFO][clas_trainer:133] - train epoch: 6 [119488/132772 (90%)], lr: ['1.00e-04', '1.00e-04'], loss: 0.007086
[2024-10-03 04:06:09,877][INFO][clas_trainer:133] - train epoch: 6 [16596/132772 (100%)], lr: ['1.00e-04', '1.00e-04'], loss: 0.955907
[2024-10-03 04:07:46,194][INFO][clas_trainer:63] - [epoch   6] execution time: 739.35s	metrics:
[2024-10-03 04:07:46,195][INFO][clas_evaluator:132] - dataset: earlystopping, avg f1-score: 0.5089
[2024-10-03 04:08:49,133][INFO][clas_trainer:133] - train epoch: 7 [13248/132772 (10%)], lr: ['1.00e-04', '1.00e-04'], loss: 0.045855
[2024-10-03 04:09:52,304][INFO][clas_trainer:133] - train epoch: 7 [26528/132772 (20%)], lr: ['1.00e-04', '1.00e-04'], loss: 0.191967
[2024-10-03 04:10:58,756][INFO][clas_trainer:133] - train epoch: 7 [39808/132772 (30%)], lr: ['1.00e-04', '1.00e-04'], loss: 0.075956
[2024-10-03 04:12:07,564][INFO][clas_trainer:133] - train epoch: 7 [53088/132772 (40%)], lr: ['1.00e-04', '1.00e-04'], loss: 0.068955
[2024-10-03 04:13:17,654][INFO][clas_trainer:133] - train epoch: 7 [66368/132772 (50%)], lr: ['1.00e-04', '1.00e-04'], loss: 0.007241
[2024-10-03 04:14:27,242][INFO][clas_trainer:133] - train epoch: 7 [79648/132772 (60%)], lr: ['1.00e-04', '1.00e-04'], loss: 0.001295
[2024-10-03 04:15:36,869][INFO][clas_trainer:133] - train epoch: 7 [92928/132772 (70%)], lr: ['1.00e-04', '1.00e-04'], loss: 0.040455
[2024-10-03 04:16:49,624][INFO][clas_trainer:133] - train epoch: 7 [106208/132772 (80%)], lr: ['1.00e-04', '1.00e-04'], loss: 0.005398
[2024-10-03 04:17:57,193][INFO][clas_trainer:133] - train epoch: 7 [119488/132772 (90%)], lr: ['1.00e-04', '1.00e-04'], loss: 0.039338
[2024-10-03 04:19:04,483][INFO][clas_trainer:133] - train epoch: 7 [16596/132772 (100%)], lr: ['1.00e-04', '1.00e-04'], loss: 0.012532
[2024-10-03 04:20:48,004][INFO][clas_trainer:63] - [epoch   7] execution time: 781.81s	metrics:
[2024-10-03 04:20:48,005][INFO][clas_evaluator:132] - dataset: earlystopping, avg f1-score: 0.5414
[2024-10-03 04:20:48,048][INFO][base_model:51] - snapshot saved to XXX/frequency-pretraining/models/exp005a-m176-base_fe_clas-2024-10-02_10-52-09-final.pth
[2024-10-03 04:21:57,048][INFO][clas_trainer:133] - train epoch: 8 [13248/132772 (10%)], lr: ['1.00e-04', '1.00e-04'], loss: 0.077947
[2024-10-03 04:23:04,100][INFO][clas_trainer:133] - train epoch: 8 [26528/132772 (20%)], lr: ['1.00e-04', '1.00e-04'], loss: 0.008077
[2024-10-03 04:24:11,288][INFO][clas_trainer:133] - train epoch: 8 [39808/132772 (30%)], lr: ['1.00e-04', '1.00e-04'], loss: 0.003046
[2024-10-03 04:25:22,126][INFO][clas_trainer:133] - train epoch: 8 [53088/132772 (40%)], lr: ['1.00e-04', '1.00e-04'], loss: 0.004765
[2024-10-03 04:26:31,007][INFO][clas_trainer:133] - train epoch: 8 [66368/132772 (50%)], lr: ['1.00e-04', '1.00e-04'], loss: 0.113071
[2024-10-03 04:27:41,097][INFO][clas_trainer:133] - train epoch: 8 [79648/132772 (60%)], lr: ['1.00e-04', '1.00e-04'], loss: 0.014393
[2024-10-03 04:28:50,615][INFO][clas_trainer:133] - train epoch: 8 [92928/132772 (70%)], lr: ['1.00e-04', '1.00e-04'], loss: 0.002525
[2024-10-03 04:29:59,280][INFO][clas_trainer:133] - train epoch: 8 [106208/132772 (80%)], lr: ['1.00e-04', '1.00e-04'], loss: 0.028503
[2024-10-03 04:31:07,938][INFO][clas_trainer:133] - train epoch: 8 [119488/132772 (90%)], lr: ['1.00e-04', '1.00e-04'], loss: 0.037102
[2024-10-03 04:32:13,590][INFO][clas_trainer:133] - train epoch: 8 [16596/132772 (100%)], lr: ['1.00e-04', '1.00e-04'], loss: 0.034934
[2024-10-03 04:33:57,177][INFO][clas_trainer:63] - [epoch   8] execution time: 789.13s	metrics:
[2024-10-03 04:33:57,179][INFO][clas_evaluator:132] - dataset: earlystopping, avg f1-score: 0.5314
[2024-10-03 04:35:03,948][INFO][clas_trainer:133] - train epoch: 9 [13248/132772 (10%)], lr: ['1.00e-04', '1.00e-04'], loss: 0.042821
[2024-10-03 04:36:10,234][INFO][clas_trainer:133] - train epoch: 9 [26528/132772 (20%)], lr: ['1.00e-04', '1.00e-04'], loss: 0.003373
[2024-10-03 04:37:13,026][INFO][clas_trainer:133] - train epoch: 9 [39808/132772 (30%)], lr: ['1.00e-04', '1.00e-04'], loss: 0.002246
[2024-10-03 04:38:11,777][INFO][clas_trainer:133] - train epoch: 9 [53088/132772 (40%)], lr: ['1.00e-04', '1.00e-04'], loss: 0.002037
[2024-10-03 04:39:16,030][INFO][clas_trainer:133] - train epoch: 9 [66368/132772 (50%)], lr: ['1.00e-04', '1.00e-04'], loss: 0.014278
[2024-10-03 04:40:17,160][INFO][clas_trainer:133] - train epoch: 9 [79648/132772 (60%)], lr: ['1.00e-04', '1.00e-04'], loss: 0.010358
[2024-10-03 04:41:18,850][INFO][clas_trainer:133] - train epoch: 9 [92928/132772 (70%)], lr: ['1.00e-04', '1.00e-04'], loss: 0.000564
[2024-10-03 04:42:21,235][INFO][clas_trainer:133] - train epoch: 9 [106208/132772 (80%)], lr: ['1.00e-04', '1.00e-04'], loss: 0.002159
[2024-10-03 04:43:23,595][INFO][clas_trainer:133] - train epoch: 9 [119488/132772 (90%)], lr: ['1.00e-04', '1.00e-04'], loss: 0.027165
[2024-10-03 04:44:31,528][INFO][clas_trainer:133] - train epoch: 9 [16596/132772 (100%)], lr: ['1.00e-04', '1.00e-04'], loss: 0.000396
[2024-10-03 04:46:11,051][INFO][clas_trainer:63] - [epoch   9] execution time: 733.87s	metrics:
[2024-10-03 04:46:11,052][INFO][clas_evaluator:132] - dataset: earlystopping, avg f1-score: 0.5667
[2024-10-03 04:46:11,094][INFO][base_model:51] - snapshot saved to XXX/frequency-pretraining/models/exp005a-m176-base_fe_clas-2024-10-02_10-52-09-final.pth
[2024-10-03 04:47:14,848][INFO][clas_trainer:133] - train epoch: 10 [13248/132772 (10%)], lr: ['1.00e-04', '1.00e-04'], loss: 0.011836
[2024-10-03 04:48:19,893][INFO][clas_trainer:133] - train epoch: 10 [26528/132772 (20%)], lr: ['1.00e-04', '1.00e-04'], loss: 0.006119
[2024-10-03 04:49:24,325][INFO][clas_trainer:133] - train epoch: 10 [39808/132772 (30%)], lr: ['1.00e-04', '1.00e-04'], loss: 0.000885
[2024-10-03 04:50:26,778][INFO][clas_trainer:133] - train epoch: 10 [53088/132772 (40%)], lr: ['1.00e-04', '1.00e-04'], loss: 0.007792
[2024-10-03 04:51:33,132][INFO][clas_trainer:133] - train epoch: 10 [66368/132772 (50%)], lr: ['1.00e-04', '1.00e-04'], loss: 0.009458
[2024-10-03 04:52:42,186][INFO][clas_trainer:133] - train epoch: 10 [79648/132772 (60%)], lr: ['1.00e-04', '1.00e-04'], loss: 0.025593
[2024-10-03 04:53:49,275][INFO][clas_trainer:133] - train epoch: 10 [92928/132772 (70%)], lr: ['1.00e-04', '1.00e-04'], loss: 0.011622
[2024-10-03 04:54:56,464][INFO][clas_trainer:133] - train epoch: 10 [106208/132772 (80%)], lr: ['1.00e-04', '1.00e-04'], loss: 0.032346
[2024-10-03 04:56:06,469][INFO][clas_trainer:133] - train epoch: 10 [119488/132772 (90%)], lr: ['1.00e-04', '1.00e-04'], loss: 0.020564
[2024-10-03 04:57:12,329][INFO][clas_trainer:133] - train epoch: 10 [16596/132772 (100%)], lr: ['1.00e-04', '1.00e-04'], loss: 0.008713
[2024-10-03 04:58:55,709][INFO][clas_trainer:63] - [epoch  10] execution time: 764.61s	metrics:
[2024-10-03 04:58:55,710][INFO][clas_evaluator:132] - dataset: earlystopping, avg f1-score: 0.5603
[2024-10-03 05:00:05,983][INFO][clas_trainer:133] - train epoch: 11 [13248/132772 (10%)], lr: ['1.00e-04', '1.00e-04'], loss: 0.008356
[2024-10-03 05:01:14,700][INFO][clas_trainer:133] - train epoch: 11 [26528/132772 (20%)], lr: ['1.00e-04', '1.00e-04'], loss: 0.022640
[2024-10-03 05:02:22,954][INFO][clas_trainer:133] - train epoch: 11 [39808/132772 (30%)], lr: ['1.00e-04', '1.00e-04'], loss: 0.002241
[2024-10-03 05:03:30,841][INFO][clas_trainer:133] - train epoch: 11 [53088/132772 (40%)], lr: ['1.00e-04', '1.00e-04'], loss: 0.001680
[2024-10-03 05:04:37,412][INFO][clas_trainer:133] - train epoch: 11 [66368/132772 (50%)], lr: ['1.00e-04', '1.00e-04'], loss: 0.002708
[2024-10-03 05:05:44,078][INFO][clas_trainer:133] - train epoch: 11 [79648/132772 (60%)], lr: ['1.00e-04', '1.00e-04'], loss: 0.017950
[2024-10-03 05:06:50,983][INFO][clas_trainer:133] - train epoch: 11 [92928/132772 (70%)], lr: ['1.00e-04', '1.00e-04'], loss: 0.027257
[2024-10-03 05:08:00,220][INFO][clas_trainer:133] - train epoch: 11 [106208/132772 (80%)], lr: ['1.00e-04', '1.00e-04'], loss: 0.011302
[2024-10-03 05:09:06,149][INFO][clas_trainer:133] - train epoch: 11 [119488/132772 (90%)], lr: ['1.00e-04', '1.00e-04'], loss: 0.011534
[2024-10-03 05:10:12,374][INFO][clas_trainer:133] - train epoch: 11 [16596/132772 (100%)], lr: ['1.00e-04', '1.00e-04'], loss: 0.002850
[2024-10-03 05:11:56,028][INFO][clas_trainer:63] - [epoch  11] execution time: 780.32s	metrics:
[2024-10-03 05:11:56,030][INFO][clas_evaluator:132] - dataset: earlystopping, avg f1-score: 0.5231
[2024-10-03 05:13:05,377][INFO][clas_trainer:133] - train epoch: 12 [13248/132772 (10%)], lr: ['1.00e-04', '1.00e-04'], loss: 0.107972
[2024-10-03 05:14:11,302][INFO][clas_trainer:133] - train epoch: 12 [26528/132772 (20%)], lr: ['1.00e-04', '1.00e-04'], loss: 0.149903
[2024-10-03 05:15:16,132][INFO][clas_trainer:133] - train epoch: 12 [39808/132772 (30%)], lr: ['1.00e-04', '1.00e-04'], loss: 0.093820
[2024-10-03 05:16:21,844][INFO][clas_trainer:133] - train epoch: 12 [53088/132772 (40%)], lr: ['1.00e-04', '1.00e-04'], loss: 0.001365
[2024-10-03 05:17:26,723][INFO][clas_trainer:133] - train epoch: 12 [66368/132772 (50%)], lr: ['1.00e-04', '1.00e-04'], loss: 0.013202
[2024-10-03 05:18:35,202][INFO][clas_trainer:133] - train epoch: 12 [79648/132772 (60%)], lr: ['1.00e-04', '1.00e-04'], loss: 0.003528
[2024-10-03 05:19:42,422][INFO][clas_trainer:133] - train epoch: 12 [92928/132772 (70%)], lr: ['1.00e-04', '1.00e-04'], loss: 0.004897
[2024-10-03 05:20:50,118][INFO][clas_trainer:133] - train epoch: 12 [106208/132772 (80%)], lr: ['1.00e-04', '1.00e-04'], loss: 0.036634
[2024-10-03 05:21:59,525][INFO][clas_trainer:133] - train epoch: 12 [119488/132772 (90%)], lr: ['1.00e-04', '1.00e-04'], loss: 0.004010
[2024-10-03 05:23:06,119][INFO][clas_trainer:133] - train epoch: 12 [16596/132772 (100%)], lr: ['1.00e-04', '1.00e-04'], loss: 0.000163
[2024-10-03 05:24:46,384][INFO][clas_trainer:63] - [epoch  12] execution time: 770.35s	metrics:
[2024-10-03 05:24:46,385][INFO][clas_evaluator:132] - dataset: earlystopping, avg f1-score: 0.5500
[2024-10-03 05:25:57,165][INFO][clas_trainer:133] - train epoch: 13 [13248/132772 (10%)], lr: ['1.00e-04', '1.00e-04'], loss: 0.003561
[2024-10-03 05:27:04,246][INFO][clas_trainer:133] - train epoch: 13 [26528/132772 (20%)], lr: ['1.00e-04', '1.00e-04'], loss: 0.000962
[2024-10-03 05:28:07,725][INFO][clas_trainer:133] - train epoch: 13 [39808/132772 (30%)], lr: ['1.00e-04', '1.00e-04'], loss: 0.005399
[2024-10-03 05:29:11,887][INFO][clas_trainer:133] - train epoch: 13 [53088/132772 (40%)], lr: ['1.00e-04', '1.00e-04'], loss: 0.001683
[2024-10-03 05:30:13,595][INFO][clas_trainer:133] - train epoch: 13 [66368/132772 (50%)], lr: ['1.00e-04', '1.00e-04'], loss: 0.002282
[2024-10-03 05:31:15,499][INFO][clas_trainer:133] - train epoch: 13 [79648/132772 (60%)], lr: ['1.00e-04', '1.00e-04'], loss: 0.002576
[2024-10-03 05:32:19,068][INFO][clas_trainer:133] - train epoch: 13 [92928/132772 (70%)], lr: ['1.00e-04', '1.00e-04'], loss: 0.003371
[2024-10-03 05:33:20,963][INFO][clas_trainer:133] - train epoch: 13 [106208/132772 (80%)], lr: ['1.00e-04', '1.00e-04'], loss: 0.002657
[2024-10-03 05:34:25,806][INFO][clas_trainer:133] - train epoch: 13 [119488/132772 (90%)], lr: ['1.00e-04', '1.00e-04'], loss: 0.001342
[2024-10-03 05:35:34,418][INFO][clas_trainer:133] - train epoch: 13 [16596/132772 (100%)], lr: ['1.00e-04', '1.00e-04'], loss: 0.101986
[2024-10-03 05:37:17,506][INFO][clas_trainer:63] - [epoch  13] execution time: 751.12s	metrics:
[2024-10-03 05:37:17,507][INFO][clas_evaluator:132] - dataset: earlystopping, avg f1-score: 0.5626
[2024-10-03 05:38:27,420][INFO][clas_trainer:133] - train epoch: 14 [13248/132772 (10%)], lr: ['1.00e-04', '1.00e-04'], loss: 0.001856
[2024-10-03 05:39:36,756][INFO][clas_trainer:133] - train epoch: 14 [26528/132772 (20%)], lr: ['1.00e-04', '1.00e-04'], loss: 0.060360
[2024-10-03 05:40:45,626][INFO][clas_trainer:133] - train epoch: 14 [39808/132772 (30%)], lr: ['1.00e-04', '1.00e-04'], loss: 0.002058
[2024-10-03 05:41:52,503][INFO][clas_trainer:133] - train epoch: 14 [53088/132772 (40%)], lr: ['1.00e-04', '1.00e-04'], loss: 0.000380
[2024-10-03 05:43:01,319][INFO][clas_trainer:133] - train epoch: 14 [66368/132772 (50%)], lr: ['1.00e-04', '1.00e-04'], loss: 0.000314
[2024-10-03 05:44:10,184][INFO][clas_trainer:133] - train epoch: 14 [79648/132772 (60%)], lr: ['1.00e-04', '1.00e-04'], loss: 0.001531
[2024-10-03 05:45:14,614][INFO][clas_trainer:133] - train epoch: 14 [92928/132772 (70%)], lr: ['1.00e-04', '1.00e-04'], loss: 0.002457
[2024-10-03 05:46:21,359][INFO][clas_trainer:133] - train epoch: 14 [106208/132772 (80%)], lr: ['1.00e-04', '1.00e-04'], loss: 0.002402
[2024-10-03 05:47:27,827][INFO][clas_trainer:133] - train epoch: 14 [119488/132772 (90%)], lr: ['1.00e-04', '1.00e-04'], loss: 0.007744
[2024-10-03 05:48:37,120][INFO][clas_trainer:133] - train epoch: 14 [16596/132772 (100%)], lr: ['1.00e-04', '1.00e-04'], loss: 0.000071
[2024-10-03 05:50:19,173][INFO][clas_trainer:63] - [epoch  14] execution time: 781.67s	metrics:
[2024-10-03 05:50:19,173][INFO][clas_evaluator:132] - dataset: earlystopping, avg f1-score: 0.5566
[2024-10-03 05:51:28,608][INFO][clas_trainer:133] - train epoch: 15 [13248/132772 (10%)], lr: ['1.00e-04', '1.00e-04'], loss: 0.000972
[2024-10-03 05:52:36,124][INFO][clas_trainer:133] - train epoch: 15 [26528/132772 (20%)], lr: ['1.00e-04', '1.00e-04'], loss: 0.006532
[2024-10-03 05:53:39,829][INFO][clas_trainer:133] - train epoch: 15 [39808/132772 (30%)], lr: ['1.00e-04', '1.00e-04'], loss: 0.002465
[2024-10-03 05:54:45,689][INFO][clas_trainer:133] - train epoch: 15 [53088/132772 (40%)], lr: ['1.00e-04', '1.00e-04'], loss: 0.000425
[2024-10-03 05:55:51,646][INFO][clas_trainer:133] - train epoch: 15 [66368/132772 (50%)], lr: ['1.00e-04', '1.00e-04'], loss: 0.000317
[2024-10-03 05:56:56,911][INFO][clas_trainer:133] - train epoch: 15 [79648/132772 (60%)], lr: ['1.00e-04', '1.00e-04'], loss: 0.136474
[2024-10-03 05:58:05,517][INFO][clas_trainer:133] - train epoch: 15 [92928/132772 (70%)], lr: ['1.00e-04', '1.00e-04'], loss: 0.006385
[2024-10-03 05:59:11,353][INFO][clas_trainer:133] - train epoch: 15 [106208/132772 (80%)], lr: ['1.00e-04', '1.00e-04'], loss: 0.003324
[2024-10-03 06:00:21,221][INFO][clas_trainer:133] - train epoch: 15 [119488/132772 (90%)], lr: ['1.00e-04', '1.00e-04'], loss: 0.000400
[2024-10-03 06:01:27,380][INFO][clas_trainer:133] - train epoch: 15 [16596/132772 (100%)], lr: ['1.00e-04', '1.00e-04'], loss: 0.000097
[2024-10-03 06:03:10,562][INFO][clas_trainer:63] - [epoch  15] execution time: 771.39s	metrics:
[2024-10-03 06:03:10,562][INFO][clas_evaluator:132] - dataset: earlystopping, avg f1-score: 0.5303
[2024-10-03 06:04:20,681][INFO][clas_trainer:133] - train epoch: 16 [13248/132772 (10%)], lr: ['1.00e-04', '1.00e-04'], loss: 0.000628
[2024-10-03 06:05:28,682][INFO][clas_trainer:133] - train epoch: 16 [26528/132772 (20%)], lr: ['1.00e-04', '1.00e-04'], loss: 0.003261
[2024-10-03 06:06:36,668][INFO][clas_trainer:133] - train epoch: 16 [39808/132772 (30%)], lr: ['1.00e-04', '1.00e-04'], loss: 0.007999
[2024-10-03 06:07:41,673][INFO][clas_trainer:133] - train epoch: 16 [53088/132772 (40%)], lr: ['1.00e-04', '1.00e-04'], loss: 0.000680
[2024-10-03 06:08:49,548][INFO][clas_trainer:133] - train epoch: 16 [66368/132772 (50%)], lr: ['1.00e-04', '1.00e-04'], loss: 0.010967
[2024-10-03 06:09:55,801][INFO][clas_trainer:133] - train epoch: 16 [79648/132772 (60%)], lr: ['1.00e-04', '1.00e-04'], loss: 0.019473
[2024-10-03 06:11:04,800][INFO][clas_trainer:133] - train epoch: 16 [92928/132772 (70%)], lr: ['1.00e-04', '1.00e-04'], loss: 0.002673
[2024-10-03 06:12:10,948][INFO][clas_trainer:133] - train epoch: 16 [106208/132772 (80%)], lr: ['1.00e-04', '1.00e-04'], loss: 0.005939
[2024-10-03 06:13:18,337][INFO][clas_trainer:133] - train epoch: 16 [119488/132772 (90%)], lr: ['1.00e-04', '1.00e-04'], loss: 0.017216
[2024-10-03 06:14:25,192][INFO][clas_trainer:133] - train epoch: 16 [16596/132772 (100%)], lr: ['1.00e-04', '1.00e-04'], loss: 0.003186
[2024-10-03 06:16:05,951][INFO][clas_trainer:63] - [epoch  16] execution time: 775.39s	metrics:
[2024-10-03 06:16:05,952][INFO][clas_evaluator:132] - dataset: earlystopping, avg f1-score: 0.5502
[2024-10-03 06:17:13,415][INFO][clas_trainer:133] - train epoch: 17 [13248/132772 (10%)], lr: ['1.00e-04', '1.00e-04'], loss: 0.022295
[2024-10-03 06:18:18,938][INFO][clas_trainer:133] - train epoch: 17 [26528/132772 (20%)], lr: ['1.00e-04', '1.00e-04'], loss: 0.004767
[2024-10-03 06:19:22,639][INFO][clas_trainer:133] - train epoch: 17 [39808/132772 (30%)], lr: ['1.00e-04', '1.00e-04'], loss: 0.004070
[2024-10-03 06:20:31,371][INFO][clas_trainer:133] - train epoch: 17 [53088/132772 (40%)], lr: ['1.00e-04', '1.00e-04'], loss: 0.001669
[2024-10-03 06:21:40,467][INFO][clas_trainer:133] - train epoch: 17 [66368/132772 (50%)], lr: ['1.00e-04', '1.00e-04'], loss: 0.016562
[2024-10-03 06:22:48,742][INFO][clas_trainer:133] - train epoch: 17 [79648/132772 (60%)], lr: ['1.00e-04', '1.00e-04'], loss: 0.000576
[2024-10-03 06:23:56,773][INFO][clas_trainer:133] - train epoch: 17 [92928/132772 (70%)], lr: ['1.00e-04', '1.00e-04'], loss: 0.004973
[2024-10-03 06:25:03,345][INFO][clas_trainer:133] - train epoch: 17 [106208/132772 (80%)], lr: ['1.00e-04', '1.00e-04'], loss: 0.000440
[2024-10-03 06:26:12,406][INFO][clas_trainer:133] - train epoch: 17 [119488/132772 (90%)], lr: ['1.00e-04', '1.00e-04'], loss: 0.002584
[2024-10-03 06:27:17,643][INFO][clas_trainer:133] - train epoch: 17 [16596/132772 (100%)], lr: ['1.00e-04', '1.00e-04'], loss: 0.001530
[2024-10-03 06:28:55,403][INFO][clas_trainer:63] - [epoch  17] execution time: 769.45s	metrics:
[2024-10-03 06:28:55,403][INFO][clas_evaluator:132] - dataset: earlystopping, avg f1-score: 0.5247
[2024-10-03 06:30:04,744][INFO][clas_trainer:133] - train epoch: 18 [13248/132772 (10%)], lr: ['1.00e-04', '1.00e-04'], loss: 0.001636
[2024-10-03 06:31:10,345][INFO][clas_trainer:133] - train epoch: 18 [26528/132772 (20%)], lr: ['1.00e-04', '1.00e-04'], loss: 0.036587
[2024-10-03 06:32:19,088][INFO][clas_trainer:133] - train epoch: 18 [39808/132772 (30%)], lr: ['1.00e-04', '1.00e-04'], loss: 0.011543
[2024-10-03 06:33:26,503][INFO][clas_trainer:133] - train epoch: 18 [53088/132772 (40%)], lr: ['1.00e-04', '1.00e-04'], loss: 0.002617
[2024-10-03 06:34:32,575][INFO][clas_trainer:133] - train epoch: 18 [66368/132772 (50%)], lr: ['1.00e-04', '1.00e-04'], loss: 0.000650
[2024-10-03 06:35:39,542][INFO][clas_trainer:133] - train epoch: 18 [79648/132772 (60%)], lr: ['1.00e-04', '1.00e-04'], loss: 0.005658
[2024-10-03 06:36:47,126][INFO][clas_trainer:133] - train epoch: 18 [92928/132772 (70%)], lr: ['1.00e-04', '1.00e-04'], loss: 0.000950
[2024-10-03 06:37:52,218][INFO][clas_trainer:133] - train epoch: 18 [106208/132772 (80%)], lr: ['1.00e-04', '1.00e-04'], loss: 0.000463
[2024-10-03 06:38:55,925][INFO][clas_trainer:133] - train epoch: 18 [119488/132772 (90%)], lr: ['1.00e-04', '1.00e-04'], loss: 0.001312
[2024-10-03 06:39:59,914][INFO][clas_trainer:133] - train epoch: 18 [16596/132772 (100%)], lr: ['1.00e-04', '1.00e-04'], loss: 0.000368
[2024-10-03 06:41:41,120][INFO][clas_trainer:63] - [epoch  18] execution time: 765.72s	metrics:
[2024-10-03 06:41:41,121][INFO][clas_evaluator:132] - dataset: earlystopping, avg f1-score: 0.5632
[2024-10-03 06:42:46,445][INFO][clas_trainer:133] - train epoch: 19 [13248/132772 (10%)], lr: ['1.00e-04', '1.00e-04'], loss: 0.002514
[2024-10-03 06:43:50,522][INFO][clas_trainer:133] - train epoch: 19 [26528/132772 (20%)], lr: ['1.00e-04', '1.00e-04'], loss: 0.004999
[2024-10-03 06:44:58,812][INFO][clas_trainer:133] - train epoch: 19 [39808/132772 (30%)], lr: ['1.00e-04', '1.00e-04'], loss: 0.000325
[2024-10-03 06:46:05,691][INFO][clas_trainer:133] - train epoch: 19 [53088/132772 (40%)], lr: ['1.00e-04', '1.00e-04'], loss: 0.000333
[2024-10-03 06:47:10,104][INFO][clas_trainer:133] - train epoch: 19 [66368/132772 (50%)], lr: ['1.00e-04', '1.00e-04'], loss: 0.003151
[2024-10-03 06:48:15,458][INFO][clas_trainer:133] - train epoch: 19 [79648/132772 (60%)], lr: ['1.00e-04', '1.00e-04'], loss: 0.001266
[2024-10-03 06:49:18,970][INFO][clas_trainer:133] - train epoch: 19 [92928/132772 (70%)], lr: ['1.00e-04', '1.00e-04'], loss: 0.005235
[2024-10-03 06:50:27,390][INFO][clas_trainer:133] - train epoch: 19 [106208/132772 (80%)], lr: ['1.00e-04', '1.00e-04'], loss: 0.000279
[2024-10-03 06:51:35,200][INFO][clas_trainer:133] - train epoch: 19 [119488/132772 (90%)], lr: ['1.00e-04', '1.00e-04'], loss: 0.005554
[2024-10-03 06:52:42,767][INFO][clas_trainer:133] - train epoch: 19 [16596/132772 (100%)], lr: ['1.00e-04', '1.00e-04'], loss: 0.000971
[2024-10-03 06:54:25,484][INFO][clas_trainer:63] - [epoch  19] execution time: 764.36s	metrics:
[2024-10-03 06:54:25,485][INFO][clas_evaluator:132] - dataset: earlystopping, avg f1-score: 0.5598
[2024-10-03 06:54:25,494][INFO][clas_trainer:79] - finished training
[2024-10-03 06:54:25,494][INFO][clas_trainer:80] - best model on epoch: 9 	f1-score: 0.5667
