[2024-10-02 13:52:05,269][INFO][fine-tune:25] - Using GPU 1
[2024-10-02 13:52:05,275][INFO][fine-tune:35] - overrides:
hydra:
- hydra.launcher.n_jobs=40
- hydra.mode=MULTIRUN
task:
- m_seed_path_sids={seeds:[1,1,1,1,1],path:"exp005b-m1-simple_multi_class-2024-09-20_13-57-42-final.pth",subject_ids:{sleepedfx:$\{data.sleepedfx.cv_5_fold.fold_2\}}}
- data.downstream.train_dataloader.dataset.data_reducer.n_epochs=340
- data.downstream.train_dataloader.dataset.data_reducer.n_subjects=2
- general.gpus=[0,1,2,3]

[2024-10-02 13:52:14,679][INFO][data_loaders:39] - class distribution before data reduction:
# samples per subject
SC4001E0: 841
SC4002E0: 1127
SC4011E0: 1103
SC4012E0: 1186
SC4041E0: 1235
SC4042E0: 1200
SC4081E0: 1134
SC4082E0: 1054
SC4101E0: 1104
SC4102E0: 1092
SC4121E0: 1052
SC4122E0: 977
SC4141E0: 1004
SC4142E0: 952
SC4151E0: 952
SC4152E0: 1762
SC4161E0: 1144
SC4162E0: 1003
SC4171E0: 1002
SC4172E0: 1773
SC4181E0: 964
SC4182E0: 920
SC4191E0: 1535
SC4192E0: 1274
SC4211E0: 1578
SC4212E0: 808
SC4221E0: 1099
SC4222E0: 1108
SC4231E0: 904
SC4232E0: 1729
SC4241E0: 1673
SC4242E0: 1775
SC4251E0: 972
SC4252E0: 1020
SC4261F0: 1597
SC4262F0: 980
SC4301E0: 929
SC4302E0: 854
SC4311E0: 1054
SC4312E0: 1181
SC4321E0: 1560
SC4322E0: 1021
SC4351F0: 976
SC4352F0: 963
SC4362F0: 824
SC4371F0: 918
SC4372F0: 1509
SC4381F0: 1776
SC4382F0: 1871
SC4431E0: 699
SC4432E0: 962
SC4441E0: 1195
SC4442E0: 1092
SC4451F0: 1208
SC4452F0: 1166
SC4471F0: 1187
SC4472F0: 2161
SC4481F0: 2027
SC4482F0: 1910
SC4491G0: 1101
SC4492G0: 1040
SC4511E0: 1087
SC4512E0: 954
SC4522E0: 997
SC4531E0: 1096
SC4532E0: 1056
SC4551F0: 1047
SC4552F0: 1090
SC4561F0: 1237
SC4562F0: 1148
SC4571F0: 1236
SC4572F0: 1095
SC4581G0: 1095
SC4582G0: 1175
SC4591G0: 1840
SC4592G0: 1231
SC4601E0: 1349
SC4602E0: 2043
SC4611E0: 1652
SC4612E0: 1062
SC4621E0: 1445
SC4622E0: 1823
SC4631E0: 1063
SC4632E0: 1107
SC4651E0: 2644
SC4652E0: 1929
SC4661E0: 2026
SC4662E0: 1994
SC4671G0: 1968
SC4672G0: 1021
SC4701E0: 1717
SC4702E0: 1515
SC4711E0: 1413
SC4712E0: 1241
SC4721E0: 1031
SC4722E0: 1130
SC4731E0: 2667
SC4732E0: 2318
SC4751E0: 2044
SC4752E0: 1049
SC4771G0: 1325
SC4772G0: 1324
SC4801G0: 1241
SC4802G0: 1229
SC4821G0: 1704
SC4822G0: 1366

# samples per stage
0: 47716
1: 16230
2: 47884
3: 9066
4: 17745
[2024-10-02 13:52:15,749][INFO][data_loaders:43] - class distribution after data reduction:
# samples per subject
SC4252E0: 62271
SC4471F0: 76109

# samples per stage
0: 37851
1: 10582
2: 47619
3: 23606
4: 18722
[2024-10-02 13:52:16,934][INFO][data_loaders:39] - class distribution before data reduction:
# samples per subject
SC4021E0: 1025
SC4022E0: 1009
SC4071E0: 976
SC4072E0: 1273
SC4111E0: 928
SC4112E0: 802
SC4401E0: 1064
SC4402E0: 1072
SC4421E0: 785
SC4422E0: 884
SC4461F0: 983
SC4462F0: 1022
SC4761E0: 1683
SC4762E0: 2662
SC4811G0: 1293
SC4812G0: 1183

# samples per stage
0: 6086
1: 1760
2: 6497
3: 1549
4: 2752
[2024-10-02 13:52:17,007][INFO][data_loaders:43] - class distribution after data reduction:
# samples per subject
SC4021E0: 1025
SC4022E0: 1009
SC4071E0: 976
SC4072E0: 1273
SC4111E0: 928
SC4112E0: 802
SC4401E0: 1064
SC4402E0: 1072
SC4421E0: 785
SC4422E0: 884
SC4461F0: 983
SC4462F0: 1022
SC4761E0: 1683
SC4762E0: 2662
SC4811G0: 1293
SC4812G0: 1183

# samples per stage
0: 6086
1: 1760
2: 6497
3: 1549
4: 2752
[2024-10-02 13:52:17,023][INFO][clas_trainer:49] - metrics before training (epoch 0):
[2024-10-02 13:53:42,973][INFO][clas_evaluator:132] - dataset: earlystopping, avg f1-score: 0.1034
[2024-10-02 13:55:04,813][INFO][clas_trainer:133] - train epoch: 1 [13792/138380 (10%)], lr: ['1.00e-04', '1.00e-04'], loss: 1.475298
[2024-10-02 13:56:10,357][INFO][clas_trainer:133] - train epoch: 1 [27616/138380 (20%)], lr: ['1.00e-04', '1.00e-04'], loss: 1.245539
[2024-10-02 13:57:12,342][INFO][clas_trainer:133] - train epoch: 1 [41440/138380 (30%)], lr: ['1.00e-04', '1.00e-04'], loss: 1.312241
[2024-10-02 13:58:21,726][INFO][clas_trainer:133] - train epoch: 1 [55264/138380 (40%)], lr: ['1.00e-04', '1.00e-04'], loss: 0.540196
[2024-10-02 13:59:25,253][INFO][clas_trainer:133] - train epoch: 1 [69088/138380 (50%)], lr: ['1.00e-04', '1.00e-04'], loss: 0.389432
[2024-10-02 14:00:22,816][INFO][clas_trainer:133] - train epoch: 1 [82912/138380 (60%)], lr: ['1.00e-04', '1.00e-04'], loss: 0.705391
[2024-10-02 14:01:24,487][INFO][clas_trainer:133] - train epoch: 1 [96736/138380 (70%)], lr: ['1.00e-04', '1.00e-04'], loss: 0.299475
[2024-10-02 14:02:24,495][INFO][clas_trainer:133] - train epoch: 1 [110560/138380 (80%)], lr: ['1.00e-04', '1.00e-04'], loss: 0.406492
[2024-10-02 14:03:27,898][INFO][clas_trainer:133] - train epoch: 1 [124384/138380 (90%)], lr: ['1.00e-04', '1.00e-04'], loss: 0.169606
[2024-10-02 14:04:33,096][INFO][clas_trainer:133] - train epoch: 1 [138208/138380 (100%)], lr: ['1.00e-04', '1.00e-04'], loss: 0.087118
[2024-10-02 14:06:02,745][INFO][clas_trainer:63] - [epoch   1] execution time: 739.77s	metrics:
[2024-10-02 14:06:02,746][INFO][clas_evaluator:132] - dataset: earlystopping, avg f1-score: 0.4594
[2024-10-02 14:06:02,784][INFO][base_model:51] - snapshot saved to XXX/frequency-pretraining/models/exp005a-m41-base_fe_clas-2024-10-02_10-52-09-final.pth
[2024-10-02 14:07:07,456][INFO][clas_trainer:133] - train epoch: 2 [13792/138380 (10%)], lr: ['1.00e-04', '1.00e-04'], loss: 0.157114
[2024-10-02 14:08:05,204][INFO][clas_trainer:133] - train epoch: 2 [27616/138380 (20%)], lr: ['1.00e-04', '1.00e-04'], loss: 0.041531
[2024-10-02 14:09:03,694][INFO][clas_trainer:133] - train epoch: 2 [41440/138380 (30%)], lr: ['1.00e-04', '1.00e-04'], loss: 0.186769
[2024-10-02 14:10:03,338][INFO][clas_trainer:133] - train epoch: 2 [55264/138380 (40%)], lr: ['1.00e-04', '1.00e-04'], loss: 0.070927
[2024-10-02 14:11:06,961][INFO][clas_trainer:133] - train epoch: 2 [69088/138380 (50%)], lr: ['1.00e-04', '1.00e-04'], loss: 0.001892
[2024-10-02 14:12:12,141][INFO][clas_trainer:133] - train epoch: 2 [82912/138380 (60%)], lr: ['1.00e-04', '1.00e-04'], loss: 0.004396
[2024-10-02 14:13:10,425][INFO][clas_trainer:133] - train epoch: 2 [96736/138380 (70%)], lr: ['1.00e-04', '1.00e-04'], loss: 0.035110
[2024-10-02 14:14:08,829][INFO][clas_trainer:133] - train epoch: 2 [110560/138380 (80%)], lr: ['1.00e-04', '1.00e-04'], loss: 0.091738
[2024-10-02 14:15:07,493][INFO][clas_trainer:133] - train epoch: 2 [124384/138380 (90%)], lr: ['1.00e-04', '1.00e-04'], loss: 0.010091
[2024-10-02 14:16:05,657][INFO][clas_trainer:133] - train epoch: 2 [138208/138380 (100%)], lr: ['1.00e-04', '1.00e-04'], loss: 0.031410
[2024-10-02 14:17:25,734][INFO][clas_trainer:63] - [epoch   2] execution time: 682.95s	metrics:
[2024-10-02 14:17:25,734][INFO][clas_evaluator:132] - dataset: earlystopping, avg f1-score: 0.5558
[2024-10-02 14:17:25,775][INFO][base_model:51] - snapshot saved to XXX/frequency-pretraining/models/exp005a-m41-base_fe_clas-2024-10-02_10-52-09-final.pth
[2024-10-02 14:18:24,995][INFO][clas_trainer:133] - train epoch: 3 [13792/138380 (10%)], lr: ['1.00e-04', '1.00e-04'], loss: 0.003734
[2024-10-02 14:19:21,703][INFO][clas_trainer:133] - train epoch: 3 [27616/138380 (20%)], lr: ['1.00e-04', '1.00e-04'], loss: 0.008228
[2024-10-02 14:20:22,586][INFO][clas_trainer:133] - train epoch: 3 [41440/138380 (30%)], lr: ['1.00e-04', '1.00e-04'], loss: 0.002648
[2024-10-02 14:21:25,813][INFO][clas_trainer:133] - train epoch: 3 [55264/138380 (40%)], lr: ['1.00e-04', '1.00e-04'], loss: 0.007367
[2024-10-02 14:22:29,195][INFO][clas_trainer:133] - train epoch: 3 [69088/138380 (50%)], lr: ['1.00e-04', '1.00e-04'], loss: 0.000288
[2024-10-02 14:23:33,720][INFO][clas_trainer:133] - train epoch: 3 [82912/138380 (60%)], lr: ['1.00e-04', '1.00e-04'], loss: 0.011527
[2024-10-02 14:24:38,564][INFO][clas_trainer:133] - train epoch: 3 [96736/138380 (70%)], lr: ['1.00e-04', '1.00e-04'], loss: 0.027868
[2024-10-02 14:25:45,027][INFO][clas_trainer:133] - train epoch: 3 [110560/138380 (80%)], lr: ['1.00e-04', '1.00e-04'], loss: 0.002769
[2024-10-02 14:26:51,861][INFO][clas_trainer:133] - train epoch: 3 [124384/138380 (90%)], lr: ['1.00e-04', '1.00e-04'], loss: 0.002459
[2024-10-02 14:27:56,739][INFO][clas_trainer:133] - train epoch: 3 [138208/138380 (100%)], lr: ['1.00e-04', '1.00e-04'], loss: 0.003996
[2024-10-02 14:29:34,403][INFO][clas_trainer:63] - [epoch   3] execution time: 728.63s	metrics:
[2024-10-02 14:29:34,404][INFO][clas_evaluator:132] - dataset: earlystopping, avg f1-score: 0.5743
[2024-10-02 14:29:34,471][INFO][base_model:51] - snapshot saved to XXX/frequency-pretraining/models/exp005a-m41-base_fe_clas-2024-10-02_10-52-09-final.pth
[2024-10-02 14:30:39,650][INFO][clas_trainer:133] - train epoch: 4 [13792/138380 (10%)], lr: ['1.00e-04', '1.00e-04'], loss: 0.006304
[2024-10-02 14:31:38,918][INFO][clas_trainer:133] - train epoch: 4 [27616/138380 (20%)], lr: ['1.00e-04', '1.00e-04'], loss: 0.001129
[2024-10-02 14:32:42,935][INFO][clas_trainer:133] - train epoch: 4 [41440/138380 (30%)], lr: ['1.00e-04', '1.00e-04'], loss: 0.000410
[2024-10-02 14:33:45,898][INFO][clas_trainer:133] - train epoch: 4 [55264/138380 (40%)], lr: ['1.00e-04', '1.00e-04'], loss: 0.005303
[2024-10-02 14:34:47,248][INFO][clas_trainer:133] - train epoch: 4 [69088/138380 (50%)], lr: ['1.00e-04', '1.00e-04'], loss: 0.000086
[2024-10-02 14:35:46,890][INFO][clas_trainer:133] - train epoch: 4 [82912/138380 (60%)], lr: ['1.00e-04', '1.00e-04'], loss: 0.011394
[2024-10-02 14:36:46,564][INFO][clas_trainer:133] - train epoch: 4 [96736/138380 (70%)], lr: ['1.00e-04', '1.00e-04'], loss: 0.003289
[2024-10-02 14:37:43,355][INFO][clas_trainer:133] - train epoch: 4 [110560/138380 (80%)], lr: ['1.00e-04', '1.00e-04'], loss: 0.000845
[2024-10-02 14:38:40,963][INFO][clas_trainer:133] - train epoch: 4 [124384/138380 (90%)], lr: ['1.00e-04', '1.00e-04'], loss: 0.030340
[2024-10-02 14:39:39,895][INFO][clas_trainer:133] - train epoch: 4 [138208/138380 (100%)], lr: ['1.00e-04', '1.00e-04'], loss: 0.012404
[2024-10-02 14:41:08,774][INFO][clas_trainer:63] - [epoch   4] execution time: 694.30s	metrics:
[2024-10-02 14:41:08,775][INFO][clas_evaluator:132] - dataset: earlystopping, avg f1-score: 0.5574
[2024-10-02 14:42:10,444][INFO][clas_trainer:133] - train epoch: 5 [13792/138380 (10%)], lr: ['1.00e-04', '1.00e-04'], loss: 0.000987
[2024-10-02 14:43:14,192][INFO][clas_trainer:133] - train epoch: 5 [27616/138380 (20%)], lr: ['1.00e-04', '1.00e-04'], loss: 0.021810
[2024-10-02 14:44:17,153][INFO][clas_trainer:133] - train epoch: 5 [41440/138380 (30%)], lr: ['1.00e-04', '1.00e-04'], loss: 0.000822
[2024-10-02 14:45:19,431][INFO][clas_trainer:133] - train epoch: 5 [55264/138380 (40%)], lr: ['1.00e-04', '1.00e-04'], loss: 0.005795
[2024-10-02 14:46:23,688][INFO][clas_trainer:133] - train epoch: 5 [69088/138380 (50%)], lr: ['1.00e-04', '1.00e-04'], loss: 0.001029
[2024-10-02 14:47:27,724][INFO][clas_trainer:133] - train epoch: 5 [82912/138380 (60%)], lr: ['1.00e-04', '1.00e-04'], loss: 0.000337
[2024-10-02 14:48:28,516][INFO][clas_trainer:133] - train epoch: 5 [96736/138380 (70%)], lr: ['1.00e-04', '1.00e-04'], loss: 0.016228
[2024-10-02 14:49:28,841][INFO][clas_trainer:133] - train epoch: 5 [110560/138380 (80%)], lr: ['1.00e-04', '1.00e-04'], loss: 0.004164
[2024-10-02 14:50:29,667][INFO][clas_trainer:133] - train epoch: 5 [124384/138380 (90%)], lr: ['1.00e-04', '1.00e-04'], loss: 0.003203
[2024-10-02 14:51:32,080][INFO][clas_trainer:133] - train epoch: 5 [138208/138380 (100%)], lr: ['1.00e-04', '1.00e-04'], loss: 0.082267
[2024-10-02 14:52:50,917][INFO][clas_trainer:63] - [epoch   5] execution time: 702.14s	metrics:
[2024-10-02 14:52:50,918][INFO][clas_evaluator:132] - dataset: earlystopping, avg f1-score: 0.5816
[2024-10-02 14:52:50,960][INFO][base_model:51] - snapshot saved to XXX/frequency-pretraining/models/exp005a-m41-base_fe_clas-2024-10-02_10-52-09-final.pth
[2024-10-02 14:53:50,799][INFO][clas_trainer:133] - train epoch: 6 [13792/138380 (10%)], lr: ['1.00e-04', '1.00e-04'], loss: 0.003553
[2024-10-02 14:54:49,774][INFO][clas_trainer:133] - train epoch: 6 [27616/138380 (20%)], lr: ['1.00e-04', '1.00e-04'], loss: 0.000680
[2024-10-02 14:55:50,947][INFO][clas_trainer:133] - train epoch: 6 [41440/138380 (30%)], lr: ['1.00e-04', '1.00e-04'], loss: 0.000214
[2024-10-02 14:56:49,904][INFO][clas_trainer:133] - train epoch: 6 [55264/138380 (40%)], lr: ['1.00e-04', '1.00e-04'], loss: 0.001413
[2024-10-02 14:57:48,218][INFO][clas_trainer:133] - train epoch: 6 [69088/138380 (50%)], lr: ['1.00e-04', '1.00e-04'], loss: 0.007664
[2024-10-02 14:58:45,650][INFO][clas_trainer:133] - train epoch: 6 [82912/138380 (60%)], lr: ['1.00e-04', '1.00e-04'], loss: 0.000096
[2024-10-02 14:59:45,354][INFO][clas_trainer:133] - train epoch: 6 [96736/138380 (70%)], lr: ['1.00e-04', '1.00e-04'], loss: 0.000158
[2024-10-02 15:00:46,439][INFO][clas_trainer:133] - train epoch: 6 [110560/138380 (80%)], lr: ['1.00e-04', '1.00e-04'], loss: 0.014371
[2024-10-02 15:01:47,890][INFO][clas_trainer:133] - train epoch: 6 [124384/138380 (90%)], lr: ['1.00e-04', '1.00e-04'], loss: 0.000273
[2024-10-02 15:02:48,845][INFO][clas_trainer:133] - train epoch: 6 [138208/138380 (100%)], lr: ['1.00e-04', '1.00e-04'], loss: 0.000870
[2024-10-02 15:04:10,123][INFO][clas_trainer:63] - [epoch   6] execution time: 679.16s	metrics:
[2024-10-02 15:04:10,124][INFO][clas_evaluator:132] - dataset: earlystopping, avg f1-score: 0.5831
[2024-10-02 15:04:10,165][INFO][base_model:51] - snapshot saved to XXX/frequency-pretraining/models/exp005a-m41-base_fe_clas-2024-10-02_10-52-09-final.pth
[2024-10-02 15:05:13,136][INFO][clas_trainer:133] - train epoch: 7 [13792/138380 (10%)], lr: ['1.00e-04', '1.00e-04'], loss: 0.000311
[2024-10-02 15:06:20,204][INFO][clas_trainer:133] - train epoch: 7 [27616/138380 (20%)], lr: ['1.00e-04', '1.00e-04'], loss: 0.000419
[2024-10-02 15:07:30,313][INFO][clas_trainer:133] - train epoch: 7 [41440/138380 (30%)], lr: ['1.00e-04', '1.00e-04'], loss: 0.000899
[2024-10-02 15:08:29,309][INFO][clas_trainer:133] - train epoch: 7 [55264/138380 (40%)], lr: ['1.00e-04', '1.00e-04'], loss: 0.000718
[2024-10-02 15:09:29,766][INFO][clas_trainer:133] - train epoch: 7 [69088/138380 (50%)], lr: ['1.00e-04', '1.00e-04'], loss: 0.001587
[2024-10-02 15:10:32,685][INFO][clas_trainer:133] - train epoch: 7 [82912/138380 (60%)], lr: ['1.00e-04', '1.00e-04'], loss: 0.001274
[2024-10-02 15:11:35,636][INFO][clas_trainer:133] - train epoch: 7 [96736/138380 (70%)], lr: ['1.00e-04', '1.00e-04'], loss: 0.006918
[2024-10-02 15:12:41,819][INFO][clas_trainer:133] - train epoch: 7 [110560/138380 (80%)], lr: ['1.00e-04', '1.00e-04'], loss: 0.000581
[2024-10-02 15:13:48,173][INFO][clas_trainer:133] - train epoch: 7 [124384/138380 (90%)], lr: ['1.00e-04', '1.00e-04'], loss: 0.000792
[2024-10-02 15:14:52,266][INFO][clas_trainer:133] - train epoch: 7 [138208/138380 (100%)], lr: ['1.00e-04', '1.00e-04'], loss: 0.000376
[2024-10-02 15:16:26,705][INFO][clas_trainer:63] - [epoch   7] execution time: 736.54s	metrics:
[2024-10-02 15:16:26,706][INFO][clas_evaluator:132] - dataset: earlystopping, avg f1-score: 0.6030
[2024-10-02 15:16:26,745][INFO][base_model:51] - snapshot saved to XXX/frequency-pretraining/models/exp005a-m41-base_fe_clas-2024-10-02_10-52-09-final.pth
[2024-10-02 15:17:26,429][INFO][clas_trainer:133] - train epoch: 8 [13792/138380 (10%)], lr: ['1.00e-04', '1.00e-04'], loss: 0.005499
[2024-10-02 15:18:23,050][INFO][clas_trainer:133] - train epoch: 8 [27616/138380 (20%)], lr: ['1.00e-04', '1.00e-04'], loss: 0.000672
[2024-10-02 15:19:18,948][INFO][clas_trainer:133] - train epoch: 8 [41440/138380 (30%)], lr: ['1.00e-04', '1.00e-04'], loss: 0.000947
[2024-10-02 15:20:15,594][INFO][clas_trainer:133] - train epoch: 8 [55264/138380 (40%)], lr: ['1.00e-04', '1.00e-04'], loss: 0.002373
[2024-10-02 15:21:12,001][INFO][clas_trainer:133] - train epoch: 8 [69088/138380 (50%)], lr: ['1.00e-04', '1.00e-04'], loss: 0.001989
[2024-10-02 15:22:10,213][INFO][clas_trainer:133] - train epoch: 8 [82912/138380 (60%)], lr: ['1.00e-04', '1.00e-04'], loss: 0.000606
[2024-10-02 15:23:08,703][INFO][clas_trainer:133] - train epoch: 8 [96736/138380 (70%)], lr: ['1.00e-04', '1.00e-04'], loss: 0.000577
[2024-10-02 15:24:10,372][INFO][clas_trainer:133] - train epoch: 8 [110560/138380 (80%)], lr: ['1.00e-04', '1.00e-04'], loss: 0.003206
[2024-10-02 15:25:11,793][INFO][clas_trainer:133] - train epoch: 8 [124384/138380 (90%)], lr: ['1.00e-04', '1.00e-04'], loss: 0.001964
[2024-10-02 15:26:18,982][INFO][clas_trainer:133] - train epoch: 8 [138208/138380 (100%)], lr: ['1.00e-04', '1.00e-04'], loss: 0.001904
[2024-10-02 15:27:52,497][INFO][clas_trainer:63] - [epoch   8] execution time: 685.75s	metrics:
[2024-10-02 15:27:52,498][INFO][clas_evaluator:132] - dataset: earlystopping, avg f1-score: 0.5732
[2024-10-02 15:29:04,482][INFO][clas_trainer:133] - train epoch: 9 [13792/138380 (10%)], lr: ['1.00e-04', '1.00e-04'], loss: 0.009393
[2024-10-02 15:30:11,439][INFO][clas_trainer:133] - train epoch: 9 [27616/138380 (20%)], lr: ['1.00e-04', '1.00e-04'], loss: 0.002031
[2024-10-02 15:31:16,846][INFO][clas_trainer:133] - train epoch: 9 [41440/138380 (30%)], lr: ['1.00e-04', '1.00e-04'], loss: 0.000771
[2024-10-02 15:32:21,243][INFO][clas_trainer:133] - train epoch: 9 [55264/138380 (40%)], lr: ['1.00e-04', '1.00e-04'], loss: 0.000435
[2024-10-02 15:33:23,150][INFO][clas_trainer:133] - train epoch: 9 [69088/138380 (50%)], lr: ['1.00e-04', '1.00e-04'], loss: 0.000546
[2024-10-02 15:34:25,572][INFO][clas_trainer:133] - train epoch: 9 [82912/138380 (60%)], lr: ['1.00e-04', '1.00e-04'], loss: 0.000272
[2024-10-02 15:35:29,602][INFO][clas_trainer:133] - train epoch: 9 [96736/138380 (70%)], lr: ['1.00e-04', '1.00e-04'], loss: 0.001072
[2024-10-02 15:36:32,622][INFO][clas_trainer:133] - train epoch: 9 [110560/138380 (80%)], lr: ['1.00e-04', '1.00e-04'], loss: 0.001079
[2024-10-02 15:37:29,788][INFO][clas_trainer:133] - train epoch: 9 [124384/138380 (90%)], lr: ['1.00e-04', '1.00e-04'], loss: 0.000153
[2024-10-02 15:38:27,275][INFO][clas_trainer:133] - train epoch: 9 [138208/138380 (100%)], lr: ['1.00e-04', '1.00e-04'], loss: 0.002778
[2024-10-02 15:39:51,150][INFO][clas_trainer:63] - [epoch   9] execution time: 718.65s	metrics:
[2024-10-02 15:39:51,151][INFO][clas_evaluator:132] - dataset: earlystopping, avg f1-score: 0.5904
[2024-10-02 15:40:52,597][INFO][clas_trainer:133] - train epoch: 10 [13792/138380 (10%)], lr: ['1.00e-04', '1.00e-04'], loss: 0.001080
[2024-10-02 15:41:51,385][INFO][clas_trainer:133] - train epoch: 10 [27616/138380 (20%)], lr: ['1.00e-04', '1.00e-04'], loss: 0.000552
[2024-10-02 15:42:48,211][INFO][clas_trainer:133] - train epoch: 10 [41440/138380 (30%)], lr: ['1.00e-04', '1.00e-04'], loss: 0.001107
[2024-10-02 15:43:44,679][INFO][clas_trainer:133] - train epoch: 10 [55264/138380 (40%)], lr: ['1.00e-04', '1.00e-04'], loss: 0.010239
[2024-10-02 15:44:42,366][INFO][clas_trainer:133] - train epoch: 10 [69088/138380 (50%)], lr: ['1.00e-04', '1.00e-04'], loss: 0.000891
[2024-10-02 15:45:39,864][INFO][clas_trainer:133] - train epoch: 10 [82912/138380 (60%)], lr: ['1.00e-04', '1.00e-04'], loss: 0.000728
[2024-10-02 15:46:37,877][INFO][clas_trainer:133] - train epoch: 10 [96736/138380 (70%)], lr: ['1.00e-04', '1.00e-04'], loss: 0.000753
[2024-10-02 15:47:37,387][INFO][clas_trainer:133] - train epoch: 10 [110560/138380 (80%)], lr: ['1.00e-04', '1.00e-04'], loss: 0.001500
[2024-10-02 15:48:36,054][INFO][clas_trainer:133] - train epoch: 10 [124384/138380 (90%)], lr: ['1.00e-04', '1.00e-04'], loss: 0.001184
[2024-10-02 15:49:34,988][INFO][clas_trainer:133] - train epoch: 10 [138208/138380 (100%)], lr: ['1.00e-04', '1.00e-04'], loss: 0.029186
[2024-10-02 15:50:59,076][INFO][clas_trainer:63] - [epoch  10] execution time: 667.92s	metrics:
[2024-10-02 15:50:59,077][INFO][clas_evaluator:132] - dataset: earlystopping, avg f1-score: 0.5877
[2024-10-02 15:51:57,660][INFO][clas_trainer:133] - train epoch: 11 [13792/138380 (10%)], lr: ['1.00e-04', '1.00e-04'], loss: 0.000671
[2024-10-02 15:52:56,051][INFO][clas_trainer:133] - train epoch: 11 [27616/138380 (20%)], lr: ['1.00e-04', '1.00e-04'], loss: 0.001316
[2024-10-02 15:53:59,875][INFO][clas_trainer:133] - train epoch: 11 [41440/138380 (30%)], lr: ['1.00e-04', '1.00e-04'], loss: 0.000702
[2024-10-02 15:55:02,681][INFO][clas_trainer:133] - train epoch: 11 [55264/138380 (40%)], lr: ['1.00e-04', '1.00e-04'], loss: 0.003801
[2024-10-02 15:56:05,290][INFO][clas_trainer:133] - train epoch: 11 [69088/138380 (50%)], lr: ['1.00e-04', '1.00e-04'], loss: 0.000498
[2024-10-02 15:57:07,465][INFO][clas_trainer:133] - train epoch: 11 [82912/138380 (60%)], lr: ['1.00e-04', '1.00e-04'], loss: 0.005094
[2024-10-02 15:58:10,858][INFO][clas_trainer:133] - train epoch: 11 [96736/138380 (70%)], lr: ['1.00e-04', '1.00e-04'], loss: 0.000432
[2024-10-02 15:59:11,720][INFO][clas_trainer:133] - train epoch: 11 [110560/138380 (80%)], lr: ['1.00e-04', '1.00e-04'], loss: 0.000482
[2024-10-02 16:00:08,045][INFO][clas_trainer:133] - train epoch: 11 [124384/138380 (90%)], lr: ['1.00e-04', '1.00e-04'], loss: 0.002297
[2024-10-02 16:01:07,567][INFO][clas_trainer:133] - train epoch: 11 [138208/138380 (100%)], lr: ['1.00e-04', '1.00e-04'], loss: 0.014126
[2024-10-02 16:02:34,432][INFO][clas_trainer:63] - [epoch  11] execution time: 695.36s	metrics:
[2024-10-02 16:02:34,433][INFO][clas_evaluator:132] - dataset: earlystopping, avg f1-score: 0.5853
[2024-10-02 16:03:39,261][INFO][clas_trainer:133] - train epoch: 12 [13792/138380 (10%)], lr: ['1.00e-04', '1.00e-04'], loss: 0.001245
[2024-10-02 16:04:43,413][INFO][clas_trainer:133] - train epoch: 12 [27616/138380 (20%)], lr: ['1.00e-04', '1.00e-04'], loss: 0.000477
[2024-10-02 16:05:46,844][INFO][clas_trainer:133] - train epoch: 12 [41440/138380 (30%)], lr: ['1.00e-04', '1.00e-04'], loss: 0.013171
[2024-10-02 16:06:54,031][INFO][clas_trainer:133] - train epoch: 12 [55264/138380 (40%)], lr: ['1.00e-04', '1.00e-04'], loss: 0.001613
[2024-10-02 16:07:55,184][INFO][clas_trainer:133] - train epoch: 12 [69088/138380 (50%)], lr: ['1.00e-04', '1.00e-04'], loss: 0.000372
[2024-10-02 16:08:51,683][INFO][clas_trainer:133] - train epoch: 12 [82912/138380 (60%)], lr: ['1.00e-04', '1.00e-04'], loss: 0.002709
[2024-10-02 16:09:50,307][INFO][clas_trainer:133] - train epoch: 12 [96736/138380 (70%)], lr: ['1.00e-04', '1.00e-04'], loss: 0.001563
[2024-10-02 16:10:50,189][INFO][clas_trainer:133] - train epoch: 12 [110560/138380 (80%)], lr: ['1.00e-04', '1.00e-04'], loss: 0.004723
[2024-10-02 16:11:45,775][INFO][clas_trainer:133] - train epoch: 12 [124384/138380 (90%)], lr: ['1.00e-04', '1.00e-04'], loss: 0.000824
[2024-10-02 16:12:43,727][INFO][clas_trainer:133] - train epoch: 12 [138208/138380 (100%)], lr: ['1.00e-04', '1.00e-04'], loss: 0.000714
[2024-10-02 16:14:14,651][INFO][clas_trainer:63] - [epoch  12] execution time: 700.22s	metrics:
[2024-10-02 16:14:14,652][INFO][clas_evaluator:132] - dataset: earlystopping, avg f1-score: 0.5981
[2024-10-02 16:15:21,071][INFO][clas_trainer:133] - train epoch: 13 [13792/138380 (10%)], lr: ['1.00e-04', '1.00e-04'], loss: 0.001473
[2024-10-02 16:16:28,212][INFO][clas_trainer:133] - train epoch: 13 [27616/138380 (20%)], lr: ['1.00e-04', '1.00e-04'], loss: 0.001256
[2024-10-02 16:17:29,118][INFO][clas_trainer:133] - train epoch: 13 [41440/138380 (30%)], lr: ['1.00e-04', '1.00e-04'], loss: 0.000879
[2024-10-02 16:18:25,787][INFO][clas_trainer:133] - train epoch: 13 [55264/138380 (40%)], lr: ['1.00e-04', '1.00e-04'], loss: 0.000820
[2024-10-02 16:19:22,155][INFO][clas_trainer:133] - train epoch: 13 [69088/138380 (50%)], lr: ['1.00e-04', '1.00e-04'], loss: 0.000340
[2024-10-02 16:20:21,698][INFO][clas_trainer:133] - train epoch: 13 [82912/138380 (60%)], lr: ['1.00e-04', '1.00e-04'], loss: 0.004195
[2024-10-02 16:21:18,575][INFO][clas_trainer:133] - train epoch: 13 [96736/138380 (70%)], lr: ['1.00e-04', '1.00e-04'], loss: 0.000955
[2024-10-02 16:22:16,498][INFO][clas_trainer:133] - train epoch: 13 [110560/138380 (80%)], lr: ['1.00e-04', '1.00e-04'], loss: 0.013072
[2024-10-02 16:23:20,697][INFO][clas_trainer:133] - train epoch: 13 [124384/138380 (90%)], lr: ['1.00e-04', '1.00e-04'], loss: 0.001262
[2024-10-02 16:24:30,634][INFO][clas_trainer:133] - train epoch: 13 [138208/138380 (100%)], lr: ['1.00e-04', '1.00e-04'], loss: 0.000486
[2024-10-02 16:25:56,110][INFO][clas_trainer:63] - [epoch  13] execution time: 701.46s	metrics:
[2024-10-02 16:25:56,111][INFO][clas_evaluator:132] - dataset: earlystopping, avg f1-score: 0.5910
[2024-10-02 16:27:00,322][INFO][clas_trainer:133] - train epoch: 14 [13792/138380 (10%)], lr: ['1.00e-04', '1.00e-04'], loss: 0.000837
[2024-10-02 16:27:59,207][INFO][clas_trainer:133] - train epoch: 14 [27616/138380 (20%)], lr: ['1.00e-04', '1.00e-04'], loss: 0.001272
[2024-10-02 16:28:57,122][INFO][clas_trainer:133] - train epoch: 14 [41440/138380 (30%)], lr: ['1.00e-04', '1.00e-04'], loss: 0.000991
[2024-10-02 16:29:56,465][INFO][clas_trainer:133] - train epoch: 14 [55264/138380 (40%)], lr: ['1.00e-04', '1.00e-04'], loss: 0.000689
[2024-10-02 16:30:53,405][INFO][clas_trainer:133] - train epoch: 14 [69088/138380 (50%)], lr: ['1.00e-04', '1.00e-04'], loss: 0.000735
[2024-10-02 16:31:50,829][INFO][clas_trainer:133] - train epoch: 14 [82912/138380 (60%)], lr: ['1.00e-04', '1.00e-04'], loss: 0.000388
[2024-10-02 16:32:51,083][INFO][clas_trainer:133] - train epoch: 14 [96736/138380 (70%)], lr: ['1.00e-04', '1.00e-04'], loss: 0.000605
[2024-10-02 16:33:52,992][INFO][clas_trainer:133] - train epoch: 14 [110560/138380 (80%)], lr: ['1.00e-04', '1.00e-04'], loss: 0.001477
[2024-10-02 16:34:54,323][INFO][clas_trainer:133] - train epoch: 14 [124384/138380 (90%)], lr: ['1.00e-04', '1.00e-04'], loss: 0.003476
[2024-10-02 16:35:57,044][INFO][clas_trainer:133] - train epoch: 14 [138208/138380 (100%)], lr: ['1.00e-04', '1.00e-04'], loss: 0.004313
[2024-10-02 16:37:20,336][INFO][clas_trainer:63] - [epoch  14] execution time: 684.22s	metrics:
[2024-10-02 16:37:20,337][INFO][clas_evaluator:132] - dataset: earlystopping, avg f1-score: 0.5862
[2024-10-02 16:38:20,362][INFO][clas_trainer:133] - train epoch: 15 [13792/138380 (10%)], lr: ['1.00e-04', '1.00e-04'], loss: 0.000829
[2024-10-02 16:39:17,714][INFO][clas_trainer:133] - train epoch: 15 [27616/138380 (20%)], lr: ['1.00e-04', '1.00e-04'], loss: 0.001407
[2024-10-02 16:40:15,280][INFO][clas_trainer:133] - train epoch: 15 [41440/138380 (30%)], lr: ['1.00e-04', '1.00e-04'], loss: 0.001045
[2024-10-02 16:41:16,556][INFO][clas_trainer:133] - train epoch: 15 [55264/138380 (40%)], lr: ['1.00e-04', '1.00e-04'], loss: 0.003806
[2024-10-02 16:42:17,736][INFO][clas_trainer:133] - train epoch: 15 [69088/138380 (50%)], lr: ['1.00e-04', '1.00e-04'], loss: 0.000998
[2024-10-02 16:43:19,605][INFO][clas_trainer:133] - train epoch: 15 [82912/138380 (60%)], lr: ['1.00e-04', '1.00e-04'], loss: 0.010049
[2024-10-02 16:44:23,147][INFO][clas_trainer:133] - train epoch: 15 [96736/138380 (70%)], lr: ['1.00e-04', '1.00e-04'], loss: 0.002886
[2024-10-02 16:45:24,141][INFO][clas_trainer:133] - train epoch: 15 [110560/138380 (80%)], lr: ['1.00e-04', '1.00e-04'], loss: 0.006688
[2024-10-02 16:46:25,874][INFO][clas_trainer:133] - train epoch: 15 [124384/138380 (90%)], lr: ['1.00e-04', '1.00e-04'], loss: 0.000536
[2024-10-02 16:47:24,696][INFO][clas_trainer:133] - train epoch: 15 [138208/138380 (100%)], lr: ['1.00e-04', '1.00e-04'], loss: 0.000445
[2024-10-02 16:48:49,449][INFO][clas_trainer:63] - [epoch  15] execution time: 689.11s	metrics:
[2024-10-02 16:48:49,450][INFO][clas_evaluator:132] - dataset: earlystopping, avg f1-score: 0.5939
[2024-10-02 16:49:50,068][INFO][clas_trainer:133] - train epoch: 16 [13792/138380 (10%)], lr: ['1.00e-04', '1.00e-04'], loss: 0.000488
[2024-10-02 16:50:50,091][INFO][clas_trainer:133] - train epoch: 16 [27616/138380 (20%)], lr: ['1.00e-04', '1.00e-04'], loss: 0.000678
[2024-10-02 16:51:50,228][INFO][clas_trainer:133] - train epoch: 16 [41440/138380 (30%)], lr: ['1.00e-04', '1.00e-04'], loss: 0.000467
[2024-10-02 16:52:49,228][INFO][clas_trainer:133] - train epoch: 16 [55264/138380 (40%)], lr: ['1.00e-04', '1.00e-04'], loss: 0.000963
[2024-10-02 16:53:47,074][INFO][clas_trainer:133] - train epoch: 16 [69088/138380 (50%)], lr: ['1.00e-04', '1.00e-04'], loss: 0.000671
[2024-10-02 16:54:46,704][INFO][clas_trainer:133] - train epoch: 16 [82912/138380 (60%)], lr: ['1.00e-04', '1.00e-04'], loss: 0.002470
[2024-10-02 16:55:43,682][INFO][clas_trainer:133] - train epoch: 16 [96736/138380 (70%)], lr: ['1.00e-04', '1.00e-04'], loss: 0.015770
[2024-10-02 16:56:41,944][INFO][clas_trainer:133] - train epoch: 16 [110560/138380 (80%)], lr: ['1.00e-04', '1.00e-04'], loss: 0.000541
[2024-10-02 16:57:39,756][INFO][clas_trainer:133] - train epoch: 16 [124384/138380 (90%)], lr: ['1.00e-04', '1.00e-04'], loss: 0.000799
[2024-10-02 16:58:38,322][INFO][clas_trainer:133] - train epoch: 16 [138208/138380 (100%)], lr: ['1.00e-04', '1.00e-04'], loss: 0.001191
[2024-10-02 17:00:01,553][INFO][clas_trainer:63] - [epoch  16] execution time: 672.10s	metrics:
[2024-10-02 17:00:01,553][INFO][clas_evaluator:132] - dataset: earlystopping, avg f1-score: 0.5907
[2024-10-02 17:01:01,254][INFO][clas_trainer:133] - train epoch: 17 [13792/138380 (10%)], lr: ['1.00e-04', '1.00e-04'], loss: 0.000801
[2024-10-02 17:02:00,164][INFO][clas_trainer:133] - train epoch: 17 [27616/138380 (20%)], lr: ['1.00e-04', '1.00e-04'], loss: 0.004066
[2024-10-02 17:02:57,375][INFO][clas_trainer:133] - train epoch: 17 [41440/138380 (30%)], lr: ['1.00e-04', '1.00e-04'], loss: 0.000741
[2024-10-02 17:03:53,567][INFO][clas_trainer:133] - train epoch: 17 [55264/138380 (40%)], lr: ['1.00e-04', '1.00e-04'], loss: 0.001204
[2024-10-02 17:04:50,828][INFO][clas_trainer:133] - train epoch: 17 [69088/138380 (50%)], lr: ['1.00e-04', '1.00e-04'], loss: 0.002116
[2024-10-02 17:05:50,475][INFO][clas_trainer:133] - train epoch: 17 [82912/138380 (60%)], lr: ['1.00e-04', '1.00e-04'], loss: 0.002777
[2024-10-02 17:06:48,958][INFO][clas_trainer:133] - train epoch: 17 [96736/138380 (70%)], lr: ['1.00e-04', '1.00e-04'], loss: 0.001367
[2024-10-02 17:07:44,889][INFO][clas_trainer:133] - train epoch: 17 [110560/138380 (80%)], lr: ['1.00e-04', '1.00e-04'], loss: 0.002467
[2024-10-02 17:08:43,324][INFO][clas_trainer:133] - train epoch: 17 [124384/138380 (90%)], lr: ['1.00e-04', '1.00e-04'], loss: 0.000688
[2024-10-02 17:09:42,904][INFO][clas_trainer:133] - train epoch: 17 [138208/138380 (100%)], lr: ['1.00e-04', '1.00e-04'], loss: 0.001082
[2024-10-02 17:11:05,677][INFO][clas_trainer:63] - [epoch  17] execution time: 664.12s	metrics:
[2024-10-02 17:11:05,678][INFO][clas_evaluator:132] - dataset: earlystopping, avg f1-score: 0.5922
[2024-10-02 17:11:05,686][INFO][clas_trainer:79] - finished training
[2024-10-02 17:11:05,687][INFO][clas_trainer:80] - best model on epoch: 7 	f1-score: 0.6030
