[2023-10-17 23:46:29,725][INFO][fine-tune:29] - overrides:
hydra:
- hydra.mode=MULTIRUN
task:
- m_seed_path_sids={seeds:[8,8,8,8,8],path:"exp002b-m8-simple_multi_class-2023-10-17_12-41-35-final.pth",subject_ids:{dod_o_h:$\{data.dod_o_h.cv_5_fold.fold_4\}}}
- data.downstream.train_dataloader.dataset.data_reducer.n_epochs=340
- data.downstream.train_dataloader.dataset.data_reducer.n_subjects=5

[2023-10-17 23:46:31,674][INFO][data_loaders:39] - class distribution before data reduction:
# samples per subject
095d6e40-5f19-55b6-a0ec-6e0ad3793da0: 1192
0d79f4b1-e74f-5e87-8e42-f9dd7112ada5: 968
100df108-eb57-5eaa-a413-f7e4436a7895: 952
130f3f52-7d0a-551e-af61-2ee75455e5c9: 989
16450f5a-9b65-5536-85e1-93816c8b89eb: 816
18482adf-1144-54ca-9e35-27f65c43a105: 824
1da3544e-dc5c-5795-adc3-f5068959211f: 955
2159377e-ebf3-5565-9014-1e2ae69dc1d2: 907
2d01dc34-f36c-562e-b24a-d20dc798fdfc: 837
2e865ca9-e20f-5a6f-bd25-45d28cc9eab9: 950
30e8a05b-4cf1-5aa8-9ef7-28d6e2949ad5: 699
32556393-bb57-560a-99e8-e09885219647: 1106
37d0da97-9ae8-5413-b889-4e843ff35488: 1011
3dd35e7b-d7e2-516d-8a85-e0d58a59569f: 1093
3e842aa8-bcd9-521e-93a2-72124233fe2c: 620
40e25dd4-6087-5747-b9c2-4838ada86b15: 1076
47f45aa2-31c4-595b-bdb6-f1348bba062b: 1032
4b72b905-5521-5c57-b666-e20ff9bb195f: 868
4e3c4ac4-69e2-5347-a3b0-662c204d259d: 926
52fbe46b-206c-584a-9f4f-1eb308e07bac: 1064
5bf0f969-304c-581e-949c-50c108f62846: 947
5ddbc68c-1283-5c27-952b-d7f102291bc2: 1097
64959ac4-53b5-5868-a845-c7476e9fdf7b: 990
67fa8e29-6f4d-530e-9422-bbc3aca86ed0: 1046
6e2aa933-c51c-5a31-8c7b-83da8d076a12: 905
730aba3b-e310-5be0-9eed-7c3123466834: 1120
79e8a04e-0fdd-53ae-bedc-d49d08e29103: 918
7ab8ff5f-a77f-567d-9882-f8bee0c3c9bf: 989
7d778801-88e7-5086-ad1d-70f31a371876: 999
7f5237b1-2196-5c8a-9543-a5aa70210ef4: 931
844f68ba-265e-53e6-bf47-6c85d1804a7b: 957
90aef91a-252f-5ccc-a82e-78ea7ee9ca1f: 1089
a0c91989-530f-5117-80c1-2488dbed683c: 1017
a35a118e-e65e-5928-92a9-4354a6a0f4ce: 813
a65a9e69-cddf-5711-9a97-de8bfdeb08cc: 961
a79d1f0e-c133-5aa0-8268-cdcc05825f0f: 1046
aa160c78-6da3-5e05-8fc9-d6c13e9f97e0: 1010
ad47bc12-199c-5294-9cb8-4351bbbf7b5e: 893
b2d3ccdd-395c-5dd2-81d9-252bcfc0c337: 902
b3706da5-748b-5dd1-a552-f57e4456cdf6: 1041
b5d5785d-87ee-5078-b9b9-aac6abd4d8de: 918
bb474ab0-c2ce-573b-8acd-ef86b0fa26a2: 1142
c03e27b0-4cb5-584f-aaea-8f1e1ed6513c: 1121
c11c730f-0b6b-580b-af31-d8f0ebbbdfce: 917
c31a47f9-e400-5841-a22b-521c81042603: 986
c8110476-594c-533d-95bd-86147fccc987: 995
c985916d-46a5-5c3e-9d50-a5a91f460bac: 1024
cc3b4b63-4a6f-5f28-ac7e-62f83c271449: 1076
cebd3520-4e77-5222-a614-d2888e6afc2b: 1109
d3cadb78-cb8c-5a6e-885c-392e457c68b1: 982
d5181c33-a43b-5dfe-8ad7-0337facb092a: 977
e59c45e0-0c0c-565f-84a9-6cf0ec5ef6c1: 844
e6b7cbef-4c9d-5541-82e8-04810de0fb60: 819
e72505f1-21be-5d66-b620-cfcfa2d754bc: 973
f2a69bdc-ed51-5e3f-b102-6b3f7d392be0: 960
f66bc75e-778b-5037-af86-b5275cd4c79f: 865

# samples per stage
0: 9652
1: 2825
2: 26762
3: 6342
4: 8683
[2023-10-17 23:46:31,832][INFO][data_loaders:43] - class distribution after data reduction:
# samples per subject
37d0da97-9ae8-5413-b889-4e843ff35488: 9858
47f45aa2-31c4-595b-bdb6-f1348bba062b: 10494
67fa8e29-6f4d-530e-9422-bbc3aca86ed0: 12243
6e2aa933-c51c-5a31-8c7b-83da8d076a12: 10176
cebd3520-4e77-5222-a614-d2888e6afc2b: 11289

# samples per stage
0: 12243
1: 5406
2: 24486
3: 4611
4: 7314
[2023-10-17 23:46:31,842][INFO][base_ssl_fe:55] - Loading model from exp002b-m8-simple_multi_class-2023-10-17_12-41-35-final.pth
[2023-10-17 23:46:32,127][INFO][data_loaders:39] - class distribution before data reduction:
# samples per subject
0416d51f-5d69-5326-b74a-a2e31a96a1ef: 822
119f9726-eb4c-5a0e-a7bb-9e15256149a1: 932
1fa6c401-d819-50f5-8146-a0bb9e2b2516: 986
22bea84c-5d23-5e49-bc2d-9764f883955b: 1048
6a7503ac-ab3a-5d5b-b474-4b0fe37748dd: 1213
a30245e3-4a71-565f-9636-92e7d2e825fc: 1122
a4568951-bf87-5bbc-bc4f-28e93c360be6: 975
fc10ee0b-b863-511b-bce8-4dfa7af8ac3a: 910

# samples per stage
0: 1486
1: 461
2: 3828
3: 1026
4: 1207
[2023-10-17 23:46:32,146][INFO][data_loaders:43] - class distribution after data reduction:
# samples per subject
0416d51f-5d69-5326-b74a-a2e31a96a1ef: 822
119f9726-eb4c-5a0e-a7bb-9e15256149a1: 932
1fa6c401-d819-50f5-8146-a0bb9e2b2516: 986
22bea84c-5d23-5e49-bc2d-9764f883955b: 1048
6a7503ac-ab3a-5d5b-b474-4b0fe37748dd: 1213
a30245e3-4a71-565f-9636-92e7d2e825fc: 1122
a4568951-bf87-5bbc-bc4f-28e93c360be6: 975
fc10ee0b-b863-511b-bce8-4dfa7af8ac3a: 910

# samples per stage
0: 1486
1: 461
2: 3828
3: 1026
4: 1207
[2023-10-17 23:46:32,161][INFO][clas_trainer:49] - metrics before training (epoch 0):
[2023-10-17 23:46:48,835][INFO][clas_evaluator:99] - dataset: earlystopping, avg f1-score: 0.1672
[2023-10-17 23:47:00,051][INFO][clas_trainer:133] - train epoch: 1 [5376/54060 (10%)], lr: ['1.00e-04', '1.00e-04'], loss: 1.158654
[2023-10-17 23:47:10,567][INFO][clas_trainer:133] - train epoch: 1 [10784/54060 (20%)], lr: ['1.00e-04', '1.00e-04'], loss: 0.657708
[2023-10-17 23:47:20,905][INFO][clas_trainer:133] - train epoch: 1 [16192/54060 (30%)], lr: ['1.00e-04', '1.00e-04'], loss: 0.593688
[2023-10-17 23:47:31,244][INFO][clas_trainer:133] - train epoch: 1 [21600/54060 (40%)], lr: ['1.00e-04', '1.00e-04'], loss: 0.447083
[2023-10-17 23:47:41,912][INFO][clas_trainer:133] - train epoch: 1 [27008/54060 (50%)], lr: ['1.00e-04', '1.00e-04'], loss: 0.601642
[2023-10-17 23:47:52,322][INFO][clas_trainer:133] - train epoch: 1 [32416/54060 (60%)], lr: ['1.00e-04', '1.00e-04'], loss: 0.740410
[2023-10-17 23:48:02,711][INFO][clas_trainer:133] - train epoch: 1 [37824/54060 (70%)], lr: ['1.00e-04', '1.00e-04'], loss: 0.150937
[2023-10-17 23:48:13,159][INFO][clas_trainer:133] - train epoch: 1 [43232/54060 (80%)], lr: ['1.00e-04', '1.00e-04'], loss: 0.224746
[2023-10-17 23:48:24,052][INFO][clas_trainer:133] - train epoch: 1 [48640/54060 (90%)], lr: ['1.00e-04', '1.00e-04'], loss: 0.102021
[2023-10-17 23:48:34,601][INFO][clas_trainer:133] - train epoch: 1 [20268/54060 (100%)], lr: ['1.00e-04', '1.00e-04'], loss: 0.051939
[2023-10-17 23:48:51,330][INFO][clas_trainer:63] - [epoch   1] execution time: 122.49s	metrics:
[2023-10-17 23:48:51,330][INFO][clas_evaluator:99] - dataset: earlystopping, avg f1-score: 0.6467
[2023-10-17 23:48:51,387][INFO][base_model:51] - snapshot saved to ./models/exp002b-m219-base_fe_clas-2023-10-17_13-14-37-final.pth
[2023-10-17 23:49:02,516][INFO][clas_trainer:133] - train epoch: 2 [5376/54060 (10%)], lr: ['1.00e-04', '1.00e-04'], loss: 0.062120
[2023-10-17 23:49:13,172][INFO][clas_trainer:133] - train epoch: 2 [10784/54060 (20%)], lr: ['1.00e-04', '1.00e-04'], loss: 0.050399
[2023-10-17 23:49:23,889][INFO][clas_trainer:133] - train epoch: 2 [16192/54060 (30%)], lr: ['1.00e-04', '1.00e-04'], loss: 0.067116
[2023-10-17 23:49:34,202][INFO][clas_trainer:133] - train epoch: 2 [21600/54060 (40%)], lr: ['1.00e-04', '1.00e-04'], loss: 0.208315
[2023-10-17 23:49:44,614][INFO][clas_trainer:133] - train epoch: 2 [27008/54060 (50%)], lr: ['1.00e-04', '1.00e-04'], loss: 0.006342
[2023-10-17 23:49:55,339][INFO][clas_trainer:133] - train epoch: 2 [32416/54060 (60%)], lr: ['1.00e-04', '1.00e-04'], loss: 0.007339
[2023-10-17 23:50:05,782][INFO][clas_trainer:133] - train epoch: 2 [37824/54060 (70%)], lr: ['1.00e-04', '1.00e-04'], loss: 0.042659
[2023-10-17 23:50:16,153][INFO][clas_trainer:133] - train epoch: 2 [43232/54060 (80%)], lr: ['1.00e-04', '1.00e-04'], loss: 0.014356
[2023-10-17 23:50:26,994][INFO][clas_trainer:133] - train epoch: 2 [48640/54060 (90%)], lr: ['1.00e-04', '1.00e-04'], loss: 0.007066
[2023-10-17 23:50:38,040][INFO][clas_trainer:133] - train epoch: 2 [20268/54060 (100%)], lr: ['1.00e-04', '1.00e-04'], loss: 0.014282
[2023-10-17 23:50:54,741][INFO][clas_trainer:63] - [epoch   2] execution time: 123.35s	metrics:
[2023-10-17 23:50:54,742][INFO][clas_evaluator:99] - dataset: earlystopping, avg f1-score: 0.6623
[2023-10-17 23:50:54,800][INFO][base_model:51] - snapshot saved to ./models/exp002b-m219-base_fe_clas-2023-10-17_13-14-37-final.pth
[2023-10-17 23:51:06,139][INFO][clas_trainer:133] - train epoch: 3 [5376/54060 (10%)], lr: ['1.00e-04', '1.00e-04'], loss: 0.019049
[2023-10-17 23:51:17,012][INFO][clas_trainer:133] - train epoch: 3 [10784/54060 (20%)], lr: ['1.00e-04', '1.00e-04'], loss: 0.155219
[2023-10-17 23:51:27,465][INFO][clas_trainer:133] - train epoch: 3 [16192/54060 (30%)], lr: ['1.00e-04', '1.00e-04'], loss: 0.014580
[2023-10-17 23:51:38,057][INFO][clas_trainer:133] - train epoch: 3 [21600/54060 (40%)], lr: ['1.00e-04', '1.00e-04'], loss: 0.001245
[2023-10-17 23:51:48,540][INFO][clas_trainer:133] - train epoch: 3 [27008/54060 (50%)], lr: ['1.00e-04', '1.00e-04'], loss: 0.000964
[2023-10-17 23:51:59,049][INFO][clas_trainer:133] - train epoch: 3 [32416/54060 (60%)], lr: ['1.00e-04', '1.00e-04'], loss: 0.006886
[2023-10-17 23:52:09,866][INFO][clas_trainer:133] - train epoch: 3 [37824/54060 (70%)], lr: ['1.00e-04', '1.00e-04'], loss: 0.209116
[2023-10-17 23:52:20,302][INFO][clas_trainer:133] - train epoch: 3 [43232/54060 (80%)], lr: ['1.00e-04', '1.00e-04'], loss: 0.094618
[2023-10-17 23:52:31,100][INFO][clas_trainer:133] - train epoch: 3 [48640/54060 (90%)], lr: ['1.00e-04', '1.00e-04'], loss: 0.010925
[2023-10-17 23:52:41,800][INFO][clas_trainer:133] - train epoch: 3 [20268/54060 (100%)], lr: ['1.00e-04', '1.00e-04'], loss: 0.088734
[2023-10-17 23:52:58,774][INFO][clas_trainer:63] - [epoch   3] execution time: 123.97s	metrics:
[2023-10-17 23:52:58,775][INFO][clas_evaluator:99] - dataset: earlystopping, avg f1-score: 0.6337
[2023-10-17 23:53:09,707][INFO][clas_trainer:133] - train epoch: 4 [5376/54060 (10%)], lr: ['1.00e-04', '1.00e-04'], loss: 0.059386
[2023-10-17 23:53:20,724][INFO][clas_trainer:133] - train epoch: 4 [10784/54060 (20%)], lr: ['1.00e-04', '1.00e-04'], loss: 0.000323
[2023-10-17 23:53:31,404][INFO][clas_trainer:133] - train epoch: 4 [16192/54060 (30%)], lr: ['1.00e-04', '1.00e-04'], loss: 0.030150
[2023-10-17 23:53:42,183][INFO][clas_trainer:133] - train epoch: 4 [21600/54060 (40%)], lr: ['1.00e-04', '1.00e-04'], loss: 0.001079
[2023-10-17 23:53:53,000][INFO][clas_trainer:133] - train epoch: 4 [27008/54060 (50%)], lr: ['1.00e-04', '1.00e-04'], loss: 0.014375
[2023-10-17 23:54:03,577][INFO][clas_trainer:133] - train epoch: 4 [32416/54060 (60%)], lr: ['1.00e-04', '1.00e-04'], loss: 0.000496
[2023-10-17 23:54:14,151][INFO][clas_trainer:133] - train epoch: 4 [37824/54060 (70%)], lr: ['1.00e-04', '1.00e-04'], loss: 0.001986
[2023-10-17 23:54:24,753][INFO][clas_trainer:133] - train epoch: 4 [43232/54060 (80%)], lr: ['1.00e-04', '1.00e-04'], loss: 0.002801
[2023-10-17 23:54:35,420][INFO][clas_trainer:133] - train epoch: 4 [48640/54060 (90%)], lr: ['1.00e-04', '1.00e-04'], loss: 0.003527
[2023-10-17 23:54:46,016][INFO][clas_trainer:133] - train epoch: 4 [20268/54060 (100%)], lr: ['1.00e-04', '1.00e-04'], loss: 0.066483
[2023-10-17 23:55:03,028][INFO][clas_trainer:63] - [epoch   4] execution time: 124.25s	metrics:
[2023-10-17 23:55:03,028][INFO][clas_evaluator:99] - dataset: earlystopping, avg f1-score: 0.6595
[2023-10-17 23:55:13,823][INFO][clas_trainer:133] - train epoch: 5 [5376/54060 (10%)], lr: ['1.00e-04', '1.00e-04'], loss: 0.004251
[2023-10-17 23:55:24,252][INFO][clas_trainer:133] - train epoch: 5 [10784/54060 (20%)], lr: ['1.00e-04', '1.00e-04'], loss: 0.000151
[2023-10-17 23:55:34,916][INFO][clas_trainer:133] - train epoch: 5 [16192/54060 (30%)], lr: ['1.00e-04', '1.00e-04'], loss: 0.001004
[2023-10-17 23:55:45,507][INFO][clas_trainer:133] - train epoch: 5 [21600/54060 (40%)], lr: ['1.00e-04', '1.00e-04'], loss: 0.006528
[2023-10-17 23:55:55,947][INFO][clas_trainer:133] - train epoch: 5 [27008/54060 (50%)], lr: ['1.00e-04', '1.00e-04'], loss: 0.001065
[2023-10-17 23:56:06,615][INFO][clas_trainer:133] - train epoch: 5 [32416/54060 (60%)], lr: ['1.00e-04', '1.00e-04'], loss: 0.000947
[2023-10-17 23:56:17,072][INFO][clas_trainer:133] - train epoch: 5 [37824/54060 (70%)], lr: ['1.00e-04', '1.00e-04'], loss: 0.002523
[2023-10-17 23:56:27,606][INFO][clas_trainer:133] - train epoch: 5 [43232/54060 (80%)], lr: ['1.00e-04', '1.00e-04'], loss: 0.000239
[2023-10-17 23:56:38,181][INFO][clas_trainer:133] - train epoch: 5 [48640/54060 (90%)], lr: ['1.00e-04', '1.00e-04'], loss: 0.000140
[2023-10-17 23:56:48,744][INFO][clas_trainer:133] - train epoch: 5 [20268/54060 (100%)], lr: ['1.00e-04', '1.00e-04'], loss: 0.000680
[2023-10-17 23:57:05,779][INFO][clas_trainer:63] - [epoch   5] execution time: 122.75s	metrics:
[2023-10-17 23:57:05,779][INFO][clas_evaluator:99] - dataset: earlystopping, avg f1-score: 0.6410
[2023-10-17 23:57:16,646][INFO][clas_trainer:133] - train epoch: 6 [5376/54060 (10%)], lr: ['1.00e-04', '1.00e-04'], loss: 0.004302
[2023-10-17 23:57:27,438][INFO][clas_trainer:133] - train epoch: 6 [10784/54060 (20%)], lr: ['1.00e-04', '1.00e-04'], loss: 0.003244
[2023-10-17 23:57:37,683][INFO][clas_trainer:133] - train epoch: 6 [16192/54060 (30%)], lr: ['1.00e-04', '1.00e-04'], loss: 0.000212
[2023-10-17 23:57:48,518][INFO][clas_trainer:133] - train epoch: 6 [21600/54060 (40%)], lr: ['1.00e-04', '1.00e-04'], loss: 0.001501
[2023-10-17 23:57:59,013][INFO][clas_trainer:133] - train epoch: 6 [27008/54060 (50%)], lr: ['1.00e-04', '1.00e-04'], loss: 0.000653
[2023-10-17 23:58:09,661][INFO][clas_trainer:133] - train epoch: 6 [32416/54060 (60%)], lr: ['1.00e-04', '1.00e-04'], loss: 0.001009
[2023-10-17 23:58:20,584][INFO][clas_trainer:133] - train epoch: 6 [37824/54060 (70%)], lr: ['1.00e-04', '1.00e-04'], loss: 0.000907
[2023-10-17 23:58:30,900][INFO][clas_trainer:133] - train epoch: 6 [43232/54060 (80%)], lr: ['1.00e-04', '1.00e-04'], loss: 0.026783
[2023-10-17 23:58:41,525][INFO][clas_trainer:133] - train epoch: 6 [48640/54060 (90%)], lr: ['1.00e-04', '1.00e-04'], loss: 0.000747
[2023-10-17 23:58:52,218][INFO][clas_trainer:133] - train epoch: 6 [20268/54060 (100%)], lr: ['1.00e-04', '1.00e-04'], loss: 0.000461
[2023-10-17 23:59:09,386][INFO][clas_trainer:63] - [epoch   6] execution time: 123.61s	metrics:
[2023-10-17 23:59:09,386][INFO][clas_evaluator:99] - dataset: earlystopping, avg f1-score: 0.6420
[2023-10-17 23:59:20,208][INFO][clas_trainer:133] - train epoch: 7 [5376/54060 (10%)], lr: ['1.00e-04', '1.00e-04'], loss: 0.000480
[2023-10-17 23:59:30,648][INFO][clas_trainer:133] - train epoch: 7 [10784/54060 (20%)], lr: ['1.00e-04', '1.00e-04'], loss: 0.020678
[2023-10-17 23:59:41,094][INFO][clas_trainer:133] - train epoch: 7 [16192/54060 (30%)], lr: ['1.00e-04', '1.00e-04'], loss: 0.000199
[2023-10-17 23:59:51,492][INFO][clas_trainer:133] - train epoch: 7 [21600/54060 (40%)], lr: ['1.00e-04', '1.00e-04'], loss: 0.000045
[2023-10-18 00:00:02,331][INFO][clas_trainer:133] - train epoch: 7 [27008/54060 (50%)], lr: ['1.00e-04', '1.00e-04'], loss: 0.000065
[2023-10-18 00:00:12,917][INFO][clas_trainer:133] - train epoch: 7 [32416/54060 (60%)], lr: ['1.00e-04', '1.00e-04'], loss: 0.001244
[2023-10-18 00:00:23,513][INFO][clas_trainer:133] - train epoch: 7 [37824/54060 (70%)], lr: ['1.00e-04', '1.00e-04'], loss: 0.002756
[2023-10-18 00:00:34,056][INFO][clas_trainer:133] - train epoch: 7 [43232/54060 (80%)], lr: ['1.00e-04', '1.00e-04'], loss: 0.000517
[2023-10-18 00:00:44,696][INFO][clas_trainer:133] - train epoch: 7 [48640/54060 (90%)], lr: ['1.00e-04', '1.00e-04'], loss: 0.000410
[2023-10-18 00:00:55,058][INFO][clas_trainer:133] - train epoch: 7 [20268/54060 (100%)], lr: ['1.00e-04', '1.00e-04'], loss: 0.000765
[2023-10-18 00:01:12,282][INFO][clas_trainer:63] - [epoch   7] execution time: 122.90s	metrics:
[2023-10-18 00:01:12,282][INFO][clas_evaluator:99] - dataset: earlystopping, avg f1-score: 0.5771
[2023-10-18 00:01:23,408][INFO][clas_trainer:133] - train epoch: 8 [5376/54060 (10%)], lr: ['1.00e-04', '1.00e-04'], loss: 0.005736
[2023-10-18 00:01:34,091][INFO][clas_trainer:133] - train epoch: 8 [10784/54060 (20%)], lr: ['1.00e-04', '1.00e-04'], loss: 0.000331
[2023-10-18 00:01:44,652][INFO][clas_trainer:133] - train epoch: 8 [16192/54060 (30%)], lr: ['1.00e-04', '1.00e-04'], loss: 0.004841
[2023-10-18 00:01:55,448][INFO][clas_trainer:133] - train epoch: 8 [21600/54060 (40%)], lr: ['1.00e-04', '1.00e-04'], loss: 0.011922
[2023-10-18 00:02:05,903][INFO][clas_trainer:133] - train epoch: 8 [27008/54060 (50%)], lr: ['1.00e-04', '1.00e-04'], loss: 0.000303
[2023-10-18 00:02:16,722][INFO][clas_trainer:133] - train epoch: 8 [32416/54060 (60%)], lr: ['1.00e-04', '1.00e-04'], loss: 0.000800
[2023-10-18 00:02:27,200][INFO][clas_trainer:133] - train epoch: 8 [37824/54060 (70%)], lr: ['1.00e-04', '1.00e-04'], loss: 0.000057
[2023-10-18 00:02:37,390][INFO][clas_trainer:133] - train epoch: 8 [43232/54060 (80%)], lr: ['1.00e-04', '1.00e-04'], loss: 0.000195
[2023-10-18 00:02:48,048][INFO][clas_trainer:133] - train epoch: 8 [48640/54060 (90%)], lr: ['1.00e-04', '1.00e-04'], loss: 0.011576
[2023-10-18 00:02:58,773][INFO][clas_trainer:133] - train epoch: 8 [20268/54060 (100%)], lr: ['1.00e-04', '1.00e-04'], loss: 0.000262
[2023-10-18 00:03:15,855][INFO][clas_trainer:63] - [epoch   8] execution time: 123.57s	metrics:
[2023-10-18 00:03:15,856][INFO][clas_evaluator:99] - dataset: earlystopping, avg f1-score: 0.6307
[2023-10-18 00:03:26,862][INFO][clas_trainer:133] - train epoch: 9 [5376/54060 (10%)], lr: ['1.00e-04', '1.00e-04'], loss: 0.009485
[2023-10-18 00:03:37,303][INFO][clas_trainer:133] - train epoch: 9 [10784/54060 (20%)], lr: ['1.00e-04', '1.00e-04'], loss: 0.010339
[2023-10-18 00:03:47,955][INFO][clas_trainer:133] - train epoch: 9 [16192/54060 (30%)], lr: ['1.00e-04', '1.00e-04'], loss: 0.000239
[2023-10-18 00:03:58,466][INFO][clas_trainer:133] - train epoch: 9 [21600/54060 (40%)], lr: ['1.00e-04', '1.00e-04'], loss: 0.002813
[2023-10-18 00:04:08,892][INFO][clas_trainer:133] - train epoch: 9 [27008/54060 (50%)], lr: ['1.00e-04', '1.00e-04'], loss: 0.000265
[2023-10-18 00:04:19,147][INFO][clas_trainer:133] - train epoch: 9 [32416/54060 (60%)], lr: ['1.00e-04', '1.00e-04'], loss: 0.001296
[2023-10-18 00:04:29,856][INFO][clas_trainer:133] - train epoch: 9 [37824/54060 (70%)], lr: ['1.00e-04', '1.00e-04'], loss: 0.000259
[2023-10-18 00:04:40,261][INFO][clas_trainer:133] - train epoch: 9 [43232/54060 (80%)], lr: ['1.00e-04', '1.00e-04'], loss: 0.000776
[2023-10-18 00:04:50,779][INFO][clas_trainer:133] - train epoch: 9 [48640/54060 (90%)], lr: ['1.00e-04', '1.00e-04'], loss: 0.000295
[2023-10-18 00:05:01,366][INFO][clas_trainer:133] - train epoch: 9 [20268/54060 (100%)], lr: ['1.00e-04', '1.00e-04'], loss: 0.000713
[2023-10-18 00:05:18,165][INFO][clas_trainer:63] - [epoch   9] execution time: 122.31s	metrics:
[2023-10-18 00:05:18,165][INFO][clas_evaluator:99] - dataset: earlystopping, avg f1-score: 0.6099
[2023-10-18 00:05:29,302][INFO][clas_trainer:133] - train epoch: 10 [5376/54060 (10%)], lr: ['1.00e-04', '1.00e-04'], loss: 0.000350
[2023-10-18 00:05:40,153][INFO][clas_trainer:133] - train epoch: 10 [10784/54060 (20%)], lr: ['1.00e-04', '1.00e-04'], loss: 0.001258
[2023-10-18 00:05:50,719][INFO][clas_trainer:133] - train epoch: 10 [16192/54060 (30%)], lr: ['1.00e-04', '1.00e-04'], loss: 0.001173
[2023-10-18 00:06:01,603][INFO][clas_trainer:133] - train epoch: 10 [21600/54060 (40%)], lr: ['1.00e-04', '1.00e-04'], loss: 0.007525
[2023-10-18 00:06:11,981][INFO][clas_trainer:133] - train epoch: 10 [27008/54060 (50%)], lr: ['1.00e-04', '1.00e-04'], loss: 0.002319
[2023-10-18 00:06:22,465][INFO][clas_trainer:133] - train epoch: 10 [32416/54060 (60%)], lr: ['1.00e-04', '1.00e-04'], loss: 0.000174
[2023-10-18 00:06:32,907][INFO][clas_trainer:133] - train epoch: 10 [37824/54060 (70%)], lr: ['1.00e-04', '1.00e-04'], loss: 0.000843
[2023-10-18 00:06:43,505][INFO][clas_trainer:133] - train epoch: 10 [43232/54060 (80%)], lr: ['1.00e-04', '1.00e-04'], loss: 0.000205
[2023-10-18 00:06:53,886][INFO][clas_trainer:133] - train epoch: 10 [48640/54060 (90%)], lr: ['1.00e-04', '1.00e-04'], loss: 0.000476
[2023-10-18 00:07:04,501][INFO][clas_trainer:133] - train epoch: 10 [20268/54060 (100%)], lr: ['1.00e-04', '1.00e-04'], loss: 0.001336
[2023-10-18 00:07:21,485][INFO][clas_trainer:63] - [epoch  10] execution time: 123.32s	metrics:
[2023-10-18 00:07:21,486][INFO][clas_evaluator:99] - dataset: earlystopping, avg f1-score: 0.6252
[2023-10-18 00:07:32,616][INFO][clas_trainer:133] - train epoch: 11 [5376/54060 (10%)], lr: ['1.00e-04', '1.00e-04'], loss: 0.001289
[2023-10-18 00:07:43,221][INFO][clas_trainer:133] - train epoch: 11 [10784/54060 (20%)], lr: ['1.00e-04', '1.00e-04'], loss: 0.004886
[2023-10-18 00:07:53,961][INFO][clas_trainer:133] - train epoch: 11 [16192/54060 (30%)], lr: ['1.00e-04', '1.00e-04'], loss: 0.004925
[2023-10-18 00:08:04,599][INFO][clas_trainer:133] - train epoch: 11 [21600/54060 (40%)], lr: ['1.00e-04', '1.00e-04'], loss: 0.022544
[2023-10-18 00:08:15,138][INFO][clas_trainer:133] - train epoch: 11 [27008/54060 (50%)], lr: ['1.00e-04', '1.00e-04'], loss: 0.000167
[2023-10-18 00:08:25,466][INFO][clas_trainer:133] - train epoch: 11 [32416/54060 (60%)], lr: ['1.00e-04', '1.00e-04'], loss: 0.002238
[2023-10-18 00:08:35,957][INFO][clas_trainer:133] - train epoch: 11 [37824/54060 (70%)], lr: ['1.00e-04', '1.00e-04'], loss: 0.000776
[2023-10-18 00:08:46,648][INFO][clas_trainer:133] - train epoch: 11 [43232/54060 (80%)], lr: ['1.00e-04', '1.00e-04'], loss: 0.020969
[2023-10-18 00:08:57,329][INFO][clas_trainer:133] - train epoch: 11 [48640/54060 (90%)], lr: ['1.00e-04', '1.00e-04'], loss: 0.000471
[2023-10-18 00:09:07,745][INFO][clas_trainer:133] - train epoch: 11 [20268/54060 (100%)], lr: ['1.00e-04', '1.00e-04'], loss: 0.000341
[2023-10-18 00:09:24,588][INFO][clas_trainer:63] - [epoch  11] execution time: 123.10s	metrics:
[2023-10-18 00:09:24,589][INFO][clas_evaluator:99] - dataset: earlystopping, avg f1-score: 0.6409
[2023-10-18 00:09:35,871][INFO][clas_trainer:133] - train epoch: 12 [5376/54060 (10%)], lr: ['1.00e-04', '1.00e-04'], loss: 0.001863
[2023-10-18 00:09:46,514][INFO][clas_trainer:133] - train epoch: 12 [10784/54060 (20%)], lr: ['1.00e-04', '1.00e-04'], loss: 0.000592
[2023-10-18 00:09:57,321][INFO][clas_trainer:133] - train epoch: 12 [16192/54060 (30%)], lr: ['1.00e-04', '1.00e-04'], loss: 0.000566
[2023-10-18 00:10:08,160][INFO][clas_trainer:133] - train epoch: 12 [21600/54060 (40%)], lr: ['1.00e-04', '1.00e-04'], loss: 0.002230
[2023-10-18 00:10:18,438][INFO][clas_trainer:133] - train epoch: 12 [27008/54060 (50%)], lr: ['1.00e-04', '1.00e-04'], loss: 0.002549
[2023-10-18 00:10:29,251][INFO][clas_trainer:133] - train epoch: 12 [32416/54060 (60%)], lr: ['1.00e-04', '1.00e-04'], loss: 0.008207
[2023-10-18 00:10:39,770][INFO][clas_trainer:133] - train epoch: 12 [37824/54060 (70%)], lr: ['1.00e-04', '1.00e-04'], loss: 0.029898
[2023-10-18 00:10:50,133][INFO][clas_trainer:133] - train epoch: 12 [43232/54060 (80%)], lr: ['1.00e-04', '1.00e-04'], loss: 0.000323
[2023-10-18 00:11:00,624][INFO][clas_trainer:133] - train epoch: 12 [48640/54060 (90%)], lr: ['1.00e-04', '1.00e-04'], loss: 0.005873
[2023-10-18 00:11:11,182][INFO][clas_trainer:133] - train epoch: 12 [20268/54060 (100%)], lr: ['1.00e-04', '1.00e-04'], loss: 0.001673
[2023-10-18 00:11:27,784][INFO][clas_trainer:63] - [epoch  12] execution time: 123.20s	metrics:
[2023-10-18 00:11:27,784][INFO][clas_evaluator:99] - dataset: earlystopping, avg f1-score: 0.6106
[2023-10-18 00:11:27,790][INFO][clas_trainer:79] - finished training
[2023-10-18 00:11:27,791][INFO][clas_trainer:80] - best model on epoch: 2 	f1-score: 0.6623
