[2023-10-13 17:52:13,399][INFO][fine-tune:29] - overrides:
hydra:
- hydra.mode=MULTIRUN
task:
- m_seed_path_sids={seeds:[6,6,6,6,6],path:"exp001b-m6-simple_multi_class-2023-10-12_18-34-48-final.pth",subject_ids:{dod_o_h:$\{data.dod_o_h.cv_5_fold.fold_2\}}}
- data.downstream.train_dataloader.dataset.data_reducer.n_subjects=25

[2023-10-13 17:52:15,685][INFO][data_loaders:39] - class distribution before data reduction:
# samples per subject
02fb158a-a658-51ee-89cf-1e1dc2ebfde1: 861
03341d0d-5927-5838-8a5f-1b8ef39d8f57: 1063
039ce8ad-a7fa-5272-a3e3-1f4bfebdd087: 915
0d79f4b1-e74f-5e87-8e42-f9dd7112ada5: 968
100df108-eb57-5eaa-a413-f7e4436a7895: 952
130f3f52-7d0a-551e-af61-2ee75455e5c9: 989
14c012bd-65b0-56f5-bc74-2dffcea69837: 969
16450f5a-9b65-5536-85e1-93816c8b89eb: 816
18482adf-1144-54ca-9e35-27f65c43a105: 824
18ede714-aba3-5ad8-bb1a-18fc9b1c4192: 995
1da3544e-dc5c-5795-adc3-f5068959211f: 955
2159377e-ebf3-5565-9014-1e2ae69dc1d2: 907
2d01dc34-f36c-562e-b24a-d20dc798fdfc: 837
2e865ca9-e20f-5a6f-bd25-45d28cc9eab9: 950
30e8a05b-4cf1-5aa8-9ef7-28d6e2949ad5: 699
32556393-bb57-560a-99e8-e09885219647: 1106
3dd35e7b-d7e2-516d-8a85-e0d58a59569f: 1093
3e842aa8-bcd9-521e-93a2-72124233fe2c: 620
4b72b905-5521-5c57-b666-e20ff9bb195f: 868
4e3c4ac4-69e2-5347-a3b0-662c204d259d: 926
52fbe46b-206c-584a-9f4f-1eb308e07bac: 1064
5b94ec8a-c34d-5e45-84d1-bec2ea965609: 1090
5bf0f969-304c-581e-949c-50c108f62846: 947
5ddbc68c-1283-5c27-952b-d7f102291bc2: 1097
64959ac4-53b5-5868-a845-c7476e9fdf7b: 990
67fa8e29-6f4d-530e-9422-bbc3aca86ed0: 1046
6e2aa933-c51c-5a31-8c7b-83da8d076a12: 905
730aba3b-e310-5be0-9eed-7c3123466834: 1120
742f1592-627c-54eb-bbb5-ccd55ffae33a: 975
769df255-2284-50b3-8917-2155c759fbbd: 929
79e8a04e-0fdd-53ae-bedc-d49d08e29103: 918
7ab8ff5f-a77f-567d-9882-f8bee0c3c9bf: 989
7d778801-88e7-5086-ad1d-70f31a371876: 999
7f5237b1-2196-5c8a-9543-a5aa70210ef4: 931
83c1394e-9c69-5c11-9102-9ff8d59b1cfd: 1011
844f68ba-265e-53e6-bf47-6c85d1804a7b: 957
90aef91a-252f-5ccc-a82e-78ea7ee9ca1f: 1089
a25b2296-343b-53f6-8792-ada2669d466e: 1008
a35a118e-e65e-5928-92a9-4354a6a0f4ce: 813
a6254c8a-f1b2-5736-b601-18245dd5e0a5: 1084
a65a9e69-cddf-5711-9a97-de8bfdeb08cc: 961
a79d1f0e-c133-5aa0-8268-cdcc05825f0f: 1046
aadc9e0c-b7c3-5a47-851d-f21971d10935: 969
b2d3ccdd-395c-5dd2-81d9-252bcfc0c337: 902
b3706da5-748b-5dd1-a552-f57e4456cdf6: 1041
b5d5785d-87ee-5078-b9b9-aac6abd4d8de: 918
c8110476-594c-533d-95bd-86147fccc987: 995
cc3b4b63-4a6f-5f28-ac7e-62f83c271449: 1076
d3cadb78-cb8c-5a6e-885c-392e457c68b1: 982
d5181c33-a43b-5dfe-8ad7-0337facb092a: 977
e6b7cbef-4c9d-5541-82e8-04810de0fb60: 819
e72505f1-21be-5d66-b620-cfcfa2d754bc: 973
e8ec8ec4-dc48-50ce-985a-a06d87861030: 975
eb95076c-c470-56a4-b788-ace310f061c6: 965
f2a69bdc-ed51-5e3f-b102-6b3f7d392be0: 960
f66bc75e-778b-5037-af86-b5275cd4c79f: 865

# samples per stage
0: 9109
1: 2878
2: 26255
3: 6343
4: 9114
[2023-10-13 17:52:15,874][INFO][data_loaders:43] - class distribution after data reduction:
# samples per subject
02fb158a-a658-51ee-89cf-1e1dc2ebfde1: 1722
0d79f4b1-e74f-5e87-8e42-f9dd7112ada5: 1936
14c012bd-65b0-56f5-bc74-2dffcea69837: 1938
16450f5a-9b65-5536-85e1-93816c8b89eb: 1632
30e8a05b-4cf1-5aa8-9ef7-28d6e2949ad5: 1398
3e842aa8-bcd9-521e-93a2-72124233fe2c: 1240
4e3c4ac4-69e2-5347-a3b0-662c204d259d: 1852
5b94ec8a-c34d-5e45-84d1-bec2ea965609: 2180
5ddbc68c-1283-5c27-952b-d7f102291bc2: 2194
64959ac4-53b5-5868-a845-c7476e9fdf7b: 1980
742f1592-627c-54eb-bbb5-ccd55ffae33a: 1950
79e8a04e-0fdd-53ae-bedc-d49d08e29103: 1836
7d778801-88e7-5086-ad1d-70f31a371876: 1998
83c1394e-9c69-5c11-9102-9ff8d59b1cfd: 2022
90aef91a-252f-5ccc-a82e-78ea7ee9ca1f: 2178
a35a118e-e65e-5928-92a9-4354a6a0f4ce: 1626
a6254c8a-f1b2-5736-b601-18245dd5e0a5: 2168
a65a9e69-cddf-5711-9a97-de8bfdeb08cc: 1922
b2d3ccdd-395c-5dd2-81d9-252bcfc0c337: 1804
b3706da5-748b-5dd1-a552-f57e4456cdf6: 2082
cc3b4b63-4a6f-5f28-ac7e-62f83c271449: 2152
e6b7cbef-4c9d-5541-82e8-04810de0fb60: 1638
eb95076c-c470-56a4-b788-ace310f061c6: 1930
f2a69bdc-ed51-5e3f-b102-6b3f7d392be0: 1920
f66bc75e-778b-5037-af86-b5275cd4c79f: 1730

# samples per stage
0: 7740
1: 2298
2: 22994
3: 6056
4: 7940
[2023-10-13 17:52:16,415][INFO][data_loaders:39] - class distribution before data reduction:
# samples per subject
0416d51f-5d69-5326-b74a-a2e31a96a1ef: 822
119f9726-eb4c-5a0e-a7bb-9e15256149a1: 932
1fa6c401-d819-50f5-8146-a0bb9e2b2516: 986
22bea84c-5d23-5e49-bc2d-9764f883955b: 1048
25a6b2b0-4d09-561b-82c6-f09bb271d3be: 1063
6a7503ac-ab3a-5d5b-b474-4b0fe37748dd: 1213
a30245e3-4a71-565f-9636-92e7d2e825fc: 1122
b3534fa3-7676-50dc-8412-07f0eff4f7a9: 757

# samples per stage
0: 1372
1: 412
2: 3945
3: 905
4: 1309
[2023-10-13 17:52:16,433][INFO][data_loaders:43] - class distribution after data reduction:
# samples per subject
0416d51f-5d69-5326-b74a-a2e31a96a1ef: 822
119f9726-eb4c-5a0e-a7bb-9e15256149a1: 932
1fa6c401-d819-50f5-8146-a0bb9e2b2516: 986
22bea84c-5d23-5e49-bc2d-9764f883955b: 1048
25a6b2b0-4d09-561b-82c6-f09bb271d3be: 1063
6a7503ac-ab3a-5d5b-b474-4b0fe37748dd: 1213
a30245e3-4a71-565f-9636-92e7d2e825fc: 1122
b3534fa3-7676-50dc-8412-07f0eff4f7a9: 757

# samples per stage
0: 1372
1: 412
2: 3945
3: 905
4: 1309
[2023-10-13 17:52:16,452][INFO][clas_trainer:49] - metrics before training (epoch 0):
[2023-10-13 17:52:34,113][INFO][clas_evaluator:99] - dataset: earlystopping, avg f1-score: 0.0590
[2023-10-13 17:52:43,972][INFO][clas_trainer:133] - train epoch: 1 [4672/47028 (10%)], lr: ['1.00e-04', '1.00e-04'], loss: 2.311553
[2023-10-13 17:52:53,278][INFO][clas_trainer:133] - train epoch: 1 [9376/47028 (20%)], lr: ['1.00e-04', '1.00e-04'], loss: 1.803920
[2023-10-13 17:53:02,685][INFO][clas_trainer:133] - train epoch: 1 [14080/47028 (30%)], lr: ['1.00e-04', '1.00e-04'], loss: 1.509088
[2023-10-13 17:53:11,993][INFO][clas_trainer:133] - train epoch: 1 [18784/47028 (40%)], lr: ['1.00e-04', '1.00e-04'], loss: 1.386018
[2023-10-13 17:53:21,304][INFO][clas_trainer:133] - train epoch: 1 [23488/47028 (50%)], lr: ['1.00e-04', '1.00e-04'], loss: 1.240788
[2023-10-13 17:53:31,457][INFO][clas_trainer:133] - train epoch: 1 [28192/47028 (60%)], lr: ['1.00e-04', '1.00e-04'], loss: 1.138504
[2023-10-13 17:53:41,314][INFO][clas_trainer:133] - train epoch: 1 [32896/47028 (70%)], lr: ['1.00e-04', '1.00e-04'], loss: 1.071319
[2023-10-13 17:53:51,066][INFO][clas_trainer:133] - train epoch: 1 [37600/47028 (80%)], lr: ['1.00e-04', '1.00e-04'], loss: 1.277879
[2023-10-13 17:54:00,738][INFO][clas_trainer:133] - train epoch: 1 [42304/47028 (90%)], lr: ['1.00e-04', '1.00e-04'], loss: 1.216875
[2023-10-13 17:54:10,941][INFO][clas_trainer:133] - train epoch: 1 [29380/47028 (100%)], lr: ['1.00e-04', '1.00e-04'], loss: 1.115829
[2023-10-13 17:54:28,273][INFO][clas_trainer:63] - [epoch   1] execution time: 114.16s	metrics:
[2023-10-13 17:54:28,273][INFO][clas_evaluator:99] - dataset: earlystopping, avg f1-score: 0.3385
[2023-10-13 17:54:28,330][INFO][base_model:51] - snapshot saved to ./models/exp001a-m37-base_fe_clas-2023-10-13_14-21-17-final.pth
[2023-10-13 17:54:38,922][INFO][clas_trainer:133] - train epoch: 2 [4672/47028 (10%)], lr: ['1.00e-04', '1.00e-04'], loss: 0.828469
[2023-10-13 17:54:48,481][INFO][clas_trainer:133] - train epoch: 2 [9376/47028 (20%)], lr: ['1.00e-04', '1.00e-04'], loss: 0.856629
[2023-10-13 17:54:57,956][INFO][clas_trainer:133] - train epoch: 2 [14080/47028 (30%)], lr: ['1.00e-04', '1.00e-04'], loss: 0.518509
[2023-10-13 17:55:07,388][INFO][clas_trainer:133] - train epoch: 2 [18784/47028 (40%)], lr: ['1.00e-04', '1.00e-04'], loss: 0.659378
[2023-10-13 17:55:16,933][INFO][clas_trainer:133] - train epoch: 2 [23488/47028 (50%)], lr: ['1.00e-04', '1.00e-04'], loss: 0.637333
[2023-10-13 17:55:26,399][INFO][clas_trainer:133] - train epoch: 2 [28192/47028 (60%)], lr: ['1.00e-04', '1.00e-04'], loss: 0.551903
[2023-10-13 17:55:36,591][INFO][clas_trainer:133] - train epoch: 2 [32896/47028 (70%)], lr: ['1.00e-04', '1.00e-04'], loss: 0.771725
[2023-10-13 17:55:46,651][INFO][clas_trainer:133] - train epoch: 2 [37600/47028 (80%)], lr: ['1.00e-04', '1.00e-04'], loss: 0.531415
[2023-10-13 17:55:56,263][INFO][clas_trainer:133] - train epoch: 2 [42304/47028 (90%)], lr: ['1.00e-04', '1.00e-04'], loss: 0.661737
[2023-10-13 17:56:06,293][INFO][clas_trainer:133] - train epoch: 2 [29380/47028 (100%)], lr: ['1.00e-04', '1.00e-04'], loss: 0.579717
[2023-10-13 17:56:23,417][INFO][clas_trainer:63] - [epoch   2] execution time: 115.09s	metrics:
[2023-10-13 17:56:23,417][INFO][clas_evaluator:99] - dataset: earlystopping, avg f1-score: 0.4568
[2023-10-13 17:56:23,481][INFO][base_model:51] - snapshot saved to ./models/exp001a-m37-base_fe_clas-2023-10-13_14-21-17-final.pth
[2023-10-13 17:56:33,466][INFO][clas_trainer:133] - train epoch: 3 [4672/47028 (10%)], lr: ['1.00e-04', '1.00e-04'], loss: 0.676069
[2023-10-13 17:56:43,490][INFO][clas_trainer:133] - train epoch: 3 [9376/47028 (20%)], lr: ['1.00e-04', '1.00e-04'], loss: 0.663651
[2023-10-13 17:56:53,754][INFO][clas_trainer:133] - train epoch: 3 [14080/47028 (30%)], lr: ['1.00e-04', '1.00e-04'], loss: 0.472370
[2023-10-13 17:57:03,422][INFO][clas_trainer:133] - train epoch: 3 [18784/47028 (40%)], lr: ['1.00e-04', '1.00e-04'], loss: 0.648757
[2023-10-13 17:57:13,199][INFO][clas_trainer:133] - train epoch: 3 [23488/47028 (50%)], lr: ['1.00e-04', '1.00e-04'], loss: 0.787039
[2023-10-13 17:57:22,597][INFO][clas_trainer:133] - train epoch: 3 [28192/47028 (60%)], lr: ['1.00e-04', '1.00e-04'], loss: 1.061536
[2023-10-13 17:57:31,858][INFO][clas_trainer:133] - train epoch: 3 [32896/47028 (70%)], lr: ['1.00e-04', '1.00e-04'], loss: 0.775025
[2023-10-13 17:57:41,412][INFO][clas_trainer:133] - train epoch: 3 [37600/47028 (80%)], lr: ['1.00e-04', '1.00e-04'], loss: 0.551702
[2023-10-13 17:57:51,392][INFO][clas_trainer:133] - train epoch: 3 [42304/47028 (90%)], lr: ['1.00e-04', '1.00e-04'], loss: 0.615684
[2023-10-13 17:58:00,597][INFO][clas_trainer:133] - train epoch: 3 [29380/47028 (100%)], lr: ['1.00e-04', '1.00e-04'], loss: 0.523459
[2023-10-13 17:58:17,720][INFO][clas_trainer:63] - [epoch   3] execution time: 114.24s	metrics:
[2023-10-13 17:58:17,720][INFO][clas_evaluator:99] - dataset: earlystopping, avg f1-score: 0.5652
[2023-10-13 17:58:17,780][INFO][base_model:51] - snapshot saved to ./models/exp001a-m37-base_fe_clas-2023-10-13_14-21-17-final.pth
[2023-10-13 17:58:28,313][INFO][clas_trainer:133] - train epoch: 4 [4672/47028 (10%)], lr: ['1.00e-04', '1.00e-04'], loss: 0.397447
[2023-10-13 17:58:38,001][INFO][clas_trainer:133] - train epoch: 4 [9376/47028 (20%)], lr: ['1.00e-04', '1.00e-04'], loss: 0.432243
[2023-10-13 17:58:47,592][INFO][clas_trainer:133] - train epoch: 4 [14080/47028 (30%)], lr: ['1.00e-04', '1.00e-04'], loss: 0.350599
[2023-10-13 17:58:57,335][INFO][clas_trainer:133] - train epoch: 4 [18784/47028 (40%)], lr: ['1.00e-04', '1.00e-04'], loss: 0.367425
[2023-10-13 17:59:06,742][INFO][clas_trainer:133] - train epoch: 4 [23488/47028 (50%)], lr: ['1.00e-04', '1.00e-04'], loss: 0.501515
[2023-10-13 17:59:16,105][INFO][clas_trainer:133] - train epoch: 4 [28192/47028 (60%)], lr: ['1.00e-04', '1.00e-04'], loss: 0.355200
[2023-10-13 17:59:26,242][INFO][clas_trainer:133] - train epoch: 4 [32896/47028 (70%)], lr: ['1.00e-04', '1.00e-04'], loss: 0.392872
[2023-10-13 17:59:35,815][INFO][clas_trainer:133] - train epoch: 4 [37600/47028 (80%)], lr: ['1.00e-04', '1.00e-04'], loss: 0.332630
[2023-10-13 17:59:45,425][INFO][clas_trainer:133] - train epoch: 4 [42304/47028 (90%)], lr: ['1.00e-04', '1.00e-04'], loss: 0.382003
[2023-10-13 17:59:54,641][INFO][clas_trainer:133] - train epoch: 4 [29380/47028 (100%)], lr: ['1.00e-04', '1.00e-04'], loss: 0.477840
[2023-10-13 18:00:11,722][INFO][clas_trainer:63] - [epoch   4] execution time: 113.94s	metrics:
[2023-10-13 18:00:11,722][INFO][clas_evaluator:99] - dataset: earlystopping, avg f1-score: 0.6361
[2023-10-13 18:00:11,784][INFO][base_model:51] - snapshot saved to ./models/exp001a-m37-base_fe_clas-2023-10-13_14-21-17-final.pth
[2023-10-13 18:00:21,822][INFO][clas_trainer:133] - train epoch: 5 [4672/47028 (10%)], lr: ['1.00e-04', '1.00e-04'], loss: 0.429829
[2023-10-13 18:00:31,176][INFO][clas_trainer:133] - train epoch: 5 [9376/47028 (20%)], lr: ['1.00e-04', '1.00e-04'], loss: 0.474937
[2023-10-13 18:00:41,378][INFO][clas_trainer:133] - train epoch: 5 [14080/47028 (30%)], lr: ['1.00e-04', '1.00e-04'], loss: 0.299030
[2023-10-13 18:00:51,306][INFO][clas_trainer:133] - train epoch: 5 [18784/47028 (40%)], lr: ['1.00e-04', '1.00e-04'], loss: 0.458914
[2023-10-13 18:01:00,708][INFO][clas_trainer:133] - train epoch: 5 [23488/47028 (50%)], lr: ['1.00e-04', '1.00e-04'], loss: 0.476098
[2023-10-13 18:01:10,478][INFO][clas_trainer:133] - train epoch: 5 [28192/47028 (60%)], lr: ['1.00e-04', '1.00e-04'], loss: 0.609193
[2023-10-13 18:01:21,489][INFO][clas_trainer:133] - train epoch: 5 [32896/47028 (70%)], lr: ['1.00e-04', '1.00e-04'], loss: 0.518290
[2023-10-13 18:01:32,412][INFO][clas_trainer:133] - train epoch: 5 [37600/47028 (80%)], lr: ['1.00e-04', '1.00e-04'], loss: 0.467959
[2023-10-13 18:01:42,395][INFO][clas_trainer:133] - train epoch: 5 [42304/47028 (90%)], lr: ['1.00e-04', '1.00e-04'], loss: 0.579488
[2023-10-13 18:01:51,647][INFO][clas_trainer:133] - train epoch: 5 [29380/47028 (100%)], lr: ['1.00e-04', '1.00e-04'], loss: 0.494472
[2023-10-13 18:02:09,009][INFO][clas_trainer:63] - [epoch   5] execution time: 117.23s	metrics:
[2023-10-13 18:02:09,010][INFO][clas_evaluator:99] - dataset: earlystopping, avg f1-score: 0.6411
[2023-10-13 18:02:09,068][INFO][base_model:51] - snapshot saved to ./models/exp001a-m37-base_fe_clas-2023-10-13_14-21-17-final.pth
[2023-10-13 18:02:19,270][INFO][clas_trainer:133] - train epoch: 6 [4672/47028 (10%)], lr: ['1.00e-04', '1.00e-04'], loss: 0.258581
[2023-10-13 18:02:29,762][INFO][clas_trainer:133] - train epoch: 6 [9376/47028 (20%)], lr: ['1.00e-04', '1.00e-04'], loss: 0.219657
[2023-10-13 18:02:39,831][INFO][clas_trainer:133] - train epoch: 6 [14080/47028 (30%)], lr: ['1.00e-04', '1.00e-04'], loss: 0.399638
[2023-10-13 18:02:50,472][INFO][clas_trainer:133] - train epoch: 6 [18784/47028 (40%)], lr: ['1.00e-04', '1.00e-04'], loss: 0.281694
[2023-10-13 18:03:00,634][INFO][clas_trainer:133] - train epoch: 6 [23488/47028 (50%)], lr: ['1.00e-04', '1.00e-04'], loss: 0.537787
[2023-10-13 18:03:10,031][INFO][clas_trainer:133] - train epoch: 6 [28192/47028 (60%)], lr: ['1.00e-04', '1.00e-04'], loss: 0.240138
[2023-10-13 18:03:19,491][INFO][clas_trainer:133] - train epoch: 6 [32896/47028 (70%)], lr: ['1.00e-04', '1.00e-04'], loss: 0.210511
[2023-10-13 18:03:29,554][INFO][clas_trainer:133] - train epoch: 6 [37600/47028 (80%)], lr: ['1.00e-04', '1.00e-04'], loss: 0.479316
[2023-10-13 18:03:39,122][INFO][clas_trainer:133] - train epoch: 6 [42304/47028 (90%)], lr: ['1.00e-04', '1.00e-04'], loss: 0.449663
[2023-10-13 18:03:48,772][INFO][clas_trainer:133] - train epoch: 6 [29380/47028 (100%)], lr: ['1.00e-04', '1.00e-04'], loss: 0.341789
[2023-10-13 18:04:06,147][INFO][clas_trainer:63] - [epoch   6] execution time: 117.08s	metrics:
[2023-10-13 18:04:06,147][INFO][clas_evaluator:99] - dataset: earlystopping, avg f1-score: 0.7005
[2023-10-13 18:04:06,210][INFO][base_model:51] - snapshot saved to ./models/exp001a-m37-base_fe_clas-2023-10-13_14-21-17-final.pth
[2023-10-13 18:04:15,854][INFO][clas_trainer:133] - train epoch: 7 [4672/47028 (10%)], lr: ['1.00e-04', '1.00e-04'], loss: 0.547465
[2023-10-13 18:04:24,938][INFO][clas_trainer:133] - train epoch: 7 [9376/47028 (20%)], lr: ['1.00e-04', '1.00e-04'], loss: 0.349810
[2023-10-13 18:04:34,625][INFO][clas_trainer:133] - train epoch: 7 [14080/47028 (30%)], lr: ['1.00e-04', '1.00e-04'], loss: 0.528095
[2023-10-13 18:04:44,262][INFO][clas_trainer:133] - train epoch: 7 [18784/47028 (40%)], lr: ['1.00e-04', '1.00e-04'], loss: 0.189039
[2023-10-13 18:04:54,559][INFO][clas_trainer:133] - train epoch: 7 [23488/47028 (50%)], lr: ['1.00e-04', '1.00e-04'], loss: 0.174138
[2023-10-13 18:05:04,481][INFO][clas_trainer:133] - train epoch: 7 [28192/47028 (60%)], lr: ['1.00e-04', '1.00e-04'], loss: 0.395186
[2023-10-13 18:05:14,677][INFO][clas_trainer:133] - train epoch: 7 [32896/47028 (70%)], lr: ['1.00e-04', '1.00e-04'], loss: 0.298228
[2023-10-13 18:05:25,096][INFO][clas_trainer:133] - train epoch: 7 [37600/47028 (80%)], lr: ['1.00e-04', '1.00e-04'], loss: 0.340903
[2023-10-13 18:05:35,003][INFO][clas_trainer:133] - train epoch: 7 [42304/47028 (90%)], lr: ['1.00e-04', '1.00e-04'], loss: 0.362422
[2023-10-13 18:05:45,101][INFO][clas_trainer:133] - train epoch: 7 [29380/47028 (100%)], lr: ['1.00e-04', '1.00e-04'], loss: 0.372263
[2023-10-13 18:06:03,004][INFO][clas_trainer:63] - [epoch   7] execution time: 116.79s	metrics:
[2023-10-13 18:06:03,004][INFO][clas_evaluator:99] - dataset: earlystopping, avg f1-score: 0.7429
[2023-10-13 18:06:03,063][INFO][base_model:51] - snapshot saved to ./models/exp001a-m37-base_fe_clas-2023-10-13_14-21-17-final.pth
[2023-10-13 18:06:13,331][INFO][clas_trainer:133] - train epoch: 8 [4672/47028 (10%)], lr: ['1.00e-04', '1.00e-04'], loss: 0.389951
[2023-10-13 18:06:23,416][INFO][clas_trainer:133] - train epoch: 8 [9376/47028 (20%)], lr: ['1.00e-04', '1.00e-04'], loss: 0.261350
[2023-10-13 18:06:32,855][INFO][clas_trainer:133] - train epoch: 8 [14080/47028 (30%)], lr: ['1.00e-04', '1.00e-04'], loss: 0.265034
[2023-10-13 18:06:42,423][INFO][clas_trainer:133] - train epoch: 8 [18784/47028 (40%)], lr: ['1.00e-04', '1.00e-04'], loss: 0.386565
[2023-10-13 18:06:53,193][INFO][clas_trainer:133] - train epoch: 8 [23488/47028 (50%)], lr: ['1.00e-04', '1.00e-04'], loss: 0.422429
[2023-10-13 18:07:02,888][INFO][clas_trainer:133] - train epoch: 8 [28192/47028 (60%)], lr: ['1.00e-04', '1.00e-04'], loss: 0.245623
[2023-10-13 18:07:12,490][INFO][clas_trainer:133] - train epoch: 8 [32896/47028 (70%)], lr: ['1.00e-04', '1.00e-04'], loss: 0.253364
[2023-10-13 18:07:23,384][INFO][clas_trainer:133] - train epoch: 8 [37600/47028 (80%)], lr: ['1.00e-04', '1.00e-04'], loss: 0.491554
[2023-10-13 18:07:33,504][INFO][clas_trainer:133] - train epoch: 8 [42304/47028 (90%)], lr: ['1.00e-04', '1.00e-04'], loss: 0.241364
[2023-10-13 18:07:42,897][INFO][clas_trainer:133] - train epoch: 8 [29380/47028 (100%)], lr: ['1.00e-04', '1.00e-04'], loss: 0.759403
[2023-10-13 18:08:00,328][INFO][clas_trainer:63] - [epoch   8] execution time: 117.26s	metrics:
[2023-10-13 18:08:00,328][INFO][clas_evaluator:99] - dataset: earlystopping, avg f1-score: 0.7386
[2023-10-13 18:08:10,366][INFO][clas_trainer:133] - train epoch: 9 [4672/47028 (10%)], lr: ['1.00e-04', '1.00e-04'], loss: 0.428992
[2023-10-13 18:08:20,080][INFO][clas_trainer:133] - train epoch: 9 [9376/47028 (20%)], lr: ['1.00e-04', '1.00e-04'], loss: 0.165583
[2023-10-13 18:08:29,513][INFO][clas_trainer:133] - train epoch: 9 [14080/47028 (30%)], lr: ['1.00e-04', '1.00e-04'], loss: 0.237972
[2023-10-13 18:08:39,119][INFO][clas_trainer:133] - train epoch: 9 [18784/47028 (40%)], lr: ['1.00e-04', '1.00e-04'], loss: 0.167675
[2023-10-13 18:08:48,610][INFO][clas_trainer:133] - train epoch: 9 [23488/47028 (50%)], lr: ['1.00e-04', '1.00e-04'], loss: 0.263058
[2023-10-13 18:08:58,451][INFO][clas_trainer:133] - train epoch: 9 [28192/47028 (60%)], lr: ['1.00e-04', '1.00e-04'], loss: 0.170864
[2023-10-13 18:09:09,093][INFO][clas_trainer:133] - train epoch: 9 [32896/47028 (70%)], lr: ['1.00e-04', '1.00e-04'], loss: 0.392132
[2023-10-13 18:09:19,888][INFO][clas_trainer:133] - train epoch: 9 [37600/47028 (80%)], lr: ['1.00e-04', '1.00e-04'], loss: 0.489090
[2023-10-13 18:09:30,326][INFO][clas_trainer:133] - train epoch: 9 [42304/47028 (90%)], lr: ['1.00e-04', '1.00e-04'], loss: 0.237890
[2023-10-13 18:09:40,230][INFO][clas_trainer:133] - train epoch: 9 [29380/47028 (100%)], lr: ['1.00e-04', '1.00e-04'], loss: 0.259717
[2023-10-13 18:09:57,427][INFO][clas_trainer:63] - [epoch   9] execution time: 117.10s	metrics:
[2023-10-13 18:09:57,427][INFO][clas_evaluator:99] - dataset: earlystopping, avg f1-score: 0.7301
[2023-10-13 18:10:07,401][INFO][clas_trainer:133] - train epoch: 10 [4672/47028 (10%)], lr: ['1.00e-04', '1.00e-04'], loss: 0.148958
[2023-10-13 18:10:16,977][INFO][clas_trainer:133] - train epoch: 10 [9376/47028 (20%)], lr: ['1.00e-04', '1.00e-04'], loss: 0.231279
[2023-10-13 18:10:26,179][INFO][clas_trainer:133] - train epoch: 10 [14080/47028 (30%)], lr: ['1.00e-04', '1.00e-04'], loss: 0.227776
[2023-10-13 18:10:35,603][INFO][clas_trainer:133] - train epoch: 10 [18784/47028 (40%)], lr: ['1.00e-04', '1.00e-04'], loss: 0.091963
[2023-10-13 18:10:44,877][INFO][clas_trainer:133] - train epoch: 10 [23488/47028 (50%)], lr: ['1.00e-04', '1.00e-04'], loss: 0.172428
[2023-10-13 18:10:54,435][INFO][clas_trainer:133] - train epoch: 10 [28192/47028 (60%)], lr: ['1.00e-04', '1.00e-04'], loss: 0.062925
[2023-10-13 18:11:04,184][INFO][clas_trainer:133] - train epoch: 10 [32896/47028 (70%)], lr: ['1.00e-04', '1.00e-04'], loss: 0.437422
[2023-10-13 18:11:14,673][INFO][clas_trainer:133] - train epoch: 10 [37600/47028 (80%)], lr: ['1.00e-04', '1.00e-04'], loss: 0.427214
[2023-10-13 18:11:24,876][INFO][clas_trainer:133] - train epoch: 10 [42304/47028 (90%)], lr: ['1.00e-04', '1.00e-04'], loss: 0.065356
[2023-10-13 18:11:35,065][INFO][clas_trainer:133] - train epoch: 10 [29380/47028 (100%)], lr: ['1.00e-04', '1.00e-04'], loss: 0.269047
[2023-10-13 18:11:53,584][INFO][clas_trainer:63] - [epoch  10] execution time: 116.16s	metrics:
[2023-10-13 18:11:53,585][INFO][clas_evaluator:99] - dataset: earlystopping, avg f1-score: 0.7580
[2023-10-13 18:11:53,646][INFO][base_model:51] - snapshot saved to ./models/exp001a-m37-base_fe_clas-2023-10-13_14-21-17-final.pth
[2023-10-13 18:12:04,165][INFO][clas_trainer:133] - train epoch: 11 [4672/47028 (10%)], lr: ['1.00e-04', '1.00e-04'], loss: 0.256969
[2023-10-13 18:12:14,232][INFO][clas_trainer:133] - train epoch: 11 [9376/47028 (20%)], lr: ['1.00e-04', '1.00e-04'], loss: 0.244932
[2023-10-13 18:12:24,416][INFO][clas_trainer:133] - train epoch: 11 [14080/47028 (30%)], lr: ['1.00e-04', '1.00e-04'], loss: 0.264819
[2023-10-13 18:12:34,871][INFO][clas_trainer:133] - train epoch: 11 [18784/47028 (40%)], lr: ['1.00e-04', '1.00e-04'], loss: 0.284769
[2023-10-13 18:12:45,596][INFO][clas_trainer:133] - train epoch: 11 [23488/47028 (50%)], lr: ['1.00e-04', '1.00e-04'], loss: 0.171123
[2023-10-13 18:12:56,111][INFO][clas_trainer:133] - train epoch: 11 [28192/47028 (60%)], lr: ['1.00e-04', '1.00e-04'], loss: 0.210890
[2023-10-13 18:13:06,431][INFO][clas_trainer:133] - train epoch: 11 [32896/47028 (70%)], lr: ['1.00e-04', '1.00e-04'], loss: 0.325370
[2023-10-13 18:13:16,253][INFO][clas_trainer:133] - train epoch: 11 [37600/47028 (80%)], lr: ['1.00e-04', '1.00e-04'], loss: 0.314131
[2023-10-13 18:13:25,579][INFO][clas_trainer:133] - train epoch: 11 [42304/47028 (90%)], lr: ['1.00e-04', '1.00e-04'], loss: 0.324051
[2023-10-13 18:13:35,948][INFO][clas_trainer:133] - train epoch: 11 [29380/47028 (100%)], lr: ['1.00e-04', '1.00e-04'], loss: 0.193945
[2023-10-13 18:13:54,713][INFO][clas_trainer:63] - [epoch  11] execution time: 121.07s	metrics:
[2023-10-13 18:13:54,713][INFO][clas_evaluator:99] - dataset: earlystopping, avg f1-score: 0.7513
[2023-10-13 18:14:05,851][INFO][clas_trainer:133] - train epoch: 12 [4672/47028 (10%)], lr: ['1.00e-04', '1.00e-04'], loss: 0.202088
[2023-10-13 18:14:16,049][INFO][clas_trainer:133] - train epoch: 12 [9376/47028 (20%)], lr: ['1.00e-04', '1.00e-04'], loss: 0.333064
[2023-10-13 18:14:25,566][INFO][clas_trainer:133] - train epoch: 12 [14080/47028 (30%)], lr: ['1.00e-04', '1.00e-04'], loss: 0.444302
[2023-10-13 18:14:35,283][INFO][clas_trainer:133] - train epoch: 12 [18784/47028 (40%)], lr: ['1.00e-04', '1.00e-04'], loss: 0.113283
[2023-10-13 18:14:46,168][INFO][clas_trainer:133] - train epoch: 12 [23488/47028 (50%)], lr: ['1.00e-04', '1.00e-04'], loss: 0.181019
[2023-10-13 18:14:56,653][INFO][clas_trainer:133] - train epoch: 12 [28192/47028 (60%)], lr: ['1.00e-04', '1.00e-04'], loss: 0.034376
[2023-10-13 18:15:07,471][INFO][clas_trainer:133] - train epoch: 12 [32896/47028 (70%)], lr: ['1.00e-04', '1.00e-04'], loss: 0.667626
[2023-10-13 18:15:17,974][INFO][clas_trainer:133] - train epoch: 12 [37600/47028 (80%)], lr: ['1.00e-04', '1.00e-04'], loss: 0.273908
[2023-10-13 18:15:28,251][INFO][clas_trainer:133] - train epoch: 12 [42304/47028 (90%)], lr: ['1.00e-04', '1.00e-04'], loss: 0.419848
[2023-10-13 18:15:38,090][INFO][clas_trainer:133] - train epoch: 12 [29380/47028 (100%)], lr: ['1.00e-04', '1.00e-04'], loss: 0.247027
[2023-10-13 18:15:56,762][INFO][clas_trainer:63] - [epoch  12] execution time: 122.05s	metrics:
[2023-10-13 18:15:56,763][INFO][clas_evaluator:99] - dataset: earlystopping, avg f1-score: 0.7635
[2023-10-13 18:15:56,823][INFO][base_model:51] - snapshot saved to ./models/exp001a-m37-base_fe_clas-2023-10-13_14-21-17-final.pth
[2023-10-13 18:16:07,660][INFO][clas_trainer:133] - train epoch: 13 [4672/47028 (10%)], lr: ['1.00e-04', '1.00e-04'], loss: 0.398544
[2023-10-13 18:16:17,712][INFO][clas_trainer:133] - train epoch: 13 [9376/47028 (20%)], lr: ['1.00e-04', '1.00e-04'], loss: 0.061532
[2023-10-13 18:16:27,240][INFO][clas_trainer:133] - train epoch: 13 [14080/47028 (30%)], lr: ['1.00e-04', '1.00e-04'], loss: 0.215823
[2023-10-13 18:16:36,946][INFO][clas_trainer:133] - train epoch: 13 [18784/47028 (40%)], lr: ['1.00e-04', '1.00e-04'], loss: 0.351679
[2023-10-13 18:16:47,619][INFO][clas_trainer:133] - train epoch: 13 [23488/47028 (50%)], lr: ['1.00e-04', '1.00e-04'], loss: 0.129636
[2023-10-13 18:16:57,683][INFO][clas_trainer:133] - train epoch: 13 [28192/47028 (60%)], lr: ['1.00e-04', '1.00e-04'], loss: 0.131252
[2023-10-13 18:17:07,997][INFO][clas_trainer:133] - train epoch: 13 [32896/47028 (70%)], lr: ['1.00e-04', '1.00e-04'], loss: 0.235624
[2023-10-13 18:17:19,041][INFO][clas_trainer:133] - train epoch: 13 [37600/47028 (80%)], lr: ['1.00e-04', '1.00e-04'], loss: 0.198659
[2023-10-13 18:17:29,959][INFO][clas_trainer:133] - train epoch: 13 [42304/47028 (90%)], lr: ['1.00e-04', '1.00e-04'], loss: 0.304887
[2023-10-13 18:17:40,641][INFO][clas_trainer:133] - train epoch: 13 [29380/47028 (100%)], lr: ['1.00e-04', '1.00e-04'], loss: 0.231891
[2023-10-13 18:17:58,446][INFO][clas_trainer:63] - [epoch  13] execution time: 121.62s	metrics:
[2023-10-13 18:17:58,446][INFO][clas_evaluator:99] - dataset: earlystopping, avg f1-score: 0.7573
[2023-10-13 18:18:09,488][INFO][clas_trainer:133] - train epoch: 14 [4672/47028 (10%)], lr: ['1.00e-04', '1.00e-04'], loss: 0.266689
[2023-10-13 18:18:20,586][INFO][clas_trainer:133] - train epoch: 14 [9376/47028 (20%)], lr: ['1.00e-04', '1.00e-04'], loss: 0.285666
[2023-10-13 18:18:30,866][INFO][clas_trainer:133] - train epoch: 14 [14080/47028 (30%)], lr: ['1.00e-04', '1.00e-04'], loss: 0.113463
[2023-10-13 18:18:40,680][INFO][clas_trainer:133] - train epoch: 14 [18784/47028 (40%)], lr: ['1.00e-04', '1.00e-04'], loss: 0.296084
[2023-10-13 18:18:51,151][INFO][clas_trainer:133] - train epoch: 14 [23488/47028 (50%)], lr: ['1.00e-04', '1.00e-04'], loss: 0.120412
[2023-10-13 18:19:01,467][INFO][clas_trainer:133] - train epoch: 14 [28192/47028 (60%)], lr: ['1.00e-04', '1.00e-04'], loss: 0.246261
[2023-10-13 18:19:11,060][INFO][clas_trainer:133] - train epoch: 14 [32896/47028 (70%)], lr: ['1.00e-04', '1.00e-04'], loss: 0.158953
[2023-10-13 18:19:22,548][INFO][clas_trainer:133] - train epoch: 14 [37600/47028 (80%)], lr: ['1.00e-04', '1.00e-04'], loss: 0.189873
[2023-10-13 18:19:33,415][INFO][clas_trainer:133] - train epoch: 14 [42304/47028 (90%)], lr: ['1.00e-04', '1.00e-04'], loss: 0.152607
[2023-10-13 18:19:43,276][INFO][clas_trainer:133] - train epoch: 14 [29380/47028 (100%)], lr: ['1.00e-04', '1.00e-04'], loss: 0.237019
[2023-10-13 18:20:02,293][INFO][clas_trainer:63] - [epoch  14] execution time: 123.85s	metrics:
[2023-10-13 18:20:02,294][INFO][clas_evaluator:99] - dataset: earlystopping, avg f1-score: 0.7284
[2023-10-13 18:20:12,527][INFO][clas_trainer:133] - train epoch: 15 [4672/47028 (10%)], lr: ['1.00e-04', '1.00e-04'], loss: 0.210833
[2023-10-13 18:20:21,907][INFO][clas_trainer:133] - train epoch: 15 [9376/47028 (20%)], lr: ['1.00e-04', '1.00e-04'], loss: 0.335767
[2023-10-13 18:20:31,491][INFO][clas_trainer:133] - train epoch: 15 [14080/47028 (30%)], lr: ['1.00e-04', '1.00e-04'], loss: 0.291134
[2023-10-13 18:20:41,449][INFO][clas_trainer:133] - train epoch: 15 [18784/47028 (40%)], lr: ['1.00e-04', '1.00e-04'], loss: 0.297029
[2023-10-13 18:20:51,751][INFO][clas_trainer:133] - train epoch: 15 [23488/47028 (50%)], lr: ['1.00e-04', '1.00e-04'], loss: 0.171639
[2023-10-13 18:21:01,925][INFO][clas_trainer:133] - train epoch: 15 [28192/47028 (60%)], lr: ['1.00e-04', '1.00e-04'], loss: 0.296161
[2023-10-13 18:21:12,780][INFO][clas_trainer:133] - train epoch: 15 [32896/47028 (70%)], lr: ['1.00e-04', '1.00e-04'], loss: 0.310667
[2023-10-13 18:21:23,790][INFO][clas_trainer:133] - train epoch: 15 [37600/47028 (80%)], lr: ['1.00e-04', '1.00e-04'], loss: 0.101610
[2023-10-13 18:21:34,347][INFO][clas_trainer:133] - train epoch: 15 [42304/47028 (90%)], lr: ['1.00e-04', '1.00e-04'], loss: 0.279692
[2023-10-13 18:21:45,382][INFO][clas_trainer:133] - train epoch: 15 [29380/47028 (100%)], lr: ['1.00e-04', '1.00e-04'], loss: 0.227142
[2023-10-13 18:22:05,453][INFO][clas_trainer:63] - [epoch  15] execution time: 123.16s	metrics:
[2023-10-13 18:22:05,454][INFO][clas_evaluator:99] - dataset: earlystopping, avg f1-score: 0.7554
[2023-10-13 18:22:16,869][INFO][clas_trainer:133] - train epoch: 16 [4672/47028 (10%)], lr: ['1.00e-04', '1.00e-04'], loss: 0.180909
[2023-10-13 18:22:27,741][INFO][clas_trainer:133] - train epoch: 16 [9376/47028 (20%)], lr: ['1.00e-04', '1.00e-04'], loss: 0.389213
[2023-10-13 18:22:37,305][INFO][clas_trainer:133] - train epoch: 16 [14080/47028 (30%)], lr: ['1.00e-04', '1.00e-04'], loss: 0.294482
[2023-10-13 18:22:47,226][INFO][clas_trainer:133] - train epoch: 16 [18784/47028 (40%)], lr: ['1.00e-04', '1.00e-04'], loss: 0.167877
[2023-10-13 18:22:57,871][INFO][clas_trainer:133] - train epoch: 16 [23488/47028 (50%)], lr: ['1.00e-04', '1.00e-04'], loss: 0.175125
[2023-10-13 18:23:08,469][INFO][clas_trainer:133] - train epoch: 16 [28192/47028 (60%)], lr: ['1.00e-04', '1.00e-04'], loss: 0.390957
[2023-10-13 18:23:19,005][INFO][clas_trainer:133] - train epoch: 16 [32896/47028 (70%)], lr: ['1.00e-04', '1.00e-04'], loss: 0.106152
[2023-10-13 18:23:30,410][INFO][clas_trainer:133] - train epoch: 16 [37600/47028 (80%)], lr: ['1.00e-04', '1.00e-04'], loss: 0.115048
[2023-10-13 18:23:41,444][INFO][clas_trainer:133] - train epoch: 16 [42304/47028 (90%)], lr: ['1.00e-04', '1.00e-04'], loss: 0.202397
[2023-10-13 18:23:51,766][INFO][clas_trainer:133] - train epoch: 16 [29380/47028 (100%)], lr: ['1.00e-04', '1.00e-04'], loss: 0.267936
[2023-10-13 18:24:11,548][INFO][clas_trainer:63] - [epoch  16] execution time: 126.09s	metrics:
[2023-10-13 18:24:11,548][INFO][clas_evaluator:99] - dataset: earlystopping, avg f1-score: 0.7659
[2023-10-13 18:24:11,609][INFO][base_model:51] - snapshot saved to ./models/exp001a-m37-base_fe_clas-2023-10-13_14-21-17-final.pth
[2023-10-13 18:24:23,517][INFO][clas_trainer:133] - train epoch: 17 [4672/47028 (10%)], lr: ['1.00e-04', '1.00e-04'], loss: 0.363334
[2023-10-13 18:24:34,607][INFO][clas_trainer:133] - train epoch: 17 [9376/47028 (20%)], lr: ['1.00e-04', '1.00e-04'], loss: 0.226629
[2023-10-13 18:24:45,143][INFO][clas_trainer:133] - train epoch: 17 [14080/47028 (30%)], lr: ['1.00e-04', '1.00e-04'], loss: 0.182362
[2023-10-13 18:24:55,713][INFO][clas_trainer:133] - train epoch: 17 [18784/47028 (40%)], lr: ['1.00e-04', '1.00e-04'], loss: 0.229767
[2023-10-13 18:25:05,990][INFO][clas_trainer:133] - train epoch: 17 [23488/47028 (50%)], lr: ['1.00e-04', '1.00e-04'], loss: 0.287331
[2023-10-13 18:25:16,279][INFO][clas_trainer:133] - train epoch: 17 [28192/47028 (60%)], lr: ['1.00e-04', '1.00e-04'], loss: 0.106320
[2023-10-13 18:25:26,453][INFO][clas_trainer:133] - train epoch: 17 [32896/47028 (70%)], lr: ['1.00e-04', '1.00e-04'], loss: 0.146694
[2023-10-13 18:25:37,466][INFO][clas_trainer:133] - train epoch: 17 [37600/47028 (80%)], lr: ['1.00e-04', '1.00e-04'], loss: 0.314467
[2023-10-13 18:25:48,118][INFO][clas_trainer:133] - train epoch: 17 [42304/47028 (90%)], lr: ['1.00e-04', '1.00e-04'], loss: 0.113551
[2023-10-13 18:25:58,114][INFO][clas_trainer:133] - train epoch: 17 [29380/47028 (100%)], lr: ['1.00e-04', '1.00e-04'], loss: 0.224565
[2023-10-13 18:26:17,372][INFO][clas_trainer:63] - [epoch  17] execution time: 125.76s	metrics:
[2023-10-13 18:26:17,373][INFO][clas_evaluator:99] - dataset: earlystopping, avg f1-score: 0.7748
[2023-10-13 18:26:17,433][INFO][base_model:51] - snapshot saved to ./models/exp001a-m37-base_fe_clas-2023-10-13_14-21-17-final.pth
[2023-10-13 18:26:28,443][INFO][clas_trainer:133] - train epoch: 18 [4672/47028 (10%)], lr: ['1.00e-04', '1.00e-04'], loss: 0.145770
[2023-10-13 18:26:38,976][INFO][clas_trainer:133] - train epoch: 18 [9376/47028 (20%)], lr: ['1.00e-04', '1.00e-04'], loss: 0.106656
[2023-10-13 18:26:49,904][INFO][clas_trainer:133] - train epoch: 18 [14080/47028 (30%)], lr: ['1.00e-04', '1.00e-04'], loss: 0.234363
[2023-10-13 18:27:00,363][INFO][clas_trainer:133] - train epoch: 18 [18784/47028 (40%)], lr: ['1.00e-04', '1.00e-04'], loss: 0.104317
[2023-10-13 18:27:10,233][INFO][clas_trainer:133] - train epoch: 18 [23488/47028 (50%)], lr: ['1.00e-04', '1.00e-04'], loss: 0.350186
[2023-10-13 18:27:21,314][INFO][clas_trainer:133] - train epoch: 18 [28192/47028 (60%)], lr: ['1.00e-04', '1.00e-04'], loss: 0.267406
[2023-10-13 18:27:31,549][INFO][clas_trainer:133] - train epoch: 18 [32896/47028 (70%)], lr: ['1.00e-04', '1.00e-04'], loss: 0.089054
[2023-10-13 18:27:41,766][INFO][clas_trainer:133] - train epoch: 18 [37600/47028 (80%)], lr: ['1.00e-04', '1.00e-04'], loss: 0.177420
[2023-10-13 18:27:52,360][INFO][clas_trainer:133] - train epoch: 18 [42304/47028 (90%)], lr: ['1.00e-04', '1.00e-04'], loss: 0.420620
[2023-10-13 18:28:02,680][INFO][clas_trainer:133] - train epoch: 18 [29380/47028 (100%)], lr: ['1.00e-04', '1.00e-04'], loss: 0.205850
[2023-10-13 18:28:20,860][INFO][clas_trainer:63] - [epoch  18] execution time: 123.43s	metrics:
[2023-10-13 18:28:20,860][INFO][clas_evaluator:99] - dataset: earlystopping, avg f1-score: 0.7934
[2023-10-13 18:28:20,926][INFO][base_model:51] - snapshot saved to ./models/exp001a-m37-base_fe_clas-2023-10-13_14-21-17-final.pth
[2023-10-13 18:28:32,663][INFO][clas_trainer:133] - train epoch: 19 [4672/47028 (10%)], lr: ['1.00e-04', '1.00e-04'], loss: 0.419412
[2023-10-13 18:28:43,328][INFO][clas_trainer:133] - train epoch: 19 [9376/47028 (20%)], lr: ['1.00e-04', '1.00e-04'], loss: 0.139875
[2023-10-13 18:28:54,363][INFO][clas_trainer:133] - train epoch: 19 [14080/47028 (30%)], lr: ['1.00e-04', '1.00e-04'], loss: 0.163777
[2023-10-13 18:29:04,600][INFO][clas_trainer:133] - train epoch: 19 [18784/47028 (40%)], lr: ['1.00e-04', '1.00e-04'], loss: 0.063892
[2023-10-13 18:29:14,540][INFO][clas_trainer:133] - train epoch: 19 [23488/47028 (50%)], lr: ['1.00e-04', '1.00e-04'], loss: 0.196919
[2023-10-13 18:29:25,475][INFO][clas_trainer:133] - train epoch: 19 [28192/47028 (60%)], lr: ['1.00e-04', '1.00e-04'], loss: 0.119177
[2023-10-13 18:29:37,462][INFO][clas_trainer:133] - train epoch: 19 [32896/47028 (70%)], lr: ['1.00e-04', '1.00e-04'], loss: 0.175207
[2023-10-13 18:29:48,377][INFO][clas_trainer:133] - train epoch: 19 [37600/47028 (80%)], lr: ['1.00e-04', '1.00e-04'], loss: 0.336524
[2023-10-13 18:29:59,319][INFO][clas_trainer:133] - train epoch: 19 [42304/47028 (90%)], lr: ['1.00e-04', '1.00e-04'], loss: 0.073644
[2023-10-13 18:30:09,356][INFO][clas_trainer:133] - train epoch: 19 [29380/47028 (100%)], lr: ['1.00e-04', '1.00e-04'], loss: 0.232511
[2023-10-13 18:30:28,818][INFO][clas_trainer:63] - [epoch  19] execution time: 127.89s	metrics:
[2023-10-13 18:30:28,819][INFO][clas_evaluator:99] - dataset: earlystopping, avg f1-score: 0.7967
[2023-10-13 18:30:28,881][INFO][base_model:51] - snapshot saved to ./models/exp001a-m37-base_fe_clas-2023-10-13_14-21-17-final.pth
[2023-10-13 18:30:40,219][INFO][clas_trainer:133] - train epoch: 20 [4672/47028 (10%)], lr: ['1.00e-04', '1.00e-04'], loss: 0.028129
[2023-10-13 18:30:51,301][INFO][clas_trainer:133] - train epoch: 20 [9376/47028 (20%)], lr: ['1.00e-04', '1.00e-04'], loss: 0.374908
[2023-10-13 18:31:02,054][INFO][clas_trainer:133] - train epoch: 20 [14080/47028 (30%)], lr: ['1.00e-04', '1.00e-04'], loss: 0.096248
[2023-10-13 18:31:13,050][INFO][clas_trainer:133] - train epoch: 20 [18784/47028 (40%)], lr: ['1.00e-04', '1.00e-04'], loss: 0.302780
[2023-10-13 18:31:23,442][INFO][clas_trainer:133] - train epoch: 20 [23488/47028 (50%)], lr: ['1.00e-04', '1.00e-04'], loss: 0.144852
[2023-10-13 18:31:34,139][INFO][clas_trainer:133] - train epoch: 20 [28192/47028 (60%)], lr: ['1.00e-04', '1.00e-04'], loss: 0.194877
[2023-10-13 18:31:44,991][INFO][clas_trainer:133] - train epoch: 20 [32896/47028 (70%)], lr: ['1.00e-04', '1.00e-04'], loss: 0.116628
[2023-10-13 18:31:55,722][INFO][clas_trainer:133] - train epoch: 20 [37600/47028 (80%)], lr: ['1.00e-04', '1.00e-04'], loss: 0.118595
[2023-10-13 18:32:07,085][INFO][clas_trainer:133] - train epoch: 20 [42304/47028 (90%)], lr: ['1.00e-04', '1.00e-04'], loss: 0.119488
[2023-10-13 18:32:17,723][INFO][clas_trainer:133] - train epoch: 20 [29380/47028 (100%)], lr: ['1.00e-04', '1.00e-04'], loss: 0.031335
[2023-10-13 18:32:37,406][INFO][clas_trainer:63] - [epoch  20] execution time: 128.52s	metrics:
[2023-10-13 18:32:37,406][INFO][clas_evaluator:99] - dataset: earlystopping, avg f1-score: 0.7945
[2023-10-13 18:32:48,634][INFO][clas_trainer:133] - train epoch: 21 [4672/47028 (10%)], lr: ['1.00e-04', '1.00e-04'], loss: 0.245669
[2023-10-13 18:32:59,414][INFO][clas_trainer:133] - train epoch: 21 [9376/47028 (20%)], lr: ['1.00e-04', '1.00e-04'], loss: 0.107957
[2023-10-13 18:33:11,166][INFO][clas_trainer:133] - train epoch: 21 [14080/47028 (30%)], lr: ['1.00e-04', '1.00e-04'], loss: 0.156398
[2023-10-13 18:33:22,143][INFO][clas_trainer:133] - train epoch: 21 [18784/47028 (40%)], lr: ['1.00e-04', '1.00e-04'], loss: 0.319228
[2023-10-13 18:33:32,392][INFO][clas_trainer:133] - train epoch: 21 [23488/47028 (50%)], lr: ['1.00e-04', '1.00e-04'], loss: 0.099117
[2023-10-13 18:33:42,477][INFO][clas_trainer:133] - train epoch: 21 [28192/47028 (60%)], lr: ['1.00e-04', '1.00e-04'], loss: 0.232093
[2023-10-13 18:33:52,824][INFO][clas_trainer:133] - train epoch: 21 [32896/47028 (70%)], lr: ['1.00e-04', '1.00e-04'], loss: 0.027271
[2023-10-13 18:34:03,392][INFO][clas_trainer:133] - train epoch: 21 [37600/47028 (80%)], lr: ['1.00e-04', '1.00e-04'], loss: 0.234478
[2023-10-13 18:34:14,326][INFO][clas_trainer:133] - train epoch: 21 [42304/47028 (90%)], lr: ['1.00e-04', '1.00e-04'], loss: 0.218026
[2023-10-13 18:34:26,048][INFO][clas_trainer:133] - train epoch: 21 [29380/47028 (100%)], lr: ['1.00e-04', '1.00e-04'], loss: 0.093988
[2023-10-13 18:34:46,632][INFO][clas_trainer:63] - [epoch  21] execution time: 129.23s	metrics:
[2023-10-13 18:34:46,633][INFO][clas_evaluator:99] - dataset: earlystopping, avg f1-score: 0.7703
[2023-10-13 18:34:58,007][INFO][clas_trainer:133] - train epoch: 22 [4672/47028 (10%)], lr: ['1.00e-04', '1.00e-04'], loss: 0.063915
[2023-10-13 18:35:08,365][INFO][clas_trainer:133] - train epoch: 22 [9376/47028 (20%)], lr: ['1.00e-04', '1.00e-04'], loss: 0.185925
[2023-10-13 18:35:18,399][INFO][clas_trainer:133] - train epoch: 22 [14080/47028 (30%)], lr: ['1.00e-04', '1.00e-04'], loss: 0.356654
[2023-10-13 18:35:29,489][INFO][clas_trainer:133] - train epoch: 22 [18784/47028 (40%)], lr: ['1.00e-04', '1.00e-04'], loss: 0.210806
[2023-10-13 18:35:40,170][INFO][clas_trainer:133] - train epoch: 22 [23488/47028 (50%)], lr: ['1.00e-04', '1.00e-04'], loss: 0.158778
[2023-10-13 18:35:50,842][INFO][clas_trainer:133] - train epoch: 22 [28192/47028 (60%)], lr: ['1.00e-04', '1.00e-04'], loss: 0.085334
[2023-10-13 18:36:01,868][INFO][clas_trainer:133] - train epoch: 22 [32896/47028 (70%)], lr: ['1.00e-04', '1.00e-04'], loss: 0.188876
[2023-10-13 18:36:12,661][INFO][clas_trainer:133] - train epoch: 22 [37600/47028 (80%)], lr: ['1.00e-04', '1.00e-04'], loss: 0.190287
[2023-10-13 18:36:23,213][INFO][clas_trainer:133] - train epoch: 22 [42304/47028 (90%)], lr: ['1.00e-04', '1.00e-04'], loss: 0.281866
[2023-10-13 18:36:34,285][INFO][clas_trainer:133] - train epoch: 22 [29380/47028 (100%)], lr: ['1.00e-04', '1.00e-04'], loss: 0.108798
[2023-10-13 18:36:55,762][INFO][clas_trainer:63] - [epoch  22] execution time: 129.13s	metrics:
[2023-10-13 18:36:55,763][INFO][clas_evaluator:99] - dataset: earlystopping, avg f1-score: 0.8120
[2023-10-13 18:36:55,823][INFO][base_model:51] - snapshot saved to ./models/exp001a-m37-base_fe_clas-2023-10-13_14-21-17-final.pth
[2023-10-13 18:37:07,942][INFO][clas_trainer:133] - train epoch: 23 [4672/47028 (10%)], lr: ['1.00e-04', '1.00e-04'], loss: 0.278883
[2023-10-13 18:37:19,637][INFO][clas_trainer:133] - train epoch: 23 [9376/47028 (20%)], lr: ['1.00e-04', '1.00e-04'], loss: 0.235150
[2023-10-13 18:37:30,022][INFO][clas_trainer:133] - train epoch: 23 [14080/47028 (30%)], lr: ['1.00e-04', '1.00e-04'], loss: 0.058381
[2023-10-13 18:37:40,657][INFO][clas_trainer:133] - train epoch: 23 [18784/47028 (40%)], lr: ['1.00e-04', '1.00e-04'], loss: 0.231251
[2023-10-13 18:37:51,805][INFO][clas_trainer:133] - train epoch: 23 [23488/47028 (50%)], lr: ['1.00e-04', '1.00e-04'], loss: 0.110858
[2023-10-13 18:38:03,128][INFO][clas_trainer:133] - train epoch: 23 [28192/47028 (60%)], lr: ['1.00e-04', '1.00e-04'], loss: 0.445492
[2023-10-13 18:38:14,047][INFO][clas_trainer:133] - train epoch: 23 [32896/47028 (70%)], lr: ['1.00e-04', '1.00e-04'], loss: 0.200562
[2023-10-13 18:38:25,180][INFO][clas_trainer:133] - train epoch: 23 [37600/47028 (80%)], lr: ['1.00e-04', '1.00e-04'], loss: 0.403402
[2023-10-13 18:38:35,372][INFO][clas_trainer:133] - train epoch: 23 [42304/47028 (90%)], lr: ['1.00e-04', '1.00e-04'], loss: 0.091618
[2023-10-13 18:38:46,730][INFO][clas_trainer:133] - train epoch: 23 [29380/47028 (100%)], lr: ['1.00e-04', '1.00e-04'], loss: 0.038983
[2023-10-13 18:39:06,846][INFO][clas_trainer:63] - [epoch  23] execution time: 131.02s	metrics:
[2023-10-13 18:39:06,846][INFO][clas_evaluator:99] - dataset: earlystopping, avg f1-score: 0.8154
[2023-10-13 18:39:06,910][INFO][base_model:51] - snapshot saved to ./models/exp001a-m37-base_fe_clas-2023-10-13_14-21-17-final.pth
[2023-10-13 18:39:19,287][INFO][clas_trainer:133] - train epoch: 24 [4672/47028 (10%)], lr: ['1.00e-04', '1.00e-04'], loss: 0.170554
[2023-10-13 18:39:30,416][INFO][clas_trainer:133] - train epoch: 24 [9376/47028 (20%)], lr: ['1.00e-04', '1.00e-04'], loss: 0.308968
[2023-10-13 18:39:41,277][INFO][clas_trainer:133] - train epoch: 24 [14080/47028 (30%)], lr: ['1.00e-04', '1.00e-04'], loss: 0.127392
[2023-10-13 18:39:52,728][INFO][clas_trainer:133] - train epoch: 24 [18784/47028 (40%)], lr: ['1.00e-04', '1.00e-04'], loss: 0.091107
[2023-10-13 18:40:03,316][INFO][clas_trainer:133] - train epoch: 24 [23488/47028 (50%)], lr: ['1.00e-04', '1.00e-04'], loss: 0.133415
[2023-10-13 18:40:13,512][INFO][clas_trainer:133] - train epoch: 24 [28192/47028 (60%)], lr: ['1.00e-04', '1.00e-04'], loss: 0.217065
[2023-10-13 18:40:24,665][INFO][clas_trainer:133] - train epoch: 24 [32896/47028 (70%)], lr: ['1.00e-04', '1.00e-04'], loss: 0.126413
[2023-10-13 18:40:35,916][INFO][clas_trainer:133] - train epoch: 24 [37600/47028 (80%)], lr: ['1.00e-04', '1.00e-04'], loss: 0.363689
[2023-10-13 18:40:46,753][INFO][clas_trainer:133] - train epoch: 24 [42304/47028 (90%)], lr: ['1.00e-04', '1.00e-04'], loss: 0.136654
[2023-10-13 18:40:57,709][INFO][clas_trainer:133] - train epoch: 24 [29380/47028 (100%)], lr: ['1.00e-04', '1.00e-04'], loss: 0.287215
[2023-10-13 18:41:17,694][INFO][clas_trainer:63] - [epoch  24] execution time: 130.78s	metrics:
[2023-10-13 18:41:17,694][INFO][clas_evaluator:99] - dataset: earlystopping, avg f1-score: 0.8185
[2023-10-13 18:41:17,811][INFO][base_model:51] - snapshot saved to ./models/exp001a-m37-base_fe_clas-2023-10-13_14-21-17-final.pth
[2023-10-13 18:41:29,877][INFO][clas_trainer:133] - train epoch: 25 [4672/47028 (10%)], lr: ['1.00e-04', '1.00e-04'], loss: 0.365944
[2023-10-13 18:41:40,934][INFO][clas_trainer:133] - train epoch: 25 [9376/47028 (20%)], lr: ['1.00e-04', '1.00e-04'], loss: 0.112767
[2023-10-13 18:41:52,787][INFO][clas_trainer:133] - train epoch: 25 [14080/47028 (30%)], lr: ['1.00e-04', '1.00e-04'], loss: 0.376928
[2023-10-13 18:42:03,794][INFO][clas_trainer:133] - train epoch: 25 [18784/47028 (40%)], lr: ['1.00e-04', '1.00e-04'], loss: 0.100230
[2023-10-13 18:42:14,924][INFO][clas_trainer:133] - train epoch: 25 [23488/47028 (50%)], lr: ['1.00e-04', '1.00e-04'], loss: 0.104718
[2023-10-13 18:42:26,258][INFO][clas_trainer:133] - train epoch: 25 [28192/47028 (60%)], lr: ['1.00e-04', '1.00e-04'], loss: 0.140155
[2023-10-13 18:42:36,788][INFO][clas_trainer:133] - train epoch: 25 [32896/47028 (70%)], lr: ['1.00e-04', '1.00e-04'], loss: 0.260171
[2023-10-13 18:42:46,863][INFO][clas_trainer:133] - train epoch: 25 [37600/47028 (80%)], lr: ['1.00e-04', '1.00e-04'], loss: 0.020830
[2023-10-13 18:42:56,797][INFO][clas_trainer:133] - train epoch: 25 [42304/47028 (90%)], lr: ['1.00e-04', '1.00e-04'], loss: 0.077304
[2023-10-13 18:43:07,853][INFO][clas_trainer:133] - train epoch: 25 [29380/47028 (100%)], lr: ['1.00e-04', '1.00e-04'], loss: 0.122190
[2023-10-13 18:43:28,847][INFO][clas_trainer:63] - [epoch  25] execution time: 131.04s	metrics:
[2023-10-13 18:43:28,848][INFO][clas_evaluator:99] - dataset: earlystopping, avg f1-score: 0.8040
[2023-10-13 18:43:39,698][INFO][clas_trainer:133] - train epoch: 26 [4672/47028 (10%)], lr: ['1.00e-04', '1.00e-04'], loss: 0.095622
[2023-10-13 18:43:50,691][INFO][clas_trainer:133] - train epoch: 26 [9376/47028 (20%)], lr: ['1.00e-04', '1.00e-04'], loss: 0.069793
[2023-10-13 18:44:02,775][INFO][clas_trainer:133] - train epoch: 26 [14080/47028 (30%)], lr: ['1.00e-04', '1.00e-04'], loss: 0.191106
[2023-10-13 18:44:13,787][INFO][clas_trainer:133] - train epoch: 26 [18784/47028 (40%)], lr: ['1.00e-04', '1.00e-04'], loss: 0.081594
[2023-10-13 18:44:25,113][INFO][clas_trainer:133] - train epoch: 26 [23488/47028 (50%)], lr: ['1.00e-04', '1.00e-04'], loss: 0.177587
[2023-10-13 18:44:36,390][INFO][clas_trainer:133] - train epoch: 26 [28192/47028 (60%)], lr: ['1.00e-04', '1.00e-04'], loss: 0.219885
[2023-10-13 18:44:47,224][INFO][clas_trainer:133] - train epoch: 26 [32896/47028 (70%)], lr: ['1.00e-04', '1.00e-04'], loss: 0.103195
[2023-10-13 18:44:58,596][INFO][clas_trainer:133] - train epoch: 26 [37600/47028 (80%)], lr: ['1.00e-04', '1.00e-04'], loss: 0.119640
[2023-10-13 18:45:09,434][INFO][clas_trainer:133] - train epoch: 26 [42304/47028 (90%)], lr: ['1.00e-04', '1.00e-04'], loss: 0.095984
[2023-10-13 18:45:19,838][INFO][clas_trainer:133] - train epoch: 26 [29380/47028 (100%)], lr: ['1.00e-04', '1.00e-04'], loss: 0.148847
[2023-10-13 18:45:39,454][INFO][clas_trainer:63] - [epoch  26] execution time: 130.61s	metrics:
[2023-10-13 18:45:39,455][INFO][clas_evaluator:99] - dataset: earlystopping, avg f1-score: 0.7946
[2023-10-13 18:45:50,984][INFO][clas_trainer:133] - train epoch: 27 [4672/47028 (10%)], lr: ['1.00e-04', '1.00e-04'], loss: 0.094691
[2023-10-13 18:46:02,445][INFO][clas_trainer:133] - train epoch: 27 [9376/47028 (20%)], lr: ['1.00e-04', '1.00e-04'], loss: 0.318811
[2023-10-13 18:46:14,082][INFO][clas_trainer:133] - train epoch: 27 [14080/47028 (30%)], lr: ['1.00e-04', '1.00e-04'], loss: 0.206940
[2023-10-13 18:46:25,565][INFO][clas_trainer:133] - train epoch: 27 [18784/47028 (40%)], lr: ['1.00e-04', '1.00e-04'], loss: 0.228362
[2023-10-13 18:46:36,982][INFO][clas_trainer:133] - train epoch: 27 [23488/47028 (50%)], lr: ['1.00e-04', '1.00e-04'], loss: 0.188322
[2023-10-13 18:46:47,871][INFO][clas_trainer:133] - train epoch: 27 [28192/47028 (60%)], lr: ['1.00e-04', '1.00e-04'], loss: 0.257673
[2023-10-13 18:46:59,310][INFO][clas_trainer:133] - train epoch: 27 [32896/47028 (70%)], lr: ['1.00e-04', '1.00e-04'], loss: 0.084113
[2023-10-13 18:47:10,528][INFO][clas_trainer:133] - train epoch: 27 [37600/47028 (80%)], lr: ['1.00e-04', '1.00e-04'], loss: 0.157470
[2023-10-13 18:47:21,456][INFO][clas_trainer:133] - train epoch: 27 [42304/47028 (90%)], lr: ['1.00e-04', '1.00e-04'], loss: 0.332076
[2023-10-13 18:47:32,561][INFO][clas_trainer:133] - train epoch: 27 [29380/47028 (100%)], lr: ['1.00e-04', '1.00e-04'], loss: 0.487144
[2023-10-13 18:47:51,500][INFO][clas_trainer:63] - [epoch  27] execution time: 132.05s	metrics:
[2023-10-13 18:47:51,501][INFO][clas_evaluator:99] - dataset: earlystopping, avg f1-score: 0.8135
[2023-10-13 18:48:02,883][INFO][clas_trainer:133] - train epoch: 28 [4672/47028 (10%)], lr: ['1.00e-04', '1.00e-04'], loss: 0.203063
[2023-10-13 18:48:14,568][INFO][clas_trainer:133] - train epoch: 28 [9376/47028 (20%)], lr: ['1.00e-04', '1.00e-04'], loss: 0.055719
[2023-10-13 18:48:26,284][INFO][clas_trainer:133] - train epoch: 28 [14080/47028 (30%)], lr: ['1.00e-04', '1.00e-04'], loss: 0.143617
[2023-10-13 18:48:37,241][INFO][clas_trainer:133] - train epoch: 28 [18784/47028 (40%)], lr: ['1.00e-04', '1.00e-04'], loss: 0.102858
[2023-10-13 18:48:49,200][INFO][clas_trainer:133] - train epoch: 28 [23488/47028 (50%)], lr: ['1.00e-04', '1.00e-04'], loss: 0.018716
[2023-10-13 18:49:00,418][INFO][clas_trainer:133] - train epoch: 28 [28192/47028 (60%)], lr: ['1.00e-04', '1.00e-04'], loss: 0.436939
[2023-10-13 18:49:11,018][INFO][clas_trainer:133] - train epoch: 28 [32896/47028 (70%)], lr: ['1.00e-04', '1.00e-04'], loss: 0.083229
[2023-10-13 18:49:21,942][INFO][clas_trainer:133] - train epoch: 28 [37600/47028 (80%)], lr: ['1.00e-04', '1.00e-04'], loss: 0.153953
[2023-10-13 18:49:32,950][INFO][clas_trainer:133] - train epoch: 28 [42304/47028 (90%)], lr: ['1.00e-04', '1.00e-04'], loss: 0.046927
[2023-10-13 18:49:44,074][INFO][clas_trainer:133] - train epoch: 28 [29380/47028 (100%)], lr: ['1.00e-04', '1.00e-04'], loss: 0.019869
[2023-10-13 18:50:03,214][INFO][clas_trainer:63] - [epoch  28] execution time: 131.71s	metrics:
[2023-10-13 18:50:03,215][INFO][clas_evaluator:99] - dataset: earlystopping, avg f1-score: 0.8050
[2023-10-13 18:50:14,388][INFO][clas_trainer:133] - train epoch: 29 [4672/47028 (10%)], lr: ['1.00e-04', '1.00e-04'], loss: 0.090058
[2023-10-13 18:50:24,710][INFO][clas_trainer:133] - train epoch: 29 [9376/47028 (20%)], lr: ['1.00e-04', '1.00e-04'], loss: 0.103718
[2023-10-13 18:50:35,651][INFO][clas_trainer:133] - train epoch: 29 [14080/47028 (30%)], lr: ['1.00e-04', '1.00e-04'], loss: 0.381931
[2023-10-13 18:50:47,023][INFO][clas_trainer:133] - train epoch: 29 [18784/47028 (40%)], lr: ['1.00e-04', '1.00e-04'], loss: 0.212265
[2023-10-13 18:50:58,838][INFO][clas_trainer:133] - train epoch: 29 [23488/47028 (50%)], lr: ['1.00e-04', '1.00e-04'], loss: 0.171765
[2023-10-13 18:51:09,928][INFO][clas_trainer:133] - train epoch: 29 [28192/47028 (60%)], lr: ['1.00e-04', '1.00e-04'], loss: 0.199315
[2023-10-13 18:51:20,797][INFO][clas_trainer:133] - train epoch: 29 [32896/47028 (70%)], lr: ['1.00e-04', '1.00e-04'], loss: 0.233502
[2023-10-13 18:51:32,147][INFO][clas_trainer:133] - train epoch: 29 [37600/47028 (80%)], lr: ['1.00e-04', '1.00e-04'], loss: 0.057055
[2023-10-13 18:51:43,518][INFO][clas_trainer:133] - train epoch: 29 [42304/47028 (90%)], lr: ['1.00e-04', '1.00e-04'], loss: 0.159358
[2023-10-13 18:51:54,655][INFO][clas_trainer:133] - train epoch: 29 [29380/47028 (100%)], lr: ['1.00e-04', '1.00e-04'], loss: 0.052635
[2023-10-13 18:52:13,493][INFO][clas_trainer:63] - [epoch  29] execution time: 130.28s	metrics:
[2023-10-13 18:52:13,493][INFO][clas_evaluator:99] - dataset: earlystopping, avg f1-score: 0.8175
[2023-10-13 18:52:25,652][INFO][clas_trainer:133] - train epoch: 30 [4672/47028 (10%)], lr: ['1.00e-04', '1.00e-04'], loss: 0.325812
[2023-10-13 18:52:36,505][INFO][clas_trainer:133] - train epoch: 30 [9376/47028 (20%)], lr: ['1.00e-04', '1.00e-04'], loss: 0.143745
[2023-10-13 18:52:46,873][INFO][clas_trainer:133] - train epoch: 30 [14080/47028 (30%)], lr: ['1.00e-04', '1.00e-04'], loss: 0.067824
[2023-10-13 18:52:57,080][INFO][clas_trainer:133] - train epoch: 30 [18784/47028 (40%)], lr: ['1.00e-04', '1.00e-04'], loss: 0.067365
[2023-10-13 18:53:07,416][INFO][clas_trainer:133] - train epoch: 30 [23488/47028 (50%)], lr: ['1.00e-04', '1.00e-04'], loss: 0.049102
[2023-10-13 18:53:18,462][INFO][clas_trainer:133] - train epoch: 30 [28192/47028 (60%)], lr: ['1.00e-04', '1.00e-04'], loss: 0.125808
[2023-10-13 18:53:29,302][INFO][clas_trainer:133] - train epoch: 30 [32896/47028 (70%)], lr: ['1.00e-04', '1.00e-04'], loss: 0.103176
[2023-10-13 18:53:40,281][INFO][clas_trainer:133] - train epoch: 30 [37600/47028 (80%)], lr: ['1.00e-04', '1.00e-04'], loss: 0.236141
[2023-10-13 18:53:50,995][INFO][clas_trainer:133] - train epoch: 30 [42304/47028 (90%)], lr: ['1.00e-04', '1.00e-04'], loss: 0.293738
[2023-10-13 18:54:01,855][INFO][clas_trainer:133] - train epoch: 30 [29380/47028 (100%)], lr: ['1.00e-04', '1.00e-04'], loss: 0.099360
[2023-10-13 18:54:22,243][INFO][clas_trainer:63] - [epoch  30] execution time: 128.75s	metrics:
[2023-10-13 18:54:22,243][INFO][clas_evaluator:99] - dataset: earlystopping, avg f1-score: 0.8066
[2023-10-13 18:54:34,416][INFO][clas_trainer:133] - train epoch: 31 [4672/47028 (10%)], lr: ['1.00e-04', '1.00e-04'], loss: 0.360878
[2023-10-13 18:54:45,970][INFO][clas_trainer:133] - train epoch: 31 [9376/47028 (20%)], lr: ['1.00e-04', '1.00e-04'], loss: 0.180677
[2023-10-13 18:54:57,219][INFO][clas_trainer:133] - train epoch: 31 [14080/47028 (30%)], lr: ['1.00e-04', '1.00e-04'], loss: 0.309824
[2023-10-13 18:55:08,374][INFO][clas_trainer:133] - train epoch: 31 [18784/47028 (40%)], lr: ['1.00e-04', '1.00e-04'], loss: 0.214686
[2023-10-13 18:55:18,622][INFO][clas_trainer:133] - train epoch: 31 [23488/47028 (50%)], lr: ['1.00e-04', '1.00e-04'], loss: 0.058055
[2023-10-13 18:55:29,115][INFO][clas_trainer:133] - train epoch: 31 [28192/47028 (60%)], lr: ['1.00e-04', '1.00e-04'], loss: 0.091721
[2023-10-13 18:55:39,771][INFO][clas_trainer:133] - train epoch: 31 [32896/47028 (70%)], lr: ['1.00e-04', '1.00e-04'], loss: 0.077581
[2023-10-13 18:55:50,796][INFO][clas_trainer:133] - train epoch: 31 [37600/47028 (80%)], lr: ['1.00e-04', '1.00e-04'], loss: 0.070571
[2023-10-13 18:56:01,613][INFO][clas_trainer:133] - train epoch: 31 [42304/47028 (90%)], lr: ['1.00e-04', '1.00e-04'], loss: 0.195396
[2023-10-13 18:56:12,994][INFO][clas_trainer:133] - train epoch: 31 [29380/47028 (100%)], lr: ['1.00e-04', '1.00e-04'], loss: 0.068821
[2023-10-13 18:56:32,690][INFO][clas_trainer:63] - [epoch  31] execution time: 130.45s	metrics:
[2023-10-13 18:56:32,691][INFO][clas_evaluator:99] - dataset: earlystopping, avg f1-score: 0.8061
[2023-10-13 18:56:45,239][INFO][clas_trainer:133] - train epoch: 32 [4672/47028 (10%)], lr: ['1.00e-04', '1.00e-04'], loss: 0.255033
[2023-10-13 18:56:56,308][INFO][clas_trainer:133] - train epoch: 32 [9376/47028 (20%)], lr: ['1.00e-04', '1.00e-04'], loss: 0.072874
[2023-10-13 18:57:07,445][INFO][clas_trainer:133] - train epoch: 32 [14080/47028 (30%)], lr: ['1.00e-04', '1.00e-04'], loss: 0.155974
[2023-10-13 18:57:18,805][INFO][clas_trainer:133] - train epoch: 32 [18784/47028 (40%)], lr: ['1.00e-04', '1.00e-04'], loss: 0.133343
[2023-10-13 18:57:30,653][INFO][clas_trainer:133] - train epoch: 32 [23488/47028 (50%)], lr: ['1.00e-04', '1.00e-04'], loss: 0.234319
[2023-10-13 18:57:40,799][INFO][clas_trainer:133] - train epoch: 32 [28192/47028 (60%)], lr: ['1.00e-04', '1.00e-04'], loss: 0.066347
[2023-10-13 18:57:51,175][INFO][clas_trainer:133] - train epoch: 32 [32896/47028 (70%)], lr: ['1.00e-04', '1.00e-04'], loss: 0.142544
[2023-10-13 18:58:03,783][INFO][clas_trainer:133] - train epoch: 32 [37600/47028 (80%)], lr: ['1.00e-04', '1.00e-04'], loss: 0.233425
[2023-10-13 18:58:14,089][INFO][clas_trainer:133] - train epoch: 32 [42304/47028 (90%)], lr: ['1.00e-04', '1.00e-04'], loss: 0.015961
[2023-10-13 18:58:24,954][INFO][clas_trainer:133] - train epoch: 32 [29380/47028 (100%)], lr: ['1.00e-04', '1.00e-04'], loss: 0.328571
[2023-10-13 18:58:45,263][INFO][clas_trainer:63] - [epoch  32] execution time: 132.57s	metrics:
[2023-10-13 18:58:45,264][INFO][clas_evaluator:99] - dataset: earlystopping, avg f1-score: 0.8067
[2023-10-13 18:58:57,088][INFO][clas_trainer:133] - train epoch: 33 [4672/47028 (10%)], lr: ['1.00e-04', '1.00e-04'], loss: 0.165435
[2023-10-13 18:59:08,204][INFO][clas_trainer:133] - train epoch: 33 [9376/47028 (20%)], lr: ['1.00e-04', '1.00e-04'], loss: 0.260870
[2023-10-13 18:59:19,306][INFO][clas_trainer:133] - train epoch: 33 [14080/47028 (30%)], lr: ['1.00e-04', '1.00e-04'], loss: 0.243720
[2023-10-13 18:59:30,925][INFO][clas_trainer:133] - train epoch: 33 [18784/47028 (40%)], lr: ['1.00e-04', '1.00e-04'], loss: 0.248882
[2023-10-13 18:59:42,384][INFO][clas_trainer:133] - train epoch: 33 [23488/47028 (50%)], lr: ['1.00e-04', '1.00e-04'], loss: 0.166655
[2023-10-13 18:59:53,827][INFO][clas_trainer:133] - train epoch: 33 [28192/47028 (60%)], lr: ['1.00e-04', '1.00e-04'], loss: 0.086994
[2023-10-13 19:00:05,508][INFO][clas_trainer:133] - train epoch: 33 [32896/47028 (70%)], lr: ['1.00e-04', '1.00e-04'], loss: 0.167623
[2023-10-13 19:00:15,952][INFO][clas_trainer:133] - train epoch: 33 [37600/47028 (80%)], lr: ['1.00e-04', '1.00e-04'], loss: 0.104022
[2023-10-13 19:00:25,740][INFO][clas_trainer:133] - train epoch: 33 [42304/47028 (90%)], lr: ['1.00e-04', '1.00e-04'], loss: 0.040910
[2023-10-13 19:00:35,617][INFO][clas_trainer:133] - train epoch: 33 [29380/47028 (100%)], lr: ['1.00e-04', '1.00e-04'], loss: 0.178890
[2023-10-13 19:00:55,429][INFO][clas_trainer:63] - [epoch  33] execution time: 130.17s	metrics:
[2023-10-13 19:00:55,429][INFO][clas_evaluator:99] - dataset: earlystopping, avg f1-score: 0.8276
[2023-10-13 19:00:55,488][INFO][base_model:51] - snapshot saved to ./models/exp001a-m37-base_fe_clas-2023-10-13_14-21-17-final.pth
[2023-10-13 19:01:07,438][INFO][clas_trainer:133] - train epoch: 34 [4672/47028 (10%)], lr: ['1.00e-04', '1.00e-04'], loss: 0.159910
[2023-10-13 19:01:18,145][INFO][clas_trainer:133] - train epoch: 34 [9376/47028 (20%)], lr: ['1.00e-04', '1.00e-04'], loss: 0.127180
[2023-10-13 19:01:29,603][INFO][clas_trainer:133] - train epoch: 34 [14080/47028 (30%)], lr: ['1.00e-04', '1.00e-04'], loss: 0.063059
[2023-10-13 19:01:40,121][INFO][clas_trainer:133] - train epoch: 34 [18784/47028 (40%)], lr: ['1.00e-04', '1.00e-04'], loss: 0.152534
[2023-10-13 19:01:51,623][INFO][clas_trainer:133] - train epoch: 34 [23488/47028 (50%)], lr: ['1.00e-04', '1.00e-04'], loss: 0.142157
[2023-10-13 19:02:02,475][INFO][clas_trainer:133] - train epoch: 34 [28192/47028 (60%)], lr: ['1.00e-04', '1.00e-04'], loss: 0.047560
[2023-10-13 19:02:13,728][INFO][clas_trainer:133] - train epoch: 34 [32896/47028 (70%)], lr: ['1.00e-04', '1.00e-04'], loss: 0.088624
[2023-10-13 19:02:25,558][INFO][clas_trainer:133] - train epoch: 34 [37600/47028 (80%)], lr: ['1.00e-04', '1.00e-04'], loss: 0.037957
[2023-10-13 19:02:37,240][INFO][clas_trainer:133] - train epoch: 34 [42304/47028 (90%)], lr: ['1.00e-04', '1.00e-04'], loss: 0.187583
[2023-10-13 19:02:47,940][INFO][clas_trainer:133] - train epoch: 34 [29380/47028 (100%)], lr: ['1.00e-04', '1.00e-04'], loss: 0.366414
[2023-10-13 19:03:07,104][INFO][clas_trainer:63] - [epoch  34] execution time: 131.62s	metrics:
[2023-10-13 19:03:07,104][INFO][clas_evaluator:99] - dataset: earlystopping, avg f1-score: 0.8206
[2023-10-13 19:03:19,602][INFO][clas_trainer:133] - train epoch: 35 [4672/47028 (10%)], lr: ['1.00e-04', '1.00e-04'], loss: 0.076004
[2023-10-13 19:03:30,650][INFO][clas_trainer:133] - train epoch: 35 [9376/47028 (20%)], lr: ['1.00e-04', '1.00e-04'], loss: 0.129863
[2023-10-13 19:03:42,762][INFO][clas_trainer:133] - train epoch: 35 [14080/47028 (30%)], lr: ['1.00e-04', '1.00e-04'], loss: 0.016346
[2023-10-13 19:03:54,197][INFO][clas_trainer:133] - train epoch: 35 [18784/47028 (40%)], lr: ['1.00e-04', '1.00e-04'], loss: 0.070565
[2023-10-13 19:04:05,286][INFO][clas_trainer:133] - train epoch: 35 [23488/47028 (50%)], lr: ['1.00e-04', '1.00e-04'], loss: 0.265345
[2023-10-13 19:04:17,120][INFO][clas_trainer:133] - train epoch: 35 [28192/47028 (60%)], lr: ['1.00e-04', '1.00e-04'], loss: 0.329969
[2023-10-13 19:04:28,302][INFO][clas_trainer:133] - train epoch: 35 [32896/47028 (70%)], lr: ['1.00e-04', '1.00e-04'], loss: 0.127481
[2023-10-13 19:04:39,835][INFO][clas_trainer:133] - train epoch: 35 [37600/47028 (80%)], lr: ['1.00e-04', '1.00e-04'], loss: 0.125332
[2023-10-13 19:04:51,190][INFO][clas_trainer:133] - train epoch: 35 [42304/47028 (90%)], lr: ['1.00e-04', '1.00e-04'], loss: 0.172381
[2023-10-13 19:05:03,102][INFO][clas_trainer:133] - train epoch: 35 [29380/47028 (100%)], lr: ['1.00e-04', '1.00e-04'], loss: 0.167884
[2023-10-13 19:05:21,891][INFO][clas_trainer:63] - [epoch  35] execution time: 134.79s	metrics:
[2023-10-13 19:05:21,891][INFO][clas_evaluator:99] - dataset: earlystopping, avg f1-score: 0.8175
[2023-10-13 19:05:33,441][INFO][clas_trainer:133] - train epoch: 36 [4672/47028 (10%)], lr: ['1.00e-04', '1.00e-04'], loss: 0.013654
[2023-10-13 19:05:43,596][INFO][clas_trainer:133] - train epoch: 36 [9376/47028 (20%)], lr: ['1.00e-04', '1.00e-04'], loss: 0.142448
[2023-10-13 19:05:53,656][INFO][clas_trainer:133] - train epoch: 36 [14080/47028 (30%)], lr: ['1.00e-04', '1.00e-04'], loss: 0.105685
[2023-10-13 19:06:04,366][INFO][clas_trainer:133] - train epoch: 36 [18784/47028 (40%)], lr: ['1.00e-04', '1.00e-04'], loss: 0.114093
[2023-10-13 19:06:15,666][INFO][clas_trainer:133] - train epoch: 36 [23488/47028 (50%)], lr: ['1.00e-04', '1.00e-04'], loss: 0.034657
[2023-10-13 19:06:26,853][INFO][clas_trainer:133] - train epoch: 36 [28192/47028 (60%)], lr: ['1.00e-04', '1.00e-04'], loss: 0.030960
[2023-10-13 19:06:39,462][INFO][clas_trainer:133] - train epoch: 36 [32896/47028 (70%)], lr: ['1.00e-04', '1.00e-04'], loss: 0.108912
[2023-10-13 19:06:50,666][INFO][clas_trainer:133] - train epoch: 36 [37600/47028 (80%)], lr: ['1.00e-04', '1.00e-04'], loss: 0.199662
[2023-10-13 19:07:01,544][INFO][clas_trainer:133] - train epoch: 36 [42304/47028 (90%)], lr: ['1.00e-04', '1.00e-04'], loss: 0.143754
[2023-10-13 19:07:13,261][INFO][clas_trainer:133] - train epoch: 36 [29380/47028 (100%)], lr: ['1.00e-04', '1.00e-04'], loss: 0.155808
[2023-10-13 19:07:31,937][INFO][clas_trainer:63] - [epoch  36] execution time: 130.05s	metrics:
[2023-10-13 19:07:31,938][INFO][clas_evaluator:99] - dataset: earlystopping, avg f1-score: 0.8216
[2023-10-13 19:07:43,866][INFO][clas_trainer:133] - train epoch: 37 [4672/47028 (10%)], lr: ['1.00e-04', '1.00e-04'], loss: 0.051446
[2023-10-13 19:07:53,714][INFO][clas_trainer:133] - train epoch: 37 [9376/47028 (20%)], lr: ['1.00e-04', '1.00e-04'], loss: 0.140252
[2023-10-13 19:08:04,340][INFO][clas_trainer:133] - train epoch: 37 [14080/47028 (30%)], lr: ['1.00e-04', '1.00e-04'], loss: 0.117828
[2023-10-13 19:08:14,627][INFO][clas_trainer:133] - train epoch: 37 [18784/47028 (40%)], lr: ['1.00e-04', '1.00e-04'], loss: 0.054042
[2023-10-13 19:08:25,837][INFO][clas_trainer:133] - train epoch: 37 [23488/47028 (50%)], lr: ['1.00e-04', '1.00e-04'], loss: 0.021637
[2023-10-13 19:08:37,590][INFO][clas_trainer:133] - train epoch: 37 [28192/47028 (60%)], lr: ['1.00e-04', '1.00e-04'], loss: 0.059008
[2023-10-13 19:08:48,214][INFO][clas_trainer:133] - train epoch: 37 [32896/47028 (70%)], lr: ['1.00e-04', '1.00e-04'], loss: 0.123687
[2023-10-13 19:08:59,619][INFO][clas_trainer:133] - train epoch: 37 [37600/47028 (80%)], lr: ['1.00e-04', '1.00e-04'], loss: 0.244487
[2023-10-13 19:09:10,305][INFO][clas_trainer:133] - train epoch: 37 [42304/47028 (90%)], lr: ['1.00e-04', '1.00e-04'], loss: 0.209912
[2023-10-13 19:09:21,294][INFO][clas_trainer:133] - train epoch: 37 [29380/47028 (100%)], lr: ['1.00e-04', '1.00e-04'], loss: 0.272551
[2023-10-13 19:09:41,858][INFO][clas_trainer:63] - [epoch  37] execution time: 129.92s	metrics:
[2023-10-13 19:09:41,858][INFO][clas_evaluator:99] - dataset: earlystopping, avg f1-score: 0.8156
[2023-10-13 19:09:53,603][INFO][clas_trainer:133] - train epoch: 38 [4672/47028 (10%)], lr: ['1.00e-04', '1.00e-04'], loss: 0.161713
[2023-10-13 19:10:04,943][INFO][clas_trainer:133] - train epoch: 38 [9376/47028 (20%)], lr: ['1.00e-04', '1.00e-04'], loss: 0.024659
[2023-10-13 19:10:15,204][INFO][clas_trainer:133] - train epoch: 38 [14080/47028 (30%)], lr: ['1.00e-04', '1.00e-04'], loss: 0.069509
[2023-10-13 19:10:25,600][INFO][clas_trainer:133] - train epoch: 38 [18784/47028 (40%)], lr: ['1.00e-04', '1.00e-04'], loss: 0.042950
[2023-10-13 19:10:36,420][INFO][clas_trainer:133] - train epoch: 38 [23488/47028 (50%)], lr: ['1.00e-04', '1.00e-04'], loss: 0.247461
[2023-10-13 19:10:46,956][INFO][clas_trainer:133] - train epoch: 38 [28192/47028 (60%)], lr: ['1.00e-04', '1.00e-04'], loss: 0.096876
[2023-10-13 19:10:57,691][INFO][clas_trainer:133] - train epoch: 38 [32896/47028 (70%)], lr: ['1.00e-04', '1.00e-04'], loss: 0.263719
[2023-10-13 19:11:09,146][INFO][clas_trainer:133] - train epoch: 38 [37600/47028 (80%)], lr: ['1.00e-04', '1.00e-04'], loss: 0.027466
[2023-10-13 19:11:21,503][INFO][clas_trainer:133] - train epoch: 38 [42304/47028 (90%)], lr: ['1.00e-04', '1.00e-04'], loss: 0.116313
[2023-10-13 19:11:32,983][INFO][clas_trainer:133] - train epoch: 38 [29380/47028 (100%)], lr: ['1.00e-04', '1.00e-04'], loss: 0.117197
[2023-10-13 19:11:54,011][INFO][clas_trainer:63] - [epoch  38] execution time: 132.15s	metrics:
[2023-10-13 19:11:54,011][INFO][clas_evaluator:99] - dataset: earlystopping, avg f1-score: 0.8133
[2023-10-13 19:12:06,158][INFO][clas_trainer:133] - train epoch: 39 [4672/47028 (10%)], lr: ['1.00e-04', '1.00e-04'], loss: 0.150205
[2023-10-13 19:12:17,682][INFO][clas_trainer:133] - train epoch: 39 [9376/47028 (20%)], lr: ['1.00e-04', '1.00e-04'], loss: 0.113613
[2023-10-13 19:12:29,184][INFO][clas_trainer:133] - train epoch: 39 [14080/47028 (30%)], lr: ['1.00e-04', '1.00e-04'], loss: 0.045030
[2023-10-13 19:12:39,372][INFO][clas_trainer:133] - train epoch: 39 [18784/47028 (40%)], lr: ['1.00e-04', '1.00e-04'], loss: 0.190771
[2023-10-13 19:12:50,272][INFO][clas_trainer:133] - train epoch: 39 [23488/47028 (50%)], lr: ['1.00e-04', '1.00e-04'], loss: 0.104594
[2023-10-13 19:13:01,122][INFO][clas_trainer:133] - train epoch: 39 [28192/47028 (60%)], lr: ['1.00e-04', '1.00e-04'], loss: 0.010214
[2023-10-13 19:13:12,197][INFO][clas_trainer:133] - train epoch: 39 [32896/47028 (70%)], lr: ['1.00e-04', '1.00e-04'], loss: 0.104861
[2023-10-13 19:13:24,556][INFO][clas_trainer:133] - train epoch: 39 [37600/47028 (80%)], lr: ['1.00e-04', '1.00e-04'], loss: 0.039381
[2023-10-13 19:13:36,506][INFO][clas_trainer:133] - train epoch: 39 [42304/47028 (90%)], lr: ['1.00e-04', '1.00e-04'], loss: 0.055003
[2023-10-13 19:13:48,051][INFO][clas_trainer:133] - train epoch: 39 [29380/47028 (100%)], lr: ['1.00e-04', '1.00e-04'], loss: 0.276607
[2023-10-13 19:14:09,758][INFO][clas_trainer:63] - [epoch  39] execution time: 135.75s	metrics:
[2023-10-13 19:14:09,759][INFO][clas_evaluator:99] - dataset: earlystopping, avg f1-score: 0.8245
[2023-10-13 19:14:22,150][INFO][clas_trainer:133] - train epoch: 40 [4672/47028 (10%)], lr: ['1.00e-04', '1.00e-04'], loss: 0.070325
[2023-10-13 19:14:34,029][INFO][clas_trainer:133] - train epoch: 40 [9376/47028 (20%)], lr: ['1.00e-04', '1.00e-04'], loss: 0.086695
[2023-10-13 19:14:45,638][INFO][clas_trainer:133] - train epoch: 40 [14080/47028 (30%)], lr: ['1.00e-04', '1.00e-04'], loss: 0.078731
[2023-10-13 19:14:56,967][INFO][clas_trainer:133] - train epoch: 40 [18784/47028 (40%)], lr: ['1.00e-04', '1.00e-04'], loss: 0.079185
[2023-10-13 19:15:07,952][INFO][clas_trainer:133] - train epoch: 40 [23488/47028 (50%)], lr: ['1.00e-04', '1.00e-04'], loss: 0.050730
[2023-10-13 19:15:18,193][INFO][clas_trainer:133] - train epoch: 40 [28192/47028 (60%)], lr: ['1.00e-04', '1.00e-04'], loss: 0.235213
[2023-10-13 19:15:29,370][INFO][clas_trainer:133] - train epoch: 40 [32896/47028 (70%)], lr: ['1.00e-04', '1.00e-04'], loss: 0.142580
[2023-10-13 19:15:41,188][INFO][clas_trainer:133] - train epoch: 40 [37600/47028 (80%)], lr: ['1.00e-04', '1.00e-04'], loss: 0.055117
[2023-10-13 19:15:53,581][INFO][clas_trainer:133] - train epoch: 40 [42304/47028 (90%)], lr: ['1.00e-04', '1.00e-04'], loss: 0.063516
[2023-10-13 19:16:05,249][INFO][clas_trainer:133] - train epoch: 40 [29380/47028 (100%)], lr: ['1.00e-04', '1.00e-04'], loss: 0.018110
[2023-10-13 19:16:26,325][INFO][clas_trainer:63] - [epoch  40] execution time: 136.57s	metrics:
[2023-10-13 19:16:26,326][INFO][clas_evaluator:99] - dataset: earlystopping, avg f1-score: 0.8231
[2023-10-13 19:16:38,074][INFO][clas_trainer:133] - train epoch: 41 [4672/47028 (10%)], lr: ['1.00e-04', '1.00e-04'], loss: 0.060790
[2023-10-13 19:16:48,780][INFO][clas_trainer:133] - train epoch: 41 [9376/47028 (20%)], lr: ['1.00e-04', '1.00e-04'], loss: 0.178503
[2023-10-13 19:16:59,526][INFO][clas_trainer:133] - train epoch: 41 [14080/47028 (30%)], lr: ['1.00e-04', '1.00e-04'], loss: 0.191557
[2023-10-13 19:17:09,757][INFO][clas_trainer:133] - train epoch: 41 [18784/47028 (40%)], lr: ['1.00e-04', '1.00e-04'], loss: 0.242589
[2023-10-13 19:17:20,629][INFO][clas_trainer:133] - train epoch: 41 [23488/47028 (50%)], lr: ['1.00e-04', '1.00e-04'], loss: 0.258062
[2023-10-13 19:17:31,609][INFO][clas_trainer:133] - train epoch: 41 [28192/47028 (60%)], lr: ['1.00e-04', '1.00e-04'], loss: 0.095638
[2023-10-13 19:17:41,691][INFO][clas_trainer:133] - train epoch: 41 [32896/47028 (70%)], lr: ['1.00e-04', '1.00e-04'], loss: 0.097965
[2023-10-13 19:17:52,939][INFO][clas_trainer:133] - train epoch: 41 [37600/47028 (80%)], lr: ['1.00e-04', '1.00e-04'], loss: 0.108193
[2023-10-13 19:18:05,001][INFO][clas_trainer:133] - train epoch: 41 [42304/47028 (90%)], lr: ['1.00e-04', '1.00e-04'], loss: 0.352218
[2023-10-13 19:18:16,073][INFO][clas_trainer:133] - train epoch: 41 [29380/47028 (100%)], lr: ['1.00e-04', '1.00e-04'], loss: 0.105056
[2023-10-13 19:18:36,726][INFO][clas_trainer:63] - [epoch  41] execution time: 130.40s	metrics:
[2023-10-13 19:18:36,726][INFO][clas_evaluator:99] - dataset: earlystopping, avg f1-score: 0.8207
[2023-10-13 19:18:48,793][INFO][clas_trainer:133] - train epoch: 42 [4672/47028 (10%)], lr: ['1.00e-04', '1.00e-04'], loss: 0.080071
[2023-10-13 19:18:59,708][INFO][clas_trainer:133] - train epoch: 42 [9376/47028 (20%)], lr: ['1.00e-04', '1.00e-04'], loss: 0.062473
[2023-10-13 19:19:10,508][INFO][clas_trainer:133] - train epoch: 42 [14080/47028 (30%)], lr: ['1.00e-04', '1.00e-04'], loss: 0.033626
[2023-10-13 19:19:21,856][INFO][clas_trainer:133] - train epoch: 42 [18784/47028 (40%)], lr: ['1.00e-04', '1.00e-04'], loss: 0.053179
[2023-10-13 19:19:33,084][INFO][clas_trainer:133] - train epoch: 42 [23488/47028 (50%)], lr: ['1.00e-04', '1.00e-04'], loss: 0.187639
[2023-10-13 19:19:44,230][INFO][clas_trainer:133] - train epoch: 42 [28192/47028 (60%)], lr: ['1.00e-04', '1.00e-04'], loss: 0.194476
[2023-10-13 19:19:54,713][INFO][clas_trainer:133] - train epoch: 42 [32896/47028 (70%)], lr: ['1.00e-04', '1.00e-04'], loss: 0.124099
[2023-10-13 19:20:05,764][INFO][clas_trainer:133] - train epoch: 42 [37600/47028 (80%)], lr: ['1.00e-04', '1.00e-04'], loss: 0.079157
[2023-10-13 19:20:17,461][INFO][clas_trainer:133] - train epoch: 42 [42304/47028 (90%)], lr: ['1.00e-04', '1.00e-04'], loss: 0.043177
[2023-10-13 19:20:28,548][INFO][clas_trainer:133] - train epoch: 42 [29380/47028 (100%)], lr: ['1.00e-04', '1.00e-04'], loss: 0.186661
[2023-10-13 19:20:49,365][INFO][clas_trainer:63] - [epoch  42] execution time: 132.64s	metrics:
[2023-10-13 19:20:49,365][INFO][clas_evaluator:99] - dataset: earlystopping, avg f1-score: 0.8213
[2023-10-13 19:21:01,008][INFO][clas_trainer:133] - train epoch: 43 [4672/47028 (10%)], lr: ['1.00e-04', '1.00e-04'], loss: 0.101377
[2023-10-13 19:21:11,996][INFO][clas_trainer:133] - train epoch: 43 [9376/47028 (20%)], lr: ['1.00e-04', '1.00e-04'], loss: 0.234548
[2023-10-13 19:21:23,639][INFO][clas_trainer:133] - train epoch: 43 [14080/47028 (30%)], lr: ['1.00e-04', '1.00e-04'], loss: 0.021347
[2023-10-13 19:21:35,853][INFO][clas_trainer:133] - train epoch: 43 [18784/47028 (40%)], lr: ['1.00e-04', '1.00e-04'], loss: 0.043946
[2023-10-13 19:21:47,639][INFO][clas_trainer:133] - train epoch: 43 [23488/47028 (50%)], lr: ['1.00e-04', '1.00e-04'], loss: 0.022345
[2023-10-13 19:21:59,727][INFO][clas_trainer:133] - train epoch: 43 [28192/47028 (60%)], lr: ['1.00e-04', '1.00e-04'], loss: 0.222657
[2023-10-13 19:22:11,312][INFO][clas_trainer:133] - train epoch: 43 [32896/47028 (70%)], lr: ['1.00e-04', '1.00e-04'], loss: 0.085895
[2023-10-13 19:22:23,095][INFO][clas_trainer:133] - train epoch: 43 [37600/47028 (80%)], lr: ['1.00e-04', '1.00e-04'], loss: 0.140684
[2023-10-13 19:22:34,378][INFO][clas_trainer:133] - train epoch: 43 [42304/47028 (90%)], lr: ['1.00e-04', '1.00e-04'], loss: 0.136129
[2023-10-13 19:22:45,845][INFO][clas_trainer:133] - train epoch: 43 [29380/47028 (100%)], lr: ['1.00e-04', '1.00e-04'], loss: 0.277661
[2023-10-13 19:23:07,006][INFO][clas_trainer:63] - [epoch  43] execution time: 137.64s	metrics:
[2023-10-13 19:23:07,007][INFO][clas_evaluator:99] - dataset: earlystopping, avg f1-score: 0.8225
[2023-10-13 19:23:07,023][INFO][clas_trainer:79] - finished training
[2023-10-13 19:23:07,024][INFO][clas_trainer:80] - best model on epoch: 33 	f1-score: 0.8276
