[2023-11-11 03:29:04,736][INFO][pretrain_and_fine-tune:25] - Using GPU 0
[2023-11-11 03:29:04,739][INFO][pretrain_and_fine-tune:35] - overrides:
hydra:
- hydra.launcher.n_jobs=20
- hydra.mode=MULTIRUN
task:
- m_seed_path_sids={seeds:[6,6,6,6,6],subject_ids:{dod_o_h:$\{data.dod_o_h.cv_5_fold.fold_2\}}}
- data.pretraining.train_dataloader.dataset.n_samples=100000
- general.gpus=[0,1]

[2023-11-11 03:29:28,679][INFO][freq_trainer:43] - metrics before training (epoch 0):
[2023-11-11 03:29:30,302][INFO][freq_evaluator:47] - dataset: valid_pretraining, acc: 0.000, hamming: 0.495
[2023-11-11 03:29:37,772][INFO][freq_trainer:114] - train epoch: 1 [9920/100000 (10%)], lr: ['1.00e-04'], loss: 1.113171
[2023-11-11 03:29:44,506][INFO][freq_trainer:114] - train epoch: 1 [19904/100000 (20%)], lr: ['1.00e-04'], loss: 0.768641
[2023-11-11 03:29:50,506][INFO][freq_trainer:114] - train epoch: 1 [29888/100000 (30%)], lr: ['1.00e-04'], loss: 0.719831
[2023-11-11 03:29:56,949][INFO][freq_trainer:114] - train epoch: 1 [39872/100000 (40%)], lr: ['1.00e-04'], loss: 0.721483
[2023-11-11 03:30:03,379][INFO][freq_trainer:114] - train epoch: 1 [49856/100000 (50%)], lr: ['1.00e-04'], loss: 0.708024
[2023-11-11 03:30:10,105][INFO][freq_trainer:114] - train epoch: 1 [59840/100000 (60%)], lr: ['1.00e-04'], loss: 0.696487
[2023-11-11 03:30:16,415][INFO][freq_trainer:114] - train epoch: 1 [69824/100000 (70%)], lr: ['1.00e-04'], loss: 0.707658
[2023-11-11 03:30:22,836][INFO][freq_trainer:114] - train epoch: 1 [79808/100000 (80%)], lr: ['1.00e-04'], loss: 0.699462
[2023-11-11 03:30:29,794][INFO][freq_trainer:114] - train epoch: 1 [89792/100000 (90%)], lr: ['1.00e-04'], loss: 0.701754
[2023-11-11 03:30:35,984][INFO][freq_trainer:114] - train epoch: 1 [99776/100000 (100%)], lr: ['1.00e-04'], loss: 0.692291
[2023-11-11 03:30:38,587][INFO][freq_trainer:57] - [epoch   1] execution time: 68.28s	metrics:
[2023-11-11 03:30:38,593][INFO][freq_evaluator:47] - dataset: valid_pretraining, acc: 0.000, hamming: 0.480
[2023-11-11 03:30:38,768][INFO][base_model:51] - snapshot saved to ./models/exp007a-m26-simple_multi_class-2023-11-11_02-19-07-final.pth
[2023-11-11 03:30:46,021][INFO][freq_trainer:114] - train epoch: 2 [9920/100000 (10%)], lr: ['1.00e-04'], loss: 0.692217
[2023-11-11 03:30:51,976][INFO][freq_trainer:114] - train epoch: 2 [19904/100000 (20%)], lr: ['1.00e-04'], loss: 0.687041
[2023-11-11 03:30:57,882][INFO][freq_trainer:114] - train epoch: 2 [29888/100000 (30%)], lr: ['1.00e-04'], loss: 0.690517
[2023-11-11 03:31:03,979][INFO][freq_trainer:114] - train epoch: 2 [39872/100000 (40%)], lr: ['1.00e-04'], loss: 0.691689
[2023-11-11 03:31:09,889][INFO][freq_trainer:114] - train epoch: 2 [49856/100000 (50%)], lr: ['1.00e-04'], loss: 0.693107
[2023-11-11 03:31:16,245][INFO][freq_trainer:114] - train epoch: 2 [59840/100000 (60%)], lr: ['1.00e-04'], loss: 0.698869
[2023-11-11 03:31:22,521][INFO][freq_trainer:114] - train epoch: 2 [69824/100000 (70%)], lr: ['1.00e-04'], loss: 0.693747
[2023-11-11 03:31:28,806][INFO][freq_trainer:114] - train epoch: 2 [79808/100000 (80%)], lr: ['1.00e-04'], loss: 0.690799
[2023-11-11 03:31:35,670][INFO][freq_trainer:114] - train epoch: 2 [89792/100000 (90%)], lr: ['1.00e-04'], loss: 0.696112
[2023-11-11 03:31:41,472][INFO][freq_trainer:114] - train epoch: 2 [99776/100000 (100%)], lr: ['1.00e-04'], loss: 0.690688
[2023-11-11 03:31:43,743][INFO][freq_trainer:57] - [epoch   2] execution time: 64.97s	metrics:
[2023-11-11 03:31:43,743][INFO][freq_evaluator:47] - dataset: valid_pretraining, acc: 0.000, hamming: 0.480
[2023-11-11 03:31:43,773][INFO][base_model:51] - snapshot saved to ./models/exp007a-m26-simple_multi_class-2023-11-11_02-19-07-final.pth
[2023-11-11 03:31:50,350][INFO][freq_trainer:114] - train epoch: 3 [9920/100000 (10%)], lr: ['1.00e-04'], loss: 0.691323
[2023-11-11 03:31:56,217][INFO][freq_trainer:114] - train epoch: 3 [19904/100000 (20%)], lr: ['1.00e-04'], loss: 0.688727
[2023-11-11 03:32:02,302][INFO][freq_trainer:114] - train epoch: 3 [29888/100000 (30%)], lr: ['1.00e-04'], loss: 0.698112
[2023-11-11 03:32:08,032][INFO][freq_trainer:114] - train epoch: 3 [39872/100000 (40%)], lr: ['1.00e-04'], loss: 0.685440
[2023-11-11 03:32:14,064][INFO][freq_trainer:114] - train epoch: 3 [49856/100000 (50%)], lr: ['1.00e-04'], loss: 0.692385
[2023-11-11 03:32:20,218][INFO][freq_trainer:114] - train epoch: 3 [59840/100000 (60%)], lr: ['1.00e-04'], loss: 0.695028
[2023-11-11 03:32:26,624][INFO][freq_trainer:114] - train epoch: 3 [69824/100000 (70%)], lr: ['1.00e-04'], loss: 0.691214
[2023-11-11 03:32:33,006][INFO][freq_trainer:114] - train epoch: 3 [79808/100000 (80%)], lr: ['1.00e-04'], loss: 0.694115
[2023-11-11 03:32:39,750][INFO][freq_trainer:114] - train epoch: 3 [89792/100000 (90%)], lr: ['1.00e-04'], loss: 0.694604
[2023-11-11 03:32:46,206][INFO][freq_trainer:114] - train epoch: 3 [99776/100000 (100%)], lr: ['1.00e-04'], loss: 0.695468
[2023-11-11 03:32:48,427][INFO][freq_trainer:57] - [epoch   3] execution time: 64.65s	metrics:
[2023-11-11 03:32:48,428][INFO][freq_evaluator:47] - dataset: valid_pretraining, acc: 0.000, hamming: 0.480
[2023-11-11 03:32:48,461][INFO][base_model:51] - snapshot saved to ./models/exp007a-m26-simple_multi_class-2023-11-11_02-19-07-final.pth
[2023-11-11 03:32:55,044][INFO][freq_trainer:114] - train epoch: 4 [9920/100000 (10%)], lr: ['1.00e-04'], loss: 0.695936
[2023-11-11 03:33:01,577][INFO][freq_trainer:114] - train epoch: 4 [19904/100000 (20%)], lr: ['1.00e-04'], loss: 0.691266
[2023-11-11 03:33:08,008][INFO][freq_trainer:114] - train epoch: 4 [29888/100000 (30%)], lr: ['1.00e-04'], loss: 0.691532
[2023-11-11 03:33:14,318][INFO][freq_trainer:114] - train epoch: 4 [39872/100000 (40%)], lr: ['1.00e-04'], loss: 0.694234
[2023-11-11 03:33:20,431][INFO][freq_trainer:114] - train epoch: 4 [49856/100000 (50%)], lr: ['1.00e-04'], loss: 0.690146
[2023-11-11 03:33:27,639][INFO][freq_trainer:114] - train epoch: 4 [59840/100000 (60%)], lr: ['1.00e-04'], loss: 0.691788
[2023-11-11 03:33:35,001][INFO][freq_trainer:114] - train epoch: 4 [69824/100000 (70%)], lr: ['1.00e-04'], loss: 0.695616
[2023-11-11 03:33:41,490][INFO][freq_trainer:114] - train epoch: 4 [79808/100000 (80%)], lr: ['1.00e-04'], loss: 0.699301
[2023-11-11 03:33:48,370][INFO][freq_trainer:114] - train epoch: 4 [89792/100000 (90%)], lr: ['1.00e-04'], loss: 0.692757
[2023-11-11 03:33:54,722][INFO][freq_trainer:114] - train epoch: 4 [99776/100000 (100%)], lr: ['1.00e-04'], loss: 0.691060
[2023-11-11 03:33:57,077][INFO][freq_trainer:57] - [epoch   4] execution time: 68.62s	metrics:
[2023-11-11 03:33:57,077][INFO][freq_evaluator:47] - dataset: valid_pretraining, acc: 0.000, hamming: 0.480
[2023-11-11 03:33:57,167][INFO][base_model:51] - snapshot saved to ./models/exp007a-m26-simple_multi_class-2023-11-11_02-19-07-final.pth
[2023-11-11 03:34:04,158][INFO][freq_trainer:114] - train epoch: 5 [9920/100000 (10%)], lr: ['1.00e-04'], loss: 0.693397
[2023-11-11 03:34:11,271][INFO][freq_trainer:114] - train epoch: 5 [19904/100000 (20%)], lr: ['1.00e-04'], loss: 0.693050
[2023-11-11 03:34:18,054][INFO][freq_trainer:114] - train epoch: 5 [29888/100000 (30%)], lr: ['1.00e-04'], loss: 0.693695
[2023-11-11 03:34:25,005][INFO][freq_trainer:114] - train epoch: 5 [39872/100000 (40%)], lr: ['1.00e-04'], loss: 0.689440
[2023-11-11 03:34:31,754][INFO][freq_trainer:114] - train epoch: 5 [49856/100000 (50%)], lr: ['1.00e-04'], loss: 0.692290
[2023-11-11 03:34:38,628][INFO][freq_trainer:114] - train epoch: 5 [59840/100000 (60%)], lr: ['1.00e-04'], loss: 0.693162
[2023-11-11 03:34:45,398][INFO][freq_trainer:114] - train epoch: 5 [69824/100000 (70%)], lr: ['1.00e-04'], loss: 0.693162
[2023-11-11 03:34:52,026][INFO][freq_trainer:114] - train epoch: 5 [79808/100000 (80%)], lr: ['1.00e-04'], loss: 0.693602
[2023-11-11 03:34:59,415][INFO][freq_trainer:114] - train epoch: 5 [89792/100000 (90%)], lr: ['1.00e-04'], loss: 0.691039
[2023-11-11 03:35:05,564][INFO][freq_trainer:114] - train epoch: 5 [99776/100000 (100%)], lr: ['1.00e-04'], loss: 0.687879
[2023-11-11 03:35:08,057][INFO][freq_trainer:57] - [epoch   5] execution time: 70.89s	metrics:
[2023-11-11 03:35:08,058][INFO][freq_evaluator:47] - dataset: valid_pretraining, acc: 0.000, hamming: 0.480
[2023-11-11 03:35:08,091][INFO][base_model:51] - snapshot saved to ./models/exp007a-m26-simple_multi_class-2023-11-11_02-19-07-final.pth
[2023-11-11 03:35:15,853][INFO][freq_trainer:114] - train epoch: 6 [9920/100000 (10%)], lr: ['1.00e-04'], loss: 0.700572
[2023-11-11 03:35:22,834][INFO][freq_trainer:114] - train epoch: 6 [19904/100000 (20%)], lr: ['1.00e-04'], loss: 0.691463
[2023-11-11 03:35:30,331][INFO][freq_trainer:114] - train epoch: 6 [29888/100000 (30%)], lr: ['1.00e-04'], loss: 0.693225
[2023-11-11 03:35:37,098][INFO][freq_trainer:114] - train epoch: 6 [39872/100000 (40%)], lr: ['1.00e-04'], loss: 0.693222
[2023-11-11 03:35:43,631][INFO][freq_trainer:114] - train epoch: 6 [49856/100000 (50%)], lr: ['1.00e-04'], loss: 0.686629
[2023-11-11 03:35:50,056][INFO][freq_trainer:114] - train epoch: 6 [59840/100000 (60%)], lr: ['1.00e-04'], loss: 0.684187
[2023-11-11 03:35:56,579][INFO][freq_trainer:114] - train epoch: 6 [69824/100000 (70%)], lr: ['1.00e-04'], loss: 0.674695
[2023-11-11 03:36:03,702][INFO][freq_trainer:114] - train epoch: 6 [79808/100000 (80%)], lr: ['1.00e-04'], loss: 0.659002
[2023-11-11 03:36:10,747][INFO][freq_trainer:114] - train epoch: 6 [89792/100000 (90%)], lr: ['1.00e-04'], loss: 0.673899
[2023-11-11 03:36:18,530][INFO][freq_trainer:114] - train epoch: 6 [99776/100000 (100%)], lr: ['1.00e-04'], loss: 0.647104
[2023-11-11 03:36:21,031][INFO][freq_trainer:57] - [epoch   6] execution time: 72.94s	metrics:
[2023-11-11 03:36:21,031][INFO][freq_evaluator:47] - dataset: valid_pretraining, acc: 0.002, hamming: 0.478
[2023-11-11 03:36:21,066][INFO][base_model:51] - snapshot saved to ./models/exp007a-m26-simple_multi_class-2023-11-11_02-19-07-final.pth
[2023-11-11 03:36:29,405][INFO][freq_trainer:114] - train epoch: 7 [9920/100000 (10%)], lr: ['1.00e-04'], loss: 0.626497
[2023-11-11 03:36:36,665][INFO][freq_trainer:114] - train epoch: 7 [19904/100000 (20%)], lr: ['1.00e-04'], loss: 0.605288
[2023-11-11 03:36:44,059][INFO][freq_trainer:114] - train epoch: 7 [29888/100000 (30%)], lr: ['1.00e-04'], loss: 0.596588
[2023-11-11 03:36:51,754][INFO][freq_trainer:114] - train epoch: 7 [39872/100000 (40%)], lr: ['1.00e-04'], loss: 0.613896
[2023-11-11 03:36:58,940][INFO][freq_trainer:114] - train epoch: 7 [49856/100000 (50%)], lr: ['1.00e-04'], loss: 0.577234
[2023-11-11 03:37:06,691][INFO][freq_trainer:114] - train epoch: 7 [59840/100000 (60%)], lr: ['1.00e-04'], loss: 0.580284
[2023-11-11 03:37:13,197][INFO][freq_trainer:114] - train epoch: 7 [69824/100000 (70%)], lr: ['1.00e-04'], loss: 0.567761
[2023-11-11 03:37:20,323][INFO][freq_trainer:114] - train epoch: 7 [79808/100000 (80%)], lr: ['1.00e-04'], loss: 0.599877
[2023-11-11 03:37:27,538][INFO][freq_trainer:114] - train epoch: 7 [89792/100000 (90%)], lr: ['1.00e-04'], loss: 0.573684
[2023-11-11 03:37:34,318][INFO][freq_trainer:114] - train epoch: 7 [99776/100000 (100%)], lr: ['1.00e-04'], loss: 0.581215
[2023-11-11 03:37:36,693][INFO][freq_trainer:57] - [epoch   7] execution time: 75.63s	metrics:
[2023-11-11 03:37:36,694][INFO][freq_evaluator:47] - dataset: valid_pretraining, acc: 0.014, hamming: 0.487
[2023-11-11 03:37:36,729][INFO][base_model:51] - snapshot saved to ./models/exp007a-m26-simple_multi_class-2023-11-11_02-19-07-final.pth
[2023-11-11 03:37:43,486][INFO][freq_trainer:114] - train epoch: 8 [9920/100000 (10%)], lr: ['1.00e-04'], loss: 0.590776
[2023-11-11 03:37:49,979][INFO][freq_trainer:114] - train epoch: 8 [19904/100000 (20%)], lr: ['1.00e-04'], loss: 0.581235
[2023-11-11 03:37:57,078][INFO][freq_trainer:114] - train epoch: 8 [29888/100000 (30%)], lr: ['1.00e-04'], loss: 0.557172
[2023-11-11 03:38:04,401][INFO][freq_trainer:114] - train epoch: 8 [39872/100000 (40%)], lr: ['1.00e-04'], loss: 0.580904
[2023-11-11 03:38:11,604][INFO][freq_trainer:114] - train epoch: 8 [49856/100000 (50%)], lr: ['1.00e-04'], loss: 0.523418
[2023-11-11 03:38:18,431][INFO][freq_trainer:114] - train epoch: 8 [59840/100000 (60%)], lr: ['1.00e-04'], loss: 0.562225
[2023-11-11 03:38:25,215][INFO][freq_trainer:114] - train epoch: 8 [69824/100000 (70%)], lr: ['1.00e-04'], loss: 0.555542
[2023-11-11 03:38:32,023][INFO][freq_trainer:114] - train epoch: 8 [79808/100000 (80%)], lr: ['1.00e-04'], loss: 0.528747
[2023-11-11 03:38:39,295][INFO][freq_trainer:114] - train epoch: 8 [89792/100000 (90%)], lr: ['1.00e-04'], loss: 0.506885
[2023-11-11 03:38:46,432][INFO][freq_trainer:114] - train epoch: 8 [99776/100000 (100%)], lr: ['1.00e-04'], loss: 0.551201
[2023-11-11 03:38:49,370][INFO][freq_trainer:57] - [epoch   8] execution time: 72.64s	metrics:
[2023-11-11 03:38:49,371][INFO][freq_evaluator:47] - dataset: valid_pretraining, acc: 0.025, hamming: 0.572
[2023-11-11 03:38:49,405][INFO][base_model:51] - snapshot saved to ./models/exp007a-m26-simple_multi_class-2023-11-11_02-19-07-final.pth
[2023-11-11 03:38:57,362][INFO][freq_trainer:114] - train epoch: 9 [9920/100000 (10%)], lr: ['1.00e-04'], loss: 0.514471
[2023-11-11 03:39:04,385][INFO][freq_trainer:114] - train epoch: 9 [19904/100000 (20%)], lr: ['1.00e-04'], loss: 0.502062
[2023-11-11 03:39:11,565][INFO][freq_trainer:114] - train epoch: 9 [29888/100000 (30%)], lr: ['1.00e-04'], loss: 0.511871
[2023-11-11 03:39:18,981][INFO][freq_trainer:114] - train epoch: 9 [39872/100000 (40%)], lr: ['1.00e-04'], loss: 0.477841
[2023-11-11 03:39:26,384][INFO][freq_trainer:114] - train epoch: 9 [49856/100000 (50%)], lr: ['1.00e-04'], loss: 0.466075
[2023-11-11 03:39:32,779][INFO][freq_trainer:114] - train epoch: 9 [59840/100000 (60%)], lr: ['1.00e-04'], loss: 0.510114
[2023-11-11 03:39:39,798][INFO][freq_trainer:114] - train epoch: 9 [69824/100000 (70%)], lr: ['1.00e-04'], loss: 0.463087
[2023-11-11 03:39:46,711][INFO][freq_trainer:114] - train epoch: 9 [79808/100000 (80%)], lr: ['1.00e-04'], loss: 0.457119
[2023-11-11 03:39:53,400][INFO][freq_trainer:114] - train epoch: 9 [89792/100000 (90%)], lr: ['1.00e-04'], loss: 0.448421
[2023-11-11 03:40:00,292][INFO][freq_trainer:114] - train epoch: 9 [99776/100000 (100%)], lr: ['1.00e-04'], loss: 0.452959
[2023-11-11 03:40:02,637][INFO][freq_trainer:57] - [epoch   9] execution time: 73.23s	metrics:
[2023-11-11 03:40:02,638][INFO][freq_evaluator:47] - dataset: valid_pretraining, acc: 0.046, hamming: 0.805
[2023-11-11 03:40:02,668][INFO][base_model:51] - snapshot saved to ./models/exp007a-m26-simple_multi_class-2023-11-11_02-19-07-final.pth
[2023-11-11 03:40:10,197][INFO][freq_trainer:114] - train epoch: 10 [9920/100000 (10%)], lr: ['1.00e-04'], loss: 0.433897
[2023-11-11 03:40:16,942][INFO][freq_trainer:114] - train epoch: 10 [19904/100000 (20%)], lr: ['1.00e-04'], loss: 0.430386
[2023-11-11 03:40:23,470][INFO][freq_trainer:114] - train epoch: 10 [29888/100000 (30%)], lr: ['1.00e-04'], loss: 0.408517
[2023-11-11 03:40:29,974][INFO][freq_trainer:114] - train epoch: 10 [39872/100000 (40%)], lr: ['1.00e-04'], loss: 0.389060
[2023-11-11 03:40:37,621][INFO][freq_trainer:114] - train epoch: 10 [49856/100000 (50%)], lr: ['1.00e-04'], loss: 0.437685
[2023-11-11 03:40:44,182][INFO][freq_trainer:114] - train epoch: 10 [59840/100000 (60%)], lr: ['1.00e-04'], loss: 0.358820
[2023-11-11 03:40:50,505][INFO][freq_trainer:114] - train epoch: 10 [69824/100000 (70%)], lr: ['1.00e-04'], loss: 0.445411
[2023-11-11 03:40:56,849][INFO][freq_trainer:114] - train epoch: 10 [79808/100000 (80%)], lr: ['1.00e-04'], loss: 0.417015
[2023-11-11 03:41:02,910][INFO][freq_trainer:114] - train epoch: 10 [89792/100000 (90%)], lr: ['1.00e-04'], loss: 0.406587
[2023-11-11 03:41:09,337][INFO][freq_trainer:114] - train epoch: 10 [99776/100000 (100%)], lr: ['1.00e-04'], loss: 0.380104
[2023-11-11 03:41:11,748][INFO][freq_trainer:57] - [epoch  10] execution time: 69.08s	metrics:
[2023-11-11 03:41:11,748][INFO][freq_evaluator:47] - dataset: valid_pretraining, acc: 0.116, hamming: 0.850
[2023-11-11 03:41:11,782][INFO][base_model:51] - snapshot saved to ./models/exp007a-m26-simple_multi_class-2023-11-11_02-19-07-final.pth
[2023-11-11 03:41:18,993][INFO][freq_trainer:114] - train epoch: 11 [9920/100000 (10%)], lr: ['1.00e-04'], loss: 0.369054
[2023-11-11 03:41:26,311][INFO][freq_trainer:114] - train epoch: 11 [19904/100000 (20%)], lr: ['1.00e-04'], loss: 0.346405
[2023-11-11 03:41:33,383][INFO][freq_trainer:114] - train epoch: 11 [29888/100000 (30%)], lr: ['1.00e-04'], loss: 0.360665
[2023-11-11 03:41:40,246][INFO][freq_trainer:114] - train epoch: 11 [39872/100000 (40%)], lr: ['1.00e-04'], loss: 0.377493
[2023-11-11 03:41:47,052][INFO][freq_trainer:114] - train epoch: 11 [49856/100000 (50%)], lr: ['1.00e-04'], loss: 0.355532
[2023-11-11 03:41:54,280][INFO][freq_trainer:114] - train epoch: 11 [59840/100000 (60%)], lr: ['1.00e-04'], loss: 0.381030
[2023-11-11 03:42:01,164][INFO][freq_trainer:114] - train epoch: 11 [69824/100000 (70%)], lr: ['1.00e-04'], loss: 0.349696
[2023-11-11 03:42:08,219][INFO][freq_trainer:114] - train epoch: 11 [79808/100000 (80%)], lr: ['1.00e-04'], loss: 0.360621
[2023-11-11 03:42:14,714][INFO][freq_trainer:114] - train epoch: 11 [89792/100000 (90%)], lr: ['1.00e-04'], loss: 0.378816
[2023-11-11 03:42:21,206][INFO][freq_trainer:114] - train epoch: 11 [99776/100000 (100%)], lr: ['1.00e-04'], loss: 0.345081
[2023-11-11 03:42:23,516][INFO][freq_trainer:57] - [epoch  11] execution time: 71.73s	metrics:
[2023-11-11 03:42:23,516][INFO][freq_evaluator:47] - dataset: valid_pretraining, acc: 0.115, hamming: 0.867
[2023-11-11 03:42:23,545][INFO][base_model:51] - snapshot saved to ./models/exp007a-m26-simple_multi_class-2023-11-11_02-19-07-final.pth
[2023-11-11 03:42:30,455][INFO][freq_trainer:114] - train epoch: 12 [9920/100000 (10%)], lr: ['1.00e-04'], loss: 0.309817
[2023-11-11 03:42:37,081][INFO][freq_trainer:114] - train epoch: 12 [19904/100000 (20%)], lr: ['1.00e-04'], loss: 0.321692
[2023-11-11 03:42:43,259][INFO][freq_trainer:114] - train epoch: 12 [29888/100000 (30%)], lr: ['1.00e-04'], loss: 0.347941
[2023-11-11 03:42:50,189][INFO][freq_trainer:114] - train epoch: 12 [39872/100000 (40%)], lr: ['1.00e-04'], loss: 0.322724
[2023-11-11 03:42:56,335][INFO][freq_trainer:114] - train epoch: 12 [49856/100000 (50%)], lr: ['1.00e-04'], loss: 0.310497
[2023-11-11 03:43:02,888][INFO][freq_trainer:114] - train epoch: 12 [59840/100000 (60%)], lr: ['1.00e-04'], loss: 0.358236
[2023-11-11 03:43:09,034][INFO][freq_trainer:114] - train epoch: 12 [69824/100000 (70%)], lr: ['1.00e-04'], loss: 0.282472
[2023-11-11 03:43:15,590][INFO][freq_trainer:114] - train epoch: 12 [79808/100000 (80%)], lr: ['1.00e-04'], loss: 0.308191
[2023-11-11 03:43:21,489][INFO][freq_trainer:114] - train epoch: 12 [89792/100000 (90%)], lr: ['1.00e-04'], loss: 0.322727
[2023-11-11 03:43:27,557][INFO][freq_trainer:114] - train epoch: 12 [99776/100000 (100%)], lr: ['1.00e-04'], loss: 0.298200
[2023-11-11 03:43:29,841][INFO][freq_trainer:57] - [epoch  12] execution time: 66.30s	metrics:
[2023-11-11 03:43:29,842][INFO][freq_evaluator:47] - dataset: valid_pretraining, acc: 0.138, hamming: 0.883
[2023-11-11 03:43:29,871][INFO][base_model:51] - snapshot saved to ./models/exp007a-m26-simple_multi_class-2023-11-11_02-19-07-final.pth
[2023-11-11 03:43:36,765][INFO][freq_trainer:114] - train epoch: 13 [9920/100000 (10%)], lr: ['1.00e-04'], loss: 0.248708
[2023-11-11 03:43:42,881][INFO][freq_trainer:114] - train epoch: 13 [19904/100000 (20%)], lr: ['1.00e-04'], loss: 0.278285
[2023-11-11 03:43:49,081][INFO][freq_trainer:114] - train epoch: 13 [29888/100000 (30%)], lr: ['1.00e-04'], loss: 0.302041
[2023-11-11 03:43:55,168][INFO][freq_trainer:114] - train epoch: 13 [39872/100000 (40%)], lr: ['1.00e-04'], loss: 0.254409
[2023-11-11 03:44:01,395][INFO][freq_trainer:114] - train epoch: 13 [49856/100000 (50%)], lr: ['1.00e-04'], loss: 0.301496
[2023-11-11 03:44:08,040][INFO][freq_trainer:114] - train epoch: 13 [59840/100000 (60%)], lr: ['1.00e-04'], loss: 0.289078
[2023-11-11 03:44:14,608][INFO][freq_trainer:114] - train epoch: 13 [69824/100000 (70%)], lr: ['1.00e-04'], loss: 0.284605
[2023-11-11 03:44:20,946][INFO][freq_trainer:114] - train epoch: 13 [79808/100000 (80%)], lr: ['1.00e-04'], loss: 0.266470
[2023-11-11 03:44:27,125][INFO][freq_trainer:114] - train epoch: 13 [89792/100000 (90%)], lr: ['1.00e-04'], loss: 0.299412
[2023-11-11 03:44:33,584][INFO][freq_trainer:114] - train epoch: 13 [99776/100000 (100%)], lr: ['1.00e-04'], loss: 0.294176
[2023-11-11 03:44:35,865][INFO][freq_trainer:57] - [epoch  13] execution time: 65.99s	metrics:
[2023-11-11 03:44:35,866][INFO][freq_evaluator:47] - dataset: valid_pretraining, acc: 0.162, hamming: 0.894
[2023-11-11 03:44:35,896][INFO][base_model:51] - snapshot saved to ./models/exp007a-m26-simple_multi_class-2023-11-11_02-19-07-final.pth
[2023-11-11 03:44:42,536][INFO][freq_trainer:114] - train epoch: 14 [9920/100000 (10%)], lr: ['1.00e-04'], loss: 0.274121
[2023-11-11 03:44:48,732][INFO][freq_trainer:114] - train epoch: 14 [19904/100000 (20%)], lr: ['1.00e-04'], loss: 0.305897
[2023-11-11 03:44:55,462][INFO][freq_trainer:114] - train epoch: 14 [29888/100000 (30%)], lr: ['1.00e-04'], loss: 0.284041
[2023-11-11 03:45:01,836][INFO][freq_trainer:114] - train epoch: 14 [39872/100000 (40%)], lr: ['1.00e-04'], loss: 0.299023
[2023-11-11 03:45:07,846][INFO][freq_trainer:114] - train epoch: 14 [49856/100000 (50%)], lr: ['1.00e-04'], loss: 0.271246
[2023-11-11 03:45:13,736][INFO][freq_trainer:114] - train epoch: 14 [59840/100000 (60%)], lr: ['1.00e-04'], loss: 0.243039
[2023-11-11 03:45:19,457][INFO][freq_trainer:114] - train epoch: 14 [69824/100000 (70%)], lr: ['1.00e-04'], loss: 0.287394
[2023-11-11 03:45:25,790][INFO][freq_trainer:114] - train epoch: 14 [79808/100000 (80%)], lr: ['1.00e-04'], loss: 0.265802
[2023-11-11 03:45:32,253][INFO][freq_trainer:114] - train epoch: 14 [89792/100000 (90%)], lr: ['1.00e-04'], loss: 0.278807
[2023-11-11 03:45:38,301][INFO][freq_trainer:114] - train epoch: 14 [99776/100000 (100%)], lr: ['1.00e-04'], loss: 0.256679
[2023-11-11 03:45:40,639][INFO][freq_trainer:57] - [epoch  14] execution time: 64.74s	metrics:
[2023-11-11 03:45:40,640][INFO][freq_evaluator:47] - dataset: valid_pretraining, acc: 0.177, hamming: 0.902
[2023-11-11 03:45:40,669][INFO][base_model:51] - snapshot saved to ./models/exp007a-m26-simple_multi_class-2023-11-11_02-19-07-final.pth
[2023-11-11 03:45:46,768][INFO][freq_trainer:114] - train epoch: 15 [9920/100000 (10%)], lr: ['1.00e-04'], loss: 0.273770
[2023-11-11 03:45:52,861][INFO][freq_trainer:114] - train epoch: 15 [19904/100000 (20%)], lr: ['1.00e-04'], loss: 0.247687
[2023-11-11 03:45:58,814][INFO][freq_trainer:114] - train epoch: 15 [29888/100000 (30%)], lr: ['1.00e-04'], loss: 0.252570
[2023-11-11 03:46:04,832][INFO][freq_trainer:114] - train epoch: 15 [39872/100000 (40%)], lr: ['1.00e-04'], loss: 0.236722
[2023-11-11 03:46:10,631][INFO][freq_trainer:114] - train epoch: 15 [49856/100000 (50%)], lr: ['1.00e-04'], loss: 0.253444
[2023-11-11 03:46:16,428][INFO][freq_trainer:114] - train epoch: 15 [59840/100000 (60%)], lr: ['1.00e-04'], loss: 0.235191
[2023-11-11 03:46:22,497][INFO][freq_trainer:114] - train epoch: 15 [69824/100000 (70%)], lr: ['1.00e-04'], loss: 0.242227
[2023-11-11 03:46:29,208][INFO][freq_trainer:114] - train epoch: 15 [79808/100000 (80%)], lr: ['1.00e-04'], loss: 0.259751
[2023-11-11 03:46:35,471][INFO][freq_trainer:114] - train epoch: 15 [89792/100000 (90%)], lr: ['1.00e-04'], loss: 0.231154
[2023-11-11 03:46:42,636][INFO][freq_trainer:114] - train epoch: 15 [99776/100000 (100%)], lr: ['1.00e-04'], loss: 0.217114
[2023-11-11 03:46:44,880][INFO][freq_trainer:57] - [epoch  15] execution time: 64.21s	metrics:
[2023-11-11 03:46:44,880][INFO][freq_evaluator:47] - dataset: valid_pretraining, acc: 0.178, hamming: 0.901
[2023-11-11 03:46:44,910][INFO][base_model:51] - snapshot saved to ./models/exp007a-m26-simple_multi_class-2023-11-11_02-19-07-final.pth
[2023-11-11 03:46:51,549][INFO][freq_trainer:114] - train epoch: 16 [9920/100000 (10%)], lr: ['1.00e-04'], loss: 0.270226
[2023-11-11 03:46:58,214][INFO][freq_trainer:114] - train epoch: 16 [19904/100000 (20%)], lr: ['1.00e-04'], loss: 0.234080
[2023-11-11 03:47:05,118][INFO][freq_trainer:114] - train epoch: 16 [29888/100000 (30%)], lr: ['1.00e-04'], loss: 0.224491
[2023-11-11 03:47:11,762][INFO][freq_trainer:114] - train epoch: 16 [39872/100000 (40%)], lr: ['1.00e-04'], loss: 0.254158
[2023-11-11 03:47:17,856][INFO][freq_trainer:114] - train epoch: 16 [49856/100000 (50%)], lr: ['1.00e-04'], loss: 0.226851
[2023-11-11 03:47:24,908][INFO][freq_trainer:114] - train epoch: 16 [59840/100000 (60%)], lr: ['1.00e-04'], loss: 0.230408
[2023-11-11 03:47:31,098][INFO][freq_trainer:114] - train epoch: 16 [69824/100000 (70%)], lr: ['1.00e-04'], loss: 0.244536
[2023-11-11 03:47:37,680][INFO][freq_trainer:114] - train epoch: 16 [79808/100000 (80%)], lr: ['1.00e-04'], loss: 0.252150
[2023-11-11 03:47:43,636][INFO][freq_trainer:114] - train epoch: 16 [89792/100000 (90%)], lr: ['1.00e-04'], loss: 0.241752
[2023-11-11 03:47:49,786][INFO][freq_trainer:114] - train epoch: 16 [99776/100000 (100%)], lr: ['1.00e-04'], loss: 0.265365
[2023-11-11 03:47:52,070][INFO][freq_trainer:57] - [epoch  16] execution time: 67.16s	metrics:
[2023-11-11 03:47:52,071][INFO][freq_evaluator:47] - dataset: valid_pretraining, acc: 0.186, hamming: 0.906
[2023-11-11 03:47:52,100][INFO][base_model:51] - snapshot saved to ./models/exp007a-m26-simple_multi_class-2023-11-11_02-19-07-final.pth
[2023-11-11 03:47:58,599][INFO][freq_trainer:114] - train epoch: 17 [9920/100000 (10%)], lr: ['1.00e-04'], loss: 0.228017
[2023-11-11 03:48:04,384][INFO][freq_trainer:114] - train epoch: 17 [19904/100000 (20%)], lr: ['1.00e-04'], loss: 0.207922
[2023-11-11 03:48:10,244][INFO][freq_trainer:114] - train epoch: 17 [29888/100000 (30%)], lr: ['1.00e-04'], loss: 0.246281
[2023-11-11 03:48:16,002][INFO][freq_trainer:114] - train epoch: 17 [39872/100000 (40%)], lr: ['1.00e-04'], loss: 0.222688
[2023-11-11 03:48:21,754][INFO][freq_trainer:114] - train epoch: 17 [49856/100000 (50%)], lr: ['1.00e-04'], loss: 0.219267
[2023-11-11 03:48:27,953][INFO][freq_trainer:114] - train epoch: 17 [59840/100000 (60%)], lr: ['1.00e-04'], loss: 0.223291
[2023-11-11 03:48:34,430][INFO][freq_trainer:114] - train epoch: 17 [69824/100000 (70%)], lr: ['1.00e-04'], loss: 0.246860
[2023-11-11 03:48:40,790][INFO][freq_trainer:114] - train epoch: 17 [79808/100000 (80%)], lr: ['1.00e-04'], loss: 0.234634
[2023-11-11 03:48:46,961][INFO][freq_trainer:114] - train epoch: 17 [89792/100000 (90%)], lr: ['1.00e-04'], loss: 0.244016
[2023-11-11 03:48:53,486][INFO][freq_trainer:114] - train epoch: 17 [99776/100000 (100%)], lr: ['1.00e-04'], loss: 0.230699
[2023-11-11 03:48:55,987][INFO][freq_trainer:57] - [epoch  17] execution time: 63.89s	metrics:
[2023-11-11 03:48:55,987][INFO][freq_evaluator:47] - dataset: valid_pretraining, acc: 0.190, hamming: 0.905
[2023-11-11 03:48:56,021][INFO][base_model:51] - snapshot saved to ./models/exp007a-m26-simple_multi_class-2023-11-11_02-19-07-final.pth
[2023-11-11 03:49:03,011][INFO][freq_trainer:114] - train epoch: 18 [9920/100000 (10%)], lr: ['1.00e-04'], loss: 0.212361
[2023-11-11 03:49:09,426][INFO][freq_trainer:114] - train epoch: 18 [19904/100000 (20%)], lr: ['1.00e-04'], loss: 0.227230
[2023-11-11 03:49:15,875][INFO][freq_trainer:114] - train epoch: 18 [29888/100000 (30%)], lr: ['1.00e-04'], loss: 0.212826
[2023-11-11 03:49:22,275][INFO][freq_trainer:114] - train epoch: 18 [39872/100000 (40%)], lr: ['1.00e-04'], loss: 0.230095
[2023-11-11 03:49:29,020][INFO][freq_trainer:114] - train epoch: 18 [49856/100000 (50%)], lr: ['1.00e-04'], loss: 0.217023
[2023-11-11 03:49:35,339][INFO][freq_trainer:114] - train epoch: 18 [59840/100000 (60%)], lr: ['1.00e-04'], loss: 0.243369
[2023-11-11 03:49:41,469][INFO][freq_trainer:114] - train epoch: 18 [69824/100000 (70%)], lr: ['1.00e-04'], loss: 0.217181
[2023-11-11 03:49:47,407][INFO][freq_trainer:114] - train epoch: 18 [79808/100000 (80%)], lr: ['1.00e-04'], loss: 0.211662
[2023-11-11 03:49:53,415][INFO][freq_trainer:114] - train epoch: 18 [89792/100000 (90%)], lr: ['1.00e-04'], loss: 0.235125
[2023-11-11 03:49:59,506][INFO][freq_trainer:114] - train epoch: 18 [99776/100000 (100%)], lr: ['1.00e-04'], loss: 0.209466
[2023-11-11 03:50:01,964][INFO][freq_trainer:57] - [epoch  18] execution time: 65.94s	metrics:
[2023-11-11 03:50:01,965][INFO][freq_evaluator:47] - dataset: valid_pretraining, acc: 0.190, hamming: 0.906
[2023-11-11 03:50:01,998][INFO][base_model:51] - snapshot saved to ./models/exp007a-m26-simple_multi_class-2023-11-11_02-19-07-final.pth
[2023-11-11 03:50:08,910][INFO][freq_trainer:114] - train epoch: 19 [9920/100000 (10%)], lr: ['1.00e-04'], loss: 0.230421
[2023-11-11 03:50:15,240][INFO][freq_trainer:114] - train epoch: 19 [19904/100000 (20%)], lr: ['1.00e-04'], loss: 0.212700
[2023-11-11 03:50:21,643][INFO][freq_trainer:114] - train epoch: 19 [29888/100000 (30%)], lr: ['1.00e-04'], loss: 0.213318
[2023-11-11 03:50:27,935][INFO][freq_trainer:114] - train epoch: 19 [39872/100000 (40%)], lr: ['1.00e-04'], loss: 0.222998
[2023-11-11 03:50:33,818][INFO][freq_trainer:114] - train epoch: 19 [49856/100000 (50%)], lr: ['1.00e-04'], loss: 0.243882
[2023-11-11 03:50:39,564][INFO][freq_trainer:114] - train epoch: 19 [59840/100000 (60%)], lr: ['1.00e-04'], loss: 0.233335
[2023-11-11 03:50:45,273][INFO][freq_trainer:114] - train epoch: 19 [69824/100000 (70%)], lr: ['1.00e-04'], loss: 0.260193
[2023-11-11 03:50:51,270][INFO][freq_trainer:114] - train epoch: 19 [79808/100000 (80%)], lr: ['1.00e-04'], loss: 0.236240
[2023-11-11 03:50:57,900][INFO][freq_trainer:114] - train epoch: 19 [89792/100000 (90%)], lr: ['1.00e-04'], loss: 0.253485
[2023-11-11 03:51:03,945][INFO][freq_trainer:114] - train epoch: 19 [99776/100000 (100%)], lr: ['1.00e-04'], loss: 0.217017
[2023-11-11 03:51:06,748][INFO][freq_trainer:57] - [epoch  19] execution time: 64.75s	metrics:
[2023-11-11 03:51:06,748][INFO][freq_evaluator:47] - dataset: valid_pretraining, acc: 0.193, hamming: 0.907
[2023-11-11 03:51:06,807][INFO][base_model:51] - snapshot saved to ./models/exp007a-m26-simple_multi_class-2023-11-11_02-19-07-final.pth
[2023-11-11 03:51:14,660][INFO][freq_trainer:114] - train epoch: 20 [9920/100000 (10%)], lr: ['1.00e-04'], loss: 0.228532
[2023-11-11 03:51:21,601][INFO][freq_trainer:114] - train epoch: 20 [19904/100000 (20%)], lr: ['1.00e-04'], loss: 0.225128
[2023-11-11 03:51:28,252][INFO][freq_trainer:114] - train epoch: 20 [29888/100000 (30%)], lr: ['1.00e-04'], loss: 0.233844
[2023-11-11 03:51:35,644][INFO][freq_trainer:114] - train epoch: 20 [39872/100000 (40%)], lr: ['1.00e-04'], loss: 0.227651
[2023-11-11 03:51:42,860][INFO][freq_trainer:114] - train epoch: 20 [49856/100000 (50%)], lr: ['1.00e-04'], loss: 0.214236
[2023-11-11 03:51:50,170][INFO][freq_trainer:114] - train epoch: 20 [59840/100000 (60%)], lr: ['1.00e-04'], loss: 0.206323
[2023-11-11 03:51:56,888][INFO][freq_trainer:114] - train epoch: 20 [69824/100000 (70%)], lr: ['1.00e-04'], loss: 0.214478
[2023-11-11 03:52:04,346][INFO][freq_trainer:114] - train epoch: 20 [79808/100000 (80%)], lr: ['1.00e-04'], loss: 0.208979
[2023-11-11 03:52:11,680][INFO][freq_trainer:114] - train epoch: 20 [89792/100000 (90%)], lr: ['1.00e-04'], loss: 0.239269
[2023-11-11 03:52:18,586][INFO][freq_trainer:114] - train epoch: 20 [99776/100000 (100%)], lr: ['1.00e-04'], loss: 0.231095
[2023-11-11 03:52:21,165][INFO][freq_trainer:57] - [epoch  20] execution time: 74.36s	metrics:
[2023-11-11 03:52:21,166][INFO][freq_evaluator:47] - dataset: valid_pretraining, acc: 0.197, hamming: 0.908
[2023-11-11 03:52:21,198][INFO][base_model:51] - snapshot saved to ./models/exp007a-m26-simple_multi_class-2023-11-11_02-19-07-final.pth
[2023-11-11 03:52:21,202][INFO][freq_trainer:67] - finished training
[2023-11-11 03:52:24,127][INFO][data_loaders:39] - class distribution before data reduction:
# samples per subject
02fb158a-a658-51ee-89cf-1e1dc2ebfde1: 861
03341d0d-5927-5838-8a5f-1b8ef39d8f57: 1063
039ce8ad-a7fa-5272-a3e3-1f4bfebdd087: 915
0d79f4b1-e74f-5e87-8e42-f9dd7112ada5: 968
100df108-eb57-5eaa-a413-f7e4436a7895: 952
130f3f52-7d0a-551e-af61-2ee75455e5c9: 989
14c012bd-65b0-56f5-bc74-2dffcea69837: 969
16450f5a-9b65-5536-85e1-93816c8b89eb: 816
18482adf-1144-54ca-9e35-27f65c43a105: 824
18ede714-aba3-5ad8-bb1a-18fc9b1c4192: 995
1da3544e-dc5c-5795-adc3-f5068959211f: 955
2159377e-ebf3-5565-9014-1e2ae69dc1d2: 907
2d01dc34-f36c-562e-b24a-d20dc798fdfc: 837
2e865ca9-e20f-5a6f-bd25-45d28cc9eab9: 950
30e8a05b-4cf1-5aa8-9ef7-28d6e2949ad5: 699
32556393-bb57-560a-99e8-e09885219647: 1106
3dd35e7b-d7e2-516d-8a85-e0d58a59569f: 1093
3e842aa8-bcd9-521e-93a2-72124233fe2c: 620
4b72b905-5521-5c57-b666-e20ff9bb195f: 868
4e3c4ac4-69e2-5347-a3b0-662c204d259d: 926
52fbe46b-206c-584a-9f4f-1eb308e07bac: 1064
5b94ec8a-c34d-5e45-84d1-bec2ea965609: 1090
5bf0f969-304c-581e-949c-50c108f62846: 947
5ddbc68c-1283-5c27-952b-d7f102291bc2: 1097
64959ac4-53b5-5868-a845-c7476e9fdf7b: 990
67fa8e29-6f4d-530e-9422-bbc3aca86ed0: 1046
6e2aa933-c51c-5a31-8c7b-83da8d076a12: 905
730aba3b-e310-5be0-9eed-7c3123466834: 1120
742f1592-627c-54eb-bbb5-ccd55ffae33a: 975
769df255-2284-50b3-8917-2155c759fbbd: 929
79e8a04e-0fdd-53ae-bedc-d49d08e29103: 918
7ab8ff5f-a77f-567d-9882-f8bee0c3c9bf: 989
7d778801-88e7-5086-ad1d-70f31a371876: 999
7f5237b1-2196-5c8a-9543-a5aa70210ef4: 931
83c1394e-9c69-5c11-9102-9ff8d59b1cfd: 1011
844f68ba-265e-53e6-bf47-6c85d1804a7b: 957
90aef91a-252f-5ccc-a82e-78ea7ee9ca1f: 1089
a25b2296-343b-53f6-8792-ada2669d466e: 1008
a35a118e-e65e-5928-92a9-4354a6a0f4ce: 813
a6254c8a-f1b2-5736-b601-18245dd5e0a5: 1084
a65a9e69-cddf-5711-9a97-de8bfdeb08cc: 961
a79d1f0e-c133-5aa0-8268-cdcc05825f0f: 1046
aadc9e0c-b7c3-5a47-851d-f21971d10935: 969
b2d3ccdd-395c-5dd2-81d9-252bcfc0c337: 902
b3706da5-748b-5dd1-a552-f57e4456cdf6: 1041
b5d5785d-87ee-5078-b9b9-aac6abd4d8de: 918
c8110476-594c-533d-95bd-86147fccc987: 995
cc3b4b63-4a6f-5f28-ac7e-62f83c271449: 1076
d3cadb78-cb8c-5a6e-885c-392e457c68b1: 982
d5181c33-a43b-5dfe-8ad7-0337facb092a: 977
e6b7cbef-4c9d-5541-82e8-04810de0fb60: 819
e72505f1-21be-5d66-b620-cfcfa2d754bc: 973
e8ec8ec4-dc48-50ce-985a-a06d87861030: 975
eb95076c-c470-56a4-b788-ace310f061c6: 965
f2a69bdc-ed51-5e3f-b102-6b3f7d392be0: 960
f66bc75e-778b-5037-af86-b5275cd4c79f: 865

# samples per stage
0: 9109
1: 2878
2: 26255
3: 6343
4: 9114
[2023-11-11 03:52:24,312][INFO][data_loaders:43] - class distribution after data reduction:
# samples per subject
02fb158a-a658-51ee-89cf-1e1dc2ebfde1: 861
03341d0d-5927-5838-8a5f-1b8ef39d8f57: 1063
039ce8ad-a7fa-5272-a3e3-1f4bfebdd087: 915
0d79f4b1-e74f-5e87-8e42-f9dd7112ada5: 968
100df108-eb57-5eaa-a413-f7e4436a7895: 952
130f3f52-7d0a-551e-af61-2ee75455e5c9: 989
14c012bd-65b0-56f5-bc74-2dffcea69837: 969
16450f5a-9b65-5536-85e1-93816c8b89eb: 816
18482adf-1144-54ca-9e35-27f65c43a105: 824
18ede714-aba3-5ad8-bb1a-18fc9b1c4192: 995
1da3544e-dc5c-5795-adc3-f5068959211f: 955
2159377e-ebf3-5565-9014-1e2ae69dc1d2: 907
2d01dc34-f36c-562e-b24a-d20dc798fdfc: 837
2e865ca9-e20f-5a6f-bd25-45d28cc9eab9: 950
30e8a05b-4cf1-5aa8-9ef7-28d6e2949ad5: 699
32556393-bb57-560a-99e8-e09885219647: 1106
3dd35e7b-d7e2-516d-8a85-e0d58a59569f: 1093
3e842aa8-bcd9-521e-93a2-72124233fe2c: 620
4b72b905-5521-5c57-b666-e20ff9bb195f: 868
4e3c4ac4-69e2-5347-a3b0-662c204d259d: 926
52fbe46b-206c-584a-9f4f-1eb308e07bac: 1064
5b94ec8a-c34d-5e45-84d1-bec2ea965609: 1090
5bf0f969-304c-581e-949c-50c108f62846: 947
5ddbc68c-1283-5c27-952b-d7f102291bc2: 1097
64959ac4-53b5-5868-a845-c7476e9fdf7b: 990
67fa8e29-6f4d-530e-9422-bbc3aca86ed0: 1046
6e2aa933-c51c-5a31-8c7b-83da8d076a12: 905
730aba3b-e310-5be0-9eed-7c3123466834: 1120
742f1592-627c-54eb-bbb5-ccd55ffae33a: 975
769df255-2284-50b3-8917-2155c759fbbd: 929
79e8a04e-0fdd-53ae-bedc-d49d08e29103: 918
7ab8ff5f-a77f-567d-9882-f8bee0c3c9bf: 989
7d778801-88e7-5086-ad1d-70f31a371876: 999
7f5237b1-2196-5c8a-9543-a5aa70210ef4: 931
83c1394e-9c69-5c11-9102-9ff8d59b1cfd: 1011
844f68ba-265e-53e6-bf47-6c85d1804a7b: 957
90aef91a-252f-5ccc-a82e-78ea7ee9ca1f: 1089
a25b2296-343b-53f6-8792-ada2669d466e: 1008
a35a118e-e65e-5928-92a9-4354a6a0f4ce: 813
a6254c8a-f1b2-5736-b601-18245dd5e0a5: 1084
a65a9e69-cddf-5711-9a97-de8bfdeb08cc: 961
a79d1f0e-c133-5aa0-8268-cdcc05825f0f: 1046
aadc9e0c-b7c3-5a47-851d-f21971d10935: 969
b2d3ccdd-395c-5dd2-81d9-252bcfc0c337: 902
b3706da5-748b-5dd1-a552-f57e4456cdf6: 1041
b5d5785d-87ee-5078-b9b9-aac6abd4d8de: 918
c8110476-594c-533d-95bd-86147fccc987: 995
cc3b4b63-4a6f-5f28-ac7e-62f83c271449: 1076
d3cadb78-cb8c-5a6e-885c-392e457c68b1: 982
d5181c33-a43b-5dfe-8ad7-0337facb092a: 977
e6b7cbef-4c9d-5541-82e8-04810de0fb60: 819
e72505f1-21be-5d66-b620-cfcfa2d754bc: 973
e8ec8ec4-dc48-50ce-985a-a06d87861030: 975
eb95076c-c470-56a4-b788-ace310f061c6: 965
f2a69bdc-ed51-5e3f-b102-6b3f7d392be0: 960
f66bc75e-778b-5037-af86-b5275cd4c79f: 865

# samples per stage
0: 9109
1: 2878
2: 26255
3: 6343
4: 9114
[2023-11-11 03:52:24,328][INFO][base_pretraining_fe:55] - Loading model from ./models/exp007a-m26-simple_multi_class-2023-11-11_02-19-07-final.pth
[2023-11-11 03:52:24,817][INFO][data_loaders:39] - class distribution before data reduction:
# samples per subject
0416d51f-5d69-5326-b74a-a2e31a96a1ef: 822
119f9726-eb4c-5a0e-a7bb-9e15256149a1: 932
1fa6c401-d819-50f5-8146-a0bb9e2b2516: 986
22bea84c-5d23-5e49-bc2d-9764f883955b: 1048
25a6b2b0-4d09-561b-82c6-f09bb271d3be: 1063
6a7503ac-ab3a-5d5b-b474-4b0fe37748dd: 1213
a30245e3-4a71-565f-9636-92e7d2e825fc: 1122
b3534fa3-7676-50dc-8412-07f0eff4f7a9: 757

# samples per stage
0: 1372
1: 412
2: 3945
3: 905
4: 1309
[2023-11-11 03:52:24,841][INFO][data_loaders:43] - class distribution after data reduction:
# samples per subject
0416d51f-5d69-5326-b74a-a2e31a96a1ef: 822
119f9726-eb4c-5a0e-a7bb-9e15256149a1: 932
1fa6c401-d819-50f5-8146-a0bb9e2b2516: 986
22bea84c-5d23-5e49-bc2d-9764f883955b: 1048
25a6b2b0-4d09-561b-82c6-f09bb271d3be: 1063
6a7503ac-ab3a-5d5b-b474-4b0fe37748dd: 1213
a30245e3-4a71-565f-9636-92e7d2e825fc: 1122
b3534fa3-7676-50dc-8412-07f0eff4f7a9: 757

# samples per stage
0: 1372
1: 412
2: 3945
3: 905
4: 1309
[2023-11-11 03:52:24,861][INFO][clas_trainer:49] - metrics before training (epoch 0):
[2023-11-11 03:52:45,780][INFO][clas_evaluator:99] - dataset: earlystopping, avg f1-score: 0.0997
[2023-11-11 03:52:59,959][INFO][clas_trainer:133] - train epoch: 1 [5312/53699 (10%)], lr: ['1.00e-04'], loss: 0.807042
[2023-11-11 03:53:12,506][INFO][clas_trainer:133] - train epoch: 1 [10656/53699 (20%)], lr: ['1.00e-04'], loss: 1.124309
[2023-11-11 03:53:25,118][INFO][clas_trainer:133] - train epoch: 1 [16000/53699 (30%)], lr: ['1.00e-04'], loss: 0.639168
[2023-11-11 03:53:38,973][INFO][clas_trainer:133] - train epoch: 1 [21344/53699 (40%)], lr: ['1.00e-04'], loss: 1.019436
[2023-11-11 03:53:52,568][INFO][clas_trainer:133] - train epoch: 1 [26688/53699 (50%)], lr: ['1.00e-04'], loss: 0.576156
[2023-11-11 03:54:06,692][INFO][clas_trainer:133] - train epoch: 1 [32032/53699 (60%)], lr: ['1.00e-04'], loss: 0.524389
[2023-11-11 03:54:20,442][INFO][clas_trainer:133] - train epoch: 1 [37376/53699 (70%)], lr: ['1.00e-04'], loss: 0.571494
[2023-11-11 03:54:34,414][INFO][clas_trainer:133] - train epoch: 1 [42720/53699 (80%)], lr: ['1.00e-04'], loss: 0.934457
[2023-11-11 03:54:48,933][INFO][clas_trainer:133] - train epoch: 1 [48064/53699 (89%)], lr: ['1.00e-04'], loss: 0.519704
[2023-11-11 03:55:03,231][INFO][clas_trainer:133] - train epoch: 1 [53408/53699 (99%)], lr: ['1.00e-04'], loss: 0.693398
[2023-11-11 03:55:25,674][INFO][clas_trainer:63] - [epoch   1] execution time: 159.89s	metrics:
[2023-11-11 03:55:25,675][INFO][clas_evaluator:99] - dataset: earlystopping, avg f1-score: 0.7516
[2023-11-11 03:55:25,734][INFO][base_model:51] - snapshot saved to ./models/exp007a-m26-base_fe_clas-2023-11-11_02-19-07-final.pth
[2023-11-11 03:55:40,038][INFO][clas_trainer:133] - train epoch: 2 [5312/53699 (10%)], lr: ['1.00e-04'], loss: 0.443176
[2023-11-11 03:55:54,210][INFO][clas_trainer:133] - train epoch: 2 [10656/53699 (20%)], lr: ['1.00e-04'], loss: 0.572901
[2023-11-11 03:56:07,259][INFO][clas_trainer:133] - train epoch: 2 [16000/53699 (30%)], lr: ['1.00e-04'], loss: 0.605585
[2023-11-11 03:56:21,820][INFO][clas_trainer:133] - train epoch: 2 [21344/53699 (40%)], lr: ['1.00e-04'], loss: 0.552414
[2023-11-11 03:56:35,863][INFO][clas_trainer:133] - train epoch: 2 [26688/53699 (50%)], lr: ['1.00e-04'], loss: 0.344462
[2023-11-11 03:56:49,992][INFO][clas_trainer:133] - train epoch: 2 [32032/53699 (60%)], lr: ['1.00e-04'], loss: 0.570361
[2023-11-11 03:57:03,753][INFO][clas_trainer:133] - train epoch: 2 [37376/53699 (70%)], lr: ['1.00e-04'], loss: 0.485207
[2023-11-11 03:57:17,443][INFO][clas_trainer:133] - train epoch: 2 [42720/53699 (80%)], lr: ['1.00e-04'], loss: 0.459616
[2023-11-11 03:57:31,327][INFO][clas_trainer:133] - train epoch: 2 [48064/53699 (89%)], lr: ['1.00e-04'], loss: 0.200159
[2023-11-11 03:57:44,863][INFO][clas_trainer:133] - train epoch: 2 [53408/53699 (99%)], lr: ['1.00e-04'], loss: 0.315455
[2023-11-11 03:58:07,521][INFO][clas_trainer:63] - [epoch   2] execution time: 161.79s	metrics:
[2023-11-11 03:58:07,521][INFO][clas_evaluator:99] - dataset: earlystopping, avg f1-score: 0.7836
[2023-11-11 03:58:07,582][INFO][base_model:51] - snapshot saved to ./models/exp007a-m26-base_fe_clas-2023-11-11_02-19-07-final.pth
[2023-11-11 03:58:22,336][INFO][clas_trainer:133] - train epoch: 3 [5312/53699 (10%)], lr: ['1.00e-04'], loss: 0.734295
[2023-11-11 03:58:35,885][INFO][clas_trainer:133] - train epoch: 3 [10656/53699 (20%)], lr: ['1.00e-04'], loss: 0.537553
[2023-11-11 03:58:49,952][INFO][clas_trainer:133] - train epoch: 3 [16000/53699 (30%)], lr: ['1.00e-04'], loss: 0.476657
[2023-11-11 03:59:03,885][INFO][clas_trainer:133] - train epoch: 3 [21344/53699 (40%)], lr: ['1.00e-04'], loss: 0.353543
[2023-11-11 03:59:17,356][INFO][clas_trainer:133] - train epoch: 3 [26688/53699 (50%)], lr: ['1.00e-04'], loss: 0.281478
[2023-11-11 03:59:31,745][INFO][clas_trainer:133] - train epoch: 3 [32032/53699 (60%)], lr: ['1.00e-04'], loss: 0.382720
[2023-11-11 03:59:46,136][INFO][clas_trainer:133] - train epoch: 3 [37376/53699 (70%)], lr: ['1.00e-04'], loss: 0.231008
[2023-11-11 03:59:59,580][INFO][clas_trainer:133] - train epoch: 3 [42720/53699 (80%)], lr: ['1.00e-04'], loss: 0.416901
[2023-11-11 04:00:12,880][INFO][clas_trainer:133] - train epoch: 3 [48064/53699 (89%)], lr: ['1.00e-04'], loss: 0.566338
[2023-11-11 04:00:26,622][INFO][clas_trainer:133] - train epoch: 3 [53408/53699 (99%)], lr: ['1.00e-04'], loss: 0.560908
[2023-11-11 04:00:49,077][INFO][clas_trainer:63] - [epoch   3] execution time: 161.49s	metrics:
[2023-11-11 04:00:49,077][INFO][clas_evaluator:99] - dataset: earlystopping, avg f1-score: 0.7997
[2023-11-11 04:00:49,137][INFO][base_model:51] - snapshot saved to ./models/exp007a-m26-base_fe_clas-2023-11-11_02-19-07-final.pth
[2023-11-11 04:01:03,734][INFO][clas_trainer:133] - train epoch: 4 [5312/53699 (10%)], lr: ['1.00e-04'], loss: 0.500546
[2023-11-11 04:01:17,040][INFO][clas_trainer:133] - train epoch: 4 [10656/53699 (20%)], lr: ['1.00e-04'], loss: 0.395374
[2023-11-11 04:01:30,498][INFO][clas_trainer:133] - train epoch: 4 [16000/53699 (30%)], lr: ['1.00e-04'], loss: 0.275977
[2023-11-11 04:01:43,868][INFO][clas_trainer:133] - train epoch: 4 [21344/53699 (40%)], lr: ['1.00e-04'], loss: 0.554437
[2023-11-11 04:01:57,020][INFO][clas_trainer:133] - train epoch: 4 [26688/53699 (50%)], lr: ['1.00e-04'], loss: 0.388791
[2023-11-11 04:02:10,714][INFO][clas_trainer:133] - train epoch: 4 [32032/53699 (60%)], lr: ['1.00e-04'], loss: 0.201236
[2023-11-11 04:02:24,478][INFO][clas_trainer:133] - train epoch: 4 [37376/53699 (70%)], lr: ['1.00e-04'], loss: 0.357777
[2023-11-11 04:02:38,359][INFO][clas_trainer:133] - train epoch: 4 [42720/53699 (80%)], lr: ['1.00e-04'], loss: 0.424163
[2023-11-11 04:02:51,226][INFO][clas_trainer:133] - train epoch: 4 [48064/53699 (89%)], lr: ['1.00e-04'], loss: 0.457358
[2023-11-11 04:03:04,550][INFO][clas_trainer:133] - train epoch: 4 [53408/53699 (99%)], lr: ['1.00e-04'], loss: 0.410658
[2023-11-11 04:03:27,474][INFO][clas_trainer:63] - [epoch   4] execution time: 158.34s	metrics:
[2023-11-11 04:03:27,475][INFO][clas_evaluator:99] - dataset: earlystopping, avg f1-score: 0.7781
[2023-11-11 04:03:42,103][INFO][clas_trainer:133] - train epoch: 5 [5312/53699 (10%)], lr: ['1.00e-04'], loss: 0.371040
[2023-11-11 04:03:55,653][INFO][clas_trainer:133] - train epoch: 5 [10656/53699 (20%)], lr: ['1.00e-04'], loss: 0.455192
[2023-11-11 04:04:09,823][INFO][clas_trainer:133] - train epoch: 5 [16000/53699 (30%)], lr: ['1.00e-04'], loss: 0.329820
[2023-11-11 04:04:23,787][INFO][clas_trainer:133] - train epoch: 5 [21344/53699 (40%)], lr: ['1.00e-04'], loss: 0.412519
[2023-11-11 04:04:38,218][INFO][clas_trainer:133] - train epoch: 5 [26688/53699 (50%)], lr: ['1.00e-04'], loss: 0.531038
[2023-11-11 04:04:51,816][INFO][clas_trainer:133] - train epoch: 5 [32032/53699 (60%)], lr: ['1.00e-04'], loss: 0.583385
[2023-11-11 04:05:05,858][INFO][clas_trainer:133] - train epoch: 5 [37376/53699 (70%)], lr: ['1.00e-04'], loss: 0.202424
[2023-11-11 04:05:19,770][INFO][clas_trainer:133] - train epoch: 5 [42720/53699 (80%)], lr: ['1.00e-04'], loss: 0.727822
[2023-11-11 04:05:33,390][INFO][clas_trainer:133] - train epoch: 5 [48064/53699 (89%)], lr: ['1.00e-04'], loss: 0.361423
[2023-11-11 04:05:47,349][INFO][clas_trainer:133] - train epoch: 5 [53408/53699 (99%)], lr: ['1.00e-04'], loss: 0.387288
[2023-11-11 04:06:09,939][INFO][clas_trainer:63] - [epoch   5] execution time: 162.46s	metrics:
[2023-11-11 04:06:09,940][INFO][clas_evaluator:99] - dataset: earlystopping, avg f1-score: 0.7996
[2023-11-11 04:06:24,746][INFO][clas_trainer:133] - train epoch: 6 [5312/53699 (10%)], lr: ['1.00e-04'], loss: 0.860991
[2023-11-11 04:06:38,812][INFO][clas_trainer:133] - train epoch: 6 [10656/53699 (20%)], lr: ['1.00e-04'], loss: 0.360261
[2023-11-11 04:06:52,263][INFO][clas_trainer:133] - train epoch: 6 [16000/53699 (30%)], lr: ['1.00e-04'], loss: 0.272149
[2023-11-11 04:07:05,824][INFO][clas_trainer:133] - train epoch: 6 [21344/53699 (40%)], lr: ['1.00e-04'], loss: 0.500414
[2023-11-11 04:07:18,934][INFO][clas_trainer:133] - train epoch: 6 [26688/53699 (50%)], lr: ['1.00e-04'], loss: 0.381886
[2023-11-11 04:07:32,493][INFO][clas_trainer:133] - train epoch: 6 [32032/53699 (60%)], lr: ['1.00e-04'], loss: 0.545901
[2023-11-11 04:07:46,297][INFO][clas_trainer:133] - train epoch: 6 [37376/53699 (70%)], lr: ['1.00e-04'], loss: 0.442461
[2023-11-11 04:08:00,385][INFO][clas_trainer:133] - train epoch: 6 [42720/53699 (80%)], lr: ['1.00e-04'], loss: 0.286116
[2023-11-11 04:08:14,562][INFO][clas_trainer:133] - train epoch: 6 [48064/53699 (89%)], lr: ['1.00e-04'], loss: 0.274864
[2023-11-11 04:08:28,437][INFO][clas_trainer:133] - train epoch: 6 [53408/53699 (99%)], lr: ['1.00e-04'], loss: 0.576713
[2023-11-11 04:08:51,529][INFO][clas_trainer:63] - [epoch   6] execution time: 161.59s	metrics:
[2023-11-11 04:08:51,530][INFO][clas_evaluator:99] - dataset: earlystopping, avg f1-score: 0.8140
[2023-11-11 04:08:51,592][INFO][base_model:51] - snapshot saved to ./models/exp007a-m26-base_fe_clas-2023-11-11_02-19-07-final.pth
[2023-11-11 04:09:06,673][INFO][clas_trainer:133] - train epoch: 7 [5312/53699 (10%)], lr: ['1.00e-04'], loss: 0.484202
[2023-11-11 04:09:20,578][INFO][clas_trainer:133] - train epoch: 7 [10656/53699 (20%)], lr: ['1.00e-04'], loss: 0.304994
[2023-11-11 04:09:33,759][INFO][clas_trainer:133] - train epoch: 7 [16000/53699 (30%)], lr: ['1.00e-04'], loss: 0.660191
[2023-11-11 04:09:47,413][INFO][clas_trainer:133] - train epoch: 7 [21344/53699 (40%)], lr: ['1.00e-04'], loss: 0.331457
[2023-11-11 04:10:00,592][INFO][clas_trainer:133] - train epoch: 7 [26688/53699 (50%)], lr: ['1.00e-04'], loss: 0.169175
[2023-11-11 04:10:14,338][INFO][clas_trainer:133] - train epoch: 7 [32032/53699 (60%)], lr: ['1.00e-04'], loss: 0.189900
[2023-11-11 04:10:28,153][INFO][clas_trainer:133] - train epoch: 7 [37376/53699 (70%)], lr: ['1.00e-04'], loss: 0.482762
[2023-11-11 04:10:41,684][INFO][clas_trainer:133] - train epoch: 7 [42720/53699 (80%)], lr: ['1.00e-04'], loss: 0.428227
[2023-11-11 04:10:55,045][INFO][clas_trainer:133] - train epoch: 7 [48064/53699 (89%)], lr: ['1.00e-04'], loss: 0.433500
[2023-11-11 04:11:08,617][INFO][clas_trainer:133] - train epoch: 7 [53408/53699 (99%)], lr: ['1.00e-04'], loss: 0.438590
[2023-11-11 04:11:30,754][INFO][clas_trainer:63] - [epoch   7] execution time: 159.16s	metrics:
[2023-11-11 04:11:30,754][INFO][clas_evaluator:99] - dataset: earlystopping, avg f1-score: 0.7993
[2023-11-11 04:11:45,570][INFO][clas_trainer:133] - train epoch: 8 [5312/53699 (10%)], lr: ['1.00e-04'], loss: 0.191080
[2023-11-11 04:11:59,559][INFO][clas_trainer:133] - train epoch: 8 [10656/53699 (20%)], lr: ['1.00e-04'], loss: 0.168197
[2023-11-11 04:12:13,010][INFO][clas_trainer:133] - train epoch: 8 [16000/53699 (30%)], lr: ['1.00e-04'], loss: 0.265259
[2023-11-11 04:12:25,889][INFO][clas_trainer:133] - train epoch: 8 [21344/53699 (40%)], lr: ['1.00e-04'], loss: 0.386730
[2023-11-11 04:12:39,311][INFO][clas_trainer:133] - train epoch: 8 [26688/53699 (50%)], lr: ['1.00e-04'], loss: 0.550601
[2023-11-11 04:12:53,191][INFO][clas_trainer:133] - train epoch: 8 [32032/53699 (60%)], lr: ['1.00e-04'], loss: 0.230488
[2023-11-11 04:13:06,304][INFO][clas_trainer:133] - train epoch: 8 [37376/53699 (70%)], lr: ['1.00e-04'], loss: 0.356786
[2023-11-11 04:13:20,144][INFO][clas_trainer:133] - train epoch: 8 [42720/53699 (80%)], lr: ['1.00e-04'], loss: 0.514197
[2023-11-11 04:13:34,374][INFO][clas_trainer:133] - train epoch: 8 [48064/53699 (89%)], lr: ['1.00e-04'], loss: 0.309244
[2023-11-11 04:13:48,263][INFO][clas_trainer:133] - train epoch: 8 [53408/53699 (99%)], lr: ['1.00e-04'], loss: 0.280692
[2023-11-11 04:14:12,130][INFO][clas_trainer:63] - [epoch   8] execution time: 161.38s	metrics:
[2023-11-11 04:14:12,130][INFO][clas_evaluator:99] - dataset: earlystopping, avg f1-score: 0.8035
[2023-11-11 04:14:26,738][INFO][clas_trainer:133] - train epoch: 9 [5312/53699 (10%)], lr: ['1.00e-04'], loss: 0.231589
[2023-11-11 04:14:40,737][INFO][clas_trainer:133] - train epoch: 9 [10656/53699 (20%)], lr: ['1.00e-04'], loss: 0.519976
[2023-11-11 04:14:54,271][INFO][clas_trainer:133] - train epoch: 9 [16000/53699 (30%)], lr: ['1.00e-04'], loss: 0.320217
[2023-11-11 04:15:07,345][INFO][clas_trainer:133] - train epoch: 9 [21344/53699 (40%)], lr: ['1.00e-04'], loss: 0.398804
[2023-11-11 04:15:22,374][INFO][clas_trainer:133] - train epoch: 9 [26688/53699 (50%)], lr: ['1.00e-04'], loss: 0.165644
[2023-11-11 04:15:36,157][INFO][clas_trainer:133] - train epoch: 9 [32032/53699 (60%)], lr: ['1.00e-04'], loss: 0.348513
[2023-11-11 04:15:49,797][INFO][clas_trainer:133] - train epoch: 9 [37376/53699 (70%)], lr: ['1.00e-04'], loss: 0.254435
[2023-11-11 04:16:04,250][INFO][clas_trainer:133] - train epoch: 9 [42720/53699 (80%)], lr: ['1.00e-04'], loss: 0.182773
[2023-11-11 04:16:17,953][INFO][clas_trainer:133] - train epoch: 9 [48064/53699 (89%)], lr: ['1.00e-04'], loss: 0.181019
[2023-11-11 04:16:32,667][INFO][clas_trainer:133] - train epoch: 9 [53408/53699 (99%)], lr: ['1.00e-04'], loss: 0.551845
[2023-11-11 04:16:56,572][INFO][clas_trainer:63] - [epoch   9] execution time: 164.44s	metrics:
[2023-11-11 04:16:56,573][INFO][clas_evaluator:99] - dataset: earlystopping, avg f1-score: 0.8133
[2023-11-11 04:17:11,748][INFO][clas_trainer:133] - train epoch: 10 [5312/53699 (10%)], lr: ['1.00e-04'], loss: 0.364072
[2023-11-11 04:17:25,343][INFO][clas_trainer:133] - train epoch: 10 [10656/53699 (20%)], lr: ['1.00e-04'], loss: 0.297220
[2023-11-11 04:17:38,481][INFO][clas_trainer:133] - train epoch: 10 [16000/53699 (30%)], lr: ['1.00e-04'], loss: 0.269591
[2023-11-11 04:17:51,781][INFO][clas_trainer:133] - train epoch: 10 [21344/53699 (40%)], lr: ['1.00e-04'], loss: 0.456989
[2023-11-11 04:18:04,980][INFO][clas_trainer:133] - train epoch: 10 [26688/53699 (50%)], lr: ['1.00e-04'], loss: 0.227757
[2023-11-11 04:18:18,469][INFO][clas_trainer:133] - train epoch: 10 [32032/53699 (60%)], lr: ['1.00e-04'], loss: 0.160514
[2023-11-11 04:18:32,333][INFO][clas_trainer:133] - train epoch: 10 [37376/53699 (70%)], lr: ['1.00e-04'], loss: 0.214894
[2023-11-11 04:18:45,987][INFO][clas_trainer:133] - train epoch: 10 [42720/53699 (80%)], lr: ['1.00e-04'], loss: 0.397901
[2023-11-11 04:18:59,502][INFO][clas_trainer:133] - train epoch: 10 [48064/53699 (89%)], lr: ['1.00e-04'], loss: 0.171473
[2023-11-11 04:19:13,225][INFO][clas_trainer:133] - train epoch: 10 [53408/53699 (99%)], lr: ['1.00e-04'], loss: 0.292618
[2023-11-11 04:19:36,280][INFO][clas_trainer:63] - [epoch  10] execution time: 159.71s	metrics:
[2023-11-11 04:19:36,280][INFO][clas_evaluator:99] - dataset: earlystopping, avg f1-score: 0.8114
[2023-11-11 04:19:50,195][INFO][clas_trainer:133] - train epoch: 11 [5312/53699 (10%)], lr: ['1.00e-04'], loss: 0.416070
[2023-11-11 04:20:03,835][INFO][clas_trainer:133] - train epoch: 11 [10656/53699 (20%)], lr: ['1.00e-04'], loss: 0.370989
[2023-11-11 04:20:17,996][INFO][clas_trainer:133] - train epoch: 11 [16000/53699 (30%)], lr: ['1.00e-04'], loss: 0.287187
[2023-11-11 04:20:31,057][INFO][clas_trainer:133] - train epoch: 11 [21344/53699 (40%)], lr: ['1.00e-04'], loss: 0.357691
[2023-11-11 04:20:44,006][INFO][clas_trainer:133] - train epoch: 11 [26688/53699 (50%)], lr: ['1.00e-04'], loss: 0.512708
[2023-11-11 04:20:57,739][INFO][clas_trainer:133] - train epoch: 11 [32032/53699 (60%)], lr: ['1.00e-04'], loss: 0.337766
[2023-11-11 04:21:11,330][INFO][clas_trainer:133] - train epoch: 11 [37376/53699 (70%)], lr: ['1.00e-04'], loss: 0.152140
[2023-11-11 04:21:25,360][INFO][clas_trainer:133] - train epoch: 11 [42720/53699 (80%)], lr: ['1.00e-04'], loss: 0.487302
[2023-11-11 04:21:38,848][INFO][clas_trainer:133] - train epoch: 11 [48064/53699 (89%)], lr: ['1.00e-04'], loss: 0.250640
[2023-11-11 04:21:52,309][INFO][clas_trainer:133] - train epoch: 11 [53408/53699 (99%)], lr: ['1.00e-04'], loss: 0.365516
[2023-11-11 04:22:14,553][INFO][clas_trainer:63] - [epoch  11] execution time: 158.27s	metrics:
[2023-11-11 04:22:14,554][INFO][clas_evaluator:99] - dataset: earlystopping, avg f1-score: 0.8127
[2023-11-11 04:22:28,013][INFO][clas_trainer:133] - train epoch: 12 [5312/53699 (10%)], lr: ['1.00e-04'], loss: 0.233566
[2023-11-11 04:22:40,887][INFO][clas_trainer:133] - train epoch: 12 [10656/53699 (20%)], lr: ['1.00e-04'], loss: 0.356662
[2023-11-11 04:22:54,031][INFO][clas_trainer:133] - train epoch: 12 [16000/53699 (30%)], lr: ['1.00e-04'], loss: 0.341374
[2023-11-11 04:23:07,004][INFO][clas_trainer:133] - train epoch: 12 [21344/53699 (40%)], lr: ['1.00e-04'], loss: 0.357573
[2023-11-11 04:23:19,910][INFO][clas_trainer:133] - train epoch: 12 [26688/53699 (50%)], lr: ['1.00e-04'], loss: 0.212354
[2023-11-11 04:23:32,460][INFO][clas_trainer:133] - train epoch: 12 [32032/53699 (60%)], lr: ['1.00e-04'], loss: 0.430057
[2023-11-11 04:23:45,602][INFO][clas_trainer:133] - train epoch: 12 [37376/53699 (70%)], lr: ['1.00e-04'], loss: 0.464568
[2023-11-11 04:23:58,755][INFO][clas_trainer:133] - train epoch: 12 [42720/53699 (80%)], lr: ['1.00e-04'], loss: 0.304452
[2023-11-11 04:24:11,982][INFO][clas_trainer:133] - train epoch: 12 [48064/53699 (89%)], lr: ['1.00e-04'], loss: 0.244428
[2023-11-11 04:24:24,879][INFO][clas_trainer:133] - train epoch: 12 [53408/53699 (99%)], lr: ['1.00e-04'], loss: 0.303827
[2023-11-11 04:24:46,323][INFO][clas_trainer:63] - [epoch  12] execution time: 151.77s	metrics:
[2023-11-11 04:24:46,323][INFO][clas_evaluator:99] - dataset: earlystopping, avg f1-score: 0.8058
[2023-11-11 04:24:59,632][INFO][clas_trainer:133] - train epoch: 13 [5312/53699 (10%)], lr: ['1.00e-04'], loss: 0.508677
[2023-11-11 04:25:12,261][INFO][clas_trainer:133] - train epoch: 13 [10656/53699 (20%)], lr: ['1.00e-04'], loss: 0.577170
[2023-11-11 04:25:24,715][INFO][clas_trainer:133] - train epoch: 13 [16000/53699 (30%)], lr: ['1.00e-04'], loss: 0.359503
[2023-11-11 04:25:37,227][INFO][clas_trainer:133] - train epoch: 13 [21344/53699 (40%)], lr: ['1.00e-04'], loss: 0.874324
[2023-11-11 04:25:49,974][INFO][clas_trainer:133] - train epoch: 13 [26688/53699 (50%)], lr: ['1.00e-04'], loss: 0.291832
[2023-11-11 04:26:02,779][INFO][clas_trainer:133] - train epoch: 13 [32032/53699 (60%)], lr: ['1.00e-04'], loss: 0.268287
[2023-11-11 04:26:15,604][INFO][clas_trainer:133] - train epoch: 13 [37376/53699 (70%)], lr: ['1.00e-04'], loss: 0.172433
[2023-11-11 04:26:28,363][INFO][clas_trainer:133] - train epoch: 13 [42720/53699 (80%)], lr: ['1.00e-04'], loss: 0.379133
[2023-11-11 04:26:41,033][INFO][clas_trainer:133] - train epoch: 13 [48064/53699 (89%)], lr: ['1.00e-04'], loss: 0.190868
[2023-11-11 04:26:53,714][INFO][clas_trainer:133] - train epoch: 13 [53408/53699 (99%)], lr: ['1.00e-04'], loss: 0.179703
[2023-11-11 04:27:15,708][INFO][clas_trainer:63] - [epoch  13] execution time: 149.38s	metrics:
[2023-11-11 04:27:15,708][INFO][clas_evaluator:99] - dataset: earlystopping, avg f1-score: 0.8192
[2023-11-11 04:27:15,773][INFO][base_model:51] - snapshot saved to ./models/exp007a-m26-base_fe_clas-2023-11-11_02-19-07-final.pth
[2023-11-11 04:27:30,325][INFO][clas_trainer:133] - train epoch: 14 [5312/53699 (10%)], lr: ['1.00e-04'], loss: 0.487746
[2023-11-11 04:27:44,359][INFO][clas_trainer:133] - train epoch: 14 [10656/53699 (20%)], lr: ['1.00e-04'], loss: 0.224582
[2023-11-11 04:27:57,756][INFO][clas_trainer:133] - train epoch: 14 [16000/53699 (30%)], lr: ['1.00e-04'], loss: 0.379974
[2023-11-11 04:28:11,624][INFO][clas_trainer:133] - train epoch: 14 [21344/53699 (40%)], lr: ['1.00e-04'], loss: 0.430260
[2023-11-11 04:28:24,526][INFO][clas_trainer:133] - train epoch: 14 [26688/53699 (50%)], lr: ['1.00e-04'], loss: 0.407222
[2023-11-11 04:28:36,648][INFO][clas_trainer:133] - train epoch: 14 [32032/53699 (60%)], lr: ['1.00e-04'], loss: 0.278413
[2023-11-11 04:28:49,100][INFO][clas_trainer:133] - train epoch: 14 [37376/53699 (70%)], lr: ['1.00e-04'], loss: 0.554955
[2023-11-11 04:29:02,208][INFO][clas_trainer:133] - train epoch: 14 [42720/53699 (80%)], lr: ['1.00e-04'], loss: 0.433393
[2023-11-11 04:29:15,409][INFO][clas_trainer:133] - train epoch: 14 [48064/53699 (89%)], lr: ['1.00e-04'], loss: 0.403470
[2023-11-11 04:29:28,606][INFO][clas_trainer:133] - train epoch: 14 [53408/53699 (99%)], lr: ['1.00e-04'], loss: 0.196299
[2023-11-11 04:29:49,890][INFO][clas_trainer:63] - [epoch  14] execution time: 154.12s	metrics:
[2023-11-11 04:29:49,890][INFO][clas_evaluator:99] - dataset: earlystopping, avg f1-score: 0.8235
[2023-11-11 04:29:49,956][INFO][base_model:51] - snapshot saved to ./models/exp007a-m26-base_fe_clas-2023-11-11_02-19-07-final.pth
[2023-11-11 04:30:03,961][INFO][clas_trainer:133] - train epoch: 15 [5312/53699 (10%)], lr: ['1.00e-04'], loss: 0.594401
[2023-11-11 04:30:17,599][INFO][clas_trainer:133] - train epoch: 15 [10656/53699 (20%)], lr: ['1.00e-04'], loss: 0.102349
[2023-11-11 04:30:30,643][INFO][clas_trainer:133] - train epoch: 15 [16000/53699 (30%)], lr: ['1.00e-04'], loss: 0.494937
[2023-11-11 04:30:44,518][INFO][clas_trainer:133] - train epoch: 15 [21344/53699 (40%)], lr: ['1.00e-04'], loss: 0.511070
[2023-11-11 04:30:57,271][INFO][clas_trainer:133] - train epoch: 15 [26688/53699 (50%)], lr: ['1.00e-04'], loss: 0.286725
[2023-11-11 04:31:09,633][INFO][clas_trainer:133] - train epoch: 15 [32032/53699 (60%)], lr: ['1.00e-04'], loss: 0.338234
[2023-11-11 04:31:21,896][INFO][clas_trainer:133] - train epoch: 15 [37376/53699 (70%)], lr: ['1.00e-04'], loss: 0.206369
[2023-11-11 04:31:35,393][INFO][clas_trainer:133] - train epoch: 15 [42720/53699 (80%)], lr: ['1.00e-04'], loss: 0.123056
[2023-11-11 04:31:48,810][INFO][clas_trainer:133] - train epoch: 15 [48064/53699 (89%)], lr: ['1.00e-04'], loss: 0.356626
[2023-11-11 04:32:01,837][INFO][clas_trainer:133] - train epoch: 15 [53408/53699 (99%)], lr: ['1.00e-04'], loss: 0.443421
[2023-11-11 04:32:24,461][INFO][clas_trainer:63] - [epoch  15] execution time: 154.50s	metrics:
[2023-11-11 04:32:24,462][INFO][clas_evaluator:99] - dataset: earlystopping, avg f1-score: 0.8079
[2023-11-11 04:32:38,880][INFO][clas_trainer:133] - train epoch: 16 [5312/53699 (10%)], lr: ['1.00e-04'], loss: 0.067895
[2023-11-11 04:32:52,008][INFO][clas_trainer:133] - train epoch: 16 [10656/53699 (20%)], lr: ['1.00e-04'], loss: 0.286066
[2023-11-11 04:33:05,806][INFO][clas_trainer:133] - train epoch: 16 [16000/53699 (30%)], lr: ['1.00e-04'], loss: 0.301637
[2023-11-11 04:33:18,273][INFO][clas_trainer:133] - train epoch: 16 [21344/53699 (40%)], lr: ['1.00e-04'], loss: 0.346669
[2023-11-11 04:33:31,627][INFO][clas_trainer:133] - train epoch: 16 [26688/53699 (50%)], lr: ['1.00e-04'], loss: 0.250458
[2023-11-11 04:33:44,731][INFO][clas_trainer:133] - train epoch: 16 [32032/53699 (60%)], lr: ['1.00e-04'], loss: 0.064007
[2023-11-11 04:33:57,953][INFO][clas_trainer:133] - train epoch: 16 [37376/53699 (70%)], lr: ['1.00e-04'], loss: 0.459699
[2023-11-11 04:34:11,266][INFO][clas_trainer:133] - train epoch: 16 [42720/53699 (80%)], lr: ['1.00e-04'], loss: 0.263887
[2023-11-11 04:34:24,987][INFO][clas_trainer:133] - train epoch: 16 [48064/53699 (89%)], lr: ['1.00e-04'], loss: 0.253348
[2023-11-11 04:34:38,016][INFO][clas_trainer:133] - train epoch: 16 [53408/53699 (99%)], lr: ['1.00e-04'], loss: 0.128378
[2023-11-11 04:34:59,877][INFO][clas_trainer:63] - [epoch  16] execution time: 155.42s	metrics:
[2023-11-11 04:34:59,878][INFO][clas_evaluator:99] - dataset: earlystopping, avg f1-score: 0.8074
[2023-11-11 04:35:14,409][INFO][clas_trainer:133] - train epoch: 17 [5312/53699 (10%)], lr: ['1.00e-04'], loss: 0.170804
[2023-11-11 04:35:28,180][INFO][clas_trainer:133] - train epoch: 17 [10656/53699 (20%)], lr: ['1.00e-04'], loss: 0.248816
[2023-11-11 04:35:41,140][INFO][clas_trainer:133] - train epoch: 17 [16000/53699 (30%)], lr: ['1.00e-04'], loss: 0.327568
[2023-11-11 04:35:55,420][INFO][clas_trainer:133] - train epoch: 17 [21344/53699 (40%)], lr: ['1.00e-04'], loss: 0.420184
[2023-11-11 04:36:08,566][INFO][clas_trainer:133] - train epoch: 17 [26688/53699 (50%)], lr: ['1.00e-04'], loss: 0.450714
[2023-11-11 04:36:22,189][INFO][clas_trainer:133] - train epoch: 17 [32032/53699 (60%)], lr: ['1.00e-04'], loss: 0.615429
[2023-11-11 04:36:35,914][INFO][clas_trainer:133] - train epoch: 17 [37376/53699 (70%)], lr: ['1.00e-04'], loss: 0.514781
[2023-11-11 04:36:48,910][INFO][clas_trainer:133] - train epoch: 17 [42720/53699 (80%)], lr: ['1.00e-04'], loss: 0.402335
[2023-11-11 04:37:02,252][INFO][clas_trainer:133] - train epoch: 17 [48064/53699 (89%)], lr: ['1.00e-04'], loss: 0.142748
[2023-11-11 04:37:15,077][INFO][clas_trainer:133] - train epoch: 17 [53408/53699 (99%)], lr: ['1.00e-04'], loss: 0.217712
[2023-11-11 04:37:36,655][INFO][clas_trainer:63] - [epoch  17] execution time: 156.78s	metrics:
[2023-11-11 04:37:36,656][INFO][clas_evaluator:99] - dataset: earlystopping, avg f1-score: 0.8172
[2023-11-11 04:37:50,439][INFO][clas_trainer:133] - train epoch: 18 [5312/53699 (10%)], lr: ['1.00e-04'], loss: 0.318268
[2023-11-11 04:38:03,227][INFO][clas_trainer:133] - train epoch: 18 [10656/53699 (20%)], lr: ['1.00e-04'], loss: 0.351351
[2023-11-11 04:38:16,096][INFO][clas_trainer:133] - train epoch: 18 [16000/53699 (30%)], lr: ['1.00e-04'], loss: 0.287586
[2023-11-11 04:38:28,867][INFO][clas_trainer:133] - train epoch: 18 [21344/53699 (40%)], lr: ['1.00e-04'], loss: 0.325438
[2023-11-11 04:38:40,992][INFO][clas_trainer:133] - train epoch: 18 [26688/53699 (50%)], lr: ['1.00e-04'], loss: 0.284201
[2023-11-11 04:38:53,580][INFO][clas_trainer:133] - train epoch: 18 [32032/53699 (60%)], lr: ['1.00e-04'], loss: 0.264815
[2023-11-11 04:39:06,678][INFO][clas_trainer:133] - train epoch: 18 [37376/53699 (70%)], lr: ['1.00e-04'], loss: 0.061469
[2023-11-11 04:39:19,668][INFO][clas_trainer:133] - train epoch: 18 [42720/53699 (80%)], lr: ['1.00e-04'], loss: 0.503445
[2023-11-11 04:39:31,709][INFO][clas_trainer:133] - train epoch: 18 [48064/53699 (89%)], lr: ['1.00e-04'], loss: 0.194284
[2023-11-11 04:39:44,104][INFO][clas_trainer:133] - train epoch: 18 [53408/53699 (99%)], lr: ['1.00e-04'], loss: 0.587910
[2023-11-11 04:40:04,663][INFO][clas_trainer:63] - [epoch  18] execution time: 148.01s	metrics:
[2023-11-11 04:40:04,664][INFO][clas_evaluator:99] - dataset: earlystopping, avg f1-score: 0.7998
[2023-11-11 04:40:18,067][INFO][clas_trainer:133] - train epoch: 19 [5312/53699 (10%)], lr: ['1.00e-04'], loss: 0.287379
[2023-11-11 04:40:30,881][INFO][clas_trainer:133] - train epoch: 19 [10656/53699 (20%)], lr: ['1.00e-04'], loss: 0.203396
[2023-11-11 04:40:43,112][INFO][clas_trainer:133] - train epoch: 19 [16000/53699 (30%)], lr: ['1.00e-04'], loss: 0.229061
[2023-11-11 04:40:55,359][INFO][clas_trainer:133] - train epoch: 19 [21344/53699 (40%)], lr: ['1.00e-04'], loss: 0.262111
[2023-11-11 04:41:07,642][INFO][clas_trainer:133] - train epoch: 19 [26688/53699 (50%)], lr: ['1.00e-04'], loss: 0.270440
[2023-11-11 04:41:19,704][INFO][clas_trainer:133] - train epoch: 19 [32032/53699 (60%)], lr: ['1.00e-04'], loss: 0.424760
[2023-11-11 04:41:32,003][INFO][clas_trainer:133] - train epoch: 19 [37376/53699 (70%)], lr: ['1.00e-04'], loss: 0.290117
[2023-11-11 04:41:44,496][INFO][clas_trainer:133] - train epoch: 19 [42720/53699 (80%)], lr: ['1.00e-04'], loss: 0.193577
[2023-11-11 04:41:56,112][INFO][clas_trainer:133] - train epoch: 19 [48064/53699 (89%)], lr: ['1.00e-04'], loss: 0.464135
[2023-11-11 04:42:07,728][INFO][clas_trainer:133] - train epoch: 19 [53408/53699 (99%)], lr: ['1.00e-04'], loss: 0.310323
[2023-11-11 04:42:27,006][INFO][clas_trainer:63] - [epoch  19] execution time: 142.34s	metrics:
[2023-11-11 04:42:27,006][INFO][clas_evaluator:99] - dataset: earlystopping, avg f1-score: 0.7985
[2023-11-11 04:42:39,261][INFO][clas_trainer:133] - train epoch: 20 [5312/53699 (10%)], lr: ['1.00e-04'], loss: 0.151420
[2023-11-11 04:42:50,947][INFO][clas_trainer:133] - train epoch: 20 [10656/53699 (20%)], lr: ['1.00e-04'], loss: 0.307409
[2023-11-11 04:43:02,677][INFO][clas_trainer:133] - train epoch: 20 [16000/53699 (30%)], lr: ['1.00e-04'], loss: 0.210062
[2023-11-11 04:43:14,915][INFO][clas_trainer:133] - train epoch: 20 [21344/53699 (40%)], lr: ['1.00e-04'], loss: 0.523053
[2023-11-11 04:43:26,925][INFO][clas_trainer:133] - train epoch: 20 [26688/53699 (50%)], lr: ['1.00e-04'], loss: 0.306021
[2023-11-11 04:43:38,863][INFO][clas_trainer:133] - train epoch: 20 [32032/53699 (60%)], lr: ['1.00e-04'], loss: 0.131456
[2023-11-11 04:43:51,539][INFO][clas_trainer:133] - train epoch: 20 [37376/53699 (70%)], lr: ['1.00e-04'], loss: 0.254958
[2023-11-11 04:44:03,723][INFO][clas_trainer:133] - train epoch: 20 [42720/53699 (80%)], lr: ['1.00e-04'], loss: 0.330160
[2023-11-11 04:44:15,555][INFO][clas_trainer:133] - train epoch: 20 [48064/53699 (89%)], lr: ['1.00e-04'], loss: 0.347911
[2023-11-11 04:44:27,621][INFO][clas_trainer:133] - train epoch: 20 [53408/53699 (99%)], lr: ['1.00e-04'], loss: 0.120171
[2023-11-11 04:44:46,780][INFO][clas_trainer:63] - [epoch  20] execution time: 139.77s	metrics:
[2023-11-11 04:44:46,781][INFO][clas_evaluator:99] - dataset: earlystopping, avg f1-score: 0.7906
[2023-11-11 04:44:59,939][INFO][clas_trainer:133] - train epoch: 21 [5312/53699 (10%)], lr: ['1.00e-04'], loss: 0.333324
[2023-11-11 04:45:12,457][INFO][clas_trainer:133] - train epoch: 21 [10656/53699 (20%)], lr: ['1.00e-04'], loss: 0.371676
[2023-11-11 04:45:24,050][INFO][clas_trainer:133] - train epoch: 21 [16000/53699 (30%)], lr: ['1.00e-04'], loss: 0.265311
[2023-11-11 04:45:36,161][INFO][clas_trainer:133] - train epoch: 21 [21344/53699 (40%)], lr: ['1.00e-04'], loss: 0.288299
[2023-11-11 04:45:48,570][INFO][clas_trainer:133] - train epoch: 21 [26688/53699 (50%)], lr: ['1.00e-04'], loss: 0.273375
[2023-11-11 04:46:00,704][INFO][clas_trainer:133] - train epoch: 21 [32032/53699 (60%)], lr: ['1.00e-04'], loss: 0.250393
[2023-11-11 04:46:12,757][INFO][clas_trainer:133] - train epoch: 21 [37376/53699 (70%)], lr: ['1.00e-04'], loss: 0.214200
[2023-11-11 04:46:24,360][INFO][clas_trainer:133] - train epoch: 21 [42720/53699 (80%)], lr: ['1.00e-04'], loss: 0.497957
[2023-11-11 04:46:35,969][INFO][clas_trainer:133] - train epoch: 21 [48064/53699 (89%)], lr: ['1.00e-04'], loss: 0.116263
[2023-11-11 04:46:47,995][INFO][clas_trainer:133] - train epoch: 21 [53408/53699 (99%)], lr: ['1.00e-04'], loss: 0.300607
[2023-11-11 04:47:08,625][INFO][clas_trainer:63] - [epoch  21] execution time: 141.84s	metrics:
[2023-11-11 04:47:08,626][INFO][clas_evaluator:99] - dataset: earlystopping, avg f1-score: 0.8106
[2023-11-11 04:47:21,519][INFO][clas_trainer:133] - train epoch: 22 [5312/53699 (10%)], lr: ['1.00e-04'], loss: 0.115623
[2023-11-11 04:47:34,516][INFO][clas_trainer:133] - train epoch: 22 [10656/53699 (20%)], lr: ['1.00e-04'], loss: 0.282974
[2023-11-11 04:47:47,259][INFO][clas_trainer:133] - train epoch: 22 [16000/53699 (30%)], lr: ['1.00e-04'], loss: 0.399499
[2023-11-11 04:47:59,912][INFO][clas_trainer:133] - train epoch: 22 [21344/53699 (40%)], lr: ['1.00e-04'], loss: 0.348578
[2023-11-11 04:48:12,679][INFO][clas_trainer:133] - train epoch: 22 [26688/53699 (50%)], lr: ['1.00e-04'], loss: 0.227209
[2023-11-11 04:48:25,220][INFO][clas_trainer:133] - train epoch: 22 [32032/53699 (60%)], lr: ['1.00e-04'], loss: 0.085994
[2023-11-11 04:48:37,626][INFO][clas_trainer:133] - train epoch: 22 [37376/53699 (70%)], lr: ['1.00e-04'], loss: 0.402968
[2023-11-11 04:48:50,552][INFO][clas_trainer:133] - train epoch: 22 [42720/53699 (80%)], lr: ['1.00e-04'], loss: 0.164540
[2023-11-11 04:49:03,024][INFO][clas_trainer:133] - train epoch: 22 [48064/53699 (89%)], lr: ['1.00e-04'], loss: 0.265681
[2023-11-11 04:49:14,987][INFO][clas_trainer:133] - train epoch: 22 [53408/53699 (99%)], lr: ['1.00e-04'], loss: 0.374918
[2023-11-11 04:49:35,494][INFO][clas_trainer:63] - [epoch  22] execution time: 146.87s	metrics:
[2023-11-11 04:49:35,494][INFO][clas_evaluator:99] - dataset: earlystopping, avg f1-score: 0.8179
[2023-11-11 04:49:49,455][INFO][clas_trainer:133] - train epoch: 23 [5312/53699 (10%)], lr: ['1.00e-04'], loss: 0.499597
[2023-11-11 04:50:02,195][INFO][clas_trainer:133] - train epoch: 23 [10656/53699 (20%)], lr: ['1.00e-04'], loss: 0.183394
[2023-11-11 04:50:14,631][INFO][clas_trainer:133] - train epoch: 23 [16000/53699 (30%)], lr: ['1.00e-04'], loss: 0.458386
[2023-11-11 04:50:27,380][INFO][clas_trainer:133] - train epoch: 23 [21344/53699 (40%)], lr: ['1.00e-04'], loss: 0.217934
[2023-11-11 04:50:40,786][INFO][clas_trainer:133] - train epoch: 23 [26688/53699 (50%)], lr: ['1.00e-04'], loss: 0.167006
[2023-11-11 04:50:54,426][INFO][clas_trainer:133] - train epoch: 23 [32032/53699 (60%)], lr: ['1.00e-04'], loss: 0.307421
[2023-11-11 04:51:07,322][INFO][clas_trainer:133] - train epoch: 23 [37376/53699 (70%)], lr: ['1.00e-04'], loss: 0.314360
[2023-11-11 04:51:20,284][INFO][clas_trainer:133] - train epoch: 23 [42720/53699 (80%)], lr: ['1.00e-04'], loss: 0.359655
[2023-11-11 04:51:33,381][INFO][clas_trainer:133] - train epoch: 23 [48064/53699 (89%)], lr: ['1.00e-04'], loss: 0.249272
[2023-11-11 04:51:45,976][INFO][clas_trainer:133] - train epoch: 23 [53408/53699 (99%)], lr: ['1.00e-04'], loss: 0.330000
[2023-11-11 04:52:07,843][INFO][clas_trainer:63] - [epoch  23] execution time: 152.35s	metrics:
[2023-11-11 04:52:07,843][INFO][clas_evaluator:99] - dataset: earlystopping, avg f1-score: 0.8165
[2023-11-11 04:52:21,938][INFO][clas_trainer:133] - train epoch: 24 [5312/53699 (10%)], lr: ['1.00e-04'], loss: 0.306632
[2023-11-11 04:52:34,748][INFO][clas_trainer:133] - train epoch: 24 [10656/53699 (20%)], lr: ['1.00e-04'], loss: 0.335666
[2023-11-11 04:52:47,776][INFO][clas_trainer:133] - train epoch: 24 [16000/53699 (30%)], lr: ['1.00e-04'], loss: 0.223605
[2023-11-11 04:53:01,024][INFO][clas_trainer:133] - train epoch: 24 [21344/53699 (40%)], lr: ['1.00e-04'], loss: 0.173673
[2023-11-11 04:53:13,533][INFO][clas_trainer:133] - train epoch: 24 [26688/53699 (50%)], lr: ['1.00e-04'], loss: 0.160349
[2023-11-11 04:53:26,064][INFO][clas_trainer:133] - train epoch: 24 [32032/53699 (60%)], lr: ['1.00e-04'], loss: 0.447343
[2023-11-11 04:53:38,970][INFO][clas_trainer:133] - train epoch: 24 [37376/53699 (70%)], lr: ['1.00e-04'], loss: 0.342821
[2023-11-11 04:53:51,434][INFO][clas_trainer:133] - train epoch: 24 [42720/53699 (80%)], lr: ['1.00e-04'], loss: 0.400756
[2023-11-11 04:54:03,726][INFO][clas_trainer:133] - train epoch: 24 [48064/53699 (89%)], lr: ['1.00e-04'], loss: 0.267919
[2023-11-11 04:54:17,327][INFO][clas_trainer:133] - train epoch: 24 [53408/53699 (99%)], lr: ['1.00e-04'], loss: 0.326556
[2023-11-11 04:54:38,254][INFO][clas_trainer:63] - [epoch  24] execution time: 150.41s	metrics:
[2023-11-11 04:54:38,254][INFO][clas_evaluator:99] - dataset: earlystopping, avg f1-score: 0.8216
[2023-11-11 04:54:38,269][INFO][clas_trainer:79] - finished training
[2023-11-11 04:54:38,269][INFO][clas_trainer:80] - best model on epoch: 14 	f1-score: 0.8235
